/ext3/demucs/lib/python3.9/site-packages/demucs/api.py:27: UserWarning: TorchAudio's global backend is now deprecated. Please enable distpatcher by setting `TORCHAUDIO_USE_BACKEND_DISPATCHER=1`, and specify backend when calling load/info/save function.
  import torchaudio as ta
2024-05-08 23:36:03.874471: I tensorflow/core/util/port.cc:113] oneDNN custom operations are on. You may see slightly different numerical results due to floating-point round-off errors from different computation orders. To turn them off, set the environment variable `TF_ENABLE_ONEDNN_OPTS=0`.
2024-05-08 23:36:08.323225: E external/local_xla/xla/stream_executor/cuda/cuda_dnn.cc:9261] Unable to register cuDNN factory: Attempting to register factory for plugin cuDNN when one has already been registered
2024-05-08 23:36:08.323263: E external/local_xla/xla/stream_executor/cuda/cuda_fft.cc:607] Unable to register cuFFT factory: Attempting to register factory for plugin cuFFT when one has already been registered
2024-05-08 23:36:08.701341: E external/local_xla/xla/stream_executor/cuda/cuda_blas.cc:1515] Unable to register cuBLAS factory: Attempting to register factory for plugin cuBLAS when one has already been registered
2024-05-08 23:36:09.125772: I tensorflow/core/platform/cpu_feature_guard.cc:182] This TensorFlow binary is optimized to use available CPU instructions in performance-critical operations.
To enable the following instructions: AVX2 AVX512F AVX512_VNNI FMA, in other operations, rebuild TensorFlow with the appropriate compiler flags.
2024-05-08 23:36:12.503749: W tensorflow/compiler/tf2tensorrt/utils/py_utils.cc:38] TF-TRT Warning: Could not find TensorRT
Execution time: 32.064289569854736 seconds
metaTables/vocal_music_demucs_16k/metaData_fma_large/row17500.csv
Execution time: 27.597060680389404 seconds
metaTables/vocal_music_demucs_16k/metaData_fma_large/row17501.csv
Execution time: 26.749637842178345 seconds
metaTables/vocal_music_demucs_16k/metaData_fma_large/row17502.csv
Execution time: 26.671260595321655 seconds
metaTables/vocal_music_demucs_16k/metaData_fma_large/row17503.csv
Execution time: 26.485671997070312 seconds
metaTables/vocal_music_demucs_16k/metaData_fma_large/row17504.csv
Execution time: 26.15148425102234 seconds
metaTables/vocal_music_demucs_16k/metaData_fma_large/row17505.csv
Execution time: 26.55934190750122 seconds
metaTables/vocal_music_demucs_16k/metaData_fma_large/row17506.csv
Execution time: 25.783873319625854 seconds
metaTables/vocal_music_demucs_16k/metaData_fma_large/row17507.csv
Execution time: 26.41493535041809 seconds
metaTables/vocal_music_demucs_16k/metaData_fma_large/row17508.csv
Execution time: 26.011016845703125 seconds
metaTables/vocal_music_demucs_16k/metaData_fma_large/row17509.csv
Execution time: 27.122299909591675 seconds
metaTables/vocal_music_demucs_16k/metaData_fma_large/row17510.csv
Execution time: 28.025257349014282 seconds
metaTables/vocal_music_demucs_16k/metaData_fma_large/row17511.csv
Execution time: 27.287872076034546 seconds
metaTables/vocal_music_demucs_16k/metaData_fma_large/row17512.csv
Execution time: 26.753659963607788 seconds
metaTables/vocal_music_demucs_16k/metaData_fma_large/row17513.csv
Execution time: 26.575622081756592 seconds
metaTables/vocal_music_demucs_16k/metaData_fma_large/row17514.csv
Execution time: 25.911168575286865 seconds
metaTables/vocal_music_demucs_16k/metaData_fma_large/row17515.csv
Execution time: 25.943391799926758 seconds
metaTables/vocal_music_demucs_16k/metaData_fma_large/row17516.csv
Execution time: 26.723087787628174 seconds
metaTables/vocal_music_demucs_16k/metaData_fma_large/row17517.csv
Execution time: 26.704171180725098 seconds
metaTables/vocal_music_demucs_16k/metaData_fma_large/row17518.csv
Execution time: 26.535866498947144 seconds
metaTables/vocal_music_demucs_16k/metaData_fma_large/row17519.csv
Execution time: 27.16797113418579 seconds
metaTables/vocal_music_demucs_16k/metaData_fma_large/row17520.csv
Execution time: 27.24569821357727 seconds
metaTables/vocal_music_demucs_16k/metaData_fma_large/row17521.csv
Execution time: 27.067487239837646 seconds
metaTables/vocal_music_demucs_16k/metaData_fma_large/row17522.csv
Execution time: 26.33643913269043 seconds
metaTables/vocal_music_demucs_16k/metaData_fma_large/row17523.csv
Execution time: 26.686444520950317 seconds
metaTables/vocal_music_demucs_16k/metaData_fma_large/row17524.csv
Execution time: 26.427173852920532 seconds
metaTables/vocal_music_demucs_16k/metaData_fma_large/row17525.csv
Execution time: 28.669151782989502 seconds
metaTables/vocal_music_demucs_16k/metaData_fma_large/row17526.csv
Execution time: 26.491372108459473 seconds
metaTables/vocal_music_demucs_16k/metaData_fma_large/row17527.csv
Execution time: 26.682438611984253 seconds
metaTables/vocal_music_demucs_16k/metaData_fma_large/row17528.csv
Execution time: 26.627446174621582 seconds
metaTables/vocal_music_demucs_16k/metaData_fma_large/row17529.csv
Execution time: 27.015527486801147 seconds
metaTables/vocal_music_demucs_16k/metaData_fma_large/row17530.csv
Execution time: 26.84531283378601 seconds
metaTables/vocal_music_demucs_16k/metaData_fma_large/row17531.csv
Execution time: 26.023427963256836 seconds
metaTables/vocal_music_demucs_16k/metaData_fma_large/row17532.csv
Execution time: 26.873759508132935 seconds
metaTables/vocal_music_demucs_16k/metaData_fma_large/row17533.csv
Execution time: 26.671313285827637 seconds
metaTables/vocal_music_demucs_16k/metaData_fma_large/row17534.csv
Execution time: 27.145097970962524 seconds
metaTables/vocal_music_demucs_16k/metaData_fma_large/row17535.csv
Execution time: 26.238017082214355 seconds
metaTables/vocal_music_demucs_16k/metaData_fma_large/row17536.csv
Execution time: 27.584860801696777 seconds
metaTables/vocal_music_demucs_16k/metaData_fma_large/row17537.csv
Execution time: 27.064990520477295 seconds
metaTables/vocal_music_demucs_16k/metaData_fma_large/row17538.csv
Execution time: 27.46480655670166 seconds
metaTables/vocal_music_demucs_16k/metaData_fma_large/row17539.csv
Execution time: 27.35811185836792 seconds
metaTables/vocal_music_demucs_16k/metaData_fma_large/row17540.csv
Execution time: 27.642390251159668 seconds
metaTables/vocal_music_demucs_16k/metaData_fma_large/row17541.csv
Execution time: 27.295337200164795 seconds
metaTables/vocal_music_demucs_16k/metaData_fma_large/row17542.csv
Execution time: 26.318918228149414 seconds
metaTables/vocal_music_demucs_16k/metaData_fma_large/row17543.csv
Execution time: 26.83034873008728 seconds
metaTables/vocal_music_demucs_16k/metaData_fma_large/row17544.csv
Execution time: 27.017618656158447 seconds
metaTables/vocal_music_demucs_16k/metaData_fma_large/row17545.csv
Execution time: 26.492198705673218 seconds
metaTables/vocal_music_demucs_16k/metaData_fma_large/row17546.csv
Execution time: 27.323977947235107 seconds
metaTables/vocal_music_demucs_16k/metaData_fma_large/row17547.csv
Execution time: 27.347760438919067 seconds
metaTables/vocal_music_demucs_16k/metaData_fma_large/row17548.csv
Execution time: 27.50869917869568 seconds
metaTables/vocal_music_demucs_16k/metaData_fma_large/row17549.csv
Execution time: 27.33155345916748 seconds
metaTables/vocal_music_demucs_16k/metaData_fma_large/row17550.csv
Execution time: 27.636492013931274 seconds
metaTables/vocal_music_demucs_16k/metaData_fma_large/row17551.csv
Execution time: 26.664477586746216 seconds
metaTables/vocal_music_demucs_16k/metaData_fma_large/row17552.csv
Execution time: 28.80547022819519 seconds
metaTables/vocal_music_demucs_16k/metaData_fma_large/row17553.csv
Execution time: 26.612534999847412 seconds
metaTables/vocal_music_demucs_16k/metaData_fma_large/row17554.csv
Execution time: 27.68401050567627 seconds
metaTables/vocal_music_demucs_16k/metaData_fma_large/row17555.csv
Execution time: 26.336565017700195 seconds
metaTables/vocal_music_demucs_16k/metaData_fma_large/row17556.csv
Execution time: 27.340115785598755 seconds
metaTables/vocal_music_demucs_16k/metaData_fma_large/row17557.csv
Execution time: 26.146106004714966 seconds
metaTables/vocal_music_demucs_16k/metaData_fma_large/row17558.csv
Execution time: 26.088496923446655 seconds
metaTables/vocal_music_demucs_16k/metaData_fma_large/row17559.csv
Execution time: 27.18803381919861 seconds
metaTables/vocal_music_demucs_16k/metaData_fma_large/row17560.csv
Execution time: 26.396479845046997 seconds
metaTables/vocal_music_demucs_16k/metaData_fma_large/row17561.csv
Execution time: 27.15111780166626 seconds
metaTables/vocal_music_demucs_16k/metaData_fma_large/row17562.csv
Execution time: 25.701082944869995 seconds
metaTables/vocal_music_demucs_16k/metaData_fma_large/row17563.csv
Execution time: 26.620325803756714 seconds
metaTables/vocal_music_demucs_16k/metaData_fma_large/row17564.csv
Execution time: 27.184805870056152 seconds
metaTables/vocal_music_demucs_16k/metaData_fma_large/row17565.csv
Execution time: 26.580355644226074 seconds
metaTables/vocal_music_demucs_16k/metaData_fma_large/row17566.csv
Execution time: 26.702081441879272 seconds
metaTables/vocal_music_demucs_16k/metaData_fma_large/row17567.csv
Execution time: 27.70942783355713 seconds
metaTables/vocal_music_demucs_16k/metaData_fma_large/row17568.csv
Execution time: 27.29152536392212 seconds
metaTables/vocal_music_demucs_16k/metaData_fma_large/row17569.csv
Execution time: 26.376627683639526 seconds
metaTables/vocal_music_demucs_16k/metaData_fma_large/row17570.csv
Execution time: 25.93916082382202 seconds
metaTables/vocal_music_demucs_16k/metaData_fma_large/row17571.csv
Execution time: 26.702136516571045 seconds
metaTables/vocal_music_demucs_16k/metaData_fma_large/row17572.csv
Execution time: 26.460641384124756 seconds
metaTables/vocal_music_demucs_16k/metaData_fma_large/row17573.csv
Execution time: 26.84016227722168 seconds
metaTables/vocal_music_demucs_16k/metaData_fma_large/row17574.csv
Execution time: 26.44862461090088 seconds
metaTables/vocal_music_demucs_16k/metaData_fma_large/row17575.csv
Execution time: 25.974361896514893 seconds
metaTables/vocal_music_demucs_16k/metaData_fma_large/row17576.csv
Execution time: 26.18863081932068 seconds
metaTables/vocal_music_demucs_16k/metaData_fma_large/row17577.csv
Execution time: 26.3852322101593 seconds
metaTables/vocal_music_demucs_16k/metaData_fma_large/row17578.csv
Execution time: 26.54927349090576 seconds
metaTables/vocal_music_demucs_16k/metaData_fma_large/row17579.csv
Execution time: 26.956637859344482 seconds
metaTables/vocal_music_demucs_16k/metaData_fma_large/row17580.csv
Execution time: 26.760688543319702 seconds
metaTables/vocal_music_demucs_16k/metaData_fma_large/row17581.csv
Execution time: 26.109076023101807 seconds
metaTables/vocal_music_demucs_16k/metaData_fma_large/row17582.csv
Execution time: 26.94650650024414 seconds
metaTables/vocal_music_demucs_16k/metaData_fma_large/row17583.csv
Execution time: 26.769240617752075 seconds
metaTables/vocal_music_demucs_16k/metaData_fma_large/row17584.csv
Execution time: 26.508894205093384 seconds
metaTables/vocal_music_demucs_16k/metaData_fma_large/row17585.csv
Execution time: 26.26928424835205 seconds
metaTables/vocal_music_demucs_16k/metaData_fma_large/row17586.csv
Execution time: 26.15303945541382 seconds
metaTables/vocal_music_demucs_16k/metaData_fma_large/row17587.csv
Execution time: 26.262713193893433 seconds
metaTables/vocal_music_demucs_16k/metaData_fma_large/row17588.csv
Execution time: 13.793709516525269 seconds
metaTables/vocal_music_demucs_16k/metaData_fma_large/row17589.csv
Execution time: 26.579107522964478 seconds
metaTables/vocal_music_demucs_16k/metaData_fma_large/row17590.csv
Execution time: 28.293618202209473 seconds
metaTables/vocal_music_demucs_16k/metaData_fma_large/row17591.csv
Execution time: 26.61188507080078 seconds
metaTables/vocal_music_demucs_16k/metaData_fma_large/row17592.csv
Execution time: 27.279489278793335 seconds
metaTables/vocal_music_demucs_16k/metaData_fma_large/row17593.csv
Execution time: 27.158628702163696 seconds
metaTables/vocal_music_demucs_16k/metaData_fma_large/row17594.csv
Execution time: 26.15630865097046 seconds
metaTables/vocal_music_demucs_16k/metaData_fma_large/row17595.csv
Execution time: 26.5280282497406 seconds
metaTables/vocal_music_demucs_16k/metaData_fma_large/row17596.csv
Execution time: 26.19455599784851 seconds
metaTables/vocal_music_demucs_16k/metaData_fma_large/row17597.csv
Execution time: 27.372523546218872 seconds
metaTables/vocal_music_demucs_16k/metaData_fma_large/row17598.csv
Execution time: 25.99821448326111 seconds
metaTables/vocal_music_demucs_16k/metaData_fma_large/row17599.csv
Demucs voice recognition done!
