/ext3/demucs/lib/python3.9/site-packages/demucs/api.py:27: UserWarning: TorchAudio's global backend is now deprecated. Please enable distpatcher by setting `TORCHAUDIO_USE_BACKEND_DISPATCHER=1`, and specify backend when calling load/info/save function.
  import torchaudio as ta
2024-05-09 00:20:25.433309: I tensorflow/core/util/port.cc:113] oneDNN custom operations are on. You may see slightly different numerical results due to floating-point round-off errors from different computation orders. To turn them off, set the environment variable `TF_ENABLE_ONEDNN_OPTS=0`.
2024-05-09 00:20:26.629902: E external/local_xla/xla/stream_executor/cuda/cuda_dnn.cc:9261] Unable to register cuDNN factory: Attempting to register factory for plugin cuDNN when one has already been registered
2024-05-09 00:20:26.629944: E external/local_xla/xla/stream_executor/cuda/cuda_fft.cc:607] Unable to register cuFFT factory: Attempting to register factory for plugin cuFFT when one has already been registered
2024-05-09 00:20:26.690319: E external/local_xla/xla/stream_executor/cuda/cuda_blas.cc:1515] Unable to register cuBLAS factory: Attempting to register factory for plugin cuBLAS when one has already been registered
2024-05-09 00:20:26.818271: I tensorflow/core/platform/cpu_feature_guard.cc:182] This TensorFlow binary is optimized to use available CPU instructions in performance-critical operations.
To enable the following instructions: AVX2 AVX512F AVX512_VNNI FMA, in other operations, rebuild TensorFlow with the appropriate compiler flags.
2024-05-09 00:20:28.699601: W tensorflow/compiler/tf2tensorrt/utils/py_utils.cc:38] TF-TRT Warning: Could not find TensorRT
Execution time: 29.827279806137085 seconds
metaTables/vocal_music_demucs_16k/metaData_fma_large/row99900.csv
Execution time: 24.996326208114624 seconds
metaTables/vocal_music_demucs_16k/metaData_fma_large/row99901.csv
Execution time: 25.134655475616455 seconds
metaTables/vocal_music_demucs_16k/metaData_fma_large/row99902.csv
Execution time: 25.236171007156372 seconds
metaTables/vocal_music_demucs_16k/metaData_fma_large/row99903.csv
Execution time: 24.89266538619995 seconds
metaTables/vocal_music_demucs_16k/metaData_fma_large/row99904.csv
Execution time: 25.206712007522583 seconds
metaTables/vocal_music_demucs_16k/metaData_fma_large/row99905.csv
Execution time: 25.679442167282104 seconds
metaTables/vocal_music_demucs_16k/metaData_fma_large/row99906.csv
Execution time: 25.955822229385376 seconds
metaTables/vocal_music_demucs_16k/metaData_fma_large/row99907.csv
Execution time: 27.27617907524109 seconds
metaTables/vocal_music_demucs_16k/metaData_fma_large/row99908.csv
Execution time: 26.695936679840088 seconds
metaTables/vocal_music_demucs_16k/metaData_fma_large/row99909.csv
Execution time: 28.183011531829834 seconds
metaTables/vocal_music_demucs_16k/metaData_fma_large/row99910.csv
Execution time: 28.79640483856201 seconds
metaTables/vocal_music_demucs_16k/metaData_fma_large/row99911.csv
Execution time: 28.281580448150635 seconds
metaTables/vocal_music_demucs_16k/metaData_fma_large/row99912.csv
Execution time: 27.89829683303833 seconds
metaTables/vocal_music_demucs_16k/metaData_fma_large/row99913.csv
Execution time: 27.538305521011353 seconds
metaTables/vocal_music_demucs_16k/metaData_fma_large/row99914.csv
Execution time: 27.786208391189575 seconds
metaTables/vocal_music_demucs_16k/metaData_fma_large/row99915.csv
Execution time: 28.481290578842163 seconds
metaTables/vocal_music_demucs_16k/metaData_fma_large/row99916.csv
Execution time: 27.768467664718628 seconds
metaTables/vocal_music_demucs_16k/metaData_fma_large/row99917.csv
Execution time: 28.02460265159607 seconds
metaTables/vocal_music_demucs_16k/metaData_fma_large/row99918.csv
Execution time: 27.310591220855713 seconds
metaTables/vocal_music_demucs_16k/metaData_fma_large/row99919.csv
Execution time: 27.95355796813965 seconds
metaTables/vocal_music_demucs_16k/metaData_fma_large/row99920.csv
Execution time: 27.69699192047119 seconds
metaTables/vocal_music_demucs_16k/metaData_fma_large/row99921.csv
Execution time: 27.489920616149902 seconds
metaTables/vocal_music_demucs_16k/metaData_fma_large/row99922.csv
Execution time: 27.30073046684265 seconds
metaTables/vocal_music_demucs_16k/metaData_fma_large/row99923.csv
Execution time: 27.607867002487183 seconds
metaTables/vocal_music_demucs_16k/metaData_fma_large/row99924.csv
Execution time: 28.424323558807373 seconds
metaTables/vocal_music_demucs_16k/metaData_fma_large/row99925.csv
Execution time: 27.124910593032837 seconds
metaTables/vocal_music_demucs_16k/metaData_fma_large/row99926.csv
Execution time: 26.629483938217163 seconds
metaTables/vocal_music_demucs_16k/metaData_fma_large/row99927.csv
Execution time: 27.15763235092163 seconds
metaTables/vocal_music_demucs_16k/metaData_fma_large/row99928.csv
Execution time: 26.92832660675049 seconds
metaTables/vocal_music_demucs_16k/metaData_fma_large/row99929.csv
Execution time: 25.6880145072937 seconds
metaTables/vocal_music_demucs_16k/metaData_fma_large/row99930.csv
Execution time: 27.451672315597534 seconds
metaTables/vocal_music_demucs_16k/metaData_fma_large/row99931.csv
Execution time: 27.106868982315063 seconds
metaTables/vocal_music_demucs_16k/metaData_fma_large/row99932.csv
Execution time: 26.478639125823975 seconds
metaTables/vocal_music_demucs_16k/metaData_fma_large/row99933.csv
Execution time: 26.417809009552002 seconds
metaTables/vocal_music_demucs_16k/metaData_fma_large/row99934.csv
Execution time: 27.621917486190796 seconds
metaTables/vocal_music_demucs_16k/metaData_fma_large/row99935.csv
Execution time: 26.596268892288208 seconds
metaTables/vocal_music_demucs_16k/metaData_fma_large/row99936.csv
Execution time: 26.775917291641235 seconds
metaTables/vocal_music_demucs_16k/metaData_fma_large/row99937.csv
Execution time: 26.71703004837036 seconds
metaTables/vocal_music_demucs_16k/metaData_fma_large/row99938.csv
Execution time: 27.800232887268066 seconds
metaTables/vocal_music_demucs_16k/metaData_fma_large/row99939.csv
Execution time: 26.67302179336548 seconds
metaTables/vocal_music_demucs_16k/metaData_fma_large/row99940.csv
Execution time: 25.30982804298401 seconds
metaTables/vocal_music_demucs_16k/metaData_fma_large/row99941.csv
Execution time: 26.234970331192017 seconds
metaTables/vocal_music_demucs_16k/metaData_fma_large/row99942.csv
Execution time: 25.393388509750366 seconds
metaTables/vocal_music_demucs_16k/metaData_fma_large/row99943.csv
Execution time: 26.961074113845825 seconds
metaTables/vocal_music_demucs_16k/metaData_fma_large/row99944.csv
Execution time: 26.56965184211731 seconds
metaTables/vocal_music_demucs_16k/metaData_fma_large/row99945.csv
Execution time: 25.704856634140015 seconds
metaTables/vocal_music_demucs_16k/metaData_fma_large/row99946.csv
Execution time: 26.451387643814087 seconds
metaTables/vocal_music_demucs_16k/metaData_fma_large/row99947.csv
Execution time: 27.14188528060913 seconds
metaTables/vocal_music_demucs_16k/metaData_fma_large/row99948.csv
Execution time: 27.679914712905884 seconds
metaTables/vocal_music_demucs_16k/metaData_fma_large/row99949.csv
Execution time: 27.600860834121704 seconds
metaTables/vocal_music_demucs_16k/metaData_fma_large/row99950.csv
Execution time: 27.071680068969727 seconds
metaTables/vocal_music_demucs_16k/metaData_fma_large/row99951.csv
Execution time: 26.583743810653687 seconds
metaTables/vocal_music_demucs_16k/metaData_fma_large/row99952.csv
Execution time: 27.171537160873413 seconds
metaTables/vocal_music_demucs_16k/metaData_fma_large/row99953.csv
Execution time: 27.524959564208984 seconds
metaTables/vocal_music_demucs_16k/metaData_fma_large/row99954.csv
Execution time: 26.88998246192932 seconds
metaTables/vocal_music_demucs_16k/metaData_fma_large/row99955.csv
Execution time: 28.43567705154419 seconds
metaTables/vocal_music_demucs_16k/metaData_fma_large/row99956.csv
Execution time: 27.66089177131653 seconds
metaTables/vocal_music_demucs_16k/metaData_fma_large/row99957.csv
Execution time: 27.05071234703064 seconds
metaTables/vocal_music_demucs_16k/metaData_fma_large/row99958.csv
Execution time: 26.65803623199463 seconds
metaTables/vocal_music_demucs_16k/metaData_fma_large/row99959.csv
Execution time: 27.258198499679565 seconds
metaTables/vocal_music_demucs_16k/metaData_fma_large/row99960.csv
Execution time: 27.874077796936035 seconds
metaTables/vocal_music_demucs_16k/metaData_fma_large/row99961.csv
Execution time: 27.184324979782104 seconds
metaTables/vocal_music_demucs_16k/metaData_fma_large/row99962.csv
Execution time: 27.089032649993896 seconds
metaTables/vocal_music_demucs_16k/metaData_fma_large/row99963.csv
Execution time: 26.138105392456055 seconds
metaTables/vocal_music_demucs_16k/metaData_fma_large/row99964.csv
Execution time: 27.884036540985107 seconds
metaTables/vocal_music_demucs_16k/metaData_fma_large/row99965.csv
Execution time: 27.183569192886353 seconds
metaTables/vocal_music_demucs_16k/metaData_fma_large/row99966.csv
Execution time: 28.144078731536865 seconds
metaTables/vocal_music_demucs_16k/metaData_fma_large/row99967.csv
Execution time: 27.415637254714966 seconds
metaTables/vocal_music_demucs_16k/metaData_fma_large/row99968.csv
Execution time: 27.788963794708252 seconds
metaTables/vocal_music_demucs_16k/metaData_fma_large/row99969.csv
Execution time: 27.867794036865234 seconds
metaTables/vocal_music_demucs_16k/metaData_fma_large/row99970.csv
Execution time: 27.782854557037354 seconds
metaTables/vocal_music_demucs_16k/metaData_fma_large/row99971.csv
Execution time: 28.32088351249695 seconds
metaTables/vocal_music_demucs_16k/metaData_fma_large/row99972.csv
Execution time: 27.58785915374756 seconds
metaTables/vocal_music_demucs_16k/metaData_fma_large/row99973.csv
Execution time: 28.36992859840393 seconds
metaTables/vocal_music_demucs_16k/metaData_fma_large/row99974.csv
Execution time: 28.03779888153076 seconds
metaTables/vocal_music_demucs_16k/metaData_fma_large/row99975.csv
Execution time: 27.346054792404175 seconds
metaTables/vocal_music_demucs_16k/metaData_fma_large/row99976.csv
Execution time: 26.303494453430176 seconds
metaTables/vocal_music_demucs_16k/metaData_fma_large/row99977.csv
Execution time: 27.99924659729004 seconds
metaTables/vocal_music_demucs_16k/metaData_fma_large/row99978.csv
Execution time: 27.872331142425537 seconds
metaTables/vocal_music_demucs_16k/metaData_fma_large/row99979.csv
Execution time: 29.802672624588013 seconds
metaTables/vocal_music_demucs_16k/metaData_fma_large/row99980.csv
Execution time: 27.464489221572876 seconds
metaTables/vocal_music_demucs_16k/metaData_fma_large/row99981.csv
Execution time: 26.571741342544556 seconds
metaTables/vocal_music_demucs_16k/metaData_fma_large/row99982.csv
Execution time: 24.84312129020691 seconds
metaTables/vocal_music_demucs_16k/metaData_fma_large/row99983.csv
Execution time: 25.78642773628235 seconds
metaTables/vocal_music_demucs_16k/metaData_fma_large/row99984.csv
Execution time: 26.334235429763794 seconds
metaTables/vocal_music_demucs_16k/metaData_fma_large/row99985.csv
Execution time: 26.338743686676025 seconds
metaTables/vocal_music_demucs_16k/metaData_fma_large/row99986.csv
Execution time: 25.34988784790039 seconds
metaTables/vocal_music_demucs_16k/metaData_fma_large/row99987.csv
Execution time: 25.949165105819702 seconds
metaTables/vocal_music_demucs_16k/metaData_fma_large/row99988.csv
Execution time: 25.388231992721558 seconds
metaTables/vocal_music_demucs_16k/metaData_fma_large/row99989.csv
Execution time: 24.73421835899353 seconds
metaTables/vocal_music_demucs_16k/metaData_fma_large/row99990.csv
Execution time: 24.497613430023193 seconds
metaTables/vocal_music_demucs_16k/metaData_fma_large/row99991.csv
Execution time: 24.408441066741943 seconds
metaTables/vocal_music_demucs_16k/metaData_fma_large/row99992.csv
Execution time: 27.11873483657837 seconds
metaTables/vocal_music_demucs_16k/metaData_fma_large/row99993.csv
Execution time: 25.733234643936157 seconds
metaTables/vocal_music_demucs_16k/metaData_fma_large/row99994.csv
Execution time: 26.53829836845398 seconds
metaTables/vocal_music_demucs_16k/metaData_fma_large/row99995.csv
Execution time: 25.788784742355347 seconds
metaTables/vocal_music_demucs_16k/metaData_fma_large/row99996.csv
Execution time: 25.397544860839844 seconds
metaTables/vocal_music_demucs_16k/metaData_fma_large/row99997.csv
Execution time: 24.863895177841187 seconds
metaTables/vocal_music_demucs_16k/metaData_fma_large/row99998.csv
Execution time: 25.56436038017273 seconds
metaTables/vocal_music_demucs_16k/metaData_fma_large/row99999.csv
Demucs voice recognition done!
