/ext3/demucs/lib/python3.9/site-packages/demucs/api.py:27: UserWarning: TorchAudio's global backend is now deprecated. Please enable distpatcher by setting `TORCHAUDIO_USE_BACKEND_DISPATCHER=1`, and specify backend when calling load/info/save function.
  import torchaudio as ta
2024-05-10 11:34:25.314966: I tensorflow/core/util/port.cc:113] oneDNN custom operations are on. You may see slightly different numerical results due to floating-point round-off errors from different computation orders. To turn them off, set the environment variable `TF_ENABLE_ONEDNN_OPTS=0`.
2024-05-10 11:34:26.618936: E external/local_xla/xla/stream_executor/cuda/cuda_dnn.cc:9261] Unable to register cuDNN factory: Attempting to register factory for plugin cuDNN when one has already been registered
2024-05-10 11:34:26.618977: E external/local_xla/xla/stream_executor/cuda/cuda_fft.cc:607] Unable to register cuFFT factory: Attempting to register factory for plugin cuFFT when one has already been registered
2024-05-10 11:34:26.738157: E external/local_xla/xla/stream_executor/cuda/cuda_blas.cc:1515] Unable to register cuBLAS factory: Attempting to register factory for plugin cuBLAS when one has already been registered
2024-05-10 11:34:26.926103: I tensorflow/core/platform/cpu_feature_guard.cc:182] This TensorFlow binary is optimized to use available CPU instructions in performance-critical operations.
To enable the following instructions: AVX2 AVX512F AVX512_VNNI FMA, in other operations, rebuild TensorFlow with the appropriate compiler flags.
2024-05-10 11:34:28.560281: W tensorflow/compiler/tf2tensorrt/utils/py_utils.cc:38] TF-TRT Warning: Could not find TensorRT
Execution time: 25.62037968635559 seconds
metaTables/vocal_music_demucs_16k/metaData_fma_large/row68600.csv
Execution time: 24.58152413368225 seconds
metaTables/vocal_music_demucs_16k/metaData_fma_large/row68601.csv
Execution time: 23.095486164093018 seconds
metaTables/vocal_music_demucs_16k/metaData_fma_large/row68602.csv
Execution time: 24.9828999042511 seconds
metaTables/vocal_music_demucs_16k/metaData_fma_large/row68603.csv
Execution time: 25.72369909286499 seconds
metaTables/vocal_music_demucs_16k/metaData_fma_large/row68604.csv
Execution time: 26.037234783172607 seconds
metaTables/vocal_music_demucs_16k/metaData_fma_large/row68605.csv
Execution time: 25.018993139266968 seconds
metaTables/vocal_music_demucs_16k/metaData_fma_large/row68606.csv
Execution time: 24.601147890090942 seconds
metaTables/vocal_music_demucs_16k/metaData_fma_large/row68607.csv
Execution time: 16.13041639328003 seconds
metaTables/vocal_music_demucs_16k/metaData_fma_large/row68608.csv
Execution time: 25.28190279006958 seconds
metaTables/vocal_music_demucs_16k/metaData_fma_large/row68609.csv
Execution time: 25.88810396194458 seconds
metaTables/vocal_music_demucs_16k/metaData_fma_large/row68610.csv
Execution time: 25.73129677772522 seconds
metaTables/vocal_music_demucs_16k/metaData_fma_large/row68611.csv
Execution time: 25.625281810760498 seconds
metaTables/vocal_music_demucs_16k/metaData_fma_large/row68612.csv
Execution time: 26.316699028015137 seconds
metaTables/vocal_music_demucs_16k/metaData_fma_large/row68613.csv
Execution time: 24.79371953010559 seconds
metaTables/vocal_music_demucs_16k/metaData_fma_large/row68614.csv
Execution time: 24.834831476211548 seconds
metaTables/vocal_music_demucs_16k/metaData_fma_large/row68615.csv
Execution time: 23.65360999107361 seconds
metaTables/vocal_music_demucs_16k/metaData_fma_large/row68616.csv
Execution time: 24.988289833068848 seconds
metaTables/vocal_music_demucs_16k/metaData_fma_large/row68617.csv
Execution time: 25.51375722885132 seconds
metaTables/vocal_music_demucs_16k/metaData_fma_large/row68618.csv
Execution time: 26.21332621574402 seconds
metaTables/vocal_music_demucs_16k/metaData_fma_large/row68619.csv
Execution time: 24.952240228652954 seconds
metaTables/vocal_music_demucs_16k/metaData_fma_large/row68620.csv
Execution time: 25.596312522888184 seconds
metaTables/vocal_music_demucs_16k/metaData_fma_large/row68621.csv
Execution time: 26.010646104812622 seconds
metaTables/vocal_music_demucs_16k/metaData_fma_large/row68622.csv
Execution time: 24.782118797302246 seconds
metaTables/vocal_music_demucs_16k/metaData_fma_large/row68623.csv
Execution time: 24.836270093917847 seconds
metaTables/vocal_music_demucs_16k/metaData_fma_large/row68624.csv
Execution time: 25.7825710773468 seconds
metaTables/vocal_music_demucs_16k/metaData_fma_large/row68625.csv
Execution time: 25.389235973358154 seconds
metaTables/vocal_music_demucs_16k/metaData_fma_large/row68626.csv
Execution time: 24.09142017364502 seconds
metaTables/vocal_music_demucs_16k/metaData_fma_large/row68627.csv
Execution time: 25.001634120941162 seconds
metaTables/vocal_music_demucs_16k/metaData_fma_large/row68628.csv
Execution time: 25.088186025619507 seconds
metaTables/vocal_music_demucs_16k/metaData_fma_large/row68629.csv
Execution time: 25.059752941131592 seconds
metaTables/vocal_music_demucs_16k/metaData_fma_large/row68630.csv
Execution time: 24.945237398147583 seconds
metaTables/vocal_music_demucs_16k/metaData_fma_large/row68631.csv
Execution time: 24.507173776626587 seconds
metaTables/vocal_music_demucs_16k/metaData_fma_large/row68632.csv
Execution time: 25.02144765853882 seconds
metaTables/vocal_music_demucs_16k/metaData_fma_large/row68633.csv
Execution time: 25.42488670349121 seconds
metaTables/vocal_music_demucs_16k/metaData_fma_large/row68634.csv
Execution time: 24.12252926826477 seconds
metaTables/vocal_music_demucs_16k/metaData_fma_large/row68635.csv
Execution time: 25.40565323829651 seconds
metaTables/vocal_music_demucs_16k/metaData_fma_large/row68636.csv
Execution time: 25.09944772720337 seconds
metaTables/vocal_music_demucs_16k/metaData_fma_large/row68637.csv
Execution time: 25.18951916694641 seconds
metaTables/vocal_music_demucs_16k/metaData_fma_large/row68638.csv
Execution time: 24.997368574142456 seconds
metaTables/vocal_music_demucs_16k/metaData_fma_large/row68639.csv
Execution time: 24.563236951828003 seconds
metaTables/vocal_music_demucs_16k/metaData_fma_large/row68640.csv
Execution time: 24.47389507293701 seconds
metaTables/vocal_music_demucs_16k/metaData_fma_large/row68641.csv
Execution time: 24.98696994781494 seconds
metaTables/vocal_music_demucs_16k/metaData_fma_large/row68642.csv
Execution time: 25.014407634735107 seconds
metaTables/vocal_music_demucs_16k/metaData_fma_large/row68643.csv
Execution time: 24.83751392364502 seconds
metaTables/vocal_music_demucs_16k/metaData_fma_large/row68644.csv
Execution time: 24.99492883682251 seconds
metaTables/vocal_music_demucs_16k/metaData_fma_large/row68645.csv
Execution time: 24.972877025604248 seconds
metaTables/vocal_music_demucs_16k/metaData_fma_large/row68646.csv
Execution time: 26.85871648788452 seconds
metaTables/vocal_music_demucs_16k/metaData_fma_large/row68647.csv
Execution time: 25.216925859451294 seconds
metaTables/vocal_music_demucs_16k/metaData_fma_large/row68648.csv
Execution time: 25.28073525428772 seconds
metaTables/vocal_music_demucs_16k/metaData_fma_large/row68649.csv
Execution time: 24.761465787887573 seconds
metaTables/vocal_music_demucs_16k/metaData_fma_large/row68650.csv
Execution time: 25.274984121322632 seconds
metaTables/vocal_music_demucs_16k/metaData_fma_large/row68651.csv
Execution time: 24.82848358154297 seconds
metaTables/vocal_music_demucs_16k/metaData_fma_large/row68652.csv
Execution time: 25.693984270095825 seconds
metaTables/vocal_music_demucs_16k/metaData_fma_large/row68653.csv
Execution time: 26.783038854599 seconds
metaTables/vocal_music_demucs_16k/metaData_fma_large/row68654.csv
Execution time: 25.04974937438965 seconds
metaTables/vocal_music_demucs_16k/metaData_fma_large/row68655.csv
Execution time: 25.490266799926758 seconds
metaTables/vocal_music_demucs_16k/metaData_fma_large/row68656.csv
Execution time: 25.660805702209473 seconds
metaTables/vocal_music_demucs_16k/metaData_fma_large/row68657.csv
Execution time: 26.389087677001953 seconds
metaTables/vocal_music_demucs_16k/metaData_fma_large/row68658.csv
Execution time: 26.797325134277344 seconds
metaTables/vocal_music_demucs_16k/metaData_fma_large/row68659.csv
Execution time: 25.481279373168945 seconds
metaTables/vocal_music_demucs_16k/metaData_fma_large/row68660.csv
Execution time: 25.885535717010498 seconds
metaTables/vocal_music_demucs_16k/metaData_fma_large/row68661.csv
Execution time: 24.39722728729248 seconds
metaTables/vocal_music_demucs_16k/metaData_fma_large/row68662.csv
Execution time: 25.34701418876648 seconds
metaTables/vocal_music_demucs_16k/metaData_fma_large/row68663.csv
Execution time: 25.084071397781372 seconds
metaTables/vocal_music_demucs_16k/metaData_fma_large/row68664.csv
Execution time: 24.801472187042236 seconds
metaTables/vocal_music_demucs_16k/metaData_fma_large/row68665.csv
Execution time: 24.302200317382812 seconds
metaTables/vocal_music_demucs_16k/metaData_fma_large/row68666.csv
Execution time: 25.914556980133057 seconds
metaTables/vocal_music_demucs_16k/metaData_fma_large/row68667.csv
Execution time: 25.530757188796997 seconds
metaTables/vocal_music_demucs_16k/metaData_fma_large/row68668.csv
Execution time: 25.16585683822632 seconds
metaTables/vocal_music_demucs_16k/metaData_fma_large/row68669.csv
Execution time: 24.613288640975952 seconds
metaTables/vocal_music_demucs_16k/metaData_fma_large/row68670.csv
Execution time: 24.642905473709106 seconds
metaTables/vocal_music_demucs_16k/metaData_fma_large/row68671.csv
Execution time: 24.927998781204224 seconds
metaTables/vocal_music_demucs_16k/metaData_fma_large/row68672.csv
Execution time: 24.639750719070435 seconds
metaTables/vocal_music_demucs_16k/metaData_fma_large/row68673.csv
Execution time: 24.919334888458252 seconds
metaTables/vocal_music_demucs_16k/metaData_fma_large/row68674.csv
Execution time: 25.398768424987793 seconds
metaTables/vocal_music_demucs_16k/metaData_fma_large/row68675.csv
Execution time: 25.307695627212524 seconds
metaTables/vocal_music_demucs_16k/metaData_fma_large/row68676.csv
Execution time: 26.596739053726196 seconds
metaTables/vocal_music_demucs_16k/metaData_fma_large/row68677.csv
Execution time: 25.47577476501465 seconds
metaTables/vocal_music_demucs_16k/metaData_fma_large/row68678.csv
Execution time: 25.413330793380737 seconds
metaTables/vocal_music_demucs_16k/metaData_fma_large/row68679.csv
Execution time: 25.272109746932983 seconds
metaTables/vocal_music_demucs_16k/metaData_fma_large/row68680.csv
Execution time: 24.109601497650146 seconds
metaTables/vocal_music_demucs_16k/metaData_fma_large/row68681.csv
Execution time: 24.585916757583618 seconds
metaTables/vocal_music_demucs_16k/metaData_fma_large/row68682.csv
Execution time: 24.512375831604004 seconds
metaTables/vocal_music_demucs_16k/metaData_fma_large/row68683.csv
Execution time: 27.093215942382812 seconds
metaTables/vocal_music_demucs_16k/metaData_fma_large/row68684.csv
Execution time: 25.22623109817505 seconds
metaTables/vocal_music_demucs_16k/metaData_fma_large/row68685.csv
Execution time: 23.9149112701416 seconds
metaTables/vocal_music_demucs_16k/metaData_fma_large/row68686.csv
Execution time: 25.79308557510376 seconds
metaTables/vocal_music_demucs_16k/metaData_fma_large/row68687.csv
Execution time: 25.34842038154602 seconds
metaTables/vocal_music_demucs_16k/metaData_fma_large/row68688.csv
Execution time: 24.196366786956787 seconds
metaTables/vocal_music_demucs_16k/metaData_fma_large/row68689.csv
Execution time: 24.830273389816284 seconds
metaTables/vocal_music_demucs_16k/metaData_fma_large/row68690.csv
Execution time: 24.90052556991577 seconds
metaTables/vocal_music_demucs_16k/metaData_fma_large/row68691.csv
Execution time: 24.50907611846924 seconds
metaTables/vocal_music_demucs_16k/metaData_fma_large/row68692.csv
Execution time: 24.332398414611816 seconds
metaTables/vocal_music_demucs_16k/metaData_fma_large/row68693.csv
Execution time: 25.309449195861816 seconds
metaTables/vocal_music_demucs_16k/metaData_fma_large/row68694.csv
Execution time: 24.094659090042114 seconds
metaTables/vocal_music_demucs_16k/metaData_fma_large/row68695.csv
Execution time: 24.936230421066284 seconds
metaTables/vocal_music_demucs_16k/metaData_fma_large/row68696.csv
Execution time: 25.208662033081055 seconds
metaTables/vocal_music_demucs_16k/metaData_fma_large/row68697.csv
Execution time: 25.17721152305603 seconds
metaTables/vocal_music_demucs_16k/metaData_fma_large/row68698.csv
Execution time: 25.693223237991333 seconds
metaTables/vocal_music_demucs_16k/metaData_fma_large/row68699.csv
Demucs voice recognition done!
