/ext3/demucs/lib/python3.9/site-packages/demucs/api.py:27: UserWarning: TorchAudio's global backend is now deprecated. Please enable distpatcher by setting `TORCHAUDIO_USE_BACKEND_DISPATCHER=1`, and specify backend when calling load/info/save function.
  import torchaudio as ta
2024-05-10 11:33:29.053623: I tensorflow/core/util/port.cc:113] oneDNN custom operations are on. You may see slightly different numerical results due to floating-point round-off errors from different computation orders. To turn them off, set the environment variable `TF_ENABLE_ONEDNN_OPTS=0`.
2024-05-10 11:33:30.412624: E external/local_xla/xla/stream_executor/cuda/cuda_dnn.cc:9261] Unable to register cuDNN factory: Attempting to register factory for plugin cuDNN when one has already been registered
2024-05-10 11:33:30.412675: E external/local_xla/xla/stream_executor/cuda/cuda_fft.cc:607] Unable to register cuFFT factory: Attempting to register factory for plugin cuFFT when one has already been registered
2024-05-10 11:33:30.594179: E external/local_xla/xla/stream_executor/cuda/cuda_blas.cc:1515] Unable to register cuBLAS factory: Attempting to register factory for plugin cuBLAS when one has already been registered
2024-05-10 11:33:30.752404: I tensorflow/core/platform/cpu_feature_guard.cc:182] This TensorFlow binary is optimized to use available CPU instructions in performance-critical operations.
To enable the following instructions: AVX2 AVX512F AVX512_VNNI FMA, in other operations, rebuild TensorFlow with the appropriate compiler flags.
2024-05-10 11:33:32.427749: W tensorflow/compiler/tf2tensorrt/utils/py_utils.cc:38] TF-TRT Warning: Could not find TensorRT
[src/libmpg123/layer3.c:INT123_do_layer3():1771] error: part2_3_length (1536) too large for available bit count (1048)
Execution time: 28.03690767288208 seconds
metaTables/vocal_music_demucs_16k/metaData_fma_large/row18700.csv
Execution time: 25.90187978744507 seconds
metaTables/vocal_music_demucs_16k/metaData_fma_large/row18701.csv
Execution time: 26.350648403167725 seconds
metaTables/vocal_music_demucs_16k/metaData_fma_large/row18702.csv
Execution time: 25.563679695129395 seconds
metaTables/vocal_music_demucs_16k/metaData_fma_large/row18703.csv
Execution time: 26.060638189315796 seconds
metaTables/vocal_music_demucs_16k/metaData_fma_large/row18704.csv
Execution time: 26.294959783554077 seconds
metaTables/vocal_music_demucs_16k/metaData_fma_large/row18705.csv
Execution time: 25.254170894622803 seconds
metaTables/vocal_music_demucs_16k/metaData_fma_large/row18706.csv
Execution time: 27.236340522766113 seconds
metaTables/vocal_music_demucs_16k/metaData_fma_large/row18707.csv
Execution time: 25.62757110595703 seconds
metaTables/vocal_music_demucs_16k/metaData_fma_large/row18708.csv
Execution time: 16.50556492805481 seconds
metaTables/vocal_music_demucs_16k/metaData_fma_large/row18709.csv
Execution time: 25.4506356716156 seconds
metaTables/vocal_music_demucs_16k/metaData_fma_large/row18710.csv
Execution time: 26.131519079208374 seconds
metaTables/vocal_music_demucs_16k/metaData_fma_large/row18711.csv
Execution time: 25.371458768844604 seconds
metaTables/vocal_music_demucs_16k/metaData_fma_large/row18712.csv
Execution time: 25.383559703826904 seconds
metaTables/vocal_music_demucs_16k/metaData_fma_large/row18713.csv
Execution time: 26.41868543624878 seconds
metaTables/vocal_music_demucs_16k/metaData_fma_large/row18714.csv
Execution time: 25.633795738220215 seconds
metaTables/vocal_music_demucs_16k/metaData_fma_large/row18715.csv
Execution time: 25.53459334373474 seconds
metaTables/vocal_music_demucs_16k/metaData_fma_large/row18716.csv
Execution time: 24.993862628936768 seconds
metaTables/vocal_music_demucs_16k/metaData_fma_large/row18717.csv
Execution time: 25.88040590286255 seconds
metaTables/vocal_music_demucs_16k/metaData_fma_large/row18718.csv
Execution time: 26.469444036483765 seconds
metaTables/vocal_music_demucs_16k/metaData_fma_large/row18719.csv
Execution time: 26.58507752418518 seconds
metaTables/vocal_music_demucs_16k/metaData_fma_large/row18720.csv
Execution time: 26.652451992034912 seconds
metaTables/vocal_music_demucs_16k/metaData_fma_large/row18721.csv
Execution time: 25.876131057739258 seconds
metaTables/vocal_music_demucs_16k/metaData_fma_large/row18722.csv
Execution time: 25.469077348709106 seconds
metaTables/vocal_music_demucs_16k/metaData_fma_large/row18723.csv
Execution time: 25.398155689239502 seconds
metaTables/vocal_music_demucs_16k/metaData_fma_large/row18724.csv
Execution time: 26.51116156578064 seconds
metaTables/vocal_music_demucs_16k/metaData_fma_large/row18725.csv
Execution time: 26.71197247505188 seconds
metaTables/vocal_music_demucs_16k/metaData_fma_large/row18726.csv
Execution time: 25.140204191207886 seconds
metaTables/vocal_music_demucs_16k/metaData_fma_large/row18727.csv
Execution time: 26.4356369972229 seconds
metaTables/vocal_music_demucs_16k/metaData_fma_large/row18728.csv
Execution time: 25.482746601104736 seconds
metaTables/vocal_music_demucs_16k/metaData_fma_large/row18729.csv
Execution time: 25.905025005340576 seconds
metaTables/vocal_music_demucs_16k/metaData_fma_large/row18730.csv
Execution time: 26.075172185897827 seconds
metaTables/vocal_music_demucs_16k/metaData_fma_large/row18731.csv
Execution time: 25.329256772994995 seconds
metaTables/vocal_music_demucs_16k/metaData_fma_large/row18732.csv
Execution time: 25.549265146255493 seconds
metaTables/vocal_music_demucs_16k/metaData_fma_large/row18733.csv
Execution time: 25.34125828742981 seconds
metaTables/vocal_music_demucs_16k/metaData_fma_large/row18734.csv
Execution time: 25.54725694656372 seconds
metaTables/vocal_music_demucs_16k/metaData_fma_large/row18735.csv
Execution time: 26.022159099578857 seconds
metaTables/vocal_music_demucs_16k/metaData_fma_large/row18736.csv
Execution time: 25.642342805862427 seconds
metaTables/vocal_music_demucs_16k/metaData_fma_large/row18737.csv
Execution time: 26.40306282043457 seconds
metaTables/vocal_music_demucs_16k/metaData_fma_large/row18738.csv
Execution time: 27.068644762039185 seconds
metaTables/vocal_music_demucs_16k/metaData_fma_large/row18739.csv
Execution time: 25.774964570999146 seconds
metaTables/vocal_music_demucs_16k/metaData_fma_large/row18740.csv
Execution time: 25.994429349899292 seconds
metaTables/vocal_music_demucs_16k/metaData_fma_large/row18741.csv
Execution time: 26.814171075820923 seconds
metaTables/vocal_music_demucs_16k/metaData_fma_large/row18742.csv
Execution time: 26.090426921844482 seconds
metaTables/vocal_music_demucs_16k/metaData_fma_large/row18743.csv
Execution time: 12.907434463500977 seconds
metaTables/vocal_music_demucs_16k/metaData_fma_large/row18744.csv
Execution time: 25.686872720718384 seconds
metaTables/vocal_music_demucs_16k/metaData_fma_large/row18745.csv
Execution time: 26.18714189529419 seconds
metaTables/vocal_music_demucs_16k/metaData_fma_large/row18746.csv
Execution time: 26.284826040267944 seconds
metaTables/vocal_music_demucs_16k/metaData_fma_large/row18747.csv
Execution time: 26.206143856048584 seconds
metaTables/vocal_music_demucs_16k/metaData_fma_large/row18748.csv
Execution time: 26.02107310295105 seconds
metaTables/vocal_music_demucs_16k/metaData_fma_large/row18749.csv
Execution time: 27.196103811264038 seconds
metaTables/vocal_music_demucs_16k/metaData_fma_large/row18750.csv
Execution time: 25.95068383216858 seconds
metaTables/vocal_music_demucs_16k/metaData_fma_large/row18751.csv
Execution time: 26.75912117958069 seconds
metaTables/vocal_music_demucs_16k/metaData_fma_large/row18752.csv
Execution time: 26.108842849731445 seconds
metaTables/vocal_music_demucs_16k/metaData_fma_large/row18753.csv
Execution time: 25.409374475479126 seconds
metaTables/vocal_music_demucs_16k/metaData_fma_large/row18754.csv
Execution time: 25.94217014312744 seconds
metaTables/vocal_music_demucs_16k/metaData_fma_large/row18755.csv
Execution time: 25.497267484664917 seconds
metaTables/vocal_music_demucs_16k/metaData_fma_large/row18756.csv
Execution time: 25.77169156074524 seconds
metaTables/vocal_music_demucs_16k/metaData_fma_large/row18757.csv
Execution time: 25.969507932662964 seconds
metaTables/vocal_music_demucs_16k/metaData_fma_large/row18758.csv
Execution time: 26.518152952194214 seconds
metaTables/vocal_music_demucs_16k/metaData_fma_large/row18759.csv
Execution time: 26.177120447158813 seconds
metaTables/vocal_music_demucs_16k/metaData_fma_large/row18760.csv
Execution time: 26.054540634155273 seconds
metaTables/vocal_music_demucs_16k/metaData_fma_large/row18761.csv
Execution time: 27.045169353485107 seconds
metaTables/vocal_music_demucs_16k/metaData_fma_large/row18762.csv
Execution time: 25.69466257095337 seconds
metaTables/vocal_music_demucs_16k/metaData_fma_large/row18763.csv
Execution time: 25.777976036071777 seconds
metaTables/vocal_music_demucs_16k/metaData_fma_large/row18764.csv
Execution time: 26.21577787399292 seconds
metaTables/vocal_music_demucs_16k/metaData_fma_large/row18765.csv
Execution time: 26.61277437210083 seconds
metaTables/vocal_music_demucs_16k/metaData_fma_large/row18766.csv
Execution time: 26.105082750320435 seconds
metaTables/vocal_music_demucs_16k/metaData_fma_large/row18767.csv
Execution time: 26.193714141845703 seconds
metaTables/vocal_music_demucs_16k/metaData_fma_large/row18768.csv
Execution time: 25.47158408164978 seconds
metaTables/vocal_music_demucs_16k/metaData_fma_large/row18769.csv
Execution time: 25.77364420890808 seconds
metaTables/vocal_music_demucs_16k/metaData_fma_large/row18770.csv
Execution time: 25.072758436203003 seconds
metaTables/vocal_music_demucs_16k/metaData_fma_large/row18771.csv
Execution time: 25.97372269630432 seconds
metaTables/vocal_music_demucs_16k/metaData_fma_large/row18772.csv
Execution time: 27.854041576385498 seconds
metaTables/vocal_music_demucs_16k/metaData_fma_large/row18773.csv
Execution time: 27.863012075424194 seconds
metaTables/vocal_music_demucs_16k/metaData_fma_large/row18774.csv
Execution time: 26.93819570541382 seconds
metaTables/vocal_music_demucs_16k/metaData_fma_large/row18775.csv
Execution time: 25.841609716415405 seconds
metaTables/vocal_music_demucs_16k/metaData_fma_large/row18776.csv
Execution time: 25.64933490753174 seconds
metaTables/vocal_music_demucs_16k/metaData_fma_large/row18777.csv
Execution time: 26.388742685317993 seconds
metaTables/vocal_music_demucs_16k/metaData_fma_large/row18778.csv
Execution time: 25.833858489990234 seconds
metaTables/vocal_music_demucs_16k/metaData_fma_large/row18779.csv
Execution time: 25.550334453582764 seconds
metaTables/vocal_music_demucs_16k/metaData_fma_large/row18780.csv
Execution time: 26.030150890350342 seconds
metaTables/vocal_music_demucs_16k/metaData_fma_large/row18781.csv
Execution time: 25.837225914001465 seconds
metaTables/vocal_music_demucs_16k/metaData_fma_large/row18782.csv
Execution time: 25.360374927520752 seconds
metaTables/vocal_music_demucs_16k/metaData_fma_large/row18783.csv
Execution time: 25.484735250473022 seconds
metaTables/vocal_music_demucs_16k/metaData_fma_large/row18784.csv
Execution time: 26.42993950843811 seconds
metaTables/vocal_music_demucs_16k/metaData_fma_large/row18785.csv
Execution time: 26.075965881347656 seconds
metaTables/vocal_music_demucs_16k/metaData_fma_large/row18786.csv
Execution time: 27.14708924293518 seconds
metaTables/vocal_music_demucs_16k/metaData_fma_large/row18787.csv
Execution time: 26.454067707061768 seconds
metaTables/vocal_music_demucs_16k/metaData_fma_large/row18788.csv
Execution time: 25.573639154434204 seconds
metaTables/vocal_music_demucs_16k/metaData_fma_large/row18789.csv
Execution time: 26.65741515159607 seconds
metaTables/vocal_music_demucs_16k/metaData_fma_large/row18790.csv
Execution time: 27.317511796951294 seconds
metaTables/vocal_music_demucs_16k/metaData_fma_large/row18791.csv
Execution time: 27.330517768859863 seconds
metaTables/vocal_music_demucs_16k/metaData_fma_large/row18792.csv
Execution time: 26.234296321868896 seconds
metaTables/vocal_music_demucs_16k/metaData_fma_large/row18793.csv
Execution time: 25.93288278579712 seconds
metaTables/vocal_music_demucs_16k/metaData_fma_large/row18794.csv
Execution time: 26.170042753219604 seconds
metaTables/vocal_music_demucs_16k/metaData_fma_large/row18795.csv
Execution time: 26.4247088432312 seconds
metaTables/vocal_music_demucs_16k/metaData_fma_large/row18796.csv
Execution time: 25.722665548324585 seconds
metaTables/vocal_music_demucs_16k/metaData_fma_large/row18797.csv
Execution time: 24.57001042366028 seconds
metaTables/vocal_music_demucs_16k/metaData_fma_large/row18798.csv
Execution time: 25.657150268554688 seconds
metaTables/vocal_music_demucs_16k/metaData_fma_large/row18799.csv
Demucs voice recognition done!
