/ext3/demucs/lib/python3.9/site-packages/demucs/api.py:27: UserWarning: TorchAudio's global backend is now deprecated. Please enable distpatcher by setting `TORCHAUDIO_USE_BACKEND_DISPATCHER=1`, and specify backend when calling load/info/save function.
  import torchaudio as ta
2024-05-08 23:36:03.821091: I tensorflow/core/util/port.cc:113] oneDNN custom operations are on. You may see slightly different numerical results due to floating-point round-off errors from different computation orders. To turn them off, set the environment variable `TF_ENABLE_ONEDNN_OPTS=0`.
2024-05-08 23:36:08.264828: E external/local_xla/xla/stream_executor/cuda/cuda_dnn.cc:9261] Unable to register cuDNN factory: Attempting to register factory for plugin cuDNN when one has already been registered
2024-05-08 23:36:08.264873: E external/local_xla/xla/stream_executor/cuda/cuda_fft.cc:607] Unable to register cuFFT factory: Attempting to register factory for plugin cuFFT when one has already been registered
2024-05-08 23:36:08.594852: E external/local_xla/xla/stream_executor/cuda/cuda_blas.cc:1515] Unable to register cuBLAS factory: Attempting to register factory for plugin cuBLAS when one has already been registered
2024-05-08 23:36:09.029047: I tensorflow/core/platform/cpu_feature_guard.cc:182] This TensorFlow binary is optimized to use available CPU instructions in performance-critical operations.
To enable the following instructions: AVX2 AVX512F AVX512_VNNI FMA, in other operations, rebuild TensorFlow with the appropriate compiler flags.
2024-05-08 23:36:12.484957: W tensorflow/compiler/tf2tensorrt/utils/py_utils.cc:38] TF-TRT Warning: Could not find TensorRT
Execution time: 29.892043828964233 seconds
metaTables/vocal_music_demucs_16k/metaData_fma_large/row19600.csv
Execution time: 25.280994415283203 seconds
metaTables/vocal_music_demucs_16k/metaData_fma_large/row19601.csv
Execution time: 25.448705434799194 seconds
metaTables/vocal_music_demucs_16k/metaData_fma_large/row19602.csv
Execution time: 25.51630926132202 seconds
metaTables/vocal_music_demucs_16k/metaData_fma_large/row19603.csv
Execution time: 25.92716932296753 seconds
metaTables/vocal_music_demucs_16k/metaData_fma_large/row19604.csv
Execution time: 25.76932382583618 seconds
metaTables/vocal_music_demucs_16k/metaData_fma_large/row19605.csv
Execution time: 24.759632349014282 seconds
metaTables/vocal_music_demucs_16k/metaData_fma_large/row19606.csv
Execution time: 25.521450757980347 seconds
metaTables/vocal_music_demucs_16k/metaData_fma_large/row19607.csv
Execution time: 25.393083810806274 seconds
metaTables/vocal_music_demucs_16k/metaData_fma_large/row19608.csv
Execution time: 25.389671802520752 seconds
metaTables/vocal_music_demucs_16k/metaData_fma_large/row19609.csv
Execution time: 25.242175579071045 seconds
metaTables/vocal_music_demucs_16k/metaData_fma_large/row19610.csv
Execution time: 26.263214588165283 seconds
metaTables/vocal_music_demucs_16k/metaData_fma_large/row19611.csv
Execution time: 25.601093292236328 seconds
metaTables/vocal_music_demucs_16k/metaData_fma_large/row19612.csv
Execution time: 26.203005075454712 seconds
metaTables/vocal_music_demucs_16k/metaData_fma_large/row19613.csv
Execution time: 25.95267415046692 seconds
metaTables/vocal_music_demucs_16k/metaData_fma_large/row19614.csv
Execution time: 25.57725691795349 seconds
metaTables/vocal_music_demucs_16k/metaData_fma_large/row19615.csv
Execution time: 25.712334871292114 seconds
metaTables/vocal_music_demucs_16k/metaData_fma_large/row19616.csv
Execution time: 25.099632740020752 seconds
metaTables/vocal_music_demucs_16k/metaData_fma_large/row19617.csv
Execution time: 26.349668979644775 seconds
metaTables/vocal_music_demucs_16k/metaData_fma_large/row19618.csv
Execution time: 16.3066189289093 seconds
metaTables/vocal_music_demucs_16k/metaData_fma_large/row19619.csv
Execution time: 25.84237575531006 seconds
metaTables/vocal_music_demucs_16k/metaData_fma_large/row19620.csv
Execution time: 26.817365169525146 seconds
metaTables/vocal_music_demucs_16k/metaData_fma_large/row19621.csv
Execution time: 25.349292278289795 seconds
metaTables/vocal_music_demucs_16k/metaData_fma_large/row19622.csv
Execution time: 25.570622444152832 seconds
metaTables/vocal_music_demucs_16k/metaData_fma_large/row19623.csv
Execution time: 25.362441301345825 seconds
metaTables/vocal_music_demucs_16k/metaData_fma_large/row19624.csv
Execution time: 26.247135400772095 seconds
metaTables/vocal_music_demucs_16k/metaData_fma_large/row19625.csv
Execution time: 26.456449508666992 seconds
metaTables/vocal_music_demucs_16k/metaData_fma_large/row19626.csv
Execution time: 25.469407081604004 seconds
metaTables/vocal_music_demucs_16k/metaData_fma_large/row19627.csv
Execution time: 25.585707187652588 seconds
metaTables/vocal_music_demucs_16k/metaData_fma_large/row19628.csv
Execution time: 25.490912675857544 seconds
metaTables/vocal_music_demucs_16k/metaData_fma_large/row19629.csv
Execution time: 26.343787908554077 seconds
metaTables/vocal_music_demucs_16k/metaData_fma_large/row19630.csv
Execution time: 25.224204301834106 seconds
metaTables/vocal_music_demucs_16k/metaData_fma_large/row19631.csv
Execution time: 25.38676381111145 seconds
metaTables/vocal_music_demucs_16k/metaData_fma_large/row19632.csv
Execution time: 25.446611166000366 seconds
metaTables/vocal_music_demucs_16k/metaData_fma_large/row19633.csv
Execution time: 25.250165462493896 seconds
metaTables/vocal_music_demucs_16k/metaData_fma_large/row19634.csv
Execution time: 26.028441190719604 seconds
metaTables/vocal_music_demucs_16k/metaData_fma_large/row19635.csv
Execution time: 26.43122911453247 seconds
metaTables/vocal_music_demucs_16k/metaData_fma_large/row19636.csv
Execution time: 25.15634059906006 seconds
metaTables/vocal_music_demucs_16k/metaData_fma_large/row19637.csv
Execution time: 25.43148922920227 seconds
metaTables/vocal_music_demucs_16k/metaData_fma_large/row19638.csv
Execution time: 25.551966667175293 seconds
metaTables/vocal_music_demucs_16k/metaData_fma_large/row19639.csv
Execution time: 25.56514048576355 seconds
metaTables/vocal_music_demucs_16k/metaData_fma_large/row19640.csv
Execution time: 26.010184049606323 seconds
metaTables/vocal_music_demucs_16k/metaData_fma_large/row19641.csv
Execution time: 27.290695428848267 seconds
metaTables/vocal_music_demucs_16k/metaData_fma_large/row19642.csv
Execution time: 26.180415153503418 seconds
metaTables/vocal_music_demucs_16k/metaData_fma_large/row19643.csv
Execution time: 25.350688457489014 seconds
metaTables/vocal_music_demucs_16k/metaData_fma_large/row19644.csv
Execution time: 26.352404356002808 seconds
metaTables/vocal_music_demucs_16k/metaData_fma_large/row19645.csv
Execution time: 25.53538990020752 seconds
metaTables/vocal_music_demucs_16k/metaData_fma_large/row19646.csv
Execution time: 26.245646476745605 seconds
metaTables/vocal_music_demucs_16k/metaData_fma_large/row19647.csv
Execution time: 25.67750835418701 seconds
metaTables/vocal_music_demucs_16k/metaData_fma_large/row19648.csv
Execution time: 26.09567356109619 seconds
metaTables/vocal_music_demucs_16k/metaData_fma_large/row19649.csv
Execution time: 26.52007007598877 seconds
metaTables/vocal_music_demucs_16k/metaData_fma_large/row19650.csv
Execution time: 25.430554628372192 seconds
metaTables/vocal_music_demucs_16k/metaData_fma_large/row19651.csv
Execution time: 25.669827222824097 seconds
metaTables/vocal_music_demucs_16k/metaData_fma_large/row19652.csv
Execution time: 26.068125247955322 seconds
metaTables/vocal_music_demucs_16k/metaData_fma_large/row19653.csv
Execution time: 25.411502599716187 seconds
metaTables/vocal_music_demucs_16k/metaData_fma_large/row19654.csv
Execution time: 25.626219749450684 seconds
metaTables/vocal_music_demucs_16k/metaData_fma_large/row19655.csv
Execution time: 25.44476008415222 seconds
metaTables/vocal_music_demucs_16k/metaData_fma_large/row19656.csv
Execution time: 25.90438437461853 seconds
metaTables/vocal_music_demucs_16k/metaData_fma_large/row19657.csv
Execution time: 25.481963634490967 seconds
metaTables/vocal_music_demucs_16k/metaData_fma_large/row19658.csv
Execution time: 24.990806818008423 seconds
metaTables/vocal_music_demucs_16k/metaData_fma_large/row19659.csv
Execution time: 26.49476456642151 seconds
metaTables/vocal_music_demucs_16k/metaData_fma_large/row19660.csv
Execution time: 25.698121547698975 seconds
metaTables/vocal_music_demucs_16k/metaData_fma_large/row19661.csv
Execution time: 25.47084617614746 seconds
metaTables/vocal_music_demucs_16k/metaData_fma_large/row19662.csv
Execution time: 25.278231143951416 seconds
metaTables/vocal_music_demucs_16k/metaData_fma_large/row19663.csv
Execution time: 25.550762176513672 seconds
metaTables/vocal_music_demucs_16k/metaData_fma_large/row19664.csv
Execution time: 25.78336524963379 seconds
metaTables/vocal_music_demucs_16k/metaData_fma_large/row19665.csv
Execution time: 26.11186385154724 seconds
metaTables/vocal_music_demucs_16k/metaData_fma_large/row19666.csv
Execution time: 25.46285605430603 seconds
metaTables/vocal_music_demucs_16k/metaData_fma_large/row19667.csv
Execution time: 26.77008628845215 seconds
metaTables/vocal_music_demucs_16k/metaData_fma_large/row19668.csv
Execution time: 25.71725606918335 seconds
metaTables/vocal_music_demucs_16k/metaData_fma_large/row19669.csv
Execution time: 25.415388584136963 seconds
metaTables/vocal_music_demucs_16k/metaData_fma_large/row19670.csv
Execution time: 26.1718807220459 seconds
metaTables/vocal_music_demucs_16k/metaData_fma_large/row19671.csv
Execution time: 26.712364196777344 seconds
metaTables/vocal_music_demucs_16k/metaData_fma_large/row19672.csv
Execution time: 27.722288370132446 seconds
metaTables/vocal_music_demucs_16k/metaData_fma_large/row19673.csv
Execution time: 26.66899085044861 seconds
metaTables/vocal_music_demucs_16k/metaData_fma_large/row19674.csv
Execution time: 26.02673864364624 seconds
metaTables/vocal_music_demucs_16k/metaData_fma_large/row19675.csv
Execution time: 26.04460120201111 seconds
metaTables/vocal_music_demucs_16k/metaData_fma_large/row19676.csv
Execution time: 25.147135972976685 seconds
metaTables/vocal_music_demucs_16k/metaData_fma_large/row19677.csv
Execution time: 26.607592821121216 seconds
metaTables/vocal_music_demucs_16k/metaData_fma_large/row19678.csv
Execution time: 25.846240043640137 seconds
metaTables/vocal_music_demucs_16k/metaData_fma_large/row19679.csv
Execution time: 26.253881692886353 seconds
metaTables/vocal_music_demucs_16k/metaData_fma_large/row19680.csv
Execution time: 25.781246662139893 seconds
metaTables/vocal_music_demucs_16k/metaData_fma_large/row19681.csv
Execution time: 17.4833025932312 seconds
metaTables/vocal_music_demucs_16k/metaData_fma_large/row19682.csv
Execution time: 25.918631076812744 seconds
metaTables/vocal_music_demucs_16k/metaData_fma_large/row19683.csv
Execution time: 25.131312370300293 seconds
metaTables/vocal_music_demucs_16k/metaData_fma_large/row19684.csv
Execution time: 25.96427083015442 seconds
metaTables/vocal_music_demucs_16k/metaData_fma_large/row19685.csv
Execution time: 25.7378249168396 seconds
metaTables/vocal_music_demucs_16k/metaData_fma_large/row19686.csv
Execution time: 25.220330238342285 seconds
metaTables/vocal_music_demucs_16k/metaData_fma_large/row19687.csv
Execution time: 26.766032218933105 seconds
metaTables/vocal_music_demucs_16k/metaData_fma_large/row19688.csv
Execution time: 25.48096799850464 seconds
metaTables/vocal_music_demucs_16k/metaData_fma_large/row19689.csv
Execution time: 25.09108567237854 seconds
metaTables/vocal_music_demucs_16k/metaData_fma_large/row19690.csv
Execution time: 25.42649269104004 seconds
metaTables/vocal_music_demucs_16k/metaData_fma_large/row19691.csv
Execution time: 22.503821849822998 seconds
metaTables/vocal_music_demucs_16k/metaData_fma_large/row19692.csv
Execution time: 24.92339015007019 seconds
metaTables/vocal_music_demucs_16k/metaData_fma_large/row19693.csv
Execution time: 25.732380151748657 seconds
metaTables/vocal_music_demucs_16k/metaData_fma_large/row19694.csv
Execution time: 25.1233868598938 seconds
metaTables/vocal_music_demucs_16k/metaData_fma_large/row19695.csv
Execution time: 26.285868883132935 seconds
metaTables/vocal_music_demucs_16k/metaData_fma_large/row19696.csv
Execution time: 26.462103128433228 seconds
metaTables/vocal_music_demucs_16k/metaData_fma_large/row19697.csv
Execution time: 25.91255474090576 seconds
metaTables/vocal_music_demucs_16k/metaData_fma_large/row19698.csv
Execution time: 25.791216373443604 seconds
metaTables/vocal_music_demucs_16k/metaData_fma_large/row19699.csv
Demucs voice recognition done!
