/ext3/demucs/lib/python3.9/site-packages/demucs/api.py:27: UserWarning: TorchAudio's global backend is now deprecated. Please enable distpatcher by setting `TORCHAUDIO_USE_BACKEND_DISPATCHER=1`, and specify backend when calling load/info/save function.
  import torchaudio as ta
2024-05-10 11:33:29.099963: I tensorflow/core/util/port.cc:113] oneDNN custom operations are on. You may see slightly different numerical results due to floating-point round-off errors from different computation orders. To turn them off, set the environment variable `TF_ENABLE_ONEDNN_OPTS=0`.
2024-05-10 11:33:30.448722: E external/local_xla/xla/stream_executor/cuda/cuda_dnn.cc:9261] Unable to register cuDNN factory: Attempting to register factory for plugin cuDNN when one has already been registered
2024-05-10 11:33:30.448764: E external/local_xla/xla/stream_executor/cuda/cuda_fft.cc:607] Unable to register cuFFT factory: Attempting to register factory for plugin cuFFT when one has already been registered
2024-05-10 11:33:30.630192: E external/local_xla/xla/stream_executor/cuda/cuda_blas.cc:1515] Unable to register cuBLAS factory: Attempting to register factory for plugin cuBLAS when one has already been registered
2024-05-10 11:33:30.818460: I tensorflow/core/platform/cpu_feature_guard.cc:182] This TensorFlow binary is optimized to use available CPU instructions in performance-critical operations.
To enable the following instructions: AVX2 AVX512F AVX512_VNNI FMA, in other operations, rebuild TensorFlow with the appropriate compiler flags.
2024-05-10 11:33:32.435545: W tensorflow/compiler/tf2tensorrt/utils/py_utils.cc:38] TF-TRT Warning: Could not find TensorRT
Execution time: 26.622593641281128 seconds
metaTables/vocal_music_demucs_16k/metaData_fma_large/row38900.csv
Execution time: 25.680474281311035 seconds
metaTables/vocal_music_demucs_16k/metaData_fma_large/row38901.csv
Execution time: 24.775064945220947 seconds
metaTables/vocal_music_demucs_16k/metaData_fma_large/row38902.csv
Execution time: 26.509373664855957 seconds
metaTables/vocal_music_demucs_16k/metaData_fma_large/row38903.csv
Execution time: 25.525967121124268 seconds
metaTables/vocal_music_demucs_16k/metaData_fma_large/row38904.csv
Execution time: 27.318403244018555 seconds
metaTables/vocal_music_demucs_16k/metaData_fma_large/row38905.csv
Execution time: 26.412387371063232 seconds
metaTables/vocal_music_demucs_16k/metaData_fma_large/row38906.csv
Execution time: 25.704851865768433 seconds
metaTables/vocal_music_demucs_16k/metaData_fma_large/row38907.csv
Execution time: 26.011545419692993 seconds
metaTables/vocal_music_demucs_16k/metaData_fma_large/row38908.csv
Execution time: 26.227056980133057 seconds
metaTables/vocal_music_demucs_16k/metaData_fma_large/row38909.csv
Execution time: 27.11245822906494 seconds
metaTables/vocal_music_demucs_16k/metaData_fma_large/row38910.csv
Execution time: 26.10193967819214 seconds
metaTables/vocal_music_demucs_16k/metaData_fma_large/row38911.csv
Execution time: 26.331950664520264 seconds
metaTables/vocal_music_demucs_16k/metaData_fma_large/row38912.csv
Execution time: 26.240140438079834 seconds
metaTables/vocal_music_demucs_16k/metaData_fma_large/row38913.csv
Execution time: 26.052693605422974 seconds
metaTables/vocal_music_demucs_16k/metaData_fma_large/row38914.csv
Execution time: 25.569011926651 seconds
metaTables/vocal_music_demucs_16k/metaData_fma_large/row38915.csv
Execution time: 26.391630172729492 seconds
metaTables/vocal_music_demucs_16k/metaData_fma_large/row38916.csv
Execution time: 25.692362546920776 seconds
metaTables/vocal_music_demucs_16k/metaData_fma_large/row38917.csv
Execution time: 25.760106325149536 seconds
metaTables/vocal_music_demucs_16k/metaData_fma_large/row38918.csv
Execution time: 25.674659967422485 seconds
metaTables/vocal_music_demucs_16k/metaData_fma_large/row38919.csv
Execution time: 25.726785898208618 seconds
metaTables/vocal_music_demucs_16k/metaData_fma_large/row38920.csv
Execution time: 26.068153142929077 seconds
metaTables/vocal_music_demucs_16k/metaData_fma_large/row38921.csv
Execution time: 25.965739965438843 seconds
metaTables/vocal_music_demucs_16k/metaData_fma_large/row38922.csv
Execution time: 25.356626510620117 seconds
metaTables/vocal_music_demucs_16k/metaData_fma_large/row38923.csv
Execution time: 25.330289125442505 seconds
metaTables/vocal_music_demucs_16k/metaData_fma_large/row38924.csv
Execution time: 26.319424867630005 seconds
metaTables/vocal_music_demucs_16k/metaData_fma_large/row38925.csv
Execution time: 26.075650215148926 seconds
metaTables/vocal_music_demucs_16k/metaData_fma_large/row38926.csv
Execution time: 25.026448726654053 seconds
metaTables/vocal_music_demucs_16k/metaData_fma_large/row38927.csv
Execution time: 25.877740621566772 seconds
metaTables/vocal_music_demucs_16k/metaData_fma_large/row38928.csv
Execution time: 27.100769996643066 seconds
metaTables/vocal_music_demucs_16k/metaData_fma_large/row38929.csv
Execution time: 26.88701581954956 seconds
metaTables/vocal_music_demucs_16k/metaData_fma_large/row38930.csv
Execution time: 25.876128673553467 seconds
metaTables/vocal_music_demucs_16k/metaData_fma_large/row38931.csv
Execution time: 26.035608291625977 seconds
metaTables/vocal_music_demucs_16k/metaData_fma_large/row38932.csv
Execution time: 26.184695720672607 seconds
metaTables/vocal_music_demucs_16k/metaData_fma_large/row38933.csv
Execution time: 26.254745483398438 seconds
metaTables/vocal_music_demucs_16k/metaData_fma_large/row38934.csv
Execution time: 25.621110439300537 seconds
metaTables/vocal_music_demucs_16k/metaData_fma_large/row38935.csv
Execution time: 26.36287021636963 seconds
metaTables/vocal_music_demucs_16k/metaData_fma_large/row38936.csv
Execution time: 26.585180521011353 seconds
metaTables/vocal_music_demucs_16k/metaData_fma_large/row38937.csv
Execution time: 25.579487085342407 seconds
metaTables/vocal_music_demucs_16k/metaData_fma_large/row38938.csv
Execution time: 22.12777829170227 seconds
metaTables/vocal_music_demucs_16k/metaData_fma_large/row38939.csv
Execution time: 25.737213850021362 seconds
metaTables/vocal_music_demucs_16k/metaData_fma_large/row38940.csv
Execution time: 25.174170970916748 seconds
metaTables/vocal_music_demucs_16k/metaData_fma_large/row38941.csv
Execution time: 26.906826496124268 seconds
metaTables/vocal_music_demucs_16k/metaData_fma_large/row38942.csv
Execution time: 27.272587299346924 seconds
metaTables/vocal_music_demucs_16k/metaData_fma_large/row38943.csv
Execution time: 25.88105535507202 seconds
metaTables/vocal_music_demucs_16k/metaData_fma_large/row38944.csv
Execution time: 25.97270178794861 seconds
metaTables/vocal_music_demucs_16k/metaData_fma_large/row38945.csv
Execution time: 26.096331119537354 seconds
metaTables/vocal_music_demucs_16k/metaData_fma_large/row38946.csv
Execution time: 26.739991188049316 seconds
metaTables/vocal_music_demucs_16k/metaData_fma_large/row38947.csv
Execution time: 26.168617963790894 seconds
metaTables/vocal_music_demucs_16k/metaData_fma_large/row38948.csv
Execution time: 26.629873275756836 seconds
metaTables/vocal_music_demucs_16k/metaData_fma_large/row38949.csv
Execution time: 26.553545475006104 seconds
metaTables/vocal_music_demucs_16k/metaData_fma_large/row38950.csv
Execution time: 24.78247356414795 seconds
metaTables/vocal_music_demucs_16k/metaData_fma_large/row38951.csv
Execution time: 26.48388648033142 seconds
metaTables/vocal_music_demucs_16k/metaData_fma_large/row38952.csv
Execution time: 25.72183847427368 seconds
metaTables/vocal_music_demucs_16k/metaData_fma_large/row38953.csv
Execution time: 26.136828184127808 seconds
metaTables/vocal_music_demucs_16k/metaData_fma_large/row38954.csv
Execution time: 25.611738443374634 seconds
metaTables/vocal_music_demucs_16k/metaData_fma_large/row38955.csv
Execution time: 26.2283194065094 seconds
metaTables/vocal_music_demucs_16k/metaData_fma_large/row38956.csv
Execution time: 26.869709253311157 seconds
metaTables/vocal_music_demucs_16k/metaData_fma_large/row38957.csv
Execution time: 25.63806700706482 seconds
metaTables/vocal_music_demucs_16k/metaData_fma_large/row38958.csv
Execution time: 25.10122847557068 seconds
metaTables/vocal_music_demucs_16k/metaData_fma_large/row38959.csv
Execution time: 25.570913791656494 seconds
metaTables/vocal_music_demucs_16k/metaData_fma_large/row38960.csv
Execution time: 26.144136905670166 seconds
metaTables/vocal_music_demucs_16k/metaData_fma_large/row38961.csv
Execution time: 25.419627904891968 seconds
metaTables/vocal_music_demucs_16k/metaData_fma_large/row38962.csv
Execution time: 25.395129919052124 seconds
metaTables/vocal_music_demucs_16k/metaData_fma_large/row38963.csv
Execution time: 25.79090714454651 seconds
metaTables/vocal_music_demucs_16k/metaData_fma_large/row38964.csv
Execution time: 26.43786382675171 seconds
metaTables/vocal_music_demucs_16k/metaData_fma_large/row38965.csv
Execution time: 25.856861352920532 seconds
metaTables/vocal_music_demucs_16k/metaData_fma_large/row38966.csv
Execution time: 26.3794002532959 seconds
metaTables/vocal_music_demucs_16k/metaData_fma_large/row38967.csv
Execution time: 25.822227954864502 seconds
metaTables/vocal_music_demucs_16k/metaData_fma_large/row38968.csv
Execution time: 26.39356279373169 seconds
metaTables/vocal_music_demucs_16k/metaData_fma_large/row38969.csv
Execution time: 26.228374004364014 seconds
metaTables/vocal_music_demucs_16k/metaData_fma_large/row38970.csv
Execution time: 25.589749336242676 seconds
metaTables/vocal_music_demucs_16k/metaData_fma_large/row38971.csv
Execution time: 25.409812211990356 seconds
metaTables/vocal_music_demucs_16k/metaData_fma_large/row38972.csv
Execution time: 25.851768016815186 seconds
metaTables/vocal_music_demucs_16k/metaData_fma_large/row38973.csv
Execution time: 26.344860792160034 seconds
metaTables/vocal_music_demucs_16k/metaData_fma_large/row38974.csv
Execution time: 26.246867895126343 seconds
metaTables/vocal_music_demucs_16k/metaData_fma_large/row38975.csv
Execution time: 25.52091670036316 seconds
metaTables/vocal_music_demucs_16k/metaData_fma_large/row38976.csv
Execution time: 26.105544567108154 seconds
metaTables/vocal_music_demucs_16k/metaData_fma_large/row38977.csv
Execution time: 27.120195150375366 seconds
metaTables/vocal_music_demucs_16k/metaData_fma_large/row38978.csv
Execution time: 25.97386908531189 seconds
metaTables/vocal_music_demucs_16k/metaData_fma_large/row38979.csv
Execution time: 26.345089435577393 seconds
metaTables/vocal_music_demucs_16k/metaData_fma_large/row38980.csv
Execution time: 25.773362636566162 seconds
metaTables/vocal_music_demucs_16k/metaData_fma_large/row38981.csv
Execution time: 26.492289781570435 seconds
metaTables/vocal_music_demucs_16k/metaData_fma_large/row38982.csv
Execution time: 26.06852149963379 seconds
metaTables/vocal_music_demucs_16k/metaData_fma_large/row38983.csv
Execution time: 25.86445116996765 seconds
metaTables/vocal_music_demucs_16k/metaData_fma_large/row38984.csv
Execution time: 27.526122093200684 seconds
metaTables/vocal_music_demucs_16k/metaData_fma_large/row38985.csv
Execution time: 24.422706604003906 seconds
metaTables/vocal_music_demucs_16k/metaData_fma_large/row38986.csv
Execution time: 26.03693985939026 seconds
metaTables/vocal_music_demucs_16k/metaData_fma_large/row38987.csv
Execution time: 25.639558792114258 seconds
metaTables/vocal_music_demucs_16k/metaData_fma_large/row38988.csv
Execution time: 25.834881067276 seconds
metaTables/vocal_music_demucs_16k/metaData_fma_large/row38989.csv
Execution time: 26.142647981643677 seconds
metaTables/vocal_music_demucs_16k/metaData_fma_large/row38990.csv
Execution time: 25.1553053855896 seconds
metaTables/vocal_music_demucs_16k/metaData_fma_large/row38991.csv
Execution time: 26.678605318069458 seconds
metaTables/vocal_music_demucs_16k/metaData_fma_large/row38992.csv
Execution time: 26.64652156829834 seconds
metaTables/vocal_music_demucs_16k/metaData_fma_large/row38993.csv
Execution time: 26.401660442352295 seconds
metaTables/vocal_music_demucs_16k/metaData_fma_large/row38994.csv
Execution time: 25.817317724227905 seconds
metaTables/vocal_music_demucs_16k/metaData_fma_large/row38995.csv
Execution time: 25.84147572517395 seconds
metaTables/vocal_music_demucs_16k/metaData_fma_large/row38996.csv
Execution time: 25.815805673599243 seconds
metaTables/vocal_music_demucs_16k/metaData_fma_large/row38997.csv
Execution time: 25.197923183441162 seconds
metaTables/vocal_music_demucs_16k/metaData_fma_large/row38998.csv
Execution time: 24.049150705337524 seconds
metaTables/vocal_music_demucs_16k/metaData_fma_large/row38999.csv
Demucs voice recognition done!
