/ext3/demucs/lib/python3.9/site-packages/demucs/api.py:27: UserWarning: TorchAudio's global backend is now deprecated. Please enable distpatcher by setting `TORCHAUDIO_USE_BACKEND_DISPATCHER=1`, and specify backend when calling load/info/save function.
  import torchaudio as ta
2024-05-09 00:19:13.753026: I tensorflow/core/util/port.cc:113] oneDNN custom operations are on. You may see slightly different numerical results due to floating-point round-off errors from different computation orders. To turn them off, set the environment variable `TF_ENABLE_ONEDNN_OPTS=0`.
2024-05-09 00:19:14.280074: E external/local_xla/xla/stream_executor/cuda/cuda_dnn.cc:9261] Unable to register cuDNN factory: Attempting to register factory for plugin cuDNN when one has already been registered
2024-05-09 00:19:14.280129: E external/local_xla/xla/stream_executor/cuda/cuda_fft.cc:607] Unable to register cuFFT factory: Attempting to register factory for plugin cuFFT when one has already been registered
2024-05-09 00:19:14.356517: E external/local_xla/xla/stream_executor/cuda/cuda_blas.cc:1515] Unable to register cuBLAS factory: Attempting to register factory for plugin cuBLAS when one has already been registered
2024-05-09 00:19:14.397601: I tensorflow/core/platform/cpu_feature_guard.cc:182] This TensorFlow binary is optimized to use available CPU instructions in performance-critical operations.
To enable the following instructions: AVX2 AVX512F AVX512_VNNI FMA, in other operations, rebuild TensorFlow with the appropriate compiler flags.
2024-05-09 00:19:15.306190: W tensorflow/compiler/tf2tensorrt/utils/py_utils.cc:38] TF-TRT Warning: Could not find TensorRT
Execution time: 26.261528968811035 seconds
metaTables/vocal_music_demucs_16k/metaData_fma_large/row88600.csv
Execution time: 24.5338397026062 seconds
metaTables/vocal_music_demucs_16k/metaData_fma_large/row88601.csv
Execution time: 24.28179121017456 seconds
metaTables/vocal_music_demucs_16k/metaData_fma_large/row88602.csv
Execution time: 24.39711856842041 seconds
metaTables/vocal_music_demucs_16k/metaData_fma_large/row88603.csv
Execution time: 23.83700203895569 seconds
metaTables/vocal_music_demucs_16k/metaData_fma_large/row88604.csv
Execution time: 24.514853954315186 seconds
metaTables/vocal_music_demucs_16k/metaData_fma_large/row88605.csv
Execution time: 25.566900491714478 seconds
metaTables/vocal_music_demucs_16k/metaData_fma_large/row88606.csv
Execution time: 24.8592209815979 seconds
metaTables/vocal_music_demucs_16k/metaData_fma_large/row88607.csv
Execution time: 24.096997261047363 seconds
metaTables/vocal_music_demucs_16k/metaData_fma_large/row88608.csv
Execution time: 24.383557081222534 seconds
metaTables/vocal_music_demucs_16k/metaData_fma_large/row88609.csv
Execution time: 25.0133638381958 seconds
metaTables/vocal_music_demucs_16k/metaData_fma_large/row88610.csv
Execution time: 26.371312379837036 seconds
metaTables/vocal_music_demucs_16k/metaData_fma_large/row88611.csv
Execution time: 24.65119194984436 seconds
metaTables/vocal_music_demucs_16k/metaData_fma_large/row88612.csv
Execution time: 24.48934817314148 seconds
metaTables/vocal_music_demucs_16k/metaData_fma_large/row88613.csv
Execution time: 24.773839950561523 seconds
metaTables/vocal_music_demucs_16k/metaData_fma_large/row88614.csv
Execution time: 25.09272074699402 seconds
metaTables/vocal_music_demucs_16k/metaData_fma_large/row88615.csv
Execution time: 24.022096633911133 seconds
metaTables/vocal_music_demucs_16k/metaData_fma_large/row88616.csv
Execution time: 25.46967911720276 seconds
metaTables/vocal_music_demucs_16k/metaData_fma_large/row88617.csv
Execution time: 24.562417030334473 seconds
metaTables/vocal_music_demucs_16k/metaData_fma_large/row88618.csv
Execution time: 24.191923141479492 seconds
metaTables/vocal_music_demucs_16k/metaData_fma_large/row88619.csv
Execution time: 24.544808626174927 seconds
metaTables/vocal_music_demucs_16k/metaData_fma_large/row88620.csv
Execution time: 24.861538887023926 seconds
metaTables/vocal_music_demucs_16k/metaData_fma_large/row88621.csv
Execution time: 24.036261081695557 seconds
metaTables/vocal_music_demucs_16k/metaData_fma_large/row88622.csv
Execution time: 23.907578945159912 seconds
metaTables/vocal_music_demucs_16k/metaData_fma_large/row88623.csv
Execution time: 23.88225769996643 seconds
metaTables/vocal_music_demucs_16k/metaData_fma_large/row88624.csv
Execution time: 24.581230878829956 seconds
metaTables/vocal_music_demucs_16k/metaData_fma_large/row88625.csv
Execution time: 25.398097276687622 seconds
metaTables/vocal_music_demucs_16k/metaData_fma_large/row88626.csv
Execution time: 23.472532272338867 seconds
metaTables/vocal_music_demucs_16k/metaData_fma_large/row88627.csv
Execution time: 25.677553176879883 seconds
metaTables/vocal_music_demucs_16k/metaData_fma_large/row88628.csv
Execution time: 24.36329960823059 seconds
metaTables/vocal_music_demucs_16k/metaData_fma_large/row88629.csv
Execution time: 24.65097403526306 seconds
metaTables/vocal_music_demucs_16k/metaData_fma_large/row88630.csv
Execution time: 25.307242393493652 seconds
metaTables/vocal_music_demucs_16k/metaData_fma_large/row88631.csv
Execution time: 24.624045848846436 seconds
metaTables/vocal_music_demucs_16k/metaData_fma_large/row88632.csv
Execution time: 23.645710706710815 seconds
metaTables/vocal_music_demucs_16k/metaData_fma_large/row88633.csv
Execution time: 25.079845428466797 seconds
metaTables/vocal_music_demucs_16k/metaData_fma_large/row88634.csv
Execution time: 23.706791162490845 seconds
metaTables/vocal_music_demucs_16k/metaData_fma_large/row88635.csv
Execution time: 24.95035195350647 seconds
metaTables/vocal_music_demucs_16k/metaData_fma_large/row88636.csv
Execution time: 24.03643536567688 seconds
metaTables/vocal_music_demucs_16k/metaData_fma_large/row88637.csv
Execution time: 24.605244159698486 seconds
metaTables/vocal_music_demucs_16k/metaData_fma_large/row88638.csv
Execution time: 25.435797214508057 seconds
metaTables/vocal_music_demucs_16k/metaData_fma_large/row88639.csv
Execution time: 25.41262459754944 seconds
metaTables/vocal_music_demucs_16k/metaData_fma_large/row88640.csv
Execution time: 25.174900770187378 seconds
metaTables/vocal_music_demucs_16k/metaData_fma_large/row88641.csv
Execution time: 24.672488689422607 seconds
metaTables/vocal_music_demucs_16k/metaData_fma_large/row88642.csv
Execution time: 25.170144081115723 seconds
metaTables/vocal_music_demucs_16k/metaData_fma_large/row88643.csv
Execution time: 24.681858777999878 seconds
metaTables/vocal_music_demucs_16k/metaData_fma_large/row88644.csv
Execution time: 23.978128910064697 seconds
metaTables/vocal_music_demucs_16k/metaData_fma_large/row88645.csv
Execution time: 24.273942708969116 seconds
metaTables/vocal_music_demucs_16k/metaData_fma_large/row88646.csv
Execution time: 24.415720224380493 seconds
metaTables/vocal_music_demucs_16k/metaData_fma_large/row88647.csv
Execution time: 24.85762047767639 seconds
metaTables/vocal_music_demucs_16k/metaData_fma_large/row88648.csv
Execution time: 26.38561987876892 seconds
metaTables/vocal_music_demucs_16k/metaData_fma_large/row88649.csv
Execution time: 24.790926933288574 seconds
metaTables/vocal_music_demucs_16k/metaData_fma_large/row88650.csv
Execution time: 24.257705688476562 seconds
metaTables/vocal_music_demucs_16k/metaData_fma_large/row88651.csv
Execution time: 24.120208501815796 seconds
metaTables/vocal_music_demucs_16k/metaData_fma_large/row88652.csv
Execution time: 24.043298721313477 seconds
metaTables/vocal_music_demucs_16k/metaData_fma_large/row88653.csv
Execution time: 24.327073335647583 seconds
metaTables/vocal_music_demucs_16k/metaData_fma_large/row88654.csv
Execution time: 24.89621329307556 seconds
metaTables/vocal_music_demucs_16k/metaData_fma_large/row88655.csv
Execution time: 24.78991174697876 seconds
metaTables/vocal_music_demucs_16k/metaData_fma_large/row88656.csv
Execution time: 24.70285725593567 seconds
metaTables/vocal_music_demucs_16k/metaData_fma_large/row88657.csv
Execution time: 24.665948152542114 seconds
metaTables/vocal_music_demucs_16k/metaData_fma_large/row88658.csv
Execution time: 24.169501543045044 seconds
metaTables/vocal_music_demucs_16k/metaData_fma_large/row88659.csv
Execution time: 25.04326367378235 seconds
metaTables/vocal_music_demucs_16k/metaData_fma_large/row88660.csv
Execution time: 24.336724519729614 seconds
metaTables/vocal_music_demucs_16k/metaData_fma_large/row88661.csv
Execution time: 26.15701127052307 seconds
metaTables/vocal_music_demucs_16k/metaData_fma_large/row88662.csv
Execution time: 24.075780868530273 seconds
metaTables/vocal_music_demucs_16k/metaData_fma_large/row88663.csv
Execution time: 24.46332812309265 seconds
metaTables/vocal_music_demucs_16k/metaData_fma_large/row88664.csv
Execution time: 24.851276874542236 seconds
metaTables/vocal_music_demucs_16k/metaData_fma_large/row88665.csv
Execution time: 23.566232204437256 seconds
metaTables/vocal_music_demucs_16k/metaData_fma_large/row88666.csv
Execution time: 25.645708560943604 seconds
metaTables/vocal_music_demucs_16k/metaData_fma_large/row88667.csv
Execution time: 25.299904346466064 seconds
metaTables/vocal_music_demucs_16k/metaData_fma_large/row88668.csv
Execution time: 24.52793574333191 seconds
metaTables/vocal_music_demucs_16k/metaData_fma_large/row88669.csv
Execution time: 24.65298366546631 seconds
metaTables/vocal_music_demucs_16k/metaData_fma_large/row88670.csv
Execution time: 24.145360946655273 seconds
metaTables/vocal_music_demucs_16k/metaData_fma_large/row88671.csv
Execution time: 24.844953775405884 seconds
metaTables/vocal_music_demucs_16k/metaData_fma_large/row88672.csv
Execution time: 24.937077522277832 seconds
metaTables/vocal_music_demucs_16k/metaData_fma_large/row88673.csv
Execution time: 24.010136604309082 seconds
metaTables/vocal_music_demucs_16k/metaData_fma_large/row88674.csv
Execution time: 25.328842401504517 seconds
metaTables/vocal_music_demucs_16k/metaData_fma_large/row88675.csv
Execution time: 25.123342275619507 seconds
metaTables/vocal_music_demucs_16k/metaData_fma_large/row88676.csv
Execution time: 24.73496437072754 seconds
metaTables/vocal_music_demucs_16k/metaData_fma_large/row88677.csv
Execution time: 24.12073278427124 seconds
metaTables/vocal_music_demucs_16k/metaData_fma_large/row88678.csv
Execution time: 24.718899250030518 seconds
metaTables/vocal_music_demucs_16k/metaData_fma_large/row88679.csv
Execution time: 24.888792037963867 seconds
metaTables/vocal_music_demucs_16k/metaData_fma_large/row88680.csv
Execution time: 24.223135471343994 seconds
metaTables/vocal_music_demucs_16k/metaData_fma_large/row88681.csv
Execution time: 24.46878433227539 seconds
metaTables/vocal_music_demucs_16k/metaData_fma_large/row88682.csv
Execution time: 24.446037530899048 seconds
metaTables/vocal_music_demucs_16k/metaData_fma_large/row88683.csv
Execution time: 23.9015052318573 seconds
metaTables/vocal_music_demucs_16k/metaData_fma_large/row88684.csv
Execution time: 24.7869930267334 seconds
metaTables/vocal_music_demucs_16k/metaData_fma_large/row88685.csv
Execution time: 24.511253118515015 seconds
metaTables/vocal_music_demucs_16k/metaData_fma_large/row88686.csv
Execution time: 24.424488306045532 seconds
metaTables/vocal_music_demucs_16k/metaData_fma_large/row88687.csv
Execution time: 25.424363613128662 seconds
metaTables/vocal_music_demucs_16k/metaData_fma_large/row88688.csv
Execution time: 24.2844500541687 seconds
metaTables/vocal_music_demucs_16k/metaData_fma_large/row88689.csv
Execution time: 24.935126304626465 seconds
metaTables/vocal_music_demucs_16k/metaData_fma_large/row88690.csv
Execution time: 24.89065909385681 seconds
metaTables/vocal_music_demucs_16k/metaData_fma_large/row88691.csv
Execution time: 25.789700269699097 seconds
metaTables/vocal_music_demucs_16k/metaData_fma_large/row88692.csv
Execution time: 24.83736777305603 seconds
metaTables/vocal_music_demucs_16k/metaData_fma_large/row88693.csv
Execution time: 24.742760181427002 seconds
metaTables/vocal_music_demucs_16k/metaData_fma_large/row88694.csv
Execution time: 23.92626428604126 seconds
metaTables/vocal_music_demucs_16k/metaData_fma_large/row88695.csv
Execution time: 24.94156551361084 seconds
metaTables/vocal_music_demucs_16k/metaData_fma_large/row88696.csv
Execution time: 12.221221685409546 seconds
metaTables/vocal_music_demucs_16k/metaData_fma_large/row88697.csv
Execution time: 24.638543605804443 seconds
metaTables/vocal_music_demucs_16k/metaData_fma_large/row88698.csv
Execution time: 24.818872928619385 seconds
metaTables/vocal_music_demucs_16k/metaData_fma_large/row88699.csv
Demucs voice recognition done!
