/ext3/demucs/lib/python3.9/site-packages/demucs/api.py:27: UserWarning: TorchAudio's global backend is now deprecated. Please enable distpatcher by setting `TORCHAUDIO_USE_BACKEND_DISPATCHER=1`, and specify backend when calling load/info/save function.
  import torchaudio as ta
2024-05-09 09:22:36.754167: I tensorflow/core/util/port.cc:113] oneDNN custom operations are on. You may see slightly different numerical results due to floating-point round-off errors from different computation orders. To turn them off, set the environment variable `TF_ENABLE_ONEDNN_OPTS=0`.
2024-05-09 09:22:37.499498: E external/local_xla/xla/stream_executor/cuda/cuda_dnn.cc:9261] Unable to register cuDNN factory: Attempting to register factory for plugin cuDNN when one has already been registered
2024-05-09 09:22:37.499540: E external/local_xla/xla/stream_executor/cuda/cuda_fft.cc:607] Unable to register cuFFT factory: Attempting to register factory for plugin cuFFT when one has already been registered
2024-05-09 09:22:37.579005: E external/local_xla/xla/stream_executor/cuda/cuda_blas.cc:1515] Unable to register cuBLAS factory: Attempting to register factory for plugin cuBLAS when one has already been registered
2024-05-09 09:22:37.795130: I tensorflow/core/platform/cpu_feature_guard.cc:182] This TensorFlow binary is optimized to use available CPU instructions in performance-critical operations.
To enable the following instructions: AVX2 AVX512F AVX512_VNNI FMA, in other operations, rebuild TensorFlow with the appropriate compiler flags.
2024-05-09 09:22:40.552110: W tensorflow/compiler/tf2tensorrt/utils/py_utils.cc:38] TF-TRT Warning: Could not find TensorRT
SKIPPING: metaTables/vocal_music_demucs_16k/metaData_fma_large/row62300.csv
SKIPPING: metaTables/vocal_music_demucs_16k/metaData_fma_large/row62301.csv
SKIPPING: metaTables/vocal_music_demucs_16k/metaData_fma_large/row62302.csv
SKIPPING: metaTables/vocal_music_demucs_16k/metaData_fma_large/row62303.csv
SKIPPING: metaTables/vocal_music_demucs_16k/metaData_fma_large/row62304.csv
SKIPPING: metaTables/vocal_music_demucs_16k/metaData_fma_large/row62305.csv
SKIPPING: metaTables/vocal_music_demucs_16k/metaData_fma_large/row62306.csv
SKIPPING: metaTables/vocal_music_demucs_16k/metaData_fma_large/row62307.csv
SKIPPING: metaTables/vocal_music_demucs_16k/metaData_fma_large/row62308.csv
SKIPPING: metaTables/vocal_music_demucs_16k/metaData_fma_large/row62309.csv
SKIPPING: metaTables/vocal_music_demucs_16k/metaData_fma_large/row62310.csv
SKIPPING: metaTables/vocal_music_demucs_16k/metaData_fma_large/row62311.csv
SKIPPING: metaTables/vocal_music_demucs_16k/metaData_fma_large/row62312.csv
SKIPPING: metaTables/vocal_music_demucs_16k/metaData_fma_large/row62313.csv
SKIPPING: metaTables/vocal_music_demucs_16k/metaData_fma_large/row62314.csv
SKIPPING: metaTables/vocal_music_demucs_16k/metaData_fma_large/row62315.csv
SKIPPING: metaTables/vocal_music_demucs_16k/metaData_fma_large/row62316.csv
SKIPPING: metaTables/vocal_music_demucs_16k/metaData_fma_large/row62317.csv
SKIPPING: metaTables/vocal_music_demucs_16k/metaData_fma_large/row62318.csv
SKIPPING: metaTables/vocal_music_demucs_16k/metaData_fma_large/row62319.csv
SKIPPING: metaTables/vocal_music_demucs_16k/metaData_fma_large/row62320.csv
SKIPPING: metaTables/vocal_music_demucs_16k/metaData_fma_large/row62321.csv
SKIPPING: metaTables/vocal_music_demucs_16k/metaData_fma_large/row62322.csv
SKIPPING: metaTables/vocal_music_demucs_16k/metaData_fma_large/row62323.csv
SKIPPING: metaTables/vocal_music_demucs_16k/metaData_fma_large/row62324.csv
SKIPPING: metaTables/vocal_music_demucs_16k/metaData_fma_large/row62325.csv
SKIPPING: metaTables/vocal_music_demucs_16k/metaData_fma_large/row62326.csv
SKIPPING: metaTables/vocal_music_demucs_16k/metaData_fma_large/row62327.csv
SKIPPING: metaTables/vocal_music_demucs_16k/metaData_fma_large/row62328.csv
SKIPPING: metaTables/vocal_music_demucs_16k/metaData_fma_large/row62329.csv
SKIPPING: metaTables/vocal_music_demucs_16k/metaData_fma_large/row62330.csv
SKIPPING: metaTables/vocal_music_demucs_16k/metaData_fma_large/row62331.csv
SKIPPING: metaTables/vocal_music_demucs_16k/metaData_fma_large/row62332.csv
SKIPPING: metaTables/vocal_music_demucs_16k/metaData_fma_large/row62333.csv
SKIPPING: metaTables/vocal_music_demucs_16k/metaData_fma_large/row62334.csv
SKIPPING: metaTables/vocal_music_demucs_16k/metaData_fma_large/row62335.csv
SKIPPING: metaTables/vocal_music_demucs_16k/metaData_fma_large/row62336.csv
SKIPPING: metaTables/vocal_music_demucs_16k/metaData_fma_large/row62337.csv
SKIPPING: metaTables/vocal_music_demucs_16k/metaData_fma_large/row62338.csv
SKIPPING: metaTables/vocal_music_demucs_16k/metaData_fma_large/row62339.csv
SKIPPING: metaTables/vocal_music_demucs_16k/metaData_fma_large/row62340.csv
SKIPPING: metaTables/vocal_music_demucs_16k/metaData_fma_large/row62341.csv
SKIPPING: metaTables/vocal_music_demucs_16k/metaData_fma_large/row62342.csv
SKIPPING: metaTables/vocal_music_demucs_16k/metaData_fma_large/row62343.csv
SKIPPING: metaTables/vocal_music_demucs_16k/metaData_fma_large/row62344.csv
SKIPPING: metaTables/vocal_music_demucs_16k/metaData_fma_large/row62345.csv
SKIPPING: metaTables/vocal_music_demucs_16k/metaData_fma_large/row62346.csv
SKIPPING: metaTables/vocal_music_demucs_16k/metaData_fma_large/row62347.csv
SKIPPING: metaTables/vocal_music_demucs_16k/metaData_fma_large/row62348.csv
SKIPPING: metaTables/vocal_music_demucs_16k/metaData_fma_large/row62349.csv
SKIPPING: metaTables/vocal_music_demucs_16k/metaData_fma_large/row62350.csv
SKIPPING: metaTables/vocal_music_demucs_16k/metaData_fma_large/row62351.csv
SKIPPING: metaTables/vocal_music_demucs_16k/metaData_fma_large/row62352.csv
SKIPPING: metaTables/vocal_music_demucs_16k/metaData_fma_large/row62353.csv
SKIPPING: metaTables/vocal_music_demucs_16k/metaData_fma_large/row62354.csv
SKIPPING: metaTables/vocal_music_demucs_16k/metaData_fma_large/row62355.csv
SKIPPING: metaTables/vocal_music_demucs_16k/metaData_fma_large/row62356.csv
SKIPPING: metaTables/vocal_music_demucs_16k/metaData_fma_large/row62357.csv
SKIPPING: metaTables/vocal_music_demucs_16k/metaData_fma_large/row62358.csv
SKIPPING: metaTables/vocal_music_demucs_16k/metaData_fma_large/row62359.csv
SKIPPING: metaTables/vocal_music_demucs_16k/metaData_fma_large/row62360.csv
SKIPPING: metaTables/vocal_music_demucs_16k/metaData_fma_large/row62361.csv
SKIPPING: metaTables/vocal_music_demucs_16k/metaData_fma_large/row62362.csv
SKIPPING: metaTables/vocal_music_demucs_16k/metaData_fma_large/row62363.csv
SKIPPING: metaTables/vocal_music_demucs_16k/metaData_fma_large/row62364.csv
SKIPPING: metaTables/vocal_music_demucs_16k/metaData_fma_large/row62365.csv
SKIPPING: metaTables/vocal_music_demucs_16k/metaData_fma_large/row62366.csv
SKIPPING: metaTables/vocal_music_demucs_16k/metaData_fma_large/row62367.csv
SKIPPING: metaTables/vocal_music_demucs_16k/metaData_fma_large/row62368.csv
SKIPPING: metaTables/vocal_music_demucs_16k/metaData_fma_large/row62369.csv
SKIPPING: metaTables/vocal_music_demucs_16k/metaData_fma_large/row62370.csv
SKIPPING: metaTables/vocal_music_demucs_16k/metaData_fma_large/row62371.csv
SKIPPING: metaTables/vocal_music_demucs_16k/metaData_fma_large/row62372.csv
SKIPPING: metaTables/vocal_music_demucs_16k/metaData_fma_large/row62373.csv
SKIPPING: metaTables/vocal_music_demucs_16k/metaData_fma_large/row62374.csv
SKIPPING: metaTables/vocal_music_demucs_16k/metaData_fma_large/row62375.csv
SKIPPING: metaTables/vocal_music_demucs_16k/metaData_fma_large/row62376.csv
SKIPPING: metaTables/vocal_music_demucs_16k/metaData_fma_large/row62377.csv
SKIPPING: metaTables/vocal_music_demucs_16k/metaData_fma_large/row62378.csv
SKIPPING: metaTables/vocal_music_demucs_16k/metaData_fma_large/row62379.csv
SKIPPING: metaTables/vocal_music_demucs_16k/metaData_fma_large/row62380.csv
SKIPPING: metaTables/vocal_music_demucs_16k/metaData_fma_large/row62381.csv
SKIPPING: metaTables/vocal_music_demucs_16k/metaData_fma_large/row62382.csv
SKIPPING: metaTables/vocal_music_demucs_16k/metaData_fma_large/row62383.csv
SKIPPING: metaTables/vocal_music_demucs_16k/metaData_fma_large/row62384.csv
SKIPPING: metaTables/vocal_music_demucs_16k/metaData_fma_large/row62385.csv
SKIPPING: metaTables/vocal_music_demucs_16k/metaData_fma_large/row62386.csv
SKIPPING: metaTables/vocal_music_demucs_16k/metaData_fma_large/row62387.csv
SKIPPING: metaTables/vocal_music_demucs_16k/metaData_fma_large/row62388.csv
SKIPPING: metaTables/vocal_music_demucs_16k/metaData_fma_large/row62389.csv
SKIPPING: metaTables/vocal_music_demucs_16k/metaData_fma_large/row62390.csv
SKIPPING: metaTables/vocal_music_demucs_16k/metaData_fma_large/row62391.csv
SKIPPING: metaTables/vocal_music_demucs_16k/metaData_fma_large/row62392.csv
SKIPPING: metaTables/vocal_music_demucs_16k/metaData_fma_large/row62393.csv
SKIPPING: metaTables/vocal_music_demucs_16k/metaData_fma_large/row62394.csv
SKIPPING: metaTables/vocal_music_demucs_16k/metaData_fma_large/row62395.csv
SKIPPING: metaTables/vocal_music_demucs_16k/metaData_fma_large/row62396.csv
SKIPPING: metaTables/vocal_music_demucs_16k/metaData_fma_large/row62397.csv
SKIPPING: metaTables/vocal_music_demucs_16k/metaData_fma_large/row62398.csv
SKIPPING: metaTables/vocal_music_demucs_16k/metaData_fma_large/row62399.csv
Demucs voice recognition done!
