/ext3/demucs/lib/python3.9/site-packages/demucs/api.py:27: UserWarning: TorchAudio's global backend is now deprecated. Please enable distpatcher by setting `TORCHAUDIO_USE_BACKEND_DISPATCHER=1`, and specify backend when calling load/info/save function.
  import torchaudio as ta
2024-05-09 09:22:22.081494: I tensorflow/core/util/port.cc:113] oneDNN custom operations are on. You may see slightly different numerical results due to floating-point round-off errors from different computation orders. To turn them off, set the environment variable `TF_ENABLE_ONEDNN_OPTS=0`.
2024-05-09 09:22:22.825508: E external/local_xla/xla/stream_executor/cuda/cuda_dnn.cc:9261] Unable to register cuDNN factory: Attempting to register factory for plugin cuDNN when one has already been registered
2024-05-09 09:22:22.825545: E external/local_xla/xla/stream_executor/cuda/cuda_fft.cc:607] Unable to register cuFFT factory: Attempting to register factory for plugin cuFFT when one has already been registered
2024-05-09 09:22:22.852494: E external/local_xla/xla/stream_executor/cuda/cuda_blas.cc:1515] Unable to register cuBLAS factory: Attempting to register factory for plugin cuBLAS when one has already been registered
2024-05-09 09:22:22.906989: I tensorflow/core/platform/cpu_feature_guard.cc:182] This TensorFlow binary is optimized to use available CPU instructions in performance-critical operations.
To enable the following instructions: AVX2 AVX512F AVX512_VNNI FMA, in other operations, rebuild TensorFlow with the appropriate compiler flags.
2024-05-09 09:22:23.781219: W tensorflow/compiler/tf2tensorrt/utils/py_utils.cc:38] TF-TRT Warning: Could not find TensorRT
SKIPPING: metaTables/vocal_music_demucs_16k/metaData_fma_large/row77600.csv
SKIPPING: metaTables/vocal_music_demucs_16k/metaData_fma_large/row77601.csv
SKIPPING: metaTables/vocal_music_demucs_16k/metaData_fma_large/row77602.csv
SKIPPING: metaTables/vocal_music_demucs_16k/metaData_fma_large/row77603.csv
SKIPPING: metaTables/vocal_music_demucs_16k/metaData_fma_large/row77604.csv
SKIPPING: metaTables/vocal_music_demucs_16k/metaData_fma_large/row77605.csv
SKIPPING: metaTables/vocal_music_demucs_16k/metaData_fma_large/row77606.csv
SKIPPING: metaTables/vocal_music_demucs_16k/metaData_fma_large/row77607.csv
SKIPPING: metaTables/vocal_music_demucs_16k/metaData_fma_large/row77608.csv
SKIPPING: metaTables/vocal_music_demucs_16k/metaData_fma_large/row77609.csv
SKIPPING: metaTables/vocal_music_demucs_16k/metaData_fma_large/row77610.csv
SKIPPING: metaTables/vocal_music_demucs_16k/metaData_fma_large/row77611.csv
SKIPPING: metaTables/vocal_music_demucs_16k/metaData_fma_large/row77612.csv
SKIPPING: metaTables/vocal_music_demucs_16k/metaData_fma_large/row77613.csv
SKIPPING: metaTables/vocal_music_demucs_16k/metaData_fma_large/row77614.csv
SKIPPING: metaTables/vocal_music_demucs_16k/metaData_fma_large/row77615.csv
SKIPPING: metaTables/vocal_music_demucs_16k/metaData_fma_large/row77616.csv
SKIPPING: metaTables/vocal_music_demucs_16k/metaData_fma_large/row77617.csv
SKIPPING: metaTables/vocal_music_demucs_16k/metaData_fma_large/row77618.csv
SKIPPING: metaTables/vocal_music_demucs_16k/metaData_fma_large/row77619.csv
SKIPPING: metaTables/vocal_music_demucs_16k/metaData_fma_large/row77620.csv
SKIPPING: metaTables/vocal_music_demucs_16k/metaData_fma_large/row77621.csv
SKIPPING: metaTables/vocal_music_demucs_16k/metaData_fma_large/row77622.csv
SKIPPING: metaTables/vocal_music_demucs_16k/metaData_fma_large/row77623.csv
SKIPPING: metaTables/vocal_music_demucs_16k/metaData_fma_large/row77624.csv
SKIPPING: metaTables/vocal_music_demucs_16k/metaData_fma_large/row77625.csv
SKIPPING: metaTables/vocal_music_demucs_16k/metaData_fma_large/row77626.csv
SKIPPING: metaTables/vocal_music_demucs_16k/metaData_fma_large/row77627.csv
SKIPPING: metaTables/vocal_music_demucs_16k/metaData_fma_large/row77628.csv
SKIPPING: metaTables/vocal_music_demucs_16k/metaData_fma_large/row77629.csv
SKIPPING: metaTables/vocal_music_demucs_16k/metaData_fma_large/row77630.csv
SKIPPING: metaTables/vocal_music_demucs_16k/metaData_fma_large/row77631.csv
SKIPPING: metaTables/vocal_music_demucs_16k/metaData_fma_large/row77632.csv
SKIPPING: metaTables/vocal_music_demucs_16k/metaData_fma_large/row77633.csv
SKIPPING: metaTables/vocal_music_demucs_16k/metaData_fma_large/row77634.csv
SKIPPING: metaTables/vocal_music_demucs_16k/metaData_fma_large/row77635.csv
SKIPPING: metaTables/vocal_music_demucs_16k/metaData_fma_large/row77636.csv
SKIPPING: metaTables/vocal_music_demucs_16k/metaData_fma_large/row77637.csv
SKIPPING: metaTables/vocal_music_demucs_16k/metaData_fma_large/row77638.csv
SKIPPING: metaTables/vocal_music_demucs_16k/metaData_fma_large/row77639.csv
SKIPPING: metaTables/vocal_music_demucs_16k/metaData_fma_large/row77640.csv
SKIPPING: metaTables/vocal_music_demucs_16k/metaData_fma_large/row77641.csv
SKIPPING: metaTables/vocal_music_demucs_16k/metaData_fma_large/row77642.csv
SKIPPING: metaTables/vocal_music_demucs_16k/metaData_fma_large/row77643.csv
SKIPPING: metaTables/vocal_music_demucs_16k/metaData_fma_large/row77644.csv
SKIPPING: metaTables/vocal_music_demucs_16k/metaData_fma_large/row77645.csv
SKIPPING: metaTables/vocal_music_demucs_16k/metaData_fma_large/row77646.csv
SKIPPING: metaTables/vocal_music_demucs_16k/metaData_fma_large/row77647.csv
SKIPPING: metaTables/vocal_music_demucs_16k/metaData_fma_large/row77648.csv
SKIPPING: metaTables/vocal_music_demucs_16k/metaData_fma_large/row77649.csv
SKIPPING: metaTables/vocal_music_demucs_16k/metaData_fma_large/row77650.csv
SKIPPING: metaTables/vocal_music_demucs_16k/metaData_fma_large/row77651.csv
SKIPPING: metaTables/vocal_music_demucs_16k/metaData_fma_large/row77652.csv
SKIPPING: metaTables/vocal_music_demucs_16k/metaData_fma_large/row77653.csv
SKIPPING: metaTables/vocal_music_demucs_16k/metaData_fma_large/row77654.csv
SKIPPING: metaTables/vocal_music_demucs_16k/metaData_fma_large/row77655.csv
SKIPPING: metaTables/vocal_music_demucs_16k/metaData_fma_large/row77656.csv
SKIPPING: metaTables/vocal_music_demucs_16k/metaData_fma_large/row77657.csv
SKIPPING: metaTables/vocal_music_demucs_16k/metaData_fma_large/row77658.csv
SKIPPING: metaTables/vocal_music_demucs_16k/metaData_fma_large/row77659.csv
SKIPPING: metaTables/vocal_music_demucs_16k/metaData_fma_large/row77660.csv
SKIPPING: metaTables/vocal_music_demucs_16k/metaData_fma_large/row77661.csv
SKIPPING: metaTables/vocal_music_demucs_16k/metaData_fma_large/row77662.csv
SKIPPING: metaTables/vocal_music_demucs_16k/metaData_fma_large/row77663.csv
SKIPPING: metaTables/vocal_music_demucs_16k/metaData_fma_large/row77664.csv
SKIPPING: metaTables/vocal_music_demucs_16k/metaData_fma_large/row77665.csv
SKIPPING: metaTables/vocal_music_demucs_16k/metaData_fma_large/row77666.csv
SKIPPING: metaTables/vocal_music_demucs_16k/metaData_fma_large/row77667.csv
SKIPPING: metaTables/vocal_music_demucs_16k/metaData_fma_large/row77668.csv
SKIPPING: metaTables/vocal_music_demucs_16k/metaData_fma_large/row77669.csv
SKIPPING: metaTables/vocal_music_demucs_16k/metaData_fma_large/row77670.csv
SKIPPING: metaTables/vocal_music_demucs_16k/metaData_fma_large/row77671.csv
SKIPPING: metaTables/vocal_music_demucs_16k/metaData_fma_large/row77672.csv
SKIPPING: metaTables/vocal_music_demucs_16k/metaData_fma_large/row77673.csv
SKIPPING: metaTables/vocal_music_demucs_16k/metaData_fma_large/row77674.csv
SKIPPING: metaTables/vocal_music_demucs_16k/metaData_fma_large/row77675.csv
SKIPPING: metaTables/vocal_music_demucs_16k/metaData_fma_large/row77676.csv
SKIPPING: metaTables/vocal_music_demucs_16k/metaData_fma_large/row77677.csv
SKIPPING: metaTables/vocal_music_demucs_16k/metaData_fma_large/row77678.csv
SKIPPING: metaTables/vocal_music_demucs_16k/metaData_fma_large/row77679.csv
SKIPPING: metaTables/vocal_music_demucs_16k/metaData_fma_large/row77680.csv
SKIPPING: metaTables/vocal_music_demucs_16k/metaData_fma_large/row77681.csv
SKIPPING: metaTables/vocal_music_demucs_16k/metaData_fma_large/row77682.csv
SKIPPING: metaTables/vocal_music_demucs_16k/metaData_fma_large/row77683.csv
SKIPPING: metaTables/vocal_music_demucs_16k/metaData_fma_large/row77684.csv
SKIPPING: metaTables/vocal_music_demucs_16k/metaData_fma_large/row77685.csv
SKIPPING: metaTables/vocal_music_demucs_16k/metaData_fma_large/row77686.csv
SKIPPING: metaTables/vocal_music_demucs_16k/metaData_fma_large/row77687.csv
SKIPPING: metaTables/vocal_music_demucs_16k/metaData_fma_large/row77688.csv
SKIPPING: metaTables/vocal_music_demucs_16k/metaData_fma_large/row77689.csv
SKIPPING: metaTables/vocal_music_demucs_16k/metaData_fma_large/row77690.csv
SKIPPING: metaTables/vocal_music_demucs_16k/metaData_fma_large/row77691.csv
SKIPPING: metaTables/vocal_music_demucs_16k/metaData_fma_large/row77692.csv
SKIPPING: metaTables/vocal_music_demucs_16k/metaData_fma_large/row77693.csv
SKIPPING: metaTables/vocal_music_demucs_16k/metaData_fma_large/row77694.csv
SKIPPING: metaTables/vocal_music_demucs_16k/metaData_fma_large/row77695.csv
SKIPPING: metaTables/vocal_music_demucs_16k/metaData_fma_large/row77696.csv
SKIPPING: metaTables/vocal_music_demucs_16k/metaData_fma_large/row77697.csv
SKIPPING: metaTables/vocal_music_demucs_16k/metaData_fma_large/row77698.csv
SKIPPING: metaTables/vocal_music_demucs_16k/metaData_fma_large/row77699.csv
Demucs voice recognition done!
