/ext3/demucs/lib/python3.9/site-packages/demucs/api.py:27: UserWarning: TorchAudio's global backend is now deprecated. Please enable distpatcher by setting `TORCHAUDIO_USE_BACKEND_DISPATCHER=1`, and specify backend when calling load/info/save function.
  import torchaudio as ta
2024-05-08 23:36:03.828209: I tensorflow/core/util/port.cc:113] oneDNN custom operations are on. You may see slightly different numerical results due to floating-point round-off errors from different computation orders. To turn them off, set the environment variable `TF_ENABLE_ONEDNN_OPTS=0`.
2024-05-08 23:36:08.314428: E external/local_xla/xla/stream_executor/cuda/cuda_dnn.cc:9261] Unable to register cuDNN factory: Attempting to register factory for plugin cuDNN when one has already been registered
2024-05-08 23:36:08.314465: E external/local_xla/xla/stream_executor/cuda/cuda_fft.cc:607] Unable to register cuFFT factory: Attempting to register factory for plugin cuFFT when one has already been registered
2024-05-08 23:36:08.660488: E external/local_xla/xla/stream_executor/cuda/cuda_blas.cc:1515] Unable to register cuBLAS factory: Attempting to register factory for plugin cuBLAS when one has already been registered
2024-05-08 23:36:09.130620: I tensorflow/core/platform/cpu_feature_guard.cc:182] This TensorFlow binary is optimized to use available CPU instructions in performance-critical operations.
To enable the following instructions: AVX2 AVX512F AVX512_VNNI FMA, in other operations, rebuild TensorFlow with the appropriate compiler flags.
2024-05-08 23:36:12.512142: W tensorflow/compiler/tf2tensorrt/utils/py_utils.cc:38] TF-TRT Warning: Could not find TensorRT
Execution time: 32.412195920944214 seconds
metaTables/vocal_music_demucs_16k/metaData_fma_large/row15100.csv
Execution time: 27.649466514587402 seconds
metaTables/vocal_music_demucs_16k/metaData_fma_large/row15101.csv
Execution time: 28.491913557052612 seconds
metaTables/vocal_music_demucs_16k/metaData_fma_large/row15102.csv
Execution time: 27.69243025779724 seconds
metaTables/vocal_music_demucs_16k/metaData_fma_large/row15103.csv
Execution time: 27.829601287841797 seconds
metaTables/vocal_music_demucs_16k/metaData_fma_large/row15104.csv
Execution time: 27.861650228500366 seconds
metaTables/vocal_music_demucs_16k/metaData_fma_large/row15105.csv
Execution time: 27.439754009246826 seconds
metaTables/vocal_music_demucs_16k/metaData_fma_large/row15106.csv
Execution time: 28.844897508621216 seconds
metaTables/vocal_music_demucs_16k/metaData_fma_large/row15107.csv
Execution time: 28.023415088653564 seconds
metaTables/vocal_music_demucs_16k/metaData_fma_large/row15108.csv
Execution time: 26.96685028076172 seconds
metaTables/vocal_music_demucs_16k/metaData_fma_large/row15109.csv
Execution time: 27.386876106262207 seconds
metaTables/vocal_music_demucs_16k/metaData_fma_large/row15110.csv
Execution time: 27.315332889556885 seconds
metaTables/vocal_music_demucs_16k/metaData_fma_large/row15111.csv
Execution time: 27.551284551620483 seconds
metaTables/vocal_music_demucs_16k/metaData_fma_large/row15112.csv
Execution time: 27.84526252746582 seconds
metaTables/vocal_music_demucs_16k/metaData_fma_large/row15113.csv
Execution time: 27.886220693588257 seconds
metaTables/vocal_music_demucs_16k/metaData_fma_large/row15114.csv
Execution time: 28.298083305358887 seconds
metaTables/vocal_music_demucs_16k/metaData_fma_large/row15115.csv
Execution time: 27.62301516532898 seconds
metaTables/vocal_music_demucs_16k/metaData_fma_large/row15116.csv
Execution time: 28.190201997756958 seconds
metaTables/vocal_music_demucs_16k/metaData_fma_large/row15117.csv
Execution time: 28.79279351234436 seconds
metaTables/vocal_music_demucs_16k/metaData_fma_large/row15118.csv
Execution time: 28.05389165878296 seconds
metaTables/vocal_music_demucs_16k/metaData_fma_large/row15119.csv
Execution time: 27.756535291671753 seconds
metaTables/vocal_music_demucs_16k/metaData_fma_large/row15120.csv
Execution time: 28.329879999160767 seconds
metaTables/vocal_music_demucs_16k/metaData_fma_large/row15121.csv
Execution time: 28.28348159790039 seconds
metaTables/vocal_music_demucs_16k/metaData_fma_large/row15122.csv
Execution time: 28.144459009170532 seconds
metaTables/vocal_music_demucs_16k/metaData_fma_large/row15123.csv
Execution time: 28.224579334259033 seconds
metaTables/vocal_music_demucs_16k/metaData_fma_large/row15124.csv
Execution time: 27.414459466934204 seconds
metaTables/vocal_music_demucs_16k/metaData_fma_large/row15125.csv
Execution time: 27.968719720840454 seconds
metaTables/vocal_music_demucs_16k/metaData_fma_large/row15126.csv
Execution time: 26.701776266098022 seconds
metaTables/vocal_music_demucs_16k/metaData_fma_large/row15127.csv
Execution time: 27.970738172531128 seconds
metaTables/vocal_music_demucs_16k/metaData_fma_large/row15128.csv
Execution time: 28.823967456817627 seconds
metaTables/vocal_music_demucs_16k/metaData_fma_large/row15129.csv
Execution time: 27.96736168861389 seconds
metaTables/vocal_music_demucs_16k/metaData_fma_large/row15130.csv
Execution time: 29.61299443244934 seconds
metaTables/vocal_music_demucs_16k/metaData_fma_large/row15131.csv
Execution time: 18.535247325897217 seconds
metaTables/vocal_music_demucs_16k/metaData_fma_large/row15132.csv
Execution time: 27.50563907623291 seconds
metaTables/vocal_music_demucs_16k/metaData_fma_large/row15133.csv
Execution time: 28.013654708862305 seconds
metaTables/vocal_music_demucs_16k/metaData_fma_large/row15134.csv
Execution time: 27.676948070526123 seconds
metaTables/vocal_music_demucs_16k/metaData_fma_large/row15135.csv
Execution time: 28.115405797958374 seconds
metaTables/vocal_music_demucs_16k/metaData_fma_large/row15136.csv
Execution time: 28.251149654388428 seconds
metaTables/vocal_music_demucs_16k/metaData_fma_large/row15137.csv
Execution time: 27.751136302947998 seconds
metaTables/vocal_music_demucs_16k/metaData_fma_large/row15138.csv
Execution time: 28.099672317504883 seconds
metaTables/vocal_music_demucs_16k/metaData_fma_large/row15139.csv
Execution time: 26.971293210983276 seconds
metaTables/vocal_music_demucs_16k/metaData_fma_large/row15140.csv
Execution time: 26.430474281311035 seconds
metaTables/vocal_music_demucs_16k/metaData_fma_large/row15141.csv
Execution time: 27.065212965011597 seconds
metaTables/vocal_music_demucs_16k/metaData_fma_large/row15142.csv
Execution time: 27.830811738967896 seconds
metaTables/vocal_music_demucs_16k/metaData_fma_large/row15143.csv
Execution time: 28.093586921691895 seconds
metaTables/vocal_music_demucs_16k/metaData_fma_large/row15144.csv
Execution time: 28.834226369857788 seconds
metaTables/vocal_music_demucs_16k/metaData_fma_large/row15145.csv
Execution time: 27.40764045715332 seconds
metaTables/vocal_music_demucs_16k/metaData_fma_large/row15146.csv
Execution time: 28.1624755859375 seconds
metaTables/vocal_music_demucs_16k/metaData_fma_large/row15147.csv
Execution time: 28.682920217514038 seconds
metaTables/vocal_music_demucs_16k/metaData_fma_large/row15148.csv
Execution time: 28.745373487472534 seconds
metaTables/vocal_music_demucs_16k/metaData_fma_large/row15149.csv
Execution time: 28.51864528656006 seconds
metaTables/vocal_music_demucs_16k/metaData_fma_large/row15150.csv
Execution time: 26.772757530212402 seconds
metaTables/vocal_music_demucs_16k/metaData_fma_large/row15151.csv
Execution time: 27.820285081863403 seconds
metaTables/vocal_music_demucs_16k/metaData_fma_large/row15152.csv
Execution time: 27.16933560371399 seconds
metaTables/vocal_music_demucs_16k/metaData_fma_large/row15153.csv
Execution time: 27.85824489593506 seconds
metaTables/vocal_music_demucs_16k/metaData_fma_large/row15154.csv
Execution time: 27.863060474395752 seconds
metaTables/vocal_music_demucs_16k/metaData_fma_large/row15155.csv
Execution time: 27.97111463546753 seconds
metaTables/vocal_music_demucs_16k/metaData_fma_large/row15156.csv
Execution time: 27.77605128288269 seconds
metaTables/vocal_music_demucs_16k/metaData_fma_large/row15157.csv
Execution time: 28.031373262405396 seconds
metaTables/vocal_music_demucs_16k/metaData_fma_large/row15158.csv
Execution time: 27.751587629318237 seconds
metaTables/vocal_music_demucs_16k/metaData_fma_large/row15159.csv
Execution time: 26.733179092407227 seconds
metaTables/vocal_music_demucs_16k/metaData_fma_large/row15160.csv
Execution time: 27.926182508468628 seconds
metaTables/vocal_music_demucs_16k/metaData_fma_large/row15161.csv
Execution time: 28.272144556045532 seconds
metaTables/vocal_music_demucs_16k/metaData_fma_large/row15162.csv
Execution time: 27.62912678718567 seconds
metaTables/vocal_music_demucs_16k/metaData_fma_large/row15163.csv
Execution time: 27.298132181167603 seconds
metaTables/vocal_music_demucs_16k/metaData_fma_large/row15164.csv
Execution time: 28.82080101966858 seconds
metaTables/vocal_music_demucs_16k/metaData_fma_large/row15165.csv
Execution time: 27.917132139205933 seconds
metaTables/vocal_music_demucs_16k/metaData_fma_large/row15166.csv
Execution time: 27.472375631332397 seconds
metaTables/vocal_music_demucs_16k/metaData_fma_large/row15167.csv
Execution time: 29.884962797164917 seconds
metaTables/vocal_music_demucs_16k/metaData_fma_large/row15168.csv
Execution time: 28.29725170135498 seconds
metaTables/vocal_music_demucs_16k/metaData_fma_large/row15169.csv
Execution time: 26.778314352035522 seconds
metaTables/vocal_music_demucs_16k/metaData_fma_large/row15170.csv
Execution time: 26.036977291107178 seconds
metaTables/vocal_music_demucs_16k/metaData_fma_large/row15171.csv
Execution time: 28.082590341567993 seconds
metaTables/vocal_music_demucs_16k/metaData_fma_large/row15172.csv
Execution time: 27.380300283432007 seconds
metaTables/vocal_music_demucs_16k/metaData_fma_large/row15173.csv
Execution time: 27.872666597366333 seconds
metaTables/vocal_music_demucs_16k/metaData_fma_large/row15174.csv
Execution time: 27.879159212112427 seconds
metaTables/vocal_music_demucs_16k/metaData_fma_large/row15175.csv
Execution time: 27.27092456817627 seconds
metaTables/vocal_music_demucs_16k/metaData_fma_large/row15176.csv
Execution time: 28.50041961669922 seconds
metaTables/vocal_music_demucs_16k/metaData_fma_large/row15177.csv
Execution time: 28.54040789604187 seconds
metaTables/vocal_music_demucs_16k/metaData_fma_large/row15178.csv
Execution time: 28.3592586517334 seconds
metaTables/vocal_music_demucs_16k/metaData_fma_large/row15179.csv
Execution time: 26.494078397750854 seconds
metaTables/vocal_music_demucs_16k/metaData_fma_large/row15180.csv
Execution time: 26.641399145126343 seconds
metaTables/vocal_music_demucs_16k/metaData_fma_large/row15181.csv
Execution time: 26.442495346069336 seconds
metaTables/vocal_music_demucs_16k/metaData_fma_large/row15182.csv
Execution time: 28.64079213142395 seconds
metaTables/vocal_music_demucs_16k/metaData_fma_large/row15183.csv
Execution time: 27.18220806121826 seconds
metaTables/vocal_music_demucs_16k/metaData_fma_large/row15184.csv
Execution time: 27.959801197052002 seconds
metaTables/vocal_music_demucs_16k/metaData_fma_large/row15185.csv
Execution time: 27.86155414581299 seconds
metaTables/vocal_music_demucs_16k/metaData_fma_large/row15186.csv
Execution time: 28.128075122833252 seconds
metaTables/vocal_music_demucs_16k/metaData_fma_large/row15187.csv
Execution time: 26.955909729003906 seconds
metaTables/vocal_music_demucs_16k/metaData_fma_large/row15188.csv
Execution time: 26.55760145187378 seconds
metaTables/vocal_music_demucs_16k/metaData_fma_large/row15189.csv
Execution time: 27.709335565567017 seconds
metaTables/vocal_music_demucs_16k/metaData_fma_large/row15190.csv
Execution time: 27.996985912322998 seconds
metaTables/vocal_music_demucs_16k/metaData_fma_large/row15191.csv
Execution time: 28.382861614227295 seconds
metaTables/vocal_music_demucs_16k/metaData_fma_large/row15192.csv
Execution time: 28.314712285995483 seconds
metaTables/vocal_music_demucs_16k/metaData_fma_large/row15193.csv
Execution time: 28.48075556755066 seconds
metaTables/vocal_music_demucs_16k/metaData_fma_large/row15194.csv
Execution time: 26.32626724243164 seconds
metaTables/vocal_music_demucs_16k/metaData_fma_large/row15195.csv
Execution time: 26.914106369018555 seconds
metaTables/vocal_music_demucs_16k/metaData_fma_large/row15196.csv
Execution time: 27.892317533493042 seconds
metaTables/vocal_music_demucs_16k/metaData_fma_large/row15197.csv
Execution time: 28.57520318031311 seconds
metaTables/vocal_music_demucs_16k/metaData_fma_large/row15198.csv
Execution time: 24.978944063186646 seconds
metaTables/vocal_music_demucs_16k/metaData_fma_large/row15199.csv
Demucs voice recognition done!
