/ext3/demucs/lib/python3.9/site-packages/demucs/api.py:27: UserWarning: TorchAudio's global backend is now deprecated. Please enable distpatcher by setting `TORCHAUDIO_USE_BACKEND_DISPATCHER=1`, and specify backend when calling load/info/save function.
  import torchaudio as ta
2024-05-09 09:20:47.784201: I tensorflow/core/util/port.cc:113] oneDNN custom operations are on. You may see slightly different numerical results due to floating-point round-off errors from different computation orders. To turn them off, set the environment variable `TF_ENABLE_ONEDNN_OPTS=0`.
2024-05-09 09:20:51.110335: E external/local_xla/xla/stream_executor/cuda/cuda_dnn.cc:9261] Unable to register cuDNN factory: Attempting to register factory for plugin cuDNN when one has already been registered
2024-05-09 09:20:51.110409: E external/local_xla/xla/stream_executor/cuda/cuda_fft.cc:607] Unable to register cuFFT factory: Attempting to register factory for plugin cuFFT when one has already been registered
2024-05-09 09:20:51.299030: E external/local_xla/xla/stream_executor/cuda/cuda_blas.cc:1515] Unable to register cuBLAS factory: Attempting to register factory for plugin cuBLAS when one has already been registered
2024-05-09 09:20:51.547752: I tensorflow/core/platform/cpu_feature_guard.cc:182] This TensorFlow binary is optimized to use available CPU instructions in performance-critical operations.
To enable the following instructions: AVX2 AVX512F AVX512_VNNI FMA, in other operations, rebuild TensorFlow with the appropriate compiler flags.
2024-05-09 09:20:54.760512: W tensorflow/compiler/tf2tensorrt/utils/py_utils.cc:38] TF-TRT Warning: Could not find TensorRT
SKIPPING: metaTables/vocal_music_demucs_16k/metaData_fma_large/row1200.csv
SKIPPING: metaTables/vocal_music_demucs_16k/metaData_fma_large/row1201.csv
SKIPPING: metaTables/vocal_music_demucs_16k/metaData_fma_large/row1202.csv
SKIPPING: metaTables/vocal_music_demucs_16k/metaData_fma_large/row1203.csv
SKIPPING: metaTables/vocal_music_demucs_16k/metaData_fma_large/row1204.csv
SKIPPING: metaTables/vocal_music_demucs_16k/metaData_fma_large/row1205.csv
SKIPPING: metaTables/vocal_music_demucs_16k/metaData_fma_large/row1206.csv
SKIPPING: metaTables/vocal_music_demucs_16k/metaData_fma_large/row1207.csv
SKIPPING: metaTables/vocal_music_demucs_16k/metaData_fma_large/row1208.csv
SKIPPING: metaTables/vocal_music_demucs_16k/metaData_fma_large/row1209.csv
SKIPPING: metaTables/vocal_music_demucs_16k/metaData_fma_large/row1210.csv
SKIPPING: metaTables/vocal_music_demucs_16k/metaData_fma_large/row1211.csv
SKIPPING: metaTables/vocal_music_demucs_16k/metaData_fma_large/row1212.csv
SKIPPING: metaTables/vocal_music_demucs_16k/metaData_fma_large/row1213.csv
SKIPPING: metaTables/vocal_music_demucs_16k/metaData_fma_large/row1214.csv
SKIPPING: metaTables/vocal_music_demucs_16k/metaData_fma_large/row1215.csv
SKIPPING: metaTables/vocal_music_demucs_16k/metaData_fma_large/row1216.csv
SKIPPING: metaTables/vocal_music_demucs_16k/metaData_fma_large/row1217.csv
SKIPPING: metaTables/vocal_music_demucs_16k/metaData_fma_large/row1218.csv
SKIPPING: metaTables/vocal_music_demucs_16k/metaData_fma_large/row1219.csv
SKIPPING: metaTables/vocal_music_demucs_16k/metaData_fma_large/row1220.csv
SKIPPING: metaTables/vocal_music_demucs_16k/metaData_fma_large/row1221.csv
SKIPPING: metaTables/vocal_music_demucs_16k/metaData_fma_large/row1222.csv
SKIPPING: metaTables/vocal_music_demucs_16k/metaData_fma_large/row1223.csv
SKIPPING: metaTables/vocal_music_demucs_16k/metaData_fma_large/row1224.csv
SKIPPING: metaTables/vocal_music_demucs_16k/metaData_fma_large/row1225.csv
SKIPPING: metaTables/vocal_music_demucs_16k/metaData_fma_large/row1226.csv
SKIPPING: metaTables/vocal_music_demucs_16k/metaData_fma_large/row1227.csv
SKIPPING: metaTables/vocal_music_demucs_16k/metaData_fma_large/row1228.csv
SKIPPING: metaTables/vocal_music_demucs_16k/metaData_fma_large/row1229.csv
SKIPPING: metaTables/vocal_music_demucs_16k/metaData_fma_large/row1230.csv
SKIPPING: metaTables/vocal_music_demucs_16k/metaData_fma_large/row1231.csv
SKIPPING: metaTables/vocal_music_demucs_16k/metaData_fma_large/row1232.csv
SKIPPING: metaTables/vocal_music_demucs_16k/metaData_fma_large/row1233.csv
SKIPPING: metaTables/vocal_music_demucs_16k/metaData_fma_large/row1234.csv
SKIPPING: metaTables/vocal_music_demucs_16k/metaData_fma_large/row1235.csv
SKIPPING: metaTables/vocal_music_demucs_16k/metaData_fma_large/row1236.csv
SKIPPING: metaTables/vocal_music_demucs_16k/metaData_fma_large/row1237.csv
SKIPPING: metaTables/vocal_music_demucs_16k/metaData_fma_large/row1238.csv
SKIPPING: metaTables/vocal_music_demucs_16k/metaData_fma_large/row1239.csv
SKIPPING: metaTables/vocal_music_demucs_16k/metaData_fma_large/row1240.csv
SKIPPING: metaTables/vocal_music_demucs_16k/metaData_fma_large/row1241.csv
SKIPPING: metaTables/vocal_music_demucs_16k/metaData_fma_large/row1242.csv
SKIPPING: metaTables/vocal_music_demucs_16k/metaData_fma_large/row1243.csv
SKIPPING: metaTables/vocal_music_demucs_16k/metaData_fma_large/row1244.csv
SKIPPING: metaTables/vocal_music_demucs_16k/metaData_fma_large/row1245.csv
SKIPPING: metaTables/vocal_music_demucs_16k/metaData_fma_large/row1246.csv
SKIPPING: metaTables/vocal_music_demucs_16k/metaData_fma_large/row1247.csv
SKIPPING: metaTables/vocal_music_demucs_16k/metaData_fma_large/row1248.csv
SKIPPING: metaTables/vocal_music_demucs_16k/metaData_fma_large/row1249.csv
SKIPPING: metaTables/vocal_music_demucs_16k/metaData_fma_large/row1250.csv
SKIPPING: metaTables/vocal_music_demucs_16k/metaData_fma_large/row1251.csv
SKIPPING: metaTables/vocal_music_demucs_16k/metaData_fma_large/row1252.csv
SKIPPING: metaTables/vocal_music_demucs_16k/metaData_fma_large/row1253.csv
SKIPPING: metaTables/vocal_music_demucs_16k/metaData_fma_large/row1254.csv
SKIPPING: metaTables/vocal_music_demucs_16k/metaData_fma_large/row1255.csv
SKIPPING: metaTables/vocal_music_demucs_16k/metaData_fma_large/row1256.csv
SKIPPING: metaTables/vocal_music_demucs_16k/metaData_fma_large/row1257.csv
SKIPPING: metaTables/vocal_music_demucs_16k/metaData_fma_large/row1258.csv
SKIPPING: metaTables/vocal_music_demucs_16k/metaData_fma_large/row1259.csv
SKIPPING: metaTables/vocal_music_demucs_16k/metaData_fma_large/row1260.csv
SKIPPING: metaTables/vocal_music_demucs_16k/metaData_fma_large/row1261.csv
SKIPPING: metaTables/vocal_music_demucs_16k/metaData_fma_large/row1262.csv
SKIPPING: metaTables/vocal_music_demucs_16k/metaData_fma_large/row1263.csv
SKIPPING: metaTables/vocal_music_demucs_16k/metaData_fma_large/row1264.csv
SKIPPING: metaTables/vocal_music_demucs_16k/metaData_fma_large/row1265.csv
SKIPPING: metaTables/vocal_music_demucs_16k/metaData_fma_large/row1266.csv
SKIPPING: metaTables/vocal_music_demucs_16k/metaData_fma_large/row1267.csv
SKIPPING: metaTables/vocal_music_demucs_16k/metaData_fma_large/row1268.csv
SKIPPING: metaTables/vocal_music_demucs_16k/metaData_fma_large/row1269.csv
SKIPPING: metaTables/vocal_music_demucs_16k/metaData_fma_large/row1270.csv
SKIPPING: metaTables/vocal_music_demucs_16k/metaData_fma_large/row1271.csv
SKIPPING: metaTables/vocal_music_demucs_16k/metaData_fma_large/row1272.csv
SKIPPING: metaTables/vocal_music_demucs_16k/metaData_fma_large/row1273.csv
SKIPPING: metaTables/vocal_music_demucs_16k/metaData_fma_large/row1274.csv
SKIPPING: metaTables/vocal_music_demucs_16k/metaData_fma_large/row1275.csv
SKIPPING: metaTables/vocal_music_demucs_16k/metaData_fma_large/row1276.csv
SKIPPING: metaTables/vocal_music_demucs_16k/metaData_fma_large/row1277.csv
SKIPPING: metaTables/vocal_music_demucs_16k/metaData_fma_large/row1278.csv
SKIPPING: metaTables/vocal_music_demucs_16k/metaData_fma_large/row1279.csv
SKIPPING: metaTables/vocal_music_demucs_16k/metaData_fma_large/row1280.csv
SKIPPING: metaTables/vocal_music_demucs_16k/metaData_fma_large/row1281.csv
SKIPPING: metaTables/vocal_music_demucs_16k/metaData_fma_large/row1282.csv
SKIPPING: metaTables/vocal_music_demucs_16k/metaData_fma_large/row1283.csv
SKIPPING: metaTables/vocal_music_demucs_16k/metaData_fma_large/row1284.csv
SKIPPING: metaTables/vocal_music_demucs_16k/metaData_fma_large/row1285.csv
SKIPPING: metaTables/vocal_music_demucs_16k/metaData_fma_large/row1286.csv
SKIPPING: metaTables/vocal_music_demucs_16k/metaData_fma_large/row1287.csv
SKIPPING: metaTables/vocal_music_demucs_16k/metaData_fma_large/row1288.csv
SKIPPING: metaTables/vocal_music_demucs_16k/metaData_fma_large/row1289.csv
SKIPPING: metaTables/vocal_music_demucs_16k/metaData_fma_large/row1290.csv
SKIPPING: metaTables/vocal_music_demucs_16k/metaData_fma_large/row1291.csv
SKIPPING: metaTables/vocal_music_demucs_16k/metaData_fma_large/row1292.csv
SKIPPING: metaTables/vocal_music_demucs_16k/metaData_fma_large/row1293.csv
SKIPPING: metaTables/vocal_music_demucs_16k/metaData_fma_large/row1294.csv
SKIPPING: metaTables/vocal_music_demucs_16k/metaData_fma_large/row1295.csv
SKIPPING: metaTables/vocal_music_demucs_16k/metaData_fma_large/row1296.csv
SKIPPING: metaTables/vocal_music_demucs_16k/metaData_fma_large/row1297.csv
SKIPPING: metaTables/vocal_music_demucs_16k/metaData_fma_large/row1298.csv
SKIPPING: metaTables/vocal_music_demucs_16k/metaData_fma_large/row1299.csv
Demucs voice recognition done!
