/ext3/demucs/lib/python3.9/site-packages/demucs/api.py:27: UserWarning: TorchAudio's global backend is now deprecated. Please enable distpatcher by setting `TORCHAUDIO_USE_BACKEND_DISPATCHER=1`, and specify backend when calling load/info/save function.
  import torchaudio as ta
2024-05-10 01:27:23.626422: I tensorflow/core/util/port.cc:113] oneDNN custom operations are on. You may see slightly different numerical results due to floating-point round-off errors from different computation orders. To turn them off, set the environment variable `TF_ENABLE_ONEDNN_OPTS=0`.
2024-05-10 01:27:23.853409: E external/local_xla/xla/stream_executor/cuda/cuda_dnn.cc:9261] Unable to register cuDNN factory: Attempting to register factory for plugin cuDNN when one has already been registered
2024-05-10 01:27:23.853445: E external/local_xla/xla/stream_executor/cuda/cuda_fft.cc:607] Unable to register cuFFT factory: Attempting to register factory for plugin cuFFT when one has already been registered
2024-05-10 01:27:23.875113: E external/local_xla/xla/stream_executor/cuda/cuda_blas.cc:1515] Unable to register cuBLAS factory: Attempting to register factory for plugin cuBLAS when one has already been registered
2024-05-10 01:27:23.924330: I tensorflow/core/platform/cpu_feature_guard.cc:182] This TensorFlow binary is optimized to use available CPU instructions in performance-critical operations.
To enable the following instructions: AVX2 AVX512F AVX512_VNNI FMA, in other operations, rebuild TensorFlow with the appropriate compiler flags.
2024-05-10 01:27:24.783745: W tensorflow/compiler/tf2tensorrt/utils/py_utils.cc:38] TF-TRT Warning: Could not find TensorRT
SKIPPING: metaTables/vocal_music_demucs_16k/metaData_fma_large/row16600.csv
SKIPPING: metaTables/vocal_music_demucs_16k/metaData_fma_large/row16601.csv
SKIPPING: metaTables/vocal_music_demucs_16k/metaData_fma_large/row16602.csv
SKIPPING: metaTables/vocal_music_demucs_16k/metaData_fma_large/row16603.csv
SKIPPING: metaTables/vocal_music_demucs_16k/metaData_fma_large/row16604.csv
SKIPPING: metaTables/vocal_music_demucs_16k/metaData_fma_large/row16605.csv
SKIPPING: metaTables/vocal_music_demucs_16k/metaData_fma_large/row16606.csv
SKIPPING: metaTables/vocal_music_demucs_16k/metaData_fma_large/row16607.csv
SKIPPING: metaTables/vocal_music_demucs_16k/metaData_fma_large/row16608.csv
SKIPPING: metaTables/vocal_music_demucs_16k/metaData_fma_large/row16609.csv
SKIPPING: metaTables/vocal_music_demucs_16k/metaData_fma_large/row16610.csv
SKIPPING: metaTables/vocal_music_demucs_16k/metaData_fma_large/row16611.csv
SKIPPING: metaTables/vocal_music_demucs_16k/metaData_fma_large/row16612.csv
SKIPPING: metaTables/vocal_music_demucs_16k/metaData_fma_large/row16613.csv
SKIPPING: metaTables/vocal_music_demucs_16k/metaData_fma_large/row16614.csv
SKIPPING: metaTables/vocal_music_demucs_16k/metaData_fma_large/row16615.csv
SKIPPING: metaTables/vocal_music_demucs_16k/metaData_fma_large/row16616.csv
SKIPPING: metaTables/vocal_music_demucs_16k/metaData_fma_large/row16617.csv
SKIPPING: metaTables/vocal_music_demucs_16k/metaData_fma_large/row16618.csv
Execution time: 25.641504287719727 seconds
metaTables/vocal_music_demucs_16k/metaData_fma_large/row16619.csv
Execution time: 15.986106157302856 seconds
metaTables/vocal_music_demucs_16k/metaData_fma_large/row16620.csv
Execution time: 25.238381385803223 seconds
metaTables/vocal_music_demucs_16k/metaData_fma_large/row16621.csv
Execution time: 24.991324424743652 seconds
metaTables/vocal_music_demucs_16k/metaData_fma_large/row16622.csv
Execution time: 26.223437070846558 seconds
metaTables/vocal_music_demucs_16k/metaData_fma_large/row16623.csv
Execution time: 27.39160943031311 seconds
metaTables/vocal_music_demucs_16k/metaData_fma_large/row16624.csv
Execution time: 25.43332052230835 seconds
metaTables/vocal_music_demucs_16k/metaData_fma_large/row16625.csv
Execution time: 25.48317813873291 seconds
metaTables/vocal_music_demucs_16k/metaData_fma_large/row16626.csv
Execution time: 23.886492490768433 seconds
metaTables/vocal_music_demucs_16k/metaData_fma_large/row16627.csv
Execution time: 25.03338050842285 seconds
metaTables/vocal_music_demucs_16k/metaData_fma_large/row16628.csv
Execution time: 25.310282230377197 seconds
metaTables/vocal_music_demucs_16k/metaData_fma_large/row16629.csv
Execution time: 24.013370275497437 seconds
metaTables/vocal_music_demucs_16k/metaData_fma_large/row16630.csv
Execution time: 25.25013566017151 seconds
metaTables/vocal_music_demucs_16k/metaData_fma_large/row16631.csv
Execution time: 25.92451786994934 seconds
metaTables/vocal_music_demucs_16k/metaData_fma_large/row16632.csv
Execution time: 26.10437250137329 seconds
metaTables/vocal_music_demucs_16k/metaData_fma_large/row16633.csv
Execution time: 24.73157024383545 seconds
metaTables/vocal_music_demucs_16k/metaData_fma_large/row16634.csv
Execution time: 25.104294776916504 seconds
metaTables/vocal_music_demucs_16k/metaData_fma_large/row16635.csv
Execution time: 24.362629413604736 seconds
metaTables/vocal_music_demucs_16k/metaData_fma_large/row16636.csv
Execution time: 25.43914771080017 seconds
metaTables/vocal_music_demucs_16k/metaData_fma_large/row16637.csv
Execution time: 24.312893629074097 seconds
metaTables/vocal_music_demucs_16k/metaData_fma_large/row16638.csv
Execution time: 24.874296188354492 seconds
metaTables/vocal_music_demucs_16k/metaData_fma_large/row16639.csv
Execution time: 24.66652226448059 seconds
metaTables/vocal_music_demucs_16k/metaData_fma_large/row16640.csv
Execution time: 24.537012815475464 seconds
metaTables/vocal_music_demucs_16k/metaData_fma_large/row16641.csv
Execution time: 25.891581773757935 seconds
metaTables/vocal_music_demucs_16k/metaData_fma_large/row16642.csv
Execution time: 24.96134090423584 seconds
metaTables/vocal_music_demucs_16k/metaData_fma_large/row16643.csv
Execution time: 25.794944047927856 seconds
metaTables/vocal_music_demucs_16k/metaData_fma_large/row16644.csv
Execution time: 24.94104528427124 seconds
metaTables/vocal_music_demucs_16k/metaData_fma_large/row16645.csv
Execution time: 24.92138671875 seconds
metaTables/vocal_music_demucs_16k/metaData_fma_large/row16646.csv
Execution time: 24.56613254547119 seconds
metaTables/vocal_music_demucs_16k/metaData_fma_large/row16647.csv
Execution time: 25.186285734176636 seconds
metaTables/vocal_music_demucs_16k/metaData_fma_large/row16648.csv
Execution time: 25.027686834335327 seconds
metaTables/vocal_music_demucs_16k/metaData_fma_large/row16649.csv
Execution time: 24.86655330657959 seconds
metaTables/vocal_music_demucs_16k/metaData_fma_large/row16650.csv
Execution time: 25.01719903945923 seconds
metaTables/vocal_music_demucs_16k/metaData_fma_large/row16651.csv
Execution time: 25.31292200088501 seconds
metaTables/vocal_music_demucs_16k/metaData_fma_large/row16652.csv
Execution time: 25.70384168624878 seconds
metaTables/vocal_music_demucs_16k/metaData_fma_large/row16653.csv
Execution time: 25.27658224105835 seconds
metaTables/vocal_music_demucs_16k/metaData_fma_large/row16654.csv
Execution time: 24.730375051498413 seconds
metaTables/vocal_music_demucs_16k/metaData_fma_large/row16655.csv
Execution time: 24.618196725845337 seconds
metaTables/vocal_music_demucs_16k/metaData_fma_large/row16656.csv
Execution time: 25.34676170349121 seconds
metaTables/vocal_music_demucs_16k/metaData_fma_large/row16657.csv
Execution time: 24.968363523483276 seconds
metaTables/vocal_music_demucs_16k/metaData_fma_large/row16658.csv
Execution time: 24.714223623275757 seconds
metaTables/vocal_music_demucs_16k/metaData_fma_large/row16659.csv
Execution time: 24.845767736434937 seconds
metaTables/vocal_music_demucs_16k/metaData_fma_large/row16660.csv
Execution time: 25.407866954803467 seconds
metaTables/vocal_music_demucs_16k/metaData_fma_large/row16661.csv
Execution time: 25.58241033554077 seconds
metaTables/vocal_music_demucs_16k/metaData_fma_large/row16662.csv
Execution time: 25.242008686065674 seconds
metaTables/vocal_music_demucs_16k/metaData_fma_large/row16663.csv
Execution time: 24.511061906814575 seconds
metaTables/vocal_music_demucs_16k/metaData_fma_large/row16664.csv
Execution time: 25.331748723983765 seconds
metaTables/vocal_music_demucs_16k/metaData_fma_large/row16665.csv
Execution time: 25.521483898162842 seconds
metaTables/vocal_music_demucs_16k/metaData_fma_large/row16666.csv
Execution time: 26.91132879257202 seconds
metaTables/vocal_music_demucs_16k/metaData_fma_large/row16667.csv
Execution time: 25.188847064971924 seconds
metaTables/vocal_music_demucs_16k/metaData_fma_large/row16668.csv
Execution time: 25.34955358505249 seconds
metaTables/vocal_music_demucs_16k/metaData_fma_large/row16669.csv
Execution time: 24.88377332687378 seconds
metaTables/vocal_music_demucs_16k/metaData_fma_large/row16670.csv
Execution time: 25.213448524475098 seconds
metaTables/vocal_music_demucs_16k/metaData_fma_large/row16671.csv
Execution time: 24.880756855010986 seconds
metaTables/vocal_music_demucs_16k/metaData_fma_large/row16672.csv
Execution time: 25.829097270965576 seconds
metaTables/vocal_music_demucs_16k/metaData_fma_large/row16673.csv
Execution time: 25.34070110321045 seconds
metaTables/vocal_music_demucs_16k/metaData_fma_large/row16674.csv
Execution time: 24.126761198043823 seconds
metaTables/vocal_music_demucs_16k/metaData_fma_large/row16675.csv
Execution time: 25.409924030303955 seconds
metaTables/vocal_music_demucs_16k/metaData_fma_large/row16676.csv
Execution time: 24.673523426055908 seconds
metaTables/vocal_music_demucs_16k/metaData_fma_large/row16677.csv
Execution time: 24.606037616729736 seconds
metaTables/vocal_music_demucs_16k/metaData_fma_large/row16678.csv
Execution time: 24.58766794204712 seconds
metaTables/vocal_music_demucs_16k/metaData_fma_large/row16679.csv
Execution time: 12.544230699539185 seconds
metaTables/vocal_music_demucs_16k/metaData_fma_large/row16680.csv
Execution time: 25.00930690765381 seconds
metaTables/vocal_music_demucs_16k/metaData_fma_large/row16681.csv
Execution time: 25.428595542907715 seconds
metaTables/vocal_music_demucs_16k/metaData_fma_large/row16682.csv
Execution time: 25.763871908187866 seconds
metaTables/vocal_music_demucs_16k/metaData_fma_large/row16683.csv
Execution time: 24.857470989227295 seconds
metaTables/vocal_music_demucs_16k/metaData_fma_large/row16684.csv
Execution time: 24.21227478981018 seconds
metaTables/vocal_music_demucs_16k/metaData_fma_large/row16685.csv
Execution time: 25.130796432495117 seconds
metaTables/vocal_music_demucs_16k/metaData_fma_large/row16686.csv
Execution time: 25.327854871749878 seconds
metaTables/vocal_music_demucs_16k/metaData_fma_large/row16687.csv
Execution time: 24.461397171020508 seconds
metaTables/vocal_music_demucs_16k/metaData_fma_large/row16688.csv
Execution time: 25.139769077301025 seconds
metaTables/vocal_music_demucs_16k/metaData_fma_large/row16689.csv
Execution time: 25.115326404571533 seconds
metaTables/vocal_music_demucs_16k/metaData_fma_large/row16690.csv
Execution time: 24.97700047492981 seconds
metaTables/vocal_music_demucs_16k/metaData_fma_large/row16691.csv
Execution time: 24.31060552597046 seconds
metaTables/vocal_music_demucs_16k/metaData_fma_large/row16692.csv
Execution time: 24.794488430023193 seconds
metaTables/vocal_music_demucs_16k/metaData_fma_large/row16693.csv
Execution time: 25.36488175392151 seconds
metaTables/vocal_music_demucs_16k/metaData_fma_large/row16694.csv
Execution time: 25.549967765808105 seconds
metaTables/vocal_music_demucs_16k/metaData_fma_large/row16695.csv
Execution time: 24.794509410858154 seconds
metaTables/vocal_music_demucs_16k/metaData_fma_large/row16696.csv
Execution time: 25.189598321914673 seconds
metaTables/vocal_music_demucs_16k/metaData_fma_large/row16697.csv
Execution time: 25.98515820503235 seconds
metaTables/vocal_music_demucs_16k/metaData_fma_large/row16698.csv
Execution time: 25.35321068763733 seconds
metaTables/vocal_music_demucs_16k/metaData_fma_large/row16699.csv
Demucs voice recognition done!
