/ext3/demucs/lib/python3.9/site-packages/demucs/api.py:27: UserWarning: TorchAudio's global backend is now deprecated. Please enable distpatcher by setting `TORCHAUDIO_USE_BACKEND_DISPATCHER=1`, and specify backend when calling load/info/save function.
  import torchaudio as ta
2024-05-09 09:20:47.828050: I tensorflow/core/util/port.cc:113] oneDNN custom operations are on. You may see slightly different numerical results due to floating-point round-off errors from different computation orders. To turn them off, set the environment variable `TF_ENABLE_ONEDNN_OPTS=0`.
2024-05-09 09:20:51.111872: E external/local_xla/xla/stream_executor/cuda/cuda_dnn.cc:9261] Unable to register cuDNN factory: Attempting to register factory for plugin cuDNN when one has already been registered
2024-05-09 09:20:51.111912: E external/local_xla/xla/stream_executor/cuda/cuda_fft.cc:607] Unable to register cuFFT factory: Attempting to register factory for plugin cuFFT when one has already been registered
2024-05-09 09:20:51.401824: E external/local_xla/xla/stream_executor/cuda/cuda_blas.cc:1515] Unable to register cuBLAS factory: Attempting to register factory for plugin cuBLAS when one has already been registered
2024-05-09 09:20:51.723507: I tensorflow/core/platform/cpu_feature_guard.cc:182] This TensorFlow binary is optimized to use available CPU instructions in performance-critical operations.
To enable the following instructions: AVX2 AVX512F AVX512_VNNI FMA, in other operations, rebuild TensorFlow with the appropriate compiler flags.
2024-05-09 09:20:54.319736: W tensorflow/compiler/tf2tensorrt/utils/py_utils.cc:38] TF-TRT Warning: Could not find TensorRT
SKIPPING: metaTables/vocal_music_demucs_16k/metaData_fma_large/row18600.csv
SKIPPING: metaTables/vocal_music_demucs_16k/metaData_fma_large/row18601.csv
SKIPPING: metaTables/vocal_music_demucs_16k/metaData_fma_large/row18602.csv
SKIPPING: metaTables/vocal_music_demucs_16k/metaData_fma_large/row18603.csv
SKIPPING: metaTables/vocal_music_demucs_16k/metaData_fma_large/row18604.csv
SKIPPING: metaTables/vocal_music_demucs_16k/metaData_fma_large/row18605.csv
SKIPPING: metaTables/vocal_music_demucs_16k/metaData_fma_large/row18606.csv
SKIPPING: metaTables/vocal_music_demucs_16k/metaData_fma_large/row18607.csv
SKIPPING: metaTables/vocal_music_demucs_16k/metaData_fma_large/row18608.csv
SKIPPING: metaTables/vocal_music_demucs_16k/metaData_fma_large/row18609.csv
SKIPPING: metaTables/vocal_music_demucs_16k/metaData_fma_large/row18610.csv
SKIPPING: metaTables/vocal_music_demucs_16k/metaData_fma_large/row18611.csv
SKIPPING: metaTables/vocal_music_demucs_16k/metaData_fma_large/row18612.csv
SKIPPING: metaTables/vocal_music_demucs_16k/metaData_fma_large/row18613.csv
SKIPPING: metaTables/vocal_music_demucs_16k/metaData_fma_large/row18614.csv
SKIPPING: metaTables/vocal_music_demucs_16k/metaData_fma_large/row18615.csv
SKIPPING: metaTables/vocal_music_demucs_16k/metaData_fma_large/row18616.csv
SKIPPING: metaTables/vocal_music_demucs_16k/metaData_fma_large/row18617.csv
SKIPPING: metaTables/vocal_music_demucs_16k/metaData_fma_large/row18618.csv
SKIPPING: metaTables/vocal_music_demucs_16k/metaData_fma_large/row18619.csv
SKIPPING: metaTables/vocal_music_demucs_16k/metaData_fma_large/row18620.csv
SKIPPING: metaTables/vocal_music_demucs_16k/metaData_fma_large/row18621.csv
SKIPPING: metaTables/vocal_music_demucs_16k/metaData_fma_large/row18622.csv
SKIPPING: metaTables/vocal_music_demucs_16k/metaData_fma_large/row18623.csv
SKIPPING: metaTables/vocal_music_demucs_16k/metaData_fma_large/row18624.csv
SKIPPING: metaTables/vocal_music_demucs_16k/metaData_fma_large/row18625.csv
SKIPPING: metaTables/vocal_music_demucs_16k/metaData_fma_large/row18626.csv
SKIPPING: metaTables/vocal_music_demucs_16k/metaData_fma_large/row18627.csv
SKIPPING: metaTables/vocal_music_demucs_16k/metaData_fma_large/row18628.csv
SKIPPING: metaTables/vocal_music_demucs_16k/metaData_fma_large/row18629.csv
SKIPPING: metaTables/vocal_music_demucs_16k/metaData_fma_large/row18630.csv
SKIPPING: metaTables/vocal_music_demucs_16k/metaData_fma_large/row18631.csv
SKIPPING: metaTables/vocal_music_demucs_16k/metaData_fma_large/row18632.csv
SKIPPING: metaTables/vocal_music_demucs_16k/metaData_fma_large/row18633.csv
SKIPPING: metaTables/vocal_music_demucs_16k/metaData_fma_large/row18634.csv
SKIPPING: metaTables/vocal_music_demucs_16k/metaData_fma_large/row18635.csv
SKIPPING: metaTables/vocal_music_demucs_16k/metaData_fma_large/row18636.csv
SKIPPING: metaTables/vocal_music_demucs_16k/metaData_fma_large/row18637.csv
SKIPPING: metaTables/vocal_music_demucs_16k/metaData_fma_large/row18638.csv
SKIPPING: metaTables/vocal_music_demucs_16k/metaData_fma_large/row18639.csv
SKIPPING: metaTables/vocal_music_demucs_16k/metaData_fma_large/row18640.csv
SKIPPING: metaTables/vocal_music_demucs_16k/metaData_fma_large/row18641.csv
SKIPPING: metaTables/vocal_music_demucs_16k/metaData_fma_large/row18642.csv
SKIPPING: metaTables/vocal_music_demucs_16k/metaData_fma_large/row18643.csv
SKIPPING: metaTables/vocal_music_demucs_16k/metaData_fma_large/row18644.csv
SKIPPING: metaTables/vocal_music_demucs_16k/metaData_fma_large/row18645.csv
SKIPPING: metaTables/vocal_music_demucs_16k/metaData_fma_large/row18646.csv
SKIPPING: metaTables/vocal_music_demucs_16k/metaData_fma_large/row18647.csv
SKIPPING: metaTables/vocal_music_demucs_16k/metaData_fma_large/row18648.csv
SKIPPING: metaTables/vocal_music_demucs_16k/metaData_fma_large/row18649.csv
SKIPPING: metaTables/vocal_music_demucs_16k/metaData_fma_large/row18650.csv
SKIPPING: metaTables/vocal_music_demucs_16k/metaData_fma_large/row18651.csv
SKIPPING: metaTables/vocal_music_demucs_16k/metaData_fma_large/row18652.csv
SKIPPING: metaTables/vocal_music_demucs_16k/metaData_fma_large/row18653.csv
SKIPPING: metaTables/vocal_music_demucs_16k/metaData_fma_large/row18654.csv
SKIPPING: metaTables/vocal_music_demucs_16k/metaData_fma_large/row18655.csv
SKIPPING: metaTables/vocal_music_demucs_16k/metaData_fma_large/row18656.csv
SKIPPING: metaTables/vocal_music_demucs_16k/metaData_fma_large/row18657.csv
SKIPPING: metaTables/vocal_music_demucs_16k/metaData_fma_large/row18658.csv
SKIPPING: metaTables/vocal_music_demucs_16k/metaData_fma_large/row18659.csv
SKIPPING: metaTables/vocal_music_demucs_16k/metaData_fma_large/row18660.csv
SKIPPING: metaTables/vocal_music_demucs_16k/metaData_fma_large/row18661.csv
SKIPPING: metaTables/vocal_music_demucs_16k/metaData_fma_large/row18662.csv
SKIPPING: metaTables/vocal_music_demucs_16k/metaData_fma_large/row18663.csv
SKIPPING: metaTables/vocal_music_demucs_16k/metaData_fma_large/row18664.csv
SKIPPING: metaTables/vocal_music_demucs_16k/metaData_fma_large/row18665.csv
SKIPPING: metaTables/vocal_music_demucs_16k/metaData_fma_large/row18666.csv
SKIPPING: metaTables/vocal_music_demucs_16k/metaData_fma_large/row18667.csv
SKIPPING: metaTables/vocal_music_demucs_16k/metaData_fma_large/row18668.csv
SKIPPING: metaTables/vocal_music_demucs_16k/metaData_fma_large/row18669.csv
SKIPPING: metaTables/vocal_music_demucs_16k/metaData_fma_large/row18670.csv
SKIPPING: metaTables/vocal_music_demucs_16k/metaData_fma_large/row18671.csv
SKIPPING: metaTables/vocal_music_demucs_16k/metaData_fma_large/row18672.csv
SKIPPING: metaTables/vocal_music_demucs_16k/metaData_fma_large/row18673.csv
SKIPPING: metaTables/vocal_music_demucs_16k/metaData_fma_large/row18674.csv
SKIPPING: metaTables/vocal_music_demucs_16k/metaData_fma_large/row18675.csv
SKIPPING: metaTables/vocal_music_demucs_16k/metaData_fma_large/row18676.csv
SKIPPING: metaTables/vocal_music_demucs_16k/metaData_fma_large/row18677.csv
SKIPPING: metaTables/vocal_music_demucs_16k/metaData_fma_large/row18678.csv
SKIPPING: metaTables/vocal_music_demucs_16k/metaData_fma_large/row18679.csv
SKIPPING: metaTables/vocal_music_demucs_16k/metaData_fma_large/row18680.csv
SKIPPING: metaTables/vocal_music_demucs_16k/metaData_fma_large/row18681.csv
SKIPPING: metaTables/vocal_music_demucs_16k/metaData_fma_large/row18682.csv
SKIPPING: metaTables/vocal_music_demucs_16k/metaData_fma_large/row18683.csv
SKIPPING: metaTables/vocal_music_demucs_16k/metaData_fma_large/row18684.csv
SKIPPING: metaTables/vocal_music_demucs_16k/metaData_fma_large/row18685.csv
SKIPPING: metaTables/vocal_music_demucs_16k/metaData_fma_large/row18686.csv
SKIPPING: metaTables/vocal_music_demucs_16k/metaData_fma_large/row18687.csv
SKIPPING: metaTables/vocal_music_demucs_16k/metaData_fma_large/row18688.csv
SKIPPING: metaTables/vocal_music_demucs_16k/metaData_fma_large/row18689.csv
SKIPPING: metaTables/vocal_music_demucs_16k/metaData_fma_large/row18690.csv
SKIPPING: metaTables/vocal_music_demucs_16k/metaData_fma_large/row18691.csv
SKIPPING: metaTables/vocal_music_demucs_16k/metaData_fma_large/row18692.csv
SKIPPING: metaTables/vocal_music_demucs_16k/metaData_fma_large/row18693.csv
SKIPPING: metaTables/vocal_music_demucs_16k/metaData_fma_large/row18694.csv
SKIPPING: metaTables/vocal_music_demucs_16k/metaData_fma_large/row18695.csv
SKIPPING: metaTables/vocal_music_demucs_16k/metaData_fma_large/row18696.csv
SKIPPING: metaTables/vocal_music_demucs_16k/metaData_fma_large/row18697.csv
SKIPPING: metaTables/vocal_music_demucs_16k/metaData_fma_large/row18698.csv
SKIPPING: metaTables/vocal_music_demucs_16k/metaData_fma_large/row18699.csv
Demucs voice recognition done!
