/ext3/demucs/lib/python3.9/site-packages/demucs/api.py:27: UserWarning: TorchAudio's global backend is now deprecated. Please enable distpatcher by setting `TORCHAUDIO_USE_BACKEND_DISPATCHER=1`, and specify backend when calling load/info/save function.
  import torchaudio as ta
2024-05-09 09:20:47.843648: I tensorflow/core/util/port.cc:113] oneDNN custom operations are on. You may see slightly different numerical results due to floating-point round-off errors from different computation orders. To turn them off, set the environment variable `TF_ENABLE_ONEDNN_OPTS=0`.
2024-05-09 09:20:51.148190: E external/local_xla/xla/stream_executor/cuda/cuda_dnn.cc:9261] Unable to register cuDNN factory: Attempting to register factory for plugin cuDNN when one has already been registered
2024-05-09 09:20:51.148226: E external/local_xla/xla/stream_executor/cuda/cuda_fft.cc:607] Unable to register cuFFT factory: Attempting to register factory for plugin cuFFT when one has already been registered
2024-05-09 09:20:51.258165: E external/local_xla/xla/stream_executor/cuda/cuda_blas.cc:1515] Unable to register cuBLAS factory: Attempting to register factory for plugin cuBLAS when one has already been registered
2024-05-09 09:20:51.810019: I tensorflow/core/platform/cpu_feature_guard.cc:182] This TensorFlow binary is optimized to use available CPU instructions in performance-critical operations.
To enable the following instructions: AVX2 AVX512F AVX512_VNNI FMA, in other operations, rebuild TensorFlow with the appropriate compiler flags.
2024-05-09 09:20:54.549446: W tensorflow/compiler/tf2tensorrt/utils/py_utils.cc:38] TF-TRT Warning: Could not find TensorRT
SKIPPING: metaTables/vocal_music_demucs_16k/metaData_fma_large/row4100.csv
SKIPPING: metaTables/vocal_music_demucs_16k/metaData_fma_large/row4101.csv
SKIPPING: metaTables/vocal_music_demucs_16k/metaData_fma_large/row4102.csv
SKIPPING: metaTables/vocal_music_demucs_16k/metaData_fma_large/row4103.csv
SKIPPING: metaTables/vocal_music_demucs_16k/metaData_fma_large/row4104.csv
SKIPPING: metaTables/vocal_music_demucs_16k/metaData_fma_large/row4105.csv
SKIPPING: metaTables/vocal_music_demucs_16k/metaData_fma_large/row4106.csv
SKIPPING: metaTables/vocal_music_demucs_16k/metaData_fma_large/row4107.csv
SKIPPING: metaTables/vocal_music_demucs_16k/metaData_fma_large/row4108.csv
SKIPPING: metaTables/vocal_music_demucs_16k/metaData_fma_large/row4109.csv
SKIPPING: metaTables/vocal_music_demucs_16k/metaData_fma_large/row4110.csv
SKIPPING: metaTables/vocal_music_demucs_16k/metaData_fma_large/row4111.csv
SKIPPING: metaTables/vocal_music_demucs_16k/metaData_fma_large/row4112.csv
SKIPPING: metaTables/vocal_music_demucs_16k/metaData_fma_large/row4113.csv
SKIPPING: metaTables/vocal_music_demucs_16k/metaData_fma_large/row4114.csv
SKIPPING: metaTables/vocal_music_demucs_16k/metaData_fma_large/row4115.csv
SKIPPING: metaTables/vocal_music_demucs_16k/metaData_fma_large/row4116.csv
SKIPPING: metaTables/vocal_music_demucs_16k/metaData_fma_large/row4117.csv
SKIPPING: metaTables/vocal_music_demucs_16k/metaData_fma_large/row4118.csv
SKIPPING: metaTables/vocal_music_demucs_16k/metaData_fma_large/row4119.csv
SKIPPING: metaTables/vocal_music_demucs_16k/metaData_fma_large/row4120.csv
SKIPPING: metaTables/vocal_music_demucs_16k/metaData_fma_large/row4121.csv
SKIPPING: metaTables/vocal_music_demucs_16k/metaData_fma_large/row4122.csv
SKIPPING: metaTables/vocal_music_demucs_16k/metaData_fma_large/row4123.csv
SKIPPING: metaTables/vocal_music_demucs_16k/metaData_fma_large/row4124.csv
SKIPPING: metaTables/vocal_music_demucs_16k/metaData_fma_large/row4125.csv
SKIPPING: metaTables/vocal_music_demucs_16k/metaData_fma_large/row4126.csv
SKIPPING: metaTables/vocal_music_demucs_16k/metaData_fma_large/row4127.csv
SKIPPING: metaTables/vocal_music_demucs_16k/metaData_fma_large/row4128.csv
SKIPPING: metaTables/vocal_music_demucs_16k/metaData_fma_large/row4129.csv
SKIPPING: metaTables/vocal_music_demucs_16k/metaData_fma_large/row4130.csv
SKIPPING: metaTables/vocal_music_demucs_16k/metaData_fma_large/row4131.csv
SKIPPING: metaTables/vocal_music_demucs_16k/metaData_fma_large/row4132.csv
SKIPPING: metaTables/vocal_music_demucs_16k/metaData_fma_large/row4133.csv
SKIPPING: metaTables/vocal_music_demucs_16k/metaData_fma_large/row4134.csv
SKIPPING: metaTables/vocal_music_demucs_16k/metaData_fma_large/row4135.csv
SKIPPING: metaTables/vocal_music_demucs_16k/metaData_fma_large/row4136.csv
SKIPPING: metaTables/vocal_music_demucs_16k/metaData_fma_large/row4137.csv
SKIPPING: metaTables/vocal_music_demucs_16k/metaData_fma_large/row4138.csv
SKIPPING: metaTables/vocal_music_demucs_16k/metaData_fma_large/row4139.csv
SKIPPING: metaTables/vocal_music_demucs_16k/metaData_fma_large/row4140.csv
SKIPPING: metaTables/vocal_music_demucs_16k/metaData_fma_large/row4141.csv
SKIPPING: metaTables/vocal_music_demucs_16k/metaData_fma_large/row4142.csv
SKIPPING: metaTables/vocal_music_demucs_16k/metaData_fma_large/row4143.csv
SKIPPING: metaTables/vocal_music_demucs_16k/metaData_fma_large/row4144.csv
SKIPPING: metaTables/vocal_music_demucs_16k/metaData_fma_large/row4145.csv
SKIPPING: metaTables/vocal_music_demucs_16k/metaData_fma_large/row4146.csv
SKIPPING: metaTables/vocal_music_demucs_16k/metaData_fma_large/row4147.csv
SKIPPING: metaTables/vocal_music_demucs_16k/metaData_fma_large/row4148.csv
SKIPPING: metaTables/vocal_music_demucs_16k/metaData_fma_large/row4149.csv
SKIPPING: metaTables/vocal_music_demucs_16k/metaData_fma_large/row4150.csv
SKIPPING: metaTables/vocal_music_demucs_16k/metaData_fma_large/row4151.csv
SKIPPING: metaTables/vocal_music_demucs_16k/metaData_fma_large/row4152.csv
SKIPPING: metaTables/vocal_music_demucs_16k/metaData_fma_large/row4153.csv
SKIPPING: metaTables/vocal_music_demucs_16k/metaData_fma_large/row4154.csv
SKIPPING: metaTables/vocal_music_demucs_16k/metaData_fma_large/row4155.csv
SKIPPING: metaTables/vocal_music_demucs_16k/metaData_fma_large/row4156.csv
SKIPPING: metaTables/vocal_music_demucs_16k/metaData_fma_large/row4157.csv
SKIPPING: metaTables/vocal_music_demucs_16k/metaData_fma_large/row4158.csv
SKIPPING: metaTables/vocal_music_demucs_16k/metaData_fma_large/row4159.csv
SKIPPING: metaTables/vocal_music_demucs_16k/metaData_fma_large/row4160.csv
SKIPPING: metaTables/vocal_music_demucs_16k/metaData_fma_large/row4161.csv
SKIPPING: metaTables/vocal_music_demucs_16k/metaData_fma_large/row4162.csv
SKIPPING: metaTables/vocal_music_demucs_16k/metaData_fma_large/row4163.csv
SKIPPING: metaTables/vocal_music_demucs_16k/metaData_fma_large/row4164.csv
SKIPPING: metaTables/vocal_music_demucs_16k/metaData_fma_large/row4165.csv
SKIPPING: metaTables/vocal_music_demucs_16k/metaData_fma_large/row4166.csv
SKIPPING: metaTables/vocal_music_demucs_16k/metaData_fma_large/row4167.csv
SKIPPING: metaTables/vocal_music_demucs_16k/metaData_fma_large/row4168.csv
SKIPPING: metaTables/vocal_music_demucs_16k/metaData_fma_large/row4169.csv
SKIPPING: metaTables/vocal_music_demucs_16k/metaData_fma_large/row4170.csv
SKIPPING: metaTables/vocal_music_demucs_16k/metaData_fma_large/row4171.csv
SKIPPING: metaTables/vocal_music_demucs_16k/metaData_fma_large/row4172.csv
SKIPPING: metaTables/vocal_music_demucs_16k/metaData_fma_large/row4173.csv
SKIPPING: metaTables/vocal_music_demucs_16k/metaData_fma_large/row4174.csv
SKIPPING: metaTables/vocal_music_demucs_16k/metaData_fma_large/row4175.csv
SKIPPING: metaTables/vocal_music_demucs_16k/metaData_fma_large/row4176.csv
SKIPPING: metaTables/vocal_music_demucs_16k/metaData_fma_large/row4177.csv
SKIPPING: metaTables/vocal_music_demucs_16k/metaData_fma_large/row4178.csv
SKIPPING: metaTables/vocal_music_demucs_16k/metaData_fma_large/row4179.csv
SKIPPING: metaTables/vocal_music_demucs_16k/metaData_fma_large/row4180.csv
SKIPPING: metaTables/vocal_music_demucs_16k/metaData_fma_large/row4181.csv
SKIPPING: metaTables/vocal_music_demucs_16k/metaData_fma_large/row4182.csv
SKIPPING: metaTables/vocal_music_demucs_16k/metaData_fma_large/row4183.csv
SKIPPING: metaTables/vocal_music_demucs_16k/metaData_fma_large/row4184.csv
SKIPPING: metaTables/vocal_music_demucs_16k/metaData_fma_large/row4185.csv
SKIPPING: metaTables/vocal_music_demucs_16k/metaData_fma_large/row4186.csv
SKIPPING: metaTables/vocal_music_demucs_16k/metaData_fma_large/row4187.csv
SKIPPING: metaTables/vocal_music_demucs_16k/metaData_fma_large/row4188.csv
SKIPPING: metaTables/vocal_music_demucs_16k/metaData_fma_large/row4189.csv
SKIPPING: metaTables/vocal_music_demucs_16k/metaData_fma_large/row4190.csv
SKIPPING: metaTables/vocal_music_demucs_16k/metaData_fma_large/row4191.csv
SKIPPING: metaTables/vocal_music_demucs_16k/metaData_fma_large/row4192.csv
SKIPPING: metaTables/vocal_music_demucs_16k/metaData_fma_large/row4193.csv
SKIPPING: metaTables/vocal_music_demucs_16k/metaData_fma_large/row4194.csv
SKIPPING: metaTables/vocal_music_demucs_16k/metaData_fma_large/row4195.csv
SKIPPING: metaTables/vocal_music_demucs_16k/metaData_fma_large/row4196.csv
SKIPPING: metaTables/vocal_music_demucs_16k/metaData_fma_large/row4197.csv
SKIPPING: metaTables/vocal_music_demucs_16k/metaData_fma_large/row4198.csv
SKIPPING: metaTables/vocal_music_demucs_16k/metaData_fma_large/row4199.csv
Demucs voice recognition done!
