/ext3/demucs/lib/python3.9/site-packages/demucs/api.py:27: UserWarning: TorchAudio's global backend is now deprecated. Please enable distpatcher by setting `TORCHAUDIO_USE_BACKEND_DISPATCHER=1`, and specify backend when calling load/info/save function.
  import torchaudio as ta
2024-05-09 09:20:47.810609: I tensorflow/core/util/port.cc:113] oneDNN custom operations are on. You may see slightly different numerical results due to floating-point round-off errors from different computation orders. To turn them off, set the environment variable `TF_ENABLE_ONEDNN_OPTS=0`.
2024-05-09 09:20:51.088295: E external/local_xla/xla/stream_executor/cuda/cuda_dnn.cc:9261] Unable to register cuDNN factory: Attempting to register factory for plugin cuDNN when one has already been registered
2024-05-09 09:20:51.088336: E external/local_xla/xla/stream_executor/cuda/cuda_fft.cc:607] Unable to register cuFFT factory: Attempting to register factory for plugin cuFFT when one has already been registered
2024-05-09 09:20:51.403577: E external/local_xla/xla/stream_executor/cuda/cuda_blas.cc:1515] Unable to register cuBLAS factory: Attempting to register factory for plugin cuBLAS when one has already been registered
2024-05-09 09:20:51.735066: I tensorflow/core/platform/cpu_feature_guard.cc:182] This TensorFlow binary is optimized to use available CPU instructions in performance-critical operations.
To enable the following instructions: AVX2 AVX512F AVX512_VNNI FMA, in other operations, rebuild TensorFlow with the appropriate compiler flags.
2024-05-09 09:20:54.322069: W tensorflow/compiler/tf2tensorrt/utils/py_utils.cc:38] TF-TRT Warning: Could not find TensorRT
SKIPPING: metaTables/vocal_music_demucs_16k/metaData_fma_large/row18400.csv
SKIPPING: metaTables/vocal_music_demucs_16k/metaData_fma_large/row18401.csv
SKIPPING: metaTables/vocal_music_demucs_16k/metaData_fma_large/row18402.csv
SKIPPING: metaTables/vocal_music_demucs_16k/metaData_fma_large/row18403.csv
SKIPPING: metaTables/vocal_music_demucs_16k/metaData_fma_large/row18404.csv
SKIPPING: metaTables/vocal_music_demucs_16k/metaData_fma_large/row18405.csv
SKIPPING: metaTables/vocal_music_demucs_16k/metaData_fma_large/row18406.csv
SKIPPING: metaTables/vocal_music_demucs_16k/metaData_fma_large/row18407.csv
SKIPPING: metaTables/vocal_music_demucs_16k/metaData_fma_large/row18408.csv
SKIPPING: metaTables/vocal_music_demucs_16k/metaData_fma_large/row18409.csv
SKIPPING: metaTables/vocal_music_demucs_16k/metaData_fma_large/row18410.csv
SKIPPING: metaTables/vocal_music_demucs_16k/metaData_fma_large/row18411.csv
SKIPPING: metaTables/vocal_music_demucs_16k/metaData_fma_large/row18412.csv
SKIPPING: metaTables/vocal_music_demucs_16k/metaData_fma_large/row18413.csv
SKIPPING: metaTables/vocal_music_demucs_16k/metaData_fma_large/row18414.csv
SKIPPING: metaTables/vocal_music_demucs_16k/metaData_fma_large/row18415.csv
SKIPPING: metaTables/vocal_music_demucs_16k/metaData_fma_large/row18416.csv
SKIPPING: metaTables/vocal_music_demucs_16k/metaData_fma_large/row18417.csv
SKIPPING: metaTables/vocal_music_demucs_16k/metaData_fma_large/row18418.csv
SKIPPING: metaTables/vocal_music_demucs_16k/metaData_fma_large/row18419.csv
SKIPPING: metaTables/vocal_music_demucs_16k/metaData_fma_large/row18420.csv
SKIPPING: metaTables/vocal_music_demucs_16k/metaData_fma_large/row18421.csv
SKIPPING: metaTables/vocal_music_demucs_16k/metaData_fma_large/row18422.csv
SKIPPING: metaTables/vocal_music_demucs_16k/metaData_fma_large/row18423.csv
SKIPPING: metaTables/vocal_music_demucs_16k/metaData_fma_large/row18424.csv
SKIPPING: metaTables/vocal_music_demucs_16k/metaData_fma_large/row18425.csv
SKIPPING: metaTables/vocal_music_demucs_16k/metaData_fma_large/row18426.csv
SKIPPING: metaTables/vocal_music_demucs_16k/metaData_fma_large/row18427.csv
SKIPPING: metaTables/vocal_music_demucs_16k/metaData_fma_large/row18428.csv
SKIPPING: metaTables/vocal_music_demucs_16k/metaData_fma_large/row18429.csv
SKIPPING: metaTables/vocal_music_demucs_16k/metaData_fma_large/row18430.csv
SKIPPING: metaTables/vocal_music_demucs_16k/metaData_fma_large/row18431.csv
SKIPPING: metaTables/vocal_music_demucs_16k/metaData_fma_large/row18432.csv
SKIPPING: metaTables/vocal_music_demucs_16k/metaData_fma_large/row18433.csv
SKIPPING: metaTables/vocal_music_demucs_16k/metaData_fma_large/row18434.csv
SKIPPING: metaTables/vocal_music_demucs_16k/metaData_fma_large/row18435.csv
SKIPPING: metaTables/vocal_music_demucs_16k/metaData_fma_large/row18436.csv
SKIPPING: metaTables/vocal_music_demucs_16k/metaData_fma_large/row18437.csv
SKIPPING: metaTables/vocal_music_demucs_16k/metaData_fma_large/row18438.csv
SKIPPING: metaTables/vocal_music_demucs_16k/metaData_fma_large/row18439.csv
SKIPPING: metaTables/vocal_music_demucs_16k/metaData_fma_large/row18440.csv
SKIPPING: metaTables/vocal_music_demucs_16k/metaData_fma_large/row18441.csv
SKIPPING: metaTables/vocal_music_demucs_16k/metaData_fma_large/row18442.csv
SKIPPING: metaTables/vocal_music_demucs_16k/metaData_fma_large/row18443.csv
SKIPPING: metaTables/vocal_music_demucs_16k/metaData_fma_large/row18444.csv
SKIPPING: metaTables/vocal_music_demucs_16k/metaData_fma_large/row18445.csv
SKIPPING: metaTables/vocal_music_demucs_16k/metaData_fma_large/row18446.csv
SKIPPING: metaTables/vocal_music_demucs_16k/metaData_fma_large/row18447.csv
SKIPPING: metaTables/vocal_music_demucs_16k/metaData_fma_large/row18448.csv
SKIPPING: metaTables/vocal_music_demucs_16k/metaData_fma_large/row18449.csv
SKIPPING: metaTables/vocal_music_demucs_16k/metaData_fma_large/row18450.csv
SKIPPING: metaTables/vocal_music_demucs_16k/metaData_fma_large/row18451.csv
SKIPPING: metaTables/vocal_music_demucs_16k/metaData_fma_large/row18452.csv
SKIPPING: metaTables/vocal_music_demucs_16k/metaData_fma_large/row18453.csv
SKIPPING: metaTables/vocal_music_demucs_16k/metaData_fma_large/row18454.csv
SKIPPING: metaTables/vocal_music_demucs_16k/metaData_fma_large/row18455.csv
SKIPPING: metaTables/vocal_music_demucs_16k/metaData_fma_large/row18456.csv
SKIPPING: metaTables/vocal_music_demucs_16k/metaData_fma_large/row18457.csv
SKIPPING: metaTables/vocal_music_demucs_16k/metaData_fma_large/row18458.csv
SKIPPING: metaTables/vocal_music_demucs_16k/metaData_fma_large/row18459.csv
SKIPPING: metaTables/vocal_music_demucs_16k/metaData_fma_large/row18460.csv
SKIPPING: metaTables/vocal_music_demucs_16k/metaData_fma_large/row18461.csv
SKIPPING: metaTables/vocal_music_demucs_16k/metaData_fma_large/row18462.csv
SKIPPING: metaTables/vocal_music_demucs_16k/metaData_fma_large/row18463.csv
SKIPPING: metaTables/vocal_music_demucs_16k/metaData_fma_large/row18464.csv
SKIPPING: metaTables/vocal_music_demucs_16k/metaData_fma_large/row18465.csv
SKIPPING: metaTables/vocal_music_demucs_16k/metaData_fma_large/row18466.csv
SKIPPING: metaTables/vocal_music_demucs_16k/metaData_fma_large/row18467.csv
SKIPPING: metaTables/vocal_music_demucs_16k/metaData_fma_large/row18468.csv
SKIPPING: metaTables/vocal_music_demucs_16k/metaData_fma_large/row18469.csv
SKIPPING: metaTables/vocal_music_demucs_16k/metaData_fma_large/row18470.csv
SKIPPING: metaTables/vocal_music_demucs_16k/metaData_fma_large/row18471.csv
SKIPPING: metaTables/vocal_music_demucs_16k/metaData_fma_large/row18472.csv
SKIPPING: metaTables/vocal_music_demucs_16k/metaData_fma_large/row18473.csv
SKIPPING: metaTables/vocal_music_demucs_16k/metaData_fma_large/row18474.csv
SKIPPING: metaTables/vocal_music_demucs_16k/metaData_fma_large/row18475.csv
SKIPPING: metaTables/vocal_music_demucs_16k/metaData_fma_large/row18476.csv
SKIPPING: metaTables/vocal_music_demucs_16k/metaData_fma_large/row18477.csv
SKIPPING: metaTables/vocal_music_demucs_16k/metaData_fma_large/row18478.csv
SKIPPING: metaTables/vocal_music_demucs_16k/metaData_fma_large/row18479.csv
SKIPPING: metaTables/vocal_music_demucs_16k/metaData_fma_large/row18480.csv
SKIPPING: metaTables/vocal_music_demucs_16k/metaData_fma_large/row18481.csv
SKIPPING: metaTables/vocal_music_demucs_16k/metaData_fma_large/row18482.csv
SKIPPING: metaTables/vocal_music_demucs_16k/metaData_fma_large/row18483.csv
SKIPPING: metaTables/vocal_music_demucs_16k/metaData_fma_large/row18484.csv
SKIPPING: metaTables/vocal_music_demucs_16k/metaData_fma_large/row18485.csv
SKIPPING: metaTables/vocal_music_demucs_16k/metaData_fma_large/row18486.csv
SKIPPING: metaTables/vocal_music_demucs_16k/metaData_fma_large/row18487.csv
SKIPPING: metaTables/vocal_music_demucs_16k/metaData_fma_large/row18488.csv
SKIPPING: metaTables/vocal_music_demucs_16k/metaData_fma_large/row18489.csv
SKIPPING: metaTables/vocal_music_demucs_16k/metaData_fma_large/row18490.csv
SKIPPING: metaTables/vocal_music_demucs_16k/metaData_fma_large/row18491.csv
SKIPPING: metaTables/vocal_music_demucs_16k/metaData_fma_large/row18492.csv
SKIPPING: metaTables/vocal_music_demucs_16k/metaData_fma_large/row18493.csv
SKIPPING: metaTables/vocal_music_demucs_16k/metaData_fma_large/row18494.csv
SKIPPING: metaTables/vocal_music_demucs_16k/metaData_fma_large/row18495.csv
SKIPPING: metaTables/vocal_music_demucs_16k/metaData_fma_large/row18496.csv
SKIPPING: metaTables/vocal_music_demucs_16k/metaData_fma_large/row18497.csv
SKIPPING: metaTables/vocal_music_demucs_16k/metaData_fma_large/row18498.csv
SKIPPING: metaTables/vocal_music_demucs_16k/metaData_fma_large/row18499.csv
Demucs voice recognition done!
