/ext3/demucs/lib/python3.9/site-packages/demucs/api.py:27: UserWarning: TorchAudio's global backend is now deprecated. Please enable distpatcher by setting `TORCHAUDIO_USE_BACKEND_DISPATCHER=1`, and specify backend when calling load/info/save function.
  import torchaudio as ta
2024-05-08 23:36:03.887213: I tensorflow/core/util/port.cc:113] oneDNN custom operations are on. You may see slightly different numerical results due to floating-point round-off errors from different computation orders. To turn them off, set the environment variable `TF_ENABLE_ONEDNN_OPTS=0`.
2024-05-08 23:36:08.294670: E external/local_xla/xla/stream_executor/cuda/cuda_dnn.cc:9261] Unable to register cuDNN factory: Attempting to register factory for plugin cuDNN when one has already been registered
2024-05-08 23:36:08.294712: E external/local_xla/xla/stream_executor/cuda/cuda_fft.cc:607] Unable to register cuFFT factory: Attempting to register factory for plugin cuFFT when one has already been registered
2024-05-08 23:36:08.621244: E external/local_xla/xla/stream_executor/cuda/cuda_blas.cc:1515] Unable to register cuBLAS factory: Attempting to register factory for plugin cuBLAS when one has already been registered
2024-05-08 23:36:09.075624: I tensorflow/core/platform/cpu_feature_guard.cc:182] This TensorFlow binary is optimized to use available CPU instructions in performance-critical operations.
To enable the following instructions: AVX2 AVX512F AVX512_VNNI FMA, in other operations, rebuild TensorFlow with the appropriate compiler flags.
2024-05-08 23:36:12.520402: W tensorflow/compiler/tf2tensorrt/utils/py_utils.cc:38] TF-TRT Warning: Could not find TensorRT
Execution time: 33.33711624145508 seconds
metaTables/vocal_music_demucs_16k/metaData_fma_large/row29400.csv
Execution time: 28.578618049621582 seconds
metaTables/vocal_music_demucs_16k/metaData_fma_large/row29401.csv
Execution time: 27.82158923149109 seconds
metaTables/vocal_music_demucs_16k/metaData_fma_large/row29402.csv
Execution time: 27.18570828437805 seconds
metaTables/vocal_music_demucs_16k/metaData_fma_large/row29403.csv
Execution time: 28.172098398208618 seconds
metaTables/vocal_music_demucs_16k/metaData_fma_large/row29404.csv
Execution time: 29.613409996032715 seconds
metaTables/vocal_music_demucs_16k/metaData_fma_large/row29405.csv
Execution time: 28.18830442428589 seconds
metaTables/vocal_music_demucs_16k/metaData_fma_large/row29406.csv
Execution time: 27.87737274169922 seconds
metaTables/vocal_music_demucs_16k/metaData_fma_large/row29407.csv
Execution time: 27.642909288406372 seconds
metaTables/vocal_music_demucs_16k/metaData_fma_large/row29408.csv
Execution time: 27.376707553863525 seconds
metaTables/vocal_music_demucs_16k/metaData_fma_large/row29409.csv
Execution time: 28.987597703933716 seconds
metaTables/vocal_music_demucs_16k/metaData_fma_large/row29410.csv
Execution time: 27.737594842910767 seconds
metaTables/vocal_music_demucs_16k/metaData_fma_large/row29411.csv
Execution time: 27.475553512573242 seconds
metaTables/vocal_music_demucs_16k/metaData_fma_large/row29412.csv
Execution time: 29.22705841064453 seconds
metaTables/vocal_music_demucs_16k/metaData_fma_large/row29413.csv
Execution time: 28.11862874031067 seconds
metaTables/vocal_music_demucs_16k/metaData_fma_large/row29414.csv
Execution time: 26.72888970375061 seconds
metaTables/vocal_music_demucs_16k/metaData_fma_large/row29415.csv
Execution time: 27.807503700256348 seconds
metaTables/vocal_music_demucs_16k/metaData_fma_large/row29416.csv
Execution time: 27.43246817588806 seconds
metaTables/vocal_music_demucs_16k/metaData_fma_large/row29417.csv
Execution time: 18.45111870765686 seconds
metaTables/vocal_music_demucs_16k/metaData_fma_large/row29418.csv
Execution time: 28.107820510864258 seconds
metaTables/vocal_music_demucs_16k/metaData_fma_large/row29419.csv
Execution time: 27.99654221534729 seconds
metaTables/vocal_music_demucs_16k/metaData_fma_large/row29420.csv
Execution time: 29.102803230285645 seconds
metaTables/vocal_music_demucs_16k/metaData_fma_large/row29421.csv
Execution time: 27.324662685394287 seconds
metaTables/vocal_music_demucs_16k/metaData_fma_large/row29422.csv
Execution time: 27.452972650527954 seconds
metaTables/vocal_music_demucs_16k/metaData_fma_large/row29423.csv
Execution time: 27.843717098236084 seconds
metaTables/vocal_music_demucs_16k/metaData_fma_large/row29424.csv
Execution time: 28.205645084381104 seconds
metaTables/vocal_music_demucs_16k/metaData_fma_large/row29425.csv
Execution time: 27.218708515167236 seconds
metaTables/vocal_music_demucs_16k/metaData_fma_large/row29426.csv
Execution time: 27.663917303085327 seconds
metaTables/vocal_music_demucs_16k/metaData_fma_large/row29427.csv
Execution time: 27.845919609069824 seconds
metaTables/vocal_music_demucs_16k/metaData_fma_large/row29428.csv
Execution time: 28.327220916748047 seconds
metaTables/vocal_music_demucs_16k/metaData_fma_large/row29429.csv
Execution time: 28.4375159740448 seconds
metaTables/vocal_music_demucs_16k/metaData_fma_large/row29430.csv
Execution time: 28.84584379196167 seconds
metaTables/vocal_music_demucs_16k/metaData_fma_large/row29431.csv
Execution time: 28.42598581314087 seconds
metaTables/vocal_music_demucs_16k/metaData_fma_large/row29432.csv
Execution time: 27.540600299835205 seconds
metaTables/vocal_music_demucs_16k/metaData_fma_large/row29433.csv
Execution time: 28.47280716896057 seconds
metaTables/vocal_music_demucs_16k/metaData_fma_large/row29434.csv
Execution time: 28.885982036590576 seconds
metaTables/vocal_music_demucs_16k/metaData_fma_large/row29435.csv
Execution time: 28.373780727386475 seconds
metaTables/vocal_music_demucs_16k/metaData_fma_large/row29436.csv
Execution time: 28.592589139938354 seconds
metaTables/vocal_music_demucs_16k/metaData_fma_large/row29437.csv
Execution time: 27.82412815093994 seconds
metaTables/vocal_music_demucs_16k/metaData_fma_large/row29438.csv
Execution time: 28.948029279708862 seconds
metaTables/vocal_music_demucs_16k/metaData_fma_large/row29439.csv
Execution time: 29.739460468292236 seconds
metaTables/vocal_music_demucs_16k/metaData_fma_large/row29440.csv
Execution time: 27.368890523910522 seconds
metaTables/vocal_music_demucs_16k/metaData_fma_large/row29441.csv
Execution time: 27.81236743927002 seconds
metaTables/vocal_music_demucs_16k/metaData_fma_large/row29442.csv
Execution time: 28.204078197479248 seconds
metaTables/vocal_music_demucs_16k/metaData_fma_large/row29443.csv
Execution time: 28.38607621192932 seconds
metaTables/vocal_music_demucs_16k/metaData_fma_large/row29444.csv
Execution time: 27.983279705047607 seconds
metaTables/vocal_music_demucs_16k/metaData_fma_large/row29445.csv
Execution time: 27.367568492889404 seconds
metaTables/vocal_music_demucs_16k/metaData_fma_large/row29446.csv
Execution time: 27.900940418243408 seconds
metaTables/vocal_music_demucs_16k/metaData_fma_large/row29447.csv
Execution time: 27.31391143798828 seconds
metaTables/vocal_music_demucs_16k/metaData_fma_large/row29448.csv
Execution time: 28.326493501663208 seconds
metaTables/vocal_music_demucs_16k/metaData_fma_large/row29449.csv
Execution time: 28.318706035614014 seconds
metaTables/vocal_music_demucs_16k/metaData_fma_large/row29450.csv
Execution time: 27.935545206069946 seconds
metaTables/vocal_music_demucs_16k/metaData_fma_large/row29451.csv
Execution time: 27.937686681747437 seconds
metaTables/vocal_music_demucs_16k/metaData_fma_large/row29452.csv
Execution time: 27.095657110214233 seconds
metaTables/vocal_music_demucs_16k/metaData_fma_large/row29453.csv
Execution time: 28.231974363327026 seconds
metaTables/vocal_music_demucs_16k/metaData_fma_large/row29454.csv
Execution time: 27.863301753997803 seconds
metaTables/vocal_music_demucs_16k/metaData_fma_large/row29455.csv
Execution time: 28.592191457748413 seconds
metaTables/vocal_music_demucs_16k/metaData_fma_large/row29456.csv
Execution time: 28.70239758491516 seconds
metaTables/vocal_music_demucs_16k/metaData_fma_large/row29457.csv
Execution time: 29.722914218902588 seconds
metaTables/vocal_music_demucs_16k/metaData_fma_large/row29458.csv
Execution time: 28.12330651283264 seconds
metaTables/vocal_music_demucs_16k/metaData_fma_large/row29459.csv
Execution time: 29.272188901901245 seconds
metaTables/vocal_music_demucs_16k/metaData_fma_large/row29460.csv
Execution time: 28.8348171710968 seconds
metaTables/vocal_music_demucs_16k/metaData_fma_large/row29461.csv
Execution time: 28.222767114639282 seconds
metaTables/vocal_music_demucs_16k/metaData_fma_large/row29462.csv
Execution time: 27.523599863052368 seconds
metaTables/vocal_music_demucs_16k/metaData_fma_large/row29463.csv
Execution time: 27.427823066711426 seconds
metaTables/vocal_music_demucs_16k/metaData_fma_large/row29464.csv
Execution time: 28.384035110473633 seconds
metaTables/vocal_music_demucs_16k/metaData_fma_large/row29465.csv
Execution time: 18.91627287864685 seconds
metaTables/vocal_music_demucs_16k/metaData_fma_large/row29466.csv
Execution time: 28.58221435546875 seconds
metaTables/vocal_music_demucs_16k/metaData_fma_large/row29467.csv
Execution time: 27.03951644897461 seconds
metaTables/vocal_music_demucs_16k/metaData_fma_large/row29468.csv
Execution time: 27.743263006210327 seconds
metaTables/vocal_music_demucs_16k/metaData_fma_large/row29469.csv
Execution time: 27.632153749465942 seconds
metaTables/vocal_music_demucs_16k/metaData_fma_large/row29470.csv
Execution time: 27.987205743789673 seconds
metaTables/vocal_music_demucs_16k/metaData_fma_large/row29471.csv
Execution time: 27.908114910125732 seconds
metaTables/vocal_music_demucs_16k/metaData_fma_large/row29472.csv
Execution time: 27.494554042816162 seconds
metaTables/vocal_music_demucs_16k/metaData_fma_large/row29473.csv
Execution time: 27.62899923324585 seconds
metaTables/vocal_music_demucs_16k/metaData_fma_large/row29474.csv
Execution time: 28.158236980438232 seconds
metaTables/vocal_music_demucs_16k/metaData_fma_large/row29475.csv
Execution time: 29.063143968582153 seconds
metaTables/vocal_music_demucs_16k/metaData_fma_large/row29476.csv
Execution time: 28.734619617462158 seconds
metaTables/vocal_music_demucs_16k/metaData_fma_large/row29477.csv
Execution time: 28.500198364257812 seconds
metaTables/vocal_music_demucs_16k/metaData_fma_large/row29478.csv
Execution time: 28.163424730300903 seconds
metaTables/vocal_music_demucs_16k/metaData_fma_large/row29479.csv
Execution time: 27.769579887390137 seconds
metaTables/vocal_music_demucs_16k/metaData_fma_large/row29480.csv
Execution time: 27.989003896713257 seconds
metaTables/vocal_music_demucs_16k/metaData_fma_large/row29481.csv
Execution time: 28.385222911834717 seconds
metaTables/vocal_music_demucs_16k/metaData_fma_large/row29482.csv
Execution time: 28.5359308719635 seconds
metaTables/vocal_music_demucs_16k/metaData_fma_large/row29483.csv
Execution time: 27.171315670013428 seconds
metaTables/vocal_music_demucs_16k/metaData_fma_large/row29484.csv
Execution time: 28.19011950492859 seconds
metaTables/vocal_music_demucs_16k/metaData_fma_large/row29485.csv
Execution time: 27.459924697875977 seconds
metaTables/vocal_music_demucs_16k/metaData_fma_large/row29486.csv
Execution time: 27.376880884170532 seconds
metaTables/vocal_music_demucs_16k/metaData_fma_large/row29487.csv
Execution time: 27.859272003173828 seconds
metaTables/vocal_music_demucs_16k/metaData_fma_large/row29488.csv
Execution time: 26.836751699447632 seconds
metaTables/vocal_music_demucs_16k/metaData_fma_large/row29489.csv
Execution time: 27.62774920463562 seconds
metaTables/vocal_music_demucs_16k/metaData_fma_large/row29490.csv
Execution time: 27.305661916732788 seconds
metaTables/vocal_music_demucs_16k/metaData_fma_large/row29491.csv
Execution time: 27.969852447509766 seconds
metaTables/vocal_music_demucs_16k/metaData_fma_large/row29492.csv
Execution time: 27.833447694778442 seconds
metaTables/vocal_music_demucs_16k/metaData_fma_large/row29493.csv
Execution time: 28.224753618240356 seconds
metaTables/vocal_music_demucs_16k/metaData_fma_large/row29494.csv
Execution time: 28.313246488571167 seconds
metaTables/vocal_music_demucs_16k/metaData_fma_large/row29495.csv
Execution time: 28.867535829544067 seconds
metaTables/vocal_music_demucs_16k/metaData_fma_large/row29496.csv
Execution time: 27.763652801513672 seconds
metaTables/vocal_music_demucs_16k/metaData_fma_large/row29497.csv
Execution time: 28.37227702140808 seconds
metaTables/vocal_music_demucs_16k/metaData_fma_large/row29498.csv
Execution time: 25.936715364456177 seconds
metaTables/vocal_music_demucs_16k/metaData_fma_large/row29499.csv
Demucs voice recognition done!
