/ext3/demucs/lib/python3.9/site-packages/demucs/api.py:27: UserWarning: TorchAudio's global backend is now deprecated. Please enable distpatcher by setting `TORCHAUDIO_USE_BACKEND_DISPATCHER=1`, and specify backend when calling load/info/save function.
  import torchaudio as ta
2024-05-10 11:35:02.342983: I tensorflow/core/util/port.cc:113] oneDNN custom operations are on. You may see slightly different numerical results due to floating-point round-off errors from different computation orders. To turn them off, set the environment variable `TF_ENABLE_ONEDNN_OPTS=0`.
2024-05-10 11:35:04.032978: E external/local_xla/xla/stream_executor/cuda/cuda_dnn.cc:9261] Unable to register cuDNN factory: Attempting to register factory for plugin cuDNN when one has already been registered
2024-05-10 11:35:04.033023: E external/local_xla/xla/stream_executor/cuda/cuda_fft.cc:607] Unable to register cuFFT factory: Attempting to register factory for plugin cuFFT when one has already been registered
2024-05-10 11:35:04.288799: E external/local_xla/xla/stream_executor/cuda/cuda_blas.cc:1515] Unable to register cuBLAS factory: Attempting to register factory for plugin cuBLAS when one has already been registered
2024-05-10 11:35:04.466563: I tensorflow/core/platform/cpu_feature_guard.cc:182] This TensorFlow binary is optimized to use available CPU instructions in performance-critical operations.
To enable the following instructions: AVX2 AVX512F AVX512_VNNI FMA, in other operations, rebuild TensorFlow with the appropriate compiler flags.
2024-05-10 11:35:05.874470: W tensorflow/compiler/tf2tensorrt/utils/py_utils.cc:38] TF-TRT Warning: Could not find TensorRT
Execution time: 25.004082441329956 seconds
metaTables/vocal_music_demucs_16k/metaData_fma_large/row77000.csv
Execution time: 23.78863763809204 seconds
metaTables/vocal_music_demucs_16k/metaData_fma_large/row77001.csv
Execution time: 24.125919580459595 seconds
metaTables/vocal_music_demucs_16k/metaData_fma_large/row77002.csv
Execution time: 23.92498230934143 seconds
metaTables/vocal_music_demucs_16k/metaData_fma_large/row77003.csv
Execution time: 24.589387893676758 seconds
metaTables/vocal_music_demucs_16k/metaData_fma_large/row77004.csv
Execution time: 24.046639442443848 seconds
metaTables/vocal_music_demucs_16k/metaData_fma_large/row77005.csv
Execution time: 23.277939319610596 seconds
metaTables/vocal_music_demucs_16k/metaData_fma_large/row77006.csv
Execution time: 23.68693733215332 seconds
metaTables/vocal_music_demucs_16k/metaData_fma_large/row77007.csv
Execution time: 24.678359985351562 seconds
metaTables/vocal_music_demucs_16k/metaData_fma_large/row77008.csv
Execution time: 23.285847425460815 seconds
metaTables/vocal_music_demucs_16k/metaData_fma_large/row77009.csv
Execution time: 24.48096513748169 seconds
metaTables/vocal_music_demucs_16k/metaData_fma_large/row77010.csv
Execution time: 23.691203594207764 seconds
metaTables/vocal_music_demucs_16k/metaData_fma_large/row77011.csv
Execution time: 23.597500562667847 seconds
metaTables/vocal_music_demucs_16k/metaData_fma_large/row77012.csv
Execution time: 23.852184057235718 seconds
metaTables/vocal_music_demucs_16k/metaData_fma_large/row77013.csv
Execution time: 25.077929258346558 seconds
metaTables/vocal_music_demucs_16k/metaData_fma_large/row77014.csv
Execution time: 24.187994956970215 seconds
metaTables/vocal_music_demucs_16k/metaData_fma_large/row77015.csv
Execution time: 23.342560291290283 seconds
metaTables/vocal_music_demucs_16k/metaData_fma_large/row77016.csv
Execution time: 23.528817892074585 seconds
metaTables/vocal_music_demucs_16k/metaData_fma_large/row77017.csv
Execution time: 23.3530912399292 seconds
metaTables/vocal_music_demucs_16k/metaData_fma_large/row77018.csv
Execution time: 23.71033501625061 seconds
metaTables/vocal_music_demucs_16k/metaData_fma_large/row77019.csv
Execution time: 23.505706310272217 seconds
metaTables/vocal_music_demucs_16k/metaData_fma_large/row77020.csv
Execution time: 24.264390230178833 seconds
metaTables/vocal_music_demucs_16k/metaData_fma_large/row77021.csv
Execution time: 23.57278537750244 seconds
metaTables/vocal_music_demucs_16k/metaData_fma_large/row77022.csv
Execution time: 24.15927791595459 seconds
metaTables/vocal_music_demucs_16k/metaData_fma_large/row77023.csv
Execution time: 23.394908666610718 seconds
metaTables/vocal_music_demucs_16k/metaData_fma_large/row77024.csv
Execution time: 23.741541147232056 seconds
metaTables/vocal_music_demucs_16k/metaData_fma_large/row77025.csv
Execution time: 23.54485821723938 seconds
metaTables/vocal_music_demucs_16k/metaData_fma_large/row77026.csv
Execution time: 23.531590461730957 seconds
metaTables/vocal_music_demucs_16k/metaData_fma_large/row77027.csv
Execution time: 23.9157977104187 seconds
metaTables/vocal_music_demucs_16k/metaData_fma_large/row77028.csv
Execution time: 24.07209086418152 seconds
metaTables/vocal_music_demucs_16k/metaData_fma_large/row77029.csv
Execution time: 24.392088413238525 seconds
metaTables/vocal_music_demucs_16k/metaData_fma_large/row77030.csv
Execution time: 23.782145738601685 seconds
metaTables/vocal_music_demucs_16k/metaData_fma_large/row77031.csv
Execution time: 24.25286555290222 seconds
metaTables/vocal_music_demucs_16k/metaData_fma_large/row77032.csv
Execution time: 24.06017780303955 seconds
metaTables/vocal_music_demucs_16k/metaData_fma_large/row77033.csv
Execution time: 23.287106037139893 seconds
metaTables/vocal_music_demucs_16k/metaData_fma_large/row77034.csv
Execution time: 24.40448522567749 seconds
metaTables/vocal_music_demucs_16k/metaData_fma_large/row77035.csv
Execution time: 12.46819257736206 seconds
metaTables/vocal_music_demucs_16k/metaData_fma_large/row77036.csv
Execution time: 22.871471881866455 seconds
metaTables/vocal_music_demucs_16k/metaData_fma_large/row77037.csv
Execution time: 23.866029739379883 seconds
metaTables/vocal_music_demucs_16k/metaData_fma_large/row77038.csv
Execution time: 24.084107875823975 seconds
metaTables/vocal_music_demucs_16k/metaData_fma_large/row77039.csv
Execution time: 24.214557647705078 seconds
metaTables/vocal_music_demucs_16k/metaData_fma_large/row77040.csv
Execution time: 22.98439049720764 seconds
metaTables/vocal_music_demucs_16k/metaData_fma_large/row77041.csv
Execution time: 24.421858310699463 seconds
metaTables/vocal_music_demucs_16k/metaData_fma_large/row77042.csv
Execution time: 24.656336784362793 seconds
metaTables/vocal_music_demucs_16k/metaData_fma_large/row77043.csv
Execution time: 23.45350694656372 seconds
metaTables/vocal_music_demucs_16k/metaData_fma_large/row77044.csv
Execution time: 24.70616912841797 seconds
metaTables/vocal_music_demucs_16k/metaData_fma_large/row77045.csv
Execution time: 23.96293020248413 seconds
metaTables/vocal_music_demucs_16k/metaData_fma_large/row77046.csv
Execution time: 25.085805654525757 seconds
metaTables/vocal_music_demucs_16k/metaData_fma_large/row77047.csv
Execution time: 24.052202463150024 seconds
metaTables/vocal_music_demucs_16k/metaData_fma_large/row77048.csv
Execution time: 23.602669715881348 seconds
metaTables/vocal_music_demucs_16k/metaData_fma_large/row77049.csv
Execution time: 23.534164428710938 seconds
metaTables/vocal_music_demucs_16k/metaData_fma_large/row77050.csv
Execution time: 23.50130534172058 seconds
metaTables/vocal_music_demucs_16k/metaData_fma_large/row77051.csv
Execution time: 23.78901696205139 seconds
metaTables/vocal_music_demucs_16k/metaData_fma_large/row77052.csv
Execution time: 24.088204383850098 seconds
metaTables/vocal_music_demucs_16k/metaData_fma_large/row77053.csv
Execution time: 24.223239421844482 seconds
metaTables/vocal_music_demucs_16k/metaData_fma_large/row77054.csv
Execution time: 23.81374764442444 seconds
metaTables/vocal_music_demucs_16k/metaData_fma_large/row77055.csv
Execution time: 22.943414449691772 seconds
metaTables/vocal_music_demucs_16k/metaData_fma_large/row77056.csv
Execution time: 23.627731561660767 seconds
metaTables/vocal_music_demucs_16k/metaData_fma_large/row77057.csv
Execution time: 24.192820072174072 seconds
metaTables/vocal_music_demucs_16k/metaData_fma_large/row77058.csv
Execution time: 23.710340976715088 seconds
metaTables/vocal_music_demucs_16k/metaData_fma_large/row77059.csv
Execution time: 23.29467272758484 seconds
metaTables/vocal_music_demucs_16k/metaData_fma_large/row77060.csv
Execution time: 24.207775831222534 seconds
metaTables/vocal_music_demucs_16k/metaData_fma_large/row77061.csv
Execution time: 23.855871200561523 seconds
metaTables/vocal_music_demucs_16k/metaData_fma_large/row77062.csv
Execution time: 23.687258005142212 seconds
metaTables/vocal_music_demucs_16k/metaData_fma_large/row77063.csv
Execution time: 23.843327045440674 seconds
metaTables/vocal_music_demucs_16k/metaData_fma_large/row77064.csv
Execution time: 23.78649353981018 seconds
metaTables/vocal_music_demucs_16k/metaData_fma_large/row77065.csv
Execution time: 23.83142852783203 seconds
metaTables/vocal_music_demucs_16k/metaData_fma_large/row77066.csv
Execution time: 23.96351647377014 seconds
metaTables/vocal_music_demucs_16k/metaData_fma_large/row77067.csv
Execution time: 23.99146056175232 seconds
metaTables/vocal_music_demucs_16k/metaData_fma_large/row77068.csv
Execution time: 23.32152557373047 seconds
metaTables/vocal_music_demucs_16k/metaData_fma_large/row77069.csv
Execution time: 23.993695735931396 seconds
metaTables/vocal_music_demucs_16k/metaData_fma_large/row77070.csv
Execution time: 23.97613763809204 seconds
metaTables/vocal_music_demucs_16k/metaData_fma_large/row77071.csv
Execution time: 24.307472229003906 seconds
metaTables/vocal_music_demucs_16k/metaData_fma_large/row77072.csv
Execution time: 21.804002285003662 seconds
metaTables/vocal_music_demucs_16k/metaData_fma_large/row77073.csv
Execution time: 21.417835474014282 seconds
metaTables/vocal_music_demucs_16k/metaData_fma_large/row77074.csv
Execution time: 22.111347436904907 seconds
metaTables/vocal_music_demucs_16k/metaData_fma_large/row77075.csv
Execution time: 21.96658968925476 seconds
metaTables/vocal_music_demucs_16k/metaData_fma_large/row77076.csv
Execution time: 21.115936756134033 seconds
metaTables/vocal_music_demucs_16k/metaData_fma_large/row77077.csv
Execution time: 21.413304328918457 seconds
metaTables/vocal_music_demucs_16k/metaData_fma_large/row77078.csv
Execution time: 21.959392786026 seconds
metaTables/vocal_music_demucs_16k/metaData_fma_large/row77079.csv
Execution time: 21.881480932235718 seconds
metaTables/vocal_music_demucs_16k/metaData_fma_large/row77080.csv
Execution time: 21.520683526992798 seconds
metaTables/vocal_music_demucs_16k/metaData_fma_large/row77081.csv
Execution time: 20.996540546417236 seconds
metaTables/vocal_music_demucs_16k/metaData_fma_large/row77082.csv
Execution time: 21.746968507766724 seconds
metaTables/vocal_music_demucs_16k/metaData_fma_large/row77083.csv
Execution time: 20.751627922058105 seconds
metaTables/vocal_music_demucs_16k/metaData_fma_large/row77084.csv
Execution time: 22.0937602519989 seconds
metaTables/vocal_music_demucs_16k/metaData_fma_large/row77085.csv
Execution time: 21.64662742614746 seconds
metaTables/vocal_music_demucs_16k/metaData_fma_large/row77086.csv
Execution time: 21.825798749923706 seconds
metaTables/vocal_music_demucs_16k/metaData_fma_large/row77087.csv
Execution time: 21.07215452194214 seconds
metaTables/vocal_music_demucs_16k/metaData_fma_large/row77088.csv
Execution time: 21.434380292892456 seconds
metaTables/vocal_music_demucs_16k/metaData_fma_large/row77089.csv
Execution time: 21.42842149734497 seconds
metaTables/vocal_music_demucs_16k/metaData_fma_large/row77090.csv
Execution time: 20.765759468078613 seconds
metaTables/vocal_music_demucs_16k/metaData_fma_large/row77091.csv
Execution time: 22.338038206100464 seconds
metaTables/vocal_music_demucs_16k/metaData_fma_large/row77092.csv
Execution time: 21.6648268699646 seconds
metaTables/vocal_music_demucs_16k/metaData_fma_large/row77093.csv
Execution time: 20.776765823364258 seconds
metaTables/vocal_music_demucs_16k/metaData_fma_large/row77094.csv
Execution time: 21.068214416503906 seconds
metaTables/vocal_music_demucs_16k/metaData_fma_large/row77095.csv
Execution time: 22.09402084350586 seconds
metaTables/vocal_music_demucs_16k/metaData_fma_large/row77096.csv
Execution time: 21.002951860427856 seconds
metaTables/vocal_music_demucs_16k/metaData_fma_large/row77097.csv
Execution time: 20.966057538986206 seconds
metaTables/vocal_music_demucs_16k/metaData_fma_large/row77098.csv
Execution time: 20.0297212600708 seconds
metaTables/vocal_music_demucs_16k/metaData_fma_large/row77099.csv
Demucs voice recognition done!
