/ext3/demucs/lib/python3.9/site-packages/demucs/api.py:27: UserWarning: TorchAudio's global backend is now deprecated. Please enable distpatcher by setting `TORCHAUDIO_USE_BACKEND_DISPATCHER=1`, and specify backend when calling load/info/save function.
  import torchaudio as ta
2024-05-10 01:27:23.683051: I tensorflow/core/util/port.cc:113] oneDNN custom operations are on. You may see slightly different numerical results due to floating-point round-off errors from different computation orders. To turn them off, set the environment variable `TF_ENABLE_ONEDNN_OPTS=0`.
2024-05-10 01:27:23.850738: E external/local_xla/xla/stream_executor/cuda/cuda_dnn.cc:9261] Unable to register cuDNN factory: Attempting to register factory for plugin cuDNN when one has already been registered
2024-05-10 01:27:23.850779: E external/local_xla/xla/stream_executor/cuda/cuda_fft.cc:607] Unable to register cuFFT factory: Attempting to register factory for plugin cuFFT when one has already been registered
2024-05-10 01:27:23.874198: E external/local_xla/xla/stream_executor/cuda/cuda_blas.cc:1515] Unable to register cuBLAS factory: Attempting to register factory for plugin cuBLAS when one has already been registered
2024-05-10 01:27:23.923623: I tensorflow/core/platform/cpu_feature_guard.cc:182] This TensorFlow binary is optimized to use available CPU instructions in performance-critical operations.
To enable the following instructions: AVX2 AVX512F AVX512_VNNI FMA, in other operations, rebuild TensorFlow with the appropriate compiler flags.
2024-05-10 01:27:24.796697: W tensorflow/compiler/tf2tensorrt/utils/py_utils.cc:38] TF-TRT Warning: Could not find TensorRT
SKIPPING: metaTables/vocal_music_demucs_16k/metaData_fma_large/row17100.csv
SKIPPING: metaTables/vocal_music_demucs_16k/metaData_fma_large/row17101.csv
SKIPPING: metaTables/vocal_music_demucs_16k/metaData_fma_large/row17102.csv
SKIPPING: metaTables/vocal_music_demucs_16k/metaData_fma_large/row17103.csv
SKIPPING: metaTables/vocal_music_demucs_16k/metaData_fma_large/row17104.csv
SKIPPING: metaTables/vocal_music_demucs_16k/metaData_fma_large/row17105.csv
SKIPPING: metaTables/vocal_music_demucs_16k/metaData_fma_large/row17106.csv
SKIPPING: metaTables/vocal_music_demucs_16k/metaData_fma_large/row17107.csv
SKIPPING: metaTables/vocal_music_demucs_16k/metaData_fma_large/row17108.csv
SKIPPING: metaTables/vocal_music_demucs_16k/metaData_fma_large/row17109.csv
SKIPPING: metaTables/vocal_music_demucs_16k/metaData_fma_large/row17110.csv
SKIPPING: metaTables/vocal_music_demucs_16k/metaData_fma_large/row17111.csv
SKIPPING: metaTables/vocal_music_demucs_16k/metaData_fma_large/row17112.csv
SKIPPING: metaTables/vocal_music_demucs_16k/metaData_fma_large/row17113.csv
SKIPPING: metaTables/vocal_music_demucs_16k/metaData_fma_large/row17114.csv
SKIPPING: metaTables/vocal_music_demucs_16k/metaData_fma_large/row17115.csv
Execution time: 25.438326120376587 seconds
metaTables/vocal_music_demucs_16k/metaData_fma_large/row17116.csv
Execution time: 22.604368925094604 seconds
metaTables/vocal_music_demucs_16k/metaData_fma_large/row17117.csv
Execution time: 22.713003635406494 seconds
metaTables/vocal_music_demucs_16k/metaData_fma_large/row17118.csv
Execution time: 21.856213569641113 seconds
metaTables/vocal_music_demucs_16k/metaData_fma_large/row17119.csv
Execution time: 22.323179244995117 seconds
metaTables/vocal_music_demucs_16k/metaData_fma_large/row17120.csv
Execution time: 22.60625195503235 seconds
metaTables/vocal_music_demucs_16k/metaData_fma_large/row17121.csv
Execution time: 22.425200939178467 seconds
metaTables/vocal_music_demucs_16k/metaData_fma_large/row17122.csv
Execution time: 24.306724786758423 seconds
metaTables/vocal_music_demucs_16k/metaData_fma_large/row17123.csv
Execution time: 22.705048322677612 seconds
metaTables/vocal_music_demucs_16k/metaData_fma_large/row17124.csv
Execution time: 22.98921251296997 seconds
metaTables/vocal_music_demucs_16k/metaData_fma_large/row17125.csv
Execution time: 22.132779836654663 seconds
metaTables/vocal_music_demucs_16k/metaData_fma_large/row17126.csv
Execution time: 23.28006100654602 seconds
metaTables/vocal_music_demucs_16k/metaData_fma_large/row17127.csv
Execution time: 22.39822483062744 seconds
metaTables/vocal_music_demucs_16k/metaData_fma_large/row17128.csv
Execution time: 22.453315258026123 seconds
metaTables/vocal_music_demucs_16k/metaData_fma_large/row17129.csv
Execution time: 22.293022394180298 seconds
metaTables/vocal_music_demucs_16k/metaData_fma_large/row17130.csv
Execution time: 22.680433988571167 seconds
metaTables/vocal_music_demucs_16k/metaData_fma_large/row17131.csv
Execution time: 22.617385387420654 seconds
metaTables/vocal_music_demucs_16k/metaData_fma_large/row17132.csv
Execution time: 23.02166771888733 seconds
metaTables/vocal_music_demucs_16k/metaData_fma_large/row17133.csv
Execution time: 22.952929735183716 seconds
metaTables/vocal_music_demucs_16k/metaData_fma_large/row17134.csv
Execution time: 23.41189932823181 seconds
metaTables/vocal_music_demucs_16k/metaData_fma_large/row17135.csv
Execution time: 22.9791579246521 seconds
metaTables/vocal_music_demucs_16k/metaData_fma_large/row17136.csv
Execution time: 23.21494722366333 seconds
metaTables/vocal_music_demucs_16k/metaData_fma_large/row17137.csv
Execution time: 22.85140109062195 seconds
metaTables/vocal_music_demucs_16k/metaData_fma_large/row17138.csv
Execution time: 22.559385299682617 seconds
metaTables/vocal_music_demucs_16k/metaData_fma_large/row17139.csv
Execution time: 22.4953830242157 seconds
metaTables/vocal_music_demucs_16k/metaData_fma_large/row17140.csv
Execution time: 23.935036659240723 seconds
metaTables/vocal_music_demucs_16k/metaData_fma_large/row17141.csv
Execution time: 23.230799436569214 seconds
metaTables/vocal_music_demucs_16k/metaData_fma_large/row17142.csv
Execution time: 23.048311471939087 seconds
metaTables/vocal_music_demucs_16k/metaData_fma_large/row17143.csv
Execution time: 23.017308950424194 seconds
metaTables/vocal_music_demucs_16k/metaData_fma_large/row17144.csv
Execution time: 23.37125253677368 seconds
metaTables/vocal_music_demucs_16k/metaData_fma_large/row17145.csv
Execution time: 23.395190000534058 seconds
metaTables/vocal_music_demucs_16k/metaData_fma_large/row17146.csv
Execution time: 24.364967823028564 seconds
metaTables/vocal_music_demucs_16k/metaData_fma_large/row17147.csv
Execution time: 23.22823405265808 seconds
metaTables/vocal_music_demucs_16k/metaData_fma_large/row17148.csv
Execution time: 23.231884002685547 seconds
metaTables/vocal_music_demucs_16k/metaData_fma_large/row17149.csv
Execution time: 23.72654962539673 seconds
metaTables/vocal_music_demucs_16k/metaData_fma_large/row17150.csv
Execution time: 22.79177689552307 seconds
metaTables/vocal_music_demucs_16k/metaData_fma_large/row17151.csv
Execution time: 22.830071687698364 seconds
metaTables/vocal_music_demucs_16k/metaData_fma_large/row17152.csv
Execution time: 22.830132961273193 seconds
metaTables/vocal_music_demucs_16k/metaData_fma_large/row17153.csv
Execution time: 23.03950333595276 seconds
metaTables/vocal_music_demucs_16k/metaData_fma_large/row17154.csv
Execution time: 23.2101948261261 seconds
metaTables/vocal_music_demucs_16k/metaData_fma_large/row17155.csv
Execution time: 22.93770146369934 seconds
metaTables/vocal_music_demucs_16k/metaData_fma_large/row17156.csv
Execution time: 23.20270609855652 seconds
metaTables/vocal_music_demucs_16k/metaData_fma_large/row17157.csv
Execution time: 23.99898338317871 seconds
metaTables/vocal_music_demucs_16k/metaData_fma_large/row17158.csv
Execution time: 22.980393171310425 seconds
metaTables/vocal_music_demucs_16k/metaData_fma_large/row17159.csv
Execution time: 24.13438868522644 seconds
metaTables/vocal_music_demucs_16k/metaData_fma_large/row17160.csv
Execution time: 23.037768602371216 seconds
metaTables/vocal_music_demucs_16k/metaData_fma_large/row17161.csv
Execution time: 22.934905290603638 seconds
metaTables/vocal_music_demucs_16k/metaData_fma_large/row17162.csv
Execution time: 23.5344135761261 seconds
metaTables/vocal_music_demucs_16k/metaData_fma_large/row17163.csv
Execution time: 22.792715787887573 seconds
metaTables/vocal_music_demucs_16k/metaData_fma_large/row17164.csv
Execution time: 24.123544454574585 seconds
metaTables/vocal_music_demucs_16k/metaData_fma_large/row17165.csv
Execution time: 23.140942096710205 seconds
metaTables/vocal_music_demucs_16k/metaData_fma_large/row17166.csv
Execution time: 23.716883897781372 seconds
metaTables/vocal_music_demucs_16k/metaData_fma_large/row17167.csv
Execution time: 22.955293893814087 seconds
metaTables/vocal_music_demucs_16k/metaData_fma_large/row17168.csv
Execution time: 23.57345724105835 seconds
metaTables/vocal_music_demucs_16k/metaData_fma_large/row17169.csv
Execution time: 22.937159299850464 seconds
metaTables/vocal_music_demucs_16k/metaData_fma_large/row17170.csv
Execution time: 23.50651741027832 seconds
metaTables/vocal_music_demucs_16k/metaData_fma_large/row17171.csv
Execution time: 24.244406700134277 seconds
metaTables/vocal_music_demucs_16k/metaData_fma_large/row17172.csv
Execution time: 24.558154821395874 seconds
metaTables/vocal_music_demucs_16k/metaData_fma_large/row17173.csv
Execution time: 23.23498845100403 seconds
metaTables/vocal_music_demucs_16k/metaData_fma_large/row17174.csv
Execution time: 22.541192054748535 seconds
metaTables/vocal_music_demucs_16k/metaData_fma_large/row17175.csv
Execution time: 24.600499868392944 seconds
metaTables/vocal_music_demucs_16k/metaData_fma_large/row17176.csv
Execution time: 23.41104245185852 seconds
metaTables/vocal_music_demucs_16k/metaData_fma_large/row17177.csv
Execution time: 23.397096395492554 seconds
metaTables/vocal_music_demucs_16k/metaData_fma_large/row17178.csv
Execution time: 23.289562702178955 seconds
metaTables/vocal_music_demucs_16k/metaData_fma_large/row17179.csv
Execution time: 23.095332145690918 seconds
metaTables/vocal_music_demucs_16k/metaData_fma_large/row17180.csv
Execution time: 22.87528157234192 seconds
metaTables/vocal_music_demucs_16k/metaData_fma_large/row17181.csv
Execution time: 22.269768953323364 seconds
metaTables/vocal_music_demucs_16k/metaData_fma_large/row17182.csv
Execution time: 22.975218296051025 seconds
metaTables/vocal_music_demucs_16k/metaData_fma_large/row17183.csv
Execution time: 23.213969707489014 seconds
metaTables/vocal_music_demucs_16k/metaData_fma_large/row17184.csv
Execution time: 22.73589253425598 seconds
metaTables/vocal_music_demucs_16k/metaData_fma_large/row17185.csv
Execution time: 23.197710752487183 seconds
metaTables/vocal_music_demucs_16k/metaData_fma_large/row17186.csv
Execution time: 23.839077472686768 seconds
metaTables/vocal_music_demucs_16k/metaData_fma_large/row17187.csv
Execution time: 22.83431077003479 seconds
metaTables/vocal_music_demucs_16k/metaData_fma_large/row17188.csv
Execution time: 24.74313235282898 seconds
metaTables/vocal_music_demucs_16k/metaData_fma_large/row17189.csv
Execution time: 23.609728574752808 seconds
metaTables/vocal_music_demucs_16k/metaData_fma_large/row17190.csv
Execution time: 23.111985206604004 seconds
metaTables/vocal_music_demucs_16k/metaData_fma_large/row17191.csv
Execution time: 23.155946254730225 seconds
metaTables/vocal_music_demucs_16k/metaData_fma_large/row17192.csv
Execution time: 23.411792516708374 seconds
metaTables/vocal_music_demucs_16k/metaData_fma_large/row17193.csv
Execution time: 23.15761375427246 seconds
metaTables/vocal_music_demucs_16k/metaData_fma_large/row17194.csv
Execution time: 23.59399104118347 seconds
metaTables/vocal_music_demucs_16k/metaData_fma_large/row17195.csv
Execution time: 23.64462924003601 seconds
metaTables/vocal_music_demucs_16k/metaData_fma_large/row17196.csv
Execution time: 22.905049085617065 seconds
metaTables/vocal_music_demucs_16k/metaData_fma_large/row17197.csv
Execution time: 22.795453548431396 seconds
metaTables/vocal_music_demucs_16k/metaData_fma_large/row17198.csv
Execution time: 23.346524000167847 seconds
metaTables/vocal_music_demucs_16k/metaData_fma_large/row17199.csv
Demucs voice recognition done!
