/ext3/demucs/lib/python3.9/site-packages/demucs/api.py:27: UserWarning: TorchAudio's global backend is now deprecated. Please enable distpatcher by setting `TORCHAUDIO_USE_BACKEND_DISPATCHER=1`, and specify backend when calling load/info/save function.
  import torchaudio as ta
2024-05-10 11:33:29.117940: I tensorflow/core/util/port.cc:113] oneDNN custom operations are on. You may see slightly different numerical results due to floating-point round-off errors from different computation orders. To turn them off, set the environment variable `TF_ENABLE_ONEDNN_OPTS=0`.
2024-05-10 11:33:30.465569: E external/local_xla/xla/stream_executor/cuda/cuda_dnn.cc:9261] Unable to register cuDNN factory: Attempting to register factory for plugin cuDNN when one has already been registered
2024-05-10 11:33:30.465607: E external/local_xla/xla/stream_executor/cuda/cuda_fft.cc:607] Unable to register cuFFT factory: Attempting to register factory for plugin cuFFT when one has already been registered
2024-05-10 11:33:30.656764: E external/local_xla/xla/stream_executor/cuda/cuda_blas.cc:1515] Unable to register cuBLAS factory: Attempting to register factory for plugin cuBLAS when one has already been registered
2024-05-10 11:33:30.847668: I tensorflow/core/platform/cpu_feature_guard.cc:182] This TensorFlow binary is optimized to use available CPU instructions in performance-critical operations.
To enable the following instructions: AVX2 AVX512F AVX512_VNNI FMA, in other operations, rebuild TensorFlow with the appropriate compiler flags.
2024-05-10 11:33:32.425218: W tensorflow/compiler/tf2tensorrt/utils/py_utils.cc:38] TF-TRT Warning: Could not find TensorRT
Execution time: 29.159494638442993 seconds
metaTables/vocal_music_demucs_16k/metaData_fma_large/row38200.csv
Execution time: 26.150442361831665 seconds
metaTables/vocal_music_demucs_16k/metaData_fma_large/row38201.csv
Execution time: 27.71136450767517 seconds
metaTables/vocal_music_demucs_16k/metaData_fma_large/row38202.csv
Execution time: 26.024346351623535 seconds
metaTables/vocal_music_demucs_16k/metaData_fma_large/row38203.csv
Execution time: 27.362487316131592 seconds
metaTables/vocal_music_demucs_16k/metaData_fma_large/row38204.csv
Execution time: 26.85035228729248 seconds
metaTables/vocal_music_demucs_16k/metaData_fma_large/row38205.csv
Execution time: 27.18532681465149 seconds
metaTables/vocal_music_demucs_16k/metaData_fma_large/row38206.csv
Execution time: 26.9773850440979 seconds
metaTables/vocal_music_demucs_16k/metaData_fma_large/row38207.csv
Execution time: 26.288761615753174 seconds
metaTables/vocal_music_demucs_16k/metaData_fma_large/row38208.csv
Execution time: 25.679405450820923 seconds
metaTables/vocal_music_demucs_16k/metaData_fma_large/row38209.csv
Execution time: 26.125346183776855 seconds
metaTables/vocal_music_demucs_16k/metaData_fma_large/row38210.csv
Execution time: 26.909003973007202 seconds
metaTables/vocal_music_demucs_16k/metaData_fma_large/row38211.csv
Execution time: 26.76638126373291 seconds
metaTables/vocal_music_demucs_16k/metaData_fma_large/row38212.csv
Execution time: 26.29808259010315 seconds
metaTables/vocal_music_demucs_16k/metaData_fma_large/row38213.csv
Execution time: 25.768069744110107 seconds
metaTables/vocal_music_demucs_16k/metaData_fma_large/row38214.csv
Execution time: 25.986579656600952 seconds
metaTables/vocal_music_demucs_16k/metaData_fma_large/row38215.csv
Execution time: 26.923563241958618 seconds
metaTables/vocal_music_demucs_16k/metaData_fma_large/row38216.csv
Execution time: 25.800722122192383 seconds
metaTables/vocal_music_demucs_16k/metaData_fma_large/row38217.csv
Execution time: 25.97814631462097 seconds
metaTables/vocal_music_demucs_16k/metaData_fma_large/row38218.csv
Execution time: 25.91607689857483 seconds
metaTables/vocal_music_demucs_16k/metaData_fma_large/row38219.csv
Execution time: 26.552740335464478 seconds
metaTables/vocal_music_demucs_16k/metaData_fma_large/row38220.csv
Execution time: 27.040669679641724 seconds
metaTables/vocal_music_demucs_16k/metaData_fma_large/row38221.csv
Execution time: 26.721685647964478 seconds
metaTables/vocal_music_demucs_16k/metaData_fma_large/row38222.csv
Execution time: 25.94587254524231 seconds
metaTables/vocal_music_demucs_16k/metaData_fma_large/row38223.csv
Execution time: 25.89545512199402 seconds
metaTables/vocal_music_demucs_16k/metaData_fma_large/row38224.csv
Execution time: 26.494694471359253 seconds
metaTables/vocal_music_demucs_16k/metaData_fma_large/row38225.csv
Execution time: 27.219338178634644 seconds
metaTables/vocal_music_demucs_16k/metaData_fma_large/row38226.csv
Execution time: 25.740074634552002 seconds
metaTables/vocal_music_demucs_16k/metaData_fma_large/row38227.csv
Execution time: 26.5272376537323 seconds
metaTables/vocal_music_demucs_16k/metaData_fma_large/row38228.csv
Execution time: 26.587101459503174 seconds
metaTables/vocal_music_demucs_16k/metaData_fma_large/row38229.csv
Execution time: 25.772310495376587 seconds
metaTables/vocal_music_demucs_16k/metaData_fma_large/row38230.csv
Execution time: 26.915253162384033 seconds
metaTables/vocal_music_demucs_16k/metaData_fma_large/row38231.csv
Execution time: 25.981899976730347 seconds
metaTables/vocal_music_demucs_16k/metaData_fma_large/row38232.csv
Execution time: 25.449961185455322 seconds
metaTables/vocal_music_demucs_16k/metaData_fma_large/row38233.csv
Execution time: 25.943018913269043 seconds
metaTables/vocal_music_demucs_16k/metaData_fma_large/row38234.csv
Execution time: 26.20611000061035 seconds
metaTables/vocal_music_demucs_16k/metaData_fma_large/row38235.csv
Execution time: 26.215296745300293 seconds
metaTables/vocal_music_demucs_16k/metaData_fma_large/row38236.csv
Execution time: 26.01610779762268 seconds
metaTables/vocal_music_demucs_16k/metaData_fma_large/row38237.csv
Execution time: 26.68949604034424 seconds
metaTables/vocal_music_demucs_16k/metaData_fma_large/row38238.csv
Execution time: 26.68879985809326 seconds
metaTables/vocal_music_demucs_16k/metaData_fma_large/row38239.csv
Execution time: 25.683650493621826 seconds
metaTables/vocal_music_demucs_16k/metaData_fma_large/row38240.csv
Execution time: 26.639708995819092 seconds
metaTables/vocal_music_demucs_16k/metaData_fma_large/row38241.csv
Execution time: 26.658615350723267 seconds
metaTables/vocal_music_demucs_16k/metaData_fma_large/row38242.csv
Execution time: 26.5356388092041 seconds
metaTables/vocal_music_demucs_16k/metaData_fma_large/row38243.csv
Execution time: 25.85982608795166 seconds
metaTables/vocal_music_demucs_16k/metaData_fma_large/row38244.csv
Execution time: 26.381731033325195 seconds
metaTables/vocal_music_demucs_16k/metaData_fma_large/row38245.csv
Execution time: 25.907679319381714 seconds
metaTables/vocal_music_demucs_16k/metaData_fma_large/row38246.csv
Execution time: 26.747917413711548 seconds
metaTables/vocal_music_demucs_16k/metaData_fma_large/row38247.csv
Execution time: 26.12818193435669 seconds
metaTables/vocal_music_demucs_16k/metaData_fma_large/row38248.csv
Execution time: 27.329986095428467 seconds
metaTables/vocal_music_demucs_16k/metaData_fma_large/row38249.csv
Execution time: 26.22273540496826 seconds
metaTables/vocal_music_demucs_16k/metaData_fma_large/row38250.csv
Execution time: 25.933607816696167 seconds
metaTables/vocal_music_demucs_16k/metaData_fma_large/row38251.csv
Execution time: 17.76901388168335 seconds
metaTables/vocal_music_demucs_16k/metaData_fma_large/row38252.csv
Execution time: 26.35355806350708 seconds
metaTables/vocal_music_demucs_16k/metaData_fma_large/row38253.csv
Execution time: 26.232516527175903 seconds
metaTables/vocal_music_demucs_16k/metaData_fma_large/row38254.csv
Execution time: 26.261839866638184 seconds
metaTables/vocal_music_demucs_16k/metaData_fma_large/row38255.csv
Execution time: 26.942259788513184 seconds
metaTables/vocal_music_demucs_16k/metaData_fma_large/row38256.csv
Execution time: 27.335835695266724 seconds
metaTables/vocal_music_demucs_16k/metaData_fma_large/row38257.csv
Execution time: 27.3397376537323 seconds
metaTables/vocal_music_demucs_16k/metaData_fma_large/row38258.csv
Execution time: 25.9276602268219 seconds
metaTables/vocal_music_demucs_16k/metaData_fma_large/row38259.csv
Execution time: 26.401031732559204 seconds
metaTables/vocal_music_demucs_16k/metaData_fma_large/row38260.csv
Execution time: 26.73255491256714 seconds
metaTables/vocal_music_demucs_16k/metaData_fma_large/row38261.csv
Execution time: 25.90187978744507 seconds
metaTables/vocal_music_demucs_16k/metaData_fma_large/row38262.csv
Execution time: 25.95590877532959 seconds
metaTables/vocal_music_demucs_16k/metaData_fma_large/row38263.csv
Execution time: 25.80810046195984 seconds
metaTables/vocal_music_demucs_16k/metaData_fma_large/row38264.csv
Execution time: 26.656283617019653 seconds
metaTables/vocal_music_demucs_16k/metaData_fma_large/row38265.csv
Execution time: 27.120193243026733 seconds
metaTables/vocal_music_demucs_16k/metaData_fma_large/row38266.csv
Execution time: 27.13129711151123 seconds
metaTables/vocal_music_demucs_16k/metaData_fma_large/row38267.csv
Execution time: 25.715813159942627 seconds
metaTables/vocal_music_demucs_16k/metaData_fma_large/row38268.csv
Execution time: 26.17574429512024 seconds
metaTables/vocal_music_demucs_16k/metaData_fma_large/row38269.csv
Execution time: 26.64016318321228 seconds
metaTables/vocal_music_demucs_16k/metaData_fma_large/row38270.csv
Execution time: 27.130905151367188 seconds
metaTables/vocal_music_demucs_16k/metaData_fma_large/row38271.csv
Execution time: 26.430169582366943 seconds
metaTables/vocal_music_demucs_16k/metaData_fma_large/row38272.csv
Execution time: 27.48804521560669 seconds
metaTables/vocal_music_demucs_16k/metaData_fma_large/row38273.csv
Execution time: 26.974058866500854 seconds
metaTables/vocal_music_demucs_16k/metaData_fma_large/row38274.csv
Execution time: 25.82729482650757 seconds
metaTables/vocal_music_demucs_16k/metaData_fma_large/row38275.csv
Execution time: 26.77674388885498 seconds
metaTables/vocal_music_demucs_16k/metaData_fma_large/row38276.csv
Execution time: 26.71428370475769 seconds
metaTables/vocal_music_demucs_16k/metaData_fma_large/row38277.csv
Execution time: 27.20352792739868 seconds
metaTables/vocal_music_demucs_16k/metaData_fma_large/row38278.csv
Execution time: 27.46771740913391 seconds
metaTables/vocal_music_demucs_16k/metaData_fma_large/row38279.csv
Execution time: 26.125279188156128 seconds
metaTables/vocal_music_demucs_16k/metaData_fma_large/row38280.csv
Execution time: 26.1434223651886 seconds
metaTables/vocal_music_demucs_16k/metaData_fma_large/row38281.csv
Execution time: 25.480166912078857 seconds
metaTables/vocal_music_demucs_16k/metaData_fma_large/row38282.csv
Execution time: 26.431580781936646 seconds
metaTables/vocal_music_demucs_16k/metaData_fma_large/row38283.csv
Execution time: 26.256114721298218 seconds
metaTables/vocal_music_demucs_16k/metaData_fma_large/row38284.csv
Execution time: 26.32880926132202 seconds
metaTables/vocal_music_demucs_16k/metaData_fma_large/row38285.csv
Execution time: 26.486501216888428 seconds
metaTables/vocal_music_demucs_16k/metaData_fma_large/row38286.csv
Execution time: 26.70485496520996 seconds
metaTables/vocal_music_demucs_16k/metaData_fma_large/row38287.csv
Execution time: 26.598538637161255 seconds
metaTables/vocal_music_demucs_16k/metaData_fma_large/row38288.csv
Execution time: 27.197221517562866 seconds
metaTables/vocal_music_demucs_16k/metaData_fma_large/row38289.csv
Execution time: 26.915064334869385 seconds
metaTables/vocal_music_demucs_16k/metaData_fma_large/row38290.csv
Execution time: 26.879673957824707 seconds
metaTables/vocal_music_demucs_16k/metaData_fma_large/row38291.csv
Execution time: 25.61155676841736 seconds
metaTables/vocal_music_demucs_16k/metaData_fma_large/row38292.csv
Execution time: 27.07511305809021 seconds
metaTables/vocal_music_demucs_16k/metaData_fma_large/row38293.csv
Execution time: 26.941721439361572 seconds
metaTables/vocal_music_demucs_16k/metaData_fma_large/row38294.csv
Execution time: 26.303819179534912 seconds
metaTables/vocal_music_demucs_16k/metaData_fma_large/row38295.csv
Execution time: 26.685280799865723 seconds
metaTables/vocal_music_demucs_16k/metaData_fma_large/row38296.csv
Execution time: 26.389251947402954 seconds
metaTables/vocal_music_demucs_16k/metaData_fma_large/row38297.csv
Execution time: 26.64353060722351 seconds
metaTables/vocal_music_demucs_16k/metaData_fma_large/row38298.csv
Execution time: 25.757763147354126 seconds
metaTables/vocal_music_demucs_16k/metaData_fma_large/row38299.csv
Demucs voice recognition done!
