/ext3/demucs/lib/python3.9/site-packages/demucs/api.py:27: UserWarning: TorchAudio's global backend is now deprecated. Please enable distpatcher by setting `TORCHAUDIO_USE_BACKEND_DISPATCHER=1`, and specify backend when calling load/info/save function.
  import torchaudio as ta
2024-05-08 23:36:44.017870: I tensorflow/core/util/port.cc:113] oneDNN custom operations are on. You may see slightly different numerical results due to floating-point round-off errors from different computation orders. To turn them off, set the environment variable `TF_ENABLE_ONEDNN_OPTS=0`.
2024-05-08 23:36:47.221459: E external/local_xla/xla/stream_executor/cuda/cuda_dnn.cc:9261] Unable to register cuDNN factory: Attempting to register factory for plugin cuDNN when one has already been registered
2024-05-08 23:36:47.221506: E external/local_xla/xla/stream_executor/cuda/cuda_fft.cc:607] Unable to register cuFFT factory: Attempting to register factory for plugin cuFFT when one has already been registered
2024-05-08 23:36:47.509670: E external/local_xla/xla/stream_executor/cuda/cuda_blas.cc:1515] Unable to register cuBLAS factory: Attempting to register factory for plugin cuBLAS when one has already been registered
2024-05-08 23:36:47.952877: I tensorflow/core/platform/cpu_feature_guard.cc:182] This TensorFlow binary is optimized to use available CPU instructions in performance-critical operations.
To enable the following instructions: AVX2 AVX512F AVX512_VNNI FMA, in other operations, rebuild TensorFlow with the appropriate compiler flags.
2024-05-08 23:36:51.274202: W tensorflow/compiler/tf2tensorrt/utils/py_utils.cc:38] TF-TRT Warning: Could not find TensorRT
Execution time: 25.79280996322632 seconds
metaTables/vocal_music_demucs_16k/metaData_fma_large/row49200.csv
Execution time: 24.838362216949463 seconds
metaTables/vocal_music_demucs_16k/metaData_fma_large/row49201.csv
Execution time: 24.72999095916748 seconds
metaTables/vocal_music_demucs_16k/metaData_fma_large/row49202.csv
Execution time: 26.401777505874634 seconds
metaTables/vocal_music_demucs_16k/metaData_fma_large/row49203.csv
Execution time: 25.33517336845398 seconds
metaTables/vocal_music_demucs_16k/metaData_fma_large/row49204.csv
Execution time: 25.9521427154541 seconds
metaTables/vocal_music_demucs_16k/metaData_fma_large/row49205.csv
Execution time: 24.632715940475464 seconds
metaTables/vocal_music_demucs_16k/metaData_fma_large/row49206.csv
Execution time: 24.55288553237915 seconds
metaTables/vocal_music_demucs_16k/metaData_fma_large/row49207.csv
Execution time: 25.149184465408325 seconds
metaTables/vocal_music_demucs_16k/metaData_fma_large/row49208.csv
Execution time: 25.619661808013916 seconds
metaTables/vocal_music_demucs_16k/metaData_fma_large/row49209.csv
Execution time: 24.757673263549805 seconds
metaTables/vocal_music_demucs_16k/metaData_fma_large/row49210.csv
Execution time: 25.199861526489258 seconds
metaTables/vocal_music_demucs_16k/metaData_fma_large/row49211.csv
Execution time: 25.805322885513306 seconds
metaTables/vocal_music_demucs_16k/metaData_fma_large/row49212.csv
Execution time: 25.289650440216064 seconds
metaTables/vocal_music_demucs_16k/metaData_fma_large/row49213.csv
Execution time: 25.481127977371216 seconds
metaTables/vocal_music_demucs_16k/metaData_fma_large/row49214.csv
Execution time: 25.14530849456787 seconds
metaTables/vocal_music_demucs_16k/metaData_fma_large/row49215.csv
Execution time: 26.145343542099 seconds
metaTables/vocal_music_demucs_16k/metaData_fma_large/row49216.csv
Execution time: 24.52442169189453 seconds
metaTables/vocal_music_demucs_16k/metaData_fma_large/row49217.csv
Execution time: 25.72009253501892 seconds
metaTables/vocal_music_demucs_16k/metaData_fma_large/row49218.csv
Execution time: 25.470301628112793 seconds
metaTables/vocal_music_demucs_16k/metaData_fma_large/row49219.csv
Execution time: 25.688357830047607 seconds
metaTables/vocal_music_demucs_16k/metaData_fma_large/row49220.csv
Execution time: 25.87749218940735 seconds
metaTables/vocal_music_demucs_16k/metaData_fma_large/row49221.csv
Execution time: 25.287182092666626 seconds
metaTables/vocal_music_demucs_16k/metaData_fma_large/row49222.csv
Execution time: 24.375479698181152 seconds
metaTables/vocal_music_demucs_16k/metaData_fma_large/row49223.csv
Execution time: 24.9266836643219 seconds
metaTables/vocal_music_demucs_16k/metaData_fma_large/row49224.csv
Execution time: 25.09916853904724 seconds
metaTables/vocal_music_demucs_16k/metaData_fma_large/row49225.csv
Execution time: 25.421847105026245 seconds
metaTables/vocal_music_demucs_16k/metaData_fma_large/row49226.csv
Execution time: 24.83489727973938 seconds
metaTables/vocal_music_demucs_16k/metaData_fma_large/row49227.csv
Execution time: 25.124694108963013 seconds
metaTables/vocal_music_demucs_16k/metaData_fma_large/row49228.csv
Execution time: 25.61922311782837 seconds
metaTables/vocal_music_demucs_16k/metaData_fma_large/row49229.csv
Execution time: 25.567241191864014 seconds
metaTables/vocal_music_demucs_16k/metaData_fma_large/row49230.csv
Execution time: 24.580648183822632 seconds
metaTables/vocal_music_demucs_16k/metaData_fma_large/row49231.csv
Execution time: 25.37592887878418 seconds
metaTables/vocal_music_demucs_16k/metaData_fma_large/row49232.csv
Execution time: 24.717119693756104 seconds
metaTables/vocal_music_demucs_16k/metaData_fma_large/row49233.csv
Execution time: 25.89268469810486 seconds
metaTables/vocal_music_demucs_16k/metaData_fma_large/row49234.csv
Execution time: 20.835937976837158 seconds
metaTables/vocal_music_demucs_16k/metaData_fma_large/row49235.csv
Execution time: 25.08902859687805 seconds
metaTables/vocal_music_demucs_16k/metaData_fma_large/row49236.csv
Execution time: 25.373005867004395 seconds
metaTables/vocal_music_demucs_16k/metaData_fma_large/row49237.csv
Execution time: 25.0016086101532 seconds
metaTables/vocal_music_demucs_16k/metaData_fma_large/row49238.csv
Execution time: 25.651583671569824 seconds
metaTables/vocal_music_demucs_16k/metaData_fma_large/row49239.csv
Execution time: 25.30707097053528 seconds
metaTables/vocal_music_demucs_16k/metaData_fma_large/row49240.csv
Execution time: 25.70915675163269 seconds
metaTables/vocal_music_demucs_16k/metaData_fma_large/row49241.csv
Execution time: 24.767505645751953 seconds
metaTables/vocal_music_demucs_16k/metaData_fma_large/row49242.csv
Execution time: 24.685630559921265 seconds
metaTables/vocal_music_demucs_16k/metaData_fma_large/row49243.csv
Execution time: 25.768104791641235 seconds
metaTables/vocal_music_demucs_16k/metaData_fma_large/row49244.csv
Execution time: 25.53230595588684 seconds
metaTables/vocal_music_demucs_16k/metaData_fma_large/row49245.csv
Execution time: 25.618740797042847 seconds
metaTables/vocal_music_demucs_16k/metaData_fma_large/row49246.csv
Execution time: 24.665027618408203 seconds
metaTables/vocal_music_demucs_16k/metaData_fma_large/row49247.csv
Execution time: 24.832370281219482 seconds
metaTables/vocal_music_demucs_16k/metaData_fma_large/row49248.csv
Execution time: 24.938488483428955 seconds
metaTables/vocal_music_demucs_16k/metaData_fma_large/row49249.csv
Execution time: 25.833317756652832 seconds
metaTables/vocal_music_demucs_16k/metaData_fma_large/row49250.csv
Execution time: 24.89781141281128 seconds
metaTables/vocal_music_demucs_16k/metaData_fma_large/row49251.csv
Execution time: 25.24564218521118 seconds
metaTables/vocal_music_demucs_16k/metaData_fma_large/row49252.csv
Execution time: 24.909165859222412 seconds
metaTables/vocal_music_demucs_16k/metaData_fma_large/row49253.csv
Execution time: 25.088950872421265 seconds
metaTables/vocal_music_demucs_16k/metaData_fma_large/row49254.csv
Execution time: 25.464961290359497 seconds
metaTables/vocal_music_demucs_16k/metaData_fma_large/row49255.csv
Execution time: 25.47210955619812 seconds
metaTables/vocal_music_demucs_16k/metaData_fma_large/row49256.csv
Execution time: 25.881319046020508 seconds
metaTables/vocal_music_demucs_16k/metaData_fma_large/row49257.csv
Execution time: 24.840203285217285 seconds
metaTables/vocal_music_demucs_16k/metaData_fma_large/row49258.csv
Execution time: 25.444948434829712 seconds
metaTables/vocal_music_demucs_16k/metaData_fma_large/row49259.csv
Execution time: 26.267702102661133 seconds
metaTables/vocal_music_demucs_16k/metaData_fma_large/row49260.csv
Execution time: 25.76352334022522 seconds
metaTables/vocal_music_demucs_16k/metaData_fma_large/row49261.csv
Execution time: 25.60771417617798 seconds
metaTables/vocal_music_demucs_16k/metaData_fma_large/row49262.csv
Execution time: 25.50354242324829 seconds
metaTables/vocal_music_demucs_16k/metaData_fma_large/row49263.csv
Execution time: 25.149181127548218 seconds
metaTables/vocal_music_demucs_16k/metaData_fma_large/row49264.csv
Execution time: 25.40388512611389 seconds
metaTables/vocal_music_demucs_16k/metaData_fma_large/row49265.csv
Execution time: 25.351601123809814 seconds
metaTables/vocal_music_demucs_16k/metaData_fma_large/row49266.csv
Execution time: 25.286409616470337 seconds
metaTables/vocal_music_demucs_16k/metaData_fma_large/row49267.csv
Execution time: 24.45565104484558 seconds
metaTables/vocal_music_demucs_16k/metaData_fma_large/row49268.csv
Execution time: 24.65271782875061 seconds
metaTables/vocal_music_demucs_16k/metaData_fma_large/row49269.csv
Execution time: 25.02620029449463 seconds
metaTables/vocal_music_demucs_16k/metaData_fma_large/row49270.csv
Execution time: 25.651255130767822 seconds
metaTables/vocal_music_demucs_16k/metaData_fma_large/row49271.csv
Execution time: 25.17664670944214 seconds
metaTables/vocal_music_demucs_16k/metaData_fma_large/row49272.csv
Execution time: 24.020930767059326 seconds
metaTables/vocal_music_demucs_16k/metaData_fma_large/row49273.csv
Execution time: 24.92598605155945 seconds
metaTables/vocal_music_demucs_16k/metaData_fma_large/row49274.csv
Execution time: 25.91264581680298 seconds
metaTables/vocal_music_demucs_16k/metaData_fma_large/row49275.csv
Execution time: 25.22279405593872 seconds
metaTables/vocal_music_demucs_16k/metaData_fma_large/row49276.csv
Execution time: 25.08669376373291 seconds
metaTables/vocal_music_demucs_16k/metaData_fma_large/row49277.csv
Execution time: 25.620691299438477 seconds
metaTables/vocal_music_demucs_16k/metaData_fma_large/row49278.csv
Execution time: 25.304484128952026 seconds
metaTables/vocal_music_demucs_16k/metaData_fma_large/row49279.csv
Execution time: 25.187443256378174 seconds
metaTables/vocal_music_demucs_16k/metaData_fma_large/row49280.csv
Execution time: 25.846168279647827 seconds
metaTables/vocal_music_demucs_16k/metaData_fma_large/row49281.csv
Execution time: 24.49295735359192 seconds
metaTables/vocal_music_demucs_16k/metaData_fma_large/row49282.csv
Execution time: 25.683209657669067 seconds
metaTables/vocal_music_demucs_16k/metaData_fma_large/row49283.csv
Execution time: 25.755533933639526 seconds
metaTables/vocal_music_demucs_16k/metaData_fma_large/row49284.csv
Execution time: 24.65305805206299 seconds
metaTables/vocal_music_demucs_16k/metaData_fma_large/row49285.csv
Execution time: 24.30826187133789 seconds
metaTables/vocal_music_demucs_16k/metaData_fma_large/row49286.csv
Execution time: 24.283934831619263 seconds
metaTables/vocal_music_demucs_16k/metaData_fma_large/row49287.csv
Execution time: 26.244361400604248 seconds
metaTables/vocal_music_demucs_16k/metaData_fma_large/row49288.csv
Execution time: 24.12119746208191 seconds
metaTables/vocal_music_demucs_16k/metaData_fma_large/row49289.csv
Execution time: 24.603678226470947 seconds
metaTables/vocal_music_demucs_16k/metaData_fma_large/row49290.csv
Execution time: 24.538103342056274 seconds
metaTables/vocal_music_demucs_16k/metaData_fma_large/row49291.csv
Execution time: 23.934077978134155 seconds
metaTables/vocal_music_demucs_16k/metaData_fma_large/row49292.csv
Execution time: 23.736581087112427 seconds
metaTables/vocal_music_demucs_16k/metaData_fma_large/row49293.csv
Execution time: 23.81494951248169 seconds
metaTables/vocal_music_demucs_16k/metaData_fma_large/row49294.csv
Execution time: 23.63218927383423 seconds
metaTables/vocal_music_demucs_16k/metaData_fma_large/row49295.csv
Execution time: 24.382829427719116 seconds
metaTables/vocal_music_demucs_16k/metaData_fma_large/row49296.csv
Execution time: 25.403658628463745 seconds
metaTables/vocal_music_demucs_16k/metaData_fma_large/row49297.csv
Execution time: 24.029003620147705 seconds
metaTables/vocal_music_demucs_16k/metaData_fma_large/row49298.csv
Execution time: 24.06562876701355 seconds
metaTables/vocal_music_demucs_16k/metaData_fma_large/row49299.csv
Demucs voice recognition done!
