/ext3/demucs/lib/python3.9/site-packages/demucs/api.py:27: UserWarning: TorchAudio's global backend is now deprecated. Please enable distpatcher by setting `TORCHAUDIO_USE_BACKEND_DISPATCHER=1`, and specify backend when calling load/info/save function.
  import torchaudio as ta
2024-05-10 11:35:03.944288: I tensorflow/core/util/port.cc:113] oneDNN custom operations are on. You may see slightly different numerical results due to floating-point round-off errors from different computation orders. To turn them off, set the environment variable `TF_ENABLE_ONEDNN_OPTS=0`.
2024-05-10 11:35:04.221755: E external/local_xla/xla/stream_executor/cuda/cuda_dnn.cc:9261] Unable to register cuDNN factory: Attempting to register factory for plugin cuDNN when one has already been registered
2024-05-10 11:35:04.221799: E external/local_xla/xla/stream_executor/cuda/cuda_fft.cc:607] Unable to register cuFFT factory: Attempting to register factory for plugin cuFFT when one has already been registered
2024-05-10 11:35:04.468318: E external/local_xla/xla/stream_executor/cuda/cuda_blas.cc:1515] Unable to register cuBLAS factory: Attempting to register factory for plugin cuBLAS when one has already been registered
2024-05-10 11:35:04.638803: I tensorflow/core/platform/cpu_feature_guard.cc:182] This TensorFlow binary is optimized to use available CPU instructions in performance-critical operations.
To enable the following instructions: AVX2 AVX512F AVX512_VNNI FMA, in other operations, rebuild TensorFlow with the appropriate compiler flags.
2024-05-10 11:35:05.924313: W tensorflow/compiler/tf2tensorrt/utils/py_utils.cc:38] TF-TRT Warning: Could not find TensorRT
Execution time: 30.81592607498169 seconds
metaTables/vocal_music_demucs_16k/metaData_fma_large/row80600.csv
Execution time: 28.572569847106934 seconds
metaTables/vocal_music_demucs_16k/metaData_fma_large/row80601.csv
Execution time: 28.906920194625854 seconds
metaTables/vocal_music_demucs_16k/metaData_fma_large/row80602.csv
Execution time: 27.633678197860718 seconds
metaTables/vocal_music_demucs_16k/metaData_fma_large/row80603.csv
Execution time: 28.69130301475525 seconds
metaTables/vocal_music_demucs_16k/metaData_fma_large/row80604.csv
Execution time: 28.299068450927734 seconds
metaTables/vocal_music_demucs_16k/metaData_fma_large/row80605.csv
Execution time: 28.503575086593628 seconds
metaTables/vocal_music_demucs_16k/metaData_fma_large/row80606.csv
Execution time: 28.626772165298462 seconds
metaTables/vocal_music_demucs_16k/metaData_fma_large/row80607.csv
Execution time: 28.32308316230774 seconds
metaTables/vocal_music_demucs_16k/metaData_fma_large/row80608.csv
Execution time: 26.93172025680542 seconds
metaTables/vocal_music_demucs_16k/metaData_fma_large/row80609.csv
Execution time: 29.161572456359863 seconds
metaTables/vocal_music_demucs_16k/metaData_fma_large/row80610.csv
Execution time: 28.925673723220825 seconds
metaTables/vocal_music_demucs_16k/metaData_fma_large/row80611.csv
Execution time: 28.488128185272217 seconds
metaTables/vocal_music_demucs_16k/metaData_fma_large/row80612.csv
Execution time: 28.742721796035767 seconds
metaTables/vocal_music_demucs_16k/metaData_fma_large/row80613.csv
Execution time: 27.59613060951233 seconds
metaTables/vocal_music_demucs_16k/metaData_fma_large/row80614.csv
Execution time: 27.760931730270386 seconds
metaTables/vocal_music_demucs_16k/metaData_fma_large/row80615.csv
Execution time: 27.53657031059265 seconds
metaTables/vocal_music_demucs_16k/metaData_fma_large/row80616.csv
Execution time: 27.781330585479736 seconds
metaTables/vocal_music_demucs_16k/metaData_fma_large/row80617.csv
Execution time: 28.381171464920044 seconds
metaTables/vocal_music_demucs_16k/metaData_fma_large/row80618.csv
Execution time: 28.626235485076904 seconds
metaTables/vocal_music_demucs_16k/metaData_fma_large/row80619.csv
Execution time: 28.07051682472229 seconds
metaTables/vocal_music_demucs_16k/metaData_fma_large/row80620.csv
Execution time: 29.025017261505127 seconds
metaTables/vocal_music_demucs_16k/metaData_fma_large/row80621.csv
Execution time: 27.770963430404663 seconds
metaTables/vocal_music_demucs_16k/metaData_fma_large/row80622.csv
Execution time: 28.172399282455444 seconds
metaTables/vocal_music_demucs_16k/metaData_fma_large/row80623.csv
Execution time: 29.199260711669922 seconds
metaTables/vocal_music_demucs_16k/metaData_fma_large/row80624.csv
Execution time: 28.908726930618286 seconds
metaTables/vocal_music_demucs_16k/metaData_fma_large/row80625.csv
Execution time: 28.49389100074768 seconds
metaTables/vocal_music_demucs_16k/metaData_fma_large/row80626.csv
Execution time: 27.968119621276855 seconds
metaTables/vocal_music_demucs_16k/metaData_fma_large/row80627.csv
Execution time: 28.14502239227295 seconds
metaTables/vocal_music_demucs_16k/metaData_fma_large/row80628.csv
Execution time: 29.075220584869385 seconds
metaTables/vocal_music_demucs_16k/metaData_fma_large/row80629.csv
Execution time: 28.512061834335327 seconds
metaTables/vocal_music_demucs_16k/metaData_fma_large/row80630.csv
Execution time: 28.98998188972473 seconds
metaTables/vocal_music_demucs_16k/metaData_fma_large/row80631.csv
Execution time: 28.312817096710205 seconds
metaTables/vocal_music_demucs_16k/metaData_fma_large/row80632.csv
Execution time: 27.826725959777832 seconds
metaTables/vocal_music_demucs_16k/metaData_fma_large/row80633.csv
Execution time: 29.06384038925171 seconds
metaTables/vocal_music_demucs_16k/metaData_fma_large/row80634.csv
Execution time: 28.81728196144104 seconds
metaTables/vocal_music_demucs_16k/metaData_fma_large/row80635.csv
Execution time: 28.290623426437378 seconds
metaTables/vocal_music_demucs_16k/metaData_fma_large/row80636.csv
Execution time: 28.814104318618774 seconds
metaTables/vocal_music_demucs_16k/metaData_fma_large/row80637.csv
Execution time: 27.943177938461304 seconds
metaTables/vocal_music_demucs_16k/metaData_fma_large/row80638.csv
Execution time: 28.522552013397217 seconds
metaTables/vocal_music_demucs_16k/metaData_fma_large/row80639.csv
Execution time: 28.879145622253418 seconds
metaTables/vocal_music_demucs_16k/metaData_fma_large/row80640.csv
Execution time: 27.690749883651733 seconds
metaTables/vocal_music_demucs_16k/metaData_fma_large/row80641.csv
Execution time: 28.920001983642578 seconds
metaTables/vocal_music_demucs_16k/metaData_fma_large/row80642.csv
Execution time: 28.84667134284973 seconds
metaTables/vocal_music_demucs_16k/metaData_fma_large/row80643.csv
Execution time: 28.239264488220215 seconds
metaTables/vocal_music_demucs_16k/metaData_fma_large/row80644.csv
Execution time: 27.937841653823853 seconds
metaTables/vocal_music_demucs_16k/metaData_fma_large/row80645.csv
Execution time: 27.898164749145508 seconds
metaTables/vocal_music_demucs_16k/metaData_fma_large/row80646.csv
Execution time: 28.216411352157593 seconds
metaTables/vocal_music_demucs_16k/metaData_fma_large/row80647.csv
Execution time: 28.456629991531372 seconds
metaTables/vocal_music_demucs_16k/metaData_fma_large/row80648.csv
Execution time: 28.877005100250244 seconds
metaTables/vocal_music_demucs_16k/metaData_fma_large/row80649.csv
Execution time: 28.967053651809692 seconds
metaTables/vocal_music_demucs_16k/metaData_fma_large/row80650.csv
Execution time: 28.093252182006836 seconds
metaTables/vocal_music_demucs_16k/metaData_fma_large/row80651.csv
Execution time: 29.11757779121399 seconds
metaTables/vocal_music_demucs_16k/metaData_fma_large/row80652.csv
Execution time: 28.5536789894104 seconds
metaTables/vocal_music_demucs_16k/metaData_fma_large/row80653.csv
Execution time: 27.9359450340271 seconds
metaTables/vocal_music_demucs_16k/metaData_fma_large/row80654.csv
Execution time: 28.797492742538452 seconds
metaTables/vocal_music_demucs_16k/metaData_fma_large/row80655.csv
Execution time: 28.170795679092407 seconds
metaTables/vocal_music_demucs_16k/metaData_fma_large/row80656.csv
Execution time: 28.665277004241943 seconds
metaTables/vocal_music_demucs_16k/metaData_fma_large/row80657.csv
Execution time: 28.72346782684326 seconds
metaTables/vocal_music_demucs_16k/metaData_fma_large/row80658.csv
Execution time: 28.442732572555542 seconds
metaTables/vocal_music_demucs_16k/metaData_fma_large/row80659.csv
Execution time: 28.392008543014526 seconds
metaTables/vocal_music_demucs_16k/metaData_fma_large/row80660.csv
Execution time: 29.56231927871704 seconds
metaTables/vocal_music_demucs_16k/metaData_fma_large/row80661.csv
Execution time: 28.402601718902588 seconds
metaTables/vocal_music_demucs_16k/metaData_fma_large/row80662.csv
Execution time: 27.86676526069641 seconds
metaTables/vocal_music_demucs_16k/metaData_fma_large/row80663.csv
Execution time: 27.874799251556396 seconds
metaTables/vocal_music_demucs_16k/metaData_fma_large/row80664.csv
Execution time: 27.85395622253418 seconds
metaTables/vocal_music_demucs_16k/metaData_fma_large/row80665.csv
Execution time: 28.81324601173401 seconds
metaTables/vocal_music_demucs_16k/metaData_fma_large/row80666.csv
Execution time: 29.211157083511353 seconds
metaTables/vocal_music_demucs_16k/metaData_fma_large/row80667.csv
Execution time: 28.822422981262207 seconds
metaTables/vocal_music_demucs_16k/metaData_fma_large/row80668.csv
Execution time: 29.050862312316895 seconds
metaTables/vocal_music_demucs_16k/metaData_fma_large/row80669.csv
Execution time: 28.804022312164307 seconds
metaTables/vocal_music_demucs_16k/metaData_fma_large/row80670.csv
Execution time: 28.057892560958862 seconds
metaTables/vocal_music_demucs_16k/metaData_fma_large/row80671.csv
Execution time: 29.470534086227417 seconds
metaTables/vocal_music_demucs_16k/metaData_fma_large/row80672.csv
Execution time: 28.814420461654663 seconds
metaTables/vocal_music_demucs_16k/metaData_fma_large/row80673.csv
Execution time: 29.409672498703003 seconds
metaTables/vocal_music_demucs_16k/metaData_fma_large/row80674.csv
Execution time: 28.73684072494507 seconds
metaTables/vocal_music_demucs_16k/metaData_fma_large/row80675.csv
Execution time: 28.455050945281982 seconds
metaTables/vocal_music_demucs_16k/metaData_fma_large/row80676.csv
Execution time: 28.28095841407776 seconds
metaTables/vocal_music_demucs_16k/metaData_fma_large/row80677.csv
Execution time: 29.43746042251587 seconds
metaTables/vocal_music_demucs_16k/metaData_fma_large/row80678.csv
Execution time: 28.774993896484375 seconds
metaTables/vocal_music_demucs_16k/metaData_fma_large/row80679.csv
Execution time: 28.130699634552002 seconds
metaTables/vocal_music_demucs_16k/metaData_fma_large/row80680.csv
Execution time: 28.637613534927368 seconds
metaTables/vocal_music_demucs_16k/metaData_fma_large/row80681.csv
Execution time: 27.9735906124115 seconds
metaTables/vocal_music_demucs_16k/metaData_fma_large/row80682.csv
Execution time: 28.67196249961853 seconds
metaTables/vocal_music_demucs_16k/metaData_fma_large/row80683.csv
Execution time: 28.798964500427246 seconds
metaTables/vocal_music_demucs_16k/metaData_fma_large/row80684.csv
Execution time: 29.673813819885254 seconds
metaTables/vocal_music_demucs_16k/metaData_fma_large/row80685.csv
Execution time: 28.868791818618774 seconds
metaTables/vocal_music_demucs_16k/metaData_fma_large/row80686.csv
Execution time: 28.22686529159546 seconds
metaTables/vocal_music_demucs_16k/metaData_fma_large/row80687.csv
Execution time: 28.235268592834473 seconds
metaTables/vocal_music_demucs_16k/metaData_fma_large/row80688.csv
Execution time: 27.66388773918152 seconds
metaTables/vocal_music_demucs_16k/metaData_fma_large/row80689.csv
Execution time: 28.88504409790039 seconds
metaTables/vocal_music_demucs_16k/metaData_fma_large/row80690.csv
Execution time: 28.02530813217163 seconds
metaTables/vocal_music_demucs_16k/metaData_fma_large/row80691.csv
Execution time: 28.413461923599243 seconds
metaTables/vocal_music_demucs_16k/metaData_fma_large/row80692.csv
Execution time: 29.092469930648804 seconds
metaTables/vocal_music_demucs_16k/metaData_fma_large/row80693.csv
Execution time: 28.407245874404907 seconds
metaTables/vocal_music_demucs_16k/metaData_fma_large/row80694.csv
Execution time: 28.557965755462646 seconds
metaTables/vocal_music_demucs_16k/metaData_fma_large/row80695.csv
Execution time: 27.951669216156006 seconds
metaTables/vocal_music_demucs_16k/metaData_fma_large/row80696.csv
Execution time: 27.166500329971313 seconds
metaTables/vocal_music_demucs_16k/metaData_fma_large/row80697.csv
Execution time: 26.661153554916382 seconds
metaTables/vocal_music_demucs_16k/metaData_fma_large/row80698.csv
Execution time: 23.826722145080566 seconds
metaTables/vocal_music_demucs_16k/metaData_fma_large/row80699.csv
Demucs voice recognition done!
