/ext3/demucs/lib/python3.9/site-packages/demucs/api.py:27: UserWarning: TorchAudio's global backend is now deprecated. Please enable distpatcher by setting `TORCHAUDIO_USE_BACKEND_DISPATCHER=1`, and specify backend when calling load/info/save function.
  import torchaudio as ta
2024-05-10 11:32:32.828292: I tensorflow/core/util/port.cc:113] oneDNN custom operations are on. You may see slightly different numerical results due to floating-point round-off errors from different computation orders. To turn them off, set the environment variable `TF_ENABLE_ONEDNN_OPTS=0`.
2024-05-10 11:32:34.850628: E external/local_xla/xla/stream_executor/cuda/cuda_dnn.cc:9261] Unable to register cuDNN factory: Attempting to register factory for plugin cuDNN when one has already been registered
2024-05-10 11:32:34.850676: E external/local_xla/xla/stream_executor/cuda/cuda_fft.cc:607] Unable to register cuFFT factory: Attempting to register factory for plugin cuFFT when one has already been registered
2024-05-10 11:32:34.950365: E external/local_xla/xla/stream_executor/cuda/cuda_blas.cc:1515] Unable to register cuBLAS factory: Attempting to register factory for plugin cuBLAS when one has already been registered
2024-05-10 11:32:35.260246: I tensorflow/core/platform/cpu_feature_guard.cc:182] This TensorFlow binary is optimized to use available CPU instructions in performance-critical operations.
To enable the following instructions: AVX2 AVX512F AVX512_VNNI FMA, in other operations, rebuild TensorFlow with the appropriate compiler flags.
2024-05-10 11:32:37.509574: W tensorflow/compiler/tf2tensorrt/utils/py_utils.cc:38] TF-TRT Warning: Could not find TensorRT
Execution time: 28.378615856170654 seconds
metaTables/vocal_music_demucs_16k/metaData_fma_large/row8800.csv
Execution time: 28.13978147506714 seconds
metaTables/vocal_music_demucs_16k/metaData_fma_large/row8801.csv
Execution time: 28.546621322631836 seconds
metaTables/vocal_music_demucs_16k/metaData_fma_large/row8802.csv
Execution time: 28.55752396583557 seconds
metaTables/vocal_music_demucs_16k/metaData_fma_large/row8803.csv
Execution time: 28.801108360290527 seconds
metaTables/vocal_music_demucs_16k/metaData_fma_large/row8804.csv
Execution time: 28.279478311538696 seconds
metaTables/vocal_music_demucs_16k/metaData_fma_large/row8805.csv
Execution time: 27.412314891815186 seconds
metaTables/vocal_music_demucs_16k/metaData_fma_large/row8806.csv
Execution time: 28.26322054862976 seconds
metaTables/vocal_music_demucs_16k/metaData_fma_large/row8807.csv
Execution time: 28.706782341003418 seconds
metaTables/vocal_music_demucs_16k/metaData_fma_large/row8808.csv
Execution time: 28.099451780319214 seconds
metaTables/vocal_music_demucs_16k/metaData_fma_large/row8809.csv
Execution time: 28.296226978302002 seconds
metaTables/vocal_music_demucs_16k/metaData_fma_large/row8810.csv
Execution time: 28.655701160430908 seconds
metaTables/vocal_music_demucs_16k/metaData_fma_large/row8811.csv
Execution time: 27.887205600738525 seconds
metaTables/vocal_music_demucs_16k/metaData_fma_large/row8812.csv
Execution time: 29.005526065826416 seconds
metaTables/vocal_music_demucs_16k/metaData_fma_large/row8813.csv
Execution time: 27.788453102111816 seconds
metaTables/vocal_music_demucs_16k/metaData_fma_large/row8814.csv
Execution time: 28.71298360824585 seconds
metaTables/vocal_music_demucs_16k/metaData_fma_large/row8815.csv
Execution time: 29.2248318195343 seconds
metaTables/vocal_music_demucs_16k/metaData_fma_large/row8816.csv
Execution time: 29.253549814224243 seconds
metaTables/vocal_music_demucs_16k/metaData_fma_large/row8817.csv
Execution time: 28.477900505065918 seconds
metaTables/vocal_music_demucs_16k/metaData_fma_large/row8818.csv
Execution time: 27.97356677055359 seconds
metaTables/vocal_music_demucs_16k/metaData_fma_large/row8819.csv
Execution time: 28.033419370651245 seconds
metaTables/vocal_music_demucs_16k/metaData_fma_large/row8820.csv
Execution time: 28.630149602890015 seconds
metaTables/vocal_music_demucs_16k/metaData_fma_large/row8821.csv
Execution time: 29.60568070411682 seconds
metaTables/vocal_music_demucs_16k/metaData_fma_large/row8822.csv
Execution time: 28.302102088928223 seconds
metaTables/vocal_music_demucs_16k/metaData_fma_large/row8823.csv
Execution time: 27.804189205169678 seconds
metaTables/vocal_music_demucs_16k/metaData_fma_large/row8824.csv
Execution time: 28.610438108444214 seconds
metaTables/vocal_music_demucs_16k/metaData_fma_large/row8825.csv
Execution time: 28.99605107307434 seconds
metaTables/vocal_music_demucs_16k/metaData_fma_large/row8826.csv
Execution time: 28.736852884292603 seconds
metaTables/vocal_music_demucs_16k/metaData_fma_large/row8827.csv
Execution time: 29.38068985939026 seconds
metaTables/vocal_music_demucs_16k/metaData_fma_large/row8828.csv
Execution time: 28.39566469192505 seconds
metaTables/vocal_music_demucs_16k/metaData_fma_large/row8829.csv
Execution time: 28.25477933883667 seconds
metaTables/vocal_music_demucs_16k/metaData_fma_large/row8830.csv
Execution time: 29.30620837211609 seconds
metaTables/vocal_music_demucs_16k/metaData_fma_large/row8831.csv
Execution time: 28.198325157165527 seconds
metaTables/vocal_music_demucs_16k/metaData_fma_large/row8832.csv
Execution time: 28.81818413734436 seconds
metaTables/vocal_music_demucs_16k/metaData_fma_large/row8833.csv
Execution time: 29.602955102920532 seconds
metaTables/vocal_music_demucs_16k/metaData_fma_large/row8834.csv
Execution time: 28.509909868240356 seconds
metaTables/vocal_music_demucs_16k/metaData_fma_large/row8835.csv
Execution time: 30.140376567840576 seconds
metaTables/vocal_music_demucs_16k/metaData_fma_large/row8836.csv
Execution time: 28.74742555618286 seconds
metaTables/vocal_music_demucs_16k/metaData_fma_large/row8837.csv
Execution time: 28.368422985076904 seconds
metaTables/vocal_music_demucs_16k/metaData_fma_large/row8838.csv
Execution time: 28.26344323158264 seconds
metaTables/vocal_music_demucs_16k/metaData_fma_large/row8839.csv
Execution time: 28.049856424331665 seconds
metaTables/vocal_music_demucs_16k/metaData_fma_large/row8840.csv
Execution time: 27.955475091934204 seconds
metaTables/vocal_music_demucs_16k/metaData_fma_large/row8841.csv
Execution time: 28.015549659729004 seconds
metaTables/vocal_music_demucs_16k/metaData_fma_large/row8842.csv
Execution time: 28.774355173110962 seconds
metaTables/vocal_music_demucs_16k/metaData_fma_large/row8843.csv
Execution time: 28.455749988555908 seconds
metaTables/vocal_music_demucs_16k/metaData_fma_large/row8844.csv
Execution time: 28.90708065032959 seconds
metaTables/vocal_music_demucs_16k/metaData_fma_large/row8845.csv
Execution time: 28.249598264694214 seconds
metaTables/vocal_music_demucs_16k/metaData_fma_large/row8846.csv
Execution time: 28.461553812026978 seconds
metaTables/vocal_music_demucs_16k/metaData_fma_large/row8847.csv
Execution time: 28.570619106292725 seconds
metaTables/vocal_music_demucs_16k/metaData_fma_large/row8848.csv
Execution time: 28.380629062652588 seconds
metaTables/vocal_music_demucs_16k/metaData_fma_large/row8849.csv
Execution time: 28.508682012557983 seconds
metaTables/vocal_music_demucs_16k/metaData_fma_large/row8850.csv
Execution time: 28.508328199386597 seconds
metaTables/vocal_music_demucs_16k/metaData_fma_large/row8851.csv
Execution time: 28.20720934867859 seconds
metaTables/vocal_music_demucs_16k/metaData_fma_large/row8852.csv
Execution time: 29.529394388198853 seconds
metaTables/vocal_music_demucs_16k/metaData_fma_large/row8853.csv
Execution time: 28.47023105621338 seconds
metaTables/vocal_music_demucs_16k/metaData_fma_large/row8854.csv
Execution time: 28.00121760368347 seconds
metaTables/vocal_music_demucs_16k/metaData_fma_large/row8855.csv
Execution time: 28.634297132492065 seconds
metaTables/vocal_music_demucs_16k/metaData_fma_large/row8856.csv
Execution time: 28.35274314880371 seconds
metaTables/vocal_music_demucs_16k/metaData_fma_large/row8857.csv
Execution time: 28.111340284347534 seconds
metaTables/vocal_music_demucs_16k/metaData_fma_large/row8858.csv
Execution time: 23.39551615715027 seconds
metaTables/vocal_music_demucs_16k/metaData_fma_large/row8859.csv
Execution time: 29.021658897399902 seconds
metaTables/vocal_music_demucs_16k/metaData_fma_large/row8860.csv
Execution time: 28.97838306427002 seconds
metaTables/vocal_music_demucs_16k/metaData_fma_large/row8861.csv
Execution time: 27.90526819229126 seconds
metaTables/vocal_music_demucs_16k/metaData_fma_large/row8862.csv
Execution time: 27.049039840698242 seconds
metaTables/vocal_music_demucs_16k/metaData_fma_large/row8863.csv
Execution time: 29.433533668518066 seconds
metaTables/vocal_music_demucs_16k/metaData_fma_large/row8864.csv
Execution time: 28.76968502998352 seconds
metaTables/vocal_music_demucs_16k/metaData_fma_large/row8865.csv
Execution time: 29.227851390838623 seconds
metaTables/vocal_music_demucs_16k/metaData_fma_large/row8866.csv
Execution time: 28.574893951416016 seconds
metaTables/vocal_music_demucs_16k/metaData_fma_large/row8867.csv
Execution time: 30.035155534744263 seconds
metaTables/vocal_music_demucs_16k/metaData_fma_large/row8868.csv
Execution time: 28.842763900756836 seconds
metaTables/vocal_music_demucs_16k/metaData_fma_large/row8869.csv
Execution time: 30.099337339401245 seconds
metaTables/vocal_music_demucs_16k/metaData_fma_large/row8870.csv
Execution time: 28.315372943878174 seconds
metaTables/vocal_music_demucs_16k/metaData_fma_large/row8871.csv
Execution time: 28.033596992492676 seconds
metaTables/vocal_music_demucs_16k/metaData_fma_large/row8872.csv
Execution time: 29.93508243560791 seconds
metaTables/vocal_music_demucs_16k/metaData_fma_large/row8873.csv
Execution time: 28.700742721557617 seconds
metaTables/vocal_music_demucs_16k/metaData_fma_large/row8874.csv
Execution time: 29.73205876350403 seconds
metaTables/vocal_music_demucs_16k/metaData_fma_large/row8875.csv
Execution time: 29.898946046829224 seconds
metaTables/vocal_music_demucs_16k/metaData_fma_large/row8876.csv
Execution time: 28.46498203277588 seconds
metaTables/vocal_music_demucs_16k/metaData_fma_large/row8877.csv
Execution time: 29.593097448349 seconds
metaTables/vocal_music_demucs_16k/metaData_fma_large/row8878.csv
Execution time: 27.35835552215576 seconds
metaTables/vocal_music_demucs_16k/metaData_fma_large/row8879.csv
Execution time: 28.86909580230713 seconds
metaTables/vocal_music_demucs_16k/metaData_fma_large/row8880.csv
Execution time: 28.004276990890503 seconds
metaTables/vocal_music_demucs_16k/metaData_fma_large/row8881.csv
Execution time: 28.916470050811768 seconds
metaTables/vocal_music_demucs_16k/metaData_fma_large/row8882.csv
Execution time: 28.753700017929077 seconds
metaTables/vocal_music_demucs_16k/metaData_fma_large/row8883.csv
Execution time: 29.66863775253296 seconds
metaTables/vocal_music_demucs_16k/metaData_fma_large/row8884.csv
Execution time: 28.734819412231445 seconds
metaTables/vocal_music_demucs_16k/metaData_fma_large/row8885.csv
Execution time: 27.370037317276 seconds
metaTables/vocal_music_demucs_16k/metaData_fma_large/row8886.csv
Execution time: 29.20013666152954 seconds
metaTables/vocal_music_demucs_16k/metaData_fma_large/row8887.csv
Execution time: 28.604041576385498 seconds
metaTables/vocal_music_demucs_16k/metaData_fma_large/row8888.csv
Execution time: 28.11881923675537 seconds
metaTables/vocal_music_demucs_16k/metaData_fma_large/row8889.csv
Execution time: 29.75128483772278 seconds
metaTables/vocal_music_demucs_16k/metaData_fma_large/row8890.csv
Execution time: 28.603826999664307 seconds
metaTables/vocal_music_demucs_16k/metaData_fma_large/row8891.csv
Execution time: 29.27276921272278 seconds
metaTables/vocal_music_demucs_16k/metaData_fma_large/row8892.csv
Execution time: 27.001749753952026 seconds
metaTables/vocal_music_demucs_16k/metaData_fma_large/row8893.csv
Execution time: 28.32427477836609 seconds
metaTables/vocal_music_demucs_16k/metaData_fma_large/row8894.csv
Execution time: 28.315027952194214 seconds
metaTables/vocal_music_demucs_16k/metaData_fma_large/row8895.csv
Execution time: 28.938120126724243 seconds
metaTables/vocal_music_demucs_16k/metaData_fma_large/row8896.csv
Execution time: 27.402160167694092 seconds
metaTables/vocal_music_demucs_16k/metaData_fma_large/row8897.csv
Execution time: 26.463834047317505 seconds
metaTables/vocal_music_demucs_16k/metaData_fma_large/row8898.csv
Execution time: 25.78292441368103 seconds
metaTables/vocal_music_demucs_16k/metaData_fma_large/row8899.csv
Demucs voice recognition done!
