/ext3/demucs/lib/python3.9/site-packages/demucs/api.py:27: UserWarning: TorchAudio's global backend is now deprecated. Please enable distpatcher by setting `TORCHAUDIO_USE_BACKEND_DISPATCHER=1`, and specify backend when calling load/info/save function.
  import torchaudio as ta
2024-05-10 02:05:24.853484: I tensorflow/core/util/port.cc:113] oneDNN custom operations are on. You may see slightly different numerical results due to floating-point round-off errors from different computation orders. To turn them off, set the environment variable `TF_ENABLE_ONEDNN_OPTS=0`.
2024-05-10 02:05:25.119305: E external/local_xla/xla/stream_executor/cuda/cuda_dnn.cc:9261] Unable to register cuDNN factory: Attempting to register factory for plugin cuDNN when one has already been registered
2024-05-10 02:05:25.119345: E external/local_xla/xla/stream_executor/cuda/cuda_fft.cc:607] Unable to register cuFFT factory: Attempting to register factory for plugin cuFFT when one has already been registered
2024-05-10 02:05:25.352927: E external/local_xla/xla/stream_executor/cuda/cuda_blas.cc:1515] Unable to register cuBLAS factory: Attempting to register factory for plugin cuBLAS when one has already been registered
2024-05-10 02:05:25.451382: I tensorflow/core/platform/cpu_feature_guard.cc:182] This TensorFlow binary is optimized to use available CPU instructions in performance-critical operations.
To enable the following instructions: AVX2 AVX512F AVX512_VNNI FMA, in other operations, rebuild TensorFlow with the appropriate compiler flags.
2024-05-10 02:05:26.507717: W tensorflow/compiler/tf2tensorrt/utils/py_utils.cc:38] TF-TRT Warning: Could not find TensorRT
Execution time: 29.563905715942383 seconds
metaTables/vocal_music_demucs_16k/metaData_fma_large/row94300.csv
Execution time: 27.27529239654541 seconds
metaTables/vocal_music_demucs_16k/metaData_fma_large/row94301.csv
Execution time: 28.165921688079834 seconds
metaTables/vocal_music_demucs_16k/metaData_fma_large/row94302.csv
Execution time: 27.171636819839478 seconds
metaTables/vocal_music_demucs_16k/metaData_fma_large/row94303.csv
Execution time: 27.144163846969604 seconds
metaTables/vocal_music_demucs_16k/metaData_fma_large/row94304.csv
Execution time: 27.180392026901245 seconds
metaTables/vocal_music_demucs_16k/metaData_fma_large/row94305.csv
Execution time: 28.141443729400635 seconds
metaTables/vocal_music_demucs_16k/metaData_fma_large/row94306.csv
Execution time: 26.664358615875244 seconds
metaTables/vocal_music_demucs_16k/metaData_fma_large/row94307.csv
Execution time: 27.228840827941895 seconds
metaTables/vocal_music_demucs_16k/metaData_fma_large/row94308.csv
Execution time: 26.45038890838623 seconds
metaTables/vocal_music_demucs_16k/metaData_fma_large/row94309.csv
Execution time: 27.515039205551147 seconds
metaTables/vocal_music_demucs_16k/metaData_fma_large/row94310.csv
Execution time: 27.977898120880127 seconds
metaTables/vocal_music_demucs_16k/metaData_fma_large/row94311.csv
Execution time: 28.28497862815857 seconds
metaTables/vocal_music_demucs_16k/metaData_fma_large/row94312.csv
Execution time: 27.16693377494812 seconds
metaTables/vocal_music_demucs_16k/metaData_fma_large/row94313.csv
Execution time: 27.776694536209106 seconds
metaTables/vocal_music_demucs_16k/metaData_fma_large/row94314.csv
Execution time: 27.823252201080322 seconds
metaTables/vocal_music_demucs_16k/metaData_fma_large/row94315.csv
Execution time: 27.10069227218628 seconds
metaTables/vocal_music_demucs_16k/metaData_fma_large/row94316.csv
Execution time: 27.392157316207886 seconds
metaTables/vocal_music_demucs_16k/metaData_fma_large/row94317.csv
Execution time: 27.81138515472412 seconds
metaTables/vocal_music_demucs_16k/metaData_fma_large/row94318.csv
Execution time: 27.704924821853638 seconds
metaTables/vocal_music_demucs_16k/metaData_fma_large/row94319.csv
Execution time: 27.52300238609314 seconds
metaTables/vocal_music_demucs_16k/metaData_fma_large/row94320.csv
Execution time: 27.800790786743164 seconds
metaTables/vocal_music_demucs_16k/metaData_fma_large/row94321.csv
Execution time: 27.891874074935913 seconds
metaTables/vocal_music_demucs_16k/metaData_fma_large/row94322.csv
Execution time: 26.621925592422485 seconds
metaTables/vocal_music_demucs_16k/metaData_fma_large/row94323.csv
Execution time: 28.7010281085968 seconds
metaTables/vocal_music_demucs_16k/metaData_fma_large/row94324.csv
Execution time: 27.10072088241577 seconds
metaTables/vocal_music_demucs_16k/metaData_fma_large/row94325.csv
Execution time: 27.378430366516113 seconds
metaTables/vocal_music_demucs_16k/metaData_fma_large/row94326.csv
Execution time: 27.456510305404663 seconds
metaTables/vocal_music_demucs_16k/metaData_fma_large/row94327.csv
Execution time: 27.316443920135498 seconds
metaTables/vocal_music_demucs_16k/metaData_fma_large/row94328.csv
Execution time: 28.08915662765503 seconds
metaTables/vocal_music_demucs_16k/metaData_fma_large/row94329.csv
Execution time: 27.11225152015686 seconds
metaTables/vocal_music_demucs_16k/metaData_fma_large/row94330.csv
Execution time: 27.649393320083618 seconds
metaTables/vocal_music_demucs_16k/metaData_fma_large/row94331.csv
Execution time: 28.493192195892334 seconds
metaTables/vocal_music_demucs_16k/metaData_fma_large/row94332.csv
Execution time: 27.568472385406494 seconds
metaTables/vocal_music_demucs_16k/metaData_fma_large/row94333.csv
Execution time: 28.025660276412964 seconds
metaTables/vocal_music_demucs_16k/metaData_fma_large/row94334.csv
Execution time: 26.541621923446655 seconds
metaTables/vocal_music_demucs_16k/metaData_fma_large/row94335.csv
Execution time: 28.282548666000366 seconds
metaTables/vocal_music_demucs_16k/metaData_fma_large/row94336.csv
Execution time: 27.86110234260559 seconds
metaTables/vocal_music_demucs_16k/metaData_fma_large/row94337.csv
Execution time: 28.92872190475464 seconds
metaTables/vocal_music_demucs_16k/metaData_fma_large/row94338.csv
Execution time: 27.840426921844482 seconds
metaTables/vocal_music_demucs_16k/metaData_fma_large/row94339.csv
Execution time: 28.947858095169067 seconds
metaTables/vocal_music_demucs_16k/metaData_fma_large/row94340.csv
Execution time: 28.069026231765747 seconds
metaTables/vocal_music_demucs_16k/metaData_fma_large/row94341.csv
Execution time: 27.861138343811035 seconds
metaTables/vocal_music_demucs_16k/metaData_fma_large/row94342.csv
Execution time: 28.20257329940796 seconds
metaTables/vocal_music_demucs_16k/metaData_fma_large/row94343.csv
Execution time: 26.466692686080933 seconds
metaTables/vocal_music_demucs_16k/metaData_fma_large/row94344.csv
Execution time: 26.769928455352783 seconds
metaTables/vocal_music_demucs_16k/metaData_fma_large/row94345.csv
Execution time: 27.697835683822632 seconds
metaTables/vocal_music_demucs_16k/metaData_fma_large/row94346.csv
Execution time: 27.084474563598633 seconds
metaTables/vocal_music_demucs_16k/metaData_fma_large/row94347.csv
Execution time: 26.134241104125977 seconds
metaTables/vocal_music_demucs_16k/metaData_fma_large/row94348.csv
Execution time: 28.577038764953613 seconds
metaTables/vocal_music_demucs_16k/metaData_fma_large/row94349.csv
Execution time: 26.71357798576355 seconds
metaTables/vocal_music_demucs_16k/metaData_fma_large/row94350.csv
Execution time: 27.935009002685547 seconds
metaTables/vocal_music_demucs_16k/metaData_fma_large/row94351.csv
Execution time: 27.70271372795105 seconds
metaTables/vocal_music_demucs_16k/metaData_fma_large/row94352.csv
Execution time: 27.35327124595642 seconds
metaTables/vocal_music_demucs_16k/metaData_fma_large/row94353.csv
Execution time: 26.977938890457153 seconds
metaTables/vocal_music_demucs_16k/metaData_fma_large/row94354.csv
Execution time: 27.4808452129364 seconds
metaTables/vocal_music_demucs_16k/metaData_fma_large/row94355.csv
Execution time: 26.92016100883484 seconds
metaTables/vocal_music_demucs_16k/metaData_fma_large/row94356.csv
Execution time: 27.85049796104431 seconds
metaTables/vocal_music_demucs_16k/metaData_fma_large/row94357.csv
Execution time: 27.10161542892456 seconds
metaTables/vocal_music_demucs_16k/metaData_fma_large/row94358.csv
Execution time: 27.547625064849854 seconds
metaTables/vocal_music_demucs_16k/metaData_fma_large/row94359.csv
Execution time: 27.3360538482666 seconds
metaTables/vocal_music_demucs_16k/metaData_fma_large/row94360.csv
Execution time: 28.437177896499634 seconds
metaTables/vocal_music_demucs_16k/metaData_fma_large/row94361.csv
Execution time: 26.660141706466675 seconds
metaTables/vocal_music_demucs_16k/metaData_fma_large/row94362.csv
Execution time: 26.865442037582397 seconds
metaTables/vocal_music_demucs_16k/metaData_fma_large/row94363.csv
Execution time: 27.694364309310913 seconds
metaTables/vocal_music_demucs_16k/metaData_fma_large/row94364.csv
Execution time: 27.06912875175476 seconds
metaTables/vocal_music_demucs_16k/metaData_fma_large/row94365.csv
Execution time: 27.144768238067627 seconds
metaTables/vocal_music_demucs_16k/metaData_fma_large/row94366.csv
Execution time: 27.819130420684814 seconds
metaTables/vocal_music_demucs_16k/metaData_fma_large/row94367.csv
Execution time: 26.49547266960144 seconds
metaTables/vocal_music_demucs_16k/metaData_fma_large/row94368.csv
Execution time: 27.28120732307434 seconds
metaTables/vocal_music_demucs_16k/metaData_fma_large/row94369.csv
Execution time: 26.682676076889038 seconds
metaTables/vocal_music_demucs_16k/metaData_fma_large/row94370.csv
Execution time: 26.656222343444824 seconds
metaTables/vocal_music_demucs_16k/metaData_fma_large/row94371.csv
Execution time: 27.318394422531128 seconds
metaTables/vocal_music_demucs_16k/metaData_fma_large/row94372.csv
Execution time: 28.0426242351532 seconds
metaTables/vocal_music_demucs_16k/metaData_fma_large/row94373.csv
Execution time: 27.80644416809082 seconds
metaTables/vocal_music_demucs_16k/metaData_fma_large/row94374.csv
Execution time: 27.71330189704895 seconds
metaTables/vocal_music_demucs_16k/metaData_fma_large/row94375.csv
Execution time: 28.742575883865356 seconds
metaTables/vocal_music_demucs_16k/metaData_fma_large/row94376.csv
Execution time: 28.100162982940674 seconds
metaTables/vocal_music_demucs_16k/metaData_fma_large/row94377.csv
Execution time: 29.311203002929688 seconds
metaTables/vocal_music_demucs_16k/metaData_fma_large/row94378.csv
Execution time: 27.411566495895386 seconds
metaTables/vocal_music_demucs_16k/metaData_fma_large/row94379.csv
Execution time: 27.448044776916504 seconds
metaTables/vocal_music_demucs_16k/metaData_fma_large/row94380.csv
Execution time: 28.224420070648193 seconds
metaTables/vocal_music_demucs_16k/metaData_fma_large/row94381.csv
Execution time: 27.68221926689148 seconds
metaTables/vocal_music_demucs_16k/metaData_fma_large/row94382.csv
Execution time: 28.218288898468018 seconds
metaTables/vocal_music_demucs_16k/metaData_fma_large/row94383.csv
Execution time: 27.34007215499878 seconds
metaTables/vocal_music_demucs_16k/metaData_fma_large/row94384.csv
Execution time: 27.5996675491333 seconds
metaTables/vocal_music_demucs_16k/metaData_fma_large/row94385.csv
Execution time: 27.58946418762207 seconds
metaTables/vocal_music_demucs_16k/metaData_fma_large/row94386.csv
Execution time: 26.500799417495728 seconds
metaTables/vocal_music_demucs_16k/metaData_fma_large/row94387.csv
Execution time: 27.7728168964386 seconds
metaTables/vocal_music_demucs_16k/metaData_fma_large/row94388.csv
Execution time: 27.41696000099182 seconds
metaTables/vocal_music_demucs_16k/metaData_fma_large/row94389.csv
Execution time: 26.64368724822998 seconds
metaTables/vocal_music_demucs_16k/metaData_fma_large/row94390.csv
Execution time: 27.301023244857788 seconds
metaTables/vocal_music_demucs_16k/metaData_fma_large/row94391.csv
Execution time: 27.528820991516113 seconds
metaTables/vocal_music_demucs_16k/metaData_fma_large/row94392.csv
Execution time: 27.394327878952026 seconds
metaTables/vocal_music_demucs_16k/metaData_fma_large/row94393.csv
Execution time: 27.50973105430603 seconds
metaTables/vocal_music_demucs_16k/metaData_fma_large/row94394.csv
Execution time: 27.72047472000122 seconds
metaTables/vocal_music_demucs_16k/metaData_fma_large/row94395.csv
Execution time: 28.07329559326172 seconds
metaTables/vocal_music_demucs_16k/metaData_fma_large/row94396.csv
Execution time: 28.08664321899414 seconds
metaTables/vocal_music_demucs_16k/metaData_fma_large/row94397.csv
Execution time: 27.286453008651733 seconds
metaTables/vocal_music_demucs_16k/metaData_fma_large/row94398.csv
Execution time: 25.87403178215027 seconds
metaTables/vocal_music_demucs_16k/metaData_fma_large/row94399.csv
Demucs voice recognition done!
