/ext3/demucs/lib/python3.9/site-packages/demucs/api.py:27: UserWarning: TorchAudio's global backend is now deprecated. Please enable distpatcher by setting `TORCHAUDIO_USE_BACKEND_DISPATCHER=1`, and specify backend when calling load/info/save function.
  import torchaudio as ta
2024-05-09 09:20:47.805960: I tensorflow/core/util/port.cc:113] oneDNN custom operations are on. You may see slightly different numerical results due to floating-point round-off errors from different computation orders. To turn them off, set the environment variable `TF_ENABLE_ONEDNN_OPTS=0`.
2024-05-09 09:20:51.106140: E external/local_xla/xla/stream_executor/cuda/cuda_dnn.cc:9261] Unable to register cuDNN factory: Attempting to register factory for plugin cuDNN when one has already been registered
2024-05-09 09:20:51.106176: E external/local_xla/xla/stream_executor/cuda/cuda_fft.cc:607] Unable to register cuFFT factory: Attempting to register factory for plugin cuFFT when one has already been registered
2024-05-09 09:20:51.381682: E external/local_xla/xla/stream_executor/cuda/cuda_blas.cc:1515] Unable to register cuBLAS factory: Attempting to register factory for plugin cuBLAS when one has already been registered
2024-05-09 09:20:51.657263: I tensorflow/core/platform/cpu_feature_guard.cc:182] This TensorFlow binary is optimized to use available CPU instructions in performance-critical operations.
To enable the following instructions: AVX2 AVX512F AVX512_VNNI FMA, in other operations, rebuild TensorFlow with the appropriate compiler flags.
2024-05-09 09:20:54.350840: W tensorflow/compiler/tf2tensorrt/utils/py_utils.cc:38] TF-TRT Warning: Could not find TensorRT
SKIPPING: metaTables/vocal_music_demucs_16k/metaData_fma_large/row25000.csv
SKIPPING: metaTables/vocal_music_demucs_16k/metaData_fma_large/row25001.csv
SKIPPING: metaTables/vocal_music_demucs_16k/metaData_fma_large/row25002.csv
SKIPPING: metaTables/vocal_music_demucs_16k/metaData_fma_large/row25003.csv
SKIPPING: metaTables/vocal_music_demucs_16k/metaData_fma_large/row25004.csv
SKIPPING: metaTables/vocal_music_demucs_16k/metaData_fma_large/row25005.csv
SKIPPING: metaTables/vocal_music_demucs_16k/metaData_fma_large/row25006.csv
SKIPPING: metaTables/vocal_music_demucs_16k/metaData_fma_large/row25007.csv
SKIPPING: metaTables/vocal_music_demucs_16k/metaData_fma_large/row25008.csv
SKIPPING: metaTables/vocal_music_demucs_16k/metaData_fma_large/row25009.csv
SKIPPING: metaTables/vocal_music_demucs_16k/metaData_fma_large/row25010.csv
SKIPPING: metaTables/vocal_music_demucs_16k/metaData_fma_large/row25011.csv
SKIPPING: metaTables/vocal_music_demucs_16k/metaData_fma_large/row25012.csv
SKIPPING: metaTables/vocal_music_demucs_16k/metaData_fma_large/row25013.csv
SKIPPING: metaTables/vocal_music_demucs_16k/metaData_fma_large/row25014.csv
SKIPPING: metaTables/vocal_music_demucs_16k/metaData_fma_large/row25015.csv
SKIPPING: metaTables/vocal_music_demucs_16k/metaData_fma_large/row25016.csv
SKIPPING: metaTables/vocal_music_demucs_16k/metaData_fma_large/row25017.csv
SKIPPING: metaTables/vocal_music_demucs_16k/metaData_fma_large/row25018.csv
SKIPPING: metaTables/vocal_music_demucs_16k/metaData_fma_large/row25019.csv
SKIPPING: metaTables/vocal_music_demucs_16k/metaData_fma_large/row25020.csv
SKIPPING: metaTables/vocal_music_demucs_16k/metaData_fma_large/row25021.csv
SKIPPING: metaTables/vocal_music_demucs_16k/metaData_fma_large/row25022.csv
SKIPPING: metaTables/vocal_music_demucs_16k/metaData_fma_large/row25023.csv
SKIPPING: metaTables/vocal_music_demucs_16k/metaData_fma_large/row25024.csv
SKIPPING: metaTables/vocal_music_demucs_16k/metaData_fma_large/row25025.csv
SKIPPING: metaTables/vocal_music_demucs_16k/metaData_fma_large/row25026.csv
SKIPPING: metaTables/vocal_music_demucs_16k/metaData_fma_large/row25027.csv
SKIPPING: metaTables/vocal_music_demucs_16k/metaData_fma_large/row25028.csv
SKIPPING: metaTables/vocal_music_demucs_16k/metaData_fma_large/row25029.csv
SKIPPING: metaTables/vocal_music_demucs_16k/metaData_fma_large/row25030.csv
SKIPPING: metaTables/vocal_music_demucs_16k/metaData_fma_large/row25031.csv
SKIPPING: metaTables/vocal_music_demucs_16k/metaData_fma_large/row25032.csv
SKIPPING: metaTables/vocal_music_demucs_16k/metaData_fma_large/row25033.csv
SKIPPING: metaTables/vocal_music_demucs_16k/metaData_fma_large/row25034.csv
SKIPPING: metaTables/vocal_music_demucs_16k/metaData_fma_large/row25035.csv
SKIPPING: metaTables/vocal_music_demucs_16k/metaData_fma_large/row25036.csv
SKIPPING: metaTables/vocal_music_demucs_16k/metaData_fma_large/row25037.csv
SKIPPING: metaTables/vocal_music_demucs_16k/metaData_fma_large/row25038.csv
SKIPPING: metaTables/vocal_music_demucs_16k/metaData_fma_large/row25039.csv
SKIPPING: metaTables/vocal_music_demucs_16k/metaData_fma_large/row25040.csv
SKIPPING: metaTables/vocal_music_demucs_16k/metaData_fma_large/row25041.csv
SKIPPING: metaTables/vocal_music_demucs_16k/metaData_fma_large/row25042.csv
SKIPPING: metaTables/vocal_music_demucs_16k/metaData_fma_large/row25043.csv
SKIPPING: metaTables/vocal_music_demucs_16k/metaData_fma_large/row25044.csv
SKIPPING: metaTables/vocal_music_demucs_16k/metaData_fma_large/row25045.csv
SKIPPING: metaTables/vocal_music_demucs_16k/metaData_fma_large/row25046.csv
SKIPPING: metaTables/vocal_music_demucs_16k/metaData_fma_large/row25047.csv
SKIPPING: metaTables/vocal_music_demucs_16k/metaData_fma_large/row25048.csv
SKIPPING: metaTables/vocal_music_demucs_16k/metaData_fma_large/row25049.csv
SKIPPING: metaTables/vocal_music_demucs_16k/metaData_fma_large/row25050.csv
SKIPPING: metaTables/vocal_music_demucs_16k/metaData_fma_large/row25051.csv
SKIPPING: metaTables/vocal_music_demucs_16k/metaData_fma_large/row25052.csv
SKIPPING: metaTables/vocal_music_demucs_16k/metaData_fma_large/row25053.csv
SKIPPING: metaTables/vocal_music_demucs_16k/metaData_fma_large/row25054.csv
SKIPPING: metaTables/vocal_music_demucs_16k/metaData_fma_large/row25055.csv
SKIPPING: metaTables/vocal_music_demucs_16k/metaData_fma_large/row25056.csv
SKIPPING: metaTables/vocal_music_demucs_16k/metaData_fma_large/row25057.csv
SKIPPING: metaTables/vocal_music_demucs_16k/metaData_fma_large/row25058.csv
SKIPPING: metaTables/vocal_music_demucs_16k/metaData_fma_large/row25059.csv
SKIPPING: metaTables/vocal_music_demucs_16k/metaData_fma_large/row25060.csv
SKIPPING: metaTables/vocal_music_demucs_16k/metaData_fma_large/row25061.csv
SKIPPING: metaTables/vocal_music_demucs_16k/metaData_fma_large/row25062.csv
SKIPPING: metaTables/vocal_music_demucs_16k/metaData_fma_large/row25063.csv
SKIPPING: metaTables/vocal_music_demucs_16k/metaData_fma_large/row25064.csv
SKIPPING: metaTables/vocal_music_demucs_16k/metaData_fma_large/row25065.csv
SKIPPING: metaTables/vocal_music_demucs_16k/metaData_fma_large/row25066.csv
SKIPPING: metaTables/vocal_music_demucs_16k/metaData_fma_large/row25067.csv
SKIPPING: metaTables/vocal_music_demucs_16k/metaData_fma_large/row25068.csv
SKIPPING: metaTables/vocal_music_demucs_16k/metaData_fma_large/row25069.csv
SKIPPING: metaTables/vocal_music_demucs_16k/metaData_fma_large/row25070.csv
SKIPPING: metaTables/vocal_music_demucs_16k/metaData_fma_large/row25071.csv
SKIPPING: metaTables/vocal_music_demucs_16k/metaData_fma_large/row25072.csv
SKIPPING: metaTables/vocal_music_demucs_16k/metaData_fma_large/row25073.csv
SKIPPING: metaTables/vocal_music_demucs_16k/metaData_fma_large/row25074.csv
SKIPPING: metaTables/vocal_music_demucs_16k/metaData_fma_large/row25075.csv
SKIPPING: metaTables/vocal_music_demucs_16k/metaData_fma_large/row25076.csv
SKIPPING: metaTables/vocal_music_demucs_16k/metaData_fma_large/row25077.csv
SKIPPING: metaTables/vocal_music_demucs_16k/metaData_fma_large/row25078.csv
SKIPPING: metaTables/vocal_music_demucs_16k/metaData_fma_large/row25079.csv
SKIPPING: metaTables/vocal_music_demucs_16k/metaData_fma_large/row25080.csv
SKIPPING: metaTables/vocal_music_demucs_16k/metaData_fma_large/row25081.csv
SKIPPING: metaTables/vocal_music_demucs_16k/metaData_fma_large/row25082.csv
SKIPPING: metaTables/vocal_music_demucs_16k/metaData_fma_large/row25083.csv
SKIPPING: metaTables/vocal_music_demucs_16k/metaData_fma_large/row25084.csv
SKIPPING: metaTables/vocal_music_demucs_16k/metaData_fma_large/row25085.csv
SKIPPING: metaTables/vocal_music_demucs_16k/metaData_fma_large/row25086.csv
SKIPPING: metaTables/vocal_music_demucs_16k/metaData_fma_large/row25087.csv
SKIPPING: metaTables/vocal_music_demucs_16k/metaData_fma_large/row25088.csv
SKIPPING: metaTables/vocal_music_demucs_16k/metaData_fma_large/row25089.csv
SKIPPING: metaTables/vocal_music_demucs_16k/metaData_fma_large/row25090.csv
SKIPPING: metaTables/vocal_music_demucs_16k/metaData_fma_large/row25091.csv
SKIPPING: metaTables/vocal_music_demucs_16k/metaData_fma_large/row25092.csv
SKIPPING: metaTables/vocal_music_demucs_16k/metaData_fma_large/row25093.csv
SKIPPING: metaTables/vocal_music_demucs_16k/metaData_fma_large/row25094.csv
SKIPPING: metaTables/vocal_music_demucs_16k/metaData_fma_large/row25095.csv
SKIPPING: metaTables/vocal_music_demucs_16k/metaData_fma_large/row25096.csv
SKIPPING: metaTables/vocal_music_demucs_16k/metaData_fma_large/row25097.csv
SKIPPING: metaTables/vocal_music_demucs_16k/metaData_fma_large/row25098.csv
SKIPPING: metaTables/vocal_music_demucs_16k/metaData_fma_large/row25099.csv
Demucs voice recognition done!
