/ext3/demucs/lib/python3.9/site-packages/demucs/api.py:27: UserWarning: TorchAudio's global backend is now deprecated. Please enable distpatcher by setting `TORCHAUDIO_USE_BACKEND_DISPATCHER=1`, and specify backend when calling load/info/save function.
  import torchaudio as ta
2024-05-08 23:36:03.855970: I tensorflow/core/util/port.cc:113] oneDNN custom operations are on. You may see slightly different numerical results due to floating-point round-off errors from different computation orders. To turn them off, set the environment variable `TF_ENABLE_ONEDNN_OPTS=0`.
2024-05-08 23:36:08.309004: E external/local_xla/xla/stream_executor/cuda/cuda_dnn.cc:9261] Unable to register cuDNN factory: Attempting to register factory for plugin cuDNN when one has already been registered
2024-05-08 23:36:08.309040: E external/local_xla/xla/stream_executor/cuda/cuda_fft.cc:607] Unable to register cuFFT factory: Attempting to register factory for plugin cuFFT when one has already been registered
2024-05-08 23:36:08.655749: E external/local_xla/xla/stream_executor/cuda/cuda_blas.cc:1515] Unable to register cuBLAS factory: Attempting to register factory for plugin cuBLAS when one has already been registered
2024-05-08 23:36:09.082212: I tensorflow/core/platform/cpu_feature_guard.cc:182] This TensorFlow binary is optimized to use available CPU instructions in performance-critical operations.
To enable the following instructions: AVX2 AVX512F AVX512_VNNI FMA, in other operations, rebuild TensorFlow with the appropriate compiler flags.
2024-05-08 23:36:12.499322: W tensorflow/compiler/tf2tensorrt/utils/py_utils.cc:38] TF-TRT Warning: Could not find TensorRT
Execution time: 30.06200671195984 seconds
metaTables/vocal_music_demucs_16k/metaData_fma_large/row23000.csv
Execution time: 25.98027205467224 seconds
metaTables/vocal_music_demucs_16k/metaData_fma_large/row23001.csv
Execution time: 26.6635959148407 seconds
metaTables/vocal_music_demucs_16k/metaData_fma_large/row23002.csv
Execution time: 26.151474714279175 seconds
metaTables/vocal_music_demucs_16k/metaData_fma_large/row23003.csv
Execution time: 25.60303020477295 seconds
metaTables/vocal_music_demucs_16k/metaData_fma_large/row23004.csv
Execution time: 26.152467012405396 seconds
metaTables/vocal_music_demucs_16k/metaData_fma_large/row23005.csv
Execution time: 26.0137779712677 seconds
metaTables/vocal_music_demucs_16k/metaData_fma_large/row23006.csv
Execution time: 26.03706693649292 seconds
metaTables/vocal_music_demucs_16k/metaData_fma_large/row23007.csv
Execution time: 26.07985806465149 seconds
metaTables/vocal_music_demucs_16k/metaData_fma_large/row23008.csv
Execution time: 25.647234439849854 seconds
metaTables/vocal_music_demucs_16k/metaData_fma_large/row23009.csv
Execution time: 26.033889055252075 seconds
metaTables/vocal_music_demucs_16k/metaData_fma_large/row23010.csv
Execution time: 25.82610511779785 seconds
metaTables/vocal_music_demucs_16k/metaData_fma_large/row23011.csv
Execution time: 26.135618448257446 seconds
metaTables/vocal_music_demucs_16k/metaData_fma_large/row23012.csv
Execution time: 25.733397483825684 seconds
metaTables/vocal_music_demucs_16k/metaData_fma_large/row23013.csv
Execution time: 25.88360071182251 seconds
metaTables/vocal_music_demucs_16k/metaData_fma_large/row23014.csv
Execution time: 25.103744983673096 seconds
metaTables/vocal_music_demucs_16k/metaData_fma_large/row23015.csv
Execution time: 26.563060998916626 seconds
metaTables/vocal_music_demucs_16k/metaData_fma_large/row23016.csv
Execution time: 25.85161590576172 seconds
metaTables/vocal_music_demucs_16k/metaData_fma_large/row23017.csv
Execution time: 25.41217565536499 seconds
metaTables/vocal_music_demucs_16k/metaData_fma_large/row23018.csv
Execution time: 25.952133178710938 seconds
metaTables/vocal_music_demucs_16k/metaData_fma_large/row23019.csv
Execution time: 25.628664255142212 seconds
metaTables/vocal_music_demucs_16k/metaData_fma_large/row23020.csv
Execution time: 28.46091389656067 seconds
metaTables/vocal_music_demucs_16k/metaData_fma_large/row23021.csv
Execution time: 26.835143566131592 seconds
metaTables/vocal_music_demucs_16k/metaData_fma_large/row23022.csv
Execution time: 26.089524745941162 seconds
metaTables/vocal_music_demucs_16k/metaData_fma_large/row23023.csv
Execution time: 26.248047590255737 seconds
metaTables/vocal_music_demucs_16k/metaData_fma_large/row23024.csv
Execution time: 25.915193557739258 seconds
metaTables/vocal_music_demucs_16k/metaData_fma_large/row23025.csv
Execution time: 26.405063152313232 seconds
metaTables/vocal_music_demucs_16k/metaData_fma_large/row23026.csv
Execution time: 25.027846336364746 seconds
metaTables/vocal_music_demucs_16k/metaData_fma_large/row23027.csv
Execution time: 26.246595859527588 seconds
metaTables/vocal_music_demucs_16k/metaData_fma_large/row23028.csv
Execution time: 26.924558401107788 seconds
metaTables/vocal_music_demucs_16k/metaData_fma_large/row23029.csv
Execution time: 25.72035241127014 seconds
metaTables/vocal_music_demucs_16k/metaData_fma_large/row23030.csv
Execution time: 25.663047790527344 seconds
metaTables/vocal_music_demucs_16k/metaData_fma_large/row23031.csv
Execution time: 27.917945623397827 seconds
metaTables/vocal_music_demucs_16k/metaData_fma_large/row23032.csv
Execution time: 25.464670181274414 seconds
metaTables/vocal_music_demucs_16k/metaData_fma_large/row23033.csv
Execution time: 24.64115619659424 seconds
metaTables/vocal_music_demucs_16k/metaData_fma_large/row23034.csv
Execution time: 26.169246912002563 seconds
metaTables/vocal_music_demucs_16k/metaData_fma_large/row23035.csv
Execution time: 25.53760600090027 seconds
metaTables/vocal_music_demucs_16k/metaData_fma_large/row23036.csv
Execution time: 26.011717557907104 seconds
metaTables/vocal_music_demucs_16k/metaData_fma_large/row23037.csv
Execution time: 26.70357632637024 seconds
metaTables/vocal_music_demucs_16k/metaData_fma_large/row23038.csv
Execution time: 26.00275206565857 seconds
metaTables/vocal_music_demucs_16k/metaData_fma_large/row23039.csv
Execution time: 25.432886123657227 seconds
metaTables/vocal_music_demucs_16k/metaData_fma_large/row23040.csv
Execution time: 25.908507347106934 seconds
metaTables/vocal_music_demucs_16k/metaData_fma_large/row23041.csv
Execution time: 26.05345320701599 seconds
metaTables/vocal_music_demucs_16k/metaData_fma_large/row23042.csv
Execution time: 25.878864526748657 seconds
metaTables/vocal_music_demucs_16k/metaData_fma_large/row23043.csv
Execution time: 26.19144296646118 seconds
metaTables/vocal_music_demucs_16k/metaData_fma_large/row23044.csv
Execution time: 24.752813577651978 seconds
metaTables/vocal_music_demucs_16k/metaData_fma_large/row23045.csv
Execution time: 26.136348962783813 seconds
metaTables/vocal_music_demucs_16k/metaData_fma_large/row23046.csv
Execution time: 25.714250087738037 seconds
metaTables/vocal_music_demucs_16k/metaData_fma_large/row23047.csv
Execution time: 26.112894773483276 seconds
metaTables/vocal_music_demucs_16k/metaData_fma_large/row23048.csv
Execution time: 25.926501274108887 seconds
metaTables/vocal_music_demucs_16k/metaData_fma_large/row23049.csv
Execution time: 25.700669527053833 seconds
metaTables/vocal_music_demucs_16k/metaData_fma_large/row23050.csv
Execution time: 25.599382638931274 seconds
metaTables/vocal_music_demucs_16k/metaData_fma_large/row23051.csv
Execution time: 25.886494159698486 seconds
metaTables/vocal_music_demucs_16k/metaData_fma_large/row23052.csv
Execution time: 25.956620454788208 seconds
metaTables/vocal_music_demucs_16k/metaData_fma_large/row23053.csv
Execution time: 27.31433606147766 seconds
metaTables/vocal_music_demucs_16k/metaData_fma_large/row23054.csv
Execution time: 25.645448446273804 seconds
metaTables/vocal_music_demucs_16k/metaData_fma_large/row23055.csv
Execution time: 26.589994430541992 seconds
metaTables/vocal_music_demucs_16k/metaData_fma_large/row23056.csv
Execution time: 25.633172512054443 seconds
metaTables/vocal_music_demucs_16k/metaData_fma_large/row23057.csv
Execution time: 25.345507383346558 seconds
metaTables/vocal_music_demucs_16k/metaData_fma_large/row23058.csv
Execution time: 27.622127294540405 seconds
metaTables/vocal_music_demucs_16k/metaData_fma_large/row23059.csv
Execution time: 25.5007107257843 seconds
metaTables/vocal_music_demucs_16k/metaData_fma_large/row23060.csv
Execution time: 25.570116758346558 seconds
metaTables/vocal_music_demucs_16k/metaData_fma_large/row23061.csv
Execution time: 26.40559697151184 seconds
metaTables/vocal_music_demucs_16k/metaData_fma_large/row23062.csv
Execution time: 26.007343292236328 seconds
metaTables/vocal_music_demucs_16k/metaData_fma_large/row23063.csv
Execution time: 26.842029571533203 seconds
metaTables/vocal_music_demucs_16k/metaData_fma_large/row23064.csv
Execution time: 25.94827961921692 seconds
metaTables/vocal_music_demucs_16k/metaData_fma_large/row23065.csv
Execution time: 26.07768177986145 seconds
metaTables/vocal_music_demucs_16k/metaData_fma_large/row23066.csv
Execution time: 26.298840522766113 seconds
metaTables/vocal_music_demucs_16k/metaData_fma_large/row23067.csv
Execution time: 27.109363794326782 seconds
metaTables/vocal_music_demucs_16k/metaData_fma_large/row23068.csv
Execution time: 25.506527185440063 seconds
metaTables/vocal_music_demucs_16k/metaData_fma_large/row23069.csv
Execution time: 26.49686622619629 seconds
metaTables/vocal_music_demucs_16k/metaData_fma_large/row23070.csv
Execution time: 25.90818691253662 seconds
metaTables/vocal_music_demucs_16k/metaData_fma_large/row23071.csv
Execution time: 26.84111452102661 seconds
metaTables/vocal_music_demucs_16k/metaData_fma_large/row23072.csv
Execution time: 25.716144800186157 seconds
metaTables/vocal_music_demucs_16k/metaData_fma_large/row23073.csv
Execution time: 26.022186279296875 seconds
metaTables/vocal_music_demucs_16k/metaData_fma_large/row23074.csv
Execution time: 25.948097467422485 seconds
metaTables/vocal_music_demucs_16k/metaData_fma_large/row23075.csv
Execution time: 24.861122846603394 seconds
metaTables/vocal_music_demucs_16k/metaData_fma_large/row23076.csv
Execution time: 25.353940963745117 seconds
metaTables/vocal_music_demucs_16k/metaData_fma_large/row23077.csv
Execution time: 25.616271495819092 seconds
metaTables/vocal_music_demucs_16k/metaData_fma_large/row23078.csv
Execution time: 25.88602566719055 seconds
metaTables/vocal_music_demucs_16k/metaData_fma_large/row23079.csv
Execution time: 25.87368130683899 seconds
metaTables/vocal_music_demucs_16k/metaData_fma_large/row23080.csv
Execution time: 25.650171995162964 seconds
metaTables/vocal_music_demucs_16k/metaData_fma_large/row23081.csv
Execution time: 25.379605293273926 seconds
metaTables/vocal_music_demucs_16k/metaData_fma_large/row23082.csv
Execution time: 28.40605616569519 seconds
metaTables/vocal_music_demucs_16k/metaData_fma_large/row23083.csv
Execution time: 25.25635576248169 seconds
metaTables/vocal_music_demucs_16k/metaData_fma_large/row23084.csv
Execution time: 25.46899962425232 seconds
metaTables/vocal_music_demucs_16k/metaData_fma_large/row23085.csv
Execution time: 25.21723461151123 seconds
metaTables/vocal_music_demucs_16k/metaData_fma_large/row23086.csv
Execution time: 25.46306848526001 seconds
metaTables/vocal_music_demucs_16k/metaData_fma_large/row23087.csv
Execution time: 25.85174059867859 seconds
metaTables/vocal_music_demucs_16k/metaData_fma_large/row23088.csv
Execution time: 26.954323291778564 seconds
metaTables/vocal_music_demucs_16k/metaData_fma_large/row23089.csv
Execution time: 25.891430139541626 seconds
metaTables/vocal_music_demucs_16k/metaData_fma_large/row23090.csv
Execution time: 25.027721405029297 seconds
metaTables/vocal_music_demucs_16k/metaData_fma_large/row23091.csv
Execution time: 24.72927236557007 seconds
metaTables/vocal_music_demucs_16k/metaData_fma_large/row23092.csv
Execution time: 27.49983549118042 seconds
metaTables/vocal_music_demucs_16k/metaData_fma_large/row23093.csv
Execution time: 25.701841354370117 seconds
metaTables/vocal_music_demucs_16k/metaData_fma_large/row23094.csv
Execution time: 24.80624222755432 seconds
metaTables/vocal_music_demucs_16k/metaData_fma_large/row23095.csv
Execution time: 25.42374897003174 seconds
metaTables/vocal_music_demucs_16k/metaData_fma_large/row23096.csv
Execution time: 26.271156549453735 seconds
metaTables/vocal_music_demucs_16k/metaData_fma_large/row23097.csv
Execution time: 26.038280725479126 seconds
metaTables/vocal_music_demucs_16k/metaData_fma_large/row23098.csv
Execution time: 26.162402629852295 seconds
metaTables/vocal_music_demucs_16k/metaData_fma_large/row23099.csv
Demucs voice recognition done!
