/ext3/demucs/lib/python3.9/site-packages/demucs/api.py:27: UserWarning: TorchAudio's global backend is now deprecated. Please enable distpatcher by setting `TORCHAUDIO_USE_BACKEND_DISPATCHER=1`, and specify backend when calling load/info/save function.
  import torchaudio as ta
2024-05-09 09:22:22.707896: I tensorflow/core/util/port.cc:113] oneDNN custom operations are on. You may see slightly different numerical results due to floating-point round-off errors from different computation orders. To turn them off, set the environment variable `TF_ENABLE_ONEDNN_OPTS=0`.
2024-05-09 09:22:23.488877: E external/local_xla/xla/stream_executor/cuda/cuda_dnn.cc:9261] Unable to register cuDNN factory: Attempting to register factory for plugin cuDNN when one has already been registered
2024-05-09 09:22:23.488920: E external/local_xla/xla/stream_executor/cuda/cuda_fft.cc:607] Unable to register cuFFT factory: Attempting to register factory for plugin cuFFT when one has already been registered
2024-05-09 09:22:23.518776: E external/local_xla/xla/stream_executor/cuda/cuda_blas.cc:1515] Unable to register cuBLAS factory: Attempting to register factory for plugin cuBLAS when one has already been registered
2024-05-09 09:22:23.580632: I tensorflow/core/platform/cpu_feature_guard.cc:182] This TensorFlow binary is optimized to use available CPU instructions in performance-critical operations.
To enable the following instructions: AVX2 AVX512F AVX512_VNNI FMA, in other operations, rebuild TensorFlow with the appropriate compiler flags.
2024-05-09 09:22:24.477449: W tensorflow/compiler/tf2tensorrt/utils/py_utils.cc:38] TF-TRT Warning: Could not find TensorRT
SKIPPING: metaTables/vocal_music_demucs_16k/metaData_fma_large/row82100.csv
SKIPPING: metaTables/vocal_music_demucs_16k/metaData_fma_large/row82101.csv
SKIPPING: metaTables/vocal_music_demucs_16k/metaData_fma_large/row82102.csv
SKIPPING: metaTables/vocal_music_demucs_16k/metaData_fma_large/row82103.csv
SKIPPING: metaTables/vocal_music_demucs_16k/metaData_fma_large/row82104.csv
SKIPPING: metaTables/vocal_music_demucs_16k/metaData_fma_large/row82105.csv
SKIPPING: metaTables/vocal_music_demucs_16k/metaData_fma_large/row82106.csv
SKIPPING: metaTables/vocal_music_demucs_16k/metaData_fma_large/row82107.csv
SKIPPING: metaTables/vocal_music_demucs_16k/metaData_fma_large/row82108.csv
SKIPPING: metaTables/vocal_music_demucs_16k/metaData_fma_large/row82109.csv
SKIPPING: metaTables/vocal_music_demucs_16k/metaData_fma_large/row82110.csv
SKIPPING: metaTables/vocal_music_demucs_16k/metaData_fma_large/row82111.csv
SKIPPING: metaTables/vocal_music_demucs_16k/metaData_fma_large/row82112.csv
SKIPPING: metaTables/vocal_music_demucs_16k/metaData_fma_large/row82113.csv
SKIPPING: metaTables/vocal_music_demucs_16k/metaData_fma_large/row82114.csv
SKIPPING: metaTables/vocal_music_demucs_16k/metaData_fma_large/row82115.csv
SKIPPING: metaTables/vocal_music_demucs_16k/metaData_fma_large/row82116.csv
SKIPPING: metaTables/vocal_music_demucs_16k/metaData_fma_large/row82117.csv
SKIPPING: metaTables/vocal_music_demucs_16k/metaData_fma_large/row82118.csv
SKIPPING: metaTables/vocal_music_demucs_16k/metaData_fma_large/row82119.csv
SKIPPING: metaTables/vocal_music_demucs_16k/metaData_fma_large/row82120.csv
SKIPPING: metaTables/vocal_music_demucs_16k/metaData_fma_large/row82121.csv
SKIPPING: metaTables/vocal_music_demucs_16k/metaData_fma_large/row82122.csv
SKIPPING: metaTables/vocal_music_demucs_16k/metaData_fma_large/row82123.csv
SKIPPING: metaTables/vocal_music_demucs_16k/metaData_fma_large/row82124.csv
SKIPPING: metaTables/vocal_music_demucs_16k/metaData_fma_large/row82125.csv
SKIPPING: metaTables/vocal_music_demucs_16k/metaData_fma_large/row82126.csv
SKIPPING: metaTables/vocal_music_demucs_16k/metaData_fma_large/row82127.csv
SKIPPING: metaTables/vocal_music_demucs_16k/metaData_fma_large/row82128.csv
SKIPPING: metaTables/vocal_music_demucs_16k/metaData_fma_large/row82129.csv
SKIPPING: metaTables/vocal_music_demucs_16k/metaData_fma_large/row82130.csv
SKIPPING: metaTables/vocal_music_demucs_16k/metaData_fma_large/row82131.csv
SKIPPING: metaTables/vocal_music_demucs_16k/metaData_fma_large/row82132.csv
SKIPPING: metaTables/vocal_music_demucs_16k/metaData_fma_large/row82133.csv
SKIPPING: metaTables/vocal_music_demucs_16k/metaData_fma_large/row82134.csv
SKIPPING: metaTables/vocal_music_demucs_16k/metaData_fma_large/row82135.csv
SKIPPING: metaTables/vocal_music_demucs_16k/metaData_fma_large/row82136.csv
SKIPPING: metaTables/vocal_music_demucs_16k/metaData_fma_large/row82137.csv
SKIPPING: metaTables/vocal_music_demucs_16k/metaData_fma_large/row82138.csv
SKIPPING: metaTables/vocal_music_demucs_16k/metaData_fma_large/row82139.csv
SKIPPING: metaTables/vocal_music_demucs_16k/metaData_fma_large/row82140.csv
SKIPPING: metaTables/vocal_music_demucs_16k/metaData_fma_large/row82141.csv
SKIPPING: metaTables/vocal_music_demucs_16k/metaData_fma_large/row82142.csv
SKIPPING: metaTables/vocal_music_demucs_16k/metaData_fma_large/row82143.csv
SKIPPING: metaTables/vocal_music_demucs_16k/metaData_fma_large/row82144.csv
SKIPPING: metaTables/vocal_music_demucs_16k/metaData_fma_large/row82145.csv
SKIPPING: metaTables/vocal_music_demucs_16k/metaData_fma_large/row82146.csv
SKIPPING: metaTables/vocal_music_demucs_16k/metaData_fma_large/row82147.csv
SKIPPING: metaTables/vocal_music_demucs_16k/metaData_fma_large/row82148.csv
SKIPPING: metaTables/vocal_music_demucs_16k/metaData_fma_large/row82149.csv
SKIPPING: metaTables/vocal_music_demucs_16k/metaData_fma_large/row82150.csv
SKIPPING: metaTables/vocal_music_demucs_16k/metaData_fma_large/row82151.csv
SKIPPING: metaTables/vocal_music_demucs_16k/metaData_fma_large/row82152.csv
SKIPPING: metaTables/vocal_music_demucs_16k/metaData_fma_large/row82153.csv
SKIPPING: metaTables/vocal_music_demucs_16k/metaData_fma_large/row82154.csv
SKIPPING: metaTables/vocal_music_demucs_16k/metaData_fma_large/row82155.csv
SKIPPING: metaTables/vocal_music_demucs_16k/metaData_fma_large/row82156.csv
SKIPPING: metaTables/vocal_music_demucs_16k/metaData_fma_large/row82157.csv
SKIPPING: metaTables/vocal_music_demucs_16k/metaData_fma_large/row82158.csv
SKIPPING: metaTables/vocal_music_demucs_16k/metaData_fma_large/row82159.csv
SKIPPING: metaTables/vocal_music_demucs_16k/metaData_fma_large/row82160.csv
SKIPPING: metaTables/vocal_music_demucs_16k/metaData_fma_large/row82161.csv
SKIPPING: metaTables/vocal_music_demucs_16k/metaData_fma_large/row82162.csv
SKIPPING: metaTables/vocal_music_demucs_16k/metaData_fma_large/row82163.csv
SKIPPING: metaTables/vocal_music_demucs_16k/metaData_fma_large/row82164.csv
SKIPPING: metaTables/vocal_music_demucs_16k/metaData_fma_large/row82165.csv
SKIPPING: metaTables/vocal_music_demucs_16k/metaData_fma_large/row82166.csv
SKIPPING: metaTables/vocal_music_demucs_16k/metaData_fma_large/row82167.csv
SKIPPING: metaTables/vocal_music_demucs_16k/metaData_fma_large/row82168.csv
SKIPPING: metaTables/vocal_music_demucs_16k/metaData_fma_large/row82169.csv
SKIPPING: metaTables/vocal_music_demucs_16k/metaData_fma_large/row82170.csv
SKIPPING: metaTables/vocal_music_demucs_16k/metaData_fma_large/row82171.csv
SKIPPING: metaTables/vocal_music_demucs_16k/metaData_fma_large/row82172.csv
SKIPPING: metaTables/vocal_music_demucs_16k/metaData_fma_large/row82173.csv
SKIPPING: metaTables/vocal_music_demucs_16k/metaData_fma_large/row82174.csv
SKIPPING: metaTables/vocal_music_demucs_16k/metaData_fma_large/row82175.csv
SKIPPING: metaTables/vocal_music_demucs_16k/metaData_fma_large/row82176.csv
SKIPPING: metaTables/vocal_music_demucs_16k/metaData_fma_large/row82177.csv
SKIPPING: metaTables/vocal_music_demucs_16k/metaData_fma_large/row82178.csv
SKIPPING: metaTables/vocal_music_demucs_16k/metaData_fma_large/row82179.csv
SKIPPING: metaTables/vocal_music_demucs_16k/metaData_fma_large/row82180.csv
SKIPPING: metaTables/vocal_music_demucs_16k/metaData_fma_large/row82181.csv
SKIPPING: metaTables/vocal_music_demucs_16k/metaData_fma_large/row82182.csv
SKIPPING: metaTables/vocal_music_demucs_16k/metaData_fma_large/row82183.csv
SKIPPING: metaTables/vocal_music_demucs_16k/metaData_fma_large/row82184.csv
SKIPPING: metaTables/vocal_music_demucs_16k/metaData_fma_large/row82185.csv
SKIPPING: metaTables/vocal_music_demucs_16k/metaData_fma_large/row82186.csv
SKIPPING: metaTables/vocal_music_demucs_16k/metaData_fma_large/row82187.csv
SKIPPING: metaTables/vocal_music_demucs_16k/metaData_fma_large/row82188.csv
SKIPPING: metaTables/vocal_music_demucs_16k/metaData_fma_large/row82189.csv
SKIPPING: metaTables/vocal_music_demucs_16k/metaData_fma_large/row82190.csv
SKIPPING: metaTables/vocal_music_demucs_16k/metaData_fma_large/row82191.csv
SKIPPING: metaTables/vocal_music_demucs_16k/metaData_fma_large/row82192.csv
SKIPPING: metaTables/vocal_music_demucs_16k/metaData_fma_large/row82193.csv
SKIPPING: metaTables/vocal_music_demucs_16k/metaData_fma_large/row82194.csv
SKIPPING: metaTables/vocal_music_demucs_16k/metaData_fma_large/row82195.csv
SKIPPING: metaTables/vocal_music_demucs_16k/metaData_fma_large/row82196.csv
SKIPPING: metaTables/vocal_music_demucs_16k/metaData_fma_large/row82197.csv
SKIPPING: metaTables/vocal_music_demucs_16k/metaData_fma_large/row82198.csv
SKIPPING: metaTables/vocal_music_demucs_16k/metaData_fma_large/row82199.csv
Demucs voice recognition done!
