/ext3/demucs/lib/python3.9/site-packages/demucs/api.py:27: UserWarning: TorchAudio's global backend is now deprecated. Please enable distpatcher by setting `TORCHAUDIO_USE_BACKEND_DISPATCHER=1`, and specify backend when calling load/info/save function.
  import torchaudio as ta
2024-05-10 01:27:24.508824: I tensorflow/core/util/port.cc:113] oneDNN custom operations are on. You may see slightly different numerical results due to floating-point round-off errors from different computation orders. To turn them off, set the environment variable `TF_ENABLE_ONEDNN_OPTS=0`.
2024-05-10 01:27:24.693840: E external/local_xla/xla/stream_executor/cuda/cuda_dnn.cc:9261] Unable to register cuDNN factory: Attempting to register factory for plugin cuDNN when one has already been registered
2024-05-10 01:27:24.693885: E external/local_xla/xla/stream_executor/cuda/cuda_fft.cc:607] Unable to register cuFFT factory: Attempting to register factory for plugin cuFFT when one has already been registered
2024-05-10 01:27:24.709695: E external/local_xla/xla/stream_executor/cuda/cuda_blas.cc:1515] Unable to register cuBLAS factory: Attempting to register factory for plugin cuBLAS when one has already been registered
2024-05-10 01:27:24.877210: I tensorflow/core/platform/cpu_feature_guard.cc:182] This TensorFlow binary is optimized to use available CPU instructions in performance-critical operations.
To enable the following instructions: AVX2 AVX512F AVX512_VNNI FMA, in other operations, rebuild TensorFlow with the appropriate compiler flags.
2024-05-10 01:27:25.807391: W tensorflow/compiler/tf2tensorrt/utils/py_utils.cc:38] TF-TRT Warning: Could not find TensorRT
SKIPPING: metaTables/vocal_music_demucs_16k/metaData_fma_large/row16300.csv
SKIPPING: metaTables/vocal_music_demucs_16k/metaData_fma_large/row16301.csv
SKIPPING: metaTables/vocal_music_demucs_16k/metaData_fma_large/row16302.csv
SKIPPING: metaTables/vocal_music_demucs_16k/metaData_fma_large/row16303.csv
SKIPPING: metaTables/vocal_music_demucs_16k/metaData_fma_large/row16304.csv
SKIPPING: metaTables/vocal_music_demucs_16k/metaData_fma_large/row16305.csv
SKIPPING: metaTables/vocal_music_demucs_16k/metaData_fma_large/row16306.csv
SKIPPING: metaTables/vocal_music_demucs_16k/metaData_fma_large/row16307.csv
SKIPPING: metaTables/vocal_music_demucs_16k/metaData_fma_large/row16308.csv
SKIPPING: metaTables/vocal_music_demucs_16k/metaData_fma_large/row16309.csv
SKIPPING: metaTables/vocal_music_demucs_16k/metaData_fma_large/row16310.csv
SKIPPING: metaTables/vocal_music_demucs_16k/metaData_fma_large/row16311.csv
SKIPPING: metaTables/vocal_music_demucs_16k/metaData_fma_large/row16312.csv
SKIPPING: metaTables/vocal_music_demucs_16k/metaData_fma_large/row16313.csv
SKIPPING: metaTables/vocal_music_demucs_16k/metaData_fma_large/row16314.csv
SKIPPING: metaTables/vocal_music_demucs_16k/metaData_fma_large/row16315.csv
SKIPPING: metaTables/vocal_music_demucs_16k/metaData_fma_large/row16316.csv
SKIPPING: metaTables/vocal_music_demucs_16k/metaData_fma_large/row16317.csv
Execution time: 26.001622200012207 seconds
metaTables/vocal_music_demucs_16k/metaData_fma_large/row16318.csv
Execution time: 25.279234647750854 seconds
metaTables/vocal_music_demucs_16k/metaData_fma_large/row16319.csv
Execution time: 24.999745845794678 seconds
metaTables/vocal_music_demucs_16k/metaData_fma_large/row16320.csv
Execution time: 24.03370428085327 seconds
metaTables/vocal_music_demucs_16k/metaData_fma_large/row16321.csv
Execution time: 24.705495834350586 seconds
metaTables/vocal_music_demucs_16k/metaData_fma_large/row16322.csv
Execution time: 24.321861743927002 seconds
metaTables/vocal_music_demucs_16k/metaData_fma_large/row16323.csv
Execution time: 25.383225440979004 seconds
metaTables/vocal_music_demucs_16k/metaData_fma_large/row16324.csv
Execution time: 25.174567222595215 seconds
metaTables/vocal_music_demucs_16k/metaData_fma_large/row16325.csv
Execution time: 25.28382158279419 seconds
metaTables/vocal_music_demucs_16k/metaData_fma_large/row16326.csv
Execution time: 24.535088539123535 seconds
metaTables/vocal_music_demucs_16k/metaData_fma_large/row16327.csv
Execution time: 23.972270965576172 seconds
metaTables/vocal_music_demucs_16k/metaData_fma_large/row16328.csv
Execution time: 25.19416832923889 seconds
metaTables/vocal_music_demucs_16k/metaData_fma_large/row16329.csv
Execution time: 25.12902855873108 seconds
metaTables/vocal_music_demucs_16k/metaData_fma_large/row16330.csv
Execution time: 24.639514684677124 seconds
metaTables/vocal_music_demucs_16k/metaData_fma_large/row16331.csv
Execution time: 24.460262775421143 seconds
metaTables/vocal_music_demucs_16k/metaData_fma_large/row16332.csv
Execution time: 24.521172761917114 seconds
metaTables/vocal_music_demucs_16k/metaData_fma_large/row16333.csv
Execution time: 24.608460903167725 seconds
metaTables/vocal_music_demucs_16k/metaData_fma_large/row16334.csv
Execution time: 24.214644193649292 seconds
metaTables/vocal_music_demucs_16k/metaData_fma_large/row16335.csv
Execution time: 24.40366291999817 seconds
metaTables/vocal_music_demucs_16k/metaData_fma_large/row16336.csv
Execution time: 24.355380296707153 seconds
metaTables/vocal_music_demucs_16k/metaData_fma_large/row16337.csv
Execution time: 24.95710253715515 seconds
metaTables/vocal_music_demucs_16k/metaData_fma_large/row16338.csv
Execution time: 25.02000403404236 seconds
metaTables/vocal_music_demucs_16k/metaData_fma_large/row16339.csv
Execution time: 24.974706172943115 seconds
metaTables/vocal_music_demucs_16k/metaData_fma_large/row16340.csv
Execution time: 23.96418309211731 seconds
metaTables/vocal_music_demucs_16k/metaData_fma_large/row16341.csv
Execution time: 25.875922679901123 seconds
metaTables/vocal_music_demucs_16k/metaData_fma_large/row16342.csv
Execution time: 26.362699270248413 seconds
metaTables/vocal_music_demucs_16k/metaData_fma_large/row16343.csv
Execution time: 25.58385729789734 seconds
metaTables/vocal_music_demucs_16k/metaData_fma_large/row16344.csv
Execution time: 23.678350925445557 seconds
metaTables/vocal_music_demucs_16k/metaData_fma_large/row16345.csv
Execution time: 23.670084476470947 seconds
metaTables/vocal_music_demucs_16k/metaData_fma_large/row16346.csv
Execution time: 24.921132564544678 seconds
metaTables/vocal_music_demucs_16k/metaData_fma_large/row16347.csv
Execution time: 24.4365394115448 seconds
metaTables/vocal_music_demucs_16k/metaData_fma_large/row16348.csv
Execution time: 25.87088418006897 seconds
metaTables/vocal_music_demucs_16k/metaData_fma_large/row16349.csv
Execution time: 24.798296689987183 seconds
metaTables/vocal_music_demucs_16k/metaData_fma_large/row16350.csv
Execution time: 24.034484386444092 seconds
metaTables/vocal_music_demucs_16k/metaData_fma_large/row16351.csv
Execution time: 24.200204133987427 seconds
metaTables/vocal_music_demucs_16k/metaData_fma_large/row16352.csv
Execution time: 24.823753118515015 seconds
metaTables/vocal_music_demucs_16k/metaData_fma_large/row16353.csv
Execution time: 24.798486709594727 seconds
metaTables/vocal_music_demucs_16k/metaData_fma_large/row16354.csv
Execution time: 24.210716724395752 seconds
metaTables/vocal_music_demucs_16k/metaData_fma_large/row16355.csv
Execution time: 24.320539712905884 seconds
metaTables/vocal_music_demucs_16k/metaData_fma_large/row16356.csv
Execution time: 24.726619720458984 seconds
metaTables/vocal_music_demucs_16k/metaData_fma_large/row16357.csv
Execution time: 24.507394313812256 seconds
metaTables/vocal_music_demucs_16k/metaData_fma_large/row16358.csv
Execution time: 24.652090311050415 seconds
metaTables/vocal_music_demucs_16k/metaData_fma_large/row16359.csv
Execution time: 24.097739458084106 seconds
metaTables/vocal_music_demucs_16k/metaData_fma_large/row16360.csv
Execution time: 23.613344192504883 seconds
metaTables/vocal_music_demucs_16k/metaData_fma_large/row16361.csv
Execution time: 24.869560718536377 seconds
metaTables/vocal_music_demucs_16k/metaData_fma_large/row16362.csv
Execution time: 24.5571551322937 seconds
metaTables/vocal_music_demucs_16k/metaData_fma_large/row16363.csv
Execution time: 23.652808904647827 seconds
metaTables/vocal_music_demucs_16k/metaData_fma_large/row16364.csv
Execution time: 24.39232110977173 seconds
metaTables/vocal_music_demucs_16k/metaData_fma_large/row16365.csv
Execution time: 26.346325159072876 seconds
metaTables/vocal_music_demucs_16k/metaData_fma_large/row16366.csv
Execution time: 25.148587465286255 seconds
metaTables/vocal_music_demucs_16k/metaData_fma_large/row16367.csv
Execution time: 24.947914123535156 seconds
metaTables/vocal_music_demucs_16k/metaData_fma_large/row16368.csv
Execution time: 24.843263626098633 seconds
metaTables/vocal_music_demucs_16k/metaData_fma_large/row16369.csv
Execution time: 24.603573322296143 seconds
metaTables/vocal_music_demucs_16k/metaData_fma_large/row16370.csv
Execution time: 24.90452289581299 seconds
metaTables/vocal_music_demucs_16k/metaData_fma_large/row16371.csv
Execution time: 23.934725284576416 seconds
metaTables/vocal_music_demucs_16k/metaData_fma_large/row16372.csv
Execution time: 23.851735591888428 seconds
metaTables/vocal_music_demucs_16k/metaData_fma_large/row16373.csv
Execution time: 16.415494203567505 seconds
metaTables/vocal_music_demucs_16k/metaData_fma_large/row16374.csv
Execution time: 24.798410415649414 seconds
metaTables/vocal_music_demucs_16k/metaData_fma_large/row16375.csv
Execution time: 24.37975001335144 seconds
metaTables/vocal_music_demucs_16k/metaData_fma_large/row16376.csv
Execution time: 24.45025610923767 seconds
metaTables/vocal_music_demucs_16k/metaData_fma_large/row16377.csv
Execution time: 24.663870811462402 seconds
metaTables/vocal_music_demucs_16k/metaData_fma_large/row16378.csv
Execution time: 24.582276344299316 seconds
metaTables/vocal_music_demucs_16k/metaData_fma_large/row16379.csv
Execution time: 24.94397807121277 seconds
metaTables/vocal_music_demucs_16k/metaData_fma_large/row16380.csv
Execution time: 24.675020694732666 seconds
metaTables/vocal_music_demucs_16k/metaData_fma_large/row16381.csv
Execution time: 24.90904450416565 seconds
metaTables/vocal_music_demucs_16k/metaData_fma_large/row16382.csv
Execution time: 25.016977071762085 seconds
metaTables/vocal_music_demucs_16k/metaData_fma_large/row16383.csv
Execution time: 24.390066385269165 seconds
metaTables/vocal_music_demucs_16k/metaData_fma_large/row16384.csv
Execution time: 24.92372179031372 seconds
metaTables/vocal_music_demucs_16k/metaData_fma_large/row16385.csv
Execution time: 24.987024307250977 seconds
metaTables/vocal_music_demucs_16k/metaData_fma_large/row16386.csv
Execution time: 24.624476671218872 seconds
metaTables/vocal_music_demucs_16k/metaData_fma_large/row16387.csv
Execution time: 25.349931955337524 seconds
metaTables/vocal_music_demucs_16k/metaData_fma_large/row16388.csv
Execution time: 24.878499031066895 seconds
metaTables/vocal_music_demucs_16k/metaData_fma_large/row16389.csv
Execution time: 8.209281206130981 seconds
metaTables/vocal_music_demucs_16k/metaData_fma_large/row16390.csv
Execution time: 24.685763120651245 seconds
metaTables/vocal_music_demucs_16k/metaData_fma_large/row16391.csv
Execution time: 25.9719557762146 seconds
metaTables/vocal_music_demucs_16k/metaData_fma_large/row16392.csv
Execution time: 25.186540842056274 seconds
metaTables/vocal_music_demucs_16k/metaData_fma_large/row16393.csv
Execution time: 25.032137155532837 seconds
metaTables/vocal_music_demucs_16k/metaData_fma_large/row16394.csv
Execution time: 27.080784797668457 seconds
metaTables/vocal_music_demucs_16k/metaData_fma_large/row16395.csv
Execution time: 25.59206795692444 seconds
metaTables/vocal_music_demucs_16k/metaData_fma_large/row16396.csv
Execution time: 25.373783588409424 seconds
metaTables/vocal_music_demucs_16k/metaData_fma_large/row16397.csv
Execution time: 24.7134051322937 seconds
metaTables/vocal_music_demucs_16k/metaData_fma_large/row16398.csv
Execution time: 24.82414746284485 seconds
metaTables/vocal_music_demucs_16k/metaData_fma_large/row16399.csv
Demucs voice recognition done!
