/ext3/demucs/lib/python3.9/site-packages/demucs/api.py:27: UserWarning: TorchAudio's global backend is now deprecated. Please enable distpatcher by setting `TORCHAUDIO_USE_BACKEND_DISPATCHER=1`, and specify backend when calling load/info/save function.
  import torchaudio as ta
2024-05-10 11:35:18.886741: I tensorflow/core/util/port.cc:113] oneDNN custom operations are on. You may see slightly different numerical results due to floating-point round-off errors from different computation orders. To turn them off, set the environment variable `TF_ENABLE_ONEDNN_OPTS=0`.
2024-05-10 11:35:19.694710: E external/local_xla/xla/stream_executor/cuda/cuda_dnn.cc:9261] Unable to register cuDNN factory: Attempting to register factory for plugin cuDNN when one has already been registered
2024-05-10 11:35:19.694748: E external/local_xla/xla/stream_executor/cuda/cuda_fft.cc:607] Unable to register cuFFT factory: Attempting to register factory for plugin cuFFT when one has already been registered
2024-05-10 11:35:19.812262: E external/local_xla/xla/stream_executor/cuda/cuda_blas.cc:1515] Unable to register cuBLAS factory: Attempting to register factory for plugin cuBLAS when one has already been registered
2024-05-10 11:35:19.903837: I tensorflow/core/platform/cpu_feature_guard.cc:182] This TensorFlow binary is optimized to use available CPU instructions in performance-critical operations.
To enable the following instructions: AVX2 AVX512F AVX512_VNNI FMA, in other operations, rebuild TensorFlow with the appropriate compiler flags.
2024-05-10 11:35:20.977425: W tensorflow/compiler/tf2tensorrt/utils/py_utils.cc:38] TF-TRT Warning: Could not find TensorRT
Execution time: 26.404249668121338 seconds
metaTables/vocal_music_demucs_16k/metaData_fma_large/row103900.csv
Execution time: 25.360279083251953 seconds
metaTables/vocal_music_demucs_16k/metaData_fma_large/row103901.csv
Execution time: 25.359320402145386 seconds
metaTables/vocal_music_demucs_16k/metaData_fma_large/row103902.csv
Execution time: 25.68838667869568 seconds
metaTables/vocal_music_demucs_16k/metaData_fma_large/row103903.csv
Execution time: 25.53174090385437 seconds
metaTables/vocal_music_demucs_16k/metaData_fma_large/row103904.csv
Execution time: 26.406466960906982 seconds
metaTables/vocal_music_demucs_16k/metaData_fma_large/row103905.csv
Execution time: 25.942583799362183 seconds
metaTables/vocal_music_demucs_16k/metaData_fma_large/row103906.csv
Execution time: 25.116269826889038 seconds
metaTables/vocal_music_demucs_16k/metaData_fma_large/row103907.csv
Execution time: 25.737931489944458 seconds
metaTables/vocal_music_demucs_16k/metaData_fma_large/row103908.csv
Execution time: 26.17487668991089 seconds
metaTables/vocal_music_demucs_16k/metaData_fma_large/row103909.csv
Execution time: 26.218024969100952 seconds
metaTables/vocal_music_demucs_16k/metaData_fma_large/row103910.csv
Execution time: 25.860384941101074 seconds
metaTables/vocal_music_demucs_16k/metaData_fma_large/row103911.csv
Execution time: 25.580504655838013 seconds
metaTables/vocal_music_demucs_16k/metaData_fma_large/row103912.csv
Execution time: 25.378416538238525 seconds
metaTables/vocal_music_demucs_16k/metaData_fma_large/row103913.csv
Execution time: 25.29389238357544 seconds
metaTables/vocal_music_demucs_16k/metaData_fma_large/row103914.csv
Execution time: 25.995770931243896 seconds
metaTables/vocal_music_demucs_16k/metaData_fma_large/row103915.csv
Execution time: 25.816418409347534 seconds
metaTables/vocal_music_demucs_16k/metaData_fma_large/row103916.csv
Execution time: 25.673755645751953 seconds
metaTables/vocal_music_demucs_16k/metaData_fma_large/row103917.csv
Execution time: 26.213796138763428 seconds
metaTables/vocal_music_demucs_16k/metaData_fma_large/row103918.csv
Execution time: 26.818382263183594 seconds
metaTables/vocal_music_demucs_16k/metaData_fma_large/row103919.csv
Execution time: 25.92917561531067 seconds
metaTables/vocal_music_demucs_16k/metaData_fma_large/row103920.csv
Execution time: 25.943147659301758 seconds
metaTables/vocal_music_demucs_16k/metaData_fma_large/row103921.csv
Execution time: 25.87658166885376 seconds
metaTables/vocal_music_demucs_16k/metaData_fma_large/row103922.csv
Execution time: 26.70592951774597 seconds
metaTables/vocal_music_demucs_16k/metaData_fma_large/row103923.csv
Execution time: 24.59960675239563 seconds
metaTables/vocal_music_demucs_16k/metaData_fma_large/row103924.csv
Execution time: 25.564106702804565 seconds
metaTables/vocal_music_demucs_16k/metaData_fma_large/row103925.csv
Execution time: 26.270398378372192 seconds
metaTables/vocal_music_demucs_16k/metaData_fma_large/row103926.csv
Execution time: 25.652809381484985 seconds
metaTables/vocal_music_demucs_16k/metaData_fma_large/row103927.csv
Execution time: 25.964133501052856 seconds
metaTables/vocal_music_demucs_16k/metaData_fma_large/row103928.csv
Execution time: 25.60806965827942 seconds
metaTables/vocal_music_demucs_16k/metaData_fma_large/row103929.csv
Execution time: 25.62211298942566 seconds
metaTables/vocal_music_demucs_16k/metaData_fma_large/row103930.csv
Execution time: 25.933045387268066 seconds
metaTables/vocal_music_demucs_16k/metaData_fma_large/row103931.csv
Execution time: 26.048300981521606 seconds
metaTables/vocal_music_demucs_16k/metaData_fma_large/row103932.csv
Execution time: 24.918048858642578 seconds
metaTables/vocal_music_demucs_16k/metaData_fma_large/row103933.csv
Execution time: 25.533511638641357 seconds
metaTables/vocal_music_demucs_16k/metaData_fma_large/row103934.csv
Execution time: 25.72078824043274 seconds
metaTables/vocal_music_demucs_16k/metaData_fma_large/row103935.csv
Execution time: 26.260871171951294 seconds
metaTables/vocal_music_demucs_16k/metaData_fma_large/row103936.csv
Execution time: 24.983225345611572 seconds
metaTables/vocal_music_demucs_16k/metaData_fma_large/row103937.csv
Execution time: 25.764835357666016 seconds
metaTables/vocal_music_demucs_16k/metaData_fma_large/row103938.csv
Execution time: 25.70549750328064 seconds
metaTables/vocal_music_demucs_16k/metaData_fma_large/row103939.csv
Execution time: 25.56792378425598 seconds
metaTables/vocal_music_demucs_16k/metaData_fma_large/row103940.csv
Execution time: 27.835906267166138 seconds
metaTables/vocal_music_demucs_16k/metaData_fma_large/row103941.csv
Execution time: 25.616227865219116 seconds
metaTables/vocal_music_demucs_16k/metaData_fma_large/row103942.csv
Execution time: 25.51358723640442 seconds
metaTables/vocal_music_demucs_16k/metaData_fma_large/row103943.csv
Execution time: 24.746236562728882 seconds
metaTables/vocal_music_demucs_16k/metaData_fma_large/row103944.csv
Execution time: 24.00629997253418 seconds
metaTables/vocal_music_demucs_16k/metaData_fma_large/row103945.csv
Execution time: 26.604180812835693 seconds
metaTables/vocal_music_demucs_16k/metaData_fma_large/row103946.csv
Execution time: 26.230212211608887 seconds
metaTables/vocal_music_demucs_16k/metaData_fma_large/row103947.csv
Execution time: 25.698487520217896 seconds
metaTables/vocal_music_demucs_16k/metaData_fma_large/row103948.csv
Execution time: 25.63262414932251 seconds
metaTables/vocal_music_demucs_16k/metaData_fma_large/row103949.csv
Execution time: 24.765116691589355 seconds
metaTables/vocal_music_demucs_16k/metaData_fma_large/row103950.csv
Execution time: 25.577313899993896 seconds
metaTables/vocal_music_demucs_16k/metaData_fma_large/row103951.csv
Execution time: 25.412795305252075 seconds
metaTables/vocal_music_demucs_16k/metaData_fma_large/row103952.csv
Execution time: 24.639580249786377 seconds
metaTables/vocal_music_demucs_16k/metaData_fma_large/row103953.csv
Execution time: 25.781005859375 seconds
metaTables/vocal_music_demucs_16k/metaData_fma_large/row103954.csv
Execution time: 25.114253044128418 seconds
metaTables/vocal_music_demucs_16k/metaData_fma_large/row103955.csv
Execution time: 25.957053661346436 seconds
metaTables/vocal_music_demucs_16k/metaData_fma_large/row103956.csv
Execution time: 26.177915334701538 seconds
metaTables/vocal_music_demucs_16k/metaData_fma_large/row103957.csv
Execution time: 25.719644784927368 seconds
metaTables/vocal_music_demucs_16k/metaData_fma_large/row103958.csv
Execution time: 25.235926866531372 seconds
metaTables/vocal_music_demucs_16k/metaData_fma_large/row103959.csv
Execution time: 26.34939479827881 seconds
metaTables/vocal_music_demucs_16k/metaData_fma_large/row103960.csv
Execution time: 25.609085083007812 seconds
metaTables/vocal_music_demucs_16k/metaData_fma_large/row103961.csv
Execution time: 25.889753103256226 seconds
metaTables/vocal_music_demucs_16k/metaData_fma_large/row103962.csv
Execution time: 25.490192890167236 seconds
metaTables/vocal_music_demucs_16k/metaData_fma_large/row103963.csv
Execution time: 25.829894304275513 seconds
metaTables/vocal_music_demucs_16k/metaData_fma_large/row103964.csv
Execution time: 25.821427583694458 seconds
metaTables/vocal_music_demucs_16k/metaData_fma_large/row103965.csv
Execution time: 26.174641132354736 seconds
metaTables/vocal_music_demucs_16k/metaData_fma_large/row103966.csv
Execution time: 26.220848321914673 seconds
metaTables/vocal_music_demucs_16k/metaData_fma_large/row103967.csv
Execution time: 25.619221687316895 seconds
metaTables/vocal_music_demucs_16k/metaData_fma_large/row103968.csv
Execution time: 25.703417539596558 seconds
metaTables/vocal_music_demucs_16k/metaData_fma_large/row103969.csv
Execution time: 25.57005023956299 seconds
metaTables/vocal_music_demucs_16k/metaData_fma_large/row103970.csv
Execution time: 24.942976474761963 seconds
metaTables/vocal_music_demucs_16k/metaData_fma_large/row103971.csv
Execution time: 25.83052968978882 seconds
metaTables/vocal_music_demucs_16k/metaData_fma_large/row103972.csv
Execution time: 25.049210786819458 seconds
metaTables/vocal_music_demucs_16k/metaData_fma_large/row103973.csv
Execution time: 26.592378616333008 seconds
metaTables/vocal_music_demucs_16k/metaData_fma_large/row103974.csv
Execution time: 25.483678817749023 seconds
metaTables/vocal_music_demucs_16k/metaData_fma_large/row103975.csv
Execution time: 25.47880792617798 seconds
metaTables/vocal_music_demucs_16k/metaData_fma_large/row103976.csv
Execution time: 25.608110904693604 seconds
metaTables/vocal_music_demucs_16k/metaData_fma_large/row103977.csv
Execution time: 25.533135890960693 seconds
metaTables/vocal_music_demucs_16k/metaData_fma_large/row103978.csv
Execution time: 26.18922257423401 seconds
metaTables/vocal_music_demucs_16k/metaData_fma_large/row103979.csv
Execution time: 26.53846311569214 seconds
metaTables/vocal_music_demucs_16k/metaData_fma_large/row103980.csv
Execution time: 25.447697162628174 seconds
metaTables/vocal_music_demucs_16k/metaData_fma_large/row103981.csv
Execution time: 25.577775239944458 seconds
metaTables/vocal_music_demucs_16k/metaData_fma_large/row103982.csv
Execution time: 25.37082266807556 seconds
metaTables/vocal_music_demucs_16k/metaData_fma_large/row103983.csv
Execution time: 25.374109029769897 seconds
metaTables/vocal_music_demucs_16k/metaData_fma_large/row103984.csv
Execution time: 25.746419668197632 seconds
metaTables/vocal_music_demucs_16k/metaData_fma_large/row103985.csv
Execution time: 26.40668034553528 seconds
metaTables/vocal_music_demucs_16k/metaData_fma_large/row103986.csv
Execution time: 25.87424063682556 seconds
metaTables/vocal_music_demucs_16k/metaData_fma_large/row103987.csv
Execution time: 25.492689609527588 seconds
metaTables/vocal_music_demucs_16k/metaData_fma_large/row103988.csv
Execution time: 25.131263256072998 seconds
metaTables/vocal_music_demucs_16k/metaData_fma_large/row103989.csv
Execution time: 25.481966495513916 seconds
metaTables/vocal_music_demucs_16k/metaData_fma_large/row103990.csv
Execution time: 26.006083011627197 seconds
metaTables/vocal_music_demucs_16k/metaData_fma_large/row103991.csv
Execution time: 25.140960216522217 seconds
metaTables/vocal_music_demucs_16k/metaData_fma_large/row103992.csv
Execution time: 25.4524667263031 seconds
metaTables/vocal_music_demucs_16k/metaData_fma_large/row103993.csv
Execution time: 25.35798668861389 seconds
metaTables/vocal_music_demucs_16k/metaData_fma_large/row103994.csv
Execution time: 25.364543199539185 seconds
metaTables/vocal_music_demucs_16k/metaData_fma_large/row103995.csv
Execution time: 25.245593309402466 seconds
metaTables/vocal_music_demucs_16k/metaData_fma_large/row103996.csv
Execution time: 25.4839870929718 seconds
metaTables/vocal_music_demucs_16k/metaData_fma_large/row103997.csv
Execution time: 25.130422353744507 seconds
metaTables/vocal_music_demucs_16k/metaData_fma_large/row103998.csv
Execution time: 20.70735001564026 seconds
metaTables/vocal_music_demucs_16k/metaData_fma_large/row103999.csv
Demucs voice recognition done!
