/ext3/demucs/lib/python3.9/site-packages/demucs/api.py:27: UserWarning: TorchAudio's global backend is now deprecated. Please enable distpatcher by setting `TORCHAUDIO_USE_BACKEND_DISPATCHER=1`, and specify backend when calling load/info/save function.
  import torchaudio as ta
2024-05-08 23:37:47.060625: I tensorflow/core/util/port.cc:113] oneDNN custom operations are on. You may see slightly different numerical results due to floating-point round-off errors from different computation orders. To turn them off, set the environment variable `TF_ENABLE_ONEDNN_OPTS=0`.
2024-05-08 23:37:49.130894: E external/local_xla/xla/stream_executor/cuda/cuda_dnn.cc:9261] Unable to register cuDNN factory: Attempting to register factory for plugin cuDNN when one has already been registered
2024-05-08 23:37:49.130937: E external/local_xla/xla/stream_executor/cuda/cuda_fft.cc:607] Unable to register cuFFT factory: Attempting to register factory for plugin cuFFT when one has already been registered
2024-05-08 23:37:49.249191: E external/local_xla/xla/stream_executor/cuda/cuda_blas.cc:1515] Unable to register cuBLAS factory: Attempting to register factory for plugin cuBLAS when one has already been registered
2024-05-08 23:37:49.404577: I tensorflow/core/platform/cpu_feature_guard.cc:182] This TensorFlow binary is optimized to use available CPU instructions in performance-critical operations.
To enable the following instructions: AVX2 AVX512F AVX512_VNNI FMA, in other operations, rebuild TensorFlow with the appropriate compiler flags.
2024-05-08 23:37:52.913629: W tensorflow/compiler/tf2tensorrt/utils/py_utils.cc:38] TF-TRT Warning: Could not find TensorRT
Execution time: 27.611271142959595 seconds
metaTables/vocal_music_demucs_16k/metaData_fma_large/row60500.csv
Execution time: 22.790827989578247 seconds
metaTables/vocal_music_demucs_16k/metaData_fma_large/row60501.csv
Execution time: 23.423748254776 seconds
metaTables/vocal_music_demucs_16k/metaData_fma_large/row60502.csv
Execution time: 23.519193172454834 seconds
metaTables/vocal_music_demucs_16k/metaData_fma_large/row60503.csv
Execution time: 23.814493894577026 seconds
metaTables/vocal_music_demucs_16k/metaData_fma_large/row60504.csv
Execution time: 24.50153422355652 seconds
metaTables/vocal_music_demucs_16k/metaData_fma_large/row60505.csv
Execution time: 24.243144273757935 seconds
metaTables/vocal_music_demucs_16k/metaData_fma_large/row60506.csv
Execution time: 23.65234398841858 seconds
metaTables/vocal_music_demucs_16k/metaData_fma_large/row60507.csv
Execution time: 23.563502073287964 seconds
metaTables/vocal_music_demucs_16k/metaData_fma_large/row60508.csv
Execution time: 23.649815320968628 seconds
metaTables/vocal_music_demucs_16k/metaData_fma_large/row60509.csv
Execution time: 23.6188223361969 seconds
metaTables/vocal_music_demucs_16k/metaData_fma_large/row60510.csv
Execution time: 24.310986042022705 seconds
metaTables/vocal_music_demucs_16k/metaData_fma_large/row60511.csv
Execution time: 23.87026333808899 seconds
metaTables/vocal_music_demucs_16k/metaData_fma_large/row60512.csv
Execution time: 24.439069986343384 seconds
metaTables/vocal_music_demucs_16k/metaData_fma_large/row60513.csv
Execution time: 23.999847888946533 seconds
metaTables/vocal_music_demucs_16k/metaData_fma_large/row60514.csv
Execution time: 23.607372522354126 seconds
metaTables/vocal_music_demucs_16k/metaData_fma_large/row60515.csv
Execution time: 25.164285898208618 seconds
metaTables/vocal_music_demucs_16k/metaData_fma_large/row60516.csv
Execution time: 23.83640694618225 seconds
metaTables/vocal_music_demucs_16k/metaData_fma_large/row60517.csv
Execution time: 24.108789443969727 seconds
metaTables/vocal_music_demucs_16k/metaData_fma_large/row60518.csv
Execution time: 24.4334499835968 seconds
metaTables/vocal_music_demucs_16k/metaData_fma_large/row60519.csv
Execution time: 23.64224338531494 seconds
metaTables/vocal_music_demucs_16k/metaData_fma_large/row60520.csv
Execution time: 24.031105756759644 seconds
metaTables/vocal_music_demucs_16k/metaData_fma_large/row60521.csv
Execution time: 23.5643310546875 seconds
metaTables/vocal_music_demucs_16k/metaData_fma_large/row60522.csv
Execution time: 24.271998405456543 seconds
metaTables/vocal_music_demucs_16k/metaData_fma_large/row60523.csv
Execution time: 23.572797060012817 seconds
metaTables/vocal_music_demucs_16k/metaData_fma_large/row60524.csv
Execution time: 24.089723110198975 seconds
metaTables/vocal_music_demucs_16k/metaData_fma_large/row60525.csv
Execution time: 24.423571825027466 seconds
metaTables/vocal_music_demucs_16k/metaData_fma_large/row60526.csv
Execution time: 23.47732377052307 seconds
metaTables/vocal_music_demucs_16k/metaData_fma_large/row60527.csv
Execution time: 23.475933074951172 seconds
metaTables/vocal_music_demucs_16k/metaData_fma_large/row60528.csv
Execution time: 23.941871881484985 seconds
metaTables/vocal_music_demucs_16k/metaData_fma_large/row60529.csv
Execution time: 23.92882227897644 seconds
metaTables/vocal_music_demucs_16k/metaData_fma_large/row60530.csv
Execution time: 24.22971487045288 seconds
metaTables/vocal_music_demucs_16k/metaData_fma_large/row60531.csv
Execution time: 23.791606903076172 seconds
metaTables/vocal_music_demucs_16k/metaData_fma_large/row60532.csv
Execution time: 23.95708179473877 seconds
metaTables/vocal_music_demucs_16k/metaData_fma_large/row60533.csv
Execution time: 23.528740882873535 seconds
metaTables/vocal_music_demucs_16k/metaData_fma_large/row60534.csv
Execution time: 23.12736439704895 seconds
metaTables/vocal_music_demucs_16k/metaData_fma_large/row60535.csv
Execution time: 23.30110001564026 seconds
metaTables/vocal_music_demucs_16k/metaData_fma_large/row60536.csv
Execution time: 23.582274198532104 seconds
metaTables/vocal_music_demucs_16k/metaData_fma_large/row60537.csv
Execution time: 24.584174156188965 seconds
metaTables/vocal_music_demucs_16k/metaData_fma_large/row60538.csv
Execution time: 24.137470483779907 seconds
metaTables/vocal_music_demucs_16k/metaData_fma_large/row60539.csv
Execution time: 24.52291989326477 seconds
metaTables/vocal_music_demucs_16k/metaData_fma_large/row60540.csv
Execution time: 23.716784238815308 seconds
metaTables/vocal_music_demucs_16k/metaData_fma_large/row60541.csv
Execution time: 23.906158208847046 seconds
metaTables/vocal_music_demucs_16k/metaData_fma_large/row60542.csv
Execution time: 24.676893949508667 seconds
metaTables/vocal_music_demucs_16k/metaData_fma_large/row60543.csv
Execution time: 24.114357709884644 seconds
metaTables/vocal_music_demucs_16k/metaData_fma_large/row60544.csv
Execution time: 23.67967438697815 seconds
metaTables/vocal_music_demucs_16k/metaData_fma_large/row60545.csv
Execution time: 23.66059970855713 seconds
metaTables/vocal_music_demucs_16k/metaData_fma_large/row60546.csv
Execution time: 24.438396215438843 seconds
metaTables/vocal_music_demucs_16k/metaData_fma_large/row60547.csv
Execution time: 24.097475290298462 seconds
metaTables/vocal_music_demucs_16k/metaData_fma_large/row60548.csv
Execution time: 24.19871473312378 seconds
metaTables/vocal_music_demucs_16k/metaData_fma_large/row60549.csv
Execution time: 24.116767644882202 seconds
metaTables/vocal_music_demucs_16k/metaData_fma_large/row60550.csv
Execution time: 23.797446250915527 seconds
metaTables/vocal_music_demucs_16k/metaData_fma_large/row60551.csv
Execution time: 23.58721089363098 seconds
metaTables/vocal_music_demucs_16k/metaData_fma_large/row60552.csv
Execution time: 23.345147132873535 seconds
metaTables/vocal_music_demucs_16k/metaData_fma_large/row60553.csv
Execution time: 23.213576316833496 seconds
metaTables/vocal_music_demucs_16k/metaData_fma_large/row60554.csv
Execution time: 24.114079475402832 seconds
metaTables/vocal_music_demucs_16k/metaData_fma_large/row60555.csv
Execution time: 23.389774560928345 seconds
metaTables/vocal_music_demucs_16k/metaData_fma_large/row60556.csv
Execution time: 23.425225734710693 seconds
metaTables/vocal_music_demucs_16k/metaData_fma_large/row60557.csv
Execution time: 23.533992528915405 seconds
metaTables/vocal_music_demucs_16k/metaData_fma_large/row60558.csv
Execution time: 24.363207817077637 seconds
metaTables/vocal_music_demucs_16k/metaData_fma_large/row60559.csv
Execution time: 23.247453689575195 seconds
metaTables/vocal_music_demucs_16k/metaData_fma_large/row60560.csv
Execution time: 25.52993154525757 seconds
metaTables/vocal_music_demucs_16k/metaData_fma_large/row60561.csv
Execution time: 24.057079076766968 seconds
metaTables/vocal_music_demucs_16k/metaData_fma_large/row60562.csv
Execution time: 23.7695415019989 seconds
metaTables/vocal_music_demucs_16k/metaData_fma_large/row60563.csv
Execution time: 22.973946809768677 seconds
metaTables/vocal_music_demucs_16k/metaData_fma_large/row60564.csv
Execution time: 23.895283460617065 seconds
metaTables/vocal_music_demucs_16k/metaData_fma_large/row60565.csv
Execution time: 24.407988786697388 seconds
metaTables/vocal_music_demucs_16k/metaData_fma_large/row60566.csv
Execution time: 25.987004280090332 seconds
metaTables/vocal_music_demucs_16k/metaData_fma_large/row60567.csv
Execution time: 23.711052894592285 seconds
metaTables/vocal_music_demucs_16k/metaData_fma_large/row60568.csv
Execution time: 19.27879047393799 seconds
metaTables/vocal_music_demucs_16k/metaData_fma_large/row60569.csv
Execution time: 24.043135404586792 seconds
metaTables/vocal_music_demucs_16k/metaData_fma_large/row60570.csv
Execution time: 24.122122287750244 seconds
metaTables/vocal_music_demucs_16k/metaData_fma_large/row60571.csv
Execution time: 23.56844711303711 seconds
metaTables/vocal_music_demucs_16k/metaData_fma_large/row60572.csv
Execution time: 24.00400686264038 seconds
metaTables/vocal_music_demucs_16k/metaData_fma_large/row60573.csv
Execution time: 23.36261796951294 seconds
metaTables/vocal_music_demucs_16k/metaData_fma_large/row60574.csv
Execution time: 23.914283514022827 seconds
metaTables/vocal_music_demucs_16k/metaData_fma_large/row60575.csv
Execution time: 25.646517276763916 seconds
metaTables/vocal_music_demucs_16k/metaData_fma_large/row60576.csv
Execution time: 23.43724226951599 seconds
metaTables/vocal_music_demucs_16k/metaData_fma_large/row60577.csv
Execution time: 24.507638692855835 seconds
metaTables/vocal_music_demucs_16k/metaData_fma_large/row60578.csv
Execution time: 23.600213527679443 seconds
metaTables/vocal_music_demucs_16k/metaData_fma_large/row60579.csv
Execution time: 23.91361665725708 seconds
metaTables/vocal_music_demucs_16k/metaData_fma_large/row60580.csv
Execution time: 24.428282737731934 seconds
metaTables/vocal_music_demucs_16k/metaData_fma_large/row60581.csv
Execution time: 23.697364807128906 seconds
metaTables/vocal_music_demucs_16k/metaData_fma_large/row60582.csv
Execution time: 23.107876539230347 seconds
metaTables/vocal_music_demucs_16k/metaData_fma_large/row60583.csv
Execution time: 23.426269054412842 seconds
metaTables/vocal_music_demucs_16k/metaData_fma_large/row60584.csv
Execution time: 23.92402458190918 seconds
metaTables/vocal_music_demucs_16k/metaData_fma_large/row60585.csv
Execution time: 24.133440732955933 seconds
metaTables/vocal_music_demucs_16k/metaData_fma_large/row60586.csv
Execution time: 24.951661825180054 seconds
metaTables/vocal_music_demucs_16k/metaData_fma_large/row60587.csv
Execution time: 23.632383108139038 seconds
metaTables/vocal_music_demucs_16k/metaData_fma_large/row60588.csv
Execution time: 23.814077854156494 seconds
metaTables/vocal_music_demucs_16k/metaData_fma_large/row60589.csv
Execution time: 23.616077184677124 seconds
metaTables/vocal_music_demucs_16k/metaData_fma_large/row60590.csv
Execution time: 23.89996886253357 seconds
metaTables/vocal_music_demucs_16k/metaData_fma_large/row60591.csv
Execution time: 23.61296272277832 seconds
metaTables/vocal_music_demucs_16k/metaData_fma_large/row60592.csv
Execution time: 24.560240268707275 seconds
metaTables/vocal_music_demucs_16k/metaData_fma_large/row60593.csv
Execution time: 23.77022957801819 seconds
metaTables/vocal_music_demucs_16k/metaData_fma_large/row60594.csv
Execution time: 23.298757314682007 seconds
metaTables/vocal_music_demucs_16k/metaData_fma_large/row60595.csv
Execution time: 23.47690987586975 seconds
metaTables/vocal_music_demucs_16k/metaData_fma_large/row60596.csv
Execution time: 24.193554878234863 seconds
metaTables/vocal_music_demucs_16k/metaData_fma_large/row60597.csv
Execution time: 24.017292261123657 seconds
metaTables/vocal_music_demucs_16k/metaData_fma_large/row60598.csv
Execution time: 24.382148265838623 seconds
metaTables/vocal_music_demucs_16k/metaData_fma_large/row60599.csv
Demucs voice recognition done!
