/ext3/demucs/lib/python3.9/site-packages/demucs/api.py:27: UserWarning: TorchAudio's global backend is now deprecated. Please enable distpatcher by setting `TORCHAUDIO_USE_BACKEND_DISPATCHER=1`, and specify backend when calling load/info/save function.
  import torchaudio as ta
2024-05-09 09:21:24.892132: I tensorflow/core/util/port.cc:113] oneDNN custom operations are on. You may see slightly different numerical results due to floating-point round-off errors from different computation orders. To turn them off, set the environment variable `TF_ENABLE_ONEDNN_OPTS=0`.
2024-05-09 09:21:25.502807: E external/local_xla/xla/stream_executor/cuda/cuda_dnn.cc:9261] Unable to register cuDNN factory: Attempting to register factory for plugin cuDNN when one has already been registered
2024-05-09 09:21:25.502844: E external/local_xla/xla/stream_executor/cuda/cuda_fft.cc:607] Unable to register cuFFT factory: Attempting to register factory for plugin cuFFT when one has already been registered
2024-05-09 09:21:25.572209: E external/local_xla/xla/stream_executor/cuda/cuda_blas.cc:1515] Unable to register cuBLAS factory: Attempting to register factory for plugin cuBLAS when one has already been registered
2024-05-09 09:21:25.638903: I tensorflow/core/platform/cpu_feature_guard.cc:182] This TensorFlow binary is optimized to use available CPU instructions in performance-critical operations.
To enable the following instructions: AVX2 AVX512F AVX512_VNNI FMA, in other operations, rebuild TensorFlow with the appropriate compiler flags.
2024-05-09 09:21:26.583619: W tensorflow/compiler/tf2tensorrt/utils/py_utils.cc:38] TF-TRT Warning: Could not find TensorRT
SKIPPING: metaTables/vocal_music_demucs_16k/metaData_fma_large/row45900.csv
SKIPPING: metaTables/vocal_music_demucs_16k/metaData_fma_large/row45901.csv
SKIPPING: metaTables/vocal_music_demucs_16k/metaData_fma_large/row45902.csv
SKIPPING: metaTables/vocal_music_demucs_16k/metaData_fma_large/row45903.csv
SKIPPING: metaTables/vocal_music_demucs_16k/metaData_fma_large/row45904.csv
SKIPPING: metaTables/vocal_music_demucs_16k/metaData_fma_large/row45905.csv
SKIPPING: metaTables/vocal_music_demucs_16k/metaData_fma_large/row45906.csv
SKIPPING: metaTables/vocal_music_demucs_16k/metaData_fma_large/row45907.csv
SKIPPING: metaTables/vocal_music_demucs_16k/metaData_fma_large/row45908.csv
SKIPPING: metaTables/vocal_music_demucs_16k/metaData_fma_large/row45909.csv
SKIPPING: metaTables/vocal_music_demucs_16k/metaData_fma_large/row45910.csv
SKIPPING: metaTables/vocal_music_demucs_16k/metaData_fma_large/row45911.csv
SKIPPING: metaTables/vocal_music_demucs_16k/metaData_fma_large/row45912.csv
SKIPPING: metaTables/vocal_music_demucs_16k/metaData_fma_large/row45913.csv
SKIPPING: metaTables/vocal_music_demucs_16k/metaData_fma_large/row45914.csv
SKIPPING: metaTables/vocal_music_demucs_16k/metaData_fma_large/row45915.csv
SKIPPING: metaTables/vocal_music_demucs_16k/metaData_fma_large/row45916.csv
SKIPPING: metaTables/vocal_music_demucs_16k/metaData_fma_large/row45917.csv
SKIPPING: metaTables/vocal_music_demucs_16k/metaData_fma_large/row45918.csv
SKIPPING: metaTables/vocal_music_demucs_16k/metaData_fma_large/row45919.csv
SKIPPING: metaTables/vocal_music_demucs_16k/metaData_fma_large/row45920.csv
SKIPPING: metaTables/vocal_music_demucs_16k/metaData_fma_large/row45921.csv
SKIPPING: metaTables/vocal_music_demucs_16k/metaData_fma_large/row45922.csv
SKIPPING: metaTables/vocal_music_demucs_16k/metaData_fma_large/row45923.csv
SKIPPING: metaTables/vocal_music_demucs_16k/metaData_fma_large/row45924.csv
SKIPPING: metaTables/vocal_music_demucs_16k/metaData_fma_large/row45925.csv
SKIPPING: metaTables/vocal_music_demucs_16k/metaData_fma_large/row45926.csv
SKIPPING: metaTables/vocal_music_demucs_16k/metaData_fma_large/row45927.csv
SKIPPING: metaTables/vocal_music_demucs_16k/metaData_fma_large/row45928.csv
SKIPPING: metaTables/vocal_music_demucs_16k/metaData_fma_large/row45929.csv
SKIPPING: metaTables/vocal_music_demucs_16k/metaData_fma_large/row45930.csv
SKIPPING: metaTables/vocal_music_demucs_16k/metaData_fma_large/row45931.csv
SKIPPING: metaTables/vocal_music_demucs_16k/metaData_fma_large/row45932.csv
SKIPPING: metaTables/vocal_music_demucs_16k/metaData_fma_large/row45933.csv
SKIPPING: metaTables/vocal_music_demucs_16k/metaData_fma_large/row45934.csv
SKIPPING: metaTables/vocal_music_demucs_16k/metaData_fma_large/row45935.csv
SKIPPING: metaTables/vocal_music_demucs_16k/metaData_fma_large/row45936.csv
SKIPPING: metaTables/vocal_music_demucs_16k/metaData_fma_large/row45937.csv
SKIPPING: metaTables/vocal_music_demucs_16k/metaData_fma_large/row45938.csv
SKIPPING: metaTables/vocal_music_demucs_16k/metaData_fma_large/row45939.csv
SKIPPING: metaTables/vocal_music_demucs_16k/metaData_fma_large/row45940.csv
SKIPPING: metaTables/vocal_music_demucs_16k/metaData_fma_large/row45941.csv
SKIPPING: metaTables/vocal_music_demucs_16k/metaData_fma_large/row45942.csv
SKIPPING: metaTables/vocal_music_demucs_16k/metaData_fma_large/row45943.csv
SKIPPING: metaTables/vocal_music_demucs_16k/metaData_fma_large/row45944.csv
SKIPPING: metaTables/vocal_music_demucs_16k/metaData_fma_large/row45945.csv
SKIPPING: metaTables/vocal_music_demucs_16k/metaData_fma_large/row45946.csv
SKIPPING: metaTables/vocal_music_demucs_16k/metaData_fma_large/row45947.csv
SKIPPING: metaTables/vocal_music_demucs_16k/metaData_fma_large/row45948.csv
SKIPPING: metaTables/vocal_music_demucs_16k/metaData_fma_large/row45949.csv
SKIPPING: metaTables/vocal_music_demucs_16k/metaData_fma_large/row45950.csv
SKIPPING: metaTables/vocal_music_demucs_16k/metaData_fma_large/row45951.csv
SKIPPING: metaTables/vocal_music_demucs_16k/metaData_fma_large/row45952.csv
SKIPPING: metaTables/vocal_music_demucs_16k/metaData_fma_large/row45953.csv
SKIPPING: metaTables/vocal_music_demucs_16k/metaData_fma_large/row45954.csv
SKIPPING: metaTables/vocal_music_demucs_16k/metaData_fma_large/row45955.csv
SKIPPING: metaTables/vocal_music_demucs_16k/metaData_fma_large/row45956.csv
SKIPPING: metaTables/vocal_music_demucs_16k/metaData_fma_large/row45957.csv
SKIPPING: metaTables/vocal_music_demucs_16k/metaData_fma_large/row45958.csv
SKIPPING: metaTables/vocal_music_demucs_16k/metaData_fma_large/row45959.csv
SKIPPING: metaTables/vocal_music_demucs_16k/metaData_fma_large/row45960.csv
SKIPPING: metaTables/vocal_music_demucs_16k/metaData_fma_large/row45961.csv
SKIPPING: metaTables/vocal_music_demucs_16k/metaData_fma_large/row45962.csv
SKIPPING: metaTables/vocal_music_demucs_16k/metaData_fma_large/row45963.csv
SKIPPING: metaTables/vocal_music_demucs_16k/metaData_fma_large/row45964.csv
SKIPPING: metaTables/vocal_music_demucs_16k/metaData_fma_large/row45965.csv
SKIPPING: metaTables/vocal_music_demucs_16k/metaData_fma_large/row45966.csv
SKIPPING: metaTables/vocal_music_demucs_16k/metaData_fma_large/row45967.csv
SKIPPING: metaTables/vocal_music_demucs_16k/metaData_fma_large/row45968.csv
SKIPPING: metaTables/vocal_music_demucs_16k/metaData_fma_large/row45969.csv
SKIPPING: metaTables/vocal_music_demucs_16k/metaData_fma_large/row45970.csv
SKIPPING: metaTables/vocal_music_demucs_16k/metaData_fma_large/row45971.csv
SKIPPING: metaTables/vocal_music_demucs_16k/metaData_fma_large/row45972.csv
SKIPPING: metaTables/vocal_music_demucs_16k/metaData_fma_large/row45973.csv
SKIPPING: metaTables/vocal_music_demucs_16k/metaData_fma_large/row45974.csv
SKIPPING: metaTables/vocal_music_demucs_16k/metaData_fma_large/row45975.csv
SKIPPING: metaTables/vocal_music_demucs_16k/metaData_fma_large/row45976.csv
SKIPPING: metaTables/vocal_music_demucs_16k/metaData_fma_large/row45977.csv
SKIPPING: metaTables/vocal_music_demucs_16k/metaData_fma_large/row45978.csv
SKIPPING: metaTables/vocal_music_demucs_16k/metaData_fma_large/row45979.csv
SKIPPING: metaTables/vocal_music_demucs_16k/metaData_fma_large/row45980.csv
SKIPPING: metaTables/vocal_music_demucs_16k/metaData_fma_large/row45981.csv
SKIPPING: metaTables/vocal_music_demucs_16k/metaData_fma_large/row45982.csv
SKIPPING: metaTables/vocal_music_demucs_16k/metaData_fma_large/row45983.csv
SKIPPING: metaTables/vocal_music_demucs_16k/metaData_fma_large/row45984.csv
SKIPPING: metaTables/vocal_music_demucs_16k/metaData_fma_large/row45985.csv
SKIPPING: metaTables/vocal_music_demucs_16k/metaData_fma_large/row45986.csv
SKIPPING: metaTables/vocal_music_demucs_16k/metaData_fma_large/row45987.csv
SKIPPING: metaTables/vocal_music_demucs_16k/metaData_fma_large/row45988.csv
SKIPPING: metaTables/vocal_music_demucs_16k/metaData_fma_large/row45989.csv
SKIPPING: metaTables/vocal_music_demucs_16k/metaData_fma_large/row45990.csv
SKIPPING: metaTables/vocal_music_demucs_16k/metaData_fma_large/row45991.csv
SKIPPING: metaTables/vocal_music_demucs_16k/metaData_fma_large/row45992.csv
SKIPPING: metaTables/vocal_music_demucs_16k/metaData_fma_large/row45993.csv
SKIPPING: metaTables/vocal_music_demucs_16k/metaData_fma_large/row45994.csv
SKIPPING: metaTables/vocal_music_demucs_16k/metaData_fma_large/row45995.csv
SKIPPING: metaTables/vocal_music_demucs_16k/metaData_fma_large/row45996.csv
SKIPPING: metaTables/vocal_music_demucs_16k/metaData_fma_large/row45997.csv
SKIPPING: metaTables/vocal_music_demucs_16k/metaData_fma_large/row45998.csv
SKIPPING: metaTables/vocal_music_demucs_16k/metaData_fma_large/row45999.csv
Demucs voice recognition done!
