/ext3/demucs/lib/python3.9/site-packages/demucs/api.py:27: UserWarning: TorchAudio's global backend is now deprecated. Please enable distpatcher by setting `TORCHAUDIO_USE_BACKEND_DISPATCHER=1`, and specify backend when calling load/info/save function.
  import torchaudio as ta
2024-05-08 23:36:03.835006: I tensorflow/core/util/port.cc:113] oneDNN custom operations are on. You may see slightly different numerical results due to floating-point round-off errors from different computation orders. To turn them off, set the environment variable `TF_ENABLE_ONEDNN_OPTS=0`.
2024-05-08 23:36:08.267189: E external/local_xla/xla/stream_executor/cuda/cuda_dnn.cc:9261] Unable to register cuDNN factory: Attempting to register factory for plugin cuDNN when one has already been registered
2024-05-08 23:36:08.267231: E external/local_xla/xla/stream_executor/cuda/cuda_fft.cc:607] Unable to register cuFFT factory: Attempting to register factory for plugin cuFFT when one has already been registered
2024-05-08 23:36:08.548843: E external/local_xla/xla/stream_executor/cuda/cuda_blas.cc:1515] Unable to register cuBLAS factory: Attempting to register factory for plugin cuBLAS when one has already been registered
2024-05-08 23:36:09.046958: I tensorflow/core/platform/cpu_feature_guard.cc:182] This TensorFlow binary is optimized to use available CPU instructions in performance-critical operations.
To enable the following instructions: AVX2 AVX512F AVX512_VNNI FMA, in other operations, rebuild TensorFlow with the appropriate compiler flags.
2024-05-08 23:36:12.510160: W tensorflow/compiler/tf2tensorrt/utils/py_utils.cc:38] TF-TRT Warning: Could not find TensorRT
[src/libmpg123/layer3.c:INT123_do_layer3():1771] error: part2_3_length (2560) too large for available bit count (2336)
[src/libmpg123/layer3.c:INT123_do_layer3():1771] error: part2_3_length (2560) too large for available bit count (2336)
Execution time: 29.974321842193604 seconds
metaTables/vocal_music_demucs_16k/metaData_fma_large/row21400.csv
Execution time: 25.8935284614563 seconds
metaTables/vocal_music_demucs_16k/metaData_fma_large/row21401.csv
Execution time: 26.563193559646606 seconds
metaTables/vocal_music_demucs_16k/metaData_fma_large/row21402.csv
Execution time: 27.251178979873657 seconds
metaTables/vocal_music_demucs_16k/metaData_fma_large/row21403.csv
Execution time: 26.43186354637146 seconds
metaTables/vocal_music_demucs_16k/metaData_fma_large/row21404.csv
Execution time: 26.55438256263733 seconds
metaTables/vocal_music_demucs_16k/metaData_fma_large/row21405.csv
Execution time: 27.999491453170776 seconds
metaTables/vocal_music_demucs_16k/metaData_fma_large/row21406.csv
Execution time: 25.78474712371826 seconds
metaTables/vocal_music_demucs_16k/metaData_fma_large/row21407.csv
Execution time: 27.452580451965332 seconds
metaTables/vocal_music_demucs_16k/metaData_fma_large/row21408.csv
Execution time: 25.35811948776245 seconds
metaTables/vocal_music_demucs_16k/metaData_fma_large/row21409.csv
Execution time: 26.598410844802856 seconds
metaTables/vocal_music_demucs_16k/metaData_fma_large/row21410.csv
Execution time: 25.562443494796753 seconds
metaTables/vocal_music_demucs_16k/metaData_fma_large/row21411.csv
Execution time: 26.880590677261353 seconds
metaTables/vocal_music_demucs_16k/metaData_fma_large/row21412.csv
Execution time: 26.09720492362976 seconds
metaTables/vocal_music_demucs_16k/metaData_fma_large/row21413.csv
Execution time: 26.68291473388672 seconds
metaTables/vocal_music_demucs_16k/metaData_fma_large/row21414.csv
Execution time: 26.137372493743896 seconds
metaTables/vocal_music_demucs_16k/metaData_fma_large/row21415.csv
Execution time: 26.387264251708984 seconds
metaTables/vocal_music_demucs_16k/metaData_fma_large/row21416.csv
Execution time: 25.903656244277954 seconds
metaTables/vocal_music_demucs_16k/metaData_fma_large/row21417.csv
Execution time: 26.07756805419922 seconds
metaTables/vocal_music_demucs_16k/metaData_fma_large/row21418.csv
Execution time: 26.301177263259888 seconds
metaTables/vocal_music_demucs_16k/metaData_fma_large/row21419.csv
Execution time: 26.398624420166016 seconds
metaTables/vocal_music_demucs_16k/metaData_fma_large/row21420.csv
Execution time: 26.229677438735962 seconds
metaTables/vocal_music_demucs_16k/metaData_fma_large/row21421.csv
Execution time: 27.535621643066406 seconds
metaTables/vocal_music_demucs_16k/metaData_fma_large/row21422.csv
Execution time: 27.934381008148193 seconds
metaTables/vocal_music_demucs_16k/metaData_fma_large/row21423.csv
Execution time: 26.596883535385132 seconds
metaTables/vocal_music_demucs_16k/metaData_fma_large/row21424.csv
Execution time: 26.847161531448364 seconds
metaTables/vocal_music_demucs_16k/metaData_fma_large/row21425.csv
Execution time: 25.24920129776001 seconds
metaTables/vocal_music_demucs_16k/metaData_fma_large/row21426.csv
Execution time: 26.814836740493774 seconds
metaTables/vocal_music_demucs_16k/metaData_fma_large/row21427.csv
Execution time: 26.33262324333191 seconds
metaTables/vocal_music_demucs_16k/metaData_fma_large/row21428.csv
Execution time: 26.412578582763672 seconds
metaTables/vocal_music_demucs_16k/metaData_fma_large/row21429.csv
Execution time: 26.569958925247192 seconds
metaTables/vocal_music_demucs_16k/metaData_fma_large/row21430.csv
Execution time: 26.483161687850952 seconds
metaTables/vocal_music_demucs_16k/metaData_fma_large/row21431.csv
Execution time: 26.373472690582275 seconds
metaTables/vocal_music_demucs_16k/metaData_fma_large/row21432.csv
Execution time: 25.85513687133789 seconds
metaTables/vocal_music_demucs_16k/metaData_fma_large/row21433.csv
Execution time: 26.427173614501953 seconds
metaTables/vocal_music_demucs_16k/metaData_fma_large/row21434.csv
Execution time: 25.89207887649536 seconds
metaTables/vocal_music_demucs_16k/metaData_fma_large/row21435.csv
Execution time: 26.274043083190918 seconds
metaTables/vocal_music_demucs_16k/metaData_fma_large/row21436.csv
Execution time: 24.936787366867065 seconds
metaTables/vocal_music_demucs_16k/metaData_fma_large/row21437.csv
Execution time: 26.34669065475464 seconds
metaTables/vocal_music_demucs_16k/metaData_fma_large/row21438.csv
Execution time: 27.107558488845825 seconds
metaTables/vocal_music_demucs_16k/metaData_fma_large/row21439.csv
Execution time: 27.046756744384766 seconds
metaTables/vocal_music_demucs_16k/metaData_fma_large/row21440.csv
Execution time: 26.85198974609375 seconds
metaTables/vocal_music_demucs_16k/metaData_fma_large/row21441.csv
Execution time: 27.717500686645508 seconds
metaTables/vocal_music_demucs_16k/metaData_fma_large/row21442.csv
Execution time: 25.31874656677246 seconds
metaTables/vocal_music_demucs_16k/metaData_fma_large/row21443.csv
Execution time: 26.940877676010132 seconds
metaTables/vocal_music_demucs_16k/metaData_fma_large/row21444.csv
Execution time: 25.290928602218628 seconds
metaTables/vocal_music_demucs_16k/metaData_fma_large/row21445.csv
Execution time: 26.686418771743774 seconds
metaTables/vocal_music_demucs_16k/metaData_fma_large/row21446.csv
Execution time: 17.483513832092285 seconds
metaTables/vocal_music_demucs_16k/metaData_fma_large/row21447.csv
Execution time: 26.08460521697998 seconds
metaTables/vocal_music_demucs_16k/metaData_fma_large/row21448.csv
Execution time: 27.40249276161194 seconds
metaTables/vocal_music_demucs_16k/metaData_fma_large/row21449.csv
Execution time: 25.832441091537476 seconds
metaTables/vocal_music_demucs_16k/metaData_fma_large/row21450.csv
Execution time: 25.459049463272095 seconds
metaTables/vocal_music_demucs_16k/metaData_fma_large/row21451.csv
Execution time: 25.901817321777344 seconds
metaTables/vocal_music_demucs_16k/metaData_fma_large/row21452.csv
Execution time: 25.724231004714966 seconds
metaTables/vocal_music_demucs_16k/metaData_fma_large/row21453.csv
Execution time: 26.186355352401733 seconds
metaTables/vocal_music_demucs_16k/metaData_fma_large/row21454.csv
Execution time: 27.575708150863647 seconds
metaTables/vocal_music_demucs_16k/metaData_fma_large/row21455.csv
Execution time: 25.701112270355225 seconds
metaTables/vocal_music_demucs_16k/metaData_fma_large/row21456.csv
Execution time: 25.924960374832153 seconds
metaTables/vocal_music_demucs_16k/metaData_fma_large/row21457.csv
Execution time: 25.2822368144989 seconds
metaTables/vocal_music_demucs_16k/metaData_fma_large/row21458.csv
Execution time: 25.173455238342285 seconds
metaTables/vocal_music_demucs_16k/metaData_fma_large/row21459.csv
Execution time: 26.48639750480652 seconds
metaTables/vocal_music_demucs_16k/metaData_fma_large/row21460.csv
Execution time: 25.968965768814087 seconds
metaTables/vocal_music_demucs_16k/metaData_fma_large/row21461.csv
Execution time: 25.296751260757446 seconds
metaTables/vocal_music_demucs_16k/metaData_fma_large/row21462.csv
Execution time: 28.115915775299072 seconds
metaTables/vocal_music_demucs_16k/metaData_fma_large/row21463.csv
Execution time: 28.086315870285034 seconds
metaTables/vocal_music_demucs_16k/metaData_fma_large/row21464.csv
Execution time: 26.15489912033081 seconds
metaTables/vocal_music_demucs_16k/metaData_fma_large/row21465.csv
Execution time: 26.862239360809326 seconds
metaTables/vocal_music_demucs_16k/metaData_fma_large/row21466.csv
Execution time: 26.496142864227295 seconds
metaTables/vocal_music_demucs_16k/metaData_fma_large/row21467.csv
Execution time: 27.00383949279785 seconds
metaTables/vocal_music_demucs_16k/metaData_fma_large/row21468.csv
Execution time: 26.834258556365967 seconds
metaTables/vocal_music_demucs_16k/metaData_fma_large/row21469.csv
Execution time: 26.960347652435303 seconds
metaTables/vocal_music_demucs_16k/metaData_fma_large/row21470.csv
Execution time: 26.540082931518555 seconds
metaTables/vocal_music_demucs_16k/metaData_fma_large/row21471.csv
Execution time: 26.277599573135376 seconds
metaTables/vocal_music_demucs_16k/metaData_fma_large/row21472.csv
Execution time: 26.749542713165283 seconds
metaTables/vocal_music_demucs_16k/metaData_fma_large/row21473.csv
Execution time: 26.782731533050537 seconds
metaTables/vocal_music_demucs_16k/metaData_fma_large/row21474.csv
Execution time: 26.285261869430542 seconds
metaTables/vocal_music_demucs_16k/metaData_fma_large/row21475.csv
Execution time: 26.219118118286133 seconds
metaTables/vocal_music_demucs_16k/metaData_fma_large/row21476.csv
Execution time: 26.76213526725769 seconds
metaTables/vocal_music_demucs_16k/metaData_fma_large/row21477.csv
Execution time: 26.298604488372803 seconds
metaTables/vocal_music_demucs_16k/metaData_fma_large/row21478.csv
Execution time: 26.120343685150146 seconds
metaTables/vocal_music_demucs_16k/metaData_fma_large/row21479.csv
Execution time: 26.14381718635559 seconds
metaTables/vocal_music_demucs_16k/metaData_fma_large/row21480.csv
Execution time: 27.21157932281494 seconds
metaTables/vocal_music_demucs_16k/metaData_fma_large/row21481.csv
Execution time: 26.0375497341156 seconds
metaTables/vocal_music_demucs_16k/metaData_fma_large/row21482.csv
Execution time: 26.04844331741333 seconds
metaTables/vocal_music_demucs_16k/metaData_fma_large/row21483.csv
Execution time: 25.338863134384155 seconds
metaTables/vocal_music_demucs_16k/metaData_fma_large/row21484.csv
Execution time: 25.70986843109131 seconds
metaTables/vocal_music_demucs_16k/metaData_fma_large/row21485.csv
Execution time: 27.146810293197632 seconds
metaTables/vocal_music_demucs_16k/metaData_fma_large/row21486.csv
Execution time: 26.646270990371704 seconds
metaTables/vocal_music_demucs_16k/metaData_fma_large/row21487.csv
Execution time: 26.268446683883667 seconds
metaTables/vocal_music_demucs_16k/metaData_fma_large/row21488.csv
Execution time: 26.411874294281006 seconds
metaTables/vocal_music_demucs_16k/metaData_fma_large/row21489.csv
Execution time: 26.116164922714233 seconds
metaTables/vocal_music_demucs_16k/metaData_fma_large/row21490.csv
Execution time: 25.879590034484863 seconds
metaTables/vocal_music_demucs_16k/metaData_fma_large/row21491.csv
Execution time: 19.520708799362183 seconds
metaTables/vocal_music_demucs_16k/metaData_fma_large/row21492.csv
Execution time: 25.81205701828003 seconds
metaTables/vocal_music_demucs_16k/metaData_fma_large/row21493.csv
Execution time: 26.09346079826355 seconds
metaTables/vocal_music_demucs_16k/metaData_fma_large/row21494.csv
Execution time: 26.55096411705017 seconds
metaTables/vocal_music_demucs_16k/metaData_fma_large/row21495.csv
Execution time: 26.775232315063477 seconds
metaTables/vocal_music_demucs_16k/metaData_fma_large/row21496.csv
Execution time: 26.819091796875 seconds
metaTables/vocal_music_demucs_16k/metaData_fma_large/row21497.csv
Execution time: 26.36656403541565 seconds
metaTables/vocal_music_demucs_16k/metaData_fma_large/row21498.csv
Execution time: 25.50275707244873 seconds
metaTables/vocal_music_demucs_16k/metaData_fma_large/row21499.csv
Demucs voice recognition done!
