/ext3/demucs/lib/python3.9/site-packages/demucs/api.py:27: UserWarning: TorchAudio's global backend is now deprecated. Please enable distpatcher by setting `TORCHAUDIO_USE_BACKEND_DISPATCHER=1`, and specify backend when calling load/info/save function.
  import torchaudio as ta
2024-05-09 00:19:30.640946: I tensorflow/core/util/port.cc:113] oneDNN custom operations are on. You may see slightly different numerical results due to floating-point round-off errors from different computation orders. To turn them off, set the environment variable `TF_ENABLE_ONEDNN_OPTS=0`.
2024-05-09 00:19:33.321252: E external/local_xla/xla/stream_executor/cuda/cuda_dnn.cc:9261] Unable to register cuDNN factory: Attempting to register factory for plugin cuDNN when one has already been registered
2024-05-09 00:19:33.321294: E external/local_xla/xla/stream_executor/cuda/cuda_fft.cc:607] Unable to register cuFFT factory: Attempting to register factory for plugin cuFFT when one has already been registered
2024-05-09 00:19:33.786647: E external/local_xla/xla/stream_executor/cuda/cuda_blas.cc:1515] Unable to register cuBLAS factory: Attempting to register factory for plugin cuBLAS when one has already been registered
2024-05-09 00:19:33.937662: I tensorflow/core/platform/cpu_feature_guard.cc:182] This TensorFlow binary is optimized to use available CPU instructions in performance-critical operations.
To enable the following instructions: AVX2 AVX512F AVX512_VNNI FMA, in other operations, rebuild TensorFlow with the appropriate compiler flags.
2024-05-09 00:19:37.367865: W tensorflow/compiler/tf2tensorrt/utils/py_utils.cc:38] TF-TRT Warning: Could not find TensorRT
Execution time: 29.684030771255493 seconds
metaTables/vocal_music_demucs_16k/metaData_fma_large/row91000.csv
Execution time: 28.00942587852478 seconds
metaTables/vocal_music_demucs_16k/metaData_fma_large/row91001.csv
Execution time: 27.37213897705078 seconds
metaTables/vocal_music_demucs_16k/metaData_fma_large/row91002.csv
Execution time: 27.20107650756836 seconds
metaTables/vocal_music_demucs_16k/metaData_fma_large/row91003.csv
Execution time: 28.352805376052856 seconds
metaTables/vocal_music_demucs_16k/metaData_fma_large/row91004.csv
Execution time: 27.845139265060425 seconds
metaTables/vocal_music_demucs_16k/metaData_fma_large/row91005.csv
Execution time: 28.023610591888428 seconds
metaTables/vocal_music_demucs_16k/metaData_fma_large/row91006.csv
Execution time: 28.765875816345215 seconds
metaTables/vocal_music_demucs_16k/metaData_fma_large/row91007.csv
Execution time: 27.86193871498108 seconds
metaTables/vocal_music_demucs_16k/metaData_fma_large/row91008.csv
Execution time: 27.291110038757324 seconds
metaTables/vocal_music_demucs_16k/metaData_fma_large/row91009.csv
Execution time: 27.664462566375732 seconds
metaTables/vocal_music_demucs_16k/metaData_fma_large/row91010.csv
Execution time: 27.934489011764526 seconds
metaTables/vocal_music_demucs_16k/metaData_fma_large/row91011.csv
Execution time: 26.472585439682007 seconds
metaTables/vocal_music_demucs_16k/metaData_fma_large/row91012.csv
Execution time: 27.637585163116455 seconds
metaTables/vocal_music_demucs_16k/metaData_fma_large/row91013.csv
Execution time: 27.31077790260315 seconds
metaTables/vocal_music_demucs_16k/metaData_fma_large/row91014.csv
Execution time: 27.017465591430664 seconds
metaTables/vocal_music_demucs_16k/metaData_fma_large/row91015.csv
Execution time: 26.916013956069946 seconds
metaTables/vocal_music_demucs_16k/metaData_fma_large/row91016.csv
Execution time: 28.574439525604248 seconds
metaTables/vocal_music_demucs_16k/metaData_fma_large/row91017.csv
Execution time: 27.716163635253906 seconds
metaTables/vocal_music_demucs_16k/metaData_fma_large/row91018.csv
Execution time: 28.12120819091797 seconds
metaTables/vocal_music_demucs_16k/metaData_fma_large/row91019.csv
Execution time: 27.509486198425293 seconds
metaTables/vocal_music_demucs_16k/metaData_fma_large/row91020.csv
Execution time: 26.871443271636963 seconds
metaTables/vocal_music_demucs_16k/metaData_fma_large/row91021.csv
Execution time: 28.211524724960327 seconds
metaTables/vocal_music_demucs_16k/metaData_fma_large/row91022.csv
Execution time: 27.63534140586853 seconds
metaTables/vocal_music_demucs_16k/metaData_fma_large/row91023.csv
Execution time: 28.558642864227295 seconds
metaTables/vocal_music_demucs_16k/metaData_fma_large/row91024.csv
Execution time: 27.218984842300415 seconds
metaTables/vocal_music_demucs_16k/metaData_fma_large/row91025.csv
Execution time: 27.356035232543945 seconds
metaTables/vocal_music_demucs_16k/metaData_fma_large/row91026.csv
Execution time: 27.351959943771362 seconds
metaTables/vocal_music_demucs_16k/metaData_fma_large/row91027.csv
Execution time: 27.55140519142151 seconds
metaTables/vocal_music_demucs_16k/metaData_fma_large/row91028.csv
Execution time: 27.85954236984253 seconds
metaTables/vocal_music_demucs_16k/metaData_fma_large/row91029.csv
Execution time: 26.98189640045166 seconds
metaTables/vocal_music_demucs_16k/metaData_fma_large/row91030.csv
Execution time: 27.63350248336792 seconds
metaTables/vocal_music_demucs_16k/metaData_fma_large/row91031.csv
Execution time: 27.12121057510376 seconds
metaTables/vocal_music_demucs_16k/metaData_fma_large/row91032.csv
Execution time: 27.95465350151062 seconds
metaTables/vocal_music_demucs_16k/metaData_fma_large/row91033.csv
Execution time: 27.007164239883423 seconds
metaTables/vocal_music_demucs_16k/metaData_fma_large/row91034.csv
Execution time: 26.22389531135559 seconds
metaTables/vocal_music_demucs_16k/metaData_fma_large/row91035.csv
Execution time: 27.88276243209839 seconds
metaTables/vocal_music_demucs_16k/metaData_fma_large/row91036.csv
Execution time: 27.21035671234131 seconds
metaTables/vocal_music_demucs_16k/metaData_fma_large/row91037.csv
Execution time: 27.868338584899902 seconds
metaTables/vocal_music_demucs_16k/metaData_fma_large/row91038.csv
Execution time: 28.599502086639404 seconds
metaTables/vocal_music_demucs_16k/metaData_fma_large/row91039.csv
Execution time: 27.732008457183838 seconds
metaTables/vocal_music_demucs_16k/metaData_fma_large/row91040.csv
Execution time: 27.346081972122192 seconds
metaTables/vocal_music_demucs_16k/metaData_fma_large/row91041.csv
Execution time: 28.050366401672363 seconds
metaTables/vocal_music_demucs_16k/metaData_fma_large/row91042.csv
Execution time: 28.526736974716187 seconds
metaTables/vocal_music_demucs_16k/metaData_fma_large/row91043.csv
Execution time: 27.44962430000305 seconds
metaTables/vocal_music_demucs_16k/metaData_fma_large/row91044.csv
Execution time: 28.538384914398193 seconds
metaTables/vocal_music_demucs_16k/metaData_fma_large/row91045.csv
Execution time: 27.831862926483154 seconds
metaTables/vocal_music_demucs_16k/metaData_fma_large/row91046.csv
Execution time: 29.12468147277832 seconds
metaTables/vocal_music_demucs_16k/metaData_fma_large/row91047.csv
Execution time: 28.790332317352295 seconds
metaTables/vocal_music_demucs_16k/metaData_fma_large/row91048.csv
Execution time: 28.53975510597229 seconds
metaTables/vocal_music_demucs_16k/metaData_fma_large/row91049.csv
Execution time: 28.306440353393555 seconds
metaTables/vocal_music_demucs_16k/metaData_fma_large/row91050.csv
Execution time: 26.826659679412842 seconds
metaTables/vocal_music_demucs_16k/metaData_fma_large/row91051.csv
Execution time: 27.77248764038086 seconds
metaTables/vocal_music_demucs_16k/metaData_fma_large/row91052.csv
Execution time: 27.35819411277771 seconds
metaTables/vocal_music_demucs_16k/metaData_fma_large/row91053.csv
Execution time: 27.765172004699707 seconds
metaTables/vocal_music_demucs_16k/metaData_fma_large/row91054.csv
Execution time: 27.174524068832397 seconds
metaTables/vocal_music_demucs_16k/metaData_fma_large/row91055.csv
Execution time: 29.36081552505493 seconds
metaTables/vocal_music_demucs_16k/metaData_fma_large/row91056.csv
Execution time: 24.665473222732544 seconds
metaTables/vocal_music_demucs_16k/metaData_fma_large/row91057.csv
Execution time: 25.8755464553833 seconds
metaTables/vocal_music_demucs_16k/metaData_fma_large/row91058.csv
Execution time: 27.949820518493652 seconds
metaTables/vocal_music_demucs_16k/metaData_fma_large/row91059.csv
Execution time: 29.685508966445923 seconds
metaTables/vocal_music_demucs_16k/metaData_fma_large/row91060.csv
Execution time: 28.264184951782227 seconds
metaTables/vocal_music_demucs_16k/metaData_fma_large/row91061.csv
Execution time: 27.797600984573364 seconds
metaTables/vocal_music_demucs_16k/metaData_fma_large/row91062.csv
Execution time: 27.90030002593994 seconds
metaTables/vocal_music_demucs_16k/metaData_fma_large/row91063.csv
Execution time: 27.831257104873657 seconds
metaTables/vocal_music_demucs_16k/metaData_fma_large/row91064.csv
Execution time: 27.557907581329346 seconds
metaTables/vocal_music_demucs_16k/metaData_fma_large/row91065.csv
Execution time: 27.196550130844116 seconds
metaTables/vocal_music_demucs_16k/metaData_fma_large/row91066.csv
Execution time: 27.731828212738037 seconds
metaTables/vocal_music_demucs_16k/metaData_fma_large/row91067.csv
Execution time: 28.207128763198853 seconds
metaTables/vocal_music_demucs_16k/metaData_fma_large/row91068.csv
Execution time: 27.217809438705444 seconds
metaTables/vocal_music_demucs_16k/metaData_fma_large/row91069.csv
Execution time: 27.16727876663208 seconds
metaTables/vocal_music_demucs_16k/metaData_fma_large/row91070.csv
Execution time: 27.850629806518555 seconds
metaTables/vocal_music_demucs_16k/metaData_fma_large/row91071.csv
Execution time: 28.727089643478394 seconds
metaTables/vocal_music_demucs_16k/metaData_fma_large/row91072.csv
Execution time: 28.483744144439697 seconds
metaTables/vocal_music_demucs_16k/metaData_fma_large/row91073.csv
Execution time: 27.228033542633057 seconds
metaTables/vocal_music_demucs_16k/metaData_fma_large/row91074.csv
Execution time: 27.722594261169434 seconds
metaTables/vocal_music_demucs_16k/metaData_fma_large/row91075.csv
Execution time: 28.034597396850586 seconds
metaTables/vocal_music_demucs_16k/metaData_fma_large/row91076.csv
Execution time: 27.056243658065796 seconds
metaTables/vocal_music_demucs_16k/metaData_fma_large/row91077.csv
Execution time: 27.333237648010254 seconds
metaTables/vocal_music_demucs_16k/metaData_fma_large/row91078.csv
Execution time: 27.945544958114624 seconds
metaTables/vocal_music_demucs_16k/metaData_fma_large/row91079.csv
Execution time: 28.013060092926025 seconds
metaTables/vocal_music_demucs_16k/metaData_fma_large/row91080.csv
Execution time: 28.491217374801636 seconds
metaTables/vocal_music_demucs_16k/metaData_fma_large/row91081.csv
Execution time: 27.557138442993164 seconds
metaTables/vocal_music_demucs_16k/metaData_fma_large/row91082.csv
Execution time: 27.574384212493896 seconds
metaTables/vocal_music_demucs_16k/metaData_fma_large/row91083.csv
Execution time: 27.724504947662354 seconds
metaTables/vocal_music_demucs_16k/metaData_fma_large/row91084.csv
Execution time: 28.383567333221436 seconds
metaTables/vocal_music_demucs_16k/metaData_fma_large/row91085.csv
Execution time: 27.550206661224365 seconds
metaTables/vocal_music_demucs_16k/metaData_fma_large/row91086.csv
Execution time: 26.968918800354004 seconds
metaTables/vocal_music_demucs_16k/metaData_fma_large/row91087.csv
Execution time: 27.171902656555176 seconds
metaTables/vocal_music_demucs_16k/metaData_fma_large/row91088.csv
Execution time: 27.715848207473755 seconds
metaTables/vocal_music_demucs_16k/metaData_fma_large/row91089.csv
Execution time: 26.379492044448853 seconds
metaTables/vocal_music_demucs_16k/metaData_fma_large/row91090.csv
Execution time: 27.811384201049805 seconds
metaTables/vocal_music_demucs_16k/metaData_fma_large/row91091.csv
Execution time: 27.764533519744873 seconds
metaTables/vocal_music_demucs_16k/metaData_fma_large/row91092.csv
Execution time: 27.62181329727173 seconds
metaTables/vocal_music_demucs_16k/metaData_fma_large/row91093.csv
Execution time: 27.4447238445282 seconds
metaTables/vocal_music_demucs_16k/metaData_fma_large/row91094.csv
Execution time: 27.50205707550049 seconds
metaTables/vocal_music_demucs_16k/metaData_fma_large/row91095.csv
Execution time: 29.653586387634277 seconds
metaTables/vocal_music_demucs_16k/metaData_fma_large/row91096.csv
Execution time: 26.72542643547058 seconds
metaTables/vocal_music_demucs_16k/metaData_fma_large/row91097.csv
Execution time: 26.618969678878784 seconds
metaTables/vocal_music_demucs_16k/metaData_fma_large/row91098.csv
Execution time: 24.257550477981567 seconds
metaTables/vocal_music_demucs_16k/metaData_fma_large/row91099.csv
Demucs voice recognition done!
