/ext3/demucs/lib/python3.9/site-packages/demucs/api.py:27: UserWarning: TorchAudio's global backend is now deprecated. Please enable distpatcher by setting `TORCHAUDIO_USE_BACKEND_DISPATCHER=1`, and specify backend when calling load/info/save function.
  import torchaudio as ta
2024-05-09 00:18:16.809012: I tensorflow/core/util/port.cc:113] oneDNN custom operations are on. You may see slightly different numerical results due to floating-point round-off errors from different computation orders. To turn them off, set the environment variable `TF_ENABLE_ONEDNN_OPTS=0`.
2024-05-09 00:18:17.850223: E external/local_xla/xla/stream_executor/cuda/cuda_dnn.cc:9261] Unable to register cuDNN factory: Attempting to register factory for plugin cuDNN when one has already been registered
2024-05-09 00:18:17.850267: E external/local_xla/xla/stream_executor/cuda/cuda_fft.cc:607] Unable to register cuFFT factory: Attempting to register factory for plugin cuFFT when one has already been registered
2024-05-09 00:18:18.167927: E external/local_xla/xla/stream_executor/cuda/cuda_blas.cc:1515] Unable to register cuBLAS factory: Attempting to register factory for plugin cuBLAS when one has already been registered
2024-05-09 00:18:18.239257: I tensorflow/core/platform/cpu_feature_guard.cc:182] This TensorFlow binary is optimized to use available CPU instructions in performance-critical operations.
To enable the following instructions: AVX2 AVX512F AVX512_VNNI FMA, in other operations, rebuild TensorFlow with the appropriate compiler flags.
2024-05-09 00:18:19.284150: W tensorflow/compiler/tf2tensorrt/utils/py_utils.cc:38] TF-TRT Warning: Could not find TensorRT
Execution time: 30.97816014289856 seconds
metaTables/vocal_music_demucs_16k/metaData_fma_large/row84600.csv
Execution time: 27.474172592163086 seconds
metaTables/vocal_music_demucs_16k/metaData_fma_large/row84601.csv
Execution time: 29.314850568771362 seconds
metaTables/vocal_music_demucs_16k/metaData_fma_large/row84602.csv
Execution time: 29.126323461532593 seconds
metaTables/vocal_music_demucs_16k/metaData_fma_large/row84603.csv
Execution time: 29.38026213645935 seconds
metaTables/vocal_music_demucs_16k/metaData_fma_large/row84604.csv
Execution time: 28.664883852005005 seconds
metaTables/vocal_music_demucs_16k/metaData_fma_large/row84605.csv
Execution time: 28.419302463531494 seconds
metaTables/vocal_music_demucs_16k/metaData_fma_large/row84606.csv
Execution time: 28.125908613204956 seconds
metaTables/vocal_music_demucs_16k/metaData_fma_large/row84607.csv
Execution time: 27.726837873458862 seconds
metaTables/vocal_music_demucs_16k/metaData_fma_large/row84608.csv
Execution time: 28.71141505241394 seconds
metaTables/vocal_music_demucs_16k/metaData_fma_large/row84609.csv
Execution time: 28.313172817230225 seconds
metaTables/vocal_music_demucs_16k/metaData_fma_large/row84610.csv
Execution time: 27.797584772109985 seconds
metaTables/vocal_music_demucs_16k/metaData_fma_large/row84611.csv
Execution time: 27.849849224090576 seconds
metaTables/vocal_music_demucs_16k/metaData_fma_large/row84612.csv
Execution time: 28.59792470932007 seconds
metaTables/vocal_music_demucs_16k/metaData_fma_large/row84613.csv
Execution time: 28.55134606361389 seconds
metaTables/vocal_music_demucs_16k/metaData_fma_large/row84614.csv
Execution time: 28.31529664993286 seconds
metaTables/vocal_music_demucs_16k/metaData_fma_large/row84615.csv
Execution time: 29.18855595588684 seconds
metaTables/vocal_music_demucs_16k/metaData_fma_large/row84616.csv
Execution time: 28.848106861114502 seconds
metaTables/vocal_music_demucs_16k/metaData_fma_large/row84617.csv
Execution time: 28.946332931518555 seconds
metaTables/vocal_music_demucs_16k/metaData_fma_large/row84618.csv
Execution time: 30.409878969192505 seconds
metaTables/vocal_music_demucs_16k/metaData_fma_large/row84619.csv
Execution time: 29.373734951019287 seconds
metaTables/vocal_music_demucs_16k/metaData_fma_large/row84620.csv
Execution time: 28.941356897354126 seconds
metaTables/vocal_music_demucs_16k/metaData_fma_large/row84621.csv
Execution time: 29.027547597885132 seconds
metaTables/vocal_music_demucs_16k/metaData_fma_large/row84622.csv
Execution time: 28.472326278686523 seconds
metaTables/vocal_music_demucs_16k/metaData_fma_large/row84623.csv
Execution time: 27.897675275802612 seconds
metaTables/vocal_music_demucs_16k/metaData_fma_large/row84624.csv
Execution time: 27.937642812728882 seconds
metaTables/vocal_music_demucs_16k/metaData_fma_large/row84625.csv
Execution time: 28.65416121482849 seconds
metaTables/vocal_music_demucs_16k/metaData_fma_large/row84626.csv
Execution time: 28.027413845062256 seconds
metaTables/vocal_music_demucs_16k/metaData_fma_large/row84627.csv
Execution time: 28.613561868667603 seconds
metaTables/vocal_music_demucs_16k/metaData_fma_large/row84628.csv
Execution time: 28.606250286102295 seconds
metaTables/vocal_music_demucs_16k/metaData_fma_large/row84629.csv
Execution time: 29.38101840019226 seconds
metaTables/vocal_music_demucs_16k/metaData_fma_large/row84630.csv
Execution time: 28.776793956756592 seconds
metaTables/vocal_music_demucs_16k/metaData_fma_large/row84631.csv
Execution time: 29.38875126838684 seconds
metaTables/vocal_music_demucs_16k/metaData_fma_large/row84632.csv
Execution time: 28.825890064239502 seconds
metaTables/vocal_music_demucs_16k/metaData_fma_large/row84633.csv
Execution time: 28.36887264251709 seconds
metaTables/vocal_music_demucs_16k/metaData_fma_large/row84634.csv
Execution time: 28.452006578445435 seconds
metaTables/vocal_music_demucs_16k/metaData_fma_large/row84635.csv
Execution time: 27.860105991363525 seconds
metaTables/vocal_music_demucs_16k/metaData_fma_large/row84636.csv
Execution time: 28.10905623435974 seconds
metaTables/vocal_music_demucs_16k/metaData_fma_large/row84637.csv
Execution time: 27.950878381729126 seconds
metaTables/vocal_music_demucs_16k/metaData_fma_large/row84638.csv
Execution time: 28.808664798736572 seconds
metaTables/vocal_music_demucs_16k/metaData_fma_large/row84639.csv
Execution time: 28.98415732383728 seconds
metaTables/vocal_music_demucs_16k/metaData_fma_large/row84640.csv
Execution time: 28.62619161605835 seconds
metaTables/vocal_music_demucs_16k/metaData_fma_large/row84641.csv
Execution time: 28.367647647857666 seconds
metaTables/vocal_music_demucs_16k/metaData_fma_large/row84642.csv
Execution time: 28.85247015953064 seconds
metaTables/vocal_music_demucs_16k/metaData_fma_large/row84643.csv
Execution time: 28.77297878265381 seconds
metaTables/vocal_music_demucs_16k/metaData_fma_large/row84644.csv
Execution time: 30.47139811515808 seconds
metaTables/vocal_music_demucs_16k/metaData_fma_large/row84645.csv
Execution time: 29.2030246257782 seconds
metaTables/vocal_music_demucs_16k/metaData_fma_large/row84646.csv
Execution time: 28.84846806526184 seconds
metaTables/vocal_music_demucs_16k/metaData_fma_large/row84647.csv
Execution time: 28.462571382522583 seconds
metaTables/vocal_music_demucs_16k/metaData_fma_large/row84648.csv
Execution time: 29.099684715270996 seconds
metaTables/vocal_music_demucs_16k/metaData_fma_large/row84649.csv
Execution time: 28.621091842651367 seconds
metaTables/vocal_music_demucs_16k/metaData_fma_large/row84650.csv
Execution time: 28.467496633529663 seconds
metaTables/vocal_music_demucs_16k/metaData_fma_large/row84651.csv
Execution time: 28.886382818222046 seconds
metaTables/vocal_music_demucs_16k/metaData_fma_large/row84652.csv
Execution time: 29.598896980285645 seconds
metaTables/vocal_music_demucs_16k/metaData_fma_large/row84653.csv
Execution time: 28.664615869522095 seconds
metaTables/vocal_music_demucs_16k/metaData_fma_large/row84654.csv
Execution time: 29.032567024230957 seconds
metaTables/vocal_music_demucs_16k/metaData_fma_large/row84655.csv
Execution time: 27.95064353942871 seconds
metaTables/vocal_music_demucs_16k/metaData_fma_large/row84656.csv
Execution time: 28.564821243286133 seconds
metaTables/vocal_music_demucs_16k/metaData_fma_large/row84657.csv
Execution time: 29.861964225769043 seconds
metaTables/vocal_music_demucs_16k/metaData_fma_large/row84658.csv
Execution time: 29.33447766304016 seconds
metaTables/vocal_music_demucs_16k/metaData_fma_large/row84659.csv
Execution time: 29.153310775756836 seconds
metaTables/vocal_music_demucs_16k/metaData_fma_large/row84660.csv
Execution time: 30.119680643081665 seconds
metaTables/vocal_music_demucs_16k/metaData_fma_large/row84661.csv
Execution time: 28.99652361869812 seconds
metaTables/vocal_music_demucs_16k/metaData_fma_large/row84662.csv
Execution time: 27.992848873138428 seconds
metaTables/vocal_music_demucs_16k/metaData_fma_large/row84663.csv
Execution time: 28.424058437347412 seconds
metaTables/vocal_music_demucs_16k/metaData_fma_large/row84664.csv
Execution time: 28.53300952911377 seconds
metaTables/vocal_music_demucs_16k/metaData_fma_large/row84665.csv
Execution time: 30.013424158096313 seconds
metaTables/vocal_music_demucs_16k/metaData_fma_large/row84666.csv
Execution time: 28.844035148620605 seconds
metaTables/vocal_music_demucs_16k/metaData_fma_large/row84667.csv
Execution time: 28.47679114341736 seconds
metaTables/vocal_music_demucs_16k/metaData_fma_large/row84668.csv
Execution time: 28.094019651412964 seconds
metaTables/vocal_music_demucs_16k/metaData_fma_large/row84669.csv
Execution time: 29.44827628135681 seconds
metaTables/vocal_music_demucs_16k/metaData_fma_large/row84670.csv
Execution time: 28.341723918914795 seconds
metaTables/vocal_music_demucs_16k/metaData_fma_large/row84671.csv
Execution time: 28.821120262145996 seconds
metaTables/vocal_music_demucs_16k/metaData_fma_large/row84672.csv
Execution time: 29.091755867004395 seconds
metaTables/vocal_music_demucs_16k/metaData_fma_large/row84673.csv
Execution time: 28.745888233184814 seconds
metaTables/vocal_music_demucs_16k/metaData_fma_large/row84674.csv
Execution time: 30.001943588256836 seconds
metaTables/vocal_music_demucs_16k/metaData_fma_large/row84675.csv
Execution time: 19.16968536376953 seconds
metaTables/vocal_music_demucs_16k/metaData_fma_large/row84676.csv
Execution time: 27.666277647018433 seconds
metaTables/vocal_music_demucs_16k/metaData_fma_large/row84677.csv
Execution time: 28.248823881149292 seconds
metaTables/vocal_music_demucs_16k/metaData_fma_large/row84678.csv
Execution time: 28.714091062545776 seconds
metaTables/vocal_music_demucs_16k/metaData_fma_large/row84679.csv
Execution time: 27.996065855026245 seconds
metaTables/vocal_music_demucs_16k/metaData_fma_large/row84680.csv
Execution time: 28.90256357192993 seconds
metaTables/vocal_music_demucs_16k/metaData_fma_large/row84681.csv
Execution time: 28.98089599609375 seconds
metaTables/vocal_music_demucs_16k/metaData_fma_large/row84682.csv
Execution time: 28.424585819244385 seconds
metaTables/vocal_music_demucs_16k/metaData_fma_large/row84683.csv
Execution time: 29.751261711120605 seconds
metaTables/vocal_music_demucs_16k/metaData_fma_large/row84684.csv
Execution time: 28.165407419204712 seconds
metaTables/vocal_music_demucs_16k/metaData_fma_large/row84685.csv
Execution time: 29.08464765548706 seconds
metaTables/vocal_music_demucs_16k/metaData_fma_large/row84686.csv
Execution time: 28.067008018493652 seconds
metaTables/vocal_music_demucs_16k/metaData_fma_large/row84687.csv
Execution time: 29.24039578437805 seconds
metaTables/vocal_music_demucs_16k/metaData_fma_large/row84688.csv
Execution time: 28.49698305130005 seconds
metaTables/vocal_music_demucs_16k/metaData_fma_large/row84689.csv
Execution time: 27.534488201141357 seconds
metaTables/vocal_music_demucs_16k/metaData_fma_large/row84690.csv
Execution time: 28.78286075592041 seconds
metaTables/vocal_music_demucs_16k/metaData_fma_large/row84691.csv
Execution time: 28.773433685302734 seconds
metaTables/vocal_music_demucs_16k/metaData_fma_large/row84692.csv
Execution time: 29.05835461616516 seconds
metaTables/vocal_music_demucs_16k/metaData_fma_large/row84693.csv
Execution time: 29.193509340286255 seconds
metaTables/vocal_music_demucs_16k/metaData_fma_large/row84694.csv
Execution time: 28.646315336227417 seconds
metaTables/vocal_music_demucs_16k/metaData_fma_large/row84695.csv
Execution time: 28.51410961151123 seconds
metaTables/vocal_music_demucs_16k/metaData_fma_large/row84696.csv
Execution time: 27.4668231010437 seconds
metaTables/vocal_music_demucs_16k/metaData_fma_large/row84697.csv
Execution time: 26.85578465461731 seconds
metaTables/vocal_music_demucs_16k/metaData_fma_large/row84698.csv
Execution time: 23.616355657577515 seconds
metaTables/vocal_music_demucs_16k/metaData_fma_large/row84699.csv
Demucs voice recognition done!
