/ext3/demucs/lib/python3.9/site-packages/demucs/api.py:27: UserWarning: TorchAudio's global backend is now deprecated. Please enable distpatcher by setting `TORCHAUDIO_USE_BACKEND_DISPATCHER=1`, and specify backend when calling load/info/save function.
  import torchaudio as ta
2024-05-10 02:05:24.243175: I tensorflow/core/util/port.cc:113] oneDNN custom operations are on. You may see slightly different numerical results due to floating-point round-off errors from different computation orders. To turn them off, set the environment variable `TF_ENABLE_ONEDNN_OPTS=0`.
2024-05-10 02:05:24.356726: E external/local_xla/xla/stream_executor/cuda/cuda_dnn.cc:9261] Unable to register cuDNN factory: Attempting to register factory for plugin cuDNN when one has already been registered
2024-05-10 02:05:24.356856: E external/local_xla/xla/stream_executor/cuda/cuda_fft.cc:607] Unable to register cuFFT factory: Attempting to register factory for plugin cuFFT when one has already been registered
2024-05-10 02:05:24.370750: E external/local_xla/xla/stream_executor/cuda/cuda_blas.cc:1515] Unable to register cuBLAS factory: Attempting to register factory for plugin cuBLAS when one has already been registered
2024-05-10 02:05:24.403278: I tensorflow/core/platform/cpu_feature_guard.cc:182] This TensorFlow binary is optimized to use available CPU instructions in performance-critical operations.
To enable the following instructions: AVX2 AVX512F AVX512_VNNI FMA, in other operations, rebuild TensorFlow with the appropriate compiler flags.
2024-05-10 02:05:25.356899: W tensorflow/compiler/tf2tensorrt/utils/py_utils.cc:38] TF-TRT Warning: Could not find TensorRT
Execution time: 25.809933185577393 seconds
metaTables/vocal_music_demucs_16k/metaData_fma_large/row93000.csv
Execution time: 24.189712047576904 seconds
metaTables/vocal_music_demucs_16k/metaData_fma_large/row93001.csv
Execution time: 24.403280019760132 seconds
metaTables/vocal_music_demucs_16k/metaData_fma_large/row93002.csv
Execution time: 24.023929119110107 seconds
metaTables/vocal_music_demucs_16k/metaData_fma_large/row93003.csv
Execution time: 24.72475028038025 seconds
metaTables/vocal_music_demucs_16k/metaData_fma_large/row93004.csv
Execution time: 23.091132402420044 seconds
metaTables/vocal_music_demucs_16k/metaData_fma_large/row93005.csv
Execution time: 24.334535121917725 seconds
metaTables/vocal_music_demucs_16k/metaData_fma_large/row93006.csv
Execution time: 24.492487907409668 seconds
metaTables/vocal_music_demucs_16k/metaData_fma_large/row93007.csv
Execution time: 24.00738000869751 seconds
metaTables/vocal_music_demucs_16k/metaData_fma_large/row93008.csv
Execution time: 24.211127042770386 seconds
metaTables/vocal_music_demucs_16k/metaData_fma_large/row93009.csv
Execution time: 24.255524396896362 seconds
metaTables/vocal_music_demucs_16k/metaData_fma_large/row93010.csv
Execution time: 23.766758918762207 seconds
metaTables/vocal_music_demucs_16k/metaData_fma_large/row93011.csv
Execution time: 24.910221338272095 seconds
metaTables/vocal_music_demucs_16k/metaData_fma_large/row93012.csv
Execution time: 24.4777615070343 seconds
metaTables/vocal_music_demucs_16k/metaData_fma_large/row93013.csv
Execution time: 23.877000093460083 seconds
metaTables/vocal_music_demucs_16k/metaData_fma_large/row93014.csv
Execution time: 24.365955114364624 seconds
metaTables/vocal_music_demucs_16k/metaData_fma_large/row93015.csv
Execution time: 24.22775411605835 seconds
metaTables/vocal_music_demucs_16k/metaData_fma_large/row93016.csv
Execution time: 24.33942437171936 seconds
metaTables/vocal_music_demucs_16k/metaData_fma_large/row93017.csv
Execution time: 24.879695177078247 seconds
metaTables/vocal_music_demucs_16k/metaData_fma_large/row93018.csv
Execution time: 24.490980625152588 seconds
metaTables/vocal_music_demucs_16k/metaData_fma_large/row93019.csv
Execution time: 24.578040599822998 seconds
metaTables/vocal_music_demucs_16k/metaData_fma_large/row93020.csv
Execution time: 24.615917205810547 seconds
metaTables/vocal_music_demucs_16k/metaData_fma_large/row93021.csv
Execution time: 23.966626405715942 seconds
metaTables/vocal_music_demucs_16k/metaData_fma_large/row93022.csv
Execution time: 23.56227731704712 seconds
metaTables/vocal_music_demucs_16k/metaData_fma_large/row93023.csv
Execution time: 24.516578912734985 seconds
metaTables/vocal_music_demucs_16k/metaData_fma_large/row93024.csv
Execution time: 24.211973905563354 seconds
metaTables/vocal_music_demucs_16k/metaData_fma_large/row93025.csv
Execution time: 24.446759462356567 seconds
metaTables/vocal_music_demucs_16k/metaData_fma_large/row93026.csv
Execution time: 24.66050887107849 seconds
metaTables/vocal_music_demucs_16k/metaData_fma_large/row93027.csv
Execution time: 26.6059148311615 seconds
metaTables/vocal_music_demucs_16k/metaData_fma_large/row93028.csv
Execution time: 23.972175359725952 seconds
metaTables/vocal_music_demucs_16k/metaData_fma_large/row93029.csv
Execution time: 24.11744737625122 seconds
metaTables/vocal_music_demucs_16k/metaData_fma_large/row93030.csv
Execution time: 24.817752361297607 seconds
metaTables/vocal_music_demucs_16k/metaData_fma_large/row93031.csv
Execution time: 24.2425217628479 seconds
metaTables/vocal_music_demucs_16k/metaData_fma_large/row93032.csv
Execution time: 23.838377237319946 seconds
metaTables/vocal_music_demucs_16k/metaData_fma_large/row93033.csv
Execution time: 24.017510652542114 seconds
metaTables/vocal_music_demucs_16k/metaData_fma_large/row93034.csv
Execution time: 23.929487228393555 seconds
metaTables/vocal_music_demucs_16k/metaData_fma_large/row93035.csv
Execution time: 24.919166326522827 seconds
metaTables/vocal_music_demucs_16k/metaData_fma_large/row93036.csv
Execution time: 24.75243854522705 seconds
metaTables/vocal_music_demucs_16k/metaData_fma_large/row93037.csv
Execution time: 24.425352334976196 seconds
metaTables/vocal_music_demucs_16k/metaData_fma_large/row93038.csv
Execution time: 25.198267936706543 seconds
metaTables/vocal_music_demucs_16k/metaData_fma_large/row93039.csv
Execution time: 24.11726450920105 seconds
metaTables/vocal_music_demucs_16k/metaData_fma_large/row93040.csv
Execution time: 24.44475507736206 seconds
metaTables/vocal_music_demucs_16k/metaData_fma_large/row93041.csv
Execution time: 26.123242616653442 seconds
metaTables/vocal_music_demucs_16k/metaData_fma_large/row93042.csv
Execution time: 23.56578826904297 seconds
metaTables/vocal_music_demucs_16k/metaData_fma_large/row93043.csv
Execution time: 23.203674793243408 seconds
metaTables/vocal_music_demucs_16k/metaData_fma_large/row93044.csv
Execution time: 25.23142910003662 seconds
metaTables/vocal_music_demucs_16k/metaData_fma_large/row93045.csv
Execution time: 24.255313396453857 seconds
metaTables/vocal_music_demucs_16k/metaData_fma_large/row93046.csv
Execution time: 24.128440618515015 seconds
metaTables/vocal_music_demucs_16k/metaData_fma_large/row93047.csv
Execution time: 23.40609645843506 seconds
metaTables/vocal_music_demucs_16k/metaData_fma_large/row93048.csv
Execution time: 24.744745016098022 seconds
metaTables/vocal_music_demucs_16k/metaData_fma_large/row93049.csv
Execution time: 24.13418984413147 seconds
metaTables/vocal_music_demucs_16k/metaData_fma_large/row93050.csv
Execution time: 23.928980827331543 seconds
metaTables/vocal_music_demucs_16k/metaData_fma_large/row93051.csv
Execution time: 23.450616359710693 seconds
metaTables/vocal_music_demucs_16k/metaData_fma_large/row93052.csv
Execution time: 23.60723114013672 seconds
metaTables/vocal_music_demucs_16k/metaData_fma_large/row93053.csv
Execution time: 24.607592344284058 seconds
metaTables/vocal_music_demucs_16k/metaData_fma_large/row93054.csv
Execution time: 24.200331687927246 seconds
metaTables/vocal_music_demucs_16k/metaData_fma_large/row93055.csv
Execution time: 24.63941264152527 seconds
metaTables/vocal_music_demucs_16k/metaData_fma_large/row93056.csv
Execution time: 23.961443424224854 seconds
metaTables/vocal_music_demucs_16k/metaData_fma_large/row93057.csv
Execution time: 24.034266233444214 seconds
metaTables/vocal_music_demucs_16k/metaData_fma_large/row93058.csv
Execution time: 24.368980884552002 seconds
metaTables/vocal_music_demucs_16k/metaData_fma_large/row93059.csv
Execution time: 24.09065294265747 seconds
metaTables/vocal_music_demucs_16k/metaData_fma_large/row93060.csv
Execution time: 26.13779926300049 seconds
metaTables/vocal_music_demucs_16k/metaData_fma_large/row93061.csv
Execution time: 24.382717847824097 seconds
metaTables/vocal_music_demucs_16k/metaData_fma_large/row93062.csv
Execution time: 23.861066818237305 seconds
metaTables/vocal_music_demucs_16k/metaData_fma_large/row93063.csv
Execution time: 23.50405502319336 seconds
metaTables/vocal_music_demucs_16k/metaData_fma_large/row93064.csv
Execution time: 24.340411901474 seconds
metaTables/vocal_music_demucs_16k/metaData_fma_large/row93065.csv
Execution time: 24.03535771369934 seconds
metaTables/vocal_music_demucs_16k/metaData_fma_large/row93066.csv
Execution time: 24.698127031326294 seconds
metaTables/vocal_music_demucs_16k/metaData_fma_large/row93067.csv
Execution time: 24.894962787628174 seconds
metaTables/vocal_music_demucs_16k/metaData_fma_large/row93068.csv
Execution time: 23.73328399658203 seconds
metaTables/vocal_music_demucs_16k/metaData_fma_large/row93069.csv
Execution time: 25.448838710784912 seconds
metaTables/vocal_music_demucs_16k/metaData_fma_large/row93070.csv
Execution time: 24.05142855644226 seconds
metaTables/vocal_music_demucs_16k/metaData_fma_large/row93071.csv
Execution time: 23.14682674407959 seconds
metaTables/vocal_music_demucs_16k/metaData_fma_large/row93072.csv
Execution time: 24.459640979766846 seconds
metaTables/vocal_music_demucs_16k/metaData_fma_large/row93073.csv
Execution time: 23.834516048431396 seconds
metaTables/vocal_music_demucs_16k/metaData_fma_large/row93074.csv
Execution time: 24.362066984176636 seconds
metaTables/vocal_music_demucs_16k/metaData_fma_large/row93075.csv
Execution time: 23.809549570083618 seconds
metaTables/vocal_music_demucs_16k/metaData_fma_large/row93076.csv
Execution time: 24.01711344718933 seconds
metaTables/vocal_music_demucs_16k/metaData_fma_large/row93077.csv
Execution time: 23.844083309173584 seconds
metaTables/vocal_music_demucs_16k/metaData_fma_large/row93078.csv
Execution time: 24.932364225387573 seconds
metaTables/vocal_music_demucs_16k/metaData_fma_large/row93079.csv
Execution time: 25.081632614135742 seconds
metaTables/vocal_music_demucs_16k/metaData_fma_large/row93080.csv
Execution time: 23.32678198814392 seconds
metaTables/vocal_music_demucs_16k/metaData_fma_large/row93081.csv
Execution time: 23.292300939559937 seconds
metaTables/vocal_music_demucs_16k/metaData_fma_large/row93082.csv
Execution time: 24.234997272491455 seconds
metaTables/vocal_music_demucs_16k/metaData_fma_large/row93083.csv
Execution time: 23.22807812690735 seconds
metaTables/vocal_music_demucs_16k/metaData_fma_large/row93084.csv
Execution time: 23.634206533432007 seconds
metaTables/vocal_music_demucs_16k/metaData_fma_large/row93085.csv
Execution time: 24.790387868881226 seconds
metaTables/vocal_music_demucs_16k/metaData_fma_large/row93086.csv
Execution time: 23.878321170806885 seconds
metaTables/vocal_music_demucs_16k/metaData_fma_large/row93087.csv
Execution time: 24.106767892837524 seconds
metaTables/vocal_music_demucs_16k/metaData_fma_large/row93088.csv
Execution time: 23.56547474861145 seconds
metaTables/vocal_music_demucs_16k/metaData_fma_large/row93089.csv
Execution time: 24.3822603225708 seconds
metaTables/vocal_music_demucs_16k/metaData_fma_large/row93090.csv
Execution time: 23.87322998046875 seconds
metaTables/vocal_music_demucs_16k/metaData_fma_large/row93091.csv
Execution time: 23.94801378250122 seconds
metaTables/vocal_music_demucs_16k/metaData_fma_large/row93092.csv
Execution time: 24.522752046585083 seconds
metaTables/vocal_music_demucs_16k/metaData_fma_large/row93093.csv
Execution time: 25.228585243225098 seconds
metaTables/vocal_music_demucs_16k/metaData_fma_large/row93094.csv
Execution time: 23.85765242576599 seconds
metaTables/vocal_music_demucs_16k/metaData_fma_large/row93095.csv
Execution time: 24.16721534729004 seconds
metaTables/vocal_music_demucs_16k/metaData_fma_large/row93096.csv
Execution time: 24.150758981704712 seconds
metaTables/vocal_music_demucs_16k/metaData_fma_large/row93097.csv
Execution time: 24.143805980682373 seconds
metaTables/vocal_music_demucs_16k/metaData_fma_large/row93098.csv
Execution time: 23.847693920135498 seconds
metaTables/vocal_music_demucs_16k/metaData_fma_large/row93099.csv
Demucs voice recognition done!
