/ext3/demucs/lib/python3.9/site-packages/demucs/api.py:27: UserWarning: TorchAudio's global backend is now deprecated. Please enable distpatcher by setting `TORCHAUDIO_USE_BACKEND_DISPATCHER=1`, and specify backend when calling load/info/save function.
  import torchaudio as ta
2024-05-10 11:32:32.863620: I tensorflow/core/util/port.cc:113] oneDNN custom operations are on. You may see slightly different numerical results due to floating-point round-off errors from different computation orders. To turn them off, set the environment variable `TF_ENABLE_ONEDNN_OPTS=0`.
2024-05-10 11:32:34.888811: E external/local_xla/xla/stream_executor/cuda/cuda_dnn.cc:9261] Unable to register cuDNN factory: Attempting to register factory for plugin cuDNN when one has already been registered
2024-05-10 11:32:34.888851: E external/local_xla/xla/stream_executor/cuda/cuda_fft.cc:607] Unable to register cuFFT factory: Attempting to register factory for plugin cuFFT when one has already been registered
2024-05-10 11:32:35.031277: E external/local_xla/xla/stream_executor/cuda/cuda_blas.cc:1515] Unable to register cuBLAS factory: Attempting to register factory for plugin cuBLAS when one has already been registered
2024-05-10 11:32:35.256644: I tensorflow/core/platform/cpu_feature_guard.cc:182] This TensorFlow binary is optimized to use available CPU instructions in performance-critical operations.
To enable the following instructions: AVX2 AVX512F AVX512_VNNI FMA, in other operations, rebuild TensorFlow with the appropriate compiler flags.
2024-05-10 11:32:37.522511: W tensorflow/compiler/tf2tensorrt/utils/py_utils.cc:38] TF-TRT Warning: Could not find TensorRT
Execution time: 29.16907787322998 seconds
metaTables/vocal_music_demucs_16k/metaData_fma_large/row13300.csv
Execution time: 26.166325569152832 seconds
metaTables/vocal_music_demucs_16k/metaData_fma_large/row13301.csv
Execution time: 25.466747760772705 seconds
metaTables/vocal_music_demucs_16k/metaData_fma_large/row13302.csv
Execution time: 25.177542209625244 seconds
metaTables/vocal_music_demucs_16k/metaData_fma_large/row13303.csv
Execution time: 25.2877299785614 seconds
metaTables/vocal_music_demucs_16k/metaData_fma_large/row13304.csv
Execution time: 26.04598641395569 seconds
metaTables/vocal_music_demucs_16k/metaData_fma_large/row13305.csv
Execution time: 25.104515075683594 seconds
metaTables/vocal_music_demucs_16k/metaData_fma_large/row13306.csv
Execution time: 26.25432252883911 seconds
metaTables/vocal_music_demucs_16k/metaData_fma_large/row13307.csv
Execution time: 25.90006113052368 seconds
metaTables/vocal_music_demucs_16k/metaData_fma_large/row13308.csv
Execution time: 25.10904097557068 seconds
metaTables/vocal_music_demucs_16k/metaData_fma_large/row13309.csv
Execution time: 25.254791736602783 seconds
metaTables/vocal_music_demucs_16k/metaData_fma_large/row13310.csv
Execution time: 24.938344717025757 seconds
metaTables/vocal_music_demucs_16k/metaData_fma_large/row13311.csv
Execution time: 24.63500738143921 seconds
metaTables/vocal_music_demucs_16k/metaData_fma_large/row13312.csv
Execution time: 25.639451265335083 seconds
metaTables/vocal_music_demucs_16k/metaData_fma_large/row13313.csv
Execution time: 25.926042795181274 seconds
metaTables/vocal_music_demucs_16k/metaData_fma_large/row13314.csv
Execution time: 26.665628910064697 seconds
metaTables/vocal_music_demucs_16k/metaData_fma_large/row13315.csv
Execution time: 25.02307391166687 seconds
metaTables/vocal_music_demucs_16k/metaData_fma_large/row13316.csv
Execution time: 25.39623522758484 seconds
metaTables/vocal_music_demucs_16k/metaData_fma_large/row13317.csv
Execution time: 24.91714906692505 seconds
metaTables/vocal_music_demucs_16k/metaData_fma_large/row13318.csv
Execution time: 25.63598942756653 seconds
metaTables/vocal_music_demucs_16k/metaData_fma_large/row13319.csv
Execution time: 25.669149160385132 seconds
metaTables/vocal_music_demucs_16k/metaData_fma_large/row13320.csv
Execution time: 25.18627119064331 seconds
metaTables/vocal_music_demucs_16k/metaData_fma_large/row13321.csv
Execution time: 25.82625722885132 seconds
metaTables/vocal_music_demucs_16k/metaData_fma_large/row13322.csv
Execution time: 25.345980644226074 seconds
metaTables/vocal_music_demucs_16k/metaData_fma_large/row13323.csv
Execution time: 26.35289430618286 seconds
metaTables/vocal_music_demucs_16k/metaData_fma_large/row13324.csv
Execution time: 26.128815412521362 seconds
metaTables/vocal_music_demucs_16k/metaData_fma_large/row13325.csv
Execution time: 24.826696157455444 seconds
metaTables/vocal_music_demucs_16k/metaData_fma_large/row13326.csv
Execution time: 24.940240383148193 seconds
metaTables/vocal_music_demucs_16k/metaData_fma_large/row13327.csv
Execution time: 24.608874320983887 seconds
metaTables/vocal_music_demucs_16k/metaData_fma_large/row13328.csv
Execution time: 25.67031693458557 seconds
metaTables/vocal_music_demucs_16k/metaData_fma_large/row13329.csv
Execution time: 24.92300009727478 seconds
metaTables/vocal_music_demucs_16k/metaData_fma_large/row13330.csv
Execution time: 25.710249185562134 seconds
metaTables/vocal_music_demucs_16k/metaData_fma_large/row13331.csv
Execution time: 25.601765155792236 seconds
metaTables/vocal_music_demucs_16k/metaData_fma_large/row13332.csv
Execution time: 25.01946258544922 seconds
metaTables/vocal_music_demucs_16k/metaData_fma_large/row13333.csv
Execution time: 24.128319025039673 seconds
metaTables/vocal_music_demucs_16k/metaData_fma_large/row13334.csv
Execution time: 24.949353456497192 seconds
metaTables/vocal_music_demucs_16k/metaData_fma_large/row13335.csv
Execution time: 25.64739441871643 seconds
metaTables/vocal_music_demucs_16k/metaData_fma_large/row13336.csv
Execution time: 24.39353609085083 seconds
metaTables/vocal_music_demucs_16k/metaData_fma_large/row13337.csv
Execution time: 25.685826301574707 seconds
metaTables/vocal_music_demucs_16k/metaData_fma_large/row13338.csv
Execution time: 25.228768587112427 seconds
metaTables/vocal_music_demucs_16k/metaData_fma_large/row13339.csv
Execution time: 24.655554056167603 seconds
metaTables/vocal_music_demucs_16k/metaData_fma_large/row13340.csv
Execution time: 25.173871278762817 seconds
metaTables/vocal_music_demucs_16k/metaData_fma_large/row13341.csv
Execution time: 24.747626066207886 seconds
metaTables/vocal_music_demucs_16k/metaData_fma_large/row13342.csv
Execution time: 26.187190294265747 seconds
metaTables/vocal_music_demucs_16k/metaData_fma_large/row13343.csv
Execution time: 25.70082950592041 seconds
metaTables/vocal_music_demucs_16k/metaData_fma_large/row13344.csv
Execution time: 25.34043025970459 seconds
metaTables/vocal_music_demucs_16k/metaData_fma_large/row13345.csv
Execution time: 25.347132921218872 seconds
metaTables/vocal_music_demucs_16k/metaData_fma_large/row13346.csv
Execution time: 25.041986227035522 seconds
metaTables/vocal_music_demucs_16k/metaData_fma_large/row13347.csv
Execution time: 25.27371621131897 seconds
metaTables/vocal_music_demucs_16k/metaData_fma_large/row13348.csv
Execution time: 26.82738995552063 seconds
metaTables/vocal_music_demucs_16k/metaData_fma_large/row13349.csv
Execution time: 24.80155873298645 seconds
metaTables/vocal_music_demucs_16k/metaData_fma_large/row13350.csv
Execution time: 25.083664417266846 seconds
metaTables/vocal_music_demucs_16k/metaData_fma_large/row13351.csv
Execution time: 25.28711771965027 seconds
metaTables/vocal_music_demucs_16k/metaData_fma_large/row13352.csv
Execution time: 23.88362979888916 seconds
metaTables/vocal_music_demucs_16k/metaData_fma_large/row13353.csv
Execution time: 25.5775887966156 seconds
metaTables/vocal_music_demucs_16k/metaData_fma_large/row13354.csv
Execution time: 24.533516883850098 seconds
metaTables/vocal_music_demucs_16k/metaData_fma_large/row13355.csv
Execution time: 25.66697931289673 seconds
metaTables/vocal_music_demucs_16k/metaData_fma_large/row13356.csv
Execution time: 25.64002823829651 seconds
metaTables/vocal_music_demucs_16k/metaData_fma_large/row13357.csv
Execution time: 24.94923496246338 seconds
metaTables/vocal_music_demucs_16k/metaData_fma_large/row13358.csv
Execution time: 24.82638192176819 seconds
metaTables/vocal_music_demucs_16k/metaData_fma_large/row13359.csv
Execution time: 25.00673007965088 seconds
metaTables/vocal_music_demucs_16k/metaData_fma_large/row13360.csv
Execution time: 25.66744828224182 seconds
metaTables/vocal_music_demucs_16k/metaData_fma_large/row13361.csv
Execution time: 25.168357372283936 seconds
metaTables/vocal_music_demucs_16k/metaData_fma_large/row13362.csv
Execution time: 25.886656045913696 seconds
metaTables/vocal_music_demucs_16k/metaData_fma_large/row13363.csv
Execution time: 25.502980947494507 seconds
metaTables/vocal_music_demucs_16k/metaData_fma_large/row13364.csv
Execution time: 25.547078132629395 seconds
metaTables/vocal_music_demucs_16k/metaData_fma_large/row13365.csv
Execution time: 26.60442042350769 seconds
metaTables/vocal_music_demucs_16k/metaData_fma_large/row13366.csv
Execution time: 25.76769995689392 seconds
metaTables/vocal_music_demucs_16k/metaData_fma_large/row13367.csv
Execution time: 26.383172750473022 seconds
metaTables/vocal_music_demucs_16k/metaData_fma_large/row13368.csv
Execution time: 26.3198561668396 seconds
metaTables/vocal_music_demucs_16k/metaData_fma_large/row13369.csv
Execution time: 25.442160606384277 seconds
metaTables/vocal_music_demucs_16k/metaData_fma_large/row13370.csv
Execution time: 25.94352912902832 seconds
metaTables/vocal_music_demucs_16k/metaData_fma_large/row13371.csv
Execution time: 24.829964876174927 seconds
metaTables/vocal_music_demucs_16k/metaData_fma_large/row13372.csv
Execution time: 25.990941524505615 seconds
metaTables/vocal_music_demucs_16k/metaData_fma_large/row13373.csv
Execution time: 24.562397956848145 seconds
metaTables/vocal_music_demucs_16k/metaData_fma_large/row13374.csv
Execution time: 26.03022313117981 seconds
metaTables/vocal_music_demucs_16k/metaData_fma_large/row13375.csv
Execution time: 25.782054901123047 seconds
metaTables/vocal_music_demucs_16k/metaData_fma_large/row13376.csv
Execution time: 25.46624732017517 seconds
metaTables/vocal_music_demucs_16k/metaData_fma_large/row13377.csv
Execution time: 24.856037855148315 seconds
metaTables/vocal_music_demucs_16k/metaData_fma_large/row13378.csv
Execution time: 13.03554081916809 seconds
metaTables/vocal_music_demucs_16k/metaData_fma_large/row13379.csv
Execution time: 24.30471706390381 seconds
metaTables/vocal_music_demucs_16k/metaData_fma_large/row13380.csv
Execution time: 26.055989980697632 seconds
metaTables/vocal_music_demucs_16k/metaData_fma_large/row13381.csv
Execution time: 25.886152982711792 seconds
metaTables/vocal_music_demucs_16k/metaData_fma_large/row13382.csv
Execution time: 24.22705912590027 seconds
metaTables/vocal_music_demucs_16k/metaData_fma_large/row13383.csv
Execution time: 24.945420026779175 seconds
metaTables/vocal_music_demucs_16k/metaData_fma_large/row13384.csv
Execution time: 24.44771432876587 seconds
metaTables/vocal_music_demucs_16k/metaData_fma_large/row13385.csv
Execution time: 25.116870880126953 seconds
metaTables/vocal_music_demucs_16k/metaData_fma_large/row13386.csv
Execution time: 25.049110889434814 seconds
metaTables/vocal_music_demucs_16k/metaData_fma_large/row13387.csv
Execution time: 25.132466793060303 seconds
metaTables/vocal_music_demucs_16k/metaData_fma_large/row13388.csv
Execution time: 24.774813652038574 seconds
metaTables/vocal_music_demucs_16k/metaData_fma_large/row13389.csv
Execution time: 24.757514238357544 seconds
metaTables/vocal_music_demucs_16k/metaData_fma_large/row13390.csv
Execution time: 25.45103144645691 seconds
metaTables/vocal_music_demucs_16k/metaData_fma_large/row13391.csv
Execution time: 24.057279109954834 seconds
metaTables/vocal_music_demucs_16k/metaData_fma_large/row13392.csv
Execution time: 26.084837198257446 seconds
metaTables/vocal_music_demucs_16k/metaData_fma_large/row13393.csv
Execution time: 25.80563449859619 seconds
metaTables/vocal_music_demucs_16k/metaData_fma_large/row13394.csv
Execution time: 25.215872764587402 seconds
metaTables/vocal_music_demucs_16k/metaData_fma_large/row13395.csv
Execution time: 25.783413410186768 seconds
metaTables/vocal_music_demucs_16k/metaData_fma_large/row13396.csv
Execution time: 25.230271339416504 seconds
metaTables/vocal_music_demucs_16k/metaData_fma_large/row13397.csv
Execution time: 25.93491840362549 seconds
metaTables/vocal_music_demucs_16k/metaData_fma_large/row13398.csv
Execution time: 25.08782148361206 seconds
metaTables/vocal_music_demucs_16k/metaData_fma_large/row13399.csv
Demucs voice recognition done!
