/ext3/demucs/lib/python3.9/site-packages/demucs/api.py:27: UserWarning: TorchAudio's global backend is now deprecated. Please enable distpatcher by setting `TORCHAUDIO_USE_BACKEND_DISPATCHER=1`, and specify backend when calling load/info/save function.
  import torchaudio as ta
2024-05-09 00:20:25.416998: I tensorflow/core/util/port.cc:113] oneDNN custom operations are on. You may see slightly different numerical results due to floating-point round-off errors from different computation orders. To turn them off, set the environment variable `TF_ENABLE_ONEDNN_OPTS=0`.
2024-05-09 00:20:26.620251: E external/local_xla/xla/stream_executor/cuda/cuda_dnn.cc:9261] Unable to register cuDNN factory: Attempting to register factory for plugin cuDNN when one has already been registered
2024-05-09 00:20:26.620288: E external/local_xla/xla/stream_executor/cuda/cuda_fft.cc:607] Unable to register cuFFT factory: Attempting to register factory for plugin cuFFT when one has already been registered
2024-05-09 00:20:26.672712: E external/local_xla/xla/stream_executor/cuda/cuda_blas.cc:1515] Unable to register cuBLAS factory: Attempting to register factory for plugin cuBLAS when one has already been registered
2024-05-09 00:20:26.780624: I tensorflow/core/platform/cpu_feature_guard.cc:182] This TensorFlow binary is optimized to use available CPU instructions in performance-critical operations.
To enable the following instructions: AVX2 AVX512F AVX512_VNNI FMA, in other operations, rebuild TensorFlow with the appropriate compiler flags.
2024-05-09 00:20:28.670786: W tensorflow/compiler/tf2tensorrt/utils/py_utils.cc:38] TF-TRT Warning: Could not find TensorRT
Execution time: 29.83851647377014 seconds
metaTables/vocal_music_demucs_16k/metaData_fma_large/row102900.csv
Execution time: 24.813823223114014 seconds
metaTables/vocal_music_demucs_16k/metaData_fma_large/row102901.csv
Execution time: 24.4311785697937 seconds
metaTables/vocal_music_demucs_16k/metaData_fma_large/row102902.csv
Execution time: 24.675198078155518 seconds
metaTables/vocal_music_demucs_16k/metaData_fma_large/row102903.csv
Execution time: 25.060827255249023 seconds
metaTables/vocal_music_demucs_16k/metaData_fma_large/row102904.csv
Execution time: 24.479544162750244 seconds
metaTables/vocal_music_demucs_16k/metaData_fma_large/row102905.csv
Execution time: 25.006579160690308 seconds
metaTables/vocal_music_demucs_16k/metaData_fma_large/row102906.csv
Execution time: 16.335420846939087 seconds
metaTables/vocal_music_demucs_16k/metaData_fma_large/row102907.csv
Execution time: 24.471444845199585 seconds
metaTables/vocal_music_demucs_16k/metaData_fma_large/row102908.csv
Execution time: 24.364031553268433 seconds
metaTables/vocal_music_demucs_16k/metaData_fma_large/row102909.csv
Execution time: 24.03179430961609 seconds
metaTables/vocal_music_demucs_16k/metaData_fma_large/row102910.csv
Execution time: 24.30251669883728 seconds
metaTables/vocal_music_demucs_16k/metaData_fma_large/row102911.csv
Execution time: 24.946715116500854 seconds
metaTables/vocal_music_demucs_16k/metaData_fma_large/row102912.csv
Execution time: 24.438343048095703 seconds
metaTables/vocal_music_demucs_16k/metaData_fma_large/row102913.csv
Execution time: 24.78828001022339 seconds
metaTables/vocal_music_demucs_16k/metaData_fma_large/row102914.csv
Execution time: 25.313920974731445 seconds
metaTables/vocal_music_demucs_16k/metaData_fma_large/row102915.csv
Execution time: 24.47286343574524 seconds
metaTables/vocal_music_demucs_16k/metaData_fma_large/row102916.csv
Execution time: 24.253626108169556 seconds
metaTables/vocal_music_demucs_16k/metaData_fma_large/row102917.csv
Execution time: 24.530003786087036 seconds
metaTables/vocal_music_demucs_16k/metaData_fma_large/row102918.csv
Execution time: 24.822951078414917 seconds
metaTables/vocal_music_demucs_16k/metaData_fma_large/row102919.csv
Execution time: 25.33605170249939 seconds
metaTables/vocal_music_demucs_16k/metaData_fma_large/row102920.csv
Execution time: 25.61741328239441 seconds
metaTables/vocal_music_demucs_16k/metaData_fma_large/row102921.csv
Execution time: 25.200279712677002 seconds
metaTables/vocal_music_demucs_16k/metaData_fma_large/row102922.csv
Execution time: 24.675742864608765 seconds
metaTables/vocal_music_demucs_16k/metaData_fma_large/row102923.csv
Execution time: 24.21407985687256 seconds
metaTables/vocal_music_demucs_16k/metaData_fma_large/row102924.csv
Execution time: 24.636327028274536 seconds
metaTables/vocal_music_demucs_16k/metaData_fma_large/row102925.csv
Execution time: 24.797926902770996 seconds
metaTables/vocal_music_demucs_16k/metaData_fma_large/row102926.csv
Execution time: 24.650285959243774 seconds
metaTables/vocal_music_demucs_16k/metaData_fma_large/row102927.csv
Execution time: 24.964970350265503 seconds
metaTables/vocal_music_demucs_16k/metaData_fma_large/row102928.csv
Execution time: 25.42834973335266 seconds
metaTables/vocal_music_demucs_16k/metaData_fma_large/row102929.csv
Execution time: 26.078781843185425 seconds
metaTables/vocal_music_demucs_16k/metaData_fma_large/row102930.csv
Execution time: 24.56313443183899 seconds
metaTables/vocal_music_demucs_16k/metaData_fma_large/row102931.csv
Execution time: 24.50357699394226 seconds
metaTables/vocal_music_demucs_16k/metaData_fma_large/row102932.csv
Execution time: 24.55055522918701 seconds
metaTables/vocal_music_demucs_16k/metaData_fma_large/row102933.csv
Execution time: 24.924121856689453 seconds
metaTables/vocal_music_demucs_16k/metaData_fma_large/row102934.csv
Execution time: 25.140459775924683 seconds
metaTables/vocal_music_demucs_16k/metaData_fma_large/row102935.csv
Execution time: 24.487393379211426 seconds
metaTables/vocal_music_demucs_16k/metaData_fma_large/row102936.csv
Execution time: 24.34218406677246 seconds
metaTables/vocal_music_demucs_16k/metaData_fma_large/row102937.csv
Execution time: 24.74812602996826 seconds
metaTables/vocal_music_demucs_16k/metaData_fma_large/row102938.csv
Execution time: 24.830538988113403 seconds
metaTables/vocal_music_demucs_16k/metaData_fma_large/row102939.csv
Execution time: 25.040669918060303 seconds
metaTables/vocal_music_demucs_16k/metaData_fma_large/row102940.csv
Execution time: 24.049139261245728 seconds
metaTables/vocal_music_demucs_16k/metaData_fma_large/row102941.csv
Execution time: 25.165302276611328 seconds
metaTables/vocal_music_demucs_16k/metaData_fma_large/row102942.csv
Execution time: 25.891255617141724 seconds
metaTables/vocal_music_demucs_16k/metaData_fma_large/row102943.csv
Execution time: 25.546642065048218 seconds
metaTables/vocal_music_demucs_16k/metaData_fma_large/row102944.csv
Execution time: 24.815005779266357 seconds
metaTables/vocal_music_demucs_16k/metaData_fma_large/row102945.csv
Execution time: 24.50138759613037 seconds
metaTables/vocal_music_demucs_16k/metaData_fma_large/row102946.csv
Execution time: 24.797855615615845 seconds
metaTables/vocal_music_demucs_16k/metaData_fma_large/row102947.csv
Execution time: 27.016990423202515 seconds
metaTables/vocal_music_demucs_16k/metaData_fma_large/row102948.csv
Execution time: 24.307862997055054 seconds
metaTables/vocal_music_demucs_16k/metaData_fma_large/row102949.csv
Execution time: 24.661123514175415 seconds
metaTables/vocal_music_demucs_16k/metaData_fma_large/row102950.csv
Execution time: 24.58276605606079 seconds
metaTables/vocal_music_demucs_16k/metaData_fma_large/row102951.csv
Execution time: 24.717122077941895 seconds
metaTables/vocal_music_demucs_16k/metaData_fma_large/row102952.csv
Execution time: 24.35850167274475 seconds
metaTables/vocal_music_demucs_16k/metaData_fma_large/row102953.csv
Execution time: 24.983718395233154 seconds
metaTables/vocal_music_demucs_16k/metaData_fma_large/row102954.csv
Execution time: 24.39273428916931 seconds
metaTables/vocal_music_demucs_16k/metaData_fma_large/row102955.csv
Execution time: 24.965856790542603 seconds
metaTables/vocal_music_demucs_16k/metaData_fma_large/row102956.csv
Execution time: 24.12615966796875 seconds
metaTables/vocal_music_demucs_16k/metaData_fma_large/row102957.csv
Execution time: 24.632939338684082 seconds
metaTables/vocal_music_demucs_16k/metaData_fma_large/row102958.csv
Execution time: 23.586238384246826 seconds
metaTables/vocal_music_demucs_16k/metaData_fma_large/row102959.csv
Execution time: 24.91016983985901 seconds
metaTables/vocal_music_demucs_16k/metaData_fma_large/row102960.csv
Execution time: 24.81177592277527 seconds
metaTables/vocal_music_demucs_16k/metaData_fma_large/row102961.csv
Execution time: 24.89646005630493 seconds
metaTables/vocal_music_demucs_16k/metaData_fma_large/row102962.csv
Execution time: 24.709202527999878 seconds
metaTables/vocal_music_demucs_16k/metaData_fma_large/row102963.csv
Execution time: 24.536790132522583 seconds
metaTables/vocal_music_demucs_16k/metaData_fma_large/row102964.csv
Execution time: 25.32186794281006 seconds
metaTables/vocal_music_demucs_16k/metaData_fma_large/row102965.csv
Execution time: 26.94250178337097 seconds
metaTables/vocal_music_demucs_16k/metaData_fma_large/row102966.csv
Execution time: 24.9068341255188 seconds
metaTables/vocal_music_demucs_16k/metaData_fma_large/row102967.csv
Execution time: 24.909575939178467 seconds
metaTables/vocal_music_demucs_16k/metaData_fma_large/row102968.csv
Execution time: 26.057775259017944 seconds
metaTables/vocal_music_demucs_16k/metaData_fma_large/row102969.csv
Execution time: 25.373868703842163 seconds
metaTables/vocal_music_demucs_16k/metaData_fma_large/row102970.csv
Execution time: 25.1762535572052 seconds
metaTables/vocal_music_demucs_16k/metaData_fma_large/row102971.csv
Execution time: 24.844184160232544 seconds
metaTables/vocal_music_demucs_16k/metaData_fma_large/row102972.csv
Execution time: 24.88694977760315 seconds
metaTables/vocal_music_demucs_16k/metaData_fma_large/row102973.csv
Execution time: 24.52870535850525 seconds
metaTables/vocal_music_demucs_16k/metaData_fma_large/row102974.csv
Execution time: 24.694122076034546 seconds
metaTables/vocal_music_demucs_16k/metaData_fma_large/row102975.csv
Execution time: 25.360203981399536 seconds
metaTables/vocal_music_demucs_16k/metaData_fma_large/row102976.csv
Execution time: 25.4289231300354 seconds
metaTables/vocal_music_demucs_16k/metaData_fma_large/row102977.csv
Execution time: 24.847652196884155 seconds
metaTables/vocal_music_demucs_16k/metaData_fma_large/row102978.csv
Execution time: 25.458118200302124 seconds
metaTables/vocal_music_demucs_16k/metaData_fma_large/row102979.csv
Execution time: 24.259549856185913 seconds
metaTables/vocal_music_demucs_16k/metaData_fma_large/row102980.csv
Execution time: 24.566660404205322 seconds
metaTables/vocal_music_demucs_16k/metaData_fma_large/row102981.csv
Execution time: 25.89079236984253 seconds
metaTables/vocal_music_demucs_16k/metaData_fma_large/row102982.csv
Execution time: 25.27069878578186 seconds
metaTables/vocal_music_demucs_16k/metaData_fma_large/row102983.csv
Execution time: 24.313129901885986 seconds
metaTables/vocal_music_demucs_16k/metaData_fma_large/row102984.csv
Execution time: 25.347495317459106 seconds
metaTables/vocal_music_demucs_16k/metaData_fma_large/row102985.csv
Execution time: 24.02914023399353 seconds
metaTables/vocal_music_demucs_16k/metaData_fma_large/row102986.csv
Execution time: 24.098124265670776 seconds
metaTables/vocal_music_demucs_16k/metaData_fma_large/row102987.csv
Execution time: 24.960448741912842 seconds
metaTables/vocal_music_demucs_16k/metaData_fma_large/row102988.csv
Execution time: 24.17507290840149 seconds
metaTables/vocal_music_demucs_16k/metaData_fma_large/row102989.csv
Execution time: 25.632938861846924 seconds
metaTables/vocal_music_demucs_16k/metaData_fma_large/row102990.csv
Execution time: 24.489134788513184 seconds
metaTables/vocal_music_demucs_16k/metaData_fma_large/row102991.csv
Execution time: 25.51318383216858 seconds
metaTables/vocal_music_demucs_16k/metaData_fma_large/row102992.csv
Execution time: 24.73076629638672 seconds
metaTables/vocal_music_demucs_16k/metaData_fma_large/row102993.csv
Execution time: 24.674707651138306 seconds
metaTables/vocal_music_demucs_16k/metaData_fma_large/row102994.csv
Execution time: 24.74331021308899 seconds
metaTables/vocal_music_demucs_16k/metaData_fma_large/row102995.csv
Execution time: 24.528674364089966 seconds
metaTables/vocal_music_demucs_16k/metaData_fma_large/row102996.csv
Execution time: 24.95236873626709 seconds
metaTables/vocal_music_demucs_16k/metaData_fma_large/row102997.csv
Execution time: 24.463582515716553 seconds
metaTables/vocal_music_demucs_16k/metaData_fma_large/row102998.csv
Execution time: 23.890448093414307 seconds
metaTables/vocal_music_demucs_16k/metaData_fma_large/row102999.csv
Demucs voice recognition done!
