/ext3/demucs/lib/python3.9/site-packages/demucs/api.py:27: UserWarning: TorchAudio's global backend is now deprecated. Please enable distpatcher by setting `TORCHAUDIO_USE_BACKEND_DISPATCHER=1`, and specify backend when calling load/info/save function.
  import torchaudio as ta
2024-05-10 02:03:34.550348: I tensorflow/core/util/port.cc:113] oneDNN custom operations are on. You may see slightly different numerical results due to floating-point round-off errors from different computation orders. To turn them off, set the environment variable `TF_ENABLE_ONEDNN_OPTS=0`.
2024-05-10 02:03:35.257374: E external/local_xla/xla/stream_executor/cuda/cuda_dnn.cc:9261] Unable to register cuDNN factory: Attempting to register factory for plugin cuDNN when one has already been registered
2024-05-10 02:03:35.257428: E external/local_xla/xla/stream_executor/cuda/cuda_fft.cc:607] Unable to register cuFFT factory: Attempting to register factory for plugin cuFFT when one has already been registered
2024-05-10 02:03:35.274088: E external/local_xla/xla/stream_executor/cuda/cuda_blas.cc:1515] Unable to register cuBLAS factory: Attempting to register factory for plugin cuBLAS when one has already been registered
2024-05-10 02:03:35.328167: I tensorflow/core/platform/cpu_feature_guard.cc:182] This TensorFlow binary is optimized to use available CPU instructions in performance-critical operations.
To enable the following instructions: AVX2 AVX512F AVX512_VNNI FMA, in other operations, rebuild TensorFlow with the appropriate compiler flags.
2024-05-10 02:03:36.797997: W tensorflow/compiler/tf2tensorrt/utils/py_utils.cc:38] TF-TRT Warning: Could not find TensorRT
Execution time: 25.376234531402588 seconds
metaTables/vocal_music_demucs_16k/metaData_fma_large/row86400.csv
Execution time: 23.89301633834839 seconds
metaTables/vocal_music_demucs_16k/metaData_fma_large/row86401.csv
Execution time: 24.068236112594604 seconds
metaTables/vocal_music_demucs_16k/metaData_fma_large/row86402.csv
Execution time: 24.19053363800049 seconds
metaTables/vocal_music_demucs_16k/metaData_fma_large/row86403.csv
Execution time: 24.13390612602234 seconds
metaTables/vocal_music_demucs_16k/metaData_fma_large/row86404.csv
Execution time: 23.99295711517334 seconds
metaTables/vocal_music_demucs_16k/metaData_fma_large/row86405.csv
Execution time: 25.895846843719482 seconds
metaTables/vocal_music_demucs_16k/metaData_fma_large/row86406.csv
Execution time: 24.401915073394775 seconds
metaTables/vocal_music_demucs_16k/metaData_fma_large/row86407.csv
Execution time: 24.713223934173584 seconds
metaTables/vocal_music_demucs_16k/metaData_fma_large/row86408.csv
Execution time: 24.496921062469482 seconds
metaTables/vocal_music_demucs_16k/metaData_fma_large/row86409.csv
Execution time: 24.19384241104126 seconds
metaTables/vocal_music_demucs_16k/metaData_fma_large/row86410.csv
Execution time: 23.647764921188354 seconds
metaTables/vocal_music_demucs_16k/metaData_fma_large/row86411.csv
Execution time: 23.798881769180298 seconds
metaTables/vocal_music_demucs_16k/metaData_fma_large/row86412.csv
Execution time: 24.248103857040405 seconds
metaTables/vocal_music_demucs_16k/metaData_fma_large/row86413.csv
Execution time: 25.162598609924316 seconds
metaTables/vocal_music_demucs_16k/metaData_fma_large/row86414.csv
Execution time: 23.474719047546387 seconds
metaTables/vocal_music_demucs_16k/metaData_fma_large/row86415.csv
Execution time: 23.37020778656006 seconds
metaTables/vocal_music_demucs_16k/metaData_fma_large/row86416.csv
Execution time: 23.748329401016235 seconds
metaTables/vocal_music_demucs_16k/metaData_fma_large/row86417.csv
Execution time: 24.243534564971924 seconds
metaTables/vocal_music_demucs_16k/metaData_fma_large/row86418.csv
Execution time: 23.52206516265869 seconds
metaTables/vocal_music_demucs_16k/metaData_fma_large/row86419.csv
Execution time: 23.39827823638916 seconds
metaTables/vocal_music_demucs_16k/metaData_fma_large/row86420.csv
Execution time: 24.377408504486084 seconds
metaTables/vocal_music_demucs_16k/metaData_fma_large/row86421.csv
Execution time: 23.77728796005249 seconds
metaTables/vocal_music_demucs_16k/metaData_fma_large/row86422.csv
Execution time: 23.810851335525513 seconds
metaTables/vocal_music_demucs_16k/metaData_fma_large/row86423.csv
Execution time: 24.392593383789062 seconds
metaTables/vocal_music_demucs_16k/metaData_fma_large/row86424.csv
Execution time: 24.04855751991272 seconds
metaTables/vocal_music_demucs_16k/metaData_fma_large/row86425.csv
Execution time: 23.443495750427246 seconds
metaTables/vocal_music_demucs_16k/metaData_fma_large/row86426.csv
Execution time: 22.42787456512451 seconds
metaTables/vocal_music_demucs_16k/metaData_fma_large/row86427.csv
Execution time: 24.225399255752563 seconds
metaTables/vocal_music_demucs_16k/metaData_fma_large/row86428.csv
Execution time: 24.724968671798706 seconds
metaTables/vocal_music_demucs_16k/metaData_fma_large/row86429.csv
Execution time: 23.411519527435303 seconds
metaTables/vocal_music_demucs_16k/metaData_fma_large/row86430.csv
Execution time: 23.862091779708862 seconds
metaTables/vocal_music_demucs_16k/metaData_fma_large/row86431.csv
Execution time: 23.743430852890015 seconds
metaTables/vocal_music_demucs_16k/metaData_fma_large/row86432.csv
Execution time: 24.13115119934082 seconds
metaTables/vocal_music_demucs_16k/metaData_fma_large/row86433.csv
Execution time: 24.107491493225098 seconds
metaTables/vocal_music_demucs_16k/metaData_fma_large/row86434.csv
Execution time: 24.262882709503174 seconds
metaTables/vocal_music_demucs_16k/metaData_fma_large/row86435.csv
Execution time: 23.462203979492188 seconds
metaTables/vocal_music_demucs_16k/metaData_fma_large/row86436.csv
Execution time: 23.69369101524353 seconds
metaTables/vocal_music_demucs_16k/metaData_fma_large/row86437.csv
Execution time: 23.840030670166016 seconds
metaTables/vocal_music_demucs_16k/metaData_fma_large/row86438.csv
Execution time: 11.812952756881714 seconds
metaTables/vocal_music_demucs_16k/metaData_fma_large/row86439.csv
Execution time: 25.673853158950806 seconds
metaTables/vocal_music_demucs_16k/metaData_fma_large/row86440.csv
Execution time: 23.88214111328125 seconds
metaTables/vocal_music_demucs_16k/metaData_fma_large/row86441.csv
Execution time: 23.822150230407715 seconds
metaTables/vocal_music_demucs_16k/metaData_fma_large/row86442.csv
Execution time: 23.26479196548462 seconds
metaTables/vocal_music_demucs_16k/metaData_fma_large/row86443.csv
Execution time: 24.435818433761597 seconds
metaTables/vocal_music_demucs_16k/metaData_fma_large/row86444.csv
Execution time: 23.64133071899414 seconds
metaTables/vocal_music_demucs_16k/metaData_fma_large/row86445.csv
Execution time: 15.778769254684448 seconds
metaTables/vocal_music_demucs_16k/metaData_fma_large/row86446.csv
Execution time: 23.42009997367859 seconds
metaTables/vocal_music_demucs_16k/metaData_fma_large/row86447.csv
Execution time: 25.958358764648438 seconds
metaTables/vocal_music_demucs_16k/metaData_fma_large/row86448.csv
Execution time: 23.826484203338623 seconds
metaTables/vocal_music_demucs_16k/metaData_fma_large/row86449.csv
Execution time: 23.766921758651733 seconds
metaTables/vocal_music_demucs_16k/metaData_fma_large/row86450.csv
Execution time: 23.580913543701172 seconds
metaTables/vocal_music_demucs_16k/metaData_fma_large/row86451.csv
Execution time: 23.51756238937378 seconds
metaTables/vocal_music_demucs_16k/metaData_fma_large/row86452.csv
Execution time: 23.759830236434937 seconds
metaTables/vocal_music_demucs_16k/metaData_fma_large/row86453.csv
Execution time: 23.498732089996338 seconds
metaTables/vocal_music_demucs_16k/metaData_fma_large/row86454.csv
Execution time: 22.939934492111206 seconds
metaTables/vocal_music_demucs_16k/metaData_fma_large/row86455.csv
Execution time: 23.891700506210327 seconds
metaTables/vocal_music_demucs_16k/metaData_fma_large/row86456.csv
Execution time: 24.148560047149658 seconds
metaTables/vocal_music_demucs_16k/metaData_fma_large/row86457.csv
Execution time: 22.794671058654785 seconds
metaTables/vocal_music_demucs_16k/metaData_fma_large/row86458.csv
Execution time: 23.914305448532104 seconds
metaTables/vocal_music_demucs_16k/metaData_fma_large/row86459.csv
Execution time: 23.138365030288696 seconds
metaTables/vocal_music_demucs_16k/metaData_fma_large/row86460.csv
Execution time: 23.792638778686523 seconds
metaTables/vocal_music_demucs_16k/metaData_fma_large/row86461.csv
Execution time: 23.06476902961731 seconds
metaTables/vocal_music_demucs_16k/metaData_fma_large/row86462.csv
Execution time: 25.325275659561157 seconds
metaTables/vocal_music_demucs_16k/metaData_fma_large/row86463.csv
Execution time: 23.561875581741333 seconds
metaTables/vocal_music_demucs_16k/metaData_fma_large/row86464.csv
Execution time: 23.695480346679688 seconds
metaTables/vocal_music_demucs_16k/metaData_fma_large/row86465.csv
Execution time: 23.65938687324524 seconds
metaTables/vocal_music_demucs_16k/metaData_fma_large/row86466.csv
Execution time: 23.506165742874146 seconds
metaTables/vocal_music_demucs_16k/metaData_fma_large/row86467.csv
Execution time: 24.55871891975403 seconds
metaTables/vocal_music_demucs_16k/metaData_fma_large/row86468.csv
Execution time: 23.621870517730713 seconds
metaTables/vocal_music_demucs_16k/metaData_fma_large/row86469.csv
Execution time: 22.43641710281372 seconds
metaTables/vocal_music_demucs_16k/metaData_fma_large/row86470.csv
Execution time: 24.359554529190063 seconds
metaTables/vocal_music_demucs_16k/metaData_fma_large/row86471.csv
Execution time: 23.65764832496643 seconds
metaTables/vocal_music_demucs_16k/metaData_fma_large/row86472.csv
Execution time: 22.98184299468994 seconds
metaTables/vocal_music_demucs_16k/metaData_fma_large/row86473.csv
Execution time: 23.44903302192688 seconds
metaTables/vocal_music_demucs_16k/metaData_fma_large/row86474.csv
Execution time: 24.40235137939453 seconds
metaTables/vocal_music_demucs_16k/metaData_fma_large/row86475.csv
Execution time: 23.418367624282837 seconds
metaTables/vocal_music_demucs_16k/metaData_fma_large/row86476.csv
Execution time: 22.913748502731323 seconds
metaTables/vocal_music_demucs_16k/metaData_fma_large/row86477.csv
Execution time: 23.286573886871338 seconds
metaTables/vocal_music_demucs_16k/metaData_fma_large/row86478.csv
Execution time: 24.465046405792236 seconds
metaTables/vocal_music_demucs_16k/metaData_fma_large/row86479.csv
Execution time: 23.394285917282104 seconds
metaTables/vocal_music_demucs_16k/metaData_fma_large/row86480.csv
Execution time: 23.162662029266357 seconds
metaTables/vocal_music_demucs_16k/metaData_fma_large/row86481.csv
Execution time: 23.737220525741577 seconds
metaTables/vocal_music_demucs_16k/metaData_fma_large/row86482.csv
Execution time: 23.36366367340088 seconds
metaTables/vocal_music_demucs_16k/metaData_fma_large/row86483.csv
Execution time: 23.81354808807373 seconds
metaTables/vocal_music_demucs_16k/metaData_fma_large/row86484.csv
Execution time: 24.082351207733154 seconds
metaTables/vocal_music_demucs_16k/metaData_fma_large/row86485.csv
Execution time: 23.60658097267151 seconds
metaTables/vocal_music_demucs_16k/metaData_fma_large/row86486.csv
Execution time: 22.80350613594055 seconds
metaTables/vocal_music_demucs_16k/metaData_fma_large/row86487.csv
Execution time: 24.010157585144043 seconds
metaTables/vocal_music_demucs_16k/metaData_fma_large/row86488.csv
Execution time: 23.224738836288452 seconds
metaTables/vocal_music_demucs_16k/metaData_fma_large/row86489.csv
Execution time: 22.96656823158264 seconds
metaTables/vocal_music_demucs_16k/metaData_fma_large/row86490.csv
Execution time: 24.138481378555298 seconds
metaTables/vocal_music_demucs_16k/metaData_fma_large/row86491.csv
Execution time: 23.73369550704956 seconds
metaTables/vocal_music_demucs_16k/metaData_fma_large/row86492.csv
Execution time: 24.051563024520874 seconds
metaTables/vocal_music_demucs_16k/metaData_fma_large/row86493.csv
Execution time: 23.385299921035767 seconds
metaTables/vocal_music_demucs_16k/metaData_fma_large/row86494.csv
Execution time: 22.517777681350708 seconds
metaTables/vocal_music_demucs_16k/metaData_fma_large/row86495.csv
Execution time: 23.73725390434265 seconds
metaTables/vocal_music_demucs_16k/metaData_fma_large/row86496.csv
Execution time: 23.452064275741577 seconds
metaTables/vocal_music_demucs_16k/metaData_fma_large/row86497.csv
Execution time: 23.90560269355774 seconds
metaTables/vocal_music_demucs_16k/metaData_fma_large/row86498.csv
Execution time: 23.057762622833252 seconds
metaTables/vocal_music_demucs_16k/metaData_fma_large/row86499.csv
Demucs voice recognition done!
