/ext3/demucs/lib/python3.9/site-packages/demucs/api.py:27: UserWarning: TorchAudio's global backend is now deprecated. Please enable distpatcher by setting `TORCHAUDIO_USE_BACKEND_DISPATCHER=1`, and specify backend when calling load/info/save function.
  import torchaudio as ta
2024-05-09 09:21:24.790490: I tensorflow/core/util/port.cc:113] oneDNN custom operations are on. You may see slightly different numerical results due to floating-point round-off errors from different computation orders. To turn them off, set the environment variable `TF_ENABLE_ONEDNN_OPTS=0`.
2024-05-09 09:21:25.311201: E external/local_xla/xla/stream_executor/cuda/cuda_dnn.cc:9261] Unable to register cuDNN factory: Attempting to register factory for plugin cuDNN when one has already been registered
2024-05-09 09:21:25.311242: E external/local_xla/xla/stream_executor/cuda/cuda_fft.cc:607] Unable to register cuFFT factory: Attempting to register factory for plugin cuFFT when one has already been registered
2024-05-09 09:21:25.346178: E external/local_xla/xla/stream_executor/cuda/cuda_blas.cc:1515] Unable to register cuBLAS factory: Attempting to register factory for plugin cuBLAS when one has already been registered
2024-05-09 09:21:25.571886: I tensorflow/core/platform/cpu_feature_guard.cc:182] This TensorFlow binary is optimized to use available CPU instructions in performance-critical operations.
To enable the following instructions: AVX2 AVX512F AVX512_VNNI FMA, in other operations, rebuild TensorFlow with the appropriate compiler flags.
2024-05-09 09:21:26.492172: W tensorflow/compiler/tf2tensorrt/utils/py_utils.cc:38] TF-TRT Warning: Could not find TensorRT
SKIPPING: metaTables/vocal_music_demucs_16k/metaData_fma_large/row39100.csv
SKIPPING: metaTables/vocal_music_demucs_16k/metaData_fma_large/row39101.csv
SKIPPING: metaTables/vocal_music_demucs_16k/metaData_fma_large/row39102.csv
SKIPPING: metaTables/vocal_music_demucs_16k/metaData_fma_large/row39103.csv
SKIPPING: metaTables/vocal_music_demucs_16k/metaData_fma_large/row39104.csv
SKIPPING: metaTables/vocal_music_demucs_16k/metaData_fma_large/row39105.csv
SKIPPING: metaTables/vocal_music_demucs_16k/metaData_fma_large/row39106.csv
SKIPPING: metaTables/vocal_music_demucs_16k/metaData_fma_large/row39107.csv
SKIPPING: metaTables/vocal_music_demucs_16k/metaData_fma_large/row39108.csv
SKIPPING: metaTables/vocal_music_demucs_16k/metaData_fma_large/row39109.csv
SKIPPING: metaTables/vocal_music_demucs_16k/metaData_fma_large/row39110.csv
SKIPPING: metaTables/vocal_music_demucs_16k/metaData_fma_large/row39111.csv
SKIPPING: metaTables/vocal_music_demucs_16k/metaData_fma_large/row39112.csv
SKIPPING: metaTables/vocal_music_demucs_16k/metaData_fma_large/row39113.csv
SKIPPING: metaTables/vocal_music_demucs_16k/metaData_fma_large/row39114.csv
SKIPPING: metaTables/vocal_music_demucs_16k/metaData_fma_large/row39115.csv
SKIPPING: metaTables/vocal_music_demucs_16k/metaData_fma_large/row39116.csv
SKIPPING: metaTables/vocal_music_demucs_16k/metaData_fma_large/row39117.csv
SKIPPING: metaTables/vocal_music_demucs_16k/metaData_fma_large/row39118.csv
SKIPPING: metaTables/vocal_music_demucs_16k/metaData_fma_large/row39119.csv
SKIPPING: metaTables/vocal_music_demucs_16k/metaData_fma_large/row39120.csv
SKIPPING: metaTables/vocal_music_demucs_16k/metaData_fma_large/row39121.csv
SKIPPING: metaTables/vocal_music_demucs_16k/metaData_fma_large/row39122.csv
SKIPPING: metaTables/vocal_music_demucs_16k/metaData_fma_large/row39123.csv
SKIPPING: metaTables/vocal_music_demucs_16k/metaData_fma_large/row39124.csv
SKIPPING: metaTables/vocal_music_demucs_16k/metaData_fma_large/row39125.csv
SKIPPING: metaTables/vocal_music_demucs_16k/metaData_fma_large/row39126.csv
SKIPPING: metaTables/vocal_music_demucs_16k/metaData_fma_large/row39127.csv
SKIPPING: metaTables/vocal_music_demucs_16k/metaData_fma_large/row39128.csv
SKIPPING: metaTables/vocal_music_demucs_16k/metaData_fma_large/row39129.csv
SKIPPING: metaTables/vocal_music_demucs_16k/metaData_fma_large/row39130.csv
SKIPPING: metaTables/vocal_music_demucs_16k/metaData_fma_large/row39131.csv
SKIPPING: metaTables/vocal_music_demucs_16k/metaData_fma_large/row39132.csv
SKIPPING: metaTables/vocal_music_demucs_16k/metaData_fma_large/row39133.csv
SKIPPING: metaTables/vocal_music_demucs_16k/metaData_fma_large/row39134.csv
SKIPPING: metaTables/vocal_music_demucs_16k/metaData_fma_large/row39135.csv
SKIPPING: metaTables/vocal_music_demucs_16k/metaData_fma_large/row39136.csv
SKIPPING: metaTables/vocal_music_demucs_16k/metaData_fma_large/row39137.csv
SKIPPING: metaTables/vocal_music_demucs_16k/metaData_fma_large/row39138.csv
SKIPPING: metaTables/vocal_music_demucs_16k/metaData_fma_large/row39139.csv
SKIPPING: metaTables/vocal_music_demucs_16k/metaData_fma_large/row39140.csv
SKIPPING: metaTables/vocal_music_demucs_16k/metaData_fma_large/row39141.csv
SKIPPING: metaTables/vocal_music_demucs_16k/metaData_fma_large/row39142.csv
SKIPPING: metaTables/vocal_music_demucs_16k/metaData_fma_large/row39143.csv
SKIPPING: metaTables/vocal_music_demucs_16k/metaData_fma_large/row39144.csv
SKIPPING: metaTables/vocal_music_demucs_16k/metaData_fma_large/row39145.csv
SKIPPING: metaTables/vocal_music_demucs_16k/metaData_fma_large/row39146.csv
SKIPPING: metaTables/vocal_music_demucs_16k/metaData_fma_large/row39147.csv
SKIPPING: metaTables/vocal_music_demucs_16k/metaData_fma_large/row39148.csv
SKIPPING: metaTables/vocal_music_demucs_16k/metaData_fma_large/row39149.csv
SKIPPING: metaTables/vocal_music_demucs_16k/metaData_fma_large/row39150.csv
SKIPPING: metaTables/vocal_music_demucs_16k/metaData_fma_large/row39151.csv
SKIPPING: metaTables/vocal_music_demucs_16k/metaData_fma_large/row39152.csv
SKIPPING: metaTables/vocal_music_demucs_16k/metaData_fma_large/row39153.csv
SKIPPING: metaTables/vocal_music_demucs_16k/metaData_fma_large/row39154.csv
SKIPPING: metaTables/vocal_music_demucs_16k/metaData_fma_large/row39155.csv
SKIPPING: metaTables/vocal_music_demucs_16k/metaData_fma_large/row39156.csv
SKIPPING: metaTables/vocal_music_demucs_16k/metaData_fma_large/row39157.csv
SKIPPING: metaTables/vocal_music_demucs_16k/metaData_fma_large/row39158.csv
SKIPPING: metaTables/vocal_music_demucs_16k/metaData_fma_large/row39159.csv
SKIPPING: metaTables/vocal_music_demucs_16k/metaData_fma_large/row39160.csv
SKIPPING: metaTables/vocal_music_demucs_16k/metaData_fma_large/row39161.csv
SKIPPING: metaTables/vocal_music_demucs_16k/metaData_fma_large/row39162.csv
SKIPPING: metaTables/vocal_music_demucs_16k/metaData_fma_large/row39163.csv
SKIPPING: metaTables/vocal_music_demucs_16k/metaData_fma_large/row39164.csv
SKIPPING: metaTables/vocal_music_demucs_16k/metaData_fma_large/row39165.csv
SKIPPING: metaTables/vocal_music_demucs_16k/metaData_fma_large/row39166.csv
SKIPPING: metaTables/vocal_music_demucs_16k/metaData_fma_large/row39167.csv
SKIPPING: metaTables/vocal_music_demucs_16k/metaData_fma_large/row39168.csv
SKIPPING: metaTables/vocal_music_demucs_16k/metaData_fma_large/row39169.csv
SKIPPING: metaTables/vocal_music_demucs_16k/metaData_fma_large/row39170.csv
SKIPPING: metaTables/vocal_music_demucs_16k/metaData_fma_large/row39171.csv
SKIPPING: metaTables/vocal_music_demucs_16k/metaData_fma_large/row39172.csv
SKIPPING: metaTables/vocal_music_demucs_16k/metaData_fma_large/row39173.csv
SKIPPING: metaTables/vocal_music_demucs_16k/metaData_fma_large/row39174.csv
SKIPPING: metaTables/vocal_music_demucs_16k/metaData_fma_large/row39175.csv
SKIPPING: metaTables/vocal_music_demucs_16k/metaData_fma_large/row39176.csv
SKIPPING: metaTables/vocal_music_demucs_16k/metaData_fma_large/row39177.csv
SKIPPING: metaTables/vocal_music_demucs_16k/metaData_fma_large/row39178.csv
SKIPPING: metaTables/vocal_music_demucs_16k/metaData_fma_large/row39179.csv
SKIPPING: metaTables/vocal_music_demucs_16k/metaData_fma_large/row39180.csv
SKIPPING: metaTables/vocal_music_demucs_16k/metaData_fma_large/row39181.csv
SKIPPING: metaTables/vocal_music_demucs_16k/metaData_fma_large/row39182.csv
SKIPPING: metaTables/vocal_music_demucs_16k/metaData_fma_large/row39183.csv
SKIPPING: metaTables/vocal_music_demucs_16k/metaData_fma_large/row39184.csv
SKIPPING: metaTables/vocal_music_demucs_16k/metaData_fma_large/row39185.csv
SKIPPING: metaTables/vocal_music_demucs_16k/metaData_fma_large/row39186.csv
SKIPPING: metaTables/vocal_music_demucs_16k/metaData_fma_large/row39187.csv
SKIPPING: metaTables/vocal_music_demucs_16k/metaData_fma_large/row39188.csv
SKIPPING: metaTables/vocal_music_demucs_16k/metaData_fma_large/row39189.csv
SKIPPING: metaTables/vocal_music_demucs_16k/metaData_fma_large/row39190.csv
SKIPPING: metaTables/vocal_music_demucs_16k/metaData_fma_large/row39191.csv
SKIPPING: metaTables/vocal_music_demucs_16k/metaData_fma_large/row39192.csv
SKIPPING: metaTables/vocal_music_demucs_16k/metaData_fma_large/row39193.csv
SKIPPING: metaTables/vocal_music_demucs_16k/metaData_fma_large/row39194.csv
SKIPPING: metaTables/vocal_music_demucs_16k/metaData_fma_large/row39195.csv
SKIPPING: metaTables/vocal_music_demucs_16k/metaData_fma_large/row39196.csv
SKIPPING: metaTables/vocal_music_demucs_16k/metaData_fma_large/row39197.csv
SKIPPING: metaTables/vocal_music_demucs_16k/metaData_fma_large/row39198.csv
SKIPPING: metaTables/vocal_music_demucs_16k/metaData_fma_large/row39199.csv
Demucs voice recognition done!
