/ext3/demucs/lib/python3.9/site-packages/demucs/api.py:27: UserWarning: TorchAudio's global backend is now deprecated. Please enable distpatcher by setting `TORCHAUDIO_USE_BACKEND_DISPATCHER=1`, and specify backend when calling load/info/save function.
  import torchaudio as ta
2024-05-08 23:36:44.089842: I tensorflow/core/util/port.cc:113] oneDNN custom operations are on. You may see slightly different numerical results due to floating-point round-off errors from different computation orders. To turn them off, set the environment variable `TF_ENABLE_ONEDNN_OPTS=0`.
2024-05-08 23:36:47.255233: E external/local_xla/xla/stream_executor/cuda/cuda_dnn.cc:9261] Unable to register cuDNN factory: Attempting to register factory for plugin cuDNN when one has already been registered
2024-05-08 23:36:47.255271: E external/local_xla/xla/stream_executor/cuda/cuda_fft.cc:607] Unable to register cuFFT factory: Attempting to register factory for plugin cuFFT when one has already been registered
2024-05-08 23:36:47.524745: E external/local_xla/xla/stream_executor/cuda/cuda_blas.cc:1515] Unable to register cuBLAS factory: Attempting to register factory for plugin cuBLAS when one has already been registered
2024-05-08 23:36:47.986247: I tensorflow/core/platform/cpu_feature_guard.cc:182] This TensorFlow binary is optimized to use available CPU instructions in performance-critical operations.
To enable the following instructions: AVX2 AVX512F AVX512_VNNI FMA, in other operations, rebuild TensorFlow with the appropriate compiler flags.
2024-05-08 23:36:51.284003: W tensorflow/compiler/tf2tensorrt/utils/py_utils.cc:38] TF-TRT Warning: Could not find TensorRT
Execution time: 26.726152420043945 seconds
metaTables/vocal_music_demucs_16k/metaData_fma_large/row46500.csv
Execution time: 25.351186990737915 seconds
metaTables/vocal_music_demucs_16k/metaData_fma_large/row46501.csv
Execution time: 25.005041122436523 seconds
metaTables/vocal_music_demucs_16k/metaData_fma_large/row46502.csv
Execution time: 24.961385250091553 seconds
metaTables/vocal_music_demucs_16k/metaData_fma_large/row46503.csv
Execution time: 24.506694555282593 seconds
metaTables/vocal_music_demucs_16k/metaData_fma_large/row46504.csv
Execution time: 25.399172067642212 seconds
metaTables/vocal_music_demucs_16k/metaData_fma_large/row46505.csv
Execution time: 24.458461046218872 seconds
metaTables/vocal_music_demucs_16k/metaData_fma_large/row46506.csv
Execution time: 24.857338190078735 seconds
metaTables/vocal_music_demucs_16k/metaData_fma_large/row46507.csv
Execution time: 24.99817943572998 seconds
metaTables/vocal_music_demucs_16k/metaData_fma_large/row46508.csv
Execution time: 24.242050647735596 seconds
metaTables/vocal_music_demucs_16k/metaData_fma_large/row46509.csv
Execution time: 26.507492303848267 seconds
metaTables/vocal_music_demucs_16k/metaData_fma_large/row46510.csv
Execution time: 24.927347898483276 seconds
metaTables/vocal_music_demucs_16k/metaData_fma_large/row46511.csv
Execution time: 24.338392734527588 seconds
metaTables/vocal_music_demucs_16k/metaData_fma_large/row46512.csv
Execution time: 25.467103242874146 seconds
metaTables/vocal_music_demucs_16k/metaData_fma_large/row46513.csv
Execution time: 25.133311986923218 seconds
metaTables/vocal_music_demucs_16k/metaData_fma_large/row46514.csv
Execution time: 24.665387630462646 seconds
metaTables/vocal_music_demucs_16k/metaData_fma_large/row46515.csv
Execution time: 23.70739245414734 seconds
metaTables/vocal_music_demucs_16k/metaData_fma_large/row46516.csv
Execution time: 24.007904767990112 seconds
metaTables/vocal_music_demucs_16k/metaData_fma_large/row46517.csv
Execution time: 25.097564697265625 seconds
metaTables/vocal_music_demucs_16k/metaData_fma_large/row46518.csv
Execution time: 24.61963677406311 seconds
metaTables/vocal_music_demucs_16k/metaData_fma_large/row46519.csv
Execution time: 25.015533447265625 seconds
metaTables/vocal_music_demucs_16k/metaData_fma_large/row46520.csv
Execution time: 24.314518213272095 seconds
metaTables/vocal_music_demucs_16k/metaData_fma_large/row46521.csv
Execution time: 25.918020248413086 seconds
metaTables/vocal_music_demucs_16k/metaData_fma_large/row46522.csv
Execution time: 24.11605739593506 seconds
metaTables/vocal_music_demucs_16k/metaData_fma_large/row46523.csv
Execution time: 25.2248797416687 seconds
metaTables/vocal_music_demucs_16k/metaData_fma_large/row46524.csv
Execution time: 26.031155586242676 seconds
metaTables/vocal_music_demucs_16k/metaData_fma_large/row46525.csv
Execution time: 25.61018943786621 seconds
metaTables/vocal_music_demucs_16k/metaData_fma_large/row46526.csv
Execution time: 24.616323232650757 seconds
metaTables/vocal_music_demucs_16k/metaData_fma_large/row46527.csv
Execution time: 24.405638456344604 seconds
metaTables/vocal_music_demucs_16k/metaData_fma_large/row46528.csv
Execution time: 24.151854753494263 seconds
metaTables/vocal_music_demucs_16k/metaData_fma_large/row46529.csv
Execution time: 25.71352791786194 seconds
metaTables/vocal_music_demucs_16k/metaData_fma_large/row46530.csv
Execution time: 23.852718591690063 seconds
metaTables/vocal_music_demucs_16k/metaData_fma_large/row46531.csv
Execution time: 25.102131605148315 seconds
metaTables/vocal_music_demucs_16k/metaData_fma_large/row46532.csv
Execution time: 24.370845317840576 seconds
metaTables/vocal_music_demucs_16k/metaData_fma_large/row46533.csv
Execution time: 24.957093954086304 seconds
metaTables/vocal_music_demucs_16k/metaData_fma_large/row46534.csv
Execution time: 24.059932947158813 seconds
metaTables/vocal_music_demucs_16k/metaData_fma_large/row46535.csv
Execution time: 25.71887993812561 seconds
metaTables/vocal_music_demucs_16k/metaData_fma_large/row46536.csv
Execution time: 25.78949284553528 seconds
metaTables/vocal_music_demucs_16k/metaData_fma_large/row46537.csv
Execution time: 25.333866357803345 seconds
metaTables/vocal_music_demucs_16k/metaData_fma_large/row46538.csv
Execution time: 25.047966241836548 seconds
metaTables/vocal_music_demucs_16k/metaData_fma_large/row46539.csv
Execution time: 25.310166358947754 seconds
metaTables/vocal_music_demucs_16k/metaData_fma_large/row46540.csv
Execution time: 25.673815965652466 seconds
metaTables/vocal_music_demucs_16k/metaData_fma_large/row46541.csv
Execution time: 25.043604135513306 seconds
metaTables/vocal_music_demucs_16k/metaData_fma_large/row46542.csv
Execution time: 24.51483917236328 seconds
metaTables/vocal_music_demucs_16k/metaData_fma_large/row46543.csv
Execution time: 25.09339213371277 seconds
metaTables/vocal_music_demucs_16k/metaData_fma_large/row46544.csv
Execution time: 24.594571352005005 seconds
metaTables/vocal_music_demucs_16k/metaData_fma_large/row46545.csv
Execution time: 25.35023832321167 seconds
metaTables/vocal_music_demucs_16k/metaData_fma_large/row46546.csv
Execution time: 24.705909252166748 seconds
metaTables/vocal_music_demucs_16k/metaData_fma_large/row46547.csv
Execution time: 25.468295335769653 seconds
metaTables/vocal_music_demucs_16k/metaData_fma_large/row46548.csv
Execution time: 24.62959599494934 seconds
metaTables/vocal_music_demucs_16k/metaData_fma_large/row46549.csv
Execution time: 24.38502264022827 seconds
metaTables/vocal_music_demucs_16k/metaData_fma_large/row46550.csv
Execution time: 26.08321452140808 seconds
metaTables/vocal_music_demucs_16k/metaData_fma_large/row46551.csv
Execution time: 25.09329128265381 seconds
metaTables/vocal_music_demucs_16k/metaData_fma_large/row46552.csv
Execution time: 24.74320340156555 seconds
metaTables/vocal_music_demucs_16k/metaData_fma_large/row46553.csv
Execution time: 25.422900438308716 seconds
metaTables/vocal_music_demucs_16k/metaData_fma_large/row46554.csv
Execution time: 24.398305416107178 seconds
metaTables/vocal_music_demucs_16k/metaData_fma_large/row46555.csv
Execution time: 24.175999402999878 seconds
metaTables/vocal_music_demucs_16k/metaData_fma_large/row46556.csv
Execution time: 27.648297786712646 seconds
metaTables/vocal_music_demucs_16k/metaData_fma_large/row46557.csv
Execution time: 24.36851406097412 seconds
metaTables/vocal_music_demucs_16k/metaData_fma_large/row46558.csv
Execution time: 24.581705808639526 seconds
metaTables/vocal_music_demucs_16k/metaData_fma_large/row46559.csv
Execution time: 16.186017990112305 seconds
metaTables/vocal_music_demucs_16k/metaData_fma_large/row46560.csv
Execution time: 24.633436679840088 seconds
metaTables/vocal_music_demucs_16k/metaData_fma_large/row46561.csv
Execution time: 25.74954867362976 seconds
metaTables/vocal_music_demucs_16k/metaData_fma_large/row46562.csv
Execution time: 24.937278747558594 seconds
metaTables/vocal_music_demucs_16k/metaData_fma_large/row46563.csv
Execution time: 24.880534410476685 seconds
metaTables/vocal_music_demucs_16k/metaData_fma_large/row46564.csv
Execution time: 24.91667342185974 seconds
metaTables/vocal_music_demucs_16k/metaData_fma_large/row46565.csv
Execution time: 24.880266427993774 seconds
metaTables/vocal_music_demucs_16k/metaData_fma_large/row46566.csv
Execution time: 25.2264301776886 seconds
metaTables/vocal_music_demucs_16k/metaData_fma_large/row46567.csv
Execution time: 23.968953609466553 seconds
metaTables/vocal_music_demucs_16k/metaData_fma_large/row46568.csv
Execution time: 24.82050657272339 seconds
metaTables/vocal_music_demucs_16k/metaData_fma_large/row46569.csv
Execution time: 25.30133819580078 seconds
metaTables/vocal_music_demucs_16k/metaData_fma_large/row46570.csv
Execution time: 25.096092462539673 seconds
metaTables/vocal_music_demucs_16k/metaData_fma_large/row46571.csv
Execution time: 25.636163234710693 seconds
metaTables/vocal_music_demucs_16k/metaData_fma_large/row46572.csv
Execution time: 25.046769857406616 seconds
metaTables/vocal_music_demucs_16k/metaData_fma_large/row46573.csv
Execution time: 24.58055329322815 seconds
metaTables/vocal_music_demucs_16k/metaData_fma_large/row46574.csv
Execution time: 25.777198314666748 seconds
metaTables/vocal_music_demucs_16k/metaData_fma_large/row46575.csv
Execution time: 24.807138442993164 seconds
metaTables/vocal_music_demucs_16k/metaData_fma_large/row46576.csv
Execution time: 25.677329063415527 seconds
metaTables/vocal_music_demucs_16k/metaData_fma_large/row46577.csv
Execution time: 25.228655099868774 seconds
metaTables/vocal_music_demucs_16k/metaData_fma_large/row46578.csv
Execution time: 25.49894881248474 seconds
metaTables/vocal_music_demucs_16k/metaData_fma_large/row46579.csv
Execution time: 24.920856952667236 seconds
metaTables/vocal_music_demucs_16k/metaData_fma_large/row46580.csv
Execution time: 25.703810930252075 seconds
metaTables/vocal_music_demucs_16k/metaData_fma_large/row46581.csv
Execution time: 24.20348286628723 seconds
metaTables/vocal_music_demucs_16k/metaData_fma_large/row46582.csv
Execution time: 25.28652000427246 seconds
metaTables/vocal_music_demucs_16k/metaData_fma_large/row46583.csv
Execution time: 24.956254720687866 seconds
metaTables/vocal_music_demucs_16k/metaData_fma_large/row46584.csv
Execution time: 24.671685218811035 seconds
metaTables/vocal_music_demucs_16k/metaData_fma_large/row46585.csv
Execution time: 24.068812608718872 seconds
metaTables/vocal_music_demucs_16k/metaData_fma_large/row46586.csv
Execution time: 25.36505961418152 seconds
metaTables/vocal_music_demucs_16k/metaData_fma_large/row46587.csv
Execution time: 24.188501358032227 seconds
metaTables/vocal_music_demucs_16k/metaData_fma_large/row46588.csv
Execution time: 24.807472944259644 seconds
metaTables/vocal_music_demucs_16k/metaData_fma_large/row46589.csv
Execution time: 24.54365110397339 seconds
metaTables/vocal_music_demucs_16k/metaData_fma_large/row46590.csv
Execution time: 25.169042110443115 seconds
metaTables/vocal_music_demucs_16k/metaData_fma_large/row46591.csv
Execution time: 25.852901220321655 seconds
metaTables/vocal_music_demucs_16k/metaData_fma_large/row46592.csv
Execution time: 26.31258535385132 seconds
metaTables/vocal_music_demucs_16k/metaData_fma_large/row46593.csv
Execution time: 24.864038944244385 seconds
metaTables/vocal_music_demucs_16k/metaData_fma_large/row46594.csv
Execution time: 24.513542652130127 seconds
metaTables/vocal_music_demucs_16k/metaData_fma_large/row46595.csv
Execution time: 25.039273023605347 seconds
metaTables/vocal_music_demucs_16k/metaData_fma_large/row46596.csv
Execution time: 24.531201601028442 seconds
metaTables/vocal_music_demucs_16k/metaData_fma_large/row46597.csv
Execution time: 24.437490701675415 seconds
metaTables/vocal_music_demucs_16k/metaData_fma_large/row46598.csv
Execution time: 23.822553157806396 seconds
metaTables/vocal_music_demucs_16k/metaData_fma_large/row46599.csv
Demucs voice recognition done!
