/ext3/demucs/lib/python3.9/site-packages/demucs/api.py:27: UserWarning: TorchAudio's global backend is now deprecated. Please enable distpatcher by setting `TORCHAUDIO_USE_BACKEND_DISPATCHER=1`, and specify backend when calling load/info/save function.
  import torchaudio as ta
2024-05-09 00:20:25.421979: I tensorflow/core/util/port.cc:113] oneDNN custom operations are on. You may see slightly different numerical results due to floating-point round-off errors from different computation orders. To turn them off, set the environment variable `TF_ENABLE_ONEDNN_OPTS=0`.
2024-05-09 00:20:26.623437: E external/local_xla/xla/stream_executor/cuda/cuda_dnn.cc:9261] Unable to register cuDNN factory: Attempting to register factory for plugin cuDNN when one has already been registered
2024-05-09 00:20:26.623482: E external/local_xla/xla/stream_executor/cuda/cuda_fft.cc:607] Unable to register cuFFT factory: Attempting to register factory for plugin cuFFT when one has already been registered
2024-05-09 00:20:26.666489: E external/local_xla/xla/stream_executor/cuda/cuda_blas.cc:1515] Unable to register cuBLAS factory: Attempting to register factory for plugin cuBLAS when one has already been registered
2024-05-09 00:20:26.781474: I tensorflow/core/platform/cpu_feature_guard.cc:182] This TensorFlow binary is optimized to use available CPU instructions in performance-critical operations.
To enable the following instructions: AVX2 AVX512F AVX512_VNNI FMA, in other operations, rebuild TensorFlow with the appropriate compiler flags.
2024-05-09 00:20:28.617162: W tensorflow/compiler/tf2tensorrt/utils/py_utils.cc:38] TF-TRT Warning: Could not find TensorRT
Execution time: 29.76924753189087 seconds
metaTables/vocal_music_demucs_16k/metaData_fma_large/row101400.csv
Execution time: 24.87669801712036 seconds
metaTables/vocal_music_demucs_16k/metaData_fma_large/row101401.csv
Execution time: 26.072116374969482 seconds
metaTables/vocal_music_demucs_16k/metaData_fma_large/row101402.csv
Execution time: 26.03779935836792 seconds
metaTables/vocal_music_demucs_16k/metaData_fma_large/row101403.csv
Execution time: 26.334301948547363 seconds
metaTables/vocal_music_demucs_16k/metaData_fma_large/row101404.csv
Execution time: 25.568764448165894 seconds
metaTables/vocal_music_demucs_16k/metaData_fma_large/row101405.csv
Execution time: 25.525774478912354 seconds
metaTables/vocal_music_demucs_16k/metaData_fma_large/row101406.csv
Execution time: 25.69549798965454 seconds
metaTables/vocal_music_demucs_16k/metaData_fma_large/row101407.csv
Execution time: 27.154734134674072 seconds
metaTables/vocal_music_demucs_16k/metaData_fma_large/row101408.csv
Execution time: 25.117177486419678 seconds
metaTables/vocal_music_demucs_16k/metaData_fma_large/row101409.csv
Execution time: 26.191216468811035 seconds
metaTables/vocal_music_demucs_16k/metaData_fma_large/row101410.csv
Execution time: 25.431753873825073 seconds
metaTables/vocal_music_demucs_16k/metaData_fma_large/row101411.csv
Execution time: 26.670452117919922 seconds
metaTables/vocal_music_demucs_16k/metaData_fma_large/row101412.csv
Execution time: 24.912569522857666 seconds
metaTables/vocal_music_demucs_16k/metaData_fma_large/row101413.csv
Execution time: 26.70049810409546 seconds
metaTables/vocal_music_demucs_16k/metaData_fma_large/row101414.csv
Execution time: 25.76414966583252 seconds
metaTables/vocal_music_demucs_16k/metaData_fma_large/row101415.csv
Execution time: 26.26491665840149 seconds
metaTables/vocal_music_demucs_16k/metaData_fma_large/row101416.csv
Execution time: 25.871395111083984 seconds
metaTables/vocal_music_demucs_16k/metaData_fma_large/row101417.csv
Execution time: 26.073038339614868 seconds
metaTables/vocal_music_demucs_16k/metaData_fma_large/row101418.csv
Execution time: 26.03899359703064 seconds
metaTables/vocal_music_demucs_16k/metaData_fma_large/row101419.csv
Execution time: 25.91665816307068 seconds
metaTables/vocal_music_demucs_16k/metaData_fma_large/row101420.csv
Execution time: 26.640148639678955 seconds
metaTables/vocal_music_demucs_16k/metaData_fma_large/row101421.csv
Execution time: 25.87751340866089 seconds
metaTables/vocal_music_demucs_16k/metaData_fma_large/row101422.csv
Execution time: 25.785046100616455 seconds
metaTables/vocal_music_demucs_16k/metaData_fma_large/row101423.csv
Execution time: 25.269675254821777 seconds
metaTables/vocal_music_demucs_16k/metaData_fma_large/row101424.csv
Execution time: 25.32233428955078 seconds
metaTables/vocal_music_demucs_16k/metaData_fma_large/row101425.csv
Execution time: 25.339496850967407 seconds
metaTables/vocal_music_demucs_16k/metaData_fma_large/row101426.csv
Execution time: 26.010780572891235 seconds
metaTables/vocal_music_demucs_16k/metaData_fma_large/row101427.csv
Execution time: 25.322160959243774 seconds
metaTables/vocal_music_demucs_16k/metaData_fma_large/row101428.csv
Execution time: 26.184757232666016 seconds
metaTables/vocal_music_demucs_16k/metaData_fma_large/row101429.csv
Execution time: 26.955320835113525 seconds
metaTables/vocal_music_demucs_16k/metaData_fma_large/row101430.csv
Execution time: 26.64382767677307 seconds
metaTables/vocal_music_demucs_16k/metaData_fma_large/row101431.csv
Execution time: 26.98084259033203 seconds
metaTables/vocal_music_demucs_16k/metaData_fma_large/row101432.csv
Execution time: 25.40325403213501 seconds
metaTables/vocal_music_demucs_16k/metaData_fma_large/row101433.csv
Execution time: 25.745676517486572 seconds
metaTables/vocal_music_demucs_16k/metaData_fma_large/row101434.csv
Execution time: 25.798425912857056 seconds
metaTables/vocal_music_demucs_16k/metaData_fma_large/row101435.csv
Execution time: 25.883490085601807 seconds
metaTables/vocal_music_demucs_16k/metaData_fma_large/row101436.csv
Execution time: 25.27609658241272 seconds
metaTables/vocal_music_demucs_16k/metaData_fma_large/row101437.csv
Execution time: 26.642296075820923 seconds
metaTables/vocal_music_demucs_16k/metaData_fma_large/row101438.csv
Execution time: 28.09398603439331 seconds
metaTables/vocal_music_demucs_16k/metaData_fma_large/row101439.csv
Execution time: 25.442288398742676 seconds
metaTables/vocal_music_demucs_16k/metaData_fma_large/row101440.csv
Execution time: 25.69101881980896 seconds
metaTables/vocal_music_demucs_16k/metaData_fma_large/row101441.csv
Execution time: 26.09490132331848 seconds
metaTables/vocal_music_demucs_16k/metaData_fma_large/row101442.csv
Execution time: 26.119441509246826 seconds
metaTables/vocal_music_demucs_16k/metaData_fma_large/row101443.csv
Execution time: 25.879570960998535 seconds
metaTables/vocal_music_demucs_16k/metaData_fma_large/row101444.csv
Execution time: 25.91694951057434 seconds
metaTables/vocal_music_demucs_16k/metaData_fma_large/row101445.csv
Execution time: 26.028982639312744 seconds
metaTables/vocal_music_demucs_16k/metaData_fma_large/row101446.csv
Execution time: 26.047978401184082 seconds
metaTables/vocal_music_demucs_16k/metaData_fma_large/row101447.csv
Execution time: 27.312419891357422 seconds
metaTables/vocal_music_demucs_16k/metaData_fma_large/row101448.csv
Execution time: 25.52774477005005 seconds
metaTables/vocal_music_demucs_16k/metaData_fma_large/row101449.csv
Execution time: 26.110839128494263 seconds
metaTables/vocal_music_demucs_16k/metaData_fma_large/row101450.csv
Execution time: 25.492586135864258 seconds
metaTables/vocal_music_demucs_16k/metaData_fma_large/row101451.csv
Execution time: 26.076571941375732 seconds
metaTables/vocal_music_demucs_16k/metaData_fma_large/row101452.csv
Execution time: 25.698687076568604 seconds
metaTables/vocal_music_demucs_16k/metaData_fma_large/row101453.csv
Execution time: 26.62574052810669 seconds
metaTables/vocal_music_demucs_16k/metaData_fma_large/row101454.csv
Execution time: 26.291778564453125 seconds
metaTables/vocal_music_demucs_16k/metaData_fma_large/row101455.csv
Execution time: 26.287503242492676 seconds
metaTables/vocal_music_demucs_16k/metaData_fma_large/row101456.csv
Execution time: 26.55777645111084 seconds
metaTables/vocal_music_demucs_16k/metaData_fma_large/row101457.csv
Execution time: 26.254273653030396 seconds
metaTables/vocal_music_demucs_16k/metaData_fma_large/row101458.csv
Execution time: 26.01631784439087 seconds
metaTables/vocal_music_demucs_16k/metaData_fma_large/row101459.csv
Execution time: 25.827702045440674 seconds
metaTables/vocal_music_demucs_16k/metaData_fma_large/row101460.csv
Execution time: 26.719151258468628 seconds
metaTables/vocal_music_demucs_16k/metaData_fma_large/row101461.csv
Execution time: 26.6305410861969 seconds
metaTables/vocal_music_demucs_16k/metaData_fma_large/row101462.csv
Execution time: 25.66285538673401 seconds
metaTables/vocal_music_demucs_16k/metaData_fma_large/row101463.csv
Execution time: 25.596753358840942 seconds
metaTables/vocal_music_demucs_16k/metaData_fma_large/row101464.csv
Execution time: 25.763184070587158 seconds
metaTables/vocal_music_demucs_16k/metaData_fma_large/row101465.csv
Execution time: 25.527941703796387 seconds
metaTables/vocal_music_demucs_16k/metaData_fma_large/row101466.csv
Execution time: 24.961705446243286 seconds
metaTables/vocal_music_demucs_16k/metaData_fma_large/row101467.csv
Execution time: 26.477121591567993 seconds
metaTables/vocal_music_demucs_16k/metaData_fma_large/row101468.csv
Execution time: 24.981730461120605 seconds
metaTables/vocal_music_demucs_16k/metaData_fma_large/row101469.csv
Execution time: 25.784396171569824 seconds
metaTables/vocal_music_demucs_16k/metaData_fma_large/row101470.csv
Execution time: 25.366081714630127 seconds
metaTables/vocal_music_demucs_16k/metaData_fma_large/row101471.csv
Execution time: 25.00013494491577 seconds
metaTables/vocal_music_demucs_16k/metaData_fma_large/row101472.csv
Execution time: 25.6308274269104 seconds
metaTables/vocal_music_demucs_16k/metaData_fma_large/row101473.csv
Execution time: 25.6637761592865 seconds
metaTables/vocal_music_demucs_16k/metaData_fma_large/row101474.csv
Execution time: 26.065534353256226 seconds
metaTables/vocal_music_demucs_16k/metaData_fma_large/row101475.csv
Execution time: 26.124130487442017 seconds
metaTables/vocal_music_demucs_16k/metaData_fma_large/row101476.csv
Execution time: 25.873338222503662 seconds
metaTables/vocal_music_demucs_16k/metaData_fma_large/row101477.csv
Execution time: 25.700355768203735 seconds
metaTables/vocal_music_demucs_16k/metaData_fma_large/row101478.csv
Execution time: 27.41704249382019 seconds
metaTables/vocal_music_demucs_16k/metaData_fma_large/row101479.csv
Execution time: 26.213204383850098 seconds
metaTables/vocal_music_demucs_16k/metaData_fma_large/row101480.csv
Execution time: 25.92377209663391 seconds
metaTables/vocal_music_demucs_16k/metaData_fma_large/row101481.csv
Execution time: 26.309680700302124 seconds
metaTables/vocal_music_demucs_16k/metaData_fma_large/row101482.csv
Execution time: 25.586033582687378 seconds
metaTables/vocal_music_demucs_16k/metaData_fma_large/row101483.csv
Execution time: 26.113831043243408 seconds
metaTables/vocal_music_demucs_16k/metaData_fma_large/row101484.csv
Execution time: 26.194416284561157 seconds
metaTables/vocal_music_demucs_16k/metaData_fma_large/row101485.csv
Execution time: 26.303180694580078 seconds
metaTables/vocal_music_demucs_16k/metaData_fma_large/row101486.csv
Execution time: 26.016695499420166 seconds
metaTables/vocal_music_demucs_16k/metaData_fma_large/row101487.csv
Execution time: 25.773324251174927 seconds
metaTables/vocal_music_demucs_16k/metaData_fma_large/row101488.csv
Execution time: 25.40012001991272 seconds
metaTables/vocal_music_demucs_16k/metaData_fma_large/row101489.csv
Execution time: 26.108750104904175 seconds
metaTables/vocal_music_demucs_16k/metaData_fma_large/row101490.csv
Execution time: 24.918269872665405 seconds
metaTables/vocal_music_demucs_16k/metaData_fma_large/row101491.csv
Execution time: 26.186091661453247 seconds
metaTables/vocal_music_demucs_16k/metaData_fma_large/row101492.csv
Execution time: 25.328659296035767 seconds
metaTables/vocal_music_demucs_16k/metaData_fma_large/row101493.csv
Execution time: 26.150671243667603 seconds
metaTables/vocal_music_demucs_16k/metaData_fma_large/row101494.csv
Execution time: 26.10490393638611 seconds
metaTables/vocal_music_demucs_16k/metaData_fma_large/row101495.csv
Execution time: 26.091622591018677 seconds
metaTables/vocal_music_demucs_16k/metaData_fma_large/row101496.csv
Execution time: 26.04614233970642 seconds
metaTables/vocal_music_demucs_16k/metaData_fma_large/row101497.csv
Execution time: 26.132285833358765 seconds
metaTables/vocal_music_demucs_16k/metaData_fma_large/row101498.csv
Execution time: 25.387816190719604 seconds
metaTables/vocal_music_demucs_16k/metaData_fma_large/row101499.csv
Demucs voice recognition done!
