/ext3/demucs/lib/python3.9/site-packages/demucs/api.py:27: UserWarning: TorchAudio's global backend is now deprecated. Please enable distpatcher by setting `TORCHAUDIO_USE_BACKEND_DISPATCHER=1`, and specify backend when calling load/info/save function.
  import torchaudio as ta
2024-05-08 23:36:03.886118: I tensorflow/core/util/port.cc:113] oneDNN custom operations are on. You may see slightly different numerical results due to floating-point round-off errors from different computation orders. To turn them off, set the environment variable `TF_ENABLE_ONEDNN_OPTS=0`.
2024-05-08 23:36:08.297462: E external/local_xla/xla/stream_executor/cuda/cuda_dnn.cc:9261] Unable to register cuDNN factory: Attempting to register factory for plugin cuDNN when one has already been registered
2024-05-08 23:36:08.297503: E external/local_xla/xla/stream_executor/cuda/cuda_fft.cc:607] Unable to register cuFFT factory: Attempting to register factory for plugin cuFFT when one has already been registered
2024-05-08 23:36:08.660366: E external/local_xla/xla/stream_executor/cuda/cuda_blas.cc:1515] Unable to register cuBLAS factory: Attempting to register factory for plugin cuBLAS when one has already been registered
2024-05-08 23:36:09.079252: I tensorflow/core/platform/cpu_feature_guard.cc:182] This TensorFlow binary is optimized to use available CPU instructions in performance-critical operations.
To enable the following instructions: AVX2 AVX512F AVX512_VNNI FMA, in other operations, rebuild TensorFlow with the appropriate compiler flags.
2024-05-08 23:36:12.500994: W tensorflow/compiler/tf2tensorrt/utils/py_utils.cc:38] TF-TRT Warning: Could not find TensorRT
Execution time: 29.637802600860596 seconds
metaTables/vocal_music_demucs_16k/metaData_fma_large/row23800.csv
Execution time: 25.537277698516846 seconds
metaTables/vocal_music_demucs_16k/metaData_fma_large/row23801.csv
Execution time: 25.28464150428772 seconds
metaTables/vocal_music_demucs_16k/metaData_fma_large/row23802.csv
Execution time: 24.714255571365356 seconds
metaTables/vocal_music_demucs_16k/metaData_fma_large/row23803.csv
Execution time: 24.990764141082764 seconds
metaTables/vocal_music_demucs_16k/metaData_fma_large/row23804.csv
Execution time: 12.56317949295044 seconds
metaTables/vocal_music_demucs_16k/metaData_fma_large/row23805.csv
Execution time: 25.292781352996826 seconds
metaTables/vocal_music_demucs_16k/metaData_fma_large/row23806.csv
Execution time: 25.307913064956665 seconds
metaTables/vocal_music_demucs_16k/metaData_fma_large/row23807.csv
Execution time: 25.63579821586609 seconds
metaTables/vocal_music_demucs_16k/metaData_fma_large/row23808.csv
Execution time: 24.46603488922119 seconds
metaTables/vocal_music_demucs_16k/metaData_fma_large/row23809.csv
Execution time: 25.938814163208008 seconds
metaTables/vocal_music_demucs_16k/metaData_fma_large/row23810.csv
Execution time: 24.732409477233887 seconds
metaTables/vocal_music_demucs_16k/metaData_fma_large/row23811.csv
Execution time: 25.192211866378784 seconds
metaTables/vocal_music_demucs_16k/metaData_fma_large/row23812.csv
Execution time: 25.066718578338623 seconds
metaTables/vocal_music_demucs_16k/metaData_fma_large/row23813.csv
Execution time: 25.244897842407227 seconds
metaTables/vocal_music_demucs_16k/metaData_fma_large/row23814.csv
Execution time: 24.39097023010254 seconds
metaTables/vocal_music_demucs_16k/metaData_fma_large/row23815.csv
Execution time: 16.70978021621704 seconds
metaTables/vocal_music_demucs_16k/metaData_fma_large/row23816.csv
Execution time: 25.08388066291809 seconds
metaTables/vocal_music_demucs_16k/metaData_fma_large/row23817.csv
Execution time: 25.145219564437866 seconds
metaTables/vocal_music_demucs_16k/metaData_fma_large/row23818.csv
Execution time: 25.031494855880737 seconds
metaTables/vocal_music_demucs_16k/metaData_fma_large/row23819.csv
Execution time: 24.93136477470398 seconds
metaTables/vocal_music_demucs_16k/metaData_fma_large/row23820.csv
Execution time: 25.318658113479614 seconds
metaTables/vocal_music_demucs_16k/metaData_fma_large/row23821.csv
Execution time: 25.531373739242554 seconds
metaTables/vocal_music_demucs_16k/metaData_fma_large/row23822.csv
Execution time: 24.672654390335083 seconds
metaTables/vocal_music_demucs_16k/metaData_fma_large/row23823.csv
Execution time: 24.643969535827637 seconds
metaTables/vocal_music_demucs_16k/metaData_fma_large/row23824.csv
Execution time: 24.711281776428223 seconds
metaTables/vocal_music_demucs_16k/metaData_fma_large/row23825.csv
Execution time: 24.92117929458618 seconds
metaTables/vocal_music_demucs_16k/metaData_fma_large/row23826.csv
Execution time: 25.012325048446655 seconds
metaTables/vocal_music_demucs_16k/metaData_fma_large/row23827.csv
Execution time: 25.484923124313354 seconds
metaTables/vocal_music_demucs_16k/metaData_fma_large/row23828.csv
Execution time: 25.1565260887146 seconds
metaTables/vocal_music_demucs_16k/metaData_fma_large/row23829.csv
Execution time: 24.719677209854126 seconds
metaTables/vocal_music_demucs_16k/metaData_fma_large/row23830.csv
Execution time: 24.346035957336426 seconds
metaTables/vocal_music_demucs_16k/metaData_fma_large/row23831.csv
Execution time: 25.185148239135742 seconds
metaTables/vocal_music_demucs_16k/metaData_fma_large/row23832.csv
Execution time: 24.725700855255127 seconds
metaTables/vocal_music_demucs_16k/metaData_fma_large/row23833.csv
Execution time: 24.753854274749756 seconds
metaTables/vocal_music_demucs_16k/metaData_fma_large/row23834.csv
Execution time: 16.22589945793152 seconds
metaTables/vocal_music_demucs_16k/metaData_fma_large/row23835.csv
Execution time: 24.983872413635254 seconds
metaTables/vocal_music_demucs_16k/metaData_fma_large/row23836.csv
Execution time: 25.255243062973022 seconds
metaTables/vocal_music_demucs_16k/metaData_fma_large/row23837.csv
Execution time: 24.96912717819214 seconds
metaTables/vocal_music_demucs_16k/metaData_fma_large/row23838.csv
Execution time: 25.09906530380249 seconds
metaTables/vocal_music_demucs_16k/metaData_fma_large/row23839.csv
Execution time: 25.538816213607788 seconds
metaTables/vocal_music_demucs_16k/metaData_fma_large/row23840.csv
Execution time: 24.005296230316162 seconds
metaTables/vocal_music_demucs_16k/metaData_fma_large/row23841.csv
Execution time: 16.6442711353302 seconds
metaTables/vocal_music_demucs_16k/metaData_fma_large/row23842.csv
Execution time: 24.84339427947998 seconds
metaTables/vocal_music_demucs_16k/metaData_fma_large/row23843.csv
Execution time: 25.030325174331665 seconds
metaTables/vocal_music_demucs_16k/metaData_fma_large/row23844.csv
Execution time: 24.567134141921997 seconds
metaTables/vocal_music_demucs_16k/metaData_fma_large/row23845.csv
Execution time: 26.17922306060791 seconds
metaTables/vocal_music_demucs_16k/metaData_fma_large/row23846.csv
Execution time: 24.86881136894226 seconds
metaTables/vocal_music_demucs_16k/metaData_fma_large/row23847.csv
Execution time: 25.675769090652466 seconds
metaTables/vocal_music_demucs_16k/metaData_fma_large/row23848.csv
Execution time: 24.808247089385986 seconds
metaTables/vocal_music_demucs_16k/metaData_fma_large/row23849.csv
Execution time: 24.850318670272827 seconds
metaTables/vocal_music_demucs_16k/metaData_fma_large/row23850.csv
Execution time: 23.97009587287903 seconds
metaTables/vocal_music_demucs_16k/metaData_fma_large/row23851.csv
Execution time: 24.840409994125366 seconds
metaTables/vocal_music_demucs_16k/metaData_fma_large/row23852.csv
Execution time: 24.703183889389038 seconds
metaTables/vocal_music_demucs_16k/metaData_fma_large/row23853.csv
Execution time: 25.582615852355957 seconds
metaTables/vocal_music_demucs_16k/metaData_fma_large/row23854.csv
Execution time: 26.438008785247803 seconds
metaTables/vocal_music_demucs_16k/metaData_fma_large/row23855.csv
Execution time: 25.750489950180054 seconds
metaTables/vocal_music_demucs_16k/metaData_fma_large/row23856.csv
Execution time: 25.15571141242981 seconds
metaTables/vocal_music_demucs_16k/metaData_fma_large/row23857.csv
Execution time: 25.239628553390503 seconds
metaTables/vocal_music_demucs_16k/metaData_fma_large/row23858.csv
Execution time: 24.56520390510559 seconds
metaTables/vocal_music_demucs_16k/metaData_fma_large/row23859.csv
Execution time: 24.519443035125732 seconds
metaTables/vocal_music_demucs_16k/metaData_fma_large/row23860.csv
Execution time: 25.4912211894989 seconds
metaTables/vocal_music_demucs_16k/metaData_fma_large/row23861.csv
Execution time: 24.707504510879517 seconds
metaTables/vocal_music_demucs_16k/metaData_fma_large/row23862.csv
Execution time: 24.98858332633972 seconds
metaTables/vocal_music_demucs_16k/metaData_fma_large/row23863.csv
Execution time: 24.91159152984619 seconds
metaTables/vocal_music_demucs_16k/metaData_fma_large/row23864.csv
Execution time: 25.004701375961304 seconds
metaTables/vocal_music_demucs_16k/metaData_fma_large/row23865.csv
Execution time: 25.40647053718567 seconds
metaTables/vocal_music_demucs_16k/metaData_fma_large/row23866.csv
Execution time: 25.26879382133484 seconds
metaTables/vocal_music_demucs_16k/metaData_fma_large/row23867.csv
Execution time: 25.54206109046936 seconds
metaTables/vocal_music_demucs_16k/metaData_fma_large/row23868.csv
Execution time: 25.021498918533325 seconds
metaTables/vocal_music_demucs_16k/metaData_fma_large/row23869.csv
Execution time: 25.197683334350586 seconds
metaTables/vocal_music_demucs_16k/metaData_fma_large/row23870.csv
Execution time: 25.583949327468872 seconds
metaTables/vocal_music_demucs_16k/metaData_fma_large/row23871.csv
Execution time: 25.070086240768433 seconds
metaTables/vocal_music_demucs_16k/metaData_fma_large/row23872.csv
Execution time: 25.277416229248047 seconds
metaTables/vocal_music_demucs_16k/metaData_fma_large/row23873.csv
Execution time: 25.350130319595337 seconds
metaTables/vocal_music_demucs_16k/metaData_fma_large/row23874.csv
Execution time: 25.289052724838257 seconds
metaTables/vocal_music_demucs_16k/metaData_fma_large/row23875.csv
Execution time: 26.510859966278076 seconds
metaTables/vocal_music_demucs_16k/metaData_fma_large/row23876.csv
Execution time: 24.909857034683228 seconds
metaTables/vocal_music_demucs_16k/metaData_fma_large/row23877.csv
Execution time: 25.28351664543152 seconds
metaTables/vocal_music_demucs_16k/metaData_fma_large/row23878.csv
Execution time: 25.139716625213623 seconds
metaTables/vocal_music_demucs_16k/metaData_fma_large/row23879.csv
Execution time: 25.42603325843811 seconds
metaTables/vocal_music_demucs_16k/metaData_fma_large/row23880.csv
Execution time: 24.424110174179077 seconds
metaTables/vocal_music_demucs_16k/metaData_fma_large/row23881.csv
Execution time: 24.82455325126648 seconds
metaTables/vocal_music_demucs_16k/metaData_fma_large/row23882.csv
Execution time: 24.59994411468506 seconds
metaTables/vocal_music_demucs_16k/metaData_fma_large/row23883.csv
Execution time: 25.625291109085083 seconds
metaTables/vocal_music_demucs_16k/metaData_fma_large/row23884.csv
Execution time: 27.423434257507324 seconds
metaTables/vocal_music_demucs_16k/metaData_fma_large/row23885.csv
Execution time: 25.30844020843506 seconds
metaTables/vocal_music_demucs_16k/metaData_fma_large/row23886.csv
Execution time: 24.511139154434204 seconds
metaTables/vocal_music_demucs_16k/metaData_fma_large/row23887.csv
Execution time: 25.64150857925415 seconds
metaTables/vocal_music_demucs_16k/metaData_fma_large/row23888.csv
Execution time: 24.564234018325806 seconds
metaTables/vocal_music_demucs_16k/metaData_fma_large/row23889.csv
Execution time: 25.96860146522522 seconds
metaTables/vocal_music_demucs_16k/metaData_fma_large/row23890.csv
Execution time: 24.75987219810486 seconds
metaTables/vocal_music_demucs_16k/metaData_fma_large/row23891.csv
Execution time: 25.54401445388794 seconds
metaTables/vocal_music_demucs_16k/metaData_fma_large/row23892.csv
Execution time: 25.146304607391357 seconds
metaTables/vocal_music_demucs_16k/metaData_fma_large/row23893.csv
Execution time: 25.672910690307617 seconds
metaTables/vocal_music_demucs_16k/metaData_fma_large/row23894.csv
Execution time: 25.685908794403076 seconds
metaTables/vocal_music_demucs_16k/metaData_fma_large/row23895.csv
Execution time: 25.1707501411438 seconds
metaTables/vocal_music_demucs_16k/metaData_fma_large/row23896.csv
Execution time: 26.01857352256775 seconds
metaTables/vocal_music_demucs_16k/metaData_fma_large/row23897.csv
Execution time: 25.57541847229004 seconds
metaTables/vocal_music_demucs_16k/metaData_fma_large/row23898.csv
Execution time: 25.941598892211914 seconds
metaTables/vocal_music_demucs_16k/metaData_fma_large/row23899.csv
Demucs voice recognition done!
