/ext3/demucs/lib/python3.9/site-packages/demucs/api.py:27: UserWarning: TorchAudio's global backend is now deprecated. Please enable distpatcher by setting `TORCHAUDIO_USE_BACKEND_DISPATCHER=1`, and specify backend when calling load/info/save function.
  import torchaudio as ta
2024-05-09 09:23:45.485749: I tensorflow/core/util/port.cc:113] oneDNN custom operations are on. You may see slightly different numerical results due to floating-point round-off errors from different computation orders. To turn them off, set the environment variable `TF_ENABLE_ONEDNN_OPTS=0`.
2024-05-09 09:23:49.319086: E external/local_xla/xla/stream_executor/cuda/cuda_dnn.cc:9261] Unable to register cuDNN factory: Attempting to register factory for plugin cuDNN when one has already been registered
2024-05-09 09:23:49.319134: E external/local_xla/xla/stream_executor/cuda/cuda_fft.cc:607] Unable to register cuFFT factory: Attempting to register factory for plugin cuFFT when one has already been registered
2024-05-09 09:23:49.363025: E external/local_xla/xla/stream_executor/cuda/cuda_blas.cc:1515] Unable to register cuBLAS factory: Attempting to register factory for plugin cuBLAS when one has already been registered
2024-05-09 09:23:49.465540: I tensorflow/core/platform/cpu_feature_guard.cc:182] This TensorFlow binary is optimized to use available CPU instructions in performance-critical operations.
To enable the following instructions: AVX2 AVX512F AVX512_VNNI FMA, in other operations, rebuild TensorFlow with the appropriate compiler flags.
2024-05-09 09:23:52.126313: W tensorflow/compiler/tf2tensorrt/utils/py_utils.cc:38] TF-TRT Warning: Could not find TensorRT
SKIPPING: metaTables/vocal_music_demucs_16k/metaData_fma_large/row96500.csv
SKIPPING: metaTables/vocal_music_demucs_16k/metaData_fma_large/row96501.csv
SKIPPING: metaTables/vocal_music_demucs_16k/metaData_fma_large/row96502.csv
SKIPPING: metaTables/vocal_music_demucs_16k/metaData_fma_large/row96503.csv
SKIPPING: metaTables/vocal_music_demucs_16k/metaData_fma_large/row96504.csv
SKIPPING: metaTables/vocal_music_demucs_16k/metaData_fma_large/row96505.csv
SKIPPING: metaTables/vocal_music_demucs_16k/metaData_fma_large/row96506.csv
SKIPPING: metaTables/vocal_music_demucs_16k/metaData_fma_large/row96507.csv
SKIPPING: metaTables/vocal_music_demucs_16k/metaData_fma_large/row96508.csv
SKIPPING: metaTables/vocal_music_demucs_16k/metaData_fma_large/row96509.csv
SKIPPING: metaTables/vocal_music_demucs_16k/metaData_fma_large/row96510.csv
SKIPPING: metaTables/vocal_music_demucs_16k/metaData_fma_large/row96511.csv
SKIPPING: metaTables/vocal_music_demucs_16k/metaData_fma_large/row96512.csv
SKIPPING: metaTables/vocal_music_demucs_16k/metaData_fma_large/row96513.csv
SKIPPING: metaTables/vocal_music_demucs_16k/metaData_fma_large/row96514.csv
SKIPPING: metaTables/vocal_music_demucs_16k/metaData_fma_large/row96515.csv
SKIPPING: metaTables/vocal_music_demucs_16k/metaData_fma_large/row96516.csv
SKIPPING: metaTables/vocal_music_demucs_16k/metaData_fma_large/row96517.csv
SKIPPING: metaTables/vocal_music_demucs_16k/metaData_fma_large/row96518.csv
SKIPPING: metaTables/vocal_music_demucs_16k/metaData_fma_large/row96519.csv
SKIPPING: metaTables/vocal_music_demucs_16k/metaData_fma_large/row96520.csv
SKIPPING: metaTables/vocal_music_demucs_16k/metaData_fma_large/row96521.csv
SKIPPING: metaTables/vocal_music_demucs_16k/metaData_fma_large/row96522.csv
SKIPPING: metaTables/vocal_music_demucs_16k/metaData_fma_large/row96523.csv
SKIPPING: metaTables/vocal_music_demucs_16k/metaData_fma_large/row96524.csv
SKIPPING: metaTables/vocal_music_demucs_16k/metaData_fma_large/row96525.csv
SKIPPING: metaTables/vocal_music_demucs_16k/metaData_fma_large/row96526.csv
SKIPPING: metaTables/vocal_music_demucs_16k/metaData_fma_large/row96527.csv
SKIPPING: metaTables/vocal_music_demucs_16k/metaData_fma_large/row96528.csv
SKIPPING: metaTables/vocal_music_demucs_16k/metaData_fma_large/row96529.csv
SKIPPING: metaTables/vocal_music_demucs_16k/metaData_fma_large/row96530.csv
SKIPPING: metaTables/vocal_music_demucs_16k/metaData_fma_large/row96531.csv
SKIPPING: metaTables/vocal_music_demucs_16k/metaData_fma_large/row96532.csv
SKIPPING: metaTables/vocal_music_demucs_16k/metaData_fma_large/row96533.csv
SKIPPING: metaTables/vocal_music_demucs_16k/metaData_fma_large/row96534.csv
SKIPPING: metaTables/vocal_music_demucs_16k/metaData_fma_large/row96535.csv
SKIPPING: metaTables/vocal_music_demucs_16k/metaData_fma_large/row96536.csv
SKIPPING: metaTables/vocal_music_demucs_16k/metaData_fma_large/row96537.csv
SKIPPING: metaTables/vocal_music_demucs_16k/metaData_fma_large/row96538.csv
SKIPPING: metaTables/vocal_music_demucs_16k/metaData_fma_large/row96539.csv
SKIPPING: metaTables/vocal_music_demucs_16k/metaData_fma_large/row96540.csv
SKIPPING: metaTables/vocal_music_demucs_16k/metaData_fma_large/row96541.csv
SKIPPING: metaTables/vocal_music_demucs_16k/metaData_fma_large/row96542.csv
SKIPPING: metaTables/vocal_music_demucs_16k/metaData_fma_large/row96543.csv
SKIPPING: metaTables/vocal_music_demucs_16k/metaData_fma_large/row96544.csv
SKIPPING: metaTables/vocal_music_demucs_16k/metaData_fma_large/row96545.csv
SKIPPING: metaTables/vocal_music_demucs_16k/metaData_fma_large/row96546.csv
SKIPPING: metaTables/vocal_music_demucs_16k/metaData_fma_large/row96547.csv
SKIPPING: metaTables/vocal_music_demucs_16k/metaData_fma_large/row96548.csv
SKIPPING: metaTables/vocal_music_demucs_16k/metaData_fma_large/row96549.csv
SKIPPING: metaTables/vocal_music_demucs_16k/metaData_fma_large/row96550.csv
SKIPPING: metaTables/vocal_music_demucs_16k/metaData_fma_large/row96551.csv
SKIPPING: metaTables/vocal_music_demucs_16k/metaData_fma_large/row96552.csv
SKIPPING: metaTables/vocal_music_demucs_16k/metaData_fma_large/row96553.csv
SKIPPING: metaTables/vocal_music_demucs_16k/metaData_fma_large/row96554.csv
SKIPPING: metaTables/vocal_music_demucs_16k/metaData_fma_large/row96555.csv
SKIPPING: metaTables/vocal_music_demucs_16k/metaData_fma_large/row96556.csv
SKIPPING: metaTables/vocal_music_demucs_16k/metaData_fma_large/row96557.csv
SKIPPING: metaTables/vocal_music_demucs_16k/metaData_fma_large/row96558.csv
SKIPPING: metaTables/vocal_music_demucs_16k/metaData_fma_large/row96559.csv
SKIPPING: metaTables/vocal_music_demucs_16k/metaData_fma_large/row96560.csv
SKIPPING: metaTables/vocal_music_demucs_16k/metaData_fma_large/row96561.csv
SKIPPING: metaTables/vocal_music_demucs_16k/metaData_fma_large/row96562.csv
SKIPPING: metaTables/vocal_music_demucs_16k/metaData_fma_large/row96563.csv
SKIPPING: metaTables/vocal_music_demucs_16k/metaData_fma_large/row96564.csv
SKIPPING: metaTables/vocal_music_demucs_16k/metaData_fma_large/row96565.csv
SKIPPING: metaTables/vocal_music_demucs_16k/metaData_fma_large/row96566.csv
SKIPPING: metaTables/vocal_music_demucs_16k/metaData_fma_large/row96567.csv
SKIPPING: metaTables/vocal_music_demucs_16k/metaData_fma_large/row96568.csv
SKIPPING: metaTables/vocal_music_demucs_16k/metaData_fma_large/row96569.csv
SKIPPING: metaTables/vocal_music_demucs_16k/metaData_fma_large/row96570.csv
SKIPPING: metaTables/vocal_music_demucs_16k/metaData_fma_large/row96571.csv
SKIPPING: metaTables/vocal_music_demucs_16k/metaData_fma_large/row96572.csv
SKIPPING: metaTables/vocal_music_demucs_16k/metaData_fma_large/row96573.csv
SKIPPING: metaTables/vocal_music_demucs_16k/metaData_fma_large/row96574.csv
SKIPPING: metaTables/vocal_music_demucs_16k/metaData_fma_large/row96575.csv
SKIPPING: metaTables/vocal_music_demucs_16k/metaData_fma_large/row96576.csv
SKIPPING: metaTables/vocal_music_demucs_16k/metaData_fma_large/row96577.csv
SKIPPING: metaTables/vocal_music_demucs_16k/metaData_fma_large/row96578.csv
SKIPPING: metaTables/vocal_music_demucs_16k/metaData_fma_large/row96579.csv
SKIPPING: metaTables/vocal_music_demucs_16k/metaData_fma_large/row96580.csv
SKIPPING: metaTables/vocal_music_demucs_16k/metaData_fma_large/row96581.csv
SKIPPING: metaTables/vocal_music_demucs_16k/metaData_fma_large/row96582.csv
SKIPPING: metaTables/vocal_music_demucs_16k/metaData_fma_large/row96583.csv
SKIPPING: metaTables/vocal_music_demucs_16k/metaData_fma_large/row96584.csv
SKIPPING: metaTables/vocal_music_demucs_16k/metaData_fma_large/row96585.csv
SKIPPING: metaTables/vocal_music_demucs_16k/metaData_fma_large/row96586.csv
SKIPPING: metaTables/vocal_music_demucs_16k/metaData_fma_large/row96587.csv
SKIPPING: metaTables/vocal_music_demucs_16k/metaData_fma_large/row96588.csv
SKIPPING: metaTables/vocal_music_demucs_16k/metaData_fma_large/row96589.csv
SKIPPING: metaTables/vocal_music_demucs_16k/metaData_fma_large/row96590.csv
SKIPPING: metaTables/vocal_music_demucs_16k/metaData_fma_large/row96591.csv
SKIPPING: metaTables/vocal_music_demucs_16k/metaData_fma_large/row96592.csv
SKIPPING: metaTables/vocal_music_demucs_16k/metaData_fma_large/row96593.csv
SKIPPING: metaTables/vocal_music_demucs_16k/metaData_fma_large/row96594.csv
SKIPPING: metaTables/vocal_music_demucs_16k/metaData_fma_large/row96595.csv
SKIPPING: metaTables/vocal_music_demucs_16k/metaData_fma_large/row96596.csv
SKIPPING: metaTables/vocal_music_demucs_16k/metaData_fma_large/row96597.csv
SKIPPING: metaTables/vocal_music_demucs_16k/metaData_fma_large/row96598.csv
SKIPPING: metaTables/vocal_music_demucs_16k/metaData_fma_large/row96599.csv
Demucs voice recognition done!
