/ext3/demucs/lib/python3.9/site-packages/demucs/api.py:27: UserWarning: TorchAudio's global backend is now deprecated. Please enable distpatcher by setting `TORCHAUDIO_USE_BACKEND_DISPATCHER=1`, and specify backend when calling load/info/save function.
  import torchaudio as ta
2024-05-08 23:36:43.947935: I tensorflow/core/util/port.cc:113] oneDNN custom operations are on. You may see slightly different numerical results due to floating-point round-off errors from different computation orders. To turn them off, set the environment variable `TF_ENABLE_ONEDNN_OPTS=0`.
2024-05-08 23:36:47.218132: E external/local_xla/xla/stream_executor/cuda/cuda_dnn.cc:9261] Unable to register cuDNN factory: Attempting to register factory for plugin cuDNN when one has already been registered
2024-05-08 23:36:47.218176: E external/local_xla/xla/stream_executor/cuda/cuda_fft.cc:607] Unable to register cuFFT factory: Attempting to register factory for plugin cuFFT when one has already been registered
2024-05-08 23:36:47.505229: E external/local_xla/xla/stream_executor/cuda/cuda_blas.cc:1515] Unable to register cuBLAS factory: Attempting to register factory for plugin cuBLAS when one has already been registered
2024-05-08 23:36:47.916147: I tensorflow/core/platform/cpu_feature_guard.cc:182] This TensorFlow binary is optimized to use available CPU instructions in performance-critical operations.
To enable the following instructions: AVX2 AVX512F AVX512_VNNI FMA, in other operations, rebuild TensorFlow with the appropriate compiler flags.
2024-05-08 23:36:51.309272: W tensorflow/compiler/tf2tensorrt/utils/py_utils.cc:38] TF-TRT Warning: Could not find TensorRT
Execution time: 28.353423595428467 seconds
metaTables/vocal_music_demucs_16k/metaData_fma_large/row37500.csv
Execution time: 25.196593284606934 seconds
metaTables/vocal_music_demucs_16k/metaData_fma_large/row37501.csv
Execution time: 24.863068103790283 seconds
metaTables/vocal_music_demucs_16k/metaData_fma_large/row37502.csv
Execution time: 24.3545184135437 seconds
metaTables/vocal_music_demucs_16k/metaData_fma_large/row37503.csv
Execution time: 24.806215524673462 seconds
metaTables/vocal_music_demucs_16k/metaData_fma_large/row37504.csv
Execution time: 24.727534532546997 seconds
metaTables/vocal_music_demucs_16k/metaData_fma_large/row37505.csv
Execution time: 24.8753879070282 seconds
metaTables/vocal_music_demucs_16k/metaData_fma_large/row37506.csv
Execution time: 24.219005823135376 seconds
metaTables/vocal_music_demucs_16k/metaData_fma_large/row37507.csv
Execution time: 24.19889259338379 seconds
metaTables/vocal_music_demucs_16k/metaData_fma_large/row37508.csv
Execution time: 24.610119342803955 seconds
metaTables/vocal_music_demucs_16k/metaData_fma_large/row37509.csv
Execution time: 24.75721049308777 seconds
metaTables/vocal_music_demucs_16k/metaData_fma_large/row37510.csv
Execution time: 23.876081466674805 seconds
metaTables/vocal_music_demucs_16k/metaData_fma_large/row37511.csv
Execution time: 24.472198247909546 seconds
metaTables/vocal_music_demucs_16k/metaData_fma_large/row37512.csv
Execution time: 24.825310468673706 seconds
metaTables/vocal_music_demucs_16k/metaData_fma_large/row37513.csv
Execution time: 25.9915988445282 seconds
metaTables/vocal_music_demucs_16k/metaData_fma_large/row37514.csv
Execution time: 24.602259635925293 seconds
metaTables/vocal_music_demucs_16k/metaData_fma_large/row37515.csv
Execution time: 24.75162672996521 seconds
metaTables/vocal_music_demucs_16k/metaData_fma_large/row37516.csv
Execution time: 24.317110776901245 seconds
metaTables/vocal_music_demucs_16k/metaData_fma_large/row37517.csv
Execution time: 24.285649299621582 seconds
metaTables/vocal_music_demucs_16k/metaData_fma_large/row37518.csv
Execution time: 24.267611503601074 seconds
metaTables/vocal_music_demucs_16k/metaData_fma_large/row37519.csv
Execution time: 24.907593488693237 seconds
metaTables/vocal_music_demucs_16k/metaData_fma_large/row37520.csv
Execution time: 24.84869909286499 seconds
metaTables/vocal_music_demucs_16k/metaData_fma_large/row37521.csv
Execution time: 24.938544034957886 seconds
metaTables/vocal_music_demucs_16k/metaData_fma_large/row37522.csv
Execution time: 24.493204832077026 seconds
metaTables/vocal_music_demucs_16k/metaData_fma_large/row37523.csv
Execution time: 24.68905520439148 seconds
metaTables/vocal_music_demucs_16k/metaData_fma_large/row37524.csv
Execution time: 24.855635404586792 seconds
metaTables/vocal_music_demucs_16k/metaData_fma_large/row37525.csv
Execution time: 25.02372980117798 seconds
metaTables/vocal_music_demucs_16k/metaData_fma_large/row37526.csv
Execution time: 23.995948791503906 seconds
metaTables/vocal_music_demucs_16k/metaData_fma_large/row37527.csv
Execution time: 24.046569108963013 seconds
metaTables/vocal_music_demucs_16k/metaData_fma_large/row37528.csv
Execution time: 24.94334053993225 seconds
metaTables/vocal_music_demucs_16k/metaData_fma_large/row37529.csv
Execution time: 24.843645572662354 seconds
metaTables/vocal_music_demucs_16k/metaData_fma_large/row37530.csv
Execution time: 24.658930778503418 seconds
metaTables/vocal_music_demucs_16k/metaData_fma_large/row37531.csv
Execution time: 24.950014114379883 seconds
metaTables/vocal_music_demucs_16k/metaData_fma_large/row37532.csv
Execution time: 24.21617293357849 seconds
metaTables/vocal_music_demucs_16k/metaData_fma_large/row37533.csv
Execution time: 24.321472883224487 seconds
metaTables/vocal_music_demucs_16k/metaData_fma_large/row37534.csv
Execution time: 24.933340549468994 seconds
metaTables/vocal_music_demucs_16k/metaData_fma_large/row37535.csv
Execution time: 24.09247636795044 seconds
metaTables/vocal_music_demucs_16k/metaData_fma_large/row37536.csv
Execution time: 24.231515407562256 seconds
metaTables/vocal_music_demucs_16k/metaData_fma_large/row37537.csv
Execution time: 24.10042405128479 seconds
metaTables/vocal_music_demucs_16k/metaData_fma_large/row37538.csv
Execution time: 17.793320894241333 seconds
metaTables/vocal_music_demucs_16k/metaData_fma_large/row37539.csv
Execution time: 24.605478286743164 seconds
metaTables/vocal_music_demucs_16k/metaData_fma_large/row37540.csv
Execution time: 25.04088068008423 seconds
metaTables/vocal_music_demucs_16k/metaData_fma_large/row37541.csv
Execution time: 24.160763263702393 seconds
metaTables/vocal_music_demucs_16k/metaData_fma_large/row37542.csv
Execution time: 24.604124307632446 seconds
metaTables/vocal_music_demucs_16k/metaData_fma_large/row37543.csv
Execution time: 24.446513891220093 seconds
metaTables/vocal_music_demucs_16k/metaData_fma_large/row37544.csv
Execution time: 24.22255778312683 seconds
metaTables/vocal_music_demucs_16k/metaData_fma_large/row37545.csv
Execution time: 20.231515645980835 seconds
metaTables/vocal_music_demucs_16k/metaData_fma_large/row37546.csv
Execution time: 24.57652759552002 seconds
metaTables/vocal_music_demucs_16k/metaData_fma_large/row37547.csv
Execution time: 24.294599294662476 seconds
metaTables/vocal_music_demucs_16k/metaData_fma_large/row37548.csv
Execution time: 24.843438863754272 seconds
metaTables/vocal_music_demucs_16k/metaData_fma_large/row37549.csv
Execution time: 24.621581077575684 seconds
metaTables/vocal_music_demucs_16k/metaData_fma_large/row37550.csv
Execution time: 23.400179386138916 seconds
metaTables/vocal_music_demucs_16k/metaData_fma_large/row37551.csv
Execution time: 24.01144027709961 seconds
metaTables/vocal_music_demucs_16k/metaData_fma_large/row37552.csv
Execution time: 24.052977561950684 seconds
metaTables/vocal_music_demucs_16k/metaData_fma_large/row37553.csv
Execution time: 25.985323429107666 seconds
metaTables/vocal_music_demucs_16k/metaData_fma_large/row37554.csv
Execution time: 24.251734018325806 seconds
metaTables/vocal_music_demucs_16k/metaData_fma_large/row37555.csv
Execution time: 25.123600959777832 seconds
metaTables/vocal_music_demucs_16k/metaData_fma_large/row37556.csv
Execution time: 24.82648277282715 seconds
metaTables/vocal_music_demucs_16k/metaData_fma_large/row37557.csv
Execution time: 24.558300256729126 seconds
metaTables/vocal_music_demucs_16k/metaData_fma_large/row37558.csv
Execution time: 24.509302854537964 seconds
metaTables/vocal_music_demucs_16k/metaData_fma_large/row37559.csv
Execution time: 26.805087089538574 seconds
metaTables/vocal_music_demucs_16k/metaData_fma_large/row37560.csv
Execution time: 24.50482940673828 seconds
metaTables/vocal_music_demucs_16k/metaData_fma_large/row37561.csv
Execution time: 24.766531944274902 seconds
metaTables/vocal_music_demucs_16k/metaData_fma_large/row37562.csv
Execution time: 24.201833248138428 seconds
metaTables/vocal_music_demucs_16k/metaData_fma_large/row37563.csv
Execution time: 24.502766609191895 seconds
metaTables/vocal_music_demucs_16k/metaData_fma_large/row37564.csv
Execution time: 24.616963148117065 seconds
metaTables/vocal_music_demucs_16k/metaData_fma_large/row37565.csv
Execution time: 24.486998081207275 seconds
metaTables/vocal_music_demucs_16k/metaData_fma_large/row37566.csv
Execution time: 24.903177738189697 seconds
metaTables/vocal_music_demucs_16k/metaData_fma_large/row37567.csv
Execution time: 24.463468074798584 seconds
metaTables/vocal_music_demucs_16k/metaData_fma_large/row37568.csv
Execution time: 24.5122709274292 seconds
metaTables/vocal_music_demucs_16k/metaData_fma_large/row37569.csv
Execution time: 25.11455273628235 seconds
metaTables/vocal_music_demucs_16k/metaData_fma_large/row37570.csv
Execution time: 25.2264666557312 seconds
metaTables/vocal_music_demucs_16k/metaData_fma_large/row37571.csv
Execution time: 25.106171131134033 seconds
metaTables/vocal_music_demucs_16k/metaData_fma_large/row37572.csv
Execution time: 24.85473084449768 seconds
metaTables/vocal_music_demucs_16k/metaData_fma_large/row37573.csv
Execution time: 25.09692120552063 seconds
metaTables/vocal_music_demucs_16k/metaData_fma_large/row37574.csv
Execution time: 24.49216890335083 seconds
metaTables/vocal_music_demucs_16k/metaData_fma_large/row37575.csv
Execution time: 24.730360746383667 seconds
metaTables/vocal_music_demucs_16k/metaData_fma_large/row37576.csv
Execution time: 24.141150951385498 seconds
metaTables/vocal_music_demucs_16k/metaData_fma_large/row37577.csv
Execution time: 23.646307706832886 seconds
metaTables/vocal_music_demucs_16k/metaData_fma_large/row37578.csv
Execution time: 26.034642457962036 seconds
metaTables/vocal_music_demucs_16k/metaData_fma_large/row37579.csv
Execution time: 24.203091144561768 seconds
metaTables/vocal_music_demucs_16k/metaData_fma_large/row37580.csv
Execution time: 25.335847854614258 seconds
metaTables/vocal_music_demucs_16k/metaData_fma_large/row37581.csv
Execution time: 24.69219446182251 seconds
metaTables/vocal_music_demucs_16k/metaData_fma_large/row37582.csv
Execution time: 24.645578622817993 seconds
metaTables/vocal_music_demucs_16k/metaData_fma_large/row37583.csv
Execution time: 24.90089511871338 seconds
metaTables/vocal_music_demucs_16k/metaData_fma_large/row37584.csv
Execution time: 25.442678451538086 seconds
metaTables/vocal_music_demucs_16k/metaData_fma_large/row37585.csv
Execution time: 24.82413363456726 seconds
metaTables/vocal_music_demucs_16k/metaData_fma_large/row37586.csv
Execution time: 24.714881658554077 seconds
metaTables/vocal_music_demucs_16k/metaData_fma_large/row37587.csv
Execution time: 25.196317195892334 seconds
metaTables/vocal_music_demucs_16k/metaData_fma_large/row37588.csv
Execution time: 26.572818756103516 seconds
metaTables/vocal_music_demucs_16k/metaData_fma_large/row37589.csv
Execution time: 25.075773000717163 seconds
metaTables/vocal_music_demucs_16k/metaData_fma_large/row37590.csv
Execution time: 23.783426761627197 seconds
metaTables/vocal_music_demucs_16k/metaData_fma_large/row37591.csv
Execution time: 24.770827531814575 seconds
metaTables/vocal_music_demucs_16k/metaData_fma_large/row37592.csv
Execution time: 24.715765953063965 seconds
metaTables/vocal_music_demucs_16k/metaData_fma_large/row37593.csv
Execution time: 24.23462176322937 seconds
metaTables/vocal_music_demucs_16k/metaData_fma_large/row37594.csv
Execution time: 24.049011945724487 seconds
metaTables/vocal_music_demucs_16k/metaData_fma_large/row37595.csv
Execution time: 25.0042622089386 seconds
metaTables/vocal_music_demucs_16k/metaData_fma_large/row37596.csv
Execution time: 26.032758712768555 seconds
metaTables/vocal_music_demucs_16k/metaData_fma_large/row37597.csv
Execution time: 24.893907070159912 seconds
metaTables/vocal_music_demucs_16k/metaData_fma_large/row37598.csv
Execution time: 24.504169702529907 seconds
metaTables/vocal_music_demucs_16k/metaData_fma_large/row37599.csv
Demucs voice recognition done!
