/ext3/demucs/lib/python3.9/site-packages/demucs/api.py:27: UserWarning: TorchAudio's global backend is now deprecated. Please enable distpatcher by setting `TORCHAUDIO_USE_BACKEND_DISPATCHER=1`, and specify backend when calling load/info/save function.
  import torchaudio as ta
2024-05-08 23:37:47.060331: I tensorflow/core/util/port.cc:113] oneDNN custom operations are on. You may see slightly different numerical results due to floating-point round-off errors from different computation orders. To turn them off, set the environment variable `TF_ENABLE_ONEDNN_OPTS=0`.
2024-05-08 23:37:49.150940: E external/local_xla/xla/stream_executor/cuda/cuda_dnn.cc:9261] Unable to register cuDNN factory: Attempting to register factory for plugin cuDNN when one has already been registered
2024-05-08 23:37:49.150980: E external/local_xla/xla/stream_executor/cuda/cuda_fft.cc:607] Unable to register cuFFT factory: Attempting to register factory for plugin cuFFT when one has already been registered
2024-05-08 23:37:49.284725: E external/local_xla/xla/stream_executor/cuda/cuda_blas.cc:1515] Unable to register cuBLAS factory: Attempting to register factory for plugin cuBLAS when one has already been registered
2024-05-08 23:37:49.402913: I tensorflow/core/platform/cpu_feature_guard.cc:182] This TensorFlow binary is optimized to use available CPU instructions in performance-critical operations.
To enable the following instructions: AVX2 AVX512F AVX512_VNNI FMA, in other operations, rebuild TensorFlow with the appropriate compiler flags.
2024-05-08 23:37:52.916201: W tensorflow/compiler/tf2tensorrt/utils/py_utils.cc:38] TF-TRT Warning: Could not find TensorRT
Execution time: 33.31967878341675 seconds
metaTables/vocal_music_demucs_16k/metaData_fma_large/row61400.csv
Execution time: 29.353469848632812 seconds
metaTables/vocal_music_demucs_16k/metaData_fma_large/row61401.csv
Execution time: 29.188567638397217 seconds
metaTables/vocal_music_demucs_16k/metaData_fma_large/row61402.csv
Execution time: 28.051185369491577 seconds
metaTables/vocal_music_demucs_16k/metaData_fma_large/row61403.csv
Execution time: 30.204700469970703 seconds
metaTables/vocal_music_demucs_16k/metaData_fma_large/row61404.csv
Execution time: 29.380354642868042 seconds
metaTables/vocal_music_demucs_16k/metaData_fma_large/row61405.csv
Execution time: 28.85408854484558 seconds
metaTables/vocal_music_demucs_16k/metaData_fma_large/row61406.csv
Execution time: 28.481053113937378 seconds
metaTables/vocal_music_demucs_16k/metaData_fma_large/row61407.csv
Execution time: 28.216707229614258 seconds
metaTables/vocal_music_demucs_16k/metaData_fma_large/row61408.csv
Execution time: 28.650044202804565 seconds
metaTables/vocal_music_demucs_16k/metaData_fma_large/row61409.csv
Execution time: 28.846676111221313 seconds
metaTables/vocal_music_demucs_16k/metaData_fma_large/row61410.csv
Execution time: 29.11194157600403 seconds
metaTables/vocal_music_demucs_16k/metaData_fma_large/row61411.csv
Execution time: 28.38440728187561 seconds
metaTables/vocal_music_demucs_16k/metaData_fma_large/row61412.csv
Execution time: 29.263334274291992 seconds
metaTables/vocal_music_demucs_16k/metaData_fma_large/row61413.csv
Execution time: 27.874468088150024 seconds
metaTables/vocal_music_demucs_16k/metaData_fma_large/row61414.csv
Execution time: 27.6784930229187 seconds
metaTables/vocal_music_demucs_16k/metaData_fma_large/row61415.csv
Execution time: 27.584802627563477 seconds
metaTables/vocal_music_demucs_16k/metaData_fma_large/row61416.csv
Execution time: 28.03188920021057 seconds
metaTables/vocal_music_demucs_16k/metaData_fma_large/row61417.csv
Execution time: 27.94911241531372 seconds
metaTables/vocal_music_demucs_16k/metaData_fma_large/row61418.csv
Execution time: 28.402788162231445 seconds
metaTables/vocal_music_demucs_16k/metaData_fma_large/row61419.csv
Execution time: 28.376793146133423 seconds
metaTables/vocal_music_demucs_16k/metaData_fma_large/row61420.csv
Execution time: 29.08327865600586 seconds
metaTables/vocal_music_demucs_16k/metaData_fma_large/row61421.csv
Execution time: 28.128802061080933 seconds
metaTables/vocal_music_demucs_16k/metaData_fma_large/row61422.csv
Execution time: 27.287346363067627 seconds
metaTables/vocal_music_demucs_16k/metaData_fma_large/row61423.csv
Execution time: 26.892030000686646 seconds
metaTables/vocal_music_demucs_16k/metaData_fma_large/row61424.csv
Execution time: 28.227121829986572 seconds
metaTables/vocal_music_demucs_16k/metaData_fma_large/row61425.csv
Execution time: 28.66493844985962 seconds
metaTables/vocal_music_demucs_16k/metaData_fma_large/row61426.csv
Execution time: 27.525306940078735 seconds
metaTables/vocal_music_demucs_16k/metaData_fma_large/row61427.csv
Execution time: 28.792672395706177 seconds
metaTables/vocal_music_demucs_16k/metaData_fma_large/row61428.csv
Execution time: 28.997593641281128 seconds
metaTables/vocal_music_demucs_16k/metaData_fma_large/row61429.csv
Execution time: 27.517181158065796 seconds
metaTables/vocal_music_demucs_16k/metaData_fma_large/row61430.csv
Execution time: 29.034084796905518 seconds
metaTables/vocal_music_demucs_16k/metaData_fma_large/row61431.csv
Execution time: 29.65888810157776 seconds
metaTables/vocal_music_demucs_16k/metaData_fma_large/row61432.csv
Execution time: 18.89312767982483 seconds
metaTables/vocal_music_demucs_16k/metaData_fma_large/row61433.csv
Execution time: 27.618844747543335 seconds
metaTables/vocal_music_demucs_16k/metaData_fma_large/row61434.csv
Execution time: 27.47358989715576 seconds
metaTables/vocal_music_demucs_16k/metaData_fma_large/row61435.csv
Execution time: 30.007422924041748 seconds
metaTables/vocal_music_demucs_16k/metaData_fma_large/row61436.csv
Execution time: 27.162802696228027 seconds
metaTables/vocal_music_demucs_16k/metaData_fma_large/row61437.csv
Execution time: 27.389155864715576 seconds
metaTables/vocal_music_demucs_16k/metaData_fma_large/row61438.csv
Execution time: 27.671322345733643 seconds
metaTables/vocal_music_demucs_16k/metaData_fma_large/row61439.csv
Execution time: 28.93822455406189 seconds
metaTables/vocal_music_demucs_16k/metaData_fma_large/row61440.csv
Execution time: 27.567841291427612 seconds
metaTables/vocal_music_demucs_16k/metaData_fma_large/row61441.csv
Execution time: 27.620773792266846 seconds
metaTables/vocal_music_demucs_16k/metaData_fma_large/row61442.csv
Execution time: 29.577160120010376 seconds
metaTables/vocal_music_demucs_16k/metaData_fma_large/row61443.csv
Execution time: 28.821545839309692 seconds
metaTables/vocal_music_demucs_16k/metaData_fma_large/row61444.csv
Execution time: 28.02608847618103 seconds
metaTables/vocal_music_demucs_16k/metaData_fma_large/row61445.csv
Execution time: 27.36361527442932 seconds
metaTables/vocal_music_demucs_16k/metaData_fma_large/row61446.csv
Execution time: 28.549065589904785 seconds
metaTables/vocal_music_demucs_16k/metaData_fma_large/row61447.csv
Execution time: 28.512895584106445 seconds
metaTables/vocal_music_demucs_16k/metaData_fma_large/row61448.csv
Execution time: 27.11106848716736 seconds
metaTables/vocal_music_demucs_16k/metaData_fma_large/row61449.csv
Execution time: 28.133758068084717 seconds
metaTables/vocal_music_demucs_16k/metaData_fma_large/row61450.csv
Execution time: 28.255403995513916 seconds
metaTables/vocal_music_demucs_16k/metaData_fma_large/row61451.csv
Execution time: 28.837006092071533 seconds
metaTables/vocal_music_demucs_16k/metaData_fma_large/row61452.csv
Execution time: 27.530397653579712 seconds
metaTables/vocal_music_demucs_16k/metaData_fma_large/row61453.csv
Execution time: 28.540244579315186 seconds
metaTables/vocal_music_demucs_16k/metaData_fma_large/row61454.csv
Execution time: 27.353087902069092 seconds
metaTables/vocal_music_demucs_16k/metaData_fma_large/row61455.csv
Execution time: 28.1174373626709 seconds
metaTables/vocal_music_demucs_16k/metaData_fma_large/row61456.csv
Execution time: 28.041568279266357 seconds
metaTables/vocal_music_demucs_16k/metaData_fma_large/row61457.csv
Execution time: 27.99394416809082 seconds
metaTables/vocal_music_demucs_16k/metaData_fma_large/row61458.csv
Execution time: 28.755847215652466 seconds
metaTables/vocal_music_demucs_16k/metaData_fma_large/row61459.csv
Execution time: 28.60920286178589 seconds
metaTables/vocal_music_demucs_16k/metaData_fma_large/row61460.csv
Execution time: 29.6495418548584 seconds
metaTables/vocal_music_demucs_16k/metaData_fma_large/row61461.csv
Execution time: 27.48045539855957 seconds
metaTables/vocal_music_demucs_16k/metaData_fma_large/row61462.csv
Execution time: 27.06401038169861 seconds
metaTables/vocal_music_demucs_16k/metaData_fma_large/row61463.csv
Execution time: 28.457650661468506 seconds
metaTables/vocal_music_demucs_16k/metaData_fma_large/row61464.csv
Execution time: 27.638606548309326 seconds
metaTables/vocal_music_demucs_16k/metaData_fma_large/row61465.csv
Execution time: 29.06778383255005 seconds
metaTables/vocal_music_demucs_16k/metaData_fma_large/row61466.csv
Execution time: 27.618084192276 seconds
metaTables/vocal_music_demucs_16k/metaData_fma_large/row61467.csv
Execution time: 27.495856761932373 seconds
metaTables/vocal_music_demucs_16k/metaData_fma_large/row61468.csv
Execution time: 27.618695497512817 seconds
metaTables/vocal_music_demucs_16k/metaData_fma_large/row61469.csv
Execution time: 28.43476128578186 seconds
metaTables/vocal_music_demucs_16k/metaData_fma_large/row61470.csv
Execution time: 28.165661334991455 seconds
metaTables/vocal_music_demucs_16k/metaData_fma_large/row61471.csv
Execution time: 28.690560579299927 seconds
metaTables/vocal_music_demucs_16k/metaData_fma_large/row61472.csv
Execution time: 18.304759979248047 seconds
metaTables/vocal_music_demucs_16k/metaData_fma_large/row61473.csv
Execution time: 29.411340951919556 seconds
metaTables/vocal_music_demucs_16k/metaData_fma_large/row61474.csv
Execution time: 28.91821575164795 seconds
metaTables/vocal_music_demucs_16k/metaData_fma_large/row61475.csv
Execution time: 28.67479968070984 seconds
metaTables/vocal_music_demucs_16k/metaData_fma_large/row61476.csv
Execution time: 27.91703748703003 seconds
metaTables/vocal_music_demucs_16k/metaData_fma_large/row61477.csv
Execution time: 28.084967136383057 seconds
metaTables/vocal_music_demucs_16k/metaData_fma_large/row61478.csv
Execution time: 28.779042720794678 seconds
metaTables/vocal_music_demucs_16k/metaData_fma_large/row61479.csv
Execution time: 28.428003072738647 seconds
metaTables/vocal_music_demucs_16k/metaData_fma_large/row61480.csv
Execution time: 27.702786207199097 seconds
metaTables/vocal_music_demucs_16k/metaData_fma_large/row61481.csv
Execution time: 27.385854721069336 seconds
metaTables/vocal_music_demucs_16k/metaData_fma_large/row61482.csv
Execution time: 29.558817625045776 seconds
metaTables/vocal_music_demucs_16k/metaData_fma_large/row61483.csv
Execution time: 28.880913257598877 seconds
metaTables/vocal_music_demucs_16k/metaData_fma_large/row61484.csv
Execution time: 28.82716655731201 seconds
metaTables/vocal_music_demucs_16k/metaData_fma_large/row61485.csv
Execution time: 28.847551822662354 seconds
metaTables/vocal_music_demucs_16k/metaData_fma_large/row61486.csv
Execution time: 18.994254112243652 seconds
metaTables/vocal_music_demucs_16k/metaData_fma_large/row61487.csv
Execution time: 28.48071527481079 seconds
metaTables/vocal_music_demucs_16k/metaData_fma_large/row61488.csv
Execution time: 28.480833292007446 seconds
metaTables/vocal_music_demucs_16k/metaData_fma_large/row61489.csv
Execution time: 27.584444284439087 seconds
metaTables/vocal_music_demucs_16k/metaData_fma_large/row61490.csv
Execution time: 29.311184644699097 seconds
metaTables/vocal_music_demucs_16k/metaData_fma_large/row61491.csv
Execution time: 28.415404558181763 seconds
metaTables/vocal_music_demucs_16k/metaData_fma_large/row61492.csv
Execution time: 28.296639680862427 seconds
metaTables/vocal_music_demucs_16k/metaData_fma_large/row61493.csv
Execution time: 27.521546125411987 seconds
metaTables/vocal_music_demucs_16k/metaData_fma_large/row61494.csv
Execution time: 28.185983657836914 seconds
metaTables/vocal_music_demucs_16k/metaData_fma_large/row61495.csv
Execution time: 28.554179430007935 seconds
metaTables/vocal_music_demucs_16k/metaData_fma_large/row61496.csv
Execution time: 27.941426038742065 seconds
metaTables/vocal_music_demucs_16k/metaData_fma_large/row61497.csv
Execution time: 28.25377130508423 seconds
metaTables/vocal_music_demucs_16k/metaData_fma_large/row61498.csv
Execution time: 27.880393266677856 seconds
metaTables/vocal_music_demucs_16k/metaData_fma_large/row61499.csv
Demucs voice recognition done!
