/ext3/demucs/lib/python3.9/site-packages/demucs/api.py:27: UserWarning: TorchAudio's global backend is now deprecated. Please enable distpatcher by setting `TORCHAUDIO_USE_BACKEND_DISPATCHER=1`, and specify backend when calling load/info/save function.
  import torchaudio as ta
2024-05-09 00:19:30.661474: I tensorflow/core/util/port.cc:113] oneDNN custom operations are on. You may see slightly different numerical results due to floating-point round-off errors from different computation orders. To turn them off, set the environment variable `TF_ENABLE_ONEDNN_OPTS=0`.
2024-05-09 00:19:33.331022: E external/local_xla/xla/stream_executor/cuda/cuda_dnn.cc:9261] Unable to register cuDNN factory: Attempting to register factory for plugin cuDNN when one has already been registered
2024-05-09 00:19:33.331059: E external/local_xla/xla/stream_executor/cuda/cuda_fft.cc:607] Unable to register cuFFT factory: Attempting to register factory for plugin cuFFT when one has already been registered
2024-05-09 00:19:33.740004: E external/local_xla/xla/stream_executor/cuda/cuda_blas.cc:1515] Unable to register cuBLAS factory: Attempting to register factory for plugin cuBLAS when one has already been registered
2024-05-09 00:19:33.930132: I tensorflow/core/platform/cpu_feature_guard.cc:182] This TensorFlow binary is optimized to use available CPU instructions in performance-critical operations.
To enable the following instructions: AVX2 AVX512F AVX512_VNNI FMA, in other operations, rebuild TensorFlow with the appropriate compiler flags.
2024-05-09 00:19:37.369125: W tensorflow/compiler/tf2tensorrt/utils/py_utils.cc:38] TF-TRT Warning: Could not find TensorRT
[src/libmpg123/layer3.c:INT123_do_layer3():1771] error: part2_3_length (1600) too large for available bit count (1504)
Execution time: 32.37774634361267 seconds
metaTables/vocal_music_demucs_16k/metaData_fma_large/row89800.csv
Execution time: 29.48228931427002 seconds
metaTables/vocal_music_demucs_16k/metaData_fma_large/row89801.csv
Execution time: 30.019065141677856 seconds
metaTables/vocal_music_demucs_16k/metaData_fma_large/row89802.csv
Execution time: 30.181466341018677 seconds
metaTables/vocal_music_demucs_16k/metaData_fma_large/row89803.csv
Execution time: 29.425739288330078 seconds
metaTables/vocal_music_demucs_16k/metaData_fma_large/row89804.csv
Execution time: 28.510241270065308 seconds
metaTables/vocal_music_demucs_16k/metaData_fma_large/row89805.csv
Execution time: 28.72714400291443 seconds
metaTables/vocal_music_demucs_16k/metaData_fma_large/row89806.csv
Execution time: 30.359507083892822 seconds
metaTables/vocal_music_demucs_16k/metaData_fma_large/row89807.csv
Execution time: 28.967051029205322 seconds
metaTables/vocal_music_demucs_16k/metaData_fma_large/row89808.csv
Execution time: 28.355016708374023 seconds
metaTables/vocal_music_demucs_16k/metaData_fma_large/row89809.csv
Execution time: 28.308575868606567 seconds
metaTables/vocal_music_demucs_16k/metaData_fma_large/row89810.csv
Execution time: 28.76410150527954 seconds
metaTables/vocal_music_demucs_16k/metaData_fma_large/row89811.csv
Execution time: 28.76158332824707 seconds
metaTables/vocal_music_demucs_16k/metaData_fma_large/row89812.csv
Execution time: 28.84136414527893 seconds
metaTables/vocal_music_demucs_16k/metaData_fma_large/row89813.csv
Execution time: 27.51780939102173 seconds
metaTables/vocal_music_demucs_16k/metaData_fma_large/row89814.csv
Execution time: 28.919715881347656 seconds
metaTables/vocal_music_demucs_16k/metaData_fma_large/row89815.csv
Execution time: 28.369847297668457 seconds
metaTables/vocal_music_demucs_16k/metaData_fma_large/row89816.csv
Execution time: 28.095303535461426 seconds
metaTables/vocal_music_demucs_16k/metaData_fma_large/row89817.csv
Execution time: 28.911407232284546 seconds
metaTables/vocal_music_demucs_16k/metaData_fma_large/row89818.csv
Execution time: 27.94806671142578 seconds
metaTables/vocal_music_demucs_16k/metaData_fma_large/row89819.csv
Execution time: 28.7904212474823 seconds
metaTables/vocal_music_demucs_16k/metaData_fma_large/row89820.csv
Execution time: 27.675522327423096 seconds
metaTables/vocal_music_demucs_16k/metaData_fma_large/row89821.csv
Execution time: 28.37130641937256 seconds
metaTables/vocal_music_demucs_16k/metaData_fma_large/row89822.csv
Execution time: 28.97355604171753 seconds
metaTables/vocal_music_demucs_16k/metaData_fma_large/row89823.csv
Execution time: 29.086724042892456 seconds
metaTables/vocal_music_demucs_16k/metaData_fma_large/row89824.csv
Execution time: 28.723015546798706 seconds
metaTables/vocal_music_demucs_16k/metaData_fma_large/row89825.csv
Execution time: 29.237650156021118 seconds
metaTables/vocal_music_demucs_16k/metaData_fma_large/row89826.csv
Execution time: 29.19837713241577 seconds
metaTables/vocal_music_demucs_16k/metaData_fma_large/row89827.csv
Execution time: 28.851725816726685 seconds
metaTables/vocal_music_demucs_16k/metaData_fma_large/row89828.csv
Execution time: 29.16757369041443 seconds
metaTables/vocal_music_demucs_16k/metaData_fma_large/row89829.csv
Execution time: 29.007230043411255 seconds
metaTables/vocal_music_demucs_16k/metaData_fma_large/row89830.csv
Execution time: 28.39618945121765 seconds
metaTables/vocal_music_demucs_16k/metaData_fma_large/row89831.csv
Execution time: 29.571203231811523 seconds
metaTables/vocal_music_demucs_16k/metaData_fma_large/row89832.csv
Execution time: 28.12780451774597 seconds
metaTables/vocal_music_demucs_16k/metaData_fma_large/row89833.csv
Execution time: 28.95374846458435 seconds
metaTables/vocal_music_demucs_16k/metaData_fma_large/row89834.csv
Execution time: 28.64565634727478 seconds
metaTables/vocal_music_demucs_16k/metaData_fma_large/row89835.csv
Execution time: 29.02034044265747 seconds
metaTables/vocal_music_demucs_16k/metaData_fma_large/row89836.csv
Execution time: 28.7671115398407 seconds
metaTables/vocal_music_demucs_16k/metaData_fma_large/row89837.csv
Execution time: 31.285134077072144 seconds
metaTables/vocal_music_demucs_16k/metaData_fma_large/row89838.csv
Execution time: 28.77325677871704 seconds
metaTables/vocal_music_demucs_16k/metaData_fma_large/row89839.csv
Execution time: 28.818796157836914 seconds
metaTables/vocal_music_demucs_16k/metaData_fma_large/row89840.csv
Execution time: 28.74879741668701 seconds
metaTables/vocal_music_demucs_16k/metaData_fma_large/row89841.csv
Execution time: 28.752004623413086 seconds
metaTables/vocal_music_demucs_16k/metaData_fma_large/row89842.csv
Execution time: 28.56716275215149 seconds
metaTables/vocal_music_demucs_16k/metaData_fma_large/row89843.csv
Execution time: 29.10499143600464 seconds
metaTables/vocal_music_demucs_16k/metaData_fma_large/row89844.csv
Execution time: 28.33064103126526 seconds
metaTables/vocal_music_demucs_16k/metaData_fma_large/row89845.csv
Execution time: 19.28382921218872 seconds
metaTables/vocal_music_demucs_16k/metaData_fma_large/row89846.csv
Execution time: 29.168640851974487 seconds
metaTables/vocal_music_demucs_16k/metaData_fma_large/row89847.csv
Execution time: 27.689159154891968 seconds
metaTables/vocal_music_demucs_16k/metaData_fma_large/row89848.csv
Execution time: 28.763699769973755 seconds
metaTables/vocal_music_demucs_16k/metaData_fma_large/row89849.csv
Execution time: 28.036146640777588 seconds
metaTables/vocal_music_demucs_16k/metaData_fma_large/row89850.csv
Execution time: 29.01580023765564 seconds
metaTables/vocal_music_demucs_16k/metaData_fma_large/row89851.csv
Execution time: 28.883458375930786 seconds
metaTables/vocal_music_demucs_16k/metaData_fma_large/row89852.csv
Execution time: 28.443384408950806 seconds
metaTables/vocal_music_demucs_16k/metaData_fma_large/row89853.csv
Execution time: 28.53030037879944 seconds
metaTables/vocal_music_demucs_16k/metaData_fma_large/row89854.csv
Execution time: 28.547066926956177 seconds
metaTables/vocal_music_demucs_16k/metaData_fma_large/row89855.csv
Execution time: 29.214021921157837 seconds
metaTables/vocal_music_demucs_16k/metaData_fma_large/row89856.csv
Execution time: 29.180809497833252 seconds
metaTables/vocal_music_demucs_16k/metaData_fma_large/row89857.csv
Execution time: 28.670611143112183 seconds
metaTables/vocal_music_demucs_16k/metaData_fma_large/row89858.csv
Execution time: 28.044084548950195 seconds
metaTables/vocal_music_demucs_16k/metaData_fma_large/row89859.csv
Execution time: 28.539151430130005 seconds
metaTables/vocal_music_demucs_16k/metaData_fma_large/row89860.csv
Execution time: 30.156013250350952 seconds
metaTables/vocal_music_demucs_16k/metaData_fma_large/row89861.csv
Execution time: 29.41629147529602 seconds
metaTables/vocal_music_demucs_16k/metaData_fma_large/row89862.csv
Execution time: 28.360707759857178 seconds
metaTables/vocal_music_demucs_16k/metaData_fma_large/row89863.csv
Execution time: 28.228129386901855 seconds
metaTables/vocal_music_demucs_16k/metaData_fma_large/row89864.csv
Execution time: 28.559947967529297 seconds
metaTables/vocal_music_demucs_16k/metaData_fma_large/row89865.csv
Execution time: 30.09937310218811 seconds
metaTables/vocal_music_demucs_16k/metaData_fma_large/row89866.csv
Execution time: 29.108625173568726 seconds
metaTables/vocal_music_demucs_16k/metaData_fma_large/row89867.csv
Execution time: 29.305601835250854 seconds
metaTables/vocal_music_demucs_16k/metaData_fma_large/row89868.csv
Execution time: 29.02846908569336 seconds
metaTables/vocal_music_demucs_16k/metaData_fma_large/row89869.csv
Execution time: 27.856662034988403 seconds
metaTables/vocal_music_demucs_16k/metaData_fma_large/row89870.csv
Execution time: 27.86061191558838 seconds
metaTables/vocal_music_demucs_16k/metaData_fma_large/row89871.csv
Execution time: 28.219918727874756 seconds
metaTables/vocal_music_demucs_16k/metaData_fma_large/row89872.csv
Execution time: 28.087905168533325 seconds
metaTables/vocal_music_demucs_16k/metaData_fma_large/row89873.csv
Execution time: 28.911184310913086 seconds
metaTables/vocal_music_demucs_16k/metaData_fma_large/row89874.csv
Execution time: 28.34702754020691 seconds
metaTables/vocal_music_demucs_16k/metaData_fma_large/row89875.csv
Execution time: 28.830151319503784 seconds
metaTables/vocal_music_demucs_16k/metaData_fma_large/row89876.csv
Execution time: 27.89342975616455 seconds
metaTables/vocal_music_demucs_16k/metaData_fma_large/row89877.csv
Execution time: 28.11809992790222 seconds
metaTables/vocal_music_demucs_16k/metaData_fma_large/row89878.csv
Execution time: 28.535237550735474 seconds
metaTables/vocal_music_demucs_16k/metaData_fma_large/row89879.csv
Execution time: 28.205313205718994 seconds
metaTables/vocal_music_demucs_16k/metaData_fma_large/row89880.csv
Execution time: 27.069293975830078 seconds
metaTables/vocal_music_demucs_16k/metaData_fma_large/row89881.csv
Execution time: 28.50763177871704 seconds
metaTables/vocal_music_demucs_16k/metaData_fma_large/row89882.csv
Execution time: 14.596134901046753 seconds
metaTables/vocal_music_demucs_16k/metaData_fma_large/row89883.csv
Execution time: 28.65737295150757 seconds
metaTables/vocal_music_demucs_16k/metaData_fma_large/row89884.csv
Execution time: 28.16534686088562 seconds
metaTables/vocal_music_demucs_16k/metaData_fma_large/row89885.csv
Execution time: 28.588134050369263 seconds
metaTables/vocal_music_demucs_16k/metaData_fma_large/row89886.csv
Execution time: 28.44904088973999 seconds
metaTables/vocal_music_demucs_16k/metaData_fma_large/row89887.csv
Execution time: 27.829497814178467 seconds
metaTables/vocal_music_demucs_16k/metaData_fma_large/row89888.csv
Execution time: 28.057876586914062 seconds
metaTables/vocal_music_demucs_16k/metaData_fma_large/row89889.csv
Execution time: 27.452093839645386 seconds
metaTables/vocal_music_demucs_16k/metaData_fma_large/row89890.csv
Execution time: 30.399314165115356 seconds
metaTables/vocal_music_demucs_16k/metaData_fma_large/row89891.csv
Execution time: 28.242328882217407 seconds
metaTables/vocal_music_demucs_16k/metaData_fma_large/row89892.csv
Execution time: 29.119795322418213 seconds
metaTables/vocal_music_demucs_16k/metaData_fma_large/row89893.csv
Execution time: 28.486199617385864 seconds
metaTables/vocal_music_demucs_16k/metaData_fma_large/row89894.csv
Execution time: 29.235467433929443 seconds
metaTables/vocal_music_demucs_16k/metaData_fma_large/row89895.csv
Execution time: 28.325166940689087 seconds
metaTables/vocal_music_demucs_16k/metaData_fma_large/row89896.csv
Execution time: 27.709344625473022 seconds
metaTables/vocal_music_demucs_16k/metaData_fma_large/row89897.csv
Execution time: 27.45459485054016 seconds
metaTables/vocal_music_demucs_16k/metaData_fma_large/row89898.csv
Execution time: 26.323871612548828 seconds
metaTables/vocal_music_demucs_16k/metaData_fma_large/row89899.csv
Demucs voice recognition done!
