/ext3/demucs/lib/python3.9/site-packages/demucs/api.py:27: UserWarning: TorchAudio's global backend is now deprecated. Please enable distpatcher by setting `TORCHAUDIO_USE_BACKEND_DISPATCHER=1`, and specify backend when calling load/info/save function.
  import torchaudio as ta
2024-05-09 00:18:29.680394: I tensorflow/core/util/port.cc:113] oneDNN custom operations are on. You may see slightly different numerical results due to floating-point round-off errors from different computation orders. To turn them off, set the environment variable `TF_ENABLE_ONEDNN_OPTS=0`.
2024-05-09 00:18:30.872630: E external/local_xla/xla/stream_executor/cuda/cuda_dnn.cc:9261] Unable to register cuDNN factory: Attempting to register factory for plugin cuDNN when one has already been registered
2024-05-09 00:18:30.872676: E external/local_xla/xla/stream_executor/cuda/cuda_fft.cc:607] Unable to register cuFFT factory: Attempting to register factory for plugin cuFFT when one has already been registered
2024-05-09 00:18:30.964803: E external/local_xla/xla/stream_executor/cuda/cuda_blas.cc:1515] Unable to register cuBLAS factory: Attempting to register factory for plugin cuBLAS when one has already been registered
2024-05-09 00:18:31.506862: I tensorflow/core/platform/cpu_feature_guard.cc:182] This TensorFlow binary is optimized to use available CPU instructions in performance-critical operations.
To enable the following instructions: AVX2 AVX512F AVX512_VNNI FMA, in other operations, rebuild TensorFlow with the appropriate compiler flags.
2024-05-09 00:18:33.504039: W tensorflow/compiler/tf2tensorrt/utils/py_utils.cc:38] TF-TRT Warning: Could not find TensorRT
Execution time: 31.704758405685425 seconds
metaTables/vocal_music_demucs_16k/metaData_fma_large/row82600.csv
Execution time: 27.148521900177002 seconds
metaTables/vocal_music_demucs_16k/metaData_fma_large/row82601.csv
Execution time: 28.481364011764526 seconds
metaTables/vocal_music_demucs_16k/metaData_fma_large/row82602.csv
Execution time: 26.82021164894104 seconds
metaTables/vocal_music_demucs_16k/metaData_fma_large/row82603.csv
Execution time: 27.493868827819824 seconds
metaTables/vocal_music_demucs_16k/metaData_fma_large/row82604.csv
Execution time: 28.175431728363037 seconds
metaTables/vocal_music_demucs_16k/metaData_fma_large/row82605.csv
Execution time: 27.017727613449097 seconds
metaTables/vocal_music_demucs_16k/metaData_fma_large/row82606.csv
Execution time: 27.303521871566772 seconds
metaTables/vocal_music_demucs_16k/metaData_fma_large/row82607.csv
Execution time: 27.476001262664795 seconds
metaTables/vocal_music_demucs_16k/metaData_fma_large/row82608.csv
Execution time: 27.306179761886597 seconds
metaTables/vocal_music_demucs_16k/metaData_fma_large/row82609.csv
Execution time: 29.561049699783325 seconds
metaTables/vocal_music_demucs_16k/metaData_fma_large/row82610.csv
Execution time: 27.826117515563965 seconds
metaTables/vocal_music_demucs_16k/metaData_fma_large/row82611.csv
Execution time: 27.36794376373291 seconds
metaTables/vocal_music_demucs_16k/metaData_fma_large/row82612.csv
Execution time: 27.83320450782776 seconds
metaTables/vocal_music_demucs_16k/metaData_fma_large/row82613.csv
Execution time: 27.896652936935425 seconds
metaTables/vocal_music_demucs_16k/metaData_fma_large/row82614.csv
Execution time: 26.516870498657227 seconds
metaTables/vocal_music_demucs_16k/metaData_fma_large/row82615.csv
Execution time: 27.407517671585083 seconds
metaTables/vocal_music_demucs_16k/metaData_fma_large/row82616.csv
Execution time: 27.079796314239502 seconds
metaTables/vocal_music_demucs_16k/metaData_fma_large/row82617.csv
Execution time: 27.146440267562866 seconds
metaTables/vocal_music_demucs_16k/metaData_fma_large/row82618.csv
Execution time: 28.148406505584717 seconds
metaTables/vocal_music_demucs_16k/metaData_fma_large/row82619.csv
Execution time: 27.46138858795166 seconds
metaTables/vocal_music_demucs_16k/metaData_fma_large/row82620.csv
Execution time: 27.533061027526855 seconds
metaTables/vocal_music_demucs_16k/metaData_fma_large/row82621.csv
Execution time: 18.310912609100342 seconds
metaTables/vocal_music_demucs_16k/metaData_fma_large/row82622.csv
Execution time: 27.078285455703735 seconds
metaTables/vocal_music_demucs_16k/metaData_fma_large/row82623.csv
Execution time: 26.875906705856323 seconds
metaTables/vocal_music_demucs_16k/metaData_fma_large/row82624.csv
Execution time: 26.972822904586792 seconds
metaTables/vocal_music_demucs_16k/metaData_fma_large/row82625.csv
Execution time: 26.861984968185425 seconds
metaTables/vocal_music_demucs_16k/metaData_fma_large/row82626.csv
Execution time: 26.88879680633545 seconds
metaTables/vocal_music_demucs_16k/metaData_fma_large/row82627.csv
Execution time: 28.739243268966675 seconds
metaTables/vocal_music_demucs_16k/metaData_fma_large/row82628.csv
Execution time: 27.681243181228638 seconds
metaTables/vocal_music_demucs_16k/metaData_fma_large/row82629.csv
Execution time: 27.09957480430603 seconds
metaTables/vocal_music_demucs_16k/metaData_fma_large/row82630.csv
Execution time: 27.48617911338806 seconds
metaTables/vocal_music_demucs_16k/metaData_fma_large/row82631.csv
Execution time: 27.594379663467407 seconds
metaTables/vocal_music_demucs_16k/metaData_fma_large/row82632.csv
Execution time: 27.349236726760864 seconds
metaTables/vocal_music_demucs_16k/metaData_fma_large/row82633.csv
Execution time: 26.869956254959106 seconds
metaTables/vocal_music_demucs_16k/metaData_fma_large/row82634.csv
Execution time: 26.967559576034546 seconds
metaTables/vocal_music_demucs_16k/metaData_fma_large/row82635.csv
Execution time: 27.47460961341858 seconds
metaTables/vocal_music_demucs_16k/metaData_fma_large/row82636.csv
Execution time: 26.49396777153015 seconds
metaTables/vocal_music_demucs_16k/metaData_fma_large/row82637.csv
Execution time: 28.00936198234558 seconds
metaTables/vocal_music_demucs_16k/metaData_fma_large/row82638.csv
Execution time: 27.56256413459778 seconds
metaTables/vocal_music_demucs_16k/metaData_fma_large/row82639.csv
Execution time: 27.628410816192627 seconds
metaTables/vocal_music_demucs_16k/metaData_fma_large/row82640.csv
Execution time: 26.99303650856018 seconds
metaTables/vocal_music_demucs_16k/metaData_fma_large/row82641.csv
Execution time: 27.17630887031555 seconds
metaTables/vocal_music_demucs_16k/metaData_fma_large/row82642.csv
Execution time: 28.125819206237793 seconds
metaTables/vocal_music_demucs_16k/metaData_fma_large/row82643.csv
Execution time: 27.516636848449707 seconds
metaTables/vocal_music_demucs_16k/metaData_fma_large/row82644.csv
Execution time: 27.105454444885254 seconds
metaTables/vocal_music_demucs_16k/metaData_fma_large/row82645.csv
Execution time: 27.25451374053955 seconds
metaTables/vocal_music_demucs_16k/metaData_fma_large/row82646.csv
Execution time: 27.929818630218506 seconds
metaTables/vocal_music_demucs_16k/metaData_fma_large/row82647.csv
Execution time: 27.276432275772095 seconds
metaTables/vocal_music_demucs_16k/metaData_fma_large/row82648.csv
Execution time: 26.598108768463135 seconds
metaTables/vocal_music_demucs_16k/metaData_fma_large/row82649.csv
Execution time: 27.4097101688385 seconds
metaTables/vocal_music_demucs_16k/metaData_fma_large/row82650.csv
Execution time: 26.8550763130188 seconds
metaTables/vocal_music_demucs_16k/metaData_fma_large/row82651.csv
Execution time: 28.02486562728882 seconds
metaTables/vocal_music_demucs_16k/metaData_fma_large/row82652.csv
Execution time: 27.625304222106934 seconds
metaTables/vocal_music_demucs_16k/metaData_fma_large/row82653.csv
Execution time: 27.096120357513428 seconds
metaTables/vocal_music_demucs_16k/metaData_fma_large/row82654.csv
Execution time: 27.612658739089966 seconds
metaTables/vocal_music_demucs_16k/metaData_fma_large/row82655.csv
Execution time: 27.74474334716797 seconds
metaTables/vocal_music_demucs_16k/metaData_fma_large/row82656.csv
Execution time: 27.76909828186035 seconds
metaTables/vocal_music_demucs_16k/metaData_fma_large/row82657.csv
Execution time: 28.672043323516846 seconds
metaTables/vocal_music_demucs_16k/metaData_fma_large/row82658.csv
Execution time: 28.820045232772827 seconds
metaTables/vocal_music_demucs_16k/metaData_fma_large/row82659.csv
Execution time: 27.01238489151001 seconds
metaTables/vocal_music_demucs_16k/metaData_fma_large/row82660.csv
Execution time: 27.639680862426758 seconds
metaTables/vocal_music_demucs_16k/metaData_fma_large/row82661.csv
Execution time: 26.920726537704468 seconds
metaTables/vocal_music_demucs_16k/metaData_fma_large/row82662.csv
Execution time: 27.55578327178955 seconds
metaTables/vocal_music_demucs_16k/metaData_fma_large/row82663.csv
Execution time: 27.058796167373657 seconds
metaTables/vocal_music_demucs_16k/metaData_fma_large/row82664.csv
Execution time: 27.52040958404541 seconds
metaTables/vocal_music_demucs_16k/metaData_fma_large/row82665.csv
Execution time: 28.365278959274292 seconds
metaTables/vocal_music_demucs_16k/metaData_fma_large/row82666.csv
Execution time: 27.68227791786194 seconds
metaTables/vocal_music_demucs_16k/metaData_fma_large/row82667.csv
Execution time: 27.67054057121277 seconds
metaTables/vocal_music_demucs_16k/metaData_fma_large/row82668.csv
Execution time: 26.75889015197754 seconds
metaTables/vocal_music_demucs_16k/metaData_fma_large/row82669.csv
Execution time: 27.08003878593445 seconds
metaTables/vocal_music_demucs_16k/metaData_fma_large/row82670.csv
Execution time: 27.851486444473267 seconds
metaTables/vocal_music_demucs_16k/metaData_fma_large/row82671.csv
Execution time: 27.14945936203003 seconds
metaTables/vocal_music_demucs_16k/metaData_fma_large/row82672.csv
Execution time: 27.5937397480011 seconds
metaTables/vocal_music_demucs_16k/metaData_fma_large/row82673.csv
Execution time: 27.606812477111816 seconds
metaTables/vocal_music_demucs_16k/metaData_fma_large/row82674.csv
Execution time: 27.638046503067017 seconds
metaTables/vocal_music_demucs_16k/metaData_fma_large/row82675.csv
Execution time: 28.323371410369873 seconds
metaTables/vocal_music_demucs_16k/metaData_fma_large/row82676.csv
Execution time: 27.21212863922119 seconds
metaTables/vocal_music_demucs_16k/metaData_fma_large/row82677.csv
Execution time: 27.143463134765625 seconds
metaTables/vocal_music_demucs_16k/metaData_fma_large/row82678.csv
Execution time: 27.625603914260864 seconds
metaTables/vocal_music_demucs_16k/metaData_fma_large/row82679.csv
Execution time: 27.812238931655884 seconds
metaTables/vocal_music_demucs_16k/metaData_fma_large/row82680.csv
Execution time: 27.51320171356201 seconds
metaTables/vocal_music_demucs_16k/metaData_fma_large/row82681.csv
Execution time: 27.680591106414795 seconds
metaTables/vocal_music_demucs_16k/metaData_fma_large/row82682.csv
Execution time: 27.15566396713257 seconds
metaTables/vocal_music_demucs_16k/metaData_fma_large/row82683.csv
Execution time: 27.750613927841187 seconds
metaTables/vocal_music_demucs_16k/metaData_fma_large/row82684.csv
Execution time: 27.25753355026245 seconds
metaTables/vocal_music_demucs_16k/metaData_fma_large/row82685.csv
Execution time: 27.642523288726807 seconds
metaTables/vocal_music_demucs_16k/metaData_fma_large/row82686.csv
Execution time: 26.820727348327637 seconds
metaTables/vocal_music_demucs_16k/metaData_fma_large/row82687.csv
Execution time: 18.23691964149475 seconds
metaTables/vocal_music_demucs_16k/metaData_fma_large/row82688.csv
Execution time: 29.226041316986084 seconds
metaTables/vocal_music_demucs_16k/metaData_fma_large/row82689.csv
Execution time: 26.65128445625305 seconds
metaTables/vocal_music_demucs_16k/metaData_fma_large/row82690.csv
Execution time: 27.181581735610962 seconds
metaTables/vocal_music_demucs_16k/metaData_fma_large/row82691.csv
Execution time: 28.097287893295288 seconds
metaTables/vocal_music_demucs_16k/metaData_fma_large/row82692.csv
Execution time: 26.928598403930664 seconds
metaTables/vocal_music_demucs_16k/metaData_fma_large/row82693.csv
Execution time: 27.790165662765503 seconds
metaTables/vocal_music_demucs_16k/metaData_fma_large/row82694.csv
Execution time: 27.032927989959717 seconds
metaTables/vocal_music_demucs_16k/metaData_fma_large/row82695.csv
Execution time: 27.226516246795654 seconds
metaTables/vocal_music_demucs_16k/metaData_fma_large/row82696.csv
Execution time: 28.298023462295532 seconds
metaTables/vocal_music_demucs_16k/metaData_fma_large/row82697.csv
Execution time: 26.77499008178711 seconds
metaTables/vocal_music_demucs_16k/metaData_fma_large/row82698.csv
Execution time: 27.266246557235718 seconds
metaTables/vocal_music_demucs_16k/metaData_fma_large/row82699.csv
Demucs voice recognition done!
