/ext3/demucs/lib/python3.9/site-packages/demucs/api.py:27: UserWarning: TorchAudio's global backend is now deprecated. Please enable distpatcher by setting `TORCHAUDIO_USE_BACKEND_DISPATCHER=1`, and specify backend when calling load/info/save function.
  import torchaudio as ta
2024-05-10 11:34:14.437769: I tensorflow/core/util/port.cc:113] oneDNN custom operations are on. You may see slightly different numerical results due to floating-point round-off errors from different computation orders. To turn them off, set the environment variable `TF_ENABLE_ONEDNN_OPTS=0`.
2024-05-10 11:34:14.905572: E external/local_xla/xla/stream_executor/cuda/cuda_dnn.cc:9261] Unable to register cuDNN factory: Attempting to register factory for plugin cuDNN when one has already been registered
2024-05-10 11:34:14.905615: E external/local_xla/xla/stream_executor/cuda/cuda_fft.cc:607] Unable to register cuFFT factory: Attempting to register factory for plugin cuFFT when one has already been registered
2024-05-10 11:34:14.937241: E external/local_xla/xla/stream_executor/cuda/cuda_blas.cc:1515] Unable to register cuBLAS factory: Attempting to register factory for plugin cuBLAS when one has already been registered
2024-05-10 11:34:14.979423: I tensorflow/core/platform/cpu_feature_guard.cc:182] This TensorFlow binary is optimized to use available CPU instructions in performance-critical operations.
To enable the following instructions: AVX2 AVX512F AVX512_VNNI FMA, in other operations, rebuild TensorFlow with the appropriate compiler flags.
2024-05-10 11:34:15.922503: W tensorflow/compiler/tf2tensorrt/utils/py_utils.cc:38] TF-TRT Warning: Could not find TensorRT
Execution time: 31.18035578727722 seconds
metaTables/vocal_music_demucs_16k/metaData_fma_large/row52800.csv
Execution time: 28.3548002243042 seconds
metaTables/vocal_music_demucs_16k/metaData_fma_large/row52801.csv
Execution time: 29.366663217544556 seconds
metaTables/vocal_music_demucs_16k/metaData_fma_large/row52802.csv
Execution time: 27.921674013137817 seconds
metaTables/vocal_music_demucs_16k/metaData_fma_large/row52803.csv
Execution time: 28.871817111968994 seconds
metaTables/vocal_music_demucs_16k/metaData_fma_large/row52804.csv
Execution time: 28.560861825942993 seconds
metaTables/vocal_music_demucs_16k/metaData_fma_large/row52805.csv
Execution time: 29.1779944896698 seconds
metaTables/vocal_music_demucs_16k/metaData_fma_large/row52806.csv
Execution time: 28.083137035369873 seconds
metaTables/vocal_music_demucs_16k/metaData_fma_large/row52807.csv
Execution time: 29.32458758354187 seconds
metaTables/vocal_music_demucs_16k/metaData_fma_large/row52808.csv
Execution time: 28.62200355529785 seconds
metaTables/vocal_music_demucs_16k/metaData_fma_large/row52809.csv
Execution time: 28.04675030708313 seconds
metaTables/vocal_music_demucs_16k/metaData_fma_large/row52810.csv
Execution time: 28.998822689056396 seconds
metaTables/vocal_music_demucs_16k/metaData_fma_large/row52811.csv
Execution time: 28.355095148086548 seconds
metaTables/vocal_music_demucs_16k/metaData_fma_large/row52812.csv
Execution time: 27.459395170211792 seconds
metaTables/vocal_music_demucs_16k/metaData_fma_large/row52813.csv
Execution time: 28.1359601020813 seconds
metaTables/vocal_music_demucs_16k/metaData_fma_large/row52814.csv
Execution time: 28.805516719818115 seconds
metaTables/vocal_music_demucs_16k/metaData_fma_large/row52815.csv
Execution time: 28.48783826828003 seconds
metaTables/vocal_music_demucs_16k/metaData_fma_large/row52816.csv
Execution time: 27.989215850830078 seconds
metaTables/vocal_music_demucs_16k/metaData_fma_large/row52817.csv
Execution time: 28.853451013565063 seconds
metaTables/vocal_music_demucs_16k/metaData_fma_large/row52818.csv
Execution time: 28.60373878479004 seconds
metaTables/vocal_music_demucs_16k/metaData_fma_large/row52819.csv
Execution time: 28.706117630004883 seconds
metaTables/vocal_music_demucs_16k/metaData_fma_large/row52820.csv
Execution time: 27.760944366455078 seconds
metaTables/vocal_music_demucs_16k/metaData_fma_large/row52821.csv
Execution time: 27.56509804725647 seconds
metaTables/vocal_music_demucs_16k/metaData_fma_large/row52822.csv
Execution time: 23.811392784118652 seconds
metaTables/vocal_music_demucs_16k/metaData_fma_large/row52823.csv
Execution time: 28.538228273391724 seconds
metaTables/vocal_music_demucs_16k/metaData_fma_large/row52824.csv
Execution time: 28.848164558410645 seconds
metaTables/vocal_music_demucs_16k/metaData_fma_large/row52825.csv
Execution time: 28.453620672225952 seconds
metaTables/vocal_music_demucs_16k/metaData_fma_large/row52826.csv
Execution time: 28.236289978027344 seconds
metaTables/vocal_music_demucs_16k/metaData_fma_large/row52827.csv
Execution time: 28.354196071624756 seconds
metaTables/vocal_music_demucs_16k/metaData_fma_large/row52828.csv
Execution time: 28.873016834259033 seconds
metaTables/vocal_music_demucs_16k/metaData_fma_large/row52829.csv
Execution time: 28.731356143951416 seconds
metaTables/vocal_music_demucs_16k/metaData_fma_large/row52830.csv
Execution time: 28.38900923728943 seconds
metaTables/vocal_music_demucs_16k/metaData_fma_large/row52831.csv
Execution time: 27.920477151870728 seconds
metaTables/vocal_music_demucs_16k/metaData_fma_large/row52832.csv
Execution time: 28.945668697357178 seconds
metaTables/vocal_music_demucs_16k/metaData_fma_large/row52833.csv
Execution time: 28.028876543045044 seconds
metaTables/vocal_music_demucs_16k/metaData_fma_large/row52834.csv
Execution time: 27.550243854522705 seconds
metaTables/vocal_music_demucs_16k/metaData_fma_large/row52835.csv
Execution time: 28.066617250442505 seconds
metaTables/vocal_music_demucs_16k/metaData_fma_large/row52836.csv
Execution time: 27.901179313659668 seconds
metaTables/vocal_music_demucs_16k/metaData_fma_large/row52837.csv
Execution time: 27.90216636657715 seconds
metaTables/vocal_music_demucs_16k/metaData_fma_large/row52838.csv
Execution time: 30.91832184791565 seconds
metaTables/vocal_music_demucs_16k/metaData_fma_large/row52839.csv
Execution time: 24.88693332672119 seconds
metaTables/vocal_music_demucs_16k/metaData_fma_large/row52840.csv
Execution time: 27.692214488983154 seconds
metaTables/vocal_music_demucs_16k/metaData_fma_large/row52841.csv
Execution time: 28.615394353866577 seconds
metaTables/vocal_music_demucs_16k/metaData_fma_large/row52842.csv
Execution time: 28.79741597175598 seconds
metaTables/vocal_music_demucs_16k/metaData_fma_large/row52843.csv
Execution time: 19.160141706466675 seconds
metaTables/vocal_music_demucs_16k/metaData_fma_large/row52844.csv
Execution time: 29.5380961894989 seconds
metaTables/vocal_music_demucs_16k/metaData_fma_large/row52845.csv
Execution time: 28.688478708267212 seconds
metaTables/vocal_music_demucs_16k/metaData_fma_large/row52846.csv
Execution time: 28.52177095413208 seconds
metaTables/vocal_music_demucs_16k/metaData_fma_large/row52847.csv
Execution time: 28.34513020515442 seconds
metaTables/vocal_music_demucs_16k/metaData_fma_large/row52848.csv
Execution time: 28.59961247444153 seconds
metaTables/vocal_music_demucs_16k/metaData_fma_large/row52849.csv
Execution time: 28.54734969139099 seconds
metaTables/vocal_music_demucs_16k/metaData_fma_large/row52850.csv
Execution time: 28.872390508651733 seconds
metaTables/vocal_music_demucs_16k/metaData_fma_large/row52851.csv
Execution time: 28.899492263793945 seconds
metaTables/vocal_music_demucs_16k/metaData_fma_large/row52852.csv
Execution time: 27.13877010345459 seconds
metaTables/vocal_music_demucs_16k/metaData_fma_large/row52853.csv
Execution time: 28.29062008857727 seconds
metaTables/vocal_music_demucs_16k/metaData_fma_large/row52854.csv
Execution time: 28.15497088432312 seconds
metaTables/vocal_music_demucs_16k/metaData_fma_large/row52855.csv
Execution time: 27.932632207870483 seconds
metaTables/vocal_music_demucs_16k/metaData_fma_large/row52856.csv
Execution time: 29.529762983322144 seconds
metaTables/vocal_music_demucs_16k/metaData_fma_large/row52857.csv
Execution time: 28.53626847267151 seconds
metaTables/vocal_music_demucs_16k/metaData_fma_large/row52858.csv
Execution time: 28.0133376121521 seconds
metaTables/vocal_music_demucs_16k/metaData_fma_large/row52859.csv
Execution time: 28.59937596321106 seconds
metaTables/vocal_music_demucs_16k/metaData_fma_large/row52860.csv
Execution time: 28.184869050979614 seconds
metaTables/vocal_music_demucs_16k/metaData_fma_large/row52861.csv
Execution time: 28.207008123397827 seconds
metaTables/vocal_music_demucs_16k/metaData_fma_large/row52862.csv
Execution time: 27.818660020828247 seconds
metaTables/vocal_music_demucs_16k/metaData_fma_large/row52863.csv
Execution time: 28.096450328826904 seconds
metaTables/vocal_music_demucs_16k/metaData_fma_large/row52864.csv
Execution time: 28.673582792282104 seconds
metaTables/vocal_music_demucs_16k/metaData_fma_large/row52865.csv
Execution time: 28.34652352333069 seconds
metaTables/vocal_music_demucs_16k/metaData_fma_large/row52866.csv
Execution time: 29.25710701942444 seconds
metaTables/vocal_music_demucs_16k/metaData_fma_large/row52867.csv
Execution time: 28.34184956550598 seconds
metaTables/vocal_music_demucs_16k/metaData_fma_large/row52868.csv
Execution time: 27.572499990463257 seconds
metaTables/vocal_music_demucs_16k/metaData_fma_large/row52869.csv
Execution time: 27.27359414100647 seconds
metaTables/vocal_music_demucs_16k/metaData_fma_large/row52870.csv
Execution time: 27.55189299583435 seconds
metaTables/vocal_music_demucs_16k/metaData_fma_large/row52871.csv
Execution time: 27.403475999832153 seconds
metaTables/vocal_music_demucs_16k/metaData_fma_large/row52872.csv
Execution time: 28.270586729049683 seconds
metaTables/vocal_music_demucs_16k/metaData_fma_large/row52873.csv
Execution time: 28.57438826560974 seconds
metaTables/vocal_music_demucs_16k/metaData_fma_large/row52874.csv
Execution time: 29.103203773498535 seconds
metaTables/vocal_music_demucs_16k/metaData_fma_large/row52875.csv
Execution time: 28.48020625114441 seconds
metaTables/vocal_music_demucs_16k/metaData_fma_large/row52876.csv
Execution time: 27.810077667236328 seconds
metaTables/vocal_music_demucs_16k/metaData_fma_large/row52877.csv
Execution time: 29.542040586471558 seconds
metaTables/vocal_music_demucs_16k/metaData_fma_large/row52878.csv
Execution time: 28.853939533233643 seconds
metaTables/vocal_music_demucs_16k/metaData_fma_large/row52879.csv
Execution time: 29.461570024490356 seconds
metaTables/vocal_music_demucs_16k/metaData_fma_large/row52880.csv
Execution time: 27.520297527313232 seconds
metaTables/vocal_music_demucs_16k/metaData_fma_large/row52881.csv
Execution time: 28.27913808822632 seconds
metaTables/vocal_music_demucs_16k/metaData_fma_large/row52882.csv
Execution time: 29.04102635383606 seconds
metaTables/vocal_music_demucs_16k/metaData_fma_large/row52883.csv
Execution time: 28.69888997077942 seconds
metaTables/vocal_music_demucs_16k/metaData_fma_large/row52884.csv
Execution time: 28.513692617416382 seconds
metaTables/vocal_music_demucs_16k/metaData_fma_large/row52885.csv
Execution time: 28.008468627929688 seconds
metaTables/vocal_music_demucs_16k/metaData_fma_large/row52886.csv
Execution time: 28.29517698287964 seconds
metaTables/vocal_music_demucs_16k/metaData_fma_large/row52887.csv
Execution time: 28.87918710708618 seconds
metaTables/vocal_music_demucs_16k/metaData_fma_large/row52888.csv
Execution time: 28.21858310699463 seconds
metaTables/vocal_music_demucs_16k/metaData_fma_large/row52889.csv
Execution time: 29.138742685317993 seconds
metaTables/vocal_music_demucs_16k/metaData_fma_large/row52890.csv
Execution time: 28.2426118850708 seconds
metaTables/vocal_music_demucs_16k/metaData_fma_large/row52891.csv
Execution time: 28.034133911132812 seconds
metaTables/vocal_music_demucs_16k/metaData_fma_large/row52892.csv
Execution time: 28.552139282226562 seconds
metaTables/vocal_music_demucs_16k/metaData_fma_large/row52893.csv
Execution time: 28.292388439178467 seconds
metaTables/vocal_music_demucs_16k/metaData_fma_large/row52894.csv
Execution time: 28.543835401535034 seconds
metaTables/vocal_music_demucs_16k/metaData_fma_large/row52895.csv
Execution time: 29.019405841827393 seconds
metaTables/vocal_music_demucs_16k/metaData_fma_large/row52896.csv
Execution time: 28.16135835647583 seconds
metaTables/vocal_music_demucs_16k/metaData_fma_large/row52897.csv
Execution time: 28.666181802749634 seconds
metaTables/vocal_music_demucs_16k/metaData_fma_large/row52898.csv
Execution time: 28.639894008636475 seconds
metaTables/vocal_music_demucs_16k/metaData_fma_large/row52899.csv
Demucs voice recognition done!
