/ext3/demucs/lib/python3.9/site-packages/demucs/api.py:27: UserWarning: TorchAudio's global backend is now deprecated. Please enable distpatcher by setting `TORCHAUDIO_USE_BACKEND_DISPATCHER=1`, and specify backend when calling load/info/save function.
  import torchaudio as ta
2024-05-10 11:35:02.483618: I tensorflow/core/util/port.cc:113] oneDNN custom operations are on. You may see slightly different numerical results due to floating-point round-off errors from different computation orders. To turn them off, set the environment variable `TF_ENABLE_ONEDNN_OPTS=0`.
2024-05-10 11:35:04.198577: E external/local_xla/xla/stream_executor/cuda/cuda_dnn.cc:9261] Unable to register cuDNN factory: Attempting to register factory for plugin cuDNN when one has already been registered
2024-05-10 11:35:04.198616: E external/local_xla/xla/stream_executor/cuda/cuda_fft.cc:607] Unable to register cuFFT factory: Attempting to register factory for plugin cuFFT when one has already been registered
2024-05-10 11:35:04.485960: E external/local_xla/xla/stream_executor/cuda/cuda_blas.cc:1515] Unable to register cuBLAS factory: Attempting to register factory for plugin cuBLAS when one has already been registered
2024-05-10 11:35:04.556665: I tensorflow/core/platform/cpu_feature_guard.cc:182] This TensorFlow binary is optimized to use available CPU instructions in performance-critical operations.
To enable the following instructions: AVX2 AVX512F AVX512_VNNI FMA, in other operations, rebuild TensorFlow with the appropriate compiler flags.
2024-05-10 11:35:05.938702: W tensorflow/compiler/tf2tensorrt/utils/py_utils.cc:38] TF-TRT Warning: Could not find TensorRT
Execution time: 31.215363025665283 seconds
metaTables/vocal_music_demucs_16k/metaData_fma_large/row90800.csv
Execution time: 29.663859367370605 seconds
metaTables/vocal_music_demucs_16k/metaData_fma_large/row90801.csv
Execution time: 29.09894633293152 seconds
metaTables/vocal_music_demucs_16k/metaData_fma_large/row90802.csv
Execution time: 30.001757621765137 seconds
metaTables/vocal_music_demucs_16k/metaData_fma_large/row90803.csv
Execution time: 28.84052062034607 seconds
metaTables/vocal_music_demucs_16k/metaData_fma_large/row90804.csv
Execution time: 29.43556571006775 seconds
metaTables/vocal_music_demucs_16k/metaData_fma_large/row90805.csv
Execution time: 29.05872344970703 seconds
metaTables/vocal_music_demucs_16k/metaData_fma_large/row90806.csv
Execution time: 29.02589750289917 seconds
metaTables/vocal_music_demucs_16k/metaData_fma_large/row90807.csv
Execution time: 28.676987409591675 seconds
metaTables/vocal_music_demucs_16k/metaData_fma_large/row90808.csv
Execution time: 29.153411388397217 seconds
metaTables/vocal_music_demucs_16k/metaData_fma_large/row90809.csv
Execution time: 29.233269691467285 seconds
metaTables/vocal_music_demucs_16k/metaData_fma_large/row90810.csv
Execution time: 29.83656144142151 seconds
metaTables/vocal_music_demucs_16k/metaData_fma_large/row90811.csv
Execution time: 28.944186687469482 seconds
metaTables/vocal_music_demucs_16k/metaData_fma_large/row90812.csv
Execution time: 29.52204728126526 seconds
metaTables/vocal_music_demucs_16k/metaData_fma_large/row90813.csv
Execution time: 29.47586965560913 seconds
metaTables/vocal_music_demucs_16k/metaData_fma_large/row90814.csv
Execution time: 28.950574159622192 seconds
metaTables/vocal_music_demucs_16k/metaData_fma_large/row90815.csv
Execution time: 29.00710391998291 seconds
metaTables/vocal_music_demucs_16k/metaData_fma_large/row90816.csv
Execution time: 28.756043434143066 seconds
metaTables/vocal_music_demucs_16k/metaData_fma_large/row90817.csv
Execution time: 29.783922910690308 seconds
metaTables/vocal_music_demucs_16k/metaData_fma_large/row90818.csv
Execution time: 28.922419786453247 seconds
metaTables/vocal_music_demucs_16k/metaData_fma_large/row90819.csv
Execution time: 29.789058208465576 seconds
metaTables/vocal_music_demucs_16k/metaData_fma_large/row90820.csv
Execution time: 29.91803550720215 seconds
metaTables/vocal_music_demucs_16k/metaData_fma_large/row90821.csv
Execution time: 29.57341742515564 seconds
metaTables/vocal_music_demucs_16k/metaData_fma_large/row90822.csv
Execution time: 28.84323239326477 seconds
metaTables/vocal_music_demucs_16k/metaData_fma_large/row90823.csv
Execution time: 29.86618423461914 seconds
metaTables/vocal_music_demucs_16k/metaData_fma_large/row90824.csv
Execution time: 29.38181209564209 seconds
metaTables/vocal_music_demucs_16k/metaData_fma_large/row90825.csv
Execution time: 29.331955432891846 seconds
metaTables/vocal_music_demucs_16k/metaData_fma_large/row90826.csv
Execution time: 27.707266330718994 seconds
metaTables/vocal_music_demucs_16k/metaData_fma_large/row90827.csv
Execution time: 28.552443027496338 seconds
metaTables/vocal_music_demucs_16k/metaData_fma_large/row90828.csv
Execution time: 29.1014621257782 seconds
metaTables/vocal_music_demucs_16k/metaData_fma_large/row90829.csv
Execution time: 27.997064113616943 seconds
metaTables/vocal_music_demucs_16k/metaData_fma_large/row90830.csv
Execution time: 29.269115924835205 seconds
metaTables/vocal_music_demucs_16k/metaData_fma_large/row90831.csv
Execution time: 30.447112560272217 seconds
metaTables/vocal_music_demucs_16k/metaData_fma_large/row90832.csv
Execution time: 28.125959157943726 seconds
metaTables/vocal_music_demucs_16k/metaData_fma_large/row90833.csv
Execution time: 30.22774839401245 seconds
metaTables/vocal_music_demucs_16k/metaData_fma_large/row90834.csv
Execution time: 29.451574563980103 seconds
metaTables/vocal_music_demucs_16k/metaData_fma_large/row90835.csv
Execution time: 29.41226363182068 seconds
metaTables/vocal_music_demucs_16k/metaData_fma_large/row90836.csv
Execution time: 29.811366319656372 seconds
metaTables/vocal_music_demucs_16k/metaData_fma_large/row90837.csv
Execution time: 29.449913024902344 seconds
metaTables/vocal_music_demucs_16k/metaData_fma_large/row90838.csv
Execution time: 29.054891109466553 seconds
metaTables/vocal_music_demucs_16k/metaData_fma_large/row90839.csv
Execution time: 29.36542534828186 seconds
metaTables/vocal_music_demucs_16k/metaData_fma_large/row90840.csv
Execution time: 29.29771327972412 seconds
metaTables/vocal_music_demucs_16k/metaData_fma_large/row90841.csv
Execution time: 29.348721504211426 seconds
metaTables/vocal_music_demucs_16k/metaData_fma_large/row90842.csv
Execution time: 29.563665866851807 seconds
metaTables/vocal_music_demucs_16k/metaData_fma_large/row90843.csv
Execution time: 29.590769052505493 seconds
metaTables/vocal_music_demucs_16k/metaData_fma_large/row90844.csv
Execution time: 28.853031635284424 seconds
metaTables/vocal_music_demucs_16k/metaData_fma_large/row90845.csv
Execution time: 29.143898725509644 seconds
metaTables/vocal_music_demucs_16k/metaData_fma_large/row90846.csv
Execution time: 29.8489511013031 seconds
metaTables/vocal_music_demucs_16k/metaData_fma_large/row90847.csv
Execution time: 28.960572957992554 seconds
metaTables/vocal_music_demucs_16k/metaData_fma_large/row90848.csv
Execution time: 28.9859676361084 seconds
metaTables/vocal_music_demucs_16k/metaData_fma_large/row90849.csv
Execution time: 29.355710983276367 seconds
metaTables/vocal_music_demucs_16k/metaData_fma_large/row90850.csv
Execution time: 29.104794025421143 seconds
metaTables/vocal_music_demucs_16k/metaData_fma_large/row90851.csv
Execution time: 29.515455722808838 seconds
metaTables/vocal_music_demucs_16k/metaData_fma_large/row90852.csv
Execution time: 29.537524700164795 seconds
metaTables/vocal_music_demucs_16k/metaData_fma_large/row90853.csv
Execution time: 29.700942277908325 seconds
metaTables/vocal_music_demucs_16k/metaData_fma_large/row90854.csv
Execution time: 28.9421489238739 seconds
metaTables/vocal_music_demucs_16k/metaData_fma_large/row90855.csv
Execution time: 30.247048139572144 seconds
metaTables/vocal_music_demucs_16k/metaData_fma_large/row90856.csv
Execution time: 30.632251262664795 seconds
metaTables/vocal_music_demucs_16k/metaData_fma_large/row90857.csv
Execution time: 29.201057195663452 seconds
metaTables/vocal_music_demucs_16k/metaData_fma_large/row90858.csv
Execution time: 28.88542628288269 seconds
metaTables/vocal_music_demucs_16k/metaData_fma_large/row90859.csv
Execution time: 29.847083568572998 seconds
metaTables/vocal_music_demucs_16k/metaData_fma_large/row90860.csv
Execution time: 29.51063323020935 seconds
metaTables/vocal_music_demucs_16k/metaData_fma_large/row90861.csv
Execution time: 29.041659355163574 seconds
metaTables/vocal_music_demucs_16k/metaData_fma_large/row90862.csv
Execution time: 28.370993852615356 seconds
metaTables/vocal_music_demucs_16k/metaData_fma_large/row90863.csv
Execution time: 29.19883108139038 seconds
metaTables/vocal_music_demucs_16k/metaData_fma_large/row90864.csv
Execution time: 29.473368883132935 seconds
metaTables/vocal_music_demucs_16k/metaData_fma_large/row90865.csv
Execution time: 29.475029706954956 seconds
metaTables/vocal_music_demucs_16k/metaData_fma_large/row90866.csv
Execution time: 30.65052556991577 seconds
metaTables/vocal_music_demucs_16k/metaData_fma_large/row90867.csv
Execution time: 28.961231470108032 seconds
metaTables/vocal_music_demucs_16k/metaData_fma_large/row90868.csv
Execution time: 28.70760440826416 seconds
metaTables/vocal_music_demucs_16k/metaData_fma_large/row90869.csv
Execution time: 28.861855268478394 seconds
metaTables/vocal_music_demucs_16k/metaData_fma_large/row90870.csv
Execution time: 29.47138547897339 seconds
metaTables/vocal_music_demucs_16k/metaData_fma_large/row90871.csv
Execution time: 28.55630922317505 seconds
metaTables/vocal_music_demucs_16k/metaData_fma_large/row90872.csv
Execution time: 29.535433769226074 seconds
metaTables/vocal_music_demucs_16k/metaData_fma_large/row90873.csv
Execution time: 29.251889944076538 seconds
metaTables/vocal_music_demucs_16k/metaData_fma_large/row90874.csv
Execution time: 28.83957529067993 seconds
metaTables/vocal_music_demucs_16k/metaData_fma_large/row90875.csv
Execution time: 28.99752688407898 seconds
metaTables/vocal_music_demucs_16k/metaData_fma_large/row90876.csv
Execution time: 28.8090238571167 seconds
metaTables/vocal_music_demucs_16k/metaData_fma_large/row90877.csv
Execution time: 29.15401864051819 seconds
metaTables/vocal_music_demucs_16k/metaData_fma_large/row90878.csv
Execution time: 29.229360818862915 seconds
metaTables/vocal_music_demucs_16k/metaData_fma_large/row90879.csv
Execution time: 29.01360511779785 seconds
metaTables/vocal_music_demucs_16k/metaData_fma_large/row90880.csv
Execution time: 28.809436559677124 seconds
metaTables/vocal_music_demucs_16k/metaData_fma_large/row90881.csv
Execution time: 30.233729600906372 seconds
metaTables/vocal_music_demucs_16k/metaData_fma_large/row90882.csv
Execution time: 29.917333364486694 seconds
metaTables/vocal_music_demucs_16k/metaData_fma_large/row90883.csv
Execution time: 15.760503053665161 seconds
metaTables/vocal_music_demucs_16k/metaData_fma_large/row90884.csv
Execution time: 29.545491695404053 seconds
metaTables/vocal_music_demucs_16k/metaData_fma_large/row90885.csv
Execution time: 29.71333360671997 seconds
metaTables/vocal_music_demucs_16k/metaData_fma_large/row90886.csv
Execution time: 28.804088830947876 seconds
metaTables/vocal_music_demucs_16k/metaData_fma_large/row90887.csv
Execution time: 29.54412341117859 seconds
metaTables/vocal_music_demucs_16k/metaData_fma_large/row90888.csv
Execution time: 28.802868366241455 seconds
metaTables/vocal_music_demucs_16k/metaData_fma_large/row90889.csv
Execution time: 29.513931035995483 seconds
metaTables/vocal_music_demucs_16k/metaData_fma_large/row90890.csv
Execution time: 29.13466739654541 seconds
metaTables/vocal_music_demucs_16k/metaData_fma_large/row90891.csv
Execution time: 30.126147508621216 seconds
metaTables/vocal_music_demucs_16k/metaData_fma_large/row90892.csv
Execution time: 29.410186290740967 seconds
metaTables/vocal_music_demucs_16k/metaData_fma_large/row90893.csv
Execution time: 28.008983612060547 seconds
metaTables/vocal_music_demucs_16k/metaData_fma_large/row90894.csv
Execution time: 27.889537572860718 seconds
metaTables/vocal_music_demucs_16k/metaData_fma_large/row90895.csv
Execution time: 29.405575275421143 seconds
metaTables/vocal_music_demucs_16k/metaData_fma_large/row90896.csv
Execution time: 29.471879482269287 seconds
metaTables/vocal_music_demucs_16k/metaData_fma_large/row90897.csv
Execution time: 26.021567344665527 seconds
metaTables/vocal_music_demucs_16k/metaData_fma_large/row90898.csv
Execution time: 22.33358597755432 seconds
metaTables/vocal_music_demucs_16k/metaData_fma_large/row90899.csv
Demucs voice recognition done!
