/ext3/demucs/lib/python3.9/site-packages/demucs/api.py:27: UserWarning: TorchAudio's global backend is now deprecated. Please enable distpatcher by setting `TORCHAUDIO_USE_BACKEND_DISPATCHER=1`, and specify backend when calling load/info/save function.
  import torchaudio as ta
2024-05-08 23:36:44.089162: I tensorflow/core/util/port.cc:113] oneDNN custom operations are on. You may see slightly different numerical results due to floating-point round-off errors from different computation orders. To turn them off, set the environment variable `TF_ENABLE_ONEDNN_OPTS=0`.
2024-05-08 23:36:47.272433: E external/local_xla/xla/stream_executor/cuda/cuda_dnn.cc:9261] Unable to register cuDNN factory: Attempting to register factory for plugin cuDNN when one has already been registered
2024-05-08 23:36:47.272468: E external/local_xla/xla/stream_executor/cuda/cuda_fft.cc:607] Unable to register cuFFT factory: Attempting to register factory for plugin cuFFT when one has already been registered
2024-05-08 23:36:47.534360: E external/local_xla/xla/stream_executor/cuda/cuda_blas.cc:1515] Unable to register cuBLAS factory: Attempting to register factory for plugin cuBLAS when one has already been registered
2024-05-08 23:36:47.959897: I tensorflow/core/platform/cpu_feature_guard.cc:182] This TensorFlow binary is optimized to use available CPU instructions in performance-critical operations.
To enable the following instructions: AVX2 AVX512F AVX512_VNNI FMA, in other operations, rebuild TensorFlow with the appropriate compiler flags.
2024-05-08 23:36:50.914175: W tensorflow/compiler/tf2tensorrt/utils/py_utils.cc:38] TF-TRT Warning: Could not find TensorRT
Execution time: 27.48629879951477 seconds
metaTables/vocal_music_demucs_16k/metaData_fma_large/row49100.csv
Execution time: 25.493164539337158 seconds
metaTables/vocal_music_demucs_16k/metaData_fma_large/row49101.csv
Execution time: 25.777560234069824 seconds
metaTables/vocal_music_demucs_16k/metaData_fma_large/row49102.csv
Execution time: 26.73809814453125 seconds
metaTables/vocal_music_demucs_16k/metaData_fma_large/row49103.csv
Execution time: 25.585347890853882 seconds
metaTables/vocal_music_demucs_16k/metaData_fma_large/row49104.csv
Execution time: 27.602144479751587 seconds
metaTables/vocal_music_demucs_16k/metaData_fma_large/row49105.csv
Execution time: 25.426915168762207 seconds
metaTables/vocal_music_demucs_16k/metaData_fma_large/row49106.csv
Execution time: 25.923184394836426 seconds
metaTables/vocal_music_demucs_16k/metaData_fma_large/row49107.csv
Execution time: 25.880020141601562 seconds
metaTables/vocal_music_demucs_16k/metaData_fma_large/row49108.csv
Execution time: 25.874372959136963 seconds
metaTables/vocal_music_demucs_16k/metaData_fma_large/row49109.csv
Execution time: 26.180028676986694 seconds
metaTables/vocal_music_demucs_16k/metaData_fma_large/row49110.csv
Execution time: 25.998789072036743 seconds
metaTables/vocal_music_demucs_16k/metaData_fma_large/row49111.csv
Execution time: 25.969370126724243 seconds
metaTables/vocal_music_demucs_16k/metaData_fma_large/row49112.csv
Execution time: 25.92342758178711 seconds
metaTables/vocal_music_demucs_16k/metaData_fma_large/row49113.csv
Execution time: 24.513427257537842 seconds
metaTables/vocal_music_demucs_16k/metaData_fma_large/row49114.csv
Execution time: 25.646873950958252 seconds
metaTables/vocal_music_demucs_16k/metaData_fma_large/row49115.csv
Execution time: 26.352410554885864 seconds
metaTables/vocal_music_demucs_16k/metaData_fma_large/row49116.csv
Execution time: 26.123746395111084 seconds
metaTables/vocal_music_demucs_16k/metaData_fma_large/row49117.csv
Execution time: 25.167099714279175 seconds
metaTables/vocal_music_demucs_16k/metaData_fma_large/row49118.csv
Execution time: 26.735313653945923 seconds
metaTables/vocal_music_demucs_16k/metaData_fma_large/row49119.csv
Execution time: 25.55607295036316 seconds
metaTables/vocal_music_demucs_16k/metaData_fma_large/row49120.csv
Execution time: 26.161229848861694 seconds
metaTables/vocal_music_demucs_16k/metaData_fma_large/row49121.csv
Execution time: 25.225395441055298 seconds
metaTables/vocal_music_demucs_16k/metaData_fma_large/row49122.csv
Execution time: 25.15141487121582 seconds
metaTables/vocal_music_demucs_16k/metaData_fma_large/row49123.csv
Execution time: 17.787169694900513 seconds
metaTables/vocal_music_demucs_16k/metaData_fma_large/row49124.csv
Execution time: 26.996546268463135 seconds
metaTables/vocal_music_demucs_16k/metaData_fma_large/row49125.csv
Execution time: 25.366725206375122 seconds
metaTables/vocal_music_demucs_16k/metaData_fma_large/row49126.csv
Execution time: 26.42242670059204 seconds
metaTables/vocal_music_demucs_16k/metaData_fma_large/row49127.csv
Execution time: 23.8004207611084 seconds
metaTables/vocal_music_demucs_16k/metaData_fma_large/row49128.csv
Execution time: 25.95643901824951 seconds
metaTables/vocal_music_demucs_16k/metaData_fma_large/row49129.csv
Execution time: 27.198211431503296 seconds
metaTables/vocal_music_demucs_16k/metaData_fma_large/row49130.csv
Execution time: 26.115256547927856 seconds
metaTables/vocal_music_demucs_16k/metaData_fma_large/row49131.csv
Execution time: 25.754502773284912 seconds
metaTables/vocal_music_demucs_16k/metaData_fma_large/row49132.csv
Execution time: 25.978312969207764 seconds
metaTables/vocal_music_demucs_16k/metaData_fma_large/row49133.csv
Execution time: 26.28812885284424 seconds
metaTables/vocal_music_demucs_16k/metaData_fma_large/row49134.csv
Execution time: 25.072044610977173 seconds
metaTables/vocal_music_demucs_16k/metaData_fma_large/row49135.csv
Execution time: 26.346063375473022 seconds
metaTables/vocal_music_demucs_16k/metaData_fma_large/row49136.csv
Execution time: 25.422629833221436 seconds
metaTables/vocal_music_demucs_16k/metaData_fma_large/row49137.csv
Execution time: 26.42801284790039 seconds
metaTables/vocal_music_demucs_16k/metaData_fma_large/row49138.csv
Execution time: 25.590567350387573 seconds
metaTables/vocal_music_demucs_16k/metaData_fma_large/row49139.csv
Execution time: 25.927783489227295 seconds
metaTables/vocal_music_demucs_16k/metaData_fma_large/row49140.csv
Execution time: 25.918412446975708 seconds
metaTables/vocal_music_demucs_16k/metaData_fma_large/row49141.csv
Execution time: 26.156861066818237 seconds
metaTables/vocal_music_demucs_16k/metaData_fma_large/row49142.csv
Execution time: 26.001169681549072 seconds
metaTables/vocal_music_demucs_16k/metaData_fma_large/row49143.csv
Execution time: 26.09834933280945 seconds
metaTables/vocal_music_demucs_16k/metaData_fma_large/row49144.csv
Execution time: 25.80999779701233 seconds
metaTables/vocal_music_demucs_16k/metaData_fma_large/row49145.csv
Execution time: 27.785747289657593 seconds
metaTables/vocal_music_demucs_16k/metaData_fma_large/row49146.csv
Execution time: 26.921900749206543 seconds
metaTables/vocal_music_demucs_16k/metaData_fma_large/row49147.csv
Execution time: 25.896222829818726 seconds
metaTables/vocal_music_demucs_16k/metaData_fma_large/row49148.csv
Execution time: 26.17176842689514 seconds
metaTables/vocal_music_demucs_16k/metaData_fma_large/row49149.csv
Execution time: 26.44940710067749 seconds
metaTables/vocal_music_demucs_16k/metaData_fma_large/row49150.csv
Execution time: 26.079805612564087 seconds
metaTables/vocal_music_demucs_16k/metaData_fma_large/row49151.csv
Execution time: 26.19629669189453 seconds
metaTables/vocal_music_demucs_16k/metaData_fma_large/row49152.csv
Execution time: 25.849750518798828 seconds
metaTables/vocal_music_demucs_16k/metaData_fma_large/row49153.csv
Execution time: 27.605478048324585 seconds
metaTables/vocal_music_demucs_16k/metaData_fma_large/row49154.csv
Execution time: 26.188157320022583 seconds
metaTables/vocal_music_demucs_16k/metaData_fma_large/row49155.csv
Execution time: 25.362557649612427 seconds
metaTables/vocal_music_demucs_16k/metaData_fma_large/row49156.csv
Execution time: 26.020229816436768 seconds
metaTables/vocal_music_demucs_16k/metaData_fma_large/row49157.csv
Execution time: 26.223257303237915 seconds
metaTables/vocal_music_demucs_16k/metaData_fma_large/row49158.csv
Execution time: 26.05603289604187 seconds
metaTables/vocal_music_demucs_16k/metaData_fma_large/row49159.csv
Execution time: 23.61605167388916 seconds
metaTables/vocal_music_demucs_16k/metaData_fma_large/row49160.csv
Execution time: 26.87454652786255 seconds
metaTables/vocal_music_demucs_16k/metaData_fma_large/row49161.csv
Execution time: 25.507089853286743 seconds
metaTables/vocal_music_demucs_16k/metaData_fma_large/row49162.csv
Execution time: 26.82518482208252 seconds
metaTables/vocal_music_demucs_16k/metaData_fma_large/row49163.csv
Execution time: 26.765772342681885 seconds
metaTables/vocal_music_demucs_16k/metaData_fma_large/row49164.csv
Execution time: 27.386836290359497 seconds
metaTables/vocal_music_demucs_16k/metaData_fma_large/row49165.csv
Execution time: 27.533507347106934 seconds
metaTables/vocal_music_demucs_16k/metaData_fma_large/row49166.csv
Execution time: 26.499854564666748 seconds
metaTables/vocal_music_demucs_16k/metaData_fma_large/row49167.csv
Execution time: 25.735307693481445 seconds
metaTables/vocal_music_demucs_16k/metaData_fma_large/row49168.csv
Execution time: 26.14138889312744 seconds
metaTables/vocal_music_demucs_16k/metaData_fma_large/row49169.csv
Execution time: 26.978387117385864 seconds
metaTables/vocal_music_demucs_16k/metaData_fma_large/row49170.csv
Execution time: 27.019871711730957 seconds
metaTables/vocal_music_demucs_16k/metaData_fma_large/row49171.csv
Execution time: 26.364627361297607 seconds
metaTables/vocal_music_demucs_16k/metaData_fma_large/row49172.csv
Execution time: 25.24276089668274 seconds
metaTables/vocal_music_demucs_16k/metaData_fma_large/row49173.csv
Execution time: 25.96726632118225 seconds
metaTables/vocal_music_demucs_16k/metaData_fma_large/row49174.csv
Execution time: 26.123340845108032 seconds
metaTables/vocal_music_demucs_16k/metaData_fma_large/row49175.csv
Execution time: 25.77785086631775 seconds
metaTables/vocal_music_demucs_16k/metaData_fma_large/row49176.csv
Execution time: 25.897043228149414 seconds
metaTables/vocal_music_demucs_16k/metaData_fma_large/row49177.csv
Execution time: 26.55373978614807 seconds
metaTables/vocal_music_demucs_16k/metaData_fma_large/row49178.csv
Execution time: 27.493823528289795 seconds
metaTables/vocal_music_demucs_16k/metaData_fma_large/row49179.csv
Execution time: 26.3514244556427 seconds
metaTables/vocal_music_demucs_16k/metaData_fma_large/row49180.csv
Execution time: 25.06210994720459 seconds
metaTables/vocal_music_demucs_16k/metaData_fma_large/row49181.csv
Execution time: 25.21022891998291 seconds
metaTables/vocal_music_demucs_16k/metaData_fma_large/row49182.csv
Execution time: 26.294183254241943 seconds
metaTables/vocal_music_demucs_16k/metaData_fma_large/row49183.csv
Execution time: 25.603060245513916 seconds
metaTables/vocal_music_demucs_16k/metaData_fma_large/row49184.csv
Execution time: 26.681268215179443 seconds
metaTables/vocal_music_demucs_16k/metaData_fma_large/row49185.csv
Execution time: 25.461845874786377 seconds
metaTables/vocal_music_demucs_16k/metaData_fma_large/row49186.csv
Execution time: 26.172465324401855 seconds
metaTables/vocal_music_demucs_16k/metaData_fma_large/row49187.csv
Execution time: 25.465424299240112 seconds
metaTables/vocal_music_demucs_16k/metaData_fma_large/row49188.csv
Execution time: 25.26707673072815 seconds
metaTables/vocal_music_demucs_16k/metaData_fma_large/row49189.csv
Execution time: 26.08023500442505 seconds
metaTables/vocal_music_demucs_16k/metaData_fma_large/row49190.csv
Execution time: 25.80382800102234 seconds
metaTables/vocal_music_demucs_16k/metaData_fma_large/row49191.csv
Execution time: 16.966309785842896 seconds
metaTables/vocal_music_demucs_16k/metaData_fma_large/row49192.csv
Execution time: 26.961602926254272 seconds
metaTables/vocal_music_demucs_16k/metaData_fma_large/row49193.csv
Execution time: 26.953055143356323 seconds
metaTables/vocal_music_demucs_16k/metaData_fma_large/row49194.csv
Execution time: 26.15458869934082 seconds
metaTables/vocal_music_demucs_16k/metaData_fma_large/row49195.csv
Execution time: 26.031689405441284 seconds
metaTables/vocal_music_demucs_16k/metaData_fma_large/row49196.csv
Execution time: 26.286022663116455 seconds
metaTables/vocal_music_demucs_16k/metaData_fma_large/row49197.csv
Execution time: 24.64875555038452 seconds
metaTables/vocal_music_demucs_16k/metaData_fma_large/row49198.csv
Execution time: 25.54641032218933 seconds
metaTables/vocal_music_demucs_16k/metaData_fma_large/row49199.csv
Demucs voice recognition done!
