/ext3/demucs/lib/python3.9/site-packages/demucs/api.py:27: UserWarning: TorchAudio's global backend is now deprecated. Please enable distpatcher by setting `TORCHAUDIO_USE_BACKEND_DISPATCHER=1`, and specify backend when calling load/info/save function.
  import torchaudio as ta
2024-05-09 00:20:13.865903: I tensorflow/core/util/port.cc:113] oneDNN custom operations are on. You may see slightly different numerical results due to floating-point round-off errors from different computation orders. To turn them off, set the environment variable `TF_ENABLE_ONEDNN_OPTS=0`.
2024-05-09 00:20:14.511352: E external/local_xla/xla/stream_executor/cuda/cuda_dnn.cc:9261] Unable to register cuDNN factory: Attempting to register factory for plugin cuDNN when one has already been registered
2024-05-09 00:20:14.511397: E external/local_xla/xla/stream_executor/cuda/cuda_fft.cc:607] Unable to register cuFFT factory: Attempting to register factory for plugin cuFFT when one has already been registered
2024-05-09 00:20:14.534243: E external/local_xla/xla/stream_executor/cuda/cuda_blas.cc:1515] Unable to register cuBLAS factory: Attempting to register factory for plugin cuBLAS when one has already been registered
2024-05-09 00:20:14.580091: I tensorflow/core/platform/cpu_feature_guard.cc:182] This TensorFlow binary is optimized to use available CPU instructions in performance-critical operations.
To enable the following instructions: AVX2 AVX512F AVX512_VNNI FMA, in other operations, rebuild TensorFlow with the appropriate compiler flags.
2024-05-09 00:20:15.738774: W tensorflow/compiler/tf2tensorrt/utils/py_utils.cc:38] TF-TRT Warning: Could not find TensorRT
Execution time: 26.38754630088806 seconds
metaTables/vocal_music_demucs_16k/metaData_fma_large/row102200.csv
Execution time: 24.94974446296692 seconds
metaTables/vocal_music_demucs_16k/metaData_fma_large/row102201.csv
Execution time: 24.609647035598755 seconds
metaTables/vocal_music_demucs_16k/metaData_fma_large/row102202.csv
Execution time: 24.995396375656128 seconds
metaTables/vocal_music_demucs_16k/metaData_fma_large/row102203.csv
Execution time: 24.68641424179077 seconds
metaTables/vocal_music_demucs_16k/metaData_fma_large/row102204.csv
Execution time: 24.378839254379272 seconds
metaTables/vocal_music_demucs_16k/metaData_fma_large/row102205.csv
Execution time: 25.457997798919678 seconds
metaTables/vocal_music_demucs_16k/metaData_fma_large/row102206.csv
Execution time: 24.902936220169067 seconds
metaTables/vocal_music_demucs_16k/metaData_fma_large/row102207.csv
Execution time: 25.106239318847656 seconds
metaTables/vocal_music_demucs_16k/metaData_fma_large/row102208.csv
Execution time: 24.819993019104004 seconds
metaTables/vocal_music_demucs_16k/metaData_fma_large/row102209.csv
Execution time: 25.607669591903687 seconds
metaTables/vocal_music_demucs_16k/metaData_fma_large/row102210.csv
Execution time: 24.84861660003662 seconds
metaTables/vocal_music_demucs_16k/metaData_fma_large/row102211.csv
Execution time: 25.251392126083374 seconds
metaTables/vocal_music_demucs_16k/metaData_fma_large/row102212.csv
Execution time: 16.593290328979492 seconds
metaTables/vocal_music_demucs_16k/metaData_fma_large/row102213.csv
Execution time: 25.667263746261597 seconds
metaTables/vocal_music_demucs_16k/metaData_fma_large/row102214.csv
Execution time: 24.54283356666565 seconds
metaTables/vocal_music_demucs_16k/metaData_fma_large/row102215.csv
Execution time: 26.170163869857788 seconds
metaTables/vocal_music_demucs_16k/metaData_fma_large/row102216.csv
Execution time: 24.6925151348114 seconds
metaTables/vocal_music_demucs_16k/metaData_fma_large/row102217.csv
Execution time: 25.074931621551514 seconds
metaTables/vocal_music_demucs_16k/metaData_fma_large/row102218.csv
Execution time: 25.156492233276367 seconds
metaTables/vocal_music_demucs_16k/metaData_fma_large/row102219.csv
Execution time: 26.971125841140747 seconds
metaTables/vocal_music_demucs_16k/metaData_fma_large/row102220.csv
Execution time: 25.436498403549194 seconds
metaTables/vocal_music_demucs_16k/metaData_fma_large/row102221.csv
Execution time: 24.33585023880005 seconds
metaTables/vocal_music_demucs_16k/metaData_fma_large/row102222.csv
Execution time: 17.801372289657593 seconds
metaTables/vocal_music_demucs_16k/metaData_fma_large/row102223.csv
Execution time: 25.20878791809082 seconds
metaTables/vocal_music_demucs_16k/metaData_fma_large/row102224.csv
Execution time: 26.099507808685303 seconds
metaTables/vocal_music_demucs_16k/metaData_fma_large/row102225.csv
Execution time: 24.59626269340515 seconds
metaTables/vocal_music_demucs_16k/metaData_fma_large/row102226.csv
Execution time: 24.920057773590088 seconds
metaTables/vocal_music_demucs_16k/metaData_fma_large/row102227.csv
Execution time: 25.03614854812622 seconds
metaTables/vocal_music_demucs_16k/metaData_fma_large/row102228.csv
Execution time: 25.31218910217285 seconds
metaTables/vocal_music_demucs_16k/metaData_fma_large/row102229.csv
Execution time: 24.810587167739868 seconds
metaTables/vocal_music_demucs_16k/metaData_fma_large/row102230.csv
Execution time: 26.09242820739746 seconds
metaTables/vocal_music_demucs_16k/metaData_fma_large/row102231.csv
Execution time: 24.481128215789795 seconds
metaTables/vocal_music_demucs_16k/metaData_fma_large/row102232.csv
Execution time: 24.968377590179443 seconds
metaTables/vocal_music_demucs_16k/metaData_fma_large/row102233.csv
Execution time: 24.191242694854736 seconds
metaTables/vocal_music_demucs_16k/metaData_fma_large/row102234.csv
Execution time: 24.62449049949646 seconds
metaTables/vocal_music_demucs_16k/metaData_fma_large/row102235.csv
Execution time: 25.759104013442993 seconds
metaTables/vocal_music_demucs_16k/metaData_fma_large/row102236.csv
Execution time: 24.955577850341797 seconds
metaTables/vocal_music_demucs_16k/metaData_fma_large/row102237.csv
Execution time: 25.195056438446045 seconds
metaTables/vocal_music_demucs_16k/metaData_fma_large/row102238.csv
Execution time: 27.304872035980225 seconds
metaTables/vocal_music_demucs_16k/metaData_fma_large/row102239.csv
Execution time: 25.755342721939087 seconds
metaTables/vocal_music_demucs_16k/metaData_fma_large/row102240.csv
Execution time: 25.678041458129883 seconds
metaTables/vocal_music_demucs_16k/metaData_fma_large/row102241.csv
Execution time: 24.550386428833008 seconds
metaTables/vocal_music_demucs_16k/metaData_fma_large/row102242.csv
Execution time: 25.3538715839386 seconds
metaTables/vocal_music_demucs_16k/metaData_fma_large/row102243.csv
Execution time: 26.141130685806274 seconds
metaTables/vocal_music_demucs_16k/metaData_fma_large/row102244.csv
Execution time: 24.394460678100586 seconds
metaTables/vocal_music_demucs_16k/metaData_fma_large/row102245.csv
Execution time: 25.365895986557007 seconds
metaTables/vocal_music_demucs_16k/metaData_fma_large/row102246.csv
Execution time: 25.148059129714966 seconds
metaTables/vocal_music_demucs_16k/metaData_fma_large/row102247.csv
Execution time: 25.34449315071106 seconds
metaTables/vocal_music_demucs_16k/metaData_fma_large/row102248.csv
Execution time: 24.849273443222046 seconds
metaTables/vocal_music_demucs_16k/metaData_fma_large/row102249.csv
Execution time: 24.37066960334778 seconds
metaTables/vocal_music_demucs_16k/metaData_fma_large/row102250.csv
Execution time: 25.050941467285156 seconds
metaTables/vocal_music_demucs_16k/metaData_fma_large/row102251.csv
Execution time: 25.245327949523926 seconds
metaTables/vocal_music_demucs_16k/metaData_fma_large/row102252.csv
Execution time: 27.26998209953308 seconds
metaTables/vocal_music_demucs_16k/metaData_fma_large/row102253.csv
Execution time: 24.697540998458862 seconds
metaTables/vocal_music_demucs_16k/metaData_fma_large/row102254.csv
Execution time: 24.891207933425903 seconds
metaTables/vocal_music_demucs_16k/metaData_fma_large/row102255.csv
Execution time: 24.780668020248413 seconds
metaTables/vocal_music_demucs_16k/metaData_fma_large/row102256.csv
Execution time: 25.124941110610962 seconds
metaTables/vocal_music_demucs_16k/metaData_fma_large/row102257.csv
Execution time: 25.395020008087158 seconds
metaTables/vocal_music_demucs_16k/metaData_fma_large/row102258.csv
Execution time: 25.051979064941406 seconds
metaTables/vocal_music_demucs_16k/metaData_fma_large/row102259.csv
Execution time: 25.11333417892456 seconds
metaTables/vocal_music_demucs_16k/metaData_fma_large/row102260.csv
Execution time: 25.254517316818237 seconds
metaTables/vocal_music_demucs_16k/metaData_fma_large/row102261.csv
Execution time: 25.596463203430176 seconds
metaTables/vocal_music_demucs_16k/metaData_fma_large/row102262.csv
Execution time: 24.459015607833862 seconds
metaTables/vocal_music_demucs_16k/metaData_fma_large/row102263.csv
Execution time: 25.03850245475769 seconds
metaTables/vocal_music_demucs_16k/metaData_fma_large/row102264.csv
Execution time: 25.423609018325806 seconds
metaTables/vocal_music_demucs_16k/metaData_fma_large/row102265.csv
Execution time: 25.515084266662598 seconds
metaTables/vocal_music_demucs_16k/metaData_fma_large/row102266.csv
Execution time: 24.58338952064514 seconds
metaTables/vocal_music_demucs_16k/metaData_fma_large/row102267.csv
Execution time: 25.015902996063232 seconds
metaTables/vocal_music_demucs_16k/metaData_fma_large/row102268.csv
Execution time: 24.9362895488739 seconds
metaTables/vocal_music_demucs_16k/metaData_fma_large/row102269.csv
Execution time: 25.59765124320984 seconds
metaTables/vocal_music_demucs_16k/metaData_fma_large/row102270.csv
Execution time: 25.356003999710083 seconds
metaTables/vocal_music_demucs_16k/metaData_fma_large/row102271.csv
Execution time: 25.447274208068848 seconds
metaTables/vocal_music_demucs_16k/metaData_fma_large/row102272.csv
Execution time: 24.71489143371582 seconds
metaTables/vocal_music_demucs_16k/metaData_fma_large/row102273.csv
Execution time: 24.659139156341553 seconds
metaTables/vocal_music_demucs_16k/metaData_fma_large/row102274.csv
Execution time: 25.627384424209595 seconds
metaTables/vocal_music_demucs_16k/metaData_fma_large/row102275.csv
Execution time: 25.114189386367798 seconds
metaTables/vocal_music_demucs_16k/metaData_fma_large/row102276.csv
Execution time: 24.54980969429016 seconds
metaTables/vocal_music_demucs_16k/metaData_fma_large/row102277.csv
Execution time: 24.995417594909668 seconds
metaTables/vocal_music_demucs_16k/metaData_fma_large/row102278.csv
Execution time: 24.303555250167847 seconds
metaTables/vocal_music_demucs_16k/metaData_fma_large/row102279.csv
Execution time: 25.137741327285767 seconds
metaTables/vocal_music_demucs_16k/metaData_fma_large/row102280.csv
Execution time: 25.03214716911316 seconds
metaTables/vocal_music_demucs_16k/metaData_fma_large/row102281.csv
Execution time: 25.774372100830078 seconds
metaTables/vocal_music_demucs_16k/metaData_fma_large/row102282.csv
Execution time: 25.276925802230835 seconds
metaTables/vocal_music_demucs_16k/metaData_fma_large/row102283.csv
Execution time: 25.0666561126709 seconds
metaTables/vocal_music_demucs_16k/metaData_fma_large/row102284.csv
Execution time: 25.289224863052368 seconds
metaTables/vocal_music_demucs_16k/metaData_fma_large/row102285.csv
Execution time: 24.811516284942627 seconds
metaTables/vocal_music_demucs_16k/metaData_fma_large/row102286.csv
Execution time: 26.74577260017395 seconds
metaTables/vocal_music_demucs_16k/metaData_fma_large/row102287.csv
Execution time: 24.51188611984253 seconds
metaTables/vocal_music_demucs_16k/metaData_fma_large/row102288.csv
Execution time: 24.769635677337646 seconds
metaTables/vocal_music_demucs_16k/metaData_fma_large/row102289.csv
Execution time: 24.766868352890015 seconds
metaTables/vocal_music_demucs_16k/metaData_fma_large/row102290.csv
Execution time: 25.30211639404297 seconds
metaTables/vocal_music_demucs_16k/metaData_fma_large/row102291.csv
Execution time: 24.716113805770874 seconds
metaTables/vocal_music_demucs_16k/metaData_fma_large/row102292.csv
Execution time: 24.340905904769897 seconds
metaTables/vocal_music_demucs_16k/metaData_fma_large/row102293.csv
Execution time: 23.650614976882935 seconds
metaTables/vocal_music_demucs_16k/metaData_fma_large/row102294.csv
Execution time: 24.860151290893555 seconds
metaTables/vocal_music_demucs_16k/metaData_fma_large/row102295.csv
Execution time: 24.52437400817871 seconds
metaTables/vocal_music_demucs_16k/metaData_fma_large/row102296.csv
Execution time: 24.652517795562744 seconds
metaTables/vocal_music_demucs_16k/metaData_fma_large/row102297.csv
Execution time: 24.137864351272583 seconds
metaTables/vocal_music_demucs_16k/metaData_fma_large/row102298.csv
Execution time: 24.197304010391235 seconds
metaTables/vocal_music_demucs_16k/metaData_fma_large/row102299.csv
Demucs voice recognition done!
