/ext3/demucs/lib/python3.9/site-packages/demucs/api.py:27: UserWarning: TorchAudio's global backend is now deprecated. Please enable distpatcher by setting `TORCHAUDIO_USE_BACKEND_DISPATCHER=1`, and specify backend when calling load/info/save function.
  import torchaudio as ta
2024-05-10 01:28:23.494752: I tensorflow/core/util/port.cc:113] oneDNN custom operations are on. You may see slightly different numerical results due to floating-point round-off errors from different computation orders. To turn them off, set the environment variable `TF_ENABLE_ONEDNN_OPTS=0`.
2024-05-10 01:28:23.864178: E external/local_xla/xla/stream_executor/cuda/cuda_dnn.cc:9261] Unable to register cuDNN factory: Attempting to register factory for plugin cuDNN when one has already been registered
2024-05-10 01:28:23.864221: E external/local_xla/xla/stream_executor/cuda/cuda_fft.cc:607] Unable to register cuFFT factory: Attempting to register factory for plugin cuFFT when one has already been registered
2024-05-10 01:28:23.920791: E external/local_xla/xla/stream_executor/cuda/cuda_blas.cc:1515] Unable to register cuBLAS factory: Attempting to register factory for plugin cuBLAS when one has already been registered
2024-05-10 01:28:24.128510: I tensorflow/core/platform/cpu_feature_guard.cc:182] This TensorFlow binary is optimized to use available CPU instructions in performance-critical operations.
To enable the following instructions: AVX2 AVX512F AVX512_VNNI FMA, in other operations, rebuild TensorFlow with the appropriate compiler flags.
2024-05-10 01:28:25.042211: W tensorflow/compiler/tf2tensorrt/utils/py_utils.cc:38] TF-TRT Warning: Could not find TensorRT
SKIPPING: metaTables/vocal_music_demucs_16k/metaData_fma_large/row42400.csv
SKIPPING: metaTables/vocal_music_demucs_16k/metaData_fma_large/row42401.csv
SKIPPING: metaTables/vocal_music_demucs_16k/metaData_fma_large/row42402.csv
SKIPPING: metaTables/vocal_music_demucs_16k/metaData_fma_large/row42403.csv
SKIPPING: metaTables/vocal_music_demucs_16k/metaData_fma_large/row42404.csv
SKIPPING: metaTables/vocal_music_demucs_16k/metaData_fma_large/row42405.csv
SKIPPING: metaTables/vocal_music_demucs_16k/metaData_fma_large/row42406.csv
SKIPPING: metaTables/vocal_music_demucs_16k/metaData_fma_large/row42407.csv
SKIPPING: metaTables/vocal_music_demucs_16k/metaData_fma_large/row42408.csv
SKIPPING: metaTables/vocal_music_demucs_16k/metaData_fma_large/row42409.csv
SKIPPING: metaTables/vocal_music_demucs_16k/metaData_fma_large/row42410.csv
SKIPPING: metaTables/vocal_music_demucs_16k/metaData_fma_large/row42411.csv
SKIPPING: metaTables/vocal_music_demucs_16k/metaData_fma_large/row42412.csv
SKIPPING: metaTables/vocal_music_demucs_16k/metaData_fma_large/row42413.csv
Execution time: 27.0686092376709 seconds
metaTables/vocal_music_demucs_16k/metaData_fma_large/row42414.csv
Execution time: 26.006875038146973 seconds
metaTables/vocal_music_demucs_16k/metaData_fma_large/row42415.csv
Execution time: 25.419543743133545 seconds
metaTables/vocal_music_demucs_16k/metaData_fma_large/row42416.csv
Execution time: 25.450872898101807 seconds
metaTables/vocal_music_demucs_16k/metaData_fma_large/row42417.csv
Execution time: 26.208495616912842 seconds
metaTables/vocal_music_demucs_16k/metaData_fma_large/row42418.csv
Execution time: 25.820548057556152 seconds
metaTables/vocal_music_demucs_16k/metaData_fma_large/row42419.csv
Execution time: 25.87238621711731 seconds
metaTables/vocal_music_demucs_16k/metaData_fma_large/row42420.csv
Execution time: 26.608697414398193 seconds
metaTables/vocal_music_demucs_16k/metaData_fma_large/row42421.csv
Execution time: 26.26789093017578 seconds
metaTables/vocal_music_demucs_16k/metaData_fma_large/row42422.csv
Execution time: 25.84564471244812 seconds
metaTables/vocal_music_demucs_16k/metaData_fma_large/row42423.csv
Execution time: 25.627970695495605 seconds
metaTables/vocal_music_demucs_16k/metaData_fma_large/row42424.csv
Execution time: 26.558903217315674 seconds
metaTables/vocal_music_demucs_16k/metaData_fma_large/row42425.csv
Execution time: 26.64356541633606 seconds
metaTables/vocal_music_demucs_16k/metaData_fma_large/row42426.csv
Execution time: 26.402128219604492 seconds
metaTables/vocal_music_demucs_16k/metaData_fma_large/row42427.csv
Execution time: 25.549867391586304 seconds
metaTables/vocal_music_demucs_16k/metaData_fma_large/row42428.csv
Execution time: 25.532675743103027 seconds
metaTables/vocal_music_demucs_16k/metaData_fma_large/row42429.csv
Execution time: 26.941874980926514 seconds
metaTables/vocal_music_demucs_16k/metaData_fma_large/row42430.csv
Execution time: 26.444246292114258 seconds
metaTables/vocal_music_demucs_16k/metaData_fma_large/row42431.csv
Execution time: 25.35562753677368 seconds
metaTables/vocal_music_demucs_16k/metaData_fma_large/row42432.csv
Execution time: 26.877349853515625 seconds
metaTables/vocal_music_demucs_16k/metaData_fma_large/row42433.csv
Execution time: 26.51929211616516 seconds
metaTables/vocal_music_demucs_16k/metaData_fma_large/row42434.csv
Execution time: 25.57274317741394 seconds
metaTables/vocal_music_demucs_16k/metaData_fma_large/row42435.csv
Execution time: 26.618684768676758 seconds
metaTables/vocal_music_demucs_16k/metaData_fma_large/row42436.csv
Execution time: 26.018162727355957 seconds
metaTables/vocal_music_demucs_16k/metaData_fma_large/row42437.csv
Execution time: 26.75228238105774 seconds
metaTables/vocal_music_demucs_16k/metaData_fma_large/row42438.csv
Execution time: 27.083735704421997 seconds
metaTables/vocal_music_demucs_16k/metaData_fma_large/row42439.csv
Execution time: 26.060124158859253 seconds
metaTables/vocal_music_demucs_16k/metaData_fma_large/row42440.csv
Execution time: 25.957653284072876 seconds
metaTables/vocal_music_demucs_16k/metaData_fma_large/row42441.csv
Execution time: 26.543744802474976 seconds
metaTables/vocal_music_demucs_16k/metaData_fma_large/row42442.csv
Execution time: 26.611562490463257 seconds
metaTables/vocal_music_demucs_16k/metaData_fma_large/row42443.csv
Execution time: 26.882675170898438 seconds
metaTables/vocal_music_demucs_16k/metaData_fma_large/row42444.csv
Execution time: 27.264189958572388 seconds
metaTables/vocal_music_demucs_16k/metaData_fma_large/row42445.csv
Execution time: 26.842442274093628 seconds
metaTables/vocal_music_demucs_16k/metaData_fma_large/row42446.csv
Execution time: 25.777963876724243 seconds
metaTables/vocal_music_demucs_16k/metaData_fma_large/row42447.csv
Execution time: 25.525604486465454 seconds
metaTables/vocal_music_demucs_16k/metaData_fma_large/row42448.csv
Execution time: 25.856231451034546 seconds
metaTables/vocal_music_demucs_16k/metaData_fma_large/row42449.csv
Execution time: 27.032267808914185 seconds
metaTables/vocal_music_demucs_16k/metaData_fma_large/row42450.csv
Execution time: 26.409825801849365 seconds
metaTables/vocal_music_demucs_16k/metaData_fma_large/row42451.csv
Execution time: 24.29580569267273 seconds
metaTables/vocal_music_demucs_16k/metaData_fma_large/row42452.csv
Execution time: 26.73201060295105 seconds
metaTables/vocal_music_demucs_16k/metaData_fma_large/row42453.csv
Execution time: 26.210878372192383 seconds
metaTables/vocal_music_demucs_16k/metaData_fma_large/row42454.csv
Execution time: 25.45677614212036 seconds
metaTables/vocal_music_demucs_16k/metaData_fma_large/row42455.csv
Execution time: 25.511184453964233 seconds
metaTables/vocal_music_demucs_16k/metaData_fma_large/row42456.csv
Execution time: 25.65187978744507 seconds
metaTables/vocal_music_demucs_16k/metaData_fma_large/row42457.csv
Execution time: 26.893636226654053 seconds
metaTables/vocal_music_demucs_16k/metaData_fma_large/row42458.csv
Execution time: 26.1341814994812 seconds
metaTables/vocal_music_demucs_16k/metaData_fma_large/row42459.csv
Execution time: 26.15876340866089 seconds
metaTables/vocal_music_demucs_16k/metaData_fma_large/row42460.csv
Execution time: 25.880958557128906 seconds
metaTables/vocal_music_demucs_16k/metaData_fma_large/row42461.csv
Execution time: 25.48464584350586 seconds
metaTables/vocal_music_demucs_16k/metaData_fma_large/row42462.csv
Execution time: 25.5818510055542 seconds
metaTables/vocal_music_demucs_16k/metaData_fma_large/row42463.csv
Execution time: 26.715055227279663 seconds
metaTables/vocal_music_demucs_16k/metaData_fma_large/row42464.csv
Execution time: 25.34938907623291 seconds
metaTables/vocal_music_demucs_16k/metaData_fma_large/row42465.csv
Execution time: 25.77326774597168 seconds
metaTables/vocal_music_demucs_16k/metaData_fma_large/row42466.csv
Execution time: 25.656208276748657 seconds
metaTables/vocal_music_demucs_16k/metaData_fma_large/row42467.csv
Execution time: 25.69403862953186 seconds
metaTables/vocal_music_demucs_16k/metaData_fma_large/row42468.csv
Execution time: 27.651139497756958 seconds
metaTables/vocal_music_demucs_16k/metaData_fma_large/row42469.csv
Execution time: 26.519652605056763 seconds
metaTables/vocal_music_demucs_16k/metaData_fma_large/row42470.csv
Execution time: 26.068021774291992 seconds
metaTables/vocal_music_demucs_16k/metaData_fma_large/row42471.csv
Execution time: 26.008012533187866 seconds
metaTables/vocal_music_demucs_16k/metaData_fma_large/row42472.csv
Execution time: 26.49187183380127 seconds
metaTables/vocal_music_demucs_16k/metaData_fma_large/row42473.csv
Execution time: 25.730186462402344 seconds
metaTables/vocal_music_demucs_16k/metaData_fma_large/row42474.csv
Execution time: 25.55861258506775 seconds
metaTables/vocal_music_demucs_16k/metaData_fma_large/row42475.csv
Execution time: 26.709556579589844 seconds
metaTables/vocal_music_demucs_16k/metaData_fma_large/row42476.csv
Execution time: 25.44338870048523 seconds
metaTables/vocal_music_demucs_16k/metaData_fma_large/row42477.csv
Execution time: 25.768115282058716 seconds
metaTables/vocal_music_demucs_16k/metaData_fma_large/row42478.csv
Execution time: 26.300760746002197 seconds
metaTables/vocal_music_demucs_16k/metaData_fma_large/row42479.csv
Execution time: 25.354735851287842 seconds
metaTables/vocal_music_demucs_16k/metaData_fma_large/row42480.csv
Execution time: 28.573225736618042 seconds
metaTables/vocal_music_demucs_16k/metaData_fma_large/row42481.csv
Execution time: 25.68170714378357 seconds
metaTables/vocal_music_demucs_16k/metaData_fma_large/row42482.csv
Execution time: 25.72512674331665 seconds
metaTables/vocal_music_demucs_16k/metaData_fma_large/row42483.csv
Execution time: 26.39602041244507 seconds
metaTables/vocal_music_demucs_16k/metaData_fma_large/row42484.csv
Execution time: 26.451741933822632 seconds
metaTables/vocal_music_demucs_16k/metaData_fma_large/row42485.csv
Execution time: 26.47973346710205 seconds
metaTables/vocal_music_demucs_16k/metaData_fma_large/row42486.csv
Execution time: 25.885610580444336 seconds
metaTables/vocal_music_demucs_16k/metaData_fma_large/row42487.csv
Execution time: 28.01850938796997 seconds
metaTables/vocal_music_demucs_16k/metaData_fma_large/row42488.csv
Execution time: 26.319075345993042 seconds
metaTables/vocal_music_demucs_16k/metaData_fma_large/row42489.csv
Execution time: 26.793331623077393 seconds
metaTables/vocal_music_demucs_16k/metaData_fma_large/row42490.csv
Execution time: 25.956979513168335 seconds
metaTables/vocal_music_demucs_16k/metaData_fma_large/row42491.csv
Execution time: 26.51560616493225 seconds
metaTables/vocal_music_demucs_16k/metaData_fma_large/row42492.csv
Execution time: 27.23305368423462 seconds
metaTables/vocal_music_demucs_16k/metaData_fma_large/row42493.csv
Execution time: 26.489057779312134 seconds
metaTables/vocal_music_demucs_16k/metaData_fma_large/row42494.csv
Execution time: 25.783534288406372 seconds
metaTables/vocal_music_demucs_16k/metaData_fma_large/row42495.csv
Execution time: 26.7458074092865 seconds
metaTables/vocal_music_demucs_16k/metaData_fma_large/row42496.csv
Execution time: 26.01759910583496 seconds
metaTables/vocal_music_demucs_16k/metaData_fma_large/row42497.csv
Execution time: 28.55634069442749 seconds
metaTables/vocal_music_demucs_16k/metaData_fma_large/row42498.csv
Execution time: 25.781293869018555 seconds
metaTables/vocal_music_demucs_16k/metaData_fma_large/row42499.csv
Demucs voice recognition done!
