/ext3/demucs/lib/python3.9/site-packages/demucs/api.py:27: UserWarning: TorchAudio's global backend is now deprecated. Please enable distpatcher by setting `TORCHAUDIO_USE_BACKEND_DISPATCHER=1`, and specify backend when calling load/info/save function.
  import torchaudio as ta
2024-05-09 00:16:13.880217: I tensorflow/core/util/port.cc:113] oneDNN custom operations are on. You may see slightly different numerical results due to floating-point round-off errors from different computation orders. To turn them off, set the environment variable `TF_ENABLE_ONEDNN_OPTS=0`.
2024-05-09 00:16:14.890090: E external/local_xla/xla/stream_executor/cuda/cuda_dnn.cc:9261] Unable to register cuDNN factory: Attempting to register factory for plugin cuDNN when one has already been registered
2024-05-09 00:16:14.890136: E external/local_xla/xla/stream_executor/cuda/cuda_fft.cc:607] Unable to register cuFFT factory: Attempting to register factory for plugin cuFFT when one has already been registered
2024-05-09 00:16:14.998958: E external/local_xla/xla/stream_executor/cuda/cuda_blas.cc:1515] Unable to register cuBLAS factory: Attempting to register factory for plugin cuBLAS when one has already been registered
2024-05-09 00:16:15.192626: I tensorflow/core/platform/cpu_feature_guard.cc:182] This TensorFlow binary is optimized to use available CPU instructions in performance-critical operations.
To enable the following instructions: AVX2 AVX512F AVX512_VNNI FMA, in other operations, rebuild TensorFlow with the appropriate compiler flags.
2024-05-09 00:16:16.102333: W tensorflow/compiler/tf2tensorrt/utils/py_utils.cc:38] TF-TRT Warning: Could not find TensorRT
[src/libmpg123/layer3.c:INT123_do_layer3():1801] error: dequantization failed!
Execution time: 32.137224435806274 seconds
metaTables/vocal_music_demucs_16k/metaData_fma_large/row75700.csv
Execution time: 28.890825510025024 seconds
metaTables/vocal_music_demucs_16k/metaData_fma_large/row75701.csv
Execution time: 29.44544768333435 seconds
metaTables/vocal_music_demucs_16k/metaData_fma_large/row75702.csv
Execution time: 28.181772232055664 seconds
metaTables/vocal_music_demucs_16k/metaData_fma_large/row75703.csv
Execution time: 29.369821786880493 seconds
metaTables/vocal_music_demucs_16k/metaData_fma_large/row75704.csv
Execution time: 28.688359260559082 seconds
metaTables/vocal_music_demucs_16k/metaData_fma_large/row75705.csv
Execution time: 28.129101276397705 seconds
metaTables/vocal_music_demucs_16k/metaData_fma_large/row75706.csv
Execution time: 28.492489099502563 seconds
metaTables/vocal_music_demucs_16k/metaData_fma_large/row75707.csv
Execution time: 28.511565923690796 seconds
metaTables/vocal_music_demucs_16k/metaData_fma_large/row75708.csv
Execution time: 27.85850954055786 seconds
metaTables/vocal_music_demucs_16k/metaData_fma_large/row75709.csv
Execution time: 27.33373475074768 seconds
metaTables/vocal_music_demucs_16k/metaData_fma_large/row75710.csv
Execution time: 29.658023595809937 seconds
metaTables/vocal_music_demucs_16k/metaData_fma_large/row75711.csv
Execution time: 29.63941979408264 seconds
metaTables/vocal_music_demucs_16k/metaData_fma_large/row75712.csv
Execution time: 28.330819845199585 seconds
metaTables/vocal_music_demucs_16k/metaData_fma_large/row75713.csv
Execution time: 29.06855297088623 seconds
metaTables/vocal_music_demucs_16k/metaData_fma_large/row75714.csv
Execution time: 28.984029054641724 seconds
metaTables/vocal_music_demucs_16k/metaData_fma_large/row75715.csv
Execution time: 28.689915657043457 seconds
metaTables/vocal_music_demucs_16k/metaData_fma_large/row75716.csv
Execution time: 27.925128698349 seconds
metaTables/vocal_music_demucs_16k/metaData_fma_large/row75717.csv
Execution time: 28.42067050933838 seconds
metaTables/vocal_music_demucs_16k/metaData_fma_large/row75718.csv
Execution time: 28.848639249801636 seconds
metaTables/vocal_music_demucs_16k/metaData_fma_large/row75719.csv
Execution time: 28.816610097885132 seconds
metaTables/vocal_music_demucs_16k/metaData_fma_large/row75720.csv
Execution time: 27.895873546600342 seconds
metaTables/vocal_music_demucs_16k/metaData_fma_large/row75721.csv
Execution time: 18.651238918304443 seconds
metaTables/vocal_music_demucs_16k/metaData_fma_large/row75722.csv
Execution time: 28.32573914527893 seconds
metaTables/vocal_music_demucs_16k/metaData_fma_large/row75723.csv
Execution time: 28.88696026802063 seconds
metaTables/vocal_music_demucs_16k/metaData_fma_large/row75724.csv
Execution time: 29.20828366279602 seconds
metaTables/vocal_music_demucs_16k/metaData_fma_large/row75725.csv
Execution time: 28.8124577999115 seconds
metaTables/vocal_music_demucs_16k/metaData_fma_large/row75726.csv
Execution time: 27.392492532730103 seconds
metaTables/vocal_music_demucs_16k/metaData_fma_large/row75727.csv
Execution time: 29.810378313064575 seconds
metaTables/vocal_music_demucs_16k/metaData_fma_large/row75728.csv
Execution time: 28.872705221176147 seconds
metaTables/vocal_music_demucs_16k/metaData_fma_large/row75729.csv
Execution time: 28.423415184020996 seconds
metaTables/vocal_music_demucs_16k/metaData_fma_large/row75730.csv
Execution time: 29.88494610786438 seconds
metaTables/vocal_music_demucs_16k/metaData_fma_large/row75731.csv
Execution time: 28.94637107849121 seconds
metaTables/vocal_music_demucs_16k/metaData_fma_large/row75732.csv
Execution time: 28.691253900527954 seconds
metaTables/vocal_music_demucs_16k/metaData_fma_large/row75733.csv
Execution time: 28.926146745681763 seconds
metaTables/vocal_music_demucs_16k/metaData_fma_large/row75734.csv
Execution time: 28.237287282943726 seconds
metaTables/vocal_music_demucs_16k/metaData_fma_large/row75735.csv
Execution time: 29.08232355117798 seconds
metaTables/vocal_music_demucs_16k/metaData_fma_large/row75736.csv
Execution time: 29.345818519592285 seconds
metaTables/vocal_music_demucs_16k/metaData_fma_large/row75737.csv
Execution time: 28.82042646408081 seconds
metaTables/vocal_music_demucs_16k/metaData_fma_large/row75738.csv
Execution time: 28.742429733276367 seconds
metaTables/vocal_music_demucs_16k/metaData_fma_large/row75739.csv
Execution time: 28.765197038650513 seconds
metaTables/vocal_music_demucs_16k/metaData_fma_large/row75740.csv
Execution time: 28.68284583091736 seconds
metaTables/vocal_music_demucs_16k/metaData_fma_large/row75741.csv
Execution time: 28.70376753807068 seconds
metaTables/vocal_music_demucs_16k/metaData_fma_large/row75742.csv
Execution time: 28.265220642089844 seconds
metaTables/vocal_music_demucs_16k/metaData_fma_large/row75743.csv
Execution time: 29.511284828186035 seconds
metaTables/vocal_music_demucs_16k/metaData_fma_large/row75744.csv
Execution time: 29.274330139160156 seconds
metaTables/vocal_music_demucs_16k/metaData_fma_large/row75745.csv
Execution time: 28.676613569259644 seconds
metaTables/vocal_music_demucs_16k/metaData_fma_large/row75746.csv
Execution time: 29.615246057510376 seconds
metaTables/vocal_music_demucs_16k/metaData_fma_large/row75747.csv
Execution time: 29.053834199905396 seconds
metaTables/vocal_music_demucs_16k/metaData_fma_large/row75748.csv
Execution time: 29.549278497695923 seconds
metaTables/vocal_music_demucs_16k/metaData_fma_large/row75749.csv
Execution time: 28.796611309051514 seconds
metaTables/vocal_music_demucs_16k/metaData_fma_large/row75750.csv
Execution time: 28.40997314453125 seconds
metaTables/vocal_music_demucs_16k/metaData_fma_large/row75751.csv
Execution time: 29.124555349349976 seconds
metaTables/vocal_music_demucs_16k/metaData_fma_large/row75752.csv
Execution time: 28.363624095916748 seconds
metaTables/vocal_music_demucs_16k/metaData_fma_large/row75753.csv
Execution time: 28.891690492630005 seconds
metaTables/vocal_music_demucs_16k/metaData_fma_large/row75754.csv
Execution time: 28.576499223709106 seconds
metaTables/vocal_music_demucs_16k/metaData_fma_large/row75755.csv
Execution time: 28.749536991119385 seconds
metaTables/vocal_music_demucs_16k/metaData_fma_large/row75756.csv
Execution time: 29.24920129776001 seconds
metaTables/vocal_music_demucs_16k/metaData_fma_large/row75757.csv
Execution time: 31.462064027786255 seconds
metaTables/vocal_music_demucs_16k/metaData_fma_large/row75758.csv
Execution time: 27.08989429473877 seconds
metaTables/vocal_music_demucs_16k/metaData_fma_large/row75759.csv
Execution time: 31.04315209388733 seconds
metaTables/vocal_music_demucs_16k/metaData_fma_large/row75760.csv
Execution time: 28.753937005996704 seconds
metaTables/vocal_music_demucs_16k/metaData_fma_large/row75761.csv
Execution time: 29.75201916694641 seconds
metaTables/vocal_music_demucs_16k/metaData_fma_large/row75762.csv
Execution time: 28.603051900863647 seconds
metaTables/vocal_music_demucs_16k/metaData_fma_large/row75763.csv
Execution time: 28.83195209503174 seconds
metaTables/vocal_music_demucs_16k/metaData_fma_large/row75764.csv
Execution time: 28.98802876472473 seconds
metaTables/vocal_music_demucs_16k/metaData_fma_large/row75765.csv
Execution time: 29.578153133392334 seconds
metaTables/vocal_music_demucs_16k/metaData_fma_large/row75766.csv
Execution time: 29.03788161277771 seconds
metaTables/vocal_music_demucs_16k/metaData_fma_large/row75767.csv
Execution time: 28.919141054153442 seconds
metaTables/vocal_music_demucs_16k/metaData_fma_large/row75768.csv
Execution time: 28.811866760253906 seconds
metaTables/vocal_music_demucs_16k/metaData_fma_large/row75769.csv
Execution time: 28.07562279701233 seconds
metaTables/vocal_music_demucs_16k/metaData_fma_large/row75770.csv
Execution time: 27.883857488632202 seconds
metaTables/vocal_music_demucs_16k/metaData_fma_large/row75771.csv
Execution time: 29.55429983139038 seconds
metaTables/vocal_music_demucs_16k/metaData_fma_large/row75772.csv
Execution time: 29.233008861541748 seconds
metaTables/vocal_music_demucs_16k/metaData_fma_large/row75773.csv
Execution time: 28.23473596572876 seconds
metaTables/vocal_music_demucs_16k/metaData_fma_large/row75774.csv
Execution time: 28.587319374084473 seconds
metaTables/vocal_music_demucs_16k/metaData_fma_large/row75775.csv
Execution time: 29.524625301361084 seconds
metaTables/vocal_music_demucs_16k/metaData_fma_large/row75776.csv
Execution time: 29.267321586608887 seconds
metaTables/vocal_music_demucs_16k/metaData_fma_large/row75777.csv
Execution time: 28.75527811050415 seconds
metaTables/vocal_music_demucs_16k/metaData_fma_large/row75778.csv
Execution time: 30.05810785293579 seconds
metaTables/vocal_music_demucs_16k/metaData_fma_large/row75779.csv
Execution time: 29.296038389205933 seconds
metaTables/vocal_music_demucs_16k/metaData_fma_large/row75780.csv
Execution time: 28.421020030975342 seconds
metaTables/vocal_music_demucs_16k/metaData_fma_large/row75781.csv
Execution time: 28.646870374679565 seconds
metaTables/vocal_music_demucs_16k/metaData_fma_large/row75782.csv
Execution time: 29.295814990997314 seconds
metaTables/vocal_music_demucs_16k/metaData_fma_large/row75783.csv
Execution time: 27.655900955200195 seconds
metaTables/vocal_music_demucs_16k/metaData_fma_large/row75784.csv
Execution time: 28.09521770477295 seconds
metaTables/vocal_music_demucs_16k/metaData_fma_large/row75785.csv
Execution time: 29.07102870941162 seconds
metaTables/vocal_music_demucs_16k/metaData_fma_large/row75786.csv
Execution time: 28.242434978485107 seconds
metaTables/vocal_music_demucs_16k/metaData_fma_large/row75787.csv
Execution time: 29.181861639022827 seconds
metaTables/vocal_music_demucs_16k/metaData_fma_large/row75788.csv
Execution time: 29.25847101211548 seconds
metaTables/vocal_music_demucs_16k/metaData_fma_large/row75789.csv
Execution time: 29.11629891395569 seconds
metaTables/vocal_music_demucs_16k/metaData_fma_large/row75790.csv
Execution time: 29.66702890396118 seconds
metaTables/vocal_music_demucs_16k/metaData_fma_large/row75791.csv
Execution time: 29.48437213897705 seconds
metaTables/vocal_music_demucs_16k/metaData_fma_large/row75792.csv
Execution time: 28.289603233337402 seconds
metaTables/vocal_music_demucs_16k/metaData_fma_large/row75793.csv
Execution time: 30.613776206970215 seconds
metaTables/vocal_music_demucs_16k/metaData_fma_large/row75794.csv
Execution time: 29.689720153808594 seconds
metaTables/vocal_music_demucs_16k/metaData_fma_large/row75795.csv
Execution time: 27.24225401878357 seconds
metaTables/vocal_music_demucs_16k/metaData_fma_large/row75796.csv
Execution time: 28.301198959350586 seconds
metaTables/vocal_music_demucs_16k/metaData_fma_large/row75797.csv
Execution time: 27.91669988632202 seconds
metaTables/vocal_music_demucs_16k/metaData_fma_large/row75798.csv
Execution time: 25.500293493270874 seconds
metaTables/vocal_music_demucs_16k/metaData_fma_large/row75799.csv
Demucs voice recognition done!
