/ext3/demucs/lib/python3.9/site-packages/demucs/api.py:27: UserWarning: TorchAudio's global backend is now deprecated. Please enable distpatcher by setting `TORCHAUDIO_USE_BACKEND_DISPATCHER=1`, and specify backend when calling load/info/save function.
  import torchaudio as ta
2024-05-09 09:22:36.381873: I tensorflow/core/util/port.cc:113] oneDNN custom operations are on. You may see slightly different numerical results due to floating-point round-off errors from different computation orders. To turn them off, set the environment variable `TF_ENABLE_ONEDNN_OPTS=0`.
2024-05-09 09:22:37.708390: E external/local_xla/xla/stream_executor/cuda/cuda_dnn.cc:9261] Unable to register cuDNN factory: Attempting to register factory for plugin cuDNN when one has already been registered
2024-05-09 09:22:37.708431: E external/local_xla/xla/stream_executor/cuda/cuda_fft.cc:607] Unable to register cuFFT factory: Attempting to register factory for plugin cuFFT when one has already been registered
2024-05-09 09:22:37.804112: E external/local_xla/xla/stream_executor/cuda/cuda_blas.cc:1515] Unable to register cuBLAS factory: Attempting to register factory for plugin cuBLAS when one has already been registered
2024-05-09 09:22:37.887085: I tensorflow/core/platform/cpu_feature_guard.cc:182] This TensorFlow binary is optimized to use available CPU instructions in performance-critical operations.
To enable the following instructions: AVX2 AVX512F AVX512_VNNI FMA, in other operations, rebuild TensorFlow with the appropriate compiler flags.
2024-05-09 09:22:40.529381: W tensorflow/compiler/tf2tensorrt/utils/py_utils.cc:38] TF-TRT Warning: Could not find TensorRT
SKIPPING: metaTables/vocal_music_demucs_16k/metaData_fma_large/row63700.csv
SKIPPING: metaTables/vocal_music_demucs_16k/metaData_fma_large/row63701.csv
SKIPPING: metaTables/vocal_music_demucs_16k/metaData_fma_large/row63702.csv
SKIPPING: metaTables/vocal_music_demucs_16k/metaData_fma_large/row63703.csv
SKIPPING: metaTables/vocal_music_demucs_16k/metaData_fma_large/row63704.csv
SKIPPING: metaTables/vocal_music_demucs_16k/metaData_fma_large/row63705.csv
SKIPPING: metaTables/vocal_music_demucs_16k/metaData_fma_large/row63706.csv
SKIPPING: metaTables/vocal_music_demucs_16k/metaData_fma_large/row63707.csv
SKIPPING: metaTables/vocal_music_demucs_16k/metaData_fma_large/row63708.csv
SKIPPING: metaTables/vocal_music_demucs_16k/metaData_fma_large/row63709.csv
SKIPPING: metaTables/vocal_music_demucs_16k/metaData_fma_large/row63710.csv
SKIPPING: metaTables/vocal_music_demucs_16k/metaData_fma_large/row63711.csv
SKIPPING: metaTables/vocal_music_demucs_16k/metaData_fma_large/row63712.csv
SKIPPING: metaTables/vocal_music_demucs_16k/metaData_fma_large/row63713.csv
SKIPPING: metaTables/vocal_music_demucs_16k/metaData_fma_large/row63714.csv
SKIPPING: metaTables/vocal_music_demucs_16k/metaData_fma_large/row63715.csv
SKIPPING: metaTables/vocal_music_demucs_16k/metaData_fma_large/row63716.csv
SKIPPING: metaTables/vocal_music_demucs_16k/metaData_fma_large/row63717.csv
SKIPPING: metaTables/vocal_music_demucs_16k/metaData_fma_large/row63718.csv
SKIPPING: metaTables/vocal_music_demucs_16k/metaData_fma_large/row63719.csv
SKIPPING: metaTables/vocal_music_demucs_16k/metaData_fma_large/row63720.csv
SKIPPING: metaTables/vocal_music_demucs_16k/metaData_fma_large/row63721.csv
SKIPPING: metaTables/vocal_music_demucs_16k/metaData_fma_large/row63722.csv
SKIPPING: metaTables/vocal_music_demucs_16k/metaData_fma_large/row63723.csv
SKIPPING: metaTables/vocal_music_demucs_16k/metaData_fma_large/row63724.csv
SKIPPING: metaTables/vocal_music_demucs_16k/metaData_fma_large/row63725.csv
SKIPPING: metaTables/vocal_music_demucs_16k/metaData_fma_large/row63726.csv
SKIPPING: metaTables/vocal_music_demucs_16k/metaData_fma_large/row63727.csv
SKIPPING: metaTables/vocal_music_demucs_16k/metaData_fma_large/row63728.csv
SKIPPING: metaTables/vocal_music_demucs_16k/metaData_fma_large/row63729.csv
SKIPPING: metaTables/vocal_music_demucs_16k/metaData_fma_large/row63730.csv
SKIPPING: metaTables/vocal_music_demucs_16k/metaData_fma_large/row63731.csv
SKIPPING: metaTables/vocal_music_demucs_16k/metaData_fma_large/row63732.csv
SKIPPING: metaTables/vocal_music_demucs_16k/metaData_fma_large/row63733.csv
SKIPPING: metaTables/vocal_music_demucs_16k/metaData_fma_large/row63734.csv
SKIPPING: metaTables/vocal_music_demucs_16k/metaData_fma_large/row63735.csv
SKIPPING: metaTables/vocal_music_demucs_16k/metaData_fma_large/row63736.csv
SKIPPING: metaTables/vocal_music_demucs_16k/metaData_fma_large/row63737.csv
SKIPPING: metaTables/vocal_music_demucs_16k/metaData_fma_large/row63738.csv
SKIPPING: metaTables/vocal_music_demucs_16k/metaData_fma_large/row63739.csv
SKIPPING: metaTables/vocal_music_demucs_16k/metaData_fma_large/row63740.csv
SKIPPING: metaTables/vocal_music_demucs_16k/metaData_fma_large/row63741.csv
SKIPPING: metaTables/vocal_music_demucs_16k/metaData_fma_large/row63742.csv
SKIPPING: metaTables/vocal_music_demucs_16k/metaData_fma_large/row63743.csv
SKIPPING: metaTables/vocal_music_demucs_16k/metaData_fma_large/row63744.csv
SKIPPING: metaTables/vocal_music_demucs_16k/metaData_fma_large/row63745.csv
SKIPPING: metaTables/vocal_music_demucs_16k/metaData_fma_large/row63746.csv
SKIPPING: metaTables/vocal_music_demucs_16k/metaData_fma_large/row63747.csv
SKIPPING: metaTables/vocal_music_demucs_16k/metaData_fma_large/row63748.csv
SKIPPING: metaTables/vocal_music_demucs_16k/metaData_fma_large/row63749.csv
SKIPPING: metaTables/vocal_music_demucs_16k/metaData_fma_large/row63750.csv
SKIPPING: metaTables/vocal_music_demucs_16k/metaData_fma_large/row63751.csv
SKIPPING: metaTables/vocal_music_demucs_16k/metaData_fma_large/row63752.csv
SKIPPING: metaTables/vocal_music_demucs_16k/metaData_fma_large/row63753.csv
SKIPPING: metaTables/vocal_music_demucs_16k/metaData_fma_large/row63754.csv
SKIPPING: metaTables/vocal_music_demucs_16k/metaData_fma_large/row63755.csv
SKIPPING: metaTables/vocal_music_demucs_16k/metaData_fma_large/row63756.csv
SKIPPING: metaTables/vocal_music_demucs_16k/metaData_fma_large/row63757.csv
SKIPPING: metaTables/vocal_music_demucs_16k/metaData_fma_large/row63758.csv
SKIPPING: metaTables/vocal_music_demucs_16k/metaData_fma_large/row63759.csv
SKIPPING: metaTables/vocal_music_demucs_16k/metaData_fma_large/row63760.csv
SKIPPING: metaTables/vocal_music_demucs_16k/metaData_fma_large/row63761.csv
SKIPPING: metaTables/vocal_music_demucs_16k/metaData_fma_large/row63762.csv
SKIPPING: metaTables/vocal_music_demucs_16k/metaData_fma_large/row63763.csv
SKIPPING: metaTables/vocal_music_demucs_16k/metaData_fma_large/row63764.csv
SKIPPING: metaTables/vocal_music_demucs_16k/metaData_fma_large/row63765.csv
SKIPPING: metaTables/vocal_music_demucs_16k/metaData_fma_large/row63766.csv
SKIPPING: metaTables/vocal_music_demucs_16k/metaData_fma_large/row63767.csv
SKIPPING: metaTables/vocal_music_demucs_16k/metaData_fma_large/row63768.csv
SKIPPING: metaTables/vocal_music_demucs_16k/metaData_fma_large/row63769.csv
SKIPPING: metaTables/vocal_music_demucs_16k/metaData_fma_large/row63770.csv
SKIPPING: metaTables/vocal_music_demucs_16k/metaData_fma_large/row63771.csv
SKIPPING: metaTables/vocal_music_demucs_16k/metaData_fma_large/row63772.csv
SKIPPING: metaTables/vocal_music_demucs_16k/metaData_fma_large/row63773.csv
SKIPPING: metaTables/vocal_music_demucs_16k/metaData_fma_large/row63774.csv
SKIPPING: metaTables/vocal_music_demucs_16k/metaData_fma_large/row63775.csv
SKIPPING: metaTables/vocal_music_demucs_16k/metaData_fma_large/row63776.csv
SKIPPING: metaTables/vocal_music_demucs_16k/metaData_fma_large/row63777.csv
SKIPPING: metaTables/vocal_music_demucs_16k/metaData_fma_large/row63778.csv
SKIPPING: metaTables/vocal_music_demucs_16k/metaData_fma_large/row63779.csv
SKIPPING: metaTables/vocal_music_demucs_16k/metaData_fma_large/row63780.csv
SKIPPING: metaTables/vocal_music_demucs_16k/metaData_fma_large/row63781.csv
SKIPPING: metaTables/vocal_music_demucs_16k/metaData_fma_large/row63782.csv
SKIPPING: metaTables/vocal_music_demucs_16k/metaData_fma_large/row63783.csv
SKIPPING: metaTables/vocal_music_demucs_16k/metaData_fma_large/row63784.csv
SKIPPING: metaTables/vocal_music_demucs_16k/metaData_fma_large/row63785.csv
SKIPPING: metaTables/vocal_music_demucs_16k/metaData_fma_large/row63786.csv
SKIPPING: metaTables/vocal_music_demucs_16k/metaData_fma_large/row63787.csv
SKIPPING: metaTables/vocal_music_demucs_16k/metaData_fma_large/row63788.csv
SKIPPING: metaTables/vocal_music_demucs_16k/metaData_fma_large/row63789.csv
SKIPPING: metaTables/vocal_music_demucs_16k/metaData_fma_large/row63790.csv
SKIPPING: metaTables/vocal_music_demucs_16k/metaData_fma_large/row63791.csv
SKIPPING: metaTables/vocal_music_demucs_16k/metaData_fma_large/row63792.csv
SKIPPING: metaTables/vocal_music_demucs_16k/metaData_fma_large/row63793.csv
SKIPPING: metaTables/vocal_music_demucs_16k/metaData_fma_large/row63794.csv
SKIPPING: metaTables/vocal_music_demucs_16k/metaData_fma_large/row63795.csv
SKIPPING: metaTables/vocal_music_demucs_16k/metaData_fma_large/row63796.csv
SKIPPING: metaTables/vocal_music_demucs_16k/metaData_fma_large/row63797.csv
SKIPPING: metaTables/vocal_music_demucs_16k/metaData_fma_large/row63798.csv
SKIPPING: metaTables/vocal_music_demucs_16k/metaData_fma_large/row63799.csv
Demucs voice recognition done!
