/ext3/demucs/lib/python3.9/site-packages/demucs/api.py:27: UserWarning: TorchAudio's global backend is now deprecated. Please enable distpatcher by setting `TORCHAUDIO_USE_BACKEND_DISPATCHER=1`, and specify backend when calling load/info/save function.
  import torchaudio as ta
2024-05-09 09:21:24.897284: I tensorflow/core/util/port.cc:113] oneDNN custom operations are on. You may see slightly different numerical results due to floating-point round-off errors from different computation orders. To turn them off, set the environment variable `TF_ENABLE_ONEDNN_OPTS=0`.
2024-05-09 09:21:25.443536: E external/local_xla/xla/stream_executor/cuda/cuda_dnn.cc:9261] Unable to register cuDNN factory: Attempting to register factory for plugin cuDNN when one has already been registered
2024-05-09 09:21:25.443579: E external/local_xla/xla/stream_executor/cuda/cuda_fft.cc:607] Unable to register cuFFT factory: Attempting to register factory for plugin cuFFT when one has already been registered
2024-05-09 09:21:25.478220: E external/local_xla/xla/stream_executor/cuda/cuda_blas.cc:1515] Unable to register cuBLAS factory: Attempting to register factory for plugin cuBLAS when one has already been registered
2024-05-09 09:21:25.589446: I tensorflow/core/platform/cpu_feature_guard.cc:182] This TensorFlow binary is optimized to use available CPU instructions in performance-critical operations.
To enable the following instructions: AVX2 AVX512F AVX512_VNNI FMA, in other operations, rebuild TensorFlow with the appropriate compiler flags.
2024-05-09 09:21:26.564205: W tensorflow/compiler/tf2tensorrt/utils/py_utils.cc:38] TF-TRT Warning: Could not find TensorRT
SKIPPING: metaTables/vocal_music_demucs_16k/metaData_fma_large/row50700.csv
SKIPPING: metaTables/vocal_music_demucs_16k/metaData_fma_large/row50701.csv
SKIPPING: metaTables/vocal_music_demucs_16k/metaData_fma_large/row50702.csv
SKIPPING: metaTables/vocal_music_demucs_16k/metaData_fma_large/row50703.csv
SKIPPING: metaTables/vocal_music_demucs_16k/metaData_fma_large/row50704.csv
SKIPPING: metaTables/vocal_music_demucs_16k/metaData_fma_large/row50705.csv
SKIPPING: metaTables/vocal_music_demucs_16k/metaData_fma_large/row50706.csv
SKIPPING: metaTables/vocal_music_demucs_16k/metaData_fma_large/row50707.csv
SKIPPING: metaTables/vocal_music_demucs_16k/metaData_fma_large/row50708.csv
SKIPPING: metaTables/vocal_music_demucs_16k/metaData_fma_large/row50709.csv
SKIPPING: metaTables/vocal_music_demucs_16k/metaData_fma_large/row50710.csv
SKIPPING: metaTables/vocal_music_demucs_16k/metaData_fma_large/row50711.csv
SKIPPING: metaTables/vocal_music_demucs_16k/metaData_fma_large/row50712.csv
SKIPPING: metaTables/vocal_music_demucs_16k/metaData_fma_large/row50713.csv
SKIPPING: metaTables/vocal_music_demucs_16k/metaData_fma_large/row50714.csv
SKIPPING: metaTables/vocal_music_demucs_16k/metaData_fma_large/row50715.csv
SKIPPING: metaTables/vocal_music_demucs_16k/metaData_fma_large/row50716.csv
SKIPPING: metaTables/vocal_music_demucs_16k/metaData_fma_large/row50717.csv
SKIPPING: metaTables/vocal_music_demucs_16k/metaData_fma_large/row50718.csv
SKIPPING: metaTables/vocal_music_demucs_16k/metaData_fma_large/row50719.csv
SKIPPING: metaTables/vocal_music_demucs_16k/metaData_fma_large/row50720.csv
SKIPPING: metaTables/vocal_music_demucs_16k/metaData_fma_large/row50721.csv
SKIPPING: metaTables/vocal_music_demucs_16k/metaData_fma_large/row50722.csv
SKIPPING: metaTables/vocal_music_demucs_16k/metaData_fma_large/row50723.csv
SKIPPING: metaTables/vocal_music_demucs_16k/metaData_fma_large/row50724.csv
SKIPPING: metaTables/vocal_music_demucs_16k/metaData_fma_large/row50725.csv
SKIPPING: metaTables/vocal_music_demucs_16k/metaData_fma_large/row50726.csv
SKIPPING: metaTables/vocal_music_demucs_16k/metaData_fma_large/row50727.csv
SKIPPING: metaTables/vocal_music_demucs_16k/metaData_fma_large/row50728.csv
SKIPPING: metaTables/vocal_music_demucs_16k/metaData_fma_large/row50729.csv
SKIPPING: metaTables/vocal_music_demucs_16k/metaData_fma_large/row50730.csv
SKIPPING: metaTables/vocal_music_demucs_16k/metaData_fma_large/row50731.csv
SKIPPING: metaTables/vocal_music_demucs_16k/metaData_fma_large/row50732.csv
SKIPPING: metaTables/vocal_music_demucs_16k/metaData_fma_large/row50733.csv
SKIPPING: metaTables/vocal_music_demucs_16k/metaData_fma_large/row50734.csv
SKIPPING: metaTables/vocal_music_demucs_16k/metaData_fma_large/row50735.csv
SKIPPING: metaTables/vocal_music_demucs_16k/metaData_fma_large/row50736.csv
SKIPPING: metaTables/vocal_music_demucs_16k/metaData_fma_large/row50737.csv
SKIPPING: metaTables/vocal_music_demucs_16k/metaData_fma_large/row50738.csv
SKIPPING: metaTables/vocal_music_demucs_16k/metaData_fma_large/row50739.csv
SKIPPING: metaTables/vocal_music_demucs_16k/metaData_fma_large/row50740.csv
SKIPPING: metaTables/vocal_music_demucs_16k/metaData_fma_large/row50741.csv
SKIPPING: metaTables/vocal_music_demucs_16k/metaData_fma_large/row50742.csv
SKIPPING: metaTables/vocal_music_demucs_16k/metaData_fma_large/row50743.csv
SKIPPING: metaTables/vocal_music_demucs_16k/metaData_fma_large/row50744.csv
SKIPPING: metaTables/vocal_music_demucs_16k/metaData_fma_large/row50745.csv
SKIPPING: metaTables/vocal_music_demucs_16k/metaData_fma_large/row50746.csv
SKIPPING: metaTables/vocal_music_demucs_16k/metaData_fma_large/row50747.csv
SKIPPING: metaTables/vocal_music_demucs_16k/metaData_fma_large/row50748.csv
SKIPPING: metaTables/vocal_music_demucs_16k/metaData_fma_large/row50749.csv
SKIPPING: metaTables/vocal_music_demucs_16k/metaData_fma_large/row50750.csv
SKIPPING: metaTables/vocal_music_demucs_16k/metaData_fma_large/row50751.csv
SKIPPING: metaTables/vocal_music_demucs_16k/metaData_fma_large/row50752.csv
SKIPPING: metaTables/vocal_music_demucs_16k/metaData_fma_large/row50753.csv
SKIPPING: metaTables/vocal_music_demucs_16k/metaData_fma_large/row50754.csv
SKIPPING: metaTables/vocal_music_demucs_16k/metaData_fma_large/row50755.csv
SKIPPING: metaTables/vocal_music_demucs_16k/metaData_fma_large/row50756.csv
SKIPPING: metaTables/vocal_music_demucs_16k/metaData_fma_large/row50757.csv
SKIPPING: metaTables/vocal_music_demucs_16k/metaData_fma_large/row50758.csv
SKIPPING: metaTables/vocal_music_demucs_16k/metaData_fma_large/row50759.csv
SKIPPING: metaTables/vocal_music_demucs_16k/metaData_fma_large/row50760.csv
SKIPPING: metaTables/vocal_music_demucs_16k/metaData_fma_large/row50761.csv
SKIPPING: metaTables/vocal_music_demucs_16k/metaData_fma_large/row50762.csv
SKIPPING: metaTables/vocal_music_demucs_16k/metaData_fma_large/row50763.csv
SKIPPING: metaTables/vocal_music_demucs_16k/metaData_fma_large/row50764.csv
SKIPPING: metaTables/vocal_music_demucs_16k/metaData_fma_large/row50765.csv
SKIPPING: metaTables/vocal_music_demucs_16k/metaData_fma_large/row50766.csv
SKIPPING: metaTables/vocal_music_demucs_16k/metaData_fma_large/row50767.csv
SKIPPING: metaTables/vocal_music_demucs_16k/metaData_fma_large/row50768.csv
SKIPPING: metaTables/vocal_music_demucs_16k/metaData_fma_large/row50769.csv
SKIPPING: metaTables/vocal_music_demucs_16k/metaData_fma_large/row50770.csv
SKIPPING: metaTables/vocal_music_demucs_16k/metaData_fma_large/row50771.csv
SKIPPING: metaTables/vocal_music_demucs_16k/metaData_fma_large/row50772.csv
SKIPPING: metaTables/vocal_music_demucs_16k/metaData_fma_large/row50773.csv
SKIPPING: metaTables/vocal_music_demucs_16k/metaData_fma_large/row50774.csv
SKIPPING: metaTables/vocal_music_demucs_16k/metaData_fma_large/row50775.csv
SKIPPING: metaTables/vocal_music_demucs_16k/metaData_fma_large/row50776.csv
SKIPPING: metaTables/vocal_music_demucs_16k/metaData_fma_large/row50777.csv
SKIPPING: metaTables/vocal_music_demucs_16k/metaData_fma_large/row50778.csv
SKIPPING: metaTables/vocal_music_demucs_16k/metaData_fma_large/row50779.csv
SKIPPING: metaTables/vocal_music_demucs_16k/metaData_fma_large/row50780.csv
SKIPPING: metaTables/vocal_music_demucs_16k/metaData_fma_large/row50781.csv
SKIPPING: metaTables/vocal_music_demucs_16k/metaData_fma_large/row50782.csv
SKIPPING: metaTables/vocal_music_demucs_16k/metaData_fma_large/row50783.csv
SKIPPING: metaTables/vocal_music_demucs_16k/metaData_fma_large/row50784.csv
SKIPPING: metaTables/vocal_music_demucs_16k/metaData_fma_large/row50785.csv
SKIPPING: metaTables/vocal_music_demucs_16k/metaData_fma_large/row50786.csv
SKIPPING: metaTables/vocal_music_demucs_16k/metaData_fma_large/row50787.csv
SKIPPING: metaTables/vocal_music_demucs_16k/metaData_fma_large/row50788.csv
SKIPPING: metaTables/vocal_music_demucs_16k/metaData_fma_large/row50789.csv
SKIPPING: metaTables/vocal_music_demucs_16k/metaData_fma_large/row50790.csv
SKIPPING: metaTables/vocal_music_demucs_16k/metaData_fma_large/row50791.csv
SKIPPING: metaTables/vocal_music_demucs_16k/metaData_fma_large/row50792.csv
SKIPPING: metaTables/vocal_music_demucs_16k/metaData_fma_large/row50793.csv
SKIPPING: metaTables/vocal_music_demucs_16k/metaData_fma_large/row50794.csv
SKIPPING: metaTables/vocal_music_demucs_16k/metaData_fma_large/row50795.csv
SKIPPING: metaTables/vocal_music_demucs_16k/metaData_fma_large/row50796.csv
SKIPPING: metaTables/vocal_music_demucs_16k/metaData_fma_large/row50797.csv
SKIPPING: metaTables/vocal_music_demucs_16k/metaData_fma_large/row50798.csv
SKIPPING: metaTables/vocal_music_demucs_16k/metaData_fma_large/row50799.csv
Demucs voice recognition done!
