/ext3/demucs/lib/python3.9/site-packages/demucs/api.py:27: UserWarning: TorchAudio's global backend is now deprecated. Please enable distpatcher by setting `TORCHAUDIO_USE_BACKEND_DISPATCHER=1`, and specify backend when calling load/info/save function.
  import torchaudio as ta
2024-05-09 00:20:25.403386: I tensorflow/core/util/port.cc:113] oneDNN custom operations are on. You may see slightly different numerical results due to floating-point round-off errors from different computation orders. To turn them off, set the environment variable `TF_ENABLE_ONEDNN_OPTS=0`.
2024-05-09 00:20:26.100855: E external/local_xla/xla/stream_executor/cuda/cuda_dnn.cc:9261] Unable to register cuDNN factory: Attempting to register factory for plugin cuDNN when one has already been registered
2024-05-09 00:20:26.100896: E external/local_xla/xla/stream_executor/cuda/cuda_fft.cc:607] Unable to register cuFFT factory: Attempting to register factory for plugin cuFFT when one has already been registered
2024-05-09 00:20:26.223466: E external/local_xla/xla/stream_executor/cuda/cuda_blas.cc:1515] Unable to register cuBLAS factory: Attempting to register factory for plugin cuBLAS when one has already been registered
2024-05-09 00:20:26.310704: I tensorflow/core/platform/cpu_feature_guard.cc:182] This TensorFlow binary is optimized to use available CPU instructions in performance-critical operations.
To enable the following instructions: AVX2 AVX512F AVX512_VNNI FMA, in other operations, rebuild TensorFlow with the appropriate compiler flags.
2024-05-09 00:20:28.309722: W tensorflow/compiler/tf2tensorrt/utils/py_utils.cc:38] TF-TRT Warning: Could not find TensorRT
Warning: Xing stream size off by more than 1%, fuzzy seeking may be even more fuzzy than by design!
Execution time: 29.653231143951416 seconds
metaTables/vocal_music_demucs_16k/metaData_fma_large/row97400.csv
Execution time: 26.32950782775879 seconds
metaTables/vocal_music_demucs_16k/metaData_fma_large/row97401.csv
Execution time: 25.881282806396484 seconds
metaTables/vocal_music_demucs_16k/metaData_fma_large/row97402.csv
Execution time: 26.934195041656494 seconds
metaTables/vocal_music_demucs_16k/metaData_fma_large/row97403.csv
Execution time: 26.223777770996094 seconds
metaTables/vocal_music_demucs_16k/metaData_fma_large/row97404.csv
Execution time: 26.56076169013977 seconds
metaTables/vocal_music_demucs_16k/metaData_fma_large/row97405.csv
Execution time: 26.120333433151245 seconds
metaTables/vocal_music_demucs_16k/metaData_fma_large/row97406.csv
Execution time: 26.02199363708496 seconds
metaTables/vocal_music_demucs_16k/metaData_fma_large/row97407.csv
Execution time: 26.020450115203857 seconds
metaTables/vocal_music_demucs_16k/metaData_fma_large/row97408.csv
Execution time: 25.871790885925293 seconds
metaTables/vocal_music_demucs_16k/metaData_fma_large/row97409.csv
Execution time: 26.267690896987915 seconds
metaTables/vocal_music_demucs_16k/metaData_fma_large/row97410.csv
Execution time: 26.12670636177063 seconds
metaTables/vocal_music_demucs_16k/metaData_fma_large/row97411.csv
Execution time: 26.663936376571655 seconds
metaTables/vocal_music_demucs_16k/metaData_fma_large/row97412.csv
Execution time: 26.631588459014893 seconds
metaTables/vocal_music_demucs_16k/metaData_fma_large/row97413.csv
Execution time: 25.957178831100464 seconds
metaTables/vocal_music_demucs_16k/metaData_fma_large/row97414.csv
Execution time: 25.958252429962158 seconds
metaTables/vocal_music_demucs_16k/metaData_fma_large/row97415.csv
Execution time: 25.813896656036377 seconds
metaTables/vocal_music_demucs_16k/metaData_fma_large/row97416.csv
Execution time: 25.304640293121338 seconds
metaTables/vocal_music_demucs_16k/metaData_fma_large/row97417.csv
Execution time: 25.84052062034607 seconds
metaTables/vocal_music_demucs_16k/metaData_fma_large/row97418.csv
Execution time: 26.019707441329956 seconds
metaTables/vocal_music_demucs_16k/metaData_fma_large/row97419.csv
Execution time: 25.70392346382141 seconds
metaTables/vocal_music_demucs_16k/metaData_fma_large/row97420.csv
Execution time: 27.027403116226196 seconds
metaTables/vocal_music_demucs_16k/metaData_fma_large/row97421.csv
Execution time: 26.916070461273193 seconds
metaTables/vocal_music_demucs_16k/metaData_fma_large/row97422.csv
Execution time: 25.88178253173828 seconds
metaTables/vocal_music_demucs_16k/metaData_fma_large/row97423.csv
Execution time: 26.467973232269287 seconds
metaTables/vocal_music_demucs_16k/metaData_fma_large/row97424.csv
Execution time: 27.02010416984558 seconds
metaTables/vocal_music_demucs_16k/metaData_fma_large/row97425.csv
Execution time: 25.094679355621338 seconds
metaTables/vocal_music_demucs_16k/metaData_fma_large/row97426.csv
Execution time: 25.456939697265625 seconds
metaTables/vocal_music_demucs_16k/metaData_fma_large/row97427.csv
Execution time: 25.987353563308716 seconds
metaTables/vocal_music_demucs_16k/metaData_fma_large/row97428.csv
Execution time: 25.797385454177856 seconds
metaTables/vocal_music_demucs_16k/metaData_fma_large/row97429.csv
Execution time: 26.518086671829224 seconds
metaTables/vocal_music_demucs_16k/metaData_fma_large/row97430.csv
Execution time: 26.904419660568237 seconds
metaTables/vocal_music_demucs_16k/metaData_fma_large/row97431.csv
Execution time: 26.300507307052612 seconds
metaTables/vocal_music_demucs_16k/metaData_fma_large/row97432.csv
Execution time: 26.906191110610962 seconds
metaTables/vocal_music_demucs_16k/metaData_fma_large/row97433.csv
Execution time: 25.31840181350708 seconds
metaTables/vocal_music_demucs_16k/metaData_fma_large/row97434.csv
Execution time: 25.86760687828064 seconds
metaTables/vocal_music_demucs_16k/metaData_fma_large/row97435.csv
Execution time: 28.233516693115234 seconds
metaTables/vocal_music_demucs_16k/metaData_fma_large/row97436.csv
Execution time: 27.250890016555786 seconds
metaTables/vocal_music_demucs_16k/metaData_fma_large/row97437.csv
Execution time: 26.017897844314575 seconds
metaTables/vocal_music_demucs_16k/metaData_fma_large/row97438.csv
Execution time: 26.503119945526123 seconds
metaTables/vocal_music_demucs_16k/metaData_fma_large/row97439.csv
Execution time: 26.172383069992065 seconds
metaTables/vocal_music_demucs_16k/metaData_fma_large/row97440.csv
Execution time: 25.771156549453735 seconds
metaTables/vocal_music_demucs_16k/metaData_fma_large/row97441.csv
Execution time: 26.134543418884277 seconds
metaTables/vocal_music_demucs_16k/metaData_fma_large/row97442.csv
Execution time: 8.809411525726318 seconds
metaTables/vocal_music_demucs_16k/metaData_fma_large/row97443.csv
Execution time: 25.733207941055298 seconds
metaTables/vocal_music_demucs_16k/metaData_fma_large/row97444.csv
Execution time: 26.691364765167236 seconds
metaTables/vocal_music_demucs_16k/metaData_fma_large/row97445.csv
Execution time: 27.166648149490356 seconds
metaTables/vocal_music_demucs_16k/metaData_fma_large/row97446.csv
Execution time: 27.30363154411316 seconds
metaTables/vocal_music_demucs_16k/metaData_fma_large/row97447.csv
Execution time: 26.44335412979126 seconds
metaTables/vocal_music_demucs_16k/metaData_fma_large/row97448.csv
Execution time: 26.93337106704712 seconds
metaTables/vocal_music_demucs_16k/metaData_fma_large/row97449.csv
Execution time: 26.50269365310669 seconds
metaTables/vocal_music_demucs_16k/metaData_fma_large/row97450.csv
Execution time: 26.187044382095337 seconds
metaTables/vocal_music_demucs_16k/metaData_fma_large/row97451.csv
Execution time: 26.482550382614136 seconds
metaTables/vocal_music_demucs_16k/metaData_fma_large/row97452.csv
Execution time: 25.565821886062622 seconds
metaTables/vocal_music_demucs_16k/metaData_fma_large/row97453.csv
Execution time: 26.292036294937134 seconds
metaTables/vocal_music_demucs_16k/metaData_fma_large/row97454.csv
Execution time: 26.521941423416138 seconds
metaTables/vocal_music_demucs_16k/metaData_fma_large/row97455.csv
Execution time: 26.692155122756958 seconds
metaTables/vocal_music_demucs_16k/metaData_fma_large/row97456.csv
Execution time: 25.93075919151306 seconds
metaTables/vocal_music_demucs_16k/metaData_fma_large/row97457.csv
Execution time: 26.63973045349121 seconds
metaTables/vocal_music_demucs_16k/metaData_fma_large/row97458.csv
Execution time: 26.2191002368927 seconds
metaTables/vocal_music_demucs_16k/metaData_fma_large/row97459.csv
Execution time: 25.66952085494995 seconds
metaTables/vocal_music_demucs_16k/metaData_fma_large/row97460.csv
Execution time: 27.12444519996643 seconds
metaTables/vocal_music_demucs_16k/metaData_fma_large/row97461.csv
Execution time: 26.178956508636475 seconds
metaTables/vocal_music_demucs_16k/metaData_fma_large/row97462.csv
Execution time: 25.443740606307983 seconds
metaTables/vocal_music_demucs_16k/metaData_fma_large/row97463.csv
Execution time: 26.486331701278687 seconds
metaTables/vocal_music_demucs_16k/metaData_fma_large/row97464.csv
Execution time: 26.320544958114624 seconds
metaTables/vocal_music_demucs_16k/metaData_fma_large/row97465.csv
Execution time: 26.146485328674316 seconds
metaTables/vocal_music_demucs_16k/metaData_fma_large/row97466.csv
Execution time: 27.88350224494934 seconds
metaTables/vocal_music_demucs_16k/metaData_fma_large/row97467.csv
Execution time: 26.050145149230957 seconds
metaTables/vocal_music_demucs_16k/metaData_fma_large/row97468.csv
Execution time: 25.593584060668945 seconds
metaTables/vocal_music_demucs_16k/metaData_fma_large/row97469.csv
Execution time: 25.760973691940308 seconds
metaTables/vocal_music_demucs_16k/metaData_fma_large/row97470.csv
Execution time: 26.302765369415283 seconds
metaTables/vocal_music_demucs_16k/metaData_fma_large/row97471.csv
Execution time: 26.170398473739624 seconds
metaTables/vocal_music_demucs_16k/metaData_fma_large/row97472.csv
Execution time: 25.821359157562256 seconds
metaTables/vocal_music_demucs_16k/metaData_fma_large/row97473.csv
Execution time: 26.88211703300476 seconds
metaTables/vocal_music_demucs_16k/metaData_fma_large/row97474.csv
Execution time: 25.836506366729736 seconds
metaTables/vocal_music_demucs_16k/metaData_fma_large/row97475.csv
Execution time: 26.468074798583984 seconds
metaTables/vocal_music_demucs_16k/metaData_fma_large/row97476.csv
Execution time: 26.640610933303833 seconds
metaTables/vocal_music_demucs_16k/metaData_fma_large/row97477.csv
Execution time: 26.511682748794556 seconds
metaTables/vocal_music_demucs_16k/metaData_fma_large/row97478.csv
Execution time: 27.759532690048218 seconds
metaTables/vocal_music_demucs_16k/metaData_fma_large/row97479.csv
Execution time: 25.820348739624023 seconds
metaTables/vocal_music_demucs_16k/metaData_fma_large/row97480.csv
Execution time: 26.086345434188843 seconds
metaTables/vocal_music_demucs_16k/metaData_fma_large/row97481.csv
Execution time: 27.222129821777344 seconds
metaTables/vocal_music_demucs_16k/metaData_fma_large/row97482.csv
Execution time: 26.54981017112732 seconds
metaTables/vocal_music_demucs_16k/metaData_fma_large/row97483.csv
Execution time: 25.82266855239868 seconds
metaTables/vocal_music_demucs_16k/metaData_fma_large/row97484.csv
Execution time: 26.162031412124634 seconds
metaTables/vocal_music_demucs_16k/metaData_fma_large/row97485.csv
Execution time: 27.3829402923584 seconds
metaTables/vocal_music_demucs_16k/metaData_fma_large/row97486.csv
Execution time: 25.89712119102478 seconds
metaTables/vocal_music_demucs_16k/metaData_fma_large/row97487.csv
Execution time: 26.398269653320312 seconds
metaTables/vocal_music_demucs_16k/metaData_fma_large/row97488.csv
Execution time: 25.428879737854004 seconds
metaTables/vocal_music_demucs_16k/metaData_fma_large/row97489.csv
Execution time: 25.08607316017151 seconds
metaTables/vocal_music_demucs_16k/metaData_fma_large/row97490.csv
Execution time: 26.265332221984863 seconds
metaTables/vocal_music_demucs_16k/metaData_fma_large/row97491.csv
Execution time: 26.276719331741333 seconds
metaTables/vocal_music_demucs_16k/metaData_fma_large/row97492.csv
Execution time: 26.885480880737305 seconds
metaTables/vocal_music_demucs_16k/metaData_fma_large/row97493.csv
Execution time: 26.444182872772217 seconds
metaTables/vocal_music_demucs_16k/metaData_fma_large/row97494.csv
Execution time: 25.40464472770691 seconds
metaTables/vocal_music_demucs_16k/metaData_fma_large/row97495.csv
Execution time: 25.788464307785034 seconds
metaTables/vocal_music_demucs_16k/metaData_fma_large/row97496.csv
Execution time: 26.000951766967773 seconds
metaTables/vocal_music_demucs_16k/metaData_fma_large/row97497.csv
Execution time: 25.318962574005127 seconds
metaTables/vocal_music_demucs_16k/metaData_fma_large/row97498.csv
Execution time: 24.585585117340088 seconds
metaTables/vocal_music_demucs_16k/metaData_fma_large/row97499.csv
Demucs voice recognition done!
