/ext3/demucs/lib/python3.9/site-packages/demucs/api.py:27: UserWarning: TorchAudio's global backend is now deprecated. Please enable distpatcher by setting `TORCHAUDIO_USE_BACKEND_DISPATCHER=1`, and specify backend when calling load/info/save function.
  import torchaudio as ta
2024-05-08 23:36:05.166099: I tensorflow/core/util/port.cc:113] oneDNN custom operations are on. You may see slightly different numerical results due to floating-point round-off errors from different computation orders. To turn them off, set the environment variable `TF_ENABLE_ONEDNN_OPTS=0`.
2024-05-08 23:36:08.296821: E external/local_xla/xla/stream_executor/cuda/cuda_dnn.cc:9261] Unable to register cuDNN factory: Attempting to register factory for plugin cuDNN when one has already been registered
2024-05-08 23:36:08.296864: E external/local_xla/xla/stream_executor/cuda/cuda_fft.cc:607] Unable to register cuFFT factory: Attempting to register factory for plugin cuFFT when one has already been registered
2024-05-08 23:36:08.641389: E external/local_xla/xla/stream_executor/cuda/cuda_blas.cc:1515] Unable to register cuBLAS factory: Attempting to register factory for plugin cuBLAS when one has already been registered
2024-05-08 23:36:09.185493: I tensorflow/core/platform/cpu_feature_guard.cc:182] This TensorFlow binary is optimized to use available CPU instructions in performance-critical operations.
To enable the following instructions: AVX2 AVX512F AVX512_VNNI FMA, in other operations, rebuild TensorFlow with the appropriate compiler flags.
2024-05-08 23:36:14.220910: W tensorflow/compiler/tf2tensorrt/utils/py_utils.cc:38] TF-TRT Warning: Could not find TensorRT
Execution time: 31.818845510482788 seconds
metaTables/vocal_music_demucs_16k/metaData_fma_large/row9000.csv
Execution time: 26.70975375175476 seconds
metaTables/vocal_music_demucs_16k/metaData_fma_large/row9001.csv
Execution time: 26.63344407081604 seconds
metaTables/vocal_music_demucs_16k/metaData_fma_large/row9002.csv
Execution time: 26.77743673324585 seconds
metaTables/vocal_music_demucs_16k/metaData_fma_large/row9003.csv
Execution time: 27.396921396255493 seconds
metaTables/vocal_music_demucs_16k/metaData_fma_large/row9004.csv
Execution time: 27.436891317367554 seconds
metaTables/vocal_music_demucs_16k/metaData_fma_large/row9005.csv
Execution time: 27.385409593582153 seconds
metaTables/vocal_music_demucs_16k/metaData_fma_large/row9006.csv
Execution time: 26.830132007598877 seconds
metaTables/vocal_music_demucs_16k/metaData_fma_large/row9007.csv
Execution time: 26.045339584350586 seconds
metaTables/vocal_music_demucs_16k/metaData_fma_large/row9008.csv
Execution time: 26.364453554153442 seconds
metaTables/vocal_music_demucs_16k/metaData_fma_large/row9009.csv
Execution time: 26.584301233291626 seconds
metaTables/vocal_music_demucs_16k/metaData_fma_large/row9010.csv
Execution time: 26.78245210647583 seconds
metaTables/vocal_music_demucs_16k/metaData_fma_large/row9011.csv
Execution time: 27.319146394729614 seconds
metaTables/vocal_music_demucs_16k/metaData_fma_large/row9012.csv
Execution time: 13.456544160842896 seconds
metaTables/vocal_music_demucs_16k/metaData_fma_large/row9013.csv
Execution time: 26.174001693725586 seconds
metaTables/vocal_music_demucs_16k/metaData_fma_large/row9014.csv
Execution time: 26.216344356536865 seconds
metaTables/vocal_music_demucs_16k/metaData_fma_large/row9015.csv
Execution time: 26.092493057250977 seconds
metaTables/vocal_music_demucs_16k/metaData_fma_large/row9016.csv
Execution time: 25.939247846603394 seconds
metaTables/vocal_music_demucs_16k/metaData_fma_large/row9017.csv
Execution time: 26.035552501678467 seconds
metaTables/vocal_music_demucs_16k/metaData_fma_large/row9018.csv
Execution time: 26.24046778678894 seconds
metaTables/vocal_music_demucs_16k/metaData_fma_large/row9019.csv
Execution time: 26.74145221710205 seconds
metaTables/vocal_music_demucs_16k/metaData_fma_large/row9020.csv
Execution time: 26.917807579040527 seconds
metaTables/vocal_music_demucs_16k/metaData_fma_large/row9021.csv
Execution time: 27.665599584579468 seconds
metaTables/vocal_music_demucs_16k/metaData_fma_large/row9022.csv
Execution time: 26.336955070495605 seconds
metaTables/vocal_music_demucs_16k/metaData_fma_large/row9023.csv
Execution time: 26.24630331993103 seconds
metaTables/vocal_music_demucs_16k/metaData_fma_large/row9024.csv
Execution time: 26.5153706073761 seconds
metaTables/vocal_music_demucs_16k/metaData_fma_large/row9025.csv
Execution time: 25.98797059059143 seconds
metaTables/vocal_music_demucs_16k/metaData_fma_large/row9026.csv
Execution time: 26.159287691116333 seconds
metaTables/vocal_music_demucs_16k/metaData_fma_large/row9027.csv
Execution time: 27.907872915267944 seconds
metaTables/vocal_music_demucs_16k/metaData_fma_large/row9028.csv
Execution time: 26.221868991851807 seconds
metaTables/vocal_music_demucs_16k/metaData_fma_large/row9029.csv
Execution time: 25.67298984527588 seconds
metaTables/vocal_music_demucs_16k/metaData_fma_large/row9030.csv
Execution time: 26.28376007080078 seconds
metaTables/vocal_music_demucs_16k/metaData_fma_large/row9031.csv
Execution time: 27.172558546066284 seconds
metaTables/vocal_music_demucs_16k/metaData_fma_large/row9032.csv
Execution time: 27.04443049430847 seconds
metaTables/vocal_music_demucs_16k/metaData_fma_large/row9033.csv
Execution time: 26.14923667907715 seconds
metaTables/vocal_music_demucs_16k/metaData_fma_large/row9034.csv
Execution time: 25.156726360321045 seconds
metaTables/vocal_music_demucs_16k/metaData_fma_large/row9035.csv
Execution time: 26.063183307647705 seconds
metaTables/vocal_music_demucs_16k/metaData_fma_large/row9036.csv
Execution time: 26.302305221557617 seconds
metaTables/vocal_music_demucs_16k/metaData_fma_large/row9037.csv
Execution time: 25.689163208007812 seconds
metaTables/vocal_music_demucs_16k/metaData_fma_large/row9038.csv
Execution time: 25.74404811859131 seconds
metaTables/vocal_music_demucs_16k/metaData_fma_large/row9039.csv
Execution time: 25.938079118728638 seconds
metaTables/vocal_music_demucs_16k/metaData_fma_large/row9040.csv
Execution time: 25.125195264816284 seconds
metaTables/vocal_music_demucs_16k/metaData_fma_large/row9041.csv
Execution time: 26.828457355499268 seconds
metaTables/vocal_music_demucs_16k/metaData_fma_large/row9042.csv
Execution time: 26.1957950592041 seconds
metaTables/vocal_music_demucs_16k/metaData_fma_large/row9043.csv
Execution time: 26.467196941375732 seconds
metaTables/vocal_music_demucs_16k/metaData_fma_large/row9044.csv
Execution time: 25.28508424758911 seconds
metaTables/vocal_music_demucs_16k/metaData_fma_large/row9045.csv
Execution time: 26.55826473236084 seconds
metaTables/vocal_music_demucs_16k/metaData_fma_large/row9046.csv
Execution time: 26.520439863204956 seconds
metaTables/vocal_music_demucs_16k/metaData_fma_large/row9047.csv
Execution time: 25.599445819854736 seconds
metaTables/vocal_music_demucs_16k/metaData_fma_large/row9048.csv
Execution time: 25.455427169799805 seconds
metaTables/vocal_music_demucs_16k/metaData_fma_large/row9049.csv
Execution time: 25.710269451141357 seconds
metaTables/vocal_music_demucs_16k/metaData_fma_large/row9050.csv
Execution time: 25.819854021072388 seconds
metaTables/vocal_music_demucs_16k/metaData_fma_large/row9051.csv
Execution time: 26.727699995040894 seconds
metaTables/vocal_music_demucs_16k/metaData_fma_large/row9052.csv
Execution time: 25.291308164596558 seconds
metaTables/vocal_music_demucs_16k/metaData_fma_large/row9053.csv
Execution time: 25.317523956298828 seconds
metaTables/vocal_music_demucs_16k/metaData_fma_large/row9054.csv
Execution time: 24.636991024017334 seconds
metaTables/vocal_music_demucs_16k/metaData_fma_large/row9055.csv
Execution time: 25.89645743370056 seconds
metaTables/vocal_music_demucs_16k/metaData_fma_large/row9056.csv
Execution time: 25.66528820991516 seconds
metaTables/vocal_music_demucs_16k/metaData_fma_large/row9057.csv
Execution time: 26.430784463882446 seconds
metaTables/vocal_music_demucs_16k/metaData_fma_large/row9058.csv
Execution time: 25.45971393585205 seconds
metaTables/vocal_music_demucs_16k/metaData_fma_large/row9059.csv
Execution time: 25.706084489822388 seconds
metaTables/vocal_music_demucs_16k/metaData_fma_large/row9060.csv
Execution time: 25.532890796661377 seconds
metaTables/vocal_music_demucs_16k/metaData_fma_large/row9061.csv
Execution time: 25.10345721244812 seconds
metaTables/vocal_music_demucs_16k/metaData_fma_large/row9062.csv
Execution time: 25.419390201568604 seconds
metaTables/vocal_music_demucs_16k/metaData_fma_large/row9063.csv
Execution time: 26.46562123298645 seconds
metaTables/vocal_music_demucs_16k/metaData_fma_large/row9064.csv
Execution time: 26.01908254623413 seconds
metaTables/vocal_music_demucs_16k/metaData_fma_large/row9065.csv
Execution time: 25.42432427406311 seconds
metaTables/vocal_music_demucs_16k/metaData_fma_large/row9066.csv
Execution time: 24.733910083770752 seconds
metaTables/vocal_music_demucs_16k/metaData_fma_large/row9067.csv
Execution time: 27.8488347530365 seconds
metaTables/vocal_music_demucs_16k/metaData_fma_large/row9068.csv
Execution time: 25.482862949371338 seconds
metaTables/vocal_music_demucs_16k/metaData_fma_large/row9069.csv
Execution time: 25.18869400024414 seconds
metaTables/vocal_music_demucs_16k/metaData_fma_large/row9070.csv
Execution time: 25.729678869247437 seconds
metaTables/vocal_music_demucs_16k/metaData_fma_large/row9071.csv
Execution time: 26.52991485595703 seconds
metaTables/vocal_music_demucs_16k/metaData_fma_large/row9072.csv
Execution time: 25.69443988800049 seconds
metaTables/vocal_music_demucs_16k/metaData_fma_large/row9073.csv
Execution time: 25.931325674057007 seconds
metaTables/vocal_music_demucs_16k/metaData_fma_large/row9074.csv
Execution time: 25.328370094299316 seconds
metaTables/vocal_music_demucs_16k/metaData_fma_large/row9075.csv
Execution time: 25.965359449386597 seconds
metaTables/vocal_music_demucs_16k/metaData_fma_large/row9076.csv
Execution time: 25.301442861557007 seconds
metaTables/vocal_music_demucs_16k/metaData_fma_large/row9077.csv
Execution time: 26.00267267227173 seconds
metaTables/vocal_music_demucs_16k/metaData_fma_large/row9078.csv
Execution time: 25.85780906677246 seconds
metaTables/vocal_music_demucs_16k/metaData_fma_large/row9079.csv
Execution time: 25.419561862945557 seconds
metaTables/vocal_music_demucs_16k/metaData_fma_large/row9080.csv
Execution time: 25.33808946609497 seconds
metaTables/vocal_music_demucs_16k/metaData_fma_large/row9081.csv
Execution time: 25.55836582183838 seconds
metaTables/vocal_music_demucs_16k/metaData_fma_large/row9082.csv
Execution time: 25.765995264053345 seconds
metaTables/vocal_music_demucs_16k/metaData_fma_large/row9083.csv
Execution time: 27.105331420898438 seconds
metaTables/vocal_music_demucs_16k/metaData_fma_large/row9084.csv
Execution time: 24.641987323760986 seconds
metaTables/vocal_music_demucs_16k/metaData_fma_large/row9085.csv
Execution time: 25.76743221282959 seconds
metaTables/vocal_music_demucs_16k/metaData_fma_large/row9086.csv
Execution time: 25.415980577468872 seconds
metaTables/vocal_music_demucs_16k/metaData_fma_large/row9087.csv
Execution time: 25.89843988418579 seconds
metaTables/vocal_music_demucs_16k/metaData_fma_large/row9088.csv
Execution time: 25.11067223548889 seconds
metaTables/vocal_music_demucs_16k/metaData_fma_large/row9089.csv
Execution time: 25.607182502746582 seconds
metaTables/vocal_music_demucs_16k/metaData_fma_large/row9090.csv
Execution time: 25.30977487564087 seconds
metaTables/vocal_music_demucs_16k/metaData_fma_large/row9091.csv
Execution time: 24.999456644058228 seconds
metaTables/vocal_music_demucs_16k/metaData_fma_large/row9092.csv
Execution time: 26.054884910583496 seconds
metaTables/vocal_music_demucs_16k/metaData_fma_large/row9093.csv
Execution time: 25.66960310935974 seconds
metaTables/vocal_music_demucs_16k/metaData_fma_large/row9094.csv
Execution time: 25.379984378814697 seconds
metaTables/vocal_music_demucs_16k/metaData_fma_large/row9095.csv
Execution time: 27.430033922195435 seconds
metaTables/vocal_music_demucs_16k/metaData_fma_large/row9096.csv
Execution time: 27.772311210632324 seconds
metaTables/vocal_music_demucs_16k/metaData_fma_large/row9097.csv
Execution time: 28.241926908493042 seconds
metaTables/vocal_music_demucs_16k/metaData_fma_large/row9098.csv
Execution time: 27.214542865753174 seconds
metaTables/vocal_music_demucs_16k/metaData_fma_large/row9099.csv
Demucs voice recognition done!
