/ext3/demucs/lib/python3.9/site-packages/demucs/api.py:27: UserWarning: TorchAudio's global backend is now deprecated. Please enable distpatcher by setting `TORCHAUDIO_USE_BACKEND_DISPATCHER=1`, and specify backend when calling load/info/save function.
  import torchaudio as ta
2024-05-10 01:29:25.145375: I tensorflow/core/util/port.cc:113] oneDNN custom operations are on. You may see slightly different numerical results due to floating-point round-off errors from different computation orders. To turn them off, set the environment variable `TF_ENABLE_ONEDNN_OPTS=0`.
2024-05-10 01:29:25.349587: E external/local_xla/xla/stream_executor/cuda/cuda_dnn.cc:9261] Unable to register cuDNN factory: Attempting to register factory for plugin cuDNN when one has already been registered
2024-05-10 01:29:25.349627: E external/local_xla/xla/stream_executor/cuda/cuda_fft.cc:607] Unable to register cuFFT factory: Attempting to register factory for plugin cuFFT when one has already been registered
2024-05-10 01:29:25.398731: E external/local_xla/xla/stream_executor/cuda/cuda_blas.cc:1515] Unable to register cuBLAS factory: Attempting to register factory for plugin cuBLAS when one has already been registered
2024-05-10 01:29:25.479599: I tensorflow/core/platform/cpu_feature_guard.cc:182] This TensorFlow binary is optimized to use available CPU instructions in performance-critical operations.
To enable the following instructions: AVX2 AVX512F AVX512_VNNI FMA, in other operations, rebuild TensorFlow with the appropriate compiler flags.
2024-05-10 01:29:26.388427: W tensorflow/compiler/tf2tensorrt/utils/py_utils.cc:38] TF-TRT Warning: Could not find TensorRT
[src/libmpg123/layer3.c:INT123_do_layer3():1771] error: part2_3_length (2112) too large for available bit count (1984)
SKIPPING: metaTables/vocal_music_demucs_16k/metaData_fma_large/row71300.csv
SKIPPING: metaTables/vocal_music_demucs_16k/metaData_fma_large/row71301.csv
SKIPPING: metaTables/vocal_music_demucs_16k/metaData_fma_large/row71302.csv
SKIPPING: metaTables/vocal_music_demucs_16k/metaData_fma_large/row71303.csv
SKIPPING: metaTables/vocal_music_demucs_16k/metaData_fma_large/row71304.csv
SKIPPING: metaTables/vocal_music_demucs_16k/metaData_fma_large/row71305.csv
SKIPPING: metaTables/vocal_music_demucs_16k/metaData_fma_large/row71306.csv
SKIPPING: metaTables/vocal_music_demucs_16k/metaData_fma_large/row71307.csv
SKIPPING: metaTables/vocal_music_demucs_16k/metaData_fma_large/row71308.csv
SKIPPING: metaTables/vocal_music_demucs_16k/metaData_fma_large/row71309.csv
SKIPPING: metaTables/vocal_music_demucs_16k/metaData_fma_large/row71310.csv
SKIPPING: metaTables/vocal_music_demucs_16k/metaData_fma_large/row71311.csv
Execution time: 26.914720058441162 seconds
metaTables/vocal_music_demucs_16k/metaData_fma_large/row71312.csv
Execution time: 26.285440921783447 seconds
metaTables/vocal_music_demucs_16k/metaData_fma_large/row71313.csv
Execution time: 25.43411612510681 seconds
metaTables/vocal_music_demucs_16k/metaData_fma_large/row71314.csv
Execution time: 25.102738618850708 seconds
metaTables/vocal_music_demucs_16k/metaData_fma_large/row71315.csv
Execution time: 25.39530611038208 seconds
metaTables/vocal_music_demucs_16k/metaData_fma_large/row71316.csv
Execution time: 27.579395055770874 seconds
metaTables/vocal_music_demucs_16k/metaData_fma_large/row71317.csv
Execution time: 25.118515968322754 seconds
metaTables/vocal_music_demucs_16k/metaData_fma_large/row71318.csv
Execution time: 26.262392282485962 seconds
metaTables/vocal_music_demucs_16k/metaData_fma_large/row71319.csv
Execution time: 26.42495369911194 seconds
metaTables/vocal_music_demucs_16k/metaData_fma_large/row71320.csv
Execution time: 24.378824949264526 seconds
metaTables/vocal_music_demucs_16k/metaData_fma_large/row71321.csv
Execution time: 25.588239908218384 seconds
metaTables/vocal_music_demucs_16k/metaData_fma_large/row71322.csv
Execution time: 26.36712670326233 seconds
metaTables/vocal_music_demucs_16k/metaData_fma_large/row71323.csv
Execution time: 25.55632758140564 seconds
metaTables/vocal_music_demucs_16k/metaData_fma_large/row71324.csv
Execution time: 25.190066814422607 seconds
metaTables/vocal_music_demucs_16k/metaData_fma_large/row71325.csv
Execution time: 25.824674367904663 seconds
metaTables/vocal_music_demucs_16k/metaData_fma_large/row71326.csv
Execution time: 25.70255708694458 seconds
metaTables/vocal_music_demucs_16k/metaData_fma_large/row71327.csv
Execution time: 25.170254468917847 seconds
metaTables/vocal_music_demucs_16k/metaData_fma_large/row71328.csv
Execution time: 26.620617866516113 seconds
metaTables/vocal_music_demucs_16k/metaData_fma_large/row71329.csv
Execution time: 26.150445461273193 seconds
metaTables/vocal_music_demucs_16k/metaData_fma_large/row71330.csv
Execution time: 25.83701753616333 seconds
metaTables/vocal_music_demucs_16k/metaData_fma_large/row71331.csv
Execution time: 26.216368675231934 seconds
metaTables/vocal_music_demucs_16k/metaData_fma_large/row71332.csv
Execution time: 25.297767639160156 seconds
metaTables/vocal_music_demucs_16k/metaData_fma_large/row71333.csv
Execution time: 26.12989640235901 seconds
metaTables/vocal_music_demucs_16k/metaData_fma_large/row71334.csv
Execution time: 25.71649670600891 seconds
metaTables/vocal_music_demucs_16k/metaData_fma_large/row71335.csv
Execution time: 25.96331763267517 seconds
metaTables/vocal_music_demucs_16k/metaData_fma_large/row71336.csv
Execution time: 26.37278389930725 seconds
metaTables/vocal_music_demucs_16k/metaData_fma_large/row71337.csv
Execution time: 25.88463544845581 seconds
metaTables/vocal_music_demucs_16k/metaData_fma_large/row71338.csv
Execution time: 25.973787546157837 seconds
metaTables/vocal_music_demucs_16k/metaData_fma_large/row71339.csv
Execution time: 25.4708993434906 seconds
metaTables/vocal_music_demucs_16k/metaData_fma_large/row71340.csv
Execution time: 25.788356065750122 seconds
metaTables/vocal_music_demucs_16k/metaData_fma_large/row71341.csv
Execution time: 27.176751375198364 seconds
metaTables/vocal_music_demucs_16k/metaData_fma_large/row71342.csv
Execution time: 25.959393978118896 seconds
metaTables/vocal_music_demucs_16k/metaData_fma_large/row71343.csv
Execution time: 25.321345329284668 seconds
metaTables/vocal_music_demucs_16k/metaData_fma_large/row71344.csv
Execution time: 25.913140773773193 seconds
metaTables/vocal_music_demucs_16k/metaData_fma_large/row71345.csv
Execution time: 25.732652187347412 seconds
metaTables/vocal_music_demucs_16k/metaData_fma_large/row71346.csv
Execution time: 25.795758485794067 seconds
metaTables/vocal_music_demucs_16k/metaData_fma_large/row71347.csv
Execution time: 25.184417247772217 seconds
metaTables/vocal_music_demucs_16k/metaData_fma_large/row71348.csv
Execution time: 26.000152587890625 seconds
metaTables/vocal_music_demucs_16k/metaData_fma_large/row71349.csv
Execution time: 27.44507932662964 seconds
metaTables/vocal_music_demucs_16k/metaData_fma_large/row71350.csv
Execution time: 25.811233282089233 seconds
metaTables/vocal_music_demucs_16k/metaData_fma_large/row71351.csv
Execution time: 25.923645496368408 seconds
metaTables/vocal_music_demucs_16k/metaData_fma_large/row71352.csv
Execution time: 26.193283319473267 seconds
metaTables/vocal_music_demucs_16k/metaData_fma_large/row71353.csv
Execution time: 16.78859257698059 seconds
metaTables/vocal_music_demucs_16k/metaData_fma_large/row71354.csv
Execution time: 25.650471687316895 seconds
metaTables/vocal_music_demucs_16k/metaData_fma_large/row71355.csv
Execution time: 26.50248122215271 seconds
metaTables/vocal_music_demucs_16k/metaData_fma_large/row71356.csv
Execution time: 26.044752597808838 seconds
metaTables/vocal_music_demucs_16k/metaData_fma_large/row71357.csv
Execution time: 25.1560001373291 seconds
metaTables/vocal_music_demucs_16k/metaData_fma_large/row71358.csv
Execution time: 25.979188680648804 seconds
metaTables/vocal_music_demucs_16k/metaData_fma_large/row71359.csv
Execution time: 26.322726488113403 seconds
metaTables/vocal_music_demucs_16k/metaData_fma_large/row71360.csv
Execution time: 26.238956689834595 seconds
metaTables/vocal_music_demucs_16k/metaData_fma_large/row71361.csv
Execution time: 24.92063069343567 seconds
metaTables/vocal_music_demucs_16k/metaData_fma_large/row71362.csv
Execution time: 25.649487733840942 seconds
metaTables/vocal_music_demucs_16k/metaData_fma_large/row71363.csv
Execution time: 25.06810235977173 seconds
metaTables/vocal_music_demucs_16k/metaData_fma_large/row71364.csv
Execution time: 24.434957265853882 seconds
metaTables/vocal_music_demucs_16k/metaData_fma_large/row71365.csv
Execution time: 25.320228099822998 seconds
metaTables/vocal_music_demucs_16k/metaData_fma_large/row71366.csv
Execution time: 21.12290120124817 seconds
metaTables/vocal_music_demucs_16k/metaData_fma_large/row71367.csv
Execution time: 26.18043279647827 seconds
metaTables/vocal_music_demucs_16k/metaData_fma_large/row71368.csv
Execution time: 26.46341562271118 seconds
metaTables/vocal_music_demucs_16k/metaData_fma_large/row71369.csv
Execution time: 25.75168251991272 seconds
metaTables/vocal_music_demucs_16k/metaData_fma_large/row71370.csv
Execution time: 25.731897830963135 seconds
metaTables/vocal_music_demucs_16k/metaData_fma_large/row71371.csv
Execution time: 24.819053411483765 seconds
metaTables/vocal_music_demucs_16k/metaData_fma_large/row71372.csv
Execution time: 25.36247730255127 seconds
metaTables/vocal_music_demucs_16k/metaData_fma_large/row71373.csv
Execution time: 25.212897300720215 seconds
metaTables/vocal_music_demucs_16k/metaData_fma_large/row71374.csv
Execution time: 26.276175498962402 seconds
metaTables/vocal_music_demucs_16k/metaData_fma_large/row71375.csv
Execution time: 24.43032193183899 seconds
metaTables/vocal_music_demucs_16k/metaData_fma_large/row71376.csv
Execution time: 25.353605031967163 seconds
metaTables/vocal_music_demucs_16k/metaData_fma_large/row71377.csv
Execution time: 25.66369652748108 seconds
metaTables/vocal_music_demucs_16k/metaData_fma_large/row71378.csv
Execution time: 25.891444206237793 seconds
metaTables/vocal_music_demucs_16k/metaData_fma_large/row71379.csv
Execution time: 26.39767575263977 seconds
metaTables/vocal_music_demucs_16k/metaData_fma_large/row71380.csv
Execution time: 24.31482243537903 seconds
metaTables/vocal_music_demucs_16k/metaData_fma_large/row71381.csv
Execution time: 12.722216844558716 seconds
metaTables/vocal_music_demucs_16k/metaData_fma_large/row71382.csv
Execution time: 25.174830436706543 seconds
metaTables/vocal_music_demucs_16k/metaData_fma_large/row71383.csv
Execution time: 25.697885036468506 seconds
metaTables/vocal_music_demucs_16k/metaData_fma_large/row71384.csv
Execution time: 25.638200521469116 seconds
metaTables/vocal_music_demucs_16k/metaData_fma_large/row71385.csv
Execution time: 25.685102939605713 seconds
metaTables/vocal_music_demucs_16k/metaData_fma_large/row71386.csv
Execution time: 25.76427912712097 seconds
metaTables/vocal_music_demucs_16k/metaData_fma_large/row71387.csv
Execution time: 25.422526836395264 seconds
metaTables/vocal_music_demucs_16k/metaData_fma_large/row71388.csv
Execution time: 25.641284942626953 seconds
metaTables/vocal_music_demucs_16k/metaData_fma_large/row71389.csv
Execution time: 25.92619037628174 seconds
metaTables/vocal_music_demucs_16k/metaData_fma_large/row71390.csv
Execution time: 25.985829830169678 seconds
metaTables/vocal_music_demucs_16k/metaData_fma_large/row71391.csv
Execution time: 24.834975242614746 seconds
metaTables/vocal_music_demucs_16k/metaData_fma_large/row71392.csv
Execution time: 24.12192964553833 seconds
metaTables/vocal_music_demucs_16k/metaData_fma_large/row71393.csv
Execution time: 24.012182235717773 seconds
metaTables/vocal_music_demucs_16k/metaData_fma_large/row71394.csv
Execution time: 26.748396635055542 seconds
metaTables/vocal_music_demucs_16k/metaData_fma_large/row71395.csv
Execution time: 25.155141592025757 seconds
metaTables/vocal_music_demucs_16k/metaData_fma_large/row71396.csv
Execution time: 25.76010251045227 seconds
metaTables/vocal_music_demucs_16k/metaData_fma_large/row71397.csv
Execution time: 25.255298614501953 seconds
metaTables/vocal_music_demucs_16k/metaData_fma_large/row71398.csv
Execution time: 24.412861347198486 seconds
metaTables/vocal_music_demucs_16k/metaData_fma_large/row71399.csv
Demucs voice recognition done!
