/ext3/demucs/lib/python3.9/site-packages/demucs/api.py:27: UserWarning: TorchAudio's global backend is now deprecated. Please enable distpatcher by setting `TORCHAUDIO_USE_BACKEND_DISPATCHER=1`, and specify backend when calling load/info/save function.
  import torchaudio as ta
2024-05-09 09:22:22.258587: I tensorflow/core/util/port.cc:113] oneDNN custom operations are on. You may see slightly different numerical results due to floating-point round-off errors from different computation orders. To turn them off, set the environment variable `TF_ENABLE_ONEDNN_OPTS=0`.
2024-05-09 09:22:23.210806: E external/local_xla/xla/stream_executor/cuda/cuda_dnn.cc:9261] Unable to register cuDNN factory: Attempting to register factory for plugin cuDNN when one has already been registered
2024-05-09 09:22:23.210843: E external/local_xla/xla/stream_executor/cuda/cuda_fft.cc:607] Unable to register cuFFT factory: Attempting to register factory for plugin cuFFT when one has already been registered
2024-05-09 09:22:23.229014: E external/local_xla/xla/stream_executor/cuda/cuda_blas.cc:1515] Unable to register cuBLAS factory: Attempting to register factory for plugin cuBLAS when one has already been registered
2024-05-09 09:22:23.269782: I tensorflow/core/platform/cpu_feature_guard.cc:182] This TensorFlow binary is optimized to use available CPU instructions in performance-critical operations.
To enable the following instructions: AVX2 AVX512F AVX512_VNNI FMA, in other operations, rebuild TensorFlow with the appropriate compiler flags.
2024-05-09 09:22:24.147943: W tensorflow/compiler/tf2tensorrt/utils/py_utils.cc:38] TF-TRT Warning: Could not find TensorRT
SKIPPING: metaTables/vocal_music_demucs_16k/metaData_fma_large/row83600.csv
SKIPPING: metaTables/vocal_music_demucs_16k/metaData_fma_large/row83601.csv
SKIPPING: metaTables/vocal_music_demucs_16k/metaData_fma_large/row83602.csv
SKIPPING: metaTables/vocal_music_demucs_16k/metaData_fma_large/row83603.csv
SKIPPING: metaTables/vocal_music_demucs_16k/metaData_fma_large/row83604.csv
SKIPPING: metaTables/vocal_music_demucs_16k/metaData_fma_large/row83605.csv
SKIPPING: metaTables/vocal_music_demucs_16k/metaData_fma_large/row83606.csv
SKIPPING: metaTables/vocal_music_demucs_16k/metaData_fma_large/row83607.csv
SKIPPING: metaTables/vocal_music_demucs_16k/metaData_fma_large/row83608.csv
SKIPPING: metaTables/vocal_music_demucs_16k/metaData_fma_large/row83609.csv
SKIPPING: metaTables/vocal_music_demucs_16k/metaData_fma_large/row83610.csv
SKIPPING: metaTables/vocal_music_demucs_16k/metaData_fma_large/row83611.csv
SKIPPING: metaTables/vocal_music_demucs_16k/metaData_fma_large/row83612.csv
SKIPPING: metaTables/vocal_music_demucs_16k/metaData_fma_large/row83613.csv
SKIPPING: metaTables/vocal_music_demucs_16k/metaData_fma_large/row83614.csv
SKIPPING: metaTables/vocal_music_demucs_16k/metaData_fma_large/row83615.csv
SKIPPING: metaTables/vocal_music_demucs_16k/metaData_fma_large/row83616.csv
SKIPPING: metaTables/vocal_music_demucs_16k/metaData_fma_large/row83617.csv
SKIPPING: metaTables/vocal_music_demucs_16k/metaData_fma_large/row83618.csv
SKIPPING: metaTables/vocal_music_demucs_16k/metaData_fma_large/row83619.csv
SKIPPING: metaTables/vocal_music_demucs_16k/metaData_fma_large/row83620.csv
SKIPPING: metaTables/vocal_music_demucs_16k/metaData_fma_large/row83621.csv
SKIPPING: metaTables/vocal_music_demucs_16k/metaData_fma_large/row83622.csv
SKIPPING: metaTables/vocal_music_demucs_16k/metaData_fma_large/row83623.csv
SKIPPING: metaTables/vocal_music_demucs_16k/metaData_fma_large/row83624.csv
SKIPPING: metaTables/vocal_music_demucs_16k/metaData_fma_large/row83625.csv
SKIPPING: metaTables/vocal_music_demucs_16k/metaData_fma_large/row83626.csv
SKIPPING: metaTables/vocal_music_demucs_16k/metaData_fma_large/row83627.csv
SKIPPING: metaTables/vocal_music_demucs_16k/metaData_fma_large/row83628.csv
SKIPPING: metaTables/vocal_music_demucs_16k/metaData_fma_large/row83629.csv
SKIPPING: metaTables/vocal_music_demucs_16k/metaData_fma_large/row83630.csv
SKIPPING: metaTables/vocal_music_demucs_16k/metaData_fma_large/row83631.csv
SKIPPING: metaTables/vocal_music_demucs_16k/metaData_fma_large/row83632.csv
SKIPPING: metaTables/vocal_music_demucs_16k/metaData_fma_large/row83633.csv
SKIPPING: metaTables/vocal_music_demucs_16k/metaData_fma_large/row83634.csv
SKIPPING: metaTables/vocal_music_demucs_16k/metaData_fma_large/row83635.csv
SKIPPING: metaTables/vocal_music_demucs_16k/metaData_fma_large/row83636.csv
SKIPPING: metaTables/vocal_music_demucs_16k/metaData_fma_large/row83637.csv
SKIPPING: metaTables/vocal_music_demucs_16k/metaData_fma_large/row83638.csv
SKIPPING: metaTables/vocal_music_demucs_16k/metaData_fma_large/row83639.csv
SKIPPING: metaTables/vocal_music_demucs_16k/metaData_fma_large/row83640.csv
SKIPPING: metaTables/vocal_music_demucs_16k/metaData_fma_large/row83641.csv
SKIPPING: metaTables/vocal_music_demucs_16k/metaData_fma_large/row83642.csv
SKIPPING: metaTables/vocal_music_demucs_16k/metaData_fma_large/row83643.csv
SKIPPING: metaTables/vocal_music_demucs_16k/metaData_fma_large/row83644.csv
SKIPPING: metaTables/vocal_music_demucs_16k/metaData_fma_large/row83645.csv
SKIPPING: metaTables/vocal_music_demucs_16k/metaData_fma_large/row83646.csv
SKIPPING: metaTables/vocal_music_demucs_16k/metaData_fma_large/row83647.csv
SKIPPING: metaTables/vocal_music_demucs_16k/metaData_fma_large/row83648.csv
SKIPPING: metaTables/vocal_music_demucs_16k/metaData_fma_large/row83649.csv
SKIPPING: metaTables/vocal_music_demucs_16k/metaData_fma_large/row83650.csv
SKIPPING: metaTables/vocal_music_demucs_16k/metaData_fma_large/row83651.csv
SKIPPING: metaTables/vocal_music_demucs_16k/metaData_fma_large/row83652.csv
SKIPPING: metaTables/vocal_music_demucs_16k/metaData_fma_large/row83653.csv
SKIPPING: metaTables/vocal_music_demucs_16k/metaData_fma_large/row83654.csv
SKIPPING: metaTables/vocal_music_demucs_16k/metaData_fma_large/row83655.csv
SKIPPING: metaTables/vocal_music_demucs_16k/metaData_fma_large/row83656.csv
SKIPPING: metaTables/vocal_music_demucs_16k/metaData_fma_large/row83657.csv
SKIPPING: metaTables/vocal_music_demucs_16k/metaData_fma_large/row83658.csv
SKIPPING: metaTables/vocal_music_demucs_16k/metaData_fma_large/row83659.csv
SKIPPING: metaTables/vocal_music_demucs_16k/metaData_fma_large/row83660.csv
SKIPPING: metaTables/vocal_music_demucs_16k/metaData_fma_large/row83661.csv
SKIPPING: metaTables/vocal_music_demucs_16k/metaData_fma_large/row83662.csv
SKIPPING: metaTables/vocal_music_demucs_16k/metaData_fma_large/row83663.csv
SKIPPING: metaTables/vocal_music_demucs_16k/metaData_fma_large/row83664.csv
SKIPPING: metaTables/vocal_music_demucs_16k/metaData_fma_large/row83665.csv
SKIPPING: metaTables/vocal_music_demucs_16k/metaData_fma_large/row83666.csv
SKIPPING: metaTables/vocal_music_demucs_16k/metaData_fma_large/row83667.csv
SKIPPING: metaTables/vocal_music_demucs_16k/metaData_fma_large/row83668.csv
SKIPPING: metaTables/vocal_music_demucs_16k/metaData_fma_large/row83669.csv
SKIPPING: metaTables/vocal_music_demucs_16k/metaData_fma_large/row83670.csv
SKIPPING: metaTables/vocal_music_demucs_16k/metaData_fma_large/row83671.csv
SKIPPING: metaTables/vocal_music_demucs_16k/metaData_fma_large/row83672.csv
SKIPPING: metaTables/vocal_music_demucs_16k/metaData_fma_large/row83673.csv
SKIPPING: metaTables/vocal_music_demucs_16k/metaData_fma_large/row83674.csv
SKIPPING: metaTables/vocal_music_demucs_16k/metaData_fma_large/row83675.csv
SKIPPING: metaTables/vocal_music_demucs_16k/metaData_fma_large/row83676.csv
SKIPPING: metaTables/vocal_music_demucs_16k/metaData_fma_large/row83677.csv
SKIPPING: metaTables/vocal_music_demucs_16k/metaData_fma_large/row83678.csv
SKIPPING: metaTables/vocal_music_demucs_16k/metaData_fma_large/row83679.csv
SKIPPING: metaTables/vocal_music_demucs_16k/metaData_fma_large/row83680.csv
SKIPPING: metaTables/vocal_music_demucs_16k/metaData_fma_large/row83681.csv
SKIPPING: metaTables/vocal_music_demucs_16k/metaData_fma_large/row83682.csv
SKIPPING: metaTables/vocal_music_demucs_16k/metaData_fma_large/row83683.csv
SKIPPING: metaTables/vocal_music_demucs_16k/metaData_fma_large/row83684.csv
SKIPPING: metaTables/vocal_music_demucs_16k/metaData_fma_large/row83685.csv
SKIPPING: metaTables/vocal_music_demucs_16k/metaData_fma_large/row83686.csv
SKIPPING: metaTables/vocal_music_demucs_16k/metaData_fma_large/row83687.csv
SKIPPING: metaTables/vocal_music_demucs_16k/metaData_fma_large/row83688.csv
SKIPPING: metaTables/vocal_music_demucs_16k/metaData_fma_large/row83689.csv
SKIPPING: metaTables/vocal_music_demucs_16k/metaData_fma_large/row83690.csv
SKIPPING: metaTables/vocal_music_demucs_16k/metaData_fma_large/row83691.csv
SKIPPING: metaTables/vocal_music_demucs_16k/metaData_fma_large/row83692.csv
SKIPPING: metaTables/vocal_music_demucs_16k/metaData_fma_large/row83693.csv
SKIPPING: metaTables/vocal_music_demucs_16k/metaData_fma_large/row83694.csv
SKIPPING: metaTables/vocal_music_demucs_16k/metaData_fma_large/row83695.csv
SKIPPING: metaTables/vocal_music_demucs_16k/metaData_fma_large/row83696.csv
SKIPPING: metaTables/vocal_music_demucs_16k/metaData_fma_large/row83697.csv
SKIPPING: metaTables/vocal_music_demucs_16k/metaData_fma_large/row83698.csv
SKIPPING: metaTables/vocal_music_demucs_16k/metaData_fma_large/row83699.csv
Demucs voice recognition done!
