/ext3/demucs/lib/python3.9/site-packages/demucs/api.py:27: UserWarning: TorchAudio's global backend is now deprecated. Please enable distpatcher by setting `TORCHAUDIO_USE_BACKEND_DISPATCHER=1`, and specify backend when calling load/info/save function.
  import torchaudio as ta
2024-05-09 09:20:47.815193: I tensorflow/core/util/port.cc:113] oneDNN custom operations are on. You may see slightly different numerical results due to floating-point round-off errors from different computation orders. To turn them off, set the environment variable `TF_ENABLE_ONEDNN_OPTS=0`.
2024-05-09 09:20:51.109255: E external/local_xla/xla/stream_executor/cuda/cuda_dnn.cc:9261] Unable to register cuDNN factory: Attempting to register factory for plugin cuDNN when one has already been registered
2024-05-09 09:20:51.109299: E external/local_xla/xla/stream_executor/cuda/cuda_fft.cc:607] Unable to register cuFFT factory: Attempting to register factory for plugin cuFFT when one has already been registered
2024-05-09 09:20:51.314850: E external/local_xla/xla/stream_executor/cuda/cuda_blas.cc:1515] Unable to register cuBLAS factory: Attempting to register factory for plugin cuBLAS when one has already been registered
2024-05-09 09:20:51.670352: I tensorflow/core/platform/cpu_feature_guard.cc:182] This TensorFlow binary is optimized to use available CPU instructions in performance-critical operations.
To enable the following instructions: AVX2 AVX512F AVX512_VNNI FMA, in other operations, rebuild TensorFlow with the appropriate compiler flags.
2024-05-09 09:20:54.537079: W tensorflow/compiler/tf2tensorrt/utils/py_utils.cc:38] TF-TRT Warning: Could not find TensorRT
SKIPPING: metaTables/vocal_music_demucs_16k/metaData_fma_large/row30200.csv
SKIPPING: metaTables/vocal_music_demucs_16k/metaData_fma_large/row30201.csv
SKIPPING: metaTables/vocal_music_demucs_16k/metaData_fma_large/row30202.csv
SKIPPING: metaTables/vocal_music_demucs_16k/metaData_fma_large/row30203.csv
SKIPPING: metaTables/vocal_music_demucs_16k/metaData_fma_large/row30204.csv
SKIPPING: metaTables/vocal_music_demucs_16k/metaData_fma_large/row30205.csv
SKIPPING: metaTables/vocal_music_demucs_16k/metaData_fma_large/row30206.csv
SKIPPING: metaTables/vocal_music_demucs_16k/metaData_fma_large/row30207.csv
SKIPPING: metaTables/vocal_music_demucs_16k/metaData_fma_large/row30208.csv
SKIPPING: metaTables/vocal_music_demucs_16k/metaData_fma_large/row30209.csv
SKIPPING: metaTables/vocal_music_demucs_16k/metaData_fma_large/row30210.csv
SKIPPING: metaTables/vocal_music_demucs_16k/metaData_fma_large/row30211.csv
SKIPPING: metaTables/vocal_music_demucs_16k/metaData_fma_large/row30212.csv
SKIPPING: metaTables/vocal_music_demucs_16k/metaData_fma_large/row30213.csv
SKIPPING: metaTables/vocal_music_demucs_16k/metaData_fma_large/row30214.csv
SKIPPING: metaTables/vocal_music_demucs_16k/metaData_fma_large/row30215.csv
SKIPPING: metaTables/vocal_music_demucs_16k/metaData_fma_large/row30216.csv
SKIPPING: metaTables/vocal_music_demucs_16k/metaData_fma_large/row30217.csv
SKIPPING: metaTables/vocal_music_demucs_16k/metaData_fma_large/row30218.csv
SKIPPING: metaTables/vocal_music_demucs_16k/metaData_fma_large/row30219.csv
SKIPPING: metaTables/vocal_music_demucs_16k/metaData_fma_large/row30220.csv
SKIPPING: metaTables/vocal_music_demucs_16k/metaData_fma_large/row30221.csv
SKIPPING: metaTables/vocal_music_demucs_16k/metaData_fma_large/row30222.csv
SKIPPING: metaTables/vocal_music_demucs_16k/metaData_fma_large/row30223.csv
SKIPPING: metaTables/vocal_music_demucs_16k/metaData_fma_large/row30224.csv
SKIPPING: metaTables/vocal_music_demucs_16k/metaData_fma_large/row30225.csv
SKIPPING: metaTables/vocal_music_demucs_16k/metaData_fma_large/row30226.csv
SKIPPING: metaTables/vocal_music_demucs_16k/metaData_fma_large/row30227.csv
SKIPPING: metaTables/vocal_music_demucs_16k/metaData_fma_large/row30228.csv
SKIPPING: metaTables/vocal_music_demucs_16k/metaData_fma_large/row30229.csv
SKIPPING: metaTables/vocal_music_demucs_16k/metaData_fma_large/row30230.csv
SKIPPING: metaTables/vocal_music_demucs_16k/metaData_fma_large/row30231.csv
SKIPPING: metaTables/vocal_music_demucs_16k/metaData_fma_large/row30232.csv
SKIPPING: metaTables/vocal_music_demucs_16k/metaData_fma_large/row30233.csv
SKIPPING: metaTables/vocal_music_demucs_16k/metaData_fma_large/row30234.csv
SKIPPING: metaTables/vocal_music_demucs_16k/metaData_fma_large/row30235.csv
SKIPPING: metaTables/vocal_music_demucs_16k/metaData_fma_large/row30236.csv
SKIPPING: metaTables/vocal_music_demucs_16k/metaData_fma_large/row30237.csv
SKIPPING: metaTables/vocal_music_demucs_16k/metaData_fma_large/row30238.csv
SKIPPING: metaTables/vocal_music_demucs_16k/metaData_fma_large/row30239.csv
SKIPPING: metaTables/vocal_music_demucs_16k/metaData_fma_large/row30240.csv
SKIPPING: metaTables/vocal_music_demucs_16k/metaData_fma_large/row30241.csv
SKIPPING: metaTables/vocal_music_demucs_16k/metaData_fma_large/row30242.csv
SKIPPING: metaTables/vocal_music_demucs_16k/metaData_fma_large/row30243.csv
SKIPPING: metaTables/vocal_music_demucs_16k/metaData_fma_large/row30244.csv
SKIPPING: metaTables/vocal_music_demucs_16k/metaData_fma_large/row30245.csv
SKIPPING: metaTables/vocal_music_demucs_16k/metaData_fma_large/row30246.csv
SKIPPING: metaTables/vocal_music_demucs_16k/metaData_fma_large/row30247.csv
SKIPPING: metaTables/vocal_music_demucs_16k/metaData_fma_large/row30248.csv
SKIPPING: metaTables/vocal_music_demucs_16k/metaData_fma_large/row30249.csv
SKIPPING: metaTables/vocal_music_demucs_16k/metaData_fma_large/row30250.csv
SKIPPING: metaTables/vocal_music_demucs_16k/metaData_fma_large/row30251.csv
SKIPPING: metaTables/vocal_music_demucs_16k/metaData_fma_large/row30252.csv
SKIPPING: metaTables/vocal_music_demucs_16k/metaData_fma_large/row30253.csv
SKIPPING: metaTables/vocal_music_demucs_16k/metaData_fma_large/row30254.csv
SKIPPING: metaTables/vocal_music_demucs_16k/metaData_fma_large/row30255.csv
SKIPPING: metaTables/vocal_music_demucs_16k/metaData_fma_large/row30256.csv
SKIPPING: metaTables/vocal_music_demucs_16k/metaData_fma_large/row30257.csv
SKIPPING: metaTables/vocal_music_demucs_16k/metaData_fma_large/row30258.csv
SKIPPING: metaTables/vocal_music_demucs_16k/metaData_fma_large/row30259.csv
SKIPPING: metaTables/vocal_music_demucs_16k/metaData_fma_large/row30260.csv
SKIPPING: metaTables/vocal_music_demucs_16k/metaData_fma_large/row30261.csv
SKIPPING: metaTables/vocal_music_demucs_16k/metaData_fma_large/row30262.csv
SKIPPING: metaTables/vocal_music_demucs_16k/metaData_fma_large/row30263.csv
SKIPPING: metaTables/vocal_music_demucs_16k/metaData_fma_large/row30264.csv
SKIPPING: metaTables/vocal_music_demucs_16k/metaData_fma_large/row30265.csv
SKIPPING: metaTables/vocal_music_demucs_16k/metaData_fma_large/row30266.csv
SKIPPING: metaTables/vocal_music_demucs_16k/metaData_fma_large/row30267.csv
SKIPPING: metaTables/vocal_music_demucs_16k/metaData_fma_large/row30268.csv
SKIPPING: metaTables/vocal_music_demucs_16k/metaData_fma_large/row30269.csv
SKIPPING: metaTables/vocal_music_demucs_16k/metaData_fma_large/row30270.csv
SKIPPING: metaTables/vocal_music_demucs_16k/metaData_fma_large/row30271.csv
SKIPPING: metaTables/vocal_music_demucs_16k/metaData_fma_large/row30272.csv
SKIPPING: metaTables/vocal_music_demucs_16k/metaData_fma_large/row30273.csv
SKIPPING: metaTables/vocal_music_demucs_16k/metaData_fma_large/row30274.csv
SKIPPING: metaTables/vocal_music_demucs_16k/metaData_fma_large/row30275.csv
SKIPPING: metaTables/vocal_music_demucs_16k/metaData_fma_large/row30276.csv
SKIPPING: metaTables/vocal_music_demucs_16k/metaData_fma_large/row30277.csv
SKIPPING: metaTables/vocal_music_demucs_16k/metaData_fma_large/row30278.csv
SKIPPING: metaTables/vocal_music_demucs_16k/metaData_fma_large/row30279.csv
SKIPPING: metaTables/vocal_music_demucs_16k/metaData_fma_large/row30280.csv
SKIPPING: metaTables/vocal_music_demucs_16k/metaData_fma_large/row30281.csv
SKIPPING: metaTables/vocal_music_demucs_16k/metaData_fma_large/row30282.csv
SKIPPING: metaTables/vocal_music_demucs_16k/metaData_fma_large/row30283.csv
SKIPPING: metaTables/vocal_music_demucs_16k/metaData_fma_large/row30284.csv
SKIPPING: metaTables/vocal_music_demucs_16k/metaData_fma_large/row30285.csv
SKIPPING: metaTables/vocal_music_demucs_16k/metaData_fma_large/row30286.csv
SKIPPING: metaTables/vocal_music_demucs_16k/metaData_fma_large/row30287.csv
SKIPPING: metaTables/vocal_music_demucs_16k/metaData_fma_large/row30288.csv
SKIPPING: metaTables/vocal_music_demucs_16k/metaData_fma_large/row30289.csv
SKIPPING: metaTables/vocal_music_demucs_16k/metaData_fma_large/row30290.csv
SKIPPING: metaTables/vocal_music_demucs_16k/metaData_fma_large/row30291.csv
SKIPPING: metaTables/vocal_music_demucs_16k/metaData_fma_large/row30292.csv
SKIPPING: metaTables/vocal_music_demucs_16k/metaData_fma_large/row30293.csv
SKIPPING: metaTables/vocal_music_demucs_16k/metaData_fma_large/row30294.csv
SKIPPING: metaTables/vocal_music_demucs_16k/metaData_fma_large/row30295.csv
SKIPPING: metaTables/vocal_music_demucs_16k/metaData_fma_large/row30296.csv
SKIPPING: metaTables/vocal_music_demucs_16k/metaData_fma_large/row30297.csv
SKIPPING: metaTables/vocal_music_demucs_16k/metaData_fma_large/row30298.csv
SKIPPING: metaTables/vocal_music_demucs_16k/metaData_fma_large/row30299.csv
Demucs voice recognition done!
