/ext3/demucs/lib/python3.9/site-packages/demucs/api.py:27: UserWarning: TorchAudio's global backend is now deprecated. Please enable distpatcher by setting `TORCHAUDIO_USE_BACKEND_DISPATCHER=1`, and specify backend when calling load/info/save function.
  import torchaudio as ta
2024-05-10 11:34:25.366464: I tensorflow/core/util/port.cc:113] oneDNN custom operations are on. You may see slightly different numerical results due to floating-point round-off errors from different computation orders. To turn them off, set the environment variable `TF_ENABLE_ONEDNN_OPTS=0`.
2024-05-10 11:34:26.702365: E external/local_xla/xla/stream_executor/cuda/cuda_dnn.cc:9261] Unable to register cuDNN factory: Attempting to register factory for plugin cuDNN when one has already been registered
2024-05-10 11:34:26.702406: E external/local_xla/xla/stream_executor/cuda/cuda_fft.cc:607] Unable to register cuFFT factory: Attempting to register factory for plugin cuFFT when one has already been registered
2024-05-10 11:34:26.801909: E external/local_xla/xla/stream_executor/cuda/cuda_blas.cc:1515] Unable to register cuBLAS factory: Attempting to register factory for plugin cuBLAS when one has already been registered
2024-05-10 11:34:26.942936: I tensorflow/core/platform/cpu_feature_guard.cc:182] This TensorFlow binary is optimized to use available CPU instructions in performance-critical operations.
To enable the following instructions: AVX2 AVX512F AVX512_VNNI FMA, in other operations, rebuild TensorFlow with the appropriate compiler flags.
2024-05-10 11:34:28.576376: W tensorflow/compiler/tf2tensorrt/utils/py_utils.cc:38] TF-TRT Warning: Could not find TensorRT
Execution time: 27.416520595550537 seconds
metaTables/vocal_music_demucs_16k/metaData_fma_large/row49800.csv
Execution time: 26.94155788421631 seconds
metaTables/vocal_music_demucs_16k/metaData_fma_large/row49801.csv
Execution time: 25.31688094139099 seconds
metaTables/vocal_music_demucs_16k/metaData_fma_large/row49802.csv
Execution time: 25.247344493865967 seconds
metaTables/vocal_music_demucs_16k/metaData_fma_large/row49803.csv
Execution time: 25.595078468322754 seconds
metaTables/vocal_music_demucs_16k/metaData_fma_large/row49804.csv
Execution time: 27.253005266189575 seconds
metaTables/vocal_music_demucs_16k/metaData_fma_large/row49805.csv
Execution time: 26.46385645866394 seconds
metaTables/vocal_music_demucs_16k/metaData_fma_large/row49806.csv
Execution time: 26.364420652389526 seconds
metaTables/vocal_music_demucs_16k/metaData_fma_large/row49807.csv
Execution time: 25.681239128112793 seconds
metaTables/vocal_music_demucs_16k/metaData_fma_large/row49808.csv
Execution time: 25.41435980796814 seconds
metaTables/vocal_music_demucs_16k/metaData_fma_large/row49809.csv
Execution time: 25.538608074188232 seconds
metaTables/vocal_music_demucs_16k/metaData_fma_large/row49810.csv
Execution time: 25.258150100708008 seconds
metaTables/vocal_music_demucs_16k/metaData_fma_large/row49811.csv
Execution time: 26.104762077331543 seconds
metaTables/vocal_music_demucs_16k/metaData_fma_large/row49812.csv
Execution time: 25.596558809280396 seconds
metaTables/vocal_music_demucs_16k/metaData_fma_large/row49813.csv
Execution time: 26.166380882263184 seconds
metaTables/vocal_music_demucs_16k/metaData_fma_large/row49814.csv
Execution time: 25.668496131896973 seconds
metaTables/vocal_music_demucs_16k/metaData_fma_large/row49815.csv
Execution time: 25.63067102432251 seconds
metaTables/vocal_music_demucs_16k/metaData_fma_large/row49816.csv
Execution time: 25.19867181777954 seconds
metaTables/vocal_music_demucs_16k/metaData_fma_large/row49817.csv
Execution time: 26.24514865875244 seconds
metaTables/vocal_music_demucs_16k/metaData_fma_large/row49818.csv
Execution time: 26.328348636627197 seconds
metaTables/vocal_music_demucs_16k/metaData_fma_large/row49819.csv
Execution time: 25.789328813552856 seconds
metaTables/vocal_music_demucs_16k/metaData_fma_large/row49820.csv
Execution time: 26.16368532180786 seconds
metaTables/vocal_music_demucs_16k/metaData_fma_large/row49821.csv
Execution time: 26.288114309310913 seconds
metaTables/vocal_music_demucs_16k/metaData_fma_large/row49822.csv
Execution time: 25.516262531280518 seconds
metaTables/vocal_music_demucs_16k/metaData_fma_large/row49823.csv
Execution time: 26.09949493408203 seconds
metaTables/vocal_music_demucs_16k/metaData_fma_large/row49824.csv
Execution time: 25.57434105873108 seconds
metaTables/vocal_music_demucs_16k/metaData_fma_large/row49825.csv
Execution time: 25.87531566619873 seconds
metaTables/vocal_music_demucs_16k/metaData_fma_large/row49826.csv
Execution time: 25.720166206359863 seconds
metaTables/vocal_music_demucs_16k/metaData_fma_large/row49827.csv
Execution time: 25.768166303634644 seconds
metaTables/vocal_music_demucs_16k/metaData_fma_large/row49828.csv
Execution time: 26.185359477996826 seconds
metaTables/vocal_music_demucs_16k/metaData_fma_large/row49829.csv
Execution time: 26.216951847076416 seconds
metaTables/vocal_music_demucs_16k/metaData_fma_large/row49830.csv
Execution time: 25.958609342575073 seconds
metaTables/vocal_music_demucs_16k/metaData_fma_large/row49831.csv
Execution time: 26.114945650100708 seconds
metaTables/vocal_music_demucs_16k/metaData_fma_large/row49832.csv
Execution time: 27.66446614265442 seconds
metaTables/vocal_music_demucs_16k/metaData_fma_large/row49833.csv
Execution time: 25.696919679641724 seconds
metaTables/vocal_music_demucs_16k/metaData_fma_large/row49834.csv
Execution time: 25.922462701797485 seconds
metaTables/vocal_music_demucs_16k/metaData_fma_large/row49835.csv
Execution time: 26.575891733169556 seconds
metaTables/vocal_music_demucs_16k/metaData_fma_large/row49836.csv
Execution time: 27.72490644454956 seconds
metaTables/vocal_music_demucs_16k/metaData_fma_large/row49837.csv
Execution time: 21.452439069747925 seconds
metaTables/vocal_music_demucs_16k/metaData_fma_large/row49838.csv
Execution time: 26.160996675491333 seconds
metaTables/vocal_music_demucs_16k/metaData_fma_large/row49839.csv
Execution time: 26.476577520370483 seconds
metaTables/vocal_music_demucs_16k/metaData_fma_large/row49840.csv
Execution time: 25.300498723983765 seconds
metaTables/vocal_music_demucs_16k/metaData_fma_large/row49841.csv
Execution time: 26.13441300392151 seconds
metaTables/vocal_music_demucs_16k/metaData_fma_large/row49842.csv
Execution time: 26.21386694908142 seconds
metaTables/vocal_music_demucs_16k/metaData_fma_large/row49843.csv
Execution time: 26.499693155288696 seconds
metaTables/vocal_music_demucs_16k/metaData_fma_large/row49844.csv
Execution time: 25.86737060546875 seconds
metaTables/vocal_music_demucs_16k/metaData_fma_large/row49845.csv
Execution time: 26.15038275718689 seconds
metaTables/vocal_music_demucs_16k/metaData_fma_large/row49846.csv
Execution time: 25.29268765449524 seconds
metaTables/vocal_music_demucs_16k/metaData_fma_large/row49847.csv
Execution time: 26.59817671775818 seconds
metaTables/vocal_music_demucs_16k/metaData_fma_large/row49848.csv
Execution time: 25.260846853256226 seconds
metaTables/vocal_music_demucs_16k/metaData_fma_large/row49849.csv
Execution time: 26.959843397140503 seconds
metaTables/vocal_music_demucs_16k/metaData_fma_large/row49850.csv
Execution time: 25.694448947906494 seconds
metaTables/vocal_music_demucs_16k/metaData_fma_large/row49851.csv
Execution time: 25.741036653518677 seconds
metaTables/vocal_music_demucs_16k/metaData_fma_large/row49852.csv
Execution time: 26.136646270751953 seconds
metaTables/vocal_music_demucs_16k/metaData_fma_large/row49853.csv
Execution time: 25.137231826782227 seconds
metaTables/vocal_music_demucs_16k/metaData_fma_large/row49854.csv
Execution time: 25.59930109977722 seconds
metaTables/vocal_music_demucs_16k/metaData_fma_large/row49855.csv
Execution time: 26.486473321914673 seconds
metaTables/vocal_music_demucs_16k/metaData_fma_large/row49856.csv
Execution time: 25.96280598640442 seconds
metaTables/vocal_music_demucs_16k/metaData_fma_large/row49857.csv
Execution time: 25.47162175178528 seconds
metaTables/vocal_music_demucs_16k/metaData_fma_large/row49858.csv
Execution time: 25.733866453170776 seconds
metaTables/vocal_music_demucs_16k/metaData_fma_large/row49859.csv
Execution time: 25.597648859024048 seconds
metaTables/vocal_music_demucs_16k/metaData_fma_large/row49860.csv
Execution time: 25.762299060821533 seconds
metaTables/vocal_music_demucs_16k/metaData_fma_large/row49861.csv
Execution time: 25.47134804725647 seconds
metaTables/vocal_music_demucs_16k/metaData_fma_large/row49862.csv
Execution time: 25.299596071243286 seconds
metaTables/vocal_music_demucs_16k/metaData_fma_large/row49863.csv
Execution time: 25.00995707511902 seconds
metaTables/vocal_music_demucs_16k/metaData_fma_large/row49864.csv
Execution time: 25.923103094100952 seconds
metaTables/vocal_music_demucs_16k/metaData_fma_large/row49865.csv
Execution time: 25.413493871688843 seconds
metaTables/vocal_music_demucs_16k/metaData_fma_large/row49866.csv
Execution time: 25.88932204246521 seconds
metaTables/vocal_music_demucs_16k/metaData_fma_large/row49867.csv
Execution time: 25.69780206680298 seconds
metaTables/vocal_music_demucs_16k/metaData_fma_large/row49868.csv
Execution time: 25.192077159881592 seconds
metaTables/vocal_music_demucs_16k/metaData_fma_large/row49869.csv
Execution time: 26.678794145584106 seconds
metaTables/vocal_music_demucs_16k/metaData_fma_large/row49870.csv
Execution time: 26.099019289016724 seconds
metaTables/vocal_music_demucs_16k/metaData_fma_large/row49871.csv
Execution time: 26.438395023345947 seconds
metaTables/vocal_music_demucs_16k/metaData_fma_large/row49872.csv
Execution time: 27.63291597366333 seconds
metaTables/vocal_music_demucs_16k/metaData_fma_large/row49873.csv
Execution time: 26.445555210113525 seconds
metaTables/vocal_music_demucs_16k/metaData_fma_large/row49874.csv
Execution time: 27.44711208343506 seconds
metaTables/vocal_music_demucs_16k/metaData_fma_large/row49875.csv
Execution time: 26.177067756652832 seconds
metaTables/vocal_music_demucs_16k/metaData_fma_large/row49876.csv
Execution time: 26.41249966621399 seconds
metaTables/vocal_music_demucs_16k/metaData_fma_large/row49877.csv
Execution time: 26.621796369552612 seconds
metaTables/vocal_music_demucs_16k/metaData_fma_large/row49878.csv
Execution time: 27.054155111312866 seconds
metaTables/vocal_music_demucs_16k/metaData_fma_large/row49879.csv
Execution time: 25.058687210083008 seconds
metaTables/vocal_music_demucs_16k/metaData_fma_large/row49880.csv
Execution time: 25.163846492767334 seconds
metaTables/vocal_music_demucs_16k/metaData_fma_large/row49881.csv
Execution time: 25.74725341796875 seconds
metaTables/vocal_music_demucs_16k/metaData_fma_large/row49882.csv
Execution time: 26.5613853931427 seconds
metaTables/vocal_music_demucs_16k/metaData_fma_large/row49883.csv
Execution time: 27.409590482711792 seconds
metaTables/vocal_music_demucs_16k/metaData_fma_large/row49884.csv
Execution time: 25.853914737701416 seconds
metaTables/vocal_music_demucs_16k/metaData_fma_large/row49885.csv
Execution time: 26.03554940223694 seconds
metaTables/vocal_music_demucs_16k/metaData_fma_large/row49886.csv
Execution time: 25.256909370422363 seconds
metaTables/vocal_music_demucs_16k/metaData_fma_large/row49887.csv
Execution time: 25.61810541152954 seconds
metaTables/vocal_music_demucs_16k/metaData_fma_large/row49888.csv
Execution time: 24.451579809188843 seconds
metaTables/vocal_music_demucs_16k/metaData_fma_large/row49889.csv
Execution time: 24.843406677246094 seconds
metaTables/vocal_music_demucs_16k/metaData_fma_large/row49890.csv
Execution time: 25.583325624465942 seconds
metaTables/vocal_music_demucs_16k/metaData_fma_large/row49891.csv
Execution time: 27.868894577026367 seconds
metaTables/vocal_music_demucs_16k/metaData_fma_large/row49892.csv
Execution time: 25.708361864089966 seconds
metaTables/vocal_music_demucs_16k/metaData_fma_large/row49893.csv
Execution time: 25.55278730392456 seconds
metaTables/vocal_music_demucs_16k/metaData_fma_large/row49894.csv
Execution time: 25.404253244400024 seconds
metaTables/vocal_music_demucs_16k/metaData_fma_large/row49895.csv
Execution time: 25.95741629600525 seconds
metaTables/vocal_music_demucs_16k/metaData_fma_large/row49896.csv
Execution time: 25.501518487930298 seconds
metaTables/vocal_music_demucs_16k/metaData_fma_large/row49897.csv
Execution time: 25.716333866119385 seconds
metaTables/vocal_music_demucs_16k/metaData_fma_large/row49898.csv
Execution time: 25.152027130126953 seconds
metaTables/vocal_music_demucs_16k/metaData_fma_large/row49899.csv
Demucs voice recognition done!
