/ext3/demucs/lib/python3.9/site-packages/demucs/api.py:27: UserWarning: TorchAudio's global backend is now deprecated. Please enable distpatcher by setting `TORCHAUDIO_USE_BACKEND_DISPATCHER=1`, and specify backend when calling load/info/save function.
  import torchaudio as ta
2024-05-09 09:23:21.333636: I tensorflow/core/util/port.cc:113] oneDNN custom operations are on. You may see slightly different numerical results due to floating-point round-off errors from different computation orders. To turn them off, set the environment variable `TF_ENABLE_ONEDNN_OPTS=0`.
2024-05-09 09:23:21.500242: E external/local_xla/xla/stream_executor/cuda/cuda_dnn.cc:9261] Unable to register cuDNN factory: Attempting to register factory for plugin cuDNN when one has already been registered
2024-05-09 09:23:21.500285: E external/local_xla/xla/stream_executor/cuda/cuda_fft.cc:607] Unable to register cuFFT factory: Attempting to register factory for plugin cuFFT when one has already been registered
2024-05-09 09:23:21.528411: E external/local_xla/xla/stream_executor/cuda/cuda_blas.cc:1515] Unable to register cuBLAS factory: Attempting to register factory for plugin cuBLAS when one has already been registered
2024-05-09 09:23:21.576740: I tensorflow/core/platform/cpu_feature_guard.cc:182] This TensorFlow binary is optimized to use available CPU instructions in performance-critical operations.
To enable the following instructions: AVX2 AVX512F AVX512_VNNI FMA, in other operations, rebuild TensorFlow with the appropriate compiler flags.
2024-05-09 09:23:22.458484: W tensorflow/compiler/tf2tensorrt/utils/py_utils.cc:38] TF-TRT Warning: Could not find TensorRT
SKIPPING: metaTables/vocal_music_demucs_16k/metaData_fma_large/row97500.csv
SKIPPING: metaTables/vocal_music_demucs_16k/metaData_fma_large/row97501.csv
SKIPPING: metaTables/vocal_music_demucs_16k/metaData_fma_large/row97502.csv
SKIPPING: metaTables/vocal_music_demucs_16k/metaData_fma_large/row97503.csv
SKIPPING: metaTables/vocal_music_demucs_16k/metaData_fma_large/row97504.csv
SKIPPING: metaTables/vocal_music_demucs_16k/metaData_fma_large/row97505.csv
SKIPPING: metaTables/vocal_music_demucs_16k/metaData_fma_large/row97506.csv
SKIPPING: metaTables/vocal_music_demucs_16k/metaData_fma_large/row97507.csv
SKIPPING: metaTables/vocal_music_demucs_16k/metaData_fma_large/row97508.csv
SKIPPING: metaTables/vocal_music_demucs_16k/metaData_fma_large/row97509.csv
SKIPPING: metaTables/vocal_music_demucs_16k/metaData_fma_large/row97510.csv
SKIPPING: metaTables/vocal_music_demucs_16k/metaData_fma_large/row97511.csv
SKIPPING: metaTables/vocal_music_demucs_16k/metaData_fma_large/row97512.csv
SKIPPING: metaTables/vocal_music_demucs_16k/metaData_fma_large/row97513.csv
SKIPPING: metaTables/vocal_music_demucs_16k/metaData_fma_large/row97514.csv
SKIPPING: metaTables/vocal_music_demucs_16k/metaData_fma_large/row97515.csv
SKIPPING: metaTables/vocal_music_demucs_16k/metaData_fma_large/row97516.csv
SKIPPING: metaTables/vocal_music_demucs_16k/metaData_fma_large/row97517.csv
SKIPPING: metaTables/vocal_music_demucs_16k/metaData_fma_large/row97518.csv
SKIPPING: metaTables/vocal_music_demucs_16k/metaData_fma_large/row97519.csv
SKIPPING: metaTables/vocal_music_demucs_16k/metaData_fma_large/row97520.csv
SKIPPING: metaTables/vocal_music_demucs_16k/metaData_fma_large/row97521.csv
SKIPPING: metaTables/vocal_music_demucs_16k/metaData_fma_large/row97522.csv
SKIPPING: metaTables/vocal_music_demucs_16k/metaData_fma_large/row97523.csv
SKIPPING: metaTables/vocal_music_demucs_16k/metaData_fma_large/row97524.csv
SKIPPING: metaTables/vocal_music_demucs_16k/metaData_fma_large/row97525.csv
SKIPPING: metaTables/vocal_music_demucs_16k/metaData_fma_large/row97526.csv
SKIPPING: metaTables/vocal_music_demucs_16k/metaData_fma_large/row97527.csv
SKIPPING: metaTables/vocal_music_demucs_16k/metaData_fma_large/row97528.csv
SKIPPING: metaTables/vocal_music_demucs_16k/metaData_fma_large/row97529.csv
SKIPPING: metaTables/vocal_music_demucs_16k/metaData_fma_large/row97530.csv
SKIPPING: metaTables/vocal_music_demucs_16k/metaData_fma_large/row97531.csv
SKIPPING: metaTables/vocal_music_demucs_16k/metaData_fma_large/row97532.csv
SKIPPING: metaTables/vocal_music_demucs_16k/metaData_fma_large/row97533.csv
SKIPPING: metaTables/vocal_music_demucs_16k/metaData_fma_large/row97534.csv
SKIPPING: metaTables/vocal_music_demucs_16k/metaData_fma_large/row97535.csv
SKIPPING: metaTables/vocal_music_demucs_16k/metaData_fma_large/row97536.csv
SKIPPING: metaTables/vocal_music_demucs_16k/metaData_fma_large/row97537.csv
SKIPPING: metaTables/vocal_music_demucs_16k/metaData_fma_large/row97538.csv
SKIPPING: metaTables/vocal_music_demucs_16k/metaData_fma_large/row97539.csv
SKIPPING: metaTables/vocal_music_demucs_16k/metaData_fma_large/row97540.csv
SKIPPING: metaTables/vocal_music_demucs_16k/metaData_fma_large/row97541.csv
SKIPPING: metaTables/vocal_music_demucs_16k/metaData_fma_large/row97542.csv
SKIPPING: metaTables/vocal_music_demucs_16k/metaData_fma_large/row97543.csv
SKIPPING: metaTables/vocal_music_demucs_16k/metaData_fma_large/row97544.csv
SKIPPING: metaTables/vocal_music_demucs_16k/metaData_fma_large/row97545.csv
SKIPPING: metaTables/vocal_music_demucs_16k/metaData_fma_large/row97546.csv
SKIPPING: metaTables/vocal_music_demucs_16k/metaData_fma_large/row97547.csv
SKIPPING: metaTables/vocal_music_demucs_16k/metaData_fma_large/row97548.csv
SKIPPING: metaTables/vocal_music_demucs_16k/metaData_fma_large/row97549.csv
SKIPPING: metaTables/vocal_music_demucs_16k/metaData_fma_large/row97550.csv
SKIPPING: metaTables/vocal_music_demucs_16k/metaData_fma_large/row97551.csv
SKIPPING: metaTables/vocal_music_demucs_16k/metaData_fma_large/row97552.csv
SKIPPING: metaTables/vocal_music_demucs_16k/metaData_fma_large/row97553.csv
SKIPPING: metaTables/vocal_music_demucs_16k/metaData_fma_large/row97554.csv
SKIPPING: metaTables/vocal_music_demucs_16k/metaData_fma_large/row97555.csv
SKIPPING: metaTables/vocal_music_demucs_16k/metaData_fma_large/row97556.csv
SKIPPING: metaTables/vocal_music_demucs_16k/metaData_fma_large/row97557.csv
SKIPPING: metaTables/vocal_music_demucs_16k/metaData_fma_large/row97558.csv
SKIPPING: metaTables/vocal_music_demucs_16k/metaData_fma_large/row97559.csv
SKIPPING: metaTables/vocal_music_demucs_16k/metaData_fma_large/row97560.csv
SKIPPING: metaTables/vocal_music_demucs_16k/metaData_fma_large/row97561.csv
SKIPPING: metaTables/vocal_music_demucs_16k/metaData_fma_large/row97562.csv
SKIPPING: metaTables/vocal_music_demucs_16k/metaData_fma_large/row97563.csv
SKIPPING: metaTables/vocal_music_demucs_16k/metaData_fma_large/row97564.csv
SKIPPING: metaTables/vocal_music_demucs_16k/metaData_fma_large/row97565.csv
SKIPPING: metaTables/vocal_music_demucs_16k/metaData_fma_large/row97566.csv
SKIPPING: metaTables/vocal_music_demucs_16k/metaData_fma_large/row97567.csv
SKIPPING: metaTables/vocal_music_demucs_16k/metaData_fma_large/row97568.csv
SKIPPING: metaTables/vocal_music_demucs_16k/metaData_fma_large/row97569.csv
SKIPPING: metaTables/vocal_music_demucs_16k/metaData_fma_large/row97570.csv
SKIPPING: metaTables/vocal_music_demucs_16k/metaData_fma_large/row97571.csv
SKIPPING: metaTables/vocal_music_demucs_16k/metaData_fma_large/row97572.csv
SKIPPING: metaTables/vocal_music_demucs_16k/metaData_fma_large/row97573.csv
SKIPPING: metaTables/vocal_music_demucs_16k/metaData_fma_large/row97574.csv
SKIPPING: metaTables/vocal_music_demucs_16k/metaData_fma_large/row97575.csv
SKIPPING: metaTables/vocal_music_demucs_16k/metaData_fma_large/row97576.csv
SKIPPING: metaTables/vocal_music_demucs_16k/metaData_fma_large/row97577.csv
SKIPPING: metaTables/vocal_music_demucs_16k/metaData_fma_large/row97578.csv
SKIPPING: metaTables/vocal_music_demucs_16k/metaData_fma_large/row97579.csv
SKIPPING: metaTables/vocal_music_demucs_16k/metaData_fma_large/row97580.csv
SKIPPING: metaTables/vocal_music_demucs_16k/metaData_fma_large/row97581.csv
SKIPPING: metaTables/vocal_music_demucs_16k/metaData_fma_large/row97582.csv
SKIPPING: metaTables/vocal_music_demucs_16k/metaData_fma_large/row97583.csv
SKIPPING: metaTables/vocal_music_demucs_16k/metaData_fma_large/row97584.csv
SKIPPING: metaTables/vocal_music_demucs_16k/metaData_fma_large/row97585.csv
SKIPPING: metaTables/vocal_music_demucs_16k/metaData_fma_large/row97586.csv
SKIPPING: metaTables/vocal_music_demucs_16k/metaData_fma_large/row97587.csv
SKIPPING: metaTables/vocal_music_demucs_16k/metaData_fma_large/row97588.csv
SKIPPING: metaTables/vocal_music_demucs_16k/metaData_fma_large/row97589.csv
SKIPPING: metaTables/vocal_music_demucs_16k/metaData_fma_large/row97590.csv
SKIPPING: metaTables/vocal_music_demucs_16k/metaData_fma_large/row97591.csv
SKIPPING: metaTables/vocal_music_demucs_16k/metaData_fma_large/row97592.csv
SKIPPING: metaTables/vocal_music_demucs_16k/metaData_fma_large/row97593.csv
SKIPPING: metaTables/vocal_music_demucs_16k/metaData_fma_large/row97594.csv
SKIPPING: metaTables/vocal_music_demucs_16k/metaData_fma_large/row97595.csv
SKIPPING: metaTables/vocal_music_demucs_16k/metaData_fma_large/row97596.csv
SKIPPING: metaTables/vocal_music_demucs_16k/metaData_fma_large/row97597.csv
SKIPPING: metaTables/vocal_music_demucs_16k/metaData_fma_large/row97598.csv
SKIPPING: metaTables/vocal_music_demucs_16k/metaData_fma_large/row97599.csv
Demucs voice recognition done!
