/ext3/demucs/lib/python3.9/site-packages/demucs/api.py:27: UserWarning: TorchAudio's global backend is now deprecated. Please enable distpatcher by setting `TORCHAUDIO_USE_BACKEND_DISPATCHER=1`, and specify backend when calling load/info/save function.
  import torchaudio as ta
2024-05-08 23:36:44.076010: I tensorflow/core/util/port.cc:113] oneDNN custom operations are on. You may see slightly different numerical results due to floating-point round-off errors from different computation orders. To turn them off, set the environment variable `TF_ENABLE_ONEDNN_OPTS=0`.
2024-05-08 23:36:47.239461: E external/local_xla/xla/stream_executor/cuda/cuda_dnn.cc:9261] Unable to register cuDNN factory: Attempting to register factory for plugin cuDNN when one has already been registered
2024-05-08 23:36:47.239498: E external/local_xla/xla/stream_executor/cuda/cuda_fft.cc:607] Unable to register cuFFT factory: Attempting to register factory for plugin cuFFT when one has already been registered
2024-05-08 23:36:47.611817: E external/local_xla/xla/stream_executor/cuda/cuda_blas.cc:1515] Unable to register cuBLAS factory: Attempting to register factory for plugin cuBLAS when one has already been registered
2024-05-08 23:36:47.955842: I tensorflow/core/platform/cpu_feature_guard.cc:182] This TensorFlow binary is optimized to use available CPU instructions in performance-critical operations.
To enable the following instructions: AVX2 AVX512F AVX512_VNNI FMA, in other operations, rebuild TensorFlow with the appropriate compiler flags.
2024-05-08 23:36:51.272576: W tensorflow/compiler/tf2tensorrt/utils/py_utils.cc:38] TF-TRT Warning: Could not find TensorRT
Execution time: 28.154769897460938 seconds
metaTables/vocal_music_demucs_16k/metaData_fma_large/row52700.csv
Execution time: 27.058844804763794 seconds
metaTables/vocal_music_demucs_16k/metaData_fma_large/row52701.csv
Execution time: 25.598886489868164 seconds
metaTables/vocal_music_demucs_16k/metaData_fma_large/row52702.csv
Execution time: 25.686243057250977 seconds
metaTables/vocal_music_demucs_16k/metaData_fma_large/row52703.csv
Execution time: 25.105510473251343 seconds
metaTables/vocal_music_demucs_16k/metaData_fma_large/row52704.csv
Execution time: 26.159076690673828 seconds
metaTables/vocal_music_demucs_16k/metaData_fma_large/row52705.csv
Execution time: 24.9291832447052 seconds
metaTables/vocal_music_demucs_16k/metaData_fma_large/row52706.csv
Execution time: 26.38826608657837 seconds
metaTables/vocal_music_demucs_16k/metaData_fma_large/row52707.csv
Execution time: 26.935033798217773 seconds
metaTables/vocal_music_demucs_16k/metaData_fma_large/row52708.csv
Execution time: 25.783188819885254 seconds
metaTables/vocal_music_demucs_16k/metaData_fma_large/row52709.csv
Execution time: 26.16300678253174 seconds
metaTables/vocal_music_demucs_16k/metaData_fma_large/row52710.csv
Execution time: 26.673933506011963 seconds
metaTables/vocal_music_demucs_16k/metaData_fma_large/row52711.csv
Execution time: 26.106482982635498 seconds
metaTables/vocal_music_demucs_16k/metaData_fma_large/row52712.csv
Execution time: 26.42207908630371 seconds
metaTables/vocal_music_demucs_16k/metaData_fma_large/row52713.csv
Execution time: 25.461239337921143 seconds
metaTables/vocal_music_demucs_16k/metaData_fma_large/row52714.csv
Execution time: 25.39464569091797 seconds
metaTables/vocal_music_demucs_16k/metaData_fma_large/row52715.csv
Execution time: 26.206737279891968 seconds
metaTables/vocal_music_demucs_16k/metaData_fma_large/row52716.csv
Execution time: 25.595301628112793 seconds
metaTables/vocal_music_demucs_16k/metaData_fma_large/row52717.csv
Execution time: 26.93638277053833 seconds
metaTables/vocal_music_demucs_16k/metaData_fma_large/row52718.csv
Execution time: 26.32589292526245 seconds
metaTables/vocal_music_demucs_16k/metaData_fma_large/row52719.csv
Execution time: 26.240338563919067 seconds
metaTables/vocal_music_demucs_16k/metaData_fma_large/row52720.csv
Execution time: 26.274295330047607 seconds
metaTables/vocal_music_demucs_16k/metaData_fma_large/row52721.csv
Execution time: 25.98257303237915 seconds
metaTables/vocal_music_demucs_16k/metaData_fma_large/row52722.csv
Execution time: 25.803093671798706 seconds
metaTables/vocal_music_demucs_16k/metaData_fma_large/row52723.csv
Execution time: 25.583273887634277 seconds
metaTables/vocal_music_demucs_16k/metaData_fma_large/row52724.csv
Execution time: 26.392637968063354 seconds
metaTables/vocal_music_demucs_16k/metaData_fma_large/row52725.csv
Execution time: 25.840356588363647 seconds
metaTables/vocal_music_demucs_16k/metaData_fma_large/row52726.csv
Execution time: 27.299240827560425 seconds
metaTables/vocal_music_demucs_16k/metaData_fma_large/row52727.csv
Execution time: 25.716225624084473 seconds
metaTables/vocal_music_demucs_16k/metaData_fma_large/row52728.csv
Execution time: 25.703031301498413 seconds
metaTables/vocal_music_demucs_16k/metaData_fma_large/row52729.csv
Execution time: 25.418320655822754 seconds
metaTables/vocal_music_demucs_16k/metaData_fma_large/row52730.csv
Execution time: 27.422332048416138 seconds
metaTables/vocal_music_demucs_16k/metaData_fma_large/row52731.csv
Execution time: 26.572107076644897 seconds
metaTables/vocal_music_demucs_16k/metaData_fma_large/row52732.csv
Execution time: 25.656638622283936 seconds
metaTables/vocal_music_demucs_16k/metaData_fma_large/row52733.csv
Execution time: 25.0963933467865 seconds
metaTables/vocal_music_demucs_16k/metaData_fma_large/row52734.csv
Execution time: 25.71765637397766 seconds
metaTables/vocal_music_demucs_16k/metaData_fma_large/row52735.csv
Execution time: 25.21211266517639 seconds
metaTables/vocal_music_demucs_16k/metaData_fma_large/row52736.csv
Execution time: 25.353960514068604 seconds
metaTables/vocal_music_demucs_16k/metaData_fma_large/row52737.csv
Execution time: 26.190659761428833 seconds
metaTables/vocal_music_demucs_16k/metaData_fma_large/row52738.csv
Execution time: 26.96711778640747 seconds
metaTables/vocal_music_demucs_16k/metaData_fma_large/row52739.csv
Execution time: 25.47204852104187 seconds
metaTables/vocal_music_demucs_16k/metaData_fma_large/row52740.csv
Execution time: 24.91423535346985 seconds
metaTables/vocal_music_demucs_16k/metaData_fma_large/row52741.csv
Execution time: 26.36023473739624 seconds
metaTables/vocal_music_demucs_16k/metaData_fma_large/row52742.csv
Execution time: 27.503256797790527 seconds
metaTables/vocal_music_demucs_16k/metaData_fma_large/row52743.csv
Execution time: 25.542179584503174 seconds
metaTables/vocal_music_demucs_16k/metaData_fma_large/row52744.csv
Execution time: 26.48933696746826 seconds
metaTables/vocal_music_demucs_16k/metaData_fma_large/row52745.csv
Execution time: 25.758028745651245 seconds
metaTables/vocal_music_demucs_16k/metaData_fma_large/row52746.csv
Execution time: 25.09851861000061 seconds
metaTables/vocal_music_demucs_16k/metaData_fma_large/row52747.csv
Execution time: 25.95604681968689 seconds
metaTables/vocal_music_demucs_16k/metaData_fma_large/row52748.csv
Execution time: 26.259187936782837 seconds
metaTables/vocal_music_demucs_16k/metaData_fma_large/row52749.csv
Execution time: 25.99766492843628 seconds
metaTables/vocal_music_demucs_16k/metaData_fma_large/row52750.csv
Execution time: 25.845561981201172 seconds
metaTables/vocal_music_demucs_16k/metaData_fma_large/row52751.csv
Execution time: 26.10358715057373 seconds
metaTables/vocal_music_demucs_16k/metaData_fma_large/row52752.csv
Execution time: 25.375917434692383 seconds
metaTables/vocal_music_demucs_16k/metaData_fma_large/row52753.csv
Execution time: 26.711324214935303 seconds
metaTables/vocal_music_demucs_16k/metaData_fma_large/row52754.csv
Execution time: 25.62444257736206 seconds
metaTables/vocal_music_demucs_16k/metaData_fma_large/row52755.csv
Execution time: 25.05845832824707 seconds
metaTables/vocal_music_demucs_16k/metaData_fma_large/row52756.csv
Execution time: 27.112009048461914 seconds
metaTables/vocal_music_demucs_16k/metaData_fma_large/row52757.csv
Execution time: 26.1691677570343 seconds
metaTables/vocal_music_demucs_16k/metaData_fma_large/row52758.csv
Execution time: 25.41704511642456 seconds
metaTables/vocal_music_demucs_16k/metaData_fma_large/row52759.csv
Execution time: 25.953835487365723 seconds
metaTables/vocal_music_demucs_16k/metaData_fma_large/row52760.csv
Execution time: 26.120600700378418 seconds
metaTables/vocal_music_demucs_16k/metaData_fma_large/row52761.csv
Execution time: 26.332444190979004 seconds
metaTables/vocal_music_demucs_16k/metaData_fma_large/row52762.csv
Execution time: 25.126136779785156 seconds
metaTables/vocal_music_demucs_16k/metaData_fma_large/row52763.csv
Execution time: 26.91475534439087 seconds
metaTables/vocal_music_demucs_16k/metaData_fma_large/row52764.csv
Execution time: 26.508721113204956 seconds
metaTables/vocal_music_demucs_16k/metaData_fma_large/row52765.csv
Execution time: 25.83065938949585 seconds
metaTables/vocal_music_demucs_16k/metaData_fma_large/row52766.csv
Execution time: 25.61534881591797 seconds
metaTables/vocal_music_demucs_16k/metaData_fma_large/row52767.csv
Execution time: 26.122093200683594 seconds
metaTables/vocal_music_demucs_16k/metaData_fma_large/row52768.csv
Execution time: 26.576317310333252 seconds
metaTables/vocal_music_demucs_16k/metaData_fma_large/row52769.csv
Execution time: 26.462485313415527 seconds
metaTables/vocal_music_demucs_16k/metaData_fma_large/row52770.csv
Execution time: 26.08060336112976 seconds
metaTables/vocal_music_demucs_16k/metaData_fma_large/row52771.csv
Execution time: 26.058828353881836 seconds
metaTables/vocal_music_demucs_16k/metaData_fma_large/row52772.csv
Execution time: 25.805543899536133 seconds
metaTables/vocal_music_demucs_16k/metaData_fma_large/row52773.csv
Execution time: 26.850636959075928 seconds
metaTables/vocal_music_demucs_16k/metaData_fma_large/row52774.csv
Execution time: 26.64557671546936 seconds
metaTables/vocal_music_demucs_16k/metaData_fma_large/row52775.csv
Execution time: 26.095712661743164 seconds
metaTables/vocal_music_demucs_16k/metaData_fma_large/row52776.csv
Execution time: 26.522393941879272 seconds
metaTables/vocal_music_demucs_16k/metaData_fma_large/row52777.csv
Execution time: 26.605053901672363 seconds
metaTables/vocal_music_demucs_16k/metaData_fma_large/row52778.csv
Execution time: 26.433362007141113 seconds
metaTables/vocal_music_demucs_16k/metaData_fma_large/row52779.csv
Execution time: 26.93507719039917 seconds
metaTables/vocal_music_demucs_16k/metaData_fma_large/row52780.csv
Execution time: 26.197805404663086 seconds
metaTables/vocal_music_demucs_16k/metaData_fma_large/row52781.csv
Execution time: 25.611727714538574 seconds
metaTables/vocal_music_demucs_16k/metaData_fma_large/row52782.csv
Execution time: 21.72111439704895 seconds
metaTables/vocal_music_demucs_16k/metaData_fma_large/row52783.csv
Execution time: 25.584070205688477 seconds
metaTables/vocal_music_demucs_16k/metaData_fma_large/row52784.csv
Execution time: 23.855436086654663 seconds
metaTables/vocal_music_demucs_16k/metaData_fma_large/row52785.csv
Execution time: 26.19262957572937 seconds
metaTables/vocal_music_demucs_16k/metaData_fma_large/row52786.csv
Execution time: 27.278337955474854 seconds
metaTables/vocal_music_demucs_16k/metaData_fma_large/row52787.csv
Execution time: 27.0892813205719 seconds
metaTables/vocal_music_demucs_16k/metaData_fma_large/row52788.csv
Execution time: 26.509799242019653 seconds
metaTables/vocal_music_demucs_16k/metaData_fma_large/row52789.csv
Execution time: 26.22714900970459 seconds
metaTables/vocal_music_demucs_16k/metaData_fma_large/row52790.csv
Execution time: 26.00663709640503 seconds
metaTables/vocal_music_demucs_16k/metaData_fma_large/row52791.csv
Execution time: 26.57634449005127 seconds
metaTables/vocal_music_demucs_16k/metaData_fma_large/row52792.csv
Execution time: 25.631876468658447 seconds
metaTables/vocal_music_demucs_16k/metaData_fma_large/row52793.csv
Execution time: 27.5015389919281 seconds
metaTables/vocal_music_demucs_16k/metaData_fma_large/row52794.csv
Execution time: 26.510036945343018 seconds
metaTables/vocal_music_demucs_16k/metaData_fma_large/row52795.csv
Execution time: 26.25905179977417 seconds
metaTables/vocal_music_demucs_16k/metaData_fma_large/row52796.csv
Execution time: 26.754595041275024 seconds
metaTables/vocal_music_demucs_16k/metaData_fma_large/row52797.csv
Execution time: 25.983810663223267 seconds
metaTables/vocal_music_demucs_16k/metaData_fma_large/row52798.csv
Execution time: 26.751870155334473 seconds
metaTables/vocal_music_demucs_16k/metaData_fma_large/row52799.csv
Demucs voice recognition done!
