/ext3/demucs/lib/python3.9/site-packages/demucs/api.py:27: UserWarning: TorchAudio's global backend is now deprecated. Please enable distpatcher by setting `TORCHAUDIO_USE_BACKEND_DISPATCHER=1`, and specify backend when calling load/info/save function.
  import torchaudio as ta
2024-05-10 11:34:25.462805: I tensorflow/core/util/port.cc:113] oneDNN custom operations are on. You may see slightly different numerical results due to floating-point round-off errors from different computation orders. To turn them off, set the environment variable `TF_ENABLE_ONEDNN_OPTS=0`.
2024-05-10 11:34:26.698479: E external/local_xla/xla/stream_executor/cuda/cuda_dnn.cc:9261] Unable to register cuDNN factory: Attempting to register factory for plugin cuDNN when one has already been registered
2024-05-10 11:34:26.698516: E external/local_xla/xla/stream_executor/cuda/cuda_fft.cc:607] Unable to register cuFFT factory: Attempting to register factory for plugin cuFFT when one has already been registered
2024-05-10 11:34:26.812597: E external/local_xla/xla/stream_executor/cuda/cuda_blas.cc:1515] Unable to register cuBLAS factory: Attempting to register factory for plugin cuBLAS when one has already been registered
2024-05-10 11:34:27.008752: I tensorflow/core/platform/cpu_feature_guard.cc:182] This TensorFlow binary is optimized to use available CPU instructions in performance-critical operations.
To enable the following instructions: AVX2 AVX512F AVX512_VNNI FMA, in other operations, rebuild TensorFlow with the appropriate compiler flags.
2024-05-10 11:34:28.570142: W tensorflow/compiler/tf2tensorrt/utils/py_utils.cc:38] TF-TRT Warning: Could not find TensorRT
[src/libmpg123/layer3.c:INT123_do_layer3():1801] error: dequantization failed!
Execution time: 31.557332754135132 seconds
metaTables/vocal_music_demucs_16k/metaData_fma_large/row70000.csv
Execution time: 28.29738688468933 seconds
metaTables/vocal_music_demucs_16k/metaData_fma_large/row70001.csv
Execution time: 27.41765594482422 seconds
metaTables/vocal_music_demucs_16k/metaData_fma_large/row70002.csv
Execution time: 29.610292434692383 seconds
metaTables/vocal_music_demucs_16k/metaData_fma_large/row70003.csv
Execution time: 27.975715398788452 seconds
metaTables/vocal_music_demucs_16k/metaData_fma_large/row70004.csv
Execution time: 28.49230647087097 seconds
metaTables/vocal_music_demucs_16k/metaData_fma_large/row70005.csv
Execution time: 14.701552391052246 seconds
metaTables/vocal_music_demucs_16k/metaData_fma_large/row70006.csv
Execution time: 28.893847227096558 seconds
metaTables/vocal_music_demucs_16k/metaData_fma_large/row70007.csv
Execution time: 28.96288561820984 seconds
metaTables/vocal_music_demucs_16k/metaData_fma_large/row70008.csv
Execution time: 27.95306897163391 seconds
metaTables/vocal_music_demucs_16k/metaData_fma_large/row70009.csv
Execution time: 27.206333875656128 seconds
metaTables/vocal_music_demucs_16k/metaData_fma_large/row70010.csv
Execution time: 27.962640523910522 seconds
metaTables/vocal_music_demucs_16k/metaData_fma_large/row70011.csv
Execution time: 29.809661388397217 seconds
metaTables/vocal_music_demucs_16k/metaData_fma_large/row70012.csv
Execution time: 28.65975308418274 seconds
metaTables/vocal_music_demucs_16k/metaData_fma_large/row70013.csv
Execution time: 28.751408576965332 seconds
metaTables/vocal_music_demucs_16k/metaData_fma_large/row70014.csv
Execution time: 28.093649864196777 seconds
metaTables/vocal_music_demucs_16k/metaData_fma_large/row70015.csv
Execution time: 28.72430968284607 seconds
metaTables/vocal_music_demucs_16k/metaData_fma_large/row70016.csv
Execution time: 27.711525201797485 seconds
metaTables/vocal_music_demucs_16k/metaData_fma_large/row70017.csv
Execution time: 29.424769639968872 seconds
metaTables/vocal_music_demucs_16k/metaData_fma_large/row70018.csv
Execution time: 28.66326141357422 seconds
metaTables/vocal_music_demucs_16k/metaData_fma_large/row70019.csv
Execution time: 28.433130741119385 seconds
metaTables/vocal_music_demucs_16k/metaData_fma_large/row70020.csv
Execution time: 29.03999400138855 seconds
metaTables/vocal_music_demucs_16k/metaData_fma_large/row70021.csv
Execution time: 28.4264235496521 seconds
metaTables/vocal_music_demucs_16k/metaData_fma_large/row70022.csv
Execution time: 28.30033254623413 seconds
metaTables/vocal_music_demucs_16k/metaData_fma_large/row70023.csv
Execution time: 28.114808559417725 seconds
metaTables/vocal_music_demucs_16k/metaData_fma_large/row70024.csv
Execution time: 28.146956205368042 seconds
metaTables/vocal_music_demucs_16k/metaData_fma_large/row70025.csv
Execution time: 28.17874002456665 seconds
metaTables/vocal_music_demucs_16k/metaData_fma_large/row70026.csv
Execution time: 28.527207374572754 seconds
metaTables/vocal_music_demucs_16k/metaData_fma_large/row70027.csv
Execution time: 28.097885370254517 seconds
metaTables/vocal_music_demucs_16k/metaData_fma_large/row70028.csv
Execution time: 29.72166132926941 seconds
metaTables/vocal_music_demucs_16k/metaData_fma_large/row70029.csv
Execution time: 27.957475185394287 seconds
metaTables/vocal_music_demucs_16k/metaData_fma_large/row70030.csv
Execution time: 27.96872353553772 seconds
metaTables/vocal_music_demucs_16k/metaData_fma_large/row70031.csv
Execution time: 29.45222759246826 seconds
metaTables/vocal_music_demucs_16k/metaData_fma_large/row70032.csv
Execution time: 18.52416729927063 seconds
metaTables/vocal_music_demucs_16k/metaData_fma_large/row70033.csv
Execution time: 28.904091596603394 seconds
metaTables/vocal_music_demucs_16k/metaData_fma_large/row70034.csv
Execution time: 27.751879453659058 seconds
metaTables/vocal_music_demucs_16k/metaData_fma_large/row70035.csv
Execution time: 28.106155157089233 seconds
metaTables/vocal_music_demucs_16k/metaData_fma_large/row70036.csv
Execution time: 29.43970012664795 seconds
metaTables/vocal_music_demucs_16k/metaData_fma_large/row70037.csv
Execution time: 28.612659454345703 seconds
metaTables/vocal_music_demucs_16k/metaData_fma_large/row70038.csv
Execution time: 28.174729824066162 seconds
metaTables/vocal_music_demucs_16k/metaData_fma_large/row70039.csv
Execution time: 28.178581476211548 seconds
metaTables/vocal_music_demucs_16k/metaData_fma_large/row70040.csv
Execution time: 27.527839183807373 seconds
metaTables/vocal_music_demucs_16k/metaData_fma_large/row70041.csv
Execution time: 27.38564109802246 seconds
metaTables/vocal_music_demucs_16k/metaData_fma_large/row70042.csv
Execution time: 29.211457014083862 seconds
metaTables/vocal_music_demucs_16k/metaData_fma_large/row70043.csv
Execution time: 28.257508039474487 seconds
metaTables/vocal_music_demucs_16k/metaData_fma_large/row70044.csv
Execution time: 14.339569330215454 seconds
metaTables/vocal_music_demucs_16k/metaData_fma_large/row70045.csv
Execution time: 29.00519371032715 seconds
metaTables/vocal_music_demucs_16k/metaData_fma_large/row70046.csv
Execution time: 28.65838122367859 seconds
metaTables/vocal_music_demucs_16k/metaData_fma_large/row70047.csv
Execution time: 28.680795669555664 seconds
metaTables/vocal_music_demucs_16k/metaData_fma_large/row70048.csv
Execution time: 27.550844192504883 seconds
metaTables/vocal_music_demucs_16k/metaData_fma_large/row70049.csv
Execution time: 27.901913166046143 seconds
metaTables/vocal_music_demucs_16k/metaData_fma_large/row70050.csv
Execution time: 27.856700658798218 seconds
metaTables/vocal_music_demucs_16k/metaData_fma_large/row70051.csv
Execution time: 27.382780075073242 seconds
metaTables/vocal_music_demucs_16k/metaData_fma_large/row70052.csv
Execution time: 28.275496244430542 seconds
metaTables/vocal_music_demucs_16k/metaData_fma_large/row70053.csv
Execution time: 28.539437770843506 seconds
metaTables/vocal_music_demucs_16k/metaData_fma_large/row70054.csv
Execution time: 28.453367948532104 seconds
metaTables/vocal_music_demucs_16k/metaData_fma_large/row70055.csv
Execution time: 28.695553064346313 seconds
metaTables/vocal_music_demucs_16k/metaData_fma_large/row70056.csv
Execution time: 28.620580911636353 seconds
metaTables/vocal_music_demucs_16k/metaData_fma_large/row70057.csv
Execution time: 28.870660066604614 seconds
metaTables/vocal_music_demucs_16k/metaData_fma_large/row70058.csv
Execution time: 28.75453758239746 seconds
metaTables/vocal_music_demucs_16k/metaData_fma_large/row70059.csv
Execution time: 28.647084951400757 seconds
metaTables/vocal_music_demucs_16k/metaData_fma_large/row70060.csv
Execution time: 28.782198190689087 seconds
metaTables/vocal_music_demucs_16k/metaData_fma_large/row70061.csv
Execution time: 28.108009576797485 seconds
metaTables/vocal_music_demucs_16k/metaData_fma_large/row70062.csv
Execution time: 28.047165870666504 seconds
metaTables/vocal_music_demucs_16k/metaData_fma_large/row70063.csv
Execution time: 29.509707927703857 seconds
metaTables/vocal_music_demucs_16k/metaData_fma_large/row70064.csv
Execution time: 28.409438610076904 seconds
metaTables/vocal_music_demucs_16k/metaData_fma_large/row70065.csv
Execution time: 28.193296432495117 seconds
metaTables/vocal_music_demucs_16k/metaData_fma_large/row70066.csv
Execution time: 28.739227056503296 seconds
metaTables/vocal_music_demucs_16k/metaData_fma_large/row70067.csv
Execution time: 28.235337734222412 seconds
metaTables/vocal_music_demucs_16k/metaData_fma_large/row70068.csv
Execution time: 29.358862161636353 seconds
metaTables/vocal_music_demucs_16k/metaData_fma_large/row70069.csv
Execution time: 29.078932523727417 seconds
metaTables/vocal_music_demucs_16k/metaData_fma_large/row70070.csv
Execution time: 28.70948600769043 seconds
metaTables/vocal_music_demucs_16k/metaData_fma_large/row70071.csv
Execution time: 28.875903129577637 seconds
metaTables/vocal_music_demucs_16k/metaData_fma_large/row70072.csv
Execution time: 28.936939239501953 seconds
metaTables/vocal_music_demucs_16k/metaData_fma_large/row70073.csv
Execution time: 28.329502820968628 seconds
metaTables/vocal_music_demucs_16k/metaData_fma_large/row70074.csv
Execution time: 28.895535945892334 seconds
metaTables/vocal_music_demucs_16k/metaData_fma_large/row70075.csv
Execution time: 29.290417909622192 seconds
metaTables/vocal_music_demucs_16k/metaData_fma_large/row70076.csv
Execution time: 28.346031427383423 seconds
metaTables/vocal_music_demucs_16k/metaData_fma_large/row70077.csv
Execution time: 30.037940740585327 seconds
metaTables/vocal_music_demucs_16k/metaData_fma_large/row70078.csv
Execution time: 28.9438157081604 seconds
metaTables/vocal_music_demucs_16k/metaData_fma_large/row70079.csv
Execution time: 28.102407217025757 seconds
metaTables/vocal_music_demucs_16k/metaData_fma_large/row70080.csv
Execution time: 29.480252265930176 seconds
metaTables/vocal_music_demucs_16k/metaData_fma_large/row70081.csv
Execution time: 28.58555579185486 seconds
metaTables/vocal_music_demucs_16k/metaData_fma_large/row70082.csv
Execution time: 31.35187840461731 seconds
metaTables/vocal_music_demucs_16k/metaData_fma_large/row70083.csv
Execution time: 27.95936155319214 seconds
metaTables/vocal_music_demucs_16k/metaData_fma_large/row70084.csv
Execution time: 28.19065546989441 seconds
metaTables/vocal_music_demucs_16k/metaData_fma_large/row70085.csv
Execution time: 28.87510633468628 seconds
metaTables/vocal_music_demucs_16k/metaData_fma_large/row70086.csv
Execution time: 28.84768009185791 seconds
metaTables/vocal_music_demucs_16k/metaData_fma_large/row70087.csv
Execution time: 29.02664279937744 seconds
metaTables/vocal_music_demucs_16k/metaData_fma_large/row70088.csv
Execution time: 29.387932062149048 seconds
metaTables/vocal_music_demucs_16k/metaData_fma_large/row70089.csv
Execution time: 29.566787004470825 seconds
metaTables/vocal_music_demucs_16k/metaData_fma_large/row70090.csv
Execution time: 28.23186945915222 seconds
metaTables/vocal_music_demucs_16k/metaData_fma_large/row70091.csv
Execution time: 29.786611080169678 seconds
metaTables/vocal_music_demucs_16k/metaData_fma_large/row70092.csv
Execution time: 30.6755588054657 seconds
metaTables/vocal_music_demucs_16k/metaData_fma_large/row70093.csv
Execution time: 28.2434024810791 seconds
metaTables/vocal_music_demucs_16k/metaData_fma_large/row70094.csv
Execution time: 28.849294424057007 seconds
metaTables/vocal_music_demucs_16k/metaData_fma_large/row70095.csv
Execution time: 28.035099744796753 seconds
metaTables/vocal_music_demucs_16k/metaData_fma_large/row70096.csv
Execution time: 28.7006995677948 seconds
metaTables/vocal_music_demucs_16k/metaData_fma_large/row70097.csv
Execution time: 27.96647000312805 seconds
metaTables/vocal_music_demucs_16k/metaData_fma_large/row70098.csv
Execution time: 28.13540267944336 seconds
metaTables/vocal_music_demucs_16k/metaData_fma_large/row70099.csv
Demucs voice recognition done!
