/ext3/demucs/lib/python3.9/site-packages/demucs/api.py:27: UserWarning: TorchAudio's global backend is now deprecated. Please enable distpatcher by setting `TORCHAUDIO_USE_BACKEND_DISPATCHER=1`, and specify backend when calling load/info/save function.
  import torchaudio as ta
2024-05-09 09:23:22.816510: I tensorflow/core/util/port.cc:113] oneDNN custom operations are on. You may see slightly different numerical results due to floating-point round-off errors from different computation orders. To turn them off, set the environment variable `TF_ENABLE_ONEDNN_OPTS=0`.
2024-05-09 09:23:23.995715: E external/local_xla/xla/stream_executor/cuda/cuda_dnn.cc:9261] Unable to register cuDNN factory: Attempting to register factory for plugin cuDNN when one has already been registered
2024-05-09 09:23:23.995752: E external/local_xla/xla/stream_executor/cuda/cuda_fft.cc:607] Unable to register cuFFT factory: Attempting to register factory for plugin cuFFT when one has already been registered
2024-05-09 09:23:24.039762: E external/local_xla/xla/stream_executor/cuda/cuda_blas.cc:1515] Unable to register cuBLAS factory: Attempting to register factory for plugin cuBLAS when one has already been registered
2024-05-09 09:23:24.180880: I tensorflow/core/platform/cpu_feature_guard.cc:182] This TensorFlow binary is optimized to use available CPU instructions in performance-critical operations.
To enable the following instructions: AVX2 AVX512F AVX512_VNNI FMA, in other operations, rebuild TensorFlow with the appropriate compiler flags.
2024-05-09 09:23:25.305151: W tensorflow/compiler/tf2tensorrt/utils/py_utils.cc:38] TF-TRT Warning: Could not find TensorRT
SKIPPING: metaTables/vocal_music_demucs_16k/metaData_fma_large/row104700.csv
SKIPPING: metaTables/vocal_music_demucs_16k/metaData_fma_large/row104701.csv
SKIPPING: metaTables/vocal_music_demucs_16k/metaData_fma_large/row104702.csv
SKIPPING: metaTables/vocal_music_demucs_16k/metaData_fma_large/row104703.csv
SKIPPING: metaTables/vocal_music_demucs_16k/metaData_fma_large/row104704.csv
SKIPPING: metaTables/vocal_music_demucs_16k/metaData_fma_large/row104705.csv
SKIPPING: metaTables/vocal_music_demucs_16k/metaData_fma_large/row104706.csv
SKIPPING: metaTables/vocal_music_demucs_16k/metaData_fma_large/row104707.csv
SKIPPING: metaTables/vocal_music_demucs_16k/metaData_fma_large/row104708.csv
SKIPPING: metaTables/vocal_music_demucs_16k/metaData_fma_large/row104709.csv
SKIPPING: metaTables/vocal_music_demucs_16k/metaData_fma_large/row104710.csv
SKIPPING: metaTables/vocal_music_demucs_16k/metaData_fma_large/row104711.csv
SKIPPING: metaTables/vocal_music_demucs_16k/metaData_fma_large/row104712.csv
SKIPPING: metaTables/vocal_music_demucs_16k/metaData_fma_large/row104713.csv
SKIPPING: metaTables/vocal_music_demucs_16k/metaData_fma_large/row104714.csv
SKIPPING: metaTables/vocal_music_demucs_16k/metaData_fma_large/row104715.csv
SKIPPING: metaTables/vocal_music_demucs_16k/metaData_fma_large/row104716.csv
SKIPPING: metaTables/vocal_music_demucs_16k/metaData_fma_large/row104717.csv
SKIPPING: metaTables/vocal_music_demucs_16k/metaData_fma_large/row104718.csv
SKIPPING: metaTables/vocal_music_demucs_16k/metaData_fma_large/row104719.csv
SKIPPING: metaTables/vocal_music_demucs_16k/metaData_fma_large/row104720.csv
SKIPPING: metaTables/vocal_music_demucs_16k/metaData_fma_large/row104721.csv
SKIPPING: metaTables/vocal_music_demucs_16k/metaData_fma_large/row104722.csv
SKIPPING: metaTables/vocal_music_demucs_16k/metaData_fma_large/row104723.csv
SKIPPING: metaTables/vocal_music_demucs_16k/metaData_fma_large/row104724.csv
SKIPPING: metaTables/vocal_music_demucs_16k/metaData_fma_large/row104725.csv
SKIPPING: metaTables/vocal_music_demucs_16k/metaData_fma_large/row104726.csv
SKIPPING: metaTables/vocal_music_demucs_16k/metaData_fma_large/row104727.csv
SKIPPING: metaTables/vocal_music_demucs_16k/metaData_fma_large/row104728.csv
SKIPPING: metaTables/vocal_music_demucs_16k/metaData_fma_large/row104729.csv
SKIPPING: metaTables/vocal_music_demucs_16k/metaData_fma_large/row104730.csv
SKIPPING: metaTables/vocal_music_demucs_16k/metaData_fma_large/row104731.csv
SKIPPING: metaTables/vocal_music_demucs_16k/metaData_fma_large/row104732.csv
SKIPPING: metaTables/vocal_music_demucs_16k/metaData_fma_large/row104733.csv
SKIPPING: metaTables/vocal_music_demucs_16k/metaData_fma_large/row104734.csv
SKIPPING: metaTables/vocal_music_demucs_16k/metaData_fma_large/row104735.csv
SKIPPING: metaTables/vocal_music_demucs_16k/metaData_fma_large/row104736.csv
SKIPPING: metaTables/vocal_music_demucs_16k/metaData_fma_large/row104737.csv
SKIPPING: metaTables/vocal_music_demucs_16k/metaData_fma_large/row104738.csv
SKIPPING: metaTables/vocal_music_demucs_16k/metaData_fma_large/row104739.csv
SKIPPING: metaTables/vocal_music_demucs_16k/metaData_fma_large/row104740.csv
SKIPPING: metaTables/vocal_music_demucs_16k/metaData_fma_large/row104741.csv
SKIPPING: metaTables/vocal_music_demucs_16k/metaData_fma_large/row104742.csv
SKIPPING: metaTables/vocal_music_demucs_16k/metaData_fma_large/row104743.csv
SKIPPING: metaTables/vocal_music_demucs_16k/metaData_fma_large/row104744.csv
SKIPPING: metaTables/vocal_music_demucs_16k/metaData_fma_large/row104745.csv
SKIPPING: metaTables/vocal_music_demucs_16k/metaData_fma_large/row104746.csv
SKIPPING: metaTables/vocal_music_demucs_16k/metaData_fma_large/row104747.csv
SKIPPING: metaTables/vocal_music_demucs_16k/metaData_fma_large/row104748.csv
SKIPPING: metaTables/vocal_music_demucs_16k/metaData_fma_large/row104749.csv
SKIPPING: metaTables/vocal_music_demucs_16k/metaData_fma_large/row104750.csv
SKIPPING: metaTables/vocal_music_demucs_16k/metaData_fma_large/row104751.csv
SKIPPING: metaTables/vocal_music_demucs_16k/metaData_fma_large/row104752.csv
SKIPPING: metaTables/vocal_music_demucs_16k/metaData_fma_large/row104753.csv
SKIPPING: metaTables/vocal_music_demucs_16k/metaData_fma_large/row104754.csv
SKIPPING: metaTables/vocal_music_demucs_16k/metaData_fma_large/row104755.csv
SKIPPING: metaTables/vocal_music_demucs_16k/metaData_fma_large/row104756.csv
SKIPPING: metaTables/vocal_music_demucs_16k/metaData_fma_large/row104757.csv
SKIPPING: metaTables/vocal_music_demucs_16k/metaData_fma_large/row104758.csv
SKIPPING: metaTables/vocal_music_demucs_16k/metaData_fma_large/row104759.csv
SKIPPING: metaTables/vocal_music_demucs_16k/metaData_fma_large/row104760.csv
SKIPPING: metaTables/vocal_music_demucs_16k/metaData_fma_large/row104761.csv
SKIPPING: metaTables/vocal_music_demucs_16k/metaData_fma_large/row104762.csv
SKIPPING: metaTables/vocal_music_demucs_16k/metaData_fma_large/row104763.csv
SKIPPING: metaTables/vocal_music_demucs_16k/metaData_fma_large/row104764.csv
SKIPPING: metaTables/vocal_music_demucs_16k/metaData_fma_large/row104765.csv
SKIPPING: metaTables/vocal_music_demucs_16k/metaData_fma_large/row104766.csv
SKIPPING: metaTables/vocal_music_demucs_16k/metaData_fma_large/row104767.csv
SKIPPING: metaTables/vocal_music_demucs_16k/metaData_fma_large/row104768.csv
SKIPPING: metaTables/vocal_music_demucs_16k/metaData_fma_large/row104769.csv
SKIPPING: metaTables/vocal_music_demucs_16k/metaData_fma_large/row104770.csv
SKIPPING: metaTables/vocal_music_demucs_16k/metaData_fma_large/row104771.csv
SKIPPING: metaTables/vocal_music_demucs_16k/metaData_fma_large/row104772.csv
SKIPPING: metaTables/vocal_music_demucs_16k/metaData_fma_large/row104773.csv
SKIPPING: metaTables/vocal_music_demucs_16k/metaData_fma_large/row104774.csv
SKIPPING: metaTables/vocal_music_demucs_16k/metaData_fma_large/row104775.csv
SKIPPING: metaTables/vocal_music_demucs_16k/metaData_fma_large/row104776.csv
SKIPPING: metaTables/vocal_music_demucs_16k/metaData_fma_large/row104777.csv
SKIPPING: metaTables/vocal_music_demucs_16k/metaData_fma_large/row104778.csv
SKIPPING: metaTables/vocal_music_demucs_16k/metaData_fma_large/row104779.csv
SKIPPING: metaTables/vocal_music_demucs_16k/metaData_fma_large/row104780.csv
SKIPPING: metaTables/vocal_music_demucs_16k/metaData_fma_large/row104781.csv
SKIPPING: metaTables/vocal_music_demucs_16k/metaData_fma_large/row104782.csv
SKIPPING: metaTables/vocal_music_demucs_16k/metaData_fma_large/row104783.csv
SKIPPING: metaTables/vocal_music_demucs_16k/metaData_fma_large/row104784.csv
SKIPPING: metaTables/vocal_music_demucs_16k/metaData_fma_large/row104785.csv
SKIPPING: metaTables/vocal_music_demucs_16k/metaData_fma_large/row104786.csv
SKIPPING: metaTables/vocal_music_demucs_16k/metaData_fma_large/row104787.csv
SKIPPING: metaTables/vocal_music_demucs_16k/metaData_fma_large/row104788.csv
SKIPPING: metaTables/vocal_music_demucs_16k/metaData_fma_large/row104789.csv
SKIPPING: metaTables/vocal_music_demucs_16k/metaData_fma_large/row104790.csv
SKIPPING: metaTables/vocal_music_demucs_16k/metaData_fma_large/row104791.csv
SKIPPING: metaTables/vocal_music_demucs_16k/metaData_fma_large/row104792.csv
SKIPPING: metaTables/vocal_music_demucs_16k/metaData_fma_large/row104793.csv
SKIPPING: metaTables/vocal_music_demucs_16k/metaData_fma_large/row104794.csv
SKIPPING: metaTables/vocal_music_demucs_16k/metaData_fma_large/row104795.csv
SKIPPING: metaTables/vocal_music_demucs_16k/metaData_fma_large/row104796.csv
SKIPPING: metaTables/vocal_music_demucs_16k/metaData_fma_large/row104797.csv
SKIPPING: metaTables/vocal_music_demucs_16k/metaData_fma_large/row104798.csv
SKIPPING: metaTables/vocal_music_demucs_16k/metaData_fma_large/row104799.csv
Demucs voice recognition done!
