/ext3/demucs/lib/python3.9/site-packages/demucs/api.py:27: UserWarning: TorchAudio's global backend is now deprecated. Please enable distpatcher by setting `TORCHAUDIO_USE_BACKEND_DISPATCHER=1`, and specify backend when calling load/info/save function.
  import torchaudio as ta
2024-05-10 11:32:32.792624: I tensorflow/core/util/port.cc:113] oneDNN custom operations are on. You may see slightly different numerical results due to floating-point round-off errors from different computation orders. To turn them off, set the environment variable `TF_ENABLE_ONEDNN_OPTS=0`.
2024-05-10 11:32:34.853522: E external/local_xla/xla/stream_executor/cuda/cuda_dnn.cc:9261] Unable to register cuDNN factory: Attempting to register factory for plugin cuDNN when one has already been registered
2024-05-10 11:32:34.853571: E external/local_xla/xla/stream_executor/cuda/cuda_fft.cc:607] Unable to register cuFFT factory: Attempting to register factory for plugin cuFFT when one has already been registered
2024-05-10 11:32:34.899230: E external/local_xla/xla/stream_executor/cuda/cuda_blas.cc:1515] Unable to register cuBLAS factory: Attempting to register factory for plugin cuBLAS when one has already been registered
2024-05-10 11:32:35.213468: I tensorflow/core/platform/cpu_feature_guard.cc:182] This TensorFlow binary is optimized to use available CPU instructions in performance-critical operations.
To enable the following instructions: AVX2 AVX512F AVX512_VNNI FMA, in other operations, rebuild TensorFlow with the appropriate compiler flags.
2024-05-10 11:32:37.507531: W tensorflow/compiler/tf2tensorrt/utils/py_utils.cc:38] TF-TRT Warning: Could not find TensorRT
Execution time: 27.245806455612183 seconds
metaTables/vocal_music_demucs_16k/metaData_fma_large/row2000.csv
Execution time: 22.980900287628174 seconds
metaTables/vocal_music_demucs_16k/metaData_fma_large/row2001.csv
Execution time: 24.66859245300293 seconds
metaTables/vocal_music_demucs_16k/metaData_fma_large/row2002.csv
Execution time: 24.598745107650757 seconds
metaTables/vocal_music_demucs_16k/metaData_fma_large/row2003.csv
Execution time: 23.247518062591553 seconds
metaTables/vocal_music_demucs_16k/metaData_fma_large/row2004.csv
Execution time: 23.957581043243408 seconds
metaTables/vocal_music_demucs_16k/metaData_fma_large/row2005.csv
Execution time: 23.93911123275757 seconds
metaTables/vocal_music_demucs_16k/metaData_fma_large/row2006.csv
Execution time: 24.30109143257141 seconds
metaTables/vocal_music_demucs_16k/metaData_fma_large/row2007.csv
Execution time: 24.743003845214844 seconds
metaTables/vocal_music_demucs_16k/metaData_fma_large/row2008.csv
Execution time: 24.20955514907837 seconds
metaTables/vocal_music_demucs_16k/metaData_fma_large/row2009.csv
Execution time: 24.865888833999634 seconds
metaTables/vocal_music_demucs_16k/metaData_fma_large/row2010.csv
Execution time: 24.401784658432007 seconds
metaTables/vocal_music_demucs_16k/metaData_fma_large/row2011.csv
Execution time: 24.691772937774658 seconds
metaTables/vocal_music_demucs_16k/metaData_fma_large/row2012.csv
Execution time: 23.42630410194397 seconds
metaTables/vocal_music_demucs_16k/metaData_fma_large/row2013.csv
Execution time: 24.584164142608643 seconds
metaTables/vocal_music_demucs_16k/metaData_fma_large/row2014.csv
Execution time: 24.7983181476593 seconds
metaTables/vocal_music_demucs_16k/metaData_fma_large/row2015.csv
Execution time: 24.53645420074463 seconds
metaTables/vocal_music_demucs_16k/metaData_fma_large/row2016.csv
Execution time: 23.93498945236206 seconds
metaTables/vocal_music_demucs_16k/metaData_fma_large/row2017.csv
Execution time: 24.86616587638855 seconds
metaTables/vocal_music_demucs_16k/metaData_fma_large/row2018.csv
Execution time: 24.642622470855713 seconds
metaTables/vocal_music_demucs_16k/metaData_fma_large/row2019.csv
Execution time: 24.766176223754883 seconds
metaTables/vocal_music_demucs_16k/metaData_fma_large/row2020.csv
Execution time: 24.662426233291626 seconds
metaTables/vocal_music_demucs_16k/metaData_fma_large/row2021.csv
Execution time: 24.197367191314697 seconds
metaTables/vocal_music_demucs_16k/metaData_fma_large/row2022.csv
Execution time: 26.143323183059692 seconds
metaTables/vocal_music_demucs_16k/metaData_fma_large/row2023.csv
Execution time: 25.492774724960327 seconds
metaTables/vocal_music_demucs_16k/metaData_fma_large/row2024.csv
Execution time: 24.50978684425354 seconds
metaTables/vocal_music_demucs_16k/metaData_fma_large/row2025.csv
Execution time: 24.561514854431152 seconds
metaTables/vocal_music_demucs_16k/metaData_fma_large/row2026.csv
Execution time: 24.04858684539795 seconds
metaTables/vocal_music_demucs_16k/metaData_fma_large/row2027.csv
Execution time: 24.17220163345337 seconds
metaTables/vocal_music_demucs_16k/metaData_fma_large/row2028.csv
Execution time: 25.393343210220337 seconds
metaTables/vocal_music_demucs_16k/metaData_fma_large/row2029.csv
Execution time: 24.593612909317017 seconds
metaTables/vocal_music_demucs_16k/metaData_fma_large/row2030.csv
Execution time: 25.095890998840332 seconds
metaTables/vocal_music_demucs_16k/metaData_fma_large/row2031.csv
Execution time: 24.598519802093506 seconds
metaTables/vocal_music_demucs_16k/metaData_fma_large/row2032.csv
Execution time: 25.757574796676636 seconds
metaTables/vocal_music_demucs_16k/metaData_fma_large/row2033.csv
Execution time: 24.164581060409546 seconds
metaTables/vocal_music_demucs_16k/metaData_fma_large/row2034.csv
Execution time: 24.12577247619629 seconds
metaTables/vocal_music_demucs_16k/metaData_fma_large/row2035.csv
Execution time: 24.30774998664856 seconds
metaTables/vocal_music_demucs_16k/metaData_fma_large/row2036.csv
Execution time: 24.384014129638672 seconds
metaTables/vocal_music_demucs_16k/metaData_fma_large/row2037.csv
Execution time: 24.6243999004364 seconds
metaTables/vocal_music_demucs_16k/metaData_fma_large/row2038.csv
Execution time: 23.73978853225708 seconds
metaTables/vocal_music_demucs_16k/metaData_fma_large/row2039.csv
Execution time: 24.8719699382782 seconds
metaTables/vocal_music_demucs_16k/metaData_fma_large/row2040.csv
Execution time: 26.748823404312134 seconds
metaTables/vocal_music_demucs_16k/metaData_fma_large/row2041.csv
Execution time: 24.524566650390625 seconds
metaTables/vocal_music_demucs_16k/metaData_fma_large/row2042.csv
Execution time: 24.686408519744873 seconds
metaTables/vocal_music_demucs_16k/metaData_fma_large/row2043.csv
Execution time: 25.095376014709473 seconds
metaTables/vocal_music_demucs_16k/metaData_fma_large/row2044.csv
Execution time: 24.39003849029541 seconds
metaTables/vocal_music_demucs_16k/metaData_fma_large/row2045.csv
Execution time: 24.315727472305298 seconds
metaTables/vocal_music_demucs_16k/metaData_fma_large/row2046.csv
Execution time: 24.278610229492188 seconds
metaTables/vocal_music_demucs_16k/metaData_fma_large/row2047.csv
Execution time: 24.91843891143799 seconds
metaTables/vocal_music_demucs_16k/metaData_fma_large/row2048.csv
Execution time: 23.922419548034668 seconds
metaTables/vocal_music_demucs_16k/metaData_fma_large/row2049.csv
Execution time: 24.35498070716858 seconds
metaTables/vocal_music_demucs_16k/metaData_fma_large/row2050.csv
Execution time: 23.65219235420227 seconds
metaTables/vocal_music_demucs_16k/metaData_fma_large/row2051.csv
Execution time: 24.905912160873413 seconds
metaTables/vocal_music_demucs_16k/metaData_fma_large/row2052.csv
Execution time: 24.780012130737305 seconds
metaTables/vocal_music_demucs_16k/metaData_fma_large/row2053.csv
Execution time: 23.979619026184082 seconds
metaTables/vocal_music_demucs_16k/metaData_fma_large/row2054.csv
Execution time: 24.477394342422485 seconds
metaTables/vocal_music_demucs_16k/metaData_fma_large/row2055.csv
Execution time: 25.94727373123169 seconds
metaTables/vocal_music_demucs_16k/metaData_fma_large/row2056.csv
Execution time: 24.675710201263428 seconds
metaTables/vocal_music_demucs_16k/metaData_fma_large/row2057.csv
Execution time: 23.649494409561157 seconds
metaTables/vocal_music_demucs_16k/metaData_fma_large/row2058.csv
Execution time: 23.85933566093445 seconds
metaTables/vocal_music_demucs_16k/metaData_fma_large/row2059.csv
Execution time: 24.30822443962097 seconds
metaTables/vocal_music_demucs_16k/metaData_fma_large/row2060.csv
Execution time: 25.24512505531311 seconds
metaTables/vocal_music_demucs_16k/metaData_fma_large/row2061.csv
Execution time: 24.64966607093811 seconds
metaTables/vocal_music_demucs_16k/metaData_fma_large/row2062.csv
Execution time: 23.669999361038208 seconds
metaTables/vocal_music_demucs_16k/metaData_fma_large/row2063.csv
Execution time: 24.545676231384277 seconds
metaTables/vocal_music_demucs_16k/metaData_fma_large/row2064.csv
Execution time: 24.7123122215271 seconds
metaTables/vocal_music_demucs_16k/metaData_fma_large/row2065.csv
Execution time: 24.54941201210022 seconds
metaTables/vocal_music_demucs_16k/metaData_fma_large/row2066.csv
Execution time: 24.637998342514038 seconds
metaTables/vocal_music_demucs_16k/metaData_fma_large/row2067.csv
Execution time: 25.060729265213013 seconds
metaTables/vocal_music_demucs_16k/metaData_fma_large/row2068.csv
Execution time: 24.111980438232422 seconds
metaTables/vocal_music_demucs_16k/metaData_fma_large/row2069.csv
Execution time: 24.477437257766724 seconds
metaTables/vocal_music_demucs_16k/metaData_fma_large/row2070.csv
Execution time: 23.595510959625244 seconds
metaTables/vocal_music_demucs_16k/metaData_fma_large/row2071.csv
Execution time: 24.593998908996582 seconds
metaTables/vocal_music_demucs_16k/metaData_fma_large/row2072.csv
Execution time: 24.697227478027344 seconds
metaTables/vocal_music_demucs_16k/metaData_fma_large/row2073.csv
Execution time: 24.54764676094055 seconds
metaTables/vocal_music_demucs_16k/metaData_fma_large/row2074.csv
Execution time: 24.62421703338623 seconds
metaTables/vocal_music_demucs_16k/metaData_fma_large/row2075.csv
Execution time: 24.799970149993896 seconds
metaTables/vocal_music_demucs_16k/metaData_fma_large/row2076.csv
Execution time: 24.43885827064514 seconds
metaTables/vocal_music_demucs_16k/metaData_fma_large/row2077.csv
Execution time: 25.805119037628174 seconds
metaTables/vocal_music_demucs_16k/metaData_fma_large/row2078.csv
Execution time: 24.816147327423096 seconds
metaTables/vocal_music_demucs_16k/metaData_fma_large/row2079.csv
Execution time: 23.696680068969727 seconds
metaTables/vocal_music_demucs_16k/metaData_fma_large/row2080.csv
Execution time: 24.71341824531555 seconds
metaTables/vocal_music_demucs_16k/metaData_fma_large/row2081.csv
Execution time: 24.608360528945923 seconds
metaTables/vocal_music_demucs_16k/metaData_fma_large/row2082.csv
Execution time: 24.86738920211792 seconds
metaTables/vocal_music_demucs_16k/metaData_fma_large/row2083.csv
Execution time: 24.635238647460938 seconds
metaTables/vocal_music_demucs_16k/metaData_fma_large/row2084.csv
Execution time: 24.429511785507202 seconds
metaTables/vocal_music_demucs_16k/metaData_fma_large/row2085.csv
Execution time: 24.40868377685547 seconds
metaTables/vocal_music_demucs_16k/metaData_fma_large/row2086.csv
Execution time: 24.388683557510376 seconds
metaTables/vocal_music_demucs_16k/metaData_fma_large/row2087.csv
Execution time: 25.7531418800354 seconds
metaTables/vocal_music_demucs_16k/metaData_fma_large/row2088.csv
Execution time: 25.272149801254272 seconds
metaTables/vocal_music_demucs_16k/metaData_fma_large/row2089.csv
Execution time: 25.039852380752563 seconds
metaTables/vocal_music_demucs_16k/metaData_fma_large/row2090.csv
Execution time: 24.99689745903015 seconds
metaTables/vocal_music_demucs_16k/metaData_fma_large/row2091.csv
Execution time: 24.66871213912964 seconds
metaTables/vocal_music_demucs_16k/metaData_fma_large/row2092.csv
Execution time: 26.229666471481323 seconds
metaTables/vocal_music_demucs_16k/metaData_fma_large/row2093.csv
Execution time: 24.47856116294861 seconds
metaTables/vocal_music_demucs_16k/metaData_fma_large/row2094.csv
Execution time: 24.030207633972168 seconds
metaTables/vocal_music_demucs_16k/metaData_fma_large/row2095.csv
Execution time: 25.160818338394165 seconds
metaTables/vocal_music_demucs_16k/metaData_fma_large/row2096.csv
Execution time: 24.60443663597107 seconds
metaTables/vocal_music_demucs_16k/metaData_fma_large/row2097.csv
Execution time: 24.66689705848694 seconds
metaTables/vocal_music_demucs_16k/metaData_fma_large/row2098.csv
Execution time: 23.89412236213684 seconds
metaTables/vocal_music_demucs_16k/metaData_fma_large/row2099.csv
Demucs voice recognition done!
