/ext3/demucs/lib/python3.9/site-packages/demucs/api.py:27: UserWarning: TorchAudio's global backend is now deprecated. Please enable distpatcher by setting `TORCHAUDIO_USE_BACKEND_DISPATCHER=1`, and specify backend when calling load/info/save function.
  import torchaudio as ta
2024-05-08 23:36:43.979379: I tensorflow/core/util/port.cc:113] oneDNN custom operations are on. You may see slightly different numerical results due to floating-point round-off errors from different computation orders. To turn them off, set the environment variable `TF_ENABLE_ONEDNN_OPTS=0`.
2024-05-08 23:36:47.217155: E external/local_xla/xla/stream_executor/cuda/cuda_dnn.cc:9261] Unable to register cuDNN factory: Attempting to register factory for plugin cuDNN when one has already been registered
2024-05-08 23:36:47.217193: E external/local_xla/xla/stream_executor/cuda/cuda_fft.cc:607] Unable to register cuFFT factory: Attempting to register factory for plugin cuFFT when one has already been registered
2024-05-08 23:36:47.529304: E external/local_xla/xla/stream_executor/cuda/cuda_blas.cc:1515] Unable to register cuBLAS factory: Attempting to register factory for plugin cuBLAS when one has already been registered
2024-05-08 23:36:47.918438: I tensorflow/core/platform/cpu_feature_guard.cc:182] This TensorFlow binary is optimized to use available CPU instructions in performance-critical operations.
To enable the following instructions: AVX2 AVX512F AVX512_VNNI FMA, in other operations, rebuild TensorFlow with the appropriate compiler flags.
2024-05-08 23:36:51.269561: W tensorflow/compiler/tf2tensorrt/utils/py_utils.cc:38] TF-TRT Warning: Could not find TensorRT
Execution time: 27.543521404266357 seconds
metaTables/vocal_music_demucs_16k/metaData_fma_large/row42500.csv
Execution time: 24.478772401809692 seconds
metaTables/vocal_music_demucs_16k/metaData_fma_large/row42501.csv
Execution time: 24.52417016029358 seconds
metaTables/vocal_music_demucs_16k/metaData_fma_large/row42502.csv
Execution time: 24.314937114715576 seconds
metaTables/vocal_music_demucs_16k/metaData_fma_large/row42503.csv
Execution time: 25.364912033081055 seconds
metaTables/vocal_music_demucs_16k/metaData_fma_large/row42504.csv
Execution time: 24.961193323135376 seconds
metaTables/vocal_music_demucs_16k/metaData_fma_large/row42505.csv
Execution time: 24.859912157058716 seconds
metaTables/vocal_music_demucs_16k/metaData_fma_large/row42506.csv
Execution time: 24.85580587387085 seconds
metaTables/vocal_music_demucs_16k/metaData_fma_large/row42507.csv
Execution time: 25.212597608566284 seconds
metaTables/vocal_music_demucs_16k/metaData_fma_large/row42508.csv
Execution time: 24.33340859413147 seconds
metaTables/vocal_music_demucs_16k/metaData_fma_large/row42509.csv
Execution time: 24.379032850265503 seconds
metaTables/vocal_music_demucs_16k/metaData_fma_large/row42510.csv
Execution time: 24.72777819633484 seconds
metaTables/vocal_music_demucs_16k/metaData_fma_large/row42511.csv
Execution time: 23.212329864501953 seconds
metaTables/vocal_music_demucs_16k/metaData_fma_large/row42512.csv
Execution time: 25.339686632156372 seconds
metaTables/vocal_music_demucs_16k/metaData_fma_large/row42513.csv
Execution time: 24.14027214050293 seconds
metaTables/vocal_music_demucs_16k/metaData_fma_large/row42514.csv
Execution time: 26.555782318115234 seconds
metaTables/vocal_music_demucs_16k/metaData_fma_large/row42515.csv
Execution time: 25.108476161956787 seconds
metaTables/vocal_music_demucs_16k/metaData_fma_large/row42516.csv
Execution time: 24.814805507659912 seconds
metaTables/vocal_music_demucs_16k/metaData_fma_large/row42517.csv
Execution time: 16.383721828460693 seconds
metaTables/vocal_music_demucs_16k/metaData_fma_large/row42518.csv
Execution time: 24.473252296447754 seconds
metaTables/vocal_music_demucs_16k/metaData_fma_large/row42519.csv
Execution time: 24.379210233688354 seconds
metaTables/vocal_music_demucs_16k/metaData_fma_large/row42520.csv
Execution time: 24.759467124938965 seconds
metaTables/vocal_music_demucs_16k/metaData_fma_large/row42521.csv
Execution time: 23.941797733306885 seconds
metaTables/vocal_music_demucs_16k/metaData_fma_large/row42522.csv
Execution time: 23.9790461063385 seconds
metaTables/vocal_music_demucs_16k/metaData_fma_large/row42523.csv
Execution time: 24.456948280334473 seconds
metaTables/vocal_music_demucs_16k/metaData_fma_large/row42524.csv
Execution time: 24.994356632232666 seconds
metaTables/vocal_music_demucs_16k/metaData_fma_large/row42525.csv
Execution time: 23.78701615333557 seconds
metaTables/vocal_music_demucs_16k/metaData_fma_large/row42526.csv
Execution time: 24.628035306930542 seconds
metaTables/vocal_music_demucs_16k/metaData_fma_large/row42527.csv
Execution time: 23.787888526916504 seconds
metaTables/vocal_music_demucs_16k/metaData_fma_large/row42528.csv
Execution time: 24.953233003616333 seconds
metaTables/vocal_music_demucs_16k/metaData_fma_large/row42529.csv
Execution time: 25.11794090270996 seconds
metaTables/vocal_music_demucs_16k/metaData_fma_large/row42530.csv
Execution time: 24.269322395324707 seconds
metaTables/vocal_music_demucs_16k/metaData_fma_large/row42531.csv
Execution time: 24.23808741569519 seconds
metaTables/vocal_music_demucs_16k/metaData_fma_large/row42532.csv
Execution time: 25.057892322540283 seconds
metaTables/vocal_music_demucs_16k/metaData_fma_large/row42533.csv
Execution time: 24.24260640144348 seconds
metaTables/vocal_music_demucs_16k/metaData_fma_large/row42534.csv
Execution time: 24.791786670684814 seconds
metaTables/vocal_music_demucs_16k/metaData_fma_large/row42535.csv
Execution time: 24.70621418952942 seconds
metaTables/vocal_music_demucs_16k/metaData_fma_large/row42536.csv
Execution time: 23.503106117248535 seconds
metaTables/vocal_music_demucs_16k/metaData_fma_large/row42537.csv
Execution time: 25.4662082195282 seconds
metaTables/vocal_music_demucs_16k/metaData_fma_large/row42538.csv
Execution time: 25.63317608833313 seconds
metaTables/vocal_music_demucs_16k/metaData_fma_large/row42539.csv
Execution time: 24.050337076187134 seconds
metaTables/vocal_music_demucs_16k/metaData_fma_large/row42540.csv
Execution time: 24.72922396659851 seconds
metaTables/vocal_music_demucs_16k/metaData_fma_large/row42541.csv
Execution time: 24.90458083152771 seconds
metaTables/vocal_music_demucs_16k/metaData_fma_large/row42542.csv
Execution time: 25.106966733932495 seconds
metaTables/vocal_music_demucs_16k/metaData_fma_large/row42543.csv
Execution time: 24.791743755340576 seconds
metaTables/vocal_music_demucs_16k/metaData_fma_large/row42544.csv
Execution time: 23.954373121261597 seconds
metaTables/vocal_music_demucs_16k/metaData_fma_large/row42545.csv
Execution time: 24.5374276638031 seconds
metaTables/vocal_music_demucs_16k/metaData_fma_large/row42546.csv
Execution time: 24.459322929382324 seconds
metaTables/vocal_music_demucs_16k/metaData_fma_large/row42547.csv
Execution time: 24.993595123291016 seconds
metaTables/vocal_music_demucs_16k/metaData_fma_large/row42548.csv
Execution time: 25.709749698638916 seconds
metaTables/vocal_music_demucs_16k/metaData_fma_large/row42549.csv
Execution time: 16.46564030647278 seconds
metaTables/vocal_music_demucs_16k/metaData_fma_large/row42550.csv
Execution time: 23.469754934310913 seconds
metaTables/vocal_music_demucs_16k/metaData_fma_large/row42551.csv
Execution time: 24.938729286193848 seconds
metaTables/vocal_music_demucs_16k/metaData_fma_large/row42552.csv
Execution time: 24.515116214752197 seconds
metaTables/vocal_music_demucs_16k/metaData_fma_large/row42553.csv
Execution time: 25.279366493225098 seconds
metaTables/vocal_music_demucs_16k/metaData_fma_large/row42554.csv
Execution time: 25.399304389953613 seconds
metaTables/vocal_music_demucs_16k/metaData_fma_large/row42555.csv
Execution time: 25.12831401824951 seconds
metaTables/vocal_music_demucs_16k/metaData_fma_large/row42556.csv
Execution time: 25.51755166053772 seconds
metaTables/vocal_music_demucs_16k/metaData_fma_large/row42557.csv
Execution time: 24.80400800704956 seconds
metaTables/vocal_music_demucs_16k/metaData_fma_large/row42558.csv
Execution time: 23.678946256637573 seconds
metaTables/vocal_music_demucs_16k/metaData_fma_large/row42559.csv
Execution time: 25.024864435195923 seconds
metaTables/vocal_music_demucs_16k/metaData_fma_large/row42560.csv
Execution time: 24.043527126312256 seconds
metaTables/vocal_music_demucs_16k/metaData_fma_large/row42561.csv
Execution time: 24.369903802871704 seconds
metaTables/vocal_music_demucs_16k/metaData_fma_large/row42562.csv
Execution time: 24.393418073654175 seconds
metaTables/vocal_music_demucs_16k/metaData_fma_large/row42563.csv
Execution time: 24.523909091949463 seconds
metaTables/vocal_music_demucs_16k/metaData_fma_large/row42564.csv
Execution time: 25.451974868774414 seconds
metaTables/vocal_music_demucs_16k/metaData_fma_large/row42565.csv
Execution time: 24.60533380508423 seconds
metaTables/vocal_music_demucs_16k/metaData_fma_large/row42566.csv
Execution time: 24.848222494125366 seconds
metaTables/vocal_music_demucs_16k/metaData_fma_large/row42567.csv
Execution time: 26.253729104995728 seconds
metaTables/vocal_music_demucs_16k/metaData_fma_large/row42568.csv
Execution time: 25.07634735107422 seconds
metaTables/vocal_music_demucs_16k/metaData_fma_large/row42569.csv
Execution time: 25.645302772521973 seconds
metaTables/vocal_music_demucs_16k/metaData_fma_large/row42570.csv
Execution time: 24.496604442596436 seconds
metaTables/vocal_music_demucs_16k/metaData_fma_large/row42571.csv
Execution time: 25.59265899658203 seconds
metaTables/vocal_music_demucs_16k/metaData_fma_large/row42572.csv
Execution time: 25.1887366771698 seconds
metaTables/vocal_music_demucs_16k/metaData_fma_large/row42573.csv
Execution time: 25.233506202697754 seconds
metaTables/vocal_music_demucs_16k/metaData_fma_large/row42574.csv
Execution time: 25.02964210510254 seconds
metaTables/vocal_music_demucs_16k/metaData_fma_large/row42575.csv
Execution time: 24.933422327041626 seconds
metaTables/vocal_music_demucs_16k/metaData_fma_large/row42576.csv
Execution time: 25.76971983909607 seconds
metaTables/vocal_music_demucs_16k/metaData_fma_large/row42577.csv
Execution time: 25.28638768196106 seconds
metaTables/vocal_music_demucs_16k/metaData_fma_large/row42578.csv
Execution time: 23.615903854370117 seconds
metaTables/vocal_music_demucs_16k/metaData_fma_large/row42579.csv
Execution time: 25.338717222213745 seconds
metaTables/vocal_music_demucs_16k/metaData_fma_large/row42580.csv
Execution time: 24.67975401878357 seconds
metaTables/vocal_music_demucs_16k/metaData_fma_large/row42581.csv
Execution time: 24.970577478408813 seconds
metaTables/vocal_music_demucs_16k/metaData_fma_large/row42582.csv
Execution time: 25.123126745224 seconds
metaTables/vocal_music_demucs_16k/metaData_fma_large/row42583.csv
Execution time: 24.652249336242676 seconds
metaTables/vocal_music_demucs_16k/metaData_fma_large/row42584.csv
Execution time: 24.628353357315063 seconds
metaTables/vocal_music_demucs_16k/metaData_fma_large/row42585.csv
Execution time: 25.267627477645874 seconds
metaTables/vocal_music_demucs_16k/metaData_fma_large/row42586.csv
Execution time: 24.223750114440918 seconds
metaTables/vocal_music_demucs_16k/metaData_fma_large/row42587.csv
Execution time: 24.55987787246704 seconds
metaTables/vocal_music_demucs_16k/metaData_fma_large/row42588.csv
Execution time: 23.601885080337524 seconds
metaTables/vocal_music_demucs_16k/metaData_fma_large/row42589.csv
Execution time: 24.62741231918335 seconds
metaTables/vocal_music_demucs_16k/metaData_fma_large/row42590.csv
Execution time: 24.10800337791443 seconds
metaTables/vocal_music_demucs_16k/metaData_fma_large/row42591.csv
Execution time: 23.893383264541626 seconds
metaTables/vocal_music_demucs_16k/metaData_fma_large/row42592.csv
Execution time: 25.85194182395935 seconds
metaTables/vocal_music_demucs_16k/metaData_fma_large/row42593.csv
Execution time: 24.719120740890503 seconds
metaTables/vocal_music_demucs_16k/metaData_fma_large/row42594.csv
Execution time: 24.257014989852905 seconds
metaTables/vocal_music_demucs_16k/metaData_fma_large/row42595.csv
Execution time: 24.99171471595764 seconds
metaTables/vocal_music_demucs_16k/metaData_fma_large/row42596.csv
Execution time: 24.34424591064453 seconds
metaTables/vocal_music_demucs_16k/metaData_fma_large/row42597.csv
Execution time: 25.35492491722107 seconds
metaTables/vocal_music_demucs_16k/metaData_fma_large/row42598.csv
Execution time: 24.123701095581055 seconds
metaTables/vocal_music_demucs_16k/metaData_fma_large/row42599.csv
Demucs voice recognition done!
