/ext3/demucs/lib/python3.9/site-packages/demucs/api.py:27: UserWarning: TorchAudio's global backend is now deprecated. Please enable distpatcher by setting `TORCHAUDIO_USE_BACKEND_DISPATCHER=1`, and specify backend when calling load/info/save function.
  import torchaudio as ta
2024-05-10 11:35:02.344715: I tensorflow/core/util/port.cc:113] oneDNN custom operations are on. You may see slightly different numerical results due to floating-point round-off errors from different computation orders. To turn them off, set the environment variable `TF_ENABLE_ONEDNN_OPTS=0`.
2024-05-10 11:35:04.033900: E external/local_xla/xla/stream_executor/cuda/cuda_dnn.cc:9261] Unable to register cuDNN factory: Attempting to register factory for plugin cuDNN when one has already been registered
2024-05-10 11:35:04.033954: E external/local_xla/xla/stream_executor/cuda/cuda_fft.cc:607] Unable to register cuFFT factory: Attempting to register factory for plugin cuFFT when one has already been registered
2024-05-10 11:35:04.295884: E external/local_xla/xla/stream_executor/cuda/cuda_blas.cc:1515] Unable to register cuBLAS factory: Attempting to register factory for plugin cuBLAS when one has already been registered
2024-05-10 11:35:04.470053: I tensorflow/core/platform/cpu_feature_guard.cc:182] This TensorFlow binary is optimized to use available CPU instructions in performance-critical operations.
To enable the following instructions: AVX2 AVX512F AVX512_VNNI FMA, in other operations, rebuild TensorFlow with the appropriate compiler flags.
2024-05-10 11:35:05.876122: W tensorflow/compiler/tf2tensorrt/utils/py_utils.cc:38] TF-TRT Warning: Could not find TensorRT
Execution time: 26.614851236343384 seconds
metaTables/vocal_music_demucs_16k/metaData_fma_large/row76300.csv
Execution time: 21.85744595527649 seconds
metaTables/vocal_music_demucs_16k/metaData_fma_large/row76301.csv
Execution time: 22.944544076919556 seconds
metaTables/vocal_music_demucs_16k/metaData_fma_large/row76302.csv
Execution time: 22.800261735916138 seconds
metaTables/vocal_music_demucs_16k/metaData_fma_large/row76303.csv
Execution time: 22.278307676315308 seconds
metaTables/vocal_music_demucs_16k/metaData_fma_large/row76304.csv
Execution time: 22.94676160812378 seconds
metaTables/vocal_music_demucs_16k/metaData_fma_large/row76305.csv
Execution time: 23.402857303619385 seconds
metaTables/vocal_music_demucs_16k/metaData_fma_large/row76306.csv
Execution time: 23.013410806655884 seconds
metaTables/vocal_music_demucs_16k/metaData_fma_large/row76307.csv
Execution time: 22.73379635810852 seconds
metaTables/vocal_music_demucs_16k/metaData_fma_large/row76308.csv
Execution time: 22.521579027175903 seconds
metaTables/vocal_music_demucs_16k/metaData_fma_large/row76309.csv
Execution time: 21.95271325111389 seconds
metaTables/vocal_music_demucs_16k/metaData_fma_large/row76310.csv
Execution time: 23.23603105545044 seconds
metaTables/vocal_music_demucs_16k/metaData_fma_large/row76311.csv
Execution time: 21.966880559921265 seconds
metaTables/vocal_music_demucs_16k/metaData_fma_large/row76312.csv
Execution time: 24.47957468032837 seconds
metaTables/vocal_music_demucs_16k/metaData_fma_large/row76313.csv
Execution time: 23.0808744430542 seconds
metaTables/vocal_music_demucs_16k/metaData_fma_large/row76314.csv
Execution time: 22.27489709854126 seconds
metaTables/vocal_music_demucs_16k/metaData_fma_large/row76315.csv
Execution time: 23.8837628364563 seconds
metaTables/vocal_music_demucs_16k/metaData_fma_large/row76316.csv
Execution time: 22.695321321487427 seconds
metaTables/vocal_music_demucs_16k/metaData_fma_large/row76317.csv
Execution time: 22.665433406829834 seconds
metaTables/vocal_music_demucs_16k/metaData_fma_large/row76318.csv
Execution time: 22.424393892288208 seconds
metaTables/vocal_music_demucs_16k/metaData_fma_large/row76319.csv
Execution time: 23.48296856880188 seconds
metaTables/vocal_music_demucs_16k/metaData_fma_large/row76320.csv
Execution time: 23.255781888961792 seconds
metaTables/vocal_music_demucs_16k/metaData_fma_large/row76321.csv
Execution time: 22.524826049804688 seconds
metaTables/vocal_music_demucs_16k/metaData_fma_large/row76322.csv
Execution time: 22.497780323028564 seconds
metaTables/vocal_music_demucs_16k/metaData_fma_large/row76323.csv
Execution time: 22.841219186782837 seconds
metaTables/vocal_music_demucs_16k/metaData_fma_large/row76324.csv
Execution time: 22.988426208496094 seconds
metaTables/vocal_music_demucs_16k/metaData_fma_large/row76325.csv
Execution time: 25.82943367958069 seconds
metaTables/vocal_music_demucs_16k/metaData_fma_large/row76326.csv
Execution time: 21.315635681152344 seconds
metaTables/vocal_music_demucs_16k/metaData_fma_large/row76327.csv
Execution time: 23.423115491867065 seconds
metaTables/vocal_music_demucs_16k/metaData_fma_large/row76328.csv
Execution time: 23.484259605407715 seconds
metaTables/vocal_music_demucs_16k/metaData_fma_large/row76329.csv
Execution time: 21.740402936935425 seconds
metaTables/vocal_music_demucs_16k/metaData_fma_large/row76330.csv
Execution time: 22.90924859046936 seconds
metaTables/vocal_music_demucs_16k/metaData_fma_large/row76331.csv
Execution time: 21.837686777114868 seconds
metaTables/vocal_music_demucs_16k/metaData_fma_large/row76332.csv
Execution time: 23.756237983703613 seconds
metaTables/vocal_music_demucs_16k/metaData_fma_large/row76333.csv
Execution time: 23.727909564971924 seconds
metaTables/vocal_music_demucs_16k/metaData_fma_large/row76334.csv
Execution time: 22.830119371414185 seconds
metaTables/vocal_music_demucs_16k/metaData_fma_large/row76335.csv
Execution time: 22.525418996810913 seconds
metaTables/vocal_music_demucs_16k/metaData_fma_large/row76336.csv
Execution time: 21.405755519866943 seconds
metaTables/vocal_music_demucs_16k/metaData_fma_large/row76337.csv
Execution time: 22.804930686950684 seconds
metaTables/vocal_music_demucs_16k/metaData_fma_large/row76338.csv
Execution time: 24.926652193069458 seconds
metaTables/vocal_music_demucs_16k/metaData_fma_large/row76339.csv
Execution time: 23.515151739120483 seconds
metaTables/vocal_music_demucs_16k/metaData_fma_large/row76340.csv
Execution time: 22.58980417251587 seconds
metaTables/vocal_music_demucs_16k/metaData_fma_large/row76341.csv
Execution time: 21.892780780792236 seconds
metaTables/vocal_music_demucs_16k/metaData_fma_large/row76342.csv
Execution time: 22.47570013999939 seconds
metaTables/vocal_music_demucs_16k/metaData_fma_large/row76343.csv
Execution time: 22.83766531944275 seconds
metaTables/vocal_music_demucs_16k/metaData_fma_large/row76344.csv
Execution time: 23.21070408821106 seconds
metaTables/vocal_music_demucs_16k/metaData_fma_large/row76345.csv
Execution time: 22.849568128585815 seconds
metaTables/vocal_music_demucs_16k/metaData_fma_large/row76346.csv
Execution time: 24.260854959487915 seconds
metaTables/vocal_music_demucs_16k/metaData_fma_large/row76347.csv
Execution time: 22.032785654067993 seconds
metaTables/vocal_music_demucs_16k/metaData_fma_large/row76348.csv
Execution time: 22.48706841468811 seconds
metaTables/vocal_music_demucs_16k/metaData_fma_large/row76349.csv
Execution time: 22.669684648513794 seconds
metaTables/vocal_music_demucs_16k/metaData_fma_large/row76350.csv
Execution time: 8.221104145050049 seconds
metaTables/vocal_music_demucs_16k/metaData_fma_large/row76351.csv
Execution time: 23.47016668319702 seconds
metaTables/vocal_music_demucs_16k/metaData_fma_large/row76352.csv
Execution time: 23.814368724822998 seconds
metaTables/vocal_music_demucs_16k/metaData_fma_large/row76353.csv
Execution time: 21.858160257339478 seconds
metaTables/vocal_music_demucs_16k/metaData_fma_large/row76354.csv
Execution time: 22.862377405166626 seconds
metaTables/vocal_music_demucs_16k/metaData_fma_large/row76355.csv
Execution time: 21.952357292175293 seconds
metaTables/vocal_music_demucs_16k/metaData_fma_large/row76356.csv
Execution time: 21.989083290100098 seconds
metaTables/vocal_music_demucs_16k/metaData_fma_large/row76357.csv
Execution time: 21.884787559509277 seconds
metaTables/vocal_music_demucs_16k/metaData_fma_large/row76358.csv
Execution time: 22.90218496322632 seconds
metaTables/vocal_music_demucs_16k/metaData_fma_large/row76359.csv
Execution time: 23.032681465148926 seconds
metaTables/vocal_music_demucs_16k/metaData_fma_large/row76360.csv
Execution time: 22.484843730926514 seconds
metaTables/vocal_music_demucs_16k/metaData_fma_large/row76361.csv
Execution time: 22.03321075439453 seconds
metaTables/vocal_music_demucs_16k/metaData_fma_large/row76362.csv
Execution time: 22.38616156578064 seconds
metaTables/vocal_music_demucs_16k/metaData_fma_large/row76363.csv
Execution time: 22.589221715927124 seconds
metaTables/vocal_music_demucs_16k/metaData_fma_large/row76364.csv
Execution time: 22.19626235961914 seconds
metaTables/vocal_music_demucs_16k/metaData_fma_large/row76365.csv
Execution time: 22.3832528591156 seconds
metaTables/vocal_music_demucs_16k/metaData_fma_large/row76366.csv
Execution time: 21.496121406555176 seconds
metaTables/vocal_music_demucs_16k/metaData_fma_large/row76367.csv
Execution time: 22.181224584579468 seconds
metaTables/vocal_music_demucs_16k/metaData_fma_large/row76368.csv
Execution time: 22.291073322296143 seconds
metaTables/vocal_music_demucs_16k/metaData_fma_large/row76369.csv
Execution time: 22.782710313796997 seconds
metaTables/vocal_music_demucs_16k/metaData_fma_large/row76370.csv
Execution time: 23.43741798400879 seconds
metaTables/vocal_music_demucs_16k/metaData_fma_large/row76371.csv
Execution time: 23.007794618606567 seconds
metaTables/vocal_music_demucs_16k/metaData_fma_large/row76372.csv
Execution time: 23.816025972366333 seconds
metaTables/vocal_music_demucs_16k/metaData_fma_large/row76373.csv
Execution time: 22.71193814277649 seconds
metaTables/vocal_music_demucs_16k/metaData_fma_large/row76374.csv
Execution time: 23.337774753570557 seconds
metaTables/vocal_music_demucs_16k/metaData_fma_large/row76375.csv
Execution time: 20.36058020591736 seconds
metaTables/vocal_music_demucs_16k/metaData_fma_large/row76376.csv
Execution time: 19.652318716049194 seconds
metaTables/vocal_music_demucs_16k/metaData_fma_large/row76377.csv
Execution time: 19.781412363052368 seconds
metaTables/vocal_music_demucs_16k/metaData_fma_large/row76378.csv
Execution time: 20.359996795654297 seconds
metaTables/vocal_music_demucs_16k/metaData_fma_large/row76379.csv
Execution time: 19.6932590007782 seconds
metaTables/vocal_music_demucs_16k/metaData_fma_large/row76380.csv
Execution time: 20.198161602020264 seconds
metaTables/vocal_music_demucs_16k/metaData_fma_large/row76381.csv
Execution time: 19.944039583206177 seconds
metaTables/vocal_music_demucs_16k/metaData_fma_large/row76382.csv
Execution time: 20.618475437164307 seconds
metaTables/vocal_music_demucs_16k/metaData_fma_large/row76383.csv
Execution time: 20.265387296676636 seconds
metaTables/vocal_music_demucs_16k/metaData_fma_large/row76384.csv
Execution time: 20.110013484954834 seconds
metaTables/vocal_music_demucs_16k/metaData_fma_large/row76385.csv
Execution time: 20.660627126693726 seconds
metaTables/vocal_music_demucs_16k/metaData_fma_large/row76386.csv
Execution time: 20.24186134338379 seconds
metaTables/vocal_music_demucs_16k/metaData_fma_large/row76387.csv
Execution time: 20.338433027267456 seconds
metaTables/vocal_music_demucs_16k/metaData_fma_large/row76388.csv
Execution time: 20.09253239631653 seconds
metaTables/vocal_music_demucs_16k/metaData_fma_large/row76389.csv
Execution time: 19.29401922225952 seconds
metaTables/vocal_music_demucs_16k/metaData_fma_large/row76390.csv
Execution time: 19.357395887374878 seconds
metaTables/vocal_music_demucs_16k/metaData_fma_large/row76391.csv
Execution time: 20.104057550430298 seconds
metaTables/vocal_music_demucs_16k/metaData_fma_large/row76392.csv
Execution time: 20.809712409973145 seconds
metaTables/vocal_music_demucs_16k/metaData_fma_large/row76393.csv
Execution time: 20.367462635040283 seconds
metaTables/vocal_music_demucs_16k/metaData_fma_large/row76394.csv
Execution time: 20.275848865509033 seconds
metaTables/vocal_music_demucs_16k/metaData_fma_large/row76395.csv
Execution time: 20.1866672039032 seconds
metaTables/vocal_music_demucs_16k/metaData_fma_large/row76396.csv
Execution time: 20.164361000061035 seconds
metaTables/vocal_music_demucs_16k/metaData_fma_large/row76397.csv
Execution time: 19.473548889160156 seconds
metaTables/vocal_music_demucs_16k/metaData_fma_large/row76398.csv
Execution time: 19.755895137786865 seconds
metaTables/vocal_music_demucs_16k/metaData_fma_large/row76399.csv
Demucs voice recognition done!
