/ext3/demucs/lib/python3.9/site-packages/demucs/api.py:27: UserWarning: TorchAudio's global backend is now deprecated. Please enable distpatcher by setting `TORCHAUDIO_USE_BACKEND_DISPATCHER=1`, and specify backend when calling load/info/save function.
  import torchaudio as ta
2024-05-10 11:32:32.826384: I tensorflow/core/util/port.cc:113] oneDNN custom operations are on. You may see slightly different numerical results due to floating-point round-off errors from different computation orders. To turn them off, set the environment variable `TF_ENABLE_ONEDNN_OPTS=0`.
2024-05-10 11:32:34.853599: E external/local_xla/xla/stream_executor/cuda/cuda_dnn.cc:9261] Unable to register cuDNN factory: Attempting to register factory for plugin cuDNN when one has already been registered
2024-05-10 11:32:34.853640: E external/local_xla/xla/stream_executor/cuda/cuda_fft.cc:607] Unable to register cuFFT factory: Attempting to register factory for plugin cuFFT when one has already been registered
2024-05-10 11:32:34.948710: E external/local_xla/xla/stream_executor/cuda/cuda_blas.cc:1515] Unable to register cuBLAS factory: Attempting to register factory for plugin cuBLAS when one has already been registered
2024-05-10 11:32:35.259883: I tensorflow/core/platform/cpu_feature_guard.cc:182] This TensorFlow binary is optimized to use available CPU instructions in performance-critical operations.
To enable the following instructions: AVX2 AVX512F AVX512_VNNI FMA, in other operations, rebuild TensorFlow with the appropriate compiler flags.
2024-05-10 11:32:37.512126: W tensorflow/compiler/tf2tensorrt/utils/py_utils.cc:38] TF-TRT Warning: Could not find TensorRT
Execution time: 28.743428230285645 seconds
metaTables/vocal_music_demucs_16k/metaData_fma_large/row8400.csv
Execution time: 27.344990968704224 seconds
metaTables/vocal_music_demucs_16k/metaData_fma_large/row8401.csv
Execution time: 28.03780460357666 seconds
metaTables/vocal_music_demucs_16k/metaData_fma_large/row8402.csv
Execution time: 27.027191162109375 seconds
metaTables/vocal_music_demucs_16k/metaData_fma_large/row8403.csv
Execution time: 27.91934585571289 seconds
metaTables/vocal_music_demucs_16k/metaData_fma_large/row8404.csv
Execution time: 27.85888957977295 seconds
metaTables/vocal_music_demucs_16k/metaData_fma_large/row8405.csv
Execution time: 27.710095405578613 seconds
metaTables/vocal_music_demucs_16k/metaData_fma_large/row8406.csv
Execution time: 27.346438884735107 seconds
metaTables/vocal_music_demucs_16k/metaData_fma_large/row8407.csv
Execution time: 28.555000066757202 seconds
metaTables/vocal_music_demucs_16k/metaData_fma_large/row8408.csv
Execution time: 27.083836317062378 seconds
metaTables/vocal_music_demucs_16k/metaData_fma_large/row8409.csv
Execution time: 28.31606364250183 seconds
metaTables/vocal_music_demucs_16k/metaData_fma_large/row8410.csv
Execution time: 27.63462471961975 seconds
metaTables/vocal_music_demucs_16k/metaData_fma_large/row8411.csv
Execution time: 28.121896028518677 seconds
metaTables/vocal_music_demucs_16k/metaData_fma_large/row8412.csv
Execution time: 28.692670822143555 seconds
metaTables/vocal_music_demucs_16k/metaData_fma_large/row8413.csv
Execution time: 28.453731298446655 seconds
metaTables/vocal_music_demucs_16k/metaData_fma_large/row8414.csv
Execution time: 27.481137990951538 seconds
metaTables/vocal_music_demucs_16k/metaData_fma_large/row8415.csv
Execution time: 27.60835337638855 seconds
metaTables/vocal_music_demucs_16k/metaData_fma_large/row8416.csv
Execution time: 27.351961851119995 seconds
metaTables/vocal_music_demucs_16k/metaData_fma_large/row8417.csv
Execution time: 27.17328405380249 seconds
metaTables/vocal_music_demucs_16k/metaData_fma_large/row8418.csv
Execution time: 27.965336561203003 seconds
metaTables/vocal_music_demucs_16k/metaData_fma_large/row8419.csv
Execution time: 28.724531888961792 seconds
metaTables/vocal_music_demucs_16k/metaData_fma_large/row8420.csv
Execution time: 27.7215359210968 seconds
metaTables/vocal_music_demucs_16k/metaData_fma_large/row8421.csv
Execution time: 27.91453766822815 seconds
metaTables/vocal_music_demucs_16k/metaData_fma_large/row8422.csv
Execution time: 27.901545763015747 seconds
metaTables/vocal_music_demucs_16k/metaData_fma_large/row8423.csv
Execution time: 28.089954376220703 seconds
metaTables/vocal_music_demucs_16k/metaData_fma_large/row8424.csv
Execution time: 27.82190775871277 seconds
metaTables/vocal_music_demucs_16k/metaData_fma_large/row8425.csv
Execution time: 28.46307063102722 seconds
metaTables/vocal_music_demucs_16k/metaData_fma_large/row8426.csv
Execution time: 27.397136211395264 seconds
metaTables/vocal_music_demucs_16k/metaData_fma_large/row8427.csv
Execution time: 29.17291021347046 seconds
metaTables/vocal_music_demucs_16k/metaData_fma_large/row8428.csv
Execution time: 28.005790948867798 seconds
metaTables/vocal_music_demucs_16k/metaData_fma_large/row8429.csv
Execution time: 27.87148141860962 seconds
metaTables/vocal_music_demucs_16k/metaData_fma_large/row8430.csv
Execution time: 28.82340979576111 seconds
metaTables/vocal_music_demucs_16k/metaData_fma_large/row8431.csv
Execution time: 27.812678337097168 seconds
metaTables/vocal_music_demucs_16k/metaData_fma_large/row8432.csv
Execution time: 27.722609996795654 seconds
metaTables/vocal_music_demucs_16k/metaData_fma_large/row8433.csv
Execution time: 28.46228814125061 seconds
metaTables/vocal_music_demucs_16k/metaData_fma_large/row8434.csv
Execution time: 27.66780924797058 seconds
metaTables/vocal_music_demucs_16k/metaData_fma_large/row8435.csv
Execution time: 27.870116472244263 seconds
metaTables/vocal_music_demucs_16k/metaData_fma_large/row8436.csv
Execution time: 27.90086317062378 seconds
metaTables/vocal_music_demucs_16k/metaData_fma_large/row8437.csv
Execution time: 27.660956859588623 seconds
metaTables/vocal_music_demucs_16k/metaData_fma_large/row8438.csv
Execution time: 28.981395959854126 seconds
metaTables/vocal_music_demucs_16k/metaData_fma_large/row8439.csv
Execution time: 28.12321662902832 seconds
metaTables/vocal_music_demucs_16k/metaData_fma_large/row8440.csv
Execution time: 28.002175331115723 seconds
metaTables/vocal_music_demucs_16k/metaData_fma_large/row8441.csv
Execution time: 28.088335752487183 seconds
metaTables/vocal_music_demucs_16k/metaData_fma_large/row8442.csv
Execution time: 27.44739294052124 seconds
metaTables/vocal_music_demucs_16k/metaData_fma_large/row8443.csv
Execution time: 28.084705114364624 seconds
metaTables/vocal_music_demucs_16k/metaData_fma_large/row8444.csv
Execution time: 27.432778120040894 seconds
metaTables/vocal_music_demucs_16k/metaData_fma_large/row8445.csv
Execution time: 27.560301303863525 seconds
metaTables/vocal_music_demucs_16k/metaData_fma_large/row8446.csv
Execution time: 29.308308124542236 seconds
metaTables/vocal_music_demucs_16k/metaData_fma_large/row8447.csv
Execution time: 27.983009576797485 seconds
metaTables/vocal_music_demucs_16k/metaData_fma_large/row8448.csv
Execution time: 27.88184428215027 seconds
metaTables/vocal_music_demucs_16k/metaData_fma_large/row8449.csv
Execution time: 28.009905099868774 seconds
metaTables/vocal_music_demucs_16k/metaData_fma_large/row8450.csv
Execution time: 28.777987957000732 seconds
metaTables/vocal_music_demucs_16k/metaData_fma_large/row8451.csv
Execution time: 28.884079933166504 seconds
metaTables/vocal_music_demucs_16k/metaData_fma_large/row8452.csv
Execution time: 29.27602529525757 seconds
metaTables/vocal_music_demucs_16k/metaData_fma_large/row8453.csv
Execution time: 28.45240569114685 seconds
metaTables/vocal_music_demucs_16k/metaData_fma_large/row8454.csv
Execution time: 28.408429384231567 seconds
metaTables/vocal_music_demucs_16k/metaData_fma_large/row8455.csv
Execution time: 28.891807317733765 seconds
metaTables/vocal_music_demucs_16k/metaData_fma_large/row8456.csv
Execution time: 28.593692302703857 seconds
metaTables/vocal_music_demucs_16k/metaData_fma_large/row8457.csv
Execution time: 27.615089416503906 seconds
metaTables/vocal_music_demucs_16k/metaData_fma_large/row8458.csv
Execution time: 18.364381551742554 seconds
metaTables/vocal_music_demucs_16k/metaData_fma_large/row8459.csv
Execution time: 27.472262620925903 seconds
metaTables/vocal_music_demucs_16k/metaData_fma_large/row8460.csv
Execution time: 28.441519260406494 seconds
metaTables/vocal_music_demucs_16k/metaData_fma_large/row8461.csv
Execution time: 27.636022329330444 seconds
metaTables/vocal_music_demucs_16k/metaData_fma_large/row8462.csv
Execution time: 28.304245471954346 seconds
metaTables/vocal_music_demucs_16k/metaData_fma_large/row8463.csv
Execution time: 27.81430220603943 seconds
metaTables/vocal_music_demucs_16k/metaData_fma_large/row8464.csv
Execution time: 27.784977197647095 seconds
metaTables/vocal_music_demucs_16k/metaData_fma_large/row8465.csv
Execution time: 27.866958618164062 seconds
metaTables/vocal_music_demucs_16k/metaData_fma_large/row8466.csv
Execution time: 27.646939754486084 seconds
metaTables/vocal_music_demucs_16k/metaData_fma_large/row8467.csv
Execution time: 28.031686544418335 seconds
metaTables/vocal_music_demucs_16k/metaData_fma_large/row8468.csv
Execution time: 27.590397834777832 seconds
metaTables/vocal_music_demucs_16k/metaData_fma_large/row8469.csv
Execution time: 28.550574779510498 seconds
metaTables/vocal_music_demucs_16k/metaData_fma_large/row8470.csv
Execution time: 28.270650386810303 seconds
metaTables/vocal_music_demucs_16k/metaData_fma_large/row8471.csv
Execution time: 27.71471357345581 seconds
metaTables/vocal_music_demucs_16k/metaData_fma_large/row8472.csv
Execution time: 28.03078818321228 seconds
metaTables/vocal_music_demucs_16k/metaData_fma_large/row8473.csv
Execution time: 27.557698965072632 seconds
metaTables/vocal_music_demucs_16k/metaData_fma_large/row8474.csv
Execution time: 28.677582025527954 seconds
metaTables/vocal_music_demucs_16k/metaData_fma_large/row8475.csv
Execution time: 28.65023112297058 seconds
metaTables/vocal_music_demucs_16k/metaData_fma_large/row8476.csv
Execution time: 28.67215371131897 seconds
metaTables/vocal_music_demucs_16k/metaData_fma_large/row8477.csv
Execution time: 29.198416471481323 seconds
metaTables/vocal_music_demucs_16k/metaData_fma_large/row8478.csv
Execution time: 29.574355602264404 seconds
metaTables/vocal_music_demucs_16k/metaData_fma_large/row8479.csv
Execution time: 28.527421712875366 seconds
metaTables/vocal_music_demucs_16k/metaData_fma_large/row8480.csv
Execution time: 27.667399644851685 seconds
metaTables/vocal_music_demucs_16k/metaData_fma_large/row8481.csv
Execution time: 28.02015256881714 seconds
metaTables/vocal_music_demucs_16k/metaData_fma_large/row8482.csv
Execution time: 27.390857934951782 seconds
metaTables/vocal_music_demucs_16k/metaData_fma_large/row8483.csv
Execution time: 28.627138137817383 seconds
metaTables/vocal_music_demucs_16k/metaData_fma_large/row8484.csv
Execution time: 28.151633977890015 seconds
metaTables/vocal_music_demucs_16k/metaData_fma_large/row8485.csv
Execution time: 28.719632625579834 seconds
metaTables/vocal_music_demucs_16k/metaData_fma_large/row8486.csv
Execution time: 27.37828302383423 seconds
metaTables/vocal_music_demucs_16k/metaData_fma_large/row8487.csv
Execution time: 27.259510040283203 seconds
metaTables/vocal_music_demucs_16k/metaData_fma_large/row8488.csv
Execution time: 27.78098750114441 seconds
metaTables/vocal_music_demucs_16k/metaData_fma_large/row8489.csv
Execution time: 28.481405019760132 seconds
metaTables/vocal_music_demucs_16k/metaData_fma_large/row8490.csv
Execution time: 27.790794610977173 seconds
metaTables/vocal_music_demucs_16k/metaData_fma_large/row8491.csv
Execution time: 28.125200986862183 seconds
metaTables/vocal_music_demucs_16k/metaData_fma_large/row8492.csv
Execution time: 30.01385235786438 seconds
metaTables/vocal_music_demucs_16k/metaData_fma_large/row8493.csv
Execution time: 28.612558841705322 seconds
metaTables/vocal_music_demucs_16k/metaData_fma_large/row8494.csv
Execution time: 27.863672494888306 seconds
metaTables/vocal_music_demucs_16k/metaData_fma_large/row8495.csv
Execution time: 27.62019920349121 seconds
metaTables/vocal_music_demucs_16k/metaData_fma_large/row8496.csv
Execution time: 27.487346410751343 seconds
metaTables/vocal_music_demucs_16k/metaData_fma_large/row8497.csv
Execution time: 28.13990592956543 seconds
metaTables/vocal_music_demucs_16k/metaData_fma_large/row8498.csv
Execution time: 27.0832576751709 seconds
metaTables/vocal_music_demucs_16k/metaData_fma_large/row8499.csv
Demucs voice recognition done!
