/ext3/demucs/lib/python3.9/site-packages/demucs/api.py:27: UserWarning: TorchAudio's global backend is now deprecated. Please enable distpatcher by setting `TORCHAUDIO_USE_BACKEND_DISPATCHER=1`, and specify backend when calling load/info/save function.
  import torchaudio as ta
2024-05-08 23:36:03.870434: I tensorflow/core/util/port.cc:113] oneDNN custom operations are on. You may see slightly different numerical results due to floating-point round-off errors from different computation orders. To turn them off, set the environment variable `TF_ENABLE_ONEDNN_OPTS=0`.
2024-05-08 23:36:08.329723: E external/local_xla/xla/stream_executor/cuda/cuda_dnn.cc:9261] Unable to register cuDNN factory: Attempting to register factory for plugin cuDNN when one has already been registered
2024-05-08 23:36:08.329801: E external/local_xla/xla/stream_executor/cuda/cuda_fft.cc:607] Unable to register cuFFT factory: Attempting to register factory for plugin cuFFT when one has already been registered
2024-05-08 23:36:08.728488: E external/local_xla/xla/stream_executor/cuda/cuda_blas.cc:1515] Unable to register cuBLAS factory: Attempting to register factory for plugin cuBLAS when one has already been registered
2024-05-08 23:36:09.209545: I tensorflow/core/platform/cpu_feature_guard.cc:182] This TensorFlow binary is optimized to use available CPU instructions in performance-critical operations.
To enable the following instructions: AVX2 AVX512F AVX512_VNNI FMA, in other operations, rebuild TensorFlow with the appropriate compiler flags.
2024-05-08 23:36:12.515104: W tensorflow/compiler/tf2tensorrt/utils/py_utils.cc:38] TF-TRT Warning: Could not find TensorRT
Execution time: 30.05429244041443 seconds
metaTables/vocal_music_demucs_16k/metaData_fma_large/row4000.csv
Execution time: 23.89032769203186 seconds
metaTables/vocal_music_demucs_16k/metaData_fma_large/row4001.csv
Execution time: 24.436360836029053 seconds
metaTables/vocal_music_demucs_16k/metaData_fma_large/row4002.csv
Execution time: 24.90371084213257 seconds
metaTables/vocal_music_demucs_16k/metaData_fma_large/row4003.csv
Execution time: 25.472637176513672 seconds
metaTables/vocal_music_demucs_16k/metaData_fma_large/row4004.csv
Execution time: 24.888266563415527 seconds
metaTables/vocal_music_demucs_16k/metaData_fma_large/row4005.csv
Execution time: 24.72053074836731 seconds
metaTables/vocal_music_demucs_16k/metaData_fma_large/row4006.csv
Execution time: 25.055468320846558 seconds
metaTables/vocal_music_demucs_16k/metaData_fma_large/row4007.csv
Execution time: 24.667583465576172 seconds
metaTables/vocal_music_demucs_16k/metaData_fma_large/row4008.csv
Execution time: 23.85915756225586 seconds
metaTables/vocal_music_demucs_16k/metaData_fma_large/row4009.csv
Execution time: 24.519522428512573 seconds
metaTables/vocal_music_demucs_16k/metaData_fma_large/row4010.csv
Execution time: 24.361035346984863 seconds
metaTables/vocal_music_demucs_16k/metaData_fma_large/row4011.csv
Execution time: 24.39796209335327 seconds
metaTables/vocal_music_demucs_16k/metaData_fma_large/row4012.csv
Execution time: 24.997135162353516 seconds
metaTables/vocal_music_demucs_16k/metaData_fma_large/row4013.csv
Execution time: 24.759215116500854 seconds
metaTables/vocal_music_demucs_16k/metaData_fma_large/row4014.csv
Execution time: 24.56875991821289 seconds
metaTables/vocal_music_demucs_16k/metaData_fma_large/row4015.csv
Execution time: 24.629822254180908 seconds
metaTables/vocal_music_demucs_16k/metaData_fma_large/row4016.csv
Execution time: 23.68321180343628 seconds
metaTables/vocal_music_demucs_16k/metaData_fma_large/row4017.csv
Execution time: 24.611068725585938 seconds
metaTables/vocal_music_demucs_16k/metaData_fma_large/row4018.csv
Execution time: 24.387819528579712 seconds
metaTables/vocal_music_demucs_16k/metaData_fma_large/row4019.csv
Execution time: 24.055038928985596 seconds
metaTables/vocal_music_demucs_16k/metaData_fma_large/row4020.csv
Execution time: 24.820380926132202 seconds
metaTables/vocal_music_demucs_16k/metaData_fma_large/row4021.csv
Execution time: 25.11929702758789 seconds
metaTables/vocal_music_demucs_16k/metaData_fma_large/row4022.csv
Execution time: 23.970593214035034 seconds
metaTables/vocal_music_demucs_16k/metaData_fma_large/row4023.csv
Execution time: 16.423280954360962 seconds
metaTables/vocal_music_demucs_16k/metaData_fma_large/row4024.csv
Execution time: 25.15036129951477 seconds
metaTables/vocal_music_demucs_16k/metaData_fma_large/row4025.csv
Execution time: 26.109492778778076 seconds
metaTables/vocal_music_demucs_16k/metaData_fma_large/row4026.csv
Execution time: 24.57701063156128 seconds
metaTables/vocal_music_demucs_16k/metaData_fma_large/row4027.csv
Execution time: 24.246918439865112 seconds
metaTables/vocal_music_demucs_16k/metaData_fma_large/row4028.csv
Execution time: 25.08224129676819 seconds
metaTables/vocal_music_demucs_16k/metaData_fma_large/row4029.csv
Execution time: 24.758496522903442 seconds
metaTables/vocal_music_demucs_16k/metaData_fma_large/row4030.csv
Execution time: 24.447589635849 seconds
metaTables/vocal_music_demucs_16k/metaData_fma_large/row4031.csv
Execution time: 25.589544773101807 seconds
metaTables/vocal_music_demucs_16k/metaData_fma_large/row4032.csv
Execution time: 24.748359203338623 seconds
metaTables/vocal_music_demucs_16k/metaData_fma_large/row4033.csv
Execution time: 24.42474341392517 seconds
metaTables/vocal_music_demucs_16k/metaData_fma_large/row4034.csv
Execution time: 24.615161657333374 seconds
metaTables/vocal_music_demucs_16k/metaData_fma_large/row4035.csv
Execution time: 25.172045707702637 seconds
metaTables/vocal_music_demucs_16k/metaData_fma_large/row4036.csv
Execution time: 24.502891063690186 seconds
metaTables/vocal_music_demucs_16k/metaData_fma_large/row4037.csv
Execution time: 25.11699914932251 seconds
metaTables/vocal_music_demucs_16k/metaData_fma_large/row4038.csv
Execution time: 24.605042219161987 seconds
metaTables/vocal_music_demucs_16k/metaData_fma_large/row4039.csv
Execution time: 25.47702693939209 seconds
metaTables/vocal_music_demucs_16k/metaData_fma_large/row4040.csv
Execution time: 24.604541778564453 seconds
metaTables/vocal_music_demucs_16k/metaData_fma_large/row4041.csv
Execution time: 24.808337688446045 seconds
metaTables/vocal_music_demucs_16k/metaData_fma_large/row4042.csv
Execution time: 24.134653329849243 seconds
metaTables/vocal_music_demucs_16k/metaData_fma_large/row4043.csv
Execution time: 24.659289598464966 seconds
metaTables/vocal_music_demucs_16k/metaData_fma_large/row4044.csv
Execution time: 24.47830629348755 seconds
metaTables/vocal_music_demucs_16k/metaData_fma_large/row4045.csv
Execution time: 24.62367868423462 seconds
metaTables/vocal_music_demucs_16k/metaData_fma_large/row4046.csv
Execution time: 24.9821720123291 seconds
metaTables/vocal_music_demucs_16k/metaData_fma_large/row4047.csv
Execution time: 25.288470029830933 seconds
metaTables/vocal_music_demucs_16k/metaData_fma_large/row4048.csv
Execution time: 24.081541776657104 seconds
metaTables/vocal_music_demucs_16k/metaData_fma_large/row4049.csv
Execution time: 24.863723278045654 seconds
metaTables/vocal_music_demucs_16k/metaData_fma_large/row4050.csv
Execution time: 24.58124303817749 seconds
metaTables/vocal_music_demucs_16k/metaData_fma_large/row4051.csv
Execution time: 25.13378643989563 seconds
metaTables/vocal_music_demucs_16k/metaData_fma_large/row4052.csv
Execution time: 24.498342037200928 seconds
metaTables/vocal_music_demucs_16k/metaData_fma_large/row4053.csv
Execution time: 24.411439418792725 seconds
metaTables/vocal_music_demucs_16k/metaData_fma_large/row4054.csv
Execution time: 24.49563479423523 seconds
metaTables/vocal_music_demucs_16k/metaData_fma_large/row4055.csv
Execution time: 24.960371494293213 seconds
metaTables/vocal_music_demucs_16k/metaData_fma_large/row4056.csv
Execution time: 24.24605941772461 seconds
metaTables/vocal_music_demucs_16k/metaData_fma_large/row4057.csv
Execution time: 24.769516468048096 seconds
metaTables/vocal_music_demucs_16k/metaData_fma_large/row4058.csv
Execution time: 24.913129329681396 seconds
metaTables/vocal_music_demucs_16k/metaData_fma_large/row4059.csv
Execution time: 24.777857542037964 seconds
metaTables/vocal_music_demucs_16k/metaData_fma_large/row4060.csv
Execution time: 25.387266159057617 seconds
metaTables/vocal_music_demucs_16k/metaData_fma_large/row4061.csv
Execution time: 25.235835075378418 seconds
metaTables/vocal_music_demucs_16k/metaData_fma_large/row4062.csv
Execution time: 23.316056966781616 seconds
metaTables/vocal_music_demucs_16k/metaData_fma_large/row4063.csv
Execution time: 24.110008478164673 seconds
metaTables/vocal_music_demucs_16k/metaData_fma_large/row4064.csv
Execution time: 24.868931531906128 seconds
metaTables/vocal_music_demucs_16k/metaData_fma_large/row4065.csv
Execution time: 24.038601636886597 seconds
metaTables/vocal_music_demucs_16k/metaData_fma_large/row4066.csv
Execution time: 23.937118530273438 seconds
metaTables/vocal_music_demucs_16k/metaData_fma_large/row4067.csv
Execution time: 24.723944902420044 seconds
metaTables/vocal_music_demucs_16k/metaData_fma_large/row4068.csv
Execution time: 24.3576717376709 seconds
metaTables/vocal_music_demucs_16k/metaData_fma_large/row4069.csv
Execution time: 24.3944673538208 seconds
metaTables/vocal_music_demucs_16k/metaData_fma_large/row4070.csv
Execution time: 24.537296772003174 seconds
metaTables/vocal_music_demucs_16k/metaData_fma_large/row4071.csv
Execution time: 23.99655032157898 seconds
metaTables/vocal_music_demucs_16k/metaData_fma_large/row4072.csv
Execution time: 24.701871871948242 seconds
metaTables/vocal_music_demucs_16k/metaData_fma_large/row4073.csv
Execution time: 24.674352407455444 seconds
metaTables/vocal_music_demucs_16k/metaData_fma_large/row4074.csv
Execution time: 24.577306509017944 seconds
metaTables/vocal_music_demucs_16k/metaData_fma_large/row4075.csv
Execution time: 24.22564172744751 seconds
metaTables/vocal_music_demucs_16k/metaData_fma_large/row4076.csv
Execution time: 23.980303525924683 seconds
metaTables/vocal_music_demucs_16k/metaData_fma_large/row4077.csv
Execution time: 24.417438983917236 seconds
metaTables/vocal_music_demucs_16k/metaData_fma_large/row4078.csv
Execution time: 24.735459566116333 seconds
metaTables/vocal_music_demucs_16k/metaData_fma_large/row4079.csv
Execution time: 24.701964616775513 seconds
metaTables/vocal_music_demucs_16k/metaData_fma_large/row4080.csv
Execution time: 25.326537370681763 seconds
metaTables/vocal_music_demucs_16k/metaData_fma_large/row4081.csv
Execution time: 23.14618492126465 seconds
metaTables/vocal_music_demucs_16k/metaData_fma_large/row4082.csv
Execution time: 23.83894157409668 seconds
metaTables/vocal_music_demucs_16k/metaData_fma_large/row4083.csv
Execution time: 24.678884983062744 seconds
metaTables/vocal_music_demucs_16k/metaData_fma_large/row4084.csv
Execution time: 24.8093843460083 seconds
metaTables/vocal_music_demucs_16k/metaData_fma_large/row4085.csv
Execution time: 25.209407091140747 seconds
metaTables/vocal_music_demucs_16k/metaData_fma_large/row4086.csv
Execution time: 24.437305688858032 seconds
metaTables/vocal_music_demucs_16k/metaData_fma_large/row4087.csv
Execution time: 25.01135277748108 seconds
metaTables/vocal_music_demucs_16k/metaData_fma_large/row4088.csv
Execution time: 24.356725692749023 seconds
metaTables/vocal_music_demucs_16k/metaData_fma_large/row4089.csv
Execution time: 24.89503240585327 seconds
metaTables/vocal_music_demucs_16k/metaData_fma_large/row4090.csv
Execution time: 24.782646656036377 seconds
metaTables/vocal_music_demucs_16k/metaData_fma_large/row4091.csv
Execution time: 25.079708337783813 seconds
metaTables/vocal_music_demucs_16k/metaData_fma_large/row4092.csv
Execution time: 24.792426109313965 seconds
metaTables/vocal_music_demucs_16k/metaData_fma_large/row4093.csv
Execution time: 25.025228261947632 seconds
metaTables/vocal_music_demucs_16k/metaData_fma_large/row4094.csv
Execution time: 24.03251576423645 seconds
metaTables/vocal_music_demucs_16k/metaData_fma_large/row4095.csv
Execution time: 23.49177074432373 seconds
metaTables/vocal_music_demucs_16k/metaData_fma_large/row4096.csv
Execution time: 23.778437614440918 seconds
metaTables/vocal_music_demucs_16k/metaData_fma_large/row4097.csv
Execution time: 21.560750722885132 seconds
metaTables/vocal_music_demucs_16k/metaData_fma_large/row4098.csv
Execution time: 23.4182391166687 seconds
metaTables/vocal_music_demucs_16k/metaData_fma_large/row4099.csv
Demucs voice recognition done!
