/ext3/demucs/lib/python3.9/site-packages/demucs/api.py:27: UserWarning: TorchAudio's global backend is now deprecated. Please enable distpatcher by setting `TORCHAUDIO_USE_BACKEND_DISPATCHER=1`, and specify backend when calling load/info/save function.
  import torchaudio as ta
2024-05-08 23:36:03.868977: I tensorflow/core/util/port.cc:113] oneDNN custom operations are on. You may see slightly different numerical results due to floating-point round-off errors from different computation orders. To turn them off, set the environment variable `TF_ENABLE_ONEDNN_OPTS=0`.
2024-05-08 23:36:08.299842: E external/local_xla/xla/stream_executor/cuda/cuda_dnn.cc:9261] Unable to register cuDNN factory: Attempting to register factory for plugin cuDNN when one has already been registered
2024-05-08 23:36:08.299879: E external/local_xla/xla/stream_executor/cuda/cuda_fft.cc:607] Unable to register cuFFT factory: Attempting to register factory for plugin cuFFT when one has already been registered
2024-05-08 23:36:08.680276: E external/local_xla/xla/stream_executor/cuda/cuda_blas.cc:1515] Unable to register cuBLAS factory: Attempting to register factory for plugin cuBLAS when one has already been registered
2024-05-08 23:36:09.117029: I tensorflow/core/platform/cpu_feature_guard.cc:182] This TensorFlow binary is optimized to use available CPU instructions in performance-critical operations.
To enable the following instructions: AVX2 AVX512F AVX512_VNNI FMA, in other operations, rebuild TensorFlow with the appropriate compiler flags.
2024-05-08 23:36:12.529087: W tensorflow/compiler/tf2tensorrt/utils/py_utils.cc:38] TF-TRT Warning: Could not find TensorRT
Execution time: 33.765949726104736 seconds
metaTables/vocal_music_demucs_16k/metaData_fma_large/row28200.csv
Execution time: 29.08418321609497 seconds
metaTables/vocal_music_demucs_16k/metaData_fma_large/row28201.csv
Execution time: 28.751272916793823 seconds
metaTables/vocal_music_demucs_16k/metaData_fma_large/row28202.csv
Execution time: 28.501485586166382 seconds
metaTables/vocal_music_demucs_16k/metaData_fma_large/row28203.csv
Execution time: 28.643646717071533 seconds
metaTables/vocal_music_demucs_16k/metaData_fma_large/row28204.csv
Execution time: 28.751373052597046 seconds
metaTables/vocal_music_demucs_16k/metaData_fma_large/row28205.csv
Execution time: 28.277772188186646 seconds
metaTables/vocal_music_demucs_16k/metaData_fma_large/row28206.csv
Execution time: 27.918022871017456 seconds
metaTables/vocal_music_demucs_16k/metaData_fma_large/row28207.csv
Execution time: 30.2699031829834 seconds
metaTables/vocal_music_demucs_16k/metaData_fma_large/row28208.csv
Execution time: 27.759469985961914 seconds
metaTables/vocal_music_demucs_16k/metaData_fma_large/row28209.csv
Execution time: 27.95370054244995 seconds
metaTables/vocal_music_demucs_16k/metaData_fma_large/row28210.csv
Execution time: 27.691794633865356 seconds
metaTables/vocal_music_demucs_16k/metaData_fma_large/row28211.csv
Execution time: 28.217390298843384 seconds
metaTables/vocal_music_demucs_16k/metaData_fma_large/row28212.csv
Execution time: 28.802301168441772 seconds
metaTables/vocal_music_demucs_16k/metaData_fma_large/row28213.csv
Execution time: 28.444703102111816 seconds
metaTables/vocal_music_demucs_16k/metaData_fma_large/row28214.csv
Execution time: 27.754183292388916 seconds
metaTables/vocal_music_demucs_16k/metaData_fma_large/row28215.csv
Execution time: 28.25871467590332 seconds
metaTables/vocal_music_demucs_16k/metaData_fma_large/row28216.csv
Execution time: 29.333319902420044 seconds
metaTables/vocal_music_demucs_16k/metaData_fma_large/row28217.csv
Execution time: 27.930356740951538 seconds
metaTables/vocal_music_demucs_16k/metaData_fma_large/row28218.csv
Execution time: 27.557772397994995 seconds
metaTables/vocal_music_demucs_16k/metaData_fma_large/row28219.csv
Execution time: 27.80145263671875 seconds
metaTables/vocal_music_demucs_16k/metaData_fma_large/row28220.csv
Execution time: 28.955130338668823 seconds
metaTables/vocal_music_demucs_16k/metaData_fma_large/row28221.csv
Execution time: 28.2350971698761 seconds
metaTables/vocal_music_demucs_16k/metaData_fma_large/row28222.csv
Execution time: 28.051090002059937 seconds
metaTables/vocal_music_demucs_16k/metaData_fma_large/row28223.csv
Execution time: 27.784693241119385 seconds
metaTables/vocal_music_demucs_16k/metaData_fma_large/row28224.csv
Execution time: 28.07341241836548 seconds
metaTables/vocal_music_demucs_16k/metaData_fma_large/row28225.csv
Execution time: 28.54177188873291 seconds
metaTables/vocal_music_demucs_16k/metaData_fma_large/row28226.csv
Execution time: 29.222856760025024 seconds
metaTables/vocal_music_demucs_16k/metaData_fma_large/row28227.csv
Execution time: 27.352275609970093 seconds
metaTables/vocal_music_demucs_16k/metaData_fma_large/row28228.csv
Execution time: 28.52432417869568 seconds
metaTables/vocal_music_demucs_16k/metaData_fma_large/row28229.csv
Execution time: 28.37372589111328 seconds
metaTables/vocal_music_demucs_16k/metaData_fma_large/row28230.csv
Execution time: 28.68192172050476 seconds
metaTables/vocal_music_demucs_16k/metaData_fma_large/row28231.csv
Execution time: 28.465532541275024 seconds
metaTables/vocal_music_demucs_16k/metaData_fma_large/row28232.csv
Execution time: 27.702106475830078 seconds
metaTables/vocal_music_demucs_16k/metaData_fma_large/row28233.csv
Execution time: 28.41297960281372 seconds
metaTables/vocal_music_demucs_16k/metaData_fma_large/row28234.csv
Execution time: 29.357555389404297 seconds
metaTables/vocal_music_demucs_16k/metaData_fma_large/row28235.csv
Execution time: 28.083199501037598 seconds
metaTables/vocal_music_demucs_16k/metaData_fma_large/row28236.csv
Execution time: 28.549181938171387 seconds
metaTables/vocal_music_demucs_16k/metaData_fma_large/row28237.csv
Execution time: 27.88273859024048 seconds
metaTables/vocal_music_demucs_16k/metaData_fma_large/row28238.csv
Execution time: 28.36063051223755 seconds
metaTables/vocal_music_demucs_16k/metaData_fma_large/row28239.csv
Execution time: 28.086180686950684 seconds
metaTables/vocal_music_demucs_16k/metaData_fma_large/row28240.csv
Execution time: 27.724639177322388 seconds
metaTables/vocal_music_demucs_16k/metaData_fma_large/row28241.csv
Execution time: 27.868711233139038 seconds
metaTables/vocal_music_demucs_16k/metaData_fma_large/row28242.csv
Execution time: 28.43188166618347 seconds
metaTables/vocal_music_demucs_16k/metaData_fma_large/row28243.csv
Execution time: 29.258850574493408 seconds
metaTables/vocal_music_demucs_16k/metaData_fma_large/row28244.csv
Execution time: 27.11003088951111 seconds
metaTables/vocal_music_demucs_16k/metaData_fma_large/row28245.csv
Execution time: 28.447355270385742 seconds
metaTables/vocal_music_demucs_16k/metaData_fma_large/row28246.csv
Execution time: 28.65752601623535 seconds
metaTables/vocal_music_demucs_16k/metaData_fma_large/row28247.csv
Execution time: 28.364306449890137 seconds
metaTables/vocal_music_demucs_16k/metaData_fma_large/row28248.csv
Execution time: 27.90837526321411 seconds
metaTables/vocal_music_demucs_16k/metaData_fma_large/row28249.csv
Execution time: 28.1740825176239 seconds
metaTables/vocal_music_demucs_16k/metaData_fma_large/row28250.csv
Execution time: 27.192758798599243 seconds
metaTables/vocal_music_demucs_16k/metaData_fma_large/row28251.csv
Execution time: 27.217454195022583 seconds
metaTables/vocal_music_demucs_16k/metaData_fma_large/row28252.csv
Execution time: 27.93614912033081 seconds
metaTables/vocal_music_demucs_16k/metaData_fma_large/row28253.csv
Execution time: 28.3912832736969 seconds
metaTables/vocal_music_demucs_16k/metaData_fma_large/row28254.csv
Execution time: 28.950328826904297 seconds
metaTables/vocal_music_demucs_16k/metaData_fma_large/row28255.csv
Execution time: 27.587568521499634 seconds
metaTables/vocal_music_demucs_16k/metaData_fma_large/row28256.csv
Execution time: 28.82694172859192 seconds
metaTables/vocal_music_demucs_16k/metaData_fma_large/row28257.csv
Execution time: 28.211772680282593 seconds
metaTables/vocal_music_demucs_16k/metaData_fma_large/row28258.csv
Execution time: 27.475999116897583 seconds
metaTables/vocal_music_demucs_16k/metaData_fma_large/row28259.csv
Execution time: 27.952463388442993 seconds
metaTables/vocal_music_demucs_16k/metaData_fma_large/row28260.csv
Execution time: 27.888309240341187 seconds
metaTables/vocal_music_demucs_16k/metaData_fma_large/row28261.csv
Execution time: 28.04688549041748 seconds
metaTables/vocal_music_demucs_16k/metaData_fma_large/row28262.csv
Execution time: 28.518198251724243 seconds
metaTables/vocal_music_demucs_16k/metaData_fma_large/row28263.csv
Execution time: 28.14895987510681 seconds
metaTables/vocal_music_demucs_16k/metaData_fma_large/row28264.csv
Execution time: 28.273070096969604 seconds
metaTables/vocal_music_demucs_16k/metaData_fma_large/row28265.csv
Execution time: 28.121256113052368 seconds
metaTables/vocal_music_demucs_16k/metaData_fma_large/row28266.csv
Execution time: 28.177753448486328 seconds
metaTables/vocal_music_demucs_16k/metaData_fma_large/row28267.csv
Execution time: 27.36354970932007 seconds
metaTables/vocal_music_demucs_16k/metaData_fma_large/row28268.csv
Execution time: 28.47963237762451 seconds
metaTables/vocal_music_demucs_16k/metaData_fma_large/row28269.csv
Execution time: 28.301814317703247 seconds
metaTables/vocal_music_demucs_16k/metaData_fma_large/row28270.csv
Execution time: 30.302470922470093 seconds
metaTables/vocal_music_demucs_16k/metaData_fma_large/row28271.csv
Execution time: 28.229814767837524 seconds
metaTables/vocal_music_demucs_16k/metaData_fma_large/row28272.csv
Execution time: 29.786628484725952 seconds
metaTables/vocal_music_demucs_16k/metaData_fma_large/row28273.csv
Execution time: 27.47386145591736 seconds
metaTables/vocal_music_demucs_16k/metaData_fma_large/row28274.csv
Execution time: 28.518977642059326 seconds
metaTables/vocal_music_demucs_16k/metaData_fma_large/row28275.csv
Execution time: 27.772799491882324 seconds
metaTables/vocal_music_demucs_16k/metaData_fma_large/row28276.csv
Execution time: 28.736591577529907 seconds
metaTables/vocal_music_demucs_16k/metaData_fma_large/row28277.csv
Execution time: 27.795833110809326 seconds
metaTables/vocal_music_demucs_16k/metaData_fma_large/row28278.csv
Execution time: 27.876430988311768 seconds
metaTables/vocal_music_demucs_16k/metaData_fma_large/row28279.csv
Execution time: 27.801681995391846 seconds
metaTables/vocal_music_demucs_16k/metaData_fma_large/row28280.csv
Execution time: 28.795084714889526 seconds
metaTables/vocal_music_demucs_16k/metaData_fma_large/row28281.csv
Execution time: 28.390363931655884 seconds
metaTables/vocal_music_demucs_16k/metaData_fma_large/row28282.csv
Execution time: 28.296964645385742 seconds
metaTables/vocal_music_demucs_16k/metaData_fma_large/row28283.csv
Execution time: 28.401227951049805 seconds
metaTables/vocal_music_demucs_16k/metaData_fma_large/row28284.csv
Execution time: 28.747867822647095 seconds
metaTables/vocal_music_demucs_16k/metaData_fma_large/row28285.csv
Execution time: 28.145030736923218 seconds
metaTables/vocal_music_demucs_16k/metaData_fma_large/row28286.csv
Execution time: 28.059994220733643 seconds
metaTables/vocal_music_demucs_16k/metaData_fma_large/row28287.csv
Execution time: 27.337985277175903 seconds
metaTables/vocal_music_demucs_16k/metaData_fma_large/row28288.csv
Execution time: 27.475220918655396 seconds
metaTables/vocal_music_demucs_16k/metaData_fma_large/row28289.csv
Execution time: 27.5138041973114 seconds
metaTables/vocal_music_demucs_16k/metaData_fma_large/row28290.csv
Execution time: 29.172852277755737 seconds
metaTables/vocal_music_demucs_16k/metaData_fma_large/row28291.csv
Execution time: 28.75295352935791 seconds
metaTables/vocal_music_demucs_16k/metaData_fma_large/row28292.csv
Execution time: 28.034117460250854 seconds
metaTables/vocal_music_demucs_16k/metaData_fma_large/row28293.csv
Execution time: 29.136715173721313 seconds
metaTables/vocal_music_demucs_16k/metaData_fma_large/row28294.csv
Execution time: 28.034270763397217 seconds
metaTables/vocal_music_demucs_16k/metaData_fma_large/row28295.csv
Execution time: 27.489843368530273 seconds
metaTables/vocal_music_demucs_16k/metaData_fma_large/row28296.csv
Execution time: 19.370591640472412 seconds
metaTables/vocal_music_demucs_16k/metaData_fma_large/row28297.csv
Execution time: 27.351099729537964 seconds
metaTables/vocal_music_demucs_16k/metaData_fma_large/row28298.csv
Execution time: 27.739270448684692 seconds
metaTables/vocal_music_demucs_16k/metaData_fma_large/row28299.csv
Demucs voice recognition done!
