/ext3/demucs/lib/python3.9/site-packages/demucs/api.py:27: UserWarning: TorchAudio's global backend is now deprecated. Please enable distpatcher by setting `TORCHAUDIO_USE_BACKEND_DISPATCHER=1`, and specify backend when calling load/info/save function.
  import torchaudio as ta
2024-05-10 11:35:18.893612: I tensorflow/core/util/port.cc:113] oneDNN custom operations are on. You may see slightly different numerical results due to floating-point round-off errors from different computation orders. To turn them off, set the environment variable `TF_ENABLE_ONEDNN_OPTS=0`.
2024-05-10 11:35:19.582693: E external/local_xla/xla/stream_executor/cuda/cuda_dnn.cc:9261] Unable to register cuDNN factory: Attempting to register factory for plugin cuDNN when one has already been registered
2024-05-10 11:35:19.582732: E external/local_xla/xla/stream_executor/cuda/cuda_fft.cc:607] Unable to register cuFFT factory: Attempting to register factory for plugin cuFFT when one has already been registered
2024-05-10 11:35:19.638242: E external/local_xla/xla/stream_executor/cuda/cuda_blas.cc:1515] Unable to register cuBLAS factory: Attempting to register factory for plugin cuBLAS when one has already been registered
2024-05-10 11:35:19.735930: I tensorflow/core/platform/cpu_feature_guard.cc:182] This TensorFlow binary is optimized to use available CPU instructions in performance-critical operations.
To enable the following instructions: AVX2 AVX512F AVX512_VNNI FMA, in other operations, rebuild TensorFlow with the appropriate compiler flags.
2024-05-10 11:35:20.938697: W tensorflow/compiler/tf2tensorrt/utils/py_utils.cc:38] TF-TRT Warning: Could not find TensorRT
Execution time: 26.175700426101685 seconds
metaTables/vocal_music_demucs_16k/metaData_fma_large/row95300.csv
Execution time: 24.94541358947754 seconds
metaTables/vocal_music_demucs_16k/metaData_fma_large/row95301.csv
Execution time: 21.019145250320435 seconds
metaTables/vocal_music_demucs_16k/metaData_fma_large/row95302.csv
Execution time: 26.041625022888184 seconds
metaTables/vocal_music_demucs_16k/metaData_fma_large/row95303.csv
Execution time: 24.959235429763794 seconds
metaTables/vocal_music_demucs_16k/metaData_fma_large/row95304.csv
Execution time: 25.81743836402893 seconds
metaTables/vocal_music_demucs_16k/metaData_fma_large/row95305.csv
Execution time: 25.353405237197876 seconds
metaTables/vocal_music_demucs_16k/metaData_fma_large/row95306.csv
Execution time: 24.948900938034058 seconds
metaTables/vocal_music_demucs_16k/metaData_fma_large/row95307.csv
Execution time: 24.68872356414795 seconds
metaTables/vocal_music_demucs_16k/metaData_fma_large/row95308.csv
Execution time: 25.033740997314453 seconds
metaTables/vocal_music_demucs_16k/metaData_fma_large/row95309.csv
Execution time: 24.918665409088135 seconds
metaTables/vocal_music_demucs_16k/metaData_fma_large/row95310.csv
Execution time: 25.079730987548828 seconds
metaTables/vocal_music_demucs_16k/metaData_fma_large/row95311.csv
Execution time: 24.884637117385864 seconds
metaTables/vocal_music_demucs_16k/metaData_fma_large/row95312.csv
Execution time: 26.949071884155273 seconds
metaTables/vocal_music_demucs_16k/metaData_fma_large/row95313.csv
Execution time: 25.227864503860474 seconds
metaTables/vocal_music_demucs_16k/metaData_fma_large/row95314.csv
Execution time: 25.54357075691223 seconds
metaTables/vocal_music_demucs_16k/metaData_fma_large/row95315.csv
Execution time: 25.2813880443573 seconds
metaTables/vocal_music_demucs_16k/metaData_fma_large/row95316.csv
Execution time: 24.791038751602173 seconds
metaTables/vocal_music_demucs_16k/metaData_fma_large/row95317.csv
Execution time: 25.007315635681152 seconds
metaTables/vocal_music_demucs_16k/metaData_fma_large/row95318.csv
Execution time: 25.647932052612305 seconds
metaTables/vocal_music_demucs_16k/metaData_fma_large/row95319.csv
Execution time: 25.92701244354248 seconds
metaTables/vocal_music_demucs_16k/metaData_fma_large/row95320.csv
Execution time: 25.582801580429077 seconds
metaTables/vocal_music_demucs_16k/metaData_fma_large/row95321.csv
Execution time: 23.906537532806396 seconds
metaTables/vocal_music_demucs_16k/metaData_fma_large/row95322.csv
Execution time: 24.34763216972351 seconds
metaTables/vocal_music_demucs_16k/metaData_fma_large/row95323.csv
Execution time: 24.119642972946167 seconds
metaTables/vocal_music_demucs_16k/metaData_fma_large/row95324.csv
Execution time: 24.897499561309814 seconds
metaTables/vocal_music_demucs_16k/metaData_fma_large/row95325.csv
Execution time: 25.20528793334961 seconds
metaTables/vocal_music_demucs_16k/metaData_fma_large/row95326.csv
Execution time: 23.465060234069824 seconds
metaTables/vocal_music_demucs_16k/metaData_fma_large/row95327.csv
Execution time: 25.414031505584717 seconds
metaTables/vocal_music_demucs_16k/metaData_fma_large/row95328.csv
Execution time: 24.449650287628174 seconds
metaTables/vocal_music_demucs_16k/metaData_fma_large/row95329.csv
Execution time: 25.39200711250305 seconds
metaTables/vocal_music_demucs_16k/metaData_fma_large/row95330.csv
Execution time: 24.863120317459106 seconds
metaTables/vocal_music_demucs_16k/metaData_fma_large/row95331.csv
Execution time: 24.05640959739685 seconds
metaTables/vocal_music_demucs_16k/metaData_fma_large/row95332.csv
Execution time: 24.179661512374878 seconds
metaTables/vocal_music_demucs_16k/metaData_fma_large/row95333.csv
Execution time: 24.9878990650177 seconds
metaTables/vocal_music_demucs_16k/metaData_fma_large/row95334.csv
Execution time: 24.833099842071533 seconds
metaTables/vocal_music_demucs_16k/metaData_fma_large/row95335.csv
Execution time: 24.62045168876648 seconds
metaTables/vocal_music_demucs_16k/metaData_fma_large/row95336.csv
Execution time: 24.49995756149292 seconds
metaTables/vocal_music_demucs_16k/metaData_fma_large/row95337.csv
Execution time: 25.370170831680298 seconds
metaTables/vocal_music_demucs_16k/metaData_fma_large/row95338.csv
Execution time: 24.565629243850708 seconds
metaTables/vocal_music_demucs_16k/metaData_fma_large/row95339.csv
Execution time: 24.84269094467163 seconds
metaTables/vocal_music_demucs_16k/metaData_fma_large/row95340.csv
Execution time: 24.91653323173523 seconds
metaTables/vocal_music_demucs_16k/metaData_fma_large/row95341.csv
Execution time: 24.66056776046753 seconds
metaTables/vocal_music_demucs_16k/metaData_fma_large/row95342.csv
Execution time: 24.17051911354065 seconds
metaTables/vocal_music_demucs_16k/metaData_fma_large/row95343.csv
Execution time: 24.943350553512573 seconds
metaTables/vocal_music_demucs_16k/metaData_fma_large/row95344.csv
Execution time: 24.513899087905884 seconds
metaTables/vocal_music_demucs_16k/metaData_fma_large/row95345.csv
Execution time: 24.74373722076416 seconds
metaTables/vocal_music_demucs_16k/metaData_fma_large/row95346.csv
Execution time: 25.4559383392334 seconds
metaTables/vocal_music_demucs_16k/metaData_fma_large/row95347.csv
Execution time: 24.363178730010986 seconds
metaTables/vocal_music_demucs_16k/metaData_fma_large/row95348.csv
Execution time: 25.635679244995117 seconds
metaTables/vocal_music_demucs_16k/metaData_fma_large/row95349.csv
Execution time: 25.140561819076538 seconds
metaTables/vocal_music_demucs_16k/metaData_fma_large/row95350.csv
Execution time: 25.14076828956604 seconds
metaTables/vocal_music_demucs_16k/metaData_fma_large/row95351.csv
Execution time: 24.846689462661743 seconds
metaTables/vocal_music_demucs_16k/metaData_fma_large/row95352.csv
Execution time: 24.294544219970703 seconds
metaTables/vocal_music_demucs_16k/metaData_fma_large/row95353.csv
Execution time: 25.50318694114685 seconds
metaTables/vocal_music_demucs_16k/metaData_fma_large/row95354.csv
Execution time: 24.366276741027832 seconds
metaTables/vocal_music_demucs_16k/metaData_fma_large/row95355.csv
Execution time: 24.147836208343506 seconds
metaTables/vocal_music_demucs_16k/metaData_fma_large/row95356.csv
Execution time: 24.86294960975647 seconds
metaTables/vocal_music_demucs_16k/metaData_fma_large/row95357.csv
Execution time: 24.819351196289062 seconds
metaTables/vocal_music_demucs_16k/metaData_fma_large/row95358.csv
Execution time: 24.270026206970215 seconds
metaTables/vocal_music_demucs_16k/metaData_fma_large/row95359.csv
Execution time: 25.33370041847229 seconds
metaTables/vocal_music_demucs_16k/metaData_fma_large/row95360.csv
Execution time: 25.269144773483276 seconds
metaTables/vocal_music_demucs_16k/metaData_fma_large/row95361.csv
Execution time: 24.993302583694458 seconds
metaTables/vocal_music_demucs_16k/metaData_fma_large/row95362.csv
Execution time: 24.735593795776367 seconds
metaTables/vocal_music_demucs_16k/metaData_fma_large/row95363.csv
Execution time: 25.10776448249817 seconds
metaTables/vocal_music_demucs_16k/metaData_fma_large/row95364.csv
Execution time: 24.41498327255249 seconds
metaTables/vocal_music_demucs_16k/metaData_fma_large/row95365.csv
Execution time: 24.583328008651733 seconds
metaTables/vocal_music_demucs_16k/metaData_fma_large/row95366.csv
Execution time: 25.036351203918457 seconds
metaTables/vocal_music_demucs_16k/metaData_fma_large/row95367.csv
Execution time: 25.3113272190094 seconds
metaTables/vocal_music_demucs_16k/metaData_fma_large/row95368.csv
Execution time: 25.436196327209473 seconds
metaTables/vocal_music_demucs_16k/metaData_fma_large/row95369.csv
Execution time: 25.04782724380493 seconds
metaTables/vocal_music_demucs_16k/metaData_fma_large/row95370.csv
Execution time: 25.487423419952393 seconds
metaTables/vocal_music_demucs_16k/metaData_fma_large/row95371.csv
Execution time: 24.843584537506104 seconds
metaTables/vocal_music_demucs_16k/metaData_fma_large/row95372.csv
Execution time: 24.854685068130493 seconds
metaTables/vocal_music_demucs_16k/metaData_fma_large/row95373.csv
Execution time: 24.412134647369385 seconds
metaTables/vocal_music_demucs_16k/metaData_fma_large/row95374.csv
Execution time: 24.75316047668457 seconds
metaTables/vocal_music_demucs_16k/metaData_fma_large/row95375.csv
Execution time: 24.86175227165222 seconds
metaTables/vocal_music_demucs_16k/metaData_fma_large/row95376.csv
Execution time: 24.97751784324646 seconds
metaTables/vocal_music_demucs_16k/metaData_fma_large/row95377.csv
Execution time: 24.62573790550232 seconds
metaTables/vocal_music_demucs_16k/metaData_fma_large/row95378.csv
Execution time: 24.87688970565796 seconds
metaTables/vocal_music_demucs_16k/metaData_fma_large/row95379.csv
Execution time: 25.694212198257446 seconds
metaTables/vocal_music_demucs_16k/metaData_fma_large/row95380.csv
Execution time: 24.535831689834595 seconds
metaTables/vocal_music_demucs_16k/metaData_fma_large/row95381.csv
Execution time: 25.046061754226685 seconds
metaTables/vocal_music_demucs_16k/metaData_fma_large/row95382.csv
Execution time: 24.67127752304077 seconds
metaTables/vocal_music_demucs_16k/metaData_fma_large/row95383.csv
Execution time: 24.544235944747925 seconds
metaTables/vocal_music_demucs_16k/metaData_fma_large/row95384.csv
Execution time: 24.386723518371582 seconds
metaTables/vocal_music_demucs_16k/metaData_fma_large/row95385.csv
Execution time: 24.874776124954224 seconds
metaTables/vocal_music_demucs_16k/metaData_fma_large/row95386.csv
Execution time: 24.754701852798462 seconds
metaTables/vocal_music_demucs_16k/metaData_fma_large/row95387.csv
Execution time: 25.5709125995636 seconds
metaTables/vocal_music_demucs_16k/metaData_fma_large/row95388.csv
Execution time: 25.231096982955933 seconds
metaTables/vocal_music_demucs_16k/metaData_fma_large/row95389.csv
Execution time: 24.23520565032959 seconds
metaTables/vocal_music_demucs_16k/metaData_fma_large/row95390.csv
Execution time: 25.336564302444458 seconds
metaTables/vocal_music_demucs_16k/metaData_fma_large/row95391.csv
Execution time: 24.916503190994263 seconds
metaTables/vocal_music_demucs_16k/metaData_fma_large/row95392.csv
Execution time: 25.40385150909424 seconds
metaTables/vocal_music_demucs_16k/metaData_fma_large/row95393.csv
Execution time: 24.632112741470337 seconds
metaTables/vocal_music_demucs_16k/metaData_fma_large/row95394.csv
Execution time: 15.96004605293274 seconds
metaTables/vocal_music_demucs_16k/metaData_fma_large/row95395.csv
Execution time: 22.97830820083618 seconds
metaTables/vocal_music_demucs_16k/metaData_fma_large/row95396.csv
Execution time: 25.2483971118927 seconds
metaTables/vocal_music_demucs_16k/metaData_fma_large/row95397.csv
Execution time: 25.753161191940308 seconds
metaTables/vocal_music_demucs_16k/metaData_fma_large/row95398.csv
Execution time: 23.770643711090088 seconds
metaTables/vocal_music_demucs_16k/metaData_fma_large/row95399.csv
Demucs voice recognition done!
