/ext3/demucs/lib/python3.9/site-packages/demucs/api.py:27: UserWarning: TorchAudio's global backend is now deprecated. Please enable distpatcher by setting `TORCHAUDIO_USE_BACKEND_DISPATCHER=1`, and specify backend when calling load/info/save function.
  import torchaudio as ta
2024-05-10 01:28:23.554231: I tensorflow/core/util/port.cc:113] oneDNN custom operations are on. You may see slightly different numerical results due to floating-point round-off errors from different computation orders. To turn them off, set the environment variable `TF_ENABLE_ONEDNN_OPTS=0`.
2024-05-10 01:28:23.955633: E external/local_xla/xla/stream_executor/cuda/cuda_dnn.cc:9261] Unable to register cuDNN factory: Attempting to register factory for plugin cuDNN when one has already been registered
2024-05-10 01:28:23.955672: E external/local_xla/xla/stream_executor/cuda/cuda_fft.cc:607] Unable to register cuFFT factory: Attempting to register factory for plugin cuFFT when one has already been registered
2024-05-10 01:28:24.009524: E external/local_xla/xla/stream_executor/cuda/cuda_blas.cc:1515] Unable to register cuBLAS factory: Attempting to register factory for plugin cuBLAS when one has already been registered
2024-05-10 01:28:24.102916: I tensorflow/core/platform/cpu_feature_guard.cc:182] This TensorFlow binary is optimized to use available CPU instructions in performance-critical operations.
To enable the following instructions: AVX2 AVX512F AVX512_VNNI FMA, in other operations, rebuild TensorFlow with the appropriate compiler flags.
2024-05-10 01:28:25.013731: W tensorflow/compiler/tf2tensorrt/utils/py_utils.cc:38] TF-TRT Warning: Could not find TensorRT
SKIPPING: metaTables/vocal_music_demucs_16k/metaData_fma_large/row37100.csv
SKIPPING: metaTables/vocal_music_demucs_16k/metaData_fma_large/row37101.csv
SKIPPING: metaTables/vocal_music_demucs_16k/metaData_fma_large/row37102.csv
SKIPPING: metaTables/vocal_music_demucs_16k/metaData_fma_large/row37103.csv
SKIPPING: metaTables/vocal_music_demucs_16k/metaData_fma_large/row37104.csv
SKIPPING: metaTables/vocal_music_demucs_16k/metaData_fma_large/row37105.csv
SKIPPING: metaTables/vocal_music_demucs_16k/metaData_fma_large/row37106.csv
SKIPPING: metaTables/vocal_music_demucs_16k/metaData_fma_large/row37107.csv
SKIPPING: metaTables/vocal_music_demucs_16k/metaData_fma_large/row37108.csv
SKIPPING: metaTables/vocal_music_demucs_16k/metaData_fma_large/row37109.csv
SKIPPING: metaTables/vocal_music_demucs_16k/metaData_fma_large/row37110.csv
SKIPPING: metaTables/vocal_music_demucs_16k/metaData_fma_large/row37111.csv
SKIPPING: metaTables/vocal_music_demucs_16k/metaData_fma_large/row37112.csv
Execution time: 32.089794874191284 seconds
metaTables/vocal_music_demucs_16k/metaData_fma_large/row37113.csv
Execution time: 28.98448896408081 seconds
metaTables/vocal_music_demucs_16k/metaData_fma_large/row37114.csv
Execution time: 29.207277536392212 seconds
metaTables/vocal_music_demucs_16k/metaData_fma_large/row37115.csv
Execution time: 29.117284059524536 seconds
metaTables/vocal_music_demucs_16k/metaData_fma_large/row37116.csv
Execution time: 28.921509504318237 seconds
metaTables/vocal_music_demucs_16k/metaData_fma_large/row37117.csv
Execution time: 28.783019304275513 seconds
metaTables/vocal_music_demucs_16k/metaData_fma_large/row37118.csv
Execution time: 29.73228168487549 seconds
metaTables/vocal_music_demucs_16k/metaData_fma_large/row37119.csv
Execution time: 28.821889877319336 seconds
metaTables/vocal_music_demucs_16k/metaData_fma_large/row37120.csv
Execution time: 29.31153964996338 seconds
metaTables/vocal_music_demucs_16k/metaData_fma_large/row37121.csv
Execution time: 28.026524782180786 seconds
metaTables/vocal_music_demucs_16k/metaData_fma_large/row37122.csv
Execution time: 28.853336095809937 seconds
metaTables/vocal_music_demucs_16k/metaData_fma_large/row37123.csv
Execution time: 29.360620737075806 seconds
metaTables/vocal_music_demucs_16k/metaData_fma_large/row37124.csv
Execution time: 28.390578746795654 seconds
metaTables/vocal_music_demucs_16k/metaData_fma_large/row37125.csv
Execution time: 10.259685754776001 seconds
metaTables/vocal_music_demucs_16k/metaData_fma_large/row37126.csv
Execution time: 29.01427674293518 seconds
metaTables/vocal_music_demucs_16k/metaData_fma_large/row37127.csv
Execution time: 28.062633514404297 seconds
metaTables/vocal_music_demucs_16k/metaData_fma_large/row37128.csv
Execution time: 29.010457754135132 seconds
metaTables/vocal_music_demucs_16k/metaData_fma_large/row37129.csv
Execution time: 29.227921962738037 seconds
metaTables/vocal_music_demucs_16k/metaData_fma_large/row37130.csv
Execution time: 29.522863149642944 seconds
metaTables/vocal_music_demucs_16k/metaData_fma_large/row37131.csv
Execution time: 28.44309115409851 seconds
metaTables/vocal_music_demucs_16k/metaData_fma_large/row37132.csv
Execution time: 29.08740210533142 seconds
metaTables/vocal_music_demucs_16k/metaData_fma_large/row37133.csv
Execution time: 29.415005445480347 seconds
metaTables/vocal_music_demucs_16k/metaData_fma_large/row37134.csv
Execution time: 28.801559448242188 seconds
metaTables/vocal_music_demucs_16k/metaData_fma_large/row37135.csv
Execution time: 27.963929891586304 seconds
metaTables/vocal_music_demucs_16k/metaData_fma_large/row37136.csv
Execution time: 28.179563522338867 seconds
metaTables/vocal_music_demucs_16k/metaData_fma_large/row37137.csv
Execution time: 29.24498176574707 seconds
metaTables/vocal_music_demucs_16k/metaData_fma_large/row37138.csv
Execution time: 29.816165447235107 seconds
metaTables/vocal_music_demucs_16k/metaData_fma_large/row37139.csv
Execution time: 29.0613431930542 seconds
metaTables/vocal_music_demucs_16k/metaData_fma_large/row37140.csv
Execution time: 28.170061349868774 seconds
metaTables/vocal_music_demucs_16k/metaData_fma_large/row37141.csv
Execution time: 28.451274633407593 seconds
metaTables/vocal_music_demucs_16k/metaData_fma_large/row37142.csv
Execution time: 29.36261820793152 seconds
metaTables/vocal_music_demucs_16k/metaData_fma_large/row37143.csv
Execution time: 28.756489515304565 seconds
metaTables/vocal_music_demucs_16k/metaData_fma_large/row37144.csv
Execution time: 28.03596568107605 seconds
metaTables/vocal_music_demucs_16k/metaData_fma_large/row37145.csv
Execution time: 28.901154041290283 seconds
metaTables/vocal_music_demucs_16k/metaData_fma_large/row37146.csv
Execution time: 28.849531650543213 seconds
metaTables/vocal_music_demucs_16k/metaData_fma_large/row37147.csv
Execution time: 28.15385913848877 seconds
metaTables/vocal_music_demucs_16k/metaData_fma_large/row37148.csv
Execution time: 28.85965609550476 seconds
metaTables/vocal_music_demucs_16k/metaData_fma_large/row37149.csv
Execution time: 29.166542530059814 seconds
metaTables/vocal_music_demucs_16k/metaData_fma_large/row37150.csv
Execution time: 28.868732452392578 seconds
metaTables/vocal_music_demucs_16k/metaData_fma_large/row37151.csv
Execution time: 28.417728662490845 seconds
metaTables/vocal_music_demucs_16k/metaData_fma_large/row37152.csv
Execution time: 23.326625108718872 seconds
metaTables/vocal_music_demucs_16k/metaData_fma_large/row37153.csv
Execution time: 29.746585845947266 seconds
metaTables/vocal_music_demucs_16k/metaData_fma_large/row37154.csv
Execution time: 29.035278797149658 seconds
metaTables/vocal_music_demucs_16k/metaData_fma_large/row37155.csv
Execution time: 29.96072816848755 seconds
metaTables/vocal_music_demucs_16k/metaData_fma_large/row37156.csv
Execution time: 29.48521637916565 seconds
metaTables/vocal_music_demucs_16k/metaData_fma_large/row37157.csv
Execution time: 28.59097695350647 seconds
metaTables/vocal_music_demucs_16k/metaData_fma_large/row37158.csv
Execution time: 29.395857572555542 seconds
metaTables/vocal_music_demucs_16k/metaData_fma_large/row37159.csv
Execution time: 28.88043522834778 seconds
metaTables/vocal_music_demucs_16k/metaData_fma_large/row37160.csv
Execution time: 28.44146752357483 seconds
metaTables/vocal_music_demucs_16k/metaData_fma_large/row37161.csv
Execution time: 30.901297092437744 seconds
metaTables/vocal_music_demucs_16k/metaData_fma_large/row37162.csv
Execution time: 28.82555651664734 seconds
metaTables/vocal_music_demucs_16k/metaData_fma_large/row37163.csv
Execution time: 28.874516248703003 seconds
metaTables/vocal_music_demucs_16k/metaData_fma_large/row37164.csv
Execution time: 29.128043174743652 seconds
metaTables/vocal_music_demucs_16k/metaData_fma_large/row37165.csv
Execution time: 28.243921756744385 seconds
metaTables/vocal_music_demucs_16k/metaData_fma_large/row37166.csv
Execution time: 29.02678084373474 seconds
metaTables/vocal_music_demucs_16k/metaData_fma_large/row37167.csv
Execution time: 29.200010061264038 seconds
metaTables/vocal_music_demucs_16k/metaData_fma_large/row37168.csv
Execution time: 30.137577295303345 seconds
metaTables/vocal_music_demucs_16k/metaData_fma_large/row37169.csv
Execution time: 28.387940883636475 seconds
metaTables/vocal_music_demucs_16k/metaData_fma_large/row37170.csv
Execution time: 28.180842399597168 seconds
metaTables/vocal_music_demucs_16k/metaData_fma_large/row37171.csv
Execution time: 29.50628662109375 seconds
metaTables/vocal_music_demucs_16k/metaData_fma_large/row37172.csv
Execution time: 29.04398822784424 seconds
metaTables/vocal_music_demucs_16k/metaData_fma_large/row37173.csv
Execution time: 29.363205432891846 seconds
metaTables/vocal_music_demucs_16k/metaData_fma_large/row37174.csv
Execution time: 30.061416387557983 seconds
metaTables/vocal_music_demucs_16k/metaData_fma_large/row37175.csv
Execution time: 28.828354358673096 seconds
metaTables/vocal_music_demucs_16k/metaData_fma_large/row37176.csv
Execution time: 29.484744548797607 seconds
metaTables/vocal_music_demucs_16k/metaData_fma_large/row37177.csv
Execution time: 26.634153842926025 seconds
metaTables/vocal_music_demucs_16k/metaData_fma_large/row37178.csv
Execution time: 27.38146471977234 seconds
metaTables/vocal_music_demucs_16k/metaData_fma_large/row37179.csv
Execution time: 28.56046724319458 seconds
metaTables/vocal_music_demucs_16k/metaData_fma_large/row37180.csv
Execution time: 28.02783513069153 seconds
metaTables/vocal_music_demucs_16k/metaData_fma_large/row37181.csv
Execution time: 28.32169198989868 seconds
metaTables/vocal_music_demucs_16k/metaData_fma_large/row37182.csv
Execution time: 19.536467790603638 seconds
metaTables/vocal_music_demucs_16k/metaData_fma_large/row37183.csv
Execution time: 28.733524799346924 seconds
metaTables/vocal_music_demucs_16k/metaData_fma_large/row37184.csv
Execution time: 28.23446297645569 seconds
metaTables/vocal_music_demucs_16k/metaData_fma_large/row37185.csv
Execution time: 29.287101984024048 seconds
metaTables/vocal_music_demucs_16k/metaData_fma_large/row37186.csv
Execution time: 28.444166660308838 seconds
metaTables/vocal_music_demucs_16k/metaData_fma_large/row37187.csv
Execution time: 29.21964693069458 seconds
metaTables/vocal_music_demucs_16k/metaData_fma_large/row37188.csv
Execution time: 28.51787042617798 seconds
metaTables/vocal_music_demucs_16k/metaData_fma_large/row37189.csv
Execution time: 29.248448133468628 seconds
metaTables/vocal_music_demucs_16k/metaData_fma_large/row37190.csv
Execution time: 29.2412428855896 seconds
metaTables/vocal_music_demucs_16k/metaData_fma_large/row37191.csv
Execution time: 29.428813934326172 seconds
metaTables/vocal_music_demucs_16k/metaData_fma_large/row37192.csv
Execution time: 29.127973318099976 seconds
metaTables/vocal_music_demucs_16k/metaData_fma_large/row37193.csv
Execution time: 29.322741985321045 seconds
metaTables/vocal_music_demucs_16k/metaData_fma_large/row37194.csv
Execution time: 29.71562695503235 seconds
metaTables/vocal_music_demucs_16k/metaData_fma_large/row37195.csv
Execution time: 28.97678565979004 seconds
metaTables/vocal_music_demucs_16k/metaData_fma_large/row37196.csv
Execution time: 28.327636003494263 seconds
metaTables/vocal_music_demucs_16k/metaData_fma_large/row37197.csv
Execution time: 25.99464750289917 seconds
metaTables/vocal_music_demucs_16k/metaData_fma_large/row37198.csv
Execution time: 26.207561254501343 seconds
metaTables/vocal_music_demucs_16k/metaData_fma_large/row37199.csv
Demucs voice recognition done!
