/ext3/demucs/lib/python3.9/site-packages/demucs/api.py:27: UserWarning: TorchAudio's global backend is now deprecated. Please enable distpatcher by setting `TORCHAUDIO_USE_BACKEND_DISPATCHER=1`, and specify backend when calling load/info/save function.
  import torchaudio as ta
2024-05-10 01:29:25.257960: I tensorflow/core/util/port.cc:113] oneDNN custom operations are on. You may see slightly different numerical results due to floating-point round-off errors from different computation orders. To turn them off, set the environment variable `TF_ENABLE_ONEDNN_OPTS=0`.
2024-05-10 01:29:25.515696: E external/local_xla/xla/stream_executor/cuda/cuda_dnn.cc:9261] Unable to register cuDNN factory: Attempting to register factory for plugin cuDNN when one has already been registered
2024-05-10 01:29:25.515735: E external/local_xla/xla/stream_executor/cuda/cuda_fft.cc:607] Unable to register cuFFT factory: Attempting to register factory for plugin cuFFT when one has already been registered
2024-05-10 01:29:25.541535: E external/local_xla/xla/stream_executor/cuda/cuda_blas.cc:1515] Unable to register cuBLAS factory: Attempting to register factory for plugin cuBLAS when one has already been registered
2024-05-10 01:29:25.596212: I tensorflow/core/platform/cpu_feature_guard.cc:182] This TensorFlow binary is optimized to use available CPU instructions in performance-critical operations.
To enable the following instructions: AVX2 AVX512F AVX512_VNNI FMA, in other operations, rebuild TensorFlow with the appropriate compiler flags.
2024-05-10 01:29:26.501506: W tensorflow/compiler/tf2tensorrt/utils/py_utils.cc:38] TF-TRT Warning: Could not find TensorRT
SKIPPING: metaTables/vocal_music_demucs_16k/metaData_fma_large/row72200.csv
SKIPPING: metaTables/vocal_music_demucs_16k/metaData_fma_large/row72201.csv
SKIPPING: metaTables/vocal_music_demucs_16k/metaData_fma_large/row72202.csv
SKIPPING: metaTables/vocal_music_demucs_16k/metaData_fma_large/row72203.csv
SKIPPING: metaTables/vocal_music_demucs_16k/metaData_fma_large/row72204.csv
SKIPPING: metaTables/vocal_music_demucs_16k/metaData_fma_large/row72205.csv
SKIPPING: metaTables/vocal_music_demucs_16k/metaData_fma_large/row72206.csv
SKIPPING: metaTables/vocal_music_demucs_16k/metaData_fma_large/row72207.csv
SKIPPING: metaTables/vocal_music_demucs_16k/metaData_fma_large/row72208.csv
SKIPPING: metaTables/vocal_music_demucs_16k/metaData_fma_large/row72209.csv
SKIPPING: metaTables/vocal_music_demucs_16k/metaData_fma_large/row72210.csv
Execution time: 31.47350263595581 seconds
metaTables/vocal_music_demucs_16k/metaData_fma_large/row72211.csv
Execution time: 28.758620500564575 seconds
metaTables/vocal_music_demucs_16k/metaData_fma_large/row72212.csv
Execution time: 27.996719360351562 seconds
metaTables/vocal_music_demucs_16k/metaData_fma_large/row72213.csv
Execution time: 8.767627954483032 seconds
metaTables/vocal_music_demucs_16k/metaData_fma_large/row72214.csv
Execution time: 28.46640157699585 seconds
metaTables/vocal_music_demucs_16k/metaData_fma_large/row72215.csv
Execution time: 28.592128038406372 seconds
metaTables/vocal_music_demucs_16k/metaData_fma_large/row72216.csv
Execution time: 28.424431562423706 seconds
metaTables/vocal_music_demucs_16k/metaData_fma_large/row72217.csv
Execution time: 27.907292366027832 seconds
metaTables/vocal_music_demucs_16k/metaData_fma_large/row72218.csv
Execution time: 27.84098243713379 seconds
metaTables/vocal_music_demucs_16k/metaData_fma_large/row72219.csv
Execution time: 29.08378267288208 seconds
metaTables/vocal_music_demucs_16k/metaData_fma_large/row72220.csv
Execution time: 27.65626287460327 seconds
metaTables/vocal_music_demucs_16k/metaData_fma_large/row72221.csv
Execution time: 29.930155038833618 seconds
metaTables/vocal_music_demucs_16k/metaData_fma_large/row72222.csv
Execution time: 27.615987300872803 seconds
metaTables/vocal_music_demucs_16k/metaData_fma_large/row72223.csv
Execution time: 28.81208825111389 seconds
metaTables/vocal_music_demucs_16k/metaData_fma_large/row72224.csv
Execution time: 27.34546709060669 seconds
metaTables/vocal_music_demucs_16k/metaData_fma_large/row72225.csv
Execution time: 27.913089990615845 seconds
metaTables/vocal_music_demucs_16k/metaData_fma_large/row72226.csv
Execution time: 27.32643175125122 seconds
metaTables/vocal_music_demucs_16k/metaData_fma_large/row72227.csv
Execution time: 27.617998838424683 seconds
metaTables/vocal_music_demucs_16k/metaData_fma_large/row72228.csv
Execution time: 27.536837577819824 seconds
metaTables/vocal_music_demucs_16k/metaData_fma_large/row72229.csv
Execution time: 28.061135053634644 seconds
metaTables/vocal_music_demucs_16k/metaData_fma_large/row72230.csv
Execution time: 29.166387796401978 seconds
metaTables/vocal_music_demucs_16k/metaData_fma_large/row72231.csv
Execution time: 28.790488719940186 seconds
metaTables/vocal_music_demucs_16k/metaData_fma_large/row72232.csv
Execution time: 27.620950937271118 seconds
metaTables/vocal_music_demucs_16k/metaData_fma_large/row72233.csv
Execution time: 27.456952571868896 seconds
metaTables/vocal_music_demucs_16k/metaData_fma_large/row72234.csv
Execution time: 27.84266948699951 seconds
metaTables/vocal_music_demucs_16k/metaData_fma_large/row72235.csv
Execution time: 27.908565759658813 seconds
metaTables/vocal_music_demucs_16k/metaData_fma_large/row72236.csv
Execution time: 27.993245601654053 seconds
metaTables/vocal_music_demucs_16k/metaData_fma_large/row72237.csv
Execution time: 27.376951456069946 seconds
metaTables/vocal_music_demucs_16k/metaData_fma_large/row72238.csv
Execution time: 27.8228542804718 seconds
metaTables/vocal_music_demucs_16k/metaData_fma_large/row72239.csv
Execution time: 28.04078459739685 seconds
metaTables/vocal_music_demucs_16k/metaData_fma_large/row72240.csv
Execution time: 27.66655468940735 seconds
metaTables/vocal_music_demucs_16k/metaData_fma_large/row72241.csv
Execution time: 28.367204904556274 seconds
metaTables/vocal_music_demucs_16k/metaData_fma_large/row72242.csv
Execution time: 27.680129766464233 seconds
metaTables/vocal_music_demucs_16k/metaData_fma_large/row72243.csv
Execution time: 27.159929037094116 seconds
metaTables/vocal_music_demucs_16k/metaData_fma_large/row72244.csv
Execution time: 27.913475036621094 seconds
metaTables/vocal_music_demucs_16k/metaData_fma_large/row72245.csv
Execution time: 27.78066086769104 seconds
metaTables/vocal_music_demucs_16k/metaData_fma_large/row72246.csv
Execution time: 27.575279712677002 seconds
metaTables/vocal_music_demucs_16k/metaData_fma_large/row72247.csv
Execution time: 27.847442388534546 seconds
metaTables/vocal_music_demucs_16k/metaData_fma_large/row72248.csv
Execution time: 27.882152557373047 seconds
metaTables/vocal_music_demucs_16k/metaData_fma_large/row72249.csv
Execution time: 28.567965507507324 seconds
metaTables/vocal_music_demucs_16k/metaData_fma_large/row72250.csv
Execution time: 27.98461103439331 seconds
metaTables/vocal_music_demucs_16k/metaData_fma_large/row72251.csv
Execution time: 27.44143581390381 seconds
metaTables/vocal_music_demucs_16k/metaData_fma_large/row72252.csv
Execution time: 27.9104220867157 seconds
metaTables/vocal_music_demucs_16k/metaData_fma_large/row72253.csv
Execution time: 28.319494009017944 seconds
metaTables/vocal_music_demucs_16k/metaData_fma_large/row72254.csv
Execution time: 27.49770998954773 seconds
metaTables/vocal_music_demucs_16k/metaData_fma_large/row72255.csv
Execution time: 27.32659411430359 seconds
metaTables/vocal_music_demucs_16k/metaData_fma_large/row72256.csv
Execution time: 28.28223419189453 seconds
metaTables/vocal_music_demucs_16k/metaData_fma_large/row72257.csv
Execution time: 28.76203989982605 seconds
metaTables/vocal_music_demucs_16k/metaData_fma_large/row72258.csv
Execution time: 28.27493929862976 seconds
metaTables/vocal_music_demucs_16k/metaData_fma_large/row72259.csv
Execution time: 28.11740732192993 seconds
metaTables/vocal_music_demucs_16k/metaData_fma_large/row72260.csv
Execution time: 27.427730083465576 seconds
metaTables/vocal_music_demucs_16k/metaData_fma_large/row72261.csv
Execution time: 27.60564160346985 seconds
metaTables/vocal_music_demucs_16k/metaData_fma_large/row72262.csv
Execution time: 28.158008098602295 seconds
metaTables/vocal_music_demucs_16k/metaData_fma_large/row72263.csv
Execution time: 27.53036904335022 seconds
metaTables/vocal_music_demucs_16k/metaData_fma_large/row72264.csv
Execution time: 28.715058088302612 seconds
metaTables/vocal_music_demucs_16k/metaData_fma_large/row72265.csv
Execution time: 28.16542339324951 seconds
metaTables/vocal_music_demucs_16k/metaData_fma_large/row72266.csv
Execution time: 28.297502756118774 seconds
metaTables/vocal_music_demucs_16k/metaData_fma_large/row72267.csv
Execution time: 28.51212787628174 seconds
metaTables/vocal_music_demucs_16k/metaData_fma_large/row72268.csv
Execution time: 27.805250883102417 seconds
metaTables/vocal_music_demucs_16k/metaData_fma_large/row72269.csv
Execution time: 27.217013835906982 seconds
metaTables/vocal_music_demucs_16k/metaData_fma_large/row72270.csv
Execution time: 28.135592222213745 seconds
metaTables/vocal_music_demucs_16k/metaData_fma_large/row72271.csv
Execution time: 28.607839822769165 seconds
metaTables/vocal_music_demucs_16k/metaData_fma_large/row72272.csv
Execution time: 27.91065812110901 seconds
metaTables/vocal_music_demucs_16k/metaData_fma_large/row72273.csv
Execution time: 28.393511056900024 seconds
metaTables/vocal_music_demucs_16k/metaData_fma_large/row72274.csv
Execution time: 28.122283458709717 seconds
metaTables/vocal_music_demucs_16k/metaData_fma_large/row72275.csv
Execution time: 27.834303855895996 seconds
metaTables/vocal_music_demucs_16k/metaData_fma_large/row72276.csv
Execution time: 27.363398790359497 seconds
metaTables/vocal_music_demucs_16k/metaData_fma_large/row72277.csv
Execution time: 27.71218466758728 seconds
metaTables/vocal_music_demucs_16k/metaData_fma_large/row72278.csv
Execution time: 28.197258710861206 seconds
metaTables/vocal_music_demucs_16k/metaData_fma_large/row72279.csv
Execution time: 26.95386004447937 seconds
metaTables/vocal_music_demucs_16k/metaData_fma_large/row72280.csv
Execution time: 27.652557611465454 seconds
metaTables/vocal_music_demucs_16k/metaData_fma_large/row72281.csv
Execution time: 28.107296466827393 seconds
metaTables/vocal_music_demucs_16k/metaData_fma_large/row72282.csv
Execution time: 27.554306507110596 seconds
metaTables/vocal_music_demucs_16k/metaData_fma_large/row72283.csv
Execution time: 27.539024353027344 seconds
metaTables/vocal_music_demucs_16k/metaData_fma_large/row72284.csv
Execution time: 27.40285897254944 seconds
metaTables/vocal_music_demucs_16k/metaData_fma_large/row72285.csv
Execution time: 27.75815176963806 seconds
metaTables/vocal_music_demucs_16k/metaData_fma_large/row72286.csv
Execution time: 27.655747652053833 seconds
metaTables/vocal_music_demucs_16k/metaData_fma_large/row72287.csv
Execution time: 27.733919858932495 seconds
metaTables/vocal_music_demucs_16k/metaData_fma_large/row72288.csv
Execution time: 27.577577590942383 seconds
metaTables/vocal_music_demucs_16k/metaData_fma_large/row72289.csv
Execution time: 28.11607265472412 seconds
metaTables/vocal_music_demucs_16k/metaData_fma_large/row72290.csv
Execution time: 28.283971309661865 seconds
metaTables/vocal_music_demucs_16k/metaData_fma_large/row72291.csv
Execution time: 27.324368000030518 seconds
metaTables/vocal_music_demucs_16k/metaData_fma_large/row72292.csv
Execution time: 27.660528659820557 seconds
metaTables/vocal_music_demucs_16k/metaData_fma_large/row72293.csv
Execution time: 28.184736251831055 seconds
metaTables/vocal_music_demucs_16k/metaData_fma_large/row72294.csv
Execution time: 28.664676904678345 seconds
metaTables/vocal_music_demucs_16k/metaData_fma_large/row72295.csv
Execution time: 27.683271884918213 seconds
metaTables/vocal_music_demucs_16k/metaData_fma_large/row72296.csv
Execution time: 28.143704414367676 seconds
metaTables/vocal_music_demucs_16k/metaData_fma_large/row72297.csv
Execution time: 27.04615545272827 seconds
metaTables/vocal_music_demucs_16k/metaData_fma_large/row72298.csv
Execution time: 27.212129831314087 seconds
metaTables/vocal_music_demucs_16k/metaData_fma_large/row72299.csv
Demucs voice recognition done!
