/ext3/demucs/lib/python3.9/site-packages/demucs/api.py:27: UserWarning: TorchAudio's global backend is now deprecated. Please enable distpatcher by setting `TORCHAUDIO_USE_BACKEND_DISPATCHER=1`, and specify backend when calling load/info/save function.
  import torchaudio as ta
2024-05-09 09:22:22.665424: I tensorflow/core/util/port.cc:113] oneDNN custom operations are on. You may see slightly different numerical results due to floating-point round-off errors from different computation orders. To turn them off, set the environment variable `TF_ENABLE_ONEDNN_OPTS=0`.
2024-05-09 09:22:23.319732: E external/local_xla/xla/stream_executor/cuda/cuda_dnn.cc:9261] Unable to register cuDNN factory: Attempting to register factory for plugin cuDNN when one has already been registered
2024-05-09 09:22:23.319777: E external/local_xla/xla/stream_executor/cuda/cuda_fft.cc:607] Unable to register cuFFT factory: Attempting to register factory for plugin cuFFT when one has already been registered
2024-05-09 09:22:23.344275: E external/local_xla/xla/stream_executor/cuda/cuda_blas.cc:1515] Unable to register cuBLAS factory: Attempting to register factory for plugin cuBLAS when one has already been registered
2024-05-09 09:22:23.382830: I tensorflow/core/platform/cpu_feature_guard.cc:182] This TensorFlow binary is optimized to use available CPU instructions in performance-critical operations.
To enable the following instructions: AVX2 AVX512F AVX512_VNNI FMA, in other operations, rebuild TensorFlow with the appropriate compiler flags.
2024-05-09 09:22:24.338097: W tensorflow/compiler/tf2tensorrt/utils/py_utils.cc:38] TF-TRT Warning: Could not find TensorRT
SKIPPING: metaTables/vocal_music_demucs_16k/metaData_fma_large/row83200.csv
SKIPPING: metaTables/vocal_music_demucs_16k/metaData_fma_large/row83201.csv
SKIPPING: metaTables/vocal_music_demucs_16k/metaData_fma_large/row83202.csv
SKIPPING: metaTables/vocal_music_demucs_16k/metaData_fma_large/row83203.csv
SKIPPING: metaTables/vocal_music_demucs_16k/metaData_fma_large/row83204.csv
SKIPPING: metaTables/vocal_music_demucs_16k/metaData_fma_large/row83205.csv
SKIPPING: metaTables/vocal_music_demucs_16k/metaData_fma_large/row83206.csv
SKIPPING: metaTables/vocal_music_demucs_16k/metaData_fma_large/row83207.csv
SKIPPING: metaTables/vocal_music_demucs_16k/metaData_fma_large/row83208.csv
SKIPPING: metaTables/vocal_music_demucs_16k/metaData_fma_large/row83209.csv
SKIPPING: metaTables/vocal_music_demucs_16k/metaData_fma_large/row83210.csv
SKIPPING: metaTables/vocal_music_demucs_16k/metaData_fma_large/row83211.csv
SKIPPING: metaTables/vocal_music_demucs_16k/metaData_fma_large/row83212.csv
SKIPPING: metaTables/vocal_music_demucs_16k/metaData_fma_large/row83213.csv
SKIPPING: metaTables/vocal_music_demucs_16k/metaData_fma_large/row83214.csv
SKIPPING: metaTables/vocal_music_demucs_16k/metaData_fma_large/row83215.csv
SKIPPING: metaTables/vocal_music_demucs_16k/metaData_fma_large/row83216.csv
SKIPPING: metaTables/vocal_music_demucs_16k/metaData_fma_large/row83217.csv
SKIPPING: metaTables/vocal_music_demucs_16k/metaData_fma_large/row83218.csv
SKIPPING: metaTables/vocal_music_demucs_16k/metaData_fma_large/row83219.csv
SKIPPING: metaTables/vocal_music_demucs_16k/metaData_fma_large/row83220.csv
SKIPPING: metaTables/vocal_music_demucs_16k/metaData_fma_large/row83221.csv
SKIPPING: metaTables/vocal_music_demucs_16k/metaData_fma_large/row83222.csv
SKIPPING: metaTables/vocal_music_demucs_16k/metaData_fma_large/row83223.csv
SKIPPING: metaTables/vocal_music_demucs_16k/metaData_fma_large/row83224.csv
SKIPPING: metaTables/vocal_music_demucs_16k/metaData_fma_large/row83225.csv
SKIPPING: metaTables/vocal_music_demucs_16k/metaData_fma_large/row83226.csv
SKIPPING: metaTables/vocal_music_demucs_16k/metaData_fma_large/row83227.csv
SKIPPING: metaTables/vocal_music_demucs_16k/metaData_fma_large/row83228.csv
SKIPPING: metaTables/vocal_music_demucs_16k/metaData_fma_large/row83229.csv
SKIPPING: metaTables/vocal_music_demucs_16k/metaData_fma_large/row83230.csv
SKIPPING: metaTables/vocal_music_demucs_16k/metaData_fma_large/row83231.csv
SKIPPING: metaTables/vocal_music_demucs_16k/metaData_fma_large/row83232.csv
SKIPPING: metaTables/vocal_music_demucs_16k/metaData_fma_large/row83233.csv
SKIPPING: metaTables/vocal_music_demucs_16k/metaData_fma_large/row83234.csv
SKIPPING: metaTables/vocal_music_demucs_16k/metaData_fma_large/row83235.csv
SKIPPING: metaTables/vocal_music_demucs_16k/metaData_fma_large/row83236.csv
SKIPPING: metaTables/vocal_music_demucs_16k/metaData_fma_large/row83237.csv
SKIPPING: metaTables/vocal_music_demucs_16k/metaData_fma_large/row83238.csv
SKIPPING: metaTables/vocal_music_demucs_16k/metaData_fma_large/row83239.csv
SKIPPING: metaTables/vocal_music_demucs_16k/metaData_fma_large/row83240.csv
SKIPPING: metaTables/vocal_music_demucs_16k/metaData_fma_large/row83241.csv
SKIPPING: metaTables/vocal_music_demucs_16k/metaData_fma_large/row83242.csv
SKIPPING: metaTables/vocal_music_demucs_16k/metaData_fma_large/row83243.csv
SKIPPING: metaTables/vocal_music_demucs_16k/metaData_fma_large/row83244.csv
SKIPPING: metaTables/vocal_music_demucs_16k/metaData_fma_large/row83245.csv
SKIPPING: metaTables/vocal_music_demucs_16k/metaData_fma_large/row83246.csv
SKIPPING: metaTables/vocal_music_demucs_16k/metaData_fma_large/row83247.csv
SKIPPING: metaTables/vocal_music_demucs_16k/metaData_fma_large/row83248.csv
SKIPPING: metaTables/vocal_music_demucs_16k/metaData_fma_large/row83249.csv
SKIPPING: metaTables/vocal_music_demucs_16k/metaData_fma_large/row83250.csv
SKIPPING: metaTables/vocal_music_demucs_16k/metaData_fma_large/row83251.csv
SKIPPING: metaTables/vocal_music_demucs_16k/metaData_fma_large/row83252.csv
SKIPPING: metaTables/vocal_music_demucs_16k/metaData_fma_large/row83253.csv
SKIPPING: metaTables/vocal_music_demucs_16k/metaData_fma_large/row83254.csv
SKIPPING: metaTables/vocal_music_demucs_16k/metaData_fma_large/row83255.csv
SKIPPING: metaTables/vocal_music_demucs_16k/metaData_fma_large/row83256.csv
SKIPPING: metaTables/vocal_music_demucs_16k/metaData_fma_large/row83257.csv
SKIPPING: metaTables/vocal_music_demucs_16k/metaData_fma_large/row83258.csv
SKIPPING: metaTables/vocal_music_demucs_16k/metaData_fma_large/row83259.csv
SKIPPING: metaTables/vocal_music_demucs_16k/metaData_fma_large/row83260.csv
SKIPPING: metaTables/vocal_music_demucs_16k/metaData_fma_large/row83261.csv
SKIPPING: metaTables/vocal_music_demucs_16k/metaData_fma_large/row83262.csv
SKIPPING: metaTables/vocal_music_demucs_16k/metaData_fma_large/row83263.csv
SKIPPING: metaTables/vocal_music_demucs_16k/metaData_fma_large/row83264.csv
SKIPPING: metaTables/vocal_music_demucs_16k/metaData_fma_large/row83265.csv
SKIPPING: metaTables/vocal_music_demucs_16k/metaData_fma_large/row83266.csv
SKIPPING: metaTables/vocal_music_demucs_16k/metaData_fma_large/row83267.csv
SKIPPING: metaTables/vocal_music_demucs_16k/metaData_fma_large/row83268.csv
SKIPPING: metaTables/vocal_music_demucs_16k/metaData_fma_large/row83269.csv
SKIPPING: metaTables/vocal_music_demucs_16k/metaData_fma_large/row83270.csv
SKIPPING: metaTables/vocal_music_demucs_16k/metaData_fma_large/row83271.csv
SKIPPING: metaTables/vocal_music_demucs_16k/metaData_fma_large/row83272.csv
SKIPPING: metaTables/vocal_music_demucs_16k/metaData_fma_large/row83273.csv
SKIPPING: metaTables/vocal_music_demucs_16k/metaData_fma_large/row83274.csv
SKIPPING: metaTables/vocal_music_demucs_16k/metaData_fma_large/row83275.csv
SKIPPING: metaTables/vocal_music_demucs_16k/metaData_fma_large/row83276.csv
SKIPPING: metaTables/vocal_music_demucs_16k/metaData_fma_large/row83277.csv
SKIPPING: metaTables/vocal_music_demucs_16k/metaData_fma_large/row83278.csv
SKIPPING: metaTables/vocal_music_demucs_16k/metaData_fma_large/row83279.csv
SKIPPING: metaTables/vocal_music_demucs_16k/metaData_fma_large/row83280.csv
SKIPPING: metaTables/vocal_music_demucs_16k/metaData_fma_large/row83281.csv
SKIPPING: metaTables/vocal_music_demucs_16k/metaData_fma_large/row83282.csv
SKIPPING: metaTables/vocal_music_demucs_16k/metaData_fma_large/row83283.csv
SKIPPING: metaTables/vocal_music_demucs_16k/metaData_fma_large/row83284.csv
SKIPPING: metaTables/vocal_music_demucs_16k/metaData_fma_large/row83285.csv
SKIPPING: metaTables/vocal_music_demucs_16k/metaData_fma_large/row83286.csv
SKIPPING: metaTables/vocal_music_demucs_16k/metaData_fma_large/row83287.csv
SKIPPING: metaTables/vocal_music_demucs_16k/metaData_fma_large/row83288.csv
SKIPPING: metaTables/vocal_music_demucs_16k/metaData_fma_large/row83289.csv
SKIPPING: metaTables/vocal_music_demucs_16k/metaData_fma_large/row83290.csv
SKIPPING: metaTables/vocal_music_demucs_16k/metaData_fma_large/row83291.csv
SKIPPING: metaTables/vocal_music_demucs_16k/metaData_fma_large/row83292.csv
SKIPPING: metaTables/vocal_music_demucs_16k/metaData_fma_large/row83293.csv
SKIPPING: metaTables/vocal_music_demucs_16k/metaData_fma_large/row83294.csv
SKIPPING: metaTables/vocal_music_demucs_16k/metaData_fma_large/row83295.csv
SKIPPING: metaTables/vocal_music_demucs_16k/metaData_fma_large/row83296.csv
SKIPPING: metaTables/vocal_music_demucs_16k/metaData_fma_large/row83297.csv
SKIPPING: metaTables/vocal_music_demucs_16k/metaData_fma_large/row83298.csv
SKIPPING: metaTables/vocal_music_demucs_16k/metaData_fma_large/row83299.csv
Demucs voice recognition done!
