/ext3/demucs/lib/python3.9/site-packages/demucs/api.py:27: UserWarning: TorchAudio's global backend is now deprecated. Please enable distpatcher by setting `TORCHAUDIO_USE_BACKEND_DISPATCHER=1`, and specify backend when calling load/info/save function.
  import torchaudio as ta
2024-05-10 01:27:23.543131: I tensorflow/core/util/port.cc:113] oneDNN custom operations are on. You may see slightly different numerical results due to floating-point round-off errors from different computation orders. To turn them off, set the environment variable `TF_ENABLE_ONEDNN_OPTS=0`.
2024-05-10 01:27:24.048672: E external/local_xla/xla/stream_executor/cuda/cuda_dnn.cc:9261] Unable to register cuDNN factory: Attempting to register factory for plugin cuDNN when one has already been registered
2024-05-10 01:27:24.048712: E external/local_xla/xla/stream_executor/cuda/cuda_fft.cc:607] Unable to register cuFFT factory: Attempting to register factory for plugin cuFFT when one has already been registered
2024-05-10 01:27:24.088670: E external/local_xla/xla/stream_executor/cuda/cuda_blas.cc:1515] Unable to register cuBLAS factory: Attempting to register factory for plugin cuBLAS when one has already been registered
2024-05-10 01:27:24.166376: I tensorflow/core/platform/cpu_feature_guard.cc:182] This TensorFlow binary is optimized to use available CPU instructions in performance-critical operations.
To enable the following instructions: AVX2 AVX512F AVX512_VNNI FMA, in other operations, rebuild TensorFlow with the appropriate compiler flags.
2024-05-10 01:27:25.081116: W tensorflow/compiler/tf2tensorrt/utils/py_utils.cc:38] TF-TRT Warning: Could not find TensorRT
SKIPPING: metaTables/vocal_music_demucs_16k/metaData_fma_large/row3200.csv
SKIPPING: metaTables/vocal_music_demucs_16k/metaData_fma_large/row3201.csv
SKIPPING: metaTables/vocal_music_demucs_16k/metaData_fma_large/row3202.csv
SKIPPING: metaTables/vocal_music_demucs_16k/metaData_fma_large/row3203.csv
SKIPPING: metaTables/vocal_music_demucs_16k/metaData_fma_large/row3204.csv
SKIPPING: metaTables/vocal_music_demucs_16k/metaData_fma_large/row3205.csv
SKIPPING: metaTables/vocal_music_demucs_16k/metaData_fma_large/row3206.csv
SKIPPING: metaTables/vocal_music_demucs_16k/metaData_fma_large/row3207.csv
SKIPPING: metaTables/vocal_music_demucs_16k/metaData_fma_large/row3208.csv
SKIPPING: metaTables/vocal_music_demucs_16k/metaData_fma_large/row3209.csv
SKIPPING: metaTables/vocal_music_demucs_16k/metaData_fma_large/row3210.csv
SKIPPING: metaTables/vocal_music_demucs_16k/metaData_fma_large/row3211.csv
SKIPPING: metaTables/vocal_music_demucs_16k/metaData_fma_large/row3212.csv
SKIPPING: metaTables/vocal_music_demucs_16k/metaData_fma_large/row3213.csv
SKIPPING: metaTables/vocal_music_demucs_16k/metaData_fma_large/row3214.csv
SKIPPING: metaTables/vocal_music_demucs_16k/metaData_fma_large/row3215.csv
Execution time: 30.678664922714233 seconds
metaTables/vocal_music_demucs_16k/metaData_fma_large/row3216.csv
Execution time: 28.590847969055176 seconds
metaTables/vocal_music_demucs_16k/metaData_fma_large/row3217.csv
Execution time: 27.692039966583252 seconds
metaTables/vocal_music_demucs_16k/metaData_fma_large/row3218.csv
Execution time: 29.38552689552307 seconds
metaTables/vocal_music_demucs_16k/metaData_fma_large/row3219.csv
Execution time: 28.945617198944092 seconds
metaTables/vocal_music_demucs_16k/metaData_fma_large/row3220.csv
Execution time: 28.987013339996338 seconds
metaTables/vocal_music_demucs_16k/metaData_fma_large/row3221.csv
Execution time: 28.58082103729248 seconds
metaTables/vocal_music_demucs_16k/metaData_fma_large/row3222.csv
Execution time: 28.973851919174194 seconds
metaTables/vocal_music_demucs_16k/metaData_fma_large/row3223.csv
Execution time: 29.127919673919678 seconds
metaTables/vocal_music_demucs_16k/metaData_fma_large/row3224.csv
Execution time: 29.088468074798584 seconds
metaTables/vocal_music_demucs_16k/metaData_fma_large/row3225.csv
Execution time: 29.09662175178528 seconds
metaTables/vocal_music_demucs_16k/metaData_fma_large/row3226.csv
Execution time: 28.527851581573486 seconds
metaTables/vocal_music_demucs_16k/metaData_fma_large/row3227.csv
Execution time: 28.086215496063232 seconds
metaTables/vocal_music_demucs_16k/metaData_fma_large/row3228.csv
Execution time: 27.391921520233154 seconds
metaTables/vocal_music_demucs_16k/metaData_fma_large/row3229.csv
Execution time: 28.361154556274414 seconds
metaTables/vocal_music_demucs_16k/metaData_fma_large/row3230.csv
Execution time: 27.686838150024414 seconds
metaTables/vocal_music_demucs_16k/metaData_fma_large/row3231.csv
Execution time: 27.79077649116516 seconds
metaTables/vocal_music_demucs_16k/metaData_fma_large/row3232.csv
Execution time: 28.812962293624878 seconds
metaTables/vocal_music_demucs_16k/metaData_fma_large/row3233.csv
Execution time: 28.572694778442383 seconds
metaTables/vocal_music_demucs_16k/metaData_fma_large/row3234.csv
Execution time: 28.16581964492798 seconds
metaTables/vocal_music_demucs_16k/metaData_fma_large/row3235.csv
Execution time: 28.54969882965088 seconds
metaTables/vocal_music_demucs_16k/metaData_fma_large/row3236.csv
Execution time: 29.074559450149536 seconds
metaTables/vocal_music_demucs_16k/metaData_fma_large/row3237.csv
Execution time: 29.148926734924316 seconds
metaTables/vocal_music_demucs_16k/metaData_fma_large/row3238.csv
Execution time: 28.787291049957275 seconds
metaTables/vocal_music_demucs_16k/metaData_fma_large/row3239.csv
Execution time: 28.55264186859131 seconds
metaTables/vocal_music_demucs_16k/metaData_fma_large/row3240.csv
Execution time: 27.516997575759888 seconds
metaTables/vocal_music_demucs_16k/metaData_fma_large/row3241.csv
Execution time: 19.60902452468872 seconds
metaTables/vocal_music_demucs_16k/metaData_fma_large/row3242.csv
Execution time: 27.285465717315674 seconds
metaTables/vocal_music_demucs_16k/metaData_fma_large/row3243.csv
Execution time: 28.49515461921692 seconds
metaTables/vocal_music_demucs_16k/metaData_fma_large/row3244.csv
Execution time: 28.92827820777893 seconds
metaTables/vocal_music_demucs_16k/metaData_fma_large/row3245.csv
Execution time: 29.2760169506073 seconds
metaTables/vocal_music_demucs_16k/metaData_fma_large/row3246.csv
Execution time: 27.8438880443573 seconds
metaTables/vocal_music_demucs_16k/metaData_fma_large/row3247.csv
Execution time: 28.628617763519287 seconds
metaTables/vocal_music_demucs_16k/metaData_fma_large/row3248.csv
Execution time: 28.50450897216797 seconds
metaTables/vocal_music_demucs_16k/metaData_fma_large/row3249.csv
Execution time: 29.810625076293945 seconds
metaTables/vocal_music_demucs_16k/metaData_fma_large/row3250.csv
Execution time: 27.714107990264893 seconds
metaTables/vocal_music_demucs_16k/metaData_fma_large/row3251.csv
Execution time: 29.92022705078125 seconds
metaTables/vocal_music_demucs_16k/metaData_fma_large/row3252.csv
Execution time: 28.412646293640137 seconds
metaTables/vocal_music_demucs_16k/metaData_fma_large/row3253.csv
Execution time: 29.425742149353027 seconds
metaTables/vocal_music_demucs_16k/metaData_fma_large/row3254.csv
Execution time: 29.339120864868164 seconds
metaTables/vocal_music_demucs_16k/metaData_fma_large/row3255.csv
Execution time: 28.225006341934204 seconds
metaTables/vocal_music_demucs_16k/metaData_fma_large/row3256.csv
Execution time: 28.297813892364502 seconds
metaTables/vocal_music_demucs_16k/metaData_fma_large/row3257.csv
Execution time: 30.66631031036377 seconds
metaTables/vocal_music_demucs_16k/metaData_fma_large/row3258.csv
Execution time: 29.11081051826477 seconds
metaTables/vocal_music_demucs_16k/metaData_fma_large/row3259.csv
Execution time: 28.622958183288574 seconds
metaTables/vocal_music_demucs_16k/metaData_fma_large/row3260.csv
Execution time: 29.419975757598877 seconds
metaTables/vocal_music_demucs_16k/metaData_fma_large/row3261.csv
Execution time: 30.187748908996582 seconds
metaTables/vocal_music_demucs_16k/metaData_fma_large/row3262.csv
Execution time: 29.060000896453857 seconds
metaTables/vocal_music_demucs_16k/metaData_fma_large/row3263.csv
Execution time: 28.622005462646484 seconds
metaTables/vocal_music_demucs_16k/metaData_fma_large/row3264.csv
Execution time: 28.50514578819275 seconds
metaTables/vocal_music_demucs_16k/metaData_fma_large/row3265.csv
Execution time: 29.14096689224243 seconds
metaTables/vocal_music_demucs_16k/metaData_fma_large/row3266.csv
Execution time: 28.480361461639404 seconds
metaTables/vocal_music_demucs_16k/metaData_fma_large/row3267.csv
Execution time: 29.757600784301758 seconds
metaTables/vocal_music_demucs_16k/metaData_fma_large/row3268.csv
Execution time: 28.486263036727905 seconds
metaTables/vocal_music_demucs_16k/metaData_fma_large/row3269.csv
Execution time: 28.770159244537354 seconds
metaTables/vocal_music_demucs_16k/metaData_fma_large/row3270.csv
Execution time: 28.17760705947876 seconds
metaTables/vocal_music_demucs_16k/metaData_fma_large/row3271.csv
Execution time: 29.82776641845703 seconds
metaTables/vocal_music_demucs_16k/metaData_fma_large/row3272.csv
Execution time: 28.741053581237793 seconds
metaTables/vocal_music_demucs_16k/metaData_fma_large/row3273.csv
Execution time: 28.38017725944519 seconds
metaTables/vocal_music_demucs_16k/metaData_fma_large/row3274.csv
Execution time: 28.38835883140564 seconds
metaTables/vocal_music_demucs_16k/metaData_fma_large/row3275.csv
Execution time: 29.479747772216797 seconds
metaTables/vocal_music_demucs_16k/metaData_fma_large/row3276.csv
Execution time: 31.421749114990234 seconds
metaTables/vocal_music_demucs_16k/metaData_fma_large/row3277.csv
Execution time: 28.00665283203125 seconds
metaTables/vocal_music_demucs_16k/metaData_fma_large/row3278.csv
Execution time: 28.351446390151978 seconds
metaTables/vocal_music_demucs_16k/metaData_fma_large/row3279.csv
Execution time: 27.33180522918701 seconds
metaTables/vocal_music_demucs_16k/metaData_fma_large/row3280.csv
Execution time: 29.864113092422485 seconds
metaTables/vocal_music_demucs_16k/metaData_fma_large/row3281.csv
Execution time: 28.143959522247314 seconds
metaTables/vocal_music_demucs_16k/metaData_fma_large/row3282.csv
Execution time: 29.097639322280884 seconds
metaTables/vocal_music_demucs_16k/metaData_fma_large/row3283.csv
Execution time: 27.673959732055664 seconds
metaTables/vocal_music_demucs_16k/metaData_fma_large/row3284.csv
Execution time: 28.640537977218628 seconds
metaTables/vocal_music_demucs_16k/metaData_fma_large/row3285.csv
Execution time: 29.355206727981567 seconds
metaTables/vocal_music_demucs_16k/metaData_fma_large/row3286.csv
Execution time: 28.527921438217163 seconds
metaTables/vocal_music_demucs_16k/metaData_fma_large/row3287.csv
Execution time: 27.859837293624878 seconds
metaTables/vocal_music_demucs_16k/metaData_fma_large/row3288.csv
Execution time: 27.28448176383972 seconds
metaTables/vocal_music_demucs_16k/metaData_fma_large/row3289.csv
Execution time: 28.060383796691895 seconds
metaTables/vocal_music_demucs_16k/metaData_fma_large/row3290.csv
Execution time: 28.681314945220947 seconds
metaTables/vocal_music_demucs_16k/metaData_fma_large/row3291.csv
Execution time: 29.35379910469055 seconds
metaTables/vocal_music_demucs_16k/metaData_fma_large/row3292.csv
Execution time: 27.703712224960327 seconds
metaTables/vocal_music_demucs_16k/metaData_fma_large/row3293.csv
Execution time: 28.826512813568115 seconds
metaTables/vocal_music_demucs_16k/metaData_fma_large/row3294.csv
Execution time: 28.149804830551147 seconds
metaTables/vocal_music_demucs_16k/metaData_fma_large/row3295.csv
Execution time: 28.394129753112793 seconds
metaTables/vocal_music_demucs_16k/metaData_fma_large/row3296.csv
Execution time: 28.27168560028076 seconds
metaTables/vocal_music_demucs_16k/metaData_fma_large/row3297.csv
Execution time: 28.68291735649109 seconds
metaTables/vocal_music_demucs_16k/metaData_fma_large/row3298.csv
Execution time: 28.9827561378479 seconds
metaTables/vocal_music_demucs_16k/metaData_fma_large/row3299.csv
Demucs voice recognition done!
