/ext3/demucs/lib/python3.9/site-packages/demucs/api.py:27: UserWarning: TorchAudio's global backend is now deprecated. Please enable distpatcher by setting `TORCHAUDIO_USE_BACKEND_DISPATCHER=1`, and specify backend when calling load/info/save function.
  import torchaudio as ta
2024-05-08 23:37:47.295665: I tensorflow/core/util/port.cc:113] oneDNN custom operations are on. You may see slightly different numerical results due to floating-point round-off errors from different computation orders. To turn them off, set the environment variable `TF_ENABLE_ONEDNN_OPTS=0`.
2024-05-08 23:37:48.853029: E external/local_xla/xla/stream_executor/cuda/cuda_dnn.cc:9261] Unable to register cuDNN factory: Attempting to register factory for plugin cuDNN when one has already been registered
2024-05-08 23:37:48.853073: E external/local_xla/xla/stream_executor/cuda/cuda_fft.cc:607] Unable to register cuFFT factory: Attempting to register factory for plugin cuFFT when one has already been registered
2024-05-08 23:37:48.951291: E external/local_xla/xla/stream_executor/cuda/cuda_blas.cc:1515] Unable to register cuBLAS factory: Attempting to register factory for plugin cuBLAS when one has already been registered
2024-05-08 23:37:49.491002: I tensorflow/core/platform/cpu_feature_guard.cc:182] This TensorFlow binary is optimized to use available CPU instructions in performance-critical operations.
To enable the following instructions: AVX2 AVX512F AVX512_VNNI FMA, in other operations, rebuild TensorFlow with the appropriate compiler flags.
2024-05-08 23:37:52.927842: W tensorflow/compiler/tf2tensorrt/utils/py_utils.cc:38] TF-TRT Warning: Could not find TensorRT
[src/libmpg123/layer3.c:INT123_do_layer3():1771] error: part2_3_length (2112) too large for available bit count (1984)
Execution time: 32.535423040390015 seconds
metaTables/vocal_music_demucs_16k/metaData_fma_large/row71300.csv
Execution time: 29.996704578399658 seconds
metaTables/vocal_music_demucs_16k/metaData_fma_large/row71301.csv
Execution time: 29.15393304824829 seconds
metaTables/vocal_music_demucs_16k/metaData_fma_large/row71302.csv
Execution time: 28.788516759872437 seconds
metaTables/vocal_music_demucs_16k/metaData_fma_large/row71303.csv
Execution time: 28.852472066879272 seconds
metaTables/vocal_music_demucs_16k/metaData_fma_large/row71304.csv
Execution time: 28.711811065673828 seconds
metaTables/vocal_music_demucs_16k/metaData_fma_large/row71305.csv
Execution time: 28.144912481307983 seconds
metaTables/vocal_music_demucs_16k/metaData_fma_large/row71306.csv
Execution time: 29.080433130264282 seconds
metaTables/vocal_music_demucs_16k/metaData_fma_large/row71307.csv
Execution time: 28.265846252441406 seconds
metaTables/vocal_music_demucs_16k/metaData_fma_large/row71308.csv
Execution time: 28.182321071624756 seconds
metaTables/vocal_music_demucs_16k/metaData_fma_large/row71309.csv
Execution time: 28.56313920021057 seconds
metaTables/vocal_music_demucs_16k/metaData_fma_large/row71310.csv
Execution time: 28.16714882850647 seconds
metaTables/vocal_music_demucs_16k/metaData_fma_large/row71311.csv
Execution time: 28.59804606437683 seconds
metaTables/vocal_music_demucs_16k/metaData_fma_large/row71312.csv
Execution time: 28.012890577316284 seconds
metaTables/vocal_music_demucs_16k/metaData_fma_large/row71313.csv
Execution time: 29.36772584915161 seconds
metaTables/vocal_music_demucs_16k/metaData_fma_large/row71314.csv
Execution time: 28.88989019393921 seconds
metaTables/vocal_music_demucs_16k/metaData_fma_large/row71315.csv
Execution time: 30.54947280883789 seconds
metaTables/vocal_music_demucs_16k/metaData_fma_large/row71316.csv
Execution time: 28.76355290412903 seconds
metaTables/vocal_music_demucs_16k/metaData_fma_large/row71317.csv
Execution time: 29.966302156448364 seconds
metaTables/vocal_music_demucs_16k/metaData_fma_large/row71318.csv
Execution time: 29.729337453842163 seconds
metaTables/vocal_music_demucs_16k/metaData_fma_large/row71319.csv
Execution time: 28.899888038635254 seconds
metaTables/vocal_music_demucs_16k/metaData_fma_large/row71320.csv
Execution time: 29.45961570739746 seconds
metaTables/vocal_music_demucs_16k/metaData_fma_large/row71321.csv
Execution time: 28.92432999610901 seconds
metaTables/vocal_music_demucs_16k/metaData_fma_large/row71322.csv
Execution time: 28.69102120399475 seconds
metaTables/vocal_music_demucs_16k/metaData_fma_large/row71323.csv
Execution time: 28.19827699661255 seconds
metaTables/vocal_music_demucs_16k/metaData_fma_large/row71324.csv
Execution time: 29.013113021850586 seconds
metaTables/vocal_music_demucs_16k/metaData_fma_large/row71325.csv
Execution time: 29.190308570861816 seconds
metaTables/vocal_music_demucs_16k/metaData_fma_large/row71326.csv
Execution time: 28.515244722366333 seconds
metaTables/vocal_music_demucs_16k/metaData_fma_large/row71327.csv
Execution time: 29.498586416244507 seconds
metaTables/vocal_music_demucs_16k/metaData_fma_large/row71328.csv
Execution time: 29.025127410888672 seconds
metaTables/vocal_music_demucs_16k/metaData_fma_large/row71329.csv
Execution time: 28.417771577835083 seconds
metaTables/vocal_music_demucs_16k/metaData_fma_large/row71330.csv
Execution time: 28.928277492523193 seconds
metaTables/vocal_music_demucs_16k/metaData_fma_large/row71331.csv
Execution time: 29.012945413589478 seconds
metaTables/vocal_music_demucs_16k/metaData_fma_large/row71332.csv
Execution time: 28.723906755447388 seconds
metaTables/vocal_music_demucs_16k/metaData_fma_large/row71333.csv
Execution time: 28.40185809135437 seconds
metaTables/vocal_music_demucs_16k/metaData_fma_large/row71334.csv
Execution time: 28.54821252822876 seconds
metaTables/vocal_music_demucs_16k/metaData_fma_large/row71335.csv
Execution time: 29.104703664779663 seconds
metaTables/vocal_music_demucs_16k/metaData_fma_large/row71336.csv
Execution time: 28.656700611114502 seconds
metaTables/vocal_music_demucs_16k/metaData_fma_large/row71337.csv
Execution time: 29.942474603652954 seconds
metaTables/vocal_music_demucs_16k/metaData_fma_large/row71338.csv
Execution time: 29.059688568115234 seconds
metaTables/vocal_music_demucs_16k/metaData_fma_large/row71339.csv
Execution time: 28.795839309692383 seconds
metaTables/vocal_music_demucs_16k/metaData_fma_large/row71340.csv
Execution time: 30.794126510620117 seconds
metaTables/vocal_music_demucs_16k/metaData_fma_large/row71341.csv
Execution time: 28.850807428359985 seconds
metaTables/vocal_music_demucs_16k/metaData_fma_large/row71342.csv
Execution time: 29.149893283843994 seconds
metaTables/vocal_music_demucs_16k/metaData_fma_large/row71343.csv
Execution time: 29.555009841918945 seconds
metaTables/vocal_music_demucs_16k/metaData_fma_large/row71344.csv
Execution time: 27.998173713684082 seconds
metaTables/vocal_music_demucs_16k/metaData_fma_large/row71345.csv
Execution time: 28.37783408164978 seconds
metaTables/vocal_music_demucs_16k/metaData_fma_large/row71346.csv
Execution time: 28.520493268966675 seconds
metaTables/vocal_music_demucs_16k/metaData_fma_large/row71347.csv
Execution time: 29.113296508789062 seconds
metaTables/vocal_music_demucs_16k/metaData_fma_large/row71348.csv
Execution time: 30.07939600944519 seconds
metaTables/vocal_music_demucs_16k/metaData_fma_large/row71349.csv
Execution time: 28.75357151031494 seconds
metaTables/vocal_music_demucs_16k/metaData_fma_large/row71350.csv
Execution time: 28.72906494140625 seconds
metaTables/vocal_music_demucs_16k/metaData_fma_large/row71351.csv
Execution time: 29.123937606811523 seconds
metaTables/vocal_music_demucs_16k/metaData_fma_large/row71352.csv
Execution time: 19.278612852096558 seconds
metaTables/vocal_music_demucs_16k/metaData_fma_large/row71353.csv
Execution time: 28.650870323181152 seconds
metaTables/vocal_music_demucs_16k/metaData_fma_large/row71354.csv
Execution time: 29.47377634048462 seconds
metaTables/vocal_music_demucs_16k/metaData_fma_large/row71355.csv
Execution time: 28.97946262359619 seconds
metaTables/vocal_music_demucs_16k/metaData_fma_large/row71356.csv
Execution time: 29.437289714813232 seconds
metaTables/vocal_music_demucs_16k/metaData_fma_large/row71357.csv
Execution time: 27.98398995399475 seconds
metaTables/vocal_music_demucs_16k/metaData_fma_large/row71358.csv
Execution time: 29.174679279327393 seconds
metaTables/vocal_music_demucs_16k/metaData_fma_large/row71359.csv
Execution time: 29.303967237472534 seconds
metaTables/vocal_music_demucs_16k/metaData_fma_large/row71360.csv
Execution time: 28.40984010696411 seconds
metaTables/vocal_music_demucs_16k/metaData_fma_large/row71361.csv
Execution time: 28.226192712783813 seconds
metaTables/vocal_music_demucs_16k/metaData_fma_large/row71362.csv
Execution time: 27.595197916030884 seconds
metaTables/vocal_music_demucs_16k/metaData_fma_large/row71363.csv
Execution time: 28.909236431121826 seconds
metaTables/vocal_music_demucs_16k/metaData_fma_large/row71364.csv
Execution time: 27.716253519058228 seconds
metaTables/vocal_music_demucs_16k/metaData_fma_large/row71365.csv
Execution time: 23.90143632888794 seconds
metaTables/vocal_music_demucs_16k/metaData_fma_large/row71366.csv
Execution time: 28.624948263168335 seconds
metaTables/vocal_music_demucs_16k/metaData_fma_large/row71367.csv
Execution time: 29.151715993881226 seconds
metaTables/vocal_music_demucs_16k/metaData_fma_large/row71368.csv
Execution time: 28.376085996627808 seconds
metaTables/vocal_music_demucs_16k/metaData_fma_large/row71369.csv
Execution time: 28.633607864379883 seconds
metaTables/vocal_music_demucs_16k/metaData_fma_large/row71370.csv
Execution time: 28.58815622329712 seconds
metaTables/vocal_music_demucs_16k/metaData_fma_large/row71371.csv
Execution time: 28.441140174865723 seconds
metaTables/vocal_music_demucs_16k/metaData_fma_large/row71372.csv
Execution time: 28.682745456695557 seconds
metaTables/vocal_music_demucs_16k/metaData_fma_large/row71373.csv
Execution time: 28.970044136047363 seconds
metaTables/vocal_music_demucs_16k/metaData_fma_large/row71374.csv
Execution time: 28.48558020591736 seconds
metaTables/vocal_music_demucs_16k/metaData_fma_large/row71375.csv
Execution time: 28.06241226196289 seconds
metaTables/vocal_music_demucs_16k/metaData_fma_large/row71376.csv
Execution time: 29.185125589370728 seconds
metaTables/vocal_music_demucs_16k/metaData_fma_large/row71377.csv
Execution time: 27.84176254272461 seconds
metaTables/vocal_music_demucs_16k/metaData_fma_large/row71378.csv
Execution time: 29.506728410720825 seconds
metaTables/vocal_music_demucs_16k/metaData_fma_large/row71379.csv
Execution time: 27.17595410346985 seconds
metaTables/vocal_music_demucs_16k/metaData_fma_large/row71380.csv
Execution time: 14.199510335922241 seconds
metaTables/vocal_music_demucs_16k/metaData_fma_large/row71381.csv
Execution time: 28.756919622421265 seconds
metaTables/vocal_music_demucs_16k/metaData_fma_large/row71382.csv
Execution time: 28.198349475860596 seconds
metaTables/vocal_music_demucs_16k/metaData_fma_large/row71383.csv
Execution time: 29.302680015563965 seconds
metaTables/vocal_music_demucs_16k/metaData_fma_large/row71384.csv
Execution time: 27.143527030944824 seconds
metaTables/vocal_music_demucs_16k/metaData_fma_large/row71385.csv
Execution time: 28.64041495323181 seconds
metaTables/vocal_music_demucs_16k/metaData_fma_large/row71386.csv
Execution time: 27.43519902229309 seconds
metaTables/vocal_music_demucs_16k/metaData_fma_large/row71387.csv
Execution time: 29.03772234916687 seconds
metaTables/vocal_music_demucs_16k/metaData_fma_large/row71388.csv
Execution time: 29.23234510421753 seconds
metaTables/vocal_music_demucs_16k/metaData_fma_large/row71389.csv
Execution time: 28.661353588104248 seconds
metaTables/vocal_music_demucs_16k/metaData_fma_large/row71390.csv
Execution time: 27.553813934326172 seconds
metaTables/vocal_music_demucs_16k/metaData_fma_large/row71391.csv
Execution time: 28.78394842147827 seconds
metaTables/vocal_music_demucs_16k/metaData_fma_large/row71392.csv
Execution time: 28.282525300979614 seconds
metaTables/vocal_music_demucs_16k/metaData_fma_large/row71393.csv
Execution time: 29.23718810081482 seconds
metaTables/vocal_music_demucs_16k/metaData_fma_large/row71394.csv
Execution time: 26.634227514266968 seconds
metaTables/vocal_music_demucs_16k/metaData_fma_large/row71395.csv
Execution time: 27.36957097053528 seconds
metaTables/vocal_music_demucs_16k/metaData_fma_large/row71396.csv
Execution time: 27.48488998413086 seconds
metaTables/vocal_music_demucs_16k/metaData_fma_large/row71397.csv
Execution time: 27.928910493850708 seconds
metaTables/vocal_music_demucs_16k/metaData_fma_large/row71398.csv
Execution time: 26.437623977661133 seconds
metaTables/vocal_music_demucs_16k/metaData_fma_large/row71399.csv
Demucs voice recognition done!
