/ext3/demucs/lib/python3.9/site-packages/demucs/api.py:27: UserWarning: TorchAudio's global backend is now deprecated. Please enable distpatcher by setting `TORCHAUDIO_USE_BACKEND_DISPATCHER=1`, and specify backend when calling load/info/save function.
  import torchaudio as ta
2024-05-09 09:20:47.813700: I tensorflow/core/util/port.cc:113] oneDNN custom operations are on. You may see slightly different numerical results due to floating-point round-off errors from different computation orders. To turn them off, set the environment variable `TF_ENABLE_ONEDNN_OPTS=0`.
2024-05-09 09:20:51.107378: E external/local_xla/xla/stream_executor/cuda/cuda_dnn.cc:9261] Unable to register cuDNN factory: Attempting to register factory for plugin cuDNN when one has already been registered
2024-05-09 09:20:51.107416: E external/local_xla/xla/stream_executor/cuda/cuda_fft.cc:607] Unable to register cuFFT factory: Attempting to register factory for plugin cuFFT when one has already been registered
2024-05-09 09:20:51.280917: E external/local_xla/xla/stream_executor/cuda/cuda_blas.cc:1515] Unable to register cuBLAS factory: Attempting to register factory for plugin cuBLAS when one has already been registered
2024-05-09 09:20:51.593403: I tensorflow/core/platform/cpu_feature_guard.cc:182] This TensorFlow binary is optimized to use available CPU instructions in performance-critical operations.
To enable the following instructions: AVX2 AVX512F AVX512_VNNI FMA, in other operations, rebuild TensorFlow with the appropriate compiler flags.
2024-05-09 09:20:54.318522: W tensorflow/compiler/tf2tensorrt/utils/py_utils.cc:38] TF-TRT Warning: Could not find TensorRT
SKIPPING: metaTables/vocal_music_demucs_16k/metaData_fma_large/row700.csv
SKIPPING: metaTables/vocal_music_demucs_16k/metaData_fma_large/row701.csv
SKIPPING: metaTables/vocal_music_demucs_16k/metaData_fma_large/row702.csv
SKIPPING: metaTables/vocal_music_demucs_16k/metaData_fma_large/row703.csv
SKIPPING: metaTables/vocal_music_demucs_16k/metaData_fma_large/row704.csv
SKIPPING: metaTables/vocal_music_demucs_16k/metaData_fma_large/row705.csv
SKIPPING: metaTables/vocal_music_demucs_16k/metaData_fma_large/row706.csv
SKIPPING: metaTables/vocal_music_demucs_16k/metaData_fma_large/row707.csv
SKIPPING: metaTables/vocal_music_demucs_16k/metaData_fma_large/row708.csv
SKIPPING: metaTables/vocal_music_demucs_16k/metaData_fma_large/row709.csv
SKIPPING: metaTables/vocal_music_demucs_16k/metaData_fma_large/row710.csv
SKIPPING: metaTables/vocal_music_demucs_16k/metaData_fma_large/row711.csv
SKIPPING: metaTables/vocal_music_demucs_16k/metaData_fma_large/row712.csv
SKIPPING: metaTables/vocal_music_demucs_16k/metaData_fma_large/row713.csv
SKIPPING: metaTables/vocal_music_demucs_16k/metaData_fma_large/row714.csv
SKIPPING: metaTables/vocal_music_demucs_16k/metaData_fma_large/row715.csv
SKIPPING: metaTables/vocal_music_demucs_16k/metaData_fma_large/row716.csv
SKIPPING: metaTables/vocal_music_demucs_16k/metaData_fma_large/row717.csv
SKIPPING: metaTables/vocal_music_demucs_16k/metaData_fma_large/row718.csv
SKIPPING: metaTables/vocal_music_demucs_16k/metaData_fma_large/row719.csv
SKIPPING: metaTables/vocal_music_demucs_16k/metaData_fma_large/row720.csv
SKIPPING: metaTables/vocal_music_demucs_16k/metaData_fma_large/row721.csv
SKIPPING: metaTables/vocal_music_demucs_16k/metaData_fma_large/row722.csv
SKIPPING: metaTables/vocal_music_demucs_16k/metaData_fma_large/row723.csv
SKIPPING: metaTables/vocal_music_demucs_16k/metaData_fma_large/row724.csv
SKIPPING: metaTables/vocal_music_demucs_16k/metaData_fma_large/row725.csv
SKIPPING: metaTables/vocal_music_demucs_16k/metaData_fma_large/row726.csv
SKIPPING: metaTables/vocal_music_demucs_16k/metaData_fma_large/row727.csv
SKIPPING: metaTables/vocal_music_demucs_16k/metaData_fma_large/row728.csv
SKIPPING: metaTables/vocal_music_demucs_16k/metaData_fma_large/row729.csv
SKIPPING: metaTables/vocal_music_demucs_16k/metaData_fma_large/row730.csv
SKIPPING: metaTables/vocal_music_demucs_16k/metaData_fma_large/row731.csv
SKIPPING: metaTables/vocal_music_demucs_16k/metaData_fma_large/row732.csv
SKIPPING: metaTables/vocal_music_demucs_16k/metaData_fma_large/row733.csv
SKIPPING: metaTables/vocal_music_demucs_16k/metaData_fma_large/row734.csv
SKIPPING: metaTables/vocal_music_demucs_16k/metaData_fma_large/row735.csv
SKIPPING: metaTables/vocal_music_demucs_16k/metaData_fma_large/row736.csv
SKIPPING: metaTables/vocal_music_demucs_16k/metaData_fma_large/row737.csv
SKIPPING: metaTables/vocal_music_demucs_16k/metaData_fma_large/row738.csv
SKIPPING: metaTables/vocal_music_demucs_16k/metaData_fma_large/row739.csv
SKIPPING: metaTables/vocal_music_demucs_16k/metaData_fma_large/row740.csv
SKIPPING: metaTables/vocal_music_demucs_16k/metaData_fma_large/row741.csv
SKIPPING: metaTables/vocal_music_demucs_16k/metaData_fma_large/row742.csv
SKIPPING: metaTables/vocal_music_demucs_16k/metaData_fma_large/row743.csv
SKIPPING: metaTables/vocal_music_demucs_16k/metaData_fma_large/row744.csv
SKIPPING: metaTables/vocal_music_demucs_16k/metaData_fma_large/row745.csv
SKIPPING: metaTables/vocal_music_demucs_16k/metaData_fma_large/row746.csv
SKIPPING: metaTables/vocal_music_demucs_16k/metaData_fma_large/row747.csv
SKIPPING: metaTables/vocal_music_demucs_16k/metaData_fma_large/row748.csv
SKIPPING: metaTables/vocal_music_demucs_16k/metaData_fma_large/row749.csv
SKIPPING: metaTables/vocal_music_demucs_16k/metaData_fma_large/row750.csv
SKIPPING: metaTables/vocal_music_demucs_16k/metaData_fma_large/row751.csv
SKIPPING: metaTables/vocal_music_demucs_16k/metaData_fma_large/row752.csv
SKIPPING: metaTables/vocal_music_demucs_16k/metaData_fma_large/row753.csv
SKIPPING: metaTables/vocal_music_demucs_16k/metaData_fma_large/row754.csv
SKIPPING: metaTables/vocal_music_demucs_16k/metaData_fma_large/row755.csv
SKIPPING: metaTables/vocal_music_demucs_16k/metaData_fma_large/row756.csv
SKIPPING: metaTables/vocal_music_demucs_16k/metaData_fma_large/row757.csv
SKIPPING: metaTables/vocal_music_demucs_16k/metaData_fma_large/row758.csv
SKIPPING: metaTables/vocal_music_demucs_16k/metaData_fma_large/row759.csv
SKIPPING: metaTables/vocal_music_demucs_16k/metaData_fma_large/row760.csv
SKIPPING: metaTables/vocal_music_demucs_16k/metaData_fma_large/row761.csv
SKIPPING: metaTables/vocal_music_demucs_16k/metaData_fma_large/row762.csv
SKIPPING: metaTables/vocal_music_demucs_16k/metaData_fma_large/row763.csv
SKIPPING: metaTables/vocal_music_demucs_16k/metaData_fma_large/row764.csv
SKIPPING: metaTables/vocal_music_demucs_16k/metaData_fma_large/row765.csv
SKIPPING: metaTables/vocal_music_demucs_16k/metaData_fma_large/row766.csv
SKIPPING: metaTables/vocal_music_demucs_16k/metaData_fma_large/row767.csv
SKIPPING: metaTables/vocal_music_demucs_16k/metaData_fma_large/row768.csv
SKIPPING: metaTables/vocal_music_demucs_16k/metaData_fma_large/row769.csv
SKIPPING: metaTables/vocal_music_demucs_16k/metaData_fma_large/row770.csv
SKIPPING: metaTables/vocal_music_demucs_16k/metaData_fma_large/row771.csv
SKIPPING: metaTables/vocal_music_demucs_16k/metaData_fma_large/row772.csv
SKIPPING: metaTables/vocal_music_demucs_16k/metaData_fma_large/row773.csv
SKIPPING: metaTables/vocal_music_demucs_16k/metaData_fma_large/row774.csv
SKIPPING: metaTables/vocal_music_demucs_16k/metaData_fma_large/row775.csv
SKIPPING: metaTables/vocal_music_demucs_16k/metaData_fma_large/row776.csv
SKIPPING: metaTables/vocal_music_demucs_16k/metaData_fma_large/row777.csv
SKIPPING: metaTables/vocal_music_demucs_16k/metaData_fma_large/row778.csv
SKIPPING: metaTables/vocal_music_demucs_16k/metaData_fma_large/row779.csv
SKIPPING: metaTables/vocal_music_demucs_16k/metaData_fma_large/row780.csv
SKIPPING: metaTables/vocal_music_demucs_16k/metaData_fma_large/row781.csv
SKIPPING: metaTables/vocal_music_demucs_16k/metaData_fma_large/row782.csv
SKIPPING: metaTables/vocal_music_demucs_16k/metaData_fma_large/row783.csv
SKIPPING: metaTables/vocal_music_demucs_16k/metaData_fma_large/row784.csv
SKIPPING: metaTables/vocal_music_demucs_16k/metaData_fma_large/row785.csv
SKIPPING: metaTables/vocal_music_demucs_16k/metaData_fma_large/row786.csv
SKIPPING: metaTables/vocal_music_demucs_16k/metaData_fma_large/row787.csv
SKIPPING: metaTables/vocal_music_demucs_16k/metaData_fma_large/row788.csv
SKIPPING: metaTables/vocal_music_demucs_16k/metaData_fma_large/row789.csv
SKIPPING: metaTables/vocal_music_demucs_16k/metaData_fma_large/row790.csv
SKIPPING: metaTables/vocal_music_demucs_16k/metaData_fma_large/row791.csv
SKIPPING: metaTables/vocal_music_demucs_16k/metaData_fma_large/row792.csv
SKIPPING: metaTables/vocal_music_demucs_16k/metaData_fma_large/row793.csv
SKIPPING: metaTables/vocal_music_demucs_16k/metaData_fma_large/row794.csv
SKIPPING: metaTables/vocal_music_demucs_16k/metaData_fma_large/row795.csv
SKIPPING: metaTables/vocal_music_demucs_16k/metaData_fma_large/row796.csv
SKIPPING: metaTables/vocal_music_demucs_16k/metaData_fma_large/row797.csv
SKIPPING: metaTables/vocal_music_demucs_16k/metaData_fma_large/row798.csv
SKIPPING: metaTables/vocal_music_demucs_16k/metaData_fma_large/row799.csv
Demucs voice recognition done!
