/ext3/demucs/lib/python3.9/site-packages/demucs/api.py:27: UserWarning: TorchAudio's global backend is now deprecated. Please enable distpatcher by setting `TORCHAUDIO_USE_BACKEND_DISPATCHER=1`, and specify backend when calling load/info/save function.
  import torchaudio as ta
2024-05-08 23:36:03.835030: I tensorflow/core/util/port.cc:113] oneDNN custom operations are on. You may see slightly different numerical results due to floating-point round-off errors from different computation orders. To turn them off, set the environment variable `TF_ENABLE_ONEDNN_OPTS=0`.
2024-05-08 23:36:08.267205: E external/local_xla/xla/stream_executor/cuda/cuda_dnn.cc:9261] Unable to register cuDNN factory: Attempting to register factory for plugin cuDNN when one has already been registered
2024-05-08 23:36:08.267250: E external/local_xla/xla/stream_executor/cuda/cuda_fft.cc:607] Unable to register cuFFT factory: Attempting to register factory for plugin cuFFT when one has already been registered
2024-05-08 23:36:08.548905: E external/local_xla/xla/stream_executor/cuda/cuda_blas.cc:1515] Unable to register cuBLAS factory: Attempting to register factory for plugin cuBLAS when one has already been registered
2024-05-08 23:36:09.046962: I tensorflow/core/platform/cpu_feature_guard.cc:182] This TensorFlow binary is optimized to use available CPU instructions in performance-critical operations.
To enable the following instructions: AVX2 AVX512F AVX512_VNNI FMA, in other operations, rebuild TensorFlow with the appropriate compiler flags.
2024-05-08 23:36:12.510155: W tensorflow/compiler/tf2tensorrt/utils/py_utils.cc:38] TF-TRT Warning: Could not find TensorRT
Execution time: 30.19790005683899 seconds
metaTables/vocal_music_demucs_16k/metaData_fma_large/row21600.csv
Execution time: 26.528828859329224 seconds
metaTables/vocal_music_demucs_16k/metaData_fma_large/row21601.csv
Execution time: 26.50083351135254 seconds
metaTables/vocal_music_demucs_16k/metaData_fma_large/row21602.csv
Execution time: 26.291459321975708 seconds
metaTables/vocal_music_demucs_16k/metaData_fma_large/row21603.csv
Execution time: 25.60378408432007 seconds
metaTables/vocal_music_demucs_16k/metaData_fma_large/row21604.csv
Execution time: 26.563467502593994 seconds
metaTables/vocal_music_demucs_16k/metaData_fma_large/row21605.csv
Execution time: 26.11644697189331 seconds
metaTables/vocal_music_demucs_16k/metaData_fma_large/row21606.csv
Execution time: 25.276601552963257 seconds
metaTables/vocal_music_demucs_16k/metaData_fma_large/row21607.csv
Execution time: 27.087680339813232 seconds
metaTables/vocal_music_demucs_16k/metaData_fma_large/row21608.csv
Execution time: 26.53141474723816 seconds
metaTables/vocal_music_demucs_16k/metaData_fma_large/row21609.csv
Execution time: 26.946316719055176 seconds
metaTables/vocal_music_demucs_16k/metaData_fma_large/row21610.csv
Execution time: 27.321305990219116 seconds
metaTables/vocal_music_demucs_16k/metaData_fma_large/row21611.csv
Execution time: 26.717488527297974 seconds
metaTables/vocal_music_demucs_16k/metaData_fma_large/row21612.csv
Execution time: 27.404208421707153 seconds
metaTables/vocal_music_demucs_16k/metaData_fma_large/row21613.csv
Execution time: 26.66021990776062 seconds
metaTables/vocal_music_demucs_16k/metaData_fma_large/row21614.csv
Execution time: 26.453850030899048 seconds
metaTables/vocal_music_demucs_16k/metaData_fma_large/row21615.csv
Execution time: 27.26450538635254 seconds
metaTables/vocal_music_demucs_16k/metaData_fma_large/row21616.csv
Execution time: 27.390394687652588 seconds
metaTables/vocal_music_demucs_16k/metaData_fma_large/row21617.csv
Execution time: 26.744637489318848 seconds
metaTables/vocal_music_demucs_16k/metaData_fma_large/row21618.csv
Execution time: 26.577271699905396 seconds
metaTables/vocal_music_demucs_16k/metaData_fma_large/row21619.csv
Execution time: 27.192965269088745 seconds
metaTables/vocal_music_demucs_16k/metaData_fma_large/row21620.csv
Execution time: 26.442020416259766 seconds
metaTables/vocal_music_demucs_16k/metaData_fma_large/row21621.csv
Execution time: 26.612505674362183 seconds
metaTables/vocal_music_demucs_16k/metaData_fma_large/row21622.csv
Execution time: 26.48547601699829 seconds
metaTables/vocal_music_demucs_16k/metaData_fma_large/row21623.csv
Execution time: 26.880852699279785 seconds
metaTables/vocal_music_demucs_16k/metaData_fma_large/row21624.csv
Execution time: 27.027442932128906 seconds
metaTables/vocal_music_demucs_16k/metaData_fma_large/row21625.csv
Execution time: 26.523379802703857 seconds
metaTables/vocal_music_demucs_16k/metaData_fma_large/row21626.csv
Execution time: 26.5037624835968 seconds
metaTables/vocal_music_demucs_16k/metaData_fma_large/row21627.csv
Execution time: 26.394781827926636 seconds
metaTables/vocal_music_demucs_16k/metaData_fma_large/row21628.csv
Execution time: 26.985729932785034 seconds
metaTables/vocal_music_demucs_16k/metaData_fma_large/row21629.csv
Execution time: 25.417214155197144 seconds
metaTables/vocal_music_demucs_16k/metaData_fma_large/row21630.csv
Execution time: 27.394497394561768 seconds
metaTables/vocal_music_demucs_16k/metaData_fma_large/row21631.csv
Execution time: 27.023833990097046 seconds
metaTables/vocal_music_demucs_16k/metaData_fma_large/row21632.csv
Execution time: 25.819275379180908 seconds
metaTables/vocal_music_demucs_16k/metaData_fma_large/row21633.csv
Execution time: 26.117356538772583 seconds
metaTables/vocal_music_demucs_16k/metaData_fma_large/row21634.csv
Execution time: 26.39695715904236 seconds
metaTables/vocal_music_demucs_16k/metaData_fma_large/row21635.csv
Execution time: 26.975753784179688 seconds
metaTables/vocal_music_demucs_16k/metaData_fma_large/row21636.csv
Execution time: 26.031766891479492 seconds
metaTables/vocal_music_demucs_16k/metaData_fma_large/row21637.csv
Execution time: 26.819867849349976 seconds
metaTables/vocal_music_demucs_16k/metaData_fma_large/row21638.csv
Execution time: 27.604411602020264 seconds
metaTables/vocal_music_demucs_16k/metaData_fma_large/row21639.csv
Execution time: 26.325481176376343 seconds
metaTables/vocal_music_demucs_16k/metaData_fma_large/row21640.csv
Execution time: 26.79801654815674 seconds
metaTables/vocal_music_demucs_16k/metaData_fma_large/row21641.csv
Execution time: 26.50826907157898 seconds
metaTables/vocal_music_demucs_16k/metaData_fma_large/row21642.csv
Execution time: 27.178237438201904 seconds
metaTables/vocal_music_demucs_16k/metaData_fma_large/row21643.csv
Execution time: 27.104040384292603 seconds
metaTables/vocal_music_demucs_16k/metaData_fma_large/row21644.csv
Execution time: 26.70247983932495 seconds
metaTables/vocal_music_demucs_16k/metaData_fma_large/row21645.csv
Execution time: 25.29336667060852 seconds
metaTables/vocal_music_demucs_16k/metaData_fma_large/row21646.csv
Execution time: 27.58297061920166 seconds
metaTables/vocal_music_demucs_16k/metaData_fma_large/row21647.csv
Execution time: 27.034728288650513 seconds
metaTables/vocal_music_demucs_16k/metaData_fma_large/row21648.csv
Execution time: 26.51665186882019 seconds
metaTables/vocal_music_demucs_16k/metaData_fma_large/row21649.csv
Execution time: 27.06686520576477 seconds
metaTables/vocal_music_demucs_16k/metaData_fma_large/row21650.csv
Execution time: 26.175709009170532 seconds
metaTables/vocal_music_demucs_16k/metaData_fma_large/row21651.csv
Execution time: 26.2231023311615 seconds
metaTables/vocal_music_demucs_16k/metaData_fma_large/row21652.csv
Execution time: 26.517016887664795 seconds
metaTables/vocal_music_demucs_16k/metaData_fma_large/row21653.csv
Execution time: 27.532458543777466 seconds
metaTables/vocal_music_demucs_16k/metaData_fma_large/row21654.csv
Execution time: 26.36978006362915 seconds
metaTables/vocal_music_demucs_16k/metaData_fma_large/row21655.csv
Execution time: 26.274357795715332 seconds
metaTables/vocal_music_demucs_16k/metaData_fma_large/row21656.csv
Execution time: 27.097095012664795 seconds
metaTables/vocal_music_demucs_16k/metaData_fma_large/row21657.csv
Execution time: 26.90724015235901 seconds
metaTables/vocal_music_demucs_16k/metaData_fma_large/row21658.csv
Execution time: 26.858457565307617 seconds
metaTables/vocal_music_demucs_16k/metaData_fma_large/row21659.csv
Execution time: 26.830963134765625 seconds
metaTables/vocal_music_demucs_16k/metaData_fma_large/row21660.csv
Execution time: 27.451749086380005 seconds
metaTables/vocal_music_demucs_16k/metaData_fma_large/row21661.csv
Execution time: 25.932748079299927 seconds
metaTables/vocal_music_demucs_16k/metaData_fma_large/row21662.csv
Execution time: 26.060356855392456 seconds
metaTables/vocal_music_demucs_16k/metaData_fma_large/row21663.csv
Execution time: 25.882864236831665 seconds
metaTables/vocal_music_demucs_16k/metaData_fma_large/row21664.csv
Execution time: 25.15524172782898 seconds
metaTables/vocal_music_demucs_16k/metaData_fma_large/row21665.csv
Execution time: 27.251449584960938 seconds
metaTables/vocal_music_demucs_16k/metaData_fma_large/row21666.csv
Execution time: 26.597520112991333 seconds
metaTables/vocal_music_demucs_16k/metaData_fma_large/row21667.csv
Execution time: 26.902114629745483 seconds
metaTables/vocal_music_demucs_16k/metaData_fma_large/row21668.csv
Execution time: 26.334112644195557 seconds
metaTables/vocal_music_demucs_16k/metaData_fma_large/row21669.csv
Execution time: 26.220888137817383 seconds
metaTables/vocal_music_demucs_16k/metaData_fma_large/row21670.csv
Execution time: 26.285568714141846 seconds
metaTables/vocal_music_demucs_16k/metaData_fma_large/row21671.csv
Execution time: 26.939216375350952 seconds
metaTables/vocal_music_demucs_16k/metaData_fma_large/row21672.csv
Execution time: 25.813334226608276 seconds
metaTables/vocal_music_demucs_16k/metaData_fma_large/row21673.csv
Execution time: 27.47085928916931 seconds
metaTables/vocal_music_demucs_16k/metaData_fma_large/row21674.csv
Execution time: 27.45009207725525 seconds
metaTables/vocal_music_demucs_16k/metaData_fma_large/row21675.csv
Execution time: 27.21062207221985 seconds
metaTables/vocal_music_demucs_16k/metaData_fma_large/row21676.csv
Execution time: 26.59671902656555 seconds
metaTables/vocal_music_demucs_16k/metaData_fma_large/row21677.csv
Execution time: 25.47482681274414 seconds
metaTables/vocal_music_demucs_16k/metaData_fma_large/row21678.csv
Execution time: 26.85166621208191 seconds
metaTables/vocal_music_demucs_16k/metaData_fma_large/row21679.csv
Execution time: 26.483306884765625 seconds
metaTables/vocal_music_demucs_16k/metaData_fma_large/row21680.csv
Execution time: 24.602229833602905 seconds
metaTables/vocal_music_demucs_16k/metaData_fma_large/row21681.csv
Execution time: 26.599353313446045 seconds
metaTables/vocal_music_demucs_16k/metaData_fma_large/row21682.csv
Execution time: 26.65709924697876 seconds
metaTables/vocal_music_demucs_16k/metaData_fma_large/row21683.csv
Execution time: 26.70260453224182 seconds
metaTables/vocal_music_demucs_16k/metaData_fma_large/row21684.csv
Execution time: 27.08750319480896 seconds
metaTables/vocal_music_demucs_16k/metaData_fma_large/row21685.csv
Execution time: 27.100771188735962 seconds
metaTables/vocal_music_demucs_16k/metaData_fma_large/row21686.csv
Execution time: 26.55658745765686 seconds
metaTables/vocal_music_demucs_16k/metaData_fma_large/row21687.csv
Execution time: 26.86033844947815 seconds
metaTables/vocal_music_demucs_16k/metaData_fma_large/row21688.csv
Execution time: 26.2832088470459 seconds
metaTables/vocal_music_demucs_16k/metaData_fma_large/row21689.csv
Execution time: 26.648110151290894 seconds
metaTables/vocal_music_demucs_16k/metaData_fma_large/row21690.csv
Execution time: 26.71628451347351 seconds
metaTables/vocal_music_demucs_16k/metaData_fma_large/row21691.csv
Execution time: 26.999461889266968 seconds
metaTables/vocal_music_demucs_16k/metaData_fma_large/row21692.csv
Execution time: 26.577218770980835 seconds
metaTables/vocal_music_demucs_16k/metaData_fma_large/row21693.csv
Execution time: 28.146225929260254 seconds
metaTables/vocal_music_demucs_16k/metaData_fma_large/row21694.csv
Execution time: 26.38741445541382 seconds
metaTables/vocal_music_demucs_16k/metaData_fma_large/row21695.csv
Execution time: 25.30512499809265 seconds
metaTables/vocal_music_demucs_16k/metaData_fma_large/row21696.csv
Execution time: 26.792258977890015 seconds
metaTables/vocal_music_demucs_16k/metaData_fma_large/row21697.csv
Execution time: 25.970924139022827 seconds
metaTables/vocal_music_demucs_16k/metaData_fma_large/row21698.csv
Execution time: 25.585794687271118 seconds
metaTables/vocal_music_demucs_16k/metaData_fma_large/row21699.csv
Demucs voice recognition done!
