/ext3/demucs/lib/python3.9/site-packages/demucs/api.py:27: UserWarning: TorchAudio's global backend is now deprecated. Please enable distpatcher by setting `TORCHAUDIO_USE_BACKEND_DISPATCHER=1`, and specify backend when calling load/info/save function.
  import torchaudio as ta
2024-05-09 09:21:26.244842: I tensorflow/core/util/port.cc:113] oneDNN custom operations are on. You may see slightly different numerical results due to floating-point round-off errors from different computation orders. To turn them off, set the environment variable `TF_ENABLE_ONEDNN_OPTS=0`.
2024-05-09 09:21:26.517306: E external/local_xla/xla/stream_executor/cuda/cuda_dnn.cc:9261] Unable to register cuDNN factory: Attempting to register factory for plugin cuDNN when one has already been registered
2024-05-09 09:21:26.517347: E external/local_xla/xla/stream_executor/cuda/cuda_fft.cc:607] Unable to register cuFFT factory: Attempting to register factory for plugin cuFFT when one has already been registered
2024-05-09 09:21:26.566519: E external/local_xla/xla/stream_executor/cuda/cuda_blas.cc:1515] Unable to register cuBLAS factory: Attempting to register factory for plugin cuBLAS when one has already been registered
2024-05-09 09:21:26.652299: I tensorflow/core/platform/cpu_feature_guard.cc:182] This TensorFlow binary is optimized to use available CPU instructions in performance-critical operations.
To enable the following instructions: AVX2 AVX512F AVX512_VNNI FMA, in other operations, rebuild TensorFlow with the appropriate compiler flags.
2024-05-09 09:21:27.980576: W tensorflow/compiler/tf2tensorrt/utils/py_utils.cc:38] TF-TRT Warning: Could not find TensorRT
SKIPPING: metaTables/vocal_music_demucs_16k/metaData_fma_large/row61000.csv
SKIPPING: metaTables/vocal_music_demucs_16k/metaData_fma_large/row61001.csv
SKIPPING: metaTables/vocal_music_demucs_16k/metaData_fma_large/row61002.csv
SKIPPING: metaTables/vocal_music_demucs_16k/metaData_fma_large/row61003.csv
SKIPPING: metaTables/vocal_music_demucs_16k/metaData_fma_large/row61004.csv
SKIPPING: metaTables/vocal_music_demucs_16k/metaData_fma_large/row61005.csv
SKIPPING: metaTables/vocal_music_demucs_16k/metaData_fma_large/row61006.csv
SKIPPING: metaTables/vocal_music_demucs_16k/metaData_fma_large/row61007.csv
SKIPPING: metaTables/vocal_music_demucs_16k/metaData_fma_large/row61008.csv
SKIPPING: metaTables/vocal_music_demucs_16k/metaData_fma_large/row61009.csv
SKIPPING: metaTables/vocal_music_demucs_16k/metaData_fma_large/row61010.csv
SKIPPING: metaTables/vocal_music_demucs_16k/metaData_fma_large/row61011.csv
SKIPPING: metaTables/vocal_music_demucs_16k/metaData_fma_large/row61012.csv
SKIPPING: metaTables/vocal_music_demucs_16k/metaData_fma_large/row61013.csv
SKIPPING: metaTables/vocal_music_demucs_16k/metaData_fma_large/row61014.csv
SKIPPING: metaTables/vocal_music_demucs_16k/metaData_fma_large/row61015.csv
SKIPPING: metaTables/vocal_music_demucs_16k/metaData_fma_large/row61016.csv
SKIPPING: metaTables/vocal_music_demucs_16k/metaData_fma_large/row61017.csv
SKIPPING: metaTables/vocal_music_demucs_16k/metaData_fma_large/row61018.csv
SKIPPING: metaTables/vocal_music_demucs_16k/metaData_fma_large/row61019.csv
SKIPPING: metaTables/vocal_music_demucs_16k/metaData_fma_large/row61020.csv
SKIPPING: metaTables/vocal_music_demucs_16k/metaData_fma_large/row61021.csv
SKIPPING: metaTables/vocal_music_demucs_16k/metaData_fma_large/row61022.csv
SKIPPING: metaTables/vocal_music_demucs_16k/metaData_fma_large/row61023.csv
SKIPPING: metaTables/vocal_music_demucs_16k/metaData_fma_large/row61024.csv
SKIPPING: metaTables/vocal_music_demucs_16k/metaData_fma_large/row61025.csv
SKIPPING: metaTables/vocal_music_demucs_16k/metaData_fma_large/row61026.csv
SKIPPING: metaTables/vocal_music_demucs_16k/metaData_fma_large/row61027.csv
SKIPPING: metaTables/vocal_music_demucs_16k/metaData_fma_large/row61028.csv
SKIPPING: metaTables/vocal_music_demucs_16k/metaData_fma_large/row61029.csv
SKIPPING: metaTables/vocal_music_demucs_16k/metaData_fma_large/row61030.csv
SKIPPING: metaTables/vocal_music_demucs_16k/metaData_fma_large/row61031.csv
SKIPPING: metaTables/vocal_music_demucs_16k/metaData_fma_large/row61032.csv
SKIPPING: metaTables/vocal_music_demucs_16k/metaData_fma_large/row61033.csv
SKIPPING: metaTables/vocal_music_demucs_16k/metaData_fma_large/row61034.csv
SKIPPING: metaTables/vocal_music_demucs_16k/metaData_fma_large/row61035.csv
SKIPPING: metaTables/vocal_music_demucs_16k/metaData_fma_large/row61036.csv
SKIPPING: metaTables/vocal_music_demucs_16k/metaData_fma_large/row61037.csv
SKIPPING: metaTables/vocal_music_demucs_16k/metaData_fma_large/row61038.csv
SKIPPING: metaTables/vocal_music_demucs_16k/metaData_fma_large/row61039.csv
SKIPPING: metaTables/vocal_music_demucs_16k/metaData_fma_large/row61040.csv
SKIPPING: metaTables/vocal_music_demucs_16k/metaData_fma_large/row61041.csv
SKIPPING: metaTables/vocal_music_demucs_16k/metaData_fma_large/row61042.csv
SKIPPING: metaTables/vocal_music_demucs_16k/metaData_fma_large/row61043.csv
SKIPPING: metaTables/vocal_music_demucs_16k/metaData_fma_large/row61044.csv
SKIPPING: metaTables/vocal_music_demucs_16k/metaData_fma_large/row61045.csv
SKIPPING: metaTables/vocal_music_demucs_16k/metaData_fma_large/row61046.csv
SKIPPING: metaTables/vocal_music_demucs_16k/metaData_fma_large/row61047.csv
SKIPPING: metaTables/vocal_music_demucs_16k/metaData_fma_large/row61048.csv
SKIPPING: metaTables/vocal_music_demucs_16k/metaData_fma_large/row61049.csv
SKIPPING: metaTables/vocal_music_demucs_16k/metaData_fma_large/row61050.csv
SKIPPING: metaTables/vocal_music_demucs_16k/metaData_fma_large/row61051.csv
SKIPPING: metaTables/vocal_music_demucs_16k/metaData_fma_large/row61052.csv
SKIPPING: metaTables/vocal_music_demucs_16k/metaData_fma_large/row61053.csv
SKIPPING: metaTables/vocal_music_demucs_16k/metaData_fma_large/row61054.csv
SKIPPING: metaTables/vocal_music_demucs_16k/metaData_fma_large/row61055.csv
SKIPPING: metaTables/vocal_music_demucs_16k/metaData_fma_large/row61056.csv
SKIPPING: metaTables/vocal_music_demucs_16k/metaData_fma_large/row61057.csv
SKIPPING: metaTables/vocal_music_demucs_16k/metaData_fma_large/row61058.csv
SKIPPING: metaTables/vocal_music_demucs_16k/metaData_fma_large/row61059.csv
SKIPPING: metaTables/vocal_music_demucs_16k/metaData_fma_large/row61060.csv
SKIPPING: metaTables/vocal_music_demucs_16k/metaData_fma_large/row61061.csv
SKIPPING: metaTables/vocal_music_demucs_16k/metaData_fma_large/row61062.csv
SKIPPING: metaTables/vocal_music_demucs_16k/metaData_fma_large/row61063.csv
SKIPPING: metaTables/vocal_music_demucs_16k/metaData_fma_large/row61064.csv
SKIPPING: metaTables/vocal_music_demucs_16k/metaData_fma_large/row61065.csv
SKIPPING: metaTables/vocal_music_demucs_16k/metaData_fma_large/row61066.csv
SKIPPING: metaTables/vocal_music_demucs_16k/metaData_fma_large/row61067.csv
SKIPPING: metaTables/vocal_music_demucs_16k/metaData_fma_large/row61068.csv
SKIPPING: metaTables/vocal_music_demucs_16k/metaData_fma_large/row61069.csv
SKIPPING: metaTables/vocal_music_demucs_16k/metaData_fma_large/row61070.csv
SKIPPING: metaTables/vocal_music_demucs_16k/metaData_fma_large/row61071.csv
SKIPPING: metaTables/vocal_music_demucs_16k/metaData_fma_large/row61072.csv
SKIPPING: metaTables/vocal_music_demucs_16k/metaData_fma_large/row61073.csv
SKIPPING: metaTables/vocal_music_demucs_16k/metaData_fma_large/row61074.csv
SKIPPING: metaTables/vocal_music_demucs_16k/metaData_fma_large/row61075.csv
SKIPPING: metaTables/vocal_music_demucs_16k/metaData_fma_large/row61076.csv
SKIPPING: metaTables/vocal_music_demucs_16k/metaData_fma_large/row61077.csv
SKIPPING: metaTables/vocal_music_demucs_16k/metaData_fma_large/row61078.csv
SKIPPING: metaTables/vocal_music_demucs_16k/metaData_fma_large/row61079.csv
SKIPPING: metaTables/vocal_music_demucs_16k/metaData_fma_large/row61080.csv
SKIPPING: metaTables/vocal_music_demucs_16k/metaData_fma_large/row61081.csv
SKIPPING: metaTables/vocal_music_demucs_16k/metaData_fma_large/row61082.csv
SKIPPING: metaTables/vocal_music_demucs_16k/metaData_fma_large/row61083.csv
SKIPPING: metaTables/vocal_music_demucs_16k/metaData_fma_large/row61084.csv
SKIPPING: metaTables/vocal_music_demucs_16k/metaData_fma_large/row61085.csv
SKIPPING: metaTables/vocal_music_demucs_16k/metaData_fma_large/row61086.csv
SKIPPING: metaTables/vocal_music_demucs_16k/metaData_fma_large/row61087.csv
SKIPPING: metaTables/vocal_music_demucs_16k/metaData_fma_large/row61088.csv
SKIPPING: metaTables/vocal_music_demucs_16k/metaData_fma_large/row61089.csv
SKIPPING: metaTables/vocal_music_demucs_16k/metaData_fma_large/row61090.csv
SKIPPING: metaTables/vocal_music_demucs_16k/metaData_fma_large/row61091.csv
SKIPPING: metaTables/vocal_music_demucs_16k/metaData_fma_large/row61092.csv
SKIPPING: metaTables/vocal_music_demucs_16k/metaData_fma_large/row61093.csv
SKIPPING: metaTables/vocal_music_demucs_16k/metaData_fma_large/row61094.csv
SKIPPING: metaTables/vocal_music_demucs_16k/metaData_fma_large/row61095.csv
SKIPPING: metaTables/vocal_music_demucs_16k/metaData_fma_large/row61096.csv
SKIPPING: metaTables/vocal_music_demucs_16k/metaData_fma_large/row61097.csv
SKIPPING: metaTables/vocal_music_demucs_16k/metaData_fma_large/row61098.csv
SKIPPING: metaTables/vocal_music_demucs_16k/metaData_fma_large/row61099.csv
Demucs voice recognition done!
