/ext3/demucs/lib/python3.9/site-packages/demucs/api.py:27: UserWarning: TorchAudio's global backend is now deprecated. Please enable distpatcher by setting `TORCHAUDIO_USE_BACKEND_DISPATCHER=1`, and specify backend when calling load/info/save function.
  import torchaudio as ta
2024-05-10 11:35:19.116691: I tensorflow/core/util/port.cc:113] oneDNN custom operations are on. You may see slightly different numerical results due to floating-point round-off errors from different computation orders. To turn them off, set the environment variable `TF_ENABLE_ONEDNN_OPTS=0`.
2024-05-10 11:35:19.676237: E external/local_xla/xla/stream_executor/cuda/cuda_dnn.cc:9261] Unable to register cuDNN factory: Attempting to register factory for plugin cuDNN when one has already been registered
2024-05-10 11:35:19.676282: E external/local_xla/xla/stream_executor/cuda/cuda_fft.cc:607] Unable to register cuFFT factory: Attempting to register factory for plugin cuFFT when one has already been registered
2024-05-10 11:35:19.823256: E external/local_xla/xla/stream_executor/cuda/cuda_blas.cc:1515] Unable to register cuBLAS factory: Attempting to register factory for plugin cuBLAS when one has already been registered
2024-05-10 11:35:20.029654: I tensorflow/core/platform/cpu_feature_guard.cc:182] This TensorFlow binary is optimized to use available CPU instructions in performance-critical operations.
To enable the following instructions: AVX2 AVX512F AVX512_VNNI FMA, in other operations, rebuild TensorFlow with the appropriate compiler flags.
2024-05-10 11:35:21.077846: W tensorflow/compiler/tf2tensorrt/utils/py_utils.cc:38] TF-TRT Warning: Could not find TensorRT
Execution time: 28.916767597198486 seconds
metaTables/vocal_music_demucs_16k/metaData_fma_large/row97900.csv
Execution time: 26.852393865585327 seconds
metaTables/vocal_music_demucs_16k/metaData_fma_large/row97901.csv
Execution time: 27.407532691955566 seconds
metaTables/vocal_music_demucs_16k/metaData_fma_large/row97902.csv
Execution time: 27.125460386276245 seconds
metaTables/vocal_music_demucs_16k/metaData_fma_large/row97903.csv
Execution time: 27.127784252166748 seconds
metaTables/vocal_music_demucs_16k/metaData_fma_large/row97904.csv
Execution time: 27.06870937347412 seconds
metaTables/vocal_music_demucs_16k/metaData_fma_large/row97905.csv
Execution time: 28.169876098632812 seconds
metaTables/vocal_music_demucs_16k/metaData_fma_large/row97906.csv
Execution time: 27.918925523757935 seconds
metaTables/vocal_music_demucs_16k/metaData_fma_large/row97907.csv
Execution time: 28.822075366973877 seconds
metaTables/vocal_music_demucs_16k/metaData_fma_large/row97908.csv
Execution time: 28.3054096698761 seconds
metaTables/vocal_music_demucs_16k/metaData_fma_large/row97909.csv
Execution time: 27.100394248962402 seconds
metaTables/vocal_music_demucs_16k/metaData_fma_large/row97910.csv
Execution time: 27.318198680877686 seconds
metaTables/vocal_music_demucs_16k/metaData_fma_large/row97911.csv
Execution time: 27.420154094696045 seconds
metaTables/vocal_music_demucs_16k/metaData_fma_large/row97912.csv
Execution time: 27.307020664215088 seconds
metaTables/vocal_music_demucs_16k/metaData_fma_large/row97913.csv
Execution time: 26.70216464996338 seconds
metaTables/vocal_music_demucs_16k/metaData_fma_large/row97914.csv
Execution time: 25.77901816368103 seconds
metaTables/vocal_music_demucs_16k/metaData_fma_large/row97915.csv
Execution time: 27.153714179992676 seconds
metaTables/vocal_music_demucs_16k/metaData_fma_large/row97916.csv
Execution time: 26.814946174621582 seconds
metaTables/vocal_music_demucs_16k/metaData_fma_large/row97917.csv
Execution time: 27.6339168548584 seconds
metaTables/vocal_music_demucs_16k/metaData_fma_large/row97918.csv
Execution time: 26.985392808914185 seconds
metaTables/vocal_music_demucs_16k/metaData_fma_large/row97919.csv
Execution time: 27.82171320915222 seconds
metaTables/vocal_music_demucs_16k/metaData_fma_large/row97920.csv
Execution time: 27.469805240631104 seconds
metaTables/vocal_music_demucs_16k/metaData_fma_large/row97921.csv
Execution time: 27.451400756835938 seconds
metaTables/vocal_music_demucs_16k/metaData_fma_large/row97922.csv
Execution time: 26.74532699584961 seconds
metaTables/vocal_music_demucs_16k/metaData_fma_large/row97923.csv
Execution time: 27.769005298614502 seconds
metaTables/vocal_music_demucs_16k/metaData_fma_large/row97924.csv
Execution time: 27.344157457351685 seconds
metaTables/vocal_music_demucs_16k/metaData_fma_large/row97925.csv
Execution time: 26.1122784614563 seconds
metaTables/vocal_music_demucs_16k/metaData_fma_large/row97926.csv
Execution time: 26.140305519104004 seconds
metaTables/vocal_music_demucs_16k/metaData_fma_large/row97927.csv
Execution time: 27.311131238937378 seconds
metaTables/vocal_music_demucs_16k/metaData_fma_large/row97928.csv
Execution time: 28.02026605606079 seconds
metaTables/vocal_music_demucs_16k/metaData_fma_large/row97929.csv
Execution time: 26.691694259643555 seconds
metaTables/vocal_music_demucs_16k/metaData_fma_large/row97930.csv
Execution time: 28.16321349143982 seconds
metaTables/vocal_music_demucs_16k/metaData_fma_large/row97931.csv
Execution time: 27.783441305160522 seconds
metaTables/vocal_music_demucs_16k/metaData_fma_large/row97932.csv
Execution time: 26.744107961654663 seconds
metaTables/vocal_music_demucs_16k/metaData_fma_large/row97933.csv
Execution time: 26.836122751235962 seconds
metaTables/vocal_music_demucs_16k/metaData_fma_large/row97934.csv
Execution time: 28.38201093673706 seconds
metaTables/vocal_music_demucs_16k/metaData_fma_large/row97935.csv
Execution time: 26.721514225006104 seconds
metaTables/vocal_music_demucs_16k/metaData_fma_large/row97936.csv
Execution time: 27.241121292114258 seconds
metaTables/vocal_music_demucs_16k/metaData_fma_large/row97937.csv
Execution time: 26.459635019302368 seconds
metaTables/vocal_music_demucs_16k/metaData_fma_large/row97938.csv
Execution time: 26.56233310699463 seconds
metaTables/vocal_music_demucs_16k/metaData_fma_large/row97939.csv
Execution time: 26.849414825439453 seconds
metaTables/vocal_music_demucs_16k/metaData_fma_large/row97940.csv
Execution time: 27.153602123260498 seconds
metaTables/vocal_music_demucs_16k/metaData_fma_large/row97941.csv
Execution time: 26.606167554855347 seconds
metaTables/vocal_music_demucs_16k/metaData_fma_large/row97942.csv
Execution time: 26.838701248168945 seconds
metaTables/vocal_music_demucs_16k/metaData_fma_large/row97943.csv
Execution time: 27.808788299560547 seconds
metaTables/vocal_music_demucs_16k/metaData_fma_large/row97944.csv
Execution time: 27.25557017326355 seconds
metaTables/vocal_music_demucs_16k/metaData_fma_large/row97945.csv
Execution time: 26.784555673599243 seconds
metaTables/vocal_music_demucs_16k/metaData_fma_large/row97946.csv
Execution time: 27.54810643196106 seconds
metaTables/vocal_music_demucs_16k/metaData_fma_large/row97947.csv
Execution time: 27.392926931381226 seconds
metaTables/vocal_music_demucs_16k/metaData_fma_large/row97948.csv
Execution time: 26.951884031295776 seconds
metaTables/vocal_music_demucs_16k/metaData_fma_large/row97949.csv
Execution time: 26.469371795654297 seconds
metaTables/vocal_music_demucs_16k/metaData_fma_large/row97950.csv
Execution time: 25.78485941886902 seconds
metaTables/vocal_music_demucs_16k/metaData_fma_large/row97951.csv
Execution time: 28.407840490341187 seconds
metaTables/vocal_music_demucs_16k/metaData_fma_large/row97952.csv
Execution time: 28.18596339225769 seconds
metaTables/vocal_music_demucs_16k/metaData_fma_large/row97953.csv
Execution time: 26.02602791786194 seconds
metaTables/vocal_music_demucs_16k/metaData_fma_large/row97954.csv
Execution time: 27.612839460372925 seconds
metaTables/vocal_music_demucs_16k/metaData_fma_large/row97955.csv
Execution time: 26.98508381843567 seconds
metaTables/vocal_music_demucs_16k/metaData_fma_large/row97956.csv
Execution time: 27.645630836486816 seconds
metaTables/vocal_music_demucs_16k/metaData_fma_large/row97957.csv
Execution time: 27.05182433128357 seconds
metaTables/vocal_music_demucs_16k/metaData_fma_large/row97958.csv
Execution time: 27.456824779510498 seconds
metaTables/vocal_music_demucs_16k/metaData_fma_large/row97959.csv
Execution time: 26.29415273666382 seconds
metaTables/vocal_music_demucs_16k/metaData_fma_large/row97960.csv
Execution time: 27.475362062454224 seconds
metaTables/vocal_music_demucs_16k/metaData_fma_large/row97961.csv
Execution time: 27.322698831558228 seconds
metaTables/vocal_music_demucs_16k/metaData_fma_large/row97962.csv
Execution time: 27.498039484024048 seconds
metaTables/vocal_music_demucs_16k/metaData_fma_large/row97963.csv
Execution time: 28.018255472183228 seconds
metaTables/vocal_music_demucs_16k/metaData_fma_large/row97964.csv
Execution time: 27.445128202438354 seconds
metaTables/vocal_music_demucs_16k/metaData_fma_large/row97965.csv
Execution time: 26.88802671432495 seconds
metaTables/vocal_music_demucs_16k/metaData_fma_large/row97966.csv
Execution time: 27.563501119613647 seconds
metaTables/vocal_music_demucs_16k/metaData_fma_large/row97967.csv
Execution time: 27.757596731185913 seconds
metaTables/vocal_music_demucs_16k/metaData_fma_large/row97968.csv
Execution time: 27.44633388519287 seconds
metaTables/vocal_music_demucs_16k/metaData_fma_large/row97969.csv
Execution time: 29.61392331123352 seconds
metaTables/vocal_music_demucs_16k/metaData_fma_large/row97970.csv
Execution time: 27.682323455810547 seconds
metaTables/vocal_music_demucs_16k/metaData_fma_large/row97971.csv
Execution time: 27.191991806030273 seconds
metaTables/vocal_music_demucs_16k/metaData_fma_large/row97972.csv
Execution time: 26.825929403305054 seconds
metaTables/vocal_music_demucs_16k/metaData_fma_large/row97973.csv
Execution time: 27.054545640945435 seconds
metaTables/vocal_music_demucs_16k/metaData_fma_large/row97974.csv
Execution time: 27.44632601737976 seconds
metaTables/vocal_music_demucs_16k/metaData_fma_large/row97975.csv
Execution time: 27.428139448165894 seconds
metaTables/vocal_music_demucs_16k/metaData_fma_large/row97976.csv
Execution time: 26.879547595977783 seconds
metaTables/vocal_music_demucs_16k/metaData_fma_large/row97977.csv
Execution time: 26.99393343925476 seconds
metaTables/vocal_music_demucs_16k/metaData_fma_large/row97978.csv
Execution time: 27.298264503479004 seconds
metaTables/vocal_music_demucs_16k/metaData_fma_large/row97979.csv
Execution time: 26.108643770217896 seconds
metaTables/vocal_music_demucs_16k/metaData_fma_large/row97980.csv
Execution time: 27.68449378013611 seconds
metaTables/vocal_music_demucs_16k/metaData_fma_large/row97981.csv
Execution time: 26.312922477722168 seconds
metaTables/vocal_music_demucs_16k/metaData_fma_large/row97982.csv
Execution time: 26.598759174346924 seconds
metaTables/vocal_music_demucs_16k/metaData_fma_large/row97983.csv
Execution time: 27.53033685684204 seconds
metaTables/vocal_music_demucs_16k/metaData_fma_large/row97984.csv
Execution time: 27.266254425048828 seconds
metaTables/vocal_music_demucs_16k/metaData_fma_large/row97985.csv
Execution time: 27.347070932388306 seconds
metaTables/vocal_music_demucs_16k/metaData_fma_large/row97986.csv
Execution time: 26.67481565475464 seconds
metaTables/vocal_music_demucs_16k/metaData_fma_large/row97987.csv
Execution time: 27.40959596633911 seconds
metaTables/vocal_music_demucs_16k/metaData_fma_large/row97988.csv
Execution time: 26.870250701904297 seconds
metaTables/vocal_music_demucs_16k/metaData_fma_large/row97989.csv
Execution time: 26.87203860282898 seconds
metaTables/vocal_music_demucs_16k/metaData_fma_large/row97990.csv
Execution time: 27.354427337646484 seconds
metaTables/vocal_music_demucs_16k/metaData_fma_large/row97991.csv
Execution time: 27.051096439361572 seconds
metaTables/vocal_music_demucs_16k/metaData_fma_large/row97992.csv
Execution time: 26.711690664291382 seconds
metaTables/vocal_music_demucs_16k/metaData_fma_large/row97993.csv
Execution time: 27.060036659240723 seconds
metaTables/vocal_music_demucs_16k/metaData_fma_large/row97994.csv
Execution time: 27.45451307296753 seconds
metaTables/vocal_music_demucs_16k/metaData_fma_large/row97995.csv
Execution time: 27.87708330154419 seconds
metaTables/vocal_music_demucs_16k/metaData_fma_large/row97996.csv
Execution time: 27.837541103363037 seconds
metaTables/vocal_music_demucs_16k/metaData_fma_large/row97997.csv
Execution time: 27.471693515777588 seconds
metaTables/vocal_music_demucs_16k/metaData_fma_large/row97998.csv
Execution time: 26.097864151000977 seconds
metaTables/vocal_music_demucs_16k/metaData_fma_large/row97999.csv
Demucs voice recognition done!
