/ext3/demucs/lib/python3.9/site-packages/demucs/api.py:27: UserWarning: TorchAudio's global backend is now deprecated. Please enable distpatcher by setting `TORCHAUDIO_USE_BACKEND_DISPATCHER=1`, and specify backend when calling load/info/save function.
  import torchaudio as ta
2024-05-10 01:27:23.128684: I tensorflow/core/util/port.cc:113] oneDNN custom operations are on. You may see slightly different numerical results due to floating-point round-off errors from different computation orders. To turn them off, set the environment variable `TF_ENABLE_ONEDNN_OPTS=0`.
2024-05-10 01:27:23.577846: E external/local_xla/xla/stream_executor/cuda/cuda_dnn.cc:9261] Unable to register cuDNN factory: Attempting to register factory for plugin cuDNN when one has already been registered
2024-05-10 01:27:23.577892: E external/local_xla/xla/stream_executor/cuda/cuda_fft.cc:607] Unable to register cuFFT factory: Attempting to register factory for plugin cuFFT when one has already been registered
2024-05-10 01:27:23.629131: E external/local_xla/xla/stream_executor/cuda/cuda_blas.cc:1515] Unable to register cuBLAS factory: Attempting to register factory for plugin cuBLAS when one has already been registered
2024-05-10 01:27:23.701592: I tensorflow/core/platform/cpu_feature_guard.cc:182] This TensorFlow binary is optimized to use available CPU instructions in performance-critical operations.
To enable the following instructions: AVX2 AVX512F AVX512_VNNI FMA, in other operations, rebuild TensorFlow with the appropriate compiler flags.
2024-05-10 01:27:24.604799: W tensorflow/compiler/tf2tensorrt/utils/py_utils.cc:38] TF-TRT Warning: Could not find TensorRT
SKIPPING: metaTables/vocal_music_demucs_16k/metaData_fma_large/row7000.csv
SKIPPING: metaTables/vocal_music_demucs_16k/metaData_fma_large/row7001.csv
SKIPPING: metaTables/vocal_music_demucs_16k/metaData_fma_large/row7002.csv
SKIPPING: metaTables/vocal_music_demucs_16k/metaData_fma_large/row7003.csv
SKIPPING: metaTables/vocal_music_demucs_16k/metaData_fma_large/row7004.csv
SKIPPING: metaTables/vocal_music_demucs_16k/metaData_fma_large/row7005.csv
SKIPPING: metaTables/vocal_music_demucs_16k/metaData_fma_large/row7006.csv
SKIPPING: metaTables/vocal_music_demucs_16k/metaData_fma_large/row7007.csv
SKIPPING: metaTables/vocal_music_demucs_16k/metaData_fma_large/row7008.csv
SKIPPING: metaTables/vocal_music_demucs_16k/metaData_fma_large/row7009.csv
SKIPPING: metaTables/vocal_music_demucs_16k/metaData_fma_large/row7010.csv
SKIPPING: metaTables/vocal_music_demucs_16k/metaData_fma_large/row7011.csv
SKIPPING: metaTables/vocal_music_demucs_16k/metaData_fma_large/row7012.csv
SKIPPING: metaTables/vocal_music_demucs_16k/metaData_fma_large/row7013.csv
SKIPPING: metaTables/vocal_music_demucs_16k/metaData_fma_large/row7014.csv
SKIPPING: metaTables/vocal_music_demucs_16k/metaData_fma_large/row7015.csv
Execution time: 29.99798345565796 seconds
metaTables/vocal_music_demucs_16k/metaData_fma_large/row7016.csv
Execution time: 27.653258085250854 seconds
metaTables/vocal_music_demucs_16k/metaData_fma_large/row7017.csv
Execution time: 27.909936666488647 seconds
metaTables/vocal_music_demucs_16k/metaData_fma_large/row7018.csv
Execution time: 28.31632089614868 seconds
metaTables/vocal_music_demucs_16k/metaData_fma_large/row7019.csv
Execution time: 27.798147916793823 seconds
metaTables/vocal_music_demucs_16k/metaData_fma_large/row7020.csv
Execution time: 28.940390825271606 seconds
metaTables/vocal_music_demucs_16k/metaData_fma_large/row7021.csv
Execution time: 28.354300498962402 seconds
metaTables/vocal_music_demucs_16k/metaData_fma_large/row7022.csv
Execution time: 27.98737096786499 seconds
metaTables/vocal_music_demucs_16k/metaData_fma_large/row7023.csv
Execution time: 27.759281158447266 seconds
metaTables/vocal_music_demucs_16k/metaData_fma_large/row7024.csv
Execution time: 28.192958116531372 seconds
metaTables/vocal_music_demucs_16k/metaData_fma_large/row7025.csv
Execution time: 27.837321996688843 seconds
metaTables/vocal_music_demucs_16k/metaData_fma_large/row7026.csv
Execution time: 28.167236804962158 seconds
metaTables/vocal_music_demucs_16k/metaData_fma_large/row7027.csv
Execution time: 27.097350358963013 seconds
metaTables/vocal_music_demucs_16k/metaData_fma_large/row7028.csv
Execution time: 27.50531768798828 seconds
metaTables/vocal_music_demucs_16k/metaData_fma_large/row7029.csv
Execution time: 27.538147687911987 seconds
metaTables/vocal_music_demucs_16k/metaData_fma_large/row7030.csv
Execution time: 27.64810299873352 seconds
metaTables/vocal_music_demucs_16k/metaData_fma_large/row7031.csv
Execution time: 28.25808334350586 seconds
metaTables/vocal_music_demucs_16k/metaData_fma_large/row7032.csv
Execution time: 27.66023850440979 seconds
metaTables/vocal_music_demucs_16k/metaData_fma_large/row7033.csv
Execution time: 27.801344633102417 seconds
metaTables/vocal_music_demucs_16k/metaData_fma_large/row7034.csv
Execution time: 28.06050944328308 seconds
metaTables/vocal_music_demucs_16k/metaData_fma_large/row7035.csv
Execution time: 28.382380962371826 seconds
metaTables/vocal_music_demucs_16k/metaData_fma_large/row7036.csv
Execution time: 27.041531324386597 seconds
metaTables/vocal_music_demucs_16k/metaData_fma_large/row7037.csv
Execution time: 28.006070137023926 seconds
metaTables/vocal_music_demucs_16k/metaData_fma_large/row7038.csv
Execution time: 27.136685609817505 seconds
metaTables/vocal_music_demucs_16k/metaData_fma_large/row7039.csv
Execution time: 26.927343130111694 seconds
metaTables/vocal_music_demucs_16k/metaData_fma_large/row7040.csv
Execution time: 28.263222455978394 seconds
metaTables/vocal_music_demucs_16k/metaData_fma_large/row7041.csv
Execution time: 28.677083253860474 seconds
metaTables/vocal_music_demucs_16k/metaData_fma_large/row7042.csv
Execution time: 27.702731370925903 seconds
metaTables/vocal_music_demucs_16k/metaData_fma_large/row7043.csv
Execution time: 27.838592052459717 seconds
metaTables/vocal_music_demucs_16k/metaData_fma_large/row7044.csv
Execution time: 26.58055830001831 seconds
metaTables/vocal_music_demucs_16k/metaData_fma_large/row7045.csv
Execution time: 28.207279443740845 seconds
metaTables/vocal_music_demucs_16k/metaData_fma_large/row7046.csv
Execution time: 27.918853998184204 seconds
metaTables/vocal_music_demucs_16k/metaData_fma_large/row7047.csv
Execution time: 29.111641883850098 seconds
metaTables/vocal_music_demucs_16k/metaData_fma_large/row7048.csv
Execution time: 28.313546657562256 seconds
metaTables/vocal_music_demucs_16k/metaData_fma_large/row7049.csv
Execution time: 26.679485082626343 seconds
metaTables/vocal_music_demucs_16k/metaData_fma_large/row7050.csv
Execution time: 29.19972562789917 seconds
metaTables/vocal_music_demucs_16k/metaData_fma_large/row7051.csv
Execution time: 28.26416778564453 seconds
metaTables/vocal_music_demucs_16k/metaData_fma_large/row7052.csv
Execution time: 28.887304067611694 seconds
metaTables/vocal_music_demucs_16k/metaData_fma_large/row7053.csv
Execution time: 18.756349325180054 seconds
metaTables/vocal_music_demucs_16k/metaData_fma_large/row7054.csv
Execution time: 28.549658060073853 seconds
metaTables/vocal_music_demucs_16k/metaData_fma_large/row7055.csv
Execution time: 28.625802278518677 seconds
metaTables/vocal_music_demucs_16k/metaData_fma_large/row7056.csv
Execution time: 27.706411361694336 seconds
metaTables/vocal_music_demucs_16k/metaData_fma_large/row7057.csv
Execution time: 28.106775283813477 seconds
metaTables/vocal_music_demucs_16k/metaData_fma_large/row7058.csv
Execution time: 26.93164849281311 seconds
metaTables/vocal_music_demucs_16k/metaData_fma_large/row7059.csv
Execution time: 27.27579617500305 seconds
metaTables/vocal_music_demucs_16k/metaData_fma_large/row7060.csv
Execution time: 27.72526216506958 seconds
metaTables/vocal_music_demucs_16k/metaData_fma_large/row7061.csv
Execution time: 27.853435277938843 seconds
metaTables/vocal_music_demucs_16k/metaData_fma_large/row7062.csv
Execution time: 28.006342887878418 seconds
metaTables/vocal_music_demucs_16k/metaData_fma_large/row7063.csv
Execution time: 27.555530071258545 seconds
metaTables/vocal_music_demucs_16k/metaData_fma_large/row7064.csv
Execution time: 28.794716596603394 seconds
metaTables/vocal_music_demucs_16k/metaData_fma_large/row7065.csv
Execution time: 29.490725994110107 seconds
metaTables/vocal_music_demucs_16k/metaData_fma_large/row7066.csv
Execution time: 27.546804189682007 seconds
metaTables/vocal_music_demucs_16k/metaData_fma_large/row7067.csv
Execution time: 27.993201971054077 seconds
metaTables/vocal_music_demucs_16k/metaData_fma_large/row7068.csv
Execution time: 28.04375386238098 seconds
metaTables/vocal_music_demucs_16k/metaData_fma_large/row7069.csv
Execution time: 26.868334770202637 seconds
metaTables/vocal_music_demucs_16k/metaData_fma_large/row7070.csv
Execution time: 27.291905403137207 seconds
metaTables/vocal_music_demucs_16k/metaData_fma_large/row7071.csv
Execution time: 28.409435510635376 seconds
metaTables/vocal_music_demucs_16k/metaData_fma_large/row7072.csv
Execution time: 28.070740938186646 seconds
metaTables/vocal_music_demucs_16k/metaData_fma_large/row7073.csv
Execution time: 28.547162294387817 seconds
metaTables/vocal_music_demucs_16k/metaData_fma_large/row7074.csv
Execution time: 28.248387575149536 seconds
metaTables/vocal_music_demucs_16k/metaData_fma_large/row7075.csv
Execution time: 28.105785131454468 seconds
metaTables/vocal_music_demucs_16k/metaData_fma_large/row7076.csv
Execution time: 29.174586296081543 seconds
metaTables/vocal_music_demucs_16k/metaData_fma_large/row7077.csv
Execution time: 27.341062784194946 seconds
metaTables/vocal_music_demucs_16k/metaData_fma_large/row7078.csv
Execution time: 26.946191549301147 seconds
metaTables/vocal_music_demucs_16k/metaData_fma_large/row7079.csv
Execution time: 27.0117290019989 seconds
metaTables/vocal_music_demucs_16k/metaData_fma_large/row7080.csv
Execution time: 28.363994121551514 seconds
metaTables/vocal_music_demucs_16k/metaData_fma_large/row7081.csv
Execution time: 28.197712421417236 seconds
metaTables/vocal_music_demucs_16k/metaData_fma_large/row7082.csv
Execution time: 27.960546493530273 seconds
metaTables/vocal_music_demucs_16k/metaData_fma_large/row7083.csv
Execution time: 27.72354292869568 seconds
metaTables/vocal_music_demucs_16k/metaData_fma_large/row7084.csv
Execution time: 27.520707845687866 seconds
metaTables/vocal_music_demucs_16k/metaData_fma_large/row7085.csv
Execution time: 26.651122331619263 seconds
metaTables/vocal_music_demucs_16k/metaData_fma_large/row7086.csv
Execution time: 28.06064486503601 seconds
metaTables/vocal_music_demucs_16k/metaData_fma_large/row7087.csv
Execution time: 27.533286333084106 seconds
metaTables/vocal_music_demucs_16k/metaData_fma_large/row7088.csv
Execution time: 29.039137601852417 seconds
metaTables/vocal_music_demucs_16k/metaData_fma_large/row7089.csv
Execution time: 29.095515251159668 seconds
metaTables/vocal_music_demucs_16k/metaData_fma_large/row7090.csv
Execution time: 28.01320791244507 seconds
metaTables/vocal_music_demucs_16k/metaData_fma_large/row7091.csv
Execution time: 28.045918226242065 seconds
metaTables/vocal_music_demucs_16k/metaData_fma_large/row7092.csv
Execution time: 23.914187908172607 seconds
metaTables/vocal_music_demucs_16k/metaData_fma_large/row7093.csv
Execution time: 28.32207989692688 seconds
metaTables/vocal_music_demucs_16k/metaData_fma_large/row7094.csv
Execution time: 27.386788606643677 seconds
metaTables/vocal_music_demucs_16k/metaData_fma_large/row7095.csv
Execution time: 28.588558197021484 seconds
metaTables/vocal_music_demucs_16k/metaData_fma_large/row7096.csv
Execution time: 17.08630609512329 seconds
metaTables/vocal_music_demucs_16k/metaData_fma_large/row7097.csv
Execution time: 25.603606939315796 seconds
metaTables/vocal_music_demucs_16k/metaData_fma_large/row7098.csv
Execution time: 25.926687955856323 seconds
metaTables/vocal_music_demucs_16k/metaData_fma_large/row7099.csv
Demucs voice recognition done!
