/ext3/demucs/lib/python3.9/site-packages/demucs/api.py:27: UserWarning: TorchAudio's global backend is now deprecated. Please enable distpatcher by setting `TORCHAUDIO_USE_BACKEND_DISPATCHER=1`, and specify backend when calling load/info/save function.
  import torchaudio as ta
2024-05-08 23:36:43.721166: I tensorflow/core/util/port.cc:113] oneDNN custom operations are on. You may see slightly different numerical results due to floating-point round-off errors from different computation orders. To turn them off, set the environment variable `TF_ENABLE_ONEDNN_OPTS=0`.
2024-05-08 23:36:47.244098: E external/local_xla/xla/stream_executor/cuda/cuda_dnn.cc:9261] Unable to register cuDNN factory: Attempting to register factory for plugin cuDNN when one has already been registered
2024-05-08 23:36:47.244137: E external/local_xla/xla/stream_executor/cuda/cuda_fft.cc:607] Unable to register cuFFT factory: Attempting to register factory for plugin cuFFT when one has already been registered
2024-05-08 23:36:47.497407: E external/local_xla/xla/stream_executor/cuda/cuda_blas.cc:1515] Unable to register cuBLAS factory: Attempting to register factory for plugin cuBLAS when one has already been registered
2024-05-08 23:36:47.984925: I tensorflow/core/platform/cpu_feature_guard.cc:182] This TensorFlow binary is optimized to use available CPU instructions in performance-critical operations.
To enable the following instructions: AVX2 AVX512F AVX512_VNNI FMA, in other operations, rebuild TensorFlow with the appropriate compiler flags.
2024-05-08 23:36:51.052242: W tensorflow/compiler/tf2tensorrt/utils/py_utils.cc:38] TF-TRT Warning: Could not find TensorRT
Execution time: 29.934038639068604 seconds
metaTables/vocal_music_demucs_16k/metaData_fma_large/row50100.csv
Execution time: 28.60965323448181 seconds
metaTables/vocal_music_demucs_16k/metaData_fma_large/row50101.csv
Execution time: 27.515055656433105 seconds
metaTables/vocal_music_demucs_16k/metaData_fma_large/row50102.csv
Execution time: 27.944273948669434 seconds
metaTables/vocal_music_demucs_16k/metaData_fma_large/row50103.csv
Execution time: 27.62272000312805 seconds
metaTables/vocal_music_demucs_16k/metaData_fma_large/row50104.csv
Execution time: 27.270066738128662 seconds
metaTables/vocal_music_demucs_16k/metaData_fma_large/row50105.csv
Execution time: 27.502299070358276 seconds
metaTables/vocal_music_demucs_16k/metaData_fma_large/row50106.csv
Execution time: 27.181755542755127 seconds
metaTables/vocal_music_demucs_16k/metaData_fma_large/row50107.csv
Execution time: 27.75989079475403 seconds
metaTables/vocal_music_demucs_16k/metaData_fma_large/row50108.csv
Execution time: 26.956214427947998 seconds
metaTables/vocal_music_demucs_16k/metaData_fma_large/row50109.csv
Execution time: 27.32140588760376 seconds
metaTables/vocal_music_demucs_16k/metaData_fma_large/row50110.csv
Execution time: 27.491836547851562 seconds
metaTables/vocal_music_demucs_16k/metaData_fma_large/row50111.csv
Execution time: 27.497122049331665 seconds
metaTables/vocal_music_demucs_16k/metaData_fma_large/row50112.csv
Execution time: 28.223849058151245 seconds
metaTables/vocal_music_demucs_16k/metaData_fma_large/row50113.csv
Execution time: 28.99442982673645 seconds
metaTables/vocal_music_demucs_16k/metaData_fma_large/row50114.csv
Execution time: 26.981816053390503 seconds
metaTables/vocal_music_demucs_16k/metaData_fma_large/row50115.csv
Execution time: 27.886068105697632 seconds
metaTables/vocal_music_demucs_16k/metaData_fma_large/row50116.csv
Execution time: 27.259222269058228 seconds
metaTables/vocal_music_demucs_16k/metaData_fma_large/row50117.csv
Execution time: 27.63988423347473 seconds
metaTables/vocal_music_demucs_16k/metaData_fma_large/row50118.csv
Execution time: 28.25537919998169 seconds
metaTables/vocal_music_demucs_16k/metaData_fma_large/row50119.csv
Execution time: 27.802730560302734 seconds
metaTables/vocal_music_demucs_16k/metaData_fma_large/row50120.csv
Execution time: 27.261897563934326 seconds
metaTables/vocal_music_demucs_16k/metaData_fma_large/row50121.csv
Execution time: 27.253499269485474 seconds
metaTables/vocal_music_demucs_16k/metaData_fma_large/row50122.csv
Execution time: 27.254594802856445 seconds
metaTables/vocal_music_demucs_16k/metaData_fma_large/row50123.csv
Execution time: 26.977442741394043 seconds
metaTables/vocal_music_demucs_16k/metaData_fma_large/row50124.csv
Execution time: 27.416141271591187 seconds
metaTables/vocal_music_demucs_16k/metaData_fma_large/row50125.csv
Execution time: 27.550594329833984 seconds
metaTables/vocal_music_demucs_16k/metaData_fma_large/row50126.csv
Execution time: 26.764474153518677 seconds
metaTables/vocal_music_demucs_16k/metaData_fma_large/row50127.csv
Execution time: 27.91181182861328 seconds
metaTables/vocal_music_demucs_16k/metaData_fma_large/row50128.csv
Execution time: 27.792191982269287 seconds
metaTables/vocal_music_demucs_16k/metaData_fma_large/row50129.csv
Execution time: 27.863430738449097 seconds
metaTables/vocal_music_demucs_16k/metaData_fma_large/row50130.csv
Execution time: 28.91111946105957 seconds
metaTables/vocal_music_demucs_16k/metaData_fma_large/row50131.csv
Execution time: 27.616183042526245 seconds
metaTables/vocal_music_demucs_16k/metaData_fma_large/row50132.csv
Execution time: 26.199084281921387 seconds
metaTables/vocal_music_demucs_16k/metaData_fma_large/row50133.csv
Execution time: 27.438239097595215 seconds
metaTables/vocal_music_demucs_16k/metaData_fma_large/row50134.csv
Execution time: 27.178145170211792 seconds
metaTables/vocal_music_demucs_16k/metaData_fma_large/row50135.csv
Execution time: 27.641037225723267 seconds
metaTables/vocal_music_demucs_16k/metaData_fma_large/row50136.csv
Execution time: 28.051000595092773 seconds
metaTables/vocal_music_demucs_16k/metaData_fma_large/row50137.csv
Execution time: 27.678930044174194 seconds
metaTables/vocal_music_demucs_16k/metaData_fma_large/row50138.csv
Execution time: 28.914833784103394 seconds
metaTables/vocal_music_demucs_16k/metaData_fma_large/row50139.csv
Execution time: 27.83901882171631 seconds
metaTables/vocal_music_demucs_16k/metaData_fma_large/row50140.csv
Execution time: 18.073270797729492 seconds
metaTables/vocal_music_demucs_16k/metaData_fma_large/row50141.csv
Execution time: 27.706465244293213 seconds
metaTables/vocal_music_demucs_16k/metaData_fma_large/row50142.csv
Execution time: 28.663044452667236 seconds
metaTables/vocal_music_demucs_16k/metaData_fma_large/row50143.csv
Execution time: 27.29495596885681 seconds
metaTables/vocal_music_demucs_16k/metaData_fma_large/row50144.csv
Execution time: 27.657089471817017 seconds
metaTables/vocal_music_demucs_16k/metaData_fma_large/row50145.csv
Execution time: 27.764453887939453 seconds
metaTables/vocal_music_demucs_16k/metaData_fma_large/row50146.csv
Execution time: 27.92569088935852 seconds
metaTables/vocal_music_demucs_16k/metaData_fma_large/row50147.csv
Execution time: 13.766336441040039 seconds
metaTables/vocal_music_demucs_16k/metaData_fma_large/row50148.csv
Execution time: 28.027212619781494 seconds
metaTables/vocal_music_demucs_16k/metaData_fma_large/row50149.csv
Execution time: 26.92017698287964 seconds
metaTables/vocal_music_demucs_16k/metaData_fma_large/row50150.csv
Execution time: 27.268561601638794 seconds
metaTables/vocal_music_demucs_16k/metaData_fma_large/row50151.csv
Execution time: 27.993728160858154 seconds
metaTables/vocal_music_demucs_16k/metaData_fma_large/row50152.csv
Execution time: 27.55116057395935 seconds
metaTables/vocal_music_demucs_16k/metaData_fma_large/row50153.csv
Execution time: 26.795575857162476 seconds
metaTables/vocal_music_demucs_16k/metaData_fma_large/row50154.csv
Execution time: 26.982626914978027 seconds
metaTables/vocal_music_demucs_16k/metaData_fma_large/row50155.csv
Execution time: 27.93454337120056 seconds
metaTables/vocal_music_demucs_16k/metaData_fma_large/row50156.csv
Execution time: 27.806777477264404 seconds
metaTables/vocal_music_demucs_16k/metaData_fma_large/row50157.csv
Execution time: 27.099478244781494 seconds
metaTables/vocal_music_demucs_16k/metaData_fma_large/row50158.csv
Execution time: 27.029998779296875 seconds
metaTables/vocal_music_demucs_16k/metaData_fma_large/row50159.csv
Execution time: 27.73856472969055 seconds
metaTables/vocal_music_demucs_16k/metaData_fma_large/row50160.csv
Execution time: 27.462836742401123 seconds
metaTables/vocal_music_demucs_16k/metaData_fma_large/row50161.csv
Execution time: 26.814937353134155 seconds
metaTables/vocal_music_demucs_16k/metaData_fma_large/row50162.csv
Execution time: 27.41355562210083 seconds
metaTables/vocal_music_demucs_16k/metaData_fma_large/row50163.csv
Execution time: 27.715493202209473 seconds
metaTables/vocal_music_demucs_16k/metaData_fma_large/row50164.csv
Execution time: 27.737767696380615 seconds
metaTables/vocal_music_demucs_16k/metaData_fma_large/row50165.csv
Execution time: 27.711890697479248 seconds
metaTables/vocal_music_demucs_16k/metaData_fma_large/row50166.csv
Execution time: 27.55541229248047 seconds
metaTables/vocal_music_demucs_16k/metaData_fma_large/row50167.csv
Execution time: 27.386552572250366 seconds
metaTables/vocal_music_demucs_16k/metaData_fma_large/row50168.csv
Execution time: 27.70865797996521 seconds
metaTables/vocal_music_demucs_16k/metaData_fma_large/row50169.csv
Execution time: 27.168931007385254 seconds
metaTables/vocal_music_demucs_16k/metaData_fma_large/row50170.csv
Execution time: 27.958688497543335 seconds
metaTables/vocal_music_demucs_16k/metaData_fma_large/row50171.csv
Execution time: 28.55534601211548 seconds
metaTables/vocal_music_demucs_16k/metaData_fma_large/row50172.csv
Execution time: 27.482088565826416 seconds
metaTables/vocal_music_demucs_16k/metaData_fma_large/row50173.csv
Execution time: 27.422821760177612 seconds
metaTables/vocal_music_demucs_16k/metaData_fma_large/row50174.csv
Execution time: 27.693071126937866 seconds
metaTables/vocal_music_demucs_16k/metaData_fma_large/row50175.csv
Execution time: 26.857208490371704 seconds
metaTables/vocal_music_demucs_16k/metaData_fma_large/row50176.csv
Execution time: 27.982456922531128 seconds
metaTables/vocal_music_demucs_16k/metaData_fma_large/row50177.csv
Execution time: 28.294578790664673 seconds
metaTables/vocal_music_demucs_16k/metaData_fma_large/row50178.csv
Execution time: 27.791228532791138 seconds
metaTables/vocal_music_demucs_16k/metaData_fma_large/row50179.csv
Execution time: 27.521865606307983 seconds
metaTables/vocal_music_demucs_16k/metaData_fma_large/row50180.csv
Execution time: 27.64615559577942 seconds
metaTables/vocal_music_demucs_16k/metaData_fma_large/row50181.csv
Execution time: 27.5471293926239 seconds
metaTables/vocal_music_demucs_16k/metaData_fma_large/row50182.csv
Execution time: 27.69523549079895 seconds
metaTables/vocal_music_demucs_16k/metaData_fma_large/row50183.csv
Execution time: 27.492536306381226 seconds
metaTables/vocal_music_demucs_16k/metaData_fma_large/row50184.csv
Execution time: 27.33451509475708 seconds
metaTables/vocal_music_demucs_16k/metaData_fma_large/row50185.csv
Execution time: 27.703130960464478 seconds
metaTables/vocal_music_demucs_16k/metaData_fma_large/row50186.csv
Execution time: 27.43080425262451 seconds
metaTables/vocal_music_demucs_16k/metaData_fma_large/row50187.csv
Execution time: 27.547887802124023 seconds
metaTables/vocal_music_demucs_16k/metaData_fma_large/row50188.csv
Execution time: 27.741013050079346 seconds
metaTables/vocal_music_demucs_16k/metaData_fma_large/row50189.csv
Execution time: 28.11497664451599 seconds
metaTables/vocal_music_demucs_16k/metaData_fma_large/row50190.csv
Execution time: 28.69117784500122 seconds
metaTables/vocal_music_demucs_16k/metaData_fma_large/row50191.csv
Execution time: 29.126108646392822 seconds
metaTables/vocal_music_demucs_16k/metaData_fma_large/row50192.csv
Execution time: 27.975765705108643 seconds
metaTables/vocal_music_demucs_16k/metaData_fma_large/row50193.csv
Execution time: 28.11383318901062 seconds
metaTables/vocal_music_demucs_16k/metaData_fma_large/row50194.csv
Execution time: 27.565223217010498 seconds
metaTables/vocal_music_demucs_16k/metaData_fma_large/row50195.csv
Execution time: 26.684197902679443 seconds
metaTables/vocal_music_demucs_16k/metaData_fma_large/row50196.csv
Execution time: 27.03495454788208 seconds
metaTables/vocal_music_demucs_16k/metaData_fma_large/row50197.csv
Execution time: 26.68491291999817 seconds
metaTables/vocal_music_demucs_16k/metaData_fma_large/row50198.csv
Execution time: 26.34597373008728 seconds
metaTables/vocal_music_demucs_16k/metaData_fma_large/row50199.csv
Demucs voice recognition done!
