/ext3/demucs/lib/python3.9/site-packages/demucs/api.py:27: UserWarning: TorchAudio's global backend is now deprecated. Please enable distpatcher by setting `TORCHAUDIO_USE_BACKEND_DISPATCHER=1`, and specify backend when calling load/info/save function.
  import torchaudio as ta
2024-05-10 11:32:32.797013: I tensorflow/core/util/port.cc:113] oneDNN custom operations are on. You may see slightly different numerical results due to floating-point round-off errors from different computation orders. To turn them off, set the environment variable `TF_ENABLE_ONEDNN_OPTS=0`.
2024-05-10 11:32:34.834032: E external/local_xla/xla/stream_executor/cuda/cuda_dnn.cc:9261] Unable to register cuDNN factory: Attempting to register factory for plugin cuDNN when one has already been registered
2024-05-10 11:32:34.834082: E external/local_xla/xla/stream_executor/cuda/cuda_fft.cc:607] Unable to register cuFFT factory: Attempting to register factory for plugin cuFFT when one has already been registered
2024-05-10 11:32:34.914659: E external/local_xla/xla/stream_executor/cuda/cuda_blas.cc:1515] Unable to register cuBLAS factory: Attempting to register factory for plugin cuBLAS when one has already been registered
2024-05-10 11:32:35.212513: I tensorflow/core/platform/cpu_feature_guard.cc:182] This TensorFlow binary is optimized to use available CPU instructions in performance-critical operations.
To enable the following instructions: AVX2 AVX512F AVX512_VNNI FMA, in other operations, rebuild TensorFlow with the appropriate compiler flags.
2024-05-10 11:32:37.502981: W tensorflow/compiler/tf2tensorrt/utils/py_utils.cc:38] TF-TRT Warning: Could not find TensorRT
Execution time: 27.612953186035156 seconds
metaTables/vocal_music_demucs_16k/metaData_fma_large/row4300.csv
Execution time: 24.426117420196533 seconds
metaTables/vocal_music_demucs_16k/metaData_fma_large/row4301.csv
Execution time: 25.13100290298462 seconds
metaTables/vocal_music_demucs_16k/metaData_fma_large/row4302.csv
Execution time: 24.55461072921753 seconds
metaTables/vocal_music_demucs_16k/metaData_fma_large/row4303.csv
Execution time: 24.703248977661133 seconds
metaTables/vocal_music_demucs_16k/metaData_fma_large/row4304.csv
Execution time: 25.288410425186157 seconds
metaTables/vocal_music_demucs_16k/metaData_fma_large/row4305.csv
Execution time: 24.877283096313477 seconds
metaTables/vocal_music_demucs_16k/metaData_fma_large/row4306.csv
Execution time: 24.713884353637695 seconds
metaTables/vocal_music_demucs_16k/metaData_fma_large/row4307.csv
Execution time: 24.937068939208984 seconds
metaTables/vocal_music_demucs_16k/metaData_fma_large/row4308.csv
Execution time: 24.480634450912476 seconds
metaTables/vocal_music_demucs_16k/metaData_fma_large/row4309.csv
Execution time: 24.74099349975586 seconds
metaTables/vocal_music_demucs_16k/metaData_fma_large/row4310.csv
Execution time: 25.492966175079346 seconds
metaTables/vocal_music_demucs_16k/metaData_fma_large/row4311.csv
Execution time: 25.40030336380005 seconds
metaTables/vocal_music_demucs_16k/metaData_fma_large/row4312.csv
Execution time: 24.49227786064148 seconds
metaTables/vocal_music_demucs_16k/metaData_fma_large/row4313.csv
Execution time: 23.512046813964844 seconds
metaTables/vocal_music_demucs_16k/metaData_fma_large/row4314.csv
Execution time: 24.645683765411377 seconds
metaTables/vocal_music_demucs_16k/metaData_fma_large/row4315.csv
Execution time: 26.820507049560547 seconds
metaTables/vocal_music_demucs_16k/metaData_fma_large/row4316.csv
Execution time: 24.536516427993774 seconds
metaTables/vocal_music_demucs_16k/metaData_fma_large/row4317.csv
Execution time: 24.984184741973877 seconds
metaTables/vocal_music_demucs_16k/metaData_fma_large/row4318.csv
Execution time: 24.969711780548096 seconds
metaTables/vocal_music_demucs_16k/metaData_fma_large/row4319.csv
Execution time: 25.76620316505432 seconds
metaTables/vocal_music_demucs_16k/metaData_fma_large/row4320.csv
Execution time: 24.958606243133545 seconds
metaTables/vocal_music_demucs_16k/metaData_fma_large/row4321.csv
Execution time: 24.462302923202515 seconds
metaTables/vocal_music_demucs_16k/metaData_fma_large/row4322.csv
Execution time: 24.21355700492859 seconds
metaTables/vocal_music_demucs_16k/metaData_fma_large/row4323.csv
Execution time: 24.728954076766968 seconds
metaTables/vocal_music_demucs_16k/metaData_fma_large/row4324.csv
Execution time: 25.089847326278687 seconds
metaTables/vocal_music_demucs_16k/metaData_fma_large/row4325.csv
Execution time: 24.525431632995605 seconds
metaTables/vocal_music_demucs_16k/metaData_fma_large/row4326.csv
Execution time: 24.59282636642456 seconds
metaTables/vocal_music_demucs_16k/metaData_fma_large/row4327.csv
Execution time: 24.118154764175415 seconds
metaTables/vocal_music_demucs_16k/metaData_fma_large/row4328.csv
Execution time: 24.88809084892273 seconds
metaTables/vocal_music_demucs_16k/metaData_fma_large/row4329.csv
Execution time: 23.781875371932983 seconds
metaTables/vocal_music_demucs_16k/metaData_fma_large/row4330.csv
Execution time: 24.571292638778687 seconds
metaTables/vocal_music_demucs_16k/metaData_fma_large/row4331.csv
Execution time: 24.96973204612732 seconds
metaTables/vocal_music_demucs_16k/metaData_fma_large/row4332.csv
Execution time: 24.821149587631226 seconds
metaTables/vocal_music_demucs_16k/metaData_fma_large/row4333.csv
Execution time: 24.28589940071106 seconds
metaTables/vocal_music_demucs_16k/metaData_fma_large/row4334.csv
Execution time: 25.00054168701172 seconds
metaTables/vocal_music_demucs_16k/metaData_fma_large/row4335.csv
Execution time: 24.72009515762329 seconds
metaTables/vocal_music_demucs_16k/metaData_fma_large/row4336.csv
Execution time: 24.713493585586548 seconds
metaTables/vocal_music_demucs_16k/metaData_fma_large/row4337.csv
Execution time: 25.442516326904297 seconds
metaTables/vocal_music_demucs_16k/metaData_fma_large/row4338.csv
Execution time: 26.388124465942383 seconds
metaTables/vocal_music_demucs_16k/metaData_fma_large/row4339.csv
Execution time: 25.017213344573975 seconds
metaTables/vocal_music_demucs_16k/metaData_fma_large/row4340.csv
Execution time: 25.037205696105957 seconds
metaTables/vocal_music_demucs_16k/metaData_fma_large/row4341.csv
Execution time: 24.186168670654297 seconds
metaTables/vocal_music_demucs_16k/metaData_fma_large/row4342.csv
Execution time: 25.199023008346558 seconds
metaTables/vocal_music_demucs_16k/metaData_fma_large/row4343.csv
Execution time: 25.304847955703735 seconds
metaTables/vocal_music_demucs_16k/metaData_fma_large/row4344.csv
Execution time: 24.77126693725586 seconds
metaTables/vocal_music_demucs_16k/metaData_fma_large/row4345.csv
Execution time: 24.522196292877197 seconds
metaTables/vocal_music_demucs_16k/metaData_fma_large/row4346.csv
Execution time: 25.343803882598877 seconds
metaTables/vocal_music_demucs_16k/metaData_fma_large/row4347.csv
Execution time: 24.766659259796143 seconds
metaTables/vocal_music_demucs_16k/metaData_fma_large/row4348.csv
Execution time: 24.478251695632935 seconds
metaTables/vocal_music_demucs_16k/metaData_fma_large/row4349.csv
Execution time: 24.65241289138794 seconds
metaTables/vocal_music_demucs_16k/metaData_fma_large/row4350.csv
Execution time: 25.309802770614624 seconds
metaTables/vocal_music_demucs_16k/metaData_fma_large/row4351.csv
Execution time: 23.62587571144104 seconds
metaTables/vocal_music_demucs_16k/metaData_fma_large/row4352.csv
Execution time: 25.00753426551819 seconds
metaTables/vocal_music_demucs_16k/metaData_fma_large/row4353.csv
Execution time: 24.437180995941162 seconds
metaTables/vocal_music_demucs_16k/metaData_fma_large/row4354.csv
Execution time: 24.891054153442383 seconds
metaTables/vocal_music_demucs_16k/metaData_fma_large/row4355.csv
Execution time: 25.00308084487915 seconds
metaTables/vocal_music_demucs_16k/metaData_fma_large/row4356.csv
Execution time: 24.844473123550415 seconds
metaTables/vocal_music_demucs_16k/metaData_fma_large/row4357.csv
Execution time: 26.247193098068237 seconds
metaTables/vocal_music_demucs_16k/metaData_fma_large/row4358.csv
Execution time: 24.767411470413208 seconds
metaTables/vocal_music_demucs_16k/metaData_fma_large/row4359.csv
Execution time: 24.744691848754883 seconds
metaTables/vocal_music_demucs_16k/metaData_fma_large/row4360.csv
Execution time: 25.20087957382202 seconds
metaTables/vocal_music_demucs_16k/metaData_fma_large/row4361.csv
Execution time: 25.139380931854248 seconds
metaTables/vocal_music_demucs_16k/metaData_fma_large/row4362.csv
Execution time: 24.55284023284912 seconds
metaTables/vocal_music_demucs_16k/metaData_fma_large/row4363.csv
Execution time: 24.776952505111694 seconds
metaTables/vocal_music_demucs_16k/metaData_fma_large/row4364.csv
Execution time: 25.967655181884766 seconds
metaTables/vocal_music_demucs_16k/metaData_fma_large/row4365.csv
Execution time: 24.763667821884155 seconds
metaTables/vocal_music_demucs_16k/metaData_fma_large/row4366.csv
Execution time: 25.28121590614319 seconds
metaTables/vocal_music_demucs_16k/metaData_fma_large/row4367.csv
Execution time: 26.175092220306396 seconds
metaTables/vocal_music_demucs_16k/metaData_fma_large/row4368.csv
Execution time: 24.68729281425476 seconds
metaTables/vocal_music_demucs_16k/metaData_fma_large/row4369.csv
Execution time: 25.05936884880066 seconds
metaTables/vocal_music_demucs_16k/metaData_fma_large/row4370.csv
Execution time: 25.34615135192871 seconds
metaTables/vocal_music_demucs_16k/metaData_fma_large/row4371.csv
Execution time: 25.58374810218811 seconds
metaTables/vocal_music_demucs_16k/metaData_fma_large/row4372.csv
Execution time: 24.76838231086731 seconds
metaTables/vocal_music_demucs_16k/metaData_fma_large/row4373.csv
Execution time: 24.490859746932983 seconds
metaTables/vocal_music_demucs_16k/metaData_fma_large/row4374.csv
Execution time: 25.19140124320984 seconds
metaTables/vocal_music_demucs_16k/metaData_fma_large/row4375.csv
Execution time: 23.862440824508667 seconds
metaTables/vocal_music_demucs_16k/metaData_fma_large/row4376.csv
Execution time: 24.24640727043152 seconds
metaTables/vocal_music_demucs_16k/metaData_fma_large/row4377.csv
Execution time: 24.180618286132812 seconds
metaTables/vocal_music_demucs_16k/metaData_fma_large/row4378.csv
Execution time: 24.001999139785767 seconds
metaTables/vocal_music_demucs_16k/metaData_fma_large/row4379.csv
Execution time: 25.55690574645996 seconds
metaTables/vocal_music_demucs_16k/metaData_fma_large/row4380.csv
Execution time: 25.22368597984314 seconds
metaTables/vocal_music_demucs_16k/metaData_fma_large/row4381.csv
Execution time: 25.068119049072266 seconds
metaTables/vocal_music_demucs_16k/metaData_fma_large/row4382.csv
Execution time: 25.18834662437439 seconds
metaTables/vocal_music_demucs_16k/metaData_fma_large/row4383.csv
Execution time: 24.558202028274536 seconds
metaTables/vocal_music_demucs_16k/metaData_fma_large/row4384.csv
Execution time: 24.320180892944336 seconds
metaTables/vocal_music_demucs_16k/metaData_fma_large/row4385.csv
Execution time: 24.4164936542511 seconds
metaTables/vocal_music_demucs_16k/metaData_fma_large/row4386.csv
Execution time: 24.613784551620483 seconds
metaTables/vocal_music_demucs_16k/metaData_fma_large/row4387.csv
Execution time: 25.376426696777344 seconds
metaTables/vocal_music_demucs_16k/metaData_fma_large/row4388.csv
Execution time: 25.83782172203064 seconds
metaTables/vocal_music_demucs_16k/metaData_fma_large/row4389.csv
Execution time: 25.0285165309906 seconds
metaTables/vocal_music_demucs_16k/metaData_fma_large/row4390.csv
Execution time: 25.74348783493042 seconds
metaTables/vocal_music_demucs_16k/metaData_fma_large/row4391.csv
Execution time: 25.420872688293457 seconds
metaTables/vocal_music_demucs_16k/metaData_fma_large/row4392.csv
Execution time: 24.932871103286743 seconds
metaTables/vocal_music_demucs_16k/metaData_fma_large/row4393.csv
Execution time: 25.64781928062439 seconds
metaTables/vocal_music_demucs_16k/metaData_fma_large/row4394.csv
Execution time: 23.860198259353638 seconds
metaTables/vocal_music_demucs_16k/metaData_fma_large/row4395.csv
Execution time: 24.73899555206299 seconds
metaTables/vocal_music_demucs_16k/metaData_fma_large/row4396.csv
Execution time: 24.252758026123047 seconds
metaTables/vocal_music_demucs_16k/metaData_fma_large/row4397.csv
Execution time: 24.227793216705322 seconds
metaTables/vocal_music_demucs_16k/metaData_fma_large/row4398.csv
Execution time: 23.16148090362549 seconds
metaTables/vocal_music_demucs_16k/metaData_fma_large/row4399.csv
Demucs voice recognition done!
