/ext3/demucs/lib/python3.9/site-packages/demucs/api.py:27: UserWarning: TorchAudio's global backend is now deprecated. Please enable distpatcher by setting `TORCHAUDIO_USE_BACKEND_DISPATCHER=1`, and specify backend when calling load/info/save function.
  import torchaudio as ta
2024-05-08 23:36:03.902848: I tensorflow/core/util/port.cc:113] oneDNN custom operations are on. You may see slightly different numerical results due to floating-point round-off errors from different computation orders. To turn them off, set the environment variable `TF_ENABLE_ONEDNN_OPTS=0`.
2024-05-08 23:36:08.298832: E external/local_xla/xla/stream_executor/cuda/cuda_dnn.cc:9261] Unable to register cuDNN factory: Attempting to register factory for plugin cuDNN when one has already been registered
2024-05-08 23:36:08.298868: E external/local_xla/xla/stream_executor/cuda/cuda_fft.cc:607] Unable to register cuFFT factory: Attempting to register factory for plugin cuFFT when one has already been registered
2024-05-08 23:36:08.614007: E external/local_xla/xla/stream_executor/cuda/cuda_blas.cc:1515] Unable to register cuBLAS factory: Attempting to register factory for plugin cuBLAS when one has already been registered
2024-05-08 23:36:09.085200: I tensorflow/core/platform/cpu_feature_guard.cc:182] This TensorFlow binary is optimized to use available CPU instructions in performance-critical operations.
To enable the following instructions: AVX2 AVX512F AVX512_VNNI FMA, in other operations, rebuild TensorFlow with the appropriate compiler flags.
2024-05-08 23:36:12.503430: W tensorflow/compiler/tf2tensorrt/utils/py_utils.cc:38] TF-TRT Warning: Could not find TensorRT
[src/libmpg123/id3.c:INT123_parse_new_id3():947] warning: ID3v2: unrealistic small tag lengh 0, skipping
Execution time: 31.693116188049316 seconds
metaTables/vocal_music_demucs_16k/metaData_fma_large/row22100.csv
Execution time: 27.158173322677612 seconds
metaTables/vocal_music_demucs_16k/metaData_fma_large/row22101.csv
Execution time: 27.38684630393982 seconds
metaTables/vocal_music_demucs_16k/metaData_fma_large/row22102.csv
Execution time: 22.10240888595581 seconds
metaTables/vocal_music_demucs_16k/metaData_fma_large/row22103.csv
Execution time: 25.937127351760864 seconds
metaTables/vocal_music_demucs_16k/metaData_fma_large/row22104.csv
Execution time: 27.459444046020508 seconds
metaTables/vocal_music_demucs_16k/metaData_fma_large/row22105.csv
Execution time: 26.91990065574646 seconds
metaTables/vocal_music_demucs_16k/metaData_fma_large/row22106.csv
Execution time: 26.676576375961304 seconds
metaTables/vocal_music_demucs_16k/metaData_fma_large/row22107.csv
Execution time: 22.00424814224243 seconds
metaTables/vocal_music_demucs_16k/metaData_fma_large/row22108.csv
Execution time: 25.5405855178833 seconds
metaTables/vocal_music_demucs_16k/metaData_fma_large/row22109.csv
Execution time: 27.310391187667847 seconds
metaTables/vocal_music_demucs_16k/metaData_fma_large/row22110.csv
Execution time: 26.788556337356567 seconds
metaTables/vocal_music_demucs_16k/metaData_fma_large/row22111.csv
Execution time: 26.49812960624695 seconds
metaTables/vocal_music_demucs_16k/metaData_fma_large/row22112.csv
Execution time: 26.98266291618347 seconds
metaTables/vocal_music_demucs_16k/metaData_fma_large/row22113.csv
Execution time: 26.87723445892334 seconds
metaTables/vocal_music_demucs_16k/metaData_fma_large/row22114.csv
Execution time: 27.06344223022461 seconds
metaTables/vocal_music_demucs_16k/metaData_fma_large/row22115.csv
Execution time: 26.852155685424805 seconds
metaTables/vocal_music_demucs_16k/metaData_fma_large/row22116.csv
Execution time: 25.989720344543457 seconds
metaTables/vocal_music_demucs_16k/metaData_fma_large/row22117.csv
Execution time: 26.02914524078369 seconds
metaTables/vocal_music_demucs_16k/metaData_fma_large/row22118.csv
Execution time: 26.0554940700531 seconds
metaTables/vocal_music_demucs_16k/metaData_fma_large/row22119.csv
Execution time: 26.5593900680542 seconds
metaTables/vocal_music_demucs_16k/metaData_fma_large/row22120.csv
Execution time: 27.069297790527344 seconds
metaTables/vocal_music_demucs_16k/metaData_fma_large/row22121.csv
Execution time: 26.17602849006653 seconds
metaTables/vocal_music_demucs_16k/metaData_fma_large/row22122.csv
Execution time: 26.913756370544434 seconds
metaTables/vocal_music_demucs_16k/metaData_fma_large/row22123.csv
Execution time: 27.086642742156982 seconds
metaTables/vocal_music_demucs_16k/metaData_fma_large/row22124.csv
Execution time: 26.403770208358765 seconds
metaTables/vocal_music_demucs_16k/metaData_fma_large/row22125.csv
Execution time: 26.426759243011475 seconds
metaTables/vocal_music_demucs_16k/metaData_fma_large/row22126.csv
Execution time: 26.224191904067993 seconds
metaTables/vocal_music_demucs_16k/metaData_fma_large/row22127.csv
Execution time: 27.300329446792603 seconds
metaTables/vocal_music_demucs_16k/metaData_fma_large/row22128.csv
Execution time: 25.939528942108154 seconds
metaTables/vocal_music_demucs_16k/metaData_fma_large/row22129.csv
Execution time: 26.606764793395996 seconds
metaTables/vocal_music_demucs_16k/metaData_fma_large/row22130.csv
Execution time: 27.090975284576416 seconds
metaTables/vocal_music_demucs_16k/metaData_fma_large/row22131.csv
Execution time: 27.120572805404663 seconds
metaTables/vocal_music_demucs_16k/metaData_fma_large/row22132.csv
Execution time: 27.107888221740723 seconds
metaTables/vocal_music_demucs_16k/metaData_fma_large/row22133.csv
Execution time: 26.531901359558105 seconds
metaTables/vocal_music_demucs_16k/metaData_fma_large/row22134.csv
Execution time: 26.771462202072144 seconds
metaTables/vocal_music_demucs_16k/metaData_fma_large/row22135.csv
Execution time: 26.617372274398804 seconds
metaTables/vocal_music_demucs_16k/metaData_fma_large/row22136.csv
Execution time: 26.219340085983276 seconds
metaTables/vocal_music_demucs_16k/metaData_fma_large/row22137.csv
Execution time: 26.29511785507202 seconds
metaTables/vocal_music_demucs_16k/metaData_fma_large/row22138.csv
Execution time: 27.21549654006958 seconds
metaTables/vocal_music_demucs_16k/metaData_fma_large/row22139.csv
Execution time: 26.548168897628784 seconds
metaTables/vocal_music_demucs_16k/metaData_fma_large/row22140.csv
Execution time: 26.861465215682983 seconds
metaTables/vocal_music_demucs_16k/metaData_fma_large/row22141.csv
Execution time: 28.59784173965454 seconds
metaTables/vocal_music_demucs_16k/metaData_fma_large/row22142.csv
Execution time: 28.045690536499023 seconds
metaTables/vocal_music_demucs_16k/metaData_fma_large/row22143.csv
Execution time: 25.859913110733032 seconds
metaTables/vocal_music_demucs_16k/metaData_fma_large/row22144.csv
Execution time: 26.43801760673523 seconds
metaTables/vocal_music_demucs_16k/metaData_fma_large/row22145.csv
Execution time: 27.033952236175537 seconds
metaTables/vocal_music_demucs_16k/metaData_fma_large/row22146.csv
Execution time: 22.471186637878418 seconds
metaTables/vocal_music_demucs_16k/metaData_fma_large/row22147.csv
Execution time: 27.076107025146484 seconds
metaTables/vocal_music_demucs_16k/metaData_fma_large/row22148.csv
Execution time: 26.45952033996582 seconds
metaTables/vocal_music_demucs_16k/metaData_fma_large/row22149.csv
Execution time: 26.049439430236816 seconds
metaTables/vocal_music_demucs_16k/metaData_fma_large/row22150.csv
Execution time: 26.065736532211304 seconds
metaTables/vocal_music_demucs_16k/metaData_fma_large/row22151.csv
Execution time: 27.72107720375061 seconds
metaTables/vocal_music_demucs_16k/metaData_fma_large/row22152.csv
Execution time: 26.48435616493225 seconds
metaTables/vocal_music_demucs_16k/metaData_fma_large/row22153.csv
Execution time: 26.61997365951538 seconds
metaTables/vocal_music_demucs_16k/metaData_fma_large/row22154.csv
Execution time: 26.08577060699463 seconds
metaTables/vocal_music_demucs_16k/metaData_fma_large/row22155.csv
Execution time: 26.875272512435913 seconds
metaTables/vocal_music_demucs_16k/metaData_fma_large/row22156.csv
Execution time: 27.38198208808899 seconds
metaTables/vocal_music_demucs_16k/metaData_fma_large/row22157.csv
Execution time: 26.50957465171814 seconds
metaTables/vocal_music_demucs_16k/metaData_fma_large/row22158.csv
Execution time: 26.082831382751465 seconds
metaTables/vocal_music_demucs_16k/metaData_fma_large/row22159.csv
Execution time: 26.598829746246338 seconds
metaTables/vocal_music_demucs_16k/metaData_fma_large/row22160.csv
Execution time: 26.246697902679443 seconds
metaTables/vocal_music_demucs_16k/metaData_fma_large/row22161.csv
Execution time: 26.20054340362549 seconds
metaTables/vocal_music_demucs_16k/metaData_fma_large/row22162.csv
Execution time: 27.41103744506836 seconds
metaTables/vocal_music_demucs_16k/metaData_fma_large/row22163.csv
Execution time: 22.136192083358765 seconds
metaTables/vocal_music_demucs_16k/metaData_fma_large/row22164.csv
Execution time: 26.79238247871399 seconds
metaTables/vocal_music_demucs_16k/metaData_fma_large/row22165.csv
Execution time: 27.002341985702515 seconds
metaTables/vocal_music_demucs_16k/metaData_fma_large/row22166.csv
Execution time: 26.65600848197937 seconds
metaTables/vocal_music_demucs_16k/metaData_fma_large/row22167.csv
Execution time: 26.471726894378662 seconds
metaTables/vocal_music_demucs_16k/metaData_fma_large/row22168.csv
Execution time: 26.650692224502563 seconds
metaTables/vocal_music_demucs_16k/metaData_fma_large/row22169.csv
Execution time: 27.12952733039856 seconds
metaTables/vocal_music_demucs_16k/metaData_fma_large/row22170.csv
Execution time: 26.54118514060974 seconds
metaTables/vocal_music_demucs_16k/metaData_fma_large/row22171.csv
Execution time: 26.164554595947266 seconds
metaTables/vocal_music_demucs_16k/metaData_fma_large/row22172.csv
Execution time: 26.253918409347534 seconds
metaTables/vocal_music_demucs_16k/metaData_fma_large/row22173.csv
Execution time: 26.179330587387085 seconds
metaTables/vocal_music_demucs_16k/metaData_fma_large/row22174.csv
Execution time: 26.84313678741455 seconds
metaTables/vocal_music_demucs_16k/metaData_fma_large/row22175.csv
Execution time: 26.744192838668823 seconds
metaTables/vocal_music_demucs_16k/metaData_fma_large/row22176.csv
Execution time: 26.349589109420776 seconds
metaTables/vocal_music_demucs_16k/metaData_fma_large/row22177.csv
Execution time: 26.79996132850647 seconds
metaTables/vocal_music_demucs_16k/metaData_fma_large/row22178.csv
Execution time: 27.02931523323059 seconds
metaTables/vocal_music_demucs_16k/metaData_fma_large/row22179.csv
Execution time: 25.94630002975464 seconds
metaTables/vocal_music_demucs_16k/metaData_fma_large/row22180.csv
Execution time: 26.04863166809082 seconds
metaTables/vocal_music_demucs_16k/metaData_fma_large/row22181.csv
Execution time: 26.601905584335327 seconds
metaTables/vocal_music_demucs_16k/metaData_fma_large/row22182.csv
Execution time: 26.07488489151001 seconds
metaTables/vocal_music_demucs_16k/metaData_fma_large/row22183.csv
Execution time: 26.760817527770996 seconds
metaTables/vocal_music_demucs_16k/metaData_fma_large/row22184.csv
Execution time: 27.471291065216064 seconds
metaTables/vocal_music_demucs_16k/metaData_fma_large/row22185.csv
Execution time: 26.701375007629395 seconds
metaTables/vocal_music_demucs_16k/metaData_fma_large/row22186.csv
Execution time: 26.035429000854492 seconds
metaTables/vocal_music_demucs_16k/metaData_fma_large/row22187.csv
Execution time: 26.16568875312805 seconds
metaTables/vocal_music_demucs_16k/metaData_fma_large/row22188.csv
Execution time: 25.80988883972168 seconds
metaTables/vocal_music_demucs_16k/metaData_fma_large/row22189.csv
Execution time: 26.879475116729736 seconds
metaTables/vocal_music_demucs_16k/metaData_fma_large/row22190.csv
Execution time: 26.610244035720825 seconds
metaTables/vocal_music_demucs_16k/metaData_fma_large/row22191.csv
Execution time: 26.40738844871521 seconds
metaTables/vocal_music_demucs_16k/metaData_fma_large/row22192.csv
Execution time: 27.606730699539185 seconds
metaTables/vocal_music_demucs_16k/metaData_fma_large/row22193.csv
Execution time: 26.516157388687134 seconds
metaTables/vocal_music_demucs_16k/metaData_fma_large/row22194.csv
Execution time: 26.116963863372803 seconds
metaTables/vocal_music_demucs_16k/metaData_fma_large/row22195.csv
Execution time: 27.180970430374146 seconds
metaTables/vocal_music_demucs_16k/metaData_fma_large/row22196.csv
Execution time: 27.320923805236816 seconds
metaTables/vocal_music_demucs_16k/metaData_fma_large/row22197.csv
Execution time: 26.643543004989624 seconds
metaTables/vocal_music_demucs_16k/metaData_fma_large/row22198.csv
Execution time: 26.212191343307495 seconds
metaTables/vocal_music_demucs_16k/metaData_fma_large/row22199.csv
Demucs voice recognition done!
