/ext3/demucs/lib/python3.9/site-packages/demucs/api.py:27: UserWarning: TorchAudio's global backend is now deprecated. Please enable distpatcher by setting `TORCHAUDIO_USE_BACKEND_DISPATCHER=1`, and specify backend when calling load/info/save function.
  import torchaudio as ta
2024-05-10 02:06:25.723143: I tensorflow/core/util/port.cc:113] oneDNN custom operations are on. You may see slightly different numerical results due to floating-point round-off errors from different computation orders. To turn them off, set the environment variable `TF_ENABLE_ONEDNN_OPTS=0`.
2024-05-10 02:06:25.874512: E external/local_xla/xla/stream_executor/cuda/cuda_dnn.cc:9261] Unable to register cuDNN factory: Attempting to register factory for plugin cuDNN when one has already been registered
2024-05-10 02:06:25.874557: E external/local_xla/xla/stream_executor/cuda/cuda_fft.cc:607] Unable to register cuFFT factory: Attempting to register factory for plugin cuFFT when one has already been registered
2024-05-10 02:06:25.894635: E external/local_xla/xla/stream_executor/cuda/cuda_blas.cc:1515] Unable to register cuBLAS factory: Attempting to register factory for plugin cuBLAS when one has already been registered
2024-05-10 02:06:25.937916: I tensorflow/core/platform/cpu_feature_guard.cc:182] This TensorFlow binary is optimized to use available CPU instructions in performance-critical operations.
To enable the following instructions: AVX2 AVX512F AVX512_VNNI FMA, in other operations, rebuild TensorFlow with the appropriate compiler flags.
2024-05-10 02:06:26.850903: W tensorflow/compiler/tf2tensorrt/utils/py_utils.cc:38] TF-TRT Warning: Could not find TensorRT
Execution time: 26.272764921188354 seconds
metaTables/vocal_music_demucs_16k/metaData_fma_large/row102400.csv
Execution time: 24.539785861968994 seconds
metaTables/vocal_music_demucs_16k/metaData_fma_large/row102401.csv
Execution time: 25.77713894844055 seconds
metaTables/vocal_music_demucs_16k/metaData_fma_large/row102402.csv
Execution time: 12.149125099182129 seconds
metaTables/vocal_music_demucs_16k/metaData_fma_large/row102403.csv
Execution time: 24.179198741912842 seconds
metaTables/vocal_music_demucs_16k/metaData_fma_large/row102404.csv
Execution time: 24.8706533908844 seconds
metaTables/vocal_music_demucs_16k/metaData_fma_large/row102405.csv
Execution time: 25.229183197021484 seconds
metaTables/vocal_music_demucs_16k/metaData_fma_large/row102406.csv
Execution time: 24.958293914794922 seconds
metaTables/vocal_music_demucs_16k/metaData_fma_large/row102407.csv
Execution time: 24.52355694770813 seconds
metaTables/vocal_music_demucs_16k/metaData_fma_large/row102408.csv
Execution time: 24.632801294326782 seconds
metaTables/vocal_music_demucs_16k/metaData_fma_large/row102409.csv
Execution time: 24.2892062664032 seconds
metaTables/vocal_music_demucs_16k/metaData_fma_large/row102410.csv
Execution time: 24.215529680252075 seconds
metaTables/vocal_music_demucs_16k/metaData_fma_large/row102411.csv
Execution time: 24.802518129348755 seconds
metaTables/vocal_music_demucs_16k/metaData_fma_large/row102412.csv
Execution time: 24.812118530273438 seconds
metaTables/vocal_music_demucs_16k/metaData_fma_large/row102413.csv
Execution time: 24.36293911933899 seconds
metaTables/vocal_music_demucs_16k/metaData_fma_large/row102414.csv
Execution time: 24.58686351776123 seconds
metaTables/vocal_music_demucs_16k/metaData_fma_large/row102415.csv
Execution time: 24.961265087127686 seconds
metaTables/vocal_music_demucs_16k/metaData_fma_large/row102416.csv
Execution time: 24.58458709716797 seconds
metaTables/vocal_music_demucs_16k/metaData_fma_large/row102417.csv
Execution time: 25.206686973571777 seconds
metaTables/vocal_music_demucs_16k/metaData_fma_large/row102418.csv
Execution time: 25.884133100509644 seconds
metaTables/vocal_music_demucs_16k/metaData_fma_large/row102419.csv
Execution time: 24.95750331878662 seconds
metaTables/vocal_music_demucs_16k/metaData_fma_large/row102420.csv
Execution time: 25.128259420394897 seconds
metaTables/vocal_music_demucs_16k/metaData_fma_large/row102421.csv
Execution time: 24.96607542037964 seconds
metaTables/vocal_music_demucs_16k/metaData_fma_large/row102422.csv
Execution time: 24.86748218536377 seconds
metaTables/vocal_music_demucs_16k/metaData_fma_large/row102423.csv
Execution time: 24.777610778808594 seconds
metaTables/vocal_music_demucs_16k/metaData_fma_large/row102424.csv
Execution time: 25.948955535888672 seconds
metaTables/vocal_music_demucs_16k/metaData_fma_large/row102425.csv
Execution time: 24.49099111557007 seconds
metaTables/vocal_music_demucs_16k/metaData_fma_large/row102426.csv
Execution time: 24.17952299118042 seconds
metaTables/vocal_music_demucs_16k/metaData_fma_large/row102427.csv
Execution time: 24.89417028427124 seconds
metaTables/vocal_music_demucs_16k/metaData_fma_large/row102428.csv
Execution time: 25.074071407318115 seconds
metaTables/vocal_music_demucs_16k/metaData_fma_large/row102429.csv
Execution time: 25.3162784576416 seconds
metaTables/vocal_music_demucs_16k/metaData_fma_large/row102430.csv
Execution time: 25.471346378326416 seconds
metaTables/vocal_music_demucs_16k/metaData_fma_large/row102431.csv
Execution time: 24.39284086227417 seconds
metaTables/vocal_music_demucs_16k/metaData_fma_large/row102432.csv
Execution time: 24.79881453514099 seconds
metaTables/vocal_music_demucs_16k/metaData_fma_large/row102433.csv
Execution time: 24.33466410636902 seconds
metaTables/vocal_music_demucs_16k/metaData_fma_large/row102434.csv
Execution time: 24.238054037094116 seconds
metaTables/vocal_music_demucs_16k/metaData_fma_large/row102435.csv
Execution time: 24.656620025634766 seconds
metaTables/vocal_music_demucs_16k/metaData_fma_large/row102436.csv
Execution time: 24.64444589614868 seconds
metaTables/vocal_music_demucs_16k/metaData_fma_large/row102437.csv
Execution time: 24.70202612876892 seconds
metaTables/vocal_music_demucs_16k/metaData_fma_large/row102438.csv
Execution time: 25.40911102294922 seconds
metaTables/vocal_music_demucs_16k/metaData_fma_large/row102439.csv
Execution time: 25.438189268112183 seconds
metaTables/vocal_music_demucs_16k/metaData_fma_large/row102440.csv
Execution time: 24.152758836746216 seconds
metaTables/vocal_music_demucs_16k/metaData_fma_large/row102441.csv
Execution time: 25.468469619750977 seconds
metaTables/vocal_music_demucs_16k/metaData_fma_large/row102442.csv
Execution time: 24.78066873550415 seconds
metaTables/vocal_music_demucs_16k/metaData_fma_large/row102443.csv
Execution time: 26.070374727249146 seconds
metaTables/vocal_music_demucs_16k/metaData_fma_large/row102444.csv
Execution time: 25.32400107383728 seconds
metaTables/vocal_music_demucs_16k/metaData_fma_large/row102445.csv
Execution time: 24.105104446411133 seconds
metaTables/vocal_music_demucs_16k/metaData_fma_large/row102446.csv
Execution time: 24.210564851760864 seconds
metaTables/vocal_music_demucs_16k/metaData_fma_large/row102447.csv
Execution time: 26.053740978240967 seconds
metaTables/vocal_music_demucs_16k/metaData_fma_large/row102448.csv
Execution time: 25.307408094406128 seconds
metaTables/vocal_music_demucs_16k/metaData_fma_large/row102449.csv
Execution time: 25.808189392089844 seconds
metaTables/vocal_music_demucs_16k/metaData_fma_large/row102450.csv
Execution time: 24.674635648727417 seconds
metaTables/vocal_music_demucs_16k/metaData_fma_large/row102451.csv
Execution time: 25.479477643966675 seconds
metaTables/vocal_music_demucs_16k/metaData_fma_large/row102452.csv
Execution time: 24.164781093597412 seconds
metaTables/vocal_music_demucs_16k/metaData_fma_large/row102453.csv
Execution time: 24.789432048797607 seconds
metaTables/vocal_music_demucs_16k/metaData_fma_large/row102454.csv
Execution time: 24.67611289024353 seconds
metaTables/vocal_music_demucs_16k/metaData_fma_large/row102455.csv
Execution time: 24.407911777496338 seconds
metaTables/vocal_music_demucs_16k/metaData_fma_large/row102456.csv
Execution time: 25.281310081481934 seconds
metaTables/vocal_music_demucs_16k/metaData_fma_large/row102457.csv
Execution time: 24.310012817382812 seconds
metaTables/vocal_music_demucs_16k/metaData_fma_large/row102458.csv
Execution time: 24.051421880722046 seconds
metaTables/vocal_music_demucs_16k/metaData_fma_large/row102459.csv
Execution time: 24.947998762130737 seconds
metaTables/vocal_music_demucs_16k/metaData_fma_large/row102460.csv
Execution time: 25.346030473709106 seconds
metaTables/vocal_music_demucs_16k/metaData_fma_large/row102461.csv
Execution time: 25.13290572166443 seconds
metaTables/vocal_music_demucs_16k/metaData_fma_large/row102462.csv
Execution time: 24.413807153701782 seconds
metaTables/vocal_music_demucs_16k/metaData_fma_large/row102463.csv
Execution time: 25.130163192749023 seconds
metaTables/vocal_music_demucs_16k/metaData_fma_large/row102464.csv
Execution time: 24.919506311416626 seconds
metaTables/vocal_music_demucs_16k/metaData_fma_large/row102465.csv
Execution time: 24.19250512123108 seconds
metaTables/vocal_music_demucs_16k/metaData_fma_large/row102466.csv
Execution time: 25.559970378875732 seconds
metaTables/vocal_music_demucs_16k/metaData_fma_large/row102467.csv
Execution time: 25.34283423423767 seconds
metaTables/vocal_music_demucs_16k/metaData_fma_large/row102468.csv
Execution time: 24.384584188461304 seconds
metaTables/vocal_music_demucs_16k/metaData_fma_large/row102469.csv
Execution time: 24.538093090057373 seconds
metaTables/vocal_music_demucs_16k/metaData_fma_large/row102470.csv
Execution time: 24.98548150062561 seconds
metaTables/vocal_music_demucs_16k/metaData_fma_large/row102471.csv
Execution time: 24.491764783859253 seconds
metaTables/vocal_music_demucs_16k/metaData_fma_large/row102472.csv
Execution time: 24.850611209869385 seconds
metaTables/vocal_music_demucs_16k/metaData_fma_large/row102473.csv
Execution time: 25.187800407409668 seconds
metaTables/vocal_music_demucs_16k/metaData_fma_large/row102474.csv
Execution time: 24.92736577987671 seconds
metaTables/vocal_music_demucs_16k/metaData_fma_large/row102475.csv
Execution time: 25.071248531341553 seconds
metaTables/vocal_music_demucs_16k/metaData_fma_large/row102476.csv
Execution time: 24.992635488510132 seconds
metaTables/vocal_music_demucs_16k/metaData_fma_large/row102477.csv
Execution time: 25.345780611038208 seconds
metaTables/vocal_music_demucs_16k/metaData_fma_large/row102478.csv
Execution time: 26.13953423500061 seconds
metaTables/vocal_music_demucs_16k/metaData_fma_large/row102479.csv
Execution time: 24.92023205757141 seconds
metaTables/vocal_music_demucs_16k/metaData_fma_large/row102480.csv
Execution time: 24.601527214050293 seconds
metaTables/vocal_music_demucs_16k/metaData_fma_large/row102481.csv
Execution time: 25.49529480934143 seconds
metaTables/vocal_music_demucs_16k/metaData_fma_large/row102482.csv
Execution time: 25.160666942596436 seconds
metaTables/vocal_music_demucs_16k/metaData_fma_large/row102483.csv
Execution time: 24.884092807769775 seconds
metaTables/vocal_music_demucs_16k/metaData_fma_large/row102484.csv
Execution time: 25.281195878982544 seconds
metaTables/vocal_music_demucs_16k/metaData_fma_large/row102485.csv
Execution time: 24.554356813430786 seconds
metaTables/vocal_music_demucs_16k/metaData_fma_large/row102486.csv
Execution time: 25.070679426193237 seconds
metaTables/vocal_music_demucs_16k/metaData_fma_large/row102487.csv
Execution time: 24.477399826049805 seconds
metaTables/vocal_music_demucs_16k/metaData_fma_large/row102488.csv
Execution time: 25.56782555580139 seconds
metaTables/vocal_music_demucs_16k/metaData_fma_large/row102489.csv
Execution time: 25.050201416015625 seconds
metaTables/vocal_music_demucs_16k/metaData_fma_large/row102490.csv
Execution time: 24.015129804611206 seconds
metaTables/vocal_music_demucs_16k/metaData_fma_large/row102491.csv
Execution time: 25.113962173461914 seconds
metaTables/vocal_music_demucs_16k/metaData_fma_large/row102492.csv
Execution time: 24.27557945251465 seconds
metaTables/vocal_music_demucs_16k/metaData_fma_large/row102493.csv
Execution time: 24.67647099494934 seconds
metaTables/vocal_music_demucs_16k/metaData_fma_large/row102494.csv
Execution time: 24.1844425201416 seconds
metaTables/vocal_music_demucs_16k/metaData_fma_large/row102495.csv
Execution time: 25.242122650146484 seconds
metaTables/vocal_music_demucs_16k/metaData_fma_large/row102496.csv
Execution time: 24.39092993736267 seconds
metaTables/vocal_music_demucs_16k/metaData_fma_large/row102497.csv
Execution time: 25.598050832748413 seconds
metaTables/vocal_music_demucs_16k/metaData_fma_large/row102498.csv
Execution time: 24.317891359329224 seconds
metaTables/vocal_music_demucs_16k/metaData_fma_large/row102499.csv
Demucs voice recognition done!
