/ext3/demucs/lib/python3.9/site-packages/demucs/api.py:27: UserWarning: TorchAudio's global backend is now deprecated. Please enable distpatcher by setting `TORCHAUDIO_USE_BACKEND_DISPATCHER=1`, and specify backend when calling load/info/save function.
  import torchaudio as ta
2024-05-09 00:18:16.451268: I tensorflow/core/util/port.cc:113] oneDNN custom operations are on. You may see slightly different numerical results due to floating-point round-off errors from different computation orders. To turn them off, set the environment variable `TF_ENABLE_ONEDNN_OPTS=0`.
2024-05-09 00:18:18.100333: E external/local_xla/xla/stream_executor/cuda/cuda_dnn.cc:9261] Unable to register cuDNN factory: Attempting to register factory for plugin cuDNN when one has already been registered
2024-05-09 00:18:18.100378: E external/local_xla/xla/stream_executor/cuda/cuda_fft.cc:607] Unable to register cuFFT factory: Attempting to register factory for plugin cuFFT when one has already been registered
2024-05-09 00:18:18.135730: E external/local_xla/xla/stream_executor/cuda/cuda_blas.cc:1515] Unable to register cuBLAS factory: Attempting to register factory for plugin cuBLAS when one has already been registered
2024-05-09 00:18:18.211608: I tensorflow/core/platform/cpu_feature_guard.cc:182] This TensorFlow binary is optimized to use available CPU instructions in performance-critical operations.
To enable the following instructions: AVX2 AVX512F AVX512_VNNI FMA, in other operations, rebuild TensorFlow with the appropriate compiler flags.
2024-05-09 00:18:19.091671: W tensorflow/compiler/tf2tensorrt/utils/py_utils.cc:38] TF-TRT Warning: Could not find TensorRT
Execution time: 26.21466851234436 seconds
metaTables/vocal_music_demucs_16k/metaData_fma_large/row81200.csv
Execution time: 24.610463619232178 seconds
metaTables/vocal_music_demucs_16k/metaData_fma_large/row81201.csv
Execution time: 24.10220742225647 seconds
metaTables/vocal_music_demucs_16k/metaData_fma_large/row81202.csv
Execution time: 24.663488626480103 seconds
metaTables/vocal_music_demucs_16k/metaData_fma_large/row81203.csv
Execution time: 24.379958391189575 seconds
metaTables/vocal_music_demucs_16k/metaData_fma_large/row81204.csv
Execution time: 24.86504101753235 seconds
metaTables/vocal_music_demucs_16k/metaData_fma_large/row81205.csv
Execution time: 25.14160680770874 seconds
metaTables/vocal_music_demucs_16k/metaData_fma_large/row81206.csv
Execution time: 25.507303953170776 seconds
metaTables/vocal_music_demucs_16k/metaData_fma_large/row81207.csv
Execution time: 24.828348875045776 seconds
metaTables/vocal_music_demucs_16k/metaData_fma_large/row81208.csv
Execution time: 26.178966760635376 seconds
metaTables/vocal_music_demucs_16k/metaData_fma_large/row81209.csv
Execution time: 25.267738342285156 seconds
metaTables/vocal_music_demucs_16k/metaData_fma_large/row81210.csv
Execution time: 24.898250579833984 seconds
metaTables/vocal_music_demucs_16k/metaData_fma_large/row81211.csv
Execution time: 25.181706428527832 seconds
metaTables/vocal_music_demucs_16k/metaData_fma_large/row81212.csv
Execution time: 24.270899772644043 seconds
metaTables/vocal_music_demucs_16k/metaData_fma_large/row81213.csv
Execution time: 24.992724895477295 seconds
metaTables/vocal_music_demucs_16k/metaData_fma_large/row81214.csv
Execution time: 24.62568426132202 seconds
metaTables/vocal_music_demucs_16k/metaData_fma_large/row81215.csv
Execution time: 24.344531774520874 seconds
metaTables/vocal_music_demucs_16k/metaData_fma_large/row81216.csv
Execution time: 25.261080026626587 seconds
metaTables/vocal_music_demucs_16k/metaData_fma_large/row81217.csv
Execution time: 24.896883249282837 seconds
metaTables/vocal_music_demucs_16k/metaData_fma_large/row81218.csv
Execution time: 24.408157110214233 seconds
metaTables/vocal_music_demucs_16k/metaData_fma_large/row81219.csv
Execution time: 20.698513746261597 seconds
metaTables/vocal_music_demucs_16k/metaData_fma_large/row81220.csv
Execution time: 25.77503228187561 seconds
metaTables/vocal_music_demucs_16k/metaData_fma_large/row81221.csv
Execution time: 25.08330798149109 seconds
metaTables/vocal_music_demucs_16k/metaData_fma_large/row81222.csv
Execution time: 25.875635385513306 seconds
metaTables/vocal_music_demucs_16k/metaData_fma_large/row81223.csv
Execution time: 24.39573621749878 seconds
metaTables/vocal_music_demucs_16k/metaData_fma_large/row81224.csv
Execution time: 25.29099440574646 seconds
metaTables/vocal_music_demucs_16k/metaData_fma_large/row81225.csv
Execution time: 25.164238452911377 seconds
metaTables/vocal_music_demucs_16k/metaData_fma_large/row81226.csv
Execution time: 24.83842182159424 seconds
metaTables/vocal_music_demucs_16k/metaData_fma_large/row81227.csv
Execution time: 25.07211470603943 seconds
metaTables/vocal_music_demucs_16k/metaData_fma_large/row81228.csv
Execution time: 26.94784641265869 seconds
metaTables/vocal_music_demucs_16k/metaData_fma_large/row81229.csv
Execution time: 26.533917903900146 seconds
metaTables/vocal_music_demucs_16k/metaData_fma_large/row81230.csv
Execution time: 25.075993061065674 seconds
metaTables/vocal_music_demucs_16k/metaData_fma_large/row81231.csv
Execution time: 24.74542236328125 seconds
metaTables/vocal_music_demucs_16k/metaData_fma_large/row81232.csv
Execution time: 24.77419137954712 seconds
metaTables/vocal_music_demucs_16k/metaData_fma_large/row81233.csv
Execution time: 24.191415786743164 seconds
metaTables/vocal_music_demucs_16k/metaData_fma_large/row81234.csv
Execution time: 25.187080144882202 seconds
metaTables/vocal_music_demucs_16k/metaData_fma_large/row81235.csv
Execution time: 24.170723915100098 seconds
metaTables/vocal_music_demucs_16k/metaData_fma_large/row81236.csv
Execution time: 25.151660442352295 seconds
metaTables/vocal_music_demucs_16k/metaData_fma_large/row81237.csv
Execution time: 24.9095242023468 seconds
metaTables/vocal_music_demucs_16k/metaData_fma_large/row81238.csv
Execution time: 25.370234966278076 seconds
metaTables/vocal_music_demucs_16k/metaData_fma_large/row81239.csv
Execution time: 12.676385402679443 seconds
metaTables/vocal_music_demucs_16k/metaData_fma_large/row81240.csv
Execution time: 24.807694911956787 seconds
metaTables/vocal_music_demucs_16k/metaData_fma_large/row81241.csv
Execution time: 25.025770664215088 seconds
metaTables/vocal_music_demucs_16k/metaData_fma_large/row81242.csv
Execution time: 27.50817060470581 seconds
metaTables/vocal_music_demucs_16k/metaData_fma_large/row81243.csv
Execution time: 25.122796535491943 seconds
metaTables/vocal_music_demucs_16k/metaData_fma_large/row81244.csv
Execution time: 24.605902194976807 seconds
metaTables/vocal_music_demucs_16k/metaData_fma_large/row81245.csv
Execution time: 25.32757258415222 seconds
metaTables/vocal_music_demucs_16k/metaData_fma_large/row81246.csv
Execution time: 25.04744553565979 seconds
metaTables/vocal_music_demucs_16k/metaData_fma_large/row81247.csv
Execution time: 25.266812562942505 seconds
metaTables/vocal_music_demucs_16k/metaData_fma_large/row81248.csv
Execution time: 25.223559141159058 seconds
metaTables/vocal_music_demucs_16k/metaData_fma_large/row81249.csv
Execution time: 26.75327754020691 seconds
metaTables/vocal_music_demucs_16k/metaData_fma_large/row81250.csv
Execution time: 24.491066217422485 seconds
metaTables/vocal_music_demucs_16k/metaData_fma_large/row81251.csv
Execution time: 25.013235092163086 seconds
metaTables/vocal_music_demucs_16k/metaData_fma_large/row81252.csv
Execution time: 16.597666025161743 seconds
metaTables/vocal_music_demucs_16k/metaData_fma_large/row81253.csv
Execution time: 25.434547901153564 seconds
metaTables/vocal_music_demucs_16k/metaData_fma_large/row81254.csv
Execution time: 26.155723810195923 seconds
metaTables/vocal_music_demucs_16k/metaData_fma_large/row81255.csv
Execution time: 25.13740372657776 seconds
metaTables/vocal_music_demucs_16k/metaData_fma_large/row81256.csv
Execution time: 25.619396448135376 seconds
metaTables/vocal_music_demucs_16k/metaData_fma_large/row81257.csv
Execution time: 25.318016290664673 seconds
metaTables/vocal_music_demucs_16k/metaData_fma_large/row81258.csv
Execution time: 25.44429588317871 seconds
metaTables/vocal_music_demucs_16k/metaData_fma_large/row81259.csv
Execution time: 24.979358434677124 seconds
metaTables/vocal_music_demucs_16k/metaData_fma_large/row81260.csv
Execution time: 25.216131687164307 seconds
metaTables/vocal_music_demucs_16k/metaData_fma_large/row81261.csv
Execution time: 24.34395980834961 seconds
metaTables/vocal_music_demucs_16k/metaData_fma_large/row81262.csv
Execution time: 25.21130347251892 seconds
metaTables/vocal_music_demucs_16k/metaData_fma_large/row81263.csv
Execution time: 24.55899477005005 seconds
metaTables/vocal_music_demucs_16k/metaData_fma_large/row81264.csv
Execution time: 24.38908815383911 seconds
metaTables/vocal_music_demucs_16k/metaData_fma_large/row81265.csv
Execution time: 26.380207538604736 seconds
metaTables/vocal_music_demucs_16k/metaData_fma_large/row81266.csv
Execution time: 24.533151626586914 seconds
metaTables/vocal_music_demucs_16k/metaData_fma_large/row81267.csv
Execution time: 23.916271209716797 seconds
metaTables/vocal_music_demucs_16k/metaData_fma_large/row81268.csv
Execution time: 23.991963148117065 seconds
metaTables/vocal_music_demucs_16k/metaData_fma_large/row81269.csv
Execution time: 25.966447591781616 seconds
metaTables/vocal_music_demucs_16k/metaData_fma_large/row81270.csv
Execution time: 24.01141095161438 seconds
metaTables/vocal_music_demucs_16k/metaData_fma_large/row81271.csv
Execution time: 25.175588369369507 seconds
metaTables/vocal_music_demucs_16k/metaData_fma_large/row81272.csv
Execution time: 24.49899935722351 seconds
metaTables/vocal_music_demucs_16k/metaData_fma_large/row81273.csv
Execution time: 25.80500292778015 seconds
metaTables/vocal_music_demucs_16k/metaData_fma_large/row81274.csv
Execution time: 25.670852422714233 seconds
metaTables/vocal_music_demucs_16k/metaData_fma_large/row81275.csv
Execution time: 24.67810845375061 seconds
metaTables/vocal_music_demucs_16k/metaData_fma_large/row81276.csv
Execution time: 24.539165496826172 seconds
metaTables/vocal_music_demucs_16k/metaData_fma_large/row81277.csv
Execution time: 25.15664029121399 seconds
metaTables/vocal_music_demucs_16k/metaData_fma_large/row81278.csv
Execution time: 25.224789142608643 seconds
metaTables/vocal_music_demucs_16k/metaData_fma_large/row81279.csv
Execution time: 25.684577465057373 seconds
metaTables/vocal_music_demucs_16k/metaData_fma_large/row81280.csv
Execution time: 23.66876530647278 seconds
metaTables/vocal_music_demucs_16k/metaData_fma_large/row81281.csv
Execution time: 24.78136920928955 seconds
metaTables/vocal_music_demucs_16k/metaData_fma_large/row81282.csv
Execution time: 24.919116973876953 seconds
metaTables/vocal_music_demucs_16k/metaData_fma_large/row81283.csv
Execution time: 23.984973430633545 seconds
metaTables/vocal_music_demucs_16k/metaData_fma_large/row81284.csv
Execution time: 24.96238136291504 seconds
metaTables/vocal_music_demucs_16k/metaData_fma_large/row81285.csv
Execution time: 24.44679355621338 seconds
metaTables/vocal_music_demucs_16k/metaData_fma_large/row81286.csv
Execution time: 23.49886131286621 seconds
metaTables/vocal_music_demucs_16k/metaData_fma_large/row81287.csv
Execution time: 25.430670022964478 seconds
metaTables/vocal_music_demucs_16k/metaData_fma_large/row81288.csv
Execution time: 24.880289316177368 seconds
metaTables/vocal_music_demucs_16k/metaData_fma_large/row81289.csv
Execution time: 25.994155645370483 seconds
metaTables/vocal_music_demucs_16k/metaData_fma_large/row81290.csv
Execution time: 24.31938600540161 seconds
metaTables/vocal_music_demucs_16k/metaData_fma_large/row81291.csv
Execution time: 25.44642162322998 seconds
metaTables/vocal_music_demucs_16k/metaData_fma_large/row81292.csv
Execution time: 25.84514856338501 seconds
metaTables/vocal_music_demucs_16k/metaData_fma_large/row81293.csv
Execution time: 24.67362141609192 seconds
metaTables/vocal_music_demucs_16k/metaData_fma_large/row81294.csv
Execution time: 24.88609218597412 seconds
metaTables/vocal_music_demucs_16k/metaData_fma_large/row81295.csv
Execution time: 24.5308620929718 seconds
metaTables/vocal_music_demucs_16k/metaData_fma_large/row81296.csv
Execution time: 24.63706660270691 seconds
metaTables/vocal_music_demucs_16k/metaData_fma_large/row81297.csv
Execution time: 24.19879722595215 seconds
metaTables/vocal_music_demucs_16k/metaData_fma_large/row81298.csv
Execution time: 25.303545475006104 seconds
metaTables/vocal_music_demucs_16k/metaData_fma_large/row81299.csv
Demucs voice recognition done!
