/ext3/demucs/lib/python3.9/site-packages/demucs/api.py:27: UserWarning: TorchAudio's global backend is now deprecated. Please enable distpatcher by setting `TORCHAUDIO_USE_BACKEND_DISPATCHER=1`, and specify backend when calling load/info/save function.
  import torchaudio as ta
2024-05-09 09:21:24.448977: I tensorflow/core/util/port.cc:113] oneDNN custom operations are on. You may see slightly different numerical results due to floating-point round-off errors from different computation orders. To turn them off, set the environment variable `TF_ENABLE_ONEDNN_OPTS=0`.
2024-05-09 09:21:25.313239: E external/local_xla/xla/stream_executor/cuda/cuda_dnn.cc:9261] Unable to register cuDNN factory: Attempting to register factory for plugin cuDNN when one has already been registered
2024-05-09 09:21:25.313281: E external/local_xla/xla/stream_executor/cuda/cuda_fft.cc:607] Unable to register cuFFT factory: Attempting to register factory for plugin cuFFT when one has already been registered
2024-05-09 09:21:25.346382: E external/local_xla/xla/stream_executor/cuda/cuda_blas.cc:1515] Unable to register cuBLAS factory: Attempting to register factory for plugin cuBLAS when one has already been registered
2024-05-09 09:21:25.425874: I tensorflow/core/platform/cpu_feature_guard.cc:182] This TensorFlow binary is optimized to use available CPU instructions in performance-critical operations.
To enable the following instructions: AVX2 AVX512F AVX512_VNNI FMA, in other operations, rebuild TensorFlow with the appropriate compiler flags.
2024-05-09 09:21:26.371318: W tensorflow/compiler/tf2tensorrt/utils/py_utils.cc:38] TF-TRT Warning: Could not find TensorRT
SKIPPING: metaTables/vocal_music_demucs_16k/metaData_fma_large/row52100.csv
SKIPPING: metaTables/vocal_music_demucs_16k/metaData_fma_large/row52101.csv
SKIPPING: metaTables/vocal_music_demucs_16k/metaData_fma_large/row52102.csv
SKIPPING: metaTables/vocal_music_demucs_16k/metaData_fma_large/row52103.csv
SKIPPING: metaTables/vocal_music_demucs_16k/metaData_fma_large/row52104.csv
SKIPPING: metaTables/vocal_music_demucs_16k/metaData_fma_large/row52105.csv
SKIPPING: metaTables/vocal_music_demucs_16k/metaData_fma_large/row52106.csv
SKIPPING: metaTables/vocal_music_demucs_16k/metaData_fma_large/row52107.csv
SKIPPING: metaTables/vocal_music_demucs_16k/metaData_fma_large/row52108.csv
SKIPPING: metaTables/vocal_music_demucs_16k/metaData_fma_large/row52109.csv
SKIPPING: metaTables/vocal_music_demucs_16k/metaData_fma_large/row52110.csv
SKIPPING: metaTables/vocal_music_demucs_16k/metaData_fma_large/row52111.csv
SKIPPING: metaTables/vocal_music_demucs_16k/metaData_fma_large/row52112.csv
SKIPPING: metaTables/vocal_music_demucs_16k/metaData_fma_large/row52113.csv
SKIPPING: metaTables/vocal_music_demucs_16k/metaData_fma_large/row52114.csv
SKIPPING: metaTables/vocal_music_demucs_16k/metaData_fma_large/row52115.csv
SKIPPING: metaTables/vocal_music_demucs_16k/metaData_fma_large/row52116.csv
SKIPPING: metaTables/vocal_music_demucs_16k/metaData_fma_large/row52117.csv
SKIPPING: metaTables/vocal_music_demucs_16k/metaData_fma_large/row52118.csv
SKIPPING: metaTables/vocal_music_demucs_16k/metaData_fma_large/row52119.csv
SKIPPING: metaTables/vocal_music_demucs_16k/metaData_fma_large/row52120.csv
SKIPPING: metaTables/vocal_music_demucs_16k/metaData_fma_large/row52121.csv
SKIPPING: metaTables/vocal_music_demucs_16k/metaData_fma_large/row52122.csv
SKIPPING: metaTables/vocal_music_demucs_16k/metaData_fma_large/row52123.csv
SKIPPING: metaTables/vocal_music_demucs_16k/metaData_fma_large/row52124.csv
SKIPPING: metaTables/vocal_music_demucs_16k/metaData_fma_large/row52125.csv
SKIPPING: metaTables/vocal_music_demucs_16k/metaData_fma_large/row52126.csv
SKIPPING: metaTables/vocal_music_demucs_16k/metaData_fma_large/row52127.csv
SKIPPING: metaTables/vocal_music_demucs_16k/metaData_fma_large/row52128.csv
SKIPPING: metaTables/vocal_music_demucs_16k/metaData_fma_large/row52129.csv
SKIPPING: metaTables/vocal_music_demucs_16k/metaData_fma_large/row52130.csv
SKIPPING: metaTables/vocal_music_demucs_16k/metaData_fma_large/row52131.csv
SKIPPING: metaTables/vocal_music_demucs_16k/metaData_fma_large/row52132.csv
SKIPPING: metaTables/vocal_music_demucs_16k/metaData_fma_large/row52133.csv
SKIPPING: metaTables/vocal_music_demucs_16k/metaData_fma_large/row52134.csv
SKIPPING: metaTables/vocal_music_demucs_16k/metaData_fma_large/row52135.csv
SKIPPING: metaTables/vocal_music_demucs_16k/metaData_fma_large/row52136.csv
SKIPPING: metaTables/vocal_music_demucs_16k/metaData_fma_large/row52137.csv
SKIPPING: metaTables/vocal_music_demucs_16k/metaData_fma_large/row52138.csv
SKIPPING: metaTables/vocal_music_demucs_16k/metaData_fma_large/row52139.csv
SKIPPING: metaTables/vocal_music_demucs_16k/metaData_fma_large/row52140.csv
SKIPPING: metaTables/vocal_music_demucs_16k/metaData_fma_large/row52141.csv
SKIPPING: metaTables/vocal_music_demucs_16k/metaData_fma_large/row52142.csv
SKIPPING: metaTables/vocal_music_demucs_16k/metaData_fma_large/row52143.csv
SKIPPING: metaTables/vocal_music_demucs_16k/metaData_fma_large/row52144.csv
SKIPPING: metaTables/vocal_music_demucs_16k/metaData_fma_large/row52145.csv
SKIPPING: metaTables/vocal_music_demucs_16k/metaData_fma_large/row52146.csv
SKIPPING: metaTables/vocal_music_demucs_16k/metaData_fma_large/row52147.csv
SKIPPING: metaTables/vocal_music_demucs_16k/metaData_fma_large/row52148.csv
SKIPPING: metaTables/vocal_music_demucs_16k/metaData_fma_large/row52149.csv
SKIPPING: metaTables/vocal_music_demucs_16k/metaData_fma_large/row52150.csv
SKIPPING: metaTables/vocal_music_demucs_16k/metaData_fma_large/row52151.csv
SKIPPING: metaTables/vocal_music_demucs_16k/metaData_fma_large/row52152.csv
SKIPPING: metaTables/vocal_music_demucs_16k/metaData_fma_large/row52153.csv
SKIPPING: metaTables/vocal_music_demucs_16k/metaData_fma_large/row52154.csv
SKIPPING: metaTables/vocal_music_demucs_16k/metaData_fma_large/row52155.csv
SKIPPING: metaTables/vocal_music_demucs_16k/metaData_fma_large/row52156.csv
SKIPPING: metaTables/vocal_music_demucs_16k/metaData_fma_large/row52157.csv
SKIPPING: metaTables/vocal_music_demucs_16k/metaData_fma_large/row52158.csv
SKIPPING: metaTables/vocal_music_demucs_16k/metaData_fma_large/row52159.csv
SKIPPING: metaTables/vocal_music_demucs_16k/metaData_fma_large/row52160.csv
SKIPPING: metaTables/vocal_music_demucs_16k/metaData_fma_large/row52161.csv
SKIPPING: metaTables/vocal_music_demucs_16k/metaData_fma_large/row52162.csv
SKIPPING: metaTables/vocal_music_demucs_16k/metaData_fma_large/row52163.csv
SKIPPING: metaTables/vocal_music_demucs_16k/metaData_fma_large/row52164.csv
SKIPPING: metaTables/vocal_music_demucs_16k/metaData_fma_large/row52165.csv
SKIPPING: metaTables/vocal_music_demucs_16k/metaData_fma_large/row52166.csv
SKIPPING: metaTables/vocal_music_demucs_16k/metaData_fma_large/row52167.csv
SKIPPING: metaTables/vocal_music_demucs_16k/metaData_fma_large/row52168.csv
SKIPPING: metaTables/vocal_music_demucs_16k/metaData_fma_large/row52169.csv
SKIPPING: metaTables/vocal_music_demucs_16k/metaData_fma_large/row52170.csv
SKIPPING: metaTables/vocal_music_demucs_16k/metaData_fma_large/row52171.csv
SKIPPING: metaTables/vocal_music_demucs_16k/metaData_fma_large/row52172.csv
SKIPPING: metaTables/vocal_music_demucs_16k/metaData_fma_large/row52173.csv
SKIPPING: metaTables/vocal_music_demucs_16k/metaData_fma_large/row52174.csv
SKIPPING: metaTables/vocal_music_demucs_16k/metaData_fma_large/row52175.csv
SKIPPING: metaTables/vocal_music_demucs_16k/metaData_fma_large/row52176.csv
SKIPPING: metaTables/vocal_music_demucs_16k/metaData_fma_large/row52177.csv
SKIPPING: metaTables/vocal_music_demucs_16k/metaData_fma_large/row52178.csv
SKIPPING: metaTables/vocal_music_demucs_16k/metaData_fma_large/row52179.csv
SKIPPING: metaTables/vocal_music_demucs_16k/metaData_fma_large/row52180.csv
SKIPPING: metaTables/vocal_music_demucs_16k/metaData_fma_large/row52181.csv
SKIPPING: metaTables/vocal_music_demucs_16k/metaData_fma_large/row52182.csv
SKIPPING: metaTables/vocal_music_demucs_16k/metaData_fma_large/row52183.csv
SKIPPING: metaTables/vocal_music_demucs_16k/metaData_fma_large/row52184.csv
SKIPPING: metaTables/vocal_music_demucs_16k/metaData_fma_large/row52185.csv
SKIPPING: metaTables/vocal_music_demucs_16k/metaData_fma_large/row52186.csv
SKIPPING: metaTables/vocal_music_demucs_16k/metaData_fma_large/row52187.csv
SKIPPING: metaTables/vocal_music_demucs_16k/metaData_fma_large/row52188.csv
SKIPPING: metaTables/vocal_music_demucs_16k/metaData_fma_large/row52189.csv
SKIPPING: metaTables/vocal_music_demucs_16k/metaData_fma_large/row52190.csv
SKIPPING: metaTables/vocal_music_demucs_16k/metaData_fma_large/row52191.csv
SKIPPING: metaTables/vocal_music_demucs_16k/metaData_fma_large/row52192.csv
SKIPPING: metaTables/vocal_music_demucs_16k/metaData_fma_large/row52193.csv
SKIPPING: metaTables/vocal_music_demucs_16k/metaData_fma_large/row52194.csv
SKIPPING: metaTables/vocal_music_demucs_16k/metaData_fma_large/row52195.csv
SKIPPING: metaTables/vocal_music_demucs_16k/metaData_fma_large/row52196.csv
SKIPPING: metaTables/vocal_music_demucs_16k/metaData_fma_large/row52197.csv
SKIPPING: metaTables/vocal_music_demucs_16k/metaData_fma_large/row52198.csv
SKIPPING: metaTables/vocal_music_demucs_16k/metaData_fma_large/row52199.csv
Demucs voice recognition done!
