/ext3/demucs/lib/python3.9/site-packages/demucs/api.py:27: UserWarning: TorchAudio's global backend is now deprecated. Please enable distpatcher by setting `TORCHAUDIO_USE_BACKEND_DISPATCHER=1`, and specify backend when calling load/info/save function.
  import torchaudio as ta
2024-05-09 09:20:47.875759: I tensorflow/core/util/port.cc:113] oneDNN custom operations are on. You may see slightly different numerical results due to floating-point round-off errors from different computation orders. To turn them off, set the environment variable `TF_ENABLE_ONEDNN_OPTS=0`.
2024-05-09 09:20:51.185471: E external/local_xla/xla/stream_executor/cuda/cuda_dnn.cc:9261] Unable to register cuDNN factory: Attempting to register factory for plugin cuDNN when one has already been registered
2024-05-09 09:20:51.185510: E external/local_xla/xla/stream_executor/cuda/cuda_fft.cc:607] Unable to register cuFFT factory: Attempting to register factory for plugin cuFFT when one has already been registered
2024-05-09 09:20:51.285307: E external/local_xla/xla/stream_executor/cuda/cuda_blas.cc:1515] Unable to register cuBLAS factory: Attempting to register factory for plugin cuBLAS when one has already been registered
2024-05-09 09:20:51.653489: I tensorflow/core/platform/cpu_feature_guard.cc:182] This TensorFlow binary is optimized to use available CPU instructions in performance-critical operations.
To enable the following instructions: AVX2 AVX512F AVX512_VNNI FMA, in other operations, rebuild TensorFlow with the appropriate compiler flags.
2024-05-09 09:20:54.558974: W tensorflow/compiler/tf2tensorrt/utils/py_utils.cc:38] TF-TRT Warning: Could not find TensorRT
SKIPPING: metaTables/vocal_music_demucs_16k/metaData_fma_large/row23500.csv
SKIPPING: metaTables/vocal_music_demucs_16k/metaData_fma_large/row23501.csv
SKIPPING: metaTables/vocal_music_demucs_16k/metaData_fma_large/row23502.csv
SKIPPING: metaTables/vocal_music_demucs_16k/metaData_fma_large/row23503.csv
SKIPPING: metaTables/vocal_music_demucs_16k/metaData_fma_large/row23504.csv
SKIPPING: metaTables/vocal_music_demucs_16k/metaData_fma_large/row23505.csv
SKIPPING: metaTables/vocal_music_demucs_16k/metaData_fma_large/row23506.csv
SKIPPING: metaTables/vocal_music_demucs_16k/metaData_fma_large/row23507.csv
SKIPPING: metaTables/vocal_music_demucs_16k/metaData_fma_large/row23508.csv
SKIPPING: metaTables/vocal_music_demucs_16k/metaData_fma_large/row23509.csv
SKIPPING: metaTables/vocal_music_demucs_16k/metaData_fma_large/row23510.csv
SKIPPING: metaTables/vocal_music_demucs_16k/metaData_fma_large/row23511.csv
SKIPPING: metaTables/vocal_music_demucs_16k/metaData_fma_large/row23512.csv
SKIPPING: metaTables/vocal_music_demucs_16k/metaData_fma_large/row23513.csv
SKIPPING: metaTables/vocal_music_demucs_16k/metaData_fma_large/row23514.csv
SKIPPING: metaTables/vocal_music_demucs_16k/metaData_fma_large/row23515.csv
SKIPPING: metaTables/vocal_music_demucs_16k/metaData_fma_large/row23516.csv
SKIPPING: metaTables/vocal_music_demucs_16k/metaData_fma_large/row23517.csv
SKIPPING: metaTables/vocal_music_demucs_16k/metaData_fma_large/row23518.csv
SKIPPING: metaTables/vocal_music_demucs_16k/metaData_fma_large/row23519.csv
SKIPPING: metaTables/vocal_music_demucs_16k/metaData_fma_large/row23520.csv
SKIPPING: metaTables/vocal_music_demucs_16k/metaData_fma_large/row23521.csv
SKIPPING: metaTables/vocal_music_demucs_16k/metaData_fma_large/row23522.csv
SKIPPING: metaTables/vocal_music_demucs_16k/metaData_fma_large/row23523.csv
SKIPPING: metaTables/vocal_music_demucs_16k/metaData_fma_large/row23524.csv
SKIPPING: metaTables/vocal_music_demucs_16k/metaData_fma_large/row23525.csv
SKIPPING: metaTables/vocal_music_demucs_16k/metaData_fma_large/row23526.csv
SKIPPING: metaTables/vocal_music_demucs_16k/metaData_fma_large/row23527.csv
SKIPPING: metaTables/vocal_music_demucs_16k/metaData_fma_large/row23528.csv
SKIPPING: metaTables/vocal_music_demucs_16k/metaData_fma_large/row23529.csv
SKIPPING: metaTables/vocal_music_demucs_16k/metaData_fma_large/row23530.csv
SKIPPING: metaTables/vocal_music_demucs_16k/metaData_fma_large/row23531.csv
SKIPPING: metaTables/vocal_music_demucs_16k/metaData_fma_large/row23532.csv
SKIPPING: metaTables/vocal_music_demucs_16k/metaData_fma_large/row23533.csv
SKIPPING: metaTables/vocal_music_demucs_16k/metaData_fma_large/row23534.csv
SKIPPING: metaTables/vocal_music_demucs_16k/metaData_fma_large/row23535.csv
SKIPPING: metaTables/vocal_music_demucs_16k/metaData_fma_large/row23536.csv
SKIPPING: metaTables/vocal_music_demucs_16k/metaData_fma_large/row23537.csv
SKIPPING: metaTables/vocal_music_demucs_16k/metaData_fma_large/row23538.csv
SKIPPING: metaTables/vocal_music_demucs_16k/metaData_fma_large/row23539.csv
SKIPPING: metaTables/vocal_music_demucs_16k/metaData_fma_large/row23540.csv
SKIPPING: metaTables/vocal_music_demucs_16k/metaData_fma_large/row23541.csv
SKIPPING: metaTables/vocal_music_demucs_16k/metaData_fma_large/row23542.csv
SKIPPING: metaTables/vocal_music_demucs_16k/metaData_fma_large/row23543.csv
SKIPPING: metaTables/vocal_music_demucs_16k/metaData_fma_large/row23544.csv
SKIPPING: metaTables/vocal_music_demucs_16k/metaData_fma_large/row23545.csv
SKIPPING: metaTables/vocal_music_demucs_16k/metaData_fma_large/row23546.csv
SKIPPING: metaTables/vocal_music_demucs_16k/metaData_fma_large/row23547.csv
SKIPPING: metaTables/vocal_music_demucs_16k/metaData_fma_large/row23548.csv
SKIPPING: metaTables/vocal_music_demucs_16k/metaData_fma_large/row23549.csv
SKIPPING: metaTables/vocal_music_demucs_16k/metaData_fma_large/row23550.csv
SKIPPING: metaTables/vocal_music_demucs_16k/metaData_fma_large/row23551.csv
SKIPPING: metaTables/vocal_music_demucs_16k/metaData_fma_large/row23552.csv
SKIPPING: metaTables/vocal_music_demucs_16k/metaData_fma_large/row23553.csv
SKIPPING: metaTables/vocal_music_demucs_16k/metaData_fma_large/row23554.csv
SKIPPING: metaTables/vocal_music_demucs_16k/metaData_fma_large/row23555.csv
SKIPPING: metaTables/vocal_music_demucs_16k/metaData_fma_large/row23556.csv
SKIPPING: metaTables/vocal_music_demucs_16k/metaData_fma_large/row23557.csv
SKIPPING: metaTables/vocal_music_demucs_16k/metaData_fma_large/row23558.csv
SKIPPING: metaTables/vocal_music_demucs_16k/metaData_fma_large/row23559.csv
SKIPPING: metaTables/vocal_music_demucs_16k/metaData_fma_large/row23560.csv
SKIPPING: metaTables/vocal_music_demucs_16k/metaData_fma_large/row23561.csv
SKIPPING: metaTables/vocal_music_demucs_16k/metaData_fma_large/row23562.csv
SKIPPING: metaTables/vocal_music_demucs_16k/metaData_fma_large/row23563.csv
SKIPPING: metaTables/vocal_music_demucs_16k/metaData_fma_large/row23564.csv
SKIPPING: metaTables/vocal_music_demucs_16k/metaData_fma_large/row23565.csv
SKIPPING: metaTables/vocal_music_demucs_16k/metaData_fma_large/row23566.csv
SKIPPING: metaTables/vocal_music_demucs_16k/metaData_fma_large/row23567.csv
SKIPPING: metaTables/vocal_music_demucs_16k/metaData_fma_large/row23568.csv
SKIPPING: metaTables/vocal_music_demucs_16k/metaData_fma_large/row23569.csv
SKIPPING: metaTables/vocal_music_demucs_16k/metaData_fma_large/row23570.csv
SKIPPING: metaTables/vocal_music_demucs_16k/metaData_fma_large/row23571.csv
SKIPPING: metaTables/vocal_music_demucs_16k/metaData_fma_large/row23572.csv
SKIPPING: metaTables/vocal_music_demucs_16k/metaData_fma_large/row23573.csv
SKIPPING: metaTables/vocal_music_demucs_16k/metaData_fma_large/row23574.csv
SKIPPING: metaTables/vocal_music_demucs_16k/metaData_fma_large/row23575.csv
SKIPPING: metaTables/vocal_music_demucs_16k/metaData_fma_large/row23576.csv
SKIPPING: metaTables/vocal_music_demucs_16k/metaData_fma_large/row23577.csv
SKIPPING: metaTables/vocal_music_demucs_16k/metaData_fma_large/row23578.csv
SKIPPING: metaTables/vocal_music_demucs_16k/metaData_fma_large/row23579.csv
SKIPPING: metaTables/vocal_music_demucs_16k/metaData_fma_large/row23580.csv
SKIPPING: metaTables/vocal_music_demucs_16k/metaData_fma_large/row23581.csv
SKIPPING: metaTables/vocal_music_demucs_16k/metaData_fma_large/row23582.csv
SKIPPING: metaTables/vocal_music_demucs_16k/metaData_fma_large/row23583.csv
SKIPPING: metaTables/vocal_music_demucs_16k/metaData_fma_large/row23584.csv
SKIPPING: metaTables/vocal_music_demucs_16k/metaData_fma_large/row23585.csv
SKIPPING: metaTables/vocal_music_demucs_16k/metaData_fma_large/row23586.csv
SKIPPING: metaTables/vocal_music_demucs_16k/metaData_fma_large/row23587.csv
SKIPPING: metaTables/vocal_music_demucs_16k/metaData_fma_large/row23588.csv
SKIPPING: metaTables/vocal_music_demucs_16k/metaData_fma_large/row23589.csv
SKIPPING: metaTables/vocal_music_demucs_16k/metaData_fma_large/row23590.csv
SKIPPING: metaTables/vocal_music_demucs_16k/metaData_fma_large/row23591.csv
SKIPPING: metaTables/vocal_music_demucs_16k/metaData_fma_large/row23592.csv
SKIPPING: metaTables/vocal_music_demucs_16k/metaData_fma_large/row23593.csv
SKIPPING: metaTables/vocal_music_demucs_16k/metaData_fma_large/row23594.csv
SKIPPING: metaTables/vocal_music_demucs_16k/metaData_fma_large/row23595.csv
SKIPPING: metaTables/vocal_music_demucs_16k/metaData_fma_large/row23596.csv
SKIPPING: metaTables/vocal_music_demucs_16k/metaData_fma_large/row23597.csv
SKIPPING: metaTables/vocal_music_demucs_16k/metaData_fma_large/row23598.csv
SKIPPING: metaTables/vocal_music_demucs_16k/metaData_fma_large/row23599.csv
Demucs voice recognition done!
