/ext3/demucs/lib/python3.9/site-packages/demucs/api.py:27: UserWarning: TorchAudio's global backend is now deprecated. Please enable distpatcher by setting `TORCHAUDIO_USE_BACKEND_DISPATCHER=1`, and specify backend when calling load/info/save function.
  import torchaudio as ta
2024-05-10 11:33:29.048277: I tensorflow/core/util/port.cc:113] oneDNN custom operations are on. You may see slightly different numerical results due to floating-point round-off errors from different computation orders. To turn them off, set the environment variable `TF_ENABLE_ONEDNN_OPTS=0`.
2024-05-10 11:33:30.430555: E external/local_xla/xla/stream_executor/cuda/cuda_dnn.cc:9261] Unable to register cuDNN factory: Attempting to register factory for plugin cuDNN when one has already been registered
2024-05-10 11:33:30.430597: E external/local_xla/xla/stream_executor/cuda/cuda_fft.cc:607] Unable to register cuFFT factory: Attempting to register factory for plugin cuFFT when one has already been registered
2024-05-10 11:33:30.615642: E external/local_xla/xla/stream_executor/cuda/cuda_blas.cc:1515] Unable to register cuBLAS factory: Attempting to register factory for plugin cuBLAS when one has already been registered
2024-05-10 11:33:30.767839: I tensorflow/core/platform/cpu_feature_guard.cc:182] This TensorFlow binary is optimized to use available CPU instructions in performance-critical operations.
To enable the following instructions: AVX2 AVX512F AVX512_VNNI FMA, in other operations, rebuild TensorFlow with the appropriate compiler flags.
2024-05-10 11:33:32.432492: W tensorflow/compiler/tf2tensorrt/utils/py_utils.cc:38] TF-TRT Warning: Could not find TensorRT
Execution time: 29.763506412506104 seconds
metaTables/vocal_music_demucs_16k/metaData_fma_large/row43600.csv
Execution time: 27.782747507095337 seconds
metaTables/vocal_music_demucs_16k/metaData_fma_large/row43601.csv
Execution time: 26.576013326644897 seconds
metaTables/vocal_music_demucs_16k/metaData_fma_large/row43602.csv
Execution time: 26.35719394683838 seconds
metaTables/vocal_music_demucs_16k/metaData_fma_large/row43603.csv
Execution time: 27.16131353378296 seconds
metaTables/vocal_music_demucs_16k/metaData_fma_large/row43604.csv
Execution time: 27.68864107131958 seconds
metaTables/vocal_music_demucs_16k/metaData_fma_large/row43605.csv
Execution time: 26.69657802581787 seconds
metaTables/vocal_music_demucs_16k/metaData_fma_large/row43606.csv
Execution time: 26.830297470092773 seconds
metaTables/vocal_music_demucs_16k/metaData_fma_large/row43607.csv
Execution time: 25.92413353919983 seconds
metaTables/vocal_music_demucs_16k/metaData_fma_large/row43608.csv
Execution time: 27.478408098220825 seconds
metaTables/vocal_music_demucs_16k/metaData_fma_large/row43609.csv
Execution time: 26.817602157592773 seconds
metaTables/vocal_music_demucs_16k/metaData_fma_large/row43610.csv
Execution time: 26.592487335205078 seconds
metaTables/vocal_music_demucs_16k/metaData_fma_large/row43611.csv
Execution time: 27.15783929824829 seconds
metaTables/vocal_music_demucs_16k/metaData_fma_large/row43612.csv
Execution time: 27.031660795211792 seconds
metaTables/vocal_music_demucs_16k/metaData_fma_large/row43613.csv
Execution time: 27.502458095550537 seconds
metaTables/vocal_music_demucs_16k/metaData_fma_large/row43614.csv
Execution time: 26.33040714263916 seconds
metaTables/vocal_music_demucs_16k/metaData_fma_large/row43615.csv
Execution time: 27.350146055221558 seconds
metaTables/vocal_music_demucs_16k/metaData_fma_large/row43616.csv
Execution time: 26.48566436767578 seconds
metaTables/vocal_music_demucs_16k/metaData_fma_large/row43617.csv
Execution time: 26.57786512374878 seconds
metaTables/vocal_music_demucs_16k/metaData_fma_large/row43618.csv
Execution time: 27.265961170196533 seconds
metaTables/vocal_music_demucs_16k/metaData_fma_large/row43619.csv
Execution time: 27.06707525253296 seconds
metaTables/vocal_music_demucs_16k/metaData_fma_large/row43620.csv
Execution time: 27.044814348220825 seconds
metaTables/vocal_music_demucs_16k/metaData_fma_large/row43621.csv
Execution time: 29.237098217010498 seconds
metaTables/vocal_music_demucs_16k/metaData_fma_large/row43622.csv
Execution time: 27.25166893005371 seconds
metaTables/vocal_music_demucs_16k/metaData_fma_large/row43623.csv
Execution time: 26.290525436401367 seconds
metaTables/vocal_music_demucs_16k/metaData_fma_large/row43624.csv
Execution time: 26.92553973197937 seconds
metaTables/vocal_music_demucs_16k/metaData_fma_large/row43625.csv
Execution time: 27.243305683135986 seconds
metaTables/vocal_music_demucs_16k/metaData_fma_large/row43626.csv
Execution time: 26.423425912857056 seconds
metaTables/vocal_music_demucs_16k/metaData_fma_large/row43627.csv
Execution time: 27.621296167373657 seconds
metaTables/vocal_music_demucs_16k/metaData_fma_large/row43628.csv
Execution time: 26.89030885696411 seconds
metaTables/vocal_music_demucs_16k/metaData_fma_large/row43629.csv
Execution time: 27.17384696006775 seconds
metaTables/vocal_music_demucs_16k/metaData_fma_large/row43630.csv
Execution time: 26.424975395202637 seconds
metaTables/vocal_music_demucs_16k/metaData_fma_large/row43631.csv
Execution time: 26.985285997390747 seconds
metaTables/vocal_music_demucs_16k/metaData_fma_large/row43632.csv
Execution time: 26.56685972213745 seconds
metaTables/vocal_music_demucs_16k/metaData_fma_large/row43633.csv
Execution time: 26.845324277877808 seconds
metaTables/vocal_music_demucs_16k/metaData_fma_large/row43634.csv
Execution time: 26.233233213424683 seconds
metaTables/vocal_music_demucs_16k/metaData_fma_large/row43635.csv
Execution time: 27.01351761817932 seconds
metaTables/vocal_music_demucs_16k/metaData_fma_large/row43636.csv
Execution time: 26.008007049560547 seconds
metaTables/vocal_music_demucs_16k/metaData_fma_large/row43637.csv
Execution time: 27.36585235595703 seconds
metaTables/vocal_music_demucs_16k/metaData_fma_large/row43638.csv
Execution time: 26.571985483169556 seconds
metaTables/vocal_music_demucs_16k/metaData_fma_large/row43639.csv
Execution time: 26.459807872772217 seconds
metaTables/vocal_music_demucs_16k/metaData_fma_large/row43640.csv
Execution time: 26.695413827896118 seconds
metaTables/vocal_music_demucs_16k/metaData_fma_large/row43641.csv
Execution time: 27.37337064743042 seconds
metaTables/vocal_music_demucs_16k/metaData_fma_large/row43642.csv
Execution time: 27.047621488571167 seconds
metaTables/vocal_music_demucs_16k/metaData_fma_large/row43643.csv
Execution time: 27.27806782722473 seconds
metaTables/vocal_music_demucs_16k/metaData_fma_large/row43644.csv
Execution time: 26.48581862449646 seconds
metaTables/vocal_music_demucs_16k/metaData_fma_large/row43645.csv
Execution time: 26.766316652297974 seconds
metaTables/vocal_music_demucs_16k/metaData_fma_large/row43646.csv
Execution time: 26.571053743362427 seconds
metaTables/vocal_music_demucs_16k/metaData_fma_large/row43647.csv
Execution time: 27.07887887954712 seconds
metaTables/vocal_music_demucs_16k/metaData_fma_large/row43648.csv
Execution time: 26.755985021591187 seconds
metaTables/vocal_music_demucs_16k/metaData_fma_large/row43649.csv
Execution time: 27.335360765457153 seconds
metaTables/vocal_music_demucs_16k/metaData_fma_large/row43650.csv
Execution time: 26.82381296157837 seconds
metaTables/vocal_music_demucs_16k/metaData_fma_large/row43651.csv
Execution time: 17.99561071395874 seconds
metaTables/vocal_music_demucs_16k/metaData_fma_large/row43652.csv
Execution time: 26.304275274276733 seconds
metaTables/vocal_music_demucs_16k/metaData_fma_large/row43653.csv
Execution time: 27.013972520828247 seconds
metaTables/vocal_music_demucs_16k/metaData_fma_large/row43654.csv
Execution time: 28.053698539733887 seconds
metaTables/vocal_music_demucs_16k/metaData_fma_large/row43655.csv
Execution time: 26.7105393409729 seconds
metaTables/vocal_music_demucs_16k/metaData_fma_large/row43656.csv
Execution time: 26.79873538017273 seconds
metaTables/vocal_music_demucs_16k/metaData_fma_large/row43657.csv
Execution time: 18.064762830734253 seconds
metaTables/vocal_music_demucs_16k/metaData_fma_large/row43658.csv
Execution time: 28.200645446777344 seconds
metaTables/vocal_music_demucs_16k/metaData_fma_large/row43659.csv
Execution time: 26.820899724960327 seconds
metaTables/vocal_music_demucs_16k/metaData_fma_large/row43660.csv
Execution time: 27.196420669555664 seconds
metaTables/vocal_music_demucs_16k/metaData_fma_large/row43661.csv
Execution time: 26.450220346450806 seconds
metaTables/vocal_music_demucs_16k/metaData_fma_large/row43662.csv
Execution time: 26.135610342025757 seconds
metaTables/vocal_music_demucs_16k/metaData_fma_large/row43663.csv
Execution time: 25.81635308265686 seconds
metaTables/vocal_music_demucs_16k/metaData_fma_large/row43664.csv
Execution time: 28.37132716178894 seconds
metaTables/vocal_music_demucs_16k/metaData_fma_large/row43665.csv
Execution time: 29.505096673965454 seconds
metaTables/vocal_music_demucs_16k/metaData_fma_large/row43666.csv
Execution time: 28.30890941619873 seconds
metaTables/vocal_music_demucs_16k/metaData_fma_large/row43667.csv
Execution time: 27.707817316055298 seconds
metaTables/vocal_music_demucs_16k/metaData_fma_large/row43668.csv
Execution time: 26.38359808921814 seconds
metaTables/vocal_music_demucs_16k/metaData_fma_large/row43669.csv
Execution time: 27.080593585968018 seconds
metaTables/vocal_music_demucs_16k/metaData_fma_large/row43670.csv
Execution time: 26.743483304977417 seconds
metaTables/vocal_music_demucs_16k/metaData_fma_large/row43671.csv
Execution time: 26.65661931037903 seconds
metaTables/vocal_music_demucs_16k/metaData_fma_large/row43672.csv
Execution time: 26.627554655075073 seconds
metaTables/vocal_music_demucs_16k/metaData_fma_large/row43673.csv
Execution time: 25.68138074874878 seconds
metaTables/vocal_music_demucs_16k/metaData_fma_large/row43674.csv
Execution time: 26.7911217212677 seconds
metaTables/vocal_music_demucs_16k/metaData_fma_large/row43675.csv
Execution time: 26.575557231903076 seconds
metaTables/vocal_music_demucs_16k/metaData_fma_large/row43676.csv
Execution time: 27.118877410888672 seconds
metaTables/vocal_music_demucs_16k/metaData_fma_large/row43677.csv
Execution time: 27.06798553466797 seconds
metaTables/vocal_music_demucs_16k/metaData_fma_large/row43678.csv
Execution time: 27.740731477737427 seconds
metaTables/vocal_music_demucs_16k/metaData_fma_large/row43679.csv
Execution time: 26.588687658309937 seconds
metaTables/vocal_music_demucs_16k/metaData_fma_large/row43680.csv
Execution time: 27.321719884872437 seconds
metaTables/vocal_music_demucs_16k/metaData_fma_large/row43681.csv
Execution time: 27.074666738510132 seconds
metaTables/vocal_music_demucs_16k/metaData_fma_large/row43682.csv
Execution time: 26.349894762039185 seconds
metaTables/vocal_music_demucs_16k/metaData_fma_large/row43683.csv
Execution time: 27.502662420272827 seconds
metaTables/vocal_music_demucs_16k/metaData_fma_large/row43684.csv
Execution time: 26.59634566307068 seconds
metaTables/vocal_music_demucs_16k/metaData_fma_large/row43685.csv
Execution time: 27.537731647491455 seconds
metaTables/vocal_music_demucs_16k/metaData_fma_large/row43686.csv
Execution time: 26.84660005569458 seconds
metaTables/vocal_music_demucs_16k/metaData_fma_large/row43687.csv
Execution time: 27.19129467010498 seconds
metaTables/vocal_music_demucs_16k/metaData_fma_large/row43688.csv
Execution time: 26.665327310562134 seconds
metaTables/vocal_music_demucs_16k/metaData_fma_large/row43689.csv
Execution time: 26.52341365814209 seconds
metaTables/vocal_music_demucs_16k/metaData_fma_large/row43690.csv
Execution time: 26.253585815429688 seconds
metaTables/vocal_music_demucs_16k/metaData_fma_large/row43691.csv
Execution time: 26.533778429031372 seconds
metaTables/vocal_music_demucs_16k/metaData_fma_large/row43692.csv
Execution time: 26.64637565612793 seconds
metaTables/vocal_music_demucs_16k/metaData_fma_large/row43693.csv
Execution time: 23.234697341918945 seconds
metaTables/vocal_music_demucs_16k/metaData_fma_large/row43694.csv
Execution time: 26.619499444961548 seconds
metaTables/vocal_music_demucs_16k/metaData_fma_large/row43695.csv
Execution time: 27.342007160186768 seconds
metaTables/vocal_music_demucs_16k/metaData_fma_large/row43696.csv
Execution time: 26.67999267578125 seconds
metaTables/vocal_music_demucs_16k/metaData_fma_large/row43697.csv
Execution time: 27.509855270385742 seconds
metaTables/vocal_music_demucs_16k/metaData_fma_large/row43698.csv
Execution time: 26.371891736984253 seconds
metaTables/vocal_music_demucs_16k/metaData_fma_large/row43699.csv
Demucs voice recognition done!
