/ext3/demucs/lib/python3.9/site-packages/demucs/api.py:27: UserWarning: TorchAudio's global backend is now deprecated. Please enable distpatcher by setting `TORCHAUDIO_USE_BACKEND_DISPATCHER=1`, and specify backend when calling load/info/save function.
  import torchaudio as ta
2024-05-08 23:36:03.823749: I tensorflow/core/util/port.cc:113] oneDNN custom operations are on. You may see slightly different numerical results due to floating-point round-off errors from different computation orders. To turn them off, set the environment variable `TF_ENABLE_ONEDNN_OPTS=0`.
2024-05-08 23:36:08.283163: E external/local_xla/xla/stream_executor/cuda/cuda_dnn.cc:9261] Unable to register cuDNN factory: Attempting to register factory for plugin cuDNN when one has already been registered
2024-05-08 23:36:08.283204: E external/local_xla/xla/stream_executor/cuda/cuda_fft.cc:607] Unable to register cuFFT factory: Attempting to register factory for plugin cuFFT when one has already been registered
2024-05-08 23:36:08.568339: E external/local_xla/xla/stream_executor/cuda/cuda_blas.cc:1515] Unable to register cuBLAS factory: Attempting to register factory for plugin cuBLAS when one has already been registered
2024-05-08 23:36:09.052752: I tensorflow/core/platform/cpu_feature_guard.cc:182] This TensorFlow binary is optimized to use available CPU instructions in performance-critical operations.
To enable the following instructions: AVX2 AVX512F AVX512_VNNI FMA, in other operations, rebuild TensorFlow with the appropriate compiler flags.
2024-05-08 23:36:12.519565: W tensorflow/compiler/tf2tensorrt/utils/py_utils.cc:38] TF-TRT Warning: Could not find TensorRT
Execution time: 27.830734252929688 seconds
metaTables/vocal_music_demucs_16k/metaData_fma_large/row12900.csv
Execution time: 24.73171067237854 seconds
metaTables/vocal_music_demucs_16k/metaData_fma_large/row12901.csv
Execution time: 24.292280197143555 seconds
metaTables/vocal_music_demucs_16k/metaData_fma_large/row12902.csv
Execution time: 24.207568645477295 seconds
metaTables/vocal_music_demucs_16k/metaData_fma_large/row12903.csv
Execution time: 25.215819835662842 seconds
metaTables/vocal_music_demucs_16k/metaData_fma_large/row12904.csv
Execution time: 25.127000331878662 seconds
metaTables/vocal_music_demucs_16k/metaData_fma_large/row12905.csv
Execution time: 25.776212692260742 seconds
metaTables/vocal_music_demucs_16k/metaData_fma_large/row12906.csv
Execution time: 24.721575498580933 seconds
metaTables/vocal_music_demucs_16k/metaData_fma_large/row12907.csv
Execution time: 24.090312719345093 seconds
metaTables/vocal_music_demucs_16k/metaData_fma_large/row12908.csv
Execution time: 24.20143175125122 seconds
metaTables/vocal_music_demucs_16k/metaData_fma_large/row12909.csv
Execution time: 24.735341548919678 seconds
metaTables/vocal_music_demucs_16k/metaData_fma_large/row12910.csv
Execution time: 25.951380014419556 seconds
metaTables/vocal_music_demucs_16k/metaData_fma_large/row12911.csv
Execution time: 24.679104328155518 seconds
metaTables/vocal_music_demucs_16k/metaData_fma_large/row12912.csv
Execution time: 25.65514588356018 seconds
metaTables/vocal_music_demucs_16k/metaData_fma_large/row12913.csv
Execution time: 24.809402465820312 seconds
metaTables/vocal_music_demucs_16k/metaData_fma_large/row12914.csv
Execution time: 24.534146308898926 seconds
metaTables/vocal_music_demucs_16k/metaData_fma_large/row12915.csv
Execution time: 24.752376317977905 seconds
metaTables/vocal_music_demucs_16k/metaData_fma_large/row12916.csv
Execution time: 25.015841484069824 seconds
metaTables/vocal_music_demucs_16k/metaData_fma_large/row12917.csv
Execution time: 25.05543613433838 seconds
metaTables/vocal_music_demucs_16k/metaData_fma_large/row12918.csv
Execution time: 24.259692192077637 seconds
metaTables/vocal_music_demucs_16k/metaData_fma_large/row12919.csv
Execution time: 24.37957239151001 seconds
metaTables/vocal_music_demucs_16k/metaData_fma_large/row12920.csv
Execution time: 24.653866291046143 seconds
metaTables/vocal_music_demucs_16k/metaData_fma_large/row12921.csv
Execution time: 24.66055727005005 seconds
metaTables/vocal_music_demucs_16k/metaData_fma_large/row12922.csv
Execution time: 26.70758032798767 seconds
metaTables/vocal_music_demucs_16k/metaData_fma_large/row12923.csv
Execution time: 24.653565406799316 seconds
metaTables/vocal_music_demucs_16k/metaData_fma_large/row12924.csv
Execution time: 24.158705234527588 seconds
metaTables/vocal_music_demucs_16k/metaData_fma_large/row12925.csv
Execution time: 25.15724277496338 seconds
metaTables/vocal_music_demucs_16k/metaData_fma_large/row12926.csv
Execution time: 26.150028467178345 seconds
metaTables/vocal_music_demucs_16k/metaData_fma_large/row12927.csv
Execution time: 25.742350578308105 seconds
metaTables/vocal_music_demucs_16k/metaData_fma_large/row12928.csv
Execution time: 25.33701729774475 seconds
metaTables/vocal_music_demucs_16k/metaData_fma_large/row12929.csv
Execution time: 24.559018850326538 seconds
metaTables/vocal_music_demucs_16k/metaData_fma_large/row12930.csv
Execution time: 16.454763889312744 seconds
metaTables/vocal_music_demucs_16k/metaData_fma_large/row12931.csv
Execution time: 24.464832067489624 seconds
metaTables/vocal_music_demucs_16k/metaData_fma_large/row12932.csv
Execution time: 26.053937673568726 seconds
metaTables/vocal_music_demucs_16k/metaData_fma_large/row12933.csv
Execution time: 24.5779287815094 seconds
metaTables/vocal_music_demucs_16k/metaData_fma_large/row12934.csv
Execution time: 24.462467193603516 seconds
metaTables/vocal_music_demucs_16k/metaData_fma_large/row12935.csv
Execution time: 24.841294527053833 seconds
metaTables/vocal_music_demucs_16k/metaData_fma_large/row12936.csv
Execution time: 24.6044282913208 seconds
metaTables/vocal_music_demucs_16k/metaData_fma_large/row12937.csv
Execution time: 25.141642808914185 seconds
metaTables/vocal_music_demucs_16k/metaData_fma_large/row12938.csv
Execution time: 25.128609895706177 seconds
metaTables/vocal_music_demucs_16k/metaData_fma_large/row12939.csv
Execution time: 23.986693143844604 seconds
metaTables/vocal_music_demucs_16k/metaData_fma_large/row12940.csv
Execution time: 26.39907479286194 seconds
metaTables/vocal_music_demucs_16k/metaData_fma_large/row12941.csv
Execution time: 25.35465168952942 seconds
metaTables/vocal_music_demucs_16k/metaData_fma_large/row12942.csv
Execution time: 24.454261541366577 seconds
metaTables/vocal_music_demucs_16k/metaData_fma_large/row12943.csv
Execution time: 25.083107233047485 seconds
metaTables/vocal_music_demucs_16k/metaData_fma_large/row12944.csv
Execution time: 25.506136417388916 seconds
metaTables/vocal_music_demucs_16k/metaData_fma_large/row12945.csv
Execution time: 24.932746171951294 seconds
metaTables/vocal_music_demucs_16k/metaData_fma_large/row12946.csv
Execution time: 25.709320306777954 seconds
metaTables/vocal_music_demucs_16k/metaData_fma_large/row12947.csv
Execution time: 25.82458734512329 seconds
metaTables/vocal_music_demucs_16k/metaData_fma_large/row12948.csv
Execution time: 25.22465467453003 seconds
metaTables/vocal_music_demucs_16k/metaData_fma_large/row12949.csv
Execution time: 24.91843056678772 seconds
metaTables/vocal_music_demucs_16k/metaData_fma_large/row12950.csv
Execution time: 24.173249006271362 seconds
metaTables/vocal_music_demucs_16k/metaData_fma_large/row12951.csv
Execution time: 25.062855005264282 seconds
metaTables/vocal_music_demucs_16k/metaData_fma_large/row12952.csv
Execution time: 23.43402647972107 seconds
metaTables/vocal_music_demucs_16k/metaData_fma_large/row12953.csv
Execution time: 25.24139928817749 seconds
metaTables/vocal_music_demucs_16k/metaData_fma_large/row12954.csv
Execution time: 25.488271951675415 seconds
metaTables/vocal_music_demucs_16k/metaData_fma_large/row12955.csv
Execution time: 24.902063369750977 seconds
metaTables/vocal_music_demucs_16k/metaData_fma_large/row12956.csv
Execution time: 24.138466596603394 seconds
metaTables/vocal_music_demucs_16k/metaData_fma_large/row12957.csv
Execution time: 24.233705759048462 seconds
metaTables/vocal_music_demucs_16k/metaData_fma_large/row12958.csv
Execution time: 24.327181339263916 seconds
metaTables/vocal_music_demucs_16k/metaData_fma_large/row12959.csv
Execution time: 24.274179935455322 seconds
metaTables/vocal_music_demucs_16k/metaData_fma_large/row12960.csv
Execution time: 24.631688117980957 seconds
metaTables/vocal_music_demucs_16k/metaData_fma_large/row12961.csv
Execution time: 24.95312738418579 seconds
metaTables/vocal_music_demucs_16k/metaData_fma_large/row12962.csv
Execution time: 23.96869993209839 seconds
metaTables/vocal_music_demucs_16k/metaData_fma_large/row12963.csv
Execution time: 25.093255519866943 seconds
metaTables/vocal_music_demucs_16k/metaData_fma_large/row12964.csv
Execution time: 25.07557511329651 seconds
metaTables/vocal_music_demucs_16k/metaData_fma_large/row12965.csv
Execution time: 24.861438751220703 seconds
metaTables/vocal_music_demucs_16k/metaData_fma_large/row12966.csv
Execution time: 25.112284421920776 seconds
metaTables/vocal_music_demucs_16k/metaData_fma_large/row12967.csv
Execution time: 25.189168691635132 seconds
metaTables/vocal_music_demucs_16k/metaData_fma_large/row12968.csv
Execution time: 24.860637426376343 seconds
metaTables/vocal_music_demucs_16k/metaData_fma_large/row12969.csv
Execution time: 24.479618787765503 seconds
metaTables/vocal_music_demucs_16k/metaData_fma_large/row12970.csv
Execution time: 24.78375768661499 seconds
metaTables/vocal_music_demucs_16k/metaData_fma_large/row12971.csv
Execution time: 24.96345829963684 seconds
metaTables/vocal_music_demucs_16k/metaData_fma_large/row12972.csv
Execution time: 24.86874747276306 seconds
metaTables/vocal_music_demucs_16k/metaData_fma_large/row12973.csv
Execution time: 24.563521146774292 seconds
metaTables/vocal_music_demucs_16k/metaData_fma_large/row12974.csv
Execution time: 24.153576850891113 seconds
metaTables/vocal_music_demucs_16k/metaData_fma_large/row12975.csv
Execution time: 24.3810818195343 seconds
metaTables/vocal_music_demucs_16k/metaData_fma_large/row12976.csv
Execution time: 24.9288911819458 seconds
metaTables/vocal_music_demucs_16k/metaData_fma_large/row12977.csv
Execution time: 24.559763193130493 seconds
metaTables/vocal_music_demucs_16k/metaData_fma_large/row12978.csv
Execution time: 24.739754676818848 seconds
metaTables/vocal_music_demucs_16k/metaData_fma_large/row12979.csv
Execution time: 25.377171516418457 seconds
metaTables/vocal_music_demucs_16k/metaData_fma_large/row12980.csv
Execution time: 25.89829397201538 seconds
metaTables/vocal_music_demucs_16k/metaData_fma_large/row12981.csv
Execution time: 23.79355478286743 seconds
metaTables/vocal_music_demucs_16k/metaData_fma_large/row12982.csv
Execution time: 23.82591414451599 seconds
metaTables/vocal_music_demucs_16k/metaData_fma_large/row12983.csv
Execution time: 24.648294687271118 seconds
metaTables/vocal_music_demucs_16k/metaData_fma_large/row12984.csv
Execution time: 16.263684034347534 seconds
metaTables/vocal_music_demucs_16k/metaData_fma_large/row12985.csv
Execution time: 24.370049953460693 seconds
metaTables/vocal_music_demucs_16k/metaData_fma_large/row12986.csv
Execution time: 24.515954732894897 seconds
metaTables/vocal_music_demucs_16k/metaData_fma_large/row12987.csv
Execution time: 23.757987022399902 seconds
metaTables/vocal_music_demucs_16k/metaData_fma_large/row12988.csv
Execution time: 24.870578289031982 seconds
metaTables/vocal_music_demucs_16k/metaData_fma_large/row12989.csv
Execution time: 24.783514738082886 seconds
metaTables/vocal_music_demucs_16k/metaData_fma_large/row12990.csv
Execution time: 24.930562019348145 seconds
metaTables/vocal_music_demucs_16k/metaData_fma_large/row12991.csv
Execution time: 24.971630811691284 seconds
metaTables/vocal_music_demucs_16k/metaData_fma_large/row12992.csv
Execution time: 24.20740294456482 seconds
metaTables/vocal_music_demucs_16k/metaData_fma_large/row12993.csv
Execution time: 23.972994804382324 seconds
metaTables/vocal_music_demucs_16k/metaData_fma_large/row12994.csv
Execution time: 24.474836826324463 seconds
metaTables/vocal_music_demucs_16k/metaData_fma_large/row12995.csv
Execution time: 24.85275936126709 seconds
metaTables/vocal_music_demucs_16k/metaData_fma_large/row12996.csv
Execution time: 25.255544662475586 seconds
metaTables/vocal_music_demucs_16k/metaData_fma_large/row12997.csv
Execution time: 24.810946464538574 seconds
metaTables/vocal_music_demucs_16k/metaData_fma_large/row12998.csv
Execution time: 25.124979972839355 seconds
metaTables/vocal_music_demucs_16k/metaData_fma_large/row12999.csv
Demucs voice recognition done!
