/ext3/demucs/lib/python3.9/site-packages/demucs/api.py:27: UserWarning: TorchAudio's global backend is now deprecated. Please enable distpatcher by setting `TORCHAUDIO_USE_BACKEND_DISPATCHER=1`, and specify backend when calling load/info/save function.
  import torchaudio as ta
2024-05-10 11:34:25.343836: I tensorflow/core/util/port.cc:113] oneDNN custom operations are on. You may see slightly different numerical results due to floating-point round-off errors from different computation orders. To turn them off, set the environment variable `TF_ENABLE_ONEDNN_OPTS=0`.
2024-05-10 11:34:26.637592: E external/local_xla/xla/stream_executor/cuda/cuda_dnn.cc:9261] Unable to register cuDNN factory: Attempting to register factory for plugin cuDNN when one has already been registered
2024-05-10 11:34:26.637637: E external/local_xla/xla/stream_executor/cuda/cuda_fft.cc:607] Unable to register cuFFT factory: Attempting to register factory for plugin cuFFT when one has already been registered
2024-05-10 11:34:26.823337: E external/local_xla/xla/stream_executor/cuda/cuda_blas.cc:1515] Unable to register cuBLAS factory: Attempting to register factory for plugin cuBLAS when one has already been registered
2024-05-10 11:34:26.995717: I tensorflow/core/platform/cpu_feature_guard.cc:182] This TensorFlow binary is optimized to use available CPU instructions in performance-critical operations.
To enable the following instructions: AVX2 AVX512F AVX512_VNNI FMA, in other operations, rebuild TensorFlow with the appropriate compiler flags.
2024-05-10 11:34:28.579632: W tensorflow/compiler/tf2tensorrt/utils/py_utils.cc:38] TF-TRT Warning: Could not find TensorRT
Execution time: 27.140093564987183 seconds
metaTables/vocal_music_demucs_16k/metaData_fma_large/row60600.csv
Execution time: 25.58087944984436 seconds
metaTables/vocal_music_demucs_16k/metaData_fma_large/row60601.csv
Execution time: 25.68303108215332 seconds
metaTables/vocal_music_demucs_16k/metaData_fma_large/row60602.csv
Execution time: 25.7073757648468 seconds
metaTables/vocal_music_demucs_16k/metaData_fma_large/row60603.csv
Execution time: 25.912556648254395 seconds
metaTables/vocal_music_demucs_16k/metaData_fma_large/row60604.csv
Execution time: 25.451329231262207 seconds
metaTables/vocal_music_demucs_16k/metaData_fma_large/row60605.csv
Execution time: 25.88352394104004 seconds
metaTables/vocal_music_demucs_16k/metaData_fma_large/row60606.csv
Execution time: 25.523406267166138 seconds
metaTables/vocal_music_demucs_16k/metaData_fma_large/row60607.csv
Execution time: 24.938708543777466 seconds
metaTables/vocal_music_demucs_16k/metaData_fma_large/row60608.csv
Execution time: 24.704352617263794 seconds
metaTables/vocal_music_demucs_16k/metaData_fma_large/row60609.csv
Execution time: 25.33767557144165 seconds
metaTables/vocal_music_demucs_16k/metaData_fma_large/row60610.csv
Execution time: 25.669373750686646 seconds
metaTables/vocal_music_demucs_16k/metaData_fma_large/row60611.csv
Execution time: 25.628429412841797 seconds
metaTables/vocal_music_demucs_16k/metaData_fma_large/row60612.csv
Execution time: 25.286487579345703 seconds
metaTables/vocal_music_demucs_16k/metaData_fma_large/row60613.csv
Execution time: 25.462841033935547 seconds
metaTables/vocal_music_demucs_16k/metaData_fma_large/row60614.csv
Execution time: 25.09656000137329 seconds
metaTables/vocal_music_demucs_16k/metaData_fma_large/row60615.csv
Execution time: 25.86460280418396 seconds
metaTables/vocal_music_demucs_16k/metaData_fma_large/row60616.csv
Execution time: 24.650455236434937 seconds
metaTables/vocal_music_demucs_16k/metaData_fma_large/row60617.csv
Execution time: 25.64598274230957 seconds
metaTables/vocal_music_demucs_16k/metaData_fma_large/row60618.csv
Execution time: 25.737133741378784 seconds
metaTables/vocal_music_demucs_16k/metaData_fma_large/row60619.csv
Execution time: 25.142362117767334 seconds
metaTables/vocal_music_demucs_16k/metaData_fma_large/row60620.csv
Execution time: 25.84853434562683 seconds
metaTables/vocal_music_demucs_16k/metaData_fma_large/row60621.csv
Execution time: 25.116275310516357 seconds
metaTables/vocal_music_demucs_16k/metaData_fma_large/row60622.csv
Execution time: 25.651835680007935 seconds
metaTables/vocal_music_demucs_16k/metaData_fma_large/row60623.csv
Execution time: 24.534505605697632 seconds
metaTables/vocal_music_demucs_16k/metaData_fma_large/row60624.csv
Execution time: 25.563567876815796 seconds
metaTables/vocal_music_demucs_16k/metaData_fma_large/row60625.csv
Execution time: 25.81659460067749 seconds
metaTables/vocal_music_demucs_16k/metaData_fma_large/row60626.csv
Execution time: 25.970842361450195 seconds
metaTables/vocal_music_demucs_16k/metaData_fma_large/row60627.csv
Execution time: 26.17949151992798 seconds
metaTables/vocal_music_demucs_16k/metaData_fma_large/row60628.csv
Execution time: 25.26084589958191 seconds
metaTables/vocal_music_demucs_16k/metaData_fma_large/row60629.csv
Execution time: 25.710099458694458 seconds
metaTables/vocal_music_demucs_16k/metaData_fma_large/row60630.csv
Execution time: 25.597842693328857 seconds
metaTables/vocal_music_demucs_16k/metaData_fma_large/row60631.csv
Execution time: 25.313246726989746 seconds
metaTables/vocal_music_demucs_16k/metaData_fma_large/row60632.csv
Execution time: 24.96631908416748 seconds
metaTables/vocal_music_demucs_16k/metaData_fma_large/row60633.csv
Execution time: 26.17353916168213 seconds
metaTables/vocal_music_demucs_16k/metaData_fma_large/row60634.csv
Execution time: 25.15906310081482 seconds
metaTables/vocal_music_demucs_16k/metaData_fma_large/row60635.csv
Execution time: 25.24849772453308 seconds
metaTables/vocal_music_demucs_16k/metaData_fma_large/row60636.csv
Execution time: 25.208549737930298 seconds
metaTables/vocal_music_demucs_16k/metaData_fma_large/row60637.csv
Execution time: 25.755671739578247 seconds
metaTables/vocal_music_demucs_16k/metaData_fma_large/row60638.csv
Execution time: 26.974218606948853 seconds
metaTables/vocal_music_demucs_16k/metaData_fma_large/row60639.csv
Execution time: 16.6203191280365 seconds
metaTables/vocal_music_demucs_16k/metaData_fma_large/row60640.csv
Execution time: 24.136712312698364 seconds
metaTables/vocal_music_demucs_16k/metaData_fma_large/row60641.csv
Execution time: 24.63649296760559 seconds
metaTables/vocal_music_demucs_16k/metaData_fma_large/row60642.csv
Execution time: 24.80079936981201 seconds
metaTables/vocal_music_demucs_16k/metaData_fma_large/row60643.csv
Execution time: 25.724128246307373 seconds
metaTables/vocal_music_demucs_16k/metaData_fma_large/row60644.csv
Execution time: 25.89381217956543 seconds
metaTables/vocal_music_demucs_16k/metaData_fma_large/row60645.csv
Execution time: 25.228532075881958 seconds
metaTables/vocal_music_demucs_16k/metaData_fma_large/row60646.csv
Execution time: 25.7963809967041 seconds
metaTables/vocal_music_demucs_16k/metaData_fma_large/row60647.csv
Execution time: 25.26004910469055 seconds
metaTables/vocal_music_demucs_16k/metaData_fma_large/row60648.csv
Execution time: 25.957809448242188 seconds
metaTables/vocal_music_demucs_16k/metaData_fma_large/row60649.csv
Execution time: 25.67312455177307 seconds
metaTables/vocal_music_demucs_16k/metaData_fma_large/row60650.csv
Execution time: 24.830896615982056 seconds
metaTables/vocal_music_demucs_16k/metaData_fma_large/row60651.csv
Execution time: 25.943375825881958 seconds
metaTables/vocal_music_demucs_16k/metaData_fma_large/row60652.csv
Execution time: 25.521451234817505 seconds
metaTables/vocal_music_demucs_16k/metaData_fma_large/row60653.csv
Execution time: 26.03603219985962 seconds
metaTables/vocal_music_demucs_16k/metaData_fma_large/row60654.csv
Execution time: 25.62174654006958 seconds
metaTables/vocal_music_demucs_16k/metaData_fma_large/row60655.csv
Execution time: 27.031680583953857 seconds
metaTables/vocal_music_demucs_16k/metaData_fma_large/row60656.csv
Execution time: 25.201143503189087 seconds
metaTables/vocal_music_demucs_16k/metaData_fma_large/row60657.csv
Execution time: 25.289143323898315 seconds
metaTables/vocal_music_demucs_16k/metaData_fma_large/row60658.csv
Execution time: 24.604482650756836 seconds
metaTables/vocal_music_demucs_16k/metaData_fma_large/row60659.csv
Execution time: 24.379531383514404 seconds
metaTables/vocal_music_demucs_16k/metaData_fma_large/row60660.csv
Execution time: 24.25020170211792 seconds
metaTables/vocal_music_demucs_16k/metaData_fma_large/row60661.csv
Execution time: 24.700344562530518 seconds
metaTables/vocal_music_demucs_16k/metaData_fma_large/row60662.csv
Execution time: 25.02105188369751 seconds
metaTables/vocal_music_demucs_16k/metaData_fma_large/row60663.csv
Execution time: 26.042701244354248 seconds
metaTables/vocal_music_demucs_16k/metaData_fma_large/row60664.csv
Execution time: 26.479796171188354 seconds
metaTables/vocal_music_demucs_16k/metaData_fma_large/row60665.csv
Execution time: 24.876832723617554 seconds
metaTables/vocal_music_demucs_16k/metaData_fma_large/row60666.csv
Execution time: 25.239200115203857 seconds
metaTables/vocal_music_demucs_16k/metaData_fma_large/row60667.csv
Execution time: 24.73495364189148 seconds
metaTables/vocal_music_demucs_16k/metaData_fma_large/row60668.csv
Execution time: 25.39654803276062 seconds
metaTables/vocal_music_demucs_16k/metaData_fma_large/row60669.csv
Execution time: 26.052145957946777 seconds
metaTables/vocal_music_demucs_16k/metaData_fma_large/row60670.csv
Execution time: 25.98893642425537 seconds
metaTables/vocal_music_demucs_16k/metaData_fma_large/row60671.csv
Execution time: 25.58253002166748 seconds
metaTables/vocal_music_demucs_16k/metaData_fma_large/row60672.csv
Execution time: 25.122089624404907 seconds
metaTables/vocal_music_demucs_16k/metaData_fma_large/row60673.csv
Execution time: 25.891695737838745 seconds
metaTables/vocal_music_demucs_16k/metaData_fma_large/row60674.csv
Execution time: 25.731816291809082 seconds
metaTables/vocal_music_demucs_16k/metaData_fma_large/row60675.csv
Execution time: 25.80126690864563 seconds
metaTables/vocal_music_demucs_16k/metaData_fma_large/row60676.csv
Execution time: 25.69636559486389 seconds
metaTables/vocal_music_demucs_16k/metaData_fma_large/row60677.csv
Execution time: 25.4964382648468 seconds
metaTables/vocal_music_demucs_16k/metaData_fma_large/row60678.csv
Execution time: 25.371623992919922 seconds
metaTables/vocal_music_demucs_16k/metaData_fma_large/row60679.csv
Execution time: 25.305192232131958 seconds
metaTables/vocal_music_demucs_16k/metaData_fma_large/row60680.csv
Execution time: 24.993306159973145 seconds
metaTables/vocal_music_demucs_16k/metaData_fma_large/row60681.csv
Execution time: 25.52927303314209 seconds
metaTables/vocal_music_demucs_16k/metaData_fma_large/row60682.csv
Execution time: 25.567630290985107 seconds
metaTables/vocal_music_demucs_16k/metaData_fma_large/row60683.csv
Execution time: 25.960773468017578 seconds
metaTables/vocal_music_demucs_16k/metaData_fma_large/row60684.csv
Execution time: 26.106025457382202 seconds
metaTables/vocal_music_demucs_16k/metaData_fma_large/row60685.csv
Execution time: 24.814715147018433 seconds
metaTables/vocal_music_demucs_16k/metaData_fma_large/row60686.csv
Execution time: 25.111738443374634 seconds
metaTables/vocal_music_demucs_16k/metaData_fma_large/row60687.csv
Execution time: 24.910152435302734 seconds
metaTables/vocal_music_demucs_16k/metaData_fma_large/row60688.csv
Execution time: 25.38496994972229 seconds
metaTables/vocal_music_demucs_16k/metaData_fma_large/row60689.csv
Execution time: 25.091537714004517 seconds
metaTables/vocal_music_demucs_16k/metaData_fma_large/row60690.csv
Execution time: 25.037070512771606 seconds
metaTables/vocal_music_demucs_16k/metaData_fma_large/row60691.csv
Execution time: 26.844273805618286 seconds
metaTables/vocal_music_demucs_16k/metaData_fma_large/row60692.csv
Execution time: 25.860507011413574 seconds
metaTables/vocal_music_demucs_16k/metaData_fma_large/row60693.csv
Execution time: 24.78148126602173 seconds
metaTables/vocal_music_demucs_16k/metaData_fma_large/row60694.csv
Execution time: 24.96168804168701 seconds
metaTables/vocal_music_demucs_16k/metaData_fma_large/row60695.csv
Execution time: 26.08478021621704 seconds
metaTables/vocal_music_demucs_16k/metaData_fma_large/row60696.csv
Execution time: 27.218533277511597 seconds
metaTables/vocal_music_demucs_16k/metaData_fma_large/row60697.csv
Execution time: 25.11346960067749 seconds
metaTables/vocal_music_demucs_16k/metaData_fma_large/row60698.csv
Execution time: 25.618234634399414 seconds
metaTables/vocal_music_demucs_16k/metaData_fma_large/row60699.csv
Demucs voice recognition done!
