/ext3/demucs/lib/python3.9/site-packages/demucs/api.py:27: UserWarning: TorchAudio's global backend is now deprecated. Please enable distpatcher by setting `TORCHAUDIO_USE_BACKEND_DISPATCHER=1`, and specify backend when calling load/info/save function.
  import torchaudio as ta
2024-05-09 00:18:12.326765: I tensorflow/core/util/port.cc:113] oneDNN custom operations are on. You may see slightly different numerical results due to floating-point round-off errors from different computation orders. To turn them off, set the environment variable `TF_ENABLE_ONEDNN_OPTS=0`.
2024-05-09 00:18:12.442649: E external/local_xla/xla/stream_executor/cuda/cuda_dnn.cc:9261] Unable to register cuDNN factory: Attempting to register factory for plugin cuDNN when one has already been registered
2024-05-09 00:18:12.442690: E external/local_xla/xla/stream_executor/cuda/cuda_fft.cc:607] Unable to register cuFFT factory: Attempting to register factory for plugin cuFFT when one has already been registered
2024-05-09 00:18:12.457068: E external/local_xla/xla/stream_executor/cuda/cuda_blas.cc:1515] Unable to register cuBLAS factory: Attempting to register factory for plugin cuBLAS when one has already been registered
2024-05-09 00:18:12.490206: I tensorflow/core/platform/cpu_feature_guard.cc:182] This TensorFlow binary is optimized to use available CPU instructions in performance-critical operations.
To enable the following instructions: AVX2 AVX512F AVX512_VNNI FMA, in other operations, rebuild TensorFlow with the appropriate compiler flags.
2024-05-09 00:18:13.498768: W tensorflow/compiler/tf2tensorrt/utils/py_utils.cc:38] TF-TRT Warning: Could not find TensorRT
Execution time: 30.039270162582397 seconds
metaTables/vocal_music_demucs_16k/metaData_fma_large/row79300.csv
Execution time: 28.81043767929077 seconds
metaTables/vocal_music_demucs_16k/metaData_fma_large/row79301.csv
Execution time: 29.016746044158936 seconds
metaTables/vocal_music_demucs_16k/metaData_fma_large/row79302.csv
Execution time: 28.90116238594055 seconds
metaTables/vocal_music_demucs_16k/metaData_fma_large/row79303.csv
Execution time: 28.62517023086548 seconds
metaTables/vocal_music_demucs_16k/metaData_fma_large/row79304.csv
Execution time: 29.059752464294434 seconds
metaTables/vocal_music_demucs_16k/metaData_fma_large/row79305.csv
Execution time: 28.53664469718933 seconds
metaTables/vocal_music_demucs_16k/metaData_fma_large/row79306.csv
Execution time: 14.499906778335571 seconds
metaTables/vocal_music_demucs_16k/metaData_fma_large/row79307.csv
Execution time: 29.260879516601562 seconds
metaTables/vocal_music_demucs_16k/metaData_fma_large/row79308.csv
Execution time: 28.647544622421265 seconds
metaTables/vocal_music_demucs_16k/metaData_fma_large/row79309.csv
Execution time: 27.7938392162323 seconds
metaTables/vocal_music_demucs_16k/metaData_fma_large/row79310.csv
Execution time: 28.307960033416748 seconds
metaTables/vocal_music_demucs_16k/metaData_fma_large/row79311.csv
Execution time: 27.754200220108032 seconds
metaTables/vocal_music_demucs_16k/metaData_fma_large/row79312.csv
Execution time: 29.627021312713623 seconds
metaTables/vocal_music_demucs_16k/metaData_fma_large/row79313.csv
Execution time: 29.307162284851074 seconds
metaTables/vocal_music_demucs_16k/metaData_fma_large/row79314.csv
Execution time: 28.887923002243042 seconds
metaTables/vocal_music_demucs_16k/metaData_fma_large/row79315.csv
Execution time: 28.790251970291138 seconds
metaTables/vocal_music_demucs_16k/metaData_fma_large/row79316.csv
Execution time: 27.739519834518433 seconds
metaTables/vocal_music_demucs_16k/metaData_fma_large/row79317.csv
Execution time: 28.714548110961914 seconds
metaTables/vocal_music_demucs_16k/metaData_fma_large/row79318.csv
Execution time: 28.875886917114258 seconds
metaTables/vocal_music_demucs_16k/metaData_fma_large/row79319.csv
Execution time: 28.966057300567627 seconds
metaTables/vocal_music_demucs_16k/metaData_fma_large/row79320.csv
Execution time: 29.550795078277588 seconds
metaTables/vocal_music_demucs_16k/metaData_fma_large/row79321.csv
Execution time: 29.05488395690918 seconds
metaTables/vocal_music_demucs_16k/metaData_fma_large/row79322.csv
Execution time: 28.495410203933716 seconds
metaTables/vocal_music_demucs_16k/metaData_fma_large/row79323.csv
Execution time: 28.701526403427124 seconds
metaTables/vocal_music_demucs_16k/metaData_fma_large/row79324.csv
Execution time: 28.75324296951294 seconds
metaTables/vocal_music_demucs_16k/metaData_fma_large/row79325.csv
Execution time: 28.1563401222229 seconds
metaTables/vocal_music_demucs_16k/metaData_fma_large/row79326.csv
Execution time: 28.204946517944336 seconds
metaTables/vocal_music_demucs_16k/metaData_fma_large/row79327.csv
Execution time: 28.219437837600708 seconds
metaTables/vocal_music_demucs_16k/metaData_fma_large/row79328.csv
Execution time: 28.8301100730896 seconds
metaTables/vocal_music_demucs_16k/metaData_fma_large/row79329.csv
Execution time: 28.136319398880005 seconds
metaTables/vocal_music_demucs_16k/metaData_fma_large/row79330.csv
Execution time: 28.46340584754944 seconds
metaTables/vocal_music_demucs_16k/metaData_fma_large/row79331.csv
Execution time: 28.392169713974 seconds
metaTables/vocal_music_demucs_16k/metaData_fma_large/row79332.csv
Execution time: 28.158085107803345 seconds
metaTables/vocal_music_demucs_16k/metaData_fma_large/row79333.csv
Execution time: 28.128389835357666 seconds
metaTables/vocal_music_demucs_16k/metaData_fma_large/row79334.csv
Execution time: 28.215991020202637 seconds
metaTables/vocal_music_demucs_16k/metaData_fma_large/row79335.csv
Execution time: 28.366932153701782 seconds
metaTables/vocal_music_demucs_16k/metaData_fma_large/row79336.csv
Execution time: 28.383201122283936 seconds
metaTables/vocal_music_demucs_16k/metaData_fma_large/row79337.csv
Execution time: 28.29905891418457 seconds
metaTables/vocal_music_demucs_16k/metaData_fma_large/row79338.csv
Execution time: 28.750094652175903 seconds
metaTables/vocal_music_demucs_16k/metaData_fma_large/row79339.csv
Execution time: 28.103087902069092 seconds
metaTables/vocal_music_demucs_16k/metaData_fma_large/row79340.csv
Execution time: 28.80411195755005 seconds
metaTables/vocal_music_demucs_16k/metaData_fma_large/row79341.csv
Execution time: 28.21311902999878 seconds
metaTables/vocal_music_demucs_16k/metaData_fma_large/row79342.csv
Execution time: 27.638004302978516 seconds
metaTables/vocal_music_demucs_16k/metaData_fma_large/row79343.csv
Execution time: 28.729029417037964 seconds
metaTables/vocal_music_demucs_16k/metaData_fma_large/row79344.csv
Execution time: 27.917914628982544 seconds
metaTables/vocal_music_demucs_16k/metaData_fma_large/row79345.csv
Execution time: 28.468299865722656 seconds
metaTables/vocal_music_demucs_16k/metaData_fma_large/row79346.csv
Execution time: 29.17793107032776 seconds
metaTables/vocal_music_demucs_16k/metaData_fma_large/row79347.csv
Execution time: 30.06737232208252 seconds
metaTables/vocal_music_demucs_16k/metaData_fma_large/row79348.csv
Execution time: 28.242340326309204 seconds
metaTables/vocal_music_demucs_16k/metaData_fma_large/row79349.csv
Execution time: 28.545413494110107 seconds
metaTables/vocal_music_demucs_16k/metaData_fma_large/row79350.csv
Execution time: 28.264766693115234 seconds
metaTables/vocal_music_demucs_16k/metaData_fma_large/row79351.csv
Execution time: 29.380921840667725 seconds
metaTables/vocal_music_demucs_16k/metaData_fma_large/row79352.csv
Execution time: 28.84773349761963 seconds
metaTables/vocal_music_demucs_16k/metaData_fma_large/row79353.csv
Execution time: 29.089306116104126 seconds
metaTables/vocal_music_demucs_16k/metaData_fma_large/row79354.csv
Execution time: 29.05390954017639 seconds
metaTables/vocal_music_demucs_16k/metaData_fma_large/row79355.csv
Execution time: 29.269548892974854 seconds
metaTables/vocal_music_demucs_16k/metaData_fma_large/row79356.csv
Execution time: 28.884870052337646 seconds
metaTables/vocal_music_demucs_16k/metaData_fma_large/row79357.csv
Execution time: 28.708193063735962 seconds
metaTables/vocal_music_demucs_16k/metaData_fma_large/row79358.csv
Execution time: 29.273492097854614 seconds
metaTables/vocal_music_demucs_16k/metaData_fma_large/row79359.csv
Execution time: 27.447133541107178 seconds
metaTables/vocal_music_demucs_16k/metaData_fma_large/row79360.csv
Execution time: 31.318402767181396 seconds
metaTables/vocal_music_demucs_16k/metaData_fma_large/row79361.csv
Execution time: 29.200139045715332 seconds
metaTables/vocal_music_demucs_16k/metaData_fma_large/row79362.csv
Execution time: 28.274792671203613 seconds
metaTables/vocal_music_demucs_16k/metaData_fma_large/row79363.csv
Execution time: 28.350961208343506 seconds
metaTables/vocal_music_demucs_16k/metaData_fma_large/row79364.csv
Execution time: 28.84279751777649 seconds
metaTables/vocal_music_demucs_16k/metaData_fma_large/row79365.csv
Execution time: 27.586951732635498 seconds
metaTables/vocal_music_demucs_16k/metaData_fma_large/row79366.csv
Execution time: 27.384095191955566 seconds
metaTables/vocal_music_demucs_16k/metaData_fma_large/row79367.csv
Execution time: 28.165752172470093 seconds
metaTables/vocal_music_demucs_16k/metaData_fma_large/row79368.csv
Execution time: 28.657526969909668 seconds
metaTables/vocal_music_demucs_16k/metaData_fma_large/row79369.csv
Execution time: 27.110870599746704 seconds
metaTables/vocal_music_demucs_16k/metaData_fma_large/row79370.csv
Execution time: 27.818851232528687 seconds
metaTables/vocal_music_demucs_16k/metaData_fma_large/row79371.csv
Execution time: 28.56216526031494 seconds
metaTables/vocal_music_demucs_16k/metaData_fma_large/row79372.csv
Execution time: 29.13945460319519 seconds
metaTables/vocal_music_demucs_16k/metaData_fma_large/row79373.csv
Execution time: 28.908008337020874 seconds
metaTables/vocal_music_demucs_16k/metaData_fma_large/row79374.csv
Execution time: 29.40580439567566 seconds
metaTables/vocal_music_demucs_16k/metaData_fma_large/row79375.csv
Execution time: 29.992774486541748 seconds
metaTables/vocal_music_demucs_16k/metaData_fma_large/row79376.csv
Execution time: 27.92908811569214 seconds
metaTables/vocal_music_demucs_16k/metaData_fma_large/row79377.csv
Execution time: 28.946897268295288 seconds
metaTables/vocal_music_demucs_16k/metaData_fma_large/row79378.csv
Execution time: 28.870212078094482 seconds
metaTables/vocal_music_demucs_16k/metaData_fma_large/row79379.csv
Execution time: 25.343401670455933 seconds
metaTables/vocal_music_demucs_16k/metaData_fma_large/row79380.csv
Execution time: 28.56923007965088 seconds
metaTables/vocal_music_demucs_16k/metaData_fma_large/row79381.csv
Execution time: 28.50567650794983 seconds
metaTables/vocal_music_demucs_16k/metaData_fma_large/row79382.csv
Execution time: 28.97832679748535 seconds
metaTables/vocal_music_demucs_16k/metaData_fma_large/row79383.csv
Execution time: 28.316898584365845 seconds
metaTables/vocal_music_demucs_16k/metaData_fma_large/row79384.csv
Execution time: 27.546656847000122 seconds
metaTables/vocal_music_demucs_16k/metaData_fma_large/row79385.csv
Execution time: 26.549766540527344 seconds
metaTables/vocal_music_demucs_16k/metaData_fma_large/row79386.csv
Execution time: 28.879211902618408 seconds
metaTables/vocal_music_demucs_16k/metaData_fma_large/row79387.csv
Execution time: 28.727864503860474 seconds
metaTables/vocal_music_demucs_16k/metaData_fma_large/row79388.csv
Execution time: 29.707704782485962 seconds
metaTables/vocal_music_demucs_16k/metaData_fma_large/row79389.csv
Execution time: 28.066829442977905 seconds
metaTables/vocal_music_demucs_16k/metaData_fma_large/row79390.csv
Execution time: 25.84793472290039 seconds
metaTables/vocal_music_demucs_16k/metaData_fma_large/row79391.csv
Execution time: 29.490753650665283 seconds
metaTables/vocal_music_demucs_16k/metaData_fma_large/row79392.csv
Execution time: 27.986347675323486 seconds
metaTables/vocal_music_demucs_16k/metaData_fma_large/row79393.csv
Execution time: 28.849891662597656 seconds
metaTables/vocal_music_demucs_16k/metaData_fma_large/row79394.csv
Execution time: 27.088144779205322 seconds
metaTables/vocal_music_demucs_16k/metaData_fma_large/row79395.csv
Execution time: 26.65692687034607 seconds
metaTables/vocal_music_demucs_16k/metaData_fma_large/row79396.csv
Execution time: 19.263874769210815 seconds
metaTables/vocal_music_demucs_16k/metaData_fma_large/row79397.csv
Execution time: 26.704785585403442 seconds
metaTables/vocal_music_demucs_16k/metaData_fma_large/row79398.csv
Execution time: 27.343935012817383 seconds
metaTables/vocal_music_demucs_16k/metaData_fma_large/row79399.csv
Demucs voice recognition done!
