/ext3/demucs/lib/python3.9/site-packages/demucs/api.py:27: UserWarning: TorchAudio's global backend is now deprecated. Please enable distpatcher by setting `TORCHAUDIO_USE_BACKEND_DISPATCHER=1`, and specify backend when calling load/info/save function.
  import torchaudio as ta
2024-05-10 11:33:29.203287: I tensorflow/core/util/port.cc:113] oneDNN custom operations are on. You may see slightly different numerical results due to floating-point round-off errors from different computation orders. To turn them off, set the environment variable `TF_ENABLE_ONEDNN_OPTS=0`.
2024-05-10 11:33:30.464828: E external/local_xla/xla/stream_executor/cuda/cuda_dnn.cc:9261] Unable to register cuDNN factory: Attempting to register factory for plugin cuDNN when one has already been registered
2024-05-10 11:33:30.464866: E external/local_xla/xla/stream_executor/cuda/cuda_fft.cc:607] Unable to register cuFFT factory: Attempting to register factory for plugin cuFFT when one has already been registered
2024-05-10 11:33:30.745214: E external/local_xla/xla/stream_executor/cuda/cuda_blas.cc:1515] Unable to register cuBLAS factory: Attempting to register factory for plugin cuBLAS when one has already been registered
2024-05-10 11:33:30.931076: I tensorflow/core/platform/cpu_feature_guard.cc:182] This TensorFlow binary is optimized to use available CPU instructions in performance-critical operations.
To enable the following instructions: AVX2 AVX512F AVX512_VNNI FMA, in other operations, rebuild TensorFlow with the appropriate compiler flags.
2024-05-10 11:33:32.432657: W tensorflow/compiler/tf2tensorrt/utils/py_utils.cc:38] TF-TRT Warning: Could not find TensorRT
Execution time: 29.877423524856567 seconds
metaTables/vocal_music_demucs_16k/metaData_fma_large/row29500.csv
Execution time: 28.0280442237854 seconds
metaTables/vocal_music_demucs_16k/metaData_fma_large/row29501.csv
Execution time: 27.492774486541748 seconds
metaTables/vocal_music_demucs_16k/metaData_fma_large/row29502.csv
Execution time: 27.443095207214355 seconds
metaTables/vocal_music_demucs_16k/metaData_fma_large/row29503.csv
Execution time: 27.44495964050293 seconds
metaTables/vocal_music_demucs_16k/metaData_fma_large/row29504.csv
Execution time: 27.534547328948975 seconds
metaTables/vocal_music_demucs_16k/metaData_fma_large/row29505.csv
Execution time: 27.39844560623169 seconds
metaTables/vocal_music_demucs_16k/metaData_fma_large/row29506.csv
Execution time: 27.248061895370483 seconds
metaTables/vocal_music_demucs_16k/metaData_fma_large/row29507.csv
Execution time: 26.711957454681396 seconds
metaTables/vocal_music_demucs_16k/metaData_fma_large/row29508.csv
Execution time: 27.06945776939392 seconds
metaTables/vocal_music_demucs_16k/metaData_fma_large/row29509.csv
Execution time: 27.640535831451416 seconds
metaTables/vocal_music_demucs_16k/metaData_fma_large/row29510.csv
Execution time: 28.894299030303955 seconds
metaTables/vocal_music_demucs_16k/metaData_fma_large/row29511.csv
Execution time: 27.04667019844055 seconds
metaTables/vocal_music_demucs_16k/metaData_fma_large/row29512.csv
Execution time: 27.961021661758423 seconds
metaTables/vocal_music_demucs_16k/metaData_fma_large/row29513.csv
Execution time: 27.469430208206177 seconds
metaTables/vocal_music_demucs_16k/metaData_fma_large/row29514.csv
Execution time: 27.26170539855957 seconds
metaTables/vocal_music_demucs_16k/metaData_fma_large/row29515.csv
Execution time: 26.817869901657104 seconds
metaTables/vocal_music_demucs_16k/metaData_fma_large/row29516.csv
Execution time: 27.97286343574524 seconds
metaTables/vocal_music_demucs_16k/metaData_fma_large/row29517.csv
Execution time: 27.678345441818237 seconds
metaTables/vocal_music_demucs_16k/metaData_fma_large/row29518.csv
Execution time: 27.728893041610718 seconds
metaTables/vocal_music_demucs_16k/metaData_fma_large/row29519.csv
Execution time: 27.81625771522522 seconds
metaTables/vocal_music_demucs_16k/metaData_fma_large/row29520.csv
Execution time: 27.169746160507202 seconds
metaTables/vocal_music_demucs_16k/metaData_fma_large/row29521.csv
Execution time: 26.61258840560913 seconds
metaTables/vocal_music_demucs_16k/metaData_fma_large/row29522.csv
Execution time: 27.570692539215088 seconds
metaTables/vocal_music_demucs_16k/metaData_fma_large/row29523.csv
Execution time: 27.361741304397583 seconds
metaTables/vocal_music_demucs_16k/metaData_fma_large/row29524.csv
Execution time: 27.450420141220093 seconds
metaTables/vocal_music_demucs_16k/metaData_fma_large/row29525.csv
Execution time: 27.947710275650024 seconds
metaTables/vocal_music_demucs_16k/metaData_fma_large/row29526.csv
Execution time: 26.923887014389038 seconds
metaTables/vocal_music_demucs_16k/metaData_fma_large/row29527.csv
Execution time: 27.003296852111816 seconds
metaTables/vocal_music_demucs_16k/metaData_fma_large/row29528.csv
Execution time: 28.190484285354614 seconds
metaTables/vocal_music_demucs_16k/metaData_fma_large/row29529.csv
Execution time: 28.103936672210693 seconds
metaTables/vocal_music_demucs_16k/metaData_fma_large/row29530.csv
Execution time: 28.20230484008789 seconds
metaTables/vocal_music_demucs_16k/metaData_fma_large/row29531.csv
Execution time: 26.812517404556274 seconds
metaTables/vocal_music_demucs_16k/metaData_fma_large/row29532.csv
Execution time: 26.79585027694702 seconds
metaTables/vocal_music_demucs_16k/metaData_fma_large/row29533.csv
Execution time: 28.472030639648438 seconds
metaTables/vocal_music_demucs_16k/metaData_fma_large/row29534.csv
Execution time: 26.783214569091797 seconds
metaTables/vocal_music_demucs_16k/metaData_fma_large/row29535.csv
Execution time: 26.934611320495605 seconds
metaTables/vocal_music_demucs_16k/metaData_fma_large/row29536.csv
Execution time: 27.2212655544281 seconds
metaTables/vocal_music_demucs_16k/metaData_fma_large/row29537.csv
Execution time: 26.985538005828857 seconds
metaTables/vocal_music_demucs_16k/metaData_fma_large/row29538.csv
Execution time: 27.153671979904175 seconds
metaTables/vocal_music_demucs_16k/metaData_fma_large/row29539.csv
Execution time: 26.874059438705444 seconds
metaTables/vocal_music_demucs_16k/metaData_fma_large/row29540.csv
Execution time: 27.065143585205078 seconds
metaTables/vocal_music_demucs_16k/metaData_fma_large/row29541.csv
Execution time: 26.488327980041504 seconds
metaTables/vocal_music_demucs_16k/metaData_fma_large/row29542.csv
Execution time: 27.872538089752197 seconds
metaTables/vocal_music_demucs_16k/metaData_fma_large/row29543.csv
Execution time: 28.001331329345703 seconds
metaTables/vocal_music_demucs_16k/metaData_fma_large/row29544.csv
Execution time: 26.540992259979248 seconds
metaTables/vocal_music_demucs_16k/metaData_fma_large/row29545.csv
Execution time: 27.760708332061768 seconds
metaTables/vocal_music_demucs_16k/metaData_fma_large/row29546.csv
Execution time: 27.08737063407898 seconds
metaTables/vocal_music_demucs_16k/metaData_fma_large/row29547.csv
Execution time: 27.18299674987793 seconds
metaTables/vocal_music_demucs_16k/metaData_fma_large/row29548.csv
Execution time: 28.07723617553711 seconds
metaTables/vocal_music_demucs_16k/metaData_fma_large/row29549.csv
Execution time: 27.409990310668945 seconds
metaTables/vocal_music_demucs_16k/metaData_fma_large/row29550.csv
Execution time: 27.433122396469116 seconds
metaTables/vocal_music_demucs_16k/metaData_fma_large/row29551.csv
Execution time: 27.674068689346313 seconds
metaTables/vocal_music_demucs_16k/metaData_fma_large/row29552.csv
Execution time: 27.555659532546997 seconds
metaTables/vocal_music_demucs_16k/metaData_fma_large/row29553.csv
Execution time: 27.491822957992554 seconds
metaTables/vocal_music_demucs_16k/metaData_fma_large/row29554.csv
Execution time: 27.546419143676758 seconds
metaTables/vocal_music_demucs_16k/metaData_fma_large/row29555.csv
Execution time: 27.61417841911316 seconds
metaTables/vocal_music_demucs_16k/metaData_fma_large/row29556.csv
Execution time: 27.79136872291565 seconds
metaTables/vocal_music_demucs_16k/metaData_fma_large/row29557.csv
Execution time: 26.950790882110596 seconds
metaTables/vocal_music_demucs_16k/metaData_fma_large/row29558.csv
Execution time: 26.67031216621399 seconds
metaTables/vocal_music_demucs_16k/metaData_fma_large/row29559.csv
Execution time: 27.781853914260864 seconds
metaTables/vocal_music_demucs_16k/metaData_fma_large/row29560.csv
Execution time: 27.25552797317505 seconds
metaTables/vocal_music_demucs_16k/metaData_fma_large/row29561.csv
Execution time: 27.199151039123535 seconds
metaTables/vocal_music_demucs_16k/metaData_fma_large/row29562.csv
Execution time: 27.816442012786865 seconds
metaTables/vocal_music_demucs_16k/metaData_fma_large/row29563.csv
Execution time: 27.08749794960022 seconds
metaTables/vocal_music_demucs_16k/metaData_fma_large/row29564.csv
Execution time: 27.344396114349365 seconds
metaTables/vocal_music_demucs_16k/metaData_fma_large/row29565.csv
Execution time: 28.202064752578735 seconds
metaTables/vocal_music_demucs_16k/metaData_fma_large/row29566.csv
Execution time: 28.25223731994629 seconds
metaTables/vocal_music_demucs_16k/metaData_fma_large/row29567.csv
Execution time: 27.11466670036316 seconds
metaTables/vocal_music_demucs_16k/metaData_fma_large/row29568.csv
Execution time: 27.345806121826172 seconds
metaTables/vocal_music_demucs_16k/metaData_fma_large/row29569.csv
Execution time: 27.562166213989258 seconds
metaTables/vocal_music_demucs_16k/metaData_fma_large/row29570.csv
Execution time: 26.98763418197632 seconds
metaTables/vocal_music_demucs_16k/metaData_fma_large/row29571.csv
Execution time: 27.775541067123413 seconds
metaTables/vocal_music_demucs_16k/metaData_fma_large/row29572.csv
Execution time: 27.768470525741577 seconds
metaTables/vocal_music_demucs_16k/metaData_fma_large/row29573.csv
Execution time: 27.643108367919922 seconds
metaTables/vocal_music_demucs_16k/metaData_fma_large/row29574.csv
Execution time: 28.23656725883484 seconds
metaTables/vocal_music_demucs_16k/metaData_fma_large/row29575.csv
Execution time: 27.491549253463745 seconds
metaTables/vocal_music_demucs_16k/metaData_fma_large/row29576.csv
Execution time: 26.6486074924469 seconds
metaTables/vocal_music_demucs_16k/metaData_fma_large/row29577.csv
Execution time: 27.76563549041748 seconds
metaTables/vocal_music_demucs_16k/metaData_fma_large/row29578.csv
Execution time: 27.401379108428955 seconds
metaTables/vocal_music_demucs_16k/metaData_fma_large/row29579.csv
Execution time: 26.696531772613525 seconds
metaTables/vocal_music_demucs_16k/metaData_fma_large/row29580.csv
Execution time: 28.214229106903076 seconds
metaTables/vocal_music_demucs_16k/metaData_fma_large/row29581.csv
Execution time: 27.708915948867798 seconds
metaTables/vocal_music_demucs_16k/metaData_fma_large/row29582.csv
Execution time: 27.505600690841675 seconds
metaTables/vocal_music_demucs_16k/metaData_fma_large/row29583.csv
Execution time: 27.46516442298889 seconds
metaTables/vocal_music_demucs_16k/metaData_fma_large/row29584.csv
Execution time: 27.55586075782776 seconds
metaTables/vocal_music_demucs_16k/metaData_fma_large/row29585.csv
Execution time: 27.317800283432007 seconds
metaTables/vocal_music_demucs_16k/metaData_fma_large/row29586.csv
Execution time: 26.92445707321167 seconds
metaTables/vocal_music_demucs_16k/metaData_fma_large/row29587.csv
Execution time: 26.839712858200073 seconds
metaTables/vocal_music_demucs_16k/metaData_fma_large/row29588.csv
Execution time: 26.783543825149536 seconds
metaTables/vocal_music_demucs_16k/metaData_fma_large/row29589.csv
Execution time: 27.23894429206848 seconds
metaTables/vocal_music_demucs_16k/metaData_fma_large/row29590.csv
Execution time: 27.213268280029297 seconds
metaTables/vocal_music_demucs_16k/metaData_fma_large/row29591.csv
Execution time: 27.867666959762573 seconds
metaTables/vocal_music_demucs_16k/metaData_fma_large/row29592.csv
Execution time: 27.333691120147705 seconds
metaTables/vocal_music_demucs_16k/metaData_fma_large/row29593.csv
Execution time: 27.04923152923584 seconds
metaTables/vocal_music_demucs_16k/metaData_fma_large/row29594.csv
Execution time: 27.212218284606934 seconds
metaTables/vocal_music_demucs_16k/metaData_fma_large/row29595.csv
Execution time: 27.140557527542114 seconds
metaTables/vocal_music_demucs_16k/metaData_fma_large/row29596.csv
Execution time: 27.107324838638306 seconds
metaTables/vocal_music_demucs_16k/metaData_fma_large/row29597.csv
Execution time: 25.575388431549072 seconds
metaTables/vocal_music_demucs_16k/metaData_fma_large/row29598.csv
Execution time: 24.716797590255737 seconds
metaTables/vocal_music_demucs_16k/metaData_fma_large/row29599.csv
Demucs voice recognition done!
