/ext3/demucs/lib/python3.9/site-packages/demucs/api.py:27: UserWarning: TorchAudio's global backend is now deprecated. Please enable distpatcher by setting `TORCHAUDIO_USE_BACKEND_DISPATCHER=1`, and specify backend when calling load/info/save function.
  import torchaudio as ta
2024-05-08 23:37:47.304069: I tensorflow/core/util/port.cc:113] oneDNN custom operations are on. You may see slightly different numerical results due to floating-point round-off errors from different computation orders. To turn them off, set the environment variable `TF_ENABLE_ONEDNN_OPTS=0`.
2024-05-08 23:37:49.172697: E external/local_xla/xla/stream_executor/cuda/cuda_dnn.cc:9261] Unable to register cuDNN factory: Attempting to register factory for plugin cuDNN when one has already been registered
2024-05-08 23:37:49.172739: E external/local_xla/xla/stream_executor/cuda/cuda_fft.cc:607] Unable to register cuFFT factory: Attempting to register factory for plugin cuFFT when one has already been registered
2024-05-08 23:37:49.382512: E external/local_xla/xla/stream_executor/cuda/cuda_blas.cc:1515] Unable to register cuBLAS factory: Attempting to register factory for plugin cuBLAS when one has already been registered
2024-05-08 23:37:49.495800: I tensorflow/core/platform/cpu_feature_guard.cc:182] This TensorFlow binary is optimized to use available CPU instructions in performance-critical operations.
To enable the following instructions: AVX2 AVX512F AVX512_VNNI FMA, in other operations, rebuild TensorFlow with the appropriate compiler flags.
2024-05-08 23:37:52.763615: W tensorflow/compiler/tf2tensorrt/utils/py_utils.cc:38] TF-TRT Warning: Could not find TensorRT
Execution time: 32.158003091812134 seconds
metaTables/vocal_music_demucs_16k/metaData_fma_large/row68000.csv
Execution time: 27.943944931030273 seconds
metaTables/vocal_music_demucs_16k/metaData_fma_large/row68001.csv
Execution time: 28.859843254089355 seconds
metaTables/vocal_music_demucs_16k/metaData_fma_large/row68002.csv
Execution time: 27.566009283065796 seconds
metaTables/vocal_music_demucs_16k/metaData_fma_large/row68003.csv
Execution time: 27.802701473236084 seconds
metaTables/vocal_music_demucs_16k/metaData_fma_large/row68004.csv
Execution time: 13.495141744613647 seconds
metaTables/vocal_music_demucs_16k/metaData_fma_large/row68005.csv
Execution time: 27.570594549179077 seconds
metaTables/vocal_music_demucs_16k/metaData_fma_large/row68006.csv
Execution time: 28.04735016822815 seconds
metaTables/vocal_music_demucs_16k/metaData_fma_large/row68007.csv
Execution time: 28.194316148757935 seconds
metaTables/vocal_music_demucs_16k/metaData_fma_large/row68008.csv
Execution time: 27.932676553726196 seconds
metaTables/vocal_music_demucs_16k/metaData_fma_large/row68009.csv
Execution time: 28.81394362449646 seconds
metaTables/vocal_music_demucs_16k/metaData_fma_large/row68010.csv
Execution time: 28.60062313079834 seconds
metaTables/vocal_music_demucs_16k/metaData_fma_large/row68011.csv
Execution time: 28.26339292526245 seconds
metaTables/vocal_music_demucs_16k/metaData_fma_large/row68012.csv
Execution time: 28.135565042495728 seconds
metaTables/vocal_music_demucs_16k/metaData_fma_large/row68013.csv
Execution time: 28.03898310661316 seconds
metaTables/vocal_music_demucs_16k/metaData_fma_large/row68014.csv
Execution time: 28.601128339767456 seconds
metaTables/vocal_music_demucs_16k/metaData_fma_large/row68015.csv
Execution time: 28.389637231826782 seconds
metaTables/vocal_music_demucs_16k/metaData_fma_large/row68016.csv
Execution time: 27.226564407348633 seconds
metaTables/vocal_music_demucs_16k/metaData_fma_large/row68017.csv
Execution time: 28.528711318969727 seconds
metaTables/vocal_music_demucs_16k/metaData_fma_large/row68018.csv
Execution time: 27.79469633102417 seconds
metaTables/vocal_music_demucs_16k/metaData_fma_large/row68019.csv
Execution time: 28.242385387420654 seconds
metaTables/vocal_music_demucs_16k/metaData_fma_large/row68020.csv
Execution time: 28.035823345184326 seconds
metaTables/vocal_music_demucs_16k/metaData_fma_large/row68021.csv
Execution time: 29.6979763507843 seconds
metaTables/vocal_music_demucs_16k/metaData_fma_large/row68022.csv
Execution time: 26.996186017990112 seconds
metaTables/vocal_music_demucs_16k/metaData_fma_large/row68023.csv
Execution time: 26.97378396987915 seconds
metaTables/vocal_music_demucs_16k/metaData_fma_large/row68024.csv
Execution time: 28.2066912651062 seconds
metaTables/vocal_music_demucs_16k/metaData_fma_large/row68025.csv
Execution time: 27.635374784469604 seconds
metaTables/vocal_music_demucs_16k/metaData_fma_large/row68026.csv
Execution time: 26.8333261013031 seconds
metaTables/vocal_music_demucs_16k/metaData_fma_large/row68027.csv
Execution time: 27.51114821434021 seconds
metaTables/vocal_music_demucs_16k/metaData_fma_large/row68028.csv
Execution time: 27.038666248321533 seconds
metaTables/vocal_music_demucs_16k/metaData_fma_large/row68029.csv
Execution time: 27.444533824920654 seconds
metaTables/vocal_music_demucs_16k/metaData_fma_large/row68030.csv
Execution time: 28.55234384536743 seconds
metaTables/vocal_music_demucs_16k/metaData_fma_large/row68031.csv
Execution time: 27.62405252456665 seconds
metaTables/vocal_music_demucs_16k/metaData_fma_large/row68032.csv
Execution time: 27.922295093536377 seconds
metaTables/vocal_music_demucs_16k/metaData_fma_large/row68033.csv
Execution time: 28.189420223236084 seconds
metaTables/vocal_music_demucs_16k/metaData_fma_large/row68034.csv
Execution time: 27.651187896728516 seconds
metaTables/vocal_music_demucs_16k/metaData_fma_large/row68035.csv
Execution time: 28.002639770507812 seconds
metaTables/vocal_music_demucs_16k/metaData_fma_large/row68036.csv
Execution time: 28.968313694000244 seconds
metaTables/vocal_music_demucs_16k/metaData_fma_large/row68037.csv
Execution time: 28.00911593437195 seconds
metaTables/vocal_music_demucs_16k/metaData_fma_large/row68038.csv
Execution time: 27.917361736297607 seconds
metaTables/vocal_music_demucs_16k/metaData_fma_large/row68039.csv
Execution time: 28.0553719997406 seconds
metaTables/vocal_music_demucs_16k/metaData_fma_large/row68040.csv
Execution time: 26.324207305908203 seconds
metaTables/vocal_music_demucs_16k/metaData_fma_large/row68041.csv
Execution time: 27.63735580444336 seconds
metaTables/vocal_music_demucs_16k/metaData_fma_large/row68042.csv
Execution time: 27.467703580856323 seconds
metaTables/vocal_music_demucs_16k/metaData_fma_large/row68043.csv
Execution time: 26.86078953742981 seconds
metaTables/vocal_music_demucs_16k/metaData_fma_large/row68044.csv
Execution time: 27.346434354782104 seconds
metaTables/vocal_music_demucs_16k/metaData_fma_large/row68045.csv
Execution time: 26.892999410629272 seconds
metaTables/vocal_music_demucs_16k/metaData_fma_large/row68046.csv
Execution time: 27.966752767562866 seconds
metaTables/vocal_music_demucs_16k/metaData_fma_large/row68047.csv
Execution time: 27.44012761116028 seconds
metaTables/vocal_music_demucs_16k/metaData_fma_large/row68048.csv
Execution time: 29.905462503433228 seconds
metaTables/vocal_music_demucs_16k/metaData_fma_large/row68049.csv
Execution time: 27.751203775405884 seconds
metaTables/vocal_music_demucs_16k/metaData_fma_large/row68050.csv
Execution time: 26.314870595932007 seconds
metaTables/vocal_music_demucs_16k/metaData_fma_large/row68051.csv
Execution time: 28.50178575515747 seconds
metaTables/vocal_music_demucs_16k/metaData_fma_large/row68052.csv
Execution time: 27.215838193893433 seconds
metaTables/vocal_music_demucs_16k/metaData_fma_large/row68053.csv
Execution time: 28.15843415260315 seconds
metaTables/vocal_music_demucs_16k/metaData_fma_large/row68054.csv
Execution time: 26.806824445724487 seconds
metaTables/vocal_music_demucs_16k/metaData_fma_large/row68055.csv
Execution time: 27.378156423568726 seconds
metaTables/vocal_music_demucs_16k/metaData_fma_large/row68056.csv
Execution time: 29.217129707336426 seconds
metaTables/vocal_music_demucs_16k/metaData_fma_large/row68057.csv
Execution time: 28.629765033721924 seconds
metaTables/vocal_music_demucs_16k/metaData_fma_large/row68058.csv
Execution time: 27.600362300872803 seconds
metaTables/vocal_music_demucs_16k/metaData_fma_large/row68059.csv
Execution time: 27.830617666244507 seconds
metaTables/vocal_music_demucs_16k/metaData_fma_large/row68060.csv
Execution time: 27.802638292312622 seconds
metaTables/vocal_music_demucs_16k/metaData_fma_large/row68061.csv
Execution time: 27.137463569641113 seconds
metaTables/vocal_music_demucs_16k/metaData_fma_large/row68062.csv
Execution time: 26.507434368133545 seconds
metaTables/vocal_music_demucs_16k/metaData_fma_large/row68063.csv
Execution time: 27.026161432266235 seconds
metaTables/vocal_music_demucs_16k/metaData_fma_large/row68064.csv
Execution time: 26.9896137714386 seconds
metaTables/vocal_music_demucs_16k/metaData_fma_large/row68065.csv
Execution time: 26.468178033828735 seconds
metaTables/vocal_music_demucs_16k/metaData_fma_large/row68066.csv
Execution time: 27.840208292007446 seconds
metaTables/vocal_music_demucs_16k/metaData_fma_large/row68067.csv
Execution time: 27.02980351448059 seconds
metaTables/vocal_music_demucs_16k/metaData_fma_large/row68068.csv
Execution time: 28.120685815811157 seconds
metaTables/vocal_music_demucs_16k/metaData_fma_large/row68069.csv
Execution time: 26.832396507263184 seconds
metaTables/vocal_music_demucs_16k/metaData_fma_large/row68070.csv
Execution time: 27.433954000473022 seconds
metaTables/vocal_music_demucs_16k/metaData_fma_large/row68071.csv
Execution time: 27.152677297592163 seconds
metaTables/vocal_music_demucs_16k/metaData_fma_large/row68072.csv
Execution time: 28.418846368789673 seconds
metaTables/vocal_music_demucs_16k/metaData_fma_large/row68073.csv
Execution time: 27.940794706344604 seconds
metaTables/vocal_music_demucs_16k/metaData_fma_large/row68074.csv
Execution time: 26.59602665901184 seconds
metaTables/vocal_music_demucs_16k/metaData_fma_large/row68075.csv
Execution time: 28.6156644821167 seconds
metaTables/vocal_music_demucs_16k/metaData_fma_large/row68076.csv
Execution time: 26.819064378738403 seconds
metaTables/vocal_music_demucs_16k/metaData_fma_large/row68077.csv
Execution time: 27.99311065673828 seconds
metaTables/vocal_music_demucs_16k/metaData_fma_large/row68078.csv
Execution time: 27.699584245681763 seconds
metaTables/vocal_music_demucs_16k/metaData_fma_large/row68079.csv
Execution time: 26.74460458755493 seconds
metaTables/vocal_music_demucs_16k/metaData_fma_large/row68080.csv
Execution time: 27.4962215423584 seconds
metaTables/vocal_music_demucs_16k/metaData_fma_large/row68081.csv
Execution time: 27.182748079299927 seconds
metaTables/vocal_music_demucs_16k/metaData_fma_large/row68082.csv
Execution time: 29.521533727645874 seconds
metaTables/vocal_music_demucs_16k/metaData_fma_large/row68083.csv
Execution time: 26.94454598426819 seconds
metaTables/vocal_music_demucs_16k/metaData_fma_large/row68084.csv
Execution time: 28.127570390701294 seconds
metaTables/vocal_music_demucs_16k/metaData_fma_large/row68085.csv
Execution time: 25.89906358718872 seconds
metaTables/vocal_music_demucs_16k/metaData_fma_large/row68086.csv
Execution time: 26.957115173339844 seconds
metaTables/vocal_music_demucs_16k/metaData_fma_large/row68087.csv
Execution time: 28.14367413520813 seconds
metaTables/vocal_music_demucs_16k/metaData_fma_large/row68088.csv
Execution time: 27.66375422477722 seconds
metaTables/vocal_music_demucs_16k/metaData_fma_large/row68089.csv
Execution time: 28.30270504951477 seconds
metaTables/vocal_music_demucs_16k/metaData_fma_large/row68090.csv
Execution time: 27.88311767578125 seconds
metaTables/vocal_music_demucs_16k/metaData_fma_large/row68091.csv
Execution time: 28.011523485183716 seconds
metaTables/vocal_music_demucs_16k/metaData_fma_large/row68092.csv
Execution time: 28.553992986679077 seconds
metaTables/vocal_music_demucs_16k/metaData_fma_large/row68093.csv
Execution time: 27.987935066223145 seconds
metaTables/vocal_music_demucs_16k/metaData_fma_large/row68094.csv
Execution time: 27.803581476211548 seconds
metaTables/vocal_music_demucs_16k/metaData_fma_large/row68095.csv
Execution time: 26.696483612060547 seconds
metaTables/vocal_music_demucs_16k/metaData_fma_large/row68096.csv
Execution time: 27.7712664604187 seconds
metaTables/vocal_music_demucs_16k/metaData_fma_large/row68097.csv
Execution time: 27.585658073425293 seconds
metaTables/vocal_music_demucs_16k/metaData_fma_large/row68098.csv
Execution time: 25.020869255065918 seconds
metaTables/vocal_music_demucs_16k/metaData_fma_large/row68099.csv
Demucs voice recognition done!
