/ext3/demucs/lib/python3.9/site-packages/demucs/api.py:27: UserWarning: TorchAudio's global backend is now deprecated. Please enable distpatcher by setting `TORCHAUDIO_USE_BACKEND_DISPATCHER=1`, and specify backend when calling load/info/save function.
  import torchaudio as ta
2024-05-08 23:36:44.164140: I tensorflow/core/util/port.cc:113] oneDNN custom operations are on. You may see slightly different numerical results due to floating-point round-off errors from different computation orders. To turn them off, set the environment variable `TF_ENABLE_ONEDNN_OPTS=0`.
2024-05-08 23:36:47.262861: E external/local_xla/xla/stream_executor/cuda/cuda_dnn.cc:9261] Unable to register cuDNN factory: Attempting to register factory for plugin cuDNN when one has already been registered
2024-05-08 23:36:47.262906: E external/local_xla/xla/stream_executor/cuda/cuda_fft.cc:607] Unable to register cuFFT factory: Attempting to register factory for plugin cuFFT when one has already been registered
2024-05-08 23:36:47.637382: E external/local_xla/xla/stream_executor/cuda/cuda_blas.cc:1515] Unable to register cuBLAS factory: Attempting to register factory for plugin cuBLAS when one has already been registered
2024-05-08 23:36:48.016351: I tensorflow/core/platform/cpu_feature_guard.cc:182] This TensorFlow binary is optimized to use available CPU instructions in performance-critical operations.
To enable the following instructions: AVX2 AVX512F AVX512_VNNI FMA, in other operations, rebuild TensorFlow with the appropriate compiler flags.
2024-05-08 23:36:51.288226: W tensorflow/compiler/tf2tensorrt/utils/py_utils.cc:38] TF-TRT Warning: Could not find TensorRT
[src/libmpg123/layer3.c:INT123_do_layer3():1771] error: part2_3_length (3328) too large for available bit count (3240)
Execution time: 29.996299266815186 seconds
metaTables/vocal_music_demucs_16k/metaData_fma_large/row35600.csv
Execution time: 28.126365184783936 seconds
metaTables/vocal_music_demucs_16k/metaData_fma_large/row35601.csv
Execution time: 27.847276210784912 seconds
metaTables/vocal_music_demucs_16k/metaData_fma_large/row35602.csv
Execution time: 27.222926378250122 seconds
metaTables/vocal_music_demucs_16k/metaData_fma_large/row35603.csv
Execution time: 28.039022207260132 seconds
metaTables/vocal_music_demucs_16k/metaData_fma_large/row35604.csv
Execution time: 28.04903793334961 seconds
metaTables/vocal_music_demucs_16k/metaData_fma_large/row35605.csv
Execution time: 27.548351526260376 seconds
metaTables/vocal_music_demucs_16k/metaData_fma_large/row35606.csv
Execution time: 27.647136211395264 seconds
metaTables/vocal_music_demucs_16k/metaData_fma_large/row35607.csv
Execution time: 27.198850870132446 seconds
metaTables/vocal_music_demucs_16k/metaData_fma_large/row35608.csv
Execution time: 27.321372747421265 seconds
metaTables/vocal_music_demucs_16k/metaData_fma_large/row35609.csv
Execution time: 27.59586191177368 seconds
metaTables/vocal_music_demucs_16k/metaData_fma_large/row35610.csv
Execution time: 28.13193130493164 seconds
metaTables/vocal_music_demucs_16k/metaData_fma_large/row35611.csv
Execution time: 27.65740203857422 seconds
metaTables/vocal_music_demucs_16k/metaData_fma_large/row35612.csv
Execution time: 27.056631803512573 seconds
metaTables/vocal_music_demucs_16k/metaData_fma_large/row35613.csv
Execution time: 27.338804960250854 seconds
metaTables/vocal_music_demucs_16k/metaData_fma_large/row35614.csv
Execution time: 27.16456961631775 seconds
metaTables/vocal_music_demucs_16k/metaData_fma_large/row35615.csv
Execution time: 27.116637706756592 seconds
metaTables/vocal_music_demucs_16k/metaData_fma_large/row35616.csv
Execution time: 27.46642231941223 seconds
metaTables/vocal_music_demucs_16k/metaData_fma_large/row35617.csv
Execution time: 27.32621693611145 seconds
metaTables/vocal_music_demucs_16k/metaData_fma_large/row35618.csv
Execution time: 28.323132276535034 seconds
metaTables/vocal_music_demucs_16k/metaData_fma_large/row35619.csv
Execution time: 27.247681617736816 seconds
metaTables/vocal_music_demucs_16k/metaData_fma_large/row35620.csv
Execution time: 27.95098376274109 seconds
metaTables/vocal_music_demucs_16k/metaData_fma_large/row35621.csv
Execution time: 28.065537452697754 seconds
metaTables/vocal_music_demucs_16k/metaData_fma_large/row35622.csv
Execution time: 27.95269274711609 seconds
metaTables/vocal_music_demucs_16k/metaData_fma_large/row35623.csv
Execution time: 27.81981110572815 seconds
metaTables/vocal_music_demucs_16k/metaData_fma_large/row35624.csv
Execution time: 28.143468141555786 seconds
metaTables/vocal_music_demucs_16k/metaData_fma_large/row35625.csv
Execution time: 26.837462186813354 seconds
metaTables/vocal_music_demucs_16k/metaData_fma_large/row35626.csv
Execution time: 27.90064239501953 seconds
metaTables/vocal_music_demucs_16k/metaData_fma_large/row35627.csv
Execution time: 27.551016330718994 seconds
metaTables/vocal_music_demucs_16k/metaData_fma_large/row35628.csv
Execution time: 27.627919673919678 seconds
metaTables/vocal_music_demucs_16k/metaData_fma_large/row35629.csv
Execution time: 27.434789180755615 seconds
metaTables/vocal_music_demucs_16k/metaData_fma_large/row35630.csv
Execution time: 27.790424346923828 seconds
metaTables/vocal_music_demucs_16k/metaData_fma_large/row35631.csv
Execution time: 28.057803630828857 seconds
metaTables/vocal_music_demucs_16k/metaData_fma_large/row35632.csv
Execution time: 27.44479513168335 seconds
metaTables/vocal_music_demucs_16k/metaData_fma_large/row35633.csv
Execution time: 29.479267835617065 seconds
metaTables/vocal_music_demucs_16k/metaData_fma_large/row35634.csv
Execution time: 27.68239140510559 seconds
metaTables/vocal_music_demucs_16k/metaData_fma_large/row35635.csv
Execution time: 27.69753360748291 seconds
metaTables/vocal_music_demucs_16k/metaData_fma_large/row35636.csv
Execution time: 27.051656484603882 seconds
metaTables/vocal_music_demucs_16k/metaData_fma_large/row35637.csv
Execution time: 27.719663858413696 seconds
metaTables/vocal_music_demucs_16k/metaData_fma_large/row35638.csv
Execution time: 26.803563594818115 seconds
metaTables/vocal_music_demucs_16k/metaData_fma_large/row35639.csv
Execution time: 27.80734086036682 seconds
metaTables/vocal_music_demucs_16k/metaData_fma_large/row35640.csv
Execution time: 26.85614848136902 seconds
metaTables/vocal_music_demucs_16k/metaData_fma_large/row35641.csv
Execution time: 26.408581256866455 seconds
metaTables/vocal_music_demucs_16k/metaData_fma_large/row35642.csv
Execution time: 27.567630529403687 seconds
metaTables/vocal_music_demucs_16k/metaData_fma_large/row35643.csv
Execution time: 26.396502017974854 seconds
metaTables/vocal_music_demucs_16k/metaData_fma_large/row35644.csv
Execution time: 26.95464563369751 seconds
metaTables/vocal_music_demucs_16k/metaData_fma_large/row35645.csv
Execution time: 26.38220763206482 seconds
metaTables/vocal_music_demucs_16k/metaData_fma_large/row35646.csv
Execution time: 28.37657904624939 seconds
metaTables/vocal_music_demucs_16k/metaData_fma_large/row35647.csv
Execution time: 27.22751498222351 seconds
metaTables/vocal_music_demucs_16k/metaData_fma_large/row35648.csv
Execution time: 28.808542490005493 seconds
metaTables/vocal_music_demucs_16k/metaData_fma_large/row35649.csv
Execution time: 26.555619955062866 seconds
metaTables/vocal_music_demucs_16k/metaData_fma_large/row35650.csv
Execution time: 28.092952489852905 seconds
metaTables/vocal_music_demucs_16k/metaData_fma_large/row35651.csv
Execution time: 26.21732497215271 seconds
metaTables/vocal_music_demucs_16k/metaData_fma_large/row35652.csv
Execution time: 27.27583408355713 seconds
metaTables/vocal_music_demucs_16k/metaData_fma_large/row35653.csv
Execution time: 26.999677896499634 seconds
metaTables/vocal_music_demucs_16k/metaData_fma_large/row35654.csv
Execution time: 27.42166566848755 seconds
metaTables/vocal_music_demucs_16k/metaData_fma_large/row35655.csv
Execution time: 27.84781527519226 seconds
metaTables/vocal_music_demucs_16k/metaData_fma_large/row35656.csv
Execution time: 28.14978051185608 seconds
metaTables/vocal_music_demucs_16k/metaData_fma_large/row35657.csv
Execution time: 26.82326889038086 seconds
metaTables/vocal_music_demucs_16k/metaData_fma_large/row35658.csv
Execution time: 27.191025733947754 seconds
metaTables/vocal_music_demucs_16k/metaData_fma_large/row35659.csv
Execution time: 27.98386311531067 seconds
metaTables/vocal_music_demucs_16k/metaData_fma_large/row35660.csv
Execution time: 27.632763385772705 seconds
metaTables/vocal_music_demucs_16k/metaData_fma_large/row35661.csv
Execution time: 27.315152883529663 seconds
metaTables/vocal_music_demucs_16k/metaData_fma_large/row35662.csv
Execution time: 26.71884322166443 seconds
metaTables/vocal_music_demucs_16k/metaData_fma_large/row35663.csv
Execution time: 27.29216718673706 seconds
metaTables/vocal_music_demucs_16k/metaData_fma_large/row35664.csv
Execution time: 26.63211178779602 seconds
metaTables/vocal_music_demucs_16k/metaData_fma_large/row35665.csv
Execution time: 27.747992992401123 seconds
metaTables/vocal_music_demucs_16k/metaData_fma_large/row35666.csv
Execution time: 27.057799816131592 seconds
metaTables/vocal_music_demucs_16k/metaData_fma_large/row35667.csv
Execution time: 27.098353147506714 seconds
metaTables/vocal_music_demucs_16k/metaData_fma_large/row35668.csv
Execution time: 26.953595876693726 seconds
metaTables/vocal_music_demucs_16k/metaData_fma_large/row35669.csv
Execution time: 26.411384344100952 seconds
metaTables/vocal_music_demucs_16k/metaData_fma_large/row35670.csv
Execution time: 27.726155042648315 seconds
metaTables/vocal_music_demucs_16k/metaData_fma_large/row35671.csv
Execution time: 28.666183471679688 seconds
metaTables/vocal_music_demucs_16k/metaData_fma_large/row35672.csv
Execution time: 27.3983895778656 seconds
metaTables/vocal_music_demucs_16k/metaData_fma_large/row35673.csv
Execution time: 27.735049724578857 seconds
metaTables/vocal_music_demucs_16k/metaData_fma_large/row35674.csv
Execution time: 27.119637966156006 seconds
metaTables/vocal_music_demucs_16k/metaData_fma_large/row35675.csv
Execution time: 26.669938564300537 seconds
metaTables/vocal_music_demucs_16k/metaData_fma_large/row35676.csv
Execution time: 26.384066820144653 seconds
metaTables/vocal_music_demucs_16k/metaData_fma_large/row35677.csv
Execution time: 27.689118146896362 seconds
metaTables/vocal_music_demucs_16k/metaData_fma_large/row35678.csv
Execution time: 28.94158625602722 seconds
metaTables/vocal_music_demucs_16k/metaData_fma_large/row35679.csv
Execution time: 28.429332971572876 seconds
metaTables/vocal_music_demucs_16k/metaData_fma_large/row35680.csv
Execution time: 28.284433841705322 seconds
metaTables/vocal_music_demucs_16k/metaData_fma_large/row35681.csv
Execution time: 27.895944595336914 seconds
metaTables/vocal_music_demucs_16k/metaData_fma_large/row35682.csv
Execution time: 28.67151188850403 seconds
metaTables/vocal_music_demucs_16k/metaData_fma_large/row35683.csv
Execution time: 27.46701192855835 seconds
metaTables/vocal_music_demucs_16k/metaData_fma_large/row35684.csv
Execution time: 27.67260718345642 seconds
metaTables/vocal_music_demucs_16k/metaData_fma_large/row35685.csv
Execution time: 27.421801328659058 seconds
metaTables/vocal_music_demucs_16k/metaData_fma_large/row35686.csv
Execution time: 27.6459903717041 seconds
metaTables/vocal_music_demucs_16k/metaData_fma_large/row35687.csv
Execution time: 27.96958827972412 seconds
metaTables/vocal_music_demucs_16k/metaData_fma_large/row35688.csv
Execution time: 27.991583347320557 seconds
metaTables/vocal_music_demucs_16k/metaData_fma_large/row35689.csv
Execution time: 26.095924615859985 seconds
metaTables/vocal_music_demucs_16k/metaData_fma_large/row35690.csv
Execution time: 27.94775390625 seconds
metaTables/vocal_music_demucs_16k/metaData_fma_large/row35691.csv
Execution time: 28.10950803756714 seconds
metaTables/vocal_music_demucs_16k/metaData_fma_large/row35692.csv
Execution time: 27.69106698036194 seconds
metaTables/vocal_music_demucs_16k/metaData_fma_large/row35693.csv
Execution time: 27.4989013671875 seconds
metaTables/vocal_music_demucs_16k/metaData_fma_large/row35694.csv
Execution time: 26.634636402130127 seconds
metaTables/vocal_music_demucs_16k/metaData_fma_large/row35695.csv
Execution time: 27.606865167617798 seconds
metaTables/vocal_music_demucs_16k/metaData_fma_large/row35696.csv
Execution time: 26.981136083602905 seconds
metaTables/vocal_music_demucs_16k/metaData_fma_large/row35697.csv
Execution time: 25.846651315689087 seconds
metaTables/vocal_music_demucs_16k/metaData_fma_large/row35698.csv
Execution time: 25.05731201171875 seconds
metaTables/vocal_music_demucs_16k/metaData_fma_large/row35699.csv
Demucs voice recognition done!
