/ext3/demucs/lib/python3.9/site-packages/demucs/api.py:27: UserWarning: TorchAudio's global backend is now deprecated. Please enable distpatcher by setting `TORCHAUDIO_USE_BACKEND_DISPATCHER=1`, and specify backend when calling load/info/save function.
  import torchaudio as ta
2024-05-10 11:33:29.051031: I tensorflow/core/util/port.cc:113] oneDNN custom operations are on. You may see slightly different numerical results due to floating-point round-off errors from different computation orders. To turn them off, set the environment variable `TF_ENABLE_ONEDNN_OPTS=0`.
2024-05-10 11:33:30.413788: E external/local_xla/xla/stream_executor/cuda/cuda_dnn.cc:9261] Unable to register cuDNN factory: Attempting to register factory for plugin cuDNN when one has already been registered
2024-05-10 11:33:30.413831: E external/local_xla/xla/stream_executor/cuda/cuda_fft.cc:607] Unable to register cuFFT factory: Attempting to register factory for plugin cuFFT when one has already been registered
2024-05-10 11:33:30.591961: E external/local_xla/xla/stream_executor/cuda/cuda_blas.cc:1515] Unable to register cuBLAS factory: Attempting to register factory for plugin cuBLAS when one has already been registered
2024-05-10 11:33:30.827030: I tensorflow/core/platform/cpu_feature_guard.cc:182] This TensorFlow binary is optimized to use available CPU instructions in performance-critical operations.
To enable the following instructions: AVX2 AVX512F AVX512_VNNI FMA, in other operations, rebuild TensorFlow with the appropriate compiler flags.
2024-05-10 11:33:32.432715: W tensorflow/compiler/tf2tensorrt/utils/py_utils.cc:38] TF-TRT Warning: Could not find TensorRT
Execution time: 26.723401069641113 seconds
metaTables/vocal_music_demucs_16k/metaData_fma_large/row24100.csv
Execution time: 24.629225254058838 seconds
metaTables/vocal_music_demucs_16k/metaData_fma_large/row24101.csv
Execution time: 25.535051584243774 seconds
metaTables/vocal_music_demucs_16k/metaData_fma_large/row24102.csv
Execution time: 24.9963161945343 seconds
metaTables/vocal_music_demucs_16k/metaData_fma_large/row24103.csv
Execution time: 25.408793210983276 seconds
metaTables/vocal_music_demucs_16k/metaData_fma_large/row24104.csv
Execution time: 26.531701803207397 seconds
metaTables/vocal_music_demucs_16k/metaData_fma_large/row24105.csv
Execution time: 24.319689512252808 seconds
metaTables/vocal_music_demucs_16k/metaData_fma_large/row24106.csv
Execution time: 24.953596591949463 seconds
metaTables/vocal_music_demucs_16k/metaData_fma_large/row24107.csv
Execution time: 25.651184797286987 seconds
metaTables/vocal_music_demucs_16k/metaData_fma_large/row24108.csv
Execution time: 24.872913360595703 seconds
metaTables/vocal_music_demucs_16k/metaData_fma_large/row24109.csv
Execution time: 25.42320156097412 seconds
metaTables/vocal_music_demucs_16k/metaData_fma_large/row24110.csv
Execution time: 26.197816848754883 seconds
metaTables/vocal_music_demucs_16k/metaData_fma_large/row24111.csv
Execution time: 25.029046058654785 seconds
metaTables/vocal_music_demucs_16k/metaData_fma_large/row24112.csv
Execution time: 26.387096405029297 seconds
metaTables/vocal_music_demucs_16k/metaData_fma_large/row24113.csv
Execution time: 25.253130197525024 seconds
metaTables/vocal_music_demucs_16k/metaData_fma_large/row24114.csv
Execution time: 24.909483909606934 seconds
metaTables/vocal_music_demucs_16k/metaData_fma_large/row24115.csv
Execution time: 25.87105703353882 seconds
metaTables/vocal_music_demucs_16k/metaData_fma_large/row24116.csv
Execution time: 25.03037667274475 seconds
metaTables/vocal_music_demucs_16k/metaData_fma_large/row24117.csv
Execution time: 25.060413122177124 seconds
metaTables/vocal_music_demucs_16k/metaData_fma_large/row24118.csv
Execution time: 25.182121515274048 seconds
metaTables/vocal_music_demucs_16k/metaData_fma_large/row24119.csv
Execution time: 25.848419189453125 seconds
metaTables/vocal_music_demucs_16k/metaData_fma_large/row24120.csv
Execution time: 24.525434732437134 seconds
metaTables/vocal_music_demucs_16k/metaData_fma_large/row24121.csv
Execution time: 25.13822650909424 seconds
metaTables/vocal_music_demucs_16k/metaData_fma_large/row24122.csv
Execution time: 25.219112873077393 seconds
metaTables/vocal_music_demucs_16k/metaData_fma_large/row24123.csv
Execution time: 25.88590669631958 seconds
metaTables/vocal_music_demucs_16k/metaData_fma_large/row24124.csv
Execution time: 25.758535861968994 seconds
metaTables/vocal_music_demucs_16k/metaData_fma_large/row24125.csv
Execution time: 26.408544063568115 seconds
metaTables/vocal_music_demucs_16k/metaData_fma_large/row24126.csv
Execution time: 25.660809993743896 seconds
metaTables/vocal_music_demucs_16k/metaData_fma_large/row24127.csv
Execution time: 25.760147094726562 seconds
metaTables/vocal_music_demucs_16k/metaData_fma_large/row24128.csv
Execution time: 26.280714988708496 seconds
metaTables/vocal_music_demucs_16k/metaData_fma_large/row24129.csv
Execution time: 25.948547840118408 seconds
metaTables/vocal_music_demucs_16k/metaData_fma_large/row24130.csv
Execution time: 25.861125230789185 seconds
metaTables/vocal_music_demucs_16k/metaData_fma_large/row24131.csv
Execution time: 26.23104238510132 seconds
metaTables/vocal_music_demucs_16k/metaData_fma_large/row24132.csv
Execution time: 25.953493118286133 seconds
metaTables/vocal_music_demucs_16k/metaData_fma_large/row24133.csv
Execution time: 25.747883081436157 seconds
metaTables/vocal_music_demucs_16k/metaData_fma_large/row24134.csv
Execution time: 26.043396472930908 seconds
metaTables/vocal_music_demucs_16k/metaData_fma_large/row24135.csv
Execution time: 26.1608829498291 seconds
metaTables/vocal_music_demucs_16k/metaData_fma_large/row24136.csv
Execution time: 25.36766743659973 seconds
metaTables/vocal_music_demucs_16k/metaData_fma_large/row24137.csv
Execution time: 25.792497634887695 seconds
metaTables/vocal_music_demucs_16k/metaData_fma_large/row24138.csv
Execution time: 26.587992906570435 seconds
metaTables/vocal_music_demucs_16k/metaData_fma_large/row24139.csv
Execution time: 25.794833183288574 seconds
metaTables/vocal_music_demucs_16k/metaData_fma_large/row24140.csv
Execution time: 25.508240222930908 seconds
metaTables/vocal_music_demucs_16k/metaData_fma_large/row24141.csv
Execution time: 25.476994037628174 seconds
metaTables/vocal_music_demucs_16k/metaData_fma_large/row24142.csv
Execution time: 25.75844407081604 seconds
metaTables/vocal_music_demucs_16k/metaData_fma_large/row24143.csv
Execution time: 25.55552387237549 seconds
metaTables/vocal_music_demucs_16k/metaData_fma_large/row24144.csv
Execution time: 25.793115854263306 seconds
metaTables/vocal_music_demucs_16k/metaData_fma_large/row24145.csv
Execution time: 25.25840449333191 seconds
metaTables/vocal_music_demucs_16k/metaData_fma_large/row24146.csv
Execution time: 25.973551750183105 seconds
metaTables/vocal_music_demucs_16k/metaData_fma_large/row24147.csv
Execution time: 25.278619289398193 seconds
metaTables/vocal_music_demucs_16k/metaData_fma_large/row24148.csv
Execution time: 26.033141136169434 seconds
metaTables/vocal_music_demucs_16k/metaData_fma_large/row24149.csv
Execution time: 26.524564743041992 seconds
metaTables/vocal_music_demucs_16k/metaData_fma_large/row24150.csv
Execution time: 25.731271505355835 seconds
metaTables/vocal_music_demucs_16k/metaData_fma_large/row24151.csv
Execution time: 26.36741018295288 seconds
metaTables/vocal_music_demucs_16k/metaData_fma_large/row24152.csv
Execution time: 25.38860535621643 seconds
metaTables/vocal_music_demucs_16k/metaData_fma_large/row24153.csv
Execution time: 26.032384872436523 seconds
metaTables/vocal_music_demucs_16k/metaData_fma_large/row24154.csv
Execution time: 27.380679845809937 seconds
metaTables/vocal_music_demucs_16k/metaData_fma_large/row24155.csv
Execution time: 25.804067850112915 seconds
metaTables/vocal_music_demucs_16k/metaData_fma_large/row24156.csv
Execution time: 26.18847894668579 seconds
metaTables/vocal_music_demucs_16k/metaData_fma_large/row24157.csv
Execution time: 26.614186763763428 seconds
metaTables/vocal_music_demucs_16k/metaData_fma_large/row24158.csv
Execution time: 26.010865688323975 seconds
metaTables/vocal_music_demucs_16k/metaData_fma_large/row24159.csv
Execution time: 25.656984090805054 seconds
metaTables/vocal_music_demucs_16k/metaData_fma_large/row24160.csv
Execution time: 25.68285846710205 seconds
metaTables/vocal_music_demucs_16k/metaData_fma_large/row24161.csv
Execution time: 24.94419503211975 seconds
metaTables/vocal_music_demucs_16k/metaData_fma_large/row24162.csv
Execution time: 25.180452585220337 seconds
metaTables/vocal_music_demucs_16k/metaData_fma_large/row24163.csv
Execution time: 21.931630611419678 seconds
metaTables/vocal_music_demucs_16k/metaData_fma_large/row24164.csv
Execution time: 24.797732830047607 seconds
metaTables/vocal_music_demucs_16k/metaData_fma_large/row24165.csv
Execution time: 26.67367672920227 seconds
metaTables/vocal_music_demucs_16k/metaData_fma_large/row24166.csv
Execution time: 26.52619194984436 seconds
metaTables/vocal_music_demucs_16k/metaData_fma_large/row24167.csv
Execution time: 26.619712114334106 seconds
metaTables/vocal_music_demucs_16k/metaData_fma_large/row24168.csv
Execution time: 25.60028624534607 seconds
metaTables/vocal_music_demucs_16k/metaData_fma_large/row24169.csv
Execution time: 25.922654390335083 seconds
metaTables/vocal_music_demucs_16k/metaData_fma_large/row24170.csv
Execution time: 27.35123586654663 seconds
metaTables/vocal_music_demucs_16k/metaData_fma_large/row24171.csv
Execution time: 26.62872862815857 seconds
metaTables/vocal_music_demucs_16k/metaData_fma_large/row24172.csv
Execution time: 26.59071183204651 seconds
metaTables/vocal_music_demucs_16k/metaData_fma_large/row24173.csv
Execution time: 26.12038493156433 seconds
metaTables/vocal_music_demucs_16k/metaData_fma_large/row24174.csv
Execution time: 26.514443159103394 seconds
metaTables/vocal_music_demucs_16k/metaData_fma_large/row24175.csv
Execution time: 25.5853009223938 seconds
metaTables/vocal_music_demucs_16k/metaData_fma_large/row24176.csv
Execution time: 25.11644172668457 seconds
metaTables/vocal_music_demucs_16k/metaData_fma_large/row24177.csv
Execution time: 26.622262001037598 seconds
metaTables/vocal_music_demucs_16k/metaData_fma_large/row24178.csv
Execution time: 26.379098653793335 seconds
metaTables/vocal_music_demucs_16k/metaData_fma_large/row24179.csv
Execution time: 25.55494451522827 seconds
metaTables/vocal_music_demucs_16k/metaData_fma_large/row24180.csv
Execution time: 26.37554407119751 seconds
metaTables/vocal_music_demucs_16k/metaData_fma_large/row24181.csv
Execution time: 25.49039888381958 seconds
metaTables/vocal_music_demucs_16k/metaData_fma_large/row24182.csv
Execution time: 27.09276270866394 seconds
metaTables/vocal_music_demucs_16k/metaData_fma_large/row24183.csv
Execution time: 26.117637395858765 seconds
metaTables/vocal_music_demucs_16k/metaData_fma_large/row24184.csv
Execution time: 26.654483795166016 seconds
metaTables/vocal_music_demucs_16k/metaData_fma_large/row24185.csv
Execution time: 26.85165810585022 seconds
metaTables/vocal_music_demucs_16k/metaData_fma_large/row24186.csv
Execution time: 25.50755000114441 seconds
metaTables/vocal_music_demucs_16k/metaData_fma_large/row24187.csv
Execution time: 26.679423093795776 seconds
metaTables/vocal_music_demucs_16k/metaData_fma_large/row24188.csv
Execution time: 26.48887038230896 seconds
metaTables/vocal_music_demucs_16k/metaData_fma_large/row24189.csv
Execution time: 25.972023487091064 seconds
metaTables/vocal_music_demucs_16k/metaData_fma_large/row24190.csv
Execution time: 26.27099919319153 seconds
metaTables/vocal_music_demucs_16k/metaData_fma_large/row24191.csv
Execution time: 25.991048336029053 seconds
metaTables/vocal_music_demucs_16k/metaData_fma_large/row24192.csv
Execution time: 28.38864493370056 seconds
metaTables/vocal_music_demucs_16k/metaData_fma_large/row24193.csv
Execution time: 25.816763639450073 seconds
metaTables/vocal_music_demucs_16k/metaData_fma_large/row24194.csv
Execution time: 25.692468404769897 seconds
metaTables/vocal_music_demucs_16k/metaData_fma_large/row24195.csv
Execution time: 28.207523584365845 seconds
metaTables/vocal_music_demucs_16k/metaData_fma_large/row24196.csv
Execution time: 26.376078367233276 seconds
metaTables/vocal_music_demucs_16k/metaData_fma_large/row24197.csv
Execution time: 26.097731351852417 seconds
metaTables/vocal_music_demucs_16k/metaData_fma_large/row24198.csv
Execution time: 24.86401891708374 seconds
metaTables/vocal_music_demucs_16k/metaData_fma_large/row24199.csv
Demucs voice recognition done!
