/ext3/demucs/lib/python3.9/site-packages/demucs/api.py:27: UserWarning: TorchAudio's global backend is now deprecated. Please enable distpatcher by setting `TORCHAUDIO_USE_BACKEND_DISPATCHER=1`, and specify backend when calling load/info/save function.
  import torchaudio as ta
2024-05-09 09:20:47.816370: I tensorflow/core/util/port.cc:113] oneDNN custom operations are on. You may see slightly different numerical results due to floating-point round-off errors from different computation orders. To turn them off, set the environment variable `TF_ENABLE_ONEDNN_OPTS=0`.
2024-05-09 09:20:51.157898: E external/local_xla/xla/stream_executor/cuda/cuda_dnn.cc:9261] Unable to register cuDNN factory: Attempting to register factory for plugin cuDNN when one has already been registered
2024-05-09 09:20:51.157944: E external/local_xla/xla/stream_executor/cuda/cuda_fft.cc:607] Unable to register cuFFT factory: Attempting to register factory for plugin cuFFT when one has already been registered
2024-05-09 09:20:51.435167: E external/local_xla/xla/stream_executor/cuda/cuda_blas.cc:1515] Unable to register cuBLAS factory: Attempting to register factory for plugin cuBLAS when one has already been registered
2024-05-09 09:20:51.702871: I tensorflow/core/platform/cpu_feature_guard.cc:182] This TensorFlow binary is optimized to use available CPU instructions in performance-critical operations.
To enable the following instructions: AVX2 AVX512F AVX512_VNNI FMA, in other operations, rebuild TensorFlow with the appropriate compiler flags.
2024-05-09 09:20:54.311786: W tensorflow/compiler/tf2tensorrt/utils/py_utils.cc:38] TF-TRT Warning: Could not find TensorRT
SKIPPING: metaTables/vocal_music_demucs_16k/metaData_fma_large/row31400.csv
SKIPPING: metaTables/vocal_music_demucs_16k/metaData_fma_large/row31401.csv
SKIPPING: metaTables/vocal_music_demucs_16k/metaData_fma_large/row31402.csv
SKIPPING: metaTables/vocal_music_demucs_16k/metaData_fma_large/row31403.csv
SKIPPING: metaTables/vocal_music_demucs_16k/metaData_fma_large/row31404.csv
SKIPPING: metaTables/vocal_music_demucs_16k/metaData_fma_large/row31405.csv
SKIPPING: metaTables/vocal_music_demucs_16k/metaData_fma_large/row31406.csv
SKIPPING: metaTables/vocal_music_demucs_16k/metaData_fma_large/row31407.csv
SKIPPING: metaTables/vocal_music_demucs_16k/metaData_fma_large/row31408.csv
SKIPPING: metaTables/vocal_music_demucs_16k/metaData_fma_large/row31409.csv
SKIPPING: metaTables/vocal_music_demucs_16k/metaData_fma_large/row31410.csv
SKIPPING: metaTables/vocal_music_demucs_16k/metaData_fma_large/row31411.csv
SKIPPING: metaTables/vocal_music_demucs_16k/metaData_fma_large/row31412.csv
SKIPPING: metaTables/vocal_music_demucs_16k/metaData_fma_large/row31413.csv
SKIPPING: metaTables/vocal_music_demucs_16k/metaData_fma_large/row31414.csv
SKIPPING: metaTables/vocal_music_demucs_16k/metaData_fma_large/row31415.csv
SKIPPING: metaTables/vocal_music_demucs_16k/metaData_fma_large/row31416.csv
SKIPPING: metaTables/vocal_music_demucs_16k/metaData_fma_large/row31417.csv
SKIPPING: metaTables/vocal_music_demucs_16k/metaData_fma_large/row31418.csv
SKIPPING: metaTables/vocal_music_demucs_16k/metaData_fma_large/row31419.csv
SKIPPING: metaTables/vocal_music_demucs_16k/metaData_fma_large/row31420.csv
SKIPPING: metaTables/vocal_music_demucs_16k/metaData_fma_large/row31421.csv
SKIPPING: metaTables/vocal_music_demucs_16k/metaData_fma_large/row31422.csv
SKIPPING: metaTables/vocal_music_demucs_16k/metaData_fma_large/row31423.csv
SKIPPING: metaTables/vocal_music_demucs_16k/metaData_fma_large/row31424.csv
SKIPPING: metaTables/vocal_music_demucs_16k/metaData_fma_large/row31425.csv
SKIPPING: metaTables/vocal_music_demucs_16k/metaData_fma_large/row31426.csv
SKIPPING: metaTables/vocal_music_demucs_16k/metaData_fma_large/row31427.csv
SKIPPING: metaTables/vocal_music_demucs_16k/metaData_fma_large/row31428.csv
SKIPPING: metaTables/vocal_music_demucs_16k/metaData_fma_large/row31429.csv
SKIPPING: metaTables/vocal_music_demucs_16k/metaData_fma_large/row31430.csv
SKIPPING: metaTables/vocal_music_demucs_16k/metaData_fma_large/row31431.csv
SKIPPING: metaTables/vocal_music_demucs_16k/metaData_fma_large/row31432.csv
SKIPPING: metaTables/vocal_music_demucs_16k/metaData_fma_large/row31433.csv
SKIPPING: metaTables/vocal_music_demucs_16k/metaData_fma_large/row31434.csv
SKIPPING: metaTables/vocal_music_demucs_16k/metaData_fma_large/row31435.csv
SKIPPING: metaTables/vocal_music_demucs_16k/metaData_fma_large/row31436.csv
SKIPPING: metaTables/vocal_music_demucs_16k/metaData_fma_large/row31437.csv
SKIPPING: metaTables/vocal_music_demucs_16k/metaData_fma_large/row31438.csv
SKIPPING: metaTables/vocal_music_demucs_16k/metaData_fma_large/row31439.csv
SKIPPING: metaTables/vocal_music_demucs_16k/metaData_fma_large/row31440.csv
SKIPPING: metaTables/vocal_music_demucs_16k/metaData_fma_large/row31441.csv
SKIPPING: metaTables/vocal_music_demucs_16k/metaData_fma_large/row31442.csv
SKIPPING: metaTables/vocal_music_demucs_16k/metaData_fma_large/row31443.csv
SKIPPING: metaTables/vocal_music_demucs_16k/metaData_fma_large/row31444.csv
SKIPPING: metaTables/vocal_music_demucs_16k/metaData_fma_large/row31445.csv
SKIPPING: metaTables/vocal_music_demucs_16k/metaData_fma_large/row31446.csv
SKIPPING: metaTables/vocal_music_demucs_16k/metaData_fma_large/row31447.csv
SKIPPING: metaTables/vocal_music_demucs_16k/metaData_fma_large/row31448.csv
SKIPPING: metaTables/vocal_music_demucs_16k/metaData_fma_large/row31449.csv
SKIPPING: metaTables/vocal_music_demucs_16k/metaData_fma_large/row31450.csv
SKIPPING: metaTables/vocal_music_demucs_16k/metaData_fma_large/row31451.csv
SKIPPING: metaTables/vocal_music_demucs_16k/metaData_fma_large/row31452.csv
SKIPPING: metaTables/vocal_music_demucs_16k/metaData_fma_large/row31453.csv
SKIPPING: metaTables/vocal_music_demucs_16k/metaData_fma_large/row31454.csv
SKIPPING: metaTables/vocal_music_demucs_16k/metaData_fma_large/row31455.csv
SKIPPING: metaTables/vocal_music_demucs_16k/metaData_fma_large/row31456.csv
SKIPPING: metaTables/vocal_music_demucs_16k/metaData_fma_large/row31457.csv
SKIPPING: metaTables/vocal_music_demucs_16k/metaData_fma_large/row31458.csv
SKIPPING: metaTables/vocal_music_demucs_16k/metaData_fma_large/row31459.csv
SKIPPING: metaTables/vocal_music_demucs_16k/metaData_fma_large/row31460.csv
SKIPPING: metaTables/vocal_music_demucs_16k/metaData_fma_large/row31461.csv
SKIPPING: metaTables/vocal_music_demucs_16k/metaData_fma_large/row31462.csv
SKIPPING: metaTables/vocal_music_demucs_16k/metaData_fma_large/row31463.csv
SKIPPING: metaTables/vocal_music_demucs_16k/metaData_fma_large/row31464.csv
SKIPPING: metaTables/vocal_music_demucs_16k/metaData_fma_large/row31465.csv
SKIPPING: metaTables/vocal_music_demucs_16k/metaData_fma_large/row31466.csv
SKIPPING: metaTables/vocal_music_demucs_16k/metaData_fma_large/row31467.csv
SKIPPING: metaTables/vocal_music_demucs_16k/metaData_fma_large/row31468.csv
SKIPPING: metaTables/vocal_music_demucs_16k/metaData_fma_large/row31469.csv
SKIPPING: metaTables/vocal_music_demucs_16k/metaData_fma_large/row31470.csv
SKIPPING: metaTables/vocal_music_demucs_16k/metaData_fma_large/row31471.csv
SKIPPING: metaTables/vocal_music_demucs_16k/metaData_fma_large/row31472.csv
SKIPPING: metaTables/vocal_music_demucs_16k/metaData_fma_large/row31473.csv
SKIPPING: metaTables/vocal_music_demucs_16k/metaData_fma_large/row31474.csv
SKIPPING: metaTables/vocal_music_demucs_16k/metaData_fma_large/row31475.csv
SKIPPING: metaTables/vocal_music_demucs_16k/metaData_fma_large/row31476.csv
SKIPPING: metaTables/vocal_music_demucs_16k/metaData_fma_large/row31477.csv
SKIPPING: metaTables/vocal_music_demucs_16k/metaData_fma_large/row31478.csv
SKIPPING: metaTables/vocal_music_demucs_16k/metaData_fma_large/row31479.csv
SKIPPING: metaTables/vocal_music_demucs_16k/metaData_fma_large/row31480.csv
SKIPPING: metaTables/vocal_music_demucs_16k/metaData_fma_large/row31481.csv
SKIPPING: metaTables/vocal_music_demucs_16k/metaData_fma_large/row31482.csv
SKIPPING: metaTables/vocal_music_demucs_16k/metaData_fma_large/row31483.csv
SKIPPING: metaTables/vocal_music_demucs_16k/metaData_fma_large/row31484.csv
SKIPPING: metaTables/vocal_music_demucs_16k/metaData_fma_large/row31485.csv
SKIPPING: metaTables/vocal_music_demucs_16k/metaData_fma_large/row31486.csv
SKIPPING: metaTables/vocal_music_demucs_16k/metaData_fma_large/row31487.csv
SKIPPING: metaTables/vocal_music_demucs_16k/metaData_fma_large/row31488.csv
SKIPPING: metaTables/vocal_music_demucs_16k/metaData_fma_large/row31489.csv
SKIPPING: metaTables/vocal_music_demucs_16k/metaData_fma_large/row31490.csv
SKIPPING: metaTables/vocal_music_demucs_16k/metaData_fma_large/row31491.csv
SKIPPING: metaTables/vocal_music_demucs_16k/metaData_fma_large/row31492.csv
SKIPPING: metaTables/vocal_music_demucs_16k/metaData_fma_large/row31493.csv
SKIPPING: metaTables/vocal_music_demucs_16k/metaData_fma_large/row31494.csv
SKIPPING: metaTables/vocal_music_demucs_16k/metaData_fma_large/row31495.csv
SKIPPING: metaTables/vocal_music_demucs_16k/metaData_fma_large/row31496.csv
SKIPPING: metaTables/vocal_music_demucs_16k/metaData_fma_large/row31497.csv
SKIPPING: metaTables/vocal_music_demucs_16k/metaData_fma_large/row31498.csv
SKIPPING: metaTables/vocal_music_demucs_16k/metaData_fma_large/row31499.csv
Demucs voice recognition done!
