/ext3/demucs/lib/python3.9/site-packages/demucs/api.py:27: UserWarning: TorchAudio's global backend is now deprecated. Please enable distpatcher by setting `TORCHAUDIO_USE_BACKEND_DISPATCHER=1`, and specify backend when calling load/info/save function.
  import torchaudio as ta
2024-05-08 23:36:03.830884: I tensorflow/core/util/port.cc:113] oneDNN custom operations are on. You may see slightly different numerical results due to floating-point round-off errors from different computation orders. To turn them off, set the environment variable `TF_ENABLE_ONEDNN_OPTS=0`.
2024-05-08 23:36:08.310672: E external/local_xla/xla/stream_executor/cuda/cuda_dnn.cc:9261] Unable to register cuDNN factory: Attempting to register factory for plugin cuDNN when one has already been registered
2024-05-08 23:36:08.310707: E external/local_xla/xla/stream_executor/cuda/cuda_fft.cc:607] Unable to register cuFFT factory: Attempting to register factory for plugin cuFFT when one has already been registered
2024-05-08 23:36:08.661954: E external/local_xla/xla/stream_executor/cuda/cuda_blas.cc:1515] Unable to register cuBLAS factory: Attempting to register factory for plugin cuBLAS when one has already been registered
2024-05-08 23:36:09.049064: I tensorflow/core/platform/cpu_feature_guard.cc:182] This TensorFlow binary is optimized to use available CPU instructions in performance-critical operations.
To enable the following instructions: AVX2 AVX512F AVX512_VNNI FMA, in other operations, rebuild TensorFlow with the appropriate compiler flags.
2024-05-08 23:36:12.497899: W tensorflow/compiler/tf2tensorrt/utils/py_utils.cc:38] TF-TRT Warning: Could not find TensorRT
Execution time: 30.580923080444336 seconds
metaTables/vocal_music_demucs_16k/metaData_fma_large/row22900.csv
Execution time: 25.933890342712402 seconds
metaTables/vocal_music_demucs_16k/metaData_fma_large/row22901.csv
Execution time: 27.33805823326111 seconds
metaTables/vocal_music_demucs_16k/metaData_fma_large/row22902.csv
Execution time: 25.929921865463257 seconds
metaTables/vocal_music_demucs_16k/metaData_fma_large/row22903.csv
Execution time: 26.107033491134644 seconds
metaTables/vocal_music_demucs_16k/metaData_fma_large/row22904.csv
Execution time: 25.75356674194336 seconds
metaTables/vocal_music_demucs_16k/metaData_fma_large/row22905.csv
Execution time: 25.837705612182617 seconds
metaTables/vocal_music_demucs_16k/metaData_fma_large/row22906.csv
Execution time: 26.117058992385864 seconds
metaTables/vocal_music_demucs_16k/metaData_fma_large/row22907.csv
Execution time: 25.641105890274048 seconds
metaTables/vocal_music_demucs_16k/metaData_fma_large/row22908.csv
Execution time: 26.08396625518799 seconds
metaTables/vocal_music_demucs_16k/metaData_fma_large/row22909.csv
Execution time: 26.130621194839478 seconds
metaTables/vocal_music_demucs_16k/metaData_fma_large/row22910.csv
Execution time: 26.45777678489685 seconds
metaTables/vocal_music_demucs_16k/metaData_fma_large/row22911.csv
Execution time: 24.965265035629272 seconds
metaTables/vocal_music_demucs_16k/metaData_fma_large/row22912.csv
Execution time: 26.069578170776367 seconds
metaTables/vocal_music_demucs_16k/metaData_fma_large/row22913.csv
Execution time: 26.28381633758545 seconds
metaTables/vocal_music_demucs_16k/metaData_fma_large/row22914.csv
Execution time: 25.833107709884644 seconds
metaTables/vocal_music_demucs_16k/metaData_fma_large/row22915.csv
Execution time: 26.27785563468933 seconds
metaTables/vocal_music_demucs_16k/metaData_fma_large/row22916.csv
Execution time: 25.265496969223022 seconds
metaTables/vocal_music_demucs_16k/metaData_fma_large/row22917.csv
Execution time: 12.78888988494873 seconds
metaTables/vocal_music_demucs_16k/metaData_fma_large/row22918.csv
Execution time: 26.195616483688354 seconds
metaTables/vocal_music_demucs_16k/metaData_fma_large/row22919.csv
Execution time: 26.14034605026245 seconds
metaTables/vocal_music_demucs_16k/metaData_fma_large/row22920.csv
Execution time: 27.6810622215271 seconds
metaTables/vocal_music_demucs_16k/metaData_fma_large/row22921.csv
Execution time: 26.24608588218689 seconds
metaTables/vocal_music_demucs_16k/metaData_fma_large/row22922.csv
Execution time: 25.260372400283813 seconds
metaTables/vocal_music_demucs_16k/metaData_fma_large/row22923.csv
Execution time: 25.37054133415222 seconds
metaTables/vocal_music_demucs_16k/metaData_fma_large/row22924.csv
Execution time: 26.024821281433105 seconds
metaTables/vocal_music_demucs_16k/metaData_fma_large/row22925.csv
Execution time: 26.603615522384644 seconds
metaTables/vocal_music_demucs_16k/metaData_fma_large/row22926.csv
Execution time: 26.189094305038452 seconds
metaTables/vocal_music_demucs_16k/metaData_fma_large/row22927.csv
Execution time: 25.61522078514099 seconds
metaTables/vocal_music_demucs_16k/metaData_fma_large/row22928.csv
Execution time: 25.993415594100952 seconds
metaTables/vocal_music_demucs_16k/metaData_fma_large/row22929.csv
Execution time: 25.819474697113037 seconds
metaTables/vocal_music_demucs_16k/metaData_fma_large/row22930.csv
Execution time: 25.91456151008606 seconds
metaTables/vocal_music_demucs_16k/metaData_fma_large/row22931.csv
Execution time: 26.287919282913208 seconds
metaTables/vocal_music_demucs_16k/metaData_fma_large/row22932.csv
Execution time: 27.054084539413452 seconds
metaTables/vocal_music_demucs_16k/metaData_fma_large/row22933.csv
Execution time: 25.946577548980713 seconds
metaTables/vocal_music_demucs_16k/metaData_fma_large/row22934.csv
Execution time: 25.22187900543213 seconds
metaTables/vocal_music_demucs_16k/metaData_fma_large/row22935.csv
Execution time: 25.864816665649414 seconds
metaTables/vocal_music_demucs_16k/metaData_fma_large/row22936.csv
Execution time: 26.014896631240845 seconds
metaTables/vocal_music_demucs_16k/metaData_fma_large/row22937.csv
Execution time: 26.00428605079651 seconds
metaTables/vocal_music_demucs_16k/metaData_fma_large/row22938.csv
Execution time: 26.15959143638611 seconds
metaTables/vocal_music_demucs_16k/metaData_fma_large/row22939.csv
Execution time: 27.014217376708984 seconds
metaTables/vocal_music_demucs_16k/metaData_fma_large/row22940.csv
Execution time: 25.69309902191162 seconds
metaTables/vocal_music_demucs_16k/metaData_fma_large/row22941.csv
Execution time: 25.40470290184021 seconds
metaTables/vocal_music_demucs_16k/metaData_fma_large/row22942.csv
Execution time: 26.327078580856323 seconds
metaTables/vocal_music_demucs_16k/metaData_fma_large/row22943.csv
Execution time: 25.610758543014526 seconds
metaTables/vocal_music_demucs_16k/metaData_fma_large/row22944.csv
Execution time: 26.370848178863525 seconds
metaTables/vocal_music_demucs_16k/metaData_fma_large/row22945.csv
Execution time: 25.40213704109192 seconds
metaTables/vocal_music_demucs_16k/metaData_fma_large/row22946.csv
Execution time: 26.21661067008972 seconds
metaTables/vocal_music_demucs_16k/metaData_fma_large/row22947.csv
Execution time: 25.661956787109375 seconds
metaTables/vocal_music_demucs_16k/metaData_fma_large/row22948.csv
Execution time: 27.73179817199707 seconds
metaTables/vocal_music_demucs_16k/metaData_fma_large/row22949.csv
Execution time: 25.541096210479736 seconds
metaTables/vocal_music_demucs_16k/metaData_fma_large/row22950.csv
Execution time: 25.60532021522522 seconds
metaTables/vocal_music_demucs_16k/metaData_fma_large/row22951.csv
Execution time: 26.33262825012207 seconds
metaTables/vocal_music_demucs_16k/metaData_fma_large/row22952.csv
Execution time: 26.05743432044983 seconds
metaTables/vocal_music_demucs_16k/metaData_fma_large/row22953.csv
Execution time: 25.817954063415527 seconds
metaTables/vocal_music_demucs_16k/metaData_fma_large/row22954.csv
Execution time: 17.35447406768799 seconds
metaTables/vocal_music_demucs_16k/metaData_fma_large/row22955.csv
Execution time: 25.435418367385864 seconds
metaTables/vocal_music_demucs_16k/metaData_fma_large/row22956.csv
Execution time: 25.263787508010864 seconds
metaTables/vocal_music_demucs_16k/metaData_fma_large/row22957.csv
Execution time: 25.727883100509644 seconds
metaTables/vocal_music_demucs_16k/metaData_fma_large/row22958.csv
Execution time: 25.919158220291138 seconds
metaTables/vocal_music_demucs_16k/metaData_fma_large/row22959.csv
Execution time: 24.900134563446045 seconds
metaTables/vocal_music_demucs_16k/metaData_fma_large/row22960.csv
Execution time: 25.414182424545288 seconds
metaTables/vocal_music_demucs_16k/metaData_fma_large/row22961.csv
Execution time: 25.030144214630127 seconds
metaTables/vocal_music_demucs_16k/metaData_fma_large/row22962.csv
Execution time: 24.927772998809814 seconds
metaTables/vocal_music_demucs_16k/metaData_fma_large/row22963.csv
Execution time: 25.302643537521362 seconds
metaTables/vocal_music_demucs_16k/metaData_fma_large/row22964.csv
Execution time: 27.56032371520996 seconds
metaTables/vocal_music_demucs_16k/metaData_fma_large/row22965.csv
Execution time: 26.804004669189453 seconds
metaTables/vocal_music_demucs_16k/metaData_fma_large/row22966.csv
Execution time: 25.701618671417236 seconds
metaTables/vocal_music_demucs_16k/metaData_fma_large/row22967.csv
Execution time: 24.59420943260193 seconds
metaTables/vocal_music_demucs_16k/metaData_fma_large/row22968.csv
Execution time: 25.534902334213257 seconds
metaTables/vocal_music_demucs_16k/metaData_fma_large/row22969.csv
Execution time: 26.443127870559692 seconds
metaTables/vocal_music_demucs_16k/metaData_fma_large/row22970.csv
Execution time: 25.98008632659912 seconds
metaTables/vocal_music_demucs_16k/metaData_fma_large/row22971.csv
Execution time: 25.970321893692017 seconds
metaTables/vocal_music_demucs_16k/metaData_fma_large/row22972.csv
Execution time: 26.064403772354126 seconds
metaTables/vocal_music_demucs_16k/metaData_fma_large/row22973.csv
Execution time: 25.91021966934204 seconds
metaTables/vocal_music_demucs_16k/metaData_fma_large/row22974.csv
Execution time: 25.58620572090149 seconds
metaTables/vocal_music_demucs_16k/metaData_fma_large/row22975.csv
Execution time: 25.33093500137329 seconds
metaTables/vocal_music_demucs_16k/metaData_fma_large/row22976.csv
Execution time: 25.214908123016357 seconds
metaTables/vocal_music_demucs_16k/metaData_fma_large/row22977.csv
Execution time: 25.0711350440979 seconds
metaTables/vocal_music_demucs_16k/metaData_fma_large/row22978.csv
Execution time: 17.23828434944153 seconds
metaTables/vocal_music_demucs_16k/metaData_fma_large/row22979.csv
Execution time: 24.876052618026733 seconds
metaTables/vocal_music_demucs_16k/metaData_fma_large/row22980.csv
Execution time: 25.416009187698364 seconds
metaTables/vocal_music_demucs_16k/metaData_fma_large/row22981.csv
Execution time: 25.833884477615356 seconds
metaTables/vocal_music_demucs_16k/metaData_fma_large/row22982.csv
Execution time: 25.998477935791016 seconds
metaTables/vocal_music_demucs_16k/metaData_fma_large/row22983.csv
Execution time: 25.77982807159424 seconds
metaTables/vocal_music_demucs_16k/metaData_fma_large/row22984.csv
Execution time: 25.188692569732666 seconds
metaTables/vocal_music_demucs_16k/metaData_fma_large/row22985.csv
Execution time: 25.940454959869385 seconds
metaTables/vocal_music_demucs_16k/metaData_fma_large/row22986.csv
Execution time: 25.88126301765442 seconds
metaTables/vocal_music_demucs_16k/metaData_fma_large/row22987.csv
Execution time: 26.074650526046753 seconds
metaTables/vocal_music_demucs_16k/metaData_fma_large/row22988.csv
Execution time: 26.369403839111328 seconds
metaTables/vocal_music_demucs_16k/metaData_fma_large/row22989.csv
Execution time: 25.83929133415222 seconds
metaTables/vocal_music_demucs_16k/metaData_fma_large/row22990.csv
Execution time: 26.680399417877197 seconds
metaTables/vocal_music_demucs_16k/metaData_fma_large/row22991.csv
Execution time: 25.763317346572876 seconds
metaTables/vocal_music_demucs_16k/metaData_fma_large/row22992.csv
Execution time: 26.155154943466187 seconds
metaTables/vocal_music_demucs_16k/metaData_fma_large/row22993.csv
Execution time: 24.99888300895691 seconds
metaTables/vocal_music_demucs_16k/metaData_fma_large/row22994.csv
Execution time: 25.69062638282776 seconds
metaTables/vocal_music_demucs_16k/metaData_fma_large/row22995.csv
Execution time: 25.37620520591736 seconds
metaTables/vocal_music_demucs_16k/metaData_fma_large/row22996.csv
Execution time: 27.40695309638977 seconds
metaTables/vocal_music_demucs_16k/metaData_fma_large/row22997.csv
Execution time: 24.715469360351562 seconds
metaTables/vocal_music_demucs_16k/metaData_fma_large/row22998.csv
Execution time: 25.540358066558838 seconds
metaTables/vocal_music_demucs_16k/metaData_fma_large/row22999.csv
Demucs voice recognition done!
