/ext3/demucs/lib/python3.9/site-packages/demucs/api.py:27: UserWarning: TorchAudio's global backend is now deprecated. Please enable distpatcher by setting `TORCHAUDIO_USE_BACKEND_DISPATCHER=1`, and specify backend when calling load/info/save function.
  import torchaudio as ta
2024-05-10 11:33:13.530664: I tensorflow/core/util/port.cc:113] oneDNN custom operations are on. You may see slightly different numerical results due to floating-point round-off errors from different computation orders. To turn them off, set the environment variable `TF_ENABLE_ONEDNN_OPTS=0`.
2024-05-10 11:33:13.788208: E external/local_xla/xla/stream_executor/cuda/cuda_dnn.cc:9261] Unable to register cuDNN factory: Attempting to register factory for plugin cuDNN when one has already been registered
2024-05-10 11:33:13.788264: E external/local_xla/xla/stream_executor/cuda/cuda_fft.cc:607] Unable to register cuFFT factory: Attempting to register factory for plugin cuFFT when one has already been registered
2024-05-10 11:33:13.826081: E external/local_xla/xla/stream_executor/cuda/cuda_blas.cc:1515] Unable to register cuBLAS factory: Attempting to register factory for plugin cuBLAS when one has already been registered
2024-05-10 11:33:14.133804: I tensorflow/core/platform/cpu_feature_guard.cc:182] This TensorFlow binary is optimized to use available CPU instructions in performance-critical operations.
To enable the following instructions: AVX2 AVX512F AVX512_VNNI FMA, in other operations, rebuild TensorFlow with the appropriate compiler flags.
2024-05-10 11:33:15.297447: W tensorflow/compiler/tf2tensorrt/utils/py_utils.cc:38] TF-TRT Warning: Could not find TensorRT
Execution time: 34.21221685409546 seconds
metaTables/vocal_music_demucs_16k/metaData_fma_large/row16000.csv
Execution time: 31.972927570343018 seconds
metaTables/vocal_music_demucs_16k/metaData_fma_large/row16001.csv
Execution time: 33.3467276096344 seconds
metaTables/vocal_music_demucs_16k/metaData_fma_large/row16002.csv
Execution time: 32.38633346557617 seconds
metaTables/vocal_music_demucs_16k/metaData_fma_large/row16003.csv
Execution time: 32.78470492362976 seconds
metaTables/vocal_music_demucs_16k/metaData_fma_large/row16004.csv
Execution time: 32.610225439071655 seconds
metaTables/vocal_music_demucs_16k/metaData_fma_large/row16005.csv
Execution time: 32.72342133522034 seconds
metaTables/vocal_music_demucs_16k/metaData_fma_large/row16006.csv
Execution time: 32.230353593826294 seconds
metaTables/vocal_music_demucs_16k/metaData_fma_large/row16007.csv
Execution time: 32.732799768447876 seconds
metaTables/vocal_music_demucs_16k/metaData_fma_large/row16008.csv
Execution time: 32.18088459968567 seconds
metaTables/vocal_music_demucs_16k/metaData_fma_large/row16009.csv
Execution time: 31.31560707092285 seconds
metaTables/vocal_music_demucs_16k/metaData_fma_large/row16010.csv
Execution time: 32.34650778770447 seconds
metaTables/vocal_music_demucs_16k/metaData_fma_large/row16011.csv
Execution time: 32.360048055648804 seconds
metaTables/vocal_music_demucs_16k/metaData_fma_large/row16012.csv
Execution time: 32.56120729446411 seconds
metaTables/vocal_music_demucs_16k/metaData_fma_large/row16013.csv
Execution time: 32.17111563682556 seconds
metaTables/vocal_music_demucs_16k/metaData_fma_large/row16014.csv
Execution time: 31.887410640716553 seconds
metaTables/vocal_music_demucs_16k/metaData_fma_large/row16015.csv
Execution time: 21.686994314193726 seconds
metaTables/vocal_music_demucs_16k/metaData_fma_large/row16016.csv
Execution time: 32.32361316680908 seconds
metaTables/vocal_music_demucs_16k/metaData_fma_large/row16017.csv
Execution time: 33.373114824295044 seconds
metaTables/vocal_music_demucs_16k/metaData_fma_large/row16018.csv
Execution time: 32.02037167549133 seconds
metaTables/vocal_music_demucs_16k/metaData_fma_large/row16019.csv
Execution time: 31.62938117980957 seconds
metaTables/vocal_music_demucs_16k/metaData_fma_large/row16020.csv
Execution time: 33.337172985076904 seconds
metaTables/vocal_music_demucs_16k/metaData_fma_large/row16021.csv
Execution time: 33.23215675354004 seconds
metaTables/vocal_music_demucs_16k/metaData_fma_large/row16022.csv
Execution time: 32.75929856300354 seconds
metaTables/vocal_music_demucs_16k/metaData_fma_large/row16023.csv
Execution time: 32.858577489852905 seconds
metaTables/vocal_music_demucs_16k/metaData_fma_large/row16024.csv
Execution time: 32.86733102798462 seconds
metaTables/vocal_music_demucs_16k/metaData_fma_large/row16025.csv
Execution time: 33.37850546836853 seconds
metaTables/vocal_music_demucs_16k/metaData_fma_large/row16026.csv
Execution time: 32.02004861831665 seconds
metaTables/vocal_music_demucs_16k/metaData_fma_large/row16027.csv
Execution time: 32.58567953109741 seconds
metaTables/vocal_music_demucs_16k/metaData_fma_large/row16028.csv
Execution time: 33.73888325691223 seconds
metaTables/vocal_music_demucs_16k/metaData_fma_large/row16029.csv
Execution time: 32.58271098136902 seconds
metaTables/vocal_music_demucs_16k/metaData_fma_large/row16030.csv
Execution time: 31.943926334381104 seconds
metaTables/vocal_music_demucs_16k/metaData_fma_large/row16031.csv
Execution time: 32.80585980415344 seconds
metaTables/vocal_music_demucs_16k/metaData_fma_large/row16032.csv
Execution time: 31.732590913772583 seconds
metaTables/vocal_music_demucs_16k/metaData_fma_large/row16033.csv
Execution time: 32.560681104660034 seconds
metaTables/vocal_music_demucs_16k/metaData_fma_large/row16034.csv
Execution time: 31.569923400878906 seconds
metaTables/vocal_music_demucs_16k/metaData_fma_large/row16035.csv
Execution time: 32.44404196739197 seconds
metaTables/vocal_music_demucs_16k/metaData_fma_large/row16036.csv
Execution time: 32.536303997039795 seconds
metaTables/vocal_music_demucs_16k/metaData_fma_large/row16037.csv
Execution time: 32.491432428359985 seconds
metaTables/vocal_music_demucs_16k/metaData_fma_large/row16038.csv
Execution time: 33.58105444908142 seconds
metaTables/vocal_music_demucs_16k/metaData_fma_large/row16039.csv
Execution time: 31.79889941215515 seconds
metaTables/vocal_music_demucs_16k/metaData_fma_large/row16040.csv
Execution time: 31.603880882263184 seconds
metaTables/vocal_music_demucs_16k/metaData_fma_large/row16041.csv
Execution time: 32.49665713310242 seconds
metaTables/vocal_music_demucs_16k/metaData_fma_large/row16042.csv
Execution time: 34.053462266922 seconds
metaTables/vocal_music_demucs_16k/metaData_fma_large/row16043.csv
Execution time: 31.641926765441895 seconds
metaTables/vocal_music_demucs_16k/metaData_fma_large/row16044.csv
Execution time: 31.639153242111206 seconds
metaTables/vocal_music_demucs_16k/metaData_fma_large/row16045.csv
Execution time: 34.011022329330444 seconds
metaTables/vocal_music_demucs_16k/metaData_fma_large/row16046.csv
Execution time: 33.69059872627258 seconds
metaTables/vocal_music_demucs_16k/metaData_fma_large/row16047.csv
Execution time: 31.8810613155365 seconds
metaTables/vocal_music_demucs_16k/metaData_fma_large/row16048.csv
Execution time: 33.23129057884216 seconds
metaTables/vocal_music_demucs_16k/metaData_fma_large/row16049.csv
Execution time: 32.65722107887268 seconds
metaTables/vocal_music_demucs_16k/metaData_fma_large/row16050.csv
Execution time: 30.604509830474854 seconds
metaTables/vocal_music_demucs_16k/metaData_fma_large/row16051.csv
Execution time: 31.972280263900757 seconds
metaTables/vocal_music_demucs_16k/metaData_fma_large/row16052.csv
Execution time: 33.25113129615784 seconds
metaTables/vocal_music_demucs_16k/metaData_fma_large/row16053.csv
Execution time: 32.36054992675781 seconds
metaTables/vocal_music_demucs_16k/metaData_fma_large/row16054.csv
Execution time: 32.31121492385864 seconds
metaTables/vocal_music_demucs_16k/metaData_fma_large/row16055.csv
Execution time: 32.528942346572876 seconds
metaTables/vocal_music_demucs_16k/metaData_fma_large/row16056.csv
Execution time: 34.87359356880188 seconds
metaTables/vocal_music_demucs_16k/metaData_fma_large/row16057.csv
Execution time: 32.3180775642395 seconds
metaTables/vocal_music_demucs_16k/metaData_fma_large/row16058.csv
Execution time: 31.634026527404785 seconds
metaTables/vocal_music_demucs_16k/metaData_fma_large/row16059.csv
Execution time: 32.269343852996826 seconds
metaTables/vocal_music_demucs_16k/metaData_fma_large/row16060.csv
Execution time: 33.263323068618774 seconds
metaTables/vocal_music_demucs_16k/metaData_fma_large/row16061.csv
Execution time: 31.996344089508057 seconds
metaTables/vocal_music_demucs_16k/metaData_fma_large/row16062.csv
Execution time: 32.220269441604614 seconds
metaTables/vocal_music_demucs_16k/metaData_fma_large/row16063.csv
Execution time: 32.985278844833374 seconds
metaTables/vocal_music_demucs_16k/metaData_fma_large/row16064.csv
Execution time: 34.19490671157837 seconds
metaTables/vocal_music_demucs_16k/metaData_fma_large/row16065.csv
Execution time: 32.61982226371765 seconds
metaTables/vocal_music_demucs_16k/metaData_fma_large/row16066.csv
Execution time: 32.69881725311279 seconds
metaTables/vocal_music_demucs_16k/metaData_fma_large/row16067.csv
Execution time: 33.75497388839722 seconds
metaTables/vocal_music_demucs_16k/metaData_fma_large/row16068.csv
Execution time: 31.937845945358276 seconds
metaTables/vocal_music_demucs_16k/metaData_fma_large/row16069.csv
Execution time: 32.87083864212036 seconds
metaTables/vocal_music_demucs_16k/metaData_fma_large/row16070.csv
Execution time: 32.24192762374878 seconds
metaTables/vocal_music_demucs_16k/metaData_fma_large/row16071.csv
Execution time: 31.60339331626892 seconds
metaTables/vocal_music_demucs_16k/metaData_fma_large/row16072.csv
Execution time: 32.94228744506836 seconds
metaTables/vocal_music_demucs_16k/metaData_fma_large/row16073.csv
Execution time: 33.10075521469116 seconds
metaTables/vocal_music_demucs_16k/metaData_fma_large/row16074.csv
Execution time: 33.44466280937195 seconds
metaTables/vocal_music_demucs_16k/metaData_fma_large/row16075.csv
Execution time: 32.92279577255249 seconds
metaTables/vocal_music_demucs_16k/metaData_fma_large/row16076.csv
Execution time: 31.77964997291565 seconds
metaTables/vocal_music_demucs_16k/metaData_fma_large/row16077.csv
Execution time: 32.690471172332764 seconds
metaTables/vocal_music_demucs_16k/metaData_fma_large/row16078.csv
Execution time: 33.21572184562683 seconds
metaTables/vocal_music_demucs_16k/metaData_fma_large/row16079.csv
Execution time: 32.57799530029297 seconds
metaTables/vocal_music_demucs_16k/metaData_fma_large/row16080.csv
Execution time: 30.690943717956543 seconds
metaTables/vocal_music_demucs_16k/metaData_fma_large/row16081.csv
Execution time: 32.1278772354126 seconds
metaTables/vocal_music_demucs_16k/metaData_fma_large/row16082.csv
Execution time: 33.88303542137146 seconds
metaTables/vocal_music_demucs_16k/metaData_fma_large/row16083.csv
Execution time: 32.06585168838501 seconds
metaTables/vocal_music_demucs_16k/metaData_fma_large/row16084.csv
Execution time: 33.67925500869751 seconds
metaTables/vocal_music_demucs_16k/metaData_fma_large/row16085.csv
Execution time: 33.33791208267212 seconds
metaTables/vocal_music_demucs_16k/metaData_fma_large/row16086.csv
Execution time: 32.84403419494629 seconds
metaTables/vocal_music_demucs_16k/metaData_fma_large/row16087.csv
Execution time: 32.3148455619812 seconds
metaTables/vocal_music_demucs_16k/metaData_fma_large/row16088.csv
Execution time: 32.658045530319214 seconds
metaTables/vocal_music_demucs_16k/metaData_fma_large/row16089.csv
Execution time: 32.726723432540894 seconds
metaTables/vocal_music_demucs_16k/metaData_fma_large/row16090.csv
Execution time: 33.12158179283142 seconds
metaTables/vocal_music_demucs_16k/metaData_fma_large/row16091.csv
Execution time: 33.488702058792114 seconds
metaTables/vocal_music_demucs_16k/metaData_fma_large/row16092.csv
Execution time: 32.70594120025635 seconds
metaTables/vocal_music_demucs_16k/metaData_fma_large/row16093.csv
Execution time: 32.87270712852478 seconds
metaTables/vocal_music_demucs_16k/metaData_fma_large/row16094.csv
Execution time: 32.26431083679199 seconds
metaTables/vocal_music_demucs_16k/metaData_fma_large/row16095.csv
Execution time: 32.95486068725586 seconds
metaTables/vocal_music_demucs_16k/metaData_fma_large/row16096.csv
Execution time: 32.466633319854736 seconds
metaTables/vocal_music_demucs_16k/metaData_fma_large/row16097.csv
Execution time: 34.491599798202515 seconds
metaTables/vocal_music_demucs_16k/metaData_fma_large/row16098.csv
Execution time: 31.898325204849243 seconds
metaTables/vocal_music_demucs_16k/metaData_fma_large/row16099.csv
Demucs voice recognition done!
