/ext3/demucs/lib/python3.9/site-packages/demucs/api.py:27: UserWarning: TorchAudio's global backend is now deprecated. Please enable distpatcher by setting `TORCHAUDIO_USE_BACKEND_DISPATCHER=1`, and specify backend when calling load/info/save function.
  import torchaudio as ta
2024-05-10 11:33:29.088314: I tensorflow/core/util/port.cc:113] oneDNN custom operations are on. You may see slightly different numerical results due to floating-point round-off errors from different computation orders. To turn them off, set the environment variable `TF_ENABLE_ONEDNN_OPTS=0`.
2024-05-10 11:33:30.461072: E external/local_xla/xla/stream_executor/cuda/cuda_dnn.cc:9261] Unable to register cuDNN factory: Attempting to register factory for plugin cuDNN when one has already been registered
2024-05-10 11:33:30.461111: E external/local_xla/xla/stream_executor/cuda/cuda_fft.cc:607] Unable to register cuFFT factory: Attempting to register factory for plugin cuFFT when one has already been registered
2024-05-10 11:33:30.677802: E external/local_xla/xla/stream_executor/cuda/cuda_blas.cc:1515] Unable to register cuBLAS factory: Attempting to register factory for plugin cuBLAS when one has already been registered
2024-05-10 11:33:30.851821: I tensorflow/core/platform/cpu_feature_guard.cc:182] This TensorFlow binary is optimized to use available CPU instructions in performance-critical operations.
To enable the following instructions: AVX2 AVX512F AVX512_VNNI FMA, in other operations, rebuild TensorFlow with the appropriate compiler flags.
2024-05-10 11:33:32.432245: W tensorflow/compiler/tf2tensorrt/utils/py_utils.cc:38] TF-TRT Warning: Could not find TensorRT
Execution time: 28.00629496574402 seconds
metaTables/vocal_music_demucs_16k/metaData_fma_large/row43300.csv
Execution time: 26.06196355819702 seconds
metaTables/vocal_music_demucs_16k/metaData_fma_large/row43301.csv
Execution time: 26.894327640533447 seconds
metaTables/vocal_music_demucs_16k/metaData_fma_large/row43302.csv
Execution time: 25.791144132614136 seconds
metaTables/vocal_music_demucs_16k/metaData_fma_large/row43303.csv
Execution time: 26.12042760848999 seconds
metaTables/vocal_music_demucs_16k/metaData_fma_large/row43304.csv
Execution time: 25.81002688407898 seconds
metaTables/vocal_music_demucs_16k/metaData_fma_large/row43305.csv
Execution time: 25.569006204605103 seconds
metaTables/vocal_music_demucs_16k/metaData_fma_large/row43306.csv
Execution time: 27.14104461669922 seconds
metaTables/vocal_music_demucs_16k/metaData_fma_large/row43307.csv
Execution time: 25.577625513076782 seconds
metaTables/vocal_music_demucs_16k/metaData_fma_large/row43308.csv
Execution time: 27.399324893951416 seconds
metaTables/vocal_music_demucs_16k/metaData_fma_large/row43309.csv
Execution time: 25.11155128479004 seconds
metaTables/vocal_music_demucs_16k/metaData_fma_large/row43310.csv
Execution time: 25.982381343841553 seconds
metaTables/vocal_music_demucs_16k/metaData_fma_large/row43311.csv
Execution time: 26.071865797042847 seconds
metaTables/vocal_music_demucs_16k/metaData_fma_large/row43312.csv
Execution time: 27.10684823989868 seconds
metaTables/vocal_music_demucs_16k/metaData_fma_large/row43313.csv
Execution time: 17.280763387680054 seconds
metaTables/vocal_music_demucs_16k/metaData_fma_large/row43314.csv
Execution time: 25.84612226486206 seconds
metaTables/vocal_music_demucs_16k/metaData_fma_large/row43315.csv
Execution time: 27.598321437835693 seconds
metaTables/vocal_music_demucs_16k/metaData_fma_large/row43316.csv
Execution time: 25.876717567443848 seconds
metaTables/vocal_music_demucs_16k/metaData_fma_large/row43317.csv
Execution time: 25.095386028289795 seconds
metaTables/vocal_music_demucs_16k/metaData_fma_large/row43318.csv
Execution time: 25.173599243164062 seconds
metaTables/vocal_music_demucs_16k/metaData_fma_large/row43319.csv
Execution time: 25.478776693344116 seconds
metaTables/vocal_music_demucs_16k/metaData_fma_large/row43320.csv
Execution time: 26.484676361083984 seconds
metaTables/vocal_music_demucs_16k/metaData_fma_large/row43321.csv
Execution time: 25.771254777908325 seconds
metaTables/vocal_music_demucs_16k/metaData_fma_large/row43322.csv
Execution time: 25.57557487487793 seconds
metaTables/vocal_music_demucs_16k/metaData_fma_large/row43323.csv
Execution time: 26.99643039703369 seconds
metaTables/vocal_music_demucs_16k/metaData_fma_large/row43324.csv
Execution time: 27.00493597984314 seconds
metaTables/vocal_music_demucs_16k/metaData_fma_large/row43325.csv
Execution time: 26.390013217926025 seconds
metaTables/vocal_music_demucs_16k/metaData_fma_large/row43326.csv
Execution time: 25.47912573814392 seconds
metaTables/vocal_music_demucs_16k/metaData_fma_large/row43327.csv
Execution time: 26.476969480514526 seconds
metaTables/vocal_music_demucs_16k/metaData_fma_large/row43328.csv
Execution time: 25.70507287979126 seconds
metaTables/vocal_music_demucs_16k/metaData_fma_large/row43329.csv
Execution time: 25.404685497283936 seconds
metaTables/vocal_music_demucs_16k/metaData_fma_large/row43330.csv
Execution time: 26.228375673294067 seconds
metaTables/vocal_music_demucs_16k/metaData_fma_large/row43331.csv
Execution time: 25.766027688980103 seconds
metaTables/vocal_music_demucs_16k/metaData_fma_large/row43332.csv
Execution time: 25.384533643722534 seconds
metaTables/vocal_music_demucs_16k/metaData_fma_large/row43333.csv
Execution time: 25.770885944366455 seconds
metaTables/vocal_music_demucs_16k/metaData_fma_large/row43334.csv
Execution time: 26.15915322303772 seconds
metaTables/vocal_music_demucs_16k/metaData_fma_large/row43335.csv
Execution time: 27.251264810562134 seconds
metaTables/vocal_music_demucs_16k/metaData_fma_large/row43336.csv
Execution time: 25.56288719177246 seconds
metaTables/vocal_music_demucs_16k/metaData_fma_large/row43337.csv
Execution time: 26.21277689933777 seconds
metaTables/vocal_music_demucs_16k/metaData_fma_large/row43338.csv
Execution time: 25.5993332862854 seconds
metaTables/vocal_music_demucs_16k/metaData_fma_large/row43339.csv
Execution time: 25.616619348526 seconds
metaTables/vocal_music_demucs_16k/metaData_fma_large/row43340.csv
Execution time: 25.84112048149109 seconds
metaTables/vocal_music_demucs_16k/metaData_fma_large/row43341.csv
Execution time: 26.220664262771606 seconds
metaTables/vocal_music_demucs_16k/metaData_fma_large/row43342.csv
Execution time: 25.208179235458374 seconds
metaTables/vocal_music_demucs_16k/metaData_fma_large/row43343.csv
Execution time: 25.936827421188354 seconds
metaTables/vocal_music_demucs_16k/metaData_fma_large/row43344.csv
Execution time: 26.489760637283325 seconds
metaTables/vocal_music_demucs_16k/metaData_fma_large/row43345.csv
Execution time: 25.718934535980225 seconds
metaTables/vocal_music_demucs_16k/metaData_fma_large/row43346.csv
Execution time: 26.24967932701111 seconds
metaTables/vocal_music_demucs_16k/metaData_fma_large/row43347.csv
Execution time: 25.840566873550415 seconds
metaTables/vocal_music_demucs_16k/metaData_fma_large/row43348.csv
Execution time: 26.044843196868896 seconds
metaTables/vocal_music_demucs_16k/metaData_fma_large/row43349.csv
Execution time: 25.49886465072632 seconds
metaTables/vocal_music_demucs_16k/metaData_fma_large/row43350.csv
Execution time: 26.255887031555176 seconds
metaTables/vocal_music_demucs_16k/metaData_fma_large/row43351.csv
Execution time: 25.597731113433838 seconds
metaTables/vocal_music_demucs_16k/metaData_fma_large/row43352.csv
Execution time: 26.496397018432617 seconds
metaTables/vocal_music_demucs_16k/metaData_fma_large/row43353.csv
Execution time: 26.431583404541016 seconds
metaTables/vocal_music_demucs_16k/metaData_fma_large/row43354.csv
Execution time: 25.095794439315796 seconds
metaTables/vocal_music_demucs_16k/metaData_fma_large/row43355.csv
Execution time: 25.723753213882446 seconds
metaTables/vocal_music_demucs_16k/metaData_fma_large/row43356.csv
Execution time: 25.66216468811035 seconds
metaTables/vocal_music_demucs_16k/metaData_fma_large/row43357.csv
Execution time: 25.070924043655396 seconds
metaTables/vocal_music_demucs_16k/metaData_fma_large/row43358.csv
Execution time: 26.014113187789917 seconds
metaTables/vocal_music_demucs_16k/metaData_fma_large/row43359.csv
Execution time: 25.992027521133423 seconds
metaTables/vocal_music_demucs_16k/metaData_fma_large/row43360.csv
Execution time: 26.302964210510254 seconds
metaTables/vocal_music_demucs_16k/metaData_fma_large/row43361.csv
Execution time: 26.297881603240967 seconds
metaTables/vocal_music_demucs_16k/metaData_fma_large/row43362.csv
Execution time: 25.30128026008606 seconds
metaTables/vocal_music_demucs_16k/metaData_fma_large/row43363.csv
Execution time: 25.766802549362183 seconds
metaTables/vocal_music_demucs_16k/metaData_fma_large/row43364.csv
Execution time: 25.95680546760559 seconds
metaTables/vocal_music_demucs_16k/metaData_fma_large/row43365.csv
Execution time: 25.993010759353638 seconds
metaTables/vocal_music_demucs_16k/metaData_fma_large/row43366.csv
Execution time: 26.19968295097351 seconds
metaTables/vocal_music_demucs_16k/metaData_fma_large/row43367.csv
Execution time: 26.555571794509888 seconds
metaTables/vocal_music_demucs_16k/metaData_fma_large/row43368.csv
Execution time: 25.908849239349365 seconds
metaTables/vocal_music_demucs_16k/metaData_fma_large/row43369.csv
Execution time: 26.937554121017456 seconds
metaTables/vocal_music_demucs_16k/metaData_fma_large/row43370.csv
Execution time: 24.662166118621826 seconds
metaTables/vocal_music_demucs_16k/metaData_fma_large/row43371.csv
Execution time: 26.369521856307983 seconds
metaTables/vocal_music_demucs_16k/metaData_fma_large/row43372.csv
Execution time: 25.332594871520996 seconds
metaTables/vocal_music_demucs_16k/metaData_fma_large/row43373.csv
Execution time: 24.74015736579895 seconds
metaTables/vocal_music_demucs_16k/metaData_fma_large/row43374.csv
Execution time: 25.162549018859863 seconds
metaTables/vocal_music_demucs_16k/metaData_fma_large/row43375.csv
Execution time: 25.379400491714478 seconds
metaTables/vocal_music_demucs_16k/metaData_fma_large/row43376.csv
Execution time: 25.672412157058716 seconds
metaTables/vocal_music_demucs_16k/metaData_fma_large/row43377.csv
Execution time: 26.398422241210938 seconds
metaTables/vocal_music_demucs_16k/metaData_fma_large/row43378.csv
Execution time: 25.755672454833984 seconds
metaTables/vocal_music_demucs_16k/metaData_fma_large/row43379.csv
Execution time: 26.049699544906616 seconds
metaTables/vocal_music_demucs_16k/metaData_fma_large/row43380.csv
Execution time: 25.041649103164673 seconds
metaTables/vocal_music_demucs_16k/metaData_fma_large/row43381.csv
Execution time: 26.619161128997803 seconds
metaTables/vocal_music_demucs_16k/metaData_fma_large/row43382.csv
Execution time: 25.735543489456177 seconds
metaTables/vocal_music_demucs_16k/metaData_fma_large/row43383.csv
Execution time: 25.636385679244995 seconds
metaTables/vocal_music_demucs_16k/metaData_fma_large/row43384.csv
Execution time: 25.982701778411865 seconds
metaTables/vocal_music_demucs_16k/metaData_fma_large/row43385.csv
Execution time: 26.443138122558594 seconds
metaTables/vocal_music_demucs_16k/metaData_fma_large/row43386.csv
Execution time: 25.835245370864868 seconds
metaTables/vocal_music_demucs_16k/metaData_fma_large/row43387.csv
Execution time: 26.363728761672974 seconds
metaTables/vocal_music_demucs_16k/metaData_fma_large/row43388.csv
Execution time: 26.63325309753418 seconds
metaTables/vocal_music_demucs_16k/metaData_fma_large/row43389.csv
Execution time: 25.93665099143982 seconds
metaTables/vocal_music_demucs_16k/metaData_fma_large/row43390.csv
Execution time: 26.21582293510437 seconds
metaTables/vocal_music_demucs_16k/metaData_fma_large/row43391.csv
Execution time: 25.88816261291504 seconds
metaTables/vocal_music_demucs_16k/metaData_fma_large/row43392.csv
Execution time: 26.51005268096924 seconds
metaTables/vocal_music_demucs_16k/metaData_fma_large/row43393.csv
Execution time: 26.065297603607178 seconds
metaTables/vocal_music_demucs_16k/metaData_fma_large/row43394.csv
Execution time: 24.518198251724243 seconds
metaTables/vocal_music_demucs_16k/metaData_fma_large/row43395.csv
Execution time: 26.0793399810791 seconds
metaTables/vocal_music_demucs_16k/metaData_fma_large/row43396.csv
Execution time: 27.910542011260986 seconds
metaTables/vocal_music_demucs_16k/metaData_fma_large/row43397.csv
Execution time: 25.78960680961609 seconds
metaTables/vocal_music_demucs_16k/metaData_fma_large/row43398.csv
Execution time: 25.234408140182495 seconds
metaTables/vocal_music_demucs_16k/metaData_fma_large/row43399.csv
Demucs voice recognition done!
