/ext3/demucs/lib/python3.9/site-packages/demucs/api.py:27: UserWarning: TorchAudio's global backend is now deprecated. Please enable distpatcher by setting `TORCHAUDIO_USE_BACKEND_DISPATCHER=1`, and specify backend when calling load/info/save function.
  import torchaudio as ta
2024-05-10 02:04:24.526829: I tensorflow/core/util/port.cc:113] oneDNN custom operations are on. You may see slightly different numerical results due to floating-point round-off errors from different computation orders. To turn them off, set the environment variable `TF_ENABLE_ONEDNN_OPTS=0`.
2024-05-10 02:04:24.657512: E external/local_xla/xla/stream_executor/cuda/cuda_dnn.cc:9261] Unable to register cuDNN factory: Attempting to register factory for plugin cuDNN when one has already been registered
2024-05-10 02:04:24.657555: E external/local_xla/xla/stream_executor/cuda/cuda_fft.cc:607] Unable to register cuFFT factory: Attempting to register factory for plugin cuFFT when one has already been registered
2024-05-10 02:04:24.675337: E external/local_xla/xla/stream_executor/cuda/cuda_blas.cc:1515] Unable to register cuBLAS factory: Attempting to register factory for plugin cuBLAS when one has already been registered
2024-05-10 02:04:24.717520: I tensorflow/core/platform/cpu_feature_guard.cc:182] This TensorFlow binary is optimized to use available CPU instructions in performance-critical operations.
To enable the following instructions: AVX2 AVX512F AVX512_VNNI FMA, in other operations, rebuild TensorFlow with the appropriate compiler flags.
2024-05-10 02:04:25.638004: W tensorflow/compiler/tf2tensorrt/utils/py_utils.cc:38] TF-TRT Warning: Could not find TensorRT
Execution time: 26.974032163619995 seconds
metaTables/vocal_music_demucs_16k/metaData_fma_large/row88300.csv
Execution time: 27.464933395385742 seconds
metaTables/vocal_music_demucs_16k/metaData_fma_large/row88301.csv
Execution time: 26.46181035041809 seconds
metaTables/vocal_music_demucs_16k/metaData_fma_large/row88302.csv
Execution time: 26.69395875930786 seconds
metaTables/vocal_music_demucs_16k/metaData_fma_large/row88303.csv
Execution time: 26.89446997642517 seconds
metaTables/vocal_music_demucs_16k/metaData_fma_large/row88304.csv
Execution time: 26.005082368850708 seconds
metaTables/vocal_music_demucs_16k/metaData_fma_large/row88305.csv
Execution time: 25.792054891586304 seconds
metaTables/vocal_music_demucs_16k/metaData_fma_large/row88306.csv
Execution time: 26.55875301361084 seconds
metaTables/vocal_music_demucs_16k/metaData_fma_large/row88307.csv
Execution time: 26.205439805984497 seconds
metaTables/vocal_music_demucs_16k/metaData_fma_large/row88308.csv
Execution time: 26.330451488494873 seconds
metaTables/vocal_music_demucs_16k/metaData_fma_large/row88309.csv
Execution time: 25.928475618362427 seconds
metaTables/vocal_music_demucs_16k/metaData_fma_large/row88310.csv
Execution time: 26.206259965896606 seconds
metaTables/vocal_music_demucs_16k/metaData_fma_large/row88311.csv
Execution time: 25.894314289093018 seconds
metaTables/vocal_music_demucs_16k/metaData_fma_large/row88312.csv
Execution time: 25.900206804275513 seconds
metaTables/vocal_music_demucs_16k/metaData_fma_large/row88313.csv
Execution time: 27.84121561050415 seconds
metaTables/vocal_music_demucs_16k/metaData_fma_large/row88314.csv
Execution time: 26.162076950073242 seconds
metaTables/vocal_music_demucs_16k/metaData_fma_large/row88315.csv
Execution time: 26.229183435440063 seconds
metaTables/vocal_music_demucs_16k/metaData_fma_large/row88316.csv
Execution time: 25.377797603607178 seconds
metaTables/vocal_music_demucs_16k/metaData_fma_large/row88317.csv
Execution time: 26.034336805343628 seconds
metaTables/vocal_music_demucs_16k/metaData_fma_large/row88318.csv
Execution time: 26.781617403030396 seconds
metaTables/vocal_music_demucs_16k/metaData_fma_large/row88319.csv
Execution time: 26.817893266677856 seconds
metaTables/vocal_music_demucs_16k/metaData_fma_large/row88320.csv
Execution time: 26.84510087966919 seconds
metaTables/vocal_music_demucs_16k/metaData_fma_large/row88321.csv
Execution time: 26.02631425857544 seconds
metaTables/vocal_music_demucs_16k/metaData_fma_large/row88322.csv
Execution time: 25.681567907333374 seconds
metaTables/vocal_music_demucs_16k/metaData_fma_large/row88323.csv
Execution time: 27.62624216079712 seconds
metaTables/vocal_music_demucs_16k/metaData_fma_large/row88324.csv
Execution time: 26.53069019317627 seconds
metaTables/vocal_music_demucs_16k/metaData_fma_large/row88325.csv
Execution time: 26.089866161346436 seconds
metaTables/vocal_music_demucs_16k/metaData_fma_large/row88326.csv
Execution time: 25.803341150283813 seconds
metaTables/vocal_music_demucs_16k/metaData_fma_large/row88327.csv
Execution time: 25.90256094932556 seconds
metaTables/vocal_music_demucs_16k/metaData_fma_large/row88328.csv
Execution time: 26.593125581741333 seconds
metaTables/vocal_music_demucs_16k/metaData_fma_large/row88329.csv
Execution time: 25.0994975566864 seconds
metaTables/vocal_music_demucs_16k/metaData_fma_large/row88330.csv
Execution time: 26.30265784263611 seconds
metaTables/vocal_music_demucs_16k/metaData_fma_large/row88331.csv
Execution time: 25.9346661567688 seconds
metaTables/vocal_music_demucs_16k/metaData_fma_large/row88332.csv
Execution time: 25.624679803848267 seconds
metaTables/vocal_music_demucs_16k/metaData_fma_large/row88333.csv
Execution time: 25.762611627578735 seconds
metaTables/vocal_music_demucs_16k/metaData_fma_large/row88334.csv
Execution time: 25.98053479194641 seconds
metaTables/vocal_music_demucs_16k/metaData_fma_large/row88335.csv
Execution time: 27.160919189453125 seconds
metaTables/vocal_music_demucs_16k/metaData_fma_large/row88336.csv
Execution time: 26.19809889793396 seconds
metaTables/vocal_music_demucs_16k/metaData_fma_large/row88337.csv
Execution time: 26.305274486541748 seconds
metaTables/vocal_music_demucs_16k/metaData_fma_large/row88338.csv
Execution time: 25.95153284072876 seconds
metaTables/vocal_music_demucs_16k/metaData_fma_large/row88339.csv
Execution time: 26.275971174240112 seconds
metaTables/vocal_music_demucs_16k/metaData_fma_large/row88340.csv
Execution time: 25.91462779045105 seconds
metaTables/vocal_music_demucs_16k/metaData_fma_large/row88341.csv
Execution time: 25.970521926879883 seconds
metaTables/vocal_music_demucs_16k/metaData_fma_large/row88342.csv
Execution time: 26.573634386062622 seconds
metaTables/vocal_music_demucs_16k/metaData_fma_large/row88343.csv
Execution time: 26.262232780456543 seconds
metaTables/vocal_music_demucs_16k/metaData_fma_large/row88344.csv
Execution time: 26.159096479415894 seconds
metaTables/vocal_music_demucs_16k/metaData_fma_large/row88345.csv
Execution time: 26.317041635513306 seconds
metaTables/vocal_music_demucs_16k/metaData_fma_large/row88346.csv
Execution time: 26.060539960861206 seconds
metaTables/vocal_music_demucs_16k/metaData_fma_large/row88347.csv
Execution time: 26.0446195602417 seconds
metaTables/vocal_music_demucs_16k/metaData_fma_large/row88348.csv
Execution time: 26.194905757904053 seconds
metaTables/vocal_music_demucs_16k/metaData_fma_large/row88349.csv
Execution time: 27.184983730316162 seconds
metaTables/vocal_music_demucs_16k/metaData_fma_large/row88350.csv
Execution time: 25.116134881973267 seconds
metaTables/vocal_music_demucs_16k/metaData_fma_large/row88351.csv
Execution time: 25.901285886764526 seconds
metaTables/vocal_music_demucs_16k/metaData_fma_large/row88352.csv
Execution time: 27.533164978027344 seconds
metaTables/vocal_music_demucs_16k/metaData_fma_large/row88353.csv
Execution time: 25.790528059005737 seconds
metaTables/vocal_music_demucs_16k/metaData_fma_large/row88354.csv
Execution time: 26.277761936187744 seconds
metaTables/vocal_music_demucs_16k/metaData_fma_large/row88355.csv
Execution time: 26.032705783843994 seconds
metaTables/vocal_music_demucs_16k/metaData_fma_large/row88356.csv
Execution time: 25.760451316833496 seconds
metaTables/vocal_music_demucs_16k/metaData_fma_large/row88357.csv
Execution time: 26.321585178375244 seconds
metaTables/vocal_music_demucs_16k/metaData_fma_large/row88358.csv
Execution time: 25.60148572921753 seconds
metaTables/vocal_music_demucs_16k/metaData_fma_large/row88359.csv
Execution time: 25.676682472229004 seconds
metaTables/vocal_music_demucs_16k/metaData_fma_large/row88360.csv
Execution time: 25.668816328048706 seconds
metaTables/vocal_music_demucs_16k/metaData_fma_large/row88361.csv
Execution time: 26.32658362388611 seconds
metaTables/vocal_music_demucs_16k/metaData_fma_large/row88362.csv
Execution time: 26.509466886520386 seconds
metaTables/vocal_music_demucs_16k/metaData_fma_large/row88363.csv
Execution time: 25.293107271194458 seconds
metaTables/vocal_music_demucs_16k/metaData_fma_large/row88364.csv
Execution time: 25.321602821350098 seconds
metaTables/vocal_music_demucs_16k/metaData_fma_large/row88365.csv
Execution time: 25.809301614761353 seconds
metaTables/vocal_music_demucs_16k/metaData_fma_large/row88366.csv
Execution time: 25.637483835220337 seconds
metaTables/vocal_music_demucs_16k/metaData_fma_large/row88367.csv
Execution time: 26.109755039215088 seconds
metaTables/vocal_music_demucs_16k/metaData_fma_large/row88368.csv
Execution time: 26.22107720375061 seconds
metaTables/vocal_music_demucs_16k/metaData_fma_large/row88369.csv
Execution time: 25.94117259979248 seconds
metaTables/vocal_music_demucs_16k/metaData_fma_large/row88370.csv
Execution time: 25.633634090423584 seconds
metaTables/vocal_music_demucs_16k/metaData_fma_large/row88371.csv
Execution time: 26.59321641921997 seconds
metaTables/vocal_music_demucs_16k/metaData_fma_large/row88372.csv
Execution time: 26.135676622390747 seconds
metaTables/vocal_music_demucs_16k/metaData_fma_large/row88373.csv
Execution time: 26.430150032043457 seconds
metaTables/vocal_music_demucs_16k/metaData_fma_large/row88374.csv
Execution time: 26.916098833084106 seconds
metaTables/vocal_music_demucs_16k/metaData_fma_large/row88375.csv
Execution time: 26.369155645370483 seconds
metaTables/vocal_music_demucs_16k/metaData_fma_large/row88376.csv
Execution time: 26.093404531478882 seconds
metaTables/vocal_music_demucs_16k/metaData_fma_large/row88377.csv
Execution time: 25.434216260910034 seconds
metaTables/vocal_music_demucs_16k/metaData_fma_large/row88378.csv
Execution time: 26.196864366531372 seconds
metaTables/vocal_music_demucs_16k/metaData_fma_large/row88379.csv
Execution time: 25.90488624572754 seconds
metaTables/vocal_music_demucs_16k/metaData_fma_large/row88380.csv
Execution time: 25.367249488830566 seconds
metaTables/vocal_music_demucs_16k/metaData_fma_large/row88381.csv
Execution time: 25.84730076789856 seconds
metaTables/vocal_music_demucs_16k/metaData_fma_large/row88382.csv
Execution time: 26.109899282455444 seconds
metaTables/vocal_music_demucs_16k/metaData_fma_large/row88383.csv
Execution time: 27.036380529403687 seconds
metaTables/vocal_music_demucs_16k/metaData_fma_large/row88384.csv
Execution time: 26.185810089111328 seconds
metaTables/vocal_music_demucs_16k/metaData_fma_large/row88385.csv
Execution time: 26.349059104919434 seconds
metaTables/vocal_music_demucs_16k/metaData_fma_large/row88386.csv
Execution time: 24.69157123565674 seconds
metaTables/vocal_music_demucs_16k/metaData_fma_large/row88387.csv
Execution time: 26.74839758872986 seconds
metaTables/vocal_music_demucs_16k/metaData_fma_large/row88388.csv
Execution time: 25.27150797843933 seconds
metaTables/vocal_music_demucs_16k/metaData_fma_large/row88389.csv
Execution time: 26.178130388259888 seconds
metaTables/vocal_music_demucs_16k/metaData_fma_large/row88390.csv
Execution time: 25.572038888931274 seconds
metaTables/vocal_music_demucs_16k/metaData_fma_large/row88391.csv
Execution time: 26.010565280914307 seconds
metaTables/vocal_music_demucs_16k/metaData_fma_large/row88392.csv
Execution time: 27.808686017990112 seconds
metaTables/vocal_music_demucs_16k/metaData_fma_large/row88393.csv
Execution time: 25.96890687942505 seconds
metaTables/vocal_music_demucs_16k/metaData_fma_large/row88394.csv
Execution time: 25.401098012924194 seconds
metaTables/vocal_music_demucs_16k/metaData_fma_large/row88395.csv
Execution time: 26.05081796646118 seconds
metaTables/vocal_music_demucs_16k/metaData_fma_large/row88396.csv
Execution time: 26.860715866088867 seconds
metaTables/vocal_music_demucs_16k/metaData_fma_large/row88397.csv
Execution time: 26.5205180644989 seconds
metaTables/vocal_music_demucs_16k/metaData_fma_large/row88398.csv
Execution time: 24.95836901664734 seconds
metaTables/vocal_music_demucs_16k/metaData_fma_large/row88399.csv
Demucs voice recognition done!
