/ext3/demucs/lib/python3.9/site-packages/demucs/api.py:27: UserWarning: TorchAudio's global backend is now deprecated. Please enable distpatcher by setting `TORCHAUDIO_USE_BACKEND_DISPATCHER=1`, and specify backend when calling load/info/save function.
  import torchaudio as ta
2024-05-09 00:20:14.421585: I tensorflow/core/util/port.cc:113] oneDNN custom operations are on. You may see slightly different numerical results due to floating-point round-off errors from different computation orders. To turn them off, set the environment variable `TF_ENABLE_ONEDNN_OPTS=0`.
2024-05-09 00:20:14.661193: E external/local_xla/xla/stream_executor/cuda/cuda_dnn.cc:9261] Unable to register cuDNN factory: Attempting to register factory for plugin cuDNN when one has already been registered
2024-05-09 00:20:14.661242: E external/local_xla/xla/stream_executor/cuda/cuda_fft.cc:607] Unable to register cuFFT factory: Attempting to register factory for plugin cuFFT when one has already been registered
2024-05-09 00:20:14.684277: E external/local_xla/xla/stream_executor/cuda/cuda_blas.cc:1515] Unable to register cuBLAS factory: Attempting to register factory for plugin cuBLAS when one has already been registered
2024-05-09 00:20:14.861167: I tensorflow/core/platform/cpu_feature_guard.cc:182] This TensorFlow binary is optimized to use available CPU instructions in performance-critical operations.
To enable the following instructions: AVX2 AVX512F AVX512_VNNI FMA, in other operations, rebuild TensorFlow with the appropriate compiler flags.
2024-05-09 00:20:15.779222: W tensorflow/compiler/tf2tensorrt/utils/py_utils.cc:38] TF-TRT Warning: Could not find TensorRT
Execution time: 26.496878385543823 seconds
metaTables/vocal_music_demucs_16k/metaData_fma_large/row101900.csv
Execution time: 24.398357152938843 seconds
metaTables/vocal_music_demucs_16k/metaData_fma_large/row101901.csv
Execution time: 25.110743045806885 seconds
metaTables/vocal_music_demucs_16k/metaData_fma_large/row101902.csv
Execution time: 25.26817536354065 seconds
metaTables/vocal_music_demucs_16k/metaData_fma_large/row101903.csv
Execution time: 25.436115980148315 seconds
metaTables/vocal_music_demucs_16k/metaData_fma_large/row101904.csv
Execution time: 26.215086221694946 seconds
metaTables/vocal_music_demucs_16k/metaData_fma_large/row101905.csv
Execution time: 26.210664749145508 seconds
metaTables/vocal_music_demucs_16k/metaData_fma_large/row101906.csv
Execution time: 26.261672496795654 seconds
metaTables/vocal_music_demucs_16k/metaData_fma_large/row101907.csv
Execution time: 25.476553201675415 seconds
metaTables/vocal_music_demucs_16k/metaData_fma_large/row101908.csv
Execution time: 25.766139268875122 seconds
metaTables/vocal_music_demucs_16k/metaData_fma_large/row101909.csv
Execution time: 25.220642566680908 seconds
metaTables/vocal_music_demucs_16k/metaData_fma_large/row101910.csv
Execution time: 8.561750411987305 seconds
metaTables/vocal_music_demucs_16k/metaData_fma_large/row101911.csv
Execution time: 24.855180978775024 seconds
metaTables/vocal_music_demucs_16k/metaData_fma_large/row101912.csv
Execution time: 26.403863430023193 seconds
metaTables/vocal_music_demucs_16k/metaData_fma_large/row101913.csv
Execution time: 25.92354655265808 seconds
metaTables/vocal_music_demucs_16k/metaData_fma_large/row101914.csv
Execution time: 25.251049518585205 seconds
metaTables/vocal_music_demucs_16k/metaData_fma_large/row101915.csv
Execution time: 26.737473964691162 seconds
metaTables/vocal_music_demucs_16k/metaData_fma_large/row101916.csv
Execution time: 25.927860736846924 seconds
metaTables/vocal_music_demucs_16k/metaData_fma_large/row101917.csv
Execution time: 27.903131008148193 seconds
metaTables/vocal_music_demucs_16k/metaData_fma_large/row101918.csv
Execution time: 25.303261756896973 seconds
metaTables/vocal_music_demucs_16k/metaData_fma_large/row101919.csv
Execution time: 26.30296492576599 seconds
metaTables/vocal_music_demucs_16k/metaData_fma_large/row101920.csv
Execution time: 26.93782353401184 seconds
metaTables/vocal_music_demucs_16k/metaData_fma_large/row101921.csv
Execution time: 25.061251878738403 seconds
metaTables/vocal_music_demucs_16k/metaData_fma_large/row101922.csv
Execution time: 25.37481164932251 seconds
metaTables/vocal_music_demucs_16k/metaData_fma_large/row101923.csv
Execution time: 25.46664547920227 seconds
metaTables/vocal_music_demucs_16k/metaData_fma_large/row101924.csv
Execution time: 13.288979768753052 seconds
metaTables/vocal_music_demucs_16k/metaData_fma_large/row101925.csv
Execution time: 24.885937452316284 seconds
metaTables/vocal_music_demucs_16k/metaData_fma_large/row101926.csv
Execution time: 24.457592248916626 seconds
metaTables/vocal_music_demucs_16k/metaData_fma_large/row101927.csv
Execution time: 24.628158569335938 seconds
metaTables/vocal_music_demucs_16k/metaData_fma_large/row101928.csv
Execution time: 24.800626039505005 seconds
metaTables/vocal_music_demucs_16k/metaData_fma_large/row101929.csv
Execution time: 25.498517751693726 seconds
metaTables/vocal_music_demucs_16k/metaData_fma_large/row101930.csv
Execution time: 24.907755374908447 seconds
metaTables/vocal_music_demucs_16k/metaData_fma_large/row101931.csv
Execution time: 25.669985055923462 seconds
metaTables/vocal_music_demucs_16k/metaData_fma_large/row101932.csv
Execution time: 24.76055407524109 seconds
metaTables/vocal_music_demucs_16k/metaData_fma_large/row101933.csv
Execution time: 24.89810800552368 seconds
metaTables/vocal_music_demucs_16k/metaData_fma_large/row101934.csv
Execution time: 24.2194881439209 seconds
metaTables/vocal_music_demucs_16k/metaData_fma_large/row101935.csv
Execution time: 25.95288586616516 seconds
metaTables/vocal_music_demucs_16k/metaData_fma_large/row101936.csv
Execution time: 24.711896896362305 seconds
metaTables/vocal_music_demucs_16k/metaData_fma_large/row101937.csv
Execution time: 24.779524087905884 seconds
metaTables/vocal_music_demucs_16k/metaData_fma_large/row101938.csv
Execution time: 25.22832179069519 seconds
metaTables/vocal_music_demucs_16k/metaData_fma_large/row101939.csv
Execution time: 24.794574737548828 seconds
metaTables/vocal_music_demucs_16k/metaData_fma_large/row101940.csv
Execution time: 24.751782655715942 seconds
metaTables/vocal_music_demucs_16k/metaData_fma_large/row101941.csv
Execution time: 24.838640928268433 seconds
metaTables/vocal_music_demucs_16k/metaData_fma_large/row101942.csv
Execution time: 24.5642831325531 seconds
metaTables/vocal_music_demucs_16k/metaData_fma_large/row101943.csv
Execution time: 24.252443075180054 seconds
metaTables/vocal_music_demucs_16k/metaData_fma_large/row101944.csv
Execution time: 24.15330719947815 seconds
metaTables/vocal_music_demucs_16k/metaData_fma_large/row101945.csv
Execution time: 12.186062812805176 seconds
metaTables/vocal_music_demucs_16k/metaData_fma_large/row101946.csv
Execution time: 24.945385217666626 seconds
metaTables/vocal_music_demucs_16k/metaData_fma_large/row101947.csv
Execution time: 24.32352614402771 seconds
metaTables/vocal_music_demucs_16k/metaData_fma_large/row101948.csv
Execution time: 24.692672729492188 seconds
metaTables/vocal_music_demucs_16k/metaData_fma_large/row101949.csv
Execution time: 24.966465711593628 seconds
metaTables/vocal_music_demucs_16k/metaData_fma_large/row101950.csv
Execution time: 24.165263414382935 seconds
metaTables/vocal_music_demucs_16k/metaData_fma_large/row101951.csv
Execution time: 25.05478835105896 seconds
metaTables/vocal_music_demucs_16k/metaData_fma_large/row101952.csv
Execution time: 24.366832494735718 seconds
metaTables/vocal_music_demucs_16k/metaData_fma_large/row101953.csv
Execution time: 25.29965877532959 seconds
metaTables/vocal_music_demucs_16k/metaData_fma_large/row101954.csv
Execution time: 24.753349781036377 seconds
metaTables/vocal_music_demucs_16k/metaData_fma_large/row101955.csv
Execution time: 25.53897476196289 seconds
metaTables/vocal_music_demucs_16k/metaData_fma_large/row101956.csv
Execution time: 24.89518690109253 seconds
metaTables/vocal_music_demucs_16k/metaData_fma_large/row101957.csv
Execution time: 25.22072458267212 seconds
metaTables/vocal_music_demucs_16k/metaData_fma_large/row101958.csv
Execution time: 24.631918907165527 seconds
metaTables/vocal_music_demucs_16k/metaData_fma_large/row101959.csv
Execution time: 24.833461046218872 seconds
metaTables/vocal_music_demucs_16k/metaData_fma_large/row101960.csv
Execution time: 25.026962280273438 seconds
metaTables/vocal_music_demucs_16k/metaData_fma_large/row101961.csv
Execution time: 24.65008783340454 seconds
metaTables/vocal_music_demucs_16k/metaData_fma_large/row101962.csv
Execution time: 24.74955940246582 seconds
metaTables/vocal_music_demucs_16k/metaData_fma_large/row101963.csv
Execution time: 24.657267808914185 seconds
metaTables/vocal_music_demucs_16k/metaData_fma_large/row101964.csv
Execution time: 24.67818570137024 seconds
metaTables/vocal_music_demucs_16k/metaData_fma_large/row101965.csv
Execution time: 24.3666570186615 seconds
metaTables/vocal_music_demucs_16k/metaData_fma_large/row101966.csv
Execution time: 24.640247344970703 seconds
metaTables/vocal_music_demucs_16k/metaData_fma_large/row101967.csv
Execution time: 24.144798278808594 seconds
metaTables/vocal_music_demucs_16k/metaData_fma_large/row101968.csv
Execution time: 23.769012928009033 seconds
metaTables/vocal_music_demucs_16k/metaData_fma_large/row101969.csv
Execution time: 24.951855897903442 seconds
metaTables/vocal_music_demucs_16k/metaData_fma_large/row101970.csv
Execution time: 24.183671474456787 seconds
metaTables/vocal_music_demucs_16k/metaData_fma_large/row101971.csv
Execution time: 24.4698805809021 seconds
metaTables/vocal_music_demucs_16k/metaData_fma_large/row101972.csv
Execution time: 24.345661163330078 seconds
metaTables/vocal_music_demucs_16k/metaData_fma_large/row101973.csv
Execution time: 25.042136430740356 seconds
metaTables/vocal_music_demucs_16k/metaData_fma_large/row101974.csv
Execution time: 24.951122999191284 seconds
metaTables/vocal_music_demucs_16k/metaData_fma_large/row101975.csv
Execution time: 25.137640953063965 seconds
metaTables/vocal_music_demucs_16k/metaData_fma_large/row101976.csv
Execution time: 24.28104519844055 seconds
metaTables/vocal_music_demucs_16k/metaData_fma_large/row101977.csv
Execution time: 24.542295694351196 seconds
metaTables/vocal_music_demucs_16k/metaData_fma_large/row101978.csv
Execution time: 25.027631521224976 seconds
metaTables/vocal_music_demucs_16k/metaData_fma_large/row101979.csv
Execution time: 24.573514461517334 seconds
metaTables/vocal_music_demucs_16k/metaData_fma_large/row101980.csv
Execution time: 24.66127586364746 seconds
metaTables/vocal_music_demucs_16k/metaData_fma_large/row101981.csv
Execution time: 24.840572834014893 seconds
metaTables/vocal_music_demucs_16k/metaData_fma_large/row101982.csv
Execution time: 24.659119844436646 seconds
metaTables/vocal_music_demucs_16k/metaData_fma_large/row101983.csv
Execution time: 25.1593599319458 seconds
metaTables/vocal_music_demucs_16k/metaData_fma_large/row101984.csv
Execution time: 25.04228663444519 seconds
metaTables/vocal_music_demucs_16k/metaData_fma_large/row101985.csv
Execution time: 24.42508554458618 seconds
metaTables/vocal_music_demucs_16k/metaData_fma_large/row101986.csv
Execution time: 24.2152316570282 seconds
metaTables/vocal_music_demucs_16k/metaData_fma_large/row101987.csv
Execution time: 24.622759580612183 seconds
metaTables/vocal_music_demucs_16k/metaData_fma_large/row101988.csv
Execution time: 24.993486881256104 seconds
metaTables/vocal_music_demucs_16k/metaData_fma_large/row101989.csv
Execution time: 24.439171075820923 seconds
metaTables/vocal_music_demucs_16k/metaData_fma_large/row101990.csv
Execution time: 24.88953137397766 seconds
metaTables/vocal_music_demucs_16k/metaData_fma_large/row101991.csv
Execution time: 24.22532057762146 seconds
metaTables/vocal_music_demucs_16k/metaData_fma_large/row101992.csv
Execution time: 24.774922847747803 seconds
metaTables/vocal_music_demucs_16k/metaData_fma_large/row101993.csv
Execution time: 25.32920217514038 seconds
metaTables/vocal_music_demucs_16k/metaData_fma_large/row101994.csv
Execution time: 25.107830286026 seconds
metaTables/vocal_music_demucs_16k/metaData_fma_large/row101995.csv
Execution time: 25.153610944747925 seconds
metaTables/vocal_music_demucs_16k/metaData_fma_large/row101996.csv
Execution time: 24.4954833984375 seconds
metaTables/vocal_music_demucs_16k/metaData_fma_large/row101997.csv
Execution time: 24.505152225494385 seconds
metaTables/vocal_music_demucs_16k/metaData_fma_large/row101998.csv
Execution time: 24.631399869918823 seconds
metaTables/vocal_music_demucs_16k/metaData_fma_large/row101999.csv
Demucs voice recognition done!
