/ext3/demucs/lib/python3.9/site-packages/demucs/api.py:27: UserWarning: TorchAudio's global backend is now deprecated. Please enable distpatcher by setting `TORCHAUDIO_USE_BACKEND_DISPATCHER=1`, and specify backend when calling load/info/save function.
  import torchaudio as ta
2024-05-10 11:34:25.410211: I tensorflow/core/util/port.cc:113] oneDNN custom operations are on. You may see slightly different numerical results due to floating-point round-off errors from different computation orders. To turn them off, set the environment variable `TF_ENABLE_ONEDNN_OPTS=0`.
2024-05-10 11:34:26.676010: E external/local_xla/xla/stream_executor/cuda/cuda_dnn.cc:9261] Unable to register cuDNN factory: Attempting to register factory for plugin cuDNN when one has already been registered
2024-05-10 11:34:26.676049: E external/local_xla/xla/stream_executor/cuda/cuda_fft.cc:607] Unable to register cuFFT factory: Attempting to register factory for plugin cuFFT when one has already been registered
2024-05-10 11:34:26.877885: E external/local_xla/xla/stream_executor/cuda/cuda_blas.cc:1515] Unable to register cuBLAS factory: Attempting to register factory for plugin cuBLAS when one has already been registered
2024-05-10 11:34:26.923266: I tensorflow/core/platform/cpu_feature_guard.cc:182] This TensorFlow binary is optimized to use available CPU instructions in performance-critical operations.
To enable the following instructions: AVX2 AVX512F AVX512_VNNI FMA, in other operations, rebuild TensorFlow with the appropriate compiler flags.
2024-05-10 11:34:28.574825: W tensorflow/compiler/tf2tensorrt/utils/py_utils.cc:38] TF-TRT Warning: Could not find TensorRT
Execution time: 30.73693013191223 seconds
metaTables/vocal_music_demucs_16k/metaData_fma_large/row64500.csv
Execution time: 28.883319854736328 seconds
metaTables/vocal_music_demucs_16k/metaData_fma_large/row64501.csv
Execution time: 27.620566844940186 seconds
metaTables/vocal_music_demucs_16k/metaData_fma_large/row64502.csv
Execution time: 27.446617126464844 seconds
metaTables/vocal_music_demucs_16k/metaData_fma_large/row64503.csv
Execution time: 28.232949018478394 seconds
metaTables/vocal_music_demucs_16k/metaData_fma_large/row64504.csv
Execution time: 28.629836082458496 seconds
metaTables/vocal_music_demucs_16k/metaData_fma_large/row64505.csv
Execution time: 28.832924604415894 seconds
metaTables/vocal_music_demucs_16k/metaData_fma_large/row64506.csv
Execution time: 29.59277033805847 seconds
metaTables/vocal_music_demucs_16k/metaData_fma_large/row64507.csv
Execution time: 29.57812261581421 seconds
metaTables/vocal_music_demucs_16k/metaData_fma_large/row64508.csv
Execution time: 28.929572582244873 seconds
metaTables/vocal_music_demucs_16k/metaData_fma_large/row64509.csv
Execution time: 29.21639108657837 seconds
metaTables/vocal_music_demucs_16k/metaData_fma_large/row64510.csv
Execution time: 28.172910451889038 seconds
metaTables/vocal_music_demucs_16k/metaData_fma_large/row64511.csv
Execution time: 28.72951054573059 seconds
metaTables/vocal_music_demucs_16k/metaData_fma_large/row64512.csv
Execution time: 29.27403712272644 seconds
metaTables/vocal_music_demucs_16k/metaData_fma_large/row64513.csv
Execution time: 27.796185731887817 seconds
metaTables/vocal_music_demucs_16k/metaData_fma_large/row64514.csv
Execution time: 27.19379687309265 seconds
metaTables/vocal_music_demucs_16k/metaData_fma_large/row64515.csv
Execution time: 29.063112258911133 seconds
metaTables/vocal_music_demucs_16k/metaData_fma_large/row64516.csv
Execution time: 26.466171264648438 seconds
metaTables/vocal_music_demucs_16k/metaData_fma_large/row64517.csv
Execution time: 28.66178822517395 seconds
metaTables/vocal_music_demucs_16k/metaData_fma_large/row64518.csv
Execution time: 28.41385531425476 seconds
metaTables/vocal_music_demucs_16k/metaData_fma_large/row64519.csv
Execution time: 28.83717703819275 seconds
metaTables/vocal_music_demucs_16k/metaData_fma_large/row64520.csv
Execution time: 27.875274181365967 seconds
metaTables/vocal_music_demucs_16k/metaData_fma_large/row64521.csv
Execution time: 29.051157236099243 seconds
metaTables/vocal_music_demucs_16k/metaData_fma_large/row64522.csv
Execution time: 27.311142206192017 seconds
metaTables/vocal_music_demucs_16k/metaData_fma_large/row64523.csv
Execution time: 29.20860981941223 seconds
metaTables/vocal_music_demucs_16k/metaData_fma_large/row64524.csv
Execution time: 28.503167390823364 seconds
metaTables/vocal_music_demucs_16k/metaData_fma_large/row64525.csv
Execution time: 29.455095529556274 seconds
metaTables/vocal_music_demucs_16k/metaData_fma_large/row64526.csv
Execution time: 28.194629669189453 seconds
metaTables/vocal_music_demucs_16k/metaData_fma_large/row64527.csv
Execution time: 28.76313066482544 seconds
metaTables/vocal_music_demucs_16k/metaData_fma_large/row64528.csv
Execution time: 27.288840293884277 seconds
metaTables/vocal_music_demucs_16k/metaData_fma_large/row64529.csv
Execution time: 27.846903324127197 seconds
metaTables/vocal_music_demucs_16k/metaData_fma_large/row64530.csv
Execution time: 28.100561380386353 seconds
metaTables/vocal_music_demucs_16k/metaData_fma_large/row64531.csv
Execution time: 28.59022307395935 seconds
metaTables/vocal_music_demucs_16k/metaData_fma_large/row64532.csv
Execution time: 28.614341497421265 seconds
metaTables/vocal_music_demucs_16k/metaData_fma_large/row64533.csv
Execution time: 28.945807695388794 seconds
metaTables/vocal_music_demucs_16k/metaData_fma_large/row64534.csv
Execution time: 27.880842208862305 seconds
metaTables/vocal_music_demucs_16k/metaData_fma_large/row64535.csv
Execution time: 26.826590538024902 seconds
metaTables/vocal_music_demucs_16k/metaData_fma_large/row64536.csv
Execution time: 27.509888648986816 seconds
metaTables/vocal_music_demucs_16k/metaData_fma_large/row64537.csv
Execution time: 28.64873170852661 seconds
metaTables/vocal_music_demucs_16k/metaData_fma_large/row64538.csv
Execution time: 27.678460597991943 seconds
metaTables/vocal_music_demucs_16k/metaData_fma_large/row64539.csv
Execution time: 27.916862726211548 seconds
metaTables/vocal_music_demucs_16k/metaData_fma_large/row64540.csv
Execution time: 27.737146615982056 seconds
metaTables/vocal_music_demucs_16k/metaData_fma_large/row64541.csv
Execution time: 28.613354682922363 seconds
metaTables/vocal_music_demucs_16k/metaData_fma_large/row64542.csv
Execution time: 28.295884609222412 seconds
metaTables/vocal_music_demucs_16k/metaData_fma_large/row64543.csv
Execution time: 27.96219825744629 seconds
metaTables/vocal_music_demucs_16k/metaData_fma_large/row64544.csv
Execution time: 27.680501699447632 seconds
metaTables/vocal_music_demucs_16k/metaData_fma_large/row64545.csv
Execution time: 28.50754690170288 seconds
metaTables/vocal_music_demucs_16k/metaData_fma_large/row64546.csv
Execution time: 29.716456651687622 seconds
metaTables/vocal_music_demucs_16k/metaData_fma_large/row64547.csv
Execution time: 28.428335905075073 seconds
metaTables/vocal_music_demucs_16k/metaData_fma_large/row64548.csv
Execution time: 29.1574649810791 seconds
metaTables/vocal_music_demucs_16k/metaData_fma_large/row64549.csv
Execution time: 27.926026105880737 seconds
metaTables/vocal_music_demucs_16k/metaData_fma_large/row64550.csv
Execution time: 28.87442708015442 seconds
metaTables/vocal_music_demucs_16k/metaData_fma_large/row64551.csv
Execution time: 28.09315037727356 seconds
metaTables/vocal_music_demucs_16k/metaData_fma_large/row64552.csv
Execution time: 28.28198480606079 seconds
metaTables/vocal_music_demucs_16k/metaData_fma_large/row64553.csv
Execution time: 28.247228384017944 seconds
metaTables/vocal_music_demucs_16k/metaData_fma_large/row64554.csv
Execution time: 23.87006425857544 seconds
metaTables/vocal_music_demucs_16k/metaData_fma_large/row64555.csv
Execution time: 27.123523712158203 seconds
metaTables/vocal_music_demucs_16k/metaData_fma_large/row64556.csv
Execution time: 28.396594762802124 seconds
metaTables/vocal_music_demucs_16k/metaData_fma_large/row64557.csv
Execution time: 28.55905842781067 seconds
metaTables/vocal_music_demucs_16k/metaData_fma_large/row64558.csv
Execution time: 28.420616149902344 seconds
metaTables/vocal_music_demucs_16k/metaData_fma_large/row64559.csv
Execution time: 28.254261255264282 seconds
metaTables/vocal_music_demucs_16k/metaData_fma_large/row64560.csv
Execution time: 29.073986530303955 seconds
metaTables/vocal_music_demucs_16k/metaData_fma_large/row64561.csv
Execution time: 29.277059078216553 seconds
metaTables/vocal_music_demucs_16k/metaData_fma_large/row64562.csv
Execution time: 28.920862197875977 seconds
metaTables/vocal_music_demucs_16k/metaData_fma_large/row64563.csv
Execution time: 28.206499576568604 seconds
metaTables/vocal_music_demucs_16k/metaData_fma_large/row64564.csv
Execution time: 27.730968952178955 seconds
metaTables/vocal_music_demucs_16k/metaData_fma_large/row64565.csv
Execution time: 27.99750852584839 seconds
metaTables/vocal_music_demucs_16k/metaData_fma_large/row64566.csv
Execution time: 27.98964810371399 seconds
metaTables/vocal_music_demucs_16k/metaData_fma_large/row64567.csv
Execution time: 27.169736862182617 seconds
metaTables/vocal_music_demucs_16k/metaData_fma_large/row64568.csv
Execution time: 28.477972507476807 seconds
metaTables/vocal_music_demucs_16k/metaData_fma_large/row64569.csv
Execution time: 27.26147174835205 seconds
metaTables/vocal_music_demucs_16k/metaData_fma_large/row64570.csv
Execution time: 28.130610942840576 seconds
metaTables/vocal_music_demucs_16k/metaData_fma_large/row64571.csv
Execution time: 28.314629793167114 seconds
metaTables/vocal_music_demucs_16k/metaData_fma_large/row64572.csv
Execution time: 29.202407836914062 seconds
metaTables/vocal_music_demucs_16k/metaData_fma_large/row64573.csv
Execution time: 28.182471752166748 seconds
metaTables/vocal_music_demucs_16k/metaData_fma_large/row64574.csv
Execution time: 29.904627323150635 seconds
metaTables/vocal_music_demucs_16k/metaData_fma_large/row64575.csv
Execution time: 28.353734493255615 seconds
metaTables/vocal_music_demucs_16k/metaData_fma_large/row64576.csv
Execution time: 27.782662630081177 seconds
metaTables/vocal_music_demucs_16k/metaData_fma_large/row64577.csv
Execution time: 29.020575046539307 seconds
metaTables/vocal_music_demucs_16k/metaData_fma_large/row64578.csv
Execution time: 30.0698721408844 seconds
metaTables/vocal_music_demucs_16k/metaData_fma_large/row64579.csv
Execution time: 29.342442989349365 seconds
metaTables/vocal_music_demucs_16k/metaData_fma_large/row64580.csv
Execution time: 28.295379400253296 seconds
metaTables/vocal_music_demucs_16k/metaData_fma_large/row64581.csv
Execution time: 28.961930751800537 seconds
metaTables/vocal_music_demucs_16k/metaData_fma_large/row64582.csv
Execution time: 28.618210077285767 seconds
metaTables/vocal_music_demucs_16k/metaData_fma_large/row64583.csv
Execution time: 28.85353970527649 seconds
metaTables/vocal_music_demucs_16k/metaData_fma_large/row64584.csv
Execution time: 28.763086318969727 seconds
metaTables/vocal_music_demucs_16k/metaData_fma_large/row64585.csv
Execution time: 29.063782215118408 seconds
metaTables/vocal_music_demucs_16k/metaData_fma_large/row64586.csv
Execution time: 28.728782415390015 seconds
metaTables/vocal_music_demucs_16k/metaData_fma_large/row64587.csv
Execution time: 28.118199825286865 seconds
metaTables/vocal_music_demucs_16k/metaData_fma_large/row64588.csv
Execution time: 29.081502676010132 seconds
metaTables/vocal_music_demucs_16k/metaData_fma_large/row64589.csv
Execution time: 28.732231616973877 seconds
metaTables/vocal_music_demucs_16k/metaData_fma_large/row64590.csv
Execution time: 27.51050329208374 seconds
metaTables/vocal_music_demucs_16k/metaData_fma_large/row64591.csv
Execution time: 29.596869230270386 seconds
metaTables/vocal_music_demucs_16k/metaData_fma_large/row64592.csv
Execution time: 28.347557544708252 seconds
metaTables/vocal_music_demucs_16k/metaData_fma_large/row64593.csv
Execution time: 28.654594659805298 seconds
metaTables/vocal_music_demucs_16k/metaData_fma_large/row64594.csv
Execution time: 27.444000959396362 seconds
metaTables/vocal_music_demucs_16k/metaData_fma_large/row64595.csv
Execution time: 27.246782779693604 seconds
metaTables/vocal_music_demucs_16k/metaData_fma_large/row64596.csv
Execution time: 28.676692962646484 seconds
metaTables/vocal_music_demucs_16k/metaData_fma_large/row64597.csv
Execution time: 26.07672882080078 seconds
metaTables/vocal_music_demucs_16k/metaData_fma_large/row64598.csv
Execution time: 25.339762687683105 seconds
metaTables/vocal_music_demucs_16k/metaData_fma_large/row64599.csv
Demucs voice recognition done!
