/ext3/demucs/lib/python3.9/site-packages/demucs/api.py:27: UserWarning: TorchAudio's global backend is now deprecated. Please enable distpatcher by setting `TORCHAUDIO_USE_BACKEND_DISPATCHER=1`, and specify backend when calling load/info/save function.
  import torchaudio as ta
2024-05-09 09:22:22.419527: I tensorflow/core/util/port.cc:113] oneDNN custom operations are on. You may see slightly different numerical results due to floating-point round-off errors from different computation orders. To turn them off, set the environment variable `TF_ENABLE_ONEDNN_OPTS=0`.
2024-05-09 09:22:23.218692: E external/local_xla/xla/stream_executor/cuda/cuda_dnn.cc:9261] Unable to register cuDNN factory: Attempting to register factory for plugin cuDNN when one has already been registered
2024-05-09 09:22:23.218732: E external/local_xla/xla/stream_executor/cuda/cuda_fft.cc:607] Unable to register cuFFT factory: Attempting to register factory for plugin cuFFT when one has already been registered
2024-05-09 09:22:23.243209: E external/local_xla/xla/stream_executor/cuda/cuda_blas.cc:1515] Unable to register cuBLAS factory: Attempting to register factory for plugin cuBLAS when one has already been registered
2024-05-09 09:22:23.295958: I tensorflow/core/platform/cpu_feature_guard.cc:182] This TensorFlow binary is optimized to use available CPU instructions in performance-critical operations.
To enable the following instructions: AVX2 AVX512F AVX512_VNNI FMA, in other operations, rebuild TensorFlow with the appropriate compiler flags.
2024-05-09 09:22:24.151280: W tensorflow/compiler/tf2tensorrt/utils/py_utils.cc:38] TF-TRT Warning: Could not find TensorRT
SKIPPING: metaTables/vocal_music_demucs_16k/metaData_fma_large/row83000.csv
SKIPPING: metaTables/vocal_music_demucs_16k/metaData_fma_large/row83001.csv
SKIPPING: metaTables/vocal_music_demucs_16k/metaData_fma_large/row83002.csv
SKIPPING: metaTables/vocal_music_demucs_16k/metaData_fma_large/row83003.csv
SKIPPING: metaTables/vocal_music_demucs_16k/metaData_fma_large/row83004.csv
SKIPPING: metaTables/vocal_music_demucs_16k/metaData_fma_large/row83005.csv
SKIPPING: metaTables/vocal_music_demucs_16k/metaData_fma_large/row83006.csv
SKIPPING: metaTables/vocal_music_demucs_16k/metaData_fma_large/row83007.csv
SKIPPING: metaTables/vocal_music_demucs_16k/metaData_fma_large/row83008.csv
SKIPPING: metaTables/vocal_music_demucs_16k/metaData_fma_large/row83009.csv
SKIPPING: metaTables/vocal_music_demucs_16k/metaData_fma_large/row83010.csv
SKIPPING: metaTables/vocal_music_demucs_16k/metaData_fma_large/row83011.csv
SKIPPING: metaTables/vocal_music_demucs_16k/metaData_fma_large/row83012.csv
SKIPPING: metaTables/vocal_music_demucs_16k/metaData_fma_large/row83013.csv
SKIPPING: metaTables/vocal_music_demucs_16k/metaData_fma_large/row83014.csv
SKIPPING: metaTables/vocal_music_demucs_16k/metaData_fma_large/row83015.csv
SKIPPING: metaTables/vocal_music_demucs_16k/metaData_fma_large/row83016.csv
SKIPPING: metaTables/vocal_music_demucs_16k/metaData_fma_large/row83017.csv
SKIPPING: metaTables/vocal_music_demucs_16k/metaData_fma_large/row83018.csv
SKIPPING: metaTables/vocal_music_demucs_16k/metaData_fma_large/row83019.csv
SKIPPING: metaTables/vocal_music_demucs_16k/metaData_fma_large/row83020.csv
SKIPPING: metaTables/vocal_music_demucs_16k/metaData_fma_large/row83021.csv
SKIPPING: metaTables/vocal_music_demucs_16k/metaData_fma_large/row83022.csv
SKIPPING: metaTables/vocal_music_demucs_16k/metaData_fma_large/row83023.csv
SKIPPING: metaTables/vocal_music_demucs_16k/metaData_fma_large/row83024.csv
SKIPPING: metaTables/vocal_music_demucs_16k/metaData_fma_large/row83025.csv
SKIPPING: metaTables/vocal_music_demucs_16k/metaData_fma_large/row83026.csv
SKIPPING: metaTables/vocal_music_demucs_16k/metaData_fma_large/row83027.csv
SKIPPING: metaTables/vocal_music_demucs_16k/metaData_fma_large/row83028.csv
SKIPPING: metaTables/vocal_music_demucs_16k/metaData_fma_large/row83029.csv
SKIPPING: metaTables/vocal_music_demucs_16k/metaData_fma_large/row83030.csv
SKIPPING: metaTables/vocal_music_demucs_16k/metaData_fma_large/row83031.csv
SKIPPING: metaTables/vocal_music_demucs_16k/metaData_fma_large/row83032.csv
SKIPPING: metaTables/vocal_music_demucs_16k/metaData_fma_large/row83033.csv
SKIPPING: metaTables/vocal_music_demucs_16k/metaData_fma_large/row83034.csv
SKIPPING: metaTables/vocal_music_demucs_16k/metaData_fma_large/row83035.csv
SKIPPING: metaTables/vocal_music_demucs_16k/metaData_fma_large/row83036.csv
SKIPPING: metaTables/vocal_music_demucs_16k/metaData_fma_large/row83037.csv
SKIPPING: metaTables/vocal_music_demucs_16k/metaData_fma_large/row83038.csv
SKIPPING: metaTables/vocal_music_demucs_16k/metaData_fma_large/row83039.csv
SKIPPING: metaTables/vocal_music_demucs_16k/metaData_fma_large/row83040.csv
SKIPPING: metaTables/vocal_music_demucs_16k/metaData_fma_large/row83041.csv
SKIPPING: metaTables/vocal_music_demucs_16k/metaData_fma_large/row83042.csv
SKIPPING: metaTables/vocal_music_demucs_16k/metaData_fma_large/row83043.csv
SKIPPING: metaTables/vocal_music_demucs_16k/metaData_fma_large/row83044.csv
SKIPPING: metaTables/vocal_music_demucs_16k/metaData_fma_large/row83045.csv
SKIPPING: metaTables/vocal_music_demucs_16k/metaData_fma_large/row83046.csv
SKIPPING: metaTables/vocal_music_demucs_16k/metaData_fma_large/row83047.csv
SKIPPING: metaTables/vocal_music_demucs_16k/metaData_fma_large/row83048.csv
SKIPPING: metaTables/vocal_music_demucs_16k/metaData_fma_large/row83049.csv
SKIPPING: metaTables/vocal_music_demucs_16k/metaData_fma_large/row83050.csv
SKIPPING: metaTables/vocal_music_demucs_16k/metaData_fma_large/row83051.csv
SKIPPING: metaTables/vocal_music_demucs_16k/metaData_fma_large/row83052.csv
SKIPPING: metaTables/vocal_music_demucs_16k/metaData_fma_large/row83053.csv
SKIPPING: metaTables/vocal_music_demucs_16k/metaData_fma_large/row83054.csv
SKIPPING: metaTables/vocal_music_demucs_16k/metaData_fma_large/row83055.csv
SKIPPING: metaTables/vocal_music_demucs_16k/metaData_fma_large/row83056.csv
SKIPPING: metaTables/vocal_music_demucs_16k/metaData_fma_large/row83057.csv
SKIPPING: metaTables/vocal_music_demucs_16k/metaData_fma_large/row83058.csv
SKIPPING: metaTables/vocal_music_demucs_16k/metaData_fma_large/row83059.csv
SKIPPING: metaTables/vocal_music_demucs_16k/metaData_fma_large/row83060.csv
SKIPPING: metaTables/vocal_music_demucs_16k/metaData_fma_large/row83061.csv
SKIPPING: metaTables/vocal_music_demucs_16k/metaData_fma_large/row83062.csv
SKIPPING: metaTables/vocal_music_demucs_16k/metaData_fma_large/row83063.csv
SKIPPING: metaTables/vocal_music_demucs_16k/metaData_fma_large/row83064.csv
SKIPPING: metaTables/vocal_music_demucs_16k/metaData_fma_large/row83065.csv
SKIPPING: metaTables/vocal_music_demucs_16k/metaData_fma_large/row83066.csv
SKIPPING: metaTables/vocal_music_demucs_16k/metaData_fma_large/row83067.csv
SKIPPING: metaTables/vocal_music_demucs_16k/metaData_fma_large/row83068.csv
SKIPPING: metaTables/vocal_music_demucs_16k/metaData_fma_large/row83069.csv
SKIPPING: metaTables/vocal_music_demucs_16k/metaData_fma_large/row83070.csv
SKIPPING: metaTables/vocal_music_demucs_16k/metaData_fma_large/row83071.csv
SKIPPING: metaTables/vocal_music_demucs_16k/metaData_fma_large/row83072.csv
SKIPPING: metaTables/vocal_music_demucs_16k/metaData_fma_large/row83073.csv
SKIPPING: metaTables/vocal_music_demucs_16k/metaData_fma_large/row83074.csv
SKIPPING: metaTables/vocal_music_demucs_16k/metaData_fma_large/row83075.csv
SKIPPING: metaTables/vocal_music_demucs_16k/metaData_fma_large/row83076.csv
SKIPPING: metaTables/vocal_music_demucs_16k/metaData_fma_large/row83077.csv
SKIPPING: metaTables/vocal_music_demucs_16k/metaData_fma_large/row83078.csv
SKIPPING: metaTables/vocal_music_demucs_16k/metaData_fma_large/row83079.csv
SKIPPING: metaTables/vocal_music_demucs_16k/metaData_fma_large/row83080.csv
SKIPPING: metaTables/vocal_music_demucs_16k/metaData_fma_large/row83081.csv
SKIPPING: metaTables/vocal_music_demucs_16k/metaData_fma_large/row83082.csv
SKIPPING: metaTables/vocal_music_demucs_16k/metaData_fma_large/row83083.csv
SKIPPING: metaTables/vocal_music_demucs_16k/metaData_fma_large/row83084.csv
SKIPPING: metaTables/vocal_music_demucs_16k/metaData_fma_large/row83085.csv
SKIPPING: metaTables/vocal_music_demucs_16k/metaData_fma_large/row83086.csv
SKIPPING: metaTables/vocal_music_demucs_16k/metaData_fma_large/row83087.csv
SKIPPING: metaTables/vocal_music_demucs_16k/metaData_fma_large/row83088.csv
SKIPPING: metaTables/vocal_music_demucs_16k/metaData_fma_large/row83089.csv
SKIPPING: metaTables/vocal_music_demucs_16k/metaData_fma_large/row83090.csv
SKIPPING: metaTables/vocal_music_demucs_16k/metaData_fma_large/row83091.csv
SKIPPING: metaTables/vocal_music_demucs_16k/metaData_fma_large/row83092.csv
SKIPPING: metaTables/vocal_music_demucs_16k/metaData_fma_large/row83093.csv
SKIPPING: metaTables/vocal_music_demucs_16k/metaData_fma_large/row83094.csv
SKIPPING: metaTables/vocal_music_demucs_16k/metaData_fma_large/row83095.csv
SKIPPING: metaTables/vocal_music_demucs_16k/metaData_fma_large/row83096.csv
SKIPPING: metaTables/vocal_music_demucs_16k/metaData_fma_large/row83097.csv
SKIPPING: metaTables/vocal_music_demucs_16k/metaData_fma_large/row83098.csv
SKIPPING: metaTables/vocal_music_demucs_16k/metaData_fma_large/row83099.csv
Demucs voice recognition done!
