/ext3/demucs/lib/python3.9/site-packages/demucs/api.py:27: UserWarning: TorchAudio's global backend is now deprecated. Please enable distpatcher by setting `TORCHAUDIO_USE_BACKEND_DISPATCHER=1`, and specify backend when calling load/info/save function.
  import torchaudio as ta
2024-05-08 23:36:44.059463: I tensorflow/core/util/port.cc:113] oneDNN custom operations are on. You may see slightly different numerical results due to floating-point round-off errors from different computation orders. To turn them off, set the environment variable `TF_ENABLE_ONEDNN_OPTS=0`.
2024-05-08 23:36:47.262018: E external/local_xla/xla/stream_executor/cuda/cuda_dnn.cc:9261] Unable to register cuDNN factory: Attempting to register factory for plugin cuDNN when one has already been registered
2024-05-08 23:36:47.262055: E external/local_xla/xla/stream_executor/cuda/cuda_fft.cc:607] Unable to register cuFFT factory: Attempting to register factory for plugin cuFFT when one has already been registered
2024-05-08 23:36:47.514369: E external/local_xla/xla/stream_executor/cuda/cuda_blas.cc:1515] Unable to register cuBLAS factory: Attempting to register factory for plugin cuBLAS when one has already been registered
2024-05-08 23:36:47.990250: I tensorflow/core/platform/cpu_feature_guard.cc:182] This TensorFlow binary is optimized to use available CPU instructions in performance-critical operations.
To enable the following instructions: AVX2 AVX512F AVX512_VNNI FMA, in other operations, rebuild TensorFlow with the appropriate compiler flags.
2024-05-08 23:36:50.915034: W tensorflow/compiler/tf2tensorrt/utils/py_utils.cc:38] TF-TRT Warning: Could not find TensorRT
Execution time: 29.02529811859131 seconds
metaTables/vocal_music_demucs_16k/metaData_fma_large/row48300.csv
Execution time: 26.497780084609985 seconds
metaTables/vocal_music_demucs_16k/metaData_fma_large/row48301.csv
Execution time: 25.5916109085083 seconds
metaTables/vocal_music_demucs_16k/metaData_fma_large/row48302.csv
Execution time: 24.810083150863647 seconds
metaTables/vocal_music_demucs_16k/metaData_fma_large/row48303.csv
Execution time: 26.332159519195557 seconds
metaTables/vocal_music_demucs_16k/metaData_fma_large/row48304.csv
Execution time: 26.248583555221558 seconds
metaTables/vocal_music_demucs_16k/metaData_fma_large/row48305.csv
Execution time: 25.693161725997925 seconds
metaTables/vocal_music_demucs_16k/metaData_fma_large/row48306.csv
Execution time: 26.63022804260254 seconds
metaTables/vocal_music_demucs_16k/metaData_fma_large/row48307.csv
Execution time: 26.56780743598938 seconds
metaTables/vocal_music_demucs_16k/metaData_fma_large/row48308.csv
Execution time: 25.420685529708862 seconds
metaTables/vocal_music_demucs_16k/metaData_fma_large/row48309.csv
Execution time: 26.415619134902954 seconds
metaTables/vocal_music_demucs_16k/metaData_fma_large/row48310.csv
Execution time: 26.5076687335968 seconds
metaTables/vocal_music_demucs_16k/metaData_fma_large/row48311.csv
Execution time: 27.221988439559937 seconds
metaTables/vocal_music_demucs_16k/metaData_fma_large/row48312.csv
Execution time: 26.254146814346313 seconds
metaTables/vocal_music_demucs_16k/metaData_fma_large/row48313.csv
Execution time: 25.230369567871094 seconds
metaTables/vocal_music_demucs_16k/metaData_fma_large/row48314.csv
Execution time: 24.900498390197754 seconds
metaTables/vocal_music_demucs_16k/metaData_fma_large/row48315.csv
Execution time: 26.19015884399414 seconds
metaTables/vocal_music_demucs_16k/metaData_fma_large/row48316.csv
Execution time: 26.26927947998047 seconds
metaTables/vocal_music_demucs_16k/metaData_fma_large/row48317.csv
Execution time: 25.997909545898438 seconds
metaTables/vocal_music_demucs_16k/metaData_fma_large/row48318.csv
Execution time: 26.639105319976807 seconds
metaTables/vocal_music_demucs_16k/metaData_fma_large/row48319.csv
Execution time: 26.71413803100586 seconds
metaTables/vocal_music_demucs_16k/metaData_fma_large/row48320.csv
Execution time: 26.566457271575928 seconds
metaTables/vocal_music_demucs_16k/metaData_fma_large/row48321.csv
Execution time: 26.84595251083374 seconds
metaTables/vocal_music_demucs_16k/metaData_fma_large/row48322.csv
Execution time: 26.23432683944702 seconds
metaTables/vocal_music_demucs_16k/metaData_fma_large/row48323.csv
Execution time: 25.82456135749817 seconds
metaTables/vocal_music_demucs_16k/metaData_fma_large/row48324.csv
Execution time: 26.2116801738739 seconds
metaTables/vocal_music_demucs_16k/metaData_fma_large/row48325.csv
Execution time: 25.934503316879272 seconds
metaTables/vocal_music_demucs_16k/metaData_fma_large/row48326.csv
Execution time: 25.641998291015625 seconds
metaTables/vocal_music_demucs_16k/metaData_fma_large/row48327.csv
Execution time: 26.94798254966736 seconds
metaTables/vocal_music_demucs_16k/metaData_fma_large/row48328.csv
Execution time: 26.617458820343018 seconds
metaTables/vocal_music_demucs_16k/metaData_fma_large/row48329.csv
Execution time: 27.020570993423462 seconds
metaTables/vocal_music_demucs_16k/metaData_fma_large/row48330.csv
Execution time: 25.20145583152771 seconds
metaTables/vocal_music_demucs_16k/metaData_fma_large/row48331.csv
Execution time: 25.340010404586792 seconds
metaTables/vocal_music_demucs_16k/metaData_fma_large/row48332.csv
Execution time: 26.363192558288574 seconds
metaTables/vocal_music_demucs_16k/metaData_fma_large/row48333.csv
Execution time: 25.44845676422119 seconds
metaTables/vocal_music_demucs_16k/metaData_fma_large/row48334.csv
Execution time: 26.583693981170654 seconds
metaTables/vocal_music_demucs_16k/metaData_fma_large/row48335.csv
Execution time: 25.795196533203125 seconds
metaTables/vocal_music_demucs_16k/metaData_fma_large/row48336.csv
Execution time: 17.40485978126526 seconds
metaTables/vocal_music_demucs_16k/metaData_fma_large/row48337.csv
Execution time: 26.66683053970337 seconds
metaTables/vocal_music_demucs_16k/metaData_fma_large/row48338.csv
Execution time: 26.564859867095947 seconds
metaTables/vocal_music_demucs_16k/metaData_fma_large/row48339.csv
Execution time: 26.033515691757202 seconds
metaTables/vocal_music_demucs_16k/metaData_fma_large/row48340.csv
Execution time: 27.337127685546875 seconds
metaTables/vocal_music_demucs_16k/metaData_fma_large/row48341.csv
Execution time: 24.998949766159058 seconds
metaTables/vocal_music_demucs_16k/metaData_fma_large/row48342.csv
Execution time: 25.873061895370483 seconds
metaTables/vocal_music_demucs_16k/metaData_fma_large/row48343.csv
Execution time: 25.666703939437866 seconds
metaTables/vocal_music_demucs_16k/metaData_fma_large/row48344.csv
Execution time: 26.255273580551147 seconds
metaTables/vocal_music_demucs_16k/metaData_fma_large/row48345.csv
Execution time: 26.477516174316406 seconds
metaTables/vocal_music_demucs_16k/metaData_fma_large/row48346.csv
Execution time: 26.56687569618225 seconds
metaTables/vocal_music_demucs_16k/metaData_fma_large/row48347.csv
Execution time: 25.103918313980103 seconds
metaTables/vocal_music_demucs_16k/metaData_fma_large/row48348.csv
Execution time: 26.014275789260864 seconds
metaTables/vocal_music_demucs_16k/metaData_fma_large/row48349.csv
Execution time: 25.159116506576538 seconds
metaTables/vocal_music_demucs_16k/metaData_fma_large/row48350.csv
Execution time: 26.15103554725647 seconds
metaTables/vocal_music_demucs_16k/metaData_fma_large/row48351.csv
Execution time: 26.042519092559814 seconds
metaTables/vocal_music_demucs_16k/metaData_fma_large/row48352.csv
Execution time: 26.45609188079834 seconds
metaTables/vocal_music_demucs_16k/metaData_fma_large/row48353.csv
Execution time: 27.15683388710022 seconds
metaTables/vocal_music_demucs_16k/metaData_fma_large/row48354.csv
Execution time: 25.650936365127563 seconds
metaTables/vocal_music_demucs_16k/metaData_fma_large/row48355.csv
Execution time: 27.27107882499695 seconds
metaTables/vocal_music_demucs_16k/metaData_fma_large/row48356.csv
Execution time: 25.594947338104248 seconds
metaTables/vocal_music_demucs_16k/metaData_fma_large/row48357.csv
Execution time: 26.77347183227539 seconds
metaTables/vocal_music_demucs_16k/metaData_fma_large/row48358.csv
Execution time: 26.3841814994812 seconds
metaTables/vocal_music_demucs_16k/metaData_fma_large/row48359.csv
Execution time: 26.124937534332275 seconds
metaTables/vocal_music_demucs_16k/metaData_fma_large/row48360.csv
Execution time: 26.37562084197998 seconds
metaTables/vocal_music_demucs_16k/metaData_fma_large/row48361.csv
Execution time: 26.60541796684265 seconds
metaTables/vocal_music_demucs_16k/metaData_fma_large/row48362.csv
Execution time: 25.28254532814026 seconds
metaTables/vocal_music_demucs_16k/metaData_fma_large/row48363.csv
Execution time: 25.677883625030518 seconds
metaTables/vocal_music_demucs_16k/metaData_fma_large/row48364.csv
Execution time: 26.32621431350708 seconds
metaTables/vocal_music_demucs_16k/metaData_fma_large/row48365.csv
Execution time: 26.495473384857178 seconds
metaTables/vocal_music_demucs_16k/metaData_fma_large/row48366.csv
Execution time: 27.14328670501709 seconds
metaTables/vocal_music_demucs_16k/metaData_fma_large/row48367.csv
Execution time: 26.1561918258667 seconds
metaTables/vocal_music_demucs_16k/metaData_fma_large/row48368.csv
Execution time: 26.191039562225342 seconds
metaTables/vocal_music_demucs_16k/metaData_fma_large/row48369.csv
Execution time: 25.88318943977356 seconds
metaTables/vocal_music_demucs_16k/metaData_fma_large/row48370.csv
Execution time: 25.629490852355957 seconds
metaTables/vocal_music_demucs_16k/metaData_fma_large/row48371.csv
Execution time: 25.48758888244629 seconds
metaTables/vocal_music_demucs_16k/metaData_fma_large/row48372.csv
Execution time: 26.52138662338257 seconds
metaTables/vocal_music_demucs_16k/metaData_fma_large/row48373.csv
Execution time: 27.051405429840088 seconds
metaTables/vocal_music_demucs_16k/metaData_fma_large/row48374.csv
Execution time: 26.261652946472168 seconds
metaTables/vocal_music_demucs_16k/metaData_fma_large/row48375.csv
Execution time: 25.6262948513031 seconds
metaTables/vocal_music_demucs_16k/metaData_fma_large/row48376.csv
Execution time: 26.887818813323975 seconds
metaTables/vocal_music_demucs_16k/metaData_fma_large/row48377.csv
Execution time: 26.73126220703125 seconds
metaTables/vocal_music_demucs_16k/metaData_fma_large/row48378.csv
Execution time: 26.26323127746582 seconds
metaTables/vocal_music_demucs_16k/metaData_fma_large/row48379.csv
Execution time: 26.29336404800415 seconds
metaTables/vocal_music_demucs_16k/metaData_fma_large/row48380.csv
Execution time: 25.986637353897095 seconds
metaTables/vocal_music_demucs_16k/metaData_fma_large/row48381.csv
Execution time: 26.074201107025146 seconds
metaTables/vocal_music_demucs_16k/metaData_fma_large/row48382.csv
Execution time: 26.395911693572998 seconds
metaTables/vocal_music_demucs_16k/metaData_fma_large/row48383.csv
Execution time: 25.555986642837524 seconds
metaTables/vocal_music_demucs_16k/metaData_fma_large/row48384.csv
Execution time: 26.105191230773926 seconds
metaTables/vocal_music_demucs_16k/metaData_fma_large/row48385.csv
Execution time: 26.72173547744751 seconds
metaTables/vocal_music_demucs_16k/metaData_fma_large/row48386.csv
Execution time: 25.92453908920288 seconds
metaTables/vocal_music_demucs_16k/metaData_fma_large/row48387.csv
Execution time: 26.516722917556763 seconds
metaTables/vocal_music_demucs_16k/metaData_fma_large/row48388.csv
Execution time: 26.511091709136963 seconds
metaTables/vocal_music_demucs_16k/metaData_fma_large/row48389.csv
Execution time: 26.613816022872925 seconds
metaTables/vocal_music_demucs_16k/metaData_fma_large/row48390.csv
Execution time: 28.01175594329834 seconds
metaTables/vocal_music_demucs_16k/metaData_fma_large/row48391.csv
Execution time: 26.589993476867676 seconds
metaTables/vocal_music_demucs_16k/metaData_fma_large/row48392.csv
Execution time: 26.371002912521362 seconds
metaTables/vocal_music_demucs_16k/metaData_fma_large/row48393.csv
Execution time: 28.397756576538086 seconds
metaTables/vocal_music_demucs_16k/metaData_fma_large/row48394.csv
Execution time: 25.363817930221558 seconds
metaTables/vocal_music_demucs_16k/metaData_fma_large/row48395.csv
Execution time: 26.14444851875305 seconds
metaTables/vocal_music_demucs_16k/metaData_fma_large/row48396.csv
Execution time: 27.352036714553833 seconds
metaTables/vocal_music_demucs_16k/metaData_fma_large/row48397.csv
Execution time: 26.96415090560913 seconds
metaTables/vocal_music_demucs_16k/metaData_fma_large/row48398.csv
Execution time: 25.93649172782898 seconds
metaTables/vocal_music_demucs_16k/metaData_fma_large/row48399.csv
Demucs voice recognition done!
