/ext3/demucs/lib/python3.9/site-packages/demucs/api.py:27: UserWarning: TorchAudio's global backend is now deprecated. Please enable distpatcher by setting `TORCHAUDIO_USE_BACKEND_DISPATCHER=1`, and specify backend when calling load/info/save function.
  import torchaudio as ta
2024-05-09 09:22:22.753819: I tensorflow/core/util/port.cc:113] oneDNN custom operations are on. You may see slightly different numerical results due to floating-point round-off errors from different computation orders. To turn them off, set the environment variable `TF_ENABLE_ONEDNN_OPTS=0`.
2024-05-09 09:22:23.488787: E external/local_xla/xla/stream_executor/cuda/cuda_dnn.cc:9261] Unable to register cuDNN factory: Attempting to register factory for plugin cuDNN when one has already been registered
2024-05-09 09:22:23.488824: E external/local_xla/xla/stream_executor/cuda/cuda_fft.cc:607] Unable to register cuFFT factory: Attempting to register factory for plugin cuFFT when one has already been registered
2024-05-09 09:22:23.571800: E external/local_xla/xla/stream_executor/cuda/cuda_blas.cc:1515] Unable to register cuBLAS factory: Attempting to register factory for plugin cuBLAS when one has already been registered
2024-05-09 09:22:23.671680: I tensorflow/core/platform/cpu_feature_guard.cc:182] This TensorFlow binary is optimized to use available CPU instructions in performance-critical operations.
To enable the following instructions: AVX2 AVX512F AVX512_VNNI FMA, in other operations, rebuild TensorFlow with the appropriate compiler flags.
2024-05-09 09:22:24.574589: W tensorflow/compiler/tf2tensorrt/utils/py_utils.cc:38] TF-TRT Warning: Could not find TensorRT
SKIPPING: metaTables/vocal_music_demucs_16k/metaData_fma_large/row71100.csv
SKIPPING: metaTables/vocal_music_demucs_16k/metaData_fma_large/row71101.csv
SKIPPING: metaTables/vocal_music_demucs_16k/metaData_fma_large/row71102.csv
SKIPPING: metaTables/vocal_music_demucs_16k/metaData_fma_large/row71103.csv
SKIPPING: metaTables/vocal_music_demucs_16k/metaData_fma_large/row71104.csv
SKIPPING: metaTables/vocal_music_demucs_16k/metaData_fma_large/row71105.csv
SKIPPING: metaTables/vocal_music_demucs_16k/metaData_fma_large/row71106.csv
SKIPPING: metaTables/vocal_music_demucs_16k/metaData_fma_large/row71107.csv
SKIPPING: metaTables/vocal_music_demucs_16k/metaData_fma_large/row71108.csv
SKIPPING: metaTables/vocal_music_demucs_16k/metaData_fma_large/row71109.csv
SKIPPING: metaTables/vocal_music_demucs_16k/metaData_fma_large/row71110.csv
SKIPPING: metaTables/vocal_music_demucs_16k/metaData_fma_large/row71111.csv
SKIPPING: metaTables/vocal_music_demucs_16k/metaData_fma_large/row71112.csv
SKIPPING: metaTables/vocal_music_demucs_16k/metaData_fma_large/row71113.csv
SKIPPING: metaTables/vocal_music_demucs_16k/metaData_fma_large/row71114.csv
SKIPPING: metaTables/vocal_music_demucs_16k/metaData_fma_large/row71115.csv
SKIPPING: metaTables/vocal_music_demucs_16k/metaData_fma_large/row71116.csv
SKIPPING: metaTables/vocal_music_demucs_16k/metaData_fma_large/row71117.csv
SKIPPING: metaTables/vocal_music_demucs_16k/metaData_fma_large/row71118.csv
SKIPPING: metaTables/vocal_music_demucs_16k/metaData_fma_large/row71119.csv
SKIPPING: metaTables/vocal_music_demucs_16k/metaData_fma_large/row71120.csv
SKIPPING: metaTables/vocal_music_demucs_16k/metaData_fma_large/row71121.csv
SKIPPING: metaTables/vocal_music_demucs_16k/metaData_fma_large/row71122.csv
SKIPPING: metaTables/vocal_music_demucs_16k/metaData_fma_large/row71123.csv
SKIPPING: metaTables/vocal_music_demucs_16k/metaData_fma_large/row71124.csv
SKIPPING: metaTables/vocal_music_demucs_16k/metaData_fma_large/row71125.csv
SKIPPING: metaTables/vocal_music_demucs_16k/metaData_fma_large/row71126.csv
SKIPPING: metaTables/vocal_music_demucs_16k/metaData_fma_large/row71127.csv
SKIPPING: metaTables/vocal_music_demucs_16k/metaData_fma_large/row71128.csv
SKIPPING: metaTables/vocal_music_demucs_16k/metaData_fma_large/row71129.csv
SKIPPING: metaTables/vocal_music_demucs_16k/metaData_fma_large/row71130.csv
SKIPPING: metaTables/vocal_music_demucs_16k/metaData_fma_large/row71131.csv
SKIPPING: metaTables/vocal_music_demucs_16k/metaData_fma_large/row71132.csv
SKIPPING: metaTables/vocal_music_demucs_16k/metaData_fma_large/row71133.csv
SKIPPING: metaTables/vocal_music_demucs_16k/metaData_fma_large/row71134.csv
SKIPPING: metaTables/vocal_music_demucs_16k/metaData_fma_large/row71135.csv
SKIPPING: metaTables/vocal_music_demucs_16k/metaData_fma_large/row71136.csv
SKIPPING: metaTables/vocal_music_demucs_16k/metaData_fma_large/row71137.csv
SKIPPING: metaTables/vocal_music_demucs_16k/metaData_fma_large/row71138.csv
SKIPPING: metaTables/vocal_music_demucs_16k/metaData_fma_large/row71139.csv
SKIPPING: metaTables/vocal_music_demucs_16k/metaData_fma_large/row71140.csv
SKIPPING: metaTables/vocal_music_demucs_16k/metaData_fma_large/row71141.csv
SKIPPING: metaTables/vocal_music_demucs_16k/metaData_fma_large/row71142.csv
SKIPPING: metaTables/vocal_music_demucs_16k/metaData_fma_large/row71143.csv
SKIPPING: metaTables/vocal_music_demucs_16k/metaData_fma_large/row71144.csv
SKIPPING: metaTables/vocal_music_demucs_16k/metaData_fma_large/row71145.csv
SKIPPING: metaTables/vocal_music_demucs_16k/metaData_fma_large/row71146.csv
SKIPPING: metaTables/vocal_music_demucs_16k/metaData_fma_large/row71147.csv
SKIPPING: metaTables/vocal_music_demucs_16k/metaData_fma_large/row71148.csv
SKIPPING: metaTables/vocal_music_demucs_16k/metaData_fma_large/row71149.csv
SKIPPING: metaTables/vocal_music_demucs_16k/metaData_fma_large/row71150.csv
SKIPPING: metaTables/vocal_music_demucs_16k/metaData_fma_large/row71151.csv
SKIPPING: metaTables/vocal_music_demucs_16k/metaData_fma_large/row71152.csv
SKIPPING: metaTables/vocal_music_demucs_16k/metaData_fma_large/row71153.csv
SKIPPING: metaTables/vocal_music_demucs_16k/metaData_fma_large/row71154.csv
SKIPPING: metaTables/vocal_music_demucs_16k/metaData_fma_large/row71155.csv
SKIPPING: metaTables/vocal_music_demucs_16k/metaData_fma_large/row71156.csv
SKIPPING: metaTables/vocal_music_demucs_16k/metaData_fma_large/row71157.csv
SKIPPING: metaTables/vocal_music_demucs_16k/metaData_fma_large/row71158.csv
SKIPPING: metaTables/vocal_music_demucs_16k/metaData_fma_large/row71159.csv
SKIPPING: metaTables/vocal_music_demucs_16k/metaData_fma_large/row71160.csv
SKIPPING: metaTables/vocal_music_demucs_16k/metaData_fma_large/row71161.csv
SKIPPING: metaTables/vocal_music_demucs_16k/metaData_fma_large/row71162.csv
SKIPPING: metaTables/vocal_music_demucs_16k/metaData_fma_large/row71163.csv
SKIPPING: metaTables/vocal_music_demucs_16k/metaData_fma_large/row71164.csv
SKIPPING: metaTables/vocal_music_demucs_16k/metaData_fma_large/row71165.csv
SKIPPING: metaTables/vocal_music_demucs_16k/metaData_fma_large/row71166.csv
SKIPPING: metaTables/vocal_music_demucs_16k/metaData_fma_large/row71167.csv
SKIPPING: metaTables/vocal_music_demucs_16k/metaData_fma_large/row71168.csv
SKIPPING: metaTables/vocal_music_demucs_16k/metaData_fma_large/row71169.csv
SKIPPING: metaTables/vocal_music_demucs_16k/metaData_fma_large/row71170.csv
SKIPPING: metaTables/vocal_music_demucs_16k/metaData_fma_large/row71171.csv
SKIPPING: metaTables/vocal_music_demucs_16k/metaData_fma_large/row71172.csv
SKIPPING: metaTables/vocal_music_demucs_16k/metaData_fma_large/row71173.csv
SKIPPING: metaTables/vocal_music_demucs_16k/metaData_fma_large/row71174.csv
SKIPPING: metaTables/vocal_music_demucs_16k/metaData_fma_large/row71175.csv
SKIPPING: metaTables/vocal_music_demucs_16k/metaData_fma_large/row71176.csv
SKIPPING: metaTables/vocal_music_demucs_16k/metaData_fma_large/row71177.csv
SKIPPING: metaTables/vocal_music_demucs_16k/metaData_fma_large/row71178.csv
SKIPPING: metaTables/vocal_music_demucs_16k/metaData_fma_large/row71179.csv
SKIPPING: metaTables/vocal_music_demucs_16k/metaData_fma_large/row71180.csv
SKIPPING: metaTables/vocal_music_demucs_16k/metaData_fma_large/row71181.csv
SKIPPING: metaTables/vocal_music_demucs_16k/metaData_fma_large/row71182.csv
SKIPPING: metaTables/vocal_music_demucs_16k/metaData_fma_large/row71183.csv
SKIPPING: metaTables/vocal_music_demucs_16k/metaData_fma_large/row71184.csv
SKIPPING: metaTables/vocal_music_demucs_16k/metaData_fma_large/row71185.csv
SKIPPING: metaTables/vocal_music_demucs_16k/metaData_fma_large/row71186.csv
SKIPPING: metaTables/vocal_music_demucs_16k/metaData_fma_large/row71187.csv
SKIPPING: metaTables/vocal_music_demucs_16k/metaData_fma_large/row71188.csv
SKIPPING: metaTables/vocal_music_demucs_16k/metaData_fma_large/row71189.csv
SKIPPING: metaTables/vocal_music_demucs_16k/metaData_fma_large/row71190.csv
SKIPPING: metaTables/vocal_music_demucs_16k/metaData_fma_large/row71191.csv
SKIPPING: metaTables/vocal_music_demucs_16k/metaData_fma_large/row71192.csv
SKIPPING: metaTables/vocal_music_demucs_16k/metaData_fma_large/row71193.csv
SKIPPING: metaTables/vocal_music_demucs_16k/metaData_fma_large/row71194.csv
SKIPPING: metaTables/vocal_music_demucs_16k/metaData_fma_large/row71195.csv
SKIPPING: metaTables/vocal_music_demucs_16k/metaData_fma_large/row71196.csv
SKIPPING: metaTables/vocal_music_demucs_16k/metaData_fma_large/row71197.csv
SKIPPING: metaTables/vocal_music_demucs_16k/metaData_fma_large/row71198.csv
SKIPPING: metaTables/vocal_music_demucs_16k/metaData_fma_large/row71199.csv
Demucs voice recognition done!
