/ext3/demucs/lib/python3.9/site-packages/demucs/api.py:27: UserWarning: TorchAudio's global backend is now deprecated. Please enable distpatcher by setting `TORCHAUDIO_USE_BACKEND_DISPATCHER=1`, and specify backend when calling load/info/save function.
  import torchaudio as ta
2024-05-09 09:22:22.558829: I tensorflow/core/util/port.cc:113] oneDNN custom operations are on. You may see slightly different numerical results due to floating-point round-off errors from different computation orders. To turn them off, set the environment variable `TF_ENABLE_ONEDNN_OPTS=0`.
2024-05-09 09:22:23.467222: E external/local_xla/xla/stream_executor/cuda/cuda_dnn.cc:9261] Unable to register cuDNN factory: Attempting to register factory for plugin cuDNN when one has already been registered
2024-05-09 09:22:23.467259: E external/local_xla/xla/stream_executor/cuda/cuda_fft.cc:607] Unable to register cuFFT factory: Attempting to register factory for plugin cuFFT when one has already been registered
2024-05-09 09:22:23.560519: E external/local_xla/xla/stream_executor/cuda/cuda_blas.cc:1515] Unable to register cuBLAS factory: Attempting to register factory for plugin cuBLAS when one has already been registered
2024-05-09 09:22:23.678112: I tensorflow/core/platform/cpu_feature_guard.cc:182] This TensorFlow binary is optimized to use available CPU instructions in performance-critical operations.
To enable the following instructions: AVX2 AVX512F AVX512_VNNI FMA, in other operations, rebuild TensorFlow with the appropriate compiler flags.
2024-05-09 09:22:24.584536: W tensorflow/compiler/tf2tensorrt/utils/py_utils.cc:38] TF-TRT Warning: Could not find TensorRT
SKIPPING: metaTables/vocal_music_demucs_16k/metaData_fma_large/row79500.csv
SKIPPING: metaTables/vocal_music_demucs_16k/metaData_fma_large/row79501.csv
SKIPPING: metaTables/vocal_music_demucs_16k/metaData_fma_large/row79502.csv
SKIPPING: metaTables/vocal_music_demucs_16k/metaData_fma_large/row79503.csv
SKIPPING: metaTables/vocal_music_demucs_16k/metaData_fma_large/row79504.csv
SKIPPING: metaTables/vocal_music_demucs_16k/metaData_fma_large/row79505.csv
SKIPPING: metaTables/vocal_music_demucs_16k/metaData_fma_large/row79506.csv
SKIPPING: metaTables/vocal_music_demucs_16k/metaData_fma_large/row79507.csv
SKIPPING: metaTables/vocal_music_demucs_16k/metaData_fma_large/row79508.csv
SKIPPING: metaTables/vocal_music_demucs_16k/metaData_fma_large/row79509.csv
SKIPPING: metaTables/vocal_music_demucs_16k/metaData_fma_large/row79510.csv
SKIPPING: metaTables/vocal_music_demucs_16k/metaData_fma_large/row79511.csv
SKIPPING: metaTables/vocal_music_demucs_16k/metaData_fma_large/row79512.csv
SKIPPING: metaTables/vocal_music_demucs_16k/metaData_fma_large/row79513.csv
SKIPPING: metaTables/vocal_music_demucs_16k/metaData_fma_large/row79514.csv
SKIPPING: metaTables/vocal_music_demucs_16k/metaData_fma_large/row79515.csv
SKIPPING: metaTables/vocal_music_demucs_16k/metaData_fma_large/row79516.csv
SKIPPING: metaTables/vocal_music_demucs_16k/metaData_fma_large/row79517.csv
SKIPPING: metaTables/vocal_music_demucs_16k/metaData_fma_large/row79518.csv
SKIPPING: metaTables/vocal_music_demucs_16k/metaData_fma_large/row79519.csv
SKIPPING: metaTables/vocal_music_demucs_16k/metaData_fma_large/row79520.csv
SKIPPING: metaTables/vocal_music_demucs_16k/metaData_fma_large/row79521.csv
SKIPPING: metaTables/vocal_music_demucs_16k/metaData_fma_large/row79522.csv
SKIPPING: metaTables/vocal_music_demucs_16k/metaData_fma_large/row79523.csv
SKIPPING: metaTables/vocal_music_demucs_16k/metaData_fma_large/row79524.csv
SKIPPING: metaTables/vocal_music_demucs_16k/metaData_fma_large/row79525.csv
SKIPPING: metaTables/vocal_music_demucs_16k/metaData_fma_large/row79526.csv
SKIPPING: metaTables/vocal_music_demucs_16k/metaData_fma_large/row79527.csv
SKIPPING: metaTables/vocal_music_demucs_16k/metaData_fma_large/row79528.csv
SKIPPING: metaTables/vocal_music_demucs_16k/metaData_fma_large/row79529.csv
SKIPPING: metaTables/vocal_music_demucs_16k/metaData_fma_large/row79530.csv
SKIPPING: metaTables/vocal_music_demucs_16k/metaData_fma_large/row79531.csv
SKIPPING: metaTables/vocal_music_demucs_16k/metaData_fma_large/row79532.csv
SKIPPING: metaTables/vocal_music_demucs_16k/metaData_fma_large/row79533.csv
SKIPPING: metaTables/vocal_music_demucs_16k/metaData_fma_large/row79534.csv
SKIPPING: metaTables/vocal_music_demucs_16k/metaData_fma_large/row79535.csv
SKIPPING: metaTables/vocal_music_demucs_16k/metaData_fma_large/row79536.csv
SKIPPING: metaTables/vocal_music_demucs_16k/metaData_fma_large/row79537.csv
SKIPPING: metaTables/vocal_music_demucs_16k/metaData_fma_large/row79538.csv
SKIPPING: metaTables/vocal_music_demucs_16k/metaData_fma_large/row79539.csv
SKIPPING: metaTables/vocal_music_demucs_16k/metaData_fma_large/row79540.csv
SKIPPING: metaTables/vocal_music_demucs_16k/metaData_fma_large/row79541.csv
SKIPPING: metaTables/vocal_music_demucs_16k/metaData_fma_large/row79542.csv
SKIPPING: metaTables/vocal_music_demucs_16k/metaData_fma_large/row79543.csv
SKIPPING: metaTables/vocal_music_demucs_16k/metaData_fma_large/row79544.csv
SKIPPING: metaTables/vocal_music_demucs_16k/metaData_fma_large/row79545.csv
SKIPPING: metaTables/vocal_music_demucs_16k/metaData_fma_large/row79546.csv
SKIPPING: metaTables/vocal_music_demucs_16k/metaData_fma_large/row79547.csv
SKIPPING: metaTables/vocal_music_demucs_16k/metaData_fma_large/row79548.csv
SKIPPING: metaTables/vocal_music_demucs_16k/metaData_fma_large/row79549.csv
SKIPPING: metaTables/vocal_music_demucs_16k/metaData_fma_large/row79550.csv
SKIPPING: metaTables/vocal_music_demucs_16k/metaData_fma_large/row79551.csv
SKIPPING: metaTables/vocal_music_demucs_16k/metaData_fma_large/row79552.csv
SKIPPING: metaTables/vocal_music_demucs_16k/metaData_fma_large/row79553.csv
SKIPPING: metaTables/vocal_music_demucs_16k/metaData_fma_large/row79554.csv
SKIPPING: metaTables/vocal_music_demucs_16k/metaData_fma_large/row79555.csv
SKIPPING: metaTables/vocal_music_demucs_16k/metaData_fma_large/row79556.csv
SKIPPING: metaTables/vocal_music_demucs_16k/metaData_fma_large/row79557.csv
SKIPPING: metaTables/vocal_music_demucs_16k/metaData_fma_large/row79558.csv
SKIPPING: metaTables/vocal_music_demucs_16k/metaData_fma_large/row79559.csv
SKIPPING: metaTables/vocal_music_demucs_16k/metaData_fma_large/row79560.csv
SKIPPING: metaTables/vocal_music_demucs_16k/metaData_fma_large/row79561.csv
SKIPPING: metaTables/vocal_music_demucs_16k/metaData_fma_large/row79562.csv
SKIPPING: metaTables/vocal_music_demucs_16k/metaData_fma_large/row79563.csv
SKIPPING: metaTables/vocal_music_demucs_16k/metaData_fma_large/row79564.csv
SKIPPING: metaTables/vocal_music_demucs_16k/metaData_fma_large/row79565.csv
SKIPPING: metaTables/vocal_music_demucs_16k/metaData_fma_large/row79566.csv
SKIPPING: metaTables/vocal_music_demucs_16k/metaData_fma_large/row79567.csv
SKIPPING: metaTables/vocal_music_demucs_16k/metaData_fma_large/row79568.csv
SKIPPING: metaTables/vocal_music_demucs_16k/metaData_fma_large/row79569.csv
SKIPPING: metaTables/vocal_music_demucs_16k/metaData_fma_large/row79570.csv
SKIPPING: metaTables/vocal_music_demucs_16k/metaData_fma_large/row79571.csv
SKIPPING: metaTables/vocal_music_demucs_16k/metaData_fma_large/row79572.csv
SKIPPING: metaTables/vocal_music_demucs_16k/metaData_fma_large/row79573.csv
SKIPPING: metaTables/vocal_music_demucs_16k/metaData_fma_large/row79574.csv
SKIPPING: metaTables/vocal_music_demucs_16k/metaData_fma_large/row79575.csv
SKIPPING: metaTables/vocal_music_demucs_16k/metaData_fma_large/row79576.csv
SKIPPING: metaTables/vocal_music_demucs_16k/metaData_fma_large/row79577.csv
SKIPPING: metaTables/vocal_music_demucs_16k/metaData_fma_large/row79578.csv
SKIPPING: metaTables/vocal_music_demucs_16k/metaData_fma_large/row79579.csv
SKIPPING: metaTables/vocal_music_demucs_16k/metaData_fma_large/row79580.csv
SKIPPING: metaTables/vocal_music_demucs_16k/metaData_fma_large/row79581.csv
SKIPPING: metaTables/vocal_music_demucs_16k/metaData_fma_large/row79582.csv
SKIPPING: metaTables/vocal_music_demucs_16k/metaData_fma_large/row79583.csv
SKIPPING: metaTables/vocal_music_demucs_16k/metaData_fma_large/row79584.csv
SKIPPING: metaTables/vocal_music_demucs_16k/metaData_fma_large/row79585.csv
SKIPPING: metaTables/vocal_music_demucs_16k/metaData_fma_large/row79586.csv
SKIPPING: metaTables/vocal_music_demucs_16k/metaData_fma_large/row79587.csv
SKIPPING: metaTables/vocal_music_demucs_16k/metaData_fma_large/row79588.csv
SKIPPING: metaTables/vocal_music_demucs_16k/metaData_fma_large/row79589.csv
SKIPPING: metaTables/vocal_music_demucs_16k/metaData_fma_large/row79590.csv
SKIPPING: metaTables/vocal_music_demucs_16k/metaData_fma_large/row79591.csv
SKIPPING: metaTables/vocal_music_demucs_16k/metaData_fma_large/row79592.csv
SKIPPING: metaTables/vocal_music_demucs_16k/metaData_fma_large/row79593.csv
SKIPPING: metaTables/vocal_music_demucs_16k/metaData_fma_large/row79594.csv
SKIPPING: metaTables/vocal_music_demucs_16k/metaData_fma_large/row79595.csv
SKIPPING: metaTables/vocal_music_demucs_16k/metaData_fma_large/row79596.csv
SKIPPING: metaTables/vocal_music_demucs_16k/metaData_fma_large/row79597.csv
SKIPPING: metaTables/vocal_music_demucs_16k/metaData_fma_large/row79598.csv
SKIPPING: metaTables/vocal_music_demucs_16k/metaData_fma_large/row79599.csv
Demucs voice recognition done!
