/ext3/demucs/lib/python3.9/site-packages/demucs/api.py:27: UserWarning: TorchAudio's global backend is now deprecated. Please enable distpatcher by setting `TORCHAUDIO_USE_BACKEND_DISPATCHER=1`, and specify backend when calling load/info/save function.
  import torchaudio as ta
2024-05-10 11:33:29.077300: I tensorflow/core/util/port.cc:113] oneDNN custom operations are on. You may see slightly different numerical results due to floating-point round-off errors from different computation orders. To turn them off, set the environment variable `TF_ENABLE_ONEDNN_OPTS=0`.
2024-05-10 11:33:30.425366: E external/local_xla/xla/stream_executor/cuda/cuda_dnn.cc:9261] Unable to register cuDNN factory: Attempting to register factory for plugin cuDNN when one has already been registered
2024-05-10 11:33:30.425421: E external/local_xla/xla/stream_executor/cuda/cuda_fft.cc:607] Unable to register cuFFT factory: Attempting to register factory for plugin cuFFT when one has already been registered
2024-05-10 11:33:30.625075: E external/local_xla/xla/stream_executor/cuda/cuda_blas.cc:1515] Unable to register cuBLAS factory: Attempting to register factory for plugin cuBLAS when one has already been registered
2024-05-10 11:33:30.871435: I tensorflow/core/platform/cpu_feature_guard.cc:182] This TensorFlow binary is optimized to use available CPU instructions in performance-critical operations.
To enable the following instructions: AVX2 AVX512F AVX512_VNNI FMA, in other operations, rebuild TensorFlow with the appropriate compiler flags.
2024-05-10 11:33:32.426840: W tensorflow/compiler/tf2tensorrt/utils/py_utils.cc:38] TF-TRT Warning: Could not find TensorRT
Execution time: 28.583256483078003 seconds
metaTables/vocal_music_demucs_16k/metaData_fma_large/row26200.csv
Execution time: 27.452303409576416 seconds
metaTables/vocal_music_demucs_16k/metaData_fma_large/row26201.csv
Execution time: 30.57719111442566 seconds
metaTables/vocal_music_demucs_16k/metaData_fma_large/row26202.csv
Execution time: 29.36617398262024 seconds
metaTables/vocal_music_demucs_16k/metaData_fma_large/row26203.csv
Execution time: 29.29872441291809 seconds
metaTables/vocal_music_demucs_16k/metaData_fma_large/row26204.csv
Execution time: 28.3003249168396 seconds
metaTables/vocal_music_demucs_16k/metaData_fma_large/row26205.csv
Execution time: 28.306411266326904 seconds
metaTables/vocal_music_demucs_16k/metaData_fma_large/row26206.csv
Execution time: 26.424343585968018 seconds
metaTables/vocal_music_demucs_16k/metaData_fma_large/row26207.csv
Execution time: 27.302253007888794 seconds
metaTables/vocal_music_demucs_16k/metaData_fma_large/row26208.csv
Execution time: 25.516058921813965 seconds
metaTables/vocal_music_demucs_16k/metaData_fma_large/row26209.csv
Execution time: 26.568753719329834 seconds
metaTables/vocal_music_demucs_16k/metaData_fma_large/row26210.csv
Execution time: 27.04246997833252 seconds
metaTables/vocal_music_demucs_16k/metaData_fma_large/row26211.csv
Execution time: 27.412534713745117 seconds
metaTables/vocal_music_demucs_16k/metaData_fma_large/row26212.csv
Execution time: 26.67609667778015 seconds
metaTables/vocal_music_demucs_16k/metaData_fma_large/row26213.csv
Execution time: 26.554319858551025 seconds
metaTables/vocal_music_demucs_16k/metaData_fma_large/row26214.csv
Execution time: 28.0290744304657 seconds
metaTables/vocal_music_demucs_16k/metaData_fma_large/row26215.csv
Execution time: 27.784095287322998 seconds
metaTables/vocal_music_demucs_16k/metaData_fma_large/row26216.csv
Execution time: 25.49862790107727 seconds
metaTables/vocal_music_demucs_16k/metaData_fma_large/row26217.csv
Execution time: 26.748823165893555 seconds
metaTables/vocal_music_demucs_16k/metaData_fma_large/row26218.csv
Execution time: 26.429330348968506 seconds
metaTables/vocal_music_demucs_16k/metaData_fma_large/row26219.csv
Execution time: 27.598538875579834 seconds
metaTables/vocal_music_demucs_16k/metaData_fma_large/row26220.csv
Execution time: 27.4696204662323 seconds
metaTables/vocal_music_demucs_16k/metaData_fma_large/row26221.csv
Execution time: 27.515673637390137 seconds
metaTables/vocal_music_demucs_16k/metaData_fma_large/row26222.csv
Execution time: 26.537951707839966 seconds
metaTables/vocal_music_demucs_16k/metaData_fma_large/row26223.csv
Execution time: 27.455891132354736 seconds
metaTables/vocal_music_demucs_16k/metaData_fma_large/row26224.csv
Execution time: 26.684655904769897 seconds
metaTables/vocal_music_demucs_16k/metaData_fma_large/row26225.csv
Execution time: 27.313726663589478 seconds
metaTables/vocal_music_demucs_16k/metaData_fma_large/row26226.csv
Execution time: 26.03329062461853 seconds
metaTables/vocal_music_demucs_16k/metaData_fma_large/row26227.csv
Execution time: 27.569048166275024 seconds
metaTables/vocal_music_demucs_16k/metaData_fma_large/row26228.csv
Execution time: 26.196701049804688 seconds
metaTables/vocal_music_demucs_16k/metaData_fma_large/row26229.csv
Execution time: 27.21039128303528 seconds
metaTables/vocal_music_demucs_16k/metaData_fma_large/row26230.csv
Execution time: 26.535229921340942 seconds
metaTables/vocal_music_demucs_16k/metaData_fma_large/row26231.csv
Execution time: 27.393089532852173 seconds
metaTables/vocal_music_demucs_16k/metaData_fma_large/row26232.csv
Execution time: 26.46102547645569 seconds
metaTables/vocal_music_demucs_16k/metaData_fma_large/row26233.csv
Execution time: 26.805126905441284 seconds
metaTables/vocal_music_demucs_16k/metaData_fma_large/row26234.csv
Execution time: 25.298834800720215 seconds
metaTables/vocal_music_demucs_16k/metaData_fma_large/row26235.csv
Execution time: 25.707802295684814 seconds
metaTables/vocal_music_demucs_16k/metaData_fma_large/row26236.csv
Execution time: 26.827996492385864 seconds
metaTables/vocal_music_demucs_16k/metaData_fma_large/row26237.csv
Execution time: 26.80518126487732 seconds
metaTables/vocal_music_demucs_16k/metaData_fma_large/row26238.csv
Execution time: 26.685776948928833 seconds
metaTables/vocal_music_demucs_16k/metaData_fma_large/row26239.csv
Execution time: 26.72940444946289 seconds
metaTables/vocal_music_demucs_16k/metaData_fma_large/row26240.csv
Execution time: 26.581541538238525 seconds
metaTables/vocal_music_demucs_16k/metaData_fma_large/row26241.csv
Execution time: 27.995770931243896 seconds
metaTables/vocal_music_demucs_16k/metaData_fma_large/row26242.csv
Execution time: 26.361196756362915 seconds
metaTables/vocal_music_demucs_16k/metaData_fma_large/row26243.csv
Execution time: 25.782495498657227 seconds
metaTables/vocal_music_demucs_16k/metaData_fma_large/row26244.csv
Execution time: 26.026726484298706 seconds
metaTables/vocal_music_demucs_16k/metaData_fma_large/row26245.csv
Execution time: 27.756112337112427 seconds
metaTables/vocal_music_demucs_16k/metaData_fma_large/row26246.csv
Execution time: 27.373405694961548 seconds
metaTables/vocal_music_demucs_16k/metaData_fma_large/row26247.csv
Execution time: 27.458930492401123 seconds
metaTables/vocal_music_demucs_16k/metaData_fma_large/row26248.csv
Execution time: 27.382625579833984 seconds
metaTables/vocal_music_demucs_16k/metaData_fma_large/row26249.csv
Execution time: 26.466309309005737 seconds
metaTables/vocal_music_demucs_16k/metaData_fma_large/row26250.csv
Execution time: 26.573251485824585 seconds
metaTables/vocal_music_demucs_16k/metaData_fma_large/row26251.csv
Execution time: 26.48658776283264 seconds
metaTables/vocal_music_demucs_16k/metaData_fma_large/row26252.csv
Execution time: 26.83876943588257 seconds
metaTables/vocal_music_demucs_16k/metaData_fma_large/row26253.csv
Execution time: 27.149900197982788 seconds
metaTables/vocal_music_demucs_16k/metaData_fma_large/row26254.csv
Execution time: 27.095803022384644 seconds
metaTables/vocal_music_demucs_16k/metaData_fma_large/row26255.csv
Execution time: 26.92411494255066 seconds
metaTables/vocal_music_demucs_16k/metaData_fma_large/row26256.csv
Execution time: 28.14932656288147 seconds
metaTables/vocal_music_demucs_16k/metaData_fma_large/row26257.csv
Execution time: 22.606486320495605 seconds
metaTables/vocal_music_demucs_16k/metaData_fma_large/row26258.csv
Execution time: 27.049275636672974 seconds
metaTables/vocal_music_demucs_16k/metaData_fma_large/row26259.csv
Execution time: 26.860992670059204 seconds
metaTables/vocal_music_demucs_16k/metaData_fma_large/row26260.csv
Execution time: 26.01505446434021 seconds
metaTables/vocal_music_demucs_16k/metaData_fma_large/row26261.csv
Execution time: 26.492218017578125 seconds
metaTables/vocal_music_demucs_16k/metaData_fma_large/row26262.csv
Execution time: 27.040295839309692 seconds
metaTables/vocal_music_demucs_16k/metaData_fma_large/row26263.csv
Execution time: 27.272826194763184 seconds
metaTables/vocal_music_demucs_16k/metaData_fma_large/row26264.csv
Execution time: 26.313533306121826 seconds
metaTables/vocal_music_demucs_16k/metaData_fma_large/row26265.csv
Execution time: 26.774120569229126 seconds
metaTables/vocal_music_demucs_16k/metaData_fma_large/row26266.csv
Execution time: 26.375361442565918 seconds
metaTables/vocal_music_demucs_16k/metaData_fma_large/row26267.csv
Execution time: 25.89597463607788 seconds
metaTables/vocal_music_demucs_16k/metaData_fma_large/row26268.csv
Execution time: 25.992560386657715 seconds
metaTables/vocal_music_demucs_16k/metaData_fma_large/row26269.csv
Execution time: 26.286609172821045 seconds
metaTables/vocal_music_demucs_16k/metaData_fma_large/row26270.csv
Execution time: 25.763566970825195 seconds
metaTables/vocal_music_demucs_16k/metaData_fma_large/row26271.csv
Execution time: 25.923970699310303 seconds
metaTables/vocal_music_demucs_16k/metaData_fma_large/row26272.csv
Execution time: 26.220202207565308 seconds
metaTables/vocal_music_demucs_16k/metaData_fma_large/row26273.csv
Execution time: 26.193800687789917 seconds
metaTables/vocal_music_demucs_16k/metaData_fma_large/row26274.csv
Execution time: 27.060869216918945 seconds
metaTables/vocal_music_demucs_16k/metaData_fma_large/row26275.csv
Execution time: 25.939552545547485 seconds
metaTables/vocal_music_demucs_16k/metaData_fma_large/row26276.csv
Execution time: 25.130319118499756 seconds
metaTables/vocal_music_demucs_16k/metaData_fma_large/row26277.csv
Execution time: 26.00229024887085 seconds
metaTables/vocal_music_demucs_16k/metaData_fma_large/row26278.csv
Execution time: 27.360244035720825 seconds
metaTables/vocal_music_demucs_16k/metaData_fma_large/row26279.csv
Execution time: 26.605249643325806 seconds
metaTables/vocal_music_demucs_16k/metaData_fma_large/row26280.csv
Execution time: 25.66112208366394 seconds
metaTables/vocal_music_demucs_16k/metaData_fma_large/row26281.csv
Execution time: 26.9828200340271 seconds
metaTables/vocal_music_demucs_16k/metaData_fma_large/row26282.csv
Execution time: 25.836079597473145 seconds
metaTables/vocal_music_demucs_16k/metaData_fma_large/row26283.csv
Execution time: 26.251514673233032 seconds
metaTables/vocal_music_demucs_16k/metaData_fma_large/row26284.csv
Execution time: 25.370700359344482 seconds
metaTables/vocal_music_demucs_16k/metaData_fma_large/row26285.csv
Execution time: 26.97192621231079 seconds
metaTables/vocal_music_demucs_16k/metaData_fma_large/row26286.csv
Execution time: 25.73205876350403 seconds
metaTables/vocal_music_demucs_16k/metaData_fma_large/row26287.csv
Execution time: 25.8131844997406 seconds
metaTables/vocal_music_demucs_16k/metaData_fma_large/row26288.csv
Execution time: 26.061346769332886 seconds
metaTables/vocal_music_demucs_16k/metaData_fma_large/row26289.csv
Execution time: 25.904398441314697 seconds
metaTables/vocal_music_demucs_16k/metaData_fma_large/row26290.csv
Execution time: 26.317322254180908 seconds
metaTables/vocal_music_demucs_16k/metaData_fma_large/row26291.csv
Execution time: 25.747310400009155 seconds
metaTables/vocal_music_demucs_16k/metaData_fma_large/row26292.csv
Execution time: 25.911005973815918 seconds
metaTables/vocal_music_demucs_16k/metaData_fma_large/row26293.csv
Execution time: 26.5847110748291 seconds
metaTables/vocal_music_demucs_16k/metaData_fma_large/row26294.csv
Execution time: 26.283228635787964 seconds
metaTables/vocal_music_demucs_16k/metaData_fma_large/row26295.csv
Execution time: 25.123075485229492 seconds
metaTables/vocal_music_demucs_16k/metaData_fma_large/row26296.csv
Execution time: 26.578335285186768 seconds
metaTables/vocal_music_demucs_16k/metaData_fma_large/row26297.csv
Execution time: 26.536593914031982 seconds
metaTables/vocal_music_demucs_16k/metaData_fma_large/row26298.csv
Execution time: 26.58159899711609 seconds
metaTables/vocal_music_demucs_16k/metaData_fma_large/row26299.csv
Demucs voice recognition done!
