/ext3/demucs/lib/python3.9/site-packages/demucs/api.py:27: UserWarning: TorchAudio's global backend is now deprecated. Please enable distpatcher by setting `TORCHAUDIO_USE_BACKEND_DISPATCHER=1`, and specify backend when calling load/info/save function.
  import torchaudio as ta
2024-05-10 02:02:24.551507: I tensorflow/core/util/port.cc:113] oneDNN custom operations are on. You may see slightly different numerical results due to floating-point round-off errors from different computation orders. To turn them off, set the environment variable `TF_ENABLE_ONEDNN_OPTS=0`.
2024-05-10 02:02:24.714549: E external/local_xla/xla/stream_executor/cuda/cuda_dnn.cc:9261] Unable to register cuDNN factory: Attempting to register factory for plugin cuDNN when one has already been registered
2024-05-10 02:02:24.714593: E external/local_xla/xla/stream_executor/cuda/cuda_fft.cc:607] Unable to register cuFFT factory: Attempting to register factory for plugin cuFFT when one has already been registered
2024-05-10 02:02:24.734900: E external/local_xla/xla/stream_executor/cuda/cuda_blas.cc:1515] Unable to register cuBLAS factory: Attempting to register factory for plugin cuBLAS when one has already been registered
2024-05-10 02:02:24.767603: I tensorflow/core/platform/cpu_feature_guard.cc:182] This TensorFlow binary is optimized to use available CPU instructions in performance-critical operations.
To enable the following instructions: AVX2 AVX512F AVX512_VNNI FMA, in other operations, rebuild TensorFlow with the appropriate compiler flags.
2024-05-10 02:02:25.662181: W tensorflow/compiler/tf2tensorrt/utils/py_utils.cc:38] TF-TRT Warning: Could not find TensorRT
Execution time: 25.22438907623291 seconds
metaTables/vocal_music_demucs_16k/metaData_fma_large/row81900.csv
Execution time: 23.724849939346313 seconds
metaTables/vocal_music_demucs_16k/metaData_fma_large/row81901.csv
Execution time: 22.712372303009033 seconds
metaTables/vocal_music_demucs_16k/metaData_fma_large/row81902.csv
Execution time: 23.179887294769287 seconds
metaTables/vocal_music_demucs_16k/metaData_fma_large/row81903.csv
Execution time: 24.011897087097168 seconds
metaTables/vocal_music_demucs_16k/metaData_fma_large/row81904.csv
Execution time: 23.1059353351593 seconds
metaTables/vocal_music_demucs_16k/metaData_fma_large/row81905.csv
Execution time: 24.12073278427124 seconds
metaTables/vocal_music_demucs_16k/metaData_fma_large/row81906.csv
Execution time: 23.74287986755371 seconds
metaTables/vocal_music_demucs_16k/metaData_fma_large/row81907.csv
Execution time: 23.360415935516357 seconds
metaTables/vocal_music_demucs_16k/metaData_fma_large/row81908.csv
Execution time: 24.142988681793213 seconds
metaTables/vocal_music_demucs_16k/metaData_fma_large/row81909.csv
Execution time: 23.25450325012207 seconds
metaTables/vocal_music_demucs_16k/metaData_fma_large/row81910.csv
Execution time: 23.05966067314148 seconds
metaTables/vocal_music_demucs_16k/metaData_fma_large/row81911.csv
Execution time: 23.56050133705139 seconds
metaTables/vocal_music_demucs_16k/metaData_fma_large/row81912.csv
Execution time: 25.347689628601074 seconds
metaTables/vocal_music_demucs_16k/metaData_fma_large/row81913.csv
Execution time: 23.866405248641968 seconds
metaTables/vocal_music_demucs_16k/metaData_fma_large/row81914.csv
Execution time: 23.334063053131104 seconds
metaTables/vocal_music_demucs_16k/metaData_fma_large/row81915.csv
Execution time: 23.580158710479736 seconds
metaTables/vocal_music_demucs_16k/metaData_fma_large/row81916.csv
Execution time: 25.357983827590942 seconds
metaTables/vocal_music_demucs_16k/metaData_fma_large/row81917.csv
Execution time: 23.510932207107544 seconds
metaTables/vocal_music_demucs_16k/metaData_fma_large/row81918.csv
Execution time: 23.251688718795776 seconds
metaTables/vocal_music_demucs_16k/metaData_fma_large/row81919.csv
Execution time: 23.42253065109253 seconds
metaTables/vocal_music_demucs_16k/metaData_fma_large/row81920.csv
Execution time: 24.023578882217407 seconds
metaTables/vocal_music_demucs_16k/metaData_fma_large/row81921.csv
Execution time: 24.55195665359497 seconds
metaTables/vocal_music_demucs_16k/metaData_fma_large/row81922.csv
Execution time: 23.406975269317627 seconds
metaTables/vocal_music_demucs_16k/metaData_fma_large/row81923.csv
Execution time: 23.099858283996582 seconds
metaTables/vocal_music_demucs_16k/metaData_fma_large/row81924.csv
Execution time: 24.18339991569519 seconds
metaTables/vocal_music_demucs_16k/metaData_fma_large/row81925.csv
Execution time: 23.140276432037354 seconds
metaTables/vocal_music_demucs_16k/metaData_fma_large/row81926.csv
Execution time: 23.017316579818726 seconds
metaTables/vocal_music_demucs_16k/metaData_fma_large/row81927.csv
Execution time: 23.659802198410034 seconds
metaTables/vocal_music_demucs_16k/metaData_fma_large/row81928.csv
Execution time: 23.425225019454956 seconds
metaTables/vocal_music_demucs_16k/metaData_fma_large/row81929.csv
Execution time: 25.38324999809265 seconds
metaTables/vocal_music_demucs_16k/metaData_fma_large/row81930.csv
Execution time: 24.127347469329834 seconds
metaTables/vocal_music_demucs_16k/metaData_fma_large/row81931.csv
Execution time: 23.862947463989258 seconds
metaTables/vocal_music_demucs_16k/metaData_fma_large/row81932.csv
Execution time: 23.431166648864746 seconds
metaTables/vocal_music_demucs_16k/metaData_fma_large/row81933.csv
Execution time: 24.004780292510986 seconds
metaTables/vocal_music_demucs_16k/metaData_fma_large/row81934.csv
Execution time: 24.40847659111023 seconds
metaTables/vocal_music_demucs_16k/metaData_fma_large/row81935.csv
Execution time: 22.881078958511353 seconds
metaTables/vocal_music_demucs_16k/metaData_fma_large/row81936.csv
Execution time: 24.244975328445435 seconds
metaTables/vocal_music_demucs_16k/metaData_fma_large/row81937.csv
Execution time: 23.297856092453003 seconds
metaTables/vocal_music_demucs_16k/metaData_fma_large/row81938.csv
Execution time: 23.66834330558777 seconds
metaTables/vocal_music_demucs_16k/metaData_fma_large/row81939.csv
Execution time: 23.184510707855225 seconds
metaTables/vocal_music_demucs_16k/metaData_fma_large/row81940.csv
Execution time: 22.407941818237305 seconds
metaTables/vocal_music_demucs_16k/metaData_fma_large/row81941.csv
Execution time: 23.08517336845398 seconds
metaTables/vocal_music_demucs_16k/metaData_fma_large/row81942.csv
Execution time: 23.670809984207153 seconds
metaTables/vocal_music_demucs_16k/metaData_fma_large/row81943.csv
Execution time: 23.86112642288208 seconds
metaTables/vocal_music_demucs_16k/metaData_fma_large/row81944.csv
Execution time: 23.56622552871704 seconds
metaTables/vocal_music_demucs_16k/metaData_fma_large/row81945.csv
Execution time: 23.606338024139404 seconds
metaTables/vocal_music_demucs_16k/metaData_fma_large/row81946.csv
Execution time: 23.730080127716064 seconds
metaTables/vocal_music_demucs_16k/metaData_fma_large/row81947.csv
Execution time: 24.066389322280884 seconds
metaTables/vocal_music_demucs_16k/metaData_fma_large/row81948.csv
Execution time: 24.783134937286377 seconds
metaTables/vocal_music_demucs_16k/metaData_fma_large/row81949.csv
Execution time: 24.529805660247803 seconds
metaTables/vocal_music_demucs_16k/metaData_fma_large/row81950.csv
Execution time: 23.18844246864319 seconds
metaTables/vocal_music_demucs_16k/metaData_fma_large/row81951.csv
Execution time: 23.945871114730835 seconds
metaTables/vocal_music_demucs_16k/metaData_fma_large/row81952.csv
Execution time: 23.700719594955444 seconds
metaTables/vocal_music_demucs_16k/metaData_fma_large/row81953.csv
Execution time: 23.74019956588745 seconds
metaTables/vocal_music_demucs_16k/metaData_fma_large/row81954.csv
Execution time: 23.731744527816772 seconds
metaTables/vocal_music_demucs_16k/metaData_fma_large/row81955.csv
Execution time: 24.87221074104309 seconds
metaTables/vocal_music_demucs_16k/metaData_fma_large/row81956.csv
Execution time: 23.850203037261963 seconds
metaTables/vocal_music_demucs_16k/metaData_fma_large/row81957.csv
Execution time: 23.2139675617218 seconds
metaTables/vocal_music_demucs_16k/metaData_fma_large/row81958.csv
Execution time: 23.017115354537964 seconds
metaTables/vocal_music_demucs_16k/metaData_fma_large/row81959.csv
Execution time: 23.430285215377808 seconds
metaTables/vocal_music_demucs_16k/metaData_fma_large/row81960.csv
Execution time: 23.46810245513916 seconds
metaTables/vocal_music_demucs_16k/metaData_fma_large/row81961.csv
Execution time: 23.713866233825684 seconds
metaTables/vocal_music_demucs_16k/metaData_fma_large/row81962.csv
Execution time: 23.55307412147522 seconds
metaTables/vocal_music_demucs_16k/metaData_fma_large/row81963.csv
Execution time: 24.94766926765442 seconds
metaTables/vocal_music_demucs_16k/metaData_fma_large/row81964.csv
Execution time: 24.343098640441895 seconds
metaTables/vocal_music_demucs_16k/metaData_fma_large/row81965.csv
Execution time: 23.36593770980835 seconds
metaTables/vocal_music_demucs_16k/metaData_fma_large/row81966.csv
Execution time: 23.648356437683105 seconds
metaTables/vocal_music_demucs_16k/metaData_fma_large/row81967.csv
Execution time: 23.404059171676636 seconds
metaTables/vocal_music_demucs_16k/metaData_fma_large/row81968.csv
Execution time: 23.684036016464233 seconds
metaTables/vocal_music_demucs_16k/metaData_fma_large/row81969.csv
Execution time: 24.264172792434692 seconds
metaTables/vocal_music_demucs_16k/metaData_fma_large/row81970.csv
Execution time: 23.262911081314087 seconds
metaTables/vocal_music_demucs_16k/metaData_fma_large/row81971.csv
Execution time: 23.80010199546814 seconds
metaTables/vocal_music_demucs_16k/metaData_fma_large/row81972.csv
Execution time: 23.732094764709473 seconds
metaTables/vocal_music_demucs_16k/metaData_fma_large/row81973.csv
Execution time: 23.848328590393066 seconds
metaTables/vocal_music_demucs_16k/metaData_fma_large/row81974.csv
Execution time: 23.91055703163147 seconds
metaTables/vocal_music_demucs_16k/metaData_fma_large/row81975.csv
Execution time: 24.227091550827026 seconds
metaTables/vocal_music_demucs_16k/metaData_fma_large/row81976.csv
Execution time: 23.1983163356781 seconds
metaTables/vocal_music_demucs_16k/metaData_fma_large/row81977.csv
Execution time: 23.17850089073181 seconds
metaTables/vocal_music_demucs_16k/metaData_fma_large/row81978.csv
Execution time: 23.624727487564087 seconds
metaTables/vocal_music_demucs_16k/metaData_fma_large/row81979.csv
Execution time: 25.525068998336792 seconds
metaTables/vocal_music_demucs_16k/metaData_fma_large/row81980.csv
Execution time: 26.076623916625977 seconds
metaTables/vocal_music_demucs_16k/metaData_fma_large/row81981.csv
Execution time: 23.51404905319214 seconds
metaTables/vocal_music_demucs_16k/metaData_fma_large/row81982.csv
Execution time: 24.342057466506958 seconds
metaTables/vocal_music_demucs_16k/metaData_fma_large/row81983.csv
Execution time: 24.060054063796997 seconds
metaTables/vocal_music_demucs_16k/metaData_fma_large/row81984.csv
Execution time: 24.603760719299316 seconds
metaTables/vocal_music_demucs_16k/metaData_fma_large/row81985.csv
Execution time: 24.13487458229065 seconds
metaTables/vocal_music_demucs_16k/metaData_fma_large/row81986.csv
Execution time: 24.020134210586548 seconds
metaTables/vocal_music_demucs_16k/metaData_fma_large/row81987.csv
Execution time: 23.660009145736694 seconds
metaTables/vocal_music_demucs_16k/metaData_fma_large/row81988.csv
Execution time: 24.230000257492065 seconds
metaTables/vocal_music_demucs_16k/metaData_fma_large/row81989.csv
Execution time: 23.87749695777893 seconds
metaTables/vocal_music_demucs_16k/metaData_fma_large/row81990.csv
Execution time: 24.30741548538208 seconds
metaTables/vocal_music_demucs_16k/metaData_fma_large/row81991.csv
Execution time: 23.954567193984985 seconds
metaTables/vocal_music_demucs_16k/metaData_fma_large/row81992.csv
Execution time: 23.742740631103516 seconds
metaTables/vocal_music_demucs_16k/metaData_fma_large/row81993.csv
Execution time: 23.752620458602905 seconds
metaTables/vocal_music_demucs_16k/metaData_fma_large/row81994.csv
Execution time: 23.496413230895996 seconds
metaTables/vocal_music_demucs_16k/metaData_fma_large/row81995.csv
Execution time: 24.357046604156494 seconds
metaTables/vocal_music_demucs_16k/metaData_fma_large/row81996.csv
Execution time: 23.83098840713501 seconds
metaTables/vocal_music_demucs_16k/metaData_fma_large/row81997.csv
Execution time: 23.33914613723755 seconds
metaTables/vocal_music_demucs_16k/metaData_fma_large/row81998.csv
Execution time: 23.45735001564026 seconds
metaTables/vocal_music_demucs_16k/metaData_fma_large/row81999.csv
Demucs voice recognition done!
