/ext3/demucs/lib/python3.9/site-packages/demucs/api.py:27: UserWarning: TorchAudio's global backend is now deprecated. Please enable distpatcher by setting `TORCHAUDIO_USE_BACKEND_DISPATCHER=1`, and specify backend when calling load/info/save function.
  import torchaudio as ta
2024-05-10 11:35:02.373321: I tensorflow/core/util/port.cc:113] oneDNN custom operations are on. You may see slightly different numerical results due to floating-point round-off errors from different computation orders. To turn them off, set the environment variable `TF_ENABLE_ONEDNN_OPTS=0`.
2024-05-10 11:35:04.124267: E external/local_xla/xla/stream_executor/cuda/cuda_dnn.cc:9261] Unable to register cuDNN factory: Attempting to register factory for plugin cuDNN when one has already been registered
2024-05-10 11:35:04.124310: E external/local_xla/xla/stream_executor/cuda/cuda_fft.cc:607] Unable to register cuFFT factory: Attempting to register factory for plugin cuFFT when one has already been registered
2024-05-10 11:35:04.525827: E external/local_xla/xla/stream_executor/cuda/cuda_blas.cc:1515] Unable to register cuBLAS factory: Attempting to register factory for plugin cuBLAS when one has already been registered
2024-05-10 11:35:04.718594: I tensorflow/core/platform/cpu_feature_guard.cc:182] This TensorFlow binary is optimized to use available CPU instructions in performance-critical operations.
To enable the following instructions: AVX2 AVX512F AVX512_VNNI FMA, in other operations, rebuild TensorFlow with the appropriate compiler flags.
2024-05-10 11:35:05.917109: W tensorflow/compiler/tf2tensorrt/utils/py_utils.cc:38] TF-TRT Warning: Could not find TensorRT
Execution time: 31.232386350631714 seconds
metaTables/vocal_music_demucs_16k/metaData_fma_large/row86500.csv
Execution time: 28.505046606063843 seconds
metaTables/vocal_music_demucs_16k/metaData_fma_large/row86501.csv
Execution time: 28.55997109413147 seconds
metaTables/vocal_music_demucs_16k/metaData_fma_large/row86502.csv
Execution time: 28.140754222869873 seconds
metaTables/vocal_music_demucs_16k/metaData_fma_large/row86503.csv
Execution time: 27.7308349609375 seconds
metaTables/vocal_music_demucs_16k/metaData_fma_large/row86504.csv
Execution time: 28.369889974594116 seconds
metaTables/vocal_music_demucs_16k/metaData_fma_large/row86505.csv
Execution time: 29.044447660446167 seconds
metaTables/vocal_music_demucs_16k/metaData_fma_large/row86506.csv
Execution time: 28.583183765411377 seconds
metaTables/vocal_music_demucs_16k/metaData_fma_large/row86507.csv
Execution time: 27.95246386528015 seconds
metaTables/vocal_music_demucs_16k/metaData_fma_large/row86508.csv
Execution time: 28.374619007110596 seconds
metaTables/vocal_music_demucs_16k/metaData_fma_large/row86509.csv
Execution time: 24.524253368377686 seconds
metaTables/vocal_music_demucs_16k/metaData_fma_large/row86510.csv
Execution time: 28.808619260787964 seconds
metaTables/vocal_music_demucs_16k/metaData_fma_large/row86511.csv
Execution time: 29.500799894332886 seconds
metaTables/vocal_music_demucs_16k/metaData_fma_large/row86512.csv
Execution time: 28.98661708831787 seconds
metaTables/vocal_music_demucs_16k/metaData_fma_large/row86513.csv
Execution time: 28.87870979309082 seconds
metaTables/vocal_music_demucs_16k/metaData_fma_large/row86514.csv
Execution time: 29.022491693496704 seconds
metaTables/vocal_music_demucs_16k/metaData_fma_large/row86515.csv
Execution time: 29.191638708114624 seconds
metaTables/vocal_music_demucs_16k/metaData_fma_large/row86516.csv
Execution time: 14.540812969207764 seconds
metaTables/vocal_music_demucs_16k/metaData_fma_large/row86517.csv
Execution time: 29.137460231781006 seconds
metaTables/vocal_music_demucs_16k/metaData_fma_large/row86518.csv
Execution time: 28.48406958580017 seconds
metaTables/vocal_music_demucs_16k/metaData_fma_large/row86519.csv
Execution time: 29.434290170669556 seconds
metaTables/vocal_music_demucs_16k/metaData_fma_large/row86520.csv
Execution time: 29.75760769844055 seconds
metaTables/vocal_music_demucs_16k/metaData_fma_large/row86521.csv
Execution time: 29.419638872146606 seconds
metaTables/vocal_music_demucs_16k/metaData_fma_large/row86522.csv
Execution time: 28.498782873153687 seconds
metaTables/vocal_music_demucs_16k/metaData_fma_large/row86523.csv
Execution time: 28.75354790687561 seconds
metaTables/vocal_music_demucs_16k/metaData_fma_large/row86524.csv
Execution time: 28.50766634941101 seconds
metaTables/vocal_music_demucs_16k/metaData_fma_large/row86525.csv
Execution time: 28.805652618408203 seconds
metaTables/vocal_music_demucs_16k/metaData_fma_large/row86526.csv
Execution time: 28.158135890960693 seconds
metaTables/vocal_music_demucs_16k/metaData_fma_large/row86527.csv
Execution time: 28.560054302215576 seconds
metaTables/vocal_music_demucs_16k/metaData_fma_large/row86528.csv
Execution time: 29.03824210166931 seconds
metaTables/vocal_music_demucs_16k/metaData_fma_large/row86529.csv
Execution time: 29.878164768218994 seconds
metaTables/vocal_music_demucs_16k/metaData_fma_large/row86530.csv
Execution time: 28.964903354644775 seconds
metaTables/vocal_music_demucs_16k/metaData_fma_large/row86531.csv
Execution time: 28.742345809936523 seconds
metaTables/vocal_music_demucs_16k/metaData_fma_large/row86532.csv
Execution time: 28.063953638076782 seconds
metaTables/vocal_music_demucs_16k/metaData_fma_large/row86533.csv
Execution time: 28.13518261909485 seconds
metaTables/vocal_music_demucs_16k/metaData_fma_large/row86534.csv
Execution time: 28.902873754501343 seconds
metaTables/vocal_music_demucs_16k/metaData_fma_large/row86535.csv
Execution time: 29.102789163589478 seconds
metaTables/vocal_music_demucs_16k/metaData_fma_large/row86536.csv
Execution time: 27.80771827697754 seconds
metaTables/vocal_music_demucs_16k/metaData_fma_large/row86537.csv
Execution time: 29.010955095291138 seconds
metaTables/vocal_music_demucs_16k/metaData_fma_large/row86538.csv
Execution time: 29.482179880142212 seconds
metaTables/vocal_music_demucs_16k/metaData_fma_large/row86539.csv
Execution time: 28.668636560440063 seconds
metaTables/vocal_music_demucs_16k/metaData_fma_large/row86540.csv
Execution time: 27.654008865356445 seconds
metaTables/vocal_music_demucs_16k/metaData_fma_large/row86541.csv
Execution time: 28.322822332382202 seconds
metaTables/vocal_music_demucs_16k/metaData_fma_large/row86542.csv
Execution time: 28.6153404712677 seconds
metaTables/vocal_music_demucs_16k/metaData_fma_large/row86543.csv
Execution time: 28.815300226211548 seconds
metaTables/vocal_music_demucs_16k/metaData_fma_large/row86544.csv
Execution time: 27.631309747695923 seconds
metaTables/vocal_music_demucs_16k/metaData_fma_large/row86545.csv
Execution time: 28.364450454711914 seconds
metaTables/vocal_music_demucs_16k/metaData_fma_large/row86546.csv
Execution time: 28.498114347457886 seconds
metaTables/vocal_music_demucs_16k/metaData_fma_large/row86547.csv
Execution time: 28.54907250404358 seconds
metaTables/vocal_music_demucs_16k/metaData_fma_large/row86548.csv
Execution time: 27.650132417678833 seconds
metaTables/vocal_music_demucs_16k/metaData_fma_large/row86549.csv
Execution time: 29.276095151901245 seconds
metaTables/vocal_music_demucs_16k/metaData_fma_large/row86550.csv
Execution time: 28.89262580871582 seconds
metaTables/vocal_music_demucs_16k/metaData_fma_large/row86551.csv
Execution time: 29.09095025062561 seconds
metaTables/vocal_music_demucs_16k/metaData_fma_large/row86552.csv
Execution time: 28.36612343788147 seconds
metaTables/vocal_music_demucs_16k/metaData_fma_large/row86553.csv
Execution time: 29.023181200027466 seconds
metaTables/vocal_music_demucs_16k/metaData_fma_large/row86554.csv
Execution time: 27.59862208366394 seconds
metaTables/vocal_music_demucs_16k/metaData_fma_large/row86555.csv
Execution time: 28.872371912002563 seconds
metaTables/vocal_music_demucs_16k/metaData_fma_large/row86556.csv
Execution time: 28.786386013031006 seconds
metaTables/vocal_music_demucs_16k/metaData_fma_large/row86557.csv
Execution time: 28.381536960601807 seconds
metaTables/vocal_music_demucs_16k/metaData_fma_large/row86558.csv
Execution time: 28.948981285095215 seconds
metaTables/vocal_music_demucs_16k/metaData_fma_large/row86559.csv
Execution time: 29.450648546218872 seconds
metaTables/vocal_music_demucs_16k/metaData_fma_large/row86560.csv
Execution time: 29.79732394218445 seconds
metaTables/vocal_music_demucs_16k/metaData_fma_large/row86561.csv
Execution time: 28.27106285095215 seconds
metaTables/vocal_music_demucs_16k/metaData_fma_large/row86562.csv
Execution time: 28.885199785232544 seconds
metaTables/vocal_music_demucs_16k/metaData_fma_large/row86563.csv
Execution time: 29.19668674468994 seconds
metaTables/vocal_music_demucs_16k/metaData_fma_large/row86564.csv
Execution time: 29.590550899505615 seconds
metaTables/vocal_music_demucs_16k/metaData_fma_large/row86565.csv
Execution time: 29.22947907447815 seconds
metaTables/vocal_music_demucs_16k/metaData_fma_large/row86566.csv
Execution time: 29.24489951133728 seconds
metaTables/vocal_music_demucs_16k/metaData_fma_large/row86567.csv
Execution time: 29.382716178894043 seconds
metaTables/vocal_music_demucs_16k/metaData_fma_large/row86568.csv
Execution time: 28.393769025802612 seconds
metaTables/vocal_music_demucs_16k/metaData_fma_large/row86569.csv
Execution time: 27.84934949874878 seconds
metaTables/vocal_music_demucs_16k/metaData_fma_large/row86570.csv
Execution time: 29.14162802696228 seconds
metaTables/vocal_music_demucs_16k/metaData_fma_large/row86571.csv
Execution time: 28.955984115600586 seconds
metaTables/vocal_music_demucs_16k/metaData_fma_large/row86572.csv
Execution time: 28.135119676589966 seconds
metaTables/vocal_music_demucs_16k/metaData_fma_large/row86573.csv
Execution time: 29.76024603843689 seconds
metaTables/vocal_music_demucs_16k/metaData_fma_large/row86574.csv
Execution time: 29.468656301498413 seconds
metaTables/vocal_music_demucs_16k/metaData_fma_large/row86575.csv
Execution time: 29.00736665725708 seconds
metaTables/vocal_music_demucs_16k/metaData_fma_large/row86576.csv
Execution time: 28.447855472564697 seconds
metaTables/vocal_music_demucs_16k/metaData_fma_large/row86577.csv
Execution time: 29.017823457717896 seconds
metaTables/vocal_music_demucs_16k/metaData_fma_large/row86578.csv
Execution time: 28.841856718063354 seconds
metaTables/vocal_music_demucs_16k/metaData_fma_large/row86579.csv
Execution time: 28.6448917388916 seconds
metaTables/vocal_music_demucs_16k/metaData_fma_large/row86580.csv
Execution time: 28.698153972625732 seconds
metaTables/vocal_music_demucs_16k/metaData_fma_large/row86581.csv
Execution time: 28.681988954544067 seconds
metaTables/vocal_music_demucs_16k/metaData_fma_large/row86582.csv
Execution time: 29.024126052856445 seconds
metaTables/vocal_music_demucs_16k/metaData_fma_large/row86583.csv
Execution time: 28.583117485046387 seconds
metaTables/vocal_music_demucs_16k/metaData_fma_large/row86584.csv
Execution time: 29.00884437561035 seconds
metaTables/vocal_music_demucs_16k/metaData_fma_large/row86585.csv
Execution time: 29.561985731124878 seconds
metaTables/vocal_music_demucs_16k/metaData_fma_large/row86586.csv
Execution time: 28.826096534729004 seconds
metaTables/vocal_music_demucs_16k/metaData_fma_large/row86587.csv
Execution time: 28.575763463974 seconds
metaTables/vocal_music_demucs_16k/metaData_fma_large/row86588.csv
Execution time: 28.452037811279297 seconds
metaTables/vocal_music_demucs_16k/metaData_fma_large/row86589.csv
Execution time: 30.137389183044434 seconds
metaTables/vocal_music_demucs_16k/metaData_fma_large/row86590.csv
Execution time: 29.772902727127075 seconds
metaTables/vocal_music_demucs_16k/metaData_fma_large/row86591.csv
Execution time: 29.61768627166748 seconds
metaTables/vocal_music_demucs_16k/metaData_fma_large/row86592.csv
Execution time: 29.262146472930908 seconds
metaTables/vocal_music_demucs_16k/metaData_fma_large/row86593.csv
Execution time: 29.150059700012207 seconds
metaTables/vocal_music_demucs_16k/metaData_fma_large/row86594.csv
Execution time: 28.360743045806885 seconds
metaTables/vocal_music_demucs_16k/metaData_fma_large/row86595.csv
Execution time: 28.988165378570557 seconds
metaTables/vocal_music_demucs_16k/metaData_fma_large/row86596.csv
Execution time: 26.836812496185303 seconds
metaTables/vocal_music_demucs_16k/metaData_fma_large/row86597.csv
Execution time: 24.70852494239807 seconds
metaTables/vocal_music_demucs_16k/metaData_fma_large/row86598.csv
Execution time: 20.693504571914673 seconds
metaTables/vocal_music_demucs_16k/metaData_fma_large/row86599.csv
Demucs voice recognition done!
