/ext3/demucs/lib/python3.9/site-packages/demucs/api.py:27: UserWarning: TorchAudio's global backend is now deprecated. Please enable distpatcher by setting `TORCHAUDIO_USE_BACKEND_DISPATCHER=1`, and specify backend when calling load/info/save function.
  import torchaudio as ta
2024-05-09 09:22:22.763495: I tensorflow/core/util/port.cc:113] oneDNN custom operations are on. You may see slightly different numerical results due to floating-point round-off errors from different computation orders. To turn them off, set the environment variable `TF_ENABLE_ONEDNN_OPTS=0`.
2024-05-09 09:22:23.491047: E external/local_xla/xla/stream_executor/cuda/cuda_dnn.cc:9261] Unable to register cuDNN factory: Attempting to register factory for plugin cuDNN when one has already been registered
2024-05-09 09:22:23.491090: E external/local_xla/xla/stream_executor/cuda/cuda_fft.cc:607] Unable to register cuFFT factory: Attempting to register factory for plugin cuFFT when one has already been registered
2024-05-09 09:22:23.518213: E external/local_xla/xla/stream_executor/cuda/cuda_blas.cc:1515] Unable to register cuBLAS factory: Attempting to register factory for plugin cuBLAS when one has already been registered
2024-05-09 09:22:23.574772: I tensorflow/core/platform/cpu_feature_guard.cc:182] This TensorFlow binary is optimized to use available CPU instructions in performance-critical operations.
To enable the following instructions: AVX2 AVX512F AVX512_VNNI FMA, in other operations, rebuild TensorFlow with the appropriate compiler flags.
2024-05-09 09:22:24.500362: W tensorflow/compiler/tf2tensorrt/utils/py_utils.cc:38] TF-TRT Warning: Could not find TensorRT
SKIPPING: metaTables/vocal_music_demucs_16k/metaData_fma_large/row86400.csv
SKIPPING: metaTables/vocal_music_demucs_16k/metaData_fma_large/row86401.csv
SKIPPING: metaTables/vocal_music_demucs_16k/metaData_fma_large/row86402.csv
SKIPPING: metaTables/vocal_music_demucs_16k/metaData_fma_large/row86403.csv
SKIPPING: metaTables/vocal_music_demucs_16k/metaData_fma_large/row86404.csv
SKIPPING: metaTables/vocal_music_demucs_16k/metaData_fma_large/row86405.csv
SKIPPING: metaTables/vocal_music_demucs_16k/metaData_fma_large/row86406.csv
SKIPPING: metaTables/vocal_music_demucs_16k/metaData_fma_large/row86407.csv
SKIPPING: metaTables/vocal_music_demucs_16k/metaData_fma_large/row86408.csv
SKIPPING: metaTables/vocal_music_demucs_16k/metaData_fma_large/row86409.csv
SKIPPING: metaTables/vocal_music_demucs_16k/metaData_fma_large/row86410.csv
SKIPPING: metaTables/vocal_music_demucs_16k/metaData_fma_large/row86411.csv
SKIPPING: metaTables/vocal_music_demucs_16k/metaData_fma_large/row86412.csv
SKIPPING: metaTables/vocal_music_demucs_16k/metaData_fma_large/row86413.csv
SKIPPING: metaTables/vocal_music_demucs_16k/metaData_fma_large/row86414.csv
SKIPPING: metaTables/vocal_music_demucs_16k/metaData_fma_large/row86415.csv
SKIPPING: metaTables/vocal_music_demucs_16k/metaData_fma_large/row86416.csv
SKIPPING: metaTables/vocal_music_demucs_16k/metaData_fma_large/row86417.csv
SKIPPING: metaTables/vocal_music_demucs_16k/metaData_fma_large/row86418.csv
SKIPPING: metaTables/vocal_music_demucs_16k/metaData_fma_large/row86419.csv
SKIPPING: metaTables/vocal_music_demucs_16k/metaData_fma_large/row86420.csv
SKIPPING: metaTables/vocal_music_demucs_16k/metaData_fma_large/row86421.csv
SKIPPING: metaTables/vocal_music_demucs_16k/metaData_fma_large/row86422.csv
SKIPPING: metaTables/vocal_music_demucs_16k/metaData_fma_large/row86423.csv
SKIPPING: metaTables/vocal_music_demucs_16k/metaData_fma_large/row86424.csv
SKIPPING: metaTables/vocal_music_demucs_16k/metaData_fma_large/row86425.csv
SKIPPING: metaTables/vocal_music_demucs_16k/metaData_fma_large/row86426.csv
SKIPPING: metaTables/vocal_music_demucs_16k/metaData_fma_large/row86427.csv
SKIPPING: metaTables/vocal_music_demucs_16k/metaData_fma_large/row86428.csv
SKIPPING: metaTables/vocal_music_demucs_16k/metaData_fma_large/row86429.csv
SKIPPING: metaTables/vocal_music_demucs_16k/metaData_fma_large/row86430.csv
SKIPPING: metaTables/vocal_music_demucs_16k/metaData_fma_large/row86431.csv
SKIPPING: metaTables/vocal_music_demucs_16k/metaData_fma_large/row86432.csv
SKIPPING: metaTables/vocal_music_demucs_16k/metaData_fma_large/row86433.csv
SKIPPING: metaTables/vocal_music_demucs_16k/metaData_fma_large/row86434.csv
SKIPPING: metaTables/vocal_music_demucs_16k/metaData_fma_large/row86435.csv
SKIPPING: metaTables/vocal_music_demucs_16k/metaData_fma_large/row86436.csv
SKIPPING: metaTables/vocal_music_demucs_16k/metaData_fma_large/row86437.csv
SKIPPING: metaTables/vocal_music_demucs_16k/metaData_fma_large/row86438.csv
SKIPPING: metaTables/vocal_music_demucs_16k/metaData_fma_large/row86439.csv
SKIPPING: metaTables/vocal_music_demucs_16k/metaData_fma_large/row86440.csv
SKIPPING: metaTables/vocal_music_demucs_16k/metaData_fma_large/row86441.csv
SKIPPING: metaTables/vocal_music_demucs_16k/metaData_fma_large/row86442.csv
SKIPPING: metaTables/vocal_music_demucs_16k/metaData_fma_large/row86443.csv
SKIPPING: metaTables/vocal_music_demucs_16k/metaData_fma_large/row86444.csv
SKIPPING: metaTables/vocal_music_demucs_16k/metaData_fma_large/row86445.csv
SKIPPING: metaTables/vocal_music_demucs_16k/metaData_fma_large/row86446.csv
SKIPPING: metaTables/vocal_music_demucs_16k/metaData_fma_large/row86447.csv
SKIPPING: metaTables/vocal_music_demucs_16k/metaData_fma_large/row86448.csv
SKIPPING: metaTables/vocal_music_demucs_16k/metaData_fma_large/row86449.csv
SKIPPING: metaTables/vocal_music_demucs_16k/metaData_fma_large/row86450.csv
SKIPPING: metaTables/vocal_music_demucs_16k/metaData_fma_large/row86451.csv
SKIPPING: metaTables/vocal_music_demucs_16k/metaData_fma_large/row86452.csv
SKIPPING: metaTables/vocal_music_demucs_16k/metaData_fma_large/row86453.csv
SKIPPING: metaTables/vocal_music_demucs_16k/metaData_fma_large/row86454.csv
SKIPPING: metaTables/vocal_music_demucs_16k/metaData_fma_large/row86455.csv
SKIPPING: metaTables/vocal_music_demucs_16k/metaData_fma_large/row86456.csv
SKIPPING: metaTables/vocal_music_demucs_16k/metaData_fma_large/row86457.csv
SKIPPING: metaTables/vocal_music_demucs_16k/metaData_fma_large/row86458.csv
SKIPPING: metaTables/vocal_music_demucs_16k/metaData_fma_large/row86459.csv
SKIPPING: metaTables/vocal_music_demucs_16k/metaData_fma_large/row86460.csv
SKIPPING: metaTables/vocal_music_demucs_16k/metaData_fma_large/row86461.csv
SKIPPING: metaTables/vocal_music_demucs_16k/metaData_fma_large/row86462.csv
SKIPPING: metaTables/vocal_music_demucs_16k/metaData_fma_large/row86463.csv
SKIPPING: metaTables/vocal_music_demucs_16k/metaData_fma_large/row86464.csv
SKIPPING: metaTables/vocal_music_demucs_16k/metaData_fma_large/row86465.csv
SKIPPING: metaTables/vocal_music_demucs_16k/metaData_fma_large/row86466.csv
SKIPPING: metaTables/vocal_music_demucs_16k/metaData_fma_large/row86467.csv
SKIPPING: metaTables/vocal_music_demucs_16k/metaData_fma_large/row86468.csv
SKIPPING: metaTables/vocal_music_demucs_16k/metaData_fma_large/row86469.csv
SKIPPING: metaTables/vocal_music_demucs_16k/metaData_fma_large/row86470.csv
SKIPPING: metaTables/vocal_music_demucs_16k/metaData_fma_large/row86471.csv
SKIPPING: metaTables/vocal_music_demucs_16k/metaData_fma_large/row86472.csv
SKIPPING: metaTables/vocal_music_demucs_16k/metaData_fma_large/row86473.csv
SKIPPING: metaTables/vocal_music_demucs_16k/metaData_fma_large/row86474.csv
SKIPPING: metaTables/vocal_music_demucs_16k/metaData_fma_large/row86475.csv
SKIPPING: metaTables/vocal_music_demucs_16k/metaData_fma_large/row86476.csv
SKIPPING: metaTables/vocal_music_demucs_16k/metaData_fma_large/row86477.csv
SKIPPING: metaTables/vocal_music_demucs_16k/metaData_fma_large/row86478.csv
SKIPPING: metaTables/vocal_music_demucs_16k/metaData_fma_large/row86479.csv
SKIPPING: metaTables/vocal_music_demucs_16k/metaData_fma_large/row86480.csv
SKIPPING: metaTables/vocal_music_demucs_16k/metaData_fma_large/row86481.csv
SKIPPING: metaTables/vocal_music_demucs_16k/metaData_fma_large/row86482.csv
SKIPPING: metaTables/vocal_music_demucs_16k/metaData_fma_large/row86483.csv
SKIPPING: metaTables/vocal_music_demucs_16k/metaData_fma_large/row86484.csv
SKIPPING: metaTables/vocal_music_demucs_16k/metaData_fma_large/row86485.csv
SKIPPING: metaTables/vocal_music_demucs_16k/metaData_fma_large/row86486.csv
SKIPPING: metaTables/vocal_music_demucs_16k/metaData_fma_large/row86487.csv
SKIPPING: metaTables/vocal_music_demucs_16k/metaData_fma_large/row86488.csv
SKIPPING: metaTables/vocal_music_demucs_16k/metaData_fma_large/row86489.csv
SKIPPING: metaTables/vocal_music_demucs_16k/metaData_fma_large/row86490.csv
SKIPPING: metaTables/vocal_music_demucs_16k/metaData_fma_large/row86491.csv
SKIPPING: metaTables/vocal_music_demucs_16k/metaData_fma_large/row86492.csv
SKIPPING: metaTables/vocal_music_demucs_16k/metaData_fma_large/row86493.csv
SKIPPING: metaTables/vocal_music_demucs_16k/metaData_fma_large/row86494.csv
SKIPPING: metaTables/vocal_music_demucs_16k/metaData_fma_large/row86495.csv
SKIPPING: metaTables/vocal_music_demucs_16k/metaData_fma_large/row86496.csv
SKIPPING: metaTables/vocal_music_demucs_16k/metaData_fma_large/row86497.csv
SKIPPING: metaTables/vocal_music_demucs_16k/metaData_fma_large/row86498.csv
SKIPPING: metaTables/vocal_music_demucs_16k/metaData_fma_large/row86499.csv
Demucs voice recognition done!
