/ext3/demucs/lib/python3.9/site-packages/demucs/api.py:27: UserWarning: TorchAudio's global backend is now deprecated. Please enable distpatcher by setting `TORCHAUDIO_USE_BACKEND_DISPATCHER=1`, and specify backend when calling load/info/save function.
  import torchaudio as ta
2024-05-09 00:20:25.417028: I tensorflow/core/util/port.cc:113] oneDNN custom operations are on. You may see slightly different numerical results due to floating-point round-off errors from different computation orders. To turn them off, set the environment variable `TF_ENABLE_ONEDNN_OPTS=0`.
2024-05-09 00:20:26.620146: E external/local_xla/xla/stream_executor/cuda/cuda_dnn.cc:9261] Unable to register cuDNN factory: Attempting to register factory for plugin cuDNN when one has already been registered
2024-05-09 00:20:26.620182: E external/local_xla/xla/stream_executor/cuda/cuda_fft.cc:607] Unable to register cuFFT factory: Attempting to register factory for plugin cuFFT when one has already been registered
2024-05-09 00:20:26.672617: E external/local_xla/xla/stream_executor/cuda/cuda_blas.cc:1515] Unable to register cuBLAS factory: Attempting to register factory for plugin cuBLAS when one has already been registered
2024-05-09 00:20:26.780628: I tensorflow/core/platform/cpu_feature_guard.cc:182] This TensorFlow binary is optimized to use available CPU instructions in performance-critical operations.
To enable the following instructions: AVX2 AVX512F AVX512_VNNI FMA, in other operations, rebuild TensorFlow with the appropriate compiler flags.
2024-05-09 00:20:28.670761: W tensorflow/compiler/tf2tensorrt/utils/py_utils.cc:38] TF-TRT Warning: Could not find TensorRT
Execution time: 29.840229511260986 seconds
metaTables/vocal_music_demucs_16k/metaData_fma_large/row103100.csv
Execution time: 26.49406385421753 seconds
metaTables/vocal_music_demucs_16k/metaData_fma_large/row103101.csv
Execution time: 25.76787233352661 seconds
metaTables/vocal_music_demucs_16k/metaData_fma_large/row103102.csv
Execution time: 25.521069765090942 seconds
metaTables/vocal_music_demucs_16k/metaData_fma_large/row103103.csv
Execution time: 25.439605474472046 seconds
metaTables/vocal_music_demucs_16k/metaData_fma_large/row103104.csv
Execution time: 25.852216005325317 seconds
metaTables/vocal_music_demucs_16k/metaData_fma_large/row103105.csv
Execution time: 25.4532208442688 seconds
metaTables/vocal_music_demucs_16k/metaData_fma_large/row103106.csv
Execution time: 25.030144453048706 seconds
metaTables/vocal_music_demucs_16k/metaData_fma_large/row103107.csv
Execution time: 25.369982719421387 seconds
metaTables/vocal_music_demucs_16k/metaData_fma_large/row103108.csv
Execution time: 24.721333265304565 seconds
metaTables/vocal_music_demucs_16k/metaData_fma_large/row103109.csv
Execution time: 25.86726427078247 seconds
metaTables/vocal_music_demucs_16k/metaData_fma_large/row103110.csv
Execution time: 24.990480184555054 seconds
metaTables/vocal_music_demucs_16k/metaData_fma_large/row103111.csv
Execution time: 24.642539024353027 seconds
metaTables/vocal_music_demucs_16k/metaData_fma_large/row103112.csv
Execution time: 25.895110607147217 seconds
metaTables/vocal_music_demucs_16k/metaData_fma_large/row103113.csv
Execution time: 24.832974195480347 seconds
metaTables/vocal_music_demucs_16k/metaData_fma_large/row103114.csv
Execution time: 25.34510827064514 seconds
metaTables/vocal_music_demucs_16k/metaData_fma_large/row103115.csv
Execution time: 25.699568271636963 seconds
metaTables/vocal_music_demucs_16k/metaData_fma_large/row103116.csv
Execution time: 25.807865142822266 seconds
metaTables/vocal_music_demucs_16k/metaData_fma_large/row103117.csv
Execution time: 25.889978885650635 seconds
metaTables/vocal_music_demucs_16k/metaData_fma_large/row103118.csv
Execution time: 25.34706997871399 seconds
metaTables/vocal_music_demucs_16k/metaData_fma_large/row103119.csv
Execution time: 25.443151712417603 seconds
metaTables/vocal_music_demucs_16k/metaData_fma_large/row103120.csv
Execution time: 26.146081924438477 seconds
metaTables/vocal_music_demucs_16k/metaData_fma_large/row103121.csv
Execution time: 26.310394048690796 seconds
metaTables/vocal_music_demucs_16k/metaData_fma_large/row103122.csv
Execution time: 25.740682125091553 seconds
metaTables/vocal_music_demucs_16k/metaData_fma_large/row103123.csv
Execution time: 25.28457236289978 seconds
metaTables/vocal_music_demucs_16k/metaData_fma_large/row103124.csv
Execution time: 26.05035948753357 seconds
metaTables/vocal_music_demucs_16k/metaData_fma_large/row103125.csv
Execution time: 25.705788135528564 seconds
metaTables/vocal_music_demucs_16k/metaData_fma_large/row103126.csv
Execution time: 25.15662169456482 seconds
metaTables/vocal_music_demucs_16k/metaData_fma_large/row103127.csv
Execution time: 25.518038511276245 seconds
metaTables/vocal_music_demucs_16k/metaData_fma_large/row103128.csv
Execution time: 26.1880624294281 seconds
metaTables/vocal_music_demucs_16k/metaData_fma_large/row103129.csv
Execution time: 25.64497947692871 seconds
metaTables/vocal_music_demucs_16k/metaData_fma_large/row103130.csv
Execution time: 25.195820331573486 seconds
metaTables/vocal_music_demucs_16k/metaData_fma_large/row103131.csv
Execution time: 25.286720752716064 seconds
metaTables/vocal_music_demucs_16k/metaData_fma_large/row103132.csv
Execution time: 25.81912350654602 seconds
metaTables/vocal_music_demucs_16k/metaData_fma_large/row103133.csv
Execution time: 25.131312131881714 seconds
metaTables/vocal_music_demucs_16k/metaData_fma_large/row103134.csv
Execution time: 24.574931859970093 seconds
metaTables/vocal_music_demucs_16k/metaData_fma_large/row103135.csv
Execution time: 25.52765393257141 seconds
metaTables/vocal_music_demucs_16k/metaData_fma_large/row103136.csv
Execution time: 25.443456172943115 seconds
metaTables/vocal_music_demucs_16k/metaData_fma_large/row103137.csv
Execution time: 25.557034969329834 seconds
metaTables/vocal_music_demucs_16k/metaData_fma_large/row103138.csv
Execution time: 25.606024980545044 seconds
metaTables/vocal_music_demucs_16k/metaData_fma_large/row103139.csv
Execution time: 26.303396224975586 seconds
metaTables/vocal_music_demucs_16k/metaData_fma_large/row103140.csv
Execution time: 24.452332258224487 seconds
metaTables/vocal_music_demucs_16k/metaData_fma_large/row103141.csv
Execution time: 25.93509840965271 seconds
metaTables/vocal_music_demucs_16k/metaData_fma_large/row103142.csv
Execution time: 25.972251892089844 seconds
metaTables/vocal_music_demucs_16k/metaData_fma_large/row103143.csv
Execution time: 25.966108798980713 seconds
metaTables/vocal_music_demucs_16k/metaData_fma_large/row103144.csv
Execution time: 26.307414531707764 seconds
metaTables/vocal_music_demucs_16k/metaData_fma_large/row103145.csv
Execution time: 25.27579689025879 seconds
metaTables/vocal_music_demucs_16k/metaData_fma_large/row103146.csv
Execution time: 26.089237928390503 seconds
metaTables/vocal_music_demucs_16k/metaData_fma_large/row103147.csv
Execution time: 24.269688606262207 seconds
metaTables/vocal_music_demucs_16k/metaData_fma_large/row103148.csv
Execution time: 25.74162721633911 seconds
metaTables/vocal_music_demucs_16k/metaData_fma_large/row103149.csv
Execution time: 25.552175521850586 seconds
metaTables/vocal_music_demucs_16k/metaData_fma_large/row103150.csv
Execution time: 25.01346468925476 seconds
metaTables/vocal_music_demucs_16k/metaData_fma_large/row103151.csv
Execution time: 25.973530292510986 seconds
metaTables/vocal_music_demucs_16k/metaData_fma_large/row103152.csv
Execution time: 25.639447689056396 seconds
metaTables/vocal_music_demucs_16k/metaData_fma_large/row103153.csv
Execution time: 25.362621307373047 seconds
metaTables/vocal_music_demucs_16k/metaData_fma_large/row103154.csv
Execution time: 26.116647958755493 seconds
metaTables/vocal_music_demucs_16k/metaData_fma_large/row103155.csv
Execution time: 25.861982583999634 seconds
metaTables/vocal_music_demucs_16k/metaData_fma_large/row103156.csv
Execution time: 26.721227645874023 seconds
metaTables/vocal_music_demucs_16k/metaData_fma_large/row103157.csv
Execution time: 25.344913721084595 seconds
metaTables/vocal_music_demucs_16k/metaData_fma_large/row103158.csv
Execution time: 25.535797834396362 seconds
metaTables/vocal_music_demucs_16k/metaData_fma_large/row103159.csv
Execution time: 25.777473211288452 seconds
metaTables/vocal_music_demucs_16k/metaData_fma_large/row103160.csv
Execution time: 25.28813624382019 seconds
metaTables/vocal_music_demucs_16k/metaData_fma_large/row103161.csv
Execution time: 25.62702775001526 seconds
metaTables/vocal_music_demucs_16k/metaData_fma_large/row103162.csv
Execution time: 27.10618257522583 seconds
metaTables/vocal_music_demucs_16k/metaData_fma_large/row103163.csv
Execution time: 25.422482013702393 seconds
metaTables/vocal_music_demucs_16k/metaData_fma_large/row103164.csv
Execution time: 24.95904779434204 seconds
metaTables/vocal_music_demucs_16k/metaData_fma_large/row103165.csv
Execution time: 26.019593954086304 seconds
metaTables/vocal_music_demucs_16k/metaData_fma_large/row103166.csv
Execution time: 26.215272188186646 seconds
metaTables/vocal_music_demucs_16k/metaData_fma_large/row103167.csv
Execution time: 26.984808206558228 seconds
metaTables/vocal_music_demucs_16k/metaData_fma_large/row103168.csv
Execution time: 26.17771053314209 seconds
metaTables/vocal_music_demucs_16k/metaData_fma_large/row103169.csv
Execution time: 24.997137546539307 seconds
metaTables/vocal_music_demucs_16k/metaData_fma_large/row103170.csv
Execution time: 26.705756187438965 seconds
metaTables/vocal_music_demucs_16k/metaData_fma_large/row103171.csv
Execution time: 25.515925645828247 seconds
metaTables/vocal_music_demucs_16k/metaData_fma_large/row103172.csv
Execution time: 25.856794357299805 seconds
metaTables/vocal_music_demucs_16k/metaData_fma_large/row103173.csv
Execution time: 25.451124906539917 seconds
metaTables/vocal_music_demucs_16k/metaData_fma_large/row103174.csv
Execution time: 25.5903217792511 seconds
metaTables/vocal_music_demucs_16k/metaData_fma_large/row103175.csv
Execution time: 25.351473569869995 seconds
metaTables/vocal_music_demucs_16k/metaData_fma_large/row103176.csv
Execution time: 25.363954305648804 seconds
metaTables/vocal_music_demucs_16k/metaData_fma_large/row103177.csv
Execution time: 26.647947549819946 seconds
metaTables/vocal_music_demucs_16k/metaData_fma_large/row103178.csv
Execution time: 25.91074538230896 seconds
metaTables/vocal_music_demucs_16k/metaData_fma_large/row103179.csv
Execution time: 25.363584518432617 seconds
metaTables/vocal_music_demucs_16k/metaData_fma_large/row103180.csv
Execution time: 25.89115834236145 seconds
metaTables/vocal_music_demucs_16k/metaData_fma_large/row103181.csv
Execution time: 25.331180095672607 seconds
metaTables/vocal_music_demucs_16k/metaData_fma_large/row103182.csv
Execution time: 25.7516450881958 seconds
metaTables/vocal_music_demucs_16k/metaData_fma_large/row103183.csv
Execution time: 27.348552227020264 seconds
metaTables/vocal_music_demucs_16k/metaData_fma_large/row103184.csv
Execution time: 25.389946222305298 seconds
metaTables/vocal_music_demucs_16k/metaData_fma_large/row103185.csv
Execution time: 27.6414155960083 seconds
metaTables/vocal_music_demucs_16k/metaData_fma_large/row103186.csv
Execution time: 25.76921582221985 seconds
metaTables/vocal_music_demucs_16k/metaData_fma_large/row103187.csv
Execution time: 25.784522771835327 seconds
metaTables/vocal_music_demucs_16k/metaData_fma_large/row103188.csv
Execution time: 26.040122747421265 seconds
metaTables/vocal_music_demucs_16k/metaData_fma_large/row103189.csv
Execution time: 24.780191898345947 seconds
metaTables/vocal_music_demucs_16k/metaData_fma_large/row103190.csv
Execution time: 26.401488065719604 seconds
metaTables/vocal_music_demucs_16k/metaData_fma_large/row103191.csv
Execution time: 25.408774614334106 seconds
metaTables/vocal_music_demucs_16k/metaData_fma_large/row103192.csv
Execution time: 26.106703519821167 seconds
metaTables/vocal_music_demucs_16k/metaData_fma_large/row103193.csv
Execution time: 25.888956546783447 seconds
metaTables/vocal_music_demucs_16k/metaData_fma_large/row103194.csv
Execution time: 25.37448763847351 seconds
metaTables/vocal_music_demucs_16k/metaData_fma_large/row103195.csv
Execution time: 26.440479516983032 seconds
metaTables/vocal_music_demucs_16k/metaData_fma_large/row103196.csv
Execution time: 25.903476238250732 seconds
metaTables/vocal_music_demucs_16k/metaData_fma_large/row103197.csv
Execution time: 25.585784912109375 seconds
metaTables/vocal_music_demucs_16k/metaData_fma_large/row103198.csv
Execution time: 24.995507955551147 seconds
metaTables/vocal_music_demucs_16k/metaData_fma_large/row103199.csv
Demucs voice recognition done!
