/ext3/demucs/lib/python3.9/site-packages/demucs/api.py:27: UserWarning: TorchAudio's global backend is now deprecated. Please enable distpatcher by setting `TORCHAUDIO_USE_BACKEND_DISPATCHER=1`, and specify backend when calling load/info/save function.
  import torchaudio as ta
2024-05-10 01:29:24.820095: I tensorflow/core/util/port.cc:113] oneDNN custom operations are on. You may see slightly different numerical results due to floating-point round-off errors from different computation orders. To turn them off, set the environment variable `TF_ENABLE_ONEDNN_OPTS=0`.
2024-05-10 01:29:25.049032: E external/local_xla/xla/stream_executor/cuda/cuda_dnn.cc:9261] Unable to register cuDNN factory: Attempting to register factory for plugin cuDNN when one has already been registered
2024-05-10 01:29:25.049080: E external/local_xla/xla/stream_executor/cuda/cuda_fft.cc:607] Unable to register cuFFT factory: Attempting to register factory for plugin cuFFT when one has already been registered
2024-05-10 01:29:25.079221: E external/local_xla/xla/stream_executor/cuda/cuda_blas.cc:1515] Unable to register cuBLAS factory: Attempting to register factory for plugin cuBLAS when one has already been registered
2024-05-10 01:29:25.140993: I tensorflow/core/platform/cpu_feature_guard.cc:182] This TensorFlow binary is optimized to use available CPU instructions in performance-critical operations.
To enable the following instructions: AVX2 AVX512F AVX512_VNNI FMA, in other operations, rebuild TensorFlow with the appropriate compiler flags.
2024-05-10 01:29:26.054443: W tensorflow/compiler/tf2tensorrt/utils/py_utils.cc:38] TF-TRT Warning: Could not find TensorRT
SKIPPING: metaTables/vocal_music_demucs_16k/metaData_fma_large/row66200.csv
SKIPPING: metaTables/vocal_music_demucs_16k/metaData_fma_large/row66201.csv
SKIPPING: metaTables/vocal_music_demucs_16k/metaData_fma_large/row66202.csv
SKIPPING: metaTables/vocal_music_demucs_16k/metaData_fma_large/row66203.csv
SKIPPING: metaTables/vocal_music_demucs_16k/metaData_fma_large/row66204.csv
SKIPPING: metaTables/vocal_music_demucs_16k/metaData_fma_large/row66205.csv
SKIPPING: metaTables/vocal_music_demucs_16k/metaData_fma_large/row66206.csv
SKIPPING: metaTables/vocal_music_demucs_16k/metaData_fma_large/row66207.csv
SKIPPING: metaTables/vocal_music_demucs_16k/metaData_fma_large/row66208.csv
SKIPPING: metaTables/vocal_music_demucs_16k/metaData_fma_large/row66209.csv
SKIPPING: metaTables/vocal_music_demucs_16k/metaData_fma_large/row66210.csv
Execution time: 29.298509120941162 seconds
metaTables/vocal_music_demucs_16k/metaData_fma_large/row66211.csv
Execution time: 27.37773036956787 seconds
metaTables/vocal_music_demucs_16k/metaData_fma_large/row66212.csv
Execution time: 26.917611360549927 seconds
metaTables/vocal_music_demucs_16k/metaData_fma_large/row66213.csv
Execution time: 26.75795555114746 seconds
metaTables/vocal_music_demucs_16k/metaData_fma_large/row66214.csv
Execution time: 27.308714151382446 seconds
metaTables/vocal_music_demucs_16k/metaData_fma_large/row66215.csv
Execution time: 27.153804063796997 seconds
metaTables/vocal_music_demucs_16k/metaData_fma_large/row66216.csv
Execution time: 27.62206220626831 seconds
metaTables/vocal_music_demucs_16k/metaData_fma_large/row66217.csv
Execution time: 23.13689351081848 seconds
metaTables/vocal_music_demucs_16k/metaData_fma_large/row66218.csv
Execution time: 27.197036743164062 seconds
metaTables/vocal_music_demucs_16k/metaData_fma_large/row66219.csv
Execution time: 27.29058313369751 seconds
metaTables/vocal_music_demucs_16k/metaData_fma_large/row66220.csv
Execution time: 27.820392370224 seconds
metaTables/vocal_music_demucs_16k/metaData_fma_large/row66221.csv
Execution time: 27.796278715133667 seconds
metaTables/vocal_music_demucs_16k/metaData_fma_large/row66222.csv
Execution time: 27.487645149230957 seconds
metaTables/vocal_music_demucs_16k/metaData_fma_large/row66223.csv
Execution time: 26.962796926498413 seconds
metaTables/vocal_music_demucs_16k/metaData_fma_large/row66224.csv
Execution time: 27.05008363723755 seconds
metaTables/vocal_music_demucs_16k/metaData_fma_large/row66225.csv
Execution time: 26.86947250366211 seconds
metaTables/vocal_music_demucs_16k/metaData_fma_large/row66226.csv
Execution time: 27.504239559173584 seconds
metaTables/vocal_music_demucs_16k/metaData_fma_large/row66227.csv
Execution time: 28.335052967071533 seconds
metaTables/vocal_music_demucs_16k/metaData_fma_large/row66228.csv
Execution time: 28.59542751312256 seconds
metaTables/vocal_music_demucs_16k/metaData_fma_large/row66229.csv
Execution time: 28.874207973480225 seconds
metaTables/vocal_music_demucs_16k/metaData_fma_large/row66230.csv
Execution time: 28.26007866859436 seconds
metaTables/vocal_music_demucs_16k/metaData_fma_large/row66231.csv
Execution time: 27.728425979614258 seconds
metaTables/vocal_music_demucs_16k/metaData_fma_large/row66232.csv
Execution time: 26.94686508178711 seconds
metaTables/vocal_music_demucs_16k/metaData_fma_large/row66233.csv
Execution time: 26.52030634880066 seconds
metaTables/vocal_music_demucs_16k/metaData_fma_large/row66234.csv
Execution time: 27.013638019561768 seconds
metaTables/vocal_music_demucs_16k/metaData_fma_large/row66235.csv
Execution time: 28.331385612487793 seconds
metaTables/vocal_music_demucs_16k/metaData_fma_large/row66236.csv
Execution time: 27.084194898605347 seconds
metaTables/vocal_music_demucs_16k/metaData_fma_large/row66237.csv
Execution time: 28.757248640060425 seconds
metaTables/vocal_music_demucs_16k/metaData_fma_large/row66238.csv
Execution time: 27.692798852920532 seconds
metaTables/vocal_music_demucs_16k/metaData_fma_large/row66239.csv
Execution time: 29.747641563415527 seconds
metaTables/vocal_music_demucs_16k/metaData_fma_large/row66240.csv
Execution time: 28.263976573944092 seconds
metaTables/vocal_music_demucs_16k/metaData_fma_large/row66241.csv
Execution time: 28.059531688690186 seconds
metaTables/vocal_music_demucs_16k/metaData_fma_large/row66242.csv
Execution time: 14.004544734954834 seconds
metaTables/vocal_music_demucs_16k/metaData_fma_large/row66243.csv
Execution time: 27.48502206802368 seconds
metaTables/vocal_music_demucs_16k/metaData_fma_large/row66244.csv
Execution time: 28.282160758972168 seconds
metaTables/vocal_music_demucs_16k/metaData_fma_large/row66245.csv
Execution time: 28.436394453048706 seconds
metaTables/vocal_music_demucs_16k/metaData_fma_large/row66246.csv
Execution time: 27.67725920677185 seconds
metaTables/vocal_music_demucs_16k/metaData_fma_large/row66247.csv
Execution time: 28.43845295906067 seconds
metaTables/vocal_music_demucs_16k/metaData_fma_large/row66248.csv
Execution time: 28.243372440338135 seconds
metaTables/vocal_music_demucs_16k/metaData_fma_large/row66249.csv
Execution time: 27.318971395492554 seconds
metaTables/vocal_music_demucs_16k/metaData_fma_large/row66250.csv
Execution time: 28.054250717163086 seconds
metaTables/vocal_music_demucs_16k/metaData_fma_large/row66251.csv
Execution time: 19.117300987243652 seconds
metaTables/vocal_music_demucs_16k/metaData_fma_large/row66252.csv
Execution time: 28.52363657951355 seconds
metaTables/vocal_music_demucs_16k/metaData_fma_large/row66253.csv
Execution time: 27.913246631622314 seconds
metaTables/vocal_music_demucs_16k/metaData_fma_large/row66254.csv
Execution time: 28.71155881881714 seconds
metaTables/vocal_music_demucs_16k/metaData_fma_large/row66255.csv
Execution time: 28.477478504180908 seconds
metaTables/vocal_music_demucs_16k/metaData_fma_large/row66256.csv
Execution time: 28.388513803482056 seconds
metaTables/vocal_music_demucs_16k/metaData_fma_large/row66257.csv
Execution time: 28.572305917739868 seconds
metaTables/vocal_music_demucs_16k/metaData_fma_large/row66258.csv
Execution time: 28.51600456237793 seconds
metaTables/vocal_music_demucs_16k/metaData_fma_large/row66259.csv
Execution time: 9.89663553237915 seconds
metaTables/vocal_music_demucs_16k/metaData_fma_large/row66260.csv
Execution time: 29.40877413749695 seconds
metaTables/vocal_music_demucs_16k/metaData_fma_large/row66261.csv
Execution time: 28.482836961746216 seconds
metaTables/vocal_music_demucs_16k/metaData_fma_large/row66262.csv
Execution time: 28.241917848587036 seconds
metaTables/vocal_music_demucs_16k/metaData_fma_large/row66263.csv
Execution time: 28.51424241065979 seconds
metaTables/vocal_music_demucs_16k/metaData_fma_large/row66264.csv
Execution time: 29.904970407485962 seconds
metaTables/vocal_music_demucs_16k/metaData_fma_large/row66265.csv
Execution time: 28.32605290412903 seconds
metaTables/vocal_music_demucs_16k/metaData_fma_large/row66266.csv
Execution time: 28.248754739761353 seconds
metaTables/vocal_music_demucs_16k/metaData_fma_large/row66267.csv
Execution time: 28.755712270736694 seconds
metaTables/vocal_music_demucs_16k/metaData_fma_large/row66268.csv
Execution time: 27.870635986328125 seconds
metaTables/vocal_music_demucs_16k/metaData_fma_large/row66269.csv
Execution time: 27.08940029144287 seconds
metaTables/vocal_music_demucs_16k/metaData_fma_large/row66270.csv
Execution time: 28.175095081329346 seconds
metaTables/vocal_music_demucs_16k/metaData_fma_large/row66271.csv
Execution time: 29.025405168533325 seconds
metaTables/vocal_music_demucs_16k/metaData_fma_large/row66272.csv
Execution time: 28.34424924850464 seconds
metaTables/vocal_music_demucs_16k/metaData_fma_large/row66273.csv
Execution time: 28.632205486297607 seconds
metaTables/vocal_music_demucs_16k/metaData_fma_large/row66274.csv
Execution time: 28.355981588363647 seconds
metaTables/vocal_music_demucs_16k/metaData_fma_large/row66275.csv
Execution time: 29.654957056045532 seconds
metaTables/vocal_music_demucs_16k/metaData_fma_large/row66276.csv
Execution time: 28.242281675338745 seconds
metaTables/vocal_music_demucs_16k/metaData_fma_large/row66277.csv
Execution time: 28.095691919326782 seconds
metaTables/vocal_music_demucs_16k/metaData_fma_large/row66278.csv
Execution time: 28.299291133880615 seconds
metaTables/vocal_music_demucs_16k/metaData_fma_large/row66279.csv
Execution time: 28.829726696014404 seconds
metaTables/vocal_music_demucs_16k/metaData_fma_large/row66280.csv
Execution time: 14.229832649230957 seconds
metaTables/vocal_music_demucs_16k/metaData_fma_large/row66281.csv
Execution time: 28.041223526000977 seconds
metaTables/vocal_music_demucs_16k/metaData_fma_large/row66282.csv
Execution time: 28.430266857147217 seconds
metaTables/vocal_music_demucs_16k/metaData_fma_large/row66283.csv
Execution time: 23.58250856399536 seconds
metaTables/vocal_music_demucs_16k/metaData_fma_large/row66284.csv
Execution time: 29.347344398498535 seconds
metaTables/vocal_music_demucs_16k/metaData_fma_large/row66285.csv
Execution time: 29.073784589767456 seconds
metaTables/vocal_music_demucs_16k/metaData_fma_large/row66286.csv
Execution time: 28.590328693389893 seconds
metaTables/vocal_music_demucs_16k/metaData_fma_large/row66287.csv
Execution time: 28.194941759109497 seconds
metaTables/vocal_music_demucs_16k/metaData_fma_large/row66288.csv
Execution time: 29.768582820892334 seconds
metaTables/vocal_music_demucs_16k/metaData_fma_large/row66289.csv
Execution time: 29.53068709373474 seconds
metaTables/vocal_music_demucs_16k/metaData_fma_large/row66290.csv
Execution time: 29.2027747631073 seconds
metaTables/vocal_music_demucs_16k/metaData_fma_large/row66291.csv
Execution time: 28.060343265533447 seconds
metaTables/vocal_music_demucs_16k/metaData_fma_large/row66292.csv
Execution time: 27.008745670318604 seconds
metaTables/vocal_music_demucs_16k/metaData_fma_large/row66293.csv
Execution time: 27.051908254623413 seconds
metaTables/vocal_music_demucs_16k/metaData_fma_large/row66294.csv
Execution time: 28.279449701309204 seconds
metaTables/vocal_music_demucs_16k/metaData_fma_large/row66295.csv
Execution time: 27.46063733100891 seconds
metaTables/vocal_music_demucs_16k/metaData_fma_large/row66296.csv
Execution time: 26.07379388809204 seconds
metaTables/vocal_music_demucs_16k/metaData_fma_large/row66297.csv
Execution time: 26.22539520263672 seconds
metaTables/vocal_music_demucs_16k/metaData_fma_large/row66298.csv
Execution time: 27.624975204467773 seconds
metaTables/vocal_music_demucs_16k/metaData_fma_large/row66299.csv
Demucs voice recognition done!
