/ext3/demucs/lib/python3.9/site-packages/demucs/api.py:27: UserWarning: TorchAudio's global backend is now deprecated. Please enable distpatcher by setting `TORCHAUDIO_USE_BACKEND_DISPATCHER=1`, and specify backend when calling load/info/save function.
  import torchaudio as ta
2024-05-10 11:33:29.062404: I tensorflow/core/util/port.cc:113] oneDNN custom operations are on. You may see slightly different numerical results due to floating-point round-off errors from different computation orders. To turn them off, set the environment variable `TF_ENABLE_ONEDNN_OPTS=0`.
2024-05-10 11:33:30.439206: E external/local_xla/xla/stream_executor/cuda/cuda_dnn.cc:9261] Unable to register cuDNN factory: Attempting to register factory for plugin cuDNN when one has already been registered
2024-05-10 11:33:30.439242: E external/local_xla/xla/stream_executor/cuda/cuda_fft.cc:607] Unable to register cuFFT factory: Attempting to register factory for plugin cuFFT when one has already been registered
2024-05-10 11:33:30.631290: E external/local_xla/xla/stream_executor/cuda/cuda_blas.cc:1515] Unable to register cuBLAS factory: Attempting to register factory for plugin cuBLAS when one has already been registered
2024-05-10 11:33:30.783108: I tensorflow/core/platform/cpu_feature_guard.cc:182] This TensorFlow binary is optimized to use available CPU instructions in performance-critical operations.
To enable the following instructions: AVX2 AVX512F AVX512_VNNI FMA, in other operations, rebuild TensorFlow with the appropriate compiler flags.
2024-05-10 11:33:32.428623: W tensorflow/compiler/tf2tensorrt/utils/py_utils.cc:38] TF-TRT Warning: Could not find TensorRT
Execution time: 29.56354594230652 seconds
metaTables/vocal_music_demucs_16k/metaData_fma_large/row19500.csv
Execution time: 27.848020315170288 seconds
metaTables/vocal_music_demucs_16k/metaData_fma_large/row19501.csv
Execution time: 18.0635085105896 seconds
metaTables/vocal_music_demucs_16k/metaData_fma_large/row19502.csv
Execution time: 28.52967095375061 seconds
metaTables/vocal_music_demucs_16k/metaData_fma_large/row19503.csv
Execution time: 27.313706636428833 seconds
metaTables/vocal_music_demucs_16k/metaData_fma_large/row19504.csv
Execution time: 28.085734844207764 seconds
metaTables/vocal_music_demucs_16k/metaData_fma_large/row19505.csv
Execution time: 28.02684450149536 seconds
metaTables/vocal_music_demucs_16k/metaData_fma_large/row19506.csv
Execution time: 26.968790769577026 seconds
metaTables/vocal_music_demucs_16k/metaData_fma_large/row19507.csv
Execution time: 27.284584045410156 seconds
metaTables/vocal_music_demucs_16k/metaData_fma_large/row19508.csv
Execution time: 27.20211410522461 seconds
metaTables/vocal_music_demucs_16k/metaData_fma_large/row19509.csv
Execution time: 28.037737131118774 seconds
metaTables/vocal_music_demucs_16k/metaData_fma_large/row19510.csv
Execution time: 29.030855655670166 seconds
metaTables/vocal_music_demucs_16k/metaData_fma_large/row19511.csv
Execution time: 27.70442485809326 seconds
metaTables/vocal_music_demucs_16k/metaData_fma_large/row19512.csv
Execution time: 28.02410650253296 seconds
metaTables/vocal_music_demucs_16k/metaData_fma_large/row19513.csv
Execution time: 27.70636224746704 seconds
metaTables/vocal_music_demucs_16k/metaData_fma_large/row19514.csv
Execution time: 28.024970769882202 seconds
metaTables/vocal_music_demucs_16k/metaData_fma_large/row19515.csv
Execution time: 28.03479242324829 seconds
metaTables/vocal_music_demucs_16k/metaData_fma_large/row19516.csv
Execution time: 27.36735200881958 seconds
metaTables/vocal_music_demucs_16k/metaData_fma_large/row19517.csv
Execution time: 28.566598653793335 seconds
metaTables/vocal_music_demucs_16k/metaData_fma_large/row19518.csv
Execution time: 27.481716871261597 seconds
metaTables/vocal_music_demucs_16k/metaData_fma_large/row19519.csv
Execution time: 28.537113904953003 seconds
metaTables/vocal_music_demucs_16k/metaData_fma_large/row19520.csv
Execution time: 28.898274183273315 seconds
metaTables/vocal_music_demucs_16k/metaData_fma_large/row19521.csv
Execution time: 28.288267374038696 seconds
metaTables/vocal_music_demucs_16k/metaData_fma_large/row19522.csv
Execution time: 26.43254828453064 seconds
metaTables/vocal_music_demucs_16k/metaData_fma_large/row19523.csv
Execution time: 28.231202840805054 seconds
metaTables/vocal_music_demucs_16k/metaData_fma_large/row19524.csv
Execution time: 26.987733602523804 seconds
metaTables/vocal_music_demucs_16k/metaData_fma_large/row19525.csv
Execution time: 27.362447261810303 seconds
metaTables/vocal_music_demucs_16k/metaData_fma_large/row19526.csv
Execution time: 26.822896003723145 seconds
metaTables/vocal_music_demucs_16k/metaData_fma_large/row19527.csv
Execution time: 26.971822261810303 seconds
metaTables/vocal_music_demucs_16k/metaData_fma_large/row19528.csv
Execution time: 27.69417691230774 seconds
metaTables/vocal_music_demucs_16k/metaData_fma_large/row19529.csv
Execution time: 27.17350673675537 seconds
metaTables/vocal_music_demucs_16k/metaData_fma_large/row19530.csv
Execution time: 27.70082950592041 seconds
metaTables/vocal_music_demucs_16k/metaData_fma_large/row19531.csv
Execution time: 26.970336437225342 seconds
metaTables/vocal_music_demucs_16k/metaData_fma_large/row19532.csv
Execution time: 26.708813905715942 seconds
metaTables/vocal_music_demucs_16k/metaData_fma_large/row19533.csv
Execution time: 27.26024103164673 seconds
metaTables/vocal_music_demucs_16k/metaData_fma_large/row19534.csv
Execution time: 29.35623025894165 seconds
metaTables/vocal_music_demucs_16k/metaData_fma_large/row19535.csv
Execution time: 27.18627619743347 seconds
metaTables/vocal_music_demucs_16k/metaData_fma_large/row19536.csv
Execution time: 28.879560947418213 seconds
metaTables/vocal_music_demucs_16k/metaData_fma_large/row19537.csv
Execution time: 19.525073766708374 seconds
metaTables/vocal_music_demucs_16k/metaData_fma_large/row19538.csv
Execution time: 28.151320934295654 seconds
metaTables/vocal_music_demucs_16k/metaData_fma_large/row19539.csv
Execution time: 27.180794715881348 seconds
metaTables/vocal_music_demucs_16k/metaData_fma_large/row19540.csv
Execution time: 26.070941925048828 seconds
metaTables/vocal_music_demucs_16k/metaData_fma_large/row19541.csv
Execution time: 27.039390563964844 seconds
metaTables/vocal_music_demucs_16k/metaData_fma_large/row19542.csv
Execution time: 26.972821712493896 seconds
metaTables/vocal_music_demucs_16k/metaData_fma_large/row19543.csv
Execution time: 27.552279710769653 seconds
metaTables/vocal_music_demucs_16k/metaData_fma_large/row19544.csv
Execution time: 26.454675436019897 seconds
metaTables/vocal_music_demucs_16k/metaData_fma_large/row19545.csv
Execution time: 27.258384466171265 seconds
metaTables/vocal_music_demucs_16k/metaData_fma_large/row19546.csv
Execution time: 26.758476734161377 seconds
metaTables/vocal_music_demucs_16k/metaData_fma_large/row19547.csv
Execution time: 28.136935472488403 seconds
metaTables/vocal_music_demucs_16k/metaData_fma_large/row19548.csv
Execution time: 26.803866624832153 seconds
metaTables/vocal_music_demucs_16k/metaData_fma_large/row19549.csv
Execution time: 28.05882740020752 seconds
metaTables/vocal_music_demucs_16k/metaData_fma_large/row19550.csv
Execution time: 27.101001024246216 seconds
metaTables/vocal_music_demucs_16k/metaData_fma_large/row19551.csv
Execution time: 27.258580684661865 seconds
metaTables/vocal_music_demucs_16k/metaData_fma_large/row19552.csv
Execution time: 27.04039430618286 seconds
metaTables/vocal_music_demucs_16k/metaData_fma_large/row19553.csv
Execution time: 27.56030774116516 seconds
metaTables/vocal_music_demucs_16k/metaData_fma_large/row19554.csv
Execution time: 27.530030965805054 seconds
metaTables/vocal_music_demucs_16k/metaData_fma_large/row19555.csv
Execution time: 27.143734455108643 seconds
metaTables/vocal_music_demucs_16k/metaData_fma_large/row19556.csv
Execution time: 27.469842433929443 seconds
metaTables/vocal_music_demucs_16k/metaData_fma_large/row19557.csv
Execution time: 26.664836883544922 seconds
metaTables/vocal_music_demucs_16k/metaData_fma_large/row19558.csv
Execution time: 27.415377378463745 seconds
metaTables/vocal_music_demucs_16k/metaData_fma_large/row19559.csv
Execution time: 27.717684984207153 seconds
metaTables/vocal_music_demucs_16k/metaData_fma_large/row19560.csv
Execution time: 18.881089687347412 seconds
metaTables/vocal_music_demucs_16k/metaData_fma_large/row19561.csv
Execution time: 27.82052445411682 seconds
metaTables/vocal_music_demucs_16k/metaData_fma_large/row19562.csv
Execution time: 27.49987506866455 seconds
metaTables/vocal_music_demucs_16k/metaData_fma_large/row19563.csv
Execution time: 28.387248754501343 seconds
metaTables/vocal_music_demucs_16k/metaData_fma_large/row19564.csv
Execution time: 27.219407320022583 seconds
metaTables/vocal_music_demucs_16k/metaData_fma_large/row19565.csv
Execution time: 27.405378341674805 seconds
metaTables/vocal_music_demucs_16k/metaData_fma_large/row19566.csv
Execution time: 27.148284196853638 seconds
metaTables/vocal_music_demucs_16k/metaData_fma_large/row19567.csv
Execution time: 29.03859543800354 seconds
metaTables/vocal_music_demucs_16k/metaData_fma_large/row19568.csv
Execution time: 28.77680015563965 seconds
metaTables/vocal_music_demucs_16k/metaData_fma_large/row19569.csv
Execution time: 28.14471960067749 seconds
metaTables/vocal_music_demucs_16k/metaData_fma_large/row19570.csv
Execution time: 27.2442889213562 seconds
metaTables/vocal_music_demucs_16k/metaData_fma_large/row19571.csv
Execution time: 25.986768007278442 seconds
metaTables/vocal_music_demucs_16k/metaData_fma_large/row19572.csv
Execution time: 27.24247145652771 seconds
metaTables/vocal_music_demucs_16k/metaData_fma_large/row19573.csv
Execution time: 27.713629245758057 seconds
metaTables/vocal_music_demucs_16k/metaData_fma_large/row19574.csv
Execution time: 27.53392481803894 seconds
metaTables/vocal_music_demucs_16k/metaData_fma_large/row19575.csv
Execution time: 27.871591091156006 seconds
metaTables/vocal_music_demucs_16k/metaData_fma_large/row19576.csv
Execution time: 29.526005029678345 seconds
metaTables/vocal_music_demucs_16k/metaData_fma_large/row19577.csv
Execution time: 27.76817011833191 seconds
metaTables/vocal_music_demucs_16k/metaData_fma_large/row19578.csv
Execution time: 28.154167890548706 seconds
metaTables/vocal_music_demucs_16k/metaData_fma_large/row19579.csv
Execution time: 27.269031047821045 seconds
metaTables/vocal_music_demucs_16k/metaData_fma_large/row19580.csv
Execution time: 27.62726068496704 seconds
metaTables/vocal_music_demucs_16k/metaData_fma_large/row19581.csv
Execution time: 27.581043004989624 seconds
metaTables/vocal_music_demucs_16k/metaData_fma_large/row19582.csv
Execution time: 27.690893411636353 seconds
metaTables/vocal_music_demucs_16k/metaData_fma_large/row19583.csv
Execution time: 26.71747660636902 seconds
metaTables/vocal_music_demucs_16k/metaData_fma_large/row19584.csv
Execution time: 26.89745807647705 seconds
metaTables/vocal_music_demucs_16k/metaData_fma_large/row19585.csv
Execution time: 27.472732543945312 seconds
metaTables/vocal_music_demucs_16k/metaData_fma_large/row19586.csv
Execution time: 27.498525381088257 seconds
metaTables/vocal_music_demucs_16k/metaData_fma_large/row19587.csv
Execution time: 28.200605630874634 seconds
metaTables/vocal_music_demucs_16k/metaData_fma_large/row19588.csv
Execution time: 27.68342351913452 seconds
metaTables/vocal_music_demucs_16k/metaData_fma_large/row19589.csv
Execution time: 27.41624116897583 seconds
metaTables/vocal_music_demucs_16k/metaData_fma_large/row19590.csv
Execution time: 27.088331937789917 seconds
metaTables/vocal_music_demucs_16k/metaData_fma_large/row19591.csv
Execution time: 28.633919715881348 seconds
metaTables/vocal_music_demucs_16k/metaData_fma_large/row19592.csv
Execution time: 27.14611530303955 seconds
metaTables/vocal_music_demucs_16k/metaData_fma_large/row19593.csv
Execution time: 27.524425268173218 seconds
metaTables/vocal_music_demucs_16k/metaData_fma_large/row19594.csv
Execution time: 27.365249633789062 seconds
metaTables/vocal_music_demucs_16k/metaData_fma_large/row19595.csv
Execution time: 27.05199360847473 seconds
metaTables/vocal_music_demucs_16k/metaData_fma_large/row19596.csv
Execution time: 28.303038835525513 seconds
metaTables/vocal_music_demucs_16k/metaData_fma_large/row19597.csv
Execution time: 28.123547077178955 seconds
metaTables/vocal_music_demucs_16k/metaData_fma_large/row19598.csv
Execution time: 25.5034761428833 seconds
metaTables/vocal_music_demucs_16k/metaData_fma_large/row19599.csv
Demucs voice recognition done!
