/ext3/demucs/lib/python3.9/site-packages/demucs/api.py:27: UserWarning: TorchAudio's global backend is now deprecated. Please enable distpatcher by setting `TORCHAUDIO_USE_BACKEND_DISPATCHER=1`, and specify backend when calling load/info/save function.
  import torchaudio as ta
2024-05-08 23:37:47.274648: I tensorflow/core/util/port.cc:113] oneDNN custom operations are on. You may see slightly different numerical results due to floating-point round-off errors from different computation orders. To turn them off, set the environment variable `TF_ENABLE_ONEDNN_OPTS=0`.
2024-05-08 23:37:49.166676: E external/local_xla/xla/stream_executor/cuda/cuda_dnn.cc:9261] Unable to register cuDNN factory: Attempting to register factory for plugin cuDNN when one has already been registered
2024-05-08 23:37:49.166720: E external/local_xla/xla/stream_executor/cuda/cuda_fft.cc:607] Unable to register cuFFT factory: Attempting to register factory for plugin cuFFT when one has already been registered
2024-05-08 23:37:49.331347: E external/local_xla/xla/stream_executor/cuda/cuda_blas.cc:1515] Unable to register cuBLAS factory: Attempting to register factory for plugin cuBLAS when one has already been registered
2024-05-08 23:37:49.492568: I tensorflow/core/platform/cpu_feature_guard.cc:182] This TensorFlow binary is optimized to use available CPU instructions in performance-critical operations.
To enable the following instructions: AVX2 AVX512F AVX512_VNNI FMA, in other operations, rebuild TensorFlow with the appropriate compiler flags.
2024-05-08 23:37:52.765341: W tensorflow/compiler/tf2tensorrt/utils/py_utils.cc:38] TF-TRT Warning: Could not find TensorRT
Execution time: 30.83128261566162 seconds
metaTables/vocal_music_demucs_16k/metaData_fma_large/row67300.csv
Execution time: 27.26222276687622 seconds
metaTables/vocal_music_demucs_16k/metaData_fma_large/row67301.csv
Execution time: 27.255587100982666 seconds
metaTables/vocal_music_demucs_16k/metaData_fma_large/row67302.csv
Execution time: 27.333993434906006 seconds
metaTables/vocal_music_demucs_16k/metaData_fma_large/row67303.csv
Execution time: 26.909717559814453 seconds
metaTables/vocal_music_demucs_16k/metaData_fma_large/row67304.csv
Execution time: 26.98279571533203 seconds
metaTables/vocal_music_demucs_16k/metaData_fma_large/row67305.csv
Execution time: 27.758737802505493 seconds
metaTables/vocal_music_demucs_16k/metaData_fma_large/row67306.csv
Execution time: 26.706800937652588 seconds
metaTables/vocal_music_demucs_16k/metaData_fma_large/row67307.csv
Execution time: 27.264601707458496 seconds
metaTables/vocal_music_demucs_16k/metaData_fma_large/row67308.csv
Execution time: 27.313307523727417 seconds
metaTables/vocal_music_demucs_16k/metaData_fma_large/row67309.csv
Execution time: 27.41531729698181 seconds
metaTables/vocal_music_demucs_16k/metaData_fma_large/row67310.csv
Execution time: 27.236103773117065 seconds
metaTables/vocal_music_demucs_16k/metaData_fma_large/row67311.csv
Execution time: 27.169243574142456 seconds
metaTables/vocal_music_demucs_16k/metaData_fma_large/row67312.csv
Execution time: 27.19000506401062 seconds
metaTables/vocal_music_demucs_16k/metaData_fma_large/row67313.csv
Execution time: 26.972009897232056 seconds
metaTables/vocal_music_demucs_16k/metaData_fma_large/row67314.csv
Execution time: 27.086568355560303 seconds
metaTables/vocal_music_demucs_16k/metaData_fma_large/row67315.csv
Execution time: 26.85705018043518 seconds
metaTables/vocal_music_demucs_16k/metaData_fma_large/row67316.csv
Execution time: 26.744786739349365 seconds
metaTables/vocal_music_demucs_16k/metaData_fma_large/row67317.csv
Execution time: 27.479437112808228 seconds
metaTables/vocal_music_demucs_16k/metaData_fma_large/row67318.csv
Execution time: 27.162866353988647 seconds
metaTables/vocal_music_demucs_16k/metaData_fma_large/row67319.csv
Execution time: 26.856496572494507 seconds
metaTables/vocal_music_demucs_16k/metaData_fma_large/row67320.csv
Execution time: 27.697460174560547 seconds
metaTables/vocal_music_demucs_16k/metaData_fma_large/row67321.csv
Execution time: 27.9873788356781 seconds
metaTables/vocal_music_demucs_16k/metaData_fma_large/row67322.csv
Execution time: 26.78254723548889 seconds
metaTables/vocal_music_demucs_16k/metaData_fma_large/row67323.csv
Execution time: 27.874070167541504 seconds
metaTables/vocal_music_demucs_16k/metaData_fma_large/row67324.csv
Execution time: 29.17265796661377 seconds
metaTables/vocal_music_demucs_16k/metaData_fma_large/row67325.csv
Execution time: 26.81058430671692 seconds
metaTables/vocal_music_demucs_16k/metaData_fma_large/row67326.csv
Execution time: 26.663630485534668 seconds
metaTables/vocal_music_demucs_16k/metaData_fma_large/row67327.csv
Execution time: 27.208984375 seconds
metaTables/vocal_music_demucs_16k/metaData_fma_large/row67328.csv
Execution time: 27.179577827453613 seconds
metaTables/vocal_music_demucs_16k/metaData_fma_large/row67329.csv
Execution time: 27.406128644943237 seconds
metaTables/vocal_music_demucs_16k/metaData_fma_large/row67330.csv
Execution time: 27.072951078414917 seconds
metaTables/vocal_music_demucs_16k/metaData_fma_large/row67331.csv
Execution time: 28.682286262512207 seconds
metaTables/vocal_music_demucs_16k/metaData_fma_large/row67332.csv
Execution time: 27.456214904785156 seconds
metaTables/vocal_music_demucs_16k/metaData_fma_large/row67333.csv
Execution time: 18.06568145751953 seconds
metaTables/vocal_music_demucs_16k/metaData_fma_large/row67334.csv
Execution time: 27.037166357040405 seconds
metaTables/vocal_music_demucs_16k/metaData_fma_large/row67335.csv
Execution time: 26.839429140090942 seconds
metaTables/vocal_music_demucs_16k/metaData_fma_large/row67336.csv
Execution time: 26.511440992355347 seconds
metaTables/vocal_music_demucs_16k/metaData_fma_large/row67337.csv
Execution time: 26.730910539627075 seconds
metaTables/vocal_music_demucs_16k/metaData_fma_large/row67338.csv
Execution time: 26.795069456100464 seconds
metaTables/vocal_music_demucs_16k/metaData_fma_large/row67339.csv
Execution time: 26.978620290756226 seconds
metaTables/vocal_music_demucs_16k/metaData_fma_large/row67340.csv
Execution time: 27.223597288131714 seconds
metaTables/vocal_music_demucs_16k/metaData_fma_large/row67341.csv
Execution time: 27.050529718399048 seconds
metaTables/vocal_music_demucs_16k/metaData_fma_large/row67342.csv
Execution time: 27.302900314331055 seconds
metaTables/vocal_music_demucs_16k/metaData_fma_large/row67343.csv
Execution time: 27.704092502593994 seconds
metaTables/vocal_music_demucs_16k/metaData_fma_large/row67344.csv
Execution time: 26.11243748664856 seconds
metaTables/vocal_music_demucs_16k/metaData_fma_large/row67345.csv
Execution time: 27.109642505645752 seconds
metaTables/vocal_music_demucs_16k/metaData_fma_large/row67346.csv
Execution time: 26.925247192382812 seconds
metaTables/vocal_music_demucs_16k/metaData_fma_large/row67347.csv
Execution time: 28.034425973892212 seconds
metaTables/vocal_music_demucs_16k/metaData_fma_large/row67348.csv
Execution time: 27.829234838485718 seconds
metaTables/vocal_music_demucs_16k/metaData_fma_large/row67349.csv
Execution time: 27.39755392074585 seconds
metaTables/vocal_music_demucs_16k/metaData_fma_large/row67350.csv
Execution time: 27.12257957458496 seconds
metaTables/vocal_music_demucs_16k/metaData_fma_large/row67351.csv
Execution time: 27.071457386016846 seconds
metaTables/vocal_music_demucs_16k/metaData_fma_large/row67352.csv
Execution time: 26.574196100234985 seconds
metaTables/vocal_music_demucs_16k/metaData_fma_large/row67353.csv
Execution time: 27.723355293273926 seconds
metaTables/vocal_music_demucs_16k/metaData_fma_large/row67354.csv
Execution time: 26.94438099861145 seconds
metaTables/vocal_music_demucs_16k/metaData_fma_large/row67355.csv
Execution time: 27.560274600982666 seconds
metaTables/vocal_music_demucs_16k/metaData_fma_large/row67356.csv
Execution time: 9.516755104064941 seconds
metaTables/vocal_music_demucs_16k/metaData_fma_large/row67357.csv
Execution time: 27.905048608779907 seconds
metaTables/vocal_music_demucs_16k/metaData_fma_large/row67358.csv
Execution time: 27.871170043945312 seconds
metaTables/vocal_music_demucs_16k/metaData_fma_large/row67359.csv
Execution time: 29.00564169883728 seconds
metaTables/vocal_music_demucs_16k/metaData_fma_large/row67360.csv
Execution time: 27.080179691314697 seconds
metaTables/vocal_music_demucs_16k/metaData_fma_large/row67361.csv
Execution time: 27.72404670715332 seconds
metaTables/vocal_music_demucs_16k/metaData_fma_large/row67362.csv
Execution time: 27.87673807144165 seconds
metaTables/vocal_music_demucs_16k/metaData_fma_large/row67363.csv
Execution time: 27.914195775985718 seconds
metaTables/vocal_music_demucs_16k/metaData_fma_large/row67364.csv
Execution time: 27.286410331726074 seconds
metaTables/vocal_music_demucs_16k/metaData_fma_large/row67365.csv
Execution time: 26.67240262031555 seconds
metaTables/vocal_music_demucs_16k/metaData_fma_large/row67366.csv
Execution time: 27.496143102645874 seconds
metaTables/vocal_music_demucs_16k/metaData_fma_large/row67367.csv
Execution time: 26.981649160385132 seconds
metaTables/vocal_music_demucs_16k/metaData_fma_large/row67368.csv
Execution time: 27.170849800109863 seconds
metaTables/vocal_music_demucs_16k/metaData_fma_large/row67369.csv
Execution time: 27.444660902023315 seconds
metaTables/vocal_music_demucs_16k/metaData_fma_large/row67370.csv
Execution time: 14.247690677642822 seconds
metaTables/vocal_music_demucs_16k/metaData_fma_large/row67371.csv
Execution time: 28.062427520751953 seconds
metaTables/vocal_music_demucs_16k/metaData_fma_large/row67372.csv
Execution time: 28.09231948852539 seconds
metaTables/vocal_music_demucs_16k/metaData_fma_large/row67373.csv
Execution time: 27.282196760177612 seconds
metaTables/vocal_music_demucs_16k/metaData_fma_large/row67374.csv
Execution time: 28.385523080825806 seconds
metaTables/vocal_music_demucs_16k/metaData_fma_large/row67375.csv
Execution time: 27.723579168319702 seconds
metaTables/vocal_music_demucs_16k/metaData_fma_large/row67376.csv
Execution time: 29.21845531463623 seconds
metaTables/vocal_music_demucs_16k/metaData_fma_large/row67377.csv
Execution time: 27.99995493888855 seconds
metaTables/vocal_music_demucs_16k/metaData_fma_large/row67378.csv
Execution time: 27.883683681488037 seconds
metaTables/vocal_music_demucs_16k/metaData_fma_large/row67379.csv
Execution time: 27.36893343925476 seconds
metaTables/vocal_music_demucs_16k/metaData_fma_large/row67380.csv
Execution time: 26.50878882408142 seconds
metaTables/vocal_music_demucs_16k/metaData_fma_large/row67381.csv
Execution time: 27.542121410369873 seconds
metaTables/vocal_music_demucs_16k/metaData_fma_large/row67382.csv
Execution time: 27.984004735946655 seconds
metaTables/vocal_music_demucs_16k/metaData_fma_large/row67383.csv
Execution time: 27.51202154159546 seconds
metaTables/vocal_music_demucs_16k/metaData_fma_large/row67384.csv
Execution time: 27.709326028823853 seconds
metaTables/vocal_music_demucs_16k/metaData_fma_large/row67385.csv
Execution time: 27.50579071044922 seconds
metaTables/vocal_music_demucs_16k/metaData_fma_large/row67386.csv
Execution time: 26.553829669952393 seconds
metaTables/vocal_music_demucs_16k/metaData_fma_large/row67387.csv
Execution time: 26.672958612442017 seconds
metaTables/vocal_music_demucs_16k/metaData_fma_large/row67388.csv
Execution time: 27.20956563949585 seconds
metaTables/vocal_music_demucs_16k/metaData_fma_large/row67389.csv
Execution time: 28.36020302772522 seconds
metaTables/vocal_music_demucs_16k/metaData_fma_large/row67390.csv
Execution time: 27.52280855178833 seconds
metaTables/vocal_music_demucs_16k/metaData_fma_large/row67391.csv
Execution time: 27.022289276123047 seconds
metaTables/vocal_music_demucs_16k/metaData_fma_large/row67392.csv
Execution time: 27.784027338027954 seconds
metaTables/vocal_music_demucs_16k/metaData_fma_large/row67393.csv
Execution time: 26.279252529144287 seconds
metaTables/vocal_music_demucs_16k/metaData_fma_large/row67394.csv
Execution time: 26.547181367874146 seconds
metaTables/vocal_music_demucs_16k/metaData_fma_large/row67395.csv
Execution time: 27.473317623138428 seconds
metaTables/vocal_music_demucs_16k/metaData_fma_large/row67396.csv
Execution time: 27.579147577285767 seconds
metaTables/vocal_music_demucs_16k/metaData_fma_large/row67397.csv
Execution time: 27.74282145500183 seconds
metaTables/vocal_music_demucs_16k/metaData_fma_large/row67398.csv
Execution time: 26.697122812271118 seconds
metaTables/vocal_music_demucs_16k/metaData_fma_large/row67399.csv
Demucs voice recognition done!
