/ext3/demucs/lib/python3.9/site-packages/demucs/api.py:27: UserWarning: TorchAudio's global backend is now deprecated. Please enable distpatcher by setting `TORCHAUDIO_USE_BACKEND_DISPATCHER=1`, and specify backend when calling load/info/save function.
  import torchaudio as ta
2024-05-09 09:20:47.782651: I tensorflow/core/util/port.cc:113] oneDNN custom operations are on. You may see slightly different numerical results due to floating-point round-off errors from different computation orders. To turn them off, set the environment variable `TF_ENABLE_ONEDNN_OPTS=0`.
2024-05-09 09:20:51.077565: E external/local_xla/xla/stream_executor/cuda/cuda_dnn.cc:9261] Unable to register cuDNN factory: Attempting to register factory for plugin cuDNN when one has already been registered
2024-05-09 09:20:51.077617: E external/local_xla/xla/stream_executor/cuda/cuda_fft.cc:607] Unable to register cuFFT factory: Attempting to register factory for plugin cuFFT when one has already been registered
2024-05-09 09:20:51.344273: E external/local_xla/xla/stream_executor/cuda/cuda_blas.cc:1515] Unable to register cuBLAS factory: Attempting to register factory for plugin cuBLAS when one has already been registered
2024-05-09 09:20:51.584158: I tensorflow/core/platform/cpu_feature_guard.cc:182] This TensorFlow binary is optimized to use available CPU instructions in performance-critical operations.
To enable the following instructions: AVX2 AVX512F AVX512_VNNI FMA, in other operations, rebuild TensorFlow with the appropriate compiler flags.
2024-05-09 09:20:54.308017: W tensorflow/compiler/tf2tensorrt/utils/py_utils.cc:38] TF-TRT Warning: Could not find TensorRT
SKIPPING: metaTables/vocal_music_demucs_16k/metaData_fma_large/row13200.csv
SKIPPING: metaTables/vocal_music_demucs_16k/metaData_fma_large/row13201.csv
SKIPPING: metaTables/vocal_music_demucs_16k/metaData_fma_large/row13202.csv
SKIPPING: metaTables/vocal_music_demucs_16k/metaData_fma_large/row13203.csv
SKIPPING: metaTables/vocal_music_demucs_16k/metaData_fma_large/row13204.csv
SKIPPING: metaTables/vocal_music_demucs_16k/metaData_fma_large/row13205.csv
SKIPPING: metaTables/vocal_music_demucs_16k/metaData_fma_large/row13206.csv
SKIPPING: metaTables/vocal_music_demucs_16k/metaData_fma_large/row13207.csv
SKIPPING: metaTables/vocal_music_demucs_16k/metaData_fma_large/row13208.csv
SKIPPING: metaTables/vocal_music_demucs_16k/metaData_fma_large/row13209.csv
SKIPPING: metaTables/vocal_music_demucs_16k/metaData_fma_large/row13210.csv
SKIPPING: metaTables/vocal_music_demucs_16k/metaData_fma_large/row13211.csv
SKIPPING: metaTables/vocal_music_demucs_16k/metaData_fma_large/row13212.csv
SKIPPING: metaTables/vocal_music_demucs_16k/metaData_fma_large/row13213.csv
SKIPPING: metaTables/vocal_music_demucs_16k/metaData_fma_large/row13214.csv
SKIPPING: metaTables/vocal_music_demucs_16k/metaData_fma_large/row13215.csv
SKIPPING: metaTables/vocal_music_demucs_16k/metaData_fma_large/row13216.csv
SKIPPING: metaTables/vocal_music_demucs_16k/metaData_fma_large/row13217.csv
SKIPPING: metaTables/vocal_music_demucs_16k/metaData_fma_large/row13218.csv
SKIPPING: metaTables/vocal_music_demucs_16k/metaData_fma_large/row13219.csv
SKIPPING: metaTables/vocal_music_demucs_16k/metaData_fma_large/row13220.csv
SKIPPING: metaTables/vocal_music_demucs_16k/metaData_fma_large/row13221.csv
SKIPPING: metaTables/vocal_music_demucs_16k/metaData_fma_large/row13222.csv
SKIPPING: metaTables/vocal_music_demucs_16k/metaData_fma_large/row13223.csv
SKIPPING: metaTables/vocal_music_demucs_16k/metaData_fma_large/row13224.csv
SKIPPING: metaTables/vocal_music_demucs_16k/metaData_fma_large/row13225.csv
SKIPPING: metaTables/vocal_music_demucs_16k/metaData_fma_large/row13226.csv
SKIPPING: metaTables/vocal_music_demucs_16k/metaData_fma_large/row13227.csv
SKIPPING: metaTables/vocal_music_demucs_16k/metaData_fma_large/row13228.csv
SKIPPING: metaTables/vocal_music_demucs_16k/metaData_fma_large/row13229.csv
SKIPPING: metaTables/vocal_music_demucs_16k/metaData_fma_large/row13230.csv
SKIPPING: metaTables/vocal_music_demucs_16k/metaData_fma_large/row13231.csv
SKIPPING: metaTables/vocal_music_demucs_16k/metaData_fma_large/row13232.csv
SKIPPING: metaTables/vocal_music_demucs_16k/metaData_fma_large/row13233.csv
SKIPPING: metaTables/vocal_music_demucs_16k/metaData_fma_large/row13234.csv
SKIPPING: metaTables/vocal_music_demucs_16k/metaData_fma_large/row13235.csv
SKIPPING: metaTables/vocal_music_demucs_16k/metaData_fma_large/row13236.csv
SKIPPING: metaTables/vocal_music_demucs_16k/metaData_fma_large/row13237.csv
SKIPPING: metaTables/vocal_music_demucs_16k/metaData_fma_large/row13238.csv
SKIPPING: metaTables/vocal_music_demucs_16k/metaData_fma_large/row13239.csv
SKIPPING: metaTables/vocal_music_demucs_16k/metaData_fma_large/row13240.csv
SKIPPING: metaTables/vocal_music_demucs_16k/metaData_fma_large/row13241.csv
SKIPPING: metaTables/vocal_music_demucs_16k/metaData_fma_large/row13242.csv
SKIPPING: metaTables/vocal_music_demucs_16k/metaData_fma_large/row13243.csv
SKIPPING: metaTables/vocal_music_demucs_16k/metaData_fma_large/row13244.csv
SKIPPING: metaTables/vocal_music_demucs_16k/metaData_fma_large/row13245.csv
SKIPPING: metaTables/vocal_music_demucs_16k/metaData_fma_large/row13246.csv
SKIPPING: metaTables/vocal_music_demucs_16k/metaData_fma_large/row13247.csv
SKIPPING: metaTables/vocal_music_demucs_16k/metaData_fma_large/row13248.csv
SKIPPING: metaTables/vocal_music_demucs_16k/metaData_fma_large/row13249.csv
SKIPPING: metaTables/vocal_music_demucs_16k/metaData_fma_large/row13250.csv
SKIPPING: metaTables/vocal_music_demucs_16k/metaData_fma_large/row13251.csv
SKIPPING: metaTables/vocal_music_demucs_16k/metaData_fma_large/row13252.csv
SKIPPING: metaTables/vocal_music_demucs_16k/metaData_fma_large/row13253.csv
SKIPPING: metaTables/vocal_music_demucs_16k/metaData_fma_large/row13254.csv
SKIPPING: metaTables/vocal_music_demucs_16k/metaData_fma_large/row13255.csv
SKIPPING: metaTables/vocal_music_demucs_16k/metaData_fma_large/row13256.csv
SKIPPING: metaTables/vocal_music_demucs_16k/metaData_fma_large/row13257.csv
SKIPPING: metaTables/vocal_music_demucs_16k/metaData_fma_large/row13258.csv
SKIPPING: metaTables/vocal_music_demucs_16k/metaData_fma_large/row13259.csv
SKIPPING: metaTables/vocal_music_demucs_16k/metaData_fma_large/row13260.csv
SKIPPING: metaTables/vocal_music_demucs_16k/metaData_fma_large/row13261.csv
SKIPPING: metaTables/vocal_music_demucs_16k/metaData_fma_large/row13262.csv
SKIPPING: metaTables/vocal_music_demucs_16k/metaData_fma_large/row13263.csv
SKIPPING: metaTables/vocal_music_demucs_16k/metaData_fma_large/row13264.csv
SKIPPING: metaTables/vocal_music_demucs_16k/metaData_fma_large/row13265.csv
SKIPPING: metaTables/vocal_music_demucs_16k/metaData_fma_large/row13266.csv
SKIPPING: metaTables/vocal_music_demucs_16k/metaData_fma_large/row13267.csv
SKIPPING: metaTables/vocal_music_demucs_16k/metaData_fma_large/row13268.csv
SKIPPING: metaTables/vocal_music_demucs_16k/metaData_fma_large/row13269.csv
SKIPPING: metaTables/vocal_music_demucs_16k/metaData_fma_large/row13270.csv
SKIPPING: metaTables/vocal_music_demucs_16k/metaData_fma_large/row13271.csv
SKIPPING: metaTables/vocal_music_demucs_16k/metaData_fma_large/row13272.csv
SKIPPING: metaTables/vocal_music_demucs_16k/metaData_fma_large/row13273.csv
SKIPPING: metaTables/vocal_music_demucs_16k/metaData_fma_large/row13274.csv
SKIPPING: metaTables/vocal_music_demucs_16k/metaData_fma_large/row13275.csv
SKIPPING: metaTables/vocal_music_demucs_16k/metaData_fma_large/row13276.csv
SKIPPING: metaTables/vocal_music_demucs_16k/metaData_fma_large/row13277.csv
SKIPPING: metaTables/vocal_music_demucs_16k/metaData_fma_large/row13278.csv
SKIPPING: metaTables/vocal_music_demucs_16k/metaData_fma_large/row13279.csv
SKIPPING: metaTables/vocal_music_demucs_16k/metaData_fma_large/row13280.csv
SKIPPING: metaTables/vocal_music_demucs_16k/metaData_fma_large/row13281.csv
SKIPPING: metaTables/vocal_music_demucs_16k/metaData_fma_large/row13282.csv
SKIPPING: metaTables/vocal_music_demucs_16k/metaData_fma_large/row13283.csv
SKIPPING: metaTables/vocal_music_demucs_16k/metaData_fma_large/row13284.csv
SKIPPING: metaTables/vocal_music_demucs_16k/metaData_fma_large/row13285.csv
SKIPPING: metaTables/vocal_music_demucs_16k/metaData_fma_large/row13286.csv
SKIPPING: metaTables/vocal_music_demucs_16k/metaData_fma_large/row13287.csv
SKIPPING: metaTables/vocal_music_demucs_16k/metaData_fma_large/row13288.csv
SKIPPING: metaTables/vocal_music_demucs_16k/metaData_fma_large/row13289.csv
SKIPPING: metaTables/vocal_music_demucs_16k/metaData_fma_large/row13290.csv
SKIPPING: metaTables/vocal_music_demucs_16k/metaData_fma_large/row13291.csv
SKIPPING: metaTables/vocal_music_demucs_16k/metaData_fma_large/row13292.csv
SKIPPING: metaTables/vocal_music_demucs_16k/metaData_fma_large/row13293.csv
SKIPPING: metaTables/vocal_music_demucs_16k/metaData_fma_large/row13294.csv
SKIPPING: metaTables/vocal_music_demucs_16k/metaData_fma_large/row13295.csv
SKIPPING: metaTables/vocal_music_demucs_16k/metaData_fma_large/row13296.csv
SKIPPING: metaTables/vocal_music_demucs_16k/metaData_fma_large/row13297.csv
SKIPPING: metaTables/vocal_music_demucs_16k/metaData_fma_large/row13298.csv
SKIPPING: metaTables/vocal_music_demucs_16k/metaData_fma_large/row13299.csv
Demucs voice recognition done!
