/ext3/demucs/lib/python3.9/site-packages/demucs/api.py:27: UserWarning: TorchAudio's global backend is now deprecated. Please enable distpatcher by setting `TORCHAUDIO_USE_BACKEND_DISPATCHER=1`, and specify backend when calling load/info/save function.
  import torchaudio as ta
2024-05-08 23:36:03.831942: I tensorflow/core/util/port.cc:113] oneDNN custom operations are on. You may see slightly different numerical results due to floating-point round-off errors from different computation orders. To turn them off, set the environment variable `TF_ENABLE_ONEDNN_OPTS=0`.
2024-05-08 23:36:08.264616: E external/local_xla/xla/stream_executor/cuda/cuda_dnn.cc:9261] Unable to register cuDNN factory: Attempting to register factory for plugin cuDNN when one has already been registered
2024-05-08 23:36:08.264652: E external/local_xla/xla/stream_executor/cuda/cuda_fft.cc:607] Unable to register cuFFT factory: Attempting to register factory for plugin cuFFT when one has already been registered
2024-05-08 23:36:08.539047: E external/local_xla/xla/stream_executor/cuda/cuda_blas.cc:1515] Unable to register cuBLAS factory: Attempting to register factory for plugin cuBLAS when one has already been registered
2024-05-08 23:36:09.030061: I tensorflow/core/platform/cpu_feature_guard.cc:182] This TensorFlow binary is optimized to use available CPU instructions in performance-critical operations.
To enable the following instructions: AVX2 AVX512F AVX512_VNNI FMA, in other operations, rebuild TensorFlow with the appropriate compiler flags.
2024-05-08 23:36:12.508546: W tensorflow/compiler/tf2tensorrt/utils/py_utils.cc:38] TF-TRT Warning: Could not find TensorRT
Execution time: 29.708016633987427 seconds
metaTables/vocal_music_demucs_16k/metaData_fma_large/row500.csv
Execution time: 25.988070249557495 seconds
metaTables/vocal_music_demucs_16k/metaData_fma_large/row501.csv
Execution time: 25.346546411514282 seconds
metaTables/vocal_music_demucs_16k/metaData_fma_large/row502.csv
Execution time: 24.533923625946045 seconds
metaTables/vocal_music_demucs_16k/metaData_fma_large/row503.csv
Execution time: 26.032933950424194 seconds
metaTables/vocal_music_demucs_16k/metaData_fma_large/row504.csv
Execution time: 25.52094531059265 seconds
metaTables/vocal_music_demucs_16k/metaData_fma_large/row505.csv
Execution time: 25.480923175811768 seconds
metaTables/vocal_music_demucs_16k/metaData_fma_large/row506.csv
Execution time: 25.331210136413574 seconds
metaTables/vocal_music_demucs_16k/metaData_fma_large/row507.csv
Execution time: 25.21359896659851 seconds
metaTables/vocal_music_demucs_16k/metaData_fma_large/row508.csv
Execution time: 25.398337841033936 seconds
metaTables/vocal_music_demucs_16k/metaData_fma_large/row509.csv
Execution time: 26.047874212265015 seconds
metaTables/vocal_music_demucs_16k/metaData_fma_large/row510.csv
Execution time: 25.640465021133423 seconds
metaTables/vocal_music_demucs_16k/metaData_fma_large/row511.csv
Execution time: 24.263284921646118 seconds
metaTables/vocal_music_demucs_16k/metaData_fma_large/row512.csv
Execution time: 25.81799292564392 seconds
metaTables/vocal_music_demucs_16k/metaData_fma_large/row513.csv
Execution time: 25.575307846069336 seconds
metaTables/vocal_music_demucs_16k/metaData_fma_large/row514.csv
Execution time: 26.19792366027832 seconds
metaTables/vocal_music_demucs_16k/metaData_fma_large/row515.csv
Execution time: 25.417264461517334 seconds
metaTables/vocal_music_demucs_16k/metaData_fma_large/row516.csv
Execution time: 25.993617296218872 seconds
metaTables/vocal_music_demucs_16k/metaData_fma_large/row517.csv
Execution time: 25.18913173675537 seconds
metaTables/vocal_music_demucs_16k/metaData_fma_large/row518.csv
Execution time: 25.887712240219116 seconds
metaTables/vocal_music_demucs_16k/metaData_fma_large/row519.csv
Execution time: 25.892438411712646 seconds
metaTables/vocal_music_demucs_16k/metaData_fma_large/row520.csv
Execution time: 26.77371835708618 seconds
metaTables/vocal_music_demucs_16k/metaData_fma_large/row521.csv
Execution time: 25.43198323249817 seconds
metaTables/vocal_music_demucs_16k/metaData_fma_large/row522.csv
Execution time: 26.564087390899658 seconds
metaTables/vocal_music_demucs_16k/metaData_fma_large/row523.csv
Execution time: 24.79582929611206 seconds
metaTables/vocal_music_demucs_16k/metaData_fma_large/row524.csv
Execution time: 25.344892263412476 seconds
metaTables/vocal_music_demucs_16k/metaData_fma_large/row525.csv
Execution time: 25.55918049812317 seconds
metaTables/vocal_music_demucs_16k/metaData_fma_large/row526.csv
Execution time: 25.130595207214355 seconds
metaTables/vocal_music_demucs_16k/metaData_fma_large/row527.csv
Execution time: 25.437502145767212 seconds
metaTables/vocal_music_demucs_16k/metaData_fma_large/row528.csv
Execution time: 25.813855409622192 seconds
metaTables/vocal_music_demucs_16k/metaData_fma_large/row529.csv
Execution time: 25.40577983856201 seconds
metaTables/vocal_music_demucs_16k/metaData_fma_large/row530.csv
Execution time: 25.267211198806763 seconds
metaTables/vocal_music_demucs_16k/metaData_fma_large/row531.csv
Execution time: 25.90912675857544 seconds
metaTables/vocal_music_demucs_16k/metaData_fma_large/row532.csv
Execution time: 24.354971408843994 seconds
metaTables/vocal_music_demucs_16k/metaData_fma_large/row533.csv
Execution time: 25.207483530044556 seconds
metaTables/vocal_music_demucs_16k/metaData_fma_large/row534.csv
Execution time: 25.078994750976562 seconds
metaTables/vocal_music_demucs_16k/metaData_fma_large/row535.csv
Execution time: 25.268406867980957 seconds
metaTables/vocal_music_demucs_16k/metaData_fma_large/row536.csv
Execution time: 25.744795083999634 seconds
metaTables/vocal_music_demucs_16k/metaData_fma_large/row537.csv
Execution time: 26.20768642425537 seconds
metaTables/vocal_music_demucs_16k/metaData_fma_large/row538.csv
Execution time: 24.488255262374878 seconds
metaTables/vocal_music_demucs_16k/metaData_fma_large/row539.csv
Execution time: 24.803823232650757 seconds
metaTables/vocal_music_demucs_16k/metaData_fma_large/row540.csv
Execution time: 25.55509924888611 seconds
metaTables/vocal_music_demucs_16k/metaData_fma_large/row541.csv
Execution time: 25.450913667678833 seconds
metaTables/vocal_music_demucs_16k/metaData_fma_large/row542.csv
Execution time: 25.630915880203247 seconds
metaTables/vocal_music_demucs_16k/metaData_fma_large/row543.csv
Execution time: 26.625847339630127 seconds
metaTables/vocal_music_demucs_16k/metaData_fma_large/row544.csv
Execution time: 24.62659454345703 seconds
metaTables/vocal_music_demucs_16k/metaData_fma_large/row545.csv
Execution time: 25.407310962677002 seconds
metaTables/vocal_music_demucs_16k/metaData_fma_large/row546.csv
Execution time: 25.47618556022644 seconds
metaTables/vocal_music_demucs_16k/metaData_fma_large/row547.csv
Execution time: 24.979879140853882 seconds
metaTables/vocal_music_demucs_16k/metaData_fma_large/row548.csv
Execution time: 26.647382497787476 seconds
metaTables/vocal_music_demucs_16k/metaData_fma_large/row549.csv
Execution time: 25.70401906967163 seconds
metaTables/vocal_music_demucs_16k/metaData_fma_large/row550.csv
Execution time: 25.540950775146484 seconds
metaTables/vocal_music_demucs_16k/metaData_fma_large/row551.csv
Execution time: 25.875707864761353 seconds
metaTables/vocal_music_demucs_16k/metaData_fma_large/row552.csv
Execution time: 25.572705268859863 seconds
metaTables/vocal_music_demucs_16k/metaData_fma_large/row553.csv
Execution time: 26.023686408996582 seconds
metaTables/vocal_music_demucs_16k/metaData_fma_large/row554.csv
Execution time: 25.48503851890564 seconds
metaTables/vocal_music_demucs_16k/metaData_fma_large/row555.csv
Execution time: 24.777129888534546 seconds
metaTables/vocal_music_demucs_16k/metaData_fma_large/row556.csv
Execution time: 25.782184839248657 seconds
metaTables/vocal_music_demucs_16k/metaData_fma_large/row557.csv
Execution time: 27.573121070861816 seconds
metaTables/vocal_music_demucs_16k/metaData_fma_large/row558.csv
Execution time: 25.16831398010254 seconds
metaTables/vocal_music_demucs_16k/metaData_fma_large/row559.csv
Execution time: 25.333925485610962 seconds
metaTables/vocal_music_demucs_16k/metaData_fma_large/row560.csv
Execution time: 26.172918558120728 seconds
metaTables/vocal_music_demucs_16k/metaData_fma_large/row561.csv
Execution time: 25.602867126464844 seconds
metaTables/vocal_music_demucs_16k/metaData_fma_large/row562.csv
Execution time: 26.087252378463745 seconds
metaTables/vocal_music_demucs_16k/metaData_fma_large/row563.csv
Execution time: 25.231833457946777 seconds
metaTables/vocal_music_demucs_16k/metaData_fma_large/row564.csv
Execution time: 25.950000286102295 seconds
metaTables/vocal_music_demucs_16k/metaData_fma_large/row565.csv
Execution time: 25.232030153274536 seconds
metaTables/vocal_music_demucs_16k/metaData_fma_large/row566.csv
Execution time: 25.814152002334595 seconds
metaTables/vocal_music_demucs_16k/metaData_fma_large/row567.csv
Execution time: 25.37711811065674 seconds
metaTables/vocal_music_demucs_16k/metaData_fma_large/row568.csv
Execution time: 25.24327564239502 seconds
metaTables/vocal_music_demucs_16k/metaData_fma_large/row569.csv
Execution time: 25.316239833831787 seconds
metaTables/vocal_music_demucs_16k/metaData_fma_large/row570.csv
Execution time: 25.28666067123413 seconds
metaTables/vocal_music_demucs_16k/metaData_fma_large/row571.csv
Execution time: 25.705132007598877 seconds
metaTables/vocal_music_demucs_16k/metaData_fma_large/row572.csv
Execution time: 26.491967916488647 seconds
metaTables/vocal_music_demucs_16k/metaData_fma_large/row573.csv
Execution time: 26.2013418674469 seconds
metaTables/vocal_music_demucs_16k/metaData_fma_large/row574.csv
Execution time: 26.00951910018921 seconds
metaTables/vocal_music_demucs_16k/metaData_fma_large/row575.csv
Execution time: 26.15501618385315 seconds
metaTables/vocal_music_demucs_16k/metaData_fma_large/row576.csv
Execution time: 24.24237084388733 seconds
metaTables/vocal_music_demucs_16k/metaData_fma_large/row577.csv
Execution time: 25.54380464553833 seconds
metaTables/vocal_music_demucs_16k/metaData_fma_large/row578.csv
Execution time: 25.12716031074524 seconds
metaTables/vocal_music_demucs_16k/metaData_fma_large/row579.csv
Execution time: 24.46885323524475 seconds
metaTables/vocal_music_demucs_16k/metaData_fma_large/row580.csv
Execution time: 25.293732166290283 seconds
metaTables/vocal_music_demucs_16k/metaData_fma_large/row581.csv
Execution time: 25.658100366592407 seconds
metaTables/vocal_music_demucs_16k/metaData_fma_large/row582.csv
Execution time: 25.70011258125305 seconds
metaTables/vocal_music_demucs_16k/metaData_fma_large/row583.csv
Execution time: 25.029489755630493 seconds
metaTables/vocal_music_demucs_16k/metaData_fma_large/row584.csv
Execution time: 24.23941206932068 seconds
metaTables/vocal_music_demucs_16k/metaData_fma_large/row585.csv
Execution time: 24.26219940185547 seconds
metaTables/vocal_music_demucs_16k/metaData_fma_large/row586.csv
Execution time: 25.388251781463623 seconds
metaTables/vocal_music_demucs_16k/metaData_fma_large/row587.csv
Execution time: 24.938915491104126 seconds
metaTables/vocal_music_demucs_16k/metaData_fma_large/row588.csv
Execution time: 25.71039128303528 seconds
metaTables/vocal_music_demucs_16k/metaData_fma_large/row589.csv
Execution time: 24.85294532775879 seconds
metaTables/vocal_music_demucs_16k/metaData_fma_large/row590.csv
Execution time: 25.654972553253174 seconds
metaTables/vocal_music_demucs_16k/metaData_fma_large/row591.csv
Execution time: 24.904772758483887 seconds
metaTables/vocal_music_demucs_16k/metaData_fma_large/row592.csv
Execution time: 24.93605351448059 seconds
metaTables/vocal_music_demucs_16k/metaData_fma_large/row593.csv
Execution time: 26.535152673721313 seconds
metaTables/vocal_music_demucs_16k/metaData_fma_large/row594.csv
Execution time: 25.392701864242554 seconds
metaTables/vocal_music_demucs_16k/metaData_fma_large/row595.csv
Execution time: 26.20291829109192 seconds
metaTables/vocal_music_demucs_16k/metaData_fma_large/row596.csv
Execution time: 25.493802070617676 seconds
metaTables/vocal_music_demucs_16k/metaData_fma_large/row597.csv
Execution time: 25.307914972305298 seconds
metaTables/vocal_music_demucs_16k/metaData_fma_large/row598.csv
Execution time: 26.306578159332275 seconds
metaTables/vocal_music_demucs_16k/metaData_fma_large/row599.csv
Demucs voice recognition done!
