/ext3/demucs/lib/python3.9/site-packages/demucs/api.py:27: UserWarning: TorchAudio's global backend is now deprecated. Please enable distpatcher by setting `TORCHAUDIO_USE_BACKEND_DISPATCHER=1`, and specify backend when calling load/info/save function.
  import torchaudio as ta
2024-05-10 11:35:18.971376: I tensorflow/core/util/port.cc:113] oneDNN custom operations are on. You may see slightly different numerical results due to floating-point round-off errors from different computation orders. To turn them off, set the environment variable `TF_ENABLE_ONEDNN_OPTS=0`.
2024-05-10 11:35:19.684739: E external/local_xla/xla/stream_executor/cuda/cuda_dnn.cc:9261] Unable to register cuDNN factory: Attempting to register factory for plugin cuDNN when one has already been registered
2024-05-10 11:35:19.684783: E external/local_xla/xla/stream_executor/cuda/cuda_fft.cc:607] Unable to register cuFFT factory: Attempting to register factory for plugin cuFFT when one has already been registered
2024-05-10 11:35:19.826569: E external/local_xla/xla/stream_executor/cuda/cuda_blas.cc:1515] Unable to register cuBLAS factory: Attempting to register factory for plugin cuBLAS when one has already been registered
2024-05-10 11:35:19.919165: I tensorflow/core/platform/cpu_feature_guard.cc:182] This TensorFlow binary is optimized to use available CPU instructions in performance-critical operations.
To enable the following instructions: AVX2 AVX512F AVX512_VNNI FMA, in other operations, rebuild TensorFlow with the appropriate compiler flags.
2024-05-10 11:35:21.015826: W tensorflow/compiler/tf2tensorrt/utils/py_utils.cc:38] TF-TRT Warning: Could not find TensorRT
Execution time: 30.459279537200928 seconds
metaTables/vocal_music_demucs_16k/metaData_fma_large/row103200.csv
Execution time: 29.369813203811646 seconds
metaTables/vocal_music_demucs_16k/metaData_fma_large/row103201.csv
Execution time: 29.211365222930908 seconds
metaTables/vocal_music_demucs_16k/metaData_fma_large/row103202.csv
Execution time: 29.021625518798828 seconds
metaTables/vocal_music_demucs_16k/metaData_fma_large/row103203.csv
Execution time: 28.75671625137329 seconds
metaTables/vocal_music_demucs_16k/metaData_fma_large/row103204.csv
Execution time: 29.419003009796143 seconds
metaTables/vocal_music_demucs_16k/metaData_fma_large/row103205.csv
Execution time: 30.37994146347046 seconds
metaTables/vocal_music_demucs_16k/metaData_fma_large/row103206.csv
Execution time: 28.99534034729004 seconds
metaTables/vocal_music_demucs_16k/metaData_fma_large/row103207.csv
Execution time: 29.373536586761475 seconds
metaTables/vocal_music_demucs_16k/metaData_fma_large/row103208.csv
Execution time: 29.239968061447144 seconds
metaTables/vocal_music_demucs_16k/metaData_fma_large/row103209.csv
Execution time: 27.692546367645264 seconds
metaTables/vocal_music_demucs_16k/metaData_fma_large/row103210.csv
Execution time: 25.574592113494873 seconds
metaTables/vocal_music_demucs_16k/metaData_fma_large/row103211.csv
Execution time: 29.090927124023438 seconds
metaTables/vocal_music_demucs_16k/metaData_fma_large/row103212.csv
Execution time: 28.832395315170288 seconds
metaTables/vocal_music_demucs_16k/metaData_fma_large/row103213.csv
Execution time: 30.16614079475403 seconds
metaTables/vocal_music_demucs_16k/metaData_fma_large/row103214.csv
Execution time: 28.776708126068115 seconds
metaTables/vocal_music_demucs_16k/metaData_fma_large/row103215.csv
Execution time: 28.370506763458252 seconds
metaTables/vocal_music_demucs_16k/metaData_fma_large/row103216.csv
Execution time: 28.882484912872314 seconds
metaTables/vocal_music_demucs_16k/metaData_fma_large/row103217.csv
Execution time: 29.40077257156372 seconds
metaTables/vocal_music_demucs_16k/metaData_fma_large/row103218.csv
Execution time: 28.82841181755066 seconds
metaTables/vocal_music_demucs_16k/metaData_fma_large/row103219.csv
Execution time: 29.693683385849 seconds
metaTables/vocal_music_demucs_16k/metaData_fma_large/row103220.csv
Execution time: 28.400618314743042 seconds
metaTables/vocal_music_demucs_16k/metaData_fma_large/row103221.csv
Execution time: 28.692304849624634 seconds
metaTables/vocal_music_demucs_16k/metaData_fma_large/row103222.csv
Execution time: 29.156902074813843 seconds
metaTables/vocal_music_demucs_16k/metaData_fma_large/row103223.csv
Execution time: 28.570738315582275 seconds
metaTables/vocal_music_demucs_16k/metaData_fma_large/row103224.csv
Execution time: 28.71677803993225 seconds
metaTables/vocal_music_demucs_16k/metaData_fma_large/row103225.csv
Execution time: 29.32762312889099 seconds
metaTables/vocal_music_demucs_16k/metaData_fma_large/row103226.csv
Execution time: 29.099770069122314 seconds
metaTables/vocal_music_demucs_16k/metaData_fma_large/row103227.csv
Execution time: 28.864526510238647 seconds
metaTables/vocal_music_demucs_16k/metaData_fma_large/row103228.csv
Execution time: 29.054959058761597 seconds
metaTables/vocal_music_demucs_16k/metaData_fma_large/row103229.csv
Execution time: 29.590400218963623 seconds
metaTables/vocal_music_demucs_16k/metaData_fma_large/row103230.csv
Execution time: 27.494502067565918 seconds
metaTables/vocal_music_demucs_16k/metaData_fma_large/row103231.csv
Execution time: 28.72514843940735 seconds
metaTables/vocal_music_demucs_16k/metaData_fma_large/row103232.csv
Execution time: 28.708656072616577 seconds
metaTables/vocal_music_demucs_16k/metaData_fma_large/row103233.csv
Execution time: 29.356111764907837 seconds
metaTables/vocal_music_demucs_16k/metaData_fma_large/row103234.csv
Execution time: 28.302244663238525 seconds
metaTables/vocal_music_demucs_16k/metaData_fma_large/row103235.csv
Execution time: 9.829338550567627 seconds
metaTables/vocal_music_demucs_16k/metaData_fma_large/row103236.csv
Execution time: 29.04460883140564 seconds
metaTables/vocal_music_demucs_16k/metaData_fma_large/row103237.csv
Execution time: 28.574917554855347 seconds
metaTables/vocal_music_demucs_16k/metaData_fma_large/row103238.csv
Execution time: 28.51943802833557 seconds
metaTables/vocal_music_demucs_16k/metaData_fma_large/row103239.csv
Execution time: 29.002262353897095 seconds
metaTables/vocal_music_demucs_16k/metaData_fma_large/row103240.csv
Execution time: 28.540433168411255 seconds
metaTables/vocal_music_demucs_16k/metaData_fma_large/row103241.csv
Execution time: 28.11279821395874 seconds
metaTables/vocal_music_demucs_16k/metaData_fma_large/row103242.csv
Execution time: 29.80122184753418 seconds
metaTables/vocal_music_demucs_16k/metaData_fma_large/row103243.csv
Execution time: 29.170899629592896 seconds
metaTables/vocal_music_demucs_16k/metaData_fma_large/row103244.csv
Execution time: 29.124415159225464 seconds
metaTables/vocal_music_demucs_16k/metaData_fma_large/row103245.csv
Execution time: 28.237771034240723 seconds
metaTables/vocal_music_demucs_16k/metaData_fma_large/row103246.csv
Execution time: 28.90170907974243 seconds
metaTables/vocal_music_demucs_16k/metaData_fma_large/row103247.csv
Execution time: 29.368294715881348 seconds
metaTables/vocal_music_demucs_16k/metaData_fma_large/row103248.csv
Execution time: 28.825929641723633 seconds
metaTables/vocal_music_demucs_16k/metaData_fma_large/row103249.csv
Execution time: 28.661527633666992 seconds
metaTables/vocal_music_demucs_16k/metaData_fma_large/row103250.csv
Execution time: 28.09263563156128 seconds
metaTables/vocal_music_demucs_16k/metaData_fma_large/row103251.csv
Execution time: 28.645109176635742 seconds
metaTables/vocal_music_demucs_16k/metaData_fma_large/row103252.csv
Execution time: 29.464232444763184 seconds
metaTables/vocal_music_demucs_16k/metaData_fma_large/row103253.csv
Execution time: 29.413101196289062 seconds
metaTables/vocal_music_demucs_16k/metaData_fma_large/row103254.csv
Execution time: 29.439926147460938 seconds
metaTables/vocal_music_demucs_16k/metaData_fma_large/row103255.csv
Execution time: 28.256717920303345 seconds
metaTables/vocal_music_demucs_16k/metaData_fma_large/row103256.csv
Execution time: 29.6445951461792 seconds
metaTables/vocal_music_demucs_16k/metaData_fma_large/row103257.csv
Execution time: 29.745750665664673 seconds
metaTables/vocal_music_demucs_16k/metaData_fma_large/row103258.csv
Execution time: 29.524060249328613 seconds
metaTables/vocal_music_demucs_16k/metaData_fma_large/row103259.csv
Execution time: 29.532344818115234 seconds
metaTables/vocal_music_demucs_16k/metaData_fma_large/row103260.csv
Execution time: 28.96983814239502 seconds
metaTables/vocal_music_demucs_16k/metaData_fma_large/row103261.csv
Execution time: 29.45370626449585 seconds
metaTables/vocal_music_demucs_16k/metaData_fma_large/row103262.csv
Execution time: 28.120761156082153 seconds
metaTables/vocal_music_demucs_16k/metaData_fma_large/row103263.csv
Execution time: 29.860559701919556 seconds
metaTables/vocal_music_demucs_16k/metaData_fma_large/row103264.csv
Execution time: 29.86488389968872 seconds
metaTables/vocal_music_demucs_16k/metaData_fma_large/row103265.csv
Execution time: 29.10430669784546 seconds
metaTables/vocal_music_demucs_16k/metaData_fma_large/row103266.csv
Execution time: 28.398460626602173 seconds
metaTables/vocal_music_demucs_16k/metaData_fma_large/row103267.csv
Execution time: 29.027236700057983 seconds
metaTables/vocal_music_demucs_16k/metaData_fma_large/row103268.csv
Execution time: 29.503639936447144 seconds
metaTables/vocal_music_demucs_16k/metaData_fma_large/row103269.csv
Execution time: 28.741092205047607 seconds
metaTables/vocal_music_demucs_16k/metaData_fma_large/row103270.csv
Execution time: 28.1562237739563 seconds
metaTables/vocal_music_demucs_16k/metaData_fma_large/row103271.csv
Execution time: 28.97544574737549 seconds
metaTables/vocal_music_demucs_16k/metaData_fma_large/row103272.csv
Execution time: 28.86180067062378 seconds
metaTables/vocal_music_demucs_16k/metaData_fma_large/row103273.csv
Execution time: 29.708783864974976 seconds
metaTables/vocal_music_demucs_16k/metaData_fma_large/row103274.csv
Execution time: 29.043181657791138 seconds
metaTables/vocal_music_demucs_16k/metaData_fma_large/row103275.csv
Execution time: 28.72951602935791 seconds
metaTables/vocal_music_demucs_16k/metaData_fma_large/row103276.csv
Execution time: 28.687451124191284 seconds
metaTables/vocal_music_demucs_16k/metaData_fma_large/row103277.csv
Execution time: 29.436429262161255 seconds
metaTables/vocal_music_demucs_16k/metaData_fma_large/row103278.csv
Execution time: 29.827302932739258 seconds
metaTables/vocal_music_demucs_16k/metaData_fma_large/row103279.csv
Execution time: 29.085906505584717 seconds
metaTables/vocal_music_demucs_16k/metaData_fma_large/row103280.csv
Execution time: 28.035344123840332 seconds
metaTables/vocal_music_demucs_16k/metaData_fma_large/row103281.csv
Execution time: 28.984886169433594 seconds
metaTables/vocal_music_demucs_16k/metaData_fma_large/row103282.csv
Execution time: 28.655677318572998 seconds
metaTables/vocal_music_demucs_16k/metaData_fma_large/row103283.csv
Execution time: 27.8925199508667 seconds
metaTables/vocal_music_demucs_16k/metaData_fma_large/row103284.csv
Execution time: 28.695416688919067 seconds
metaTables/vocal_music_demucs_16k/metaData_fma_large/row103285.csv
Execution time: 30.067498445510864 seconds
metaTables/vocal_music_demucs_16k/metaData_fma_large/row103286.csv
Execution time: 29.31251811981201 seconds
metaTables/vocal_music_demucs_16k/metaData_fma_large/row103287.csv
Execution time: 28.077573776245117 seconds
metaTables/vocal_music_demucs_16k/metaData_fma_large/row103288.csv
Execution time: 29.120096921920776 seconds
metaTables/vocal_music_demucs_16k/metaData_fma_large/row103289.csv
Execution time: 28.47173810005188 seconds
metaTables/vocal_music_demucs_16k/metaData_fma_large/row103290.csv
Execution time: 28.50551414489746 seconds
metaTables/vocal_music_demucs_16k/metaData_fma_large/row103291.csv
Execution time: 28.866636991500854 seconds
metaTables/vocal_music_demucs_16k/metaData_fma_large/row103292.csv
Execution time: 29.197850465774536 seconds
metaTables/vocal_music_demucs_16k/metaData_fma_large/row103293.csv
Execution time: 27.964616775512695 seconds
metaTables/vocal_music_demucs_16k/metaData_fma_large/row103294.csv
Execution time: 29.17090940475464 seconds
metaTables/vocal_music_demucs_16k/metaData_fma_large/row103295.csv
Execution time: 28.314678192138672 seconds
metaTables/vocal_music_demucs_16k/metaData_fma_large/row103296.csv
Execution time: 27.6794490814209 seconds
metaTables/vocal_music_demucs_16k/metaData_fma_large/row103297.csv
Execution time: 27.30307912826538 seconds
metaTables/vocal_music_demucs_16k/metaData_fma_large/row103298.csv
Execution time: 26.371753454208374 seconds
metaTables/vocal_music_demucs_16k/metaData_fma_large/row103299.csv
Demucs voice recognition done!
