/ext3/demucs/lib/python3.9/site-packages/demucs/api.py:27: UserWarning: TorchAudio's global backend is now deprecated. Please enable distpatcher by setting `TORCHAUDIO_USE_BACKEND_DISPATCHER=1`, and specify backend when calling load/info/save function.
  import torchaudio as ta
2024-05-09 09:20:47.819755: I tensorflow/core/util/port.cc:113] oneDNN custom operations are on. You may see slightly different numerical results due to floating-point round-off errors from different computation orders. To turn them off, set the environment variable `TF_ENABLE_ONEDNN_OPTS=0`.
2024-05-09 09:20:51.079478: E external/local_xla/xla/stream_executor/cuda/cuda_dnn.cc:9261] Unable to register cuDNN factory: Attempting to register factory for plugin cuDNN when one has already been registered
2024-05-09 09:20:51.079523: E external/local_xla/xla/stream_executor/cuda/cuda_fft.cc:607] Unable to register cuFFT factory: Attempting to register factory for plugin cuFFT when one has already been registered
2024-05-09 09:20:51.324694: E external/local_xla/xla/stream_executor/cuda/cuda_blas.cc:1515] Unable to register cuBLAS factory: Attempting to register factory for plugin cuBLAS when one has already been registered
2024-05-09 09:20:51.687745: I tensorflow/core/platform/cpu_feature_guard.cc:182] This TensorFlow binary is optimized to use available CPU instructions in performance-critical operations.
To enable the following instructions: AVX2 AVX512F AVX512_VNNI FMA, in other operations, rebuild TensorFlow with the appropriate compiler flags.
2024-05-09 09:20:54.322817: W tensorflow/compiler/tf2tensorrt/utils/py_utils.cc:38] TF-TRT Warning: Could not find TensorRT
SKIPPING: metaTables/vocal_music_demucs_16k/metaData_fma_large/row12400.csv
SKIPPING: metaTables/vocal_music_demucs_16k/metaData_fma_large/row12401.csv
SKIPPING: metaTables/vocal_music_demucs_16k/metaData_fma_large/row12402.csv
SKIPPING: metaTables/vocal_music_demucs_16k/metaData_fma_large/row12403.csv
SKIPPING: metaTables/vocal_music_demucs_16k/metaData_fma_large/row12404.csv
SKIPPING: metaTables/vocal_music_demucs_16k/metaData_fma_large/row12405.csv
SKIPPING: metaTables/vocal_music_demucs_16k/metaData_fma_large/row12406.csv
SKIPPING: metaTables/vocal_music_demucs_16k/metaData_fma_large/row12407.csv
SKIPPING: metaTables/vocal_music_demucs_16k/metaData_fma_large/row12408.csv
SKIPPING: metaTables/vocal_music_demucs_16k/metaData_fma_large/row12409.csv
SKIPPING: metaTables/vocal_music_demucs_16k/metaData_fma_large/row12410.csv
SKIPPING: metaTables/vocal_music_demucs_16k/metaData_fma_large/row12411.csv
SKIPPING: metaTables/vocal_music_demucs_16k/metaData_fma_large/row12412.csv
SKIPPING: metaTables/vocal_music_demucs_16k/metaData_fma_large/row12413.csv
SKIPPING: metaTables/vocal_music_demucs_16k/metaData_fma_large/row12414.csv
SKIPPING: metaTables/vocal_music_demucs_16k/metaData_fma_large/row12415.csv
SKIPPING: metaTables/vocal_music_demucs_16k/metaData_fma_large/row12416.csv
SKIPPING: metaTables/vocal_music_demucs_16k/metaData_fma_large/row12417.csv
SKIPPING: metaTables/vocal_music_demucs_16k/metaData_fma_large/row12418.csv
SKIPPING: metaTables/vocal_music_demucs_16k/metaData_fma_large/row12419.csv
SKIPPING: metaTables/vocal_music_demucs_16k/metaData_fma_large/row12420.csv
SKIPPING: metaTables/vocal_music_demucs_16k/metaData_fma_large/row12421.csv
SKIPPING: metaTables/vocal_music_demucs_16k/metaData_fma_large/row12422.csv
SKIPPING: metaTables/vocal_music_demucs_16k/metaData_fma_large/row12423.csv
SKIPPING: metaTables/vocal_music_demucs_16k/metaData_fma_large/row12424.csv
SKIPPING: metaTables/vocal_music_demucs_16k/metaData_fma_large/row12425.csv
SKIPPING: metaTables/vocal_music_demucs_16k/metaData_fma_large/row12426.csv
SKIPPING: metaTables/vocal_music_demucs_16k/metaData_fma_large/row12427.csv
SKIPPING: metaTables/vocal_music_demucs_16k/metaData_fma_large/row12428.csv
SKIPPING: metaTables/vocal_music_demucs_16k/metaData_fma_large/row12429.csv
SKIPPING: metaTables/vocal_music_demucs_16k/metaData_fma_large/row12430.csv
SKIPPING: metaTables/vocal_music_demucs_16k/metaData_fma_large/row12431.csv
SKIPPING: metaTables/vocal_music_demucs_16k/metaData_fma_large/row12432.csv
SKIPPING: metaTables/vocal_music_demucs_16k/metaData_fma_large/row12433.csv
SKIPPING: metaTables/vocal_music_demucs_16k/metaData_fma_large/row12434.csv
SKIPPING: metaTables/vocal_music_demucs_16k/metaData_fma_large/row12435.csv
SKIPPING: metaTables/vocal_music_demucs_16k/metaData_fma_large/row12436.csv
SKIPPING: metaTables/vocal_music_demucs_16k/metaData_fma_large/row12437.csv
SKIPPING: metaTables/vocal_music_demucs_16k/metaData_fma_large/row12438.csv
SKIPPING: metaTables/vocal_music_demucs_16k/metaData_fma_large/row12439.csv
SKIPPING: metaTables/vocal_music_demucs_16k/metaData_fma_large/row12440.csv
SKIPPING: metaTables/vocal_music_demucs_16k/metaData_fma_large/row12441.csv
SKIPPING: metaTables/vocal_music_demucs_16k/metaData_fma_large/row12442.csv
SKIPPING: metaTables/vocal_music_demucs_16k/metaData_fma_large/row12443.csv
SKIPPING: metaTables/vocal_music_demucs_16k/metaData_fma_large/row12444.csv
SKIPPING: metaTables/vocal_music_demucs_16k/metaData_fma_large/row12445.csv
SKIPPING: metaTables/vocal_music_demucs_16k/metaData_fma_large/row12446.csv
SKIPPING: metaTables/vocal_music_demucs_16k/metaData_fma_large/row12447.csv
SKIPPING: metaTables/vocal_music_demucs_16k/metaData_fma_large/row12448.csv
SKIPPING: metaTables/vocal_music_demucs_16k/metaData_fma_large/row12449.csv
SKIPPING: metaTables/vocal_music_demucs_16k/metaData_fma_large/row12450.csv
SKIPPING: metaTables/vocal_music_demucs_16k/metaData_fma_large/row12451.csv
SKIPPING: metaTables/vocal_music_demucs_16k/metaData_fma_large/row12452.csv
SKIPPING: metaTables/vocal_music_demucs_16k/metaData_fma_large/row12453.csv
SKIPPING: metaTables/vocal_music_demucs_16k/metaData_fma_large/row12454.csv
SKIPPING: metaTables/vocal_music_demucs_16k/metaData_fma_large/row12455.csv
SKIPPING: metaTables/vocal_music_demucs_16k/metaData_fma_large/row12456.csv
SKIPPING: metaTables/vocal_music_demucs_16k/metaData_fma_large/row12457.csv
SKIPPING: metaTables/vocal_music_demucs_16k/metaData_fma_large/row12458.csv
SKIPPING: metaTables/vocal_music_demucs_16k/metaData_fma_large/row12459.csv
SKIPPING: metaTables/vocal_music_demucs_16k/metaData_fma_large/row12460.csv
SKIPPING: metaTables/vocal_music_demucs_16k/metaData_fma_large/row12461.csv
SKIPPING: metaTables/vocal_music_demucs_16k/metaData_fma_large/row12462.csv
SKIPPING: metaTables/vocal_music_demucs_16k/metaData_fma_large/row12463.csv
SKIPPING: metaTables/vocal_music_demucs_16k/metaData_fma_large/row12464.csv
SKIPPING: metaTables/vocal_music_demucs_16k/metaData_fma_large/row12465.csv
SKIPPING: metaTables/vocal_music_demucs_16k/metaData_fma_large/row12466.csv
SKIPPING: metaTables/vocal_music_demucs_16k/metaData_fma_large/row12467.csv
SKIPPING: metaTables/vocal_music_demucs_16k/metaData_fma_large/row12468.csv
SKIPPING: metaTables/vocal_music_demucs_16k/metaData_fma_large/row12469.csv
SKIPPING: metaTables/vocal_music_demucs_16k/metaData_fma_large/row12470.csv
SKIPPING: metaTables/vocal_music_demucs_16k/metaData_fma_large/row12471.csv
SKIPPING: metaTables/vocal_music_demucs_16k/metaData_fma_large/row12472.csv
SKIPPING: metaTables/vocal_music_demucs_16k/metaData_fma_large/row12473.csv
SKIPPING: metaTables/vocal_music_demucs_16k/metaData_fma_large/row12474.csv
SKIPPING: metaTables/vocal_music_demucs_16k/metaData_fma_large/row12475.csv
SKIPPING: metaTables/vocal_music_demucs_16k/metaData_fma_large/row12476.csv
SKIPPING: metaTables/vocal_music_demucs_16k/metaData_fma_large/row12477.csv
SKIPPING: metaTables/vocal_music_demucs_16k/metaData_fma_large/row12478.csv
SKIPPING: metaTables/vocal_music_demucs_16k/metaData_fma_large/row12479.csv
SKIPPING: metaTables/vocal_music_demucs_16k/metaData_fma_large/row12480.csv
SKIPPING: metaTables/vocal_music_demucs_16k/metaData_fma_large/row12481.csv
SKIPPING: metaTables/vocal_music_demucs_16k/metaData_fma_large/row12482.csv
SKIPPING: metaTables/vocal_music_demucs_16k/metaData_fma_large/row12483.csv
SKIPPING: metaTables/vocal_music_demucs_16k/metaData_fma_large/row12484.csv
SKIPPING: metaTables/vocal_music_demucs_16k/metaData_fma_large/row12485.csv
SKIPPING: metaTables/vocal_music_demucs_16k/metaData_fma_large/row12486.csv
SKIPPING: metaTables/vocal_music_demucs_16k/metaData_fma_large/row12487.csv
SKIPPING: metaTables/vocal_music_demucs_16k/metaData_fma_large/row12488.csv
SKIPPING: metaTables/vocal_music_demucs_16k/metaData_fma_large/row12489.csv
SKIPPING: metaTables/vocal_music_demucs_16k/metaData_fma_large/row12490.csv
SKIPPING: metaTables/vocal_music_demucs_16k/metaData_fma_large/row12491.csv
SKIPPING: metaTables/vocal_music_demucs_16k/metaData_fma_large/row12492.csv
SKIPPING: metaTables/vocal_music_demucs_16k/metaData_fma_large/row12493.csv
SKIPPING: metaTables/vocal_music_demucs_16k/metaData_fma_large/row12494.csv
SKIPPING: metaTables/vocal_music_demucs_16k/metaData_fma_large/row12495.csv
SKIPPING: metaTables/vocal_music_demucs_16k/metaData_fma_large/row12496.csv
SKIPPING: metaTables/vocal_music_demucs_16k/metaData_fma_large/row12497.csv
SKIPPING: metaTables/vocal_music_demucs_16k/metaData_fma_large/row12498.csv
SKIPPING: metaTables/vocal_music_demucs_16k/metaData_fma_large/row12499.csv
Demucs voice recognition done!
