/ext3/demucs/lib/python3.9/site-packages/demucs/api.py:27: UserWarning: TorchAudio's global backend is now deprecated. Please enable distpatcher by setting `TORCHAUDIO_USE_BACKEND_DISPATCHER=1`, and specify backend when calling load/info/save function.
  import torchaudio as ta
2024-05-09 09:20:47.815962: I tensorflow/core/util/port.cc:113] oneDNN custom operations are on. You may see slightly different numerical results due to floating-point round-off errors from different computation orders. To turn them off, set the environment variable `TF_ENABLE_ONEDNN_OPTS=0`.
2024-05-09 09:20:51.097668: E external/local_xla/xla/stream_executor/cuda/cuda_dnn.cc:9261] Unable to register cuDNN factory: Attempting to register factory for plugin cuDNN when one has already been registered
2024-05-09 09:20:51.097716: E external/local_xla/xla/stream_executor/cuda/cuda_fft.cc:607] Unable to register cuFFT factory: Attempting to register factory for plugin cuFFT when one has already been registered
2024-05-09 09:20:51.340874: E external/local_xla/xla/stream_executor/cuda/cuda_blas.cc:1515] Unable to register cuBLAS factory: Attempting to register factory for plugin cuBLAS when one has already been registered
2024-05-09 09:20:51.693529: I tensorflow/core/platform/cpu_feature_guard.cc:182] This TensorFlow binary is optimized to use available CPU instructions in performance-critical operations.
To enable the following instructions: AVX2 AVX512F AVX512_VNNI FMA, in other operations, rebuild TensorFlow with the appropriate compiler flags.
2024-05-09 09:20:54.335939: W tensorflow/compiler/tf2tensorrt/utils/py_utils.cc:38] TF-TRT Warning: Could not find TensorRT
SKIPPING: metaTables/vocal_music_demucs_16k/metaData_fma_large/row7800.csv
SKIPPING: metaTables/vocal_music_demucs_16k/metaData_fma_large/row7801.csv
SKIPPING: metaTables/vocal_music_demucs_16k/metaData_fma_large/row7802.csv
SKIPPING: metaTables/vocal_music_demucs_16k/metaData_fma_large/row7803.csv
SKIPPING: metaTables/vocal_music_demucs_16k/metaData_fma_large/row7804.csv
SKIPPING: metaTables/vocal_music_demucs_16k/metaData_fma_large/row7805.csv
SKIPPING: metaTables/vocal_music_demucs_16k/metaData_fma_large/row7806.csv
SKIPPING: metaTables/vocal_music_demucs_16k/metaData_fma_large/row7807.csv
SKIPPING: metaTables/vocal_music_demucs_16k/metaData_fma_large/row7808.csv
SKIPPING: metaTables/vocal_music_demucs_16k/metaData_fma_large/row7809.csv
SKIPPING: metaTables/vocal_music_demucs_16k/metaData_fma_large/row7810.csv
SKIPPING: metaTables/vocal_music_demucs_16k/metaData_fma_large/row7811.csv
SKIPPING: metaTables/vocal_music_demucs_16k/metaData_fma_large/row7812.csv
SKIPPING: metaTables/vocal_music_demucs_16k/metaData_fma_large/row7813.csv
SKIPPING: metaTables/vocal_music_demucs_16k/metaData_fma_large/row7814.csv
SKIPPING: metaTables/vocal_music_demucs_16k/metaData_fma_large/row7815.csv
SKIPPING: metaTables/vocal_music_demucs_16k/metaData_fma_large/row7816.csv
SKIPPING: metaTables/vocal_music_demucs_16k/metaData_fma_large/row7817.csv
SKIPPING: metaTables/vocal_music_demucs_16k/metaData_fma_large/row7818.csv
SKIPPING: metaTables/vocal_music_demucs_16k/metaData_fma_large/row7819.csv
SKIPPING: metaTables/vocal_music_demucs_16k/metaData_fma_large/row7820.csv
SKIPPING: metaTables/vocal_music_demucs_16k/metaData_fma_large/row7821.csv
SKIPPING: metaTables/vocal_music_demucs_16k/metaData_fma_large/row7822.csv
SKIPPING: metaTables/vocal_music_demucs_16k/metaData_fma_large/row7823.csv
SKIPPING: metaTables/vocal_music_demucs_16k/metaData_fma_large/row7824.csv
SKIPPING: metaTables/vocal_music_demucs_16k/metaData_fma_large/row7825.csv
SKIPPING: metaTables/vocal_music_demucs_16k/metaData_fma_large/row7826.csv
SKIPPING: metaTables/vocal_music_demucs_16k/metaData_fma_large/row7827.csv
SKIPPING: metaTables/vocal_music_demucs_16k/metaData_fma_large/row7828.csv
SKIPPING: metaTables/vocal_music_demucs_16k/metaData_fma_large/row7829.csv
SKIPPING: metaTables/vocal_music_demucs_16k/metaData_fma_large/row7830.csv
SKIPPING: metaTables/vocal_music_demucs_16k/metaData_fma_large/row7831.csv
SKIPPING: metaTables/vocal_music_demucs_16k/metaData_fma_large/row7832.csv
SKIPPING: metaTables/vocal_music_demucs_16k/metaData_fma_large/row7833.csv
SKIPPING: metaTables/vocal_music_demucs_16k/metaData_fma_large/row7834.csv
SKIPPING: metaTables/vocal_music_demucs_16k/metaData_fma_large/row7835.csv
SKIPPING: metaTables/vocal_music_demucs_16k/metaData_fma_large/row7836.csv
SKIPPING: metaTables/vocal_music_demucs_16k/metaData_fma_large/row7837.csv
SKIPPING: metaTables/vocal_music_demucs_16k/metaData_fma_large/row7838.csv
SKIPPING: metaTables/vocal_music_demucs_16k/metaData_fma_large/row7839.csv
SKIPPING: metaTables/vocal_music_demucs_16k/metaData_fma_large/row7840.csv
SKIPPING: metaTables/vocal_music_demucs_16k/metaData_fma_large/row7841.csv
SKIPPING: metaTables/vocal_music_demucs_16k/metaData_fma_large/row7842.csv
SKIPPING: metaTables/vocal_music_demucs_16k/metaData_fma_large/row7843.csv
SKIPPING: metaTables/vocal_music_demucs_16k/metaData_fma_large/row7844.csv
SKIPPING: metaTables/vocal_music_demucs_16k/metaData_fma_large/row7845.csv
SKIPPING: metaTables/vocal_music_demucs_16k/metaData_fma_large/row7846.csv
SKIPPING: metaTables/vocal_music_demucs_16k/metaData_fma_large/row7847.csv
SKIPPING: metaTables/vocal_music_demucs_16k/metaData_fma_large/row7848.csv
SKIPPING: metaTables/vocal_music_demucs_16k/metaData_fma_large/row7849.csv
SKIPPING: metaTables/vocal_music_demucs_16k/metaData_fma_large/row7850.csv
SKIPPING: metaTables/vocal_music_demucs_16k/metaData_fma_large/row7851.csv
SKIPPING: metaTables/vocal_music_demucs_16k/metaData_fma_large/row7852.csv
SKIPPING: metaTables/vocal_music_demucs_16k/metaData_fma_large/row7853.csv
SKIPPING: metaTables/vocal_music_demucs_16k/metaData_fma_large/row7854.csv
SKIPPING: metaTables/vocal_music_demucs_16k/metaData_fma_large/row7855.csv
SKIPPING: metaTables/vocal_music_demucs_16k/metaData_fma_large/row7856.csv
SKIPPING: metaTables/vocal_music_demucs_16k/metaData_fma_large/row7857.csv
SKIPPING: metaTables/vocal_music_demucs_16k/metaData_fma_large/row7858.csv
SKIPPING: metaTables/vocal_music_demucs_16k/metaData_fma_large/row7859.csv
SKIPPING: metaTables/vocal_music_demucs_16k/metaData_fma_large/row7860.csv
SKIPPING: metaTables/vocal_music_demucs_16k/metaData_fma_large/row7861.csv
SKIPPING: metaTables/vocal_music_demucs_16k/metaData_fma_large/row7862.csv
SKIPPING: metaTables/vocal_music_demucs_16k/metaData_fma_large/row7863.csv
SKIPPING: metaTables/vocal_music_demucs_16k/metaData_fma_large/row7864.csv
SKIPPING: metaTables/vocal_music_demucs_16k/metaData_fma_large/row7865.csv
SKIPPING: metaTables/vocal_music_demucs_16k/metaData_fma_large/row7866.csv
SKIPPING: metaTables/vocal_music_demucs_16k/metaData_fma_large/row7867.csv
SKIPPING: metaTables/vocal_music_demucs_16k/metaData_fma_large/row7868.csv
SKIPPING: metaTables/vocal_music_demucs_16k/metaData_fma_large/row7869.csv
SKIPPING: metaTables/vocal_music_demucs_16k/metaData_fma_large/row7870.csv
SKIPPING: metaTables/vocal_music_demucs_16k/metaData_fma_large/row7871.csv
SKIPPING: metaTables/vocal_music_demucs_16k/metaData_fma_large/row7872.csv
SKIPPING: metaTables/vocal_music_demucs_16k/metaData_fma_large/row7873.csv
SKIPPING: metaTables/vocal_music_demucs_16k/metaData_fma_large/row7874.csv
SKIPPING: metaTables/vocal_music_demucs_16k/metaData_fma_large/row7875.csv
SKIPPING: metaTables/vocal_music_demucs_16k/metaData_fma_large/row7876.csv
SKIPPING: metaTables/vocal_music_demucs_16k/metaData_fma_large/row7877.csv
SKIPPING: metaTables/vocal_music_demucs_16k/metaData_fma_large/row7878.csv
SKIPPING: metaTables/vocal_music_demucs_16k/metaData_fma_large/row7879.csv
SKIPPING: metaTables/vocal_music_demucs_16k/metaData_fma_large/row7880.csv
SKIPPING: metaTables/vocal_music_demucs_16k/metaData_fma_large/row7881.csv
SKIPPING: metaTables/vocal_music_demucs_16k/metaData_fma_large/row7882.csv
SKIPPING: metaTables/vocal_music_demucs_16k/metaData_fma_large/row7883.csv
SKIPPING: metaTables/vocal_music_demucs_16k/metaData_fma_large/row7884.csv
SKIPPING: metaTables/vocal_music_demucs_16k/metaData_fma_large/row7885.csv
SKIPPING: metaTables/vocal_music_demucs_16k/metaData_fma_large/row7886.csv
SKIPPING: metaTables/vocal_music_demucs_16k/metaData_fma_large/row7887.csv
SKIPPING: metaTables/vocal_music_demucs_16k/metaData_fma_large/row7888.csv
SKIPPING: metaTables/vocal_music_demucs_16k/metaData_fma_large/row7889.csv
SKIPPING: metaTables/vocal_music_demucs_16k/metaData_fma_large/row7890.csv
SKIPPING: metaTables/vocal_music_demucs_16k/metaData_fma_large/row7891.csv
SKIPPING: metaTables/vocal_music_demucs_16k/metaData_fma_large/row7892.csv
SKIPPING: metaTables/vocal_music_demucs_16k/metaData_fma_large/row7893.csv
SKIPPING: metaTables/vocal_music_demucs_16k/metaData_fma_large/row7894.csv
SKIPPING: metaTables/vocal_music_demucs_16k/metaData_fma_large/row7895.csv
SKIPPING: metaTables/vocal_music_demucs_16k/metaData_fma_large/row7896.csv
SKIPPING: metaTables/vocal_music_demucs_16k/metaData_fma_large/row7897.csv
SKIPPING: metaTables/vocal_music_demucs_16k/metaData_fma_large/row7898.csv
SKIPPING: metaTables/vocal_music_demucs_16k/metaData_fma_large/row7899.csv
Demucs voice recognition done!
