/ext3/demucs/lib/python3.9/site-packages/demucs/api.py:27: UserWarning: TorchAudio's global backend is now deprecated. Please enable distpatcher by setting `TORCHAUDIO_USE_BACKEND_DISPATCHER=1`, and specify backend when calling load/info/save function.
  import torchaudio as ta
2024-05-10 01:29:24.730615: I tensorflow/core/util/port.cc:113] oneDNN custom operations are on. You may see slightly different numerical results due to floating-point round-off errors from different computation orders. To turn them off, set the environment variable `TF_ENABLE_ONEDNN_OPTS=0`.
2024-05-10 01:29:25.049974: E external/local_xla/xla/stream_executor/cuda/cuda_dnn.cc:9261] Unable to register cuDNN factory: Attempting to register factory for plugin cuDNN when one has already been registered
2024-05-10 01:29:25.050025: E external/local_xla/xla/stream_executor/cuda/cuda_fft.cc:607] Unable to register cuFFT factory: Attempting to register factory for plugin cuFFT when one has already been registered
2024-05-10 01:29:25.107269: E external/local_xla/xla/stream_executor/cuda/cuda_blas.cc:1515] Unable to register cuBLAS factory: Attempting to register factory for plugin cuBLAS when one has already been registered
2024-05-10 01:29:25.212922: I tensorflow/core/platform/cpu_feature_guard.cc:182] This TensorFlow binary is optimized to use available CPU instructions in performance-critical operations.
To enable the following instructions: AVX2 AVX512F AVX512_VNNI FMA, in other operations, rebuild TensorFlow with the appropriate compiler flags.
2024-05-10 01:29:26.130332: W tensorflow/compiler/tf2tensorrt/utils/py_utils.cc:38] TF-TRT Warning: Could not find TensorRT
SKIPPING: metaTables/vocal_music_demucs_16k/metaData_fma_large/row54400.csv
SKIPPING: metaTables/vocal_music_demucs_16k/metaData_fma_large/row54401.csv
SKIPPING: metaTables/vocal_music_demucs_16k/metaData_fma_large/row54402.csv
SKIPPING: metaTables/vocal_music_demucs_16k/metaData_fma_large/row54403.csv
SKIPPING: metaTables/vocal_music_demucs_16k/metaData_fma_large/row54404.csv
SKIPPING: metaTables/vocal_music_demucs_16k/metaData_fma_large/row54405.csv
SKIPPING: metaTables/vocal_music_demucs_16k/metaData_fma_large/row54406.csv
SKIPPING: metaTables/vocal_music_demucs_16k/metaData_fma_large/row54407.csv
SKIPPING: metaTables/vocal_music_demucs_16k/metaData_fma_large/row54408.csv
SKIPPING: metaTables/vocal_music_demucs_16k/metaData_fma_large/row54409.csv
SKIPPING: metaTables/vocal_music_demucs_16k/metaData_fma_large/row54410.csv
SKIPPING: metaTables/vocal_music_demucs_16k/metaData_fma_large/row54411.csv
Execution time: 21.5859797000885 seconds
metaTables/vocal_music_demucs_16k/metaData_fma_large/row54412.csv
Execution time: 29.712829113006592 seconds
metaTables/vocal_music_demucs_16k/metaData_fma_large/row54413.csv
Execution time: 29.53207802772522 seconds
metaTables/vocal_music_demucs_16k/metaData_fma_large/row54414.csv
Execution time: 29.15195918083191 seconds
metaTables/vocal_music_demucs_16k/metaData_fma_large/row54415.csv
Execution time: 28.479880332946777 seconds
metaTables/vocal_music_demucs_16k/metaData_fma_large/row54416.csv
Execution time: 29.522979974746704 seconds
metaTables/vocal_music_demucs_16k/metaData_fma_large/row54417.csv
Execution time: 28.898340940475464 seconds
metaTables/vocal_music_demucs_16k/metaData_fma_large/row54418.csv
Execution time: 28.01095676422119 seconds
metaTables/vocal_music_demucs_16k/metaData_fma_large/row54419.csv
Execution time: 28.164934873580933 seconds
metaTables/vocal_music_demucs_16k/metaData_fma_large/row54420.csv
Execution time: 26.80593466758728 seconds
metaTables/vocal_music_demucs_16k/metaData_fma_large/row54421.csv
Execution time: 28.636258363723755 seconds
metaTables/vocal_music_demucs_16k/metaData_fma_large/row54422.csv
Execution time: 28.190943956375122 seconds
metaTables/vocal_music_demucs_16k/metaData_fma_large/row54423.csv
Execution time: 27.933520793914795 seconds
metaTables/vocal_music_demucs_16k/metaData_fma_large/row54424.csv
Execution time: 28.87391185760498 seconds
metaTables/vocal_music_demucs_16k/metaData_fma_large/row54425.csv
Execution time: 28.177547454833984 seconds
metaTables/vocal_music_demucs_16k/metaData_fma_large/row54426.csv
Execution time: 27.795387983322144 seconds
metaTables/vocal_music_demucs_16k/metaData_fma_large/row54427.csv
Execution time: 28.668305158615112 seconds
metaTables/vocal_music_demucs_16k/metaData_fma_large/row54428.csv
Execution time: 27.542832374572754 seconds
metaTables/vocal_music_demucs_16k/metaData_fma_large/row54429.csv
Execution time: 28.71960735321045 seconds
metaTables/vocal_music_demucs_16k/metaData_fma_large/row54430.csv
Execution time: 28.138299226760864 seconds
metaTables/vocal_music_demucs_16k/metaData_fma_large/row54431.csv
Execution time: 29.824899196624756 seconds
metaTables/vocal_music_demucs_16k/metaData_fma_large/row54432.csv
Execution time: 28.619075536727905 seconds
metaTables/vocal_music_demucs_16k/metaData_fma_large/row54433.csv
Execution time: 29.742106437683105 seconds
metaTables/vocal_music_demucs_16k/metaData_fma_large/row54434.csv
Execution time: 29.06369185447693 seconds
metaTables/vocal_music_demucs_16k/metaData_fma_large/row54435.csv
Execution time: 29.109667539596558 seconds
metaTables/vocal_music_demucs_16k/metaData_fma_large/row54436.csv
Execution time: 28.29101037979126 seconds
metaTables/vocal_music_demucs_16k/metaData_fma_large/row54437.csv
Execution time: 27.588632822036743 seconds
metaTables/vocal_music_demucs_16k/metaData_fma_large/row54438.csv
Execution time: 29.30001401901245 seconds
metaTables/vocal_music_demucs_16k/metaData_fma_large/row54439.csv
Execution time: 27.9911150932312 seconds
metaTables/vocal_music_demucs_16k/metaData_fma_large/row54440.csv
Execution time: 28.87270760536194 seconds
metaTables/vocal_music_demucs_16k/metaData_fma_large/row54441.csv
Execution time: 28.83030343055725 seconds
metaTables/vocal_music_demucs_16k/metaData_fma_large/row54442.csv
Execution time: 27.63355565071106 seconds
metaTables/vocal_music_demucs_16k/metaData_fma_large/row54443.csv
Execution time: 29.471696376800537 seconds
metaTables/vocal_music_demucs_16k/metaData_fma_large/row54444.csv
Execution time: 27.98865509033203 seconds
metaTables/vocal_music_demucs_16k/metaData_fma_large/row54445.csv
Execution time: 28.045450925827026 seconds
metaTables/vocal_music_demucs_16k/metaData_fma_large/row54446.csv
Execution time: 28.667574644088745 seconds
metaTables/vocal_music_demucs_16k/metaData_fma_large/row54447.csv
Execution time: 28.08916711807251 seconds
metaTables/vocal_music_demucs_16k/metaData_fma_large/row54448.csv
Execution time: 26.77690052986145 seconds
metaTables/vocal_music_demucs_16k/metaData_fma_large/row54449.csv
Execution time: 28.61420774459839 seconds
metaTables/vocal_music_demucs_16k/metaData_fma_large/row54450.csv
Execution time: 27.909714221954346 seconds
metaTables/vocal_music_demucs_16k/metaData_fma_large/row54451.csv
Execution time: 29.437771320343018 seconds
metaTables/vocal_music_demucs_16k/metaData_fma_large/row54452.csv
Execution time: 28.37551760673523 seconds
metaTables/vocal_music_demucs_16k/metaData_fma_large/row54453.csv
Execution time: 28.298124313354492 seconds
metaTables/vocal_music_demucs_16k/metaData_fma_large/row54454.csv
Execution time: 28.517143726348877 seconds
metaTables/vocal_music_demucs_16k/metaData_fma_large/row54455.csv
Execution time: 28.264844179153442 seconds
metaTables/vocal_music_demucs_16k/metaData_fma_large/row54456.csv
Execution time: 28.256353855133057 seconds
metaTables/vocal_music_demucs_16k/metaData_fma_large/row54457.csv
Execution time: 27.632423162460327 seconds
metaTables/vocal_music_demucs_16k/metaData_fma_large/row54458.csv
Execution time: 29.01192855834961 seconds
metaTables/vocal_music_demucs_16k/metaData_fma_large/row54459.csv
Execution time: 28.091191053390503 seconds
metaTables/vocal_music_demucs_16k/metaData_fma_large/row54460.csv
Execution time: 28.933396339416504 seconds
metaTables/vocal_music_demucs_16k/metaData_fma_large/row54461.csv
Execution time: 28.388561725616455 seconds
metaTables/vocal_music_demucs_16k/metaData_fma_large/row54462.csv
Execution time: 28.9796245098114 seconds
metaTables/vocal_music_demucs_16k/metaData_fma_large/row54463.csv
Execution time: 28.871598720550537 seconds
metaTables/vocal_music_demucs_16k/metaData_fma_large/row54464.csv
Execution time: 27.055473566055298 seconds
metaTables/vocal_music_demucs_16k/metaData_fma_large/row54465.csv
Execution time: 28.042830228805542 seconds
metaTables/vocal_music_demucs_16k/metaData_fma_large/row54466.csv
Execution time: 27.78302526473999 seconds
metaTables/vocal_music_demucs_16k/metaData_fma_large/row54467.csv
Execution time: 28.448845624923706 seconds
metaTables/vocal_music_demucs_16k/metaData_fma_large/row54468.csv
Execution time: 29.749605655670166 seconds
metaTables/vocal_music_demucs_16k/metaData_fma_large/row54469.csv
Execution time: 29.549673795700073 seconds
metaTables/vocal_music_demucs_16k/metaData_fma_large/row54470.csv
Execution time: 28.579577922821045 seconds
metaTables/vocal_music_demucs_16k/metaData_fma_large/row54471.csv
Execution time: 28.380313396453857 seconds
metaTables/vocal_music_demucs_16k/metaData_fma_large/row54472.csv
Execution time: 29.0077121257782 seconds
metaTables/vocal_music_demucs_16k/metaData_fma_large/row54473.csv
Execution time: 28.917523860931396 seconds
metaTables/vocal_music_demucs_16k/metaData_fma_large/row54474.csv
Execution time: 28.32568073272705 seconds
metaTables/vocal_music_demucs_16k/metaData_fma_large/row54475.csv
Execution time: 28.280969381332397 seconds
metaTables/vocal_music_demucs_16k/metaData_fma_large/row54476.csv
Execution time: 28.6268572807312 seconds
metaTables/vocal_music_demucs_16k/metaData_fma_large/row54477.csv
Execution time: 28.013512134552002 seconds
metaTables/vocal_music_demucs_16k/metaData_fma_large/row54478.csv
Execution time: 28.03517484664917 seconds
metaTables/vocal_music_demucs_16k/metaData_fma_large/row54479.csv
Execution time: 29.884732961654663 seconds
metaTables/vocal_music_demucs_16k/metaData_fma_large/row54480.csv
Execution time: 28.636263847351074 seconds
metaTables/vocal_music_demucs_16k/metaData_fma_large/row54481.csv
Execution time: 28.219168186187744 seconds
metaTables/vocal_music_demucs_16k/metaData_fma_large/row54482.csv
Execution time: 27.525713205337524 seconds
metaTables/vocal_music_demucs_16k/metaData_fma_large/row54483.csv
Execution time: 28.341129541397095 seconds
metaTables/vocal_music_demucs_16k/metaData_fma_large/row54484.csv
Execution time: 28.081814289093018 seconds
metaTables/vocal_music_demucs_16k/metaData_fma_large/row54485.csv
Execution time: 28.817315578460693 seconds
metaTables/vocal_music_demucs_16k/metaData_fma_large/row54486.csv
Execution time: 28.915525197982788 seconds
metaTables/vocal_music_demucs_16k/metaData_fma_large/row54487.csv
Execution time: 28.01179051399231 seconds
metaTables/vocal_music_demucs_16k/metaData_fma_large/row54488.csv
Execution time: 27.23210906982422 seconds
metaTables/vocal_music_demucs_16k/metaData_fma_large/row54489.csv
Execution time: 28.156331300735474 seconds
metaTables/vocal_music_demucs_16k/metaData_fma_large/row54490.csv
Execution time: 28.04202699661255 seconds
metaTables/vocal_music_demucs_16k/metaData_fma_large/row54491.csv
Execution time: 27.442455053329468 seconds
metaTables/vocal_music_demucs_16k/metaData_fma_large/row54492.csv
Execution time: 28.816993713378906 seconds
metaTables/vocal_music_demucs_16k/metaData_fma_large/row54493.csv
Execution time: 29.640143394470215 seconds
metaTables/vocal_music_demucs_16k/metaData_fma_large/row54494.csv
Execution time: 28.296085119247437 seconds
metaTables/vocal_music_demucs_16k/metaData_fma_large/row54495.csv
Execution time: 28.852966785430908 seconds
metaTables/vocal_music_demucs_16k/metaData_fma_large/row54496.csv
Execution time: 29.392765522003174 seconds
metaTables/vocal_music_demucs_16k/metaData_fma_large/row54497.csv
Execution time: 26.190072059631348 seconds
metaTables/vocal_music_demucs_16k/metaData_fma_large/row54498.csv
Execution time: 25.452484846115112 seconds
metaTables/vocal_music_demucs_16k/metaData_fma_large/row54499.csv
Demucs voice recognition done!
