/ext3/demucs/lib/python3.9/site-packages/demucs/api.py:27: UserWarning: TorchAudio's global backend is now deprecated. Please enable distpatcher by setting `TORCHAUDIO_USE_BACKEND_DISPATCHER=1`, and specify backend when calling load/info/save function.
  import torchaudio as ta
2024-05-10 01:28:23.110441: I tensorflow/core/util/port.cc:113] oneDNN custom operations are on. You may see slightly different numerical results due to floating-point round-off errors from different computation orders. To turn them off, set the environment variable `TF_ENABLE_ONEDNN_OPTS=0`.
2024-05-10 01:28:23.460518: E external/local_xla/xla/stream_executor/cuda/cuda_dnn.cc:9261] Unable to register cuDNN factory: Attempting to register factory for plugin cuDNN when one has already been registered
2024-05-10 01:28:23.460656: E external/local_xla/xla/stream_executor/cuda/cuda_fft.cc:607] Unable to register cuFFT factory: Attempting to register factory for plugin cuFFT when one has already been registered
2024-05-10 01:28:23.480406: E external/local_xla/xla/stream_executor/cuda/cuda_blas.cc:1515] Unable to register cuBLAS factory: Attempting to register factory for plugin cuBLAS when one has already been registered
2024-05-10 01:28:23.647051: I tensorflow/core/platform/cpu_feature_guard.cc:182] This TensorFlow binary is optimized to use available CPU instructions in performance-critical operations.
To enable the following instructions: AVX2 AVX512F AVX512_VNNI FMA, in other operations, rebuild TensorFlow with the appropriate compiler flags.
2024-05-10 01:28:24.629988: W tensorflow/compiler/tf2tensorrt/utils/py_utils.cc:38] TF-TRT Warning: Could not find TensorRT
SKIPPING: metaTables/vocal_music_demucs_16k/metaData_fma_large/row51800.csv
SKIPPING: metaTables/vocal_music_demucs_16k/metaData_fma_large/row51801.csv
SKIPPING: metaTables/vocal_music_demucs_16k/metaData_fma_large/row51802.csv
SKIPPING: metaTables/vocal_music_demucs_16k/metaData_fma_large/row51803.csv
SKIPPING: metaTables/vocal_music_demucs_16k/metaData_fma_large/row51804.csv
SKIPPING: metaTables/vocal_music_demucs_16k/metaData_fma_large/row51805.csv
SKIPPING: metaTables/vocal_music_demucs_16k/metaData_fma_large/row51806.csv
SKIPPING: metaTables/vocal_music_demucs_16k/metaData_fma_large/row51807.csv
SKIPPING: metaTables/vocal_music_demucs_16k/metaData_fma_large/row51808.csv
SKIPPING: metaTables/vocal_music_demucs_16k/metaData_fma_large/row51809.csv
SKIPPING: metaTables/vocal_music_demucs_16k/metaData_fma_large/row51810.csv
SKIPPING: metaTables/vocal_music_demucs_16k/metaData_fma_large/row51811.csv
SKIPPING: metaTables/vocal_music_demucs_16k/metaData_fma_large/row51812.csv
SKIPPING: metaTables/vocal_music_demucs_16k/metaData_fma_large/row51813.csv
Execution time: 28.377110242843628 seconds
metaTables/vocal_music_demucs_16k/metaData_fma_large/row51814.csv
Execution time: 25.497029542922974 seconds
metaTables/vocal_music_demucs_16k/metaData_fma_large/row51815.csv
Execution time: 25.639664888381958 seconds
metaTables/vocal_music_demucs_16k/metaData_fma_large/row51816.csv
Execution time: 25.055229902267456 seconds
metaTables/vocal_music_demucs_16k/metaData_fma_large/row51817.csv
Execution time: 25.24780797958374 seconds
metaTables/vocal_music_demucs_16k/metaData_fma_large/row51818.csv
Execution time: 25.30764389038086 seconds
metaTables/vocal_music_demucs_16k/metaData_fma_large/row51819.csv
Execution time: 25.780421018600464 seconds
metaTables/vocal_music_demucs_16k/metaData_fma_large/row51820.csv
Execution time: 25.90136742591858 seconds
metaTables/vocal_music_demucs_16k/metaData_fma_large/row51821.csv
Execution time: 25.72177243232727 seconds
metaTables/vocal_music_demucs_16k/metaData_fma_large/row51822.csv
Execution time: 25.289793491363525 seconds
metaTables/vocal_music_demucs_16k/metaData_fma_large/row51823.csv
Execution time: 8.771243810653687 seconds
metaTables/vocal_music_demucs_16k/metaData_fma_large/row51824.csv
Execution time: 25.492040157318115 seconds
metaTables/vocal_music_demucs_16k/metaData_fma_large/row51825.csv
Execution time: 25.717520236968994 seconds
metaTables/vocal_music_demucs_16k/metaData_fma_large/row51826.csv
Execution time: 25.416653394699097 seconds
metaTables/vocal_music_demucs_16k/metaData_fma_large/row51827.csv
Execution time: 25.701342821121216 seconds
metaTables/vocal_music_demucs_16k/metaData_fma_large/row51828.csv
Execution time: 26.007633209228516 seconds
metaTables/vocal_music_demucs_16k/metaData_fma_large/row51829.csv
Execution time: 25.24880313873291 seconds
metaTables/vocal_music_demucs_16k/metaData_fma_large/row51830.csv
Execution time: 26.03828454017639 seconds
metaTables/vocal_music_demucs_16k/metaData_fma_large/row51831.csv
Execution time: 26.0840163230896 seconds
metaTables/vocal_music_demucs_16k/metaData_fma_large/row51832.csv
Execution time: 25.019565105438232 seconds
metaTables/vocal_music_demucs_16k/metaData_fma_large/row51833.csv
Execution time: 26.902984142303467 seconds
metaTables/vocal_music_demucs_16k/metaData_fma_large/row51834.csv
Execution time: 25.680747270584106 seconds
metaTables/vocal_music_demucs_16k/metaData_fma_large/row51835.csv
Execution time: 25.690715551376343 seconds
metaTables/vocal_music_demucs_16k/metaData_fma_large/row51836.csv
Execution time: 27.636136770248413 seconds
metaTables/vocal_music_demucs_16k/metaData_fma_large/row51837.csv
Execution time: 26.066430807113647 seconds
metaTables/vocal_music_demucs_16k/metaData_fma_large/row51838.csv
Execution time: 25.895668506622314 seconds
metaTables/vocal_music_demucs_16k/metaData_fma_large/row51839.csv
Execution time: 26.490135669708252 seconds
metaTables/vocal_music_demucs_16k/metaData_fma_large/row51840.csv
Execution time: 24.727956771850586 seconds
metaTables/vocal_music_demucs_16k/metaData_fma_large/row51841.csv
Execution time: 27.19777202606201 seconds
metaTables/vocal_music_demucs_16k/metaData_fma_large/row51842.csv
Execution time: 25.377986669540405 seconds
metaTables/vocal_music_demucs_16k/metaData_fma_large/row51843.csv
Execution time: 26.073582887649536 seconds
metaTables/vocal_music_demucs_16k/metaData_fma_large/row51844.csv
Execution time: 26.010265588760376 seconds
metaTables/vocal_music_demucs_16k/metaData_fma_large/row51845.csv
Execution time: 27.085768222808838 seconds
metaTables/vocal_music_demucs_16k/metaData_fma_large/row51846.csv
Execution time: 25.977702379226685 seconds
metaTables/vocal_music_demucs_16k/metaData_fma_large/row51847.csv
Execution time: 25.497339487075806 seconds
metaTables/vocal_music_demucs_16k/metaData_fma_large/row51848.csv
Execution time: 24.29956293106079 seconds
metaTables/vocal_music_demucs_16k/metaData_fma_large/row51849.csv
Execution time: 24.915307998657227 seconds
metaTables/vocal_music_demucs_16k/metaData_fma_large/row51850.csv
Execution time: 25.999708652496338 seconds
metaTables/vocal_music_demucs_16k/metaData_fma_large/row51851.csv
Execution time: 25.50359797477722 seconds
metaTables/vocal_music_demucs_16k/metaData_fma_large/row51852.csv
Execution time: 26.031511783599854 seconds
metaTables/vocal_music_demucs_16k/metaData_fma_large/row51853.csv
Execution time: 24.84186029434204 seconds
metaTables/vocal_music_demucs_16k/metaData_fma_large/row51854.csv
Execution time: 26.47286105155945 seconds
metaTables/vocal_music_demucs_16k/metaData_fma_large/row51855.csv
Execution time: 25.82663369178772 seconds
metaTables/vocal_music_demucs_16k/metaData_fma_large/row51856.csv
Execution time: 26.615315675735474 seconds
metaTables/vocal_music_demucs_16k/metaData_fma_large/row51857.csv
Execution time: 26.749351263046265 seconds
metaTables/vocal_music_demucs_16k/metaData_fma_large/row51858.csv
Execution time: 25.60312247276306 seconds
metaTables/vocal_music_demucs_16k/metaData_fma_large/row51859.csv
Execution time: 26.595985412597656 seconds
metaTables/vocal_music_demucs_16k/metaData_fma_large/row51860.csv
Execution time: 25.27666997909546 seconds
metaTables/vocal_music_demucs_16k/metaData_fma_large/row51861.csv
Execution time: 24.938189268112183 seconds
metaTables/vocal_music_demucs_16k/metaData_fma_large/row51862.csv
Execution time: 26.20115089416504 seconds
metaTables/vocal_music_demucs_16k/metaData_fma_large/row51863.csv
Execution time: 8.453830242156982 seconds
metaTables/vocal_music_demucs_16k/metaData_fma_large/row51864.csv
Execution time: 25.78324794769287 seconds
metaTables/vocal_music_demucs_16k/metaData_fma_large/row51865.csv
Execution time: 24.796947479248047 seconds
metaTables/vocal_music_demucs_16k/metaData_fma_large/row51866.csv
Execution time: 25.774507522583008 seconds
metaTables/vocal_music_demucs_16k/metaData_fma_large/row51867.csv
Execution time: 26.070852518081665 seconds
metaTables/vocal_music_demucs_16k/metaData_fma_large/row51868.csv
Execution time: 25.448482513427734 seconds
metaTables/vocal_music_demucs_16k/metaData_fma_large/row51869.csv
Execution time: 25.70808243751526 seconds
metaTables/vocal_music_demucs_16k/metaData_fma_large/row51870.csv
Execution time: 26.457104444503784 seconds
metaTables/vocal_music_demucs_16k/metaData_fma_large/row51871.csv
Execution time: 26.066072463989258 seconds
metaTables/vocal_music_demucs_16k/metaData_fma_large/row51872.csv
Execution time: 24.767439365386963 seconds
metaTables/vocal_music_demucs_16k/metaData_fma_large/row51873.csv
Execution time: 25.76338839530945 seconds
metaTables/vocal_music_demucs_16k/metaData_fma_large/row51874.csv
Execution time: 26.572183847427368 seconds
metaTables/vocal_music_demucs_16k/metaData_fma_large/row51875.csv
Execution time: 25.481813192367554 seconds
metaTables/vocal_music_demucs_16k/metaData_fma_large/row51876.csv
Execution time: 25.42643666267395 seconds
metaTables/vocal_music_demucs_16k/metaData_fma_large/row51877.csv
Execution time: 25.5644953250885 seconds
metaTables/vocal_music_demucs_16k/metaData_fma_large/row51878.csv
Execution time: 25.453011512756348 seconds
metaTables/vocal_music_demucs_16k/metaData_fma_large/row51879.csv
Execution time: 25.689815282821655 seconds
metaTables/vocal_music_demucs_16k/metaData_fma_large/row51880.csv
Execution time: 25.874748706817627 seconds
metaTables/vocal_music_demucs_16k/metaData_fma_large/row51881.csv
Execution time: 24.93934178352356 seconds
metaTables/vocal_music_demucs_16k/metaData_fma_large/row51882.csv
Execution time: 24.731245279312134 seconds
metaTables/vocal_music_demucs_16k/metaData_fma_large/row51883.csv
Execution time: 25.669875860214233 seconds
metaTables/vocal_music_demucs_16k/metaData_fma_large/row51884.csv
Execution time: 25.410728931427002 seconds
metaTables/vocal_music_demucs_16k/metaData_fma_large/row51885.csv
Execution time: 27.72413182258606 seconds
metaTables/vocal_music_demucs_16k/metaData_fma_large/row51886.csv
Execution time: 25.42903470993042 seconds
metaTables/vocal_music_demucs_16k/metaData_fma_large/row51887.csv
Execution time: 27.773216724395752 seconds
metaTables/vocal_music_demucs_16k/metaData_fma_large/row51888.csv
Execution time: 25.106611728668213 seconds
metaTables/vocal_music_demucs_16k/metaData_fma_large/row51889.csv
Execution time: 26.259125232696533 seconds
metaTables/vocal_music_demucs_16k/metaData_fma_large/row51890.csv
Execution time: 26.581822156906128 seconds
metaTables/vocal_music_demucs_16k/metaData_fma_large/row51891.csv
Execution time: 25.4471378326416 seconds
metaTables/vocal_music_demucs_16k/metaData_fma_large/row51892.csv
Execution time: 26.402280807495117 seconds
metaTables/vocal_music_demucs_16k/metaData_fma_large/row51893.csv
Execution time: 25.153823614120483 seconds
metaTables/vocal_music_demucs_16k/metaData_fma_large/row51894.csv
Execution time: 25.420305967330933 seconds
metaTables/vocal_music_demucs_16k/metaData_fma_large/row51895.csv
Execution time: 25.258042812347412 seconds
metaTables/vocal_music_demucs_16k/metaData_fma_large/row51896.csv
Execution time: 25.59303045272827 seconds
metaTables/vocal_music_demucs_16k/metaData_fma_large/row51897.csv
Execution time: 25.4505934715271 seconds
metaTables/vocal_music_demucs_16k/metaData_fma_large/row51898.csv
Execution time: 25.941386222839355 seconds
metaTables/vocal_music_demucs_16k/metaData_fma_large/row51899.csv
Demucs voice recognition done!
