/ext3/demucs/lib/python3.9/site-packages/demucs/api.py:27: UserWarning: TorchAudio's global backend is now deprecated. Please enable distpatcher by setting `TORCHAUDIO_USE_BACKEND_DISPATCHER=1`, and specify backend when calling load/info/save function.
  import torchaudio as ta
2024-05-09 09:22:22.097150: I tensorflow/core/util/port.cc:113] oneDNN custom operations are on. You may see slightly different numerical results due to floating-point round-off errors from different computation orders. To turn them off, set the environment variable `TF_ENABLE_ONEDNN_OPTS=0`.
2024-05-09 09:22:22.819526: E external/local_xla/xla/stream_executor/cuda/cuda_dnn.cc:9261] Unable to register cuDNN factory: Attempting to register factory for plugin cuDNN when one has already been registered
2024-05-09 09:22:22.819573: E external/local_xla/xla/stream_executor/cuda/cuda_fft.cc:607] Unable to register cuFFT factory: Attempting to register factory for plugin cuFFT when one has already been registered
2024-05-09 09:22:22.843286: E external/local_xla/xla/stream_executor/cuda/cuda_blas.cc:1515] Unable to register cuBLAS factory: Attempting to register factory for plugin cuBLAS when one has already been registered
2024-05-09 09:22:22.901491: I tensorflow/core/platform/cpu_feature_guard.cc:182] This TensorFlow binary is optimized to use available CPU instructions in performance-critical operations.
To enable the following instructions: AVX2 AVX512F AVX512_VNNI FMA, in other operations, rebuild TensorFlow with the appropriate compiler flags.
2024-05-09 09:22:23.780619: W tensorflow/compiler/tf2tensorrt/utils/py_utils.cc:38] TF-TRT Warning: Could not find TensorRT
SKIPPING: metaTables/vocal_music_demucs_16k/metaData_fma_large/row77800.csv
SKIPPING: metaTables/vocal_music_demucs_16k/metaData_fma_large/row77801.csv
SKIPPING: metaTables/vocal_music_demucs_16k/metaData_fma_large/row77802.csv
SKIPPING: metaTables/vocal_music_demucs_16k/metaData_fma_large/row77803.csv
SKIPPING: metaTables/vocal_music_demucs_16k/metaData_fma_large/row77804.csv
SKIPPING: metaTables/vocal_music_demucs_16k/metaData_fma_large/row77805.csv
SKIPPING: metaTables/vocal_music_demucs_16k/metaData_fma_large/row77806.csv
SKIPPING: metaTables/vocal_music_demucs_16k/metaData_fma_large/row77807.csv
SKIPPING: metaTables/vocal_music_demucs_16k/metaData_fma_large/row77808.csv
SKIPPING: metaTables/vocal_music_demucs_16k/metaData_fma_large/row77809.csv
SKIPPING: metaTables/vocal_music_demucs_16k/metaData_fma_large/row77810.csv
SKIPPING: metaTables/vocal_music_demucs_16k/metaData_fma_large/row77811.csv
SKIPPING: metaTables/vocal_music_demucs_16k/metaData_fma_large/row77812.csv
SKIPPING: metaTables/vocal_music_demucs_16k/metaData_fma_large/row77813.csv
SKIPPING: metaTables/vocal_music_demucs_16k/metaData_fma_large/row77814.csv
SKIPPING: metaTables/vocal_music_demucs_16k/metaData_fma_large/row77815.csv
SKIPPING: metaTables/vocal_music_demucs_16k/metaData_fma_large/row77816.csv
SKIPPING: metaTables/vocal_music_demucs_16k/metaData_fma_large/row77817.csv
SKIPPING: metaTables/vocal_music_demucs_16k/metaData_fma_large/row77818.csv
SKIPPING: metaTables/vocal_music_demucs_16k/metaData_fma_large/row77819.csv
SKIPPING: metaTables/vocal_music_demucs_16k/metaData_fma_large/row77820.csv
SKIPPING: metaTables/vocal_music_demucs_16k/metaData_fma_large/row77821.csv
SKIPPING: metaTables/vocal_music_demucs_16k/metaData_fma_large/row77822.csv
SKIPPING: metaTables/vocal_music_demucs_16k/metaData_fma_large/row77823.csv
SKIPPING: metaTables/vocal_music_demucs_16k/metaData_fma_large/row77824.csv
SKIPPING: metaTables/vocal_music_demucs_16k/metaData_fma_large/row77825.csv
SKIPPING: metaTables/vocal_music_demucs_16k/metaData_fma_large/row77826.csv
SKIPPING: metaTables/vocal_music_demucs_16k/metaData_fma_large/row77827.csv
SKIPPING: metaTables/vocal_music_demucs_16k/metaData_fma_large/row77828.csv
SKIPPING: metaTables/vocal_music_demucs_16k/metaData_fma_large/row77829.csv
SKIPPING: metaTables/vocal_music_demucs_16k/metaData_fma_large/row77830.csv
SKIPPING: metaTables/vocal_music_demucs_16k/metaData_fma_large/row77831.csv
SKIPPING: metaTables/vocal_music_demucs_16k/metaData_fma_large/row77832.csv
SKIPPING: metaTables/vocal_music_demucs_16k/metaData_fma_large/row77833.csv
SKIPPING: metaTables/vocal_music_demucs_16k/metaData_fma_large/row77834.csv
SKIPPING: metaTables/vocal_music_demucs_16k/metaData_fma_large/row77835.csv
SKIPPING: metaTables/vocal_music_demucs_16k/metaData_fma_large/row77836.csv
SKIPPING: metaTables/vocal_music_demucs_16k/metaData_fma_large/row77837.csv
SKIPPING: metaTables/vocal_music_demucs_16k/metaData_fma_large/row77838.csv
SKIPPING: metaTables/vocal_music_demucs_16k/metaData_fma_large/row77839.csv
SKIPPING: metaTables/vocal_music_demucs_16k/metaData_fma_large/row77840.csv
SKIPPING: metaTables/vocal_music_demucs_16k/metaData_fma_large/row77841.csv
SKIPPING: metaTables/vocal_music_demucs_16k/metaData_fma_large/row77842.csv
SKIPPING: metaTables/vocal_music_demucs_16k/metaData_fma_large/row77843.csv
SKIPPING: metaTables/vocal_music_demucs_16k/metaData_fma_large/row77844.csv
SKIPPING: metaTables/vocal_music_demucs_16k/metaData_fma_large/row77845.csv
SKIPPING: metaTables/vocal_music_demucs_16k/metaData_fma_large/row77846.csv
SKIPPING: metaTables/vocal_music_demucs_16k/metaData_fma_large/row77847.csv
SKIPPING: metaTables/vocal_music_demucs_16k/metaData_fma_large/row77848.csv
SKIPPING: metaTables/vocal_music_demucs_16k/metaData_fma_large/row77849.csv
SKIPPING: metaTables/vocal_music_demucs_16k/metaData_fma_large/row77850.csv
SKIPPING: metaTables/vocal_music_demucs_16k/metaData_fma_large/row77851.csv
SKIPPING: metaTables/vocal_music_demucs_16k/metaData_fma_large/row77852.csv
SKIPPING: metaTables/vocal_music_demucs_16k/metaData_fma_large/row77853.csv
SKIPPING: metaTables/vocal_music_demucs_16k/metaData_fma_large/row77854.csv
SKIPPING: metaTables/vocal_music_demucs_16k/metaData_fma_large/row77855.csv
SKIPPING: metaTables/vocal_music_demucs_16k/metaData_fma_large/row77856.csv
SKIPPING: metaTables/vocal_music_demucs_16k/metaData_fma_large/row77857.csv
SKIPPING: metaTables/vocal_music_demucs_16k/metaData_fma_large/row77858.csv
SKIPPING: metaTables/vocal_music_demucs_16k/metaData_fma_large/row77859.csv
SKIPPING: metaTables/vocal_music_demucs_16k/metaData_fma_large/row77860.csv
SKIPPING: metaTables/vocal_music_demucs_16k/metaData_fma_large/row77861.csv
SKIPPING: metaTables/vocal_music_demucs_16k/metaData_fma_large/row77862.csv
SKIPPING: metaTables/vocal_music_demucs_16k/metaData_fma_large/row77863.csv
SKIPPING: metaTables/vocal_music_demucs_16k/metaData_fma_large/row77864.csv
SKIPPING: metaTables/vocal_music_demucs_16k/metaData_fma_large/row77865.csv
SKIPPING: metaTables/vocal_music_demucs_16k/metaData_fma_large/row77866.csv
SKIPPING: metaTables/vocal_music_demucs_16k/metaData_fma_large/row77867.csv
SKIPPING: metaTables/vocal_music_demucs_16k/metaData_fma_large/row77868.csv
SKIPPING: metaTables/vocal_music_demucs_16k/metaData_fma_large/row77869.csv
SKIPPING: metaTables/vocal_music_demucs_16k/metaData_fma_large/row77870.csv
SKIPPING: metaTables/vocal_music_demucs_16k/metaData_fma_large/row77871.csv
SKIPPING: metaTables/vocal_music_demucs_16k/metaData_fma_large/row77872.csv
SKIPPING: metaTables/vocal_music_demucs_16k/metaData_fma_large/row77873.csv
SKIPPING: metaTables/vocal_music_demucs_16k/metaData_fma_large/row77874.csv
SKIPPING: metaTables/vocal_music_demucs_16k/metaData_fma_large/row77875.csv
SKIPPING: metaTables/vocal_music_demucs_16k/metaData_fma_large/row77876.csv
SKIPPING: metaTables/vocal_music_demucs_16k/metaData_fma_large/row77877.csv
SKIPPING: metaTables/vocal_music_demucs_16k/metaData_fma_large/row77878.csv
SKIPPING: metaTables/vocal_music_demucs_16k/metaData_fma_large/row77879.csv
SKIPPING: metaTables/vocal_music_demucs_16k/metaData_fma_large/row77880.csv
SKIPPING: metaTables/vocal_music_demucs_16k/metaData_fma_large/row77881.csv
SKIPPING: metaTables/vocal_music_demucs_16k/metaData_fma_large/row77882.csv
SKIPPING: metaTables/vocal_music_demucs_16k/metaData_fma_large/row77883.csv
SKIPPING: metaTables/vocal_music_demucs_16k/metaData_fma_large/row77884.csv
SKIPPING: metaTables/vocal_music_demucs_16k/metaData_fma_large/row77885.csv
SKIPPING: metaTables/vocal_music_demucs_16k/metaData_fma_large/row77886.csv
SKIPPING: metaTables/vocal_music_demucs_16k/metaData_fma_large/row77887.csv
SKIPPING: metaTables/vocal_music_demucs_16k/metaData_fma_large/row77888.csv
SKIPPING: metaTables/vocal_music_demucs_16k/metaData_fma_large/row77889.csv
SKIPPING: metaTables/vocal_music_demucs_16k/metaData_fma_large/row77890.csv
SKIPPING: metaTables/vocal_music_demucs_16k/metaData_fma_large/row77891.csv
SKIPPING: metaTables/vocal_music_demucs_16k/metaData_fma_large/row77892.csv
SKIPPING: metaTables/vocal_music_demucs_16k/metaData_fma_large/row77893.csv
SKIPPING: metaTables/vocal_music_demucs_16k/metaData_fma_large/row77894.csv
SKIPPING: metaTables/vocal_music_demucs_16k/metaData_fma_large/row77895.csv
SKIPPING: metaTables/vocal_music_demucs_16k/metaData_fma_large/row77896.csv
SKIPPING: metaTables/vocal_music_demucs_16k/metaData_fma_large/row77897.csv
SKIPPING: metaTables/vocal_music_demucs_16k/metaData_fma_large/row77898.csv
SKIPPING: metaTables/vocal_music_demucs_16k/metaData_fma_large/row77899.csv
Demucs voice recognition done!
