/ext3/demucs/lib/python3.9/site-packages/demucs/api.py:27: UserWarning: TorchAudio's global backend is now deprecated. Please enable distpatcher by setting `TORCHAUDIO_USE_BACKEND_DISPATCHER=1`, and specify backend when calling load/info/save function.
  import torchaudio as ta
2024-05-09 00:20:15.260284: I tensorflow/core/util/port.cc:113] oneDNN custom operations are on. You may see slightly different numerical results due to floating-point round-off errors from different computation orders. To turn them off, set the environment variable `TF_ENABLE_ONEDNN_OPTS=0`.
2024-05-09 00:20:15.710683: E external/local_xla/xla/stream_executor/cuda/cuda_dnn.cc:9261] Unable to register cuDNN factory: Attempting to register factory for plugin cuDNN when one has already been registered
2024-05-09 00:20:15.710719: E external/local_xla/xla/stream_executor/cuda/cuda_fft.cc:607] Unable to register cuFFT factory: Attempting to register factory for plugin cuFFT when one has already been registered
2024-05-09 00:20:15.748383: E external/local_xla/xla/stream_executor/cuda/cuda_blas.cc:1515] Unable to register cuBLAS factory: Attempting to register factory for plugin cuBLAS when one has already been registered
2024-05-09 00:20:15.920913: I tensorflow/core/platform/cpu_feature_guard.cc:182] This TensorFlow binary is optimized to use available CPU instructions in performance-critical operations.
To enable the following instructions: AVX2 AVX512F AVX512_VNNI FMA, in other operations, rebuild TensorFlow with the appropriate compiler flags.
2024-05-09 00:20:16.838669: W tensorflow/compiler/tf2tensorrt/utils/py_utils.cc:38] TF-TRT Warning: Could not find TensorRT
Execution time: 25.96140694618225 seconds
metaTables/vocal_music_demucs_16k/metaData_fma_large/row104500.csv
Execution time: 25.122079133987427 seconds
metaTables/vocal_music_demucs_16k/metaData_fma_large/row104501.csv
Execution time: 25.733761072158813 seconds
metaTables/vocal_music_demucs_16k/metaData_fma_large/row104502.csv
Execution time: 25.47484040260315 seconds
metaTables/vocal_music_demucs_16k/metaData_fma_large/row104503.csv
Execution time: 25.49288558959961 seconds
metaTables/vocal_music_demucs_16k/metaData_fma_large/row104504.csv
Execution time: 25.396525144577026 seconds
metaTables/vocal_music_demucs_16k/metaData_fma_large/row104505.csv
Execution time: 25.68626856803894 seconds
metaTables/vocal_music_demucs_16k/metaData_fma_large/row104506.csv
Execution time: 25.21168565750122 seconds
metaTables/vocal_music_demucs_16k/metaData_fma_large/row104507.csv
Execution time: 17.480887413024902 seconds
metaTables/vocal_music_demucs_16k/metaData_fma_large/row104508.csv
Execution time: 25.23597812652588 seconds
metaTables/vocal_music_demucs_16k/metaData_fma_large/row104509.csv
Execution time: 25.97826313972473 seconds
metaTables/vocal_music_demucs_16k/metaData_fma_large/row104510.csv
Execution time: 25.967246294021606 seconds
metaTables/vocal_music_demucs_16k/metaData_fma_large/row104511.csv
Execution time: 25.779576301574707 seconds
metaTables/vocal_music_demucs_16k/metaData_fma_large/row104512.csv
Execution time: 25.655616521835327 seconds
metaTables/vocal_music_demucs_16k/metaData_fma_large/row104513.csv
Execution time: 24.75822925567627 seconds
metaTables/vocal_music_demucs_16k/metaData_fma_large/row104514.csv
Execution time: 24.96378803253174 seconds
metaTables/vocal_music_demucs_16k/metaData_fma_large/row104515.csv
Execution time: 25.397768020629883 seconds
metaTables/vocal_music_demucs_16k/metaData_fma_large/row104516.csv
Execution time: 24.79137897491455 seconds
metaTables/vocal_music_demucs_16k/metaData_fma_large/row104517.csv
Execution time: 26.218247175216675 seconds
metaTables/vocal_music_demucs_16k/metaData_fma_large/row104518.csv
Execution time: 25.59298610687256 seconds
metaTables/vocal_music_demucs_16k/metaData_fma_large/row104519.csv
Execution time: 25.9056875705719 seconds
metaTables/vocal_music_demucs_16k/metaData_fma_large/row104520.csv
Execution time: 25.221942901611328 seconds
metaTables/vocal_music_demucs_16k/metaData_fma_large/row104521.csv
Execution time: 26.52249836921692 seconds
metaTables/vocal_music_demucs_16k/metaData_fma_large/row104522.csv
Execution time: 25.5547513961792 seconds
metaTables/vocal_music_demucs_16k/metaData_fma_large/row104523.csv
Execution time: 25.29335308074951 seconds
metaTables/vocal_music_demucs_16k/metaData_fma_large/row104524.csv
Execution time: 25.98491406440735 seconds
metaTables/vocal_music_demucs_16k/metaData_fma_large/row104525.csv
Execution time: 26.279662370681763 seconds
metaTables/vocal_music_demucs_16k/metaData_fma_large/row104526.csv
Execution time: 25.86764097213745 seconds
metaTables/vocal_music_demucs_16k/metaData_fma_large/row104527.csv
Execution time: 25.755603075027466 seconds
metaTables/vocal_music_demucs_16k/metaData_fma_large/row104528.csv
Execution time: 26.33043885231018 seconds
metaTables/vocal_music_demucs_16k/metaData_fma_large/row104529.csv
Execution time: 25.0776469707489 seconds
metaTables/vocal_music_demucs_16k/metaData_fma_large/row104530.csv
Execution time: 26.210860013961792 seconds
metaTables/vocal_music_demucs_16k/metaData_fma_large/row104531.csv
Execution time: 25.959124326705933 seconds
metaTables/vocal_music_demucs_16k/metaData_fma_large/row104532.csv
Execution time: 25.198429107666016 seconds
metaTables/vocal_music_demucs_16k/metaData_fma_large/row104533.csv
Execution time: 25.664513111114502 seconds
metaTables/vocal_music_demucs_16k/metaData_fma_large/row104534.csv
Execution time: 25.939273834228516 seconds
metaTables/vocal_music_demucs_16k/metaData_fma_large/row104535.csv
Execution time: 24.613304376602173 seconds
metaTables/vocal_music_demucs_16k/metaData_fma_large/row104536.csv
Execution time: 24.093321800231934 seconds
metaTables/vocal_music_demucs_16k/metaData_fma_large/row104537.csv
Execution time: 25.81408715248108 seconds
metaTables/vocal_music_demucs_16k/metaData_fma_large/row104538.csv
Execution time: 26.22761058807373 seconds
metaTables/vocal_music_demucs_16k/metaData_fma_large/row104539.csv
Execution time: 26.00231122970581 seconds
metaTables/vocal_music_demucs_16k/metaData_fma_large/row104540.csv
Execution time: 25.44445276260376 seconds
metaTables/vocal_music_demucs_16k/metaData_fma_large/row104541.csv
Execution time: 25.90434956550598 seconds
metaTables/vocal_music_demucs_16k/metaData_fma_large/row104542.csv
Execution time: 25.55560851097107 seconds
metaTables/vocal_music_demucs_16k/metaData_fma_large/row104543.csv
Execution time: 25.455844163894653 seconds
metaTables/vocal_music_demucs_16k/metaData_fma_large/row104544.csv
Execution time: 26.32254648208618 seconds
metaTables/vocal_music_demucs_16k/metaData_fma_large/row104545.csv
Execution time: 26.258793354034424 seconds
metaTables/vocal_music_demucs_16k/metaData_fma_large/row104546.csv
Execution time: 25.991195917129517 seconds
metaTables/vocal_music_demucs_16k/metaData_fma_large/row104547.csv
Execution time: 25.4791419506073 seconds
metaTables/vocal_music_demucs_16k/metaData_fma_large/row104548.csv
Execution time: 26.27620530128479 seconds
metaTables/vocal_music_demucs_16k/metaData_fma_large/row104549.csv
Execution time: 25.41130232810974 seconds
metaTables/vocal_music_demucs_16k/metaData_fma_large/row104550.csv
Execution time: 25.170250415802002 seconds
metaTables/vocal_music_demucs_16k/metaData_fma_large/row104551.csv
Execution time: 27.085642099380493 seconds
metaTables/vocal_music_demucs_16k/metaData_fma_large/row104552.csv
Execution time: 25.94277024269104 seconds
metaTables/vocal_music_demucs_16k/metaData_fma_large/row104553.csv
Execution time: 25.903332233428955 seconds
metaTables/vocal_music_demucs_16k/metaData_fma_large/row104554.csv
Execution time: 25.48741912841797 seconds
metaTables/vocal_music_demucs_16k/metaData_fma_large/row104555.csv
Execution time: 26.338509798049927 seconds
metaTables/vocal_music_demucs_16k/metaData_fma_large/row104556.csv
Execution time: 26.14261770248413 seconds
metaTables/vocal_music_demucs_16k/metaData_fma_large/row104557.csv
Execution time: 25.43568754196167 seconds
metaTables/vocal_music_demucs_16k/metaData_fma_large/row104558.csv
Execution time: 25.60130524635315 seconds
metaTables/vocal_music_demucs_16k/metaData_fma_large/row104559.csv
Execution time: 25.00676989555359 seconds
metaTables/vocal_music_demucs_16k/metaData_fma_large/row104560.csv
Execution time: 24.948400497436523 seconds
metaTables/vocal_music_demucs_16k/metaData_fma_large/row104561.csv
Execution time: 25.90648102760315 seconds
metaTables/vocal_music_demucs_16k/metaData_fma_large/row104562.csv
Execution time: 25.159313201904297 seconds
metaTables/vocal_music_demucs_16k/metaData_fma_large/row104563.csv
Execution time: 25.1053524017334 seconds
metaTables/vocal_music_demucs_16k/metaData_fma_large/row104564.csv
Execution time: 26.097270965576172 seconds
metaTables/vocal_music_demucs_16k/metaData_fma_large/row104565.csv
Execution time: 25.82881450653076 seconds
metaTables/vocal_music_demucs_16k/metaData_fma_large/row104566.csv
Execution time: 27.09778928756714 seconds
metaTables/vocal_music_demucs_16k/metaData_fma_large/row104567.csv
Execution time: 24.94900941848755 seconds
metaTables/vocal_music_demucs_16k/metaData_fma_large/row104568.csv
Execution time: 26.70275330543518 seconds
metaTables/vocal_music_demucs_16k/metaData_fma_large/row104569.csv
Execution time: 26.053192377090454 seconds
metaTables/vocal_music_demucs_16k/metaData_fma_large/row104570.csv
Execution time: 25.710197925567627 seconds
metaTables/vocal_music_demucs_16k/metaData_fma_large/row104571.csv
Execution time: 24.12067675590515 seconds
metaTables/vocal_music_demucs_16k/metaData_fma_large/row104572.csv
Execution time: 25.572930097579956 seconds
metaTables/vocal_music_demucs_16k/metaData_fma_large/row104573.csv
Execution time: 24.49795889854431 seconds
metaTables/vocal_music_demucs_16k/metaData_fma_large/row104574.csv
Execution time: 24.088335514068604 seconds
metaTables/vocal_music_demucs_16k/metaData_fma_large/row104575.csv
Execution time: 24.767626762390137 seconds
metaTables/vocal_music_demucs_16k/metaData_fma_large/row104576.csv
Execution time: 24.329213619232178 seconds
metaTables/vocal_music_demucs_16k/metaData_fma_large/row104577.csv
Execution time: 24.79325270652771 seconds
metaTables/vocal_music_demucs_16k/metaData_fma_large/row104578.csv
Execution time: 26.047565698623657 seconds
metaTables/vocal_music_demucs_16k/metaData_fma_large/row104579.csv
Execution time: 23.94942879676819 seconds
metaTables/vocal_music_demucs_16k/metaData_fma_large/row104580.csv
Execution time: 24.644647359848022 seconds
metaTables/vocal_music_demucs_16k/metaData_fma_large/row104581.csv
Execution time: 24.277170181274414 seconds
metaTables/vocal_music_demucs_16k/metaData_fma_large/row104582.csv
Execution time: 24.129477977752686 seconds
metaTables/vocal_music_demucs_16k/metaData_fma_large/row104583.csv
Execution time: 24.648027658462524 seconds
metaTables/vocal_music_demucs_16k/metaData_fma_large/row104584.csv
Execution time: 24.57601523399353 seconds
metaTables/vocal_music_demucs_16k/metaData_fma_large/row104585.csv
Execution time: 24.61680293083191 seconds
metaTables/vocal_music_demucs_16k/metaData_fma_large/row104586.csv
Execution time: 25.39899969100952 seconds
metaTables/vocal_music_demucs_16k/metaData_fma_large/row104587.csv
Execution time: 25.72227382659912 seconds
metaTables/vocal_music_demucs_16k/metaData_fma_large/row104588.csv
Execution time: 26.335326433181763 seconds
metaTables/vocal_music_demucs_16k/metaData_fma_large/row104589.csv
Execution time: 25.09965705871582 seconds
metaTables/vocal_music_demucs_16k/metaData_fma_large/row104590.csv
Execution time: 25.581365823745728 seconds
metaTables/vocal_music_demucs_16k/metaData_fma_large/row104591.csv
Execution time: 25.42506742477417 seconds
metaTables/vocal_music_demucs_16k/metaData_fma_large/row104592.csv
Execution time: 26.11743402481079 seconds
metaTables/vocal_music_demucs_16k/metaData_fma_large/row104593.csv
Execution time: 25.59964609146118 seconds
metaTables/vocal_music_demucs_16k/metaData_fma_large/row104594.csv
Execution time: 26.51118493080139 seconds
metaTables/vocal_music_demucs_16k/metaData_fma_large/row104595.csv
Execution time: 25.477649450302124 seconds
metaTables/vocal_music_demucs_16k/metaData_fma_large/row104596.csv
Execution time: 26.035649299621582 seconds
metaTables/vocal_music_demucs_16k/metaData_fma_large/row104597.csv
Execution time: 25.551674842834473 seconds
metaTables/vocal_music_demucs_16k/metaData_fma_large/row104598.csv
Execution time: 24.58499240875244 seconds
metaTables/vocal_music_demucs_16k/metaData_fma_large/row104599.csv
Demucs voice recognition done!
