/ext3/demucs/lib/python3.9/site-packages/demucs/api.py:27: UserWarning: TorchAudio's global backend is now deprecated. Please enable distpatcher by setting `TORCHAUDIO_USE_BACKEND_DISPATCHER=1`, and specify backend when calling load/info/save function.
  import torchaudio as ta
2024-05-08 23:36:03.904404: I tensorflow/core/util/port.cc:113] oneDNN custom operations are on. You may see slightly different numerical results due to floating-point round-off errors from different computation orders. To turn them off, set the environment variable `TF_ENABLE_ONEDNN_OPTS=0`.
2024-05-08 23:36:08.341853: E external/local_xla/xla/stream_executor/cuda/cuda_dnn.cc:9261] Unable to register cuDNN factory: Attempting to register factory for plugin cuDNN when one has already been registered
2024-05-08 23:36:08.341892: E external/local_xla/xla/stream_executor/cuda/cuda_fft.cc:607] Unable to register cuFFT factory: Attempting to register factory for plugin cuFFT when one has already been registered
2024-05-08 23:36:08.688736: E external/local_xla/xla/stream_executor/cuda/cuda_blas.cc:1515] Unable to register cuBLAS factory: Attempting to register factory for plugin cuBLAS when one has already been registered
2024-05-08 23:36:09.168036: I tensorflow/core/platform/cpu_feature_guard.cc:182] This TensorFlow binary is optimized to use available CPU instructions in performance-critical operations.
To enable the following instructions: AVX2 AVX512F AVX512_VNNI FMA, in other operations, rebuild TensorFlow with the appropriate compiler flags.
2024-05-08 23:36:12.517865: W tensorflow/compiler/tf2tensorrt/utils/py_utils.cc:38] TF-TRT Warning: Could not find TensorRT
Execution time: 33.90617513656616 seconds
metaTables/vocal_music_demucs_16k/metaData_fma_large/row15800.csv
Execution time: 29.389499187469482 seconds
metaTables/vocal_music_demucs_16k/metaData_fma_large/row15801.csv
Execution time: 29.150226593017578 seconds
metaTables/vocal_music_demucs_16k/metaData_fma_large/row15802.csv
Execution time: 28.874614715576172 seconds
metaTables/vocal_music_demucs_16k/metaData_fma_large/row15803.csv
Execution time: 28.05788803100586 seconds
metaTables/vocal_music_demucs_16k/metaData_fma_large/row15804.csv
Execution time: 28.571335792541504 seconds
metaTables/vocal_music_demucs_16k/metaData_fma_large/row15805.csv
Execution time: 27.154686212539673 seconds
metaTables/vocal_music_demucs_16k/metaData_fma_large/row15806.csv
Execution time: 27.89888286590576 seconds
metaTables/vocal_music_demucs_16k/metaData_fma_large/row15807.csv
Execution time: 29.191927433013916 seconds
metaTables/vocal_music_demucs_16k/metaData_fma_large/row15808.csv
Execution time: 27.839056253433228 seconds
metaTables/vocal_music_demucs_16k/metaData_fma_large/row15809.csv
Execution time: 28.11596703529358 seconds
metaTables/vocal_music_demucs_16k/metaData_fma_large/row15810.csv
Execution time: 27.72466254234314 seconds
metaTables/vocal_music_demucs_16k/metaData_fma_large/row15811.csv
Execution time: 28.96166157722473 seconds
metaTables/vocal_music_demucs_16k/metaData_fma_large/row15812.csv
Execution time: 28.61298179626465 seconds
metaTables/vocal_music_demucs_16k/metaData_fma_large/row15813.csv
Execution time: 28.45883822441101 seconds
metaTables/vocal_music_demucs_16k/metaData_fma_large/row15814.csv
Execution time: 29.2587251663208 seconds
metaTables/vocal_music_demucs_16k/metaData_fma_large/row15815.csv
Execution time: 28.28099775314331 seconds
metaTables/vocal_music_demucs_16k/metaData_fma_large/row15816.csv
Execution time: 28.652089834213257 seconds
metaTables/vocal_music_demucs_16k/metaData_fma_large/row15817.csv
Execution time: 28.573562145233154 seconds
metaTables/vocal_music_demucs_16k/metaData_fma_large/row15818.csv
Execution time: 27.869677782058716 seconds
metaTables/vocal_music_demucs_16k/metaData_fma_large/row15819.csv
Execution time: 28.24454689025879 seconds
metaTables/vocal_music_demucs_16k/metaData_fma_large/row15820.csv
Execution time: 27.749638557434082 seconds
metaTables/vocal_music_demucs_16k/metaData_fma_large/row15821.csv
Execution time: 28.89448356628418 seconds
metaTables/vocal_music_demucs_16k/metaData_fma_large/row15822.csv
Execution time: 27.859671115875244 seconds
metaTables/vocal_music_demucs_16k/metaData_fma_large/row15823.csv
Execution time: 28.529247283935547 seconds
metaTables/vocal_music_demucs_16k/metaData_fma_large/row15824.csv
Execution time: 29.206369638442993 seconds
metaTables/vocal_music_demucs_16k/metaData_fma_large/row15825.csv
Execution time: 28.016172647476196 seconds
metaTables/vocal_music_demucs_16k/metaData_fma_large/row15826.csv
Execution time: 28.579504251480103 seconds
metaTables/vocal_music_demucs_16k/metaData_fma_large/row15827.csv
Execution time: 27.65478491783142 seconds
metaTables/vocal_music_demucs_16k/metaData_fma_large/row15828.csv
Execution time: 28.935168981552124 seconds
metaTables/vocal_music_demucs_16k/metaData_fma_large/row15829.csv
Execution time: 30.248238801956177 seconds
metaTables/vocal_music_demucs_16k/metaData_fma_large/row15830.csv
Execution time: 27.858575105667114 seconds
metaTables/vocal_music_demucs_16k/metaData_fma_large/row15831.csv
Execution time: 28.333893060684204 seconds
metaTables/vocal_music_demucs_16k/metaData_fma_large/row15832.csv
Execution time: 28.728619813919067 seconds
metaTables/vocal_music_demucs_16k/metaData_fma_large/row15833.csv
Execution time: 27.87299394607544 seconds
metaTables/vocal_music_demucs_16k/metaData_fma_large/row15834.csv
Execution time: 28.78527045249939 seconds
metaTables/vocal_music_demucs_16k/metaData_fma_large/row15835.csv
Execution time: 28.87151002883911 seconds
metaTables/vocal_music_demucs_16k/metaData_fma_large/row15836.csv
Execution time: 27.294612407684326 seconds
metaTables/vocal_music_demucs_16k/metaData_fma_large/row15837.csv
Execution time: 28.23000693321228 seconds
metaTables/vocal_music_demucs_16k/metaData_fma_large/row15838.csv
Execution time: 28.68293571472168 seconds
metaTables/vocal_music_demucs_16k/metaData_fma_large/row15839.csv
Execution time: 28.456286668777466 seconds
metaTables/vocal_music_demucs_16k/metaData_fma_large/row15840.csv
Execution time: 27.96428894996643 seconds
metaTables/vocal_music_demucs_16k/metaData_fma_large/row15841.csv
Execution time: 27.040656805038452 seconds
metaTables/vocal_music_demucs_16k/metaData_fma_large/row15842.csv
Execution time: 28.332794666290283 seconds
metaTables/vocal_music_demucs_16k/metaData_fma_large/row15843.csv
Execution time: 28.45470428466797 seconds
metaTables/vocal_music_demucs_16k/metaData_fma_large/row15844.csv
Execution time: 28.612038612365723 seconds
metaTables/vocal_music_demucs_16k/metaData_fma_large/row15845.csv
Execution time: 27.479349613189697 seconds
metaTables/vocal_music_demucs_16k/metaData_fma_large/row15846.csv
Execution time: 29.643181562423706 seconds
metaTables/vocal_music_demucs_16k/metaData_fma_large/row15847.csv
Execution time: 28.36223602294922 seconds
metaTables/vocal_music_demucs_16k/metaData_fma_large/row15848.csv
Execution time: 28.868572235107422 seconds
metaTables/vocal_music_demucs_16k/metaData_fma_large/row15849.csv
Execution time: 28.86188769340515 seconds
metaTables/vocal_music_demucs_16k/metaData_fma_large/row15850.csv
Execution time: 27.7310471534729 seconds
metaTables/vocal_music_demucs_16k/metaData_fma_large/row15851.csv
Execution time: 28.224355220794678 seconds
metaTables/vocal_music_demucs_16k/metaData_fma_large/row15852.csv
Execution time: 28.766748189926147 seconds
metaTables/vocal_music_demucs_16k/metaData_fma_large/row15853.csv
Execution time: 28.17618441581726 seconds
metaTables/vocal_music_demucs_16k/metaData_fma_large/row15854.csv
Execution time: 28.023993492126465 seconds
metaTables/vocal_music_demucs_16k/metaData_fma_large/row15855.csv
Execution time: 27.76356339454651 seconds
metaTables/vocal_music_demucs_16k/metaData_fma_large/row15856.csv
Execution time: 28.321106433868408 seconds
metaTables/vocal_music_demucs_16k/metaData_fma_large/row15857.csv
Execution time: 28.3501136302948 seconds
metaTables/vocal_music_demucs_16k/metaData_fma_large/row15858.csv
Execution time: 28.42187762260437 seconds
metaTables/vocal_music_demucs_16k/metaData_fma_large/row15859.csv
Execution time: 28.60617232322693 seconds
metaTables/vocal_music_demucs_16k/metaData_fma_large/row15860.csv
Execution time: 28.964422702789307 seconds
metaTables/vocal_music_demucs_16k/metaData_fma_large/row15861.csv
Execution time: 27.49704623222351 seconds
metaTables/vocal_music_demucs_16k/metaData_fma_large/row15862.csv
Execution time: 27.630195140838623 seconds
metaTables/vocal_music_demucs_16k/metaData_fma_large/row15863.csv
Execution time: 28.987308025360107 seconds
metaTables/vocal_music_demucs_16k/metaData_fma_large/row15864.csv
Execution time: 28.767387628555298 seconds
metaTables/vocal_music_demucs_16k/metaData_fma_large/row15865.csv
Execution time: 27.94765019416809 seconds
metaTables/vocal_music_demucs_16k/metaData_fma_large/row15866.csv
Execution time: 28.365016222000122 seconds
metaTables/vocal_music_demucs_16k/metaData_fma_large/row15867.csv
Execution time: 28.257267713546753 seconds
metaTables/vocal_music_demucs_16k/metaData_fma_large/row15868.csv
Execution time: 28.03114128112793 seconds
metaTables/vocal_music_demucs_16k/metaData_fma_large/row15869.csv
Execution time: 28.6092209815979 seconds
metaTables/vocal_music_demucs_16k/metaData_fma_large/row15870.csv
Execution time: 28.728682041168213 seconds
metaTables/vocal_music_demucs_16k/metaData_fma_large/row15871.csv
Execution time: 29.69130849838257 seconds
metaTables/vocal_music_demucs_16k/metaData_fma_large/row15872.csv
Execution time: 28.833438873291016 seconds
metaTables/vocal_music_demucs_16k/metaData_fma_large/row15873.csv
Execution time: 29.59830379486084 seconds
metaTables/vocal_music_demucs_16k/metaData_fma_large/row15874.csv
Execution time: 28.892534494400024 seconds
metaTables/vocal_music_demucs_16k/metaData_fma_large/row15875.csv
Execution time: 28.569679021835327 seconds
metaTables/vocal_music_demucs_16k/metaData_fma_large/row15876.csv
Execution time: 26.910139322280884 seconds
metaTables/vocal_music_demucs_16k/metaData_fma_large/row15877.csv
Execution time: 27.806118726730347 seconds
metaTables/vocal_music_demucs_16k/metaData_fma_large/row15878.csv
Execution time: 28.870795488357544 seconds
metaTables/vocal_music_demucs_16k/metaData_fma_large/row15879.csv
Execution time: 28.02023959159851 seconds
metaTables/vocal_music_demucs_16k/metaData_fma_large/row15880.csv
Execution time: 28.932089805603027 seconds
metaTables/vocal_music_demucs_16k/metaData_fma_large/row15881.csv
Execution time: 27.886524200439453 seconds
metaTables/vocal_music_demucs_16k/metaData_fma_large/row15882.csv
Execution time: 28.182644844055176 seconds
metaTables/vocal_music_demucs_16k/metaData_fma_large/row15883.csv
Execution time: 14.364768743515015 seconds
metaTables/vocal_music_demucs_16k/metaData_fma_large/row15884.csv
Execution time: 28.075315713882446 seconds
metaTables/vocal_music_demucs_16k/metaData_fma_large/row15885.csv
Execution time: 27.868929862976074 seconds
metaTables/vocal_music_demucs_16k/metaData_fma_large/row15886.csv
Execution time: 28.098094701766968 seconds
metaTables/vocal_music_demucs_16k/metaData_fma_large/row15887.csv
Execution time: 28.648995876312256 seconds
metaTables/vocal_music_demucs_16k/metaData_fma_large/row15888.csv
Execution time: 29.108715057373047 seconds
metaTables/vocal_music_demucs_16k/metaData_fma_large/row15889.csv
Execution time: 28.634206533432007 seconds
metaTables/vocal_music_demucs_16k/metaData_fma_large/row15890.csv
Execution time: 29.353031158447266 seconds
metaTables/vocal_music_demucs_16k/metaData_fma_large/row15891.csv
Execution time: 29.128116846084595 seconds
metaTables/vocal_music_demucs_16k/metaData_fma_large/row15892.csv
Execution time: 28.985113859176636 seconds
metaTables/vocal_music_demucs_16k/metaData_fma_large/row15893.csv
Execution time: 28.21261954307556 seconds
metaTables/vocal_music_demucs_16k/metaData_fma_large/row15894.csv
Execution time: 28.69331932067871 seconds
metaTables/vocal_music_demucs_16k/metaData_fma_large/row15895.csv
Execution time: 28.858429431915283 seconds
metaTables/vocal_music_demucs_16k/metaData_fma_large/row15896.csv
Execution time: 28.238031148910522 seconds
metaTables/vocal_music_demucs_16k/metaData_fma_large/row15897.csv
Execution time: 29.265218496322632 seconds
metaTables/vocal_music_demucs_16k/metaData_fma_large/row15898.csv
Execution time: 27.013251781463623 seconds
metaTables/vocal_music_demucs_16k/metaData_fma_large/row15899.csv
Demucs voice recognition done!
