/ext3/demucs/lib/python3.9/site-packages/demucs/api.py:27: UserWarning: TorchAudio's global backend is now deprecated. Please enable distpatcher by setting `TORCHAUDIO_USE_BACKEND_DISPATCHER=1`, and specify backend when calling load/info/save function.
  import torchaudio as ta
2024-05-10 01:28:23.344438: I tensorflow/core/util/port.cc:113] oneDNN custom operations are on. You may see slightly different numerical results due to floating-point round-off errors from different computation orders. To turn them off, set the environment variable `TF_ENABLE_ONEDNN_OPTS=0`.
2024-05-10 01:28:23.714294: E external/local_xla/xla/stream_executor/cuda/cuda_dnn.cc:9261] Unable to register cuDNN factory: Attempting to register factory for plugin cuDNN when one has already been registered
2024-05-10 01:28:23.714336: E external/local_xla/xla/stream_executor/cuda/cuda_fft.cc:607] Unable to register cuFFT factory: Attempting to register factory for plugin cuFFT when one has already been registered
2024-05-10 01:28:23.755463: E external/local_xla/xla/stream_executor/cuda/cuda_blas.cc:1515] Unable to register cuBLAS factory: Attempting to register factory for plugin cuBLAS when one has already been registered
2024-05-10 01:28:23.828999: I tensorflow/core/platform/cpu_feature_guard.cc:182] This TensorFlow binary is optimized to use available CPU instructions in performance-critical operations.
To enable the following instructions: AVX2 AVX512F AVX512_VNNI FMA, in other operations, rebuild TensorFlow with the appropriate compiler flags.
2024-05-10 01:28:24.737586: W tensorflow/compiler/tf2tensorrt/utils/py_utils.cc:38] TF-TRT Warning: Could not find TensorRT
SKIPPING: metaTables/vocal_music_demucs_16k/metaData_fma_large/row33400.csv
SKIPPING: metaTables/vocal_music_demucs_16k/metaData_fma_large/row33401.csv
SKIPPING: metaTables/vocal_music_demucs_16k/metaData_fma_large/row33402.csv
SKIPPING: metaTables/vocal_music_demucs_16k/metaData_fma_large/row33403.csv
SKIPPING: metaTables/vocal_music_demucs_16k/metaData_fma_large/row33404.csv
SKIPPING: metaTables/vocal_music_demucs_16k/metaData_fma_large/row33405.csv
SKIPPING: metaTables/vocal_music_demucs_16k/metaData_fma_large/row33406.csv
SKIPPING: metaTables/vocal_music_demucs_16k/metaData_fma_large/row33407.csv
SKIPPING: metaTables/vocal_music_demucs_16k/metaData_fma_large/row33408.csv
SKIPPING: metaTables/vocal_music_demucs_16k/metaData_fma_large/row33409.csv
SKIPPING: metaTables/vocal_music_demucs_16k/metaData_fma_large/row33410.csv
SKIPPING: metaTables/vocal_music_demucs_16k/metaData_fma_large/row33411.csv
SKIPPING: metaTables/vocal_music_demucs_16k/metaData_fma_large/row33412.csv
SKIPPING: metaTables/vocal_music_demucs_16k/metaData_fma_large/row33413.csv
SKIPPING: metaTables/vocal_music_demucs_16k/metaData_fma_large/row33414.csv
Execution time: 28.325598001480103 seconds
metaTables/vocal_music_demucs_16k/metaData_fma_large/row33415.csv
Execution time: 26.574344396591187 seconds
metaTables/vocal_music_demucs_16k/metaData_fma_large/row33416.csv
Execution time: 28.92634415626526 seconds
metaTables/vocal_music_demucs_16k/metaData_fma_large/row33417.csv
Execution time: 26.572002410888672 seconds
metaTables/vocal_music_demucs_16k/metaData_fma_large/row33418.csv
Execution time: 27.170247793197632 seconds
metaTables/vocal_music_demucs_16k/metaData_fma_large/row33419.csv
Execution time: 27.686290502548218 seconds
metaTables/vocal_music_demucs_16k/metaData_fma_large/row33420.csv
Execution time: 26.276719570159912 seconds
metaTables/vocal_music_demucs_16k/metaData_fma_large/row33421.csv
Execution time: 28.84540581703186 seconds
metaTables/vocal_music_demucs_16k/metaData_fma_large/row33422.csv
Execution time: 26.65975546836853 seconds
metaTables/vocal_music_demucs_16k/metaData_fma_large/row33423.csv
Execution time: 27.631946563720703 seconds
metaTables/vocal_music_demucs_16k/metaData_fma_large/row33424.csv
Execution time: 27.072439908981323 seconds
metaTables/vocal_music_demucs_16k/metaData_fma_large/row33425.csv
Execution time: 27.118623971939087 seconds
metaTables/vocal_music_demucs_16k/metaData_fma_large/row33426.csv
Execution time: 26.85716462135315 seconds
metaTables/vocal_music_demucs_16k/metaData_fma_large/row33427.csv
Execution time: 27.44384765625 seconds
metaTables/vocal_music_demucs_16k/metaData_fma_large/row33428.csv
Execution time: 27.023881673812866 seconds
metaTables/vocal_music_demucs_16k/metaData_fma_large/row33429.csv
Execution time: 27.141175270080566 seconds
metaTables/vocal_music_demucs_16k/metaData_fma_large/row33430.csv
Execution time: 27.659807682037354 seconds
metaTables/vocal_music_demucs_16k/metaData_fma_large/row33431.csv
Execution time: 27.275811910629272 seconds
metaTables/vocal_music_demucs_16k/metaData_fma_large/row33432.csv
Execution time: 26.750624656677246 seconds
metaTables/vocal_music_demucs_16k/metaData_fma_large/row33433.csv
Execution time: 27.031347036361694 seconds
metaTables/vocal_music_demucs_16k/metaData_fma_large/row33434.csv
Execution time: 28.24289560317993 seconds
metaTables/vocal_music_demucs_16k/metaData_fma_large/row33435.csv
Execution time: 26.960199117660522 seconds
metaTables/vocal_music_demucs_16k/metaData_fma_large/row33436.csv
Execution time: 28.003405809402466 seconds
metaTables/vocal_music_demucs_16k/metaData_fma_large/row33437.csv
Execution time: 26.759033918380737 seconds
metaTables/vocal_music_demucs_16k/metaData_fma_large/row33438.csv
Execution time: 26.260344982147217 seconds
metaTables/vocal_music_demucs_16k/metaData_fma_large/row33439.csv
Execution time: 26.84878706932068 seconds
metaTables/vocal_music_demucs_16k/metaData_fma_large/row33440.csv
Execution time: 27.01853036880493 seconds
metaTables/vocal_music_demucs_16k/metaData_fma_large/row33441.csv
Execution time: 28.205416202545166 seconds
metaTables/vocal_music_demucs_16k/metaData_fma_large/row33442.csv
Execution time: 26.3460955619812 seconds
metaTables/vocal_music_demucs_16k/metaData_fma_large/row33443.csv
Execution time: 27.4708890914917 seconds
metaTables/vocal_music_demucs_16k/metaData_fma_large/row33444.csv
Execution time: 26.699198722839355 seconds
metaTables/vocal_music_demucs_16k/metaData_fma_large/row33445.csv
Execution time: 26.946682929992676 seconds
metaTables/vocal_music_demucs_16k/metaData_fma_large/row33446.csv
Execution time: 27.641164541244507 seconds
metaTables/vocal_music_demucs_16k/metaData_fma_large/row33447.csv
Execution time: 26.70197629928589 seconds
metaTables/vocal_music_demucs_16k/metaData_fma_large/row33448.csv
Execution time: 26.443152904510498 seconds
metaTables/vocal_music_demucs_16k/metaData_fma_large/row33449.csv
Execution time: 27.106775045394897 seconds
metaTables/vocal_music_demucs_16k/metaData_fma_large/row33450.csv
Execution time: 26.97446894645691 seconds
metaTables/vocal_music_demucs_16k/metaData_fma_large/row33451.csv
Execution time: 27.24647855758667 seconds
metaTables/vocal_music_demucs_16k/metaData_fma_large/row33452.csv
Execution time: 27.14991569519043 seconds
metaTables/vocal_music_demucs_16k/metaData_fma_large/row33453.csv
Execution time: 27.05067229270935 seconds
metaTables/vocal_music_demucs_16k/metaData_fma_large/row33454.csv
Execution time: 27.182794094085693 seconds
metaTables/vocal_music_demucs_16k/metaData_fma_large/row33455.csv
Execution time: 26.584019660949707 seconds
metaTables/vocal_music_demucs_16k/metaData_fma_large/row33456.csv
Execution time: 26.263731718063354 seconds
metaTables/vocal_music_demucs_16k/metaData_fma_large/row33457.csv
Execution time: 27.29536247253418 seconds
metaTables/vocal_music_demucs_16k/metaData_fma_large/row33458.csv
Execution time: 27.558395385742188 seconds
metaTables/vocal_music_demucs_16k/metaData_fma_large/row33459.csv
Execution time: 26.447121381759644 seconds
metaTables/vocal_music_demucs_16k/metaData_fma_large/row33460.csv
Execution time: 26.118024826049805 seconds
metaTables/vocal_music_demucs_16k/metaData_fma_large/row33461.csv
Execution time: 27.989964246749878 seconds
metaTables/vocal_music_demucs_16k/metaData_fma_large/row33462.csv
Execution time: 25.535274744033813 seconds
metaTables/vocal_music_demucs_16k/metaData_fma_large/row33463.csv
Execution time: 27.57819151878357 seconds
metaTables/vocal_music_demucs_16k/metaData_fma_large/row33464.csv
Execution time: 26.262715578079224 seconds
metaTables/vocal_music_demucs_16k/metaData_fma_large/row33465.csv
Execution time: 26.390070915222168 seconds
metaTables/vocal_music_demucs_16k/metaData_fma_large/row33466.csv
Execution time: 27.6994411945343 seconds
metaTables/vocal_music_demucs_16k/metaData_fma_large/row33467.csv
Execution time: 26.59613585472107 seconds
metaTables/vocal_music_demucs_16k/metaData_fma_large/row33468.csv
Execution time: 26.70050287246704 seconds
metaTables/vocal_music_demucs_16k/metaData_fma_large/row33469.csv
Execution time: 26.44643211364746 seconds
metaTables/vocal_music_demucs_16k/metaData_fma_large/row33470.csv
Execution time: 26.575037240982056 seconds
metaTables/vocal_music_demucs_16k/metaData_fma_large/row33471.csv
Execution time: 27.013870239257812 seconds
metaTables/vocal_music_demucs_16k/metaData_fma_large/row33472.csv
Execution time: 26.499632835388184 seconds
metaTables/vocal_music_demucs_16k/metaData_fma_large/row33473.csv
Execution time: 26.568223237991333 seconds
metaTables/vocal_music_demucs_16k/metaData_fma_large/row33474.csv
Execution time: 27.053997039794922 seconds
metaTables/vocal_music_demucs_16k/metaData_fma_large/row33475.csv
Execution time: 26.464948415756226 seconds
metaTables/vocal_music_demucs_16k/metaData_fma_large/row33476.csv
Execution time: 27.621030807495117 seconds
metaTables/vocal_music_demucs_16k/metaData_fma_large/row33477.csv
Execution time: 26.829697847366333 seconds
metaTables/vocal_music_demucs_16k/metaData_fma_large/row33478.csv
Execution time: 27.622192859649658 seconds
metaTables/vocal_music_demucs_16k/metaData_fma_large/row33479.csv
Execution time: 26.834312200546265 seconds
metaTables/vocal_music_demucs_16k/metaData_fma_large/row33480.csv
Execution time: 25.667423009872437 seconds
metaTables/vocal_music_demucs_16k/metaData_fma_large/row33481.csv
Execution time: 27.341870307922363 seconds
metaTables/vocal_music_demucs_16k/metaData_fma_large/row33482.csv
Execution time: 26.99594736099243 seconds
metaTables/vocal_music_demucs_16k/metaData_fma_large/row33483.csv
Execution time: 26.46486473083496 seconds
metaTables/vocal_music_demucs_16k/metaData_fma_large/row33484.csv
Execution time: 26.173648595809937 seconds
metaTables/vocal_music_demucs_16k/metaData_fma_large/row33485.csv
Execution time: 27.055360794067383 seconds
metaTables/vocal_music_demucs_16k/metaData_fma_large/row33486.csv
Execution time: 27.501856803894043 seconds
metaTables/vocal_music_demucs_16k/metaData_fma_large/row33487.csv
Execution time: 26.707125663757324 seconds
metaTables/vocal_music_demucs_16k/metaData_fma_large/row33488.csv
Execution time: 26.422900438308716 seconds
metaTables/vocal_music_demucs_16k/metaData_fma_large/row33489.csv
Execution time: 25.79714584350586 seconds
metaTables/vocal_music_demucs_16k/metaData_fma_large/row33490.csv
Execution time: 27.583540439605713 seconds
metaTables/vocal_music_demucs_16k/metaData_fma_large/row33491.csv
Execution time: 26.91027283668518 seconds
metaTables/vocal_music_demucs_16k/metaData_fma_large/row33492.csv
Execution time: 27.978846073150635 seconds
metaTables/vocal_music_demucs_16k/metaData_fma_large/row33493.csv
Execution time: 26.827098846435547 seconds
metaTables/vocal_music_demucs_16k/metaData_fma_large/row33494.csv
Execution time: 26.85920262336731 seconds
metaTables/vocal_music_demucs_16k/metaData_fma_large/row33495.csv
Execution time: 26.310402631759644 seconds
metaTables/vocal_music_demucs_16k/metaData_fma_large/row33496.csv
Execution time: 27.274272680282593 seconds
metaTables/vocal_music_demucs_16k/metaData_fma_large/row33497.csv
Execution time: 26.43691086769104 seconds
metaTables/vocal_music_demucs_16k/metaData_fma_large/row33498.csv
Execution time: 25.85710906982422 seconds
metaTables/vocal_music_demucs_16k/metaData_fma_large/row33499.csv
Demucs voice recognition done!
