/ext3/demucs/lib/python3.9/site-packages/demucs/api.py:27: UserWarning: TorchAudio's global backend is now deprecated. Please enable distpatcher by setting `TORCHAUDIO_USE_BACKEND_DISPATCHER=1`, and specify backend when calling load/info/save function.
  import torchaudio as ta
2024-05-08 23:36:03.870426: I tensorflow/core/util/port.cc:113] oneDNN custom operations are on. You may see slightly different numerical results due to floating-point round-off errors from different computation orders. To turn them off, set the environment variable `TF_ENABLE_ONEDNN_OPTS=0`.
2024-05-08 23:36:08.296635: E external/local_xla/xla/stream_executor/cuda/cuda_dnn.cc:9261] Unable to register cuDNN factory: Attempting to register factory for plugin cuDNN when one has already been registered
2024-05-08 23:36:08.296671: E external/local_xla/xla/stream_executor/cuda/cuda_fft.cc:607] Unable to register cuFFT factory: Attempting to register factory for plugin cuFFT when one has already been registered
2024-05-08 23:36:08.681627: E external/local_xla/xla/stream_executor/cuda/cuda_blas.cc:1515] Unable to register cuBLAS factory: Attempting to register factory for plugin cuBLAS when one has already been registered
2024-05-08 23:36:09.150714: I tensorflow/core/platform/cpu_feature_guard.cc:182] This TensorFlow binary is optimized to use available CPU instructions in performance-critical operations.
To enable the following instructions: AVX2 AVX512F AVX512_VNNI FMA, in other operations, rebuild TensorFlow with the appropriate compiler flags.
2024-05-08 23:36:12.528915: W tensorflow/compiler/tf2tensorrt/utils/py_utils.cc:38] TF-TRT Warning: Could not find TensorRT
Execution time: 33.9557204246521 seconds
metaTables/vocal_music_demucs_16k/metaData_fma_large/row28000.csv
Execution time: 29.927464723587036 seconds
metaTables/vocal_music_demucs_16k/metaData_fma_large/row28001.csv
Execution time: 28.735480308532715 seconds
metaTables/vocal_music_demucs_16k/metaData_fma_large/row28002.csv
Execution time: 28.304020166397095 seconds
metaTables/vocal_music_demucs_16k/metaData_fma_large/row28003.csv
Execution time: 28.31506323814392 seconds
metaTables/vocal_music_demucs_16k/metaData_fma_large/row28004.csv
Execution time: 28.296831607818604 seconds
metaTables/vocal_music_demucs_16k/metaData_fma_large/row28005.csv
Execution time: 29.003785371780396 seconds
metaTables/vocal_music_demucs_16k/metaData_fma_large/row28006.csv
Execution time: 28.46104121208191 seconds
metaTables/vocal_music_demucs_16k/metaData_fma_large/row28007.csv
Execution time: 30.418107986450195 seconds
metaTables/vocal_music_demucs_16k/metaData_fma_large/row28008.csv
Execution time: 28.43691110610962 seconds
metaTables/vocal_music_demucs_16k/metaData_fma_large/row28009.csv
Execution time: 28.12343978881836 seconds
metaTables/vocal_music_demucs_16k/metaData_fma_large/row28010.csv
Execution time: 27.865294933319092 seconds
metaTables/vocal_music_demucs_16k/metaData_fma_large/row28011.csv
Execution time: 29.16608953475952 seconds
metaTables/vocal_music_demucs_16k/metaData_fma_large/row28012.csv
Execution time: 27.785874128341675 seconds
metaTables/vocal_music_demucs_16k/metaData_fma_large/row28013.csv
Execution time: 29.527746438980103 seconds
metaTables/vocal_music_demucs_16k/metaData_fma_large/row28014.csv
Execution time: 27.37337040901184 seconds
metaTables/vocal_music_demucs_16k/metaData_fma_large/row28015.csv
Execution time: 30.03453826904297 seconds
metaTables/vocal_music_demucs_16k/metaData_fma_large/row28016.csv
Execution time: 29.730623722076416 seconds
metaTables/vocal_music_demucs_16k/metaData_fma_large/row28017.csv
Execution time: 28.48427152633667 seconds
metaTables/vocal_music_demucs_16k/metaData_fma_large/row28018.csv
Execution time: 28.999374628067017 seconds
metaTables/vocal_music_demucs_16k/metaData_fma_large/row28019.csv
Execution time: 28.56519079208374 seconds
metaTables/vocal_music_demucs_16k/metaData_fma_large/row28020.csv
Execution time: 29.061477422714233 seconds
metaTables/vocal_music_demucs_16k/metaData_fma_large/row28021.csv
Execution time: 28.874473094940186 seconds
metaTables/vocal_music_demucs_16k/metaData_fma_large/row28022.csv
Execution time: 28.7912335395813 seconds
metaTables/vocal_music_demucs_16k/metaData_fma_large/row28023.csv
Execution time: 28.820552587509155 seconds
metaTables/vocal_music_demucs_16k/metaData_fma_large/row28024.csv
Execution time: 27.63565468788147 seconds
metaTables/vocal_music_demucs_16k/metaData_fma_large/row28025.csv
Execution time: 28.283068895339966 seconds
metaTables/vocal_music_demucs_16k/metaData_fma_large/row28026.csv
Execution time: 28.409966945648193 seconds
metaTables/vocal_music_demucs_16k/metaData_fma_large/row28027.csv
Execution time: 28.30232572555542 seconds
metaTables/vocal_music_demucs_16k/metaData_fma_large/row28028.csv
Execution time: 28.62413001060486 seconds
metaTables/vocal_music_demucs_16k/metaData_fma_large/row28029.csv
Execution time: 27.926928520202637 seconds
metaTables/vocal_music_demucs_16k/metaData_fma_large/row28030.csv
Execution time: 28.592403173446655 seconds
metaTables/vocal_music_demucs_16k/metaData_fma_large/row28031.csv
Execution time: 28.48639225959778 seconds
metaTables/vocal_music_demucs_16k/metaData_fma_large/row28032.csv
Execution time: 28.36636209487915 seconds
metaTables/vocal_music_demucs_16k/metaData_fma_large/row28033.csv
Execution time: 29.25290322303772 seconds
metaTables/vocal_music_demucs_16k/metaData_fma_large/row28034.csv
Execution time: 28.48982334136963 seconds
metaTables/vocal_music_demucs_16k/metaData_fma_large/row28035.csv
Execution time: 28.46421790122986 seconds
metaTables/vocal_music_demucs_16k/metaData_fma_large/row28036.csv
Execution time: 28.050352573394775 seconds
metaTables/vocal_music_demucs_16k/metaData_fma_large/row28037.csv
Execution time: 30.335370779037476 seconds
metaTables/vocal_music_demucs_16k/metaData_fma_large/row28038.csv
Execution time: 29.74578285217285 seconds
metaTables/vocal_music_demucs_16k/metaData_fma_large/row28039.csv
Execution time: 29.519853830337524 seconds
metaTables/vocal_music_demucs_16k/metaData_fma_large/row28040.csv
Execution time: 27.995994567871094 seconds
metaTables/vocal_music_demucs_16k/metaData_fma_large/row28041.csv
Execution time: 28.3624107837677 seconds
metaTables/vocal_music_demucs_16k/metaData_fma_large/row28042.csv
Execution time: 28.21841073036194 seconds
metaTables/vocal_music_demucs_16k/metaData_fma_large/row28043.csv
Execution time: 28.299360275268555 seconds
metaTables/vocal_music_demucs_16k/metaData_fma_large/row28044.csv
Execution time: 28.34417462348938 seconds
metaTables/vocal_music_demucs_16k/metaData_fma_large/row28045.csv
Execution time: 28.59670639038086 seconds
metaTables/vocal_music_demucs_16k/metaData_fma_large/row28046.csv
Execution time: 28.45868968963623 seconds
metaTables/vocal_music_demucs_16k/metaData_fma_large/row28047.csv
Execution time: 28.721109628677368 seconds
metaTables/vocal_music_demucs_16k/metaData_fma_large/row28048.csv
Execution time: 28.7361798286438 seconds
metaTables/vocal_music_demucs_16k/metaData_fma_large/row28049.csv
Execution time: 28.89729356765747 seconds
metaTables/vocal_music_demucs_16k/metaData_fma_large/row28050.csv
Execution time: 28.019203424453735 seconds
metaTables/vocal_music_demucs_16k/metaData_fma_large/row28051.csv
Execution time: 29.37972927093506 seconds
metaTables/vocal_music_demucs_16k/metaData_fma_large/row28052.csv
Execution time: 29.387343645095825 seconds
metaTables/vocal_music_demucs_16k/metaData_fma_large/row28053.csv
Execution time: 30.009079694747925 seconds
metaTables/vocal_music_demucs_16k/metaData_fma_large/row28054.csv
Execution time: 28.111164808273315 seconds
metaTables/vocal_music_demucs_16k/metaData_fma_large/row28055.csv
Execution time: 29.295183420181274 seconds
metaTables/vocal_music_demucs_16k/metaData_fma_large/row28056.csv
Execution time: 29.050875663757324 seconds
metaTables/vocal_music_demucs_16k/metaData_fma_large/row28057.csv
Execution time: 29.23546028137207 seconds
metaTables/vocal_music_demucs_16k/metaData_fma_large/row28058.csv
Execution time: 28.841228485107422 seconds
metaTables/vocal_music_demucs_16k/metaData_fma_large/row28059.csv
Execution time: 29.101632833480835 seconds
metaTables/vocal_music_demucs_16k/metaData_fma_large/row28060.csv
Execution time: 27.9864284992218 seconds
metaTables/vocal_music_demucs_16k/metaData_fma_large/row28061.csv
Execution time: 29.048255443572998 seconds
metaTables/vocal_music_demucs_16k/metaData_fma_large/row28062.csv
Execution time: 27.014904260635376 seconds
metaTables/vocal_music_demucs_16k/metaData_fma_large/row28063.csv
Execution time: 27.649771690368652 seconds
metaTables/vocal_music_demucs_16k/metaData_fma_large/row28064.csv
Execution time: 27.917768955230713 seconds
metaTables/vocal_music_demucs_16k/metaData_fma_large/row28065.csv
Execution time: 28.950998783111572 seconds
metaTables/vocal_music_demucs_16k/metaData_fma_large/row28066.csv
Execution time: 28.841826915740967 seconds
metaTables/vocal_music_demucs_16k/metaData_fma_large/row28067.csv
Execution time: 29.426295518875122 seconds
metaTables/vocal_music_demucs_16k/metaData_fma_large/row28068.csv
Execution time: 28.35202980041504 seconds
metaTables/vocal_music_demucs_16k/metaData_fma_large/row28069.csv
Execution time: 28.784355640411377 seconds
metaTables/vocal_music_demucs_16k/metaData_fma_large/row28070.csv
Execution time: 28.424599409103394 seconds
metaTables/vocal_music_demucs_16k/metaData_fma_large/row28071.csv
Execution time: 28.017434120178223 seconds
metaTables/vocal_music_demucs_16k/metaData_fma_large/row28072.csv
Execution time: 28.16944432258606 seconds
metaTables/vocal_music_demucs_16k/metaData_fma_large/row28073.csv
Execution time: 27.549846649169922 seconds
metaTables/vocal_music_demucs_16k/metaData_fma_large/row28074.csv
Execution time: 27.3947114944458 seconds
metaTables/vocal_music_demucs_16k/metaData_fma_large/row28075.csv
Execution time: 28.405755758285522 seconds
metaTables/vocal_music_demucs_16k/metaData_fma_large/row28076.csv
Execution time: 27.64625120162964 seconds
metaTables/vocal_music_demucs_16k/metaData_fma_large/row28077.csv
Execution time: 27.4266140460968 seconds
metaTables/vocal_music_demucs_16k/metaData_fma_large/row28078.csv
Execution time: 28.574500799179077 seconds
metaTables/vocal_music_demucs_16k/metaData_fma_large/row28079.csv
Execution time: 29.062397480010986 seconds
metaTables/vocal_music_demucs_16k/metaData_fma_large/row28080.csv
Execution time: 28.218067169189453 seconds
metaTables/vocal_music_demucs_16k/metaData_fma_large/row28081.csv
Execution time: 28.946703910827637 seconds
metaTables/vocal_music_demucs_16k/metaData_fma_large/row28082.csv
Execution time: 28.44160270690918 seconds
metaTables/vocal_music_demucs_16k/metaData_fma_large/row28083.csv
Execution time: 28.526947736740112 seconds
metaTables/vocal_music_demucs_16k/metaData_fma_large/row28084.csv
Execution time: 29.390952348709106 seconds
metaTables/vocal_music_demucs_16k/metaData_fma_large/row28085.csv
Execution time: 29.03310537338257 seconds
metaTables/vocal_music_demucs_16k/metaData_fma_large/row28086.csv
Execution time: 28.647540807724 seconds
metaTables/vocal_music_demucs_16k/metaData_fma_large/row28087.csv
Execution time: 27.810623168945312 seconds
metaTables/vocal_music_demucs_16k/metaData_fma_large/row28088.csv
Execution time: 28.43783211708069 seconds
metaTables/vocal_music_demucs_16k/metaData_fma_large/row28089.csv
Execution time: 29.219114780426025 seconds
metaTables/vocal_music_demucs_16k/metaData_fma_large/row28090.csv
Execution time: 27.995615482330322 seconds
metaTables/vocal_music_demucs_16k/metaData_fma_large/row28091.csv
Execution time: 28.011811017990112 seconds
metaTables/vocal_music_demucs_16k/metaData_fma_large/row28092.csv
Execution time: 28.145185232162476 seconds
metaTables/vocal_music_demucs_16k/metaData_fma_large/row28093.csv
Execution time: 28.60010600090027 seconds
metaTables/vocal_music_demucs_16k/metaData_fma_large/row28094.csv
Execution time: 28.73920440673828 seconds
metaTables/vocal_music_demucs_16k/metaData_fma_large/row28095.csv
Execution time: 29.02566385269165 seconds
metaTables/vocal_music_demucs_16k/metaData_fma_large/row28096.csv
Execution time: 27.313189029693604 seconds
metaTables/vocal_music_demucs_16k/metaData_fma_large/row28097.csv
Execution time: 28.245784997940063 seconds
metaTables/vocal_music_demucs_16k/metaData_fma_large/row28098.csv
Execution time: 25.821229934692383 seconds
metaTables/vocal_music_demucs_16k/metaData_fma_large/row28099.csv
Demucs voice recognition done!
