/ext3/demucs/lib/python3.9/site-packages/demucs/api.py:27: UserWarning: TorchAudio's global backend is now deprecated. Please enable distpatcher by setting `TORCHAUDIO_USE_BACKEND_DISPATCHER=1`, and specify backend when calling load/info/save function.
  import torchaudio as ta
2024-05-10 02:03:25.260750: I tensorflow/core/util/port.cc:113] oneDNN custom operations are on. You may see slightly different numerical results due to floating-point round-off errors from different computation orders. To turn them off, set the environment variable `TF_ENABLE_ONEDNN_OPTS=0`.
2024-05-10 02:03:25.503133: E external/local_xla/xla/stream_executor/cuda/cuda_dnn.cc:9261] Unable to register cuDNN factory: Attempting to register factory for plugin cuDNN when one has already been registered
2024-05-10 02:03:25.503177: E external/local_xla/xla/stream_executor/cuda/cuda_fft.cc:607] Unable to register cuFFT factory: Attempting to register factory for plugin cuFFT when one has already been registered
2024-05-10 02:03:25.532111: E external/local_xla/xla/stream_executor/cuda/cuda_blas.cc:1515] Unable to register cuBLAS factory: Attempting to register factory for plugin cuBLAS when one has already been registered
2024-05-10 02:03:25.569605: I tensorflow/core/platform/cpu_feature_guard.cc:182] This TensorFlow binary is optimized to use available CPU instructions in performance-critical operations.
To enable the following instructions: AVX2 AVX512F AVX512_VNNI FMA, in other operations, rebuild TensorFlow with the appropriate compiler flags.
2024-05-10 02:03:26.498268: W tensorflow/compiler/tf2tensorrt/utils/py_utils.cc:38] TF-TRT Warning: Could not find TensorRT
Execution time: 26.685035705566406 seconds
metaTables/vocal_music_demucs_16k/metaData_fma_large/row86100.csv
Execution time: 25.047523260116577 seconds
metaTables/vocal_music_demucs_16k/metaData_fma_large/row86101.csv
Execution time: 25.731410026550293 seconds
metaTables/vocal_music_demucs_16k/metaData_fma_large/row86102.csv
Execution time: 25.04557228088379 seconds
metaTables/vocal_music_demucs_16k/metaData_fma_large/row86103.csv
Execution time: 26.22164249420166 seconds
metaTables/vocal_music_demucs_16k/metaData_fma_large/row86104.csv
Execution time: 25.186764001846313 seconds
metaTables/vocal_music_demucs_16k/metaData_fma_large/row86105.csv
Execution time: 25.97157573699951 seconds
metaTables/vocal_music_demucs_16k/metaData_fma_large/row86106.csv
Execution time: 24.997971057891846 seconds
metaTables/vocal_music_demucs_16k/metaData_fma_large/row86107.csv
Execution time: 25.202924966812134 seconds
metaTables/vocal_music_demucs_16k/metaData_fma_large/row86108.csv
Execution time: 24.493149995803833 seconds
metaTables/vocal_music_demucs_16k/metaData_fma_large/row86109.csv
Execution time: 26.18516755104065 seconds
metaTables/vocal_music_demucs_16k/metaData_fma_large/row86110.csv
Execution time: 24.9476637840271 seconds
metaTables/vocal_music_demucs_16k/metaData_fma_large/row86111.csv
Execution time: 24.49011540412903 seconds
metaTables/vocal_music_demucs_16k/metaData_fma_large/row86112.csv
Execution time: 24.839173078536987 seconds
metaTables/vocal_music_demucs_16k/metaData_fma_large/row86113.csv
Execution time: 25.06454348564148 seconds
metaTables/vocal_music_demucs_16k/metaData_fma_large/row86114.csv
Execution time: 24.923964500427246 seconds
metaTables/vocal_music_demucs_16k/metaData_fma_large/row86115.csv
Execution time: 24.806036710739136 seconds
metaTables/vocal_music_demucs_16k/metaData_fma_large/row86116.csv
Execution time: 24.984404802322388 seconds
metaTables/vocal_music_demucs_16k/metaData_fma_large/row86117.csv
Execution time: 24.86993646621704 seconds
metaTables/vocal_music_demucs_16k/metaData_fma_large/row86118.csv
Execution time: 24.11843514442444 seconds
metaTables/vocal_music_demucs_16k/metaData_fma_large/row86119.csv
Execution time: 25.167865753173828 seconds
metaTables/vocal_music_demucs_16k/metaData_fma_large/row86120.csv
Execution time: 24.758538961410522 seconds
metaTables/vocal_music_demucs_16k/metaData_fma_large/row86121.csv
Execution time: 24.506279230117798 seconds
metaTables/vocal_music_demucs_16k/metaData_fma_large/row86122.csv
Execution time: 25.300818920135498 seconds
metaTables/vocal_music_demucs_16k/metaData_fma_large/row86123.csv
Execution time: 25.121389389038086 seconds
metaTables/vocal_music_demucs_16k/metaData_fma_large/row86124.csv
Execution time: 26.18787980079651 seconds
metaTables/vocal_music_demucs_16k/metaData_fma_large/row86125.csv
Execution time: 24.78986692428589 seconds
metaTables/vocal_music_demucs_16k/metaData_fma_large/row86126.csv
Execution time: 24.367799043655396 seconds
metaTables/vocal_music_demucs_16k/metaData_fma_large/row86127.csv
Execution time: 25.22419762611389 seconds
metaTables/vocal_music_demucs_16k/metaData_fma_large/row86128.csv
Execution time: 25.021228075027466 seconds
metaTables/vocal_music_demucs_16k/metaData_fma_large/row86129.csv
Execution time: 25.530324935913086 seconds
metaTables/vocal_music_demucs_16k/metaData_fma_large/row86130.csv
Execution time: 24.431458950042725 seconds
metaTables/vocal_music_demucs_16k/metaData_fma_large/row86131.csv
Execution time: 24.843536138534546 seconds
metaTables/vocal_music_demucs_16k/metaData_fma_large/row86132.csv
Execution time: 25.335897207260132 seconds
metaTables/vocal_music_demucs_16k/metaData_fma_large/row86133.csv
Execution time: 25.04041337966919 seconds
metaTables/vocal_music_demucs_16k/metaData_fma_large/row86134.csv
Execution time: 24.480351209640503 seconds
metaTables/vocal_music_demucs_16k/metaData_fma_large/row86135.csv
Execution time: 24.352962017059326 seconds
metaTables/vocal_music_demucs_16k/metaData_fma_large/row86136.csv
Execution time: 24.549176931381226 seconds
metaTables/vocal_music_demucs_16k/metaData_fma_large/row86137.csv
Execution time: 25.169790029525757 seconds
metaTables/vocal_music_demucs_16k/metaData_fma_large/row86138.csv
Execution time: 25.40974450111389 seconds
metaTables/vocal_music_demucs_16k/metaData_fma_large/row86139.csv
Execution time: 24.79554033279419 seconds
metaTables/vocal_music_demucs_16k/metaData_fma_large/row86140.csv
Execution time: 25.319283962249756 seconds
metaTables/vocal_music_demucs_16k/metaData_fma_large/row86141.csv
Execution time: 25.025057077407837 seconds
metaTables/vocal_music_demucs_16k/metaData_fma_large/row86142.csv
Execution time: 25.06694006919861 seconds
metaTables/vocal_music_demucs_16k/metaData_fma_large/row86143.csv
Execution time: 24.935437202453613 seconds
metaTables/vocal_music_demucs_16k/metaData_fma_large/row86144.csv
Execution time: 24.51141381263733 seconds
metaTables/vocal_music_demucs_16k/metaData_fma_large/row86145.csv
Execution time: 26.500494480133057 seconds
metaTables/vocal_music_demucs_16k/metaData_fma_large/row86146.csv
Execution time: 24.88548183441162 seconds
metaTables/vocal_music_demucs_16k/metaData_fma_large/row86147.csv
Execution time: 24.36649203300476 seconds
metaTables/vocal_music_demucs_16k/metaData_fma_large/row86148.csv
Execution time: 25.302990198135376 seconds
metaTables/vocal_music_demucs_16k/metaData_fma_large/row86149.csv
Execution time: 24.946377515792847 seconds
metaTables/vocal_music_demucs_16k/metaData_fma_large/row86150.csv
Execution time: 24.84003710746765 seconds
metaTables/vocal_music_demucs_16k/metaData_fma_large/row86151.csv
Execution time: 24.889466524124146 seconds
metaTables/vocal_music_demucs_16k/metaData_fma_large/row86152.csv
Execution time: 25.255117654800415 seconds
metaTables/vocal_music_demucs_16k/metaData_fma_large/row86153.csv
Execution time: 25.032000303268433 seconds
metaTables/vocal_music_demucs_16k/metaData_fma_large/row86154.csv
Execution time: 24.06426215171814 seconds
metaTables/vocal_music_demucs_16k/metaData_fma_large/row86155.csv
Execution time: 23.21247696876526 seconds
metaTables/vocal_music_demucs_16k/metaData_fma_large/row86156.csv
Execution time: 26.613268613815308 seconds
metaTables/vocal_music_demucs_16k/metaData_fma_large/row86157.csv
Execution time: 25.219979763031006 seconds
metaTables/vocal_music_demucs_16k/metaData_fma_large/row86158.csv
Execution time: 26.10910701751709 seconds
metaTables/vocal_music_demucs_16k/metaData_fma_large/row86159.csv
Execution time: 24.856820344924927 seconds
metaTables/vocal_music_demucs_16k/metaData_fma_large/row86160.csv
Execution time: 25.25288152694702 seconds
metaTables/vocal_music_demucs_16k/metaData_fma_large/row86161.csv
Execution time: 24.247419357299805 seconds
metaTables/vocal_music_demucs_16k/metaData_fma_large/row86162.csv
Execution time: 24.984246730804443 seconds
metaTables/vocal_music_demucs_16k/metaData_fma_large/row86163.csv
Execution time: 25.213662147521973 seconds
metaTables/vocal_music_demucs_16k/metaData_fma_large/row86164.csv
Execution time: 25.08903694152832 seconds
metaTables/vocal_music_demucs_16k/metaData_fma_large/row86165.csv
Execution time: 25.641730546951294 seconds
metaTables/vocal_music_demucs_16k/metaData_fma_large/row86166.csv
Execution time: 24.44219207763672 seconds
metaTables/vocal_music_demucs_16k/metaData_fma_large/row86167.csv
Execution time: 24.238542079925537 seconds
metaTables/vocal_music_demucs_16k/metaData_fma_large/row86168.csv
Execution time: 25.37136745452881 seconds
metaTables/vocal_music_demucs_16k/metaData_fma_large/row86169.csv
Execution time: 26.103116750717163 seconds
metaTables/vocal_music_demucs_16k/metaData_fma_large/row86170.csv
Execution time: 25.32901644706726 seconds
metaTables/vocal_music_demucs_16k/metaData_fma_large/row86171.csv
Execution time: 24.703691005706787 seconds
metaTables/vocal_music_demucs_16k/metaData_fma_large/row86172.csv
Execution time: 24.727907419204712 seconds
metaTables/vocal_music_demucs_16k/metaData_fma_large/row86173.csv
Execution time: 24.97228169441223 seconds
metaTables/vocal_music_demucs_16k/metaData_fma_large/row86174.csv
Execution time: 25.15464186668396 seconds
metaTables/vocal_music_demucs_16k/metaData_fma_large/row86175.csv
Execution time: 24.89452028274536 seconds
metaTables/vocal_music_demucs_16k/metaData_fma_large/row86176.csv
Execution time: 25.52878737449646 seconds
metaTables/vocal_music_demucs_16k/metaData_fma_large/row86177.csv
Execution time: 25.40972113609314 seconds
metaTables/vocal_music_demucs_16k/metaData_fma_large/row86178.csv
Execution time: 25.634140491485596 seconds
metaTables/vocal_music_demucs_16k/metaData_fma_large/row86179.csv
Execution time: 24.722432613372803 seconds
metaTables/vocal_music_demucs_16k/metaData_fma_large/row86180.csv
Execution time: 25.12925410270691 seconds
metaTables/vocal_music_demucs_16k/metaData_fma_large/row86181.csv
Execution time: 25.134509325027466 seconds
metaTables/vocal_music_demucs_16k/metaData_fma_large/row86182.csv
Execution time: 24.303486347198486 seconds
metaTables/vocal_music_demucs_16k/metaData_fma_large/row86183.csv
Execution time: 25.381685256958008 seconds
metaTables/vocal_music_demucs_16k/metaData_fma_large/row86184.csv
Execution time: 23.346306562423706 seconds
metaTables/vocal_music_demucs_16k/metaData_fma_large/row86185.csv
Execution time: 24.135722637176514 seconds
metaTables/vocal_music_demucs_16k/metaData_fma_large/row86186.csv
Execution time: 23.31148338317871 seconds
metaTables/vocal_music_demucs_16k/metaData_fma_large/row86187.csv
Execution time: 25.048677682876587 seconds
metaTables/vocal_music_demucs_16k/metaData_fma_large/row86188.csv
Execution time: 24.921966552734375 seconds
metaTables/vocal_music_demucs_16k/metaData_fma_large/row86189.csv
Execution time: 24.853686809539795 seconds
metaTables/vocal_music_demucs_16k/metaData_fma_large/row86190.csv
Execution time: 24.779322385787964 seconds
metaTables/vocal_music_demucs_16k/metaData_fma_large/row86191.csv
Execution time: 25.43782114982605 seconds
metaTables/vocal_music_demucs_16k/metaData_fma_large/row86192.csv
Execution time: 25.108303785324097 seconds
metaTables/vocal_music_demucs_16k/metaData_fma_large/row86193.csv
Execution time: 24.954005241394043 seconds
metaTables/vocal_music_demucs_16k/metaData_fma_large/row86194.csv
Execution time: 24.058675289154053 seconds
metaTables/vocal_music_demucs_16k/metaData_fma_large/row86195.csv
Execution time: 25.930721759796143 seconds
metaTables/vocal_music_demucs_16k/metaData_fma_large/row86196.csv
Execution time: 24.548123121261597 seconds
metaTables/vocal_music_demucs_16k/metaData_fma_large/row86197.csv
Execution time: 24.849889278411865 seconds
metaTables/vocal_music_demucs_16k/metaData_fma_large/row86198.csv
Execution time: 24.321846961975098 seconds
metaTables/vocal_music_demucs_16k/metaData_fma_large/row86199.csv
Demucs voice recognition done!
