/ext3/demucs/lib/python3.9/site-packages/demucs/api.py:27: UserWarning: TorchAudio's global backend is now deprecated. Please enable distpatcher by setting `TORCHAUDIO_USE_BACKEND_DISPATCHER=1`, and specify backend when calling load/info/save function.
  import torchaudio as ta
2024-05-10 02:05:24.636182: I tensorflow/core/util/port.cc:113] oneDNN custom operations are on. You may see slightly different numerical results due to floating-point round-off errors from different computation orders. To turn them off, set the environment variable `TF_ENABLE_ONEDNN_OPTS=0`.
2024-05-10 02:05:25.044944: E external/local_xla/xla/stream_executor/cuda/cuda_dnn.cc:9261] Unable to register cuDNN factory: Attempting to register factory for plugin cuDNN when one has already been registered
2024-05-10 02:05:25.045343: E external/local_xla/xla/stream_executor/cuda/cuda_fft.cc:607] Unable to register cuFFT factory: Attempting to register factory for plugin cuFFT when one has already been registered
2024-05-10 02:05:25.065232: E external/local_xla/xla/stream_executor/cuda/cuda_blas.cc:1515] Unable to register cuBLAS factory: Attempting to register factory for plugin cuBLAS when one has already been registered
2024-05-10 02:05:25.103845: I tensorflow/core/platform/cpu_feature_guard.cc:182] This TensorFlow binary is optimized to use available CPU instructions in performance-critical operations.
To enable the following instructions: AVX2 AVX512F AVX512_VNNI FMA, in other operations, rebuild TensorFlow with the appropriate compiler flags.
2024-05-10 02:05:26.050116: W tensorflow/compiler/tf2tensorrt/utils/py_utils.cc:38] TF-TRT Warning: Could not find TensorRT
Execution time: 25.750559091567993 seconds
metaTables/vocal_music_demucs_16k/metaData_fma_large/row97200.csv
Execution time: 24.400856018066406 seconds
metaTables/vocal_music_demucs_16k/metaData_fma_large/row97201.csv
Execution time: 25.67389416694641 seconds
metaTables/vocal_music_demucs_16k/metaData_fma_large/row97202.csv
Execution time: 24.949827909469604 seconds
metaTables/vocal_music_demucs_16k/metaData_fma_large/row97203.csv
Execution time: 24.177140474319458 seconds
metaTables/vocal_music_demucs_16k/metaData_fma_large/row97204.csv
Execution time: 24.199147701263428 seconds
metaTables/vocal_music_demucs_16k/metaData_fma_large/row97205.csv
Execution time: 24.63205313682556 seconds
metaTables/vocal_music_demucs_16k/metaData_fma_large/row97206.csv
Execution time: 25.856078386306763 seconds
metaTables/vocal_music_demucs_16k/metaData_fma_large/row97207.csv
Execution time: 25.680777549743652 seconds
metaTables/vocal_music_demucs_16k/metaData_fma_large/row97208.csv
Execution time: 24.00466752052307 seconds
metaTables/vocal_music_demucs_16k/metaData_fma_large/row97209.csv
Execution time: 24.85866689682007 seconds
metaTables/vocal_music_demucs_16k/metaData_fma_large/row97210.csv
Execution time: 24.90173840522766 seconds
metaTables/vocal_music_demucs_16k/metaData_fma_large/row97211.csv
Execution time: 24.67472505569458 seconds
metaTables/vocal_music_demucs_16k/metaData_fma_large/row97212.csv
Execution time: 24.281315565109253 seconds
metaTables/vocal_music_demucs_16k/metaData_fma_large/row97213.csv
Execution time: 23.934345960617065 seconds
metaTables/vocal_music_demucs_16k/metaData_fma_large/row97214.csv
Execution time: 24.64937734603882 seconds
metaTables/vocal_music_demucs_16k/metaData_fma_large/row97215.csv
Execution time: 24.68262791633606 seconds
metaTables/vocal_music_demucs_16k/metaData_fma_large/row97216.csv
Execution time: 25.096271753311157 seconds
metaTables/vocal_music_demucs_16k/metaData_fma_large/row97217.csv
Execution time: 25.85267424583435 seconds
metaTables/vocal_music_demucs_16k/metaData_fma_large/row97218.csv
Execution time: 24.773316144943237 seconds
metaTables/vocal_music_demucs_16k/metaData_fma_large/row97219.csv
Execution time: 25.022773265838623 seconds
metaTables/vocal_music_demucs_16k/metaData_fma_large/row97220.csv
Execution time: 24.53469681739807 seconds
metaTables/vocal_music_demucs_16k/metaData_fma_large/row97221.csv
Execution time: 24.636295557022095 seconds
metaTables/vocal_music_demucs_16k/metaData_fma_large/row97222.csv
Execution time: 24.234666109085083 seconds
metaTables/vocal_music_demucs_16k/metaData_fma_large/row97223.csv
Execution time: 24.122596979141235 seconds
metaTables/vocal_music_demucs_16k/metaData_fma_large/row97224.csv
Execution time: 24.319523811340332 seconds
metaTables/vocal_music_demucs_16k/metaData_fma_large/row97225.csv
Execution time: 24.076420307159424 seconds
metaTables/vocal_music_demucs_16k/metaData_fma_large/row97226.csv
Execution time: 24.50791597366333 seconds
metaTables/vocal_music_demucs_16k/metaData_fma_large/row97227.csv
Execution time: 24.836827516555786 seconds
metaTables/vocal_music_demucs_16k/metaData_fma_large/row97228.csv
Execution time: 24.02433204650879 seconds
metaTables/vocal_music_demucs_16k/metaData_fma_large/row97229.csv
Execution time: 24.50898504257202 seconds
metaTables/vocal_music_demucs_16k/metaData_fma_large/row97230.csv
Execution time: 24.252503156661987 seconds
metaTables/vocal_music_demucs_16k/metaData_fma_large/row97231.csv
Execution time: 24.1672203540802 seconds
metaTables/vocal_music_demucs_16k/metaData_fma_large/row97232.csv
Execution time: 24.343244314193726 seconds
metaTables/vocal_music_demucs_16k/metaData_fma_large/row97233.csv
Execution time: 25.276172399520874 seconds
metaTables/vocal_music_demucs_16k/metaData_fma_large/row97234.csv
Execution time: 24.529438495635986 seconds
metaTables/vocal_music_demucs_16k/metaData_fma_large/row97235.csv
Execution time: 25.118035316467285 seconds
metaTables/vocal_music_demucs_16k/metaData_fma_large/row97236.csv
Execution time: 24.775596141815186 seconds
metaTables/vocal_music_demucs_16k/metaData_fma_large/row97237.csv
Execution time: 24.77316641807556 seconds
metaTables/vocal_music_demucs_16k/metaData_fma_large/row97238.csv
Execution time: 24.0068781375885 seconds
metaTables/vocal_music_demucs_16k/metaData_fma_large/row97239.csv
Execution time: 24.984586477279663 seconds
metaTables/vocal_music_demucs_16k/metaData_fma_large/row97240.csv
Execution time: 23.914154767990112 seconds
metaTables/vocal_music_demucs_16k/metaData_fma_large/row97241.csv
Execution time: 24.134201765060425 seconds
metaTables/vocal_music_demucs_16k/metaData_fma_large/row97242.csv
Execution time: 24.204283952713013 seconds
metaTables/vocal_music_demucs_16k/metaData_fma_large/row97243.csv
Execution time: 25.123734951019287 seconds
metaTables/vocal_music_demucs_16k/metaData_fma_large/row97244.csv
Execution time: 25.242878675460815 seconds
metaTables/vocal_music_demucs_16k/metaData_fma_large/row97245.csv
Execution time: 25.113710641860962 seconds
metaTables/vocal_music_demucs_16k/metaData_fma_large/row97246.csv
Execution time: 24.250285863876343 seconds
metaTables/vocal_music_demucs_16k/metaData_fma_large/row97247.csv
Execution time: 23.82194709777832 seconds
metaTables/vocal_music_demucs_16k/metaData_fma_large/row97248.csv
Execution time: 23.758585453033447 seconds
metaTables/vocal_music_demucs_16k/metaData_fma_large/row97249.csv
Execution time: 24.743810892105103 seconds
metaTables/vocal_music_demucs_16k/metaData_fma_large/row97250.csv
Execution time: 24.870602130889893 seconds
metaTables/vocal_music_demucs_16k/metaData_fma_large/row97251.csv
Execution time: 26.37747049331665 seconds
metaTables/vocal_music_demucs_16k/metaData_fma_large/row97252.csv
Execution time: 24.4609215259552 seconds
metaTables/vocal_music_demucs_16k/metaData_fma_large/row97253.csv
Execution time: 24.077165603637695 seconds
metaTables/vocal_music_demucs_16k/metaData_fma_large/row97254.csv
Execution time: 24.415589809417725 seconds
metaTables/vocal_music_demucs_16k/metaData_fma_large/row97255.csv
Execution time: 24.409372568130493 seconds
metaTables/vocal_music_demucs_16k/metaData_fma_large/row97256.csv
Execution time: 25.2578604221344 seconds
metaTables/vocal_music_demucs_16k/metaData_fma_large/row97257.csv
Execution time: 24.82539129257202 seconds
metaTables/vocal_music_demucs_16k/metaData_fma_large/row97258.csv
Execution time: 24.459664583206177 seconds
metaTables/vocal_music_demucs_16k/metaData_fma_large/row97259.csv
Execution time: 24.728635787963867 seconds
metaTables/vocal_music_demucs_16k/metaData_fma_large/row97260.csv
Execution time: 24.672369480133057 seconds
metaTables/vocal_music_demucs_16k/metaData_fma_large/row97261.csv
Execution time: 24.99724292755127 seconds
metaTables/vocal_music_demucs_16k/metaData_fma_large/row97262.csv
Execution time: 24.29460334777832 seconds
metaTables/vocal_music_demucs_16k/metaData_fma_large/row97263.csv
Execution time: 24.537813901901245 seconds
metaTables/vocal_music_demucs_16k/metaData_fma_large/row97264.csv
Execution time: 24.886168241500854 seconds
metaTables/vocal_music_demucs_16k/metaData_fma_large/row97265.csv
Execution time: 24.015274047851562 seconds
metaTables/vocal_music_demucs_16k/metaData_fma_large/row97266.csv
Execution time: 25.12763285636902 seconds
metaTables/vocal_music_demucs_16k/metaData_fma_large/row97267.csv
Execution time: 23.852315425872803 seconds
metaTables/vocal_music_demucs_16k/metaData_fma_large/row97268.csv
Execution time: 23.76390838623047 seconds
metaTables/vocal_music_demucs_16k/metaData_fma_large/row97269.csv
Execution time: 24.241554260253906 seconds
metaTables/vocal_music_demucs_16k/metaData_fma_large/row97270.csv
Execution time: 23.841659545898438 seconds
metaTables/vocal_music_demucs_16k/metaData_fma_large/row97271.csv
Execution time: 24.470845222473145 seconds
metaTables/vocal_music_demucs_16k/metaData_fma_large/row97272.csv
Execution time: 24.409558534622192 seconds
metaTables/vocal_music_demucs_16k/metaData_fma_large/row97273.csv
Execution time: 24.94712543487549 seconds
metaTables/vocal_music_demucs_16k/metaData_fma_large/row97274.csv
Execution time: 24.518792867660522 seconds
metaTables/vocal_music_demucs_16k/metaData_fma_large/row97275.csv
Execution time: 24.354851722717285 seconds
metaTables/vocal_music_demucs_16k/metaData_fma_large/row97276.csv
Execution time: 23.89891815185547 seconds
metaTables/vocal_music_demucs_16k/metaData_fma_large/row97277.csv
Execution time: 24.169132947921753 seconds
metaTables/vocal_music_demucs_16k/metaData_fma_large/row97278.csv
Execution time: 24.38330578804016 seconds
metaTables/vocal_music_demucs_16k/metaData_fma_large/row97279.csv
Execution time: 24.304834842681885 seconds
metaTables/vocal_music_demucs_16k/metaData_fma_large/row97280.csv
Execution time: 25.130598306655884 seconds
metaTables/vocal_music_demucs_16k/metaData_fma_large/row97281.csv
Execution time: 25.437124490737915 seconds
metaTables/vocal_music_demucs_16k/metaData_fma_large/row97282.csv
Execution time: 24.601573705673218 seconds
metaTables/vocal_music_demucs_16k/metaData_fma_large/row97283.csv
Execution time: 24.55701470375061 seconds
metaTables/vocal_music_demucs_16k/metaData_fma_large/row97284.csv
Execution time: 24.634182691574097 seconds
metaTables/vocal_music_demucs_16k/metaData_fma_large/row97285.csv
Execution time: 24.81726861000061 seconds
metaTables/vocal_music_demucs_16k/metaData_fma_large/row97286.csv
Execution time: 24.62151074409485 seconds
metaTables/vocal_music_demucs_16k/metaData_fma_large/row97287.csv
Execution time: 24.257973670959473 seconds
metaTables/vocal_music_demucs_16k/metaData_fma_large/row97288.csv
Execution time: 24.358007192611694 seconds
metaTables/vocal_music_demucs_16k/metaData_fma_large/row97289.csv
Execution time: 24.04248881340027 seconds
metaTables/vocal_music_demucs_16k/metaData_fma_large/row97290.csv
Execution time: 24.649742126464844 seconds
metaTables/vocal_music_demucs_16k/metaData_fma_large/row97291.csv
Execution time: 24.01661705970764 seconds
metaTables/vocal_music_demucs_16k/metaData_fma_large/row97292.csv
Execution time: 24.48783779144287 seconds
metaTables/vocal_music_demucs_16k/metaData_fma_large/row97293.csv
Execution time: 24.767509698867798 seconds
metaTables/vocal_music_demucs_16k/metaData_fma_large/row97294.csv
Execution time: 26.39262819290161 seconds
metaTables/vocal_music_demucs_16k/metaData_fma_large/row97295.csv
Execution time: 24.478185415267944 seconds
metaTables/vocal_music_demucs_16k/metaData_fma_large/row97296.csv
Execution time: 24.0843186378479 seconds
metaTables/vocal_music_demucs_16k/metaData_fma_large/row97297.csv
Execution time: 26.209120750427246 seconds
metaTables/vocal_music_demucs_16k/metaData_fma_large/row97298.csv
Execution time: 24.375569105148315 seconds
metaTables/vocal_music_demucs_16k/metaData_fma_large/row97299.csv
Demucs voice recognition done!
