/ext3/demucs/lib/python3.9/site-packages/demucs/api.py:27: UserWarning: TorchAudio's global backend is now deprecated. Please enable distpatcher by setting `TORCHAUDIO_USE_BACKEND_DISPATCHER=1`, and specify backend when calling load/info/save function.
  import torchaudio as ta
2024-05-10 11:34:25.416210: I tensorflow/core/util/port.cc:113] oneDNN custom operations are on. You may see slightly different numerical results due to floating-point round-off errors from different computation orders. To turn them off, set the environment variable `TF_ENABLE_ONEDNN_OPTS=0`.
2024-05-10 11:34:26.681438: E external/local_xla/xla/stream_executor/cuda/cuda_dnn.cc:9261] Unable to register cuDNN factory: Attempting to register factory for plugin cuDNN when one has already been registered
2024-05-10 11:34:26.681479: E external/local_xla/xla/stream_executor/cuda/cuda_fft.cc:607] Unable to register cuFFT factory: Attempting to register factory for plugin cuFFT when one has already been registered
2024-05-10 11:34:26.905719: E external/local_xla/xla/stream_executor/cuda/cuda_blas.cc:1515] Unable to register cuBLAS factory: Attempting to register factory for plugin cuBLAS when one has already been registered
2024-05-10 11:34:26.995740: I tensorflow/core/platform/cpu_feature_guard.cc:182] This TensorFlow binary is optimized to use available CPU instructions in performance-critical operations.
To enable the following instructions: AVX2 AVX512F AVX512_VNNI FMA, in other operations, rebuild TensorFlow with the appropriate compiler flags.
2024-05-10 11:34:28.565644: W tensorflow/compiler/tf2tensorrt/utils/py_utils.cc:38] TF-TRT Warning: Could not find TensorRT
Execution time: 31.09982681274414 seconds
metaTables/vocal_music_demucs_16k/metaData_fma_large/row64100.csv
Execution time: 29.846531867980957 seconds
metaTables/vocal_music_demucs_16k/metaData_fma_large/row64101.csv
Execution time: 28.857792615890503 seconds
metaTables/vocal_music_demucs_16k/metaData_fma_large/row64102.csv
Execution time: 27.94322395324707 seconds
metaTables/vocal_music_demucs_16k/metaData_fma_large/row64103.csv
Execution time: 28.10524868965149 seconds
metaTables/vocal_music_demucs_16k/metaData_fma_large/row64104.csv
Execution time: 28.757697343826294 seconds
metaTables/vocal_music_demucs_16k/metaData_fma_large/row64105.csv
Execution time: 29.055113792419434 seconds
metaTables/vocal_music_demucs_16k/metaData_fma_large/row64106.csv
Execution time: 27.899134159088135 seconds
metaTables/vocal_music_demucs_16k/metaData_fma_large/row64107.csv
Execution time: 27.81056833267212 seconds
metaTables/vocal_music_demucs_16k/metaData_fma_large/row64108.csv
Execution time: 28.293712377548218 seconds
metaTables/vocal_music_demucs_16k/metaData_fma_large/row64109.csv
Execution time: 28.402543306350708 seconds
metaTables/vocal_music_demucs_16k/metaData_fma_large/row64110.csv
Execution time: 28.387309312820435 seconds
metaTables/vocal_music_demucs_16k/metaData_fma_large/row64111.csv
Execution time: 28.511545658111572 seconds
metaTables/vocal_music_demucs_16k/metaData_fma_large/row64112.csv
Execution time: 29.254514932632446 seconds
metaTables/vocal_music_demucs_16k/metaData_fma_large/row64113.csv
Execution time: 27.356858491897583 seconds
metaTables/vocal_music_demucs_16k/metaData_fma_large/row64114.csv
Execution time: 27.80255103111267 seconds
metaTables/vocal_music_demucs_16k/metaData_fma_large/row64115.csv
Execution time: 28.482244729995728 seconds
metaTables/vocal_music_demucs_16k/metaData_fma_large/row64116.csv
Execution time: 29.319528579711914 seconds
metaTables/vocal_music_demucs_16k/metaData_fma_large/row64117.csv
Execution time: 28.4736967086792 seconds
metaTables/vocal_music_demucs_16k/metaData_fma_large/row64118.csv
Execution time: 19.070456504821777 seconds
metaTables/vocal_music_demucs_16k/metaData_fma_large/row64119.csv
Execution time: 27.302363395690918 seconds
metaTables/vocal_music_demucs_16k/metaData_fma_large/row64120.csv
Execution time: 28.51926875114441 seconds
metaTables/vocal_music_demucs_16k/metaData_fma_large/row64121.csv
Execution time: 28.491814136505127 seconds
metaTables/vocal_music_demucs_16k/metaData_fma_large/row64122.csv
Execution time: 28.058095455169678 seconds
metaTables/vocal_music_demucs_16k/metaData_fma_large/row64123.csv
Execution time: 14.429422855377197 seconds
metaTables/vocal_music_demucs_16k/metaData_fma_large/row64124.csv
Execution time: 28.916048288345337 seconds
metaTables/vocal_music_demucs_16k/metaData_fma_large/row64125.csv
Execution time: 28.358038902282715 seconds
metaTables/vocal_music_demucs_16k/metaData_fma_large/row64126.csv
Execution time: 28.202102661132812 seconds
metaTables/vocal_music_demucs_16k/metaData_fma_large/row64127.csv
Execution time: 28.03191876411438 seconds
metaTables/vocal_music_demucs_16k/metaData_fma_large/row64128.csv
Execution time: 29.423882246017456 seconds
metaTables/vocal_music_demucs_16k/metaData_fma_large/row64129.csv
Execution time: 27.66739296913147 seconds
metaTables/vocal_music_demucs_16k/metaData_fma_large/row64130.csv
Execution time: 29.164528846740723 seconds
metaTables/vocal_music_demucs_16k/metaData_fma_large/row64131.csv
Execution time: 28.567185401916504 seconds
metaTables/vocal_music_demucs_16k/metaData_fma_large/row64132.csv
Execution time: 28.655991315841675 seconds
metaTables/vocal_music_demucs_16k/metaData_fma_large/row64133.csv
Execution time: 29.156949996948242 seconds
metaTables/vocal_music_demucs_16k/metaData_fma_large/row64134.csv
Execution time: 27.856953382492065 seconds
metaTables/vocal_music_demucs_16k/metaData_fma_large/row64135.csv
Execution time: 28.89787483215332 seconds
metaTables/vocal_music_demucs_16k/metaData_fma_large/row64136.csv
Execution time: 28.70261812210083 seconds
metaTables/vocal_music_demucs_16k/metaData_fma_large/row64137.csv
Execution time: 28.58124303817749 seconds
metaTables/vocal_music_demucs_16k/metaData_fma_large/row64138.csv
Execution time: 29.311569690704346 seconds
metaTables/vocal_music_demucs_16k/metaData_fma_large/row64139.csv
Execution time: 28.10635757446289 seconds
metaTables/vocal_music_demucs_16k/metaData_fma_large/row64140.csv
Execution time: 27.626758098602295 seconds
metaTables/vocal_music_demucs_16k/metaData_fma_large/row64141.csv
Execution time: 28.050600290298462 seconds
metaTables/vocal_music_demucs_16k/metaData_fma_large/row64142.csv
Execution time: 28.23226022720337 seconds
metaTables/vocal_music_demucs_16k/metaData_fma_large/row64143.csv
Execution time: 29.695099592208862 seconds
metaTables/vocal_music_demucs_16k/metaData_fma_large/row64144.csv
Execution time: 28.176132917404175 seconds
metaTables/vocal_music_demucs_16k/metaData_fma_large/row64145.csv
Execution time: 29.98505997657776 seconds
metaTables/vocal_music_demucs_16k/metaData_fma_large/row64146.csv
Execution time: 28.11211657524109 seconds
metaTables/vocal_music_demucs_16k/metaData_fma_large/row64147.csv
Execution time: 28.028135538101196 seconds
metaTables/vocal_music_demucs_16k/metaData_fma_large/row64148.csv
Execution time: 28.28020429611206 seconds
metaTables/vocal_music_demucs_16k/metaData_fma_large/row64149.csv
Execution time: 28.71683931350708 seconds
metaTables/vocal_music_demucs_16k/metaData_fma_large/row64150.csv
Execution time: 27.69284224510193 seconds
metaTables/vocal_music_demucs_16k/metaData_fma_large/row64151.csv
Execution time: 27.933552503585815 seconds
metaTables/vocal_music_demucs_16k/metaData_fma_large/row64152.csv
Execution time: 28.61720585823059 seconds
metaTables/vocal_music_demucs_16k/metaData_fma_large/row64153.csv
Execution time: 28.44471788406372 seconds
metaTables/vocal_music_demucs_16k/metaData_fma_large/row64154.csv
Execution time: 29.254449367523193 seconds
metaTables/vocal_music_demucs_16k/metaData_fma_large/row64155.csv
Execution time: 28.28236222267151 seconds
metaTables/vocal_music_demucs_16k/metaData_fma_large/row64156.csv
Execution time: 28.53573250770569 seconds
metaTables/vocal_music_demucs_16k/metaData_fma_large/row64157.csv
Execution time: 28.067958116531372 seconds
metaTables/vocal_music_demucs_16k/metaData_fma_large/row64158.csv
Execution time: 28.115278720855713 seconds
metaTables/vocal_music_demucs_16k/metaData_fma_large/row64159.csv
Execution time: 27.74806261062622 seconds
metaTables/vocal_music_demucs_16k/metaData_fma_large/row64160.csv
Execution time: 28.013028621673584 seconds
metaTables/vocal_music_demucs_16k/metaData_fma_large/row64161.csv
Execution time: 28.1642644405365 seconds
metaTables/vocal_music_demucs_16k/metaData_fma_large/row64162.csv
Execution time: 28.67144250869751 seconds
metaTables/vocal_music_demucs_16k/metaData_fma_large/row64163.csv
Execution time: 29.00567603111267 seconds
metaTables/vocal_music_demucs_16k/metaData_fma_large/row64164.csv
Execution time: 28.42485213279724 seconds
metaTables/vocal_music_demucs_16k/metaData_fma_large/row64165.csv
Execution time: 28.070008277893066 seconds
metaTables/vocal_music_demucs_16k/metaData_fma_large/row64166.csv
Execution time: 28.30465865135193 seconds
metaTables/vocal_music_demucs_16k/metaData_fma_large/row64167.csv
Execution time: 28.192370176315308 seconds
metaTables/vocal_music_demucs_16k/metaData_fma_large/row64168.csv
Execution time: 27.834009408950806 seconds
metaTables/vocal_music_demucs_16k/metaData_fma_large/row64169.csv
Execution time: 27.73221206665039 seconds
metaTables/vocal_music_demucs_16k/metaData_fma_large/row64170.csv
Execution time: 28.891338109970093 seconds
metaTables/vocal_music_demucs_16k/metaData_fma_large/row64171.csv
Execution time: 28.076321363449097 seconds
metaTables/vocal_music_demucs_16k/metaData_fma_large/row64172.csv
Execution time: 27.6649751663208 seconds
metaTables/vocal_music_demucs_16k/metaData_fma_large/row64173.csv
Execution time: 28.236011028289795 seconds
metaTables/vocal_music_demucs_16k/metaData_fma_large/row64174.csv
Execution time: 28.688154458999634 seconds
metaTables/vocal_music_demucs_16k/metaData_fma_large/row64175.csv
Execution time: 29.153011322021484 seconds
metaTables/vocal_music_demucs_16k/metaData_fma_large/row64176.csv
Execution time: 28.193381547927856 seconds
metaTables/vocal_music_demucs_16k/metaData_fma_large/row64177.csv
Execution time: 28.542219161987305 seconds
metaTables/vocal_music_demucs_16k/metaData_fma_large/row64178.csv
Execution time: 28.765652894973755 seconds
metaTables/vocal_music_demucs_16k/metaData_fma_large/row64179.csv
Execution time: 27.317702770233154 seconds
metaTables/vocal_music_demucs_16k/metaData_fma_large/row64180.csv
Execution time: 27.407893180847168 seconds
metaTables/vocal_music_demucs_16k/metaData_fma_large/row64181.csv
Execution time: 28.34531879425049 seconds
metaTables/vocal_music_demucs_16k/metaData_fma_large/row64182.csv
Execution time: 27.74164891242981 seconds
metaTables/vocal_music_demucs_16k/metaData_fma_large/row64183.csv
Execution time: 28.341440200805664 seconds
metaTables/vocal_music_demucs_16k/metaData_fma_large/row64184.csv
Execution time: 28.59904932975769 seconds
metaTables/vocal_music_demucs_16k/metaData_fma_large/row64185.csv
Execution time: 27.427485704421997 seconds
metaTables/vocal_music_demucs_16k/metaData_fma_large/row64186.csv
Execution time: 27.826995849609375 seconds
metaTables/vocal_music_demucs_16k/metaData_fma_large/row64187.csv
Execution time: 28.204582452774048 seconds
metaTables/vocal_music_demucs_16k/metaData_fma_large/row64188.csv
Execution time: 27.54815673828125 seconds
metaTables/vocal_music_demucs_16k/metaData_fma_large/row64189.csv
Execution time: 28.151945114135742 seconds
metaTables/vocal_music_demucs_16k/metaData_fma_large/row64190.csv
Execution time: 18.845601558685303 seconds
metaTables/vocal_music_demucs_16k/metaData_fma_large/row64191.csv
Execution time: 27.920366764068604 seconds
metaTables/vocal_music_demucs_16k/metaData_fma_large/row64192.csv
Execution time: 28.544636249542236 seconds
metaTables/vocal_music_demucs_16k/metaData_fma_large/row64193.csv
Execution time: 28.407835006713867 seconds
metaTables/vocal_music_demucs_16k/metaData_fma_large/row64194.csv
Execution time: 27.51840329170227 seconds
metaTables/vocal_music_demucs_16k/metaData_fma_large/row64195.csv
Execution time: 28.73190402984619 seconds
metaTables/vocal_music_demucs_16k/metaData_fma_large/row64196.csv
Execution time: 28.5568265914917 seconds
metaTables/vocal_music_demucs_16k/metaData_fma_large/row64197.csv
Execution time: 27.964780807495117 seconds
metaTables/vocal_music_demucs_16k/metaData_fma_large/row64198.csv
Execution time: 25.718108654022217 seconds
metaTables/vocal_music_demucs_16k/metaData_fma_large/row64199.csv
Demucs voice recognition done!
