/ext3/demucs/lib/python3.9/site-packages/demucs/api.py:27: UserWarning: TorchAudio's global backend is now deprecated. Please enable distpatcher by setting `TORCHAUDIO_USE_BACKEND_DISPATCHER=1`, and specify backend when calling load/info/save function.
  import torchaudio as ta
2024-05-09 09:20:47.845442: I tensorflow/core/util/port.cc:113] oneDNN custom operations are on. You may see slightly different numerical results due to floating-point round-off errors from different computation orders. To turn them off, set the environment variable `TF_ENABLE_ONEDNN_OPTS=0`.
2024-05-09 09:20:51.192024: E external/local_xla/xla/stream_executor/cuda/cuda_dnn.cc:9261] Unable to register cuDNN factory: Attempting to register factory for plugin cuDNN when one has already been registered
2024-05-09 09:20:51.192060: E external/local_xla/xla/stream_executor/cuda/cuda_fft.cc:607] Unable to register cuFFT factory: Attempting to register factory for plugin cuFFT when one has already been registered
2024-05-09 09:20:51.333141: E external/local_xla/xla/stream_executor/cuda/cuda_blas.cc:1515] Unable to register cuBLAS factory: Attempting to register factory for plugin cuBLAS when one has already been registered
2024-05-09 09:20:51.684003: I tensorflow/core/platform/cpu_feature_guard.cc:182] This TensorFlow binary is optimized to use available CPU instructions in performance-critical operations.
To enable the following instructions: AVX2 AVX512F AVX512_VNNI FMA, in other operations, rebuild TensorFlow with the appropriate compiler flags.
2024-05-09 09:20:54.514060: W tensorflow/compiler/tf2tensorrt/utils/py_utils.cc:38] TF-TRT Warning: Could not find TensorRT
SKIPPING: metaTables/vocal_music_demucs_16k/metaData_fma_large/row11200.csv
SKIPPING: metaTables/vocal_music_demucs_16k/metaData_fma_large/row11201.csv
SKIPPING: metaTables/vocal_music_demucs_16k/metaData_fma_large/row11202.csv
SKIPPING: metaTables/vocal_music_demucs_16k/metaData_fma_large/row11203.csv
SKIPPING: metaTables/vocal_music_demucs_16k/metaData_fma_large/row11204.csv
SKIPPING: metaTables/vocal_music_demucs_16k/metaData_fma_large/row11205.csv
SKIPPING: metaTables/vocal_music_demucs_16k/metaData_fma_large/row11206.csv
SKIPPING: metaTables/vocal_music_demucs_16k/metaData_fma_large/row11207.csv
SKIPPING: metaTables/vocal_music_demucs_16k/metaData_fma_large/row11208.csv
SKIPPING: metaTables/vocal_music_demucs_16k/metaData_fma_large/row11209.csv
SKIPPING: metaTables/vocal_music_demucs_16k/metaData_fma_large/row11210.csv
SKIPPING: metaTables/vocal_music_demucs_16k/metaData_fma_large/row11211.csv
SKIPPING: metaTables/vocal_music_demucs_16k/metaData_fma_large/row11212.csv
SKIPPING: metaTables/vocal_music_demucs_16k/metaData_fma_large/row11213.csv
SKIPPING: metaTables/vocal_music_demucs_16k/metaData_fma_large/row11214.csv
SKIPPING: metaTables/vocal_music_demucs_16k/metaData_fma_large/row11215.csv
SKIPPING: metaTables/vocal_music_demucs_16k/metaData_fma_large/row11216.csv
SKIPPING: metaTables/vocal_music_demucs_16k/metaData_fma_large/row11217.csv
SKIPPING: metaTables/vocal_music_demucs_16k/metaData_fma_large/row11218.csv
SKIPPING: metaTables/vocal_music_demucs_16k/metaData_fma_large/row11219.csv
SKIPPING: metaTables/vocal_music_demucs_16k/metaData_fma_large/row11220.csv
SKIPPING: metaTables/vocal_music_demucs_16k/metaData_fma_large/row11221.csv
SKIPPING: metaTables/vocal_music_demucs_16k/metaData_fma_large/row11222.csv
SKIPPING: metaTables/vocal_music_demucs_16k/metaData_fma_large/row11223.csv
SKIPPING: metaTables/vocal_music_demucs_16k/metaData_fma_large/row11224.csv
SKIPPING: metaTables/vocal_music_demucs_16k/metaData_fma_large/row11225.csv
SKIPPING: metaTables/vocal_music_demucs_16k/metaData_fma_large/row11226.csv
SKIPPING: metaTables/vocal_music_demucs_16k/metaData_fma_large/row11227.csv
SKIPPING: metaTables/vocal_music_demucs_16k/metaData_fma_large/row11228.csv
SKIPPING: metaTables/vocal_music_demucs_16k/metaData_fma_large/row11229.csv
SKIPPING: metaTables/vocal_music_demucs_16k/metaData_fma_large/row11230.csv
SKIPPING: metaTables/vocal_music_demucs_16k/metaData_fma_large/row11231.csv
SKIPPING: metaTables/vocal_music_demucs_16k/metaData_fma_large/row11232.csv
SKIPPING: metaTables/vocal_music_demucs_16k/metaData_fma_large/row11233.csv
SKIPPING: metaTables/vocal_music_demucs_16k/metaData_fma_large/row11234.csv
SKIPPING: metaTables/vocal_music_demucs_16k/metaData_fma_large/row11235.csv
SKIPPING: metaTables/vocal_music_demucs_16k/metaData_fma_large/row11236.csv
SKIPPING: metaTables/vocal_music_demucs_16k/metaData_fma_large/row11237.csv
SKIPPING: metaTables/vocal_music_demucs_16k/metaData_fma_large/row11238.csv
SKIPPING: metaTables/vocal_music_demucs_16k/metaData_fma_large/row11239.csv
SKIPPING: metaTables/vocal_music_demucs_16k/metaData_fma_large/row11240.csv
SKIPPING: metaTables/vocal_music_demucs_16k/metaData_fma_large/row11241.csv
SKIPPING: metaTables/vocal_music_demucs_16k/metaData_fma_large/row11242.csv
SKIPPING: metaTables/vocal_music_demucs_16k/metaData_fma_large/row11243.csv
SKIPPING: metaTables/vocal_music_demucs_16k/metaData_fma_large/row11244.csv
SKIPPING: metaTables/vocal_music_demucs_16k/metaData_fma_large/row11245.csv
SKIPPING: metaTables/vocal_music_demucs_16k/metaData_fma_large/row11246.csv
SKIPPING: metaTables/vocal_music_demucs_16k/metaData_fma_large/row11247.csv
SKIPPING: metaTables/vocal_music_demucs_16k/metaData_fma_large/row11248.csv
SKIPPING: metaTables/vocal_music_demucs_16k/metaData_fma_large/row11249.csv
SKIPPING: metaTables/vocal_music_demucs_16k/metaData_fma_large/row11250.csv
SKIPPING: metaTables/vocal_music_demucs_16k/metaData_fma_large/row11251.csv
SKIPPING: metaTables/vocal_music_demucs_16k/metaData_fma_large/row11252.csv
SKIPPING: metaTables/vocal_music_demucs_16k/metaData_fma_large/row11253.csv
SKIPPING: metaTables/vocal_music_demucs_16k/metaData_fma_large/row11254.csv
SKIPPING: metaTables/vocal_music_demucs_16k/metaData_fma_large/row11255.csv
SKIPPING: metaTables/vocal_music_demucs_16k/metaData_fma_large/row11256.csv
SKIPPING: metaTables/vocal_music_demucs_16k/metaData_fma_large/row11257.csv
SKIPPING: metaTables/vocal_music_demucs_16k/metaData_fma_large/row11258.csv
SKIPPING: metaTables/vocal_music_demucs_16k/metaData_fma_large/row11259.csv
SKIPPING: metaTables/vocal_music_demucs_16k/metaData_fma_large/row11260.csv
SKIPPING: metaTables/vocal_music_demucs_16k/metaData_fma_large/row11261.csv
SKIPPING: metaTables/vocal_music_demucs_16k/metaData_fma_large/row11262.csv
SKIPPING: metaTables/vocal_music_demucs_16k/metaData_fma_large/row11263.csv
SKIPPING: metaTables/vocal_music_demucs_16k/metaData_fma_large/row11264.csv
SKIPPING: metaTables/vocal_music_demucs_16k/metaData_fma_large/row11265.csv
SKIPPING: metaTables/vocal_music_demucs_16k/metaData_fma_large/row11266.csv
SKIPPING: metaTables/vocal_music_demucs_16k/metaData_fma_large/row11267.csv
SKIPPING: metaTables/vocal_music_demucs_16k/metaData_fma_large/row11268.csv
SKIPPING: metaTables/vocal_music_demucs_16k/metaData_fma_large/row11269.csv
SKIPPING: metaTables/vocal_music_demucs_16k/metaData_fma_large/row11270.csv
SKIPPING: metaTables/vocal_music_demucs_16k/metaData_fma_large/row11271.csv
SKIPPING: metaTables/vocal_music_demucs_16k/metaData_fma_large/row11272.csv
SKIPPING: metaTables/vocal_music_demucs_16k/metaData_fma_large/row11273.csv
SKIPPING: metaTables/vocal_music_demucs_16k/metaData_fma_large/row11274.csv
SKIPPING: metaTables/vocal_music_demucs_16k/metaData_fma_large/row11275.csv
SKIPPING: metaTables/vocal_music_demucs_16k/metaData_fma_large/row11276.csv
SKIPPING: metaTables/vocal_music_demucs_16k/metaData_fma_large/row11277.csv
SKIPPING: metaTables/vocal_music_demucs_16k/metaData_fma_large/row11278.csv
SKIPPING: metaTables/vocal_music_demucs_16k/metaData_fma_large/row11279.csv
SKIPPING: metaTables/vocal_music_demucs_16k/metaData_fma_large/row11280.csv
SKIPPING: metaTables/vocal_music_demucs_16k/metaData_fma_large/row11281.csv
SKIPPING: metaTables/vocal_music_demucs_16k/metaData_fma_large/row11282.csv
SKIPPING: metaTables/vocal_music_demucs_16k/metaData_fma_large/row11283.csv
SKIPPING: metaTables/vocal_music_demucs_16k/metaData_fma_large/row11284.csv
SKIPPING: metaTables/vocal_music_demucs_16k/metaData_fma_large/row11285.csv
SKIPPING: metaTables/vocal_music_demucs_16k/metaData_fma_large/row11286.csv
SKIPPING: metaTables/vocal_music_demucs_16k/metaData_fma_large/row11287.csv
SKIPPING: metaTables/vocal_music_demucs_16k/metaData_fma_large/row11288.csv
SKIPPING: metaTables/vocal_music_demucs_16k/metaData_fma_large/row11289.csv
SKIPPING: metaTables/vocal_music_demucs_16k/metaData_fma_large/row11290.csv
SKIPPING: metaTables/vocal_music_demucs_16k/metaData_fma_large/row11291.csv
SKIPPING: metaTables/vocal_music_demucs_16k/metaData_fma_large/row11292.csv
SKIPPING: metaTables/vocal_music_demucs_16k/metaData_fma_large/row11293.csv
SKIPPING: metaTables/vocal_music_demucs_16k/metaData_fma_large/row11294.csv
SKIPPING: metaTables/vocal_music_demucs_16k/metaData_fma_large/row11295.csv
SKIPPING: metaTables/vocal_music_demucs_16k/metaData_fma_large/row11296.csv
SKIPPING: metaTables/vocal_music_demucs_16k/metaData_fma_large/row11297.csv
SKIPPING: metaTables/vocal_music_demucs_16k/metaData_fma_large/row11298.csv
SKIPPING: metaTables/vocal_music_demucs_16k/metaData_fma_large/row11299.csv
Demucs voice recognition done!
