/ext3/demucs/lib/python3.9/site-packages/demucs/api.py:27: UserWarning: TorchAudio's global backend is now deprecated. Please enable distpatcher by setting `TORCHAUDIO_USE_BACKEND_DISPATCHER=1`, and specify backend when calling load/info/save function.
  import torchaudio as ta
2024-05-10 11:34:25.369441: I tensorflow/core/util/port.cc:113] oneDNN custom operations are on. You may see slightly different numerical results due to floating-point round-off errors from different computation orders. To turn them off, set the environment variable `TF_ENABLE_ONEDNN_OPTS=0`.
2024-05-10 11:34:26.661637: E external/local_xla/xla/stream_executor/cuda/cuda_dnn.cc:9261] Unable to register cuDNN factory: Attempting to register factory for plugin cuDNN when one has already been registered
2024-05-10 11:34:26.661674: E external/local_xla/xla/stream_executor/cuda/cuda_fft.cc:607] Unable to register cuFFT factory: Attempting to register factory for plugin cuFFT when one has already been registered
2024-05-10 11:34:26.784274: E external/local_xla/xla/stream_executor/cuda/cuda_blas.cc:1515] Unable to register cuBLAS factory: Attempting to register factory for plugin cuBLAS when one has already been registered
2024-05-10 11:34:26.904834: I tensorflow/core/platform/cpu_feature_guard.cc:182] This TensorFlow binary is optimized to use available CPU instructions in performance-critical operations.
To enable the following instructions: AVX2 AVX512F AVX512_VNNI FMA, in other operations, rebuild TensorFlow with the appropriate compiler flags.
2024-05-10 11:34:28.559072: W tensorflow/compiler/tf2tensorrt/utils/py_utils.cc:38] TF-TRT Warning: Could not find TensorRT
Execution time: 27.677897214889526 seconds
metaTables/vocal_music_demucs_16k/metaData_fma_large/row65300.csv
Execution time: 25.80208992958069 seconds
metaTables/vocal_music_demucs_16k/metaData_fma_large/row65301.csv
Execution time: 26.581469297409058 seconds
metaTables/vocal_music_demucs_16k/metaData_fma_large/row65302.csv
Execution time: 27.022951364517212 seconds
metaTables/vocal_music_demucs_16k/metaData_fma_large/row65303.csv
Execution time: 26.817851781845093 seconds
metaTables/vocal_music_demucs_16k/metaData_fma_large/row65304.csv
Execution time: 26.166098594665527 seconds
metaTables/vocal_music_demucs_16k/metaData_fma_large/row65305.csv
Execution time: 28.469960689544678 seconds
metaTables/vocal_music_demucs_16k/metaData_fma_large/row65306.csv
Execution time: 27.256691932678223 seconds
metaTables/vocal_music_demucs_16k/metaData_fma_large/row65307.csv
Execution time: 26.508166074752808 seconds
metaTables/vocal_music_demucs_16k/metaData_fma_large/row65308.csv
Execution time: 27.41284441947937 seconds
metaTables/vocal_music_demucs_16k/metaData_fma_large/row65309.csv
Execution time: 26.1552255153656 seconds
metaTables/vocal_music_demucs_16k/metaData_fma_large/row65310.csv
Execution time: 26.606201171875 seconds
metaTables/vocal_music_demucs_16k/metaData_fma_large/row65311.csv
Execution time: 27.231499195098877 seconds
metaTables/vocal_music_demucs_16k/metaData_fma_large/row65312.csv
Execution time: 26.764005661010742 seconds
metaTables/vocal_music_demucs_16k/metaData_fma_large/row65313.csv
Execution time: 26.68836522102356 seconds
metaTables/vocal_music_demucs_16k/metaData_fma_large/row65314.csv
Execution time: 26.001935958862305 seconds
metaTables/vocal_music_demucs_16k/metaData_fma_large/row65315.csv
Execution time: 26.780872344970703 seconds
metaTables/vocal_music_demucs_16k/metaData_fma_large/row65316.csv
Execution time: 26.588616847991943 seconds
metaTables/vocal_music_demucs_16k/metaData_fma_large/row65317.csv
Execution time: 26.41916847229004 seconds
metaTables/vocal_music_demucs_16k/metaData_fma_large/row65318.csv
Execution time: 25.781035900115967 seconds
metaTables/vocal_music_demucs_16k/metaData_fma_large/row65319.csv
Execution time: 25.46358346939087 seconds
metaTables/vocal_music_demucs_16k/metaData_fma_large/row65320.csv
Execution time: 27.337716579437256 seconds
metaTables/vocal_music_demucs_16k/metaData_fma_large/row65321.csv
Execution time: 26.88554096221924 seconds
metaTables/vocal_music_demucs_16k/metaData_fma_large/row65322.csv
Execution time: 17.286536693572998 seconds
metaTables/vocal_music_demucs_16k/metaData_fma_large/row65323.csv
Execution time: 25.8641517162323 seconds
metaTables/vocal_music_demucs_16k/metaData_fma_large/row65324.csv
Execution time: 26.526468515396118 seconds
metaTables/vocal_music_demucs_16k/metaData_fma_large/row65325.csv
Execution time: 26.604061603546143 seconds
metaTables/vocal_music_demucs_16k/metaData_fma_large/row65326.csv
Execution time: 26.243536472320557 seconds
metaTables/vocal_music_demucs_16k/metaData_fma_large/row65327.csv
Execution time: 8.814873695373535 seconds
metaTables/vocal_music_demucs_16k/metaData_fma_large/row65328.csv
Execution time: 26.848995685577393 seconds
metaTables/vocal_music_demucs_16k/metaData_fma_large/row65329.csv
Execution time: 27.229238271713257 seconds
metaTables/vocal_music_demucs_16k/metaData_fma_large/row65330.csv
Execution time: 27.632241249084473 seconds
metaTables/vocal_music_demucs_16k/metaData_fma_large/row65331.csv
Execution time: 26.125597715377808 seconds
metaTables/vocal_music_demucs_16k/metaData_fma_large/row65332.csv
Execution time: 25.81763005256653 seconds
metaTables/vocal_music_demucs_16k/metaData_fma_large/row65333.csv
Execution time: 27.364624500274658 seconds
metaTables/vocal_music_demucs_16k/metaData_fma_large/row65334.csv
Execution time: 27.096474409103394 seconds
metaTables/vocal_music_demucs_16k/metaData_fma_large/row65335.csv
Execution time: 26.41924023628235 seconds
metaTables/vocal_music_demucs_16k/metaData_fma_large/row65336.csv
Execution time: 26.239758729934692 seconds
metaTables/vocal_music_demucs_16k/metaData_fma_large/row65337.csv
Execution time: 26.828136205673218 seconds
metaTables/vocal_music_demucs_16k/metaData_fma_large/row65338.csv
Execution time: 28.23020911216736 seconds
metaTables/vocal_music_demucs_16k/metaData_fma_large/row65339.csv
Execution time: 27.33329677581787 seconds
metaTables/vocal_music_demucs_16k/metaData_fma_large/row65340.csv
Execution time: 26.81914710998535 seconds
metaTables/vocal_music_demucs_16k/metaData_fma_large/row65341.csv
Execution time: 26.901124238967896 seconds
metaTables/vocal_music_demucs_16k/metaData_fma_large/row65342.csv
Execution time: 26.7628116607666 seconds
metaTables/vocal_music_demucs_16k/metaData_fma_large/row65343.csv
Execution time: 25.68298029899597 seconds
metaTables/vocal_music_demucs_16k/metaData_fma_large/row65344.csv
Execution time: 26.684362173080444 seconds
metaTables/vocal_music_demucs_16k/metaData_fma_large/row65345.csv
Execution time: 26.717868328094482 seconds
metaTables/vocal_music_demucs_16k/metaData_fma_large/row65346.csv
Execution time: 26.693504571914673 seconds
metaTables/vocal_music_demucs_16k/metaData_fma_large/row65347.csv
Execution time: 26.53113865852356 seconds
metaTables/vocal_music_demucs_16k/metaData_fma_large/row65348.csv
Execution time: 26.889588356018066 seconds
metaTables/vocal_music_demucs_16k/metaData_fma_large/row65349.csv
Execution time: 26.7346830368042 seconds
metaTables/vocal_music_demucs_16k/metaData_fma_large/row65350.csv
Execution time: 26.221951246261597 seconds
metaTables/vocal_music_demucs_16k/metaData_fma_large/row65351.csv
Execution time: 26.651440620422363 seconds
metaTables/vocal_music_demucs_16k/metaData_fma_large/row65352.csv
Execution time: 26.307836532592773 seconds
metaTables/vocal_music_demucs_16k/metaData_fma_large/row65353.csv
Execution time: 26.422807931900024 seconds
metaTables/vocal_music_demucs_16k/metaData_fma_large/row65354.csv
Execution time: 26.050716876983643 seconds
metaTables/vocal_music_demucs_16k/metaData_fma_large/row65355.csv
Execution time: 26.834152460098267 seconds
metaTables/vocal_music_demucs_16k/metaData_fma_large/row65356.csv
Execution time: 26.093350410461426 seconds
metaTables/vocal_music_demucs_16k/metaData_fma_large/row65357.csv
Execution time: 27.27044677734375 seconds
metaTables/vocal_music_demucs_16k/metaData_fma_large/row65358.csv
Execution time: 25.835039138793945 seconds
metaTables/vocal_music_demucs_16k/metaData_fma_large/row65359.csv
Execution time: 27.342333555221558 seconds
metaTables/vocal_music_demucs_16k/metaData_fma_large/row65360.csv
Execution time: 25.69684910774231 seconds
metaTables/vocal_music_demucs_16k/metaData_fma_large/row65361.csv
Execution time: 27.206817388534546 seconds
metaTables/vocal_music_demucs_16k/metaData_fma_large/row65362.csv
Execution time: 26.4388587474823 seconds
metaTables/vocal_music_demucs_16k/metaData_fma_large/row65363.csv
Execution time: 26.986270904541016 seconds
metaTables/vocal_music_demucs_16k/metaData_fma_large/row65364.csv
Execution time: 27.24122405052185 seconds
metaTables/vocal_music_demucs_16k/metaData_fma_large/row65365.csv
Execution time: 25.777799606323242 seconds
metaTables/vocal_music_demucs_16k/metaData_fma_large/row65366.csv
Execution time: 25.801209211349487 seconds
metaTables/vocal_music_demucs_16k/metaData_fma_large/row65367.csv
Execution time: 26.62352466583252 seconds
metaTables/vocal_music_demucs_16k/metaData_fma_large/row65368.csv
Execution time: 26.39624547958374 seconds
metaTables/vocal_music_demucs_16k/metaData_fma_large/row65369.csv
Execution time: 27.074604034423828 seconds
metaTables/vocal_music_demucs_16k/metaData_fma_large/row65370.csv
Execution time: 25.990991592407227 seconds
metaTables/vocal_music_demucs_16k/metaData_fma_large/row65371.csv
Execution time: 26.59031653404236 seconds
metaTables/vocal_music_demucs_16k/metaData_fma_large/row65372.csv
Execution time: 25.89705181121826 seconds
metaTables/vocal_music_demucs_16k/metaData_fma_large/row65373.csv
Execution time: 25.88261604309082 seconds
metaTables/vocal_music_demucs_16k/metaData_fma_large/row65374.csv
Execution time: 25.445483446121216 seconds
metaTables/vocal_music_demucs_16k/metaData_fma_large/row65375.csv
Execution time: 26.23259925842285 seconds
metaTables/vocal_music_demucs_16k/metaData_fma_large/row65376.csv
Execution time: 25.147583961486816 seconds
metaTables/vocal_music_demucs_16k/metaData_fma_large/row65377.csv
Execution time: 26.679362297058105 seconds
metaTables/vocal_music_demucs_16k/metaData_fma_large/row65378.csv
Execution time: 26.72203826904297 seconds
metaTables/vocal_music_demucs_16k/metaData_fma_large/row65379.csv
Execution time: 26.675590991973877 seconds
metaTables/vocal_music_demucs_16k/metaData_fma_large/row65380.csv
Execution time: 25.84567666053772 seconds
metaTables/vocal_music_demucs_16k/metaData_fma_large/row65381.csv
Execution time: 26.50312638282776 seconds
metaTables/vocal_music_demucs_16k/metaData_fma_large/row65382.csv
Execution time: 26.789153337478638 seconds
metaTables/vocal_music_demucs_16k/metaData_fma_large/row65383.csv
Execution time: 26.483847618103027 seconds
metaTables/vocal_music_demucs_16k/metaData_fma_large/row65384.csv
Execution time: 26.227335691452026 seconds
metaTables/vocal_music_demucs_16k/metaData_fma_large/row65385.csv
Execution time: 26.62222647666931 seconds
metaTables/vocal_music_demucs_16k/metaData_fma_large/row65386.csv
Execution time: 26.41116166114807 seconds
metaTables/vocal_music_demucs_16k/metaData_fma_large/row65387.csv
Execution time: 27.67397975921631 seconds
metaTables/vocal_music_demucs_16k/metaData_fma_large/row65388.csv
Execution time: 26.467522382736206 seconds
metaTables/vocal_music_demucs_16k/metaData_fma_large/row65389.csv
Execution time: 24.91323471069336 seconds
metaTables/vocal_music_demucs_16k/metaData_fma_large/row65390.csv
Execution time: 25.81244921684265 seconds
metaTables/vocal_music_demucs_16k/metaData_fma_large/row65391.csv
Execution time: 25.86711287498474 seconds
metaTables/vocal_music_demucs_16k/metaData_fma_large/row65392.csv
Execution time: 26.196172952651978 seconds
metaTables/vocal_music_demucs_16k/metaData_fma_large/row65393.csv
Execution time: 26.192230701446533 seconds
metaTables/vocal_music_demucs_16k/metaData_fma_large/row65394.csv
Execution time: 26.218372344970703 seconds
metaTables/vocal_music_demucs_16k/metaData_fma_large/row65395.csv
Execution time: 25.99932861328125 seconds
metaTables/vocal_music_demucs_16k/metaData_fma_large/row65396.csv
Execution time: 26.11915683746338 seconds
metaTables/vocal_music_demucs_16k/metaData_fma_large/row65397.csv
Execution time: 25.871845722198486 seconds
metaTables/vocal_music_demucs_16k/metaData_fma_large/row65398.csv
Execution time: 24.644671201705933 seconds
metaTables/vocal_music_demucs_16k/metaData_fma_large/row65399.csv
Demucs voice recognition done!
