/ext3/demucs/lib/python3.9/site-packages/demucs/api.py:27: UserWarning: TorchAudio's global backend is now deprecated. Please enable distpatcher by setting `TORCHAUDIO_USE_BACKEND_DISPATCHER=1`, and specify backend when calling load/info/save function.
  import torchaudio as ta
2024-05-09 09:23:22.869613: I tensorflow/core/util/port.cc:113] oneDNN custom operations are on. You may see slightly different numerical results due to floating-point round-off errors from different computation orders. To turn them off, set the environment variable `TF_ENABLE_ONEDNN_OPTS=0`.
2024-05-09 09:23:24.101996: E external/local_xla/xla/stream_executor/cuda/cuda_dnn.cc:9261] Unable to register cuDNN factory: Attempting to register factory for plugin cuDNN when one has already been registered
2024-05-09 09:23:24.102037: E external/local_xla/xla/stream_executor/cuda/cuda_fft.cc:607] Unable to register cuFFT factory: Attempting to register factory for plugin cuFFT when one has already been registered
2024-05-09 09:23:24.194020: E external/local_xla/xla/stream_executor/cuda/cuda_blas.cc:1515] Unable to register cuBLAS factory: Attempting to register factory for plugin cuBLAS when one has already been registered
2024-05-09 09:23:24.266573: I tensorflow/core/platform/cpu_feature_guard.cc:182] This TensorFlow binary is optimized to use available CPU instructions in performance-critical operations.
To enable the following instructions: AVX2 AVX512F AVX512_VNNI FMA, in other operations, rebuild TensorFlow with the appropriate compiler flags.
2024-05-09 09:23:25.270439: W tensorflow/compiler/tf2tensorrt/utils/py_utils.cc:38] TF-TRT Warning: Could not find TensorRT
SKIPPING: metaTables/vocal_music_demucs_16k/metaData_fma_large/row105100.csv
SKIPPING: metaTables/vocal_music_demucs_16k/metaData_fma_large/row105101.csv
SKIPPING: metaTables/vocal_music_demucs_16k/metaData_fma_large/row105102.csv
SKIPPING: metaTables/vocal_music_demucs_16k/metaData_fma_large/row105103.csv
SKIPPING: metaTables/vocal_music_demucs_16k/metaData_fma_large/row105104.csv
SKIPPING: metaTables/vocal_music_demucs_16k/metaData_fma_large/row105105.csv
SKIPPING: metaTables/vocal_music_demucs_16k/metaData_fma_large/row105106.csv
SKIPPING: metaTables/vocal_music_demucs_16k/metaData_fma_large/row105107.csv
SKIPPING: metaTables/vocal_music_demucs_16k/metaData_fma_large/row105108.csv
SKIPPING: metaTables/vocal_music_demucs_16k/metaData_fma_large/row105109.csv
SKIPPING: metaTables/vocal_music_demucs_16k/metaData_fma_large/row105110.csv
SKIPPING: metaTables/vocal_music_demucs_16k/metaData_fma_large/row105111.csv
SKIPPING: metaTables/vocal_music_demucs_16k/metaData_fma_large/row105112.csv
SKIPPING: metaTables/vocal_music_demucs_16k/metaData_fma_large/row105113.csv
SKIPPING: metaTables/vocal_music_demucs_16k/metaData_fma_large/row105114.csv
SKIPPING: metaTables/vocal_music_demucs_16k/metaData_fma_large/row105115.csv
SKIPPING: metaTables/vocal_music_demucs_16k/metaData_fma_large/row105116.csv
SKIPPING: metaTables/vocal_music_demucs_16k/metaData_fma_large/row105117.csv
SKIPPING: metaTables/vocal_music_demucs_16k/metaData_fma_large/row105118.csv
SKIPPING: metaTables/vocal_music_demucs_16k/metaData_fma_large/row105119.csv
SKIPPING: metaTables/vocal_music_demucs_16k/metaData_fma_large/row105120.csv
SKIPPING: metaTables/vocal_music_demucs_16k/metaData_fma_large/row105121.csv
SKIPPING: metaTables/vocal_music_demucs_16k/metaData_fma_large/row105122.csv
SKIPPING: metaTables/vocal_music_demucs_16k/metaData_fma_large/row105123.csv
SKIPPING: metaTables/vocal_music_demucs_16k/metaData_fma_large/row105124.csv
SKIPPING: metaTables/vocal_music_demucs_16k/metaData_fma_large/row105125.csv
SKIPPING: metaTables/vocal_music_demucs_16k/metaData_fma_large/row105126.csv
SKIPPING: metaTables/vocal_music_demucs_16k/metaData_fma_large/row105127.csv
SKIPPING: metaTables/vocal_music_demucs_16k/metaData_fma_large/row105128.csv
SKIPPING: metaTables/vocal_music_demucs_16k/metaData_fma_large/row105129.csv
SKIPPING: metaTables/vocal_music_demucs_16k/metaData_fma_large/row105130.csv
SKIPPING: metaTables/vocal_music_demucs_16k/metaData_fma_large/row105131.csv
SKIPPING: metaTables/vocal_music_demucs_16k/metaData_fma_large/row105132.csv
SKIPPING: metaTables/vocal_music_demucs_16k/metaData_fma_large/row105133.csv
SKIPPING: metaTables/vocal_music_demucs_16k/metaData_fma_large/row105134.csv
SKIPPING: metaTables/vocal_music_demucs_16k/metaData_fma_large/row105135.csv
SKIPPING: metaTables/vocal_music_demucs_16k/metaData_fma_large/row105136.csv
SKIPPING: metaTables/vocal_music_demucs_16k/metaData_fma_large/row105137.csv
SKIPPING: metaTables/vocal_music_demucs_16k/metaData_fma_large/row105138.csv
SKIPPING: metaTables/vocal_music_demucs_16k/metaData_fma_large/row105139.csv
SKIPPING: metaTables/vocal_music_demucs_16k/metaData_fma_large/row105140.csv
SKIPPING: metaTables/vocal_music_demucs_16k/metaData_fma_large/row105141.csv
SKIPPING: metaTables/vocal_music_demucs_16k/metaData_fma_large/row105142.csv
SKIPPING: metaTables/vocal_music_demucs_16k/metaData_fma_large/row105143.csv
SKIPPING: metaTables/vocal_music_demucs_16k/metaData_fma_large/row105144.csv
SKIPPING: metaTables/vocal_music_demucs_16k/metaData_fma_large/row105145.csv
SKIPPING: metaTables/vocal_music_demucs_16k/metaData_fma_large/row105146.csv
SKIPPING: metaTables/vocal_music_demucs_16k/metaData_fma_large/row105147.csv
SKIPPING: metaTables/vocal_music_demucs_16k/metaData_fma_large/row105148.csv
SKIPPING: metaTables/vocal_music_demucs_16k/metaData_fma_large/row105149.csv
SKIPPING: metaTables/vocal_music_demucs_16k/metaData_fma_large/row105150.csv
SKIPPING: metaTables/vocal_music_demucs_16k/metaData_fma_large/row105151.csv
SKIPPING: metaTables/vocal_music_demucs_16k/metaData_fma_large/row105152.csv
SKIPPING: metaTables/vocal_music_demucs_16k/metaData_fma_large/row105153.csv
SKIPPING: metaTables/vocal_music_demucs_16k/metaData_fma_large/row105154.csv
SKIPPING: metaTables/vocal_music_demucs_16k/metaData_fma_large/row105155.csv
SKIPPING: metaTables/vocal_music_demucs_16k/metaData_fma_large/row105156.csv
SKIPPING: metaTables/vocal_music_demucs_16k/metaData_fma_large/row105157.csv
SKIPPING: metaTables/vocal_music_demucs_16k/metaData_fma_large/row105158.csv
SKIPPING: metaTables/vocal_music_demucs_16k/metaData_fma_large/row105159.csv
SKIPPING: metaTables/vocal_music_demucs_16k/metaData_fma_large/row105160.csv
SKIPPING: metaTables/vocal_music_demucs_16k/metaData_fma_large/row105161.csv
SKIPPING: metaTables/vocal_music_demucs_16k/metaData_fma_large/row105162.csv
SKIPPING: metaTables/vocal_music_demucs_16k/metaData_fma_large/row105163.csv
SKIPPING: metaTables/vocal_music_demucs_16k/metaData_fma_large/row105164.csv
SKIPPING: metaTables/vocal_music_demucs_16k/metaData_fma_large/row105165.csv
SKIPPING: metaTables/vocal_music_demucs_16k/metaData_fma_large/row105166.csv
SKIPPING: metaTables/vocal_music_demucs_16k/metaData_fma_large/row105167.csv
SKIPPING: metaTables/vocal_music_demucs_16k/metaData_fma_large/row105168.csv
SKIPPING: metaTables/vocal_music_demucs_16k/metaData_fma_large/row105169.csv
SKIPPING: metaTables/vocal_music_demucs_16k/metaData_fma_large/row105170.csv
SKIPPING: metaTables/vocal_music_demucs_16k/metaData_fma_large/row105171.csv
SKIPPING: metaTables/vocal_music_demucs_16k/metaData_fma_large/row105172.csv
SKIPPING: metaTables/vocal_music_demucs_16k/metaData_fma_large/row105173.csv
SKIPPING: metaTables/vocal_music_demucs_16k/metaData_fma_large/row105174.csv
SKIPPING: metaTables/vocal_music_demucs_16k/metaData_fma_large/row105175.csv
SKIPPING: metaTables/vocal_music_demucs_16k/metaData_fma_large/row105176.csv
SKIPPING: metaTables/vocal_music_demucs_16k/metaData_fma_large/row105177.csv
SKIPPING: metaTables/vocal_music_demucs_16k/metaData_fma_large/row105178.csv
SKIPPING: metaTables/vocal_music_demucs_16k/metaData_fma_large/row105179.csv
SKIPPING: metaTables/vocal_music_demucs_16k/metaData_fma_large/row105180.csv
SKIPPING: metaTables/vocal_music_demucs_16k/metaData_fma_large/row105181.csv
SKIPPING: metaTables/vocal_music_demucs_16k/metaData_fma_large/row105182.csv
SKIPPING: metaTables/vocal_music_demucs_16k/metaData_fma_large/row105183.csv
SKIPPING: metaTables/vocal_music_demucs_16k/metaData_fma_large/row105184.csv
SKIPPING: metaTables/vocal_music_demucs_16k/metaData_fma_large/row105185.csv
SKIPPING: metaTables/vocal_music_demucs_16k/metaData_fma_large/row105186.csv
SKIPPING: metaTables/vocal_music_demucs_16k/metaData_fma_large/row105187.csv
SKIPPING: metaTables/vocal_music_demucs_16k/metaData_fma_large/row105188.csv
SKIPPING: metaTables/vocal_music_demucs_16k/metaData_fma_large/row105189.csv
SKIPPING: metaTables/vocal_music_demucs_16k/metaData_fma_large/row105190.csv
SKIPPING: metaTables/vocal_music_demucs_16k/metaData_fma_large/row105191.csv
SKIPPING: metaTables/vocal_music_demucs_16k/metaData_fma_large/row105192.csv
SKIPPING: metaTables/vocal_music_demucs_16k/metaData_fma_large/row105193.csv
SKIPPING: metaTables/vocal_music_demucs_16k/metaData_fma_large/row105194.csv
SKIPPING: metaTables/vocal_music_demucs_16k/metaData_fma_large/row105195.csv
SKIPPING: metaTables/vocal_music_demucs_16k/metaData_fma_large/row105196.csv
SKIPPING: metaTables/vocal_music_demucs_16k/metaData_fma_large/row105197.csv
SKIPPING: metaTables/vocal_music_demucs_16k/metaData_fma_large/row105198.csv
SKIPPING: metaTables/vocal_music_demucs_16k/metaData_fma_large/row105199.csv
Demucs voice recognition done!
