/ext3/demucs/lib/python3.9/site-packages/demucs/api.py:27: UserWarning: TorchAudio's global backend is now deprecated. Please enable distpatcher by setting `TORCHAUDIO_USE_BACKEND_DISPATCHER=1`, and specify backend when calling load/info/save function.
  import torchaudio as ta
2024-05-10 11:35:19.704682: I tensorflow/core/util/port.cc:113] oneDNN custom operations are on. You may see slightly different numerical results due to floating-point round-off errors from different computation orders. To turn them off, set the environment variable `TF_ENABLE_ONEDNN_OPTS=0`.
2024-05-10 11:35:19.974203: E external/local_xla/xla/stream_executor/cuda/cuda_dnn.cc:9261] Unable to register cuDNN factory: Attempting to register factory for plugin cuDNN when one has already been registered
2024-05-10 11:35:19.974249: E external/local_xla/xla/stream_executor/cuda/cuda_fft.cc:607] Unable to register cuFFT factory: Attempting to register factory for plugin cuFFT when one has already been registered
2024-05-10 11:35:20.000267: E external/local_xla/xla/stream_executor/cuda/cuda_blas.cc:1515] Unable to register cuBLAS factory: Attempting to register factory for plugin cuBLAS when one has already been registered
2024-05-10 11:35:20.106681: I tensorflow/core/platform/cpu_feature_guard.cc:182] This TensorFlow binary is optimized to use available CPU instructions in performance-critical operations.
To enable the following instructions: AVX2 AVX512F AVX512_VNNI FMA, in other operations, rebuild TensorFlow with the appropriate compiler flags.
2024-05-10 11:35:21.101812: W tensorflow/compiler/tf2tensorrt/utils/py_utils.cc:38] TF-TRT Warning: Could not find TensorRT
Execution time: 31.43258047103882 seconds
metaTables/vocal_music_demucs_16k/metaData_fma_large/row96700.csv
Execution time: 28.279349088668823 seconds
metaTables/vocal_music_demucs_16k/metaData_fma_large/row96701.csv
Execution time: 28.895777463912964 seconds
metaTables/vocal_music_demucs_16k/metaData_fma_large/row96702.csv
Execution time: 28.78773283958435 seconds
metaTables/vocal_music_demucs_16k/metaData_fma_large/row96703.csv
Execution time: 27.872260570526123 seconds
metaTables/vocal_music_demucs_16k/metaData_fma_large/row96704.csv
Execution time: 28.35571837425232 seconds
metaTables/vocal_music_demucs_16k/metaData_fma_large/row96705.csv
Execution time: 29.105924367904663 seconds
metaTables/vocal_music_demucs_16k/metaData_fma_large/row96706.csv
Execution time: 29.056103467941284 seconds
metaTables/vocal_music_demucs_16k/metaData_fma_large/row96707.csv
Execution time: 28.86272883415222 seconds
metaTables/vocal_music_demucs_16k/metaData_fma_large/row96708.csv
Execution time: 27.653669118881226 seconds
metaTables/vocal_music_demucs_16k/metaData_fma_large/row96709.csv
Execution time: 27.5357825756073 seconds
metaTables/vocal_music_demucs_16k/metaData_fma_large/row96710.csv
Execution time: 28.275707960128784 seconds
metaTables/vocal_music_demucs_16k/metaData_fma_large/row96711.csv
Execution time: 28.772274255752563 seconds
metaTables/vocal_music_demucs_16k/metaData_fma_large/row96712.csv
Execution time: 28.581542491912842 seconds
metaTables/vocal_music_demucs_16k/metaData_fma_large/row96713.csv
Execution time: 27.551180601119995 seconds
metaTables/vocal_music_demucs_16k/metaData_fma_large/row96714.csv
Execution time: 27.86308002471924 seconds
metaTables/vocal_music_demucs_16k/metaData_fma_large/row96715.csv
Execution time: 28.253397703170776 seconds
metaTables/vocal_music_demucs_16k/metaData_fma_large/row96716.csv
Execution time: 28.21515130996704 seconds
metaTables/vocal_music_demucs_16k/metaData_fma_large/row96717.csv
Execution time: 28.096120834350586 seconds
metaTables/vocal_music_demucs_16k/metaData_fma_large/row96718.csv
Execution time: 28.47745180130005 seconds
metaTables/vocal_music_demucs_16k/metaData_fma_large/row96719.csv
Execution time: 27.41333556175232 seconds
metaTables/vocal_music_demucs_16k/metaData_fma_large/row96720.csv
Execution time: 28.715219259262085 seconds
metaTables/vocal_music_demucs_16k/metaData_fma_large/row96721.csv
Execution time: 28.538599491119385 seconds
metaTables/vocal_music_demucs_16k/metaData_fma_large/row96722.csv
Execution time: 14.043951272964478 seconds
metaTables/vocal_music_demucs_16k/metaData_fma_large/row96723.csv
Execution time: 28.659718990325928 seconds
metaTables/vocal_music_demucs_16k/metaData_fma_large/row96724.csv
Execution time: 27.89748215675354 seconds
metaTables/vocal_music_demucs_16k/metaData_fma_large/row96725.csv
Execution time: 28.982858419418335 seconds
metaTables/vocal_music_demucs_16k/metaData_fma_large/row96726.csv
Execution time: 27.42850971221924 seconds
metaTables/vocal_music_demucs_16k/metaData_fma_large/row96727.csv
Execution time: 28.685048818588257 seconds
metaTables/vocal_music_demucs_16k/metaData_fma_large/row96728.csv
Execution time: 28.501834392547607 seconds
metaTables/vocal_music_demucs_16k/metaData_fma_large/row96729.csv
Execution time: 29.09742283821106 seconds
metaTables/vocal_music_demucs_16k/metaData_fma_large/row96730.csv
Execution time: 29.088396310806274 seconds
metaTables/vocal_music_demucs_16k/metaData_fma_large/row96731.csv
Execution time: 28.3410325050354 seconds
metaTables/vocal_music_demucs_16k/metaData_fma_large/row96732.csv
Execution time: 13.839681625366211 seconds
metaTables/vocal_music_demucs_16k/metaData_fma_large/row96733.csv
Execution time: 28.985867977142334 seconds
metaTables/vocal_music_demucs_16k/metaData_fma_large/row96734.csv
Execution time: 28.733011960983276 seconds
metaTables/vocal_music_demucs_16k/metaData_fma_large/row96735.csv
Execution time: 28.105656147003174 seconds
metaTables/vocal_music_demucs_16k/metaData_fma_large/row96736.csv
Execution time: 29.094259023666382 seconds
metaTables/vocal_music_demucs_16k/metaData_fma_large/row96737.csv
Execution time: 28.986666917800903 seconds
metaTables/vocal_music_demucs_16k/metaData_fma_large/row96738.csv
Execution time: 28.40146780014038 seconds
metaTables/vocal_music_demucs_16k/metaData_fma_large/row96739.csv
Execution time: 28.391478538513184 seconds
metaTables/vocal_music_demucs_16k/metaData_fma_large/row96740.csv
Execution time: 27.709396600723267 seconds
metaTables/vocal_music_demucs_16k/metaData_fma_large/row96741.csv
Execution time: 29.01060438156128 seconds
metaTables/vocal_music_demucs_16k/metaData_fma_large/row96742.csv
Execution time: 28.55601930618286 seconds
metaTables/vocal_music_demucs_16k/metaData_fma_large/row96743.csv
Execution time: 29.244377613067627 seconds
metaTables/vocal_music_demucs_16k/metaData_fma_large/row96744.csv
Execution time: 27.567265033721924 seconds
metaTables/vocal_music_demucs_16k/metaData_fma_large/row96745.csv
Execution time: 28.91618800163269 seconds
metaTables/vocal_music_demucs_16k/metaData_fma_large/row96746.csv
Execution time: 28.83970856666565 seconds
metaTables/vocal_music_demucs_16k/metaData_fma_large/row96747.csv
Execution time: 29.510913133621216 seconds
metaTables/vocal_music_demucs_16k/metaData_fma_large/row96748.csv
Execution time: 28.71259641647339 seconds
metaTables/vocal_music_demucs_16k/metaData_fma_large/row96749.csv
Execution time: 27.664395093917847 seconds
metaTables/vocal_music_demucs_16k/metaData_fma_large/row96750.csv
Execution time: 28.590014457702637 seconds
metaTables/vocal_music_demucs_16k/metaData_fma_large/row96751.csv
Execution time: 28.54008412361145 seconds
metaTables/vocal_music_demucs_16k/metaData_fma_large/row96752.csv
Execution time: 28.025497436523438 seconds
metaTables/vocal_music_demucs_16k/metaData_fma_large/row96753.csv
Execution time: 28.338253259658813 seconds
metaTables/vocal_music_demucs_16k/metaData_fma_large/row96754.csv
Execution time: 28.35005831718445 seconds
metaTables/vocal_music_demucs_16k/metaData_fma_large/row96755.csv
Execution time: 28.4638888835907 seconds
metaTables/vocal_music_demucs_16k/metaData_fma_large/row96756.csv
Execution time: 29.096383333206177 seconds
metaTables/vocal_music_demucs_16k/metaData_fma_large/row96757.csv
Execution time: 28.157077312469482 seconds
metaTables/vocal_music_demucs_16k/metaData_fma_large/row96758.csv
Execution time: 28.112144708633423 seconds
metaTables/vocal_music_demucs_16k/metaData_fma_large/row96759.csv
Execution time: 29.547690868377686 seconds
metaTables/vocal_music_demucs_16k/metaData_fma_large/row96760.csv
Execution time: 28.61084771156311 seconds
metaTables/vocal_music_demucs_16k/metaData_fma_large/row96761.csv
Execution time: 28.8235125541687 seconds
metaTables/vocal_music_demucs_16k/metaData_fma_large/row96762.csv
Execution time: 14.235240459442139 seconds
metaTables/vocal_music_demucs_16k/metaData_fma_large/row96763.csv
Execution time: 28.786800384521484 seconds
metaTables/vocal_music_demucs_16k/metaData_fma_large/row96764.csv
Execution time: 28.273082971572876 seconds
metaTables/vocal_music_demucs_16k/metaData_fma_large/row96765.csv
Execution time: 29.208204984664917 seconds
metaTables/vocal_music_demucs_16k/metaData_fma_large/row96766.csv
Execution time: 27.9595046043396 seconds
metaTables/vocal_music_demucs_16k/metaData_fma_large/row96767.csv
Execution time: 28.570127248764038 seconds
metaTables/vocal_music_demucs_16k/metaData_fma_large/row96768.csv
Execution time: 28.436429738998413 seconds
metaTables/vocal_music_demucs_16k/metaData_fma_large/row96769.csv
Execution time: 28.145771265029907 seconds
metaTables/vocal_music_demucs_16k/metaData_fma_large/row96770.csv
Execution time: 28.833566188812256 seconds
metaTables/vocal_music_demucs_16k/metaData_fma_large/row96771.csv
Execution time: 28.24460458755493 seconds
metaTables/vocal_music_demucs_16k/metaData_fma_large/row96772.csv
Execution time: 28.7369225025177 seconds
metaTables/vocal_music_demucs_16k/metaData_fma_large/row96773.csv
Execution time: 29.38173270225525 seconds
metaTables/vocal_music_demucs_16k/metaData_fma_large/row96774.csv
Execution time: 29.264277935028076 seconds
metaTables/vocal_music_demucs_16k/metaData_fma_large/row96775.csv
Execution time: 28.436437845230103 seconds
metaTables/vocal_music_demucs_16k/metaData_fma_large/row96776.csv
Execution time: 29.31952953338623 seconds
metaTables/vocal_music_demucs_16k/metaData_fma_large/row96777.csv
Execution time: 28.664222478866577 seconds
metaTables/vocal_music_demucs_16k/metaData_fma_large/row96778.csv
Execution time: 27.822043657302856 seconds
metaTables/vocal_music_demucs_16k/metaData_fma_large/row96779.csv
Execution time: 28.291370630264282 seconds
metaTables/vocal_music_demucs_16k/metaData_fma_large/row96780.csv
Execution time: 28.932165145874023 seconds
metaTables/vocal_music_demucs_16k/metaData_fma_large/row96781.csv
Execution time: 28.95707607269287 seconds
metaTables/vocal_music_demucs_16k/metaData_fma_large/row96782.csv
Execution time: 28.765931367874146 seconds
metaTables/vocal_music_demucs_16k/metaData_fma_large/row96783.csv
Execution time: 29.051710844039917 seconds
metaTables/vocal_music_demucs_16k/metaData_fma_large/row96784.csv
Execution time: 28.933282136917114 seconds
metaTables/vocal_music_demucs_16k/metaData_fma_large/row96785.csv
Execution time: 27.53712821006775 seconds
metaTables/vocal_music_demucs_16k/metaData_fma_large/row96786.csv
Execution time: 27.31114912033081 seconds
metaTables/vocal_music_demucs_16k/metaData_fma_large/row96787.csv
Execution time: 27.691326141357422 seconds
metaTables/vocal_music_demucs_16k/metaData_fma_large/row96788.csv
Execution time: 13.864828824996948 seconds
metaTables/vocal_music_demucs_16k/metaData_fma_large/row96789.csv
Execution time: 28.445976734161377 seconds
metaTables/vocal_music_demucs_16k/metaData_fma_large/row96790.csv
Execution time: 29.05569553375244 seconds
metaTables/vocal_music_demucs_16k/metaData_fma_large/row96791.csv
Execution time: 28.468071937561035 seconds
metaTables/vocal_music_demucs_16k/metaData_fma_large/row96792.csv
Execution time: 28.825101375579834 seconds
metaTables/vocal_music_demucs_16k/metaData_fma_large/row96793.csv
Execution time: 28.40021562576294 seconds
metaTables/vocal_music_demucs_16k/metaData_fma_large/row96794.csv
Execution time: 28.226795434951782 seconds
metaTables/vocal_music_demucs_16k/metaData_fma_large/row96795.csv
Execution time: 28.731764316558838 seconds
metaTables/vocal_music_demucs_16k/metaData_fma_large/row96796.csv
Execution time: 27.74866509437561 seconds
metaTables/vocal_music_demucs_16k/metaData_fma_large/row96797.csv
Execution time: 28.291792631149292 seconds
metaTables/vocal_music_demucs_16k/metaData_fma_large/row96798.csv
Execution time: 27.203972578048706 seconds
metaTables/vocal_music_demucs_16k/metaData_fma_large/row96799.csv
Demucs voice recognition done!
