/ext3/demucs/lib/python3.9/site-packages/demucs/api.py:27: UserWarning: TorchAudio's global backend is now deprecated. Please enable distpatcher by setting `TORCHAUDIO_USE_BACKEND_DISPATCHER=1`, and specify backend when calling load/info/save function.
  import torchaudio as ta
2024-05-08 23:36:04.140788: I tensorflow/core/util/port.cc:113] oneDNN custom operations are on. You may see slightly different numerical results due to floating-point round-off errors from different computation orders. To turn them off, set the environment variable `TF_ENABLE_ONEDNN_OPTS=0`.
2024-05-08 23:36:08.298488: E external/local_xla/xla/stream_executor/cuda/cuda_dnn.cc:9261] Unable to register cuDNN factory: Attempting to register factory for plugin cuDNN when one has already been registered
2024-05-08 23:36:08.298528: E external/local_xla/xla/stream_executor/cuda/cuda_fft.cc:607] Unable to register cuFFT factory: Attempting to register factory for plugin cuFFT when one has already been registered
2024-05-08 23:36:08.604726: E external/local_xla/xla/stream_executor/cuda/cuda_blas.cc:1515] Unable to register cuBLAS factory: Attempting to register factory for plugin cuBLAS when one has already been registered
2024-05-08 23:36:09.139853: I tensorflow/core/platform/cpu_feature_guard.cc:182] This TensorFlow binary is optimized to use available CPU instructions in performance-critical operations.
To enable the following instructions: AVX2 AVX512F AVX512_VNNI FMA, in other operations, rebuild TensorFlow with the appropriate compiler flags.
2024-05-08 23:36:24.583383: W tensorflow/compiler/tf2tensorrt/utils/py_utils.cc:38] TF-TRT Warning: Could not find TensorRT
Execution time: 30.67119812965393 seconds
metaTables/vocal_music_demucs_16k/metaData_fma_large/row9400.csv
Execution time: 26.765510320663452 seconds
metaTables/vocal_music_demucs_16k/metaData_fma_large/row9401.csv
Execution time: 26.571306705474854 seconds
metaTables/vocal_music_demucs_16k/metaData_fma_large/row9402.csv
Execution time: 26.83832859992981 seconds
metaTables/vocal_music_demucs_16k/metaData_fma_large/row9403.csv
Execution time: 27.47638988494873 seconds
metaTables/vocal_music_demucs_16k/metaData_fma_large/row9404.csv
Execution time: 26.456645011901855 seconds
metaTables/vocal_music_demucs_16k/metaData_fma_large/row9405.csv
Execution time: 27.145056009292603 seconds
metaTables/vocal_music_demucs_16k/metaData_fma_large/row9406.csv
Execution time: 26.432140827178955 seconds
metaTables/vocal_music_demucs_16k/metaData_fma_large/row9407.csv
Execution time: 26.408377408981323 seconds
metaTables/vocal_music_demucs_16k/metaData_fma_large/row9408.csv
Execution time: 26.214751482009888 seconds
metaTables/vocal_music_demucs_16k/metaData_fma_large/row9409.csv
Execution time: 27.03386616706848 seconds
metaTables/vocal_music_demucs_16k/metaData_fma_large/row9410.csv
Execution time: 28.43777298927307 seconds
metaTables/vocal_music_demucs_16k/metaData_fma_large/row9411.csv
Execution time: 26.866391897201538 seconds
metaTables/vocal_music_demucs_16k/metaData_fma_large/row9412.csv
Execution time: 26.585211038589478 seconds
metaTables/vocal_music_demucs_16k/metaData_fma_large/row9413.csv
Execution time: 26.386353492736816 seconds
metaTables/vocal_music_demucs_16k/metaData_fma_large/row9414.csv
Execution time: 26.625028371810913 seconds
metaTables/vocal_music_demucs_16k/metaData_fma_large/row9415.csv
Execution time: 27.7733256816864 seconds
metaTables/vocal_music_demucs_16k/metaData_fma_large/row9416.csv
Execution time: 27.871631860733032 seconds
metaTables/vocal_music_demucs_16k/metaData_fma_large/row9417.csv
Execution time: 26.4462411403656 seconds
metaTables/vocal_music_demucs_16k/metaData_fma_large/row9418.csv
Execution time: 27.10355496406555 seconds
metaTables/vocal_music_demucs_16k/metaData_fma_large/row9419.csv
Execution time: 26.167388677597046 seconds
metaTables/vocal_music_demucs_16k/metaData_fma_large/row9420.csv
Execution time: 27.04896306991577 seconds
metaTables/vocal_music_demucs_16k/metaData_fma_large/row9421.csv
Execution time: 26.274349451065063 seconds
metaTables/vocal_music_demucs_16k/metaData_fma_large/row9422.csv
Execution time: 25.683960914611816 seconds
metaTables/vocal_music_demucs_16k/metaData_fma_large/row9423.csv
Execution time: 26.544805765151978 seconds
metaTables/vocal_music_demucs_16k/metaData_fma_large/row9424.csv
Execution time: 26.23427104949951 seconds
metaTables/vocal_music_demucs_16k/metaData_fma_large/row9425.csv
Execution time: 27.168641805648804 seconds
metaTables/vocal_music_demucs_16k/metaData_fma_large/row9426.csv
Execution time: 26.805181980133057 seconds
metaTables/vocal_music_demucs_16k/metaData_fma_large/row9427.csv
Execution time: 26.712987422943115 seconds
metaTables/vocal_music_demucs_16k/metaData_fma_large/row9428.csv
Execution time: 26.967915534973145 seconds
metaTables/vocal_music_demucs_16k/metaData_fma_large/row9429.csv
Execution time: 26.39535355567932 seconds
metaTables/vocal_music_demucs_16k/metaData_fma_large/row9430.csv
Execution time: 26.54611825942993 seconds
metaTables/vocal_music_demucs_16k/metaData_fma_large/row9431.csv
Execution time: 26.525436639785767 seconds
metaTables/vocal_music_demucs_16k/metaData_fma_large/row9432.csv
Execution time: 26.900150775909424 seconds
metaTables/vocal_music_demucs_16k/metaData_fma_large/row9433.csv
Execution time: 26.328776121139526 seconds
metaTables/vocal_music_demucs_16k/metaData_fma_large/row9434.csv
Execution time: 25.980226755142212 seconds
metaTables/vocal_music_demucs_16k/metaData_fma_large/row9435.csv
Execution time: 26.412662029266357 seconds
metaTables/vocal_music_demucs_16k/metaData_fma_large/row9436.csv
Execution time: 26.47507643699646 seconds
metaTables/vocal_music_demucs_16k/metaData_fma_large/row9437.csv
Execution time: 26.464821815490723 seconds
metaTables/vocal_music_demucs_16k/metaData_fma_large/row9438.csv
Execution time: 26.82165765762329 seconds
metaTables/vocal_music_demucs_16k/metaData_fma_large/row9439.csv
Execution time: 26.526369333267212 seconds
metaTables/vocal_music_demucs_16k/metaData_fma_large/row9440.csv
Execution time: 26.220324277877808 seconds
metaTables/vocal_music_demucs_16k/metaData_fma_large/row9441.csv
Execution time: 26.31954264640808 seconds
metaTables/vocal_music_demucs_16k/metaData_fma_large/row9442.csv
Execution time: 27.075651168823242 seconds
metaTables/vocal_music_demucs_16k/metaData_fma_large/row9443.csv
Execution time: 28.140297651290894 seconds
metaTables/vocal_music_demucs_16k/metaData_fma_large/row9444.csv
Execution time: 26.338532209396362 seconds
metaTables/vocal_music_demucs_16k/metaData_fma_large/row9445.csv
Execution time: 26.260752201080322 seconds
metaTables/vocal_music_demucs_16k/metaData_fma_large/row9446.csv
Execution time: 27.536686897277832 seconds
metaTables/vocal_music_demucs_16k/metaData_fma_large/row9447.csv
Execution time: 26.5107262134552 seconds
metaTables/vocal_music_demucs_16k/metaData_fma_large/row9448.csv
Execution time: 26.664275884628296 seconds
metaTables/vocal_music_demucs_16k/metaData_fma_large/row9449.csv
Execution time: 26.39030885696411 seconds
metaTables/vocal_music_demucs_16k/metaData_fma_large/row9450.csv
Execution time: 26.35939931869507 seconds
metaTables/vocal_music_demucs_16k/metaData_fma_large/row9451.csv
Execution time: 25.855112075805664 seconds
metaTables/vocal_music_demucs_16k/metaData_fma_large/row9452.csv
Execution time: 27.182985067367554 seconds
metaTables/vocal_music_demucs_16k/metaData_fma_large/row9453.csv
Execution time: 26.739607334136963 seconds
metaTables/vocal_music_demucs_16k/metaData_fma_large/row9454.csv
Execution time: 17.159667491912842 seconds
metaTables/vocal_music_demucs_16k/metaData_fma_large/row9455.csv
Execution time: 26.5371196269989 seconds
metaTables/vocal_music_demucs_16k/metaData_fma_large/row9456.csv
Execution time: 27.30769395828247 seconds
metaTables/vocal_music_demucs_16k/metaData_fma_large/row9457.csv
Execution time: 27.42420268058777 seconds
metaTables/vocal_music_demucs_16k/metaData_fma_large/row9458.csv
Execution time: 26.090859174728394 seconds
metaTables/vocal_music_demucs_16k/metaData_fma_large/row9459.csv
Execution time: 27.815314531326294 seconds
metaTables/vocal_music_demucs_16k/metaData_fma_large/row9460.csv
Execution time: 18.126823663711548 seconds
metaTables/vocal_music_demucs_16k/metaData_fma_large/row9461.csv
Execution time: 27.301891565322876 seconds
metaTables/vocal_music_demucs_16k/metaData_fma_large/row9462.csv
Execution time: 27.267364263534546 seconds
metaTables/vocal_music_demucs_16k/metaData_fma_large/row9463.csv
Execution time: 28.200838088989258 seconds
metaTables/vocal_music_demucs_16k/metaData_fma_large/row9464.csv
Execution time: 27.464614629745483 seconds
metaTables/vocal_music_demucs_16k/metaData_fma_large/row9465.csv
Execution time: 26.677088022232056 seconds
metaTables/vocal_music_demucs_16k/metaData_fma_large/row9466.csv
Execution time: 26.312053680419922 seconds
metaTables/vocal_music_demucs_16k/metaData_fma_large/row9467.csv
Execution time: 26.579594612121582 seconds
metaTables/vocal_music_demucs_16k/metaData_fma_large/row9468.csv
Execution time: 26.041107416152954 seconds
metaTables/vocal_music_demucs_16k/metaData_fma_large/row9469.csv
Execution time: 26.63581919670105 seconds
metaTables/vocal_music_demucs_16k/metaData_fma_large/row9470.csv
Execution time: 26.02645230293274 seconds
metaTables/vocal_music_demucs_16k/metaData_fma_large/row9471.csv
Execution time: 28.029078006744385 seconds
metaTables/vocal_music_demucs_16k/metaData_fma_large/row9472.csv
Execution time: 25.98180866241455 seconds
metaTables/vocal_music_demucs_16k/metaData_fma_large/row9473.csv
Execution time: 26.643620014190674 seconds
metaTables/vocal_music_demucs_16k/metaData_fma_large/row9474.csv
Execution time: 27.879982233047485 seconds
metaTables/vocal_music_demucs_16k/metaData_fma_large/row9475.csv
Execution time: 27.520684719085693 seconds
metaTables/vocal_music_demucs_16k/metaData_fma_large/row9476.csv
Execution time: 26.087432146072388 seconds
metaTables/vocal_music_demucs_16k/metaData_fma_large/row9477.csv
Execution time: 26.227150440216064 seconds
metaTables/vocal_music_demucs_16k/metaData_fma_large/row9478.csv
Execution time: 25.969069957733154 seconds
metaTables/vocal_music_demucs_16k/metaData_fma_large/row9479.csv
Execution time: 27.174365043640137 seconds
metaTables/vocal_music_demucs_16k/metaData_fma_large/row9480.csv
Execution time: 26.410722017288208 seconds
metaTables/vocal_music_demucs_16k/metaData_fma_large/row9481.csv
Execution time: 26.52772068977356 seconds
metaTables/vocal_music_demucs_16k/metaData_fma_large/row9482.csv
Execution time: 26.798768281936646 seconds
metaTables/vocal_music_demucs_16k/metaData_fma_large/row9483.csv
Execution time: 26.651530265808105 seconds
metaTables/vocal_music_demucs_16k/metaData_fma_large/row9484.csv
Execution time: 27.185407638549805 seconds
metaTables/vocal_music_demucs_16k/metaData_fma_large/row9485.csv
Execution time: 26.389939069747925 seconds
metaTables/vocal_music_demucs_16k/metaData_fma_large/row9486.csv
Execution time: 26.564773559570312 seconds
metaTables/vocal_music_demucs_16k/metaData_fma_large/row9487.csv
Execution time: 25.885973691940308 seconds
metaTables/vocal_music_demucs_16k/metaData_fma_large/row9488.csv
Execution time: 26.149667739868164 seconds
metaTables/vocal_music_demucs_16k/metaData_fma_large/row9489.csv
Execution time: 26.902568340301514 seconds
metaTables/vocal_music_demucs_16k/metaData_fma_large/row9490.csv
Execution time: 26.831780910491943 seconds
metaTables/vocal_music_demucs_16k/metaData_fma_large/row9491.csv
Execution time: 26.871173620224 seconds
metaTables/vocal_music_demucs_16k/metaData_fma_large/row9492.csv
Execution time: 27.440505504608154 seconds
metaTables/vocal_music_demucs_16k/metaData_fma_large/row9493.csv
Execution time: 25.800517320632935 seconds
metaTables/vocal_music_demucs_16k/metaData_fma_large/row9494.csv
Execution time: 26.139572858810425 seconds
metaTables/vocal_music_demucs_16k/metaData_fma_large/row9495.csv
Execution time: 29.371264696121216 seconds
metaTables/vocal_music_demucs_16k/metaData_fma_large/row9496.csv
Execution time: 27.101429224014282 seconds
metaTables/vocal_music_demucs_16k/metaData_fma_large/row9497.csv
Execution time: 26.797074556350708 seconds
metaTables/vocal_music_demucs_16k/metaData_fma_large/row9498.csv
Execution time: 25.58451247215271 seconds
metaTables/vocal_music_demucs_16k/metaData_fma_large/row9499.csv
Demucs voice recognition done!
