/ext3/demucs/lib/python3.9/site-packages/demucs/api.py:27: UserWarning: TorchAudio's global backend is now deprecated. Please enable distpatcher by setting `TORCHAUDIO_USE_BACKEND_DISPATCHER=1`, and specify backend when calling load/info/save function.
  import torchaudio as ta
2024-05-10 01:29:24.549880: I tensorflow/core/util/port.cc:113] oneDNN custom operations are on. You may see slightly different numerical results due to floating-point round-off errors from different computation orders. To turn them off, set the environment variable `TF_ENABLE_ONEDNN_OPTS=0`.
2024-05-10 01:29:24.904325: E external/local_xla/xla/stream_executor/cuda/cuda_dnn.cc:9261] Unable to register cuDNN factory: Attempting to register factory for plugin cuDNN when one has already been registered
2024-05-10 01:29:24.904365: E external/local_xla/xla/stream_executor/cuda/cuda_fft.cc:607] Unable to register cuFFT factory: Attempting to register factory for plugin cuFFT when one has already been registered
2024-05-10 01:29:24.937876: E external/local_xla/xla/stream_executor/cuda/cuda_blas.cc:1515] Unable to register cuBLAS factory: Attempting to register factory for plugin cuBLAS when one has already been registered
2024-05-10 01:29:25.028013: I tensorflow/core/platform/cpu_feature_guard.cc:182] This TensorFlow binary is optimized to use available CPU instructions in performance-critical operations.
To enable the following instructions: AVX2 AVX512F AVX512_VNNI FMA, in other operations, rebuild TensorFlow with the appropriate compiler flags.
2024-05-10 01:29:25.931030: W tensorflow/compiler/tf2tensorrt/utils/py_utils.cc:38] TF-TRT Warning: Could not find TensorRT
[src/libmpg123/layer3.c:INT123_do_layer3():1771] error: part2_3_length (3264) too large for available bit count (3224)
SKIPPING: metaTables/vocal_music_demucs_16k/metaData_fma_large/row64800.csv
SKIPPING: metaTables/vocal_music_demucs_16k/metaData_fma_large/row64801.csv
SKIPPING: metaTables/vocal_music_demucs_16k/metaData_fma_large/row64802.csv
SKIPPING: metaTables/vocal_music_demucs_16k/metaData_fma_large/row64803.csv
SKIPPING: metaTables/vocal_music_demucs_16k/metaData_fma_large/row64804.csv
SKIPPING: metaTables/vocal_music_demucs_16k/metaData_fma_large/row64805.csv
SKIPPING: metaTables/vocal_music_demucs_16k/metaData_fma_large/row64806.csv
SKIPPING: metaTables/vocal_music_demucs_16k/metaData_fma_large/row64807.csv
SKIPPING: metaTables/vocal_music_demucs_16k/metaData_fma_large/row64808.csv
SKIPPING: metaTables/vocal_music_demucs_16k/metaData_fma_large/row64809.csv
SKIPPING: metaTables/vocal_music_demucs_16k/metaData_fma_large/row64810.csv
SKIPPING: metaTables/vocal_music_demucs_16k/metaData_fma_large/row64811.csv
Execution time: 28.767754077911377 seconds
metaTables/vocal_music_demucs_16k/metaData_fma_large/row64812.csv
Execution time: 27.125441551208496 seconds
metaTables/vocal_music_demucs_16k/metaData_fma_large/row64813.csv
Execution time: 27.592553853988647 seconds
metaTables/vocal_music_demucs_16k/metaData_fma_large/row64814.csv
Execution time: 24.786271572113037 seconds
metaTables/vocal_music_demucs_16k/metaData_fma_large/row64815.csv
Execution time: 26.290882110595703 seconds
metaTables/vocal_music_demucs_16k/metaData_fma_large/row64816.csv
Execution time: 28.053675889968872 seconds
metaTables/vocal_music_demucs_16k/metaData_fma_large/row64817.csv
Execution time: 27.564201831817627 seconds
metaTables/vocal_music_demucs_16k/metaData_fma_large/row64818.csv
Execution time: 27.254096031188965 seconds
metaTables/vocal_music_demucs_16k/metaData_fma_large/row64819.csv
Execution time: 26.84667420387268 seconds
metaTables/vocal_music_demucs_16k/metaData_fma_large/row64820.csv
Execution time: 26.103055477142334 seconds
metaTables/vocal_music_demucs_16k/metaData_fma_large/row64821.csv
Execution time: 28.518991708755493 seconds
metaTables/vocal_music_demucs_16k/metaData_fma_large/row64822.csv
Execution time: 26.90547752380371 seconds
metaTables/vocal_music_demucs_16k/metaData_fma_large/row64823.csv
Execution time: 25.872342109680176 seconds
metaTables/vocal_music_demucs_16k/metaData_fma_large/row64824.csv
Execution time: 25.625165462493896 seconds
metaTables/vocal_music_demucs_16k/metaData_fma_large/row64825.csv
Execution time: 26.011881113052368 seconds
metaTables/vocal_music_demucs_16k/metaData_fma_large/row64826.csv
Execution time: 26.32089400291443 seconds
metaTables/vocal_music_demucs_16k/metaData_fma_large/row64827.csv
Execution time: 28.225462198257446 seconds
metaTables/vocal_music_demucs_16k/metaData_fma_large/row64828.csv
Execution time: 27.05152916908264 seconds
metaTables/vocal_music_demucs_16k/metaData_fma_large/row64829.csv
Execution time: 26.931675672531128 seconds
metaTables/vocal_music_demucs_16k/metaData_fma_large/row64830.csv
Execution time: 24.9986732006073 seconds
metaTables/vocal_music_demucs_16k/metaData_fma_large/row64831.csv
Execution time: 27.185725450515747 seconds
metaTables/vocal_music_demucs_16k/metaData_fma_large/row64832.csv
Execution time: 27.428956747055054 seconds
metaTables/vocal_music_demucs_16k/metaData_fma_large/row64833.csv
Execution time: 27.886653184890747 seconds
metaTables/vocal_music_demucs_16k/metaData_fma_large/row64834.csv
Execution time: 25.945605278015137 seconds
metaTables/vocal_music_demucs_16k/metaData_fma_large/row64835.csv
Execution time: 27.33568286895752 seconds
metaTables/vocal_music_demucs_16k/metaData_fma_large/row64836.csv
Execution time: 27.078884840011597 seconds
metaTables/vocal_music_demucs_16k/metaData_fma_large/row64837.csv
Execution time: 26.487087726593018 seconds
metaTables/vocal_music_demucs_16k/metaData_fma_large/row64838.csv
Execution time: 25.264394283294678 seconds
metaTables/vocal_music_demucs_16k/metaData_fma_large/row64839.csv
Execution time: 28.08201313018799 seconds
metaTables/vocal_music_demucs_16k/metaData_fma_large/row64840.csv
Execution time: 27.51644206047058 seconds
metaTables/vocal_music_demucs_16k/metaData_fma_large/row64841.csv
Execution time: 26.48336410522461 seconds
metaTables/vocal_music_demucs_16k/metaData_fma_large/row64842.csv
Execution time: 17.893215656280518 seconds
metaTables/vocal_music_demucs_16k/metaData_fma_large/row64843.csv
Execution time: 29.466081619262695 seconds
metaTables/vocal_music_demucs_16k/metaData_fma_large/row64844.csv
Execution time: 26.968868494033813 seconds
metaTables/vocal_music_demucs_16k/metaData_fma_large/row64845.csv
Execution time: 27.05872130393982 seconds
metaTables/vocal_music_demucs_16k/metaData_fma_large/row64846.csv
Execution time: 25.678304195404053 seconds
metaTables/vocal_music_demucs_16k/metaData_fma_large/row64847.csv
Execution time: 27.330947637557983 seconds
metaTables/vocal_music_demucs_16k/metaData_fma_large/row64848.csv
Execution time: 26.899569272994995 seconds
metaTables/vocal_music_demucs_16k/metaData_fma_large/row64849.csv
Execution time: 27.38822865486145 seconds
metaTables/vocal_music_demucs_16k/metaData_fma_large/row64850.csv
Execution time: 27.908843517303467 seconds
metaTables/vocal_music_demucs_16k/metaData_fma_large/row64851.csv
Execution time: 26.727548360824585 seconds
metaTables/vocal_music_demucs_16k/metaData_fma_large/row64852.csv
Execution time: 25.607760906219482 seconds
metaTables/vocal_music_demucs_16k/metaData_fma_large/row64853.csv
Execution time: 26.85247039794922 seconds
metaTables/vocal_music_demucs_16k/metaData_fma_large/row64854.csv
Execution time: 27.178362131118774 seconds
metaTables/vocal_music_demucs_16k/metaData_fma_large/row64855.csv
Execution time: 27.131870985031128 seconds
metaTables/vocal_music_demucs_16k/metaData_fma_large/row64856.csv
Execution time: 26.76255965232849 seconds
metaTables/vocal_music_demucs_16k/metaData_fma_large/row64857.csv
Execution time: 27.326110124588013 seconds
metaTables/vocal_music_demucs_16k/metaData_fma_large/row64858.csv
Execution time: 26.770386695861816 seconds
metaTables/vocal_music_demucs_16k/metaData_fma_large/row64859.csv
Execution time: 26.607402324676514 seconds
metaTables/vocal_music_demucs_16k/metaData_fma_large/row64860.csv
Execution time: 26.63821005821228 seconds
metaTables/vocal_music_demucs_16k/metaData_fma_large/row64861.csv
Execution time: 26.844236612319946 seconds
metaTables/vocal_music_demucs_16k/metaData_fma_large/row64862.csv
Execution time: 28.577341079711914 seconds
metaTables/vocal_music_demucs_16k/metaData_fma_large/row64863.csv
Execution time: 26.840372800827026 seconds
metaTables/vocal_music_demucs_16k/metaData_fma_large/row64864.csv
Execution time: 26.92811393737793 seconds
metaTables/vocal_music_demucs_16k/metaData_fma_large/row64865.csv
Execution time: 27.706942319869995 seconds
metaTables/vocal_music_demucs_16k/metaData_fma_large/row64866.csv
Execution time: 27.016462326049805 seconds
metaTables/vocal_music_demucs_16k/metaData_fma_large/row64867.csv
Execution time: 27.700227737426758 seconds
metaTables/vocal_music_demucs_16k/metaData_fma_large/row64868.csv
Execution time: 25.386539936065674 seconds
metaTables/vocal_music_demucs_16k/metaData_fma_large/row64869.csv
Execution time: 26.97605299949646 seconds
metaTables/vocal_music_demucs_16k/metaData_fma_large/row64870.csv
Execution time: 25.645557165145874 seconds
metaTables/vocal_music_demucs_16k/metaData_fma_large/row64871.csv
Execution time: 26.309828758239746 seconds
metaTables/vocal_music_demucs_16k/metaData_fma_large/row64872.csv
Execution time: 26.63058352470398 seconds
metaTables/vocal_music_demucs_16k/metaData_fma_large/row64873.csv
Execution time: 28.343186855316162 seconds
metaTables/vocal_music_demucs_16k/metaData_fma_large/row64874.csv
Execution time: 26.271652221679688 seconds
metaTables/vocal_music_demucs_16k/metaData_fma_large/row64875.csv
Execution time: 26.90299344062805 seconds
metaTables/vocal_music_demucs_16k/metaData_fma_large/row64876.csv
Execution time: 26.55877947807312 seconds
metaTables/vocal_music_demucs_16k/metaData_fma_large/row64877.csv
Execution time: 25.711270809173584 seconds
metaTables/vocal_music_demucs_16k/metaData_fma_large/row64878.csv
Execution time: 27.064515113830566 seconds
metaTables/vocal_music_demucs_16k/metaData_fma_large/row64879.csv
Execution time: 25.197555780410767 seconds
metaTables/vocal_music_demucs_16k/metaData_fma_large/row64880.csv
Execution time: 26.813671350479126 seconds
metaTables/vocal_music_demucs_16k/metaData_fma_large/row64881.csv
Execution time: 26.730546236038208 seconds
metaTables/vocal_music_demucs_16k/metaData_fma_large/row64882.csv
Execution time: 26.98865580558777 seconds
metaTables/vocal_music_demucs_16k/metaData_fma_large/row64883.csv
Execution time: 28.434330224990845 seconds
metaTables/vocal_music_demucs_16k/metaData_fma_large/row64884.csv
Execution time: 25.478838205337524 seconds
metaTables/vocal_music_demucs_16k/metaData_fma_large/row64885.csv
Execution time: 27.86180019378662 seconds
metaTables/vocal_music_demucs_16k/metaData_fma_large/row64886.csv
Execution time: 26.53151226043701 seconds
metaTables/vocal_music_demucs_16k/metaData_fma_large/row64887.csv
Execution time: 26.878024578094482 seconds
metaTables/vocal_music_demucs_16k/metaData_fma_large/row64888.csv
Execution time: 27.08683681488037 seconds
metaTables/vocal_music_demucs_16k/metaData_fma_large/row64889.csv
Execution time: 26.41470718383789 seconds
metaTables/vocal_music_demucs_16k/metaData_fma_large/row64890.csv
Execution time: 27.283446550369263 seconds
metaTables/vocal_music_demucs_16k/metaData_fma_large/row64891.csv
Execution time: 26.534543991088867 seconds
metaTables/vocal_music_demucs_16k/metaData_fma_large/row64892.csv
Execution time: 25.978101015090942 seconds
metaTables/vocal_music_demucs_16k/metaData_fma_large/row64893.csv
Execution time: 26.449280977249146 seconds
metaTables/vocal_music_demucs_16k/metaData_fma_large/row64894.csv
Execution time: 27.695391178131104 seconds
metaTables/vocal_music_demucs_16k/metaData_fma_large/row64895.csv
Execution time: 26.472930669784546 seconds
metaTables/vocal_music_demucs_16k/metaData_fma_large/row64896.csv
Execution time: 26.971211910247803 seconds
metaTables/vocal_music_demucs_16k/metaData_fma_large/row64897.csv
Execution time: 26.959344625473022 seconds
metaTables/vocal_music_demucs_16k/metaData_fma_large/row64898.csv
Execution time: 25.97781777381897 seconds
metaTables/vocal_music_demucs_16k/metaData_fma_large/row64899.csv
Demucs voice recognition done!
