/ext3/demucs/lib/python3.9/site-packages/demucs/api.py:27: UserWarning: TorchAudio's global backend is now deprecated. Please enable distpatcher by setting `TORCHAUDIO_USE_BACKEND_DISPATCHER=1`, and specify backend when calling load/info/save function.
  import torchaudio as ta
2024-05-10 11:35:18.941392: I tensorflow/core/util/port.cc:113] oneDNN custom operations are on. You may see slightly different numerical results due to floating-point round-off errors from different computation orders. To turn them off, set the environment variable `TF_ENABLE_ONEDNN_OPTS=0`.
2024-05-10 11:35:19.576557: E external/local_xla/xla/stream_executor/cuda/cuda_dnn.cc:9261] Unable to register cuDNN factory: Attempting to register factory for plugin cuDNN when one has already been registered
2024-05-10 11:35:19.576598: E external/local_xla/xla/stream_executor/cuda/cuda_fft.cc:607] Unable to register cuFFT factory: Attempting to register factory for plugin cuFFT when one has already been registered
2024-05-10 11:35:19.680594: E external/local_xla/xla/stream_executor/cuda/cuda_blas.cc:1515] Unable to register cuBLAS factory: Attempting to register factory for plugin cuBLAS when one has already been registered
2024-05-10 11:35:19.789290: I tensorflow/core/platform/cpu_feature_guard.cc:182] This TensorFlow binary is optimized to use available CPU instructions in performance-critical operations.
To enable the following instructions: AVX2 AVX512F AVX512_VNNI FMA, in other operations, rebuild TensorFlow with the appropriate compiler flags.
2024-05-10 11:35:20.939178: W tensorflow/compiler/tf2tensorrt/utils/py_utils.cc:38] TF-TRT Warning: Could not find TensorRT
Execution time: 25.59730815887451 seconds
metaTables/vocal_music_demucs_16k/metaData_fma_large/row93100.csv
Execution time: 24.975333213806152 seconds
metaTables/vocal_music_demucs_16k/metaData_fma_large/row93101.csv
Execution time: 25.606836318969727 seconds
metaTables/vocal_music_demucs_16k/metaData_fma_large/row93102.csv
Execution time: 24.19544768333435 seconds
metaTables/vocal_music_demucs_16k/metaData_fma_large/row93103.csv
Execution time: 24.35750675201416 seconds
metaTables/vocal_music_demucs_16k/metaData_fma_large/row93104.csv
Execution time: 25.28116798400879 seconds
metaTables/vocal_music_demucs_16k/metaData_fma_large/row93105.csv
Execution time: 23.982139587402344 seconds
metaTables/vocal_music_demucs_16k/metaData_fma_large/row93106.csv
Execution time: 24.52486562728882 seconds
metaTables/vocal_music_demucs_16k/metaData_fma_large/row93107.csv
Execution time: 24.96901559829712 seconds
metaTables/vocal_music_demucs_16k/metaData_fma_large/row93108.csv
Execution time: 24.519582271575928 seconds
metaTables/vocal_music_demucs_16k/metaData_fma_large/row93109.csv
Execution time: 24.405532121658325 seconds
metaTables/vocal_music_demucs_16k/metaData_fma_large/row93110.csv
Execution time: 16.52686071395874 seconds
metaTables/vocal_music_demucs_16k/metaData_fma_large/row93111.csv
Execution time: 23.93963885307312 seconds
metaTables/vocal_music_demucs_16k/metaData_fma_large/row93112.csv
Execution time: 24.02692198753357 seconds
metaTables/vocal_music_demucs_16k/metaData_fma_large/row93113.csv
Execution time: 20.5128915309906 seconds
metaTables/vocal_music_demucs_16k/metaData_fma_large/row93114.csv
Execution time: 23.9784095287323 seconds
metaTables/vocal_music_demucs_16k/metaData_fma_large/row93115.csv
Execution time: 25.303613424301147 seconds
metaTables/vocal_music_demucs_16k/metaData_fma_large/row93116.csv
Execution time: 24.38149857521057 seconds
metaTables/vocal_music_demucs_16k/metaData_fma_large/row93117.csv
Execution time: 25.28319215774536 seconds
metaTables/vocal_music_demucs_16k/metaData_fma_large/row93118.csv
Execution time: 24.363763570785522 seconds
metaTables/vocal_music_demucs_16k/metaData_fma_large/row93119.csv
Execution time: 24.769188165664673 seconds
metaTables/vocal_music_demucs_16k/metaData_fma_large/row93120.csv
Execution time: 24.99968671798706 seconds
metaTables/vocal_music_demucs_16k/metaData_fma_large/row93121.csv
Execution time: 24.93934988975525 seconds
metaTables/vocal_music_demucs_16k/metaData_fma_large/row93122.csv
Execution time: 24.47161626815796 seconds
metaTables/vocal_music_demucs_16k/metaData_fma_large/row93123.csv
Execution time: 24.89306616783142 seconds
metaTables/vocal_music_demucs_16k/metaData_fma_large/row93124.csv
Execution time: 24.866377353668213 seconds
metaTables/vocal_music_demucs_16k/metaData_fma_large/row93125.csv
Execution time: 24.559619903564453 seconds
metaTables/vocal_music_demucs_16k/metaData_fma_large/row93126.csv
Execution time: 24.594380140304565 seconds
metaTables/vocal_music_demucs_16k/metaData_fma_large/row93127.csv
Execution time: 24.023781776428223 seconds
metaTables/vocal_music_demucs_16k/metaData_fma_large/row93128.csv
Execution time: 24.870225429534912 seconds
metaTables/vocal_music_demucs_16k/metaData_fma_large/row93129.csv
Execution time: 24.90471363067627 seconds
metaTables/vocal_music_demucs_16k/metaData_fma_large/row93130.csv
Execution time: 24.193540811538696 seconds
metaTables/vocal_music_demucs_16k/metaData_fma_large/row93131.csv
Execution time: 23.763795614242554 seconds
metaTables/vocal_music_demucs_16k/metaData_fma_large/row93132.csv
Execution time: 24.782265424728394 seconds
metaTables/vocal_music_demucs_16k/metaData_fma_large/row93133.csv
Execution time: 24.66894817352295 seconds
metaTables/vocal_music_demucs_16k/metaData_fma_large/row93134.csv
Execution time: 24.671149015426636 seconds
metaTables/vocal_music_demucs_16k/metaData_fma_large/row93135.csv
Execution time: 24.591583251953125 seconds
metaTables/vocal_music_demucs_16k/metaData_fma_large/row93136.csv
Execution time: 24.919201850891113 seconds
metaTables/vocal_music_demucs_16k/metaData_fma_large/row93137.csv
Execution time: 23.764299392700195 seconds
metaTables/vocal_music_demucs_16k/metaData_fma_large/row93138.csv
Execution time: 24.77659034729004 seconds
metaTables/vocal_music_demucs_16k/metaData_fma_large/row93139.csv
Execution time: 25.1340389251709 seconds
metaTables/vocal_music_demucs_16k/metaData_fma_large/row93140.csv
Execution time: 24.46166682243347 seconds
metaTables/vocal_music_demucs_16k/metaData_fma_large/row93141.csv
Execution time: 24.046531200408936 seconds
metaTables/vocal_music_demucs_16k/metaData_fma_large/row93142.csv
Execution time: 24.320302486419678 seconds
metaTables/vocal_music_demucs_16k/metaData_fma_large/row93143.csv
Execution time: 25.480216026306152 seconds
metaTables/vocal_music_demucs_16k/metaData_fma_large/row93144.csv
Execution time: 24.41982674598694 seconds
metaTables/vocal_music_demucs_16k/metaData_fma_large/row93145.csv
Execution time: 24.359379529953003 seconds
metaTables/vocal_music_demucs_16k/metaData_fma_large/row93146.csv
Execution time: 23.885284423828125 seconds
metaTables/vocal_music_demucs_16k/metaData_fma_large/row93147.csv
Execution time: 24.455328464508057 seconds
metaTables/vocal_music_demucs_16k/metaData_fma_large/row93148.csv
Execution time: 24.715614557266235 seconds
metaTables/vocal_music_demucs_16k/metaData_fma_large/row93149.csv
Execution time: 24.58064603805542 seconds
metaTables/vocal_music_demucs_16k/metaData_fma_large/row93150.csv
Execution time: 24.82938265800476 seconds
metaTables/vocal_music_demucs_16k/metaData_fma_large/row93151.csv
Execution time: 24.22044038772583 seconds
metaTables/vocal_music_demucs_16k/metaData_fma_large/row93152.csv
Execution time: 24.383582592010498 seconds
metaTables/vocal_music_demucs_16k/metaData_fma_large/row93153.csv
Execution time: 23.874272108078003 seconds
metaTables/vocal_music_demucs_16k/metaData_fma_large/row93154.csv
Execution time: 25.785517692565918 seconds
metaTables/vocal_music_demucs_16k/metaData_fma_large/row93155.csv
Execution time: 25.70932173728943 seconds
metaTables/vocal_music_demucs_16k/metaData_fma_large/row93156.csv
Execution time: 24.93473482131958 seconds
metaTables/vocal_music_demucs_16k/metaData_fma_large/row93157.csv
Execution time: 24.626199960708618 seconds
metaTables/vocal_music_demucs_16k/metaData_fma_large/row93158.csv
Execution time: 25.37779927253723 seconds
metaTables/vocal_music_demucs_16k/metaData_fma_large/row93159.csv
Execution time: 24.77541708946228 seconds
metaTables/vocal_music_demucs_16k/metaData_fma_large/row93160.csv
Execution time: 25.21188521385193 seconds
metaTables/vocal_music_demucs_16k/metaData_fma_large/row93161.csv
Execution time: 24.69709825515747 seconds
metaTables/vocal_music_demucs_16k/metaData_fma_large/row93162.csv
Execution time: 24.109211444854736 seconds
metaTables/vocal_music_demucs_16k/metaData_fma_large/row93163.csv
Execution time: 24.42062759399414 seconds
metaTables/vocal_music_demucs_16k/metaData_fma_large/row93164.csv
Execution time: 24.814455270767212 seconds
metaTables/vocal_music_demucs_16k/metaData_fma_large/row93165.csv
Execution time: 24.940342903137207 seconds
metaTables/vocal_music_demucs_16k/metaData_fma_large/row93166.csv
Execution time: 24.339189529418945 seconds
metaTables/vocal_music_demucs_16k/metaData_fma_large/row93167.csv
Execution time: 24.107999324798584 seconds
metaTables/vocal_music_demucs_16k/metaData_fma_large/row93168.csv
Execution time: 24.61747980117798 seconds
metaTables/vocal_music_demucs_16k/metaData_fma_large/row93169.csv
Execution time: 24.37021493911743 seconds
metaTables/vocal_music_demucs_16k/metaData_fma_large/row93170.csv
Execution time: 24.81743025779724 seconds
metaTables/vocal_music_demucs_16k/metaData_fma_large/row93171.csv
Execution time: 24.971686601638794 seconds
metaTables/vocal_music_demucs_16k/metaData_fma_large/row93172.csv
Execution time: 24.416565418243408 seconds
metaTables/vocal_music_demucs_16k/metaData_fma_large/row93173.csv
Execution time: 25.224218368530273 seconds
metaTables/vocal_music_demucs_16k/metaData_fma_large/row93174.csv
Execution time: 24.90168023109436 seconds
metaTables/vocal_music_demucs_16k/metaData_fma_large/row93175.csv
Execution time: 24.619123697280884 seconds
metaTables/vocal_music_demucs_16k/metaData_fma_large/row93176.csv
Execution time: 25.139688730239868 seconds
metaTables/vocal_music_demucs_16k/metaData_fma_large/row93177.csv
Execution time: 24.0707848072052 seconds
metaTables/vocal_music_demucs_16k/metaData_fma_large/row93178.csv
Execution time: 25.639437198638916 seconds
metaTables/vocal_music_demucs_16k/metaData_fma_large/row93179.csv
Execution time: 25.219496965408325 seconds
metaTables/vocal_music_demucs_16k/metaData_fma_large/row93180.csv
Execution time: 24.15774631500244 seconds
metaTables/vocal_music_demucs_16k/metaData_fma_large/row93181.csv
Execution time: 25.0052969455719 seconds
metaTables/vocal_music_demucs_16k/metaData_fma_large/row93182.csv
Execution time: 24.651358604431152 seconds
metaTables/vocal_music_demucs_16k/metaData_fma_large/row93183.csv
Execution time: 24.2311851978302 seconds
metaTables/vocal_music_demucs_16k/metaData_fma_large/row93184.csv
Execution time: 24.898163557052612 seconds
metaTables/vocal_music_demucs_16k/metaData_fma_large/row93185.csv
Execution time: 25.870400428771973 seconds
metaTables/vocal_music_demucs_16k/metaData_fma_large/row93186.csv
Execution time: 23.90471386909485 seconds
metaTables/vocal_music_demucs_16k/metaData_fma_large/row93187.csv
Execution time: 24.386735200881958 seconds
metaTables/vocal_music_demucs_16k/metaData_fma_large/row93188.csv
Execution time: 24.80944037437439 seconds
metaTables/vocal_music_demucs_16k/metaData_fma_large/row93189.csv
Execution time: 26.11307430267334 seconds
metaTables/vocal_music_demucs_16k/metaData_fma_large/row93190.csv
Execution time: 25.015893697738647 seconds
metaTables/vocal_music_demucs_16k/metaData_fma_large/row93191.csv
Execution time: 25.39243507385254 seconds
metaTables/vocal_music_demucs_16k/metaData_fma_large/row93192.csv
Execution time: 25.521262168884277 seconds
metaTables/vocal_music_demucs_16k/metaData_fma_large/row93193.csv
Execution time: 24.734071254730225 seconds
metaTables/vocal_music_demucs_16k/metaData_fma_large/row93194.csv
Execution time: 24.329720973968506 seconds
metaTables/vocal_music_demucs_16k/metaData_fma_large/row93195.csv
Execution time: 24.701274871826172 seconds
metaTables/vocal_music_demucs_16k/metaData_fma_large/row93196.csv
Execution time: 25.511075735092163 seconds
metaTables/vocal_music_demucs_16k/metaData_fma_large/row93197.csv
Execution time: 25.077922582626343 seconds
metaTables/vocal_music_demucs_16k/metaData_fma_large/row93198.csv
Execution time: 24.10972285270691 seconds
metaTables/vocal_music_demucs_16k/metaData_fma_large/row93199.csv
Demucs voice recognition done!
