/ext3/demucs/lib/python3.9/site-packages/demucs/api.py:27: UserWarning: TorchAudio's global backend is now deprecated. Please enable distpatcher by setting `TORCHAUDIO_USE_BACKEND_DISPATCHER=1`, and specify backend when calling load/info/save function.
  import torchaudio as ta
2024-05-09 00:19:30.660824: I tensorflow/core/util/port.cc:113] oneDNN custom operations are on. You may see slightly different numerical results due to floating-point round-off errors from different computation orders. To turn them off, set the environment variable `TF_ENABLE_ONEDNN_OPTS=0`.
2024-05-09 00:19:33.259542: E external/local_xla/xla/stream_executor/cuda/cuda_dnn.cc:9261] Unable to register cuDNN factory: Attempting to register factory for plugin cuDNN when one has already been registered
2024-05-09 00:19:33.259586: E external/local_xla/xla/stream_executor/cuda/cuda_fft.cc:607] Unable to register cuFFT factory: Attempting to register factory for plugin cuFFT when one has already been registered
2024-05-09 00:19:33.736042: E external/local_xla/xla/stream_executor/cuda/cuda_blas.cc:1515] Unable to register cuBLAS factory: Attempting to register factory for plugin cuBLAS when one has already been registered
2024-05-09 00:19:33.924313: I tensorflow/core/platform/cpu_feature_guard.cc:182] This TensorFlow binary is optimized to use available CPU instructions in performance-critical operations.
To enable the following instructions: AVX2 AVX512F AVX512_VNNI FMA, in other operations, rebuild TensorFlow with the appropriate compiler flags.
2024-05-09 00:19:37.371248: W tensorflow/compiler/tf2tensorrt/utils/py_utils.cc:38] TF-TRT Warning: Could not find TensorRT
Execution time: 32.199891805648804 seconds
metaTables/vocal_music_demucs_16k/metaData_fma_large/row89700.csv
Execution time: 28.541813850402832 seconds
metaTables/vocal_music_demucs_16k/metaData_fma_large/row89701.csv
Execution time: 27.933815479278564 seconds
metaTables/vocal_music_demucs_16k/metaData_fma_large/row89702.csv
Execution time: 29.13088822364807 seconds
metaTables/vocal_music_demucs_16k/metaData_fma_large/row89703.csv
Execution time: 28.755425214767456 seconds
metaTables/vocal_music_demucs_16k/metaData_fma_large/row89704.csv
Execution time: 30.2606418132782 seconds
metaTables/vocal_music_demucs_16k/metaData_fma_large/row89705.csv
Execution time: 29.101065158843994 seconds
metaTables/vocal_music_demucs_16k/metaData_fma_large/row89706.csv
Execution time: 28.154249906539917 seconds
metaTables/vocal_music_demucs_16k/metaData_fma_large/row89707.csv
Execution time: 28.41803526878357 seconds
metaTables/vocal_music_demucs_16k/metaData_fma_large/row89708.csv
Execution time: 27.273550033569336 seconds
metaTables/vocal_music_demucs_16k/metaData_fma_large/row89709.csv
Execution time: 28.341999769210815 seconds
metaTables/vocal_music_demucs_16k/metaData_fma_large/row89710.csv
Execution time: 27.561275959014893 seconds
metaTables/vocal_music_demucs_16k/metaData_fma_large/row89711.csv
Execution time: 27.4739408493042 seconds
metaTables/vocal_music_demucs_16k/metaData_fma_large/row89712.csv
Execution time: 28.251099586486816 seconds
metaTables/vocal_music_demucs_16k/metaData_fma_large/row89713.csv
Execution time: 29.231437921524048 seconds
metaTables/vocal_music_demucs_16k/metaData_fma_large/row89714.csv
Execution time: 28.688427209854126 seconds
metaTables/vocal_music_demucs_16k/metaData_fma_large/row89715.csv
Execution time: 28.200901746749878 seconds
metaTables/vocal_music_demucs_16k/metaData_fma_large/row89716.csv
Execution time: 28.478537797927856 seconds
metaTables/vocal_music_demucs_16k/metaData_fma_large/row89717.csv
Execution time: 28.819283485412598 seconds
metaTables/vocal_music_demucs_16k/metaData_fma_large/row89718.csv
Execution time: 27.547541856765747 seconds
metaTables/vocal_music_demucs_16k/metaData_fma_large/row89719.csv
Execution time: 28.747841835021973 seconds
metaTables/vocal_music_demucs_16k/metaData_fma_large/row89720.csv
Execution time: 30.135807514190674 seconds
metaTables/vocal_music_demucs_16k/metaData_fma_large/row89721.csv
Execution time: 28.393927812576294 seconds
metaTables/vocal_music_demucs_16k/metaData_fma_large/row89722.csv
Execution time: 27.560446739196777 seconds
metaTables/vocal_music_demucs_16k/metaData_fma_large/row89723.csv
Execution time: 27.61226797103882 seconds
metaTables/vocal_music_demucs_16k/metaData_fma_large/row89724.csv
Execution time: 29.401417016983032 seconds
metaTables/vocal_music_demucs_16k/metaData_fma_large/row89725.csv
Execution time: 26.869159698486328 seconds
metaTables/vocal_music_demucs_16k/metaData_fma_large/row89726.csv
Execution time: 27.30557632446289 seconds
metaTables/vocal_music_demucs_16k/metaData_fma_large/row89727.csv
Execution time: 27.925002574920654 seconds
metaTables/vocal_music_demucs_16k/metaData_fma_large/row89728.csv
Execution time: 28.464160919189453 seconds
metaTables/vocal_music_demucs_16k/metaData_fma_large/row89729.csv
Execution time: 27.42606210708618 seconds
metaTables/vocal_music_demucs_16k/metaData_fma_large/row89730.csv
Execution time: 28.162937879562378 seconds
metaTables/vocal_music_demucs_16k/metaData_fma_large/row89731.csv
Execution time: 28.739166021347046 seconds
metaTables/vocal_music_demucs_16k/metaData_fma_large/row89732.csv
Execution time: 27.996680974960327 seconds
metaTables/vocal_music_demucs_16k/metaData_fma_large/row89733.csv
Execution time: 28.065743923187256 seconds
metaTables/vocal_music_demucs_16k/metaData_fma_large/row89734.csv
Execution time: 27.759664297103882 seconds
metaTables/vocal_music_demucs_16k/metaData_fma_large/row89735.csv
Execution time: 28.126795530319214 seconds
metaTables/vocal_music_demucs_16k/metaData_fma_large/row89736.csv
Execution time: 29.37035870552063 seconds
metaTables/vocal_music_demucs_16k/metaData_fma_large/row89737.csv
Execution time: 27.987295866012573 seconds
metaTables/vocal_music_demucs_16k/metaData_fma_large/row89738.csv
Execution time: 28.37041926383972 seconds
metaTables/vocal_music_demucs_16k/metaData_fma_large/row89739.csv
Execution time: 27.918494939804077 seconds
metaTables/vocal_music_demucs_16k/metaData_fma_large/row89740.csv
Execution time: 28.63178515434265 seconds
metaTables/vocal_music_demucs_16k/metaData_fma_large/row89741.csv
Execution time: 28.299325466156006 seconds
metaTables/vocal_music_demucs_16k/metaData_fma_large/row89742.csv
Execution time: 28.08925771713257 seconds
metaTables/vocal_music_demucs_16k/metaData_fma_large/row89743.csv
Execution time: 27.687272787094116 seconds
metaTables/vocal_music_demucs_16k/metaData_fma_large/row89744.csv
Execution time: 27.247511386871338 seconds
metaTables/vocal_music_demucs_16k/metaData_fma_large/row89745.csv
Execution time: 27.117480754852295 seconds
metaTables/vocal_music_demucs_16k/metaData_fma_large/row89746.csv
Execution time: 28.224476099014282 seconds
metaTables/vocal_music_demucs_16k/metaData_fma_large/row89747.csv
Execution time: 28.155101537704468 seconds
metaTables/vocal_music_demucs_16k/metaData_fma_large/row89748.csv
Execution time: 27.933764934539795 seconds
metaTables/vocal_music_demucs_16k/metaData_fma_large/row89749.csv
Execution time: 29.161508321762085 seconds
metaTables/vocal_music_demucs_16k/metaData_fma_large/row89750.csv
Execution time: 30.3803973197937 seconds
metaTables/vocal_music_demucs_16k/metaData_fma_large/row89751.csv
Execution time: 27.033838748931885 seconds
metaTables/vocal_music_demucs_16k/metaData_fma_large/row89752.csv
Execution time: 26.385666131973267 seconds
metaTables/vocal_music_demucs_16k/metaData_fma_large/row89753.csv
Execution time: 28.987964391708374 seconds
metaTables/vocal_music_demucs_16k/metaData_fma_large/row89754.csv
Execution time: 28.13730239868164 seconds
metaTables/vocal_music_demucs_16k/metaData_fma_large/row89755.csv
Execution time: 28.170718669891357 seconds
metaTables/vocal_music_demucs_16k/metaData_fma_large/row89756.csv
Execution time: 29.54429292678833 seconds
metaTables/vocal_music_demucs_16k/metaData_fma_large/row89757.csv
Execution time: 28.331449270248413 seconds
metaTables/vocal_music_demucs_16k/metaData_fma_large/row89758.csv
Execution time: 27.706281661987305 seconds
metaTables/vocal_music_demucs_16k/metaData_fma_large/row89759.csv
Execution time: 28.128599405288696 seconds
metaTables/vocal_music_demucs_16k/metaData_fma_large/row89760.csv
Execution time: 28.65001654624939 seconds
metaTables/vocal_music_demucs_16k/metaData_fma_large/row89761.csv
Execution time: 29.669283151626587 seconds
metaTables/vocal_music_demucs_16k/metaData_fma_large/row89762.csv
Execution time: 28.201068878173828 seconds
metaTables/vocal_music_demucs_16k/metaData_fma_large/row89763.csv
Execution time: 29.16416358947754 seconds
metaTables/vocal_music_demucs_16k/metaData_fma_large/row89764.csv
Execution time: 30.164809703826904 seconds
metaTables/vocal_music_demucs_16k/metaData_fma_large/row89765.csv
Execution time: 28.33623170852661 seconds
metaTables/vocal_music_demucs_16k/metaData_fma_large/row89766.csv
Execution time: 29.439926385879517 seconds
metaTables/vocal_music_demucs_16k/metaData_fma_large/row89767.csv
Execution time: 28.183143854141235 seconds
metaTables/vocal_music_demucs_16k/metaData_fma_large/row89768.csv
Execution time: 28.185736656188965 seconds
metaTables/vocal_music_demucs_16k/metaData_fma_large/row89769.csv
Execution time: 29.098286628723145 seconds
metaTables/vocal_music_demucs_16k/metaData_fma_large/row89770.csv
Execution time: 27.51827621459961 seconds
metaTables/vocal_music_demucs_16k/metaData_fma_large/row89771.csv
Execution time: 28.466123819351196 seconds
metaTables/vocal_music_demucs_16k/metaData_fma_large/row89772.csv
Execution time: 28.760216236114502 seconds
metaTables/vocal_music_demucs_16k/metaData_fma_large/row89773.csv
Execution time: 28.862868547439575 seconds
metaTables/vocal_music_demucs_16k/metaData_fma_large/row89774.csv
Execution time: 31.197864294052124 seconds
metaTables/vocal_music_demucs_16k/metaData_fma_large/row89775.csv
Execution time: 28.535752773284912 seconds
metaTables/vocal_music_demucs_16k/metaData_fma_large/row89776.csv
Execution time: 28.529188632965088 seconds
metaTables/vocal_music_demucs_16k/metaData_fma_large/row89777.csv
Execution time: 27.934715509414673 seconds
metaTables/vocal_music_demucs_16k/metaData_fma_large/row89778.csv
Execution time: 27.44400978088379 seconds
metaTables/vocal_music_demucs_16k/metaData_fma_large/row89779.csv
Execution time: 29.095463275909424 seconds
metaTables/vocal_music_demucs_16k/metaData_fma_large/row89780.csv
Execution time: 28.12257695198059 seconds
metaTables/vocal_music_demucs_16k/metaData_fma_large/row89781.csv
Execution time: 28.578306198120117 seconds
metaTables/vocal_music_demucs_16k/metaData_fma_large/row89782.csv
Execution time: 27.99426555633545 seconds
metaTables/vocal_music_demucs_16k/metaData_fma_large/row89783.csv
Execution time: 29.039487838745117 seconds
metaTables/vocal_music_demucs_16k/metaData_fma_large/row89784.csv
Execution time: 27.70465087890625 seconds
metaTables/vocal_music_demucs_16k/metaData_fma_large/row89785.csv
Execution time: 27.406420707702637 seconds
metaTables/vocal_music_demucs_16k/metaData_fma_large/row89786.csv
Execution time: 28.237029552459717 seconds
metaTables/vocal_music_demucs_16k/metaData_fma_large/row89787.csv
Execution time: 27.46045160293579 seconds
metaTables/vocal_music_demucs_16k/metaData_fma_large/row89788.csv
Execution time: 29.319414138793945 seconds
metaTables/vocal_music_demucs_16k/metaData_fma_large/row89789.csv
Execution time: 27.979324340820312 seconds
metaTables/vocal_music_demucs_16k/metaData_fma_large/row89790.csv
Execution time: 27.896782636642456 seconds
metaTables/vocal_music_demucs_16k/metaData_fma_large/row89791.csv
Execution time: 28.463213443756104 seconds
metaTables/vocal_music_demucs_16k/metaData_fma_large/row89792.csv
Execution time: 28.426129579544067 seconds
metaTables/vocal_music_demucs_16k/metaData_fma_large/row89793.csv
Execution time: 29.21825075149536 seconds
metaTables/vocal_music_demucs_16k/metaData_fma_large/row89794.csv
Execution time: 28.20868754386902 seconds
metaTables/vocal_music_demucs_16k/metaData_fma_large/row89795.csv
Execution time: 26.280662298202515 seconds
metaTables/vocal_music_demucs_16k/metaData_fma_large/row89796.csv
Execution time: 27.610206365585327 seconds
metaTables/vocal_music_demucs_16k/metaData_fma_large/row89797.csv
Execution time: 26.31940507888794 seconds
metaTables/vocal_music_demucs_16k/metaData_fma_large/row89798.csv
Execution time: 26.492892265319824 seconds
metaTables/vocal_music_demucs_16k/metaData_fma_large/row89799.csv
Demucs voice recognition done!
