/ext3/demucs/lib/python3.9/site-packages/demucs/api.py:27: UserWarning: TorchAudio's global backend is now deprecated. Please enable distpatcher by setting `TORCHAUDIO_USE_BACKEND_DISPATCHER=1`, and specify backend when calling load/info/save function.
  import torchaudio as ta
2024-05-09 09:20:47.888942: I tensorflow/core/util/port.cc:113] oneDNN custom operations are on. You may see slightly different numerical results due to floating-point round-off errors from different computation orders. To turn them off, set the environment variable `TF_ENABLE_ONEDNN_OPTS=0`.
2024-05-09 09:20:51.166848: E external/local_xla/xla/stream_executor/cuda/cuda_dnn.cc:9261] Unable to register cuDNN factory: Attempting to register factory for plugin cuDNN when one has already been registered
2024-05-09 09:20:51.166884: E external/local_xla/xla/stream_executor/cuda/cuda_fft.cc:607] Unable to register cuFFT factory: Attempting to register factory for plugin cuFFT when one has already been registered
2024-05-09 09:20:51.373203: E external/local_xla/xla/stream_executor/cuda/cuda_blas.cc:1515] Unable to register cuBLAS factory: Attempting to register factory for plugin cuBLAS when one has already been registered
2024-05-09 09:20:51.835272: I tensorflow/core/platform/cpu_feature_guard.cc:182] This TensorFlow binary is optimized to use available CPU instructions in performance-critical operations.
To enable the following instructions: AVX2 AVX512F AVX512_VNNI FMA, in other operations, rebuild TensorFlow with the appropriate compiler flags.
2024-05-09 09:20:54.550947: W tensorflow/compiler/tf2tensorrt/utils/py_utils.cc:38] TF-TRT Warning: Could not find TensorRT
SKIPPING: metaTables/vocal_music_demucs_16k/metaData_fma_large/row5300.csv
SKIPPING: metaTables/vocal_music_demucs_16k/metaData_fma_large/row5301.csv
SKIPPING: metaTables/vocal_music_demucs_16k/metaData_fma_large/row5302.csv
SKIPPING: metaTables/vocal_music_demucs_16k/metaData_fma_large/row5303.csv
SKIPPING: metaTables/vocal_music_demucs_16k/metaData_fma_large/row5304.csv
SKIPPING: metaTables/vocal_music_demucs_16k/metaData_fma_large/row5305.csv
SKIPPING: metaTables/vocal_music_demucs_16k/metaData_fma_large/row5306.csv
SKIPPING: metaTables/vocal_music_demucs_16k/metaData_fma_large/row5307.csv
SKIPPING: metaTables/vocal_music_demucs_16k/metaData_fma_large/row5308.csv
SKIPPING: metaTables/vocal_music_demucs_16k/metaData_fma_large/row5309.csv
SKIPPING: metaTables/vocal_music_demucs_16k/metaData_fma_large/row5310.csv
SKIPPING: metaTables/vocal_music_demucs_16k/metaData_fma_large/row5311.csv
SKIPPING: metaTables/vocal_music_demucs_16k/metaData_fma_large/row5312.csv
SKIPPING: metaTables/vocal_music_demucs_16k/metaData_fma_large/row5313.csv
SKIPPING: metaTables/vocal_music_demucs_16k/metaData_fma_large/row5314.csv
SKIPPING: metaTables/vocal_music_demucs_16k/metaData_fma_large/row5315.csv
SKIPPING: metaTables/vocal_music_demucs_16k/metaData_fma_large/row5316.csv
SKIPPING: metaTables/vocal_music_demucs_16k/metaData_fma_large/row5317.csv
SKIPPING: metaTables/vocal_music_demucs_16k/metaData_fma_large/row5318.csv
SKIPPING: metaTables/vocal_music_demucs_16k/metaData_fma_large/row5319.csv
SKIPPING: metaTables/vocal_music_demucs_16k/metaData_fma_large/row5320.csv
SKIPPING: metaTables/vocal_music_demucs_16k/metaData_fma_large/row5321.csv
SKIPPING: metaTables/vocal_music_demucs_16k/metaData_fma_large/row5322.csv
SKIPPING: metaTables/vocal_music_demucs_16k/metaData_fma_large/row5323.csv
SKIPPING: metaTables/vocal_music_demucs_16k/metaData_fma_large/row5324.csv
SKIPPING: metaTables/vocal_music_demucs_16k/metaData_fma_large/row5325.csv
SKIPPING: metaTables/vocal_music_demucs_16k/metaData_fma_large/row5326.csv
SKIPPING: metaTables/vocal_music_demucs_16k/metaData_fma_large/row5327.csv
SKIPPING: metaTables/vocal_music_demucs_16k/metaData_fma_large/row5328.csv
SKIPPING: metaTables/vocal_music_demucs_16k/metaData_fma_large/row5329.csv
SKIPPING: metaTables/vocal_music_demucs_16k/metaData_fma_large/row5330.csv
SKIPPING: metaTables/vocal_music_demucs_16k/metaData_fma_large/row5331.csv
SKIPPING: metaTables/vocal_music_demucs_16k/metaData_fma_large/row5332.csv
SKIPPING: metaTables/vocal_music_demucs_16k/metaData_fma_large/row5333.csv
SKIPPING: metaTables/vocal_music_demucs_16k/metaData_fma_large/row5334.csv
SKIPPING: metaTables/vocal_music_demucs_16k/metaData_fma_large/row5335.csv
SKIPPING: metaTables/vocal_music_demucs_16k/metaData_fma_large/row5336.csv
SKIPPING: metaTables/vocal_music_demucs_16k/metaData_fma_large/row5337.csv
SKIPPING: metaTables/vocal_music_demucs_16k/metaData_fma_large/row5338.csv
SKIPPING: metaTables/vocal_music_demucs_16k/metaData_fma_large/row5339.csv
SKIPPING: metaTables/vocal_music_demucs_16k/metaData_fma_large/row5340.csv
SKIPPING: metaTables/vocal_music_demucs_16k/metaData_fma_large/row5341.csv
SKIPPING: metaTables/vocal_music_demucs_16k/metaData_fma_large/row5342.csv
SKIPPING: metaTables/vocal_music_demucs_16k/metaData_fma_large/row5343.csv
SKIPPING: metaTables/vocal_music_demucs_16k/metaData_fma_large/row5344.csv
SKIPPING: metaTables/vocal_music_demucs_16k/metaData_fma_large/row5345.csv
SKIPPING: metaTables/vocal_music_demucs_16k/metaData_fma_large/row5346.csv
SKIPPING: metaTables/vocal_music_demucs_16k/metaData_fma_large/row5347.csv
SKIPPING: metaTables/vocal_music_demucs_16k/metaData_fma_large/row5348.csv
SKIPPING: metaTables/vocal_music_demucs_16k/metaData_fma_large/row5349.csv
SKIPPING: metaTables/vocal_music_demucs_16k/metaData_fma_large/row5350.csv
SKIPPING: metaTables/vocal_music_demucs_16k/metaData_fma_large/row5351.csv
SKIPPING: metaTables/vocal_music_demucs_16k/metaData_fma_large/row5352.csv
SKIPPING: metaTables/vocal_music_demucs_16k/metaData_fma_large/row5353.csv
SKIPPING: metaTables/vocal_music_demucs_16k/metaData_fma_large/row5354.csv
SKIPPING: metaTables/vocal_music_demucs_16k/metaData_fma_large/row5355.csv
SKIPPING: metaTables/vocal_music_demucs_16k/metaData_fma_large/row5356.csv
SKIPPING: metaTables/vocal_music_demucs_16k/metaData_fma_large/row5357.csv
SKIPPING: metaTables/vocal_music_demucs_16k/metaData_fma_large/row5358.csv
SKIPPING: metaTables/vocal_music_demucs_16k/metaData_fma_large/row5359.csv
SKIPPING: metaTables/vocal_music_demucs_16k/metaData_fma_large/row5360.csv
SKIPPING: metaTables/vocal_music_demucs_16k/metaData_fma_large/row5361.csv
SKIPPING: metaTables/vocal_music_demucs_16k/metaData_fma_large/row5362.csv
SKIPPING: metaTables/vocal_music_demucs_16k/metaData_fma_large/row5363.csv
SKIPPING: metaTables/vocal_music_demucs_16k/metaData_fma_large/row5364.csv
SKIPPING: metaTables/vocal_music_demucs_16k/metaData_fma_large/row5365.csv
SKIPPING: metaTables/vocal_music_demucs_16k/metaData_fma_large/row5366.csv
SKIPPING: metaTables/vocal_music_demucs_16k/metaData_fma_large/row5367.csv
SKIPPING: metaTables/vocal_music_demucs_16k/metaData_fma_large/row5368.csv
SKIPPING: metaTables/vocal_music_demucs_16k/metaData_fma_large/row5369.csv
SKIPPING: metaTables/vocal_music_demucs_16k/metaData_fma_large/row5370.csv
SKIPPING: metaTables/vocal_music_demucs_16k/metaData_fma_large/row5371.csv
SKIPPING: metaTables/vocal_music_demucs_16k/metaData_fma_large/row5372.csv
SKIPPING: metaTables/vocal_music_demucs_16k/metaData_fma_large/row5373.csv
SKIPPING: metaTables/vocal_music_demucs_16k/metaData_fma_large/row5374.csv
SKIPPING: metaTables/vocal_music_demucs_16k/metaData_fma_large/row5375.csv
SKIPPING: metaTables/vocal_music_demucs_16k/metaData_fma_large/row5376.csv
SKIPPING: metaTables/vocal_music_demucs_16k/metaData_fma_large/row5377.csv
SKIPPING: metaTables/vocal_music_demucs_16k/metaData_fma_large/row5378.csv
SKIPPING: metaTables/vocal_music_demucs_16k/metaData_fma_large/row5379.csv
SKIPPING: metaTables/vocal_music_demucs_16k/metaData_fma_large/row5380.csv
SKIPPING: metaTables/vocal_music_demucs_16k/metaData_fma_large/row5381.csv
SKIPPING: metaTables/vocal_music_demucs_16k/metaData_fma_large/row5382.csv
SKIPPING: metaTables/vocal_music_demucs_16k/metaData_fma_large/row5383.csv
SKIPPING: metaTables/vocal_music_demucs_16k/metaData_fma_large/row5384.csv
SKIPPING: metaTables/vocal_music_demucs_16k/metaData_fma_large/row5385.csv
SKIPPING: metaTables/vocal_music_demucs_16k/metaData_fma_large/row5386.csv
SKIPPING: metaTables/vocal_music_demucs_16k/metaData_fma_large/row5387.csv
SKIPPING: metaTables/vocal_music_demucs_16k/metaData_fma_large/row5388.csv
SKIPPING: metaTables/vocal_music_demucs_16k/metaData_fma_large/row5389.csv
SKIPPING: metaTables/vocal_music_demucs_16k/metaData_fma_large/row5390.csv
SKIPPING: metaTables/vocal_music_demucs_16k/metaData_fma_large/row5391.csv
SKIPPING: metaTables/vocal_music_demucs_16k/metaData_fma_large/row5392.csv
SKIPPING: metaTables/vocal_music_demucs_16k/metaData_fma_large/row5393.csv
SKIPPING: metaTables/vocal_music_demucs_16k/metaData_fma_large/row5394.csv
SKIPPING: metaTables/vocal_music_demucs_16k/metaData_fma_large/row5395.csv
SKIPPING: metaTables/vocal_music_demucs_16k/metaData_fma_large/row5396.csv
SKIPPING: metaTables/vocal_music_demucs_16k/metaData_fma_large/row5397.csv
SKIPPING: metaTables/vocal_music_demucs_16k/metaData_fma_large/row5398.csv
SKIPPING: metaTables/vocal_music_demucs_16k/metaData_fma_large/row5399.csv
Demucs voice recognition done!
