/ext3/demucs/lib/python3.9/site-packages/demucs/api.py:27: UserWarning: TorchAudio's global backend is now deprecated. Please enable distpatcher by setting `TORCHAUDIO_USE_BACKEND_DISPATCHER=1`, and specify backend when calling load/info/save function.
  import torchaudio as ta
2024-05-08 23:36:03.972681: I tensorflow/core/util/port.cc:113] oneDNN custom operations are on. You may see slightly different numerical results due to floating-point round-off errors from different computation orders. To turn them off, set the environment variable `TF_ENABLE_ONEDNN_OPTS=0`.
2024-05-08 23:36:08.301449: E external/local_xla/xla/stream_executor/cuda/cuda_dnn.cc:9261] Unable to register cuDNN factory: Attempting to register factory for plugin cuDNN when one has already been registered
2024-05-08 23:36:08.301494: E external/local_xla/xla/stream_executor/cuda/cuda_fft.cc:607] Unable to register cuFFT factory: Attempting to register factory for plugin cuFFT when one has already been registered
2024-05-08 23:36:08.582357: E external/local_xla/xla/stream_executor/cuda/cuda_blas.cc:1515] Unable to register cuBLAS factory: Attempting to register factory for plugin cuBLAS when one has already been registered
2024-05-08 23:36:09.177300: I tensorflow/core/platform/cpu_feature_guard.cc:182] This TensorFlow binary is optimized to use available CPU instructions in performance-critical operations.
To enable the following instructions: AVX2 AVX512F AVX512_VNNI FMA, in other operations, rebuild TensorFlow with the appropriate compiler flags.
2024-05-08 23:36:12.535469: W tensorflow/compiler/tf2tensorrt/utils/py_utils.cc:38] TF-TRT Warning: Could not find TensorRT
Execution time: 31.23962903022766 seconds
metaTables/vocal_music_demucs_16k/metaData_fma_large/row26600.csv
Execution time: 27.331469297409058 seconds
metaTables/vocal_music_demucs_16k/metaData_fma_large/row26601.csv
Execution time: 27.093093156814575 seconds
metaTables/vocal_music_demucs_16k/metaData_fma_large/row26602.csv
Execution time: 26.660393238067627 seconds
metaTables/vocal_music_demucs_16k/metaData_fma_large/row26603.csv
Execution time: 26.88454842567444 seconds
metaTables/vocal_music_demucs_16k/metaData_fma_large/row26604.csv
Execution time: 27.44504714012146 seconds
metaTables/vocal_music_demucs_16k/metaData_fma_large/row26605.csv
Execution time: 26.835915088653564 seconds
metaTables/vocal_music_demucs_16k/metaData_fma_large/row26606.csv
Execution time: 27.765508890151978 seconds
metaTables/vocal_music_demucs_16k/metaData_fma_large/row26607.csv
Execution time: 26.339054822921753 seconds
metaTables/vocal_music_demucs_16k/metaData_fma_large/row26608.csv
Execution time: 26.4482102394104 seconds
metaTables/vocal_music_demucs_16k/metaData_fma_large/row26609.csv
Execution time: 26.318553686141968 seconds
metaTables/vocal_music_demucs_16k/metaData_fma_large/row26610.csv
Execution time: 27.296491622924805 seconds
metaTables/vocal_music_demucs_16k/metaData_fma_large/row26611.csv
Execution time: 27.40309762954712 seconds
metaTables/vocal_music_demucs_16k/metaData_fma_large/row26612.csv
Execution time: 27.128183126449585 seconds
metaTables/vocal_music_demucs_16k/metaData_fma_large/row26613.csv
Execution time: 27.149434804916382 seconds
metaTables/vocal_music_demucs_16k/metaData_fma_large/row26614.csv
Execution time: 26.80128264427185 seconds
metaTables/vocal_music_demucs_16k/metaData_fma_large/row26615.csv
Execution time: 28.354108572006226 seconds
metaTables/vocal_music_demucs_16k/metaData_fma_large/row26616.csv
Execution time: 27.4117112159729 seconds
metaTables/vocal_music_demucs_16k/metaData_fma_large/row26617.csv
Execution time: 27.38106918334961 seconds
metaTables/vocal_music_demucs_16k/metaData_fma_large/row26618.csv
Execution time: 26.64892864227295 seconds
metaTables/vocal_music_demucs_16k/metaData_fma_large/row26619.csv
Execution time: 27.34493660926819 seconds
metaTables/vocal_music_demucs_16k/metaData_fma_large/row26620.csv
Execution time: 27.450780153274536 seconds
metaTables/vocal_music_demucs_16k/metaData_fma_large/row26621.csv
Execution time: 27.218706846237183 seconds
metaTables/vocal_music_demucs_16k/metaData_fma_large/row26622.csv
Execution time: 26.236989974975586 seconds
metaTables/vocal_music_demucs_16k/metaData_fma_large/row26623.csv
Execution time: 26.189035654067993 seconds
metaTables/vocal_music_demucs_16k/metaData_fma_large/row26624.csv
Execution time: 25.85799241065979 seconds
metaTables/vocal_music_demucs_16k/metaData_fma_large/row26625.csv
Execution time: 27.064040184020996 seconds
metaTables/vocal_music_demucs_16k/metaData_fma_large/row26626.csv
Execution time: 26.61356210708618 seconds
metaTables/vocal_music_demucs_16k/metaData_fma_large/row26627.csv
Execution time: 27.232444763183594 seconds
metaTables/vocal_music_demucs_16k/metaData_fma_large/row26628.csv
Execution time: 27.493930101394653 seconds
metaTables/vocal_music_demucs_16k/metaData_fma_large/row26629.csv
Execution time: 26.317909955978394 seconds
metaTables/vocal_music_demucs_16k/metaData_fma_large/row26630.csv
Execution time: 27.403179168701172 seconds
metaTables/vocal_music_demucs_16k/metaData_fma_large/row26631.csv
Execution time: 25.94759225845337 seconds
metaTables/vocal_music_demucs_16k/metaData_fma_large/row26632.csv
Execution time: 27.21045231819153 seconds
metaTables/vocal_music_demucs_16k/metaData_fma_large/row26633.csv
Execution time: 26.461543560028076 seconds
metaTables/vocal_music_demucs_16k/metaData_fma_large/row26634.csv
Execution time: 26.446906566619873 seconds
metaTables/vocal_music_demucs_16k/metaData_fma_large/row26635.csv
Execution time: 26.864070415496826 seconds
metaTables/vocal_music_demucs_16k/metaData_fma_large/row26636.csv
Execution time: 26.602397441864014 seconds
metaTables/vocal_music_demucs_16k/metaData_fma_large/row26637.csv
Execution time: 26.739131212234497 seconds
metaTables/vocal_music_demucs_16k/metaData_fma_large/row26638.csv
Execution time: 27.145084142684937 seconds
metaTables/vocal_music_demucs_16k/metaData_fma_large/row26639.csv
Execution time: 27.55116605758667 seconds
metaTables/vocal_music_demucs_16k/metaData_fma_large/row26640.csv
Execution time: 26.31346106529236 seconds
metaTables/vocal_music_demucs_16k/metaData_fma_large/row26641.csv
Execution time: 26.913071155548096 seconds
metaTables/vocal_music_demucs_16k/metaData_fma_large/row26642.csv
Execution time: 26.61599826812744 seconds
metaTables/vocal_music_demucs_16k/metaData_fma_large/row26643.csv
Execution time: 27.105031967163086 seconds
metaTables/vocal_music_demucs_16k/metaData_fma_large/row26644.csv
Execution time: 26.440173387527466 seconds
metaTables/vocal_music_demucs_16k/metaData_fma_large/row26645.csv
Execution time: 26.648650646209717 seconds
metaTables/vocal_music_demucs_16k/metaData_fma_large/row26646.csv
Execution time: 27.01378607749939 seconds
metaTables/vocal_music_demucs_16k/metaData_fma_large/row26647.csv
Execution time: 28.512734413146973 seconds
metaTables/vocal_music_demucs_16k/metaData_fma_large/row26648.csv
Execution time: 26.54438352584839 seconds
metaTables/vocal_music_demucs_16k/metaData_fma_large/row26649.csv
Execution time: 27.459245681762695 seconds
metaTables/vocal_music_demucs_16k/metaData_fma_large/row26650.csv
Execution time: 25.713253498077393 seconds
metaTables/vocal_music_demucs_16k/metaData_fma_large/row26651.csv
Execution time: 26.882616758346558 seconds
metaTables/vocal_music_demucs_16k/metaData_fma_large/row26652.csv
Execution time: 26.70060896873474 seconds
metaTables/vocal_music_demucs_16k/metaData_fma_large/row26653.csv
Execution time: 27.350162029266357 seconds
metaTables/vocal_music_demucs_16k/metaData_fma_large/row26654.csv
Execution time: 26.490095853805542 seconds
metaTables/vocal_music_demucs_16k/metaData_fma_large/row26655.csv
Execution time: 27.442811965942383 seconds
metaTables/vocal_music_demucs_16k/metaData_fma_large/row26656.csv
Execution time: 26.830511569976807 seconds
metaTables/vocal_music_demucs_16k/metaData_fma_large/row26657.csv
Execution time: 26.50918436050415 seconds
metaTables/vocal_music_demucs_16k/metaData_fma_large/row26658.csv
Execution time: 25.989575386047363 seconds
metaTables/vocal_music_demucs_16k/metaData_fma_large/row26659.csv
Execution time: 26.89603614807129 seconds
metaTables/vocal_music_demucs_16k/metaData_fma_large/row26660.csv
Execution time: 26.134567499160767 seconds
metaTables/vocal_music_demucs_16k/metaData_fma_large/row26661.csv
Execution time: 27.532626628875732 seconds
metaTables/vocal_music_demucs_16k/metaData_fma_large/row26662.csv
Execution time: 26.297113180160522 seconds
metaTables/vocal_music_demucs_16k/metaData_fma_large/row26663.csv
Execution time: 26.771106481552124 seconds
metaTables/vocal_music_demucs_16k/metaData_fma_large/row26664.csv
Execution time: 26.74763822555542 seconds
metaTables/vocal_music_demucs_16k/metaData_fma_large/row26665.csv
Execution time: 27.04953670501709 seconds
metaTables/vocal_music_demucs_16k/metaData_fma_large/row26666.csv
Execution time: 17.614438772201538 seconds
metaTables/vocal_music_demucs_16k/metaData_fma_large/row26667.csv
Execution time: 27.32313346862793 seconds
metaTables/vocal_music_demucs_16k/metaData_fma_large/row26668.csv
Execution time: 26.571735382080078 seconds
metaTables/vocal_music_demucs_16k/metaData_fma_large/row26669.csv
Execution time: 26.24104118347168 seconds
metaTables/vocal_music_demucs_16k/metaData_fma_large/row26670.csv
Execution time: 27.685395002365112 seconds
metaTables/vocal_music_demucs_16k/metaData_fma_large/row26671.csv
Execution time: 27.582327842712402 seconds
metaTables/vocal_music_demucs_16k/metaData_fma_large/row26672.csv
Execution time: 26.526466131210327 seconds
metaTables/vocal_music_demucs_16k/metaData_fma_large/row26673.csv
Execution time: 26.768094778060913 seconds
metaTables/vocal_music_demucs_16k/metaData_fma_large/row26674.csv
Execution time: 27.654709100723267 seconds
metaTables/vocal_music_demucs_16k/metaData_fma_large/row26675.csv
Execution time: 26.8404278755188 seconds
metaTables/vocal_music_demucs_16k/metaData_fma_large/row26676.csv
Execution time: 27.13580012321472 seconds
metaTables/vocal_music_demucs_16k/metaData_fma_large/row26677.csv
Execution time: 26.62973117828369 seconds
metaTables/vocal_music_demucs_16k/metaData_fma_large/row26678.csv
Execution time: 27.01547646522522 seconds
metaTables/vocal_music_demucs_16k/metaData_fma_large/row26679.csv
Execution time: 26.533299207687378 seconds
metaTables/vocal_music_demucs_16k/metaData_fma_large/row26680.csv
Execution time: 26.780853271484375 seconds
metaTables/vocal_music_demucs_16k/metaData_fma_large/row26681.csv
Execution time: 27.686864614486694 seconds
metaTables/vocal_music_demucs_16k/metaData_fma_large/row26682.csv
Execution time: 27.571223735809326 seconds
metaTables/vocal_music_demucs_16k/metaData_fma_large/row26683.csv
Execution time: 26.821456909179688 seconds
metaTables/vocal_music_demucs_16k/metaData_fma_large/row26684.csv
Execution time: 27.023634433746338 seconds
metaTables/vocal_music_demucs_16k/metaData_fma_large/row26685.csv
Execution time: 27.583107233047485 seconds
metaTables/vocal_music_demucs_16k/metaData_fma_large/row26686.csv
Execution time: 27.37640357017517 seconds
metaTables/vocal_music_demucs_16k/metaData_fma_large/row26687.csv
Execution time: 27.125625371932983 seconds
metaTables/vocal_music_demucs_16k/metaData_fma_large/row26688.csv
Execution time: 26.846029043197632 seconds
metaTables/vocal_music_demucs_16k/metaData_fma_large/row26689.csv
Execution time: 26.420626163482666 seconds
metaTables/vocal_music_demucs_16k/metaData_fma_large/row26690.csv
Execution time: 26.236209630966187 seconds
metaTables/vocal_music_demucs_16k/metaData_fma_large/row26691.csv
Execution time: 27.26895523071289 seconds
metaTables/vocal_music_demucs_16k/metaData_fma_large/row26692.csv
Execution time: 26.55880880355835 seconds
metaTables/vocal_music_demucs_16k/metaData_fma_large/row26693.csv
Execution time: 27.060678958892822 seconds
metaTables/vocal_music_demucs_16k/metaData_fma_large/row26694.csv
Execution time: 26.52456521987915 seconds
metaTables/vocal_music_demucs_16k/metaData_fma_large/row26695.csv
Execution time: 27.01443099975586 seconds
metaTables/vocal_music_demucs_16k/metaData_fma_large/row26696.csv
Execution time: 26.64895796775818 seconds
metaTables/vocal_music_demucs_16k/metaData_fma_large/row26697.csv
Execution time: 26.172542333602905 seconds
metaTables/vocal_music_demucs_16k/metaData_fma_large/row26698.csv
Execution time: 27.03224468231201 seconds
metaTables/vocal_music_demucs_16k/metaData_fma_large/row26699.csv
Demucs voice recognition done!
