/ext3/demucs/lib/python3.9/site-packages/demucs/api.py:27: UserWarning: TorchAudio's global backend is now deprecated. Please enable distpatcher by setting `TORCHAUDIO_USE_BACKEND_DISPATCHER=1`, and specify backend when calling load/info/save function.
  import torchaudio as ta
2024-05-09 00:18:29.692796: I tensorflow/core/util/port.cc:113] oneDNN custom operations are on. You may see slightly different numerical results due to floating-point round-off errors from different computation orders. To turn them off, set the environment variable `TF_ENABLE_ONEDNN_OPTS=0`.
2024-05-09 00:18:30.895303: E external/local_xla/xla/stream_executor/cuda/cuda_dnn.cc:9261] Unable to register cuDNN factory: Attempting to register factory for plugin cuDNN when one has already been registered
2024-05-09 00:18:30.895339: E external/local_xla/xla/stream_executor/cuda/cuda_fft.cc:607] Unable to register cuFFT factory: Attempting to register factory for plugin cuFFT when one has already been registered
2024-05-09 00:18:31.015433: E external/local_xla/xla/stream_executor/cuda/cuda_blas.cc:1515] Unable to register cuBLAS factory: Attempting to register factory for plugin cuBLAS when one has already been registered
2024-05-09 00:18:31.512136: I tensorflow/core/platform/cpu_feature_guard.cc:182] This TensorFlow binary is optimized to use available CPU instructions in performance-critical operations.
To enable the following instructions: AVX2 AVX512F AVX512_VNNI FMA, in other operations, rebuild TensorFlow with the appropriate compiler flags.
2024-05-09 00:18:33.504415: W tensorflow/compiler/tf2tensorrt/utils/py_utils.cc:38] TF-TRT Warning: Could not find TensorRT
Execution time: 32.79089641571045 seconds
metaTables/vocal_music_demucs_16k/metaData_fma_large/row82400.csv
Execution time: 29.617695093154907 seconds
metaTables/vocal_music_demucs_16k/metaData_fma_large/row82401.csv
Execution time: 29.542670249938965 seconds
metaTables/vocal_music_demucs_16k/metaData_fma_large/row82402.csv
Execution time: 29.072290658950806 seconds
metaTables/vocal_music_demucs_16k/metaData_fma_large/row82403.csv
Execution time: 28.375924825668335 seconds
metaTables/vocal_music_demucs_16k/metaData_fma_large/row82404.csv
Execution time: 29.020065307617188 seconds
metaTables/vocal_music_demucs_16k/metaData_fma_large/row82405.csv
Execution time: 28.670878887176514 seconds
metaTables/vocal_music_demucs_16k/metaData_fma_large/row82406.csv
Execution time: 27.85943365097046 seconds
metaTables/vocal_music_demucs_16k/metaData_fma_large/row82407.csv
Execution time: 28.944928646087646 seconds
metaTables/vocal_music_demucs_16k/metaData_fma_large/row82408.csv
Execution time: 28.54280161857605 seconds
metaTables/vocal_music_demucs_16k/metaData_fma_large/row82409.csv
Execution time: 28.162562608718872 seconds
metaTables/vocal_music_demucs_16k/metaData_fma_large/row82410.csv
Execution time: 29.61584973335266 seconds
metaTables/vocal_music_demucs_16k/metaData_fma_large/row82411.csv
Execution time: 27.838947057724 seconds
metaTables/vocal_music_demucs_16k/metaData_fma_large/row82412.csv
Execution time: 28.92331838607788 seconds
metaTables/vocal_music_demucs_16k/metaData_fma_large/row82413.csv
Execution time: 28.638384103775024 seconds
metaTables/vocal_music_demucs_16k/metaData_fma_large/row82414.csv
Execution time: 28.2778959274292 seconds
metaTables/vocal_music_demucs_16k/metaData_fma_large/row82415.csv
Execution time: 28.91031050682068 seconds
metaTables/vocal_music_demucs_16k/metaData_fma_large/row82416.csv
Execution time: 28.826425313949585 seconds
metaTables/vocal_music_demucs_16k/metaData_fma_large/row82417.csv
Execution time: 29.394522666931152 seconds
metaTables/vocal_music_demucs_16k/metaData_fma_large/row82418.csv
Execution time: 27.794923782348633 seconds
metaTables/vocal_music_demucs_16k/metaData_fma_large/row82419.csv
Execution time: 28.91474151611328 seconds
metaTables/vocal_music_demucs_16k/metaData_fma_large/row82420.csv
Execution time: 29.29644465446472 seconds
metaTables/vocal_music_demucs_16k/metaData_fma_large/row82421.csv
Execution time: 28.912724494934082 seconds
metaTables/vocal_music_demucs_16k/metaData_fma_large/row82422.csv
Execution time: 28.643627405166626 seconds
metaTables/vocal_music_demucs_16k/metaData_fma_large/row82423.csv
Execution time: 27.77179193496704 seconds
metaTables/vocal_music_demucs_16k/metaData_fma_large/row82424.csv
Execution time: 29.516352653503418 seconds
metaTables/vocal_music_demucs_16k/metaData_fma_large/row82425.csv
Execution time: 29.648804426193237 seconds
metaTables/vocal_music_demucs_16k/metaData_fma_large/row82426.csv
Execution time: 28.59482431411743 seconds
metaTables/vocal_music_demucs_16k/metaData_fma_large/row82427.csv
Execution time: 28.66741704940796 seconds
metaTables/vocal_music_demucs_16k/metaData_fma_large/row82428.csv
Execution time: 28.607051134109497 seconds
metaTables/vocal_music_demucs_16k/metaData_fma_large/row82429.csv
Execution time: 29.298887968063354 seconds
metaTables/vocal_music_demucs_16k/metaData_fma_large/row82430.csv
Execution time: 27.758171319961548 seconds
metaTables/vocal_music_demucs_16k/metaData_fma_large/row82431.csv
Execution time: 28.799731254577637 seconds
metaTables/vocal_music_demucs_16k/metaData_fma_large/row82432.csv
Execution time: 27.000035285949707 seconds
metaTables/vocal_music_demucs_16k/metaData_fma_large/row82433.csv
Execution time: 28.532675743103027 seconds
metaTables/vocal_music_demucs_16k/metaData_fma_large/row82434.csv
Execution time: 28.642313241958618 seconds
metaTables/vocal_music_demucs_16k/metaData_fma_large/row82435.csv
Execution time: 23.86681818962097 seconds
metaTables/vocal_music_demucs_16k/metaData_fma_large/row82436.csv
Execution time: 29.833767414093018 seconds
metaTables/vocal_music_demucs_16k/metaData_fma_large/row82437.csv
Execution time: 28.898714065551758 seconds
metaTables/vocal_music_demucs_16k/metaData_fma_large/row82438.csv
Execution time: 29.171372175216675 seconds
metaTables/vocal_music_demucs_16k/metaData_fma_large/row82439.csv
Execution time: 27.874729871749878 seconds
metaTables/vocal_music_demucs_16k/metaData_fma_large/row82440.csv
Execution time: 28.571648836135864 seconds
metaTables/vocal_music_demucs_16k/metaData_fma_large/row82441.csv
Execution time: 28.289276123046875 seconds
metaTables/vocal_music_demucs_16k/metaData_fma_large/row82442.csv
Execution time: 27.7524094581604 seconds
metaTables/vocal_music_demucs_16k/metaData_fma_large/row82443.csv
Execution time: 28.961870670318604 seconds
metaTables/vocal_music_demucs_16k/metaData_fma_large/row82444.csv
Execution time: 29.151733875274658 seconds
metaTables/vocal_music_demucs_16k/metaData_fma_large/row82445.csv
Execution time: 28.295487642288208 seconds
metaTables/vocal_music_demucs_16k/metaData_fma_large/row82446.csv
Execution time: 29.739742279052734 seconds
metaTables/vocal_music_demucs_16k/metaData_fma_large/row82447.csv
Execution time: 27.804306507110596 seconds
metaTables/vocal_music_demucs_16k/metaData_fma_large/row82448.csv
Execution time: 28.04841136932373 seconds
metaTables/vocal_music_demucs_16k/metaData_fma_large/row82449.csv
Execution time: 29.006567001342773 seconds
metaTables/vocal_music_demucs_16k/metaData_fma_large/row82450.csv
Execution time: 29.047722816467285 seconds
metaTables/vocal_music_demucs_16k/metaData_fma_large/row82451.csv
Execution time: 28.743337392807007 seconds
metaTables/vocal_music_demucs_16k/metaData_fma_large/row82452.csv
Execution time: 29.41519784927368 seconds
metaTables/vocal_music_demucs_16k/metaData_fma_large/row82453.csv
Execution time: 29.139373540878296 seconds
metaTables/vocal_music_demucs_16k/metaData_fma_large/row82454.csv
Execution time: 27.768794775009155 seconds
metaTables/vocal_music_demucs_16k/metaData_fma_large/row82455.csv
Execution time: 28.204333543777466 seconds
metaTables/vocal_music_demucs_16k/metaData_fma_large/row82456.csv
Execution time: 28.209543466567993 seconds
metaTables/vocal_music_demucs_16k/metaData_fma_large/row82457.csv
Execution time: 29.083664894104004 seconds
metaTables/vocal_music_demucs_16k/metaData_fma_large/row82458.csv
Execution time: 28.3500497341156 seconds
metaTables/vocal_music_demucs_16k/metaData_fma_large/row82459.csv
Execution time: 28.99288296699524 seconds
metaTables/vocal_music_demucs_16k/metaData_fma_large/row82460.csv
Execution time: 29.736392736434937 seconds
metaTables/vocal_music_demucs_16k/metaData_fma_large/row82461.csv
Execution time: 29.309834718704224 seconds
metaTables/vocal_music_demucs_16k/metaData_fma_large/row82462.csv
Execution time: 28.167207717895508 seconds
metaTables/vocal_music_demucs_16k/metaData_fma_large/row82463.csv
Execution time: 27.351179599761963 seconds
metaTables/vocal_music_demucs_16k/metaData_fma_large/row82464.csv
Execution time: 28.62217116355896 seconds
metaTables/vocal_music_demucs_16k/metaData_fma_large/row82465.csv
Execution time: 28.600131273269653 seconds
metaTables/vocal_music_demucs_16k/metaData_fma_large/row82466.csv
Execution time: 29.134670972824097 seconds
metaTables/vocal_music_demucs_16k/metaData_fma_large/row82467.csv
Execution time: 28.557151556015015 seconds
metaTables/vocal_music_demucs_16k/metaData_fma_large/row82468.csv
Execution time: 29.656901597976685 seconds
metaTables/vocal_music_demucs_16k/metaData_fma_large/row82469.csv
Execution time: 30.036673545837402 seconds
metaTables/vocal_music_demucs_16k/metaData_fma_large/row82470.csv
Execution time: 28.488410234451294 seconds
metaTables/vocal_music_demucs_16k/metaData_fma_large/row82471.csv
Execution time: 28.372693061828613 seconds
metaTables/vocal_music_demucs_16k/metaData_fma_large/row82472.csv
Execution time: 29.241400957107544 seconds
metaTables/vocal_music_demucs_16k/metaData_fma_large/row82473.csv
Execution time: 28.57835555076599 seconds
metaTables/vocal_music_demucs_16k/metaData_fma_large/row82474.csv
Execution time: 29.685312271118164 seconds
metaTables/vocal_music_demucs_16k/metaData_fma_large/row82475.csv
Execution time: 30.33641791343689 seconds
metaTables/vocal_music_demucs_16k/metaData_fma_large/row82476.csv
Execution time: 29.64682698249817 seconds
metaTables/vocal_music_demucs_16k/metaData_fma_large/row82477.csv
Execution time: 27.29590916633606 seconds
metaTables/vocal_music_demucs_16k/metaData_fma_large/row82478.csv
Execution time: 28.889817476272583 seconds
metaTables/vocal_music_demucs_16k/metaData_fma_large/row82479.csv
Execution time: 29.00818419456482 seconds
metaTables/vocal_music_demucs_16k/metaData_fma_large/row82480.csv
Execution time: 29.50884175300598 seconds
metaTables/vocal_music_demucs_16k/metaData_fma_large/row82481.csv
Execution time: 28.21218252182007 seconds
metaTables/vocal_music_demucs_16k/metaData_fma_large/row82482.csv
Execution time: 30.182570695877075 seconds
metaTables/vocal_music_demucs_16k/metaData_fma_large/row82483.csv
Execution time: 29.065174102783203 seconds
metaTables/vocal_music_demucs_16k/metaData_fma_large/row82484.csv
Execution time: 28.26083016395569 seconds
metaTables/vocal_music_demucs_16k/metaData_fma_large/row82485.csv
Execution time: 28.795284509658813 seconds
metaTables/vocal_music_demucs_16k/metaData_fma_large/row82486.csv
Execution time: 29.27795386314392 seconds
metaTables/vocal_music_demucs_16k/metaData_fma_large/row82487.csv
Execution time: 29.086251735687256 seconds
metaTables/vocal_music_demucs_16k/metaData_fma_large/row82488.csv
Execution time: 29.06623649597168 seconds
metaTables/vocal_music_demucs_16k/metaData_fma_large/row82489.csv
Execution time: 28.767331838607788 seconds
metaTables/vocal_music_demucs_16k/metaData_fma_large/row82490.csv
Execution time: 28.22057604789734 seconds
metaTables/vocal_music_demucs_16k/metaData_fma_large/row82491.csv
Execution time: 28.80625319480896 seconds
metaTables/vocal_music_demucs_16k/metaData_fma_large/row82492.csv
Execution time: 29.151140928268433 seconds
metaTables/vocal_music_demucs_16k/metaData_fma_large/row82493.csv
Execution time: 29.84324288368225 seconds
metaTables/vocal_music_demucs_16k/metaData_fma_large/row82494.csv
Execution time: 28.68178915977478 seconds
metaTables/vocal_music_demucs_16k/metaData_fma_large/row82495.csv
Execution time: 28.630413055419922 seconds
metaTables/vocal_music_demucs_16k/metaData_fma_large/row82496.csv
Execution time: 28.504943132400513 seconds
metaTables/vocal_music_demucs_16k/metaData_fma_large/row82497.csv
Execution time: 27.735763788223267 seconds
metaTables/vocal_music_demucs_16k/metaData_fma_large/row82498.csv
Execution time: 26.549482583999634 seconds
metaTables/vocal_music_demucs_16k/metaData_fma_large/row82499.csv
Demucs voice recognition done!
