/ext3/demucs/lib/python3.9/site-packages/demucs/api.py:27: UserWarning: TorchAudio's global backend is now deprecated. Please enable distpatcher by setting `TORCHAUDIO_USE_BACKEND_DISPATCHER=1`, and specify backend when calling load/info/save function.
  import torchaudio as ta
2024-05-09 09:21:24.875205: I tensorflow/core/util/port.cc:113] oneDNN custom operations are on. You may see slightly different numerical results due to floating-point round-off errors from different computation orders. To turn them off, set the environment variable `TF_ENABLE_ONEDNN_OPTS=0`.
2024-05-09 09:21:25.453678: E external/local_xla/xla/stream_executor/cuda/cuda_dnn.cc:9261] Unable to register cuDNN factory: Attempting to register factory for plugin cuDNN when one has already been registered
2024-05-09 09:21:25.453713: E external/local_xla/xla/stream_executor/cuda/cuda_fft.cc:607] Unable to register cuFFT factory: Attempting to register factory for plugin cuFFT when one has already been registered
2024-05-09 09:21:25.486123: E external/local_xla/xla/stream_executor/cuda/cuda_blas.cc:1515] Unable to register cuBLAS factory: Attempting to register factory for plugin cuBLAS when one has already been registered
2024-05-09 09:21:25.625298: I tensorflow/core/platform/cpu_feature_guard.cc:182] This TensorFlow binary is optimized to use available CPU instructions in performance-critical operations.
To enable the following instructions: AVX2 AVX512F AVX512_VNNI FMA, in other operations, rebuild TensorFlow with the appropriate compiler flags.
2024-05-09 09:21:26.559637: W tensorflow/compiler/tf2tensorrt/utils/py_utils.cc:38] TF-TRT Warning: Could not find TensorRT
SKIPPING: metaTables/vocal_music_demucs_16k/metaData_fma_large/row51300.csv
SKIPPING: metaTables/vocal_music_demucs_16k/metaData_fma_large/row51301.csv
SKIPPING: metaTables/vocal_music_demucs_16k/metaData_fma_large/row51302.csv
SKIPPING: metaTables/vocal_music_demucs_16k/metaData_fma_large/row51303.csv
SKIPPING: metaTables/vocal_music_demucs_16k/metaData_fma_large/row51304.csv
SKIPPING: metaTables/vocal_music_demucs_16k/metaData_fma_large/row51305.csv
SKIPPING: metaTables/vocal_music_demucs_16k/metaData_fma_large/row51306.csv
SKIPPING: metaTables/vocal_music_demucs_16k/metaData_fma_large/row51307.csv
SKIPPING: metaTables/vocal_music_demucs_16k/metaData_fma_large/row51308.csv
SKIPPING: metaTables/vocal_music_demucs_16k/metaData_fma_large/row51309.csv
SKIPPING: metaTables/vocal_music_demucs_16k/metaData_fma_large/row51310.csv
SKIPPING: metaTables/vocal_music_demucs_16k/metaData_fma_large/row51311.csv
SKIPPING: metaTables/vocal_music_demucs_16k/metaData_fma_large/row51312.csv
SKIPPING: metaTables/vocal_music_demucs_16k/metaData_fma_large/row51313.csv
SKIPPING: metaTables/vocal_music_demucs_16k/metaData_fma_large/row51314.csv
SKIPPING: metaTables/vocal_music_demucs_16k/metaData_fma_large/row51315.csv
SKIPPING: metaTables/vocal_music_demucs_16k/metaData_fma_large/row51316.csv
SKIPPING: metaTables/vocal_music_demucs_16k/metaData_fma_large/row51317.csv
SKIPPING: metaTables/vocal_music_demucs_16k/metaData_fma_large/row51318.csv
SKIPPING: metaTables/vocal_music_demucs_16k/metaData_fma_large/row51319.csv
SKIPPING: metaTables/vocal_music_demucs_16k/metaData_fma_large/row51320.csv
SKIPPING: metaTables/vocal_music_demucs_16k/metaData_fma_large/row51321.csv
SKIPPING: metaTables/vocal_music_demucs_16k/metaData_fma_large/row51322.csv
SKIPPING: metaTables/vocal_music_demucs_16k/metaData_fma_large/row51323.csv
SKIPPING: metaTables/vocal_music_demucs_16k/metaData_fma_large/row51324.csv
SKIPPING: metaTables/vocal_music_demucs_16k/metaData_fma_large/row51325.csv
SKIPPING: metaTables/vocal_music_demucs_16k/metaData_fma_large/row51326.csv
SKIPPING: metaTables/vocal_music_demucs_16k/metaData_fma_large/row51327.csv
SKIPPING: metaTables/vocal_music_demucs_16k/metaData_fma_large/row51328.csv
SKIPPING: metaTables/vocal_music_demucs_16k/metaData_fma_large/row51329.csv
SKIPPING: metaTables/vocal_music_demucs_16k/metaData_fma_large/row51330.csv
SKIPPING: metaTables/vocal_music_demucs_16k/metaData_fma_large/row51331.csv
SKIPPING: metaTables/vocal_music_demucs_16k/metaData_fma_large/row51332.csv
SKIPPING: metaTables/vocal_music_demucs_16k/metaData_fma_large/row51333.csv
SKIPPING: metaTables/vocal_music_demucs_16k/metaData_fma_large/row51334.csv
SKIPPING: metaTables/vocal_music_demucs_16k/metaData_fma_large/row51335.csv
SKIPPING: metaTables/vocal_music_demucs_16k/metaData_fma_large/row51336.csv
SKIPPING: metaTables/vocal_music_demucs_16k/metaData_fma_large/row51337.csv
SKIPPING: metaTables/vocal_music_demucs_16k/metaData_fma_large/row51338.csv
SKIPPING: metaTables/vocal_music_demucs_16k/metaData_fma_large/row51339.csv
SKIPPING: metaTables/vocal_music_demucs_16k/metaData_fma_large/row51340.csv
SKIPPING: metaTables/vocal_music_demucs_16k/metaData_fma_large/row51341.csv
SKIPPING: metaTables/vocal_music_demucs_16k/metaData_fma_large/row51342.csv
SKIPPING: metaTables/vocal_music_demucs_16k/metaData_fma_large/row51343.csv
SKIPPING: metaTables/vocal_music_demucs_16k/metaData_fma_large/row51344.csv
SKIPPING: metaTables/vocal_music_demucs_16k/metaData_fma_large/row51345.csv
SKIPPING: metaTables/vocal_music_demucs_16k/metaData_fma_large/row51346.csv
SKIPPING: metaTables/vocal_music_demucs_16k/metaData_fma_large/row51347.csv
SKIPPING: metaTables/vocal_music_demucs_16k/metaData_fma_large/row51348.csv
SKIPPING: metaTables/vocal_music_demucs_16k/metaData_fma_large/row51349.csv
SKIPPING: metaTables/vocal_music_demucs_16k/metaData_fma_large/row51350.csv
SKIPPING: metaTables/vocal_music_demucs_16k/metaData_fma_large/row51351.csv
SKIPPING: metaTables/vocal_music_demucs_16k/metaData_fma_large/row51352.csv
SKIPPING: metaTables/vocal_music_demucs_16k/metaData_fma_large/row51353.csv
SKIPPING: metaTables/vocal_music_demucs_16k/metaData_fma_large/row51354.csv
SKIPPING: metaTables/vocal_music_demucs_16k/metaData_fma_large/row51355.csv
SKIPPING: metaTables/vocal_music_demucs_16k/metaData_fma_large/row51356.csv
SKIPPING: metaTables/vocal_music_demucs_16k/metaData_fma_large/row51357.csv
SKIPPING: metaTables/vocal_music_demucs_16k/metaData_fma_large/row51358.csv
SKIPPING: metaTables/vocal_music_demucs_16k/metaData_fma_large/row51359.csv
SKIPPING: metaTables/vocal_music_demucs_16k/metaData_fma_large/row51360.csv
SKIPPING: metaTables/vocal_music_demucs_16k/metaData_fma_large/row51361.csv
SKIPPING: metaTables/vocal_music_demucs_16k/metaData_fma_large/row51362.csv
SKIPPING: metaTables/vocal_music_demucs_16k/metaData_fma_large/row51363.csv
SKIPPING: metaTables/vocal_music_demucs_16k/metaData_fma_large/row51364.csv
SKIPPING: metaTables/vocal_music_demucs_16k/metaData_fma_large/row51365.csv
SKIPPING: metaTables/vocal_music_demucs_16k/metaData_fma_large/row51366.csv
SKIPPING: metaTables/vocal_music_demucs_16k/metaData_fma_large/row51367.csv
SKIPPING: metaTables/vocal_music_demucs_16k/metaData_fma_large/row51368.csv
SKIPPING: metaTables/vocal_music_demucs_16k/metaData_fma_large/row51369.csv
SKIPPING: metaTables/vocal_music_demucs_16k/metaData_fma_large/row51370.csv
SKIPPING: metaTables/vocal_music_demucs_16k/metaData_fma_large/row51371.csv
SKIPPING: metaTables/vocal_music_demucs_16k/metaData_fma_large/row51372.csv
SKIPPING: metaTables/vocal_music_demucs_16k/metaData_fma_large/row51373.csv
SKIPPING: metaTables/vocal_music_demucs_16k/metaData_fma_large/row51374.csv
SKIPPING: metaTables/vocal_music_demucs_16k/metaData_fma_large/row51375.csv
SKIPPING: metaTables/vocal_music_demucs_16k/metaData_fma_large/row51376.csv
SKIPPING: metaTables/vocal_music_demucs_16k/metaData_fma_large/row51377.csv
SKIPPING: metaTables/vocal_music_demucs_16k/metaData_fma_large/row51378.csv
SKIPPING: metaTables/vocal_music_demucs_16k/metaData_fma_large/row51379.csv
SKIPPING: metaTables/vocal_music_demucs_16k/metaData_fma_large/row51380.csv
SKIPPING: metaTables/vocal_music_demucs_16k/metaData_fma_large/row51381.csv
SKIPPING: metaTables/vocal_music_demucs_16k/metaData_fma_large/row51382.csv
SKIPPING: metaTables/vocal_music_demucs_16k/metaData_fma_large/row51383.csv
SKIPPING: metaTables/vocal_music_demucs_16k/metaData_fma_large/row51384.csv
SKIPPING: metaTables/vocal_music_demucs_16k/metaData_fma_large/row51385.csv
SKIPPING: metaTables/vocal_music_demucs_16k/metaData_fma_large/row51386.csv
SKIPPING: metaTables/vocal_music_demucs_16k/metaData_fma_large/row51387.csv
SKIPPING: metaTables/vocal_music_demucs_16k/metaData_fma_large/row51388.csv
SKIPPING: metaTables/vocal_music_demucs_16k/metaData_fma_large/row51389.csv
SKIPPING: metaTables/vocal_music_demucs_16k/metaData_fma_large/row51390.csv
SKIPPING: metaTables/vocal_music_demucs_16k/metaData_fma_large/row51391.csv
SKIPPING: metaTables/vocal_music_demucs_16k/metaData_fma_large/row51392.csv
SKIPPING: metaTables/vocal_music_demucs_16k/metaData_fma_large/row51393.csv
SKIPPING: metaTables/vocal_music_demucs_16k/metaData_fma_large/row51394.csv
SKIPPING: metaTables/vocal_music_demucs_16k/metaData_fma_large/row51395.csv
SKIPPING: metaTables/vocal_music_demucs_16k/metaData_fma_large/row51396.csv
SKIPPING: metaTables/vocal_music_demucs_16k/metaData_fma_large/row51397.csv
SKIPPING: metaTables/vocal_music_demucs_16k/metaData_fma_large/row51398.csv
SKIPPING: metaTables/vocal_music_demucs_16k/metaData_fma_large/row51399.csv
Demucs voice recognition done!
