/ext3/demucs/lib/python3.9/site-packages/demucs/api.py:27: UserWarning: TorchAudio's global backend is now deprecated. Please enable distpatcher by setting `TORCHAUDIO_USE_BACKEND_DISPATCHER=1`, and specify backend when calling load/info/save function.
  import torchaudio as ta
2024-05-10 01:29:24.616635: I tensorflow/core/util/port.cc:113] oneDNN custom operations are on. You may see slightly different numerical results due to floating-point round-off errors from different computation orders. To turn them off, set the environment variable `TF_ENABLE_ONEDNN_OPTS=0`.
2024-05-10 01:29:24.820315: E external/local_xla/xla/stream_executor/cuda/cuda_dnn.cc:9261] Unable to register cuDNN factory: Attempting to register factory for plugin cuDNN when one has already been registered
2024-05-10 01:29:24.820352: E external/local_xla/xla/stream_executor/cuda/cuda_fft.cc:607] Unable to register cuFFT factory: Attempting to register factory for plugin cuFFT when one has already been registered
2024-05-10 01:29:24.842202: E external/local_xla/xla/stream_executor/cuda/cuda_blas.cc:1515] Unable to register cuBLAS factory: Attempting to register factory for plugin cuBLAS when one has already been registered
2024-05-10 01:29:25.011984: I tensorflow/core/platform/cpu_feature_guard.cc:182] This TensorFlow binary is optimized to use available CPU instructions in performance-critical operations.
To enable the following instructions: AVX2 AVX512F AVX512_VNNI FMA, in other operations, rebuild TensorFlow with the appropriate compiler flags.
2024-05-10 01:29:25.925309: W tensorflow/compiler/tf2tensorrt/utils/py_utils.cc:38] TF-TRT Warning: Could not find TensorRT
SKIPPING: metaTables/vocal_music_demucs_16k/metaData_fma_large/row58200.csv
SKIPPING: metaTables/vocal_music_demucs_16k/metaData_fma_large/row58201.csv
SKIPPING: metaTables/vocal_music_demucs_16k/metaData_fma_large/row58202.csv
SKIPPING: metaTables/vocal_music_demucs_16k/metaData_fma_large/row58203.csv
SKIPPING: metaTables/vocal_music_demucs_16k/metaData_fma_large/row58204.csv
SKIPPING: metaTables/vocal_music_demucs_16k/metaData_fma_large/row58205.csv
SKIPPING: metaTables/vocal_music_demucs_16k/metaData_fma_large/row58206.csv
SKIPPING: metaTables/vocal_music_demucs_16k/metaData_fma_large/row58207.csv
SKIPPING: metaTables/vocal_music_demucs_16k/metaData_fma_large/row58208.csv
SKIPPING: metaTables/vocal_music_demucs_16k/metaData_fma_large/row58209.csv
SKIPPING: metaTables/vocal_music_demucs_16k/metaData_fma_large/row58210.csv
SKIPPING: metaTables/vocal_music_demucs_16k/metaData_fma_large/row58211.csv
SKIPPING: metaTables/vocal_music_demucs_16k/metaData_fma_large/row58212.csv
SKIPPING: metaTables/vocal_music_demucs_16k/metaData_fma_large/row58213.csv
Execution time: 28.204989671707153 seconds
metaTables/vocal_music_demucs_16k/metaData_fma_large/row58214.csv
Execution time: 25.776089429855347 seconds
metaTables/vocal_music_demucs_16k/metaData_fma_large/row58215.csv
Execution time: 25.49298906326294 seconds
metaTables/vocal_music_demucs_16k/metaData_fma_large/row58216.csv
Execution time: 25.213016986846924 seconds
metaTables/vocal_music_demucs_16k/metaData_fma_large/row58217.csv
Execution time: 26.07180881500244 seconds
metaTables/vocal_music_demucs_16k/metaData_fma_large/row58218.csv
Execution time: 25.559091091156006 seconds
metaTables/vocal_music_demucs_16k/metaData_fma_large/row58219.csv
Execution time: 25.6516375541687 seconds
metaTables/vocal_music_demucs_16k/metaData_fma_large/row58220.csv
Execution time: 27.73424482345581 seconds
metaTables/vocal_music_demucs_16k/metaData_fma_large/row58221.csv
Execution time: 24.908207893371582 seconds
metaTables/vocal_music_demucs_16k/metaData_fma_large/row58222.csv
Execution time: 26.217082738876343 seconds
metaTables/vocal_music_demucs_16k/metaData_fma_large/row58223.csv
Execution time: 25.129923820495605 seconds
metaTables/vocal_music_demucs_16k/metaData_fma_large/row58224.csv
Execution time: 26.01005744934082 seconds
metaTables/vocal_music_demucs_16k/metaData_fma_large/row58225.csv
Execution time: 25.82915425300598 seconds
metaTables/vocal_music_demucs_16k/metaData_fma_large/row58226.csv
Execution time: 25.903332710266113 seconds
metaTables/vocal_music_demucs_16k/metaData_fma_large/row58227.csv
Execution time: 25.846646308898926 seconds
metaTables/vocal_music_demucs_16k/metaData_fma_large/row58228.csv
Execution time: 25.780085563659668 seconds
metaTables/vocal_music_demucs_16k/metaData_fma_large/row58229.csv
Execution time: 27.98534917831421 seconds
metaTables/vocal_music_demucs_16k/metaData_fma_large/row58230.csv
Execution time: 25.968292951583862 seconds
metaTables/vocal_music_demucs_16k/metaData_fma_large/row58231.csv
Execution time: 26.178508281707764 seconds
metaTables/vocal_music_demucs_16k/metaData_fma_large/row58232.csv
Execution time: 25.706877946853638 seconds
metaTables/vocal_music_demucs_16k/metaData_fma_large/row58233.csv
Execution time: 27.360515832901 seconds
metaTables/vocal_music_demucs_16k/metaData_fma_large/row58234.csv
Execution time: 26.552447080612183 seconds
metaTables/vocal_music_demucs_16k/metaData_fma_large/row58235.csv
Execution time: 25.02446413040161 seconds
metaTables/vocal_music_demucs_16k/metaData_fma_large/row58236.csv
Execution time: 25.183383464813232 seconds
metaTables/vocal_music_demucs_16k/metaData_fma_large/row58237.csv
Execution time: 25.435971975326538 seconds
metaTables/vocal_music_demucs_16k/metaData_fma_large/row58238.csv
Execution time: 26.80814814567566 seconds
metaTables/vocal_music_demucs_16k/metaData_fma_large/row58239.csv
Execution time: 25.279723167419434 seconds
metaTables/vocal_music_demucs_16k/metaData_fma_large/row58240.csv
Execution time: 23.725554943084717 seconds
metaTables/vocal_music_demucs_16k/metaData_fma_large/row58241.csv
Execution time: 25.18111753463745 seconds
metaTables/vocal_music_demucs_16k/metaData_fma_large/row58242.csv
Execution time: 26.119037628173828 seconds
metaTables/vocal_music_demucs_16k/metaData_fma_large/row58243.csv
Execution time: 25.57807946205139 seconds
metaTables/vocal_music_demucs_16k/metaData_fma_large/row58244.csv
Execution time: 25.101207733154297 seconds
metaTables/vocal_music_demucs_16k/metaData_fma_large/row58245.csv
Execution time: 25.880521297454834 seconds
metaTables/vocal_music_demucs_16k/metaData_fma_large/row58246.csv
Execution time: 25.46570587158203 seconds
metaTables/vocal_music_demucs_16k/metaData_fma_large/row58247.csv
Execution time: 24.827880382537842 seconds
metaTables/vocal_music_demucs_16k/metaData_fma_large/row58248.csv
Execution time: 25.614287614822388 seconds
metaTables/vocal_music_demucs_16k/metaData_fma_large/row58249.csv
Execution time: 25.96224045753479 seconds
metaTables/vocal_music_demucs_16k/metaData_fma_large/row58250.csv
Execution time: 25.826356887817383 seconds
metaTables/vocal_music_demucs_16k/metaData_fma_large/row58251.csv
Execution time: 26.58141016960144 seconds
metaTables/vocal_music_demucs_16k/metaData_fma_large/row58252.csv
Execution time: 26.296517848968506 seconds
metaTables/vocal_music_demucs_16k/metaData_fma_large/row58253.csv
Execution time: 25.962676286697388 seconds
metaTables/vocal_music_demucs_16k/metaData_fma_large/row58254.csv
Execution time: 26.88942289352417 seconds
metaTables/vocal_music_demucs_16k/metaData_fma_large/row58255.csv
Execution time: 25.901508569717407 seconds
metaTables/vocal_music_demucs_16k/metaData_fma_large/row58256.csv
Execution time: 26.623730897903442 seconds
metaTables/vocal_music_demucs_16k/metaData_fma_large/row58257.csv
Execution time: 27.660656929016113 seconds
metaTables/vocal_music_demucs_16k/metaData_fma_large/row58258.csv
Execution time: 26.18760085105896 seconds
metaTables/vocal_music_demucs_16k/metaData_fma_large/row58259.csv
Execution time: 26.84083604812622 seconds
metaTables/vocal_music_demucs_16k/metaData_fma_large/row58260.csv
Execution time: 25.947992086410522 seconds
metaTables/vocal_music_demucs_16k/metaData_fma_large/row58261.csv
Execution time: 26.192402362823486 seconds
metaTables/vocal_music_demucs_16k/metaData_fma_large/row58262.csv
Execution time: 25.979912042617798 seconds
metaTables/vocal_music_demucs_16k/metaData_fma_large/row58263.csv
Execution time: 25.693666696548462 seconds
metaTables/vocal_music_demucs_16k/metaData_fma_large/row58264.csv
Execution time: 25.009263277053833 seconds
metaTables/vocal_music_demucs_16k/metaData_fma_large/row58265.csv
Execution time: 25.839035987854004 seconds
metaTables/vocal_music_demucs_16k/metaData_fma_large/row58266.csv
Execution time: 25.27572202682495 seconds
metaTables/vocal_music_demucs_16k/metaData_fma_large/row58267.csv
Execution time: 25.928093671798706 seconds
metaTables/vocal_music_demucs_16k/metaData_fma_large/row58268.csv
Execution time: 26.551639795303345 seconds
metaTables/vocal_music_demucs_16k/metaData_fma_large/row58269.csv
Execution time: 26.561713695526123 seconds
metaTables/vocal_music_demucs_16k/metaData_fma_large/row58270.csv
Execution time: 28.886883020401 seconds
metaTables/vocal_music_demucs_16k/metaData_fma_large/row58271.csv
Execution time: 26.193519830703735 seconds
metaTables/vocal_music_demucs_16k/metaData_fma_large/row58272.csv
Execution time: 26.263813734054565 seconds
metaTables/vocal_music_demucs_16k/metaData_fma_large/row58273.csv
Execution time: 26.197189569473267 seconds
metaTables/vocal_music_demucs_16k/metaData_fma_large/row58274.csv
Execution time: 25.96110701560974 seconds
metaTables/vocal_music_demucs_16k/metaData_fma_large/row58275.csv
Execution time: 25.357280254364014 seconds
metaTables/vocal_music_demucs_16k/metaData_fma_large/row58276.csv
Execution time: 26.595627784729004 seconds
metaTables/vocal_music_demucs_16k/metaData_fma_large/row58277.csv
Execution time: 26.23726201057434 seconds
metaTables/vocal_music_demucs_16k/metaData_fma_large/row58278.csv
Execution time: 27.905808448791504 seconds
metaTables/vocal_music_demucs_16k/metaData_fma_large/row58279.csv
Execution time: 26.128192901611328 seconds
metaTables/vocal_music_demucs_16k/metaData_fma_large/row58280.csv
Execution time: 26.416029691696167 seconds
metaTables/vocal_music_demucs_16k/metaData_fma_large/row58281.csv
Execution time: 25.378310441970825 seconds
metaTables/vocal_music_demucs_16k/metaData_fma_large/row58282.csv
Execution time: 25.899802923202515 seconds
metaTables/vocal_music_demucs_16k/metaData_fma_large/row58283.csv
Execution time: 25.673936128616333 seconds
metaTables/vocal_music_demucs_16k/metaData_fma_large/row58284.csv
Execution time: 25.61833906173706 seconds
metaTables/vocal_music_demucs_16k/metaData_fma_large/row58285.csv
Execution time: 26.08645462989807 seconds
metaTables/vocal_music_demucs_16k/metaData_fma_large/row58286.csv
Execution time: 25.610962629318237 seconds
metaTables/vocal_music_demucs_16k/metaData_fma_large/row58287.csv
Execution time: 26.10509419441223 seconds
metaTables/vocal_music_demucs_16k/metaData_fma_large/row58288.csv
Execution time: 27.069343090057373 seconds
metaTables/vocal_music_demucs_16k/metaData_fma_large/row58289.csv
Execution time: 25.868159770965576 seconds
metaTables/vocal_music_demucs_16k/metaData_fma_large/row58290.csv
Execution time: 25.381665229797363 seconds
metaTables/vocal_music_demucs_16k/metaData_fma_large/row58291.csv
Execution time: 26.116366147994995 seconds
metaTables/vocal_music_demucs_16k/metaData_fma_large/row58292.csv
Execution time: 25.95260453224182 seconds
metaTables/vocal_music_demucs_16k/metaData_fma_large/row58293.csv
Execution time: 26.05471634864807 seconds
metaTables/vocal_music_demucs_16k/metaData_fma_large/row58294.csv
Execution time: 25.18617844581604 seconds
metaTables/vocal_music_demucs_16k/metaData_fma_large/row58295.csv
Execution time: 26.23626136779785 seconds
metaTables/vocal_music_demucs_16k/metaData_fma_large/row58296.csv
Execution time: 26.101550579071045 seconds
metaTables/vocal_music_demucs_16k/metaData_fma_large/row58297.csv
Execution time: 24.86746907234192 seconds
metaTables/vocal_music_demucs_16k/metaData_fma_large/row58298.csv
Execution time: 24.930590629577637 seconds
metaTables/vocal_music_demucs_16k/metaData_fma_large/row58299.csv
Demucs voice recognition done!
