/ext3/demucs/lib/python3.9/site-packages/demucs/api.py:27: UserWarning: TorchAudio's global backend is now deprecated. Please enable distpatcher by setting `TORCHAUDIO_USE_BACKEND_DISPATCHER=1`, and specify backend when calling load/info/save function.
  import torchaudio as ta
2024-05-09 09:22:22.697946: I tensorflow/core/util/port.cc:113] oneDNN custom operations are on. You may see slightly different numerical results due to floating-point round-off errors from different computation orders. To turn them off, set the environment variable `TF_ENABLE_ONEDNN_OPTS=0`.
2024-05-09 09:22:23.095466: E external/local_xla/xla/stream_executor/cuda/cuda_dnn.cc:9261] Unable to register cuDNN factory: Attempting to register factory for plugin cuDNN when one has already been registered
2024-05-09 09:22:23.095511: E external/local_xla/xla/stream_executor/cuda/cuda_fft.cc:607] Unable to register cuFFT factory: Attempting to register factory for plugin cuFFT when one has already been registered
2024-05-09 09:22:23.129649: E external/local_xla/xla/stream_executor/cuda/cuda_blas.cc:1515] Unable to register cuBLAS factory: Attempting to register factory for plugin cuBLAS when one has already been registered
2024-05-09 09:22:23.189168: I tensorflow/core/platform/cpu_feature_guard.cc:182] This TensorFlow binary is optimized to use available CPU instructions in performance-critical operations.
To enable the following instructions: AVX2 AVX512F AVX512_VNNI FMA, in other operations, rebuild TensorFlow with the appropriate compiler flags.
2024-05-09 09:22:24.101090: W tensorflow/compiler/tf2tensorrt/utils/py_utils.cc:38] TF-TRT Warning: Could not find TensorRT
SKIPPING: metaTables/vocal_music_demucs_16k/metaData_fma_large/row72500.csv
SKIPPING: metaTables/vocal_music_demucs_16k/metaData_fma_large/row72501.csv
SKIPPING: metaTables/vocal_music_demucs_16k/metaData_fma_large/row72502.csv
SKIPPING: metaTables/vocal_music_demucs_16k/metaData_fma_large/row72503.csv
SKIPPING: metaTables/vocal_music_demucs_16k/metaData_fma_large/row72504.csv
SKIPPING: metaTables/vocal_music_demucs_16k/metaData_fma_large/row72505.csv
SKIPPING: metaTables/vocal_music_demucs_16k/metaData_fma_large/row72506.csv
SKIPPING: metaTables/vocal_music_demucs_16k/metaData_fma_large/row72507.csv
SKIPPING: metaTables/vocal_music_demucs_16k/metaData_fma_large/row72508.csv
SKIPPING: metaTables/vocal_music_demucs_16k/metaData_fma_large/row72509.csv
SKIPPING: metaTables/vocal_music_demucs_16k/metaData_fma_large/row72510.csv
SKIPPING: metaTables/vocal_music_demucs_16k/metaData_fma_large/row72511.csv
SKIPPING: metaTables/vocal_music_demucs_16k/metaData_fma_large/row72512.csv
SKIPPING: metaTables/vocal_music_demucs_16k/metaData_fma_large/row72513.csv
SKIPPING: metaTables/vocal_music_demucs_16k/metaData_fma_large/row72514.csv
SKIPPING: metaTables/vocal_music_demucs_16k/metaData_fma_large/row72515.csv
SKIPPING: metaTables/vocal_music_demucs_16k/metaData_fma_large/row72516.csv
SKIPPING: metaTables/vocal_music_demucs_16k/metaData_fma_large/row72517.csv
SKIPPING: metaTables/vocal_music_demucs_16k/metaData_fma_large/row72518.csv
SKIPPING: metaTables/vocal_music_demucs_16k/metaData_fma_large/row72519.csv
SKIPPING: metaTables/vocal_music_demucs_16k/metaData_fma_large/row72520.csv
SKIPPING: metaTables/vocal_music_demucs_16k/metaData_fma_large/row72521.csv
SKIPPING: metaTables/vocal_music_demucs_16k/metaData_fma_large/row72522.csv
SKIPPING: metaTables/vocal_music_demucs_16k/metaData_fma_large/row72523.csv
SKIPPING: metaTables/vocal_music_demucs_16k/metaData_fma_large/row72524.csv
SKIPPING: metaTables/vocal_music_demucs_16k/metaData_fma_large/row72525.csv
SKIPPING: metaTables/vocal_music_demucs_16k/metaData_fma_large/row72526.csv
SKIPPING: metaTables/vocal_music_demucs_16k/metaData_fma_large/row72527.csv
SKIPPING: metaTables/vocal_music_demucs_16k/metaData_fma_large/row72528.csv
SKIPPING: metaTables/vocal_music_demucs_16k/metaData_fma_large/row72529.csv
SKIPPING: metaTables/vocal_music_demucs_16k/metaData_fma_large/row72530.csv
SKIPPING: metaTables/vocal_music_demucs_16k/metaData_fma_large/row72531.csv
SKIPPING: metaTables/vocal_music_demucs_16k/metaData_fma_large/row72532.csv
SKIPPING: metaTables/vocal_music_demucs_16k/metaData_fma_large/row72533.csv
SKIPPING: metaTables/vocal_music_demucs_16k/metaData_fma_large/row72534.csv
SKIPPING: metaTables/vocal_music_demucs_16k/metaData_fma_large/row72535.csv
SKIPPING: metaTables/vocal_music_demucs_16k/metaData_fma_large/row72536.csv
SKIPPING: metaTables/vocal_music_demucs_16k/metaData_fma_large/row72537.csv
SKIPPING: metaTables/vocal_music_demucs_16k/metaData_fma_large/row72538.csv
SKIPPING: metaTables/vocal_music_demucs_16k/metaData_fma_large/row72539.csv
SKIPPING: metaTables/vocal_music_demucs_16k/metaData_fma_large/row72540.csv
SKIPPING: metaTables/vocal_music_demucs_16k/metaData_fma_large/row72541.csv
SKIPPING: metaTables/vocal_music_demucs_16k/metaData_fma_large/row72542.csv
SKIPPING: metaTables/vocal_music_demucs_16k/metaData_fma_large/row72543.csv
SKIPPING: metaTables/vocal_music_demucs_16k/metaData_fma_large/row72544.csv
SKIPPING: metaTables/vocal_music_demucs_16k/metaData_fma_large/row72545.csv
SKIPPING: metaTables/vocal_music_demucs_16k/metaData_fma_large/row72546.csv
SKIPPING: metaTables/vocal_music_demucs_16k/metaData_fma_large/row72547.csv
SKIPPING: metaTables/vocal_music_demucs_16k/metaData_fma_large/row72548.csv
SKIPPING: metaTables/vocal_music_demucs_16k/metaData_fma_large/row72549.csv
SKIPPING: metaTables/vocal_music_demucs_16k/metaData_fma_large/row72550.csv
SKIPPING: metaTables/vocal_music_demucs_16k/metaData_fma_large/row72551.csv
SKIPPING: metaTables/vocal_music_demucs_16k/metaData_fma_large/row72552.csv
SKIPPING: metaTables/vocal_music_demucs_16k/metaData_fma_large/row72553.csv
SKIPPING: metaTables/vocal_music_demucs_16k/metaData_fma_large/row72554.csv
SKIPPING: metaTables/vocal_music_demucs_16k/metaData_fma_large/row72555.csv
SKIPPING: metaTables/vocal_music_demucs_16k/metaData_fma_large/row72556.csv
SKIPPING: metaTables/vocal_music_demucs_16k/metaData_fma_large/row72557.csv
SKIPPING: metaTables/vocal_music_demucs_16k/metaData_fma_large/row72558.csv
SKIPPING: metaTables/vocal_music_demucs_16k/metaData_fma_large/row72559.csv
SKIPPING: metaTables/vocal_music_demucs_16k/metaData_fma_large/row72560.csv
SKIPPING: metaTables/vocal_music_demucs_16k/metaData_fma_large/row72561.csv
SKIPPING: metaTables/vocal_music_demucs_16k/metaData_fma_large/row72562.csv
SKIPPING: metaTables/vocal_music_demucs_16k/metaData_fma_large/row72563.csv
SKIPPING: metaTables/vocal_music_demucs_16k/metaData_fma_large/row72564.csv
SKIPPING: metaTables/vocal_music_demucs_16k/metaData_fma_large/row72565.csv
SKIPPING: metaTables/vocal_music_demucs_16k/metaData_fma_large/row72566.csv
SKIPPING: metaTables/vocal_music_demucs_16k/metaData_fma_large/row72567.csv
SKIPPING: metaTables/vocal_music_demucs_16k/metaData_fma_large/row72568.csv
SKIPPING: metaTables/vocal_music_demucs_16k/metaData_fma_large/row72569.csv
SKIPPING: metaTables/vocal_music_demucs_16k/metaData_fma_large/row72570.csv
SKIPPING: metaTables/vocal_music_demucs_16k/metaData_fma_large/row72571.csv
SKIPPING: metaTables/vocal_music_demucs_16k/metaData_fma_large/row72572.csv
SKIPPING: metaTables/vocal_music_demucs_16k/metaData_fma_large/row72573.csv
SKIPPING: metaTables/vocal_music_demucs_16k/metaData_fma_large/row72574.csv
SKIPPING: metaTables/vocal_music_demucs_16k/metaData_fma_large/row72575.csv
SKIPPING: metaTables/vocal_music_demucs_16k/metaData_fma_large/row72576.csv
SKIPPING: metaTables/vocal_music_demucs_16k/metaData_fma_large/row72577.csv
SKIPPING: metaTables/vocal_music_demucs_16k/metaData_fma_large/row72578.csv
SKIPPING: metaTables/vocal_music_demucs_16k/metaData_fma_large/row72579.csv
SKIPPING: metaTables/vocal_music_demucs_16k/metaData_fma_large/row72580.csv
SKIPPING: metaTables/vocal_music_demucs_16k/metaData_fma_large/row72581.csv
SKIPPING: metaTables/vocal_music_demucs_16k/metaData_fma_large/row72582.csv
SKIPPING: metaTables/vocal_music_demucs_16k/metaData_fma_large/row72583.csv
SKIPPING: metaTables/vocal_music_demucs_16k/metaData_fma_large/row72584.csv
SKIPPING: metaTables/vocal_music_demucs_16k/metaData_fma_large/row72585.csv
SKIPPING: metaTables/vocal_music_demucs_16k/metaData_fma_large/row72586.csv
SKIPPING: metaTables/vocal_music_demucs_16k/metaData_fma_large/row72587.csv
SKIPPING: metaTables/vocal_music_demucs_16k/metaData_fma_large/row72588.csv
SKIPPING: metaTables/vocal_music_demucs_16k/metaData_fma_large/row72589.csv
SKIPPING: metaTables/vocal_music_demucs_16k/metaData_fma_large/row72590.csv
SKIPPING: metaTables/vocal_music_demucs_16k/metaData_fma_large/row72591.csv
SKIPPING: metaTables/vocal_music_demucs_16k/metaData_fma_large/row72592.csv
SKIPPING: metaTables/vocal_music_demucs_16k/metaData_fma_large/row72593.csv
SKIPPING: metaTables/vocal_music_demucs_16k/metaData_fma_large/row72594.csv
SKIPPING: metaTables/vocal_music_demucs_16k/metaData_fma_large/row72595.csv
SKIPPING: metaTables/vocal_music_demucs_16k/metaData_fma_large/row72596.csv
SKIPPING: metaTables/vocal_music_demucs_16k/metaData_fma_large/row72597.csv
SKIPPING: metaTables/vocal_music_demucs_16k/metaData_fma_large/row72598.csv
SKIPPING: metaTables/vocal_music_demucs_16k/metaData_fma_large/row72599.csv
Demucs voice recognition done!
