/ext3/demucs/lib/python3.9/site-packages/demucs/api.py:27: UserWarning: TorchAudio's global backend is now deprecated. Please enable distpatcher by setting `TORCHAUDIO_USE_BACKEND_DISPATCHER=1`, and specify backend when calling load/info/save function.
  import torchaudio as ta
2024-05-10 11:35:06.341052: I tensorflow/core/util/port.cc:113] oneDNN custom operations are on. You may see slightly different numerical results due to floating-point round-off errors from different computation orders. To turn them off, set the environment variable `TF_ENABLE_ONEDNN_OPTS=0`.
2024-05-10 11:35:06.536950: E external/local_xla/xla/stream_executor/cuda/cuda_dnn.cc:9261] Unable to register cuDNN factory: Attempting to register factory for plugin cuDNN when one has already been registered
2024-05-10 11:35:06.536994: E external/local_xla/xla/stream_executor/cuda/cuda_fft.cc:607] Unable to register cuFFT factory: Attempting to register factory for plugin cuFFT when one has already been registered
2024-05-10 11:35:06.560466: E external/local_xla/xla/stream_executor/cuda/cuda_blas.cc:1515] Unable to register cuBLAS factory: Attempting to register factory for plugin cuBLAS when one has already been registered
2024-05-10 11:35:06.647689: I tensorflow/core/platform/cpu_feature_guard.cc:182] This TensorFlow binary is optimized to use available CPU instructions in performance-critical operations.
To enable the following instructions: AVX2 AVX512F AVX512_VNNI FMA, in other operations, rebuild TensorFlow with the appropriate compiler flags.
2024-05-10 11:35:07.507756: W tensorflow/compiler/tf2tensorrt/utils/py_utils.cc:38] TF-TRT Warning: Could not find TensorRT
Execution time: 31.675843954086304 seconds
metaTables/vocal_music_demucs_16k/metaData_fma_large/row82500.csv
Execution time: 28.947474718093872 seconds
metaTables/vocal_music_demucs_16k/metaData_fma_large/row82501.csv
Execution time: 28.469582557678223 seconds
metaTables/vocal_music_demucs_16k/metaData_fma_large/row82502.csv
Execution time: 28.973424434661865 seconds
metaTables/vocal_music_demucs_16k/metaData_fma_large/row82503.csv
Execution time: 29.107908487319946 seconds
metaTables/vocal_music_demucs_16k/metaData_fma_large/row82504.csv
Execution time: 28.10217261314392 seconds
metaTables/vocal_music_demucs_16k/metaData_fma_large/row82505.csv
Execution time: 28.64000916481018 seconds
metaTables/vocal_music_demucs_16k/metaData_fma_large/row82506.csv
Execution time: 28.45420742034912 seconds
metaTables/vocal_music_demucs_16k/metaData_fma_large/row82507.csv
Execution time: 9.308049440383911 seconds
metaTables/vocal_music_demucs_16k/metaData_fma_large/row82508.csv
Execution time: 27.894434213638306 seconds
metaTables/vocal_music_demucs_16k/metaData_fma_large/row82509.csv
Execution time: 28.753021001815796 seconds
metaTables/vocal_music_demucs_16k/metaData_fma_large/row82510.csv
Execution time: 30.39482593536377 seconds
metaTables/vocal_music_demucs_16k/metaData_fma_large/row82511.csv
Execution time: 29.199974060058594 seconds
metaTables/vocal_music_demucs_16k/metaData_fma_large/row82512.csv
Execution time: 28.85724973678589 seconds
metaTables/vocal_music_demucs_16k/metaData_fma_large/row82513.csv
Execution time: 29.084680318832397 seconds
metaTables/vocal_music_demucs_16k/metaData_fma_large/row82514.csv
Execution time: 28.63593864440918 seconds
metaTables/vocal_music_demucs_16k/metaData_fma_large/row82515.csv
Execution time: 28.166919469833374 seconds
metaTables/vocal_music_demucs_16k/metaData_fma_large/row82516.csv
Execution time: 24.003801584243774 seconds
metaTables/vocal_music_demucs_16k/metaData_fma_large/row82517.csv
Execution time: 29.025599479675293 seconds
metaTables/vocal_music_demucs_16k/metaData_fma_large/row82518.csv
Execution time: 29.00221848487854 seconds
metaTables/vocal_music_demucs_16k/metaData_fma_large/row82519.csv
Execution time: 28.33922553062439 seconds
metaTables/vocal_music_demucs_16k/metaData_fma_large/row82520.csv
Execution time: 28.874189138412476 seconds
metaTables/vocal_music_demucs_16k/metaData_fma_large/row82521.csv
Execution time: 29.169256687164307 seconds
metaTables/vocal_music_demucs_16k/metaData_fma_large/row82522.csv
Execution time: 29.62690234184265 seconds
metaTables/vocal_music_demucs_16k/metaData_fma_large/row82523.csv
Execution time: 29.016242742538452 seconds
metaTables/vocal_music_demucs_16k/metaData_fma_large/row82524.csv
Execution time: 28.55611276626587 seconds
metaTables/vocal_music_demucs_16k/metaData_fma_large/row82525.csv
Execution time: 29.140175580978394 seconds
metaTables/vocal_music_demucs_16k/metaData_fma_large/row82526.csv
Execution time: 27.395808219909668 seconds
metaTables/vocal_music_demucs_16k/metaData_fma_large/row82527.csv
Execution time: 28.586745738983154 seconds
metaTables/vocal_music_demucs_16k/metaData_fma_large/row82528.csv
Execution time: 28.367886781692505 seconds
metaTables/vocal_music_demucs_16k/metaData_fma_large/row82529.csv
Execution time: 28.67635154724121 seconds
metaTables/vocal_music_demucs_16k/metaData_fma_large/row82530.csv
Execution time: 28.67061448097229 seconds
metaTables/vocal_music_demucs_16k/metaData_fma_large/row82531.csv
Execution time: 28.663076400756836 seconds
metaTables/vocal_music_demucs_16k/metaData_fma_large/row82532.csv
Execution time: 29.413673877716064 seconds
metaTables/vocal_music_demucs_16k/metaData_fma_large/row82533.csv
Execution time: 28.31406879425049 seconds
metaTables/vocal_music_demucs_16k/metaData_fma_large/row82534.csv
Execution time: 28.452173948287964 seconds
metaTables/vocal_music_demucs_16k/metaData_fma_large/row82535.csv
Execution time: 28.691187143325806 seconds
metaTables/vocal_music_demucs_16k/metaData_fma_large/row82536.csv
Execution time: 28.34083127975464 seconds
metaTables/vocal_music_demucs_16k/metaData_fma_large/row82537.csv
Execution time: 28.6467764377594 seconds
metaTables/vocal_music_demucs_16k/metaData_fma_large/row82538.csv
Execution time: 29.708382606506348 seconds
metaTables/vocal_music_demucs_16k/metaData_fma_large/row82539.csv
Execution time: 29.25298833847046 seconds
metaTables/vocal_music_demucs_16k/metaData_fma_large/row82540.csv
Execution time: 28.94975519180298 seconds
metaTables/vocal_music_demucs_16k/metaData_fma_large/row82541.csv
Execution time: 28.372150421142578 seconds
metaTables/vocal_music_demucs_16k/metaData_fma_large/row82542.csv
Execution time: 29.48006558418274 seconds
metaTables/vocal_music_demucs_16k/metaData_fma_large/row82543.csv
Execution time: 28.52231764793396 seconds
metaTables/vocal_music_demucs_16k/metaData_fma_large/row82544.csv
Execution time: 28.426379680633545 seconds
metaTables/vocal_music_demucs_16k/metaData_fma_large/row82545.csv
Execution time: 28.466887712478638 seconds
metaTables/vocal_music_demucs_16k/metaData_fma_large/row82546.csv
Execution time: 29.234074592590332 seconds
metaTables/vocal_music_demucs_16k/metaData_fma_large/row82547.csv
Execution time: 28.920933961868286 seconds
metaTables/vocal_music_demucs_16k/metaData_fma_large/row82548.csv
Execution time: 29.185583353042603 seconds
metaTables/vocal_music_demucs_16k/metaData_fma_large/row82549.csv
Execution time: 28.566415309906006 seconds
metaTables/vocal_music_demucs_16k/metaData_fma_large/row82550.csv
Execution time: 28.30900478363037 seconds
metaTables/vocal_music_demucs_16k/metaData_fma_large/row82551.csv
Execution time: 27.589035749435425 seconds
metaTables/vocal_music_demucs_16k/metaData_fma_large/row82552.csv
Execution time: 28.255187034606934 seconds
metaTables/vocal_music_demucs_16k/metaData_fma_large/row82553.csv
Execution time: 28.85240888595581 seconds
metaTables/vocal_music_demucs_16k/metaData_fma_large/row82554.csv
Execution time: 29.688554048538208 seconds
metaTables/vocal_music_demucs_16k/metaData_fma_large/row82555.csv
Execution time: 28.77280592918396 seconds
metaTables/vocal_music_demucs_16k/metaData_fma_large/row82556.csv
Execution time: 29.016594648361206 seconds
metaTables/vocal_music_demucs_16k/metaData_fma_large/row82557.csv
Execution time: 29.18294334411621 seconds
metaTables/vocal_music_demucs_16k/metaData_fma_large/row82558.csv
Execution time: 29.021008729934692 seconds
metaTables/vocal_music_demucs_16k/metaData_fma_large/row82559.csv
Execution time: 28.850063800811768 seconds
metaTables/vocal_music_demucs_16k/metaData_fma_large/row82560.csv
Execution time: 29.500402212142944 seconds
metaTables/vocal_music_demucs_16k/metaData_fma_large/row82561.csv
Execution time: 28.81204915046692 seconds
metaTables/vocal_music_demucs_16k/metaData_fma_large/row82562.csv
Execution time: 28.980966329574585 seconds
metaTables/vocal_music_demucs_16k/metaData_fma_large/row82563.csv
Execution time: 29.564560890197754 seconds
metaTables/vocal_music_demucs_16k/metaData_fma_large/row82564.csv
Execution time: 28.213003158569336 seconds
metaTables/vocal_music_demucs_16k/metaData_fma_large/row82565.csv
Execution time: 27.934409856796265 seconds
metaTables/vocal_music_demucs_16k/metaData_fma_large/row82566.csv
Execution time: 27.984633207321167 seconds
metaTables/vocal_music_demucs_16k/metaData_fma_large/row82567.csv
Execution time: 14.886540174484253 seconds
metaTables/vocal_music_demucs_16k/metaData_fma_large/row82568.csv
Execution time: 29.083881855010986 seconds
metaTables/vocal_music_demucs_16k/metaData_fma_large/row82569.csv
Execution time: 28.697978496551514 seconds
metaTables/vocal_music_demucs_16k/metaData_fma_large/row82570.csv
Execution time: 29.089473724365234 seconds
metaTables/vocal_music_demucs_16k/metaData_fma_large/row82571.csv
Execution time: 29.372632265090942 seconds
metaTables/vocal_music_demucs_16k/metaData_fma_large/row82572.csv
Execution time: 28.72463822364807 seconds
metaTables/vocal_music_demucs_16k/metaData_fma_large/row82573.csv
Execution time: 29.17487931251526 seconds
metaTables/vocal_music_demucs_16k/metaData_fma_large/row82574.csv
Execution time: 29.60614514350891 seconds
metaTables/vocal_music_demucs_16k/metaData_fma_large/row82575.csv
Execution time: 28.696563720703125 seconds
metaTables/vocal_music_demucs_16k/metaData_fma_large/row82576.csv
Execution time: 28.326141595840454 seconds
metaTables/vocal_music_demucs_16k/metaData_fma_large/row82577.csv
Execution time: 29.437522172927856 seconds
metaTables/vocal_music_demucs_16k/metaData_fma_large/row82578.csv
Execution time: 29.066751718521118 seconds
metaTables/vocal_music_demucs_16k/metaData_fma_large/row82579.csv
Execution time: 28.74696445465088 seconds
metaTables/vocal_music_demucs_16k/metaData_fma_large/row82580.csv
Execution time: 28.187544345855713 seconds
metaTables/vocal_music_demucs_16k/metaData_fma_large/row82581.csv
Execution time: 27.962023973464966 seconds
metaTables/vocal_music_demucs_16k/metaData_fma_large/row82582.csv
Execution time: 28.70075750350952 seconds
metaTables/vocal_music_demucs_16k/metaData_fma_large/row82583.csv
Execution time: 28.276108741760254 seconds
metaTables/vocal_music_demucs_16k/metaData_fma_large/row82584.csv
Execution time: 29.451162099838257 seconds
metaTables/vocal_music_demucs_16k/metaData_fma_large/row82585.csv
Execution time: 28.065870761871338 seconds
metaTables/vocal_music_demucs_16k/metaData_fma_large/row82586.csv
Execution time: 28.528898000717163 seconds
metaTables/vocal_music_demucs_16k/metaData_fma_large/row82587.csv
Execution time: 28.780456066131592 seconds
metaTables/vocal_music_demucs_16k/metaData_fma_large/row82588.csv
Execution time: 28.35589861869812 seconds
metaTables/vocal_music_demucs_16k/metaData_fma_large/row82589.csv
Execution time: 28.568126678466797 seconds
metaTables/vocal_music_demucs_16k/metaData_fma_large/row82590.csv
Execution time: 28.775127172470093 seconds
metaTables/vocal_music_demucs_16k/metaData_fma_large/row82591.csv
Execution time: 29.55309748649597 seconds
metaTables/vocal_music_demucs_16k/metaData_fma_large/row82592.csv
Execution time: 29.437901973724365 seconds
metaTables/vocal_music_demucs_16k/metaData_fma_large/row82593.csv
Execution time: 29.203177213668823 seconds
metaTables/vocal_music_demucs_16k/metaData_fma_large/row82594.csv
Execution time: 28.489464282989502 seconds
metaTables/vocal_music_demucs_16k/metaData_fma_large/row82595.csv
Execution time: 27.738281726837158 seconds
metaTables/vocal_music_demucs_16k/metaData_fma_large/row82596.csv
Execution time: 29.13112187385559 seconds
metaTables/vocal_music_demucs_16k/metaData_fma_large/row82597.csv
Execution time: 26.66843032836914 seconds
metaTables/vocal_music_demucs_16k/metaData_fma_large/row82598.csv
Execution time: 25.348973512649536 seconds
metaTables/vocal_music_demucs_16k/metaData_fma_large/row82599.csv
Demucs voice recognition done!
