/ext3/demucs/lib/python3.9/site-packages/demucs/api.py:27: UserWarning: TorchAudio's global backend is now deprecated. Please enable distpatcher by setting `TORCHAUDIO_USE_BACKEND_DISPATCHER=1`, and specify backend when calling load/info/save function.
  import torchaudio as ta
2024-05-09 00:17:48.437471: I tensorflow/core/util/port.cc:113] oneDNN custom operations are on. You may see slightly different numerical results due to floating-point round-off errors from different computation orders. To turn them off, set the environment variable `TF_ENABLE_ONEDNN_OPTS=0`.
2024-05-09 00:17:53.656159: E external/local_xla/xla/stream_executor/cuda/cuda_dnn.cc:9261] Unable to register cuDNN factory: Attempting to register factory for plugin cuDNN when one has already been registered
2024-05-09 00:17:53.656246: E external/local_xla/xla/stream_executor/cuda/cuda_fft.cc:607] Unable to register cuFFT factory: Attempting to register factory for plugin cuFFT when one has already been registered
2024-05-09 00:17:53.918299: E external/local_xla/xla/stream_executor/cuda/cuda_blas.cc:1515] Unable to register cuBLAS factory: Attempting to register factory for plugin cuBLAS when one has already been registered
2024-05-09 00:17:54.434112: I tensorflow/core/platform/cpu_feature_guard.cc:182] This TensorFlow binary is optimized to use available CPU instructions in performance-critical operations.
To enable the following instructions: AVX2 AVX512F AVX512_VNNI FMA, in other operations, rebuild TensorFlow with the appropriate compiler flags.
2024-05-09 00:18:01.029965: W tensorflow/compiler/tf2tensorrt/utils/py_utils.cc:38] TF-TRT Warning: Could not find TensorRT
Execution time: 33.766125202178955 seconds
metaTables/vocal_music_demucs_16k/metaData_fma_large/row77800.csv
Execution time: 23.142969131469727 seconds
metaTables/vocal_music_demucs_16k/metaData_fma_large/row77801.csv
Execution time: 22.902860403060913 seconds
metaTables/vocal_music_demucs_16k/metaData_fma_large/row77802.csv
Execution time: 23.263802766799927 seconds
metaTables/vocal_music_demucs_16k/metaData_fma_large/row77803.csv
Execution time: 8.194772958755493 seconds
metaTables/vocal_music_demucs_16k/metaData_fma_large/row77804.csv
Execution time: 24.000503063201904 seconds
metaTables/vocal_music_demucs_16k/metaData_fma_large/row77805.csv
Execution time: 24.788910627365112 seconds
metaTables/vocal_music_demucs_16k/metaData_fma_large/row77806.csv
Execution time: 23.19409704208374 seconds
metaTables/vocal_music_demucs_16k/metaData_fma_large/row77807.csv
Execution time: 24.685680150985718 seconds
metaTables/vocal_music_demucs_16k/metaData_fma_large/row77808.csv
Execution time: 23.587980031967163 seconds
metaTables/vocal_music_demucs_16k/metaData_fma_large/row77809.csv
Execution time: 23.62432837486267 seconds
metaTables/vocal_music_demucs_16k/metaData_fma_large/row77810.csv
Execution time: 23.399593353271484 seconds
metaTables/vocal_music_demucs_16k/metaData_fma_large/row77811.csv
Execution time: 23.860995531082153 seconds
metaTables/vocal_music_demucs_16k/metaData_fma_large/row77812.csv
Execution time: 23.795472145080566 seconds
metaTables/vocal_music_demucs_16k/metaData_fma_large/row77813.csv
Execution time: 24.309552907943726 seconds
metaTables/vocal_music_demucs_16k/metaData_fma_large/row77814.csv
Execution time: 24.952412605285645 seconds
metaTables/vocal_music_demucs_16k/metaData_fma_large/row77815.csv
Execution time: 23.446537494659424 seconds
metaTables/vocal_music_demucs_16k/metaData_fma_large/row77816.csv
Execution time: 22.285070419311523 seconds
metaTables/vocal_music_demucs_16k/metaData_fma_large/row77817.csv
Execution time: 22.44813299179077 seconds
metaTables/vocal_music_demucs_16k/metaData_fma_large/row77818.csv
Execution time: 27.15250277519226 seconds
metaTables/vocal_music_demucs_16k/metaData_fma_large/row77819.csv
Execution time: 24.508639812469482 seconds
metaTables/vocal_music_demucs_16k/metaData_fma_large/row77820.csv
Execution time: 25.37223982810974 seconds
metaTables/vocal_music_demucs_16k/metaData_fma_large/row77821.csv
Execution time: 23.224676847457886 seconds
metaTables/vocal_music_demucs_16k/metaData_fma_large/row77822.csv
Execution time: 21.86342978477478 seconds
metaTables/vocal_music_demucs_16k/metaData_fma_large/row77823.csv
Execution time: 21.93835997581482 seconds
metaTables/vocal_music_demucs_16k/metaData_fma_large/row77824.csv
Execution time: 23.655149221420288 seconds
metaTables/vocal_music_demucs_16k/metaData_fma_large/row77825.csv
Execution time: 22.36055302619934 seconds
metaTables/vocal_music_demucs_16k/metaData_fma_large/row77826.csv
Execution time: 22.81908631324768 seconds
metaTables/vocal_music_demucs_16k/metaData_fma_large/row77827.csv
Execution time: 23.75653648376465 seconds
metaTables/vocal_music_demucs_16k/metaData_fma_large/row77828.csv
Execution time: 24.1545352935791 seconds
metaTables/vocal_music_demucs_16k/metaData_fma_large/row77829.csv
Execution time: 23.977190256118774 seconds
metaTables/vocal_music_demucs_16k/metaData_fma_large/row77830.csv
Execution time: 23.12604856491089 seconds
metaTables/vocal_music_demucs_16k/metaData_fma_large/row77831.csv
Execution time: 25.98645567893982 seconds
metaTables/vocal_music_demucs_16k/metaData_fma_large/row77832.csv
Execution time: 22.14468026161194 seconds
metaTables/vocal_music_demucs_16k/metaData_fma_large/row77833.csv
Execution time: 23.971599817276 seconds
metaTables/vocal_music_demucs_16k/metaData_fma_large/row77834.csv
Execution time: 22.562074184417725 seconds
metaTables/vocal_music_demucs_16k/metaData_fma_large/row77835.csv
Execution time: 23.746963024139404 seconds
metaTables/vocal_music_demucs_16k/metaData_fma_large/row77836.csv
Execution time: 23.46421790122986 seconds
metaTables/vocal_music_demucs_16k/metaData_fma_large/row77837.csv
Execution time: 23.141240119934082 seconds
metaTables/vocal_music_demucs_16k/metaData_fma_large/row77838.csv
Execution time: 24.08921194076538 seconds
metaTables/vocal_music_demucs_16k/metaData_fma_large/row77839.csv
Execution time: 24.311625003814697 seconds
metaTables/vocal_music_demucs_16k/metaData_fma_large/row77840.csv
Execution time: 22.48068642616272 seconds
metaTables/vocal_music_demucs_16k/metaData_fma_large/row77841.csv
Execution time: 23.776020526885986 seconds
metaTables/vocal_music_demucs_16k/metaData_fma_large/row77842.csv
Execution time: 23.503352165222168 seconds
metaTables/vocal_music_demucs_16k/metaData_fma_large/row77843.csv
Execution time: 24.098543643951416 seconds
metaTables/vocal_music_demucs_16k/metaData_fma_large/row77844.csv
Execution time: 24.36478614807129 seconds
metaTables/vocal_music_demucs_16k/metaData_fma_large/row77845.csv
Execution time: 22.778958559036255 seconds
metaTables/vocal_music_demucs_16k/metaData_fma_large/row77846.csv
Execution time: 23.504273891448975 seconds
metaTables/vocal_music_demucs_16k/metaData_fma_large/row77847.csv
Execution time: 24.424968481063843 seconds
metaTables/vocal_music_demucs_16k/metaData_fma_large/row77848.csv
Execution time: 23.95902705192566 seconds
metaTables/vocal_music_demucs_16k/metaData_fma_large/row77849.csv
Execution time: 25.19880962371826 seconds
metaTables/vocal_music_demucs_16k/metaData_fma_large/row77850.csv
Execution time: 22.915570735931396 seconds
metaTables/vocal_music_demucs_16k/metaData_fma_large/row77851.csv
Execution time: 25.103873014450073 seconds
metaTables/vocal_music_demucs_16k/metaData_fma_large/row77852.csv
Execution time: 26.797271490097046 seconds
metaTables/vocal_music_demucs_16k/metaData_fma_large/row77853.csv
Execution time: 24.783637285232544 seconds
metaTables/vocal_music_demucs_16k/metaData_fma_large/row77854.csv
Execution time: 9.626723051071167 seconds
metaTables/vocal_music_demucs_16k/metaData_fma_large/row77855.csv
Execution time: 25.409369707107544 seconds
metaTables/vocal_music_demucs_16k/metaData_fma_large/row77856.csv
Execution time: 24.096542596817017 seconds
metaTables/vocal_music_demucs_16k/metaData_fma_large/row77857.csv
Execution time: 24.675886154174805 seconds
metaTables/vocal_music_demucs_16k/metaData_fma_large/row77858.csv
Execution time: 23.482255697250366 seconds
metaTables/vocal_music_demucs_16k/metaData_fma_large/row77859.csv
Execution time: 22.78960084915161 seconds
metaTables/vocal_music_demucs_16k/metaData_fma_large/row77860.csv
Execution time: 23.461324214935303 seconds
metaTables/vocal_music_demucs_16k/metaData_fma_large/row77861.csv
Execution time: 25.234855890274048 seconds
metaTables/vocal_music_demucs_16k/metaData_fma_large/row77862.csv
Execution time: 22.84528660774231 seconds
metaTables/vocal_music_demucs_16k/metaData_fma_large/row77863.csv
Execution time: 23.11728525161743 seconds
metaTables/vocal_music_demucs_16k/metaData_fma_large/row77864.csv
Execution time: 23.62775492668152 seconds
metaTables/vocal_music_demucs_16k/metaData_fma_large/row77865.csv
Execution time: 22.717754125595093 seconds
metaTables/vocal_music_demucs_16k/metaData_fma_large/row77866.csv
Execution time: 23.617504358291626 seconds
metaTables/vocal_music_demucs_16k/metaData_fma_large/row77867.csv
Execution time: 23.561271905899048 seconds
metaTables/vocal_music_demucs_16k/metaData_fma_large/row77868.csv
Execution time: 22.016916513442993 seconds
metaTables/vocal_music_demucs_16k/metaData_fma_large/row77869.csv
Execution time: 22.156765937805176 seconds
metaTables/vocal_music_demucs_16k/metaData_fma_large/row77870.csv
Execution time: 23.47812271118164 seconds
metaTables/vocal_music_demucs_16k/metaData_fma_large/row77871.csv
Execution time: 23.120163679122925 seconds
metaTables/vocal_music_demucs_16k/metaData_fma_large/row77872.csv
Execution time: 22.534308671951294 seconds
metaTables/vocal_music_demucs_16k/metaData_fma_large/row77873.csv
Execution time: 22.78614640235901 seconds
metaTables/vocal_music_demucs_16k/metaData_fma_large/row77874.csv
Execution time: 23.46757698059082 seconds
metaTables/vocal_music_demucs_16k/metaData_fma_large/row77875.csv
Execution time: 24.187227487564087 seconds
metaTables/vocal_music_demucs_16k/metaData_fma_large/row77876.csv
Execution time: 22.898233652114868 seconds
metaTables/vocal_music_demucs_16k/metaData_fma_large/row77877.csv
Execution time: 23.228838682174683 seconds
metaTables/vocal_music_demucs_16k/metaData_fma_large/row77878.csv
Execution time: 23.736715078353882 seconds
metaTables/vocal_music_demucs_16k/metaData_fma_large/row77879.csv
Execution time: 22.755926370620728 seconds
metaTables/vocal_music_demucs_16k/metaData_fma_large/row77880.csv
Execution time: 21.95357346534729 seconds
metaTables/vocal_music_demucs_16k/metaData_fma_large/row77881.csv
Execution time: 24.19672966003418 seconds
metaTables/vocal_music_demucs_16k/metaData_fma_large/row77882.csv
Execution time: 23.66885542869568 seconds
metaTables/vocal_music_demucs_16k/metaData_fma_large/row77883.csv
Execution time: 23.997340202331543 seconds
metaTables/vocal_music_demucs_16k/metaData_fma_large/row77884.csv
Execution time: 23.671976804733276 seconds
metaTables/vocal_music_demucs_16k/metaData_fma_large/row77885.csv
Execution time: 24.231105089187622 seconds
metaTables/vocal_music_demucs_16k/metaData_fma_large/row77886.csv
Execution time: 23.34752631187439 seconds
metaTables/vocal_music_demucs_16k/metaData_fma_large/row77887.csv
Execution time: 23.912729263305664 seconds
metaTables/vocal_music_demucs_16k/metaData_fma_large/row77888.csv
Execution time: 23.641546487808228 seconds
metaTables/vocal_music_demucs_16k/metaData_fma_large/row77889.csv
Execution time: 23.122265577316284 seconds
metaTables/vocal_music_demucs_16k/metaData_fma_large/row77890.csv
Execution time: 23.514729499816895 seconds
metaTables/vocal_music_demucs_16k/metaData_fma_large/row77891.csv
Execution time: 22.31731605529785 seconds
metaTables/vocal_music_demucs_16k/metaData_fma_large/row77892.csv
Execution time: 22.937511444091797 seconds
metaTables/vocal_music_demucs_16k/metaData_fma_large/row77893.csv
Execution time: 23.313803672790527 seconds
metaTables/vocal_music_demucs_16k/metaData_fma_large/row77894.csv
Execution time: 23.635754108428955 seconds
metaTables/vocal_music_demucs_16k/metaData_fma_large/row77895.csv
Execution time: 23.545197248458862 seconds
metaTables/vocal_music_demucs_16k/metaData_fma_large/row77896.csv
Execution time: 24.226224660873413 seconds
metaTables/vocal_music_demucs_16k/metaData_fma_large/row77897.csv
Execution time: 22.76224136352539 seconds
metaTables/vocal_music_demucs_16k/metaData_fma_large/row77898.csv
Execution time: 22.167476892471313 seconds
metaTables/vocal_music_demucs_16k/metaData_fma_large/row77899.csv
Demucs voice recognition done!
