/ext3/demucs/lib/python3.9/site-packages/demucs/api.py:27: UserWarning: TorchAudio's global backend is now deprecated. Please enable distpatcher by setting `TORCHAUDIO_USE_BACKEND_DISPATCHER=1`, and specify backend when calling load/info/save function.
  import torchaudio as ta
2024-05-09 09:22:22.542641: I tensorflow/core/util/port.cc:113] oneDNN custom operations are on. You may see slightly different numerical results due to floating-point round-off errors from different computation orders. To turn them off, set the environment variable `TF_ENABLE_ONEDNN_OPTS=0`.
2024-05-09 09:22:23.585241: E external/local_xla/xla/stream_executor/cuda/cuda_dnn.cc:9261] Unable to register cuDNN factory: Attempting to register factory for plugin cuDNN when one has already been registered
2024-05-09 09:22:23.585287: E external/local_xla/xla/stream_executor/cuda/cuda_fft.cc:607] Unable to register cuFFT factory: Attempting to register factory for plugin cuFFT when one has already been registered
2024-05-09 09:22:23.614107: E external/local_xla/xla/stream_executor/cuda/cuda_blas.cc:1515] Unable to register cuBLAS factory: Attempting to register factory for plugin cuBLAS when one has already been registered
2024-05-09 09:22:23.694499: I tensorflow/core/platform/cpu_feature_guard.cc:182] This TensorFlow binary is optimized to use available CPU instructions in performance-critical operations.
To enable the following instructions: AVX2 AVX512F AVX512_VNNI FMA, in other operations, rebuild TensorFlow with the appropriate compiler flags.
2024-05-09 09:22:24.618748: W tensorflow/compiler/tf2tensorrt/utils/py_utils.cc:38] TF-TRT Warning: Could not find TensorRT
SKIPPING: metaTables/vocal_music_demucs_16k/metaData_fma_large/row87900.csv
SKIPPING: metaTables/vocal_music_demucs_16k/metaData_fma_large/row87901.csv
SKIPPING: metaTables/vocal_music_demucs_16k/metaData_fma_large/row87902.csv
SKIPPING: metaTables/vocal_music_demucs_16k/metaData_fma_large/row87903.csv
SKIPPING: metaTables/vocal_music_demucs_16k/metaData_fma_large/row87904.csv
SKIPPING: metaTables/vocal_music_demucs_16k/metaData_fma_large/row87905.csv
SKIPPING: metaTables/vocal_music_demucs_16k/metaData_fma_large/row87906.csv
SKIPPING: metaTables/vocal_music_demucs_16k/metaData_fma_large/row87907.csv
SKIPPING: metaTables/vocal_music_demucs_16k/metaData_fma_large/row87908.csv
SKIPPING: metaTables/vocal_music_demucs_16k/metaData_fma_large/row87909.csv
SKIPPING: metaTables/vocal_music_demucs_16k/metaData_fma_large/row87910.csv
SKIPPING: metaTables/vocal_music_demucs_16k/metaData_fma_large/row87911.csv
SKIPPING: metaTables/vocal_music_demucs_16k/metaData_fma_large/row87912.csv
SKIPPING: metaTables/vocal_music_demucs_16k/metaData_fma_large/row87913.csv
SKIPPING: metaTables/vocal_music_demucs_16k/metaData_fma_large/row87914.csv
SKIPPING: metaTables/vocal_music_demucs_16k/metaData_fma_large/row87915.csv
SKIPPING: metaTables/vocal_music_demucs_16k/metaData_fma_large/row87916.csv
SKIPPING: metaTables/vocal_music_demucs_16k/metaData_fma_large/row87917.csv
SKIPPING: metaTables/vocal_music_demucs_16k/metaData_fma_large/row87918.csv
SKIPPING: metaTables/vocal_music_demucs_16k/metaData_fma_large/row87919.csv
SKIPPING: metaTables/vocal_music_demucs_16k/metaData_fma_large/row87920.csv
SKIPPING: metaTables/vocal_music_demucs_16k/metaData_fma_large/row87921.csv
SKIPPING: metaTables/vocal_music_demucs_16k/metaData_fma_large/row87922.csv
SKIPPING: metaTables/vocal_music_demucs_16k/metaData_fma_large/row87923.csv
SKIPPING: metaTables/vocal_music_demucs_16k/metaData_fma_large/row87924.csv
SKIPPING: metaTables/vocal_music_demucs_16k/metaData_fma_large/row87925.csv
SKIPPING: metaTables/vocal_music_demucs_16k/metaData_fma_large/row87926.csv
SKIPPING: metaTables/vocal_music_demucs_16k/metaData_fma_large/row87927.csv
SKIPPING: metaTables/vocal_music_demucs_16k/metaData_fma_large/row87928.csv
SKIPPING: metaTables/vocal_music_demucs_16k/metaData_fma_large/row87929.csv
SKIPPING: metaTables/vocal_music_demucs_16k/metaData_fma_large/row87930.csv
SKIPPING: metaTables/vocal_music_demucs_16k/metaData_fma_large/row87931.csv
SKIPPING: metaTables/vocal_music_demucs_16k/metaData_fma_large/row87932.csv
SKIPPING: metaTables/vocal_music_demucs_16k/metaData_fma_large/row87933.csv
SKIPPING: metaTables/vocal_music_demucs_16k/metaData_fma_large/row87934.csv
SKIPPING: metaTables/vocal_music_demucs_16k/metaData_fma_large/row87935.csv
SKIPPING: metaTables/vocal_music_demucs_16k/metaData_fma_large/row87936.csv
SKIPPING: metaTables/vocal_music_demucs_16k/metaData_fma_large/row87937.csv
SKIPPING: metaTables/vocal_music_demucs_16k/metaData_fma_large/row87938.csv
SKIPPING: metaTables/vocal_music_demucs_16k/metaData_fma_large/row87939.csv
SKIPPING: metaTables/vocal_music_demucs_16k/metaData_fma_large/row87940.csv
SKIPPING: metaTables/vocal_music_demucs_16k/metaData_fma_large/row87941.csv
SKIPPING: metaTables/vocal_music_demucs_16k/metaData_fma_large/row87942.csv
SKIPPING: metaTables/vocal_music_demucs_16k/metaData_fma_large/row87943.csv
SKIPPING: metaTables/vocal_music_demucs_16k/metaData_fma_large/row87944.csv
SKIPPING: metaTables/vocal_music_demucs_16k/metaData_fma_large/row87945.csv
SKIPPING: metaTables/vocal_music_demucs_16k/metaData_fma_large/row87946.csv
SKIPPING: metaTables/vocal_music_demucs_16k/metaData_fma_large/row87947.csv
SKIPPING: metaTables/vocal_music_demucs_16k/metaData_fma_large/row87948.csv
SKIPPING: metaTables/vocal_music_demucs_16k/metaData_fma_large/row87949.csv
SKIPPING: metaTables/vocal_music_demucs_16k/metaData_fma_large/row87950.csv
SKIPPING: metaTables/vocal_music_demucs_16k/metaData_fma_large/row87951.csv
SKIPPING: metaTables/vocal_music_demucs_16k/metaData_fma_large/row87952.csv
SKIPPING: metaTables/vocal_music_demucs_16k/metaData_fma_large/row87953.csv
SKIPPING: metaTables/vocal_music_demucs_16k/metaData_fma_large/row87954.csv
SKIPPING: metaTables/vocal_music_demucs_16k/metaData_fma_large/row87955.csv
SKIPPING: metaTables/vocal_music_demucs_16k/metaData_fma_large/row87956.csv
SKIPPING: metaTables/vocal_music_demucs_16k/metaData_fma_large/row87957.csv
SKIPPING: metaTables/vocal_music_demucs_16k/metaData_fma_large/row87958.csv
SKIPPING: metaTables/vocal_music_demucs_16k/metaData_fma_large/row87959.csv
SKIPPING: metaTables/vocal_music_demucs_16k/metaData_fma_large/row87960.csv
SKIPPING: metaTables/vocal_music_demucs_16k/metaData_fma_large/row87961.csv
SKIPPING: metaTables/vocal_music_demucs_16k/metaData_fma_large/row87962.csv
SKIPPING: metaTables/vocal_music_demucs_16k/metaData_fma_large/row87963.csv
SKIPPING: metaTables/vocal_music_demucs_16k/metaData_fma_large/row87964.csv
SKIPPING: metaTables/vocal_music_demucs_16k/metaData_fma_large/row87965.csv
SKIPPING: metaTables/vocal_music_demucs_16k/metaData_fma_large/row87966.csv
SKIPPING: metaTables/vocal_music_demucs_16k/metaData_fma_large/row87967.csv
SKIPPING: metaTables/vocal_music_demucs_16k/metaData_fma_large/row87968.csv
SKIPPING: metaTables/vocal_music_demucs_16k/metaData_fma_large/row87969.csv
SKIPPING: metaTables/vocal_music_demucs_16k/metaData_fma_large/row87970.csv
SKIPPING: metaTables/vocal_music_demucs_16k/metaData_fma_large/row87971.csv
SKIPPING: metaTables/vocal_music_demucs_16k/metaData_fma_large/row87972.csv
SKIPPING: metaTables/vocal_music_demucs_16k/metaData_fma_large/row87973.csv
SKIPPING: metaTables/vocal_music_demucs_16k/metaData_fma_large/row87974.csv
SKIPPING: metaTables/vocal_music_demucs_16k/metaData_fma_large/row87975.csv
SKIPPING: metaTables/vocal_music_demucs_16k/metaData_fma_large/row87976.csv
SKIPPING: metaTables/vocal_music_demucs_16k/metaData_fma_large/row87977.csv
SKIPPING: metaTables/vocal_music_demucs_16k/metaData_fma_large/row87978.csv
SKIPPING: metaTables/vocal_music_demucs_16k/metaData_fma_large/row87979.csv
SKIPPING: metaTables/vocal_music_demucs_16k/metaData_fma_large/row87980.csv
SKIPPING: metaTables/vocal_music_demucs_16k/metaData_fma_large/row87981.csv
SKIPPING: metaTables/vocal_music_demucs_16k/metaData_fma_large/row87982.csv
SKIPPING: metaTables/vocal_music_demucs_16k/metaData_fma_large/row87983.csv
SKIPPING: metaTables/vocal_music_demucs_16k/metaData_fma_large/row87984.csv
SKIPPING: metaTables/vocal_music_demucs_16k/metaData_fma_large/row87985.csv
SKIPPING: metaTables/vocal_music_demucs_16k/metaData_fma_large/row87986.csv
SKIPPING: metaTables/vocal_music_demucs_16k/metaData_fma_large/row87987.csv
SKIPPING: metaTables/vocal_music_demucs_16k/metaData_fma_large/row87988.csv
SKIPPING: metaTables/vocal_music_demucs_16k/metaData_fma_large/row87989.csv
SKIPPING: metaTables/vocal_music_demucs_16k/metaData_fma_large/row87990.csv
SKIPPING: metaTables/vocal_music_demucs_16k/metaData_fma_large/row87991.csv
SKIPPING: metaTables/vocal_music_demucs_16k/metaData_fma_large/row87992.csv
SKIPPING: metaTables/vocal_music_demucs_16k/metaData_fma_large/row87993.csv
SKIPPING: metaTables/vocal_music_demucs_16k/metaData_fma_large/row87994.csv
SKIPPING: metaTables/vocal_music_demucs_16k/metaData_fma_large/row87995.csv
SKIPPING: metaTables/vocal_music_demucs_16k/metaData_fma_large/row87996.csv
SKIPPING: metaTables/vocal_music_demucs_16k/metaData_fma_large/row87997.csv
SKIPPING: metaTables/vocal_music_demucs_16k/metaData_fma_large/row87998.csv
SKIPPING: metaTables/vocal_music_demucs_16k/metaData_fma_large/row87999.csv
Demucs voice recognition done!
