/ext3/demucs/lib/python3.9/site-packages/demucs/api.py:27: UserWarning: TorchAudio's global backend is now deprecated. Please enable distpatcher by setting `TORCHAUDIO_USE_BACKEND_DISPATCHER=1`, and specify backend when calling load/info/save function.
  import torchaudio as ta
2024-05-10 01:28:23.391030: I tensorflow/core/util/port.cc:113] oneDNN custom operations are on. You may see slightly different numerical results due to floating-point round-off errors from different computation orders. To turn them off, set the environment variable `TF_ENABLE_ONEDNN_OPTS=0`.
2024-05-10 01:28:23.737012: E external/local_xla/xla/stream_executor/cuda/cuda_dnn.cc:9261] Unable to register cuDNN factory: Attempting to register factory for plugin cuDNN when one has already been registered
2024-05-10 01:28:23.737055: E external/local_xla/xla/stream_executor/cuda/cuda_fft.cc:607] Unable to register cuFFT factory: Attempting to register factory for plugin cuFFT when one has already been registered
2024-05-10 01:28:23.811848: E external/local_xla/xla/stream_executor/cuda/cuda_blas.cc:1515] Unable to register cuBLAS factory: Attempting to register factory for plugin cuBLAS when one has already been registered
2024-05-10 01:28:23.889575: I tensorflow/core/platform/cpu_feature_guard.cc:182] This TensorFlow binary is optimized to use available CPU instructions in performance-critical operations.
To enable the following instructions: AVX2 AVX512F AVX512_VNNI FMA, in other operations, rebuild TensorFlow with the appropriate compiler flags.
2024-05-10 01:28:24.783036: W tensorflow/compiler/tf2tensorrt/utils/py_utils.cc:38] TF-TRT Warning: Could not find TensorRT
SKIPPING: metaTables/vocal_music_demucs_16k/metaData_fma_large/row51600.csv
SKIPPING: metaTables/vocal_music_demucs_16k/metaData_fma_large/row51601.csv
SKIPPING: metaTables/vocal_music_demucs_16k/metaData_fma_large/row51602.csv
SKIPPING: metaTables/vocal_music_demucs_16k/metaData_fma_large/row51603.csv
SKIPPING: metaTables/vocal_music_demucs_16k/metaData_fma_large/row51604.csv
SKIPPING: metaTables/vocal_music_demucs_16k/metaData_fma_large/row51605.csv
SKIPPING: metaTables/vocal_music_demucs_16k/metaData_fma_large/row51606.csv
SKIPPING: metaTables/vocal_music_demucs_16k/metaData_fma_large/row51607.csv
SKIPPING: metaTables/vocal_music_demucs_16k/metaData_fma_large/row51608.csv
SKIPPING: metaTables/vocal_music_demucs_16k/metaData_fma_large/row51609.csv
SKIPPING: metaTables/vocal_music_demucs_16k/metaData_fma_large/row51610.csv
SKIPPING: metaTables/vocal_music_demucs_16k/metaData_fma_large/row51611.csv
SKIPPING: metaTables/vocal_music_demucs_16k/metaData_fma_large/row51612.csv
SKIPPING: metaTables/vocal_music_demucs_16k/metaData_fma_large/row51613.csv
Execution time: 26.897947311401367 seconds
metaTables/vocal_music_demucs_16k/metaData_fma_large/row51614.csv
Execution time: 25.257068157196045 seconds
metaTables/vocal_music_demucs_16k/metaData_fma_large/row51615.csv
Execution time: 25.329508066177368 seconds
metaTables/vocal_music_demucs_16k/metaData_fma_large/row51616.csv
Execution time: 25.80902338027954 seconds
metaTables/vocal_music_demucs_16k/metaData_fma_large/row51617.csv
Execution time: 26.014885425567627 seconds
metaTables/vocal_music_demucs_16k/metaData_fma_large/row51618.csv
Execution time: 26.393723011016846 seconds
metaTables/vocal_music_demucs_16k/metaData_fma_large/row51619.csv
Execution time: 25.797746181488037 seconds
metaTables/vocal_music_demucs_16k/metaData_fma_large/row51620.csv
Execution time: 25.638646602630615 seconds
metaTables/vocal_music_demucs_16k/metaData_fma_large/row51621.csv
Execution time: 25.885396718978882 seconds
metaTables/vocal_music_demucs_16k/metaData_fma_large/row51622.csv
Execution time: 25.631659984588623 seconds
metaTables/vocal_music_demucs_16k/metaData_fma_large/row51623.csv
Execution time: 25.44642400741577 seconds
metaTables/vocal_music_demucs_16k/metaData_fma_large/row51624.csv
Execution time: 25.893250226974487 seconds
metaTables/vocal_music_demucs_16k/metaData_fma_large/row51625.csv
Execution time: 26.29935359954834 seconds
metaTables/vocal_music_demucs_16k/metaData_fma_large/row51626.csv
Execution time: 25.833099603652954 seconds
metaTables/vocal_music_demucs_16k/metaData_fma_large/row51627.csv
Execution time: 25.528839349746704 seconds
metaTables/vocal_music_demucs_16k/metaData_fma_large/row51628.csv
Execution time: 25.568181037902832 seconds
metaTables/vocal_music_demucs_16k/metaData_fma_large/row51629.csv
Execution time: 26.066521406173706 seconds
metaTables/vocal_music_demucs_16k/metaData_fma_large/row51630.csv
Execution time: 25.053178310394287 seconds
metaTables/vocal_music_demucs_16k/metaData_fma_large/row51631.csv
Execution time: 26.298669576644897 seconds
metaTables/vocal_music_demucs_16k/metaData_fma_large/row51632.csv
Execution time: 26.920499563217163 seconds
metaTables/vocal_music_demucs_16k/metaData_fma_large/row51633.csv
Execution time: 25.615886926651 seconds
metaTables/vocal_music_demucs_16k/metaData_fma_large/row51634.csv
Execution time: 25.688209056854248 seconds
metaTables/vocal_music_demucs_16k/metaData_fma_large/row51635.csv
Execution time: 25.231730937957764 seconds
metaTables/vocal_music_demucs_16k/metaData_fma_large/row51636.csv
Execution time: 25.23839783668518 seconds
metaTables/vocal_music_demucs_16k/metaData_fma_large/row51637.csv
Execution time: 25.54633617401123 seconds
metaTables/vocal_music_demucs_16k/metaData_fma_large/row51638.csv
Execution time: 26.839835166931152 seconds
metaTables/vocal_music_demucs_16k/metaData_fma_large/row51639.csv
Execution time: 25.31470537185669 seconds
metaTables/vocal_music_demucs_16k/metaData_fma_large/row51640.csv
Execution time: 25.929382801055908 seconds
metaTables/vocal_music_demucs_16k/metaData_fma_large/row51641.csv
Execution time: 26.17944097518921 seconds
metaTables/vocal_music_demucs_16k/metaData_fma_large/row51642.csv
Execution time: 26.318480730056763 seconds
metaTables/vocal_music_demucs_16k/metaData_fma_large/row51643.csv
Execution time: 26.36042046546936 seconds
metaTables/vocal_music_demucs_16k/metaData_fma_large/row51644.csv
Execution time: 26.245295524597168 seconds
metaTables/vocal_music_demucs_16k/metaData_fma_large/row51645.csv
Execution time: 28.08961009979248 seconds
metaTables/vocal_music_demucs_16k/metaData_fma_large/row51646.csv
Execution time: 25.727640867233276 seconds
metaTables/vocal_music_demucs_16k/metaData_fma_large/row51647.csv
Execution time: 26.200588941574097 seconds
metaTables/vocal_music_demucs_16k/metaData_fma_large/row51648.csv
Execution time: 24.333346605300903 seconds
metaTables/vocal_music_demucs_16k/metaData_fma_large/row51649.csv
Execution time: 27.892367362976074 seconds
metaTables/vocal_music_demucs_16k/metaData_fma_large/row51650.csv
Execution time: 25.42690682411194 seconds
metaTables/vocal_music_demucs_16k/metaData_fma_large/row51651.csv
Execution time: 26.181782960891724 seconds
metaTables/vocal_music_demucs_16k/metaData_fma_large/row51652.csv
Execution time: 25.34951615333557 seconds
metaTables/vocal_music_demucs_16k/metaData_fma_large/row51653.csv
Execution time: 26.297390460968018 seconds
metaTables/vocal_music_demucs_16k/metaData_fma_large/row51654.csv
Execution time: 25.585492372512817 seconds
metaTables/vocal_music_demucs_16k/metaData_fma_large/row51655.csv
Execution time: 25.670068502426147 seconds
metaTables/vocal_music_demucs_16k/metaData_fma_large/row51656.csv
Execution time: 26.42642068862915 seconds
metaTables/vocal_music_demucs_16k/metaData_fma_large/row51657.csv
Execution time: 25.67324686050415 seconds
metaTables/vocal_music_demucs_16k/metaData_fma_large/row51658.csv
Execution time: 25.819165229797363 seconds
metaTables/vocal_music_demucs_16k/metaData_fma_large/row51659.csv
Execution time: 25.857262134552002 seconds
metaTables/vocal_music_demucs_16k/metaData_fma_large/row51660.csv
Execution time: 24.933419466018677 seconds
metaTables/vocal_music_demucs_16k/metaData_fma_large/row51661.csv
Execution time: 26.40480875968933 seconds
metaTables/vocal_music_demucs_16k/metaData_fma_large/row51662.csv
Execution time: 26.09742522239685 seconds
metaTables/vocal_music_demucs_16k/metaData_fma_large/row51663.csv
Execution time: 26.16086435317993 seconds
metaTables/vocal_music_demucs_16k/metaData_fma_large/row51664.csv
Execution time: 25.428386449813843 seconds
metaTables/vocal_music_demucs_16k/metaData_fma_large/row51665.csv
Execution time: 25.499954223632812 seconds
metaTables/vocal_music_demucs_16k/metaData_fma_large/row51666.csv
Execution time: 25.429845571517944 seconds
metaTables/vocal_music_demucs_16k/metaData_fma_large/row51667.csv
Execution time: 26.2405686378479 seconds
metaTables/vocal_music_demucs_16k/metaData_fma_large/row51668.csv
Execution time: 25.710321187973022 seconds
metaTables/vocal_music_demucs_16k/metaData_fma_large/row51669.csv
Execution time: 25.472034454345703 seconds
metaTables/vocal_music_demucs_16k/metaData_fma_large/row51670.csv
Execution time: 26.03331971168518 seconds
metaTables/vocal_music_demucs_16k/metaData_fma_large/row51671.csv
Execution time: 28.06812357902527 seconds
metaTables/vocal_music_demucs_16k/metaData_fma_large/row51672.csv
Execution time: 25.647658109664917 seconds
metaTables/vocal_music_demucs_16k/metaData_fma_large/row51673.csv
Execution time: 25.152238368988037 seconds
metaTables/vocal_music_demucs_16k/metaData_fma_large/row51674.csv
Execution time: 25.941098928451538 seconds
metaTables/vocal_music_demucs_16k/metaData_fma_large/row51675.csv
Execution time: 26.164130926132202 seconds
metaTables/vocal_music_demucs_16k/metaData_fma_large/row51676.csv
Execution time: 26.272003412246704 seconds
metaTables/vocal_music_demucs_16k/metaData_fma_large/row51677.csv
Execution time: 25.97907781600952 seconds
metaTables/vocal_music_demucs_16k/metaData_fma_large/row51678.csv
Execution time: 25.96744418144226 seconds
metaTables/vocal_music_demucs_16k/metaData_fma_large/row51679.csv
Execution time: 25.54517364501953 seconds
metaTables/vocal_music_demucs_16k/metaData_fma_large/row51680.csv
Execution time: 26.92112135887146 seconds
metaTables/vocal_music_demucs_16k/metaData_fma_large/row51681.csv
Execution time: 27.967477560043335 seconds
metaTables/vocal_music_demucs_16k/metaData_fma_large/row51682.csv
Execution time: 25.144416332244873 seconds
metaTables/vocal_music_demucs_16k/metaData_fma_large/row51683.csv
Execution time: 26.165432453155518 seconds
metaTables/vocal_music_demucs_16k/metaData_fma_large/row51684.csv
Execution time: 25.751952409744263 seconds
metaTables/vocal_music_demucs_16k/metaData_fma_large/row51685.csv
Execution time: 25.946738243103027 seconds
metaTables/vocal_music_demucs_16k/metaData_fma_large/row51686.csv
Execution time: 25.138441562652588 seconds
metaTables/vocal_music_demucs_16k/metaData_fma_large/row51687.csv
Execution time: 25.27088236808777 seconds
metaTables/vocal_music_demucs_16k/metaData_fma_large/row51688.csv
Execution time: 26.810561656951904 seconds
metaTables/vocal_music_demucs_16k/metaData_fma_large/row51689.csv
Execution time: 26.896682024002075 seconds
metaTables/vocal_music_demucs_16k/metaData_fma_large/row51690.csv
Execution time: 27.327770709991455 seconds
metaTables/vocal_music_demucs_16k/metaData_fma_large/row51691.csv
Execution time: 25.625021934509277 seconds
metaTables/vocal_music_demucs_16k/metaData_fma_large/row51692.csv
Execution time: 25.172582626342773 seconds
metaTables/vocal_music_demucs_16k/metaData_fma_large/row51693.csv
Execution time: 25.150965213775635 seconds
metaTables/vocal_music_demucs_16k/metaData_fma_large/row51694.csv
Execution time: 26.24252939224243 seconds
metaTables/vocal_music_demucs_16k/metaData_fma_large/row51695.csv
Execution time: 24.96534824371338 seconds
metaTables/vocal_music_demucs_16k/metaData_fma_large/row51696.csv
Execution time: 26.0264413356781 seconds
metaTables/vocal_music_demucs_16k/metaData_fma_large/row51697.csv
Execution time: 25.307084560394287 seconds
metaTables/vocal_music_demucs_16k/metaData_fma_large/row51698.csv
Execution time: 24.851528882980347 seconds
metaTables/vocal_music_demucs_16k/metaData_fma_large/row51699.csv
Demucs voice recognition done!
