/ext3/demucs/lib/python3.9/site-packages/demucs/api.py:27: UserWarning: TorchAudio's global backend is now deprecated. Please enable distpatcher by setting `TORCHAUDIO_USE_BACKEND_DISPATCHER=1`, and specify backend when calling load/info/save function.
  import torchaudio as ta
2024-05-10 01:29:41.110363: I tensorflow/core/util/port.cc:113] oneDNN custom operations are on. You may see slightly different numerical results due to floating-point round-off errors from different computation orders. To turn them off, set the environment variable `TF_ENABLE_ONEDNN_OPTS=0`.
2024-05-10 01:29:43.162671: E external/local_xla/xla/stream_executor/cuda/cuda_dnn.cc:9261] Unable to register cuDNN factory: Attempting to register factory for plugin cuDNN when one has already been registered
2024-05-10 01:29:43.162714: E external/local_xla/xla/stream_executor/cuda/cuda_fft.cc:607] Unable to register cuFFT factory: Attempting to register factory for plugin cuFFT when one has already been registered
2024-05-10 01:29:43.427512: E external/local_xla/xla/stream_executor/cuda/cuda_blas.cc:1515] Unable to register cuBLAS factory: Attempting to register factory for plugin cuBLAS when one has already been registered
2024-05-10 01:29:44.002730: I tensorflow/core/platform/cpu_feature_guard.cc:182] This TensorFlow binary is optimized to use available CPU instructions in performance-critical operations.
To enable the following instructions: AVX2 AVX512F AVX512_VNNI FMA, in other operations, rebuild TensorFlow with the appropriate compiler flags.
2024-05-10 01:29:47.072271: W tensorflow/compiler/tf2tensorrt/utils/py_utils.cc:38] TF-TRT Warning: Could not find TensorRT
SKIPPING: metaTables/vocal_music_demucs_16k/metaData_fma_large/row63400.csv
SKIPPING: metaTables/vocal_music_demucs_16k/metaData_fma_large/row63401.csv
SKIPPING: metaTables/vocal_music_demucs_16k/metaData_fma_large/row63402.csv
SKIPPING: metaTables/vocal_music_demucs_16k/metaData_fma_large/row63403.csv
SKIPPING: metaTables/vocal_music_demucs_16k/metaData_fma_large/row63404.csv
SKIPPING: metaTables/vocal_music_demucs_16k/metaData_fma_large/row63405.csv
SKIPPING: metaTables/vocal_music_demucs_16k/metaData_fma_large/row63406.csv
SKIPPING: metaTables/vocal_music_demucs_16k/metaData_fma_large/row63407.csv
SKIPPING: metaTables/vocal_music_demucs_16k/metaData_fma_large/row63408.csv
SKIPPING: metaTables/vocal_music_demucs_16k/metaData_fma_large/row63409.csv
SKIPPING: metaTables/vocal_music_demucs_16k/metaData_fma_large/row63410.csv
SKIPPING: metaTables/vocal_music_demucs_16k/metaData_fma_large/row63411.csv
SKIPPING: metaTables/vocal_music_demucs_16k/metaData_fma_large/row63412.csv
Execution time: 32.69142246246338 seconds
metaTables/vocal_music_demucs_16k/metaData_fma_large/row63413.csv
Execution time: 29.62735629081726 seconds
metaTables/vocal_music_demucs_16k/metaData_fma_large/row63414.csv
Execution time: 30.788576364517212 seconds
metaTables/vocal_music_demucs_16k/metaData_fma_large/row63415.csv
Execution time: 29.428098440170288 seconds
metaTables/vocal_music_demucs_16k/metaData_fma_large/row63416.csv
Execution time: 29.94763994216919 seconds
metaTables/vocal_music_demucs_16k/metaData_fma_large/row63417.csv
Execution time: 31.76881432533264 seconds
metaTables/vocal_music_demucs_16k/metaData_fma_large/row63418.csv
Execution time: 31.475319385528564 seconds
metaTables/vocal_music_demucs_16k/metaData_fma_large/row63419.csv
Execution time: 30.16785168647766 seconds
metaTables/vocal_music_demucs_16k/metaData_fma_large/row63420.csv
Execution time: 29.927604913711548 seconds
metaTables/vocal_music_demucs_16k/metaData_fma_large/row63421.csv
Execution time: 29.420873403549194 seconds
metaTables/vocal_music_demucs_16k/metaData_fma_large/row63422.csv
Execution time: 29.85501718521118 seconds
metaTables/vocal_music_demucs_16k/metaData_fma_large/row63423.csv
Execution time: 30.024011850357056 seconds
metaTables/vocal_music_demucs_16k/metaData_fma_large/row63424.csv
Execution time: 29.935290098190308 seconds
metaTables/vocal_music_demucs_16k/metaData_fma_large/row63425.csv
Execution time: 29.88687562942505 seconds
metaTables/vocal_music_demucs_16k/metaData_fma_large/row63426.csv
Execution time: 30.31501269340515 seconds
metaTables/vocal_music_demucs_16k/metaData_fma_large/row63427.csv
Execution time: 29.701709985733032 seconds
metaTables/vocal_music_demucs_16k/metaData_fma_large/row63428.csv
Execution time: 30.195982217788696 seconds
metaTables/vocal_music_demucs_16k/metaData_fma_large/row63429.csv
Execution time: 29.58065366744995 seconds
metaTables/vocal_music_demucs_16k/metaData_fma_large/row63430.csv
Execution time: 30.106329202651978 seconds
metaTables/vocal_music_demucs_16k/metaData_fma_large/row63431.csv
Execution time: 30.067568063735962 seconds
metaTables/vocal_music_demucs_16k/metaData_fma_large/row63432.csv
Execution time: 30.333330154418945 seconds
metaTables/vocal_music_demucs_16k/metaData_fma_large/row63433.csv
Execution time: 30.28524684906006 seconds
metaTables/vocal_music_demucs_16k/metaData_fma_large/row63434.csv
Execution time: 30.85281229019165 seconds
metaTables/vocal_music_demucs_16k/metaData_fma_large/row63435.csv
Execution time: 30.02206325531006 seconds
metaTables/vocal_music_demucs_16k/metaData_fma_large/row63436.csv
Execution time: 30.55442190170288 seconds
metaTables/vocal_music_demucs_16k/metaData_fma_large/row63437.csv
Execution time: 29.866674184799194 seconds
metaTables/vocal_music_demucs_16k/metaData_fma_large/row63438.csv
Execution time: 30.650810480117798 seconds
metaTables/vocal_music_demucs_16k/metaData_fma_large/row63439.csv
Execution time: 29.56306791305542 seconds
metaTables/vocal_music_demucs_16k/metaData_fma_large/row63440.csv
Execution time: 29.592325448989868 seconds
metaTables/vocal_music_demucs_16k/metaData_fma_large/row63441.csv
Execution time: 30.48245620727539 seconds
metaTables/vocal_music_demucs_16k/metaData_fma_large/row63442.csv
Execution time: 29.94303584098816 seconds
metaTables/vocal_music_demucs_16k/metaData_fma_large/row63443.csv
Execution time: 29.629997491836548 seconds
metaTables/vocal_music_demucs_16k/metaData_fma_large/row63444.csv
Execution time: 29.213613748550415 seconds
metaTables/vocal_music_demucs_16k/metaData_fma_large/row63445.csv
Execution time: 29.5129177570343 seconds
metaTables/vocal_music_demucs_16k/metaData_fma_large/row63446.csv
Execution time: 31.13111901283264 seconds
metaTables/vocal_music_demucs_16k/metaData_fma_large/row63447.csv
Execution time: 28.657890796661377 seconds
metaTables/vocal_music_demucs_16k/metaData_fma_large/row63448.csv
Execution time: 30.08963108062744 seconds
metaTables/vocal_music_demucs_16k/metaData_fma_large/row63449.csv
Execution time: 29.351675271987915 seconds
metaTables/vocal_music_demucs_16k/metaData_fma_large/row63450.csv
Execution time: 29.901700019836426 seconds
metaTables/vocal_music_demucs_16k/metaData_fma_large/row63451.csv
Execution time: 29.88955545425415 seconds
metaTables/vocal_music_demucs_16k/metaData_fma_large/row63452.csv
Execution time: 29.57103657722473 seconds
metaTables/vocal_music_demucs_16k/metaData_fma_large/row63453.csv
Execution time: 29.90140962600708 seconds
metaTables/vocal_music_demucs_16k/metaData_fma_large/row63454.csv
Execution time: 30.126578330993652 seconds
metaTables/vocal_music_demucs_16k/metaData_fma_large/row63455.csv
Execution time: 29.68974733352661 seconds
metaTables/vocal_music_demucs_16k/metaData_fma_large/row63456.csv
Execution time: 29.179675340652466 seconds
metaTables/vocal_music_demucs_16k/metaData_fma_large/row63457.csv
Execution time: 29.246640920639038 seconds
metaTables/vocal_music_demucs_16k/metaData_fma_large/row63458.csv
Execution time: 29.410678148269653 seconds
metaTables/vocal_music_demucs_16k/metaData_fma_large/row63459.csv
Execution time: 29.25100588798523 seconds
metaTables/vocal_music_demucs_16k/metaData_fma_large/row63460.csv
Execution time: 30.804734230041504 seconds
metaTables/vocal_music_demucs_16k/metaData_fma_large/row63461.csv
Execution time: 30.278695821762085 seconds
metaTables/vocal_music_demucs_16k/metaData_fma_large/row63462.csv
Execution time: 30.5326189994812 seconds
metaTables/vocal_music_demucs_16k/metaData_fma_large/row63463.csv
Execution time: 29.554970741271973 seconds
metaTables/vocal_music_demucs_16k/metaData_fma_large/row63464.csv
Execution time: 30.676436185836792 seconds
metaTables/vocal_music_demucs_16k/metaData_fma_large/row63465.csv
Execution time: 30.649499654769897 seconds
metaTables/vocal_music_demucs_16k/metaData_fma_large/row63466.csv
Execution time: 30.592397212982178 seconds
metaTables/vocal_music_demucs_16k/metaData_fma_large/row63467.csv
Execution time: 30.72216010093689 seconds
metaTables/vocal_music_demucs_16k/metaData_fma_large/row63468.csv
Execution time: 30.782533407211304 seconds
metaTables/vocal_music_demucs_16k/metaData_fma_large/row63469.csv
Execution time: 29.94062352180481 seconds
metaTables/vocal_music_demucs_16k/metaData_fma_large/row63470.csv
Execution time: 30.326098918914795 seconds
metaTables/vocal_music_demucs_16k/metaData_fma_large/row63471.csv
Execution time: 30.077438354492188 seconds
metaTables/vocal_music_demucs_16k/metaData_fma_large/row63472.csv
Execution time: 28.581862926483154 seconds
metaTables/vocal_music_demucs_16k/metaData_fma_large/row63473.csv
Execution time: 30.642022132873535 seconds
metaTables/vocal_music_demucs_16k/metaData_fma_large/row63474.csv
Execution time: 29.980263471603394 seconds
metaTables/vocal_music_demucs_16k/metaData_fma_large/row63475.csv
Execution time: 29.352288722991943 seconds
metaTables/vocal_music_demucs_16k/metaData_fma_large/row63476.csv
Execution time: 31.04944634437561 seconds
metaTables/vocal_music_demucs_16k/metaData_fma_large/row63477.csv
Execution time: 29.616702795028687 seconds
metaTables/vocal_music_demucs_16k/metaData_fma_large/row63478.csv
Execution time: 29.601696491241455 seconds
metaTables/vocal_music_demucs_16k/metaData_fma_large/row63479.csv
Execution time: 30.036010265350342 seconds
metaTables/vocal_music_demucs_16k/metaData_fma_large/row63480.csv
Execution time: 30.458012342453003 seconds
metaTables/vocal_music_demucs_16k/metaData_fma_large/row63481.csv
Execution time: 30.771363735198975 seconds
metaTables/vocal_music_demucs_16k/metaData_fma_large/row63482.csv
Execution time: 29.990352869033813 seconds
metaTables/vocal_music_demucs_16k/metaData_fma_large/row63483.csv
Execution time: 28.94847011566162 seconds
metaTables/vocal_music_demucs_16k/metaData_fma_large/row63484.csv
Execution time: 29.33717441558838 seconds
metaTables/vocal_music_demucs_16k/metaData_fma_large/row63485.csv
Execution time: 29.566258907318115 seconds
metaTables/vocal_music_demucs_16k/metaData_fma_large/row63486.csv
Execution time: 29.822086095809937 seconds
metaTables/vocal_music_demucs_16k/metaData_fma_large/row63487.csv
Execution time: 29.675015687942505 seconds
metaTables/vocal_music_demucs_16k/metaData_fma_large/row63488.csv
Execution time: 30.361488819122314 seconds
metaTables/vocal_music_demucs_16k/metaData_fma_large/row63489.csv
Execution time: 29.114460706710815 seconds
metaTables/vocal_music_demucs_16k/metaData_fma_large/row63490.csv
Execution time: 29.992587089538574 seconds
metaTables/vocal_music_demucs_16k/metaData_fma_large/row63491.csv
Execution time: 29.756182193756104 seconds
metaTables/vocal_music_demucs_16k/metaData_fma_large/row63492.csv
Execution time: 28.993632555007935 seconds
metaTables/vocal_music_demucs_16k/metaData_fma_large/row63493.csv
Execution time: 29.486032962799072 seconds
metaTables/vocal_music_demucs_16k/metaData_fma_large/row63494.csv
Execution time: 29.329365491867065 seconds
metaTables/vocal_music_demucs_16k/metaData_fma_large/row63495.csv
Execution time: 29.934075832366943 seconds
metaTables/vocal_music_demucs_16k/metaData_fma_large/row63496.csv
Execution time: 29.955902576446533 seconds
metaTables/vocal_music_demucs_16k/metaData_fma_large/row63497.csv
Execution time: 30.04236936569214 seconds
metaTables/vocal_music_demucs_16k/metaData_fma_large/row63498.csv
Execution time: 30.44066548347473 seconds
metaTables/vocal_music_demucs_16k/metaData_fma_large/row63499.csv
Demucs voice recognition done!
