/ext3/demucs/lib/python3.9/site-packages/demucs/api.py:27: UserWarning: TorchAudio's global backend is now deprecated. Please enable distpatcher by setting `TORCHAUDIO_USE_BACKEND_DISPATCHER=1`, and specify backend when calling load/info/save function.
  import torchaudio as ta
2024-05-09 09:20:47.826542: I tensorflow/core/util/port.cc:113] oneDNN custom operations are on. You may see slightly different numerical results due to floating-point round-off errors from different computation orders. To turn them off, set the environment variable `TF_ENABLE_ONEDNN_OPTS=0`.
2024-05-09 09:20:51.165844: E external/local_xla/xla/stream_executor/cuda/cuda_dnn.cc:9261] Unable to register cuDNN factory: Attempting to register factory for plugin cuDNN when one has already been registered
2024-05-09 09:20:51.165881: E external/local_xla/xla/stream_executor/cuda/cuda_fft.cc:607] Unable to register cuFFT factory: Attempting to register factory for plugin cuFFT when one has already been registered
2024-05-09 09:20:51.361121: E external/local_xla/xla/stream_executor/cuda/cuda_blas.cc:1515] Unable to register cuBLAS factory: Attempting to register factory for plugin cuBLAS when one has already been registered
2024-05-09 09:20:51.684802: I tensorflow/core/platform/cpu_feature_guard.cc:182] This TensorFlow binary is optimized to use available CPU instructions in performance-critical operations.
To enable the following instructions: AVX2 AVX512F AVX512_VNNI FMA, in other operations, rebuild TensorFlow with the appropriate compiler flags.
2024-05-09 09:20:54.515861: W tensorflow/compiler/tf2tensorrt/utils/py_utils.cc:38] TF-TRT Warning: Could not find TensorRT
Execution time: 33.27918601036072 seconds
metaTables/vocal_music_demucs_16k/metaData_fma_large/row13900.csv
Execution time: 27.290158987045288 seconds
metaTables/vocal_music_demucs_16k/metaData_fma_large/row13901.csv
Execution time: 24.291743755340576 seconds
metaTables/vocal_music_demucs_16k/metaData_fma_large/row13902.csv
Execution time: 23.70696210861206 seconds
metaTables/vocal_music_demucs_16k/metaData_fma_large/row13903.csv
Execution time: 24.197814464569092 seconds
metaTables/vocal_music_demucs_16k/metaData_fma_large/row13904.csv
Execution time: 23.52848982810974 seconds
metaTables/vocal_music_demucs_16k/metaData_fma_large/row13905.csv
Execution time: 23.62856912612915 seconds
metaTables/vocal_music_demucs_16k/metaData_fma_large/row13906.csv
Execution time: 24.71742820739746 seconds
metaTables/vocal_music_demucs_16k/metaData_fma_large/row13907.csv
Execution time: 23.0862934589386 seconds
metaTables/vocal_music_demucs_16k/metaData_fma_large/row13908.csv
Execution time: 23.849414587020874 seconds
metaTables/vocal_music_demucs_16k/metaData_fma_large/row13909.csv
Execution time: 24.642887830734253 seconds
metaTables/vocal_music_demucs_16k/metaData_fma_large/row13910.csv
Execution time: 24.3215172290802 seconds
metaTables/vocal_music_demucs_16k/metaData_fma_large/row13911.csv
Execution time: 25.23043966293335 seconds
metaTables/vocal_music_demucs_16k/metaData_fma_large/row13912.csv
Execution time: 24.086472272872925 seconds
metaTables/vocal_music_demucs_16k/metaData_fma_large/row13913.csv
Execution time: 23.66951823234558 seconds
metaTables/vocal_music_demucs_16k/metaData_fma_large/row13914.csv
Execution time: 25.016398906707764 seconds
metaTables/vocal_music_demucs_16k/metaData_fma_large/row13915.csv
Execution time: 24.690234899520874 seconds
metaTables/vocal_music_demucs_16k/metaData_fma_large/row13916.csv
Execution time: 25.914170503616333 seconds
metaTables/vocal_music_demucs_16k/metaData_fma_large/row13917.csv
Execution time: 22.972081422805786 seconds
metaTables/vocal_music_demucs_16k/metaData_fma_large/row13918.csv
Execution time: 22.99250841140747 seconds
metaTables/vocal_music_demucs_16k/metaData_fma_large/row13919.csv
Execution time: 24.270164489746094 seconds
metaTables/vocal_music_demucs_16k/metaData_fma_large/row13920.csv
Execution time: 23.89689326286316 seconds
metaTables/vocal_music_demucs_16k/metaData_fma_large/row13921.csv
Execution time: 23.736916303634644 seconds
metaTables/vocal_music_demucs_16k/metaData_fma_large/row13922.csv
Execution time: 23.671297550201416 seconds
metaTables/vocal_music_demucs_16k/metaData_fma_large/row13923.csv
Execution time: 24.729910135269165 seconds
metaTables/vocal_music_demucs_16k/metaData_fma_large/row13924.csv
Execution time: 24.58631944656372 seconds
metaTables/vocal_music_demucs_16k/metaData_fma_large/row13925.csv
Execution time: 24.777355194091797 seconds
metaTables/vocal_music_demucs_16k/metaData_fma_large/row13926.csv
Execution time: 23.90711498260498 seconds
metaTables/vocal_music_demucs_16k/metaData_fma_large/row13927.csv
Execution time: 23.86309790611267 seconds
metaTables/vocal_music_demucs_16k/metaData_fma_large/row13928.csv
Execution time: 24.973982572555542 seconds
metaTables/vocal_music_demucs_16k/metaData_fma_large/row13929.csv
Execution time: 24.534241199493408 seconds
metaTables/vocal_music_demucs_16k/metaData_fma_large/row13930.csv
Execution time: 24.163654088974 seconds
metaTables/vocal_music_demucs_16k/metaData_fma_large/row13931.csv
Execution time: 24.409508228302002 seconds
metaTables/vocal_music_demucs_16k/metaData_fma_large/row13932.csv
Execution time: 24.614506483078003 seconds
metaTables/vocal_music_demucs_16k/metaData_fma_large/row13933.csv
Execution time: 24.93578863143921 seconds
metaTables/vocal_music_demucs_16k/metaData_fma_large/row13934.csv
Execution time: 24.48788285255432 seconds
metaTables/vocal_music_demucs_16k/metaData_fma_large/row13935.csv
Execution time: 24.748385429382324 seconds
metaTables/vocal_music_demucs_16k/metaData_fma_large/row13936.csv
Execution time: 23.719348669052124 seconds
metaTables/vocal_music_demucs_16k/metaData_fma_large/row13937.csv
Execution time: 24.73706078529358 seconds
metaTables/vocal_music_demucs_16k/metaData_fma_large/row13938.csv
Execution time: 24.264472246170044 seconds
metaTables/vocal_music_demucs_16k/metaData_fma_large/row13939.csv
Execution time: 25.0442795753479 seconds
metaTables/vocal_music_demucs_16k/metaData_fma_large/row13940.csv
Execution time: 24.264107704162598 seconds
metaTables/vocal_music_demucs_16k/metaData_fma_large/row13941.csv
Execution time: 23.63085675239563 seconds
metaTables/vocal_music_demucs_16k/metaData_fma_large/row13942.csv
Execution time: 23.784268140792847 seconds
metaTables/vocal_music_demucs_16k/metaData_fma_large/row13943.csv
Execution time: 24.11048197746277 seconds
metaTables/vocal_music_demucs_16k/metaData_fma_large/row13944.csv
Execution time: 24.024601459503174 seconds
metaTables/vocal_music_demucs_16k/metaData_fma_large/row13945.csv
Execution time: 25.21348547935486 seconds
metaTables/vocal_music_demucs_16k/metaData_fma_large/row13946.csv
Execution time: 25.37347912788391 seconds
metaTables/vocal_music_demucs_16k/metaData_fma_large/row13947.csv
Execution time: 23.351881504058838 seconds
metaTables/vocal_music_demucs_16k/metaData_fma_large/row13948.csv
Execution time: 23.646535396575928 seconds
metaTables/vocal_music_demucs_16k/metaData_fma_large/row13949.csv
Execution time: 23.480273723602295 seconds
metaTables/vocal_music_demucs_16k/metaData_fma_large/row13950.csv
Execution time: 15.6980881690979 seconds
metaTables/vocal_music_demucs_16k/metaData_fma_large/row13951.csv
Execution time: 24.309107303619385 seconds
metaTables/vocal_music_demucs_16k/metaData_fma_large/row13952.csv
Execution time: 24.517261028289795 seconds
metaTables/vocal_music_demucs_16k/metaData_fma_large/row13953.csv
Execution time: 23.684725999832153 seconds
metaTables/vocal_music_demucs_16k/metaData_fma_large/row13954.csv
Execution time: 23.743602991104126 seconds
metaTables/vocal_music_demucs_16k/metaData_fma_large/row13955.csv
Execution time: 25.39703106880188 seconds
metaTables/vocal_music_demucs_16k/metaData_fma_large/row13956.csv
Execution time: 25.519253969192505 seconds
metaTables/vocal_music_demucs_16k/metaData_fma_large/row13957.csv
Execution time: 24.371339082717896 seconds
metaTables/vocal_music_demucs_16k/metaData_fma_large/row13958.csv
Execution time: 24.23180365562439 seconds
metaTables/vocal_music_demucs_16k/metaData_fma_large/row13959.csv
Execution time: 24.138431072235107 seconds
metaTables/vocal_music_demucs_16k/metaData_fma_large/row13960.csv
Execution time: 24.248628854751587 seconds
metaTables/vocal_music_demucs_16k/metaData_fma_large/row13961.csv
Execution time: 24.265076875686646 seconds
metaTables/vocal_music_demucs_16k/metaData_fma_large/row13962.csv
Execution time: 23.456679821014404 seconds
metaTables/vocal_music_demucs_16k/metaData_fma_large/row13963.csv
Execution time: 24.71133542060852 seconds
metaTables/vocal_music_demucs_16k/metaData_fma_large/row13964.csv
Execution time: 23.410913944244385 seconds
metaTables/vocal_music_demucs_16k/metaData_fma_large/row13965.csv
Execution time: 24.095438480377197 seconds
metaTables/vocal_music_demucs_16k/metaData_fma_large/row13966.csv
Execution time: 24.233871698379517 seconds
metaTables/vocal_music_demucs_16k/metaData_fma_large/row13967.csv
Execution time: 24.21350884437561 seconds
metaTables/vocal_music_demucs_16k/metaData_fma_large/row13968.csv
Execution time: 24.153107166290283 seconds
metaTables/vocal_music_demucs_16k/metaData_fma_large/row13969.csv
Execution time: 23.45247507095337 seconds
metaTables/vocal_music_demucs_16k/metaData_fma_large/row13970.csv
Execution time: 23.129335403442383 seconds
metaTables/vocal_music_demucs_16k/metaData_fma_large/row13971.csv
Execution time: 23.904701471328735 seconds
metaTables/vocal_music_demucs_16k/metaData_fma_large/row13972.csv
Execution time: 23.94168210029602 seconds
metaTables/vocal_music_demucs_16k/metaData_fma_large/row13973.csv
Execution time: 24.279959440231323 seconds
metaTables/vocal_music_demucs_16k/metaData_fma_large/row13974.csv
Execution time: 24.39916443824768 seconds
metaTables/vocal_music_demucs_16k/metaData_fma_large/row13975.csv
Execution time: 24.30184769630432 seconds
metaTables/vocal_music_demucs_16k/metaData_fma_large/row13976.csv
Execution time: 24.469385147094727 seconds
metaTables/vocal_music_demucs_16k/metaData_fma_large/row13977.csv
Execution time: 24.253314971923828 seconds
metaTables/vocal_music_demucs_16k/metaData_fma_large/row13978.csv
Execution time: 24.56532883644104 seconds
metaTables/vocal_music_demucs_16k/metaData_fma_large/row13979.csv
Execution time: 23.804157733917236 seconds
metaTables/vocal_music_demucs_16k/metaData_fma_large/row13980.csv
Execution time: 24.269006967544556 seconds
metaTables/vocal_music_demucs_16k/metaData_fma_large/row13981.csv
Execution time: 23.143950939178467 seconds
metaTables/vocal_music_demucs_16k/metaData_fma_large/row13982.csv
Execution time: 24.33370852470398 seconds
metaTables/vocal_music_demucs_16k/metaData_fma_large/row13983.csv
Execution time: 22.931785106658936 seconds
metaTables/vocal_music_demucs_16k/metaData_fma_large/row13984.csv
Execution time: 23.289074420928955 seconds
metaTables/vocal_music_demucs_16k/metaData_fma_large/row13985.csv
Execution time: 23.560750484466553 seconds
metaTables/vocal_music_demucs_16k/metaData_fma_large/row13986.csv
Execution time: 24.090401887893677 seconds
metaTables/vocal_music_demucs_16k/metaData_fma_large/row13987.csv
Execution time: 23.42699670791626 seconds
metaTables/vocal_music_demucs_16k/metaData_fma_large/row13988.csv
Execution time: 24.073607683181763 seconds
metaTables/vocal_music_demucs_16k/metaData_fma_large/row13989.csv
Execution time: 24.35265851020813 seconds
metaTables/vocal_music_demucs_16k/metaData_fma_large/row13990.csv
Execution time: 23.297903299331665 seconds
metaTables/vocal_music_demucs_16k/metaData_fma_large/row13991.csv
Execution time: 24.175644874572754 seconds
metaTables/vocal_music_demucs_16k/metaData_fma_large/row13992.csv
Execution time: 23.82987380027771 seconds
metaTables/vocal_music_demucs_16k/metaData_fma_large/row13993.csv
Execution time: 24.39564085006714 seconds
metaTables/vocal_music_demucs_16k/metaData_fma_large/row13994.csv
Execution time: 23.38986897468567 seconds
metaTables/vocal_music_demucs_16k/metaData_fma_large/row13995.csv
Execution time: 24.531819343566895 seconds
metaTables/vocal_music_demucs_16k/metaData_fma_large/row13996.csv
Execution time: 24.445954084396362 seconds
metaTables/vocal_music_demucs_16k/metaData_fma_large/row13997.csv
Execution time: 23.561188220977783 seconds
metaTables/vocal_music_demucs_16k/metaData_fma_large/row13998.csv
Execution time: 24.285516500473022 seconds
metaTables/vocal_music_demucs_16k/metaData_fma_large/row13999.csv
Demucs voice recognition done!
