/ext3/demucs/lib/python3.9/site-packages/demucs/api.py:27: UserWarning: TorchAudio's global backend is now deprecated. Please enable distpatcher by setting `TORCHAUDIO_USE_BACKEND_DISPATCHER=1`, and specify backend when calling load/info/save function.
  import torchaudio as ta
2024-05-09 00:16:13.878336: I tensorflow/core/util/port.cc:113] oneDNN custom operations are on. You may see slightly different numerical results due to floating-point round-off errors from different computation orders. To turn them off, set the environment variable `TF_ENABLE_ONEDNN_OPTS=0`.
2024-05-09 00:16:14.895391: E external/local_xla/xla/stream_executor/cuda/cuda_dnn.cc:9261] Unable to register cuDNN factory: Attempting to register factory for plugin cuDNN when one has already been registered
2024-05-09 00:16:14.895432: E external/local_xla/xla/stream_executor/cuda/cuda_fft.cc:607] Unable to register cuFFT factory: Attempting to register factory for plugin cuFFT when one has already been registered
2024-05-09 00:16:15.000474: E external/local_xla/xla/stream_executor/cuda/cuda_blas.cc:1515] Unable to register cuBLAS factory: Attempting to register factory for plugin cuBLAS when one has already been registered
2024-05-09 00:16:15.203938: I tensorflow/core/platform/cpu_feature_guard.cc:182] This TensorFlow binary is optimized to use available CPU instructions in performance-critical operations.
To enable the following instructions: AVX2 AVX512F AVX512_VNNI FMA, in other operations, rebuild TensorFlow with the appropriate compiler flags.
2024-05-09 00:16:16.121356: W tensorflow/compiler/tf2tensorrt/utils/py_utils.cc:38] TF-TRT Warning: Could not find TensorRT
[src/libmpg123/layer3.c:INT123_do_layer3():1801] error: dequantization failed!
Execution time: 31.044601917266846 seconds
metaTables/vocal_music_demucs_16k/metaData_fma_large/row75500.csv
Execution time: 29.415642023086548 seconds
metaTables/vocal_music_demucs_16k/metaData_fma_large/row75501.csv
Execution time: 29.878525257110596 seconds
metaTables/vocal_music_demucs_16k/metaData_fma_large/row75502.csv
Execution time: 29.63844609260559 seconds
metaTables/vocal_music_demucs_16k/metaData_fma_large/row75503.csv
Execution time: 28.733620405197144 seconds
metaTables/vocal_music_demucs_16k/metaData_fma_large/row75504.csv
Execution time: 28.913198709487915 seconds
metaTables/vocal_music_demucs_16k/metaData_fma_large/row75505.csv
Execution time: 28.502925634384155 seconds
metaTables/vocal_music_demucs_16k/metaData_fma_large/row75506.csv
Execution time: 29.389947414398193 seconds
metaTables/vocal_music_demucs_16k/metaData_fma_large/row75507.csv
Execution time: 28.519248247146606 seconds
metaTables/vocal_music_demucs_16k/metaData_fma_large/row75508.csv
Execution time: 28.022201538085938 seconds
metaTables/vocal_music_demucs_16k/metaData_fma_large/row75509.csv
Execution time: 29.139155864715576 seconds
metaTables/vocal_music_demucs_16k/metaData_fma_large/row75510.csv
Execution time: 29.29460382461548 seconds
metaTables/vocal_music_demucs_16k/metaData_fma_large/row75511.csv
Execution time: 29.160114765167236 seconds
metaTables/vocal_music_demucs_16k/metaData_fma_large/row75512.csv
Execution time: 28.47649884223938 seconds
metaTables/vocal_music_demucs_16k/metaData_fma_large/row75513.csv
Execution time: 28.322962045669556 seconds
metaTables/vocal_music_demucs_16k/metaData_fma_large/row75514.csv
Execution time: 28.485317707061768 seconds
metaTables/vocal_music_demucs_16k/metaData_fma_large/row75515.csv
Execution time: 28.783165454864502 seconds
metaTables/vocal_music_demucs_16k/metaData_fma_large/row75516.csv
Execution time: 28.515028476715088 seconds
metaTables/vocal_music_demucs_16k/metaData_fma_large/row75517.csv
Execution time: 29.982160329818726 seconds
metaTables/vocal_music_demucs_16k/metaData_fma_large/row75518.csv
Execution time: 28.715753078460693 seconds
metaTables/vocal_music_demucs_16k/metaData_fma_large/row75519.csv
Execution time: 29.105417490005493 seconds
metaTables/vocal_music_demucs_16k/metaData_fma_large/row75520.csv
Execution time: 28.56993556022644 seconds
metaTables/vocal_music_demucs_16k/metaData_fma_large/row75521.csv
Execution time: 29.469583749771118 seconds
metaTables/vocal_music_demucs_16k/metaData_fma_large/row75522.csv
Execution time: 28.64734125137329 seconds
metaTables/vocal_music_demucs_16k/metaData_fma_large/row75523.csv
Execution time: 28.319000005722046 seconds
metaTables/vocal_music_demucs_16k/metaData_fma_large/row75524.csv
Execution time: 28.562034368515015 seconds
metaTables/vocal_music_demucs_16k/metaData_fma_large/row75525.csv
Execution time: 29.211509466171265 seconds
metaTables/vocal_music_demucs_16k/metaData_fma_large/row75526.csv
Execution time: 28.384427785873413 seconds
metaTables/vocal_music_demucs_16k/metaData_fma_large/row75527.csv
Execution time: 28.832279205322266 seconds
metaTables/vocal_music_demucs_16k/metaData_fma_large/row75528.csv
Execution time: 28.942901134490967 seconds
metaTables/vocal_music_demucs_16k/metaData_fma_large/row75529.csv
Execution time: 28.444536924362183 seconds
metaTables/vocal_music_demucs_16k/metaData_fma_large/row75530.csv
Execution time: 28.981186151504517 seconds
metaTables/vocal_music_demucs_16k/metaData_fma_large/row75531.csv
Execution time: 28.593300104141235 seconds
metaTables/vocal_music_demucs_16k/metaData_fma_large/row75532.csv
Execution time: 29.086146593093872 seconds
metaTables/vocal_music_demucs_16k/metaData_fma_large/row75533.csv
Execution time: 29.314830541610718 seconds
metaTables/vocal_music_demucs_16k/metaData_fma_large/row75534.csv
Execution time: 29.084574937820435 seconds
metaTables/vocal_music_demucs_16k/metaData_fma_large/row75535.csv
Execution time: 28.89930486679077 seconds
metaTables/vocal_music_demucs_16k/metaData_fma_large/row75536.csv
Execution time: 29.43620467185974 seconds
metaTables/vocal_music_demucs_16k/metaData_fma_large/row75537.csv
Execution time: 28.75927186012268 seconds
metaTables/vocal_music_demucs_16k/metaData_fma_large/row75538.csv
Execution time: 32.19715762138367 seconds
metaTables/vocal_music_demucs_16k/metaData_fma_large/row75539.csv
Execution time: 30.483506679534912 seconds
metaTables/vocal_music_demucs_16k/metaData_fma_large/row75540.csv
Execution time: 29.319766998291016 seconds
metaTables/vocal_music_demucs_16k/metaData_fma_large/row75541.csv
Execution time: 28.037001371383667 seconds
metaTables/vocal_music_demucs_16k/metaData_fma_large/row75542.csv
Execution time: 29.87622356414795 seconds
metaTables/vocal_music_demucs_16k/metaData_fma_large/row75543.csv
Execution time: 27.767796516418457 seconds
metaTables/vocal_music_demucs_16k/metaData_fma_large/row75544.csv
Execution time: 28.877020835876465 seconds
metaTables/vocal_music_demucs_16k/metaData_fma_large/row75545.csv
Execution time: 28.550992012023926 seconds
metaTables/vocal_music_demucs_16k/metaData_fma_large/row75546.csv
Execution time: 28.16744065284729 seconds
metaTables/vocal_music_demucs_16k/metaData_fma_large/row75547.csv
Execution time: 27.871392488479614 seconds
metaTables/vocal_music_demucs_16k/metaData_fma_large/row75548.csv
Execution time: 28.501456022262573 seconds
metaTables/vocal_music_demucs_16k/metaData_fma_large/row75549.csv
Execution time: 29.015846967697144 seconds
metaTables/vocal_music_demucs_16k/metaData_fma_large/row75550.csv
Execution time: 29.03832769393921 seconds
metaTables/vocal_music_demucs_16k/metaData_fma_large/row75551.csv
Execution time: 28.3738374710083 seconds
metaTables/vocal_music_demucs_16k/metaData_fma_large/row75552.csv
Execution time: 28.120571851730347 seconds
metaTables/vocal_music_demucs_16k/metaData_fma_large/row75553.csv
Execution time: 28.699474334716797 seconds
metaTables/vocal_music_demucs_16k/metaData_fma_large/row75554.csv
Execution time: 28.621503353118896 seconds
metaTables/vocal_music_demucs_16k/metaData_fma_large/row75555.csv
Execution time: 28.847938537597656 seconds
metaTables/vocal_music_demucs_16k/metaData_fma_large/row75556.csv
Execution time: 28.861449480056763 seconds
metaTables/vocal_music_demucs_16k/metaData_fma_large/row75557.csv
Execution time: 28.996063947677612 seconds
metaTables/vocal_music_demucs_16k/metaData_fma_large/row75558.csv
Execution time: 28.37981104850769 seconds
metaTables/vocal_music_demucs_16k/metaData_fma_large/row75559.csv
Execution time: 28.38058567047119 seconds
metaTables/vocal_music_demucs_16k/metaData_fma_large/row75560.csv
Execution time: 31.277344226837158 seconds
metaTables/vocal_music_demucs_16k/metaData_fma_large/row75561.csv
Execution time: 28.658276081085205 seconds
metaTables/vocal_music_demucs_16k/metaData_fma_large/row75562.csv
Execution time: 29.137580394744873 seconds
metaTables/vocal_music_demucs_16k/metaData_fma_large/row75563.csv
Execution time: 29.043506383895874 seconds
metaTables/vocal_music_demucs_16k/metaData_fma_large/row75564.csv
Execution time: 28.668883323669434 seconds
metaTables/vocal_music_demucs_16k/metaData_fma_large/row75565.csv
Execution time: 29.514785289764404 seconds
metaTables/vocal_music_demucs_16k/metaData_fma_large/row75566.csv
Execution time: 29.349336862564087 seconds
metaTables/vocal_music_demucs_16k/metaData_fma_large/row75567.csv
Execution time: 29.10025191307068 seconds
metaTables/vocal_music_demucs_16k/metaData_fma_large/row75568.csv
Execution time: 28.30089831352234 seconds
metaTables/vocal_music_demucs_16k/metaData_fma_large/row75569.csv
Execution time: 28.550337076187134 seconds
metaTables/vocal_music_demucs_16k/metaData_fma_large/row75570.csv
Execution time: 28.028679132461548 seconds
metaTables/vocal_music_demucs_16k/metaData_fma_large/row75571.csv
Execution time: 28.64488458633423 seconds
metaTables/vocal_music_demucs_16k/metaData_fma_large/row75572.csv
Execution time: 28.945494413375854 seconds
metaTables/vocal_music_demucs_16k/metaData_fma_large/row75573.csv
Execution time: 30.3364896774292 seconds
metaTables/vocal_music_demucs_16k/metaData_fma_large/row75574.csv
Execution time: 29.401814460754395 seconds
metaTables/vocal_music_demucs_16k/metaData_fma_large/row75575.csv
Execution time: 29.169222593307495 seconds
metaTables/vocal_music_demucs_16k/metaData_fma_large/row75576.csv
Execution time: 28.562997102737427 seconds
metaTables/vocal_music_demucs_16k/metaData_fma_large/row75577.csv
Execution time: 31.002872943878174 seconds
metaTables/vocal_music_demucs_16k/metaData_fma_large/row75578.csv
Execution time: 28.712219953536987 seconds
metaTables/vocal_music_demucs_16k/metaData_fma_large/row75579.csv
Execution time: 29.96745538711548 seconds
metaTables/vocal_music_demucs_16k/metaData_fma_large/row75580.csv
Execution time: 29.27355194091797 seconds
metaTables/vocal_music_demucs_16k/metaData_fma_large/row75581.csv
Execution time: 14.148817300796509 seconds
metaTables/vocal_music_demucs_16k/metaData_fma_large/row75582.csv
Execution time: 29.086233377456665 seconds
metaTables/vocal_music_demucs_16k/metaData_fma_large/row75583.csv
Execution time: 28.989818572998047 seconds
metaTables/vocal_music_demucs_16k/metaData_fma_large/row75584.csv
Execution time: 30.435930252075195 seconds
metaTables/vocal_music_demucs_16k/metaData_fma_large/row75585.csv
Execution time: 30.059221744537354 seconds
metaTables/vocal_music_demucs_16k/metaData_fma_large/row75586.csv
Execution time: 28.373279809951782 seconds
metaTables/vocal_music_demucs_16k/metaData_fma_large/row75587.csv
Execution time: 30.032010793685913 seconds
metaTables/vocal_music_demucs_16k/metaData_fma_large/row75588.csv
Execution time: 29.44113564491272 seconds
metaTables/vocal_music_demucs_16k/metaData_fma_large/row75589.csv
Execution time: 29.631585121154785 seconds
metaTables/vocal_music_demucs_16k/metaData_fma_large/row75590.csv
Execution time: 28.762828588485718 seconds
metaTables/vocal_music_demucs_16k/metaData_fma_large/row75591.csv
Execution time: 29.083693742752075 seconds
metaTables/vocal_music_demucs_16k/metaData_fma_large/row75592.csv
Execution time: 28.8769850730896 seconds
metaTables/vocal_music_demucs_16k/metaData_fma_large/row75593.csv
Execution time: 28.784574270248413 seconds
metaTables/vocal_music_demucs_16k/metaData_fma_large/row75594.csv
Execution time: 27.89511752128601 seconds
metaTables/vocal_music_demucs_16k/metaData_fma_large/row75595.csv
Execution time: 29.212676286697388 seconds
metaTables/vocal_music_demucs_16k/metaData_fma_large/row75596.csv
Execution time: 27.788892030715942 seconds
metaTables/vocal_music_demucs_16k/metaData_fma_large/row75597.csv
Execution time: 27.594860553741455 seconds
metaTables/vocal_music_demucs_16k/metaData_fma_large/row75598.csv
Execution time: 25.201229333877563 seconds
metaTables/vocal_music_demucs_16k/metaData_fma_large/row75599.csv
Demucs voice recognition done!
