/ext3/demucs/lib/python3.9/site-packages/demucs/api.py:27: UserWarning: TorchAudio's global backend is now deprecated. Please enable distpatcher by setting `TORCHAUDIO_USE_BACKEND_DISPATCHER=1`, and specify backend when calling load/info/save function.
  import torchaudio as ta
2024-05-08 23:36:03.887186: I tensorflow/core/util/port.cc:113] oneDNN custom operations are on. You may see slightly different numerical results due to floating-point round-off errors from different computation orders. To turn them off, set the environment variable `TF_ENABLE_ONEDNN_OPTS=0`.
2024-05-08 23:36:08.299083: E external/local_xla/xla/stream_executor/cuda/cuda_dnn.cc:9261] Unable to register cuDNN factory: Attempting to register factory for plugin cuDNN when one has already been registered
2024-05-08 23:36:08.299122: E external/local_xla/xla/stream_executor/cuda/cuda_fft.cc:607] Unable to register cuFFT factory: Attempting to register factory for plugin cuFFT when one has already been registered
2024-05-08 23:36:08.599122: E external/local_xla/xla/stream_executor/cuda/cuda_blas.cc:1515] Unable to register cuBLAS factory: Attempting to register factory for plugin cuBLAS when one has already been registered
2024-05-08 23:36:09.094088: I tensorflow/core/platform/cpu_feature_guard.cc:182] This TensorFlow binary is optimized to use available CPU instructions in performance-critical operations.
To enable the following instructions: AVX2 AVX512F AVX512_VNNI FMA, in other operations, rebuild TensorFlow with the appropriate compiler flags.
2024-05-08 23:36:12.500419: W tensorflow/compiler/tf2tensorrt/utils/py_utils.cc:38] TF-TRT Warning: Could not find TensorRT
Execution time: 35.21771430969238 seconds
metaTables/vocal_music_demucs_16k/metaData_fma_large/row4500.csv
Execution time: 29.75666570663452 seconds
metaTables/vocal_music_demucs_16k/metaData_fma_large/row4501.csv
Execution time: 28.621736764907837 seconds
metaTables/vocal_music_demucs_16k/metaData_fma_large/row4502.csv
Execution time: 27.082013368606567 seconds
metaTables/vocal_music_demucs_16k/metaData_fma_large/row4503.csv
Execution time: 27.14120364189148 seconds
metaTables/vocal_music_demucs_16k/metaData_fma_large/row4504.csv
Execution time: 26.200936555862427 seconds
metaTables/vocal_music_demucs_16k/metaData_fma_large/row4505.csv
Execution time: 28.10064387321472 seconds
metaTables/vocal_music_demucs_16k/metaData_fma_large/row4506.csv
Execution time: 25.970288515090942 seconds
metaTables/vocal_music_demucs_16k/metaData_fma_large/row4507.csv
Execution time: 25.679793119430542 seconds
metaTables/vocal_music_demucs_16k/metaData_fma_large/row4508.csv
Execution time: 25.093682527542114 seconds
metaTables/vocal_music_demucs_16k/metaData_fma_large/row4509.csv
Execution time: 26.971837282180786 seconds
metaTables/vocal_music_demucs_16k/metaData_fma_large/row4510.csv
Execution time: 26.35253119468689 seconds
metaTables/vocal_music_demucs_16k/metaData_fma_large/row4511.csv
Execution time: 26.11026358604431 seconds
metaTables/vocal_music_demucs_16k/metaData_fma_large/row4512.csv
Execution time: 26.41983914375305 seconds
metaTables/vocal_music_demucs_16k/metaData_fma_large/row4513.csv
Execution time: 26.917290687561035 seconds
metaTables/vocal_music_demucs_16k/metaData_fma_large/row4514.csv
Execution time: 24.57953381538391 seconds
metaTables/vocal_music_demucs_16k/metaData_fma_large/row4515.csv
Execution time: 26.494452476501465 seconds
metaTables/vocal_music_demucs_16k/metaData_fma_large/row4516.csv
Execution time: 24.99561595916748 seconds
metaTables/vocal_music_demucs_16k/metaData_fma_large/row4517.csv
Execution time: 27.1873197555542 seconds
metaTables/vocal_music_demucs_16k/metaData_fma_large/row4518.csv
Execution time: 24.829098224639893 seconds
metaTables/vocal_music_demucs_16k/metaData_fma_large/row4519.csv
Execution time: 26.064342737197876 seconds
metaTables/vocal_music_demucs_16k/metaData_fma_large/row4520.csv
Execution time: 26.035701274871826 seconds
metaTables/vocal_music_demucs_16k/metaData_fma_large/row4521.csv
Execution time: 26.445247411727905 seconds
metaTables/vocal_music_demucs_16k/metaData_fma_large/row4522.csv
Execution time: 25.95588707923889 seconds
metaTables/vocal_music_demucs_16k/metaData_fma_large/row4523.csv
Execution time: 26.41912031173706 seconds
metaTables/vocal_music_demucs_16k/metaData_fma_large/row4524.csv
Execution time: 26.371496200561523 seconds
metaTables/vocal_music_demucs_16k/metaData_fma_large/row4525.csv
Execution time: 25.056713581085205 seconds
metaTables/vocal_music_demucs_16k/metaData_fma_large/row4526.csv
Execution time: 26.1780047416687 seconds
metaTables/vocal_music_demucs_16k/metaData_fma_large/row4527.csv
Execution time: 25.839741230010986 seconds
metaTables/vocal_music_demucs_16k/metaData_fma_large/row4528.csv
Execution time: 25.898979663848877 seconds
metaTables/vocal_music_demucs_16k/metaData_fma_large/row4529.csv
Execution time: 26.16913890838623 seconds
metaTables/vocal_music_demucs_16k/metaData_fma_large/row4530.csv
Execution time: 26.867826223373413 seconds
metaTables/vocal_music_demucs_16k/metaData_fma_large/row4531.csv
Execution time: 25.538652181625366 seconds
metaTables/vocal_music_demucs_16k/metaData_fma_large/row4532.csv
Execution time: 25.49753189086914 seconds
metaTables/vocal_music_demucs_16k/metaData_fma_large/row4533.csv
Execution time: 25.497009754180908 seconds
metaTables/vocal_music_demucs_16k/metaData_fma_large/row4534.csv
Execution time: 25.54051113128662 seconds
metaTables/vocal_music_demucs_16k/metaData_fma_large/row4535.csv
Execution time: 26.572914838790894 seconds
metaTables/vocal_music_demucs_16k/metaData_fma_large/row4536.csv
Execution time: 26.907429695129395 seconds
metaTables/vocal_music_demucs_16k/metaData_fma_large/row4537.csv
Execution time: 25.624192237854004 seconds
metaTables/vocal_music_demucs_16k/metaData_fma_large/row4538.csv
Execution time: 27.505664587020874 seconds
metaTables/vocal_music_demucs_16k/metaData_fma_large/row4539.csv
Execution time: 25.789588928222656 seconds
metaTables/vocal_music_demucs_16k/metaData_fma_large/row4540.csv
Execution time: 26.484257459640503 seconds
metaTables/vocal_music_demucs_16k/metaData_fma_large/row4541.csv
Execution time: 26.030457496643066 seconds
metaTables/vocal_music_demucs_16k/metaData_fma_large/row4542.csv
Execution time: 26.34675884246826 seconds
metaTables/vocal_music_demucs_16k/metaData_fma_large/row4543.csv
Execution time: 26.959723949432373 seconds
metaTables/vocal_music_demucs_16k/metaData_fma_large/row4544.csv
Execution time: 25.122546672821045 seconds
metaTables/vocal_music_demucs_16k/metaData_fma_large/row4545.csv
Execution time: 26.271337270736694 seconds
metaTables/vocal_music_demucs_16k/metaData_fma_large/row4546.csv
Execution time: 26.490375518798828 seconds
metaTables/vocal_music_demucs_16k/metaData_fma_large/row4547.csv
Execution time: 26.36349654197693 seconds
metaTables/vocal_music_demucs_16k/metaData_fma_large/row4548.csv
Execution time: 26.168149709701538 seconds
metaTables/vocal_music_demucs_16k/metaData_fma_large/row4549.csv
Execution time: 26.411142826080322 seconds
metaTables/vocal_music_demucs_16k/metaData_fma_large/row4550.csv
Execution time: 26.463759899139404 seconds
metaTables/vocal_music_demucs_16k/metaData_fma_large/row4551.csv
Execution time: 26.19354271888733 seconds
metaTables/vocal_music_demucs_16k/metaData_fma_large/row4552.csv
Execution time: 25.468017578125 seconds
metaTables/vocal_music_demucs_16k/metaData_fma_large/row4553.csv
Execution time: 25.649299144744873 seconds
metaTables/vocal_music_demucs_16k/metaData_fma_large/row4554.csv
Execution time: 26.46130084991455 seconds
metaTables/vocal_music_demucs_16k/metaData_fma_large/row4555.csv
Execution time: 25.724905252456665 seconds
metaTables/vocal_music_demucs_16k/metaData_fma_large/row4556.csv
Execution time: 26.675761222839355 seconds
metaTables/vocal_music_demucs_16k/metaData_fma_large/row4557.csv
Execution time: 26.188456535339355 seconds
metaTables/vocal_music_demucs_16k/metaData_fma_large/row4558.csv
Execution time: 25.77705955505371 seconds
metaTables/vocal_music_demucs_16k/metaData_fma_large/row4559.csv
Execution time: 26.412007331848145 seconds
metaTables/vocal_music_demucs_16k/metaData_fma_large/row4560.csv
Execution time: 25.693928241729736 seconds
metaTables/vocal_music_demucs_16k/metaData_fma_large/row4561.csv
Execution time: 25.800955772399902 seconds
metaTables/vocal_music_demucs_16k/metaData_fma_large/row4562.csv
Execution time: 25.370357751846313 seconds
metaTables/vocal_music_demucs_16k/metaData_fma_large/row4563.csv
Execution time: 26.948047876358032 seconds
metaTables/vocal_music_demucs_16k/metaData_fma_large/row4564.csv
Execution time: 25.481351852416992 seconds
metaTables/vocal_music_demucs_16k/metaData_fma_large/row4565.csv
Execution time: 25.86819839477539 seconds
metaTables/vocal_music_demucs_16k/metaData_fma_large/row4566.csv
Execution time: 26.522422313690186 seconds
metaTables/vocal_music_demucs_16k/metaData_fma_large/row4567.csv
Execution time: 25.69071340560913 seconds
metaTables/vocal_music_demucs_16k/metaData_fma_large/row4568.csv
Execution time: 27.04401183128357 seconds
metaTables/vocal_music_demucs_16k/metaData_fma_large/row4569.csv
Execution time: 26.258443593978882 seconds
metaTables/vocal_music_demucs_16k/metaData_fma_large/row4570.csv
Execution time: 26.680396795272827 seconds
metaTables/vocal_music_demucs_16k/metaData_fma_large/row4571.csv
Execution time: 25.42986559867859 seconds
metaTables/vocal_music_demucs_16k/metaData_fma_large/row4572.csv
Execution time: 24.713093042373657 seconds
metaTables/vocal_music_demucs_16k/metaData_fma_large/row4573.csv
Execution time: 26.087310552597046 seconds
metaTables/vocal_music_demucs_16k/metaData_fma_large/row4574.csv
Execution time: 27.012154579162598 seconds
metaTables/vocal_music_demucs_16k/metaData_fma_large/row4575.csv
Execution time: 25.956130504608154 seconds
metaTables/vocal_music_demucs_16k/metaData_fma_large/row4576.csv
Execution time: 25.981779098510742 seconds
metaTables/vocal_music_demucs_16k/metaData_fma_large/row4577.csv
Execution time: 25.483765602111816 seconds
metaTables/vocal_music_demucs_16k/metaData_fma_large/row4578.csv
Execution time: 25.173330783843994 seconds
metaTables/vocal_music_demucs_16k/metaData_fma_large/row4579.csv
Execution time: 26.305155754089355 seconds
metaTables/vocal_music_demucs_16k/metaData_fma_large/row4580.csv
Execution time: 25.458709001541138 seconds
metaTables/vocal_music_demucs_16k/metaData_fma_large/row4581.csv
Execution time: 25.737671375274658 seconds
metaTables/vocal_music_demucs_16k/metaData_fma_large/row4582.csv
Execution time: 25.964874029159546 seconds
metaTables/vocal_music_demucs_16k/metaData_fma_large/row4583.csv
Execution time: 25.893555402755737 seconds
metaTables/vocal_music_demucs_16k/metaData_fma_large/row4584.csv
Execution time: 25.426461458206177 seconds
metaTables/vocal_music_demucs_16k/metaData_fma_large/row4585.csv
Execution time: 26.548515796661377 seconds
metaTables/vocal_music_demucs_16k/metaData_fma_large/row4586.csv
Execution time: 25.409523248672485 seconds
metaTables/vocal_music_demucs_16k/metaData_fma_large/row4587.csv
Execution time: 26.03946089744568 seconds
metaTables/vocal_music_demucs_16k/metaData_fma_large/row4588.csv
Execution time: 25.69005513191223 seconds
metaTables/vocal_music_demucs_16k/metaData_fma_large/row4589.csv
Execution time: 25.55636167526245 seconds
metaTables/vocal_music_demucs_16k/metaData_fma_large/row4590.csv
Execution time: 25.631139755249023 seconds
metaTables/vocal_music_demucs_16k/metaData_fma_large/row4591.csv
Execution time: 26.782862901687622 seconds
metaTables/vocal_music_demucs_16k/metaData_fma_large/row4592.csv
Execution time: 27.300379514694214 seconds
metaTables/vocal_music_demucs_16k/metaData_fma_large/row4593.csv
Execution time: 26.09484362602234 seconds
metaTables/vocal_music_demucs_16k/metaData_fma_large/row4594.csv
Execution time: 25.764293670654297 seconds
metaTables/vocal_music_demucs_16k/metaData_fma_large/row4595.csv
Execution time: 25.627047538757324 seconds
metaTables/vocal_music_demucs_16k/metaData_fma_large/row4596.csv
Execution time: 26.141723155975342 seconds
metaTables/vocal_music_demucs_16k/metaData_fma_large/row4597.csv
Execution time: 25.532949924468994 seconds
metaTables/vocal_music_demucs_16k/metaData_fma_large/row4598.csv
Execution time: 25.3406720161438 seconds
metaTables/vocal_music_demucs_16k/metaData_fma_large/row4599.csv
Demucs voice recognition done!
