/ext3/demucs/lib/python3.9/site-packages/demucs/api.py:27: UserWarning: TorchAudio's global backend is now deprecated. Please enable distpatcher by setting `TORCHAUDIO_USE_BACKEND_DISPATCHER=1`, and specify backend when calling load/info/save function.
  import torchaudio as ta
2024-05-09 00:18:16.466662: I tensorflow/core/util/port.cc:113] oneDNN custom operations are on. You may see slightly different numerical results due to floating-point round-off errors from different computation orders. To turn them off, set the environment variable `TF_ENABLE_ONEDNN_OPTS=0`.
2024-05-09 00:18:18.102584: E external/local_xla/xla/stream_executor/cuda/cuda_dnn.cc:9261] Unable to register cuDNN factory: Attempting to register factory for plugin cuDNN when one has already been registered
2024-05-09 00:18:18.102637: E external/local_xla/xla/stream_executor/cuda/cuda_fft.cc:607] Unable to register cuFFT factory: Attempting to register factory for plugin cuFFT when one has already been registered
2024-05-09 00:18:18.136590: E external/local_xla/xla/stream_executor/cuda/cuda_blas.cc:1515] Unable to register cuBLAS factory: Attempting to register factory for plugin cuBLAS when one has already been registered
2024-05-09 00:18:18.216742: I tensorflow/core/platform/cpu_feature_guard.cc:182] This TensorFlow binary is optimized to use available CPU instructions in performance-critical operations.
To enable the following instructions: AVX2 AVX512F AVX512_VNNI FMA, in other operations, rebuild TensorFlow with the appropriate compiler flags.
2024-05-09 00:18:19.155030: W tensorflow/compiler/tf2tensorrt/utils/py_utils.cc:38] TF-TRT Warning: Could not find TensorRT
Execution time: 27.21630883216858 seconds
metaTables/vocal_music_demucs_16k/metaData_fma_large/row81500.csv
Execution time: 24.31655788421631 seconds
metaTables/vocal_music_demucs_16k/metaData_fma_large/row81501.csv
Execution time: 26.449177742004395 seconds
metaTables/vocal_music_demucs_16k/metaData_fma_large/row81502.csv
Execution time: 25.220463514328003 seconds
metaTables/vocal_music_demucs_16k/metaData_fma_large/row81503.csv
Execution time: 26.369542360305786 seconds
metaTables/vocal_music_demucs_16k/metaData_fma_large/row81504.csv
Execution time: 26.416661739349365 seconds
metaTables/vocal_music_demucs_16k/metaData_fma_large/row81505.csv
Execution time: 25.436880111694336 seconds
metaTables/vocal_music_demucs_16k/metaData_fma_large/row81506.csv
Execution time: 25.175615310668945 seconds
metaTables/vocal_music_demucs_16k/metaData_fma_large/row81507.csv
Execution time: 24.224324703216553 seconds
metaTables/vocal_music_demucs_16k/metaData_fma_large/row81508.csv
Execution time: 24.770772457122803 seconds
metaTables/vocal_music_demucs_16k/metaData_fma_large/row81509.csv
Execution time: 24.476078987121582 seconds
metaTables/vocal_music_demucs_16k/metaData_fma_large/row81510.csv
Execution time: 25.67071294784546 seconds
metaTables/vocal_music_demucs_16k/metaData_fma_large/row81511.csv
Execution time: 24.6195650100708 seconds
metaTables/vocal_music_demucs_16k/metaData_fma_large/row81512.csv
Execution time: 25.256625413894653 seconds
metaTables/vocal_music_demucs_16k/metaData_fma_large/row81513.csv
Execution time: 25.770998239517212 seconds
metaTables/vocal_music_demucs_16k/metaData_fma_large/row81514.csv
Execution time: 24.265961170196533 seconds
metaTables/vocal_music_demucs_16k/metaData_fma_large/row81515.csv
Execution time: 25.0971462726593 seconds
metaTables/vocal_music_demucs_16k/metaData_fma_large/row81516.csv
Execution time: 25.111013650894165 seconds
metaTables/vocal_music_demucs_16k/metaData_fma_large/row81517.csv
Execution time: 25.44346809387207 seconds
metaTables/vocal_music_demucs_16k/metaData_fma_large/row81518.csv
Execution time: 25.0514132976532 seconds
metaTables/vocal_music_demucs_16k/metaData_fma_large/row81519.csv
Execution time: 25.096901416778564 seconds
metaTables/vocal_music_demucs_16k/metaData_fma_large/row81520.csv
Execution time: 25.211130142211914 seconds
metaTables/vocal_music_demucs_16k/metaData_fma_large/row81521.csv
Execution time: 25.32484269142151 seconds
metaTables/vocal_music_demucs_16k/metaData_fma_large/row81522.csv
Execution time: 25.105483293533325 seconds
metaTables/vocal_music_demucs_16k/metaData_fma_large/row81523.csv
Execution time: 25.227264165878296 seconds
metaTables/vocal_music_demucs_16k/metaData_fma_large/row81524.csv
Execution time: 24.998982906341553 seconds
metaTables/vocal_music_demucs_16k/metaData_fma_large/row81525.csv
Execution time: 25.09796166419983 seconds
metaTables/vocal_music_demucs_16k/metaData_fma_large/row81526.csv
Execution time: 24.432202100753784 seconds
metaTables/vocal_music_demucs_16k/metaData_fma_large/row81527.csv
Execution time: 25.26936912536621 seconds
metaTables/vocal_music_demucs_16k/metaData_fma_large/row81528.csv
Execution time: 23.94457173347473 seconds
metaTables/vocal_music_demucs_16k/metaData_fma_large/row81529.csv
Execution time: 20.872132778167725 seconds
metaTables/vocal_music_demucs_16k/metaData_fma_large/row81530.csv
Execution time: 25.0086452960968 seconds
metaTables/vocal_music_demucs_16k/metaData_fma_large/row81531.csv
Execution time: 24.78680109977722 seconds
metaTables/vocal_music_demucs_16k/metaData_fma_large/row81532.csv
Execution time: 23.476373434066772 seconds
metaTables/vocal_music_demucs_16k/metaData_fma_large/row81533.csv
Execution time: 24.81227970123291 seconds
metaTables/vocal_music_demucs_16k/metaData_fma_large/row81534.csv
Execution time: 23.717334747314453 seconds
metaTables/vocal_music_demucs_16k/metaData_fma_large/row81535.csv
Execution time: 25.80553412437439 seconds
metaTables/vocal_music_demucs_16k/metaData_fma_large/row81536.csv
Execution time: 24.448675632476807 seconds
metaTables/vocal_music_demucs_16k/metaData_fma_large/row81537.csv
Execution time: 24.211134672164917 seconds
metaTables/vocal_music_demucs_16k/metaData_fma_large/row81538.csv
Execution time: 24.531298875808716 seconds
metaTables/vocal_music_demucs_16k/metaData_fma_large/row81539.csv
Execution time: 24.3444881439209 seconds
metaTables/vocal_music_demucs_16k/metaData_fma_large/row81540.csv
Execution time: 24.275933980941772 seconds
metaTables/vocal_music_demucs_16k/metaData_fma_large/row81541.csv
Execution time: 23.814064979553223 seconds
metaTables/vocal_music_demucs_16k/metaData_fma_large/row81542.csv
Execution time: 24.600857496261597 seconds
metaTables/vocal_music_demucs_16k/metaData_fma_large/row81543.csv
Execution time: 25.19654679298401 seconds
metaTables/vocal_music_demucs_16k/metaData_fma_large/row81544.csv
Execution time: 23.895529985427856 seconds
metaTables/vocal_music_demucs_16k/metaData_fma_large/row81545.csv
Execution time: 25.68125605583191 seconds
metaTables/vocal_music_demucs_16k/metaData_fma_large/row81546.csv
Execution time: 26.399173498153687 seconds
metaTables/vocal_music_demucs_16k/metaData_fma_large/row81547.csv
Execution time: 25.142865657806396 seconds
metaTables/vocal_music_demucs_16k/metaData_fma_large/row81548.csv
Execution time: 24.35740065574646 seconds
metaTables/vocal_music_demucs_16k/metaData_fma_large/row81549.csv
Execution time: 24.878624439239502 seconds
metaTables/vocal_music_demucs_16k/metaData_fma_large/row81550.csv
Execution time: 16.267407417297363 seconds
metaTables/vocal_music_demucs_16k/metaData_fma_large/row81551.csv
Execution time: 25.083457231521606 seconds
metaTables/vocal_music_demucs_16k/metaData_fma_large/row81552.csv
Execution time: 24.203580141067505 seconds
metaTables/vocal_music_demucs_16k/metaData_fma_large/row81553.csv
Execution time: 24.000949144363403 seconds
metaTables/vocal_music_demucs_16k/metaData_fma_large/row81554.csv
Execution time: 25.077452421188354 seconds
metaTables/vocal_music_demucs_16k/metaData_fma_large/row81555.csv
Execution time: 24.35153579711914 seconds
metaTables/vocal_music_demucs_16k/metaData_fma_large/row81556.csv
Execution time: 24.613215684890747 seconds
metaTables/vocal_music_demucs_16k/metaData_fma_large/row81557.csv
Execution time: 24.915773391723633 seconds
metaTables/vocal_music_demucs_16k/metaData_fma_large/row81558.csv
Execution time: 26.259780883789062 seconds
metaTables/vocal_music_demucs_16k/metaData_fma_large/row81559.csv
Execution time: 25.292558908462524 seconds
metaTables/vocal_music_demucs_16k/metaData_fma_large/row81560.csv
Execution time: 24.71256995201111 seconds
metaTables/vocal_music_demucs_16k/metaData_fma_large/row81561.csv
Execution time: 23.90554928779602 seconds
metaTables/vocal_music_demucs_16k/metaData_fma_large/row81562.csv
Execution time: 25.801642656326294 seconds
metaTables/vocal_music_demucs_16k/metaData_fma_large/row81563.csv
Execution time: 26.489521503448486 seconds
metaTables/vocal_music_demucs_16k/metaData_fma_large/row81564.csv
Execution time: 25.530816078186035 seconds
metaTables/vocal_music_demucs_16k/metaData_fma_large/row81565.csv
Execution time: 24.63489031791687 seconds
metaTables/vocal_music_demucs_16k/metaData_fma_large/row81566.csv
Execution time: 24.24846315383911 seconds
metaTables/vocal_music_demucs_16k/metaData_fma_large/row81567.csv
Execution time: 23.873162984848022 seconds
metaTables/vocal_music_demucs_16k/metaData_fma_large/row81568.csv
Execution time: 25.00525164604187 seconds
metaTables/vocal_music_demucs_16k/metaData_fma_large/row81569.csv
Execution time: 24.37847137451172 seconds
metaTables/vocal_music_demucs_16k/metaData_fma_large/row81570.csv
Execution time: 26.110764503479004 seconds
metaTables/vocal_music_demucs_16k/metaData_fma_large/row81571.csv
Execution time: 24.775614023208618 seconds
metaTables/vocal_music_demucs_16k/metaData_fma_large/row81572.csv
Execution time: 25.143500328063965 seconds
metaTables/vocal_music_demucs_16k/metaData_fma_large/row81573.csv
Execution time: 25.4005708694458 seconds
metaTables/vocal_music_demucs_16k/metaData_fma_large/row81574.csv
Execution time: 24.80238628387451 seconds
metaTables/vocal_music_demucs_16k/metaData_fma_large/row81575.csv
Execution time: 25.054497003555298 seconds
metaTables/vocal_music_demucs_16k/metaData_fma_large/row81576.csv
Execution time: 25.33308243751526 seconds
metaTables/vocal_music_demucs_16k/metaData_fma_large/row81577.csv
Execution time: 25.12114143371582 seconds
metaTables/vocal_music_demucs_16k/metaData_fma_large/row81578.csv
Execution time: 25.03374195098877 seconds
metaTables/vocal_music_demucs_16k/metaData_fma_large/row81579.csv
Execution time: 25.12511682510376 seconds
metaTables/vocal_music_demucs_16k/metaData_fma_large/row81580.csv
Execution time: 24.643507957458496 seconds
metaTables/vocal_music_demucs_16k/metaData_fma_large/row81581.csv
Execution time: 25.323614597320557 seconds
metaTables/vocal_music_demucs_16k/metaData_fma_large/row81582.csv
Execution time: 25.56577205657959 seconds
metaTables/vocal_music_demucs_16k/metaData_fma_large/row81583.csv
Execution time: 24.920122385025024 seconds
metaTables/vocal_music_demucs_16k/metaData_fma_large/row81584.csv
Execution time: 24.91730761528015 seconds
metaTables/vocal_music_demucs_16k/metaData_fma_large/row81585.csv
Execution time: 25.171486139297485 seconds
metaTables/vocal_music_demucs_16k/metaData_fma_large/row81586.csv
Execution time: 24.438095092773438 seconds
metaTables/vocal_music_demucs_16k/metaData_fma_large/row81587.csv
Execution time: 25.035236835479736 seconds
metaTables/vocal_music_demucs_16k/metaData_fma_large/row81588.csv
Execution time: 24.976725578308105 seconds
metaTables/vocal_music_demucs_16k/metaData_fma_large/row81589.csv
Execution time: 24.83146595954895 seconds
metaTables/vocal_music_demucs_16k/metaData_fma_large/row81590.csv
Execution time: 25.550926446914673 seconds
metaTables/vocal_music_demucs_16k/metaData_fma_large/row81591.csv
Execution time: 24.93235445022583 seconds
metaTables/vocal_music_demucs_16k/metaData_fma_large/row81592.csv
Execution time: 24.957825183868408 seconds
metaTables/vocal_music_demucs_16k/metaData_fma_large/row81593.csv
Execution time: 25.03633713722229 seconds
metaTables/vocal_music_demucs_16k/metaData_fma_large/row81594.csv
Execution time: 24.165958881378174 seconds
metaTables/vocal_music_demucs_16k/metaData_fma_large/row81595.csv
Execution time: 25.88470435142517 seconds
metaTables/vocal_music_demucs_16k/metaData_fma_large/row81596.csv
Execution time: 25.170928716659546 seconds
metaTables/vocal_music_demucs_16k/metaData_fma_large/row81597.csv
Execution time: 24.80484127998352 seconds
metaTables/vocal_music_demucs_16k/metaData_fma_large/row81598.csv
Execution time: 24.737508058547974 seconds
metaTables/vocal_music_demucs_16k/metaData_fma_large/row81599.csv
Demucs voice recognition done!
