/ext3/demucs/lib/python3.9/site-packages/demucs/api.py:27: UserWarning: TorchAudio's global backend is now deprecated. Please enable distpatcher by setting `TORCHAUDIO_USE_BACKEND_DISPATCHER=1`, and specify backend when calling load/info/save function.
  import torchaudio as ta
2024-05-10 01:59:07.066574: I tensorflow/core/util/port.cc:113] oneDNN custom operations are on. You may see slightly different numerical results due to floating-point round-off errors from different computation orders. To turn them off, set the environment variable `TF_ENABLE_ONEDNN_OPTS=0`.
2024-05-10 01:59:12.161103: E external/local_xla/xla/stream_executor/cuda/cuda_dnn.cc:9261] Unable to register cuDNN factory: Attempting to register factory for plugin cuDNN when one has already been registered
2024-05-10 01:59:12.161152: E external/local_xla/xla/stream_executor/cuda/cuda_fft.cc:607] Unable to register cuFFT factory: Attempting to register factory for plugin cuFFT when one has already been registered
2024-05-10 01:59:12.299166: E external/local_xla/xla/stream_executor/cuda/cuda_blas.cc:1515] Unable to register cuBLAS factory: Attempting to register factory for plugin cuBLAS when one has already been registered
2024-05-10 01:59:13.241680: I tensorflow/core/platform/cpu_feature_guard.cc:182] This TensorFlow binary is optimized to use available CPU instructions in performance-critical operations.
To enable the following instructions: AVX2 AVX512F AVX512_VNNI FMA, in other operations, rebuild TensorFlow with the appropriate compiler flags.
2024-05-10 01:59:17.714880: W tensorflow/compiler/tf2tensorrt/utils/py_utils.cc:38] TF-TRT Warning: Could not find TensorRT
SKIPPING: metaTables/vocal_music_demucs_16k/metaData_fma_large/row75200.csv
SKIPPING: metaTables/vocal_music_demucs_16k/metaData_fma_large/row75201.csv
SKIPPING: metaTables/vocal_music_demucs_16k/metaData_fma_large/row75202.csv
SKIPPING: metaTables/vocal_music_demucs_16k/metaData_fma_large/row75203.csv
SKIPPING: metaTables/vocal_music_demucs_16k/metaData_fma_large/row75204.csv
SKIPPING: metaTables/vocal_music_demucs_16k/metaData_fma_large/row75205.csv
SKIPPING: metaTables/vocal_music_demucs_16k/metaData_fma_large/row75206.csv
SKIPPING: metaTables/vocal_music_demucs_16k/metaData_fma_large/row75207.csv
SKIPPING: metaTables/vocal_music_demucs_16k/metaData_fma_large/row75208.csv
SKIPPING: metaTables/vocal_music_demucs_16k/metaData_fma_large/row75209.csv
SKIPPING: metaTables/vocal_music_demucs_16k/metaData_fma_large/row75210.csv
SKIPPING: metaTables/vocal_music_demucs_16k/metaData_fma_large/row75211.csv
SKIPPING: metaTables/vocal_music_demucs_16k/metaData_fma_large/row75212.csv
Execution time: 29.767045736312866 seconds
metaTables/vocal_music_demucs_16k/metaData_fma_large/row75213.csv
Execution time: 26.51638913154602 seconds
metaTables/vocal_music_demucs_16k/metaData_fma_large/row75214.csv
Execution time: 25.33252739906311 seconds
metaTables/vocal_music_demucs_16k/metaData_fma_large/row75215.csv
Execution time: 25.43419361114502 seconds
metaTables/vocal_music_demucs_16k/metaData_fma_large/row75216.csv
Execution time: 25.030930042266846 seconds
metaTables/vocal_music_demucs_16k/metaData_fma_large/row75217.csv
Execution time: 25.633174657821655 seconds
metaTables/vocal_music_demucs_16k/metaData_fma_large/row75218.csv
Execution time: 26.054999351501465 seconds
metaTables/vocal_music_demucs_16k/metaData_fma_large/row75219.csv
Execution time: 25.710392951965332 seconds
metaTables/vocal_music_demucs_16k/metaData_fma_large/row75220.csv
Execution time: 24.927252531051636 seconds
metaTables/vocal_music_demucs_16k/metaData_fma_large/row75221.csv
Execution time: 24.696224689483643 seconds
metaTables/vocal_music_demucs_16k/metaData_fma_large/row75222.csv
Execution time: 25.4019718170166 seconds
metaTables/vocal_music_demucs_16k/metaData_fma_large/row75223.csv
Execution time: 25.59645915031433 seconds
metaTables/vocal_music_demucs_16k/metaData_fma_large/row75224.csv
Execution time: 25.401053428649902 seconds
metaTables/vocal_music_demucs_16k/metaData_fma_large/row75225.csv
Execution time: 25.848112106323242 seconds
metaTables/vocal_music_demucs_16k/metaData_fma_large/row75226.csv
Execution time: 24.61834168434143 seconds
metaTables/vocal_music_demucs_16k/metaData_fma_large/row75227.csv
Execution time: 25.94297218322754 seconds
metaTables/vocal_music_demucs_16k/metaData_fma_large/row75228.csv
Execution time: 25.616548538208008 seconds
metaTables/vocal_music_demucs_16k/metaData_fma_large/row75229.csv
Execution time: 25.957565307617188 seconds
metaTables/vocal_music_demucs_16k/metaData_fma_large/row75230.csv
Execution time: 26.163506269454956 seconds
metaTables/vocal_music_demucs_16k/metaData_fma_large/row75231.csv
Execution time: 25.311076641082764 seconds
metaTables/vocal_music_demucs_16k/metaData_fma_large/row75232.csv
Execution time: 25.606192111968994 seconds
metaTables/vocal_music_demucs_16k/metaData_fma_large/row75233.csv
Execution time: 26.08212971687317 seconds
metaTables/vocal_music_demucs_16k/metaData_fma_large/row75234.csv
Execution time: 26.46671485900879 seconds
metaTables/vocal_music_demucs_16k/metaData_fma_large/row75235.csv
Execution time: 25.209575176239014 seconds
metaTables/vocal_music_demucs_16k/metaData_fma_large/row75236.csv
Execution time: 26.24895405769348 seconds
metaTables/vocal_music_demucs_16k/metaData_fma_large/row75237.csv
Execution time: 26.372934579849243 seconds
metaTables/vocal_music_demucs_16k/metaData_fma_large/row75238.csv
Execution time: 25.70720624923706 seconds
metaTables/vocal_music_demucs_16k/metaData_fma_large/row75239.csv
Execution time: 25.660912036895752 seconds
metaTables/vocal_music_demucs_16k/metaData_fma_large/row75240.csv
Execution time: 25.84765338897705 seconds
metaTables/vocal_music_demucs_16k/metaData_fma_large/row75241.csv
Execution time: 25.767284631729126 seconds
metaTables/vocal_music_demucs_16k/metaData_fma_large/row75242.csv
Execution time: 24.73175072669983 seconds
metaTables/vocal_music_demucs_16k/metaData_fma_large/row75243.csv
Execution time: 25.726810455322266 seconds
metaTables/vocal_music_demucs_16k/metaData_fma_large/row75244.csv
Execution time: 25.155442476272583 seconds
metaTables/vocal_music_demucs_16k/metaData_fma_large/row75245.csv
Execution time: 25.324923515319824 seconds
metaTables/vocal_music_demucs_16k/metaData_fma_large/row75246.csv
Execution time: 26.638234615325928 seconds
metaTables/vocal_music_demucs_16k/metaData_fma_large/row75247.csv
Execution time: 26.03207302093506 seconds
metaTables/vocal_music_demucs_16k/metaData_fma_large/row75248.csv
Execution time: 24.88484025001526 seconds
metaTables/vocal_music_demucs_16k/metaData_fma_large/row75249.csv
Execution time: 25.44351577758789 seconds
metaTables/vocal_music_demucs_16k/metaData_fma_large/row75250.csv
Execution time: 24.486087560653687 seconds
metaTables/vocal_music_demucs_16k/metaData_fma_large/row75251.csv
Execution time: 25.674834966659546 seconds
metaTables/vocal_music_demucs_16k/metaData_fma_large/row75252.csv
Execution time: 25.58673930168152 seconds
metaTables/vocal_music_demucs_16k/metaData_fma_large/row75253.csv
Execution time: 25.839237451553345 seconds
metaTables/vocal_music_demucs_16k/metaData_fma_large/row75254.csv
Execution time: 26.14966130256653 seconds
metaTables/vocal_music_demucs_16k/metaData_fma_large/row75255.csv
Execution time: 25.884411096572876 seconds
metaTables/vocal_music_demucs_16k/metaData_fma_large/row75256.csv
Execution time: 17.17366313934326 seconds
metaTables/vocal_music_demucs_16k/metaData_fma_large/row75257.csv
Execution time: 25.756335258483887 seconds
metaTables/vocal_music_demucs_16k/metaData_fma_large/row75258.csv
Execution time: 25.152520656585693 seconds
metaTables/vocal_music_demucs_16k/metaData_fma_large/row75259.csv
Execution time: 25.126241445541382 seconds
metaTables/vocal_music_demucs_16k/metaData_fma_large/row75260.csv
Execution time: 28.22722029685974 seconds
metaTables/vocal_music_demucs_16k/metaData_fma_large/row75261.csv
Execution time: 27.0401554107666 seconds
metaTables/vocal_music_demucs_16k/metaData_fma_large/row75262.csv
Execution time: 26.099871397018433 seconds
metaTables/vocal_music_demucs_16k/metaData_fma_large/row75263.csv
Execution time: 26.23108434677124 seconds
metaTables/vocal_music_demucs_16k/metaData_fma_large/row75264.csv
Execution time: 24.790237188339233 seconds
metaTables/vocal_music_demucs_16k/metaData_fma_large/row75265.csv
Execution time: 27.053207397460938 seconds
metaTables/vocal_music_demucs_16k/metaData_fma_large/row75266.csv
Execution time: 26.67953324317932 seconds
metaTables/vocal_music_demucs_16k/metaData_fma_large/row75267.csv
Execution time: 25.868218898773193 seconds
metaTables/vocal_music_demucs_16k/metaData_fma_large/row75268.csv
Execution time: 27.201188325881958 seconds
metaTables/vocal_music_demucs_16k/metaData_fma_large/row75269.csv
Execution time: 26.47515630722046 seconds
metaTables/vocal_music_demucs_16k/metaData_fma_large/row75270.csv
Execution time: 25.457149267196655 seconds
metaTables/vocal_music_demucs_16k/metaData_fma_large/row75271.csv
Execution time: 26.089644193649292 seconds
metaTables/vocal_music_demucs_16k/metaData_fma_large/row75272.csv
Execution time: 25.407991409301758 seconds
metaTables/vocal_music_demucs_16k/metaData_fma_large/row75273.csv
Execution time: 26.25252652168274 seconds
metaTables/vocal_music_demucs_16k/metaData_fma_large/row75274.csv
Execution time: 25.573439359664917 seconds
metaTables/vocal_music_demucs_16k/metaData_fma_large/row75275.csv
Execution time: 25.728861093521118 seconds
metaTables/vocal_music_demucs_16k/metaData_fma_large/row75276.csv
Execution time: 26.080502033233643 seconds
metaTables/vocal_music_demucs_16k/metaData_fma_large/row75277.csv
Execution time: 26.0648672580719 seconds
metaTables/vocal_music_demucs_16k/metaData_fma_large/row75278.csv
Execution time: 26.23533058166504 seconds
metaTables/vocal_music_demucs_16k/metaData_fma_large/row75279.csv
Execution time: 26.01835870742798 seconds
metaTables/vocal_music_demucs_16k/metaData_fma_large/row75280.csv
Execution time: 25.513339519500732 seconds
metaTables/vocal_music_demucs_16k/metaData_fma_large/row75281.csv
Execution time: 25.068052291870117 seconds
metaTables/vocal_music_demucs_16k/metaData_fma_large/row75282.csv
Execution time: 26.434839487075806 seconds
metaTables/vocal_music_demucs_16k/metaData_fma_large/row75283.csv
Execution time: 26.31407356262207 seconds
metaTables/vocal_music_demucs_16k/metaData_fma_large/row75284.csv
Execution time: 25.752669095993042 seconds
metaTables/vocal_music_demucs_16k/metaData_fma_large/row75285.csv
Execution time: 26.11300301551819 seconds
metaTables/vocal_music_demucs_16k/metaData_fma_large/row75286.csv
Execution time: 25.386125326156616 seconds
metaTables/vocal_music_demucs_16k/metaData_fma_large/row75287.csv
Execution time: 26.381288290023804 seconds
metaTables/vocal_music_demucs_16k/metaData_fma_large/row75288.csv
Execution time: 25.45792555809021 seconds
metaTables/vocal_music_demucs_16k/metaData_fma_large/row75289.csv
Execution time: 26.049556493759155 seconds
metaTables/vocal_music_demucs_16k/metaData_fma_large/row75290.csv
Execution time: 26.00241255760193 seconds
metaTables/vocal_music_demucs_16k/metaData_fma_large/row75291.csv
Execution time: 25.99489665031433 seconds
metaTables/vocal_music_demucs_16k/metaData_fma_large/row75292.csv
Execution time: 26.539355039596558 seconds
metaTables/vocal_music_demucs_16k/metaData_fma_large/row75293.csv
Execution time: 25.943974018096924 seconds
metaTables/vocal_music_demucs_16k/metaData_fma_large/row75294.csv
Execution time: 25.65412473678589 seconds
metaTables/vocal_music_demucs_16k/metaData_fma_large/row75295.csv
Execution time: 25.975545406341553 seconds
metaTables/vocal_music_demucs_16k/metaData_fma_large/row75296.csv
Execution time: 26.01469111442566 seconds
metaTables/vocal_music_demucs_16k/metaData_fma_large/row75297.csv
Execution time: 28.55097484588623 seconds
metaTables/vocal_music_demucs_16k/metaData_fma_large/row75298.csv
Execution time: 26.573514461517334 seconds
metaTables/vocal_music_demucs_16k/metaData_fma_large/row75299.csv
Demucs voice recognition done!
