/ext3/demucs/lib/python3.9/site-packages/demucs/api.py:27: UserWarning: TorchAudio's global backend is now deprecated. Please enable distpatcher by setting `TORCHAUDIO_USE_BACKEND_DISPATCHER=1`, and specify backend when calling load/info/save function.
  import torchaudio as ta
2024-05-09 09:22:22.730821: I tensorflow/core/util/port.cc:113] oneDNN custom operations are on. You may see slightly different numerical results due to floating-point round-off errors from different computation orders. To turn them off, set the environment variable `TF_ENABLE_ONEDNN_OPTS=0`.
2024-05-09 09:22:23.466759: E external/local_xla/xla/stream_executor/cuda/cuda_dnn.cc:9261] Unable to register cuDNN factory: Attempting to register factory for plugin cuDNN when one has already been registered
2024-05-09 09:22:23.466803: E external/local_xla/xla/stream_executor/cuda/cuda_fft.cc:607] Unable to register cuFFT factory: Attempting to register factory for plugin cuFFT when one has already been registered
2024-05-09 09:22:23.605506: E external/local_xla/xla/stream_executor/cuda/cuda_blas.cc:1515] Unable to register cuBLAS factory: Attempting to register factory for plugin cuBLAS when one has already been registered
2024-05-09 09:22:23.689591: I tensorflow/core/platform/cpu_feature_guard.cc:182] This TensorFlow binary is optimized to use available CPU instructions in performance-critical operations.
To enable the following instructions: AVX2 AVX512F AVX512_VNNI FMA, in other operations, rebuild TensorFlow with the appropriate compiler flags.
2024-05-09 09:22:24.616744: W tensorflow/compiler/tf2tensorrt/utils/py_utils.cc:38] TF-TRT Warning: Could not find TensorRT
SKIPPING: metaTables/vocal_music_demucs_16k/metaData_fma_large/row75700.csv
SKIPPING: metaTables/vocal_music_demucs_16k/metaData_fma_large/row75701.csv
SKIPPING: metaTables/vocal_music_demucs_16k/metaData_fma_large/row75702.csv
SKIPPING: metaTables/vocal_music_demucs_16k/metaData_fma_large/row75703.csv
SKIPPING: metaTables/vocal_music_demucs_16k/metaData_fma_large/row75704.csv
SKIPPING: metaTables/vocal_music_demucs_16k/metaData_fma_large/row75705.csv
SKIPPING: metaTables/vocal_music_demucs_16k/metaData_fma_large/row75706.csv
SKIPPING: metaTables/vocal_music_demucs_16k/metaData_fma_large/row75707.csv
SKIPPING: metaTables/vocal_music_demucs_16k/metaData_fma_large/row75708.csv
SKIPPING: metaTables/vocal_music_demucs_16k/metaData_fma_large/row75709.csv
SKIPPING: metaTables/vocal_music_demucs_16k/metaData_fma_large/row75710.csv
SKIPPING: metaTables/vocal_music_demucs_16k/metaData_fma_large/row75711.csv
SKIPPING: metaTables/vocal_music_demucs_16k/metaData_fma_large/row75712.csv
SKIPPING: metaTables/vocal_music_demucs_16k/metaData_fma_large/row75713.csv
SKIPPING: metaTables/vocal_music_demucs_16k/metaData_fma_large/row75714.csv
SKIPPING: metaTables/vocal_music_demucs_16k/metaData_fma_large/row75715.csv
SKIPPING: metaTables/vocal_music_demucs_16k/metaData_fma_large/row75716.csv
SKIPPING: metaTables/vocal_music_demucs_16k/metaData_fma_large/row75717.csv
SKIPPING: metaTables/vocal_music_demucs_16k/metaData_fma_large/row75718.csv
SKIPPING: metaTables/vocal_music_demucs_16k/metaData_fma_large/row75719.csv
SKIPPING: metaTables/vocal_music_demucs_16k/metaData_fma_large/row75720.csv
SKIPPING: metaTables/vocal_music_demucs_16k/metaData_fma_large/row75721.csv
SKIPPING: metaTables/vocal_music_demucs_16k/metaData_fma_large/row75722.csv
SKIPPING: metaTables/vocal_music_demucs_16k/metaData_fma_large/row75723.csv
SKIPPING: metaTables/vocal_music_demucs_16k/metaData_fma_large/row75724.csv
SKIPPING: metaTables/vocal_music_demucs_16k/metaData_fma_large/row75725.csv
SKIPPING: metaTables/vocal_music_demucs_16k/metaData_fma_large/row75726.csv
SKIPPING: metaTables/vocal_music_demucs_16k/metaData_fma_large/row75727.csv
SKIPPING: metaTables/vocal_music_demucs_16k/metaData_fma_large/row75728.csv
SKIPPING: metaTables/vocal_music_demucs_16k/metaData_fma_large/row75729.csv
SKIPPING: metaTables/vocal_music_demucs_16k/metaData_fma_large/row75730.csv
SKIPPING: metaTables/vocal_music_demucs_16k/metaData_fma_large/row75731.csv
SKIPPING: metaTables/vocal_music_demucs_16k/metaData_fma_large/row75732.csv
SKIPPING: metaTables/vocal_music_demucs_16k/metaData_fma_large/row75733.csv
SKIPPING: metaTables/vocal_music_demucs_16k/metaData_fma_large/row75734.csv
SKIPPING: metaTables/vocal_music_demucs_16k/metaData_fma_large/row75735.csv
SKIPPING: metaTables/vocal_music_demucs_16k/metaData_fma_large/row75736.csv
SKIPPING: metaTables/vocal_music_demucs_16k/metaData_fma_large/row75737.csv
SKIPPING: metaTables/vocal_music_demucs_16k/metaData_fma_large/row75738.csv
SKIPPING: metaTables/vocal_music_demucs_16k/metaData_fma_large/row75739.csv
SKIPPING: metaTables/vocal_music_demucs_16k/metaData_fma_large/row75740.csv
SKIPPING: metaTables/vocal_music_demucs_16k/metaData_fma_large/row75741.csv
SKIPPING: metaTables/vocal_music_demucs_16k/metaData_fma_large/row75742.csv
SKIPPING: metaTables/vocal_music_demucs_16k/metaData_fma_large/row75743.csv
SKIPPING: metaTables/vocal_music_demucs_16k/metaData_fma_large/row75744.csv
SKIPPING: metaTables/vocal_music_demucs_16k/metaData_fma_large/row75745.csv
SKIPPING: metaTables/vocal_music_demucs_16k/metaData_fma_large/row75746.csv
SKIPPING: metaTables/vocal_music_demucs_16k/metaData_fma_large/row75747.csv
SKIPPING: metaTables/vocal_music_demucs_16k/metaData_fma_large/row75748.csv
SKIPPING: metaTables/vocal_music_demucs_16k/metaData_fma_large/row75749.csv
SKIPPING: metaTables/vocal_music_demucs_16k/metaData_fma_large/row75750.csv
SKIPPING: metaTables/vocal_music_demucs_16k/metaData_fma_large/row75751.csv
SKIPPING: metaTables/vocal_music_demucs_16k/metaData_fma_large/row75752.csv
SKIPPING: metaTables/vocal_music_demucs_16k/metaData_fma_large/row75753.csv
SKIPPING: metaTables/vocal_music_demucs_16k/metaData_fma_large/row75754.csv
SKIPPING: metaTables/vocal_music_demucs_16k/metaData_fma_large/row75755.csv
SKIPPING: metaTables/vocal_music_demucs_16k/metaData_fma_large/row75756.csv
SKIPPING: metaTables/vocal_music_demucs_16k/metaData_fma_large/row75757.csv
SKIPPING: metaTables/vocal_music_demucs_16k/metaData_fma_large/row75758.csv
SKIPPING: metaTables/vocal_music_demucs_16k/metaData_fma_large/row75759.csv
SKIPPING: metaTables/vocal_music_demucs_16k/metaData_fma_large/row75760.csv
SKIPPING: metaTables/vocal_music_demucs_16k/metaData_fma_large/row75761.csv
SKIPPING: metaTables/vocal_music_demucs_16k/metaData_fma_large/row75762.csv
SKIPPING: metaTables/vocal_music_demucs_16k/metaData_fma_large/row75763.csv
SKIPPING: metaTables/vocal_music_demucs_16k/metaData_fma_large/row75764.csv
SKIPPING: metaTables/vocal_music_demucs_16k/metaData_fma_large/row75765.csv
SKIPPING: metaTables/vocal_music_demucs_16k/metaData_fma_large/row75766.csv
SKIPPING: metaTables/vocal_music_demucs_16k/metaData_fma_large/row75767.csv
SKIPPING: metaTables/vocal_music_demucs_16k/metaData_fma_large/row75768.csv
SKIPPING: metaTables/vocal_music_demucs_16k/metaData_fma_large/row75769.csv
SKIPPING: metaTables/vocal_music_demucs_16k/metaData_fma_large/row75770.csv
SKIPPING: metaTables/vocal_music_demucs_16k/metaData_fma_large/row75771.csv
SKIPPING: metaTables/vocal_music_demucs_16k/metaData_fma_large/row75772.csv
SKIPPING: metaTables/vocal_music_demucs_16k/metaData_fma_large/row75773.csv
SKIPPING: metaTables/vocal_music_demucs_16k/metaData_fma_large/row75774.csv
SKIPPING: metaTables/vocal_music_demucs_16k/metaData_fma_large/row75775.csv
SKIPPING: metaTables/vocal_music_demucs_16k/metaData_fma_large/row75776.csv
SKIPPING: metaTables/vocal_music_demucs_16k/metaData_fma_large/row75777.csv
SKIPPING: metaTables/vocal_music_demucs_16k/metaData_fma_large/row75778.csv
SKIPPING: metaTables/vocal_music_demucs_16k/metaData_fma_large/row75779.csv
SKIPPING: metaTables/vocal_music_demucs_16k/metaData_fma_large/row75780.csv
SKIPPING: metaTables/vocal_music_demucs_16k/metaData_fma_large/row75781.csv
SKIPPING: metaTables/vocal_music_demucs_16k/metaData_fma_large/row75782.csv
SKIPPING: metaTables/vocal_music_demucs_16k/metaData_fma_large/row75783.csv
SKIPPING: metaTables/vocal_music_demucs_16k/metaData_fma_large/row75784.csv
SKIPPING: metaTables/vocal_music_demucs_16k/metaData_fma_large/row75785.csv
SKIPPING: metaTables/vocal_music_demucs_16k/metaData_fma_large/row75786.csv
SKIPPING: metaTables/vocal_music_demucs_16k/metaData_fma_large/row75787.csv
SKIPPING: metaTables/vocal_music_demucs_16k/metaData_fma_large/row75788.csv
SKIPPING: metaTables/vocal_music_demucs_16k/metaData_fma_large/row75789.csv
SKIPPING: metaTables/vocal_music_demucs_16k/metaData_fma_large/row75790.csv
SKIPPING: metaTables/vocal_music_demucs_16k/metaData_fma_large/row75791.csv
SKIPPING: metaTables/vocal_music_demucs_16k/metaData_fma_large/row75792.csv
SKIPPING: metaTables/vocal_music_demucs_16k/metaData_fma_large/row75793.csv
SKIPPING: metaTables/vocal_music_demucs_16k/metaData_fma_large/row75794.csv
SKIPPING: metaTables/vocal_music_demucs_16k/metaData_fma_large/row75795.csv
SKIPPING: metaTables/vocal_music_demucs_16k/metaData_fma_large/row75796.csv
SKIPPING: metaTables/vocal_music_demucs_16k/metaData_fma_large/row75797.csv
SKIPPING: metaTables/vocal_music_demucs_16k/metaData_fma_large/row75798.csv
SKIPPING: metaTables/vocal_music_demucs_16k/metaData_fma_large/row75799.csv
Demucs voice recognition done!
