/ext3/demucs/lib/python3.9/site-packages/demucs/api.py:27: UserWarning: TorchAudio's global backend is now deprecated. Please enable distpatcher by setting `TORCHAUDIO_USE_BACKEND_DISPATCHER=1`, and specify backend when calling load/info/save function.
  import torchaudio as ta
2024-05-08 23:36:04.639269: I tensorflow/core/util/port.cc:113] oneDNN custom operations are on. You may see slightly different numerical results due to floating-point round-off errors from different computation orders. To turn them off, set the environment variable `TF_ENABLE_ONEDNN_OPTS=0`.
2024-05-08 23:36:08.291460: E external/local_xla/xla/stream_executor/cuda/cuda_dnn.cc:9261] Unable to register cuDNN factory: Attempting to register factory for plugin cuDNN when one has already been registered
2024-05-08 23:36:08.291503: E external/local_xla/xla/stream_executor/cuda/cuda_fft.cc:607] Unable to register cuFFT factory: Attempting to register factory for plugin cuFFT when one has already been registered
2024-05-08 23:36:08.654090: E external/local_xla/xla/stream_executor/cuda/cuda_blas.cc:1515] Unable to register cuBLAS factory: Attempting to register factory for plugin cuBLAS when one has already been registered
2024-05-08 23:36:09.180657: I tensorflow/core/platform/cpu_feature_guard.cc:182] This TensorFlow binary is optimized to use available CPU instructions in performance-critical operations.
To enable the following instructions: AVX2 AVX512F AVX512_VNNI FMA, in other operations, rebuild TensorFlow with the appropriate compiler flags.
2024-05-08 23:36:14.117557: W tensorflow/compiler/tf2tensorrt/utils/py_utils.cc:38] TF-TRT Warning: Could not find TensorRT
Execution time: 29.399986028671265 seconds
metaTables/vocal_music_demucs_16k/metaData_fma_large/row10400.csv
Execution time: 25.51095223426819 seconds
metaTables/vocal_music_demucs_16k/metaData_fma_large/row10401.csv
Execution time: 25.47348403930664 seconds
metaTables/vocal_music_demucs_16k/metaData_fma_large/row10402.csv
Execution time: 26.771410942077637 seconds
metaTables/vocal_music_demucs_16k/metaData_fma_large/row10403.csv
Execution time: 26.35969305038452 seconds
metaTables/vocal_music_demucs_16k/metaData_fma_large/row10404.csv
Execution time: 26.04512095451355 seconds
metaTables/vocal_music_demucs_16k/metaData_fma_large/row10405.csv
Execution time: 25.60624647140503 seconds
metaTables/vocal_music_demucs_16k/metaData_fma_large/row10406.csv
Execution time: 25.91376495361328 seconds
metaTables/vocal_music_demucs_16k/metaData_fma_large/row10407.csv
Execution time: 25.590824604034424 seconds
metaTables/vocal_music_demucs_16k/metaData_fma_large/row10408.csv
Execution time: 25.230257034301758 seconds
metaTables/vocal_music_demucs_16k/metaData_fma_large/row10409.csv
Execution time: 25.720319509506226 seconds
metaTables/vocal_music_demucs_16k/metaData_fma_large/row10410.csv
Execution time: 26.21947979927063 seconds
metaTables/vocal_music_demucs_16k/metaData_fma_large/row10411.csv
Execution time: 25.908727884292603 seconds
metaTables/vocal_music_demucs_16k/metaData_fma_large/row10412.csv
Execution time: 25.931485652923584 seconds
metaTables/vocal_music_demucs_16k/metaData_fma_large/row10413.csv
Execution time: 25.701862335205078 seconds
metaTables/vocal_music_demucs_16k/metaData_fma_large/row10414.csv
Execution time: 25.92263627052307 seconds
metaTables/vocal_music_demucs_16k/metaData_fma_large/row10415.csv
Execution time: 25.645660400390625 seconds
metaTables/vocal_music_demucs_16k/metaData_fma_large/row10416.csv
Execution time: 26.00789713859558 seconds
metaTables/vocal_music_demucs_16k/metaData_fma_large/row10417.csv
Execution time: 26.745402574539185 seconds
metaTables/vocal_music_demucs_16k/metaData_fma_large/row10418.csv
Execution time: 26.092521905899048 seconds
metaTables/vocal_music_demucs_16k/metaData_fma_large/row10419.csv
Execution time: 26.624124765396118 seconds
metaTables/vocal_music_demucs_16k/metaData_fma_large/row10420.csv
Execution time: 26.136622667312622 seconds
metaTables/vocal_music_demucs_16k/metaData_fma_large/row10421.csv
Execution time: 26.05808663368225 seconds
metaTables/vocal_music_demucs_16k/metaData_fma_large/row10422.csv
Execution time: 26.166582584381104 seconds
metaTables/vocal_music_demucs_16k/metaData_fma_large/row10423.csv
Execution time: 27.386908292770386 seconds
metaTables/vocal_music_demucs_16k/metaData_fma_large/row10424.csv
Execution time: 26.11249589920044 seconds
metaTables/vocal_music_demucs_16k/metaData_fma_large/row10425.csv
Execution time: 25.395138263702393 seconds
metaTables/vocal_music_demucs_16k/metaData_fma_large/row10426.csv
Execution time: 25.32890820503235 seconds
metaTables/vocal_music_demucs_16k/metaData_fma_large/row10427.csv
Execution time: 24.857300758361816 seconds
metaTables/vocal_music_demucs_16k/metaData_fma_large/row10428.csv
Execution time: 25.91955542564392 seconds
metaTables/vocal_music_demucs_16k/metaData_fma_large/row10429.csv
Execution time: 97.06212878227234 seconds
metaTables/vocal_music_demucs_16k/metaData_fma_large/row10430.csv
Execution time: 26.26806330680847 seconds
metaTables/vocal_music_demucs_16k/metaData_fma_large/row10431.csv
Execution time: 25.871529817581177 seconds
metaTables/vocal_music_demucs_16k/metaData_fma_large/row10432.csv
Execution time: 25.909943103790283 seconds
metaTables/vocal_music_demucs_16k/metaData_fma_large/row10433.csv
Execution time: 26.391752004623413 seconds
metaTables/vocal_music_demucs_16k/metaData_fma_large/row10434.csv
Execution time: 26.183155298233032 seconds
metaTables/vocal_music_demucs_16k/metaData_fma_large/row10435.csv
Execution time: 27.280741453170776 seconds
metaTables/vocal_music_demucs_16k/metaData_fma_large/row10436.csv
Execution time: 26.79211926460266 seconds
metaTables/vocal_music_demucs_16k/metaData_fma_large/row10437.csv
Execution time: 26.46419644355774 seconds
metaTables/vocal_music_demucs_16k/metaData_fma_large/row10438.csv
Execution time: 25.529138326644897 seconds
metaTables/vocal_music_demucs_16k/metaData_fma_large/row10439.csv
Execution time: 26.218083143234253 seconds
metaTables/vocal_music_demucs_16k/metaData_fma_large/row10440.csv
Execution time: 26.316919803619385 seconds
metaTables/vocal_music_demucs_16k/metaData_fma_large/row10441.csv
Execution time: 25.646353721618652 seconds
metaTables/vocal_music_demucs_16k/metaData_fma_large/row10442.csv
Execution time: 26.73755431175232 seconds
metaTables/vocal_music_demucs_16k/metaData_fma_large/row10443.csv
Execution time: 25.410272121429443 seconds
metaTables/vocal_music_demucs_16k/metaData_fma_large/row10444.csv
Execution time: 25.803417205810547 seconds
metaTables/vocal_music_demucs_16k/metaData_fma_large/row10445.csv
Execution time: 25.82155728340149 seconds
metaTables/vocal_music_demucs_16k/metaData_fma_large/row10446.csv
Execution time: 25.960314750671387 seconds
metaTables/vocal_music_demucs_16k/metaData_fma_large/row10447.csv
Execution time: 28.70002007484436 seconds
metaTables/vocal_music_demucs_16k/metaData_fma_large/row10448.csv
Execution time: 26.62009620666504 seconds
metaTables/vocal_music_demucs_16k/metaData_fma_large/row10449.csv
Execution time: 25.820192337036133 seconds
metaTables/vocal_music_demucs_16k/metaData_fma_large/row10450.csv
Execution time: 24.677336931228638 seconds
metaTables/vocal_music_demucs_16k/metaData_fma_large/row10451.csv
Execution time: 26.37607455253601 seconds
metaTables/vocal_music_demucs_16k/metaData_fma_large/row10452.csv
Execution time: 25.808238744735718 seconds
metaTables/vocal_music_demucs_16k/metaData_fma_large/row10453.csv
Execution time: 25.653301239013672 seconds
metaTables/vocal_music_demucs_16k/metaData_fma_large/row10454.csv
Execution time: 25.27901864051819 seconds
metaTables/vocal_music_demucs_16k/metaData_fma_large/row10455.csv
Execution time: 27.466521978378296 seconds
metaTables/vocal_music_demucs_16k/metaData_fma_large/row10456.csv
Execution time: 26.232712030410767 seconds
metaTables/vocal_music_demucs_16k/metaData_fma_large/row10457.csv
Execution time: 26.740004539489746 seconds
metaTables/vocal_music_demucs_16k/metaData_fma_large/row10458.csv
Execution time: 25.362125396728516 seconds
metaTables/vocal_music_demucs_16k/metaData_fma_large/row10459.csv
Execution time: 25.972525119781494 seconds
metaTables/vocal_music_demucs_16k/metaData_fma_large/row10460.csv
Execution time: 27.201934337615967 seconds
metaTables/vocal_music_demucs_16k/metaData_fma_large/row10461.csv
Execution time: 25.972713232040405 seconds
metaTables/vocal_music_demucs_16k/metaData_fma_large/row10462.csv
Execution time: 26.584838151931763 seconds
metaTables/vocal_music_demucs_16k/metaData_fma_large/row10463.csv
Execution time: 27.625210523605347 seconds
metaTables/vocal_music_demucs_16k/metaData_fma_large/row10464.csv
Execution time: 26.52970266342163 seconds
metaTables/vocal_music_demucs_16k/metaData_fma_large/row10465.csv
Execution time: 31.251280784606934 seconds
metaTables/vocal_music_demucs_16k/metaData_fma_large/row10466.csv
Execution time: 24.91655993461609 seconds
metaTables/vocal_music_demucs_16k/metaData_fma_large/row10467.csv
Execution time: 25.8069851398468 seconds
metaTables/vocal_music_demucs_16k/metaData_fma_large/row10468.csv
Execution time: 24.695651054382324 seconds
metaTables/vocal_music_demucs_16k/metaData_fma_large/row10469.csv
Execution time: 26.225994110107422 seconds
metaTables/vocal_music_demucs_16k/metaData_fma_large/row10470.csv
Execution time: 25.746412992477417 seconds
metaTables/vocal_music_demucs_16k/metaData_fma_large/row10471.csv
Execution time: 26.340309619903564 seconds
metaTables/vocal_music_demucs_16k/metaData_fma_large/row10472.csv
Execution time: 27.679604530334473 seconds
metaTables/vocal_music_demucs_16k/metaData_fma_large/row10473.csv
Execution time: 25.822837352752686 seconds
metaTables/vocal_music_demucs_16k/metaData_fma_large/row10474.csv
Execution time: 13.179747819900513 seconds
metaTables/vocal_music_demucs_16k/metaData_fma_large/row10475.csv
Execution time: 24.506263732910156 seconds
metaTables/vocal_music_demucs_16k/metaData_fma_large/row10476.csv
Execution time: 25.208467721939087 seconds
metaTables/vocal_music_demucs_16k/metaData_fma_large/row10477.csv
Execution time: 25.090230703353882 seconds
metaTables/vocal_music_demucs_16k/metaData_fma_large/row10478.csv
Execution time: 26.44159960746765 seconds
metaTables/vocal_music_demucs_16k/metaData_fma_large/row10479.csv
Execution time: 26.043553829193115 seconds
metaTables/vocal_music_demucs_16k/metaData_fma_large/row10480.csv
Execution time: 25.590373516082764 seconds
metaTables/vocal_music_demucs_16k/metaData_fma_large/row10481.csv
Execution time: 25.353167295455933 seconds
metaTables/vocal_music_demucs_16k/metaData_fma_large/row10482.csv
Execution time: 26.371545791625977 seconds
metaTables/vocal_music_demucs_16k/metaData_fma_large/row10483.csv
Execution time: 25.434673070907593 seconds
metaTables/vocal_music_demucs_16k/metaData_fma_large/row10484.csv
Execution time: 26.18781590461731 seconds
metaTables/vocal_music_demucs_16k/metaData_fma_large/row10485.csv
Execution time: 26.07959246635437 seconds
metaTables/vocal_music_demucs_16k/metaData_fma_large/row10486.csv
Execution time: 25.582165479660034 seconds
metaTables/vocal_music_demucs_16k/metaData_fma_large/row10487.csv
Execution time: 25.822701930999756 seconds
metaTables/vocal_music_demucs_16k/metaData_fma_large/row10488.csv
Execution time: 25.476956605911255 seconds
metaTables/vocal_music_demucs_16k/metaData_fma_large/row10489.csv
Execution time: 25.683390855789185 seconds
metaTables/vocal_music_demucs_16k/metaData_fma_large/row10490.csv
Execution time: 25.698391914367676 seconds
metaTables/vocal_music_demucs_16k/metaData_fma_large/row10491.csv
Execution time: 24.227836847305298 seconds
metaTables/vocal_music_demucs_16k/metaData_fma_large/row10492.csv
Execution time: 26.139499187469482 seconds
metaTables/vocal_music_demucs_16k/metaData_fma_large/row10493.csv
Execution time: 26.482866287231445 seconds
metaTables/vocal_music_demucs_16k/metaData_fma_large/row10494.csv
Execution time: 25.91528081893921 seconds
metaTables/vocal_music_demucs_16k/metaData_fma_large/row10495.csv
Execution time: 25.356398344039917 seconds
metaTables/vocal_music_demucs_16k/metaData_fma_large/row10496.csv
Execution time: 25.029521703720093 seconds
metaTables/vocal_music_demucs_16k/metaData_fma_large/row10497.csv
Execution time: 25.17421317100525 seconds
metaTables/vocal_music_demucs_16k/metaData_fma_large/row10498.csv
Execution time: 25.330518007278442 seconds
metaTables/vocal_music_demucs_16k/metaData_fma_large/row10499.csv
Demucs voice recognition done!
