/ext3/demucs/lib/python3.9/site-packages/demucs/api.py:27: UserWarning: TorchAudio's global backend is now deprecated. Please enable distpatcher by setting `TORCHAUDIO_USE_BACKEND_DISPATCHER=1`, and specify backend when calling load/info/save function.
  import torchaudio as ta
2024-05-10 11:35:18.880179: I tensorflow/core/util/port.cc:113] oneDNN custom operations are on. You may see slightly different numerical results due to floating-point round-off errors from different computation orders. To turn them off, set the environment variable `TF_ENABLE_ONEDNN_OPTS=0`.
2024-05-10 11:35:19.674472: E external/local_xla/xla/stream_executor/cuda/cuda_dnn.cc:9261] Unable to register cuDNN factory: Attempting to register factory for plugin cuDNN when one has already been registered
2024-05-10 11:35:19.674519: E external/local_xla/xla/stream_executor/cuda/cuda_fft.cc:607] Unable to register cuFFT factory: Attempting to register factory for plugin cuFFT when one has already been registered
2024-05-10 11:35:19.816480: E external/local_xla/xla/stream_executor/cuda/cuda_blas.cc:1515] Unable to register cuBLAS factory: Attempting to register factory for plugin cuBLAS when one has already been registered
2024-05-10 11:35:20.032558: I tensorflow/core/platform/cpu_feature_guard.cc:182] This TensorFlow binary is optimized to use available CPU instructions in performance-critical operations.
To enable the following instructions: AVX2 AVX512F AVX512_VNNI FMA, in other operations, rebuild TensorFlow with the appropriate compiler flags.
2024-05-10 11:35:21.104650: W tensorflow/compiler/tf2tensorrt/utils/py_utils.cc:38] TF-TRT Warning: Could not find TensorRT
Execution time: 31.4359028339386 seconds
metaTables/vocal_music_demucs_16k/metaData_fma_large/row96500.csv
Execution time: 28.455472707748413 seconds
metaTables/vocal_music_demucs_16k/metaData_fma_large/row96501.csv
Execution time: 28.65608501434326 seconds
metaTables/vocal_music_demucs_16k/metaData_fma_large/row96502.csv
Execution time: 28.213798999786377 seconds
metaTables/vocal_music_demucs_16k/metaData_fma_large/row96503.csv
Execution time: 27.650349617004395 seconds
metaTables/vocal_music_demucs_16k/metaData_fma_large/row96504.csv
Execution time: 27.75184464454651 seconds
metaTables/vocal_music_demucs_16k/metaData_fma_large/row96505.csv
Execution time: 28.576862812042236 seconds
metaTables/vocal_music_demucs_16k/metaData_fma_large/row96506.csv
Execution time: 28.841455698013306 seconds
metaTables/vocal_music_demucs_16k/metaData_fma_large/row96507.csv
Execution time: 28.806002378463745 seconds
metaTables/vocal_music_demucs_16k/metaData_fma_large/row96508.csv
Execution time: 28.647626161575317 seconds
metaTables/vocal_music_demucs_16k/metaData_fma_large/row96509.csv
Execution time: 28.325220584869385 seconds
metaTables/vocal_music_demucs_16k/metaData_fma_large/row96510.csv
Execution time: 28.83596968650818 seconds
metaTables/vocal_music_demucs_16k/metaData_fma_large/row96511.csv
Execution time: 28.730841875076294 seconds
metaTables/vocal_music_demucs_16k/metaData_fma_large/row96512.csv
Execution time: 28.803550004959106 seconds
metaTables/vocal_music_demucs_16k/metaData_fma_large/row96513.csv
Execution time: 29.363740921020508 seconds
metaTables/vocal_music_demucs_16k/metaData_fma_large/row96514.csv
Execution time: 28.22860288619995 seconds
metaTables/vocal_music_demucs_16k/metaData_fma_large/row96515.csv
Execution time: 28.398220777511597 seconds
metaTables/vocal_music_demucs_16k/metaData_fma_large/row96516.csv
Execution time: 28.709600687026978 seconds
metaTables/vocal_music_demucs_16k/metaData_fma_large/row96517.csv
Execution time: 29.569897890090942 seconds
metaTables/vocal_music_demucs_16k/metaData_fma_large/row96518.csv
Execution time: 29.54656982421875 seconds
metaTables/vocal_music_demucs_16k/metaData_fma_large/row96519.csv
Execution time: 29.27008819580078 seconds
metaTables/vocal_music_demucs_16k/metaData_fma_large/row96520.csv
Execution time: 15.315526723861694 seconds
metaTables/vocal_music_demucs_16k/metaData_fma_large/row96521.csv
Execution time: 29.34647274017334 seconds
metaTables/vocal_music_demucs_16k/metaData_fma_large/row96522.csv
Execution time: 30.442410707473755 seconds
metaTables/vocal_music_demucs_16k/metaData_fma_large/row96523.csv
Execution time: 28.83326268196106 seconds
metaTables/vocal_music_demucs_16k/metaData_fma_large/row96524.csv
Execution time: 28.63596510887146 seconds
metaTables/vocal_music_demucs_16k/metaData_fma_large/row96525.csv
Execution time: 29.773106813430786 seconds
metaTables/vocal_music_demucs_16k/metaData_fma_large/row96526.csv
Execution time: 27.504440784454346 seconds
metaTables/vocal_music_demucs_16k/metaData_fma_large/row96527.csv
Execution time: 28.210070610046387 seconds
metaTables/vocal_music_demucs_16k/metaData_fma_large/row96528.csv
Execution time: 29.125643968582153 seconds
metaTables/vocal_music_demucs_16k/metaData_fma_large/row96529.csv
Execution time: 30.68501615524292 seconds
metaTables/vocal_music_demucs_16k/metaData_fma_large/row96530.csv
Execution time: 28.75437593460083 seconds
metaTables/vocal_music_demucs_16k/metaData_fma_large/row96531.csv
Execution time: 29.696153163909912 seconds
metaTables/vocal_music_demucs_16k/metaData_fma_large/row96532.csv
Execution time: 27.932345390319824 seconds
metaTables/vocal_music_demucs_16k/metaData_fma_large/row96533.csv
Execution time: 28.96843934059143 seconds
metaTables/vocal_music_demucs_16k/metaData_fma_large/row96534.csv
Execution time: 29.58301043510437 seconds
metaTables/vocal_music_demucs_16k/metaData_fma_large/row96535.csv
Execution time: 27.459309577941895 seconds
metaTables/vocal_music_demucs_16k/metaData_fma_large/row96536.csv
Execution time: 28.5543155670166 seconds
metaTables/vocal_music_demucs_16k/metaData_fma_large/row96537.csv
Execution time: 18.78596591949463 seconds
metaTables/vocal_music_demucs_16k/metaData_fma_large/row96538.csv
Execution time: 28.506816387176514 seconds
metaTables/vocal_music_demucs_16k/metaData_fma_large/row96539.csv
Execution time: 28.89353036880493 seconds
metaTables/vocal_music_demucs_16k/metaData_fma_large/row96540.csv
Execution time: 27.623833656311035 seconds
metaTables/vocal_music_demucs_16k/metaData_fma_large/row96541.csv
Execution time: 27.72642755508423 seconds
metaTables/vocal_music_demucs_16k/metaData_fma_large/row96542.csv
Execution time: 29.89418315887451 seconds
metaTables/vocal_music_demucs_16k/metaData_fma_large/row96543.csv
Execution time: 27.86293053627014 seconds
metaTables/vocal_music_demucs_16k/metaData_fma_large/row96544.csv
Execution time: 30.755791664123535 seconds
metaTables/vocal_music_demucs_16k/metaData_fma_large/row96545.csv
Execution time: 28.77628993988037 seconds
metaTables/vocal_music_demucs_16k/metaData_fma_large/row96546.csv
Execution time: 29.12484073638916 seconds
metaTables/vocal_music_demucs_16k/metaData_fma_large/row96547.csv
Execution time: 19.081377506256104 seconds
metaTables/vocal_music_demucs_16k/metaData_fma_large/row96548.csv
Execution time: 29.5989089012146 seconds
metaTables/vocal_music_demucs_16k/metaData_fma_large/row96549.csv
Execution time: 28.690680027008057 seconds
metaTables/vocal_music_demucs_16k/metaData_fma_large/row96550.csv
Execution time: 29.26979899406433 seconds
metaTables/vocal_music_demucs_16k/metaData_fma_large/row96551.csv
Execution time: 28.575442790985107 seconds
metaTables/vocal_music_demucs_16k/metaData_fma_large/row96552.csv
Execution time: 28.3954758644104 seconds
metaTables/vocal_music_demucs_16k/metaData_fma_large/row96553.csv
Execution time: 28.19774317741394 seconds
metaTables/vocal_music_demucs_16k/metaData_fma_large/row96554.csv
Execution time: 29.800246000289917 seconds
metaTables/vocal_music_demucs_16k/metaData_fma_large/row96555.csv
Execution time: 28.29911160469055 seconds
metaTables/vocal_music_demucs_16k/metaData_fma_large/row96556.csv
Execution time: 29.546201705932617 seconds
metaTables/vocal_music_demucs_16k/metaData_fma_large/row96557.csv
Execution time: 29.78671360015869 seconds
metaTables/vocal_music_demucs_16k/metaData_fma_large/row96558.csv
Execution time: 28.895919799804688 seconds
metaTables/vocal_music_demucs_16k/metaData_fma_large/row96559.csv
Execution time: 28.9510657787323 seconds
metaTables/vocal_music_demucs_16k/metaData_fma_large/row96560.csv
Execution time: 29.385664701461792 seconds
metaTables/vocal_music_demucs_16k/metaData_fma_large/row96561.csv
Execution time: 28.839582681655884 seconds
metaTables/vocal_music_demucs_16k/metaData_fma_large/row96562.csv
Execution time: 26.802904844284058 seconds
metaTables/vocal_music_demucs_16k/metaData_fma_large/row96563.csv
Execution time: 28.91190528869629 seconds
metaTables/vocal_music_demucs_16k/metaData_fma_large/row96564.csv
Execution time: 29.17009162902832 seconds
metaTables/vocal_music_demucs_16k/metaData_fma_large/row96565.csv
Execution time: 28.286876916885376 seconds
metaTables/vocal_music_demucs_16k/metaData_fma_large/row96566.csv
Execution time: 29.17722201347351 seconds
metaTables/vocal_music_demucs_16k/metaData_fma_large/row96567.csv
Execution time: 28.347543001174927 seconds
metaTables/vocal_music_demucs_16k/metaData_fma_large/row96568.csv
Execution time: 28.267855644226074 seconds
metaTables/vocal_music_demucs_16k/metaData_fma_large/row96569.csv
Execution time: 29.185632705688477 seconds
metaTables/vocal_music_demucs_16k/metaData_fma_large/row96570.csv
Execution time: 32.328468322753906 seconds
metaTables/vocal_music_demucs_16k/metaData_fma_large/row96571.csv
Execution time: 29.526538372039795 seconds
metaTables/vocal_music_demucs_16k/metaData_fma_large/row96572.csv
Execution time: 28.970569133758545 seconds
metaTables/vocal_music_demucs_16k/metaData_fma_large/row96573.csv
Execution time: 28.803096532821655 seconds
metaTables/vocal_music_demucs_16k/metaData_fma_large/row96574.csv
Execution time: 29.22170615196228 seconds
metaTables/vocal_music_demucs_16k/metaData_fma_large/row96575.csv
Execution time: 27.92822003364563 seconds
metaTables/vocal_music_demucs_16k/metaData_fma_large/row96576.csv
Execution time: 27.517046689987183 seconds
metaTables/vocal_music_demucs_16k/metaData_fma_large/row96577.csv
Execution time: 14.181488990783691 seconds
metaTables/vocal_music_demucs_16k/metaData_fma_large/row96578.csv
Execution time: 29.294083833694458 seconds
metaTables/vocal_music_demucs_16k/metaData_fma_large/row96579.csv
Execution time: 9.976433038711548 seconds
metaTables/vocal_music_demucs_16k/metaData_fma_large/row96580.csv
Execution time: 29.018826484680176 seconds
metaTables/vocal_music_demucs_16k/metaData_fma_large/row96581.csv
Execution time: 29.72004747390747 seconds
metaTables/vocal_music_demucs_16k/metaData_fma_large/row96582.csv
Execution time: 28.333541870117188 seconds
metaTables/vocal_music_demucs_16k/metaData_fma_large/row96583.csv
Execution time: 28.351993083953857 seconds
metaTables/vocal_music_demucs_16k/metaData_fma_large/row96584.csv
Execution time: 28.90712022781372 seconds
metaTables/vocal_music_demucs_16k/metaData_fma_large/row96585.csv
Execution time: 28.835959911346436 seconds
metaTables/vocal_music_demucs_16k/metaData_fma_large/row96586.csv
Execution time: 28.842824459075928 seconds
metaTables/vocal_music_demucs_16k/metaData_fma_large/row96587.csv
Execution time: 28.730364084243774 seconds
metaTables/vocal_music_demucs_16k/metaData_fma_large/row96588.csv
Execution time: 28.64896273612976 seconds
metaTables/vocal_music_demucs_16k/metaData_fma_large/row96589.csv
Execution time: 31.10847568511963 seconds
metaTables/vocal_music_demucs_16k/metaData_fma_large/row96590.csv
Execution time: 28.380712509155273 seconds
metaTables/vocal_music_demucs_16k/metaData_fma_large/row96591.csv
Execution time: 28.95594096183777 seconds
metaTables/vocal_music_demucs_16k/metaData_fma_large/row96592.csv
Execution time: 29.84394383430481 seconds
metaTables/vocal_music_demucs_16k/metaData_fma_large/row96593.csv
Execution time: 28.371557474136353 seconds
metaTables/vocal_music_demucs_16k/metaData_fma_large/row96594.csv
Execution time: 27.775885343551636 seconds
metaTables/vocal_music_demucs_16k/metaData_fma_large/row96595.csv
Execution time: 29.623446702957153 seconds
metaTables/vocal_music_demucs_16k/metaData_fma_large/row96596.csv
Execution time: 29.305630445480347 seconds
metaTables/vocal_music_demucs_16k/metaData_fma_large/row96597.csv
Execution time: 28.603437185287476 seconds
metaTables/vocal_music_demucs_16k/metaData_fma_large/row96598.csv
Execution time: 26.58650279045105 seconds
metaTables/vocal_music_demucs_16k/metaData_fma_large/row96599.csv
Demucs voice recognition done!
