/ext3/demucs/lib/python3.9/site-packages/demucs/api.py:27: UserWarning: TorchAudio's global backend is now deprecated. Please enable distpatcher by setting `TORCHAUDIO_USE_BACKEND_DISPATCHER=1`, and specify backend when calling load/info/save function.
  import torchaudio as ta
2024-05-10 02:04:24.869990: I tensorflow/core/util/port.cc:113] oneDNN custom operations are on. You may see slightly different numerical results due to floating-point round-off errors from different computation orders. To turn them off, set the environment variable `TF_ENABLE_ONEDNN_OPTS=0`.
2024-05-10 02:04:25.184938: E external/local_xla/xla/stream_executor/cuda/cuda_dnn.cc:9261] Unable to register cuDNN factory: Attempting to register factory for plugin cuDNN when one has already been registered
2024-05-10 02:04:25.184973: E external/local_xla/xla/stream_executor/cuda/cuda_fft.cc:607] Unable to register cuFFT factory: Attempting to register factory for plugin cuFFT when one has already been registered
2024-05-10 02:04:25.212040: E external/local_xla/xla/stream_executor/cuda/cuda_blas.cc:1515] Unable to register cuBLAS factory: Attempting to register factory for plugin cuBLAS when one has already been registered
2024-05-10 02:04:25.271616: I tensorflow/core/platform/cpu_feature_guard.cc:182] This TensorFlow binary is optimized to use available CPU instructions in performance-critical operations.
To enable the following instructions: AVX2 AVX512F AVX512_VNNI FMA, in other operations, rebuild TensorFlow with the appropriate compiler flags.
2024-05-10 02:04:26.180867: W tensorflow/compiler/tf2tensorrt/utils/py_utils.cc:38] TF-TRT Warning: Could not find TensorRT
Execution time: 29.219879388809204 seconds
metaTables/vocal_music_demucs_16k/metaData_fma_large/row91100.csv
Execution time: 28.34046983718872 seconds
metaTables/vocal_music_demucs_16k/metaData_fma_large/row91101.csv
Execution time: 28.98638391494751 seconds
metaTables/vocal_music_demucs_16k/metaData_fma_large/row91102.csv
Execution time: 27.99131202697754 seconds
metaTables/vocal_music_demucs_16k/metaData_fma_large/row91103.csv
Execution time: 18.535544633865356 seconds
metaTables/vocal_music_demucs_16k/metaData_fma_large/row91104.csv
Execution time: 28.671825647354126 seconds
metaTables/vocal_music_demucs_16k/metaData_fma_large/row91105.csv
Execution time: 27.46903157234192 seconds
metaTables/vocal_music_demucs_16k/metaData_fma_large/row91106.csv
Execution time: 18.517846822738647 seconds
metaTables/vocal_music_demucs_16k/metaData_fma_large/row91107.csv
Execution time: 28.085532188415527 seconds
metaTables/vocal_music_demucs_16k/metaData_fma_large/row91108.csv
Execution time: 27.01297926902771 seconds
metaTables/vocal_music_demucs_16k/metaData_fma_large/row91109.csv
Execution time: 27.848039388656616 seconds
metaTables/vocal_music_demucs_16k/metaData_fma_large/row91110.csv
Execution time: 28.66987633705139 seconds
metaTables/vocal_music_demucs_16k/metaData_fma_large/row91111.csv
Execution time: 27.089213848114014 seconds
metaTables/vocal_music_demucs_16k/metaData_fma_large/row91112.csv
Execution time: 29.281340837478638 seconds
metaTables/vocal_music_demucs_16k/metaData_fma_large/row91113.csv
Execution time: 27.64835023880005 seconds
metaTables/vocal_music_demucs_16k/metaData_fma_large/row91114.csv
Execution time: 27.593851804733276 seconds
metaTables/vocal_music_demucs_16k/metaData_fma_large/row91115.csv
Execution time: 27.60528564453125 seconds
metaTables/vocal_music_demucs_16k/metaData_fma_large/row91116.csv
Execution time: 27.091156721115112 seconds
metaTables/vocal_music_demucs_16k/metaData_fma_large/row91117.csv
Execution time: 27.477229595184326 seconds
metaTables/vocal_music_demucs_16k/metaData_fma_large/row91118.csv
Execution time: 27.366849660873413 seconds
metaTables/vocal_music_demucs_16k/metaData_fma_large/row91119.csv
Execution time: 27.406019687652588 seconds
metaTables/vocal_music_demucs_16k/metaData_fma_large/row91120.csv
Execution time: 27.889097929000854 seconds
metaTables/vocal_music_demucs_16k/metaData_fma_large/row91121.csv
Execution time: 27.473163843154907 seconds
metaTables/vocal_music_demucs_16k/metaData_fma_large/row91122.csv
Execution time: 27.940792322158813 seconds
metaTables/vocal_music_demucs_16k/metaData_fma_large/row91123.csv
Execution time: 27.8226637840271 seconds
metaTables/vocal_music_demucs_16k/metaData_fma_large/row91124.csv
Execution time: 28.253355264663696 seconds
metaTables/vocal_music_demucs_16k/metaData_fma_large/row91125.csv
Execution time: 29.451022386550903 seconds
metaTables/vocal_music_demucs_16k/metaData_fma_large/row91126.csv
Execution time: 28.16370391845703 seconds
metaTables/vocal_music_demucs_16k/metaData_fma_large/row91127.csv
Execution time: 28.354418754577637 seconds
metaTables/vocal_music_demucs_16k/metaData_fma_large/row91128.csv
Execution time: 27.977937936782837 seconds
metaTables/vocal_music_demucs_16k/metaData_fma_large/row91129.csv
Execution time: 28.919997692108154 seconds
metaTables/vocal_music_demucs_16k/metaData_fma_large/row91130.csv
Execution time: 28.349709033966064 seconds
metaTables/vocal_music_demucs_16k/metaData_fma_large/row91131.csv
Execution time: 27.708662033081055 seconds
metaTables/vocal_music_demucs_16k/metaData_fma_large/row91132.csv
Execution time: 28.185970067977905 seconds
metaTables/vocal_music_demucs_16k/metaData_fma_large/row91133.csv
Execution time: 27.969037771224976 seconds
metaTables/vocal_music_demucs_16k/metaData_fma_large/row91134.csv
Execution time: 27.782171726226807 seconds
metaTables/vocal_music_demucs_16k/metaData_fma_large/row91135.csv
Execution time: 27.163215398788452 seconds
metaTables/vocal_music_demucs_16k/metaData_fma_large/row91136.csv
Execution time: 28.20169758796692 seconds
metaTables/vocal_music_demucs_16k/metaData_fma_large/row91137.csv
Execution time: 19.169970512390137 seconds
metaTables/vocal_music_demucs_16k/metaData_fma_large/row91138.csv
Execution time: 29.980469465255737 seconds
metaTables/vocal_music_demucs_16k/metaData_fma_large/row91139.csv
Execution time: 27.851285457611084 seconds
metaTables/vocal_music_demucs_16k/metaData_fma_large/row91140.csv
Execution time: 27.72226071357727 seconds
metaTables/vocal_music_demucs_16k/metaData_fma_large/row91141.csv
Execution time: 28.80270528793335 seconds
metaTables/vocal_music_demucs_16k/metaData_fma_large/row91142.csv
Execution time: 28.62254548072815 seconds
metaTables/vocal_music_demucs_16k/metaData_fma_large/row91143.csv
Execution time: 30.501218557357788 seconds
metaTables/vocal_music_demucs_16k/metaData_fma_large/row91144.csv
Execution time: 28.30008554458618 seconds
metaTables/vocal_music_demucs_16k/metaData_fma_large/row91145.csv
Execution time: 27.953242778778076 seconds
metaTables/vocal_music_demucs_16k/metaData_fma_large/row91146.csv
Execution time: 28.667140007019043 seconds
metaTables/vocal_music_demucs_16k/metaData_fma_large/row91147.csv
Execution time: 28.170154809951782 seconds
metaTables/vocal_music_demucs_16k/metaData_fma_large/row91148.csv
Execution time: 28.162548065185547 seconds
metaTables/vocal_music_demucs_16k/metaData_fma_large/row91149.csv
Execution time: 27.953243732452393 seconds
metaTables/vocal_music_demucs_16k/metaData_fma_large/row91150.csv
Execution time: 27.118261575698853 seconds
metaTables/vocal_music_demucs_16k/metaData_fma_large/row91151.csv
Execution time: 26.231499195098877 seconds
metaTables/vocal_music_demucs_16k/metaData_fma_large/row91152.csv
Execution time: 26.692192792892456 seconds
metaTables/vocal_music_demucs_16k/metaData_fma_large/row91153.csv
Execution time: 28.040004014968872 seconds
metaTables/vocal_music_demucs_16k/metaData_fma_large/row91154.csv
Execution time: 27.498058319091797 seconds
metaTables/vocal_music_demucs_16k/metaData_fma_large/row91155.csv
Execution time: 28.45101499557495 seconds
metaTables/vocal_music_demucs_16k/metaData_fma_large/row91156.csv
Execution time: 27.2934672832489 seconds
metaTables/vocal_music_demucs_16k/metaData_fma_large/row91157.csv
Execution time: 27.461851358413696 seconds
metaTables/vocal_music_demucs_16k/metaData_fma_large/row91158.csv
Execution time: 27.991156578063965 seconds
metaTables/vocal_music_demucs_16k/metaData_fma_large/row91159.csv
Execution time: 23.073400259017944 seconds
metaTables/vocal_music_demucs_16k/metaData_fma_large/row91160.csv
Execution time: 27.602638721466064 seconds
metaTables/vocal_music_demucs_16k/metaData_fma_large/row91161.csv
Execution time: 27.104807376861572 seconds
metaTables/vocal_music_demucs_16k/metaData_fma_large/row91162.csv
Execution time: 27.322654008865356 seconds
metaTables/vocal_music_demucs_16k/metaData_fma_large/row91163.csv
Execution time: 27.11058521270752 seconds
metaTables/vocal_music_demucs_16k/metaData_fma_large/row91164.csv
Execution time: 27.134133338928223 seconds
metaTables/vocal_music_demucs_16k/metaData_fma_large/row91165.csv
Execution time: 27.395252227783203 seconds
metaTables/vocal_music_demucs_16k/metaData_fma_large/row91166.csv
Execution time: 28.399592399597168 seconds
metaTables/vocal_music_demucs_16k/metaData_fma_large/row91167.csv
Execution time: 27.590692043304443 seconds
metaTables/vocal_music_demucs_16k/metaData_fma_large/row91168.csv
Execution time: 27.891056299209595 seconds
metaTables/vocal_music_demucs_16k/metaData_fma_large/row91169.csv
Execution time: 27.375152349472046 seconds
metaTables/vocal_music_demucs_16k/metaData_fma_large/row91170.csv
Execution time: 27.40143895149231 seconds
metaTables/vocal_music_demucs_16k/metaData_fma_large/row91171.csv
Execution time: 27.26440167427063 seconds
metaTables/vocal_music_demucs_16k/metaData_fma_large/row91172.csv
Execution time: 29.85464358329773 seconds
metaTables/vocal_music_demucs_16k/metaData_fma_large/row91173.csv
Execution time: 28.721766710281372 seconds
metaTables/vocal_music_demucs_16k/metaData_fma_large/row91174.csv
Execution time: 27.494038581848145 seconds
metaTables/vocal_music_demucs_16k/metaData_fma_large/row91175.csv
Execution time: 27.786350965499878 seconds
metaTables/vocal_music_demucs_16k/metaData_fma_large/row91176.csv
Execution time: 26.963211059570312 seconds
metaTables/vocal_music_demucs_16k/metaData_fma_large/row91177.csv
Execution time: 28.311035871505737 seconds
metaTables/vocal_music_demucs_16k/metaData_fma_large/row91178.csv
Execution time: 28.15109086036682 seconds
metaTables/vocal_music_demucs_16k/metaData_fma_large/row91179.csv
Execution time: 28.273369312286377 seconds
metaTables/vocal_music_demucs_16k/metaData_fma_large/row91180.csv
Execution time: 27.116981506347656 seconds
metaTables/vocal_music_demucs_16k/metaData_fma_large/row91181.csv
Execution time: 29.08724331855774 seconds
metaTables/vocal_music_demucs_16k/metaData_fma_large/row91182.csv
Execution time: 28.612268209457397 seconds
metaTables/vocal_music_demucs_16k/metaData_fma_large/row91183.csv
Execution time: 29.65371298789978 seconds
metaTables/vocal_music_demucs_16k/metaData_fma_large/row91184.csv
Execution time: 27.353307962417603 seconds
metaTables/vocal_music_demucs_16k/metaData_fma_large/row91185.csv
Execution time: 28.945793390274048 seconds
metaTables/vocal_music_demucs_16k/metaData_fma_large/row91186.csv
Execution time: 27.08704686164856 seconds
metaTables/vocal_music_demucs_16k/metaData_fma_large/row91187.csv
Execution time: 28.291369199752808 seconds
metaTables/vocal_music_demucs_16k/metaData_fma_large/row91188.csv
Execution time: 27.09722089767456 seconds
metaTables/vocal_music_demucs_16k/metaData_fma_large/row91189.csv
Execution time: 28.06580901145935 seconds
metaTables/vocal_music_demucs_16k/metaData_fma_large/row91190.csv
Execution time: 28.939761638641357 seconds
metaTables/vocal_music_demucs_16k/metaData_fma_large/row91191.csv
Execution time: 28.36610698699951 seconds
metaTables/vocal_music_demucs_16k/metaData_fma_large/row91192.csv
Execution time: 28.15985941886902 seconds
metaTables/vocal_music_demucs_16k/metaData_fma_large/row91193.csv
Execution time: 28.470274209976196 seconds
metaTables/vocal_music_demucs_16k/metaData_fma_large/row91194.csv
Execution time: 27.464908361434937 seconds
metaTables/vocal_music_demucs_16k/metaData_fma_large/row91195.csv
Execution time: 27.506784915924072 seconds
metaTables/vocal_music_demucs_16k/metaData_fma_large/row91196.csv
Execution time: 27.954840421676636 seconds
metaTables/vocal_music_demucs_16k/metaData_fma_large/row91197.csv
Execution time: 29.655873775482178 seconds
metaTables/vocal_music_demucs_16k/metaData_fma_large/row91198.csv
Execution time: 27.238959550857544 seconds
metaTables/vocal_music_demucs_16k/metaData_fma_large/row91199.csv
Demucs voice recognition done!
