/ext3/demucs/lib/python3.9/site-packages/demucs/api.py:27: UserWarning: TorchAudio's global backend is now deprecated. Please enable distpatcher by setting `TORCHAUDIO_USE_BACKEND_DISPATCHER=1`, and specify backend when calling load/info/save function.
  import torchaudio as ta
2024-05-10 01:27:24.168980: I tensorflow/core/util/port.cc:113] oneDNN custom operations are on. You may see slightly different numerical results due to floating-point round-off errors from different computation orders. To turn them off, set the environment variable `TF_ENABLE_ONEDNN_OPTS=0`.
2024-05-10 01:27:24.422664: E external/local_xla/xla/stream_executor/cuda/cuda_dnn.cc:9261] Unable to register cuDNN factory: Attempting to register factory for plugin cuDNN when one has already been registered
2024-05-10 01:27:24.422701: E external/local_xla/xla/stream_executor/cuda/cuda_fft.cc:607] Unable to register cuFFT factory: Attempting to register factory for plugin cuFFT when one has already been registered
2024-05-10 01:27:24.444344: E external/local_xla/xla/stream_executor/cuda/cuda_blas.cc:1515] Unable to register cuBLAS factory: Attempting to register factory for plugin cuBLAS when one has already been registered
2024-05-10 01:27:24.483691: I tensorflow/core/platform/cpu_feature_guard.cc:182] This TensorFlow binary is optimized to use available CPU instructions in performance-critical operations.
To enable the following instructions: AVX2 AVX512F AVX512_VNNI FMA, in other operations, rebuild TensorFlow with the appropriate compiler flags.
2024-05-10 01:27:25.469963: W tensorflow/compiler/tf2tensorrt/utils/py_utils.cc:38] TF-TRT Warning: Could not find TensorRT
SKIPPING: metaTables/vocal_music_demucs_16k/metaData_fma_large/row2700.csv
SKIPPING: metaTables/vocal_music_demucs_16k/metaData_fma_large/row2701.csv
SKIPPING: metaTables/vocal_music_demucs_16k/metaData_fma_large/row2702.csv
SKIPPING: metaTables/vocal_music_demucs_16k/metaData_fma_large/row2703.csv
SKIPPING: metaTables/vocal_music_demucs_16k/metaData_fma_large/row2704.csv
SKIPPING: metaTables/vocal_music_demucs_16k/metaData_fma_large/row2705.csv
SKIPPING: metaTables/vocal_music_demucs_16k/metaData_fma_large/row2706.csv
SKIPPING: metaTables/vocal_music_demucs_16k/metaData_fma_large/row2707.csv
SKIPPING: metaTables/vocal_music_demucs_16k/metaData_fma_large/row2708.csv
SKIPPING: metaTables/vocal_music_demucs_16k/metaData_fma_large/row2709.csv
SKIPPING: metaTables/vocal_music_demucs_16k/metaData_fma_large/row2710.csv
SKIPPING: metaTables/vocal_music_demucs_16k/metaData_fma_large/row2711.csv
SKIPPING: metaTables/vocal_music_demucs_16k/metaData_fma_large/row2712.csv
SKIPPING: metaTables/vocal_music_demucs_16k/metaData_fma_large/row2713.csv
SKIPPING: metaTables/vocal_music_demucs_16k/metaData_fma_large/row2714.csv
SKIPPING: metaTables/vocal_music_demucs_16k/metaData_fma_large/row2715.csv
SKIPPING: metaTables/vocal_music_demucs_16k/metaData_fma_large/row2716.csv
Execution time: 26.457271099090576 seconds
metaTables/vocal_music_demucs_16k/metaData_fma_large/row2717.csv
Execution time: 24.1974995136261 seconds
metaTables/vocal_music_demucs_16k/metaData_fma_large/row2718.csv
Execution time: 24.971532344818115 seconds
metaTables/vocal_music_demucs_16k/metaData_fma_large/row2719.csv
Execution time: 25.056637287139893 seconds
metaTables/vocal_music_demucs_16k/metaData_fma_large/row2720.csv
Execution time: 24.81600308418274 seconds
metaTables/vocal_music_demucs_16k/metaData_fma_large/row2721.csv
Execution time: 25.449722051620483 seconds
metaTables/vocal_music_demucs_16k/metaData_fma_large/row2722.csv
Execution time: 24.86455202102661 seconds
metaTables/vocal_music_demucs_16k/metaData_fma_large/row2723.csv
Execution time: 24.58027672767639 seconds
metaTables/vocal_music_demucs_16k/metaData_fma_large/row2724.csv
Execution time: 24.85533618927002 seconds
metaTables/vocal_music_demucs_16k/metaData_fma_large/row2725.csv
Execution time: 24.393888235092163 seconds
metaTables/vocal_music_demucs_16k/metaData_fma_large/row2726.csv
Execution time: 24.418116092681885 seconds
metaTables/vocal_music_demucs_16k/metaData_fma_large/row2727.csv
Execution time: 24.67275309562683 seconds
metaTables/vocal_music_demucs_16k/metaData_fma_large/row2728.csv
Execution time: 24.540066719055176 seconds
metaTables/vocal_music_demucs_16k/metaData_fma_large/row2729.csv
Execution time: 25.59354853630066 seconds
metaTables/vocal_music_demucs_16k/metaData_fma_large/row2730.csv
Execution time: 24.710782527923584 seconds
metaTables/vocal_music_demucs_16k/metaData_fma_large/row2731.csv
Execution time: 25.568264722824097 seconds
metaTables/vocal_music_demucs_16k/metaData_fma_large/row2732.csv
Execution time: 16.881513118743896 seconds
metaTables/vocal_music_demucs_16k/metaData_fma_large/row2733.csv
Execution time: 24.50813627243042 seconds
metaTables/vocal_music_demucs_16k/metaData_fma_large/row2734.csv
Execution time: 24.735898971557617 seconds
metaTables/vocal_music_demucs_16k/metaData_fma_large/row2735.csv
Execution time: 24.52371835708618 seconds
metaTables/vocal_music_demucs_16k/metaData_fma_large/row2736.csv
Execution time: 25.20203471183777 seconds
metaTables/vocal_music_demucs_16k/metaData_fma_large/row2737.csv
Execution time: 24.894237995147705 seconds
metaTables/vocal_music_demucs_16k/metaData_fma_large/row2738.csv
Execution time: 25.295688152313232 seconds
metaTables/vocal_music_demucs_16k/metaData_fma_large/row2739.csv
Execution time: 24.83311891555786 seconds
metaTables/vocal_music_demucs_16k/metaData_fma_large/row2740.csv
Execution time: 24.848471641540527 seconds
metaTables/vocal_music_demucs_16k/metaData_fma_large/row2741.csv
Execution time: 25.025458097457886 seconds
metaTables/vocal_music_demucs_16k/metaData_fma_large/row2742.csv
Execution time: 25.901060104370117 seconds
metaTables/vocal_music_demucs_16k/metaData_fma_large/row2743.csv
Execution time: 24.880918264389038 seconds
metaTables/vocal_music_demucs_16k/metaData_fma_large/row2744.csv
Execution time: 24.60247778892517 seconds
metaTables/vocal_music_demucs_16k/metaData_fma_large/row2745.csv
Execution time: 25.647228956222534 seconds
metaTables/vocal_music_demucs_16k/metaData_fma_large/row2746.csv
Execution time: 24.322640419006348 seconds
metaTables/vocal_music_demucs_16k/metaData_fma_large/row2747.csv
Execution time: 25.78381872177124 seconds
metaTables/vocal_music_demucs_16k/metaData_fma_large/row2748.csv
Execution time: 25.128986597061157 seconds
metaTables/vocal_music_demucs_16k/metaData_fma_large/row2749.csv
Execution time: 25.15547275543213 seconds
metaTables/vocal_music_demucs_16k/metaData_fma_large/row2750.csv
Execution time: 25.522046089172363 seconds
metaTables/vocal_music_demucs_16k/metaData_fma_large/row2751.csv
Execution time: 25.029979705810547 seconds
metaTables/vocal_music_demucs_16k/metaData_fma_large/row2752.csv
Execution time: 25.492894649505615 seconds
metaTables/vocal_music_demucs_16k/metaData_fma_large/row2753.csv
Execution time: 25.64369821548462 seconds
metaTables/vocal_music_demucs_16k/metaData_fma_large/row2754.csv
Execution time: 24.13784670829773 seconds
metaTables/vocal_music_demucs_16k/metaData_fma_large/row2755.csv
Execution time: 24.674694776535034 seconds
metaTables/vocal_music_demucs_16k/metaData_fma_large/row2756.csv
Execution time: 25.745150566101074 seconds
metaTables/vocal_music_demucs_16k/metaData_fma_large/row2757.csv
Execution time: 25.16999053955078 seconds
metaTables/vocal_music_demucs_16k/metaData_fma_large/row2758.csv
Execution time: 25.217042922973633 seconds
metaTables/vocal_music_demucs_16k/metaData_fma_large/row2759.csv
Execution time: 25.802529335021973 seconds
metaTables/vocal_music_demucs_16k/metaData_fma_large/row2760.csv
Execution time: 24.998850345611572 seconds
metaTables/vocal_music_demucs_16k/metaData_fma_large/row2761.csv
Execution time: 25.15334391593933 seconds
metaTables/vocal_music_demucs_16k/metaData_fma_large/row2762.csv
Execution time: 26.218411684036255 seconds
metaTables/vocal_music_demucs_16k/metaData_fma_large/row2763.csv
Execution time: 25.18453359603882 seconds
metaTables/vocal_music_demucs_16k/metaData_fma_large/row2764.csv
Execution time: 25.353434324264526 seconds
metaTables/vocal_music_demucs_16k/metaData_fma_large/row2765.csv
Execution time: 25.349417686462402 seconds
metaTables/vocal_music_demucs_16k/metaData_fma_large/row2766.csv
Execution time: 25.35346484184265 seconds
metaTables/vocal_music_demucs_16k/metaData_fma_large/row2767.csv
Execution time: 24.871001482009888 seconds
metaTables/vocal_music_demucs_16k/metaData_fma_large/row2768.csv
Execution time: 25.06601905822754 seconds
metaTables/vocal_music_demucs_16k/metaData_fma_large/row2769.csv
Execution time: 25.61933207511902 seconds
metaTables/vocal_music_demucs_16k/metaData_fma_large/row2770.csv
Execution time: 20.866124153137207 seconds
metaTables/vocal_music_demucs_16k/metaData_fma_large/row2771.csv
Execution time: 24.939730882644653 seconds
metaTables/vocal_music_demucs_16k/metaData_fma_large/row2772.csv
Execution time: 24.55702042579651 seconds
metaTables/vocal_music_demucs_16k/metaData_fma_large/row2773.csv
Execution time: 25.547534942626953 seconds
metaTables/vocal_music_demucs_16k/metaData_fma_large/row2774.csv
Execution time: 25.638960123062134 seconds
metaTables/vocal_music_demucs_16k/metaData_fma_large/row2775.csv
Execution time: 25.512638807296753 seconds
metaTables/vocal_music_demucs_16k/metaData_fma_large/row2776.csv
Execution time: 24.60988187789917 seconds
metaTables/vocal_music_demucs_16k/metaData_fma_large/row2777.csv
Execution time: 27.185597896575928 seconds
metaTables/vocal_music_demucs_16k/metaData_fma_large/row2778.csv
Execution time: 24.846099853515625 seconds
metaTables/vocal_music_demucs_16k/metaData_fma_large/row2779.csv
Execution time: 25.088337659835815 seconds
metaTables/vocal_music_demucs_16k/metaData_fma_large/row2780.csv
Execution time: 24.451277017593384 seconds
metaTables/vocal_music_demucs_16k/metaData_fma_large/row2781.csv
Execution time: 24.56006908416748 seconds
metaTables/vocal_music_demucs_16k/metaData_fma_large/row2782.csv
Execution time: 17.184129238128662 seconds
metaTables/vocal_music_demucs_16k/metaData_fma_large/row2783.csv
Execution time: 25.933029890060425 seconds
metaTables/vocal_music_demucs_16k/metaData_fma_large/row2784.csv
Execution time: 24.159139156341553 seconds
metaTables/vocal_music_demucs_16k/metaData_fma_large/row2785.csv
Execution time: 25.189491510391235 seconds
metaTables/vocal_music_demucs_16k/metaData_fma_large/row2786.csv
Execution time: 24.731854677200317 seconds
metaTables/vocal_music_demucs_16k/metaData_fma_large/row2787.csv
Execution time: 26.752036809921265 seconds
metaTables/vocal_music_demucs_16k/metaData_fma_large/row2788.csv
Execution time: 25.680049657821655 seconds
metaTables/vocal_music_demucs_16k/metaData_fma_large/row2789.csv
Execution time: 24.610122442245483 seconds
metaTables/vocal_music_demucs_16k/metaData_fma_large/row2790.csv
Execution time: 24.94735336303711 seconds
metaTables/vocal_music_demucs_16k/metaData_fma_large/row2791.csv
Execution time: 25.511327981948853 seconds
metaTables/vocal_music_demucs_16k/metaData_fma_large/row2792.csv
Execution time: 25.340401649475098 seconds
metaTables/vocal_music_demucs_16k/metaData_fma_large/row2793.csv
Execution time: 24.289434671401978 seconds
metaTables/vocal_music_demucs_16k/metaData_fma_large/row2794.csv
Execution time: 25.34454345703125 seconds
metaTables/vocal_music_demucs_16k/metaData_fma_large/row2795.csv
Execution time: 25.024833917617798 seconds
metaTables/vocal_music_demucs_16k/metaData_fma_large/row2796.csv
Execution time: 25.733839988708496 seconds
metaTables/vocal_music_demucs_16k/metaData_fma_large/row2797.csv
Execution time: 25.69184708595276 seconds
metaTables/vocal_music_demucs_16k/metaData_fma_large/row2798.csv
Execution time: 25.516483545303345 seconds
metaTables/vocal_music_demucs_16k/metaData_fma_large/row2799.csv
Demucs voice recognition done!
