/ext3/demucs/lib/python3.9/site-packages/demucs/api.py:27: UserWarning: TorchAudio's global backend is now deprecated. Please enable distpatcher by setting `TORCHAUDIO_USE_BACKEND_DISPATCHER=1`, and specify backend when calling load/info/save function.
  import torchaudio as ta
2024-05-09 09:22:24.711391: I tensorflow/core/util/port.cc:113] oneDNN custom operations are on. You may see slightly different numerical results due to floating-point round-off errors from different computation orders. To turn them off, set the environment variable `TF_ENABLE_ONEDNN_OPTS=0`.
2024-05-09 09:22:25.074560: E external/local_xla/xla/stream_executor/cuda/cuda_dnn.cc:9261] Unable to register cuDNN factory: Attempting to register factory for plugin cuDNN when one has already been registered
2024-05-09 09:22:25.074599: E external/local_xla/xla/stream_executor/cuda/cuda_fft.cc:607] Unable to register cuFFT factory: Attempting to register factory for plugin cuFFT when one has already been registered
2024-05-09 09:22:25.104175: E external/local_xla/xla/stream_executor/cuda/cuda_blas.cc:1515] Unable to register cuBLAS factory: Attempting to register factory for plugin cuBLAS when one has already been registered
2024-05-09 09:22:25.162857: I tensorflow/core/platform/cpu_feature_guard.cc:182] This TensorFlow binary is optimized to use available CPU instructions in performance-critical operations.
To enable the following instructions: AVX2 AVX512F AVX512_VNNI FMA, in other operations, rebuild TensorFlow with the appropriate compiler flags.
2024-05-09 09:22:26.094675: W tensorflow/compiler/tf2tensorrt/utils/py_utils.cc:38] TF-TRT Warning: Could not find TensorRT
SKIPPING: metaTables/vocal_music_demucs_16k/metaData_fma_large/row92800.csv
SKIPPING: metaTables/vocal_music_demucs_16k/metaData_fma_large/row92801.csv
SKIPPING: metaTables/vocal_music_demucs_16k/metaData_fma_large/row92802.csv
SKIPPING: metaTables/vocal_music_demucs_16k/metaData_fma_large/row92803.csv
SKIPPING: metaTables/vocal_music_demucs_16k/metaData_fma_large/row92804.csv
SKIPPING: metaTables/vocal_music_demucs_16k/metaData_fma_large/row92805.csv
SKIPPING: metaTables/vocal_music_demucs_16k/metaData_fma_large/row92806.csv
SKIPPING: metaTables/vocal_music_demucs_16k/metaData_fma_large/row92807.csv
SKIPPING: metaTables/vocal_music_demucs_16k/metaData_fma_large/row92808.csv
SKIPPING: metaTables/vocal_music_demucs_16k/metaData_fma_large/row92809.csv
SKIPPING: metaTables/vocal_music_demucs_16k/metaData_fma_large/row92810.csv
SKIPPING: metaTables/vocal_music_demucs_16k/metaData_fma_large/row92811.csv
SKIPPING: metaTables/vocal_music_demucs_16k/metaData_fma_large/row92812.csv
SKIPPING: metaTables/vocal_music_demucs_16k/metaData_fma_large/row92813.csv
SKIPPING: metaTables/vocal_music_demucs_16k/metaData_fma_large/row92814.csv
SKIPPING: metaTables/vocal_music_demucs_16k/metaData_fma_large/row92815.csv
SKIPPING: metaTables/vocal_music_demucs_16k/metaData_fma_large/row92816.csv
SKIPPING: metaTables/vocal_music_demucs_16k/metaData_fma_large/row92817.csv
SKIPPING: metaTables/vocal_music_demucs_16k/metaData_fma_large/row92818.csv
SKIPPING: metaTables/vocal_music_demucs_16k/metaData_fma_large/row92819.csv
SKIPPING: metaTables/vocal_music_demucs_16k/metaData_fma_large/row92820.csv
SKIPPING: metaTables/vocal_music_demucs_16k/metaData_fma_large/row92821.csv
SKIPPING: metaTables/vocal_music_demucs_16k/metaData_fma_large/row92822.csv
SKIPPING: metaTables/vocal_music_demucs_16k/metaData_fma_large/row92823.csv
SKIPPING: metaTables/vocal_music_demucs_16k/metaData_fma_large/row92824.csv
SKIPPING: metaTables/vocal_music_demucs_16k/metaData_fma_large/row92825.csv
SKIPPING: metaTables/vocal_music_demucs_16k/metaData_fma_large/row92826.csv
SKIPPING: metaTables/vocal_music_demucs_16k/metaData_fma_large/row92827.csv
SKIPPING: metaTables/vocal_music_demucs_16k/metaData_fma_large/row92828.csv
SKIPPING: metaTables/vocal_music_demucs_16k/metaData_fma_large/row92829.csv
SKIPPING: metaTables/vocal_music_demucs_16k/metaData_fma_large/row92830.csv
SKIPPING: metaTables/vocal_music_demucs_16k/metaData_fma_large/row92831.csv
SKIPPING: metaTables/vocal_music_demucs_16k/metaData_fma_large/row92832.csv
SKIPPING: metaTables/vocal_music_demucs_16k/metaData_fma_large/row92833.csv
SKIPPING: metaTables/vocal_music_demucs_16k/metaData_fma_large/row92834.csv
SKIPPING: metaTables/vocal_music_demucs_16k/metaData_fma_large/row92835.csv
SKIPPING: metaTables/vocal_music_demucs_16k/metaData_fma_large/row92836.csv
SKIPPING: metaTables/vocal_music_demucs_16k/metaData_fma_large/row92837.csv
SKIPPING: metaTables/vocal_music_demucs_16k/metaData_fma_large/row92838.csv
SKIPPING: metaTables/vocal_music_demucs_16k/metaData_fma_large/row92839.csv
SKIPPING: metaTables/vocal_music_demucs_16k/metaData_fma_large/row92840.csv
SKIPPING: metaTables/vocal_music_demucs_16k/metaData_fma_large/row92841.csv
SKIPPING: metaTables/vocal_music_demucs_16k/metaData_fma_large/row92842.csv
SKIPPING: metaTables/vocal_music_demucs_16k/metaData_fma_large/row92843.csv
SKIPPING: metaTables/vocal_music_demucs_16k/metaData_fma_large/row92844.csv
SKIPPING: metaTables/vocal_music_demucs_16k/metaData_fma_large/row92845.csv
SKIPPING: metaTables/vocal_music_demucs_16k/metaData_fma_large/row92846.csv
SKIPPING: metaTables/vocal_music_demucs_16k/metaData_fma_large/row92847.csv
SKIPPING: metaTables/vocal_music_demucs_16k/metaData_fma_large/row92848.csv
SKIPPING: metaTables/vocal_music_demucs_16k/metaData_fma_large/row92849.csv
SKIPPING: metaTables/vocal_music_demucs_16k/metaData_fma_large/row92850.csv
SKIPPING: metaTables/vocal_music_demucs_16k/metaData_fma_large/row92851.csv
SKIPPING: metaTables/vocal_music_demucs_16k/metaData_fma_large/row92852.csv
SKIPPING: metaTables/vocal_music_demucs_16k/metaData_fma_large/row92853.csv
SKIPPING: metaTables/vocal_music_demucs_16k/metaData_fma_large/row92854.csv
SKIPPING: metaTables/vocal_music_demucs_16k/metaData_fma_large/row92855.csv
SKIPPING: metaTables/vocal_music_demucs_16k/metaData_fma_large/row92856.csv
SKIPPING: metaTables/vocal_music_demucs_16k/metaData_fma_large/row92857.csv
SKIPPING: metaTables/vocal_music_demucs_16k/metaData_fma_large/row92858.csv
SKIPPING: metaTables/vocal_music_demucs_16k/metaData_fma_large/row92859.csv
SKIPPING: metaTables/vocal_music_demucs_16k/metaData_fma_large/row92860.csv
SKIPPING: metaTables/vocal_music_demucs_16k/metaData_fma_large/row92861.csv
SKIPPING: metaTables/vocal_music_demucs_16k/metaData_fma_large/row92862.csv
SKIPPING: metaTables/vocal_music_demucs_16k/metaData_fma_large/row92863.csv
SKIPPING: metaTables/vocal_music_demucs_16k/metaData_fma_large/row92864.csv
SKIPPING: metaTables/vocal_music_demucs_16k/metaData_fma_large/row92865.csv
SKIPPING: metaTables/vocal_music_demucs_16k/metaData_fma_large/row92866.csv
SKIPPING: metaTables/vocal_music_demucs_16k/metaData_fma_large/row92867.csv
SKIPPING: metaTables/vocal_music_demucs_16k/metaData_fma_large/row92868.csv
SKIPPING: metaTables/vocal_music_demucs_16k/metaData_fma_large/row92869.csv
SKIPPING: metaTables/vocal_music_demucs_16k/metaData_fma_large/row92870.csv
SKIPPING: metaTables/vocal_music_demucs_16k/metaData_fma_large/row92871.csv
SKIPPING: metaTables/vocal_music_demucs_16k/metaData_fma_large/row92872.csv
SKIPPING: metaTables/vocal_music_demucs_16k/metaData_fma_large/row92873.csv
SKIPPING: metaTables/vocal_music_demucs_16k/metaData_fma_large/row92874.csv
SKIPPING: metaTables/vocal_music_demucs_16k/metaData_fma_large/row92875.csv
SKIPPING: metaTables/vocal_music_demucs_16k/metaData_fma_large/row92876.csv
SKIPPING: metaTables/vocal_music_demucs_16k/metaData_fma_large/row92877.csv
SKIPPING: metaTables/vocal_music_demucs_16k/metaData_fma_large/row92878.csv
SKIPPING: metaTables/vocal_music_demucs_16k/metaData_fma_large/row92879.csv
SKIPPING: metaTables/vocal_music_demucs_16k/metaData_fma_large/row92880.csv
SKIPPING: metaTables/vocal_music_demucs_16k/metaData_fma_large/row92881.csv
SKIPPING: metaTables/vocal_music_demucs_16k/metaData_fma_large/row92882.csv
SKIPPING: metaTables/vocal_music_demucs_16k/metaData_fma_large/row92883.csv
SKIPPING: metaTables/vocal_music_demucs_16k/metaData_fma_large/row92884.csv
SKIPPING: metaTables/vocal_music_demucs_16k/metaData_fma_large/row92885.csv
SKIPPING: metaTables/vocal_music_demucs_16k/metaData_fma_large/row92886.csv
SKIPPING: metaTables/vocal_music_demucs_16k/metaData_fma_large/row92887.csv
SKIPPING: metaTables/vocal_music_demucs_16k/metaData_fma_large/row92888.csv
SKIPPING: metaTables/vocal_music_demucs_16k/metaData_fma_large/row92889.csv
SKIPPING: metaTables/vocal_music_demucs_16k/metaData_fma_large/row92890.csv
SKIPPING: metaTables/vocal_music_demucs_16k/metaData_fma_large/row92891.csv
SKIPPING: metaTables/vocal_music_demucs_16k/metaData_fma_large/row92892.csv
SKIPPING: metaTables/vocal_music_demucs_16k/metaData_fma_large/row92893.csv
SKIPPING: metaTables/vocal_music_demucs_16k/metaData_fma_large/row92894.csv
SKIPPING: metaTables/vocal_music_demucs_16k/metaData_fma_large/row92895.csv
SKIPPING: metaTables/vocal_music_demucs_16k/metaData_fma_large/row92896.csv
SKIPPING: metaTables/vocal_music_demucs_16k/metaData_fma_large/row92897.csv
SKIPPING: metaTables/vocal_music_demucs_16k/metaData_fma_large/row92898.csv
SKIPPING: metaTables/vocal_music_demucs_16k/metaData_fma_large/row92899.csv
Demucs voice recognition done!
