/ext3/demucs/lib/python3.9/site-packages/demucs/api.py:27: UserWarning: TorchAudio's global backend is now deprecated. Please enable distpatcher by setting `TORCHAUDIO_USE_BACKEND_DISPATCHER=1`, and specify backend when calling load/info/save function.
  import torchaudio as ta
2024-05-09 00:20:25.306188: I tensorflow/core/util/port.cc:113] oneDNN custom operations are on. You may see slightly different numerical results due to floating-point round-off errors from different computation orders. To turn them off, set the environment variable `TF_ENABLE_ONEDNN_OPTS=0`.
2024-05-09 00:20:26.645557: E external/local_xla/xla/stream_executor/cuda/cuda_dnn.cc:9261] Unable to register cuDNN factory: Attempting to register factory for plugin cuDNN when one has already been registered
2024-05-09 00:20:26.645603: E external/local_xla/xla/stream_executor/cuda/cuda_fft.cc:607] Unable to register cuFFT factory: Attempting to register factory for plugin cuFFT when one has already been registered
2024-05-09 00:20:26.724720: E external/local_xla/xla/stream_executor/cuda/cuda_blas.cc:1515] Unable to register cuBLAS factory: Attempting to register factory for plugin cuBLAS when one has already been registered
2024-05-09 00:20:26.869550: I tensorflow/core/platform/cpu_feature_guard.cc:182] This TensorFlow binary is optimized to use available CPU instructions in performance-critical operations.
To enable the following instructions: AVX2 AVX512F AVX512_VNNI FMA, in other operations, rebuild TensorFlow with the appropriate compiler flags.
2024-05-09 00:20:28.918346: W tensorflow/compiler/tf2tensorrt/utils/py_utils.cc:38] TF-TRT Warning: Could not find TensorRT
Execution time: 27.807344436645508 seconds
metaTables/vocal_music_demucs_16k/metaData_fma_large/row98700.csv
Execution time: 25.36678194999695 seconds
metaTables/vocal_music_demucs_16k/metaData_fma_large/row98701.csv
Execution time: 25.93683671951294 seconds
metaTables/vocal_music_demucs_16k/metaData_fma_large/row98702.csv
Execution time: 25.69449782371521 seconds
metaTables/vocal_music_demucs_16k/metaData_fma_large/row98703.csv
Execution time: 25.30534839630127 seconds
metaTables/vocal_music_demucs_16k/metaData_fma_large/row98704.csv
Execution time: 25.773519277572632 seconds
metaTables/vocal_music_demucs_16k/metaData_fma_large/row98705.csv
Execution time: 25.410534858703613 seconds
metaTables/vocal_music_demucs_16k/metaData_fma_large/row98706.csv
Execution time: 25.30022931098938 seconds
metaTables/vocal_music_demucs_16k/metaData_fma_large/row98707.csv
Execution time: 25.608031749725342 seconds
metaTables/vocal_music_demucs_16k/metaData_fma_large/row98708.csv
Execution time: 26.855441570281982 seconds
metaTables/vocal_music_demucs_16k/metaData_fma_large/row98709.csv
Execution time: 26.362135410308838 seconds
metaTables/vocal_music_demucs_16k/metaData_fma_large/row98710.csv
Execution time: 27.119436264038086 seconds
metaTables/vocal_music_demucs_16k/metaData_fma_large/row98711.csv
Execution time: 26.360471725463867 seconds
metaTables/vocal_music_demucs_16k/metaData_fma_large/row98712.csv
Execution time: 26.352229118347168 seconds
metaTables/vocal_music_demucs_16k/metaData_fma_large/row98713.csv
Execution time: 25.725412130355835 seconds
metaTables/vocal_music_demucs_16k/metaData_fma_large/row98714.csv
Execution time: 26.537286281585693 seconds
metaTables/vocal_music_demucs_16k/metaData_fma_large/row98715.csv
Execution time: 26.258885622024536 seconds
metaTables/vocal_music_demucs_16k/metaData_fma_large/row98716.csv
Execution time: 25.884769201278687 seconds
metaTables/vocal_music_demucs_16k/metaData_fma_large/row98717.csv
Execution time: 26.301862239837646 seconds
metaTables/vocal_music_demucs_16k/metaData_fma_large/row98718.csv
Execution time: 26.358779907226562 seconds
metaTables/vocal_music_demucs_16k/metaData_fma_large/row98719.csv
Execution time: 26.640445232391357 seconds
metaTables/vocal_music_demucs_16k/metaData_fma_large/row98720.csv
Execution time: 26.961028575897217 seconds
metaTables/vocal_music_demucs_16k/metaData_fma_large/row98721.csv
Execution time: 26.367727041244507 seconds
metaTables/vocal_music_demucs_16k/metaData_fma_large/row98722.csv
Execution time: 25.23128628730774 seconds
metaTables/vocal_music_demucs_16k/metaData_fma_large/row98723.csv
Execution time: 26.91922688484192 seconds
metaTables/vocal_music_demucs_16k/metaData_fma_large/row98724.csv
Execution time: 26.206752061843872 seconds
metaTables/vocal_music_demucs_16k/metaData_fma_large/row98725.csv
Execution time: 27.24589991569519 seconds
metaTables/vocal_music_demucs_16k/metaData_fma_large/row98726.csv
Execution time: 26.395131587982178 seconds
metaTables/vocal_music_demucs_16k/metaData_fma_large/row98727.csv
Execution time: 26.19019103050232 seconds
metaTables/vocal_music_demucs_16k/metaData_fma_large/row98728.csv
Execution time: 26.546002626419067 seconds
metaTables/vocal_music_demucs_16k/metaData_fma_large/row98729.csv
Execution time: 26.26278328895569 seconds
metaTables/vocal_music_demucs_16k/metaData_fma_large/row98730.csv
Execution time: 26.36966323852539 seconds
metaTables/vocal_music_demucs_16k/metaData_fma_large/row98731.csv
Execution time: 25.910236597061157 seconds
metaTables/vocal_music_demucs_16k/metaData_fma_large/row98732.csv
Execution time: 25.97969388961792 seconds
metaTables/vocal_music_demucs_16k/metaData_fma_large/row98733.csv
Execution time: 25.920831203460693 seconds
metaTables/vocal_music_demucs_16k/metaData_fma_large/row98734.csv
Execution time: 25.982763051986694 seconds
metaTables/vocal_music_demucs_16k/metaData_fma_large/row98735.csv
Execution time: 26.83219599723816 seconds
metaTables/vocal_music_demucs_16k/metaData_fma_large/row98736.csv
Execution time: 26.050180435180664 seconds
metaTables/vocal_music_demucs_16k/metaData_fma_large/row98737.csv
Execution time: 26.68470048904419 seconds
metaTables/vocal_music_demucs_16k/metaData_fma_large/row98738.csv
Execution time: 26.95576810836792 seconds
metaTables/vocal_music_demucs_16k/metaData_fma_large/row98739.csv
Execution time: 26.562743425369263 seconds
metaTables/vocal_music_demucs_16k/metaData_fma_large/row98740.csv
Execution time: 25.75094509124756 seconds
metaTables/vocal_music_demucs_16k/metaData_fma_large/row98741.csv
Execution time: 26.928240299224854 seconds
metaTables/vocal_music_demucs_16k/metaData_fma_large/row98742.csv
Execution time: 25.446042776107788 seconds
metaTables/vocal_music_demucs_16k/metaData_fma_large/row98743.csv
Execution time: 26.187005281448364 seconds
metaTables/vocal_music_demucs_16k/metaData_fma_large/row98744.csv
Execution time: 26.688557624816895 seconds
metaTables/vocal_music_demucs_16k/metaData_fma_large/row98745.csv
Execution time: 29.46026110649109 seconds
metaTables/vocal_music_demucs_16k/metaData_fma_large/row98746.csv
Execution time: 26.46072769165039 seconds
metaTables/vocal_music_demucs_16k/metaData_fma_large/row98747.csv
Execution time: 25.52085256576538 seconds
metaTables/vocal_music_demucs_16k/metaData_fma_large/row98748.csv
Execution time: 27.4036762714386 seconds
metaTables/vocal_music_demucs_16k/metaData_fma_large/row98749.csv
Execution time: 27.916826725006104 seconds
metaTables/vocal_music_demucs_16k/metaData_fma_large/row98750.csv
Execution time: 26.27554678916931 seconds
metaTables/vocal_music_demucs_16k/metaData_fma_large/row98751.csv
Execution time: 26.564289569854736 seconds
metaTables/vocal_music_demucs_16k/metaData_fma_large/row98752.csv
Execution time: 26.97238540649414 seconds
metaTables/vocal_music_demucs_16k/metaData_fma_large/row98753.csv
Execution time: 27.638280391693115 seconds
metaTables/vocal_music_demucs_16k/metaData_fma_large/row98754.csv
Execution time: 25.83067297935486 seconds
metaTables/vocal_music_demucs_16k/metaData_fma_large/row98755.csv
Execution time: 27.04995608329773 seconds
metaTables/vocal_music_demucs_16k/metaData_fma_large/row98756.csv
Execution time: 26.948511600494385 seconds
metaTables/vocal_music_demucs_16k/metaData_fma_large/row98757.csv
Execution time: 26.12435531616211 seconds
metaTables/vocal_music_demucs_16k/metaData_fma_large/row98758.csv
Execution time: 24.98605251312256 seconds
metaTables/vocal_music_demucs_16k/metaData_fma_large/row98759.csv
Execution time: 26.095316648483276 seconds
metaTables/vocal_music_demucs_16k/metaData_fma_large/row98760.csv
Execution time: 26.351946592330933 seconds
metaTables/vocal_music_demucs_16k/metaData_fma_large/row98761.csv
Execution time: 26.341037273406982 seconds
metaTables/vocal_music_demucs_16k/metaData_fma_large/row98762.csv
Execution time: 26.34559154510498 seconds
metaTables/vocal_music_demucs_16k/metaData_fma_large/row98763.csv
Execution time: 26.05961561203003 seconds
metaTables/vocal_music_demucs_16k/metaData_fma_large/row98764.csv
Execution time: 25.835227966308594 seconds
metaTables/vocal_music_demucs_16k/metaData_fma_large/row98765.csv
Execution time: 26.173743963241577 seconds
metaTables/vocal_music_demucs_16k/metaData_fma_large/row98766.csv
Execution time: 26.695414066314697 seconds
metaTables/vocal_music_demucs_16k/metaData_fma_large/row98767.csv
Execution time: 25.94274115562439 seconds
metaTables/vocal_music_demucs_16k/metaData_fma_large/row98768.csv
Execution time: 26.64211344718933 seconds
metaTables/vocal_music_demucs_16k/metaData_fma_large/row98769.csv
Execution time: 25.690563678741455 seconds
metaTables/vocal_music_demucs_16k/metaData_fma_large/row98770.csv
Execution time: 26.076624155044556 seconds
metaTables/vocal_music_demucs_16k/metaData_fma_large/row98771.csv
Execution time: 26.761241912841797 seconds
metaTables/vocal_music_demucs_16k/metaData_fma_large/row98772.csv
Execution time: 26.128525733947754 seconds
metaTables/vocal_music_demucs_16k/metaData_fma_large/row98773.csv
Execution time: 26.90263080596924 seconds
metaTables/vocal_music_demucs_16k/metaData_fma_large/row98774.csv
Execution time: 26.90683102607727 seconds
metaTables/vocal_music_demucs_16k/metaData_fma_large/row98775.csv
Execution time: 26.99086022377014 seconds
metaTables/vocal_music_demucs_16k/metaData_fma_large/row98776.csv
Execution time: 26.40747833251953 seconds
metaTables/vocal_music_demucs_16k/metaData_fma_large/row98777.csv
Execution time: 25.508379220962524 seconds
metaTables/vocal_music_demucs_16k/metaData_fma_large/row98778.csv
Execution time: 25.748242378234863 seconds
metaTables/vocal_music_demucs_16k/metaData_fma_large/row98779.csv
Execution time: 26.493504285812378 seconds
metaTables/vocal_music_demucs_16k/metaData_fma_large/row98780.csv
Execution time: 26.341947555541992 seconds
metaTables/vocal_music_demucs_16k/metaData_fma_large/row98781.csv
Execution time: 27.964683771133423 seconds
metaTables/vocal_music_demucs_16k/metaData_fma_large/row98782.csv
Execution time: 26.791847705841064 seconds
metaTables/vocal_music_demucs_16k/metaData_fma_large/row98783.csv
Execution time: 26.506956577301025 seconds
metaTables/vocal_music_demucs_16k/metaData_fma_large/row98784.csv
Execution time: 26.92543888092041 seconds
metaTables/vocal_music_demucs_16k/metaData_fma_large/row98785.csv
Execution time: 26.259671211242676 seconds
metaTables/vocal_music_demucs_16k/metaData_fma_large/row98786.csv
Execution time: 26.45215630531311 seconds
metaTables/vocal_music_demucs_16k/metaData_fma_large/row98787.csv
Execution time: 25.865085124969482 seconds
metaTables/vocal_music_demucs_16k/metaData_fma_large/row98788.csv
Execution time: 27.539727210998535 seconds
metaTables/vocal_music_demucs_16k/metaData_fma_large/row98789.csv
Execution time: 26.780134201049805 seconds
metaTables/vocal_music_demucs_16k/metaData_fma_large/row98790.csv
Execution time: 25.897655487060547 seconds
metaTables/vocal_music_demucs_16k/metaData_fma_large/row98791.csv
Execution time: 26.373543739318848 seconds
metaTables/vocal_music_demucs_16k/metaData_fma_large/row98792.csv
Execution time: 26.83816933631897 seconds
metaTables/vocal_music_demucs_16k/metaData_fma_large/row98793.csv
Execution time: 27.156947374343872 seconds
metaTables/vocal_music_demucs_16k/metaData_fma_large/row98794.csv
Execution time: 25.730814695358276 seconds
metaTables/vocal_music_demucs_16k/metaData_fma_large/row98795.csv
Execution time: 26.29312515258789 seconds
metaTables/vocal_music_demucs_16k/metaData_fma_large/row98796.csv
Execution time: 25.845344305038452 seconds
metaTables/vocal_music_demucs_16k/metaData_fma_large/row98797.csv
Execution time: 26.82915449142456 seconds
metaTables/vocal_music_demucs_16k/metaData_fma_large/row98798.csv
Execution time: 25.74922251701355 seconds
metaTables/vocal_music_demucs_16k/metaData_fma_large/row98799.csv
Demucs voice recognition done!
