/ext3/demucs/lib/python3.9/site-packages/demucs/api.py:27: UserWarning: TorchAudio's global backend is now deprecated. Please enable distpatcher by setting `TORCHAUDIO_USE_BACKEND_DISPATCHER=1`, and specify backend when calling load/info/save function.
  import torchaudio as ta
2024-05-08 23:36:04.138883: I tensorflow/core/util/port.cc:113] oneDNN custom operations are on. You may see slightly different numerical results due to floating-point round-off errors from different computation orders. To turn them off, set the environment variable `TF_ENABLE_ONEDNN_OPTS=0`.
2024-05-08 23:36:08.313249: E external/local_xla/xla/stream_executor/cuda/cuda_dnn.cc:9261] Unable to register cuDNN factory: Attempting to register factory for plugin cuDNN when one has already been registered
2024-05-08 23:36:08.313289: E external/local_xla/xla/stream_executor/cuda/cuda_fft.cc:607] Unable to register cuFFT factory: Attempting to register factory for plugin cuFFT when one has already been registered
2024-05-08 23:36:08.647855: E external/local_xla/xla/stream_executor/cuda/cuda_blas.cc:1515] Unable to register cuBLAS factory: Attempting to register factory for plugin cuBLAS when one has already been registered
2024-05-08 23:36:09.139908: I tensorflow/core/platform/cpu_feature_guard.cc:182] This TensorFlow binary is optimized to use available CPU instructions in performance-critical operations.
To enable the following instructions: AVX2 AVX512F AVX512_VNNI FMA, in other operations, rebuild TensorFlow with the appropriate compiler flags.
2024-05-08 23:36:24.583481: W tensorflow/compiler/tf2tensorrt/utils/py_utils.cc:38] TF-TRT Warning: Could not find TensorRT
[src/libmpg123/layer3.c:INT123_do_layer3():1801] error: dequantization failed!
Execution time: 30.956806182861328 seconds
metaTables/vocal_music_demucs_16k/metaData_fma_large/row9600.csv
Execution time: 27.750422716140747 seconds
metaTables/vocal_music_demucs_16k/metaData_fma_large/row9601.csv
Execution time: 27.60867691040039 seconds
metaTables/vocal_music_demucs_16k/metaData_fma_large/row9602.csv
Execution time: 12.8459632396698 seconds
metaTables/vocal_music_demucs_16k/metaData_fma_large/row9603.csv
Execution time: 28.017954349517822 seconds
metaTables/vocal_music_demucs_16k/metaData_fma_large/row9604.csv
Execution time: 26.47110104560852 seconds
metaTables/vocal_music_demucs_16k/metaData_fma_large/row9605.csv
Execution time: 28.226463556289673 seconds
metaTables/vocal_music_demucs_16k/metaData_fma_large/row9606.csv
Execution time: 26.279359102249146 seconds
metaTables/vocal_music_demucs_16k/metaData_fma_large/row9607.csv
Execution time: 27.487380266189575 seconds
metaTables/vocal_music_demucs_16k/metaData_fma_large/row9608.csv
Execution time: 26.533692121505737 seconds
metaTables/vocal_music_demucs_16k/metaData_fma_large/row9609.csv
Execution time: 26.35965371131897 seconds
metaTables/vocal_music_demucs_16k/metaData_fma_large/row9610.csv
Execution time: 26.365260124206543 seconds
metaTables/vocal_music_demucs_16k/metaData_fma_large/row9611.csv
Execution time: 25.86426854133606 seconds
metaTables/vocal_music_demucs_16k/metaData_fma_large/row9612.csv
Execution time: 28.812191486358643 seconds
metaTables/vocal_music_demucs_16k/metaData_fma_large/row9613.csv
Execution time: 26.976194620132446 seconds
metaTables/vocal_music_demucs_16k/metaData_fma_large/row9614.csv
Execution time: 26.33162522315979 seconds
metaTables/vocal_music_demucs_16k/metaData_fma_large/row9615.csv
Execution time: 27.18346357345581 seconds
metaTables/vocal_music_demucs_16k/metaData_fma_large/row9616.csv
Execution time: 27.373658895492554 seconds
metaTables/vocal_music_demucs_16k/metaData_fma_large/row9617.csv
Execution time: 26.63702630996704 seconds
metaTables/vocal_music_demucs_16k/metaData_fma_large/row9618.csv
Execution time: 26.653325080871582 seconds
metaTables/vocal_music_demucs_16k/metaData_fma_large/row9619.csv
Execution time: 26.227930307388306 seconds
metaTables/vocal_music_demucs_16k/metaData_fma_large/row9620.csv
Execution time: 27.362094163894653 seconds
metaTables/vocal_music_demucs_16k/metaData_fma_large/row9621.csv
Execution time: 27.440399408340454 seconds
metaTables/vocal_music_demucs_16k/metaData_fma_large/row9622.csv
Execution time: 27.2421715259552 seconds
metaTables/vocal_music_demucs_16k/metaData_fma_large/row9623.csv
Execution time: 27.397144079208374 seconds
metaTables/vocal_music_demucs_16k/metaData_fma_large/row9624.csv
Execution time: 27.767717838287354 seconds
metaTables/vocal_music_demucs_16k/metaData_fma_large/row9625.csv
Execution time: 26.51853108406067 seconds
metaTables/vocal_music_demucs_16k/metaData_fma_large/row9626.csv
Execution time: 25.97989249229431 seconds
metaTables/vocal_music_demucs_16k/metaData_fma_large/row9627.csv
Execution time: 27.724968910217285 seconds
metaTables/vocal_music_demucs_16k/metaData_fma_large/row9628.csv
Execution time: 26.969282865524292 seconds
metaTables/vocal_music_demucs_16k/metaData_fma_large/row9629.csv
Execution time: 26.463910818099976 seconds
metaTables/vocal_music_demucs_16k/metaData_fma_large/row9630.csv
Execution time: 26.676417589187622 seconds
metaTables/vocal_music_demucs_16k/metaData_fma_large/row9631.csv
Execution time: 26.068705797195435 seconds
metaTables/vocal_music_demucs_16k/metaData_fma_large/row9632.csv
Execution time: 26.64677333831787 seconds
metaTables/vocal_music_demucs_16k/metaData_fma_large/row9633.csv
Execution time: 26.15551233291626 seconds
metaTables/vocal_music_demucs_16k/metaData_fma_large/row9634.csv
Execution time: 26.155810117721558 seconds
metaTables/vocal_music_demucs_16k/metaData_fma_large/row9635.csv
Execution time: 27.961406230926514 seconds
metaTables/vocal_music_demucs_16k/metaData_fma_large/row9636.csv
Execution time: 26.517616987228394 seconds
metaTables/vocal_music_demucs_16k/metaData_fma_large/row9637.csv
Execution time: 26.331233739852905 seconds
metaTables/vocal_music_demucs_16k/metaData_fma_large/row9638.csv
Execution time: 26.787782192230225 seconds
metaTables/vocal_music_demucs_16k/metaData_fma_large/row9639.csv
Execution time: 26.182246685028076 seconds
metaTables/vocal_music_demucs_16k/metaData_fma_large/row9640.csv
Execution time: 26.025957107543945 seconds
metaTables/vocal_music_demucs_16k/metaData_fma_large/row9641.csv
Execution time: 26.121182441711426 seconds
metaTables/vocal_music_demucs_16k/metaData_fma_large/row9642.csv
Execution time: 28.33919620513916 seconds
metaTables/vocal_music_demucs_16k/metaData_fma_large/row9643.csv
Execution time: 26.260753393173218 seconds
metaTables/vocal_music_demucs_16k/metaData_fma_large/row9644.csv
Execution time: 26.418327569961548 seconds
metaTables/vocal_music_demucs_16k/metaData_fma_large/row9645.csv
Execution time: 26.321956396102905 seconds
metaTables/vocal_music_demucs_16k/metaData_fma_large/row9646.csv
Execution time: 26.702739715576172 seconds
metaTables/vocal_music_demucs_16k/metaData_fma_large/row9647.csv
Execution time: 26.427958488464355 seconds
metaTables/vocal_music_demucs_16k/metaData_fma_large/row9648.csv
Execution time: 26.733368635177612 seconds
metaTables/vocal_music_demucs_16k/metaData_fma_large/row9649.csv
Execution time: 26.26961326599121 seconds
metaTables/vocal_music_demucs_16k/metaData_fma_large/row9650.csv
Execution time: 27.020305395126343 seconds
metaTables/vocal_music_demucs_16k/metaData_fma_large/row9651.csv
Execution time: 26.29836368560791 seconds
metaTables/vocal_music_demucs_16k/metaData_fma_large/row9652.csv
Execution time: 26.976521015167236 seconds
metaTables/vocal_music_demucs_16k/metaData_fma_large/row9653.csv
Execution time: 26.544982433319092 seconds
metaTables/vocal_music_demucs_16k/metaData_fma_large/row9654.csv
Execution time: 26.019092321395874 seconds
metaTables/vocal_music_demucs_16k/metaData_fma_large/row9655.csv
Execution time: 27.383667945861816 seconds
metaTables/vocal_music_demucs_16k/metaData_fma_large/row9656.csv
Execution time: 26.34285044670105 seconds
metaTables/vocal_music_demucs_16k/metaData_fma_large/row9657.csv
Execution time: 26.158039093017578 seconds
metaTables/vocal_music_demucs_16k/metaData_fma_large/row9658.csv
Execution time: 25.845325231552124 seconds
metaTables/vocal_music_demucs_16k/metaData_fma_large/row9659.csv
Execution time: 26.64489221572876 seconds
metaTables/vocal_music_demucs_16k/metaData_fma_large/row9660.csv
Execution time: 26.281118869781494 seconds
metaTables/vocal_music_demucs_16k/metaData_fma_large/row9661.csv
Execution time: 28.937849044799805 seconds
metaTables/vocal_music_demucs_16k/metaData_fma_large/row9662.csv
Execution time: 26.213893175125122 seconds
metaTables/vocal_music_demucs_16k/metaData_fma_large/row9663.csv
Execution time: 26.385058879852295 seconds
metaTables/vocal_music_demucs_16k/metaData_fma_large/row9664.csv
Execution time: 26.668447256088257 seconds
metaTables/vocal_music_demucs_16k/metaData_fma_large/row9665.csv
Execution time: 27.762260675430298 seconds
metaTables/vocal_music_demucs_16k/metaData_fma_large/row9666.csv
Execution time: 26.59152889251709 seconds
metaTables/vocal_music_demucs_16k/metaData_fma_large/row9667.csv
Execution time: 26.142597198486328 seconds
metaTables/vocal_music_demucs_16k/metaData_fma_large/row9668.csv
Execution time: 26.774254322052002 seconds
metaTables/vocal_music_demucs_16k/metaData_fma_large/row9669.csv
Execution time: 25.155080795288086 seconds
metaTables/vocal_music_demucs_16k/metaData_fma_large/row9670.csv
Execution time: 26.227195262908936 seconds
metaTables/vocal_music_demucs_16k/metaData_fma_large/row9671.csv
Execution time: 26.991700887680054 seconds
metaTables/vocal_music_demucs_16k/metaData_fma_large/row9672.csv
Execution time: 25.92820930480957 seconds
metaTables/vocal_music_demucs_16k/metaData_fma_large/row9673.csv
Execution time: 26.30878233909607 seconds
metaTables/vocal_music_demucs_16k/metaData_fma_large/row9674.csv
Execution time: 26.423574447631836 seconds
metaTables/vocal_music_demucs_16k/metaData_fma_large/row9675.csv
Execution time: 28.474085807800293 seconds
metaTables/vocal_music_demucs_16k/metaData_fma_large/row9676.csv
Execution time: 26.838905811309814 seconds
metaTables/vocal_music_demucs_16k/metaData_fma_large/row9677.csv
Execution time: 26.215510845184326 seconds
metaTables/vocal_music_demucs_16k/metaData_fma_large/row9678.csv
Execution time: 27.758331537246704 seconds
metaTables/vocal_music_demucs_16k/metaData_fma_large/row9679.csv
Execution time: 26.431430339813232 seconds
metaTables/vocal_music_demucs_16k/metaData_fma_large/row9680.csv
Execution time: 26.416051626205444 seconds
metaTables/vocal_music_demucs_16k/metaData_fma_large/row9681.csv
Execution time: 26.624789476394653 seconds
metaTables/vocal_music_demucs_16k/metaData_fma_large/row9682.csv
Execution time: 26.46208357810974 seconds
metaTables/vocal_music_demucs_16k/metaData_fma_large/row9683.csv
Execution time: 25.593300819396973 seconds
metaTables/vocal_music_demucs_16k/metaData_fma_large/row9684.csv
Execution time: 27.643821001052856 seconds
metaTables/vocal_music_demucs_16k/metaData_fma_large/row9685.csv
Execution time: 25.929667711257935 seconds
metaTables/vocal_music_demucs_16k/metaData_fma_large/row9686.csv
Execution time: 26.581032514572144 seconds
metaTables/vocal_music_demucs_16k/metaData_fma_large/row9687.csv
Execution time: 26.634528875350952 seconds
metaTables/vocal_music_demucs_16k/metaData_fma_large/row9688.csv
Execution time: 26.476380825042725 seconds
metaTables/vocal_music_demucs_16k/metaData_fma_large/row9689.csv
Execution time: 26.55135941505432 seconds
metaTables/vocal_music_demucs_16k/metaData_fma_large/row9690.csv
Execution time: 26.720897912979126 seconds
metaTables/vocal_music_demucs_16k/metaData_fma_large/row9691.csv
Execution time: 26.244933366775513 seconds
metaTables/vocal_music_demucs_16k/metaData_fma_large/row9692.csv
Execution time: 26.735814332962036 seconds
metaTables/vocal_music_demucs_16k/metaData_fma_large/row9693.csv
Execution time: 26.54636025428772 seconds
metaTables/vocal_music_demucs_16k/metaData_fma_large/row9694.csv
Execution time: 26.163394689559937 seconds
metaTables/vocal_music_demucs_16k/metaData_fma_large/row9695.csv
Execution time: 28.363245964050293 seconds
metaTables/vocal_music_demucs_16k/metaData_fma_large/row9696.csv
Execution time: 26.5195734500885 seconds
metaTables/vocal_music_demucs_16k/metaData_fma_large/row9697.csv
Execution time: 26.44516658782959 seconds
metaTables/vocal_music_demucs_16k/metaData_fma_large/row9698.csv
Execution time: 26.523491859436035 seconds
metaTables/vocal_music_demucs_16k/metaData_fma_large/row9699.csv
Demucs voice recognition done!
