/ext3/demucs/lib/python3.9/site-packages/demucs/api.py:27: UserWarning: TorchAudio's global backend is now deprecated. Please enable distpatcher by setting `TORCHAUDIO_USE_BACKEND_DISPATCHER=1`, and specify backend when calling load/info/save function.
  import torchaudio as ta
2024-05-08 23:36:44.110270: I tensorflow/core/util/port.cc:113] oneDNN custom operations are on. You may see slightly different numerical results due to floating-point round-off errors from different computation orders. To turn them off, set the environment variable `TF_ENABLE_ONEDNN_OPTS=0`.
2024-05-08 23:36:47.263947: E external/local_xla/xla/stream_executor/cuda/cuda_dnn.cc:9261] Unable to register cuDNN factory: Attempting to register factory for plugin cuDNN when one has already been registered
2024-05-08 23:36:47.263983: E external/local_xla/xla/stream_executor/cuda/cuda_fft.cc:607] Unable to register cuFFT factory: Attempting to register factory for plugin cuFFT when one has already been registered
2024-05-08 23:36:47.574441: E external/local_xla/xla/stream_executor/cuda/cuda_blas.cc:1515] Unable to register cuBLAS factory: Attempting to register factory for plugin cuBLAS when one has already been registered
2024-05-08 23:36:47.982038: I tensorflow/core/platform/cpu_feature_guard.cc:182] This TensorFlow binary is optimized to use available CPU instructions in performance-critical operations.
To enable the following instructions: AVX2 AVX512F AVX512_VNNI FMA, in other operations, rebuild TensorFlow with the appropriate compiler flags.
2024-05-08 23:36:51.284731: W tensorflow/compiler/tf2tensorrt/utils/py_utils.cc:38] TF-TRT Warning: Could not find TensorRT
Execution time: 29.70469331741333 seconds
metaTables/vocal_music_demucs_16k/metaData_fma_large/row47300.csv
Execution time: 26.921560287475586 seconds
metaTables/vocal_music_demucs_16k/metaData_fma_large/row47301.csv
Execution time: 27.12683653831482 seconds
metaTables/vocal_music_demucs_16k/metaData_fma_large/row47302.csv
Execution time: 25.451784372329712 seconds
metaTables/vocal_music_demucs_16k/metaData_fma_large/row47303.csv
Execution time: 25.963410139083862 seconds
metaTables/vocal_music_demucs_16k/metaData_fma_large/row47304.csv
Execution time: 26.699764251708984 seconds
metaTables/vocal_music_demucs_16k/metaData_fma_large/row47305.csv
Execution time: 27.17240595817566 seconds
metaTables/vocal_music_demucs_16k/metaData_fma_large/row47306.csv
Execution time: 26.123082876205444 seconds
metaTables/vocal_music_demucs_16k/metaData_fma_large/row47307.csv
Execution time: 26.781717777252197 seconds
metaTables/vocal_music_demucs_16k/metaData_fma_large/row47308.csv
Execution time: 25.18964409828186 seconds
metaTables/vocal_music_demucs_16k/metaData_fma_large/row47309.csv
Execution time: 26.388967514038086 seconds
metaTables/vocal_music_demucs_16k/metaData_fma_large/row47310.csv
Execution time: 26.343416929244995 seconds
metaTables/vocal_music_demucs_16k/metaData_fma_large/row47311.csv
Execution time: 25.557246446609497 seconds
metaTables/vocal_music_demucs_16k/metaData_fma_large/row47312.csv
Execution time: 25.389145851135254 seconds
metaTables/vocal_music_demucs_16k/metaData_fma_large/row47313.csv
Execution time: 25.27289605140686 seconds
metaTables/vocal_music_demucs_16k/metaData_fma_large/row47314.csv
Execution time: 25.91223978996277 seconds
metaTables/vocal_music_demucs_16k/metaData_fma_large/row47315.csv
Execution time: 25.705146312713623 seconds
metaTables/vocal_music_demucs_16k/metaData_fma_large/row47316.csv
Execution time: 26.19338321685791 seconds
metaTables/vocal_music_demucs_16k/metaData_fma_large/row47317.csv
Execution time: 25.13129758834839 seconds
metaTables/vocal_music_demucs_16k/metaData_fma_large/row47318.csv
Execution time: 25.87905240058899 seconds
metaTables/vocal_music_demucs_16k/metaData_fma_large/row47319.csv
Execution time: 25.693209171295166 seconds
metaTables/vocal_music_demucs_16k/metaData_fma_large/row47320.csv
Execution time: 27.14177680015564 seconds
metaTables/vocal_music_demucs_16k/metaData_fma_large/row47321.csv
Execution time: 26.273428916931152 seconds
metaTables/vocal_music_demucs_16k/metaData_fma_large/row47322.csv
Execution time: 25.327293157577515 seconds
metaTables/vocal_music_demucs_16k/metaData_fma_large/row47323.csv
Execution time: 21.915031671524048 seconds
metaTables/vocal_music_demucs_16k/metaData_fma_large/row47324.csv
Execution time: 26.208656787872314 seconds
metaTables/vocal_music_demucs_16k/metaData_fma_large/row47325.csv
Execution time: 25.934813499450684 seconds
metaTables/vocal_music_demucs_16k/metaData_fma_large/row47326.csv
Execution time: 26.527737379074097 seconds
metaTables/vocal_music_demucs_16k/metaData_fma_large/row47327.csv
Execution time: 25.9859676361084 seconds
metaTables/vocal_music_demucs_16k/metaData_fma_large/row47328.csv
Execution time: 25.7618350982666 seconds
metaTables/vocal_music_demucs_16k/metaData_fma_large/row47329.csv
Execution time: 26.581772565841675 seconds
metaTables/vocal_music_demucs_16k/metaData_fma_large/row47330.csv
Execution time: 26.52750301361084 seconds
metaTables/vocal_music_demucs_16k/metaData_fma_large/row47331.csv
Execution time: 26.222013473510742 seconds
metaTables/vocal_music_demucs_16k/metaData_fma_large/row47332.csv
Execution time: 26.57081937789917 seconds
metaTables/vocal_music_demucs_16k/metaData_fma_large/row47333.csv
Execution time: 25.905531406402588 seconds
metaTables/vocal_music_demucs_16k/metaData_fma_large/row47334.csv
Execution time: 26.438695430755615 seconds
metaTables/vocal_music_demucs_16k/metaData_fma_large/row47335.csv
Execution time: 26.981653690338135 seconds
metaTables/vocal_music_demucs_16k/metaData_fma_large/row47336.csv
Execution time: 25.377866506576538 seconds
metaTables/vocal_music_demucs_16k/metaData_fma_large/row47337.csv
Execution time: 26.609912633895874 seconds
metaTables/vocal_music_demucs_16k/metaData_fma_large/row47338.csv
Execution time: 25.760590076446533 seconds
metaTables/vocal_music_demucs_16k/metaData_fma_large/row47339.csv
Execution time: 27.1345112323761 seconds
metaTables/vocal_music_demucs_16k/metaData_fma_large/row47340.csv
Execution time: 25.848451375961304 seconds
metaTables/vocal_music_demucs_16k/metaData_fma_large/row47341.csv
Execution time: 25.186832427978516 seconds
metaTables/vocal_music_demucs_16k/metaData_fma_large/row47342.csv
Execution time: 13.320552825927734 seconds
metaTables/vocal_music_demucs_16k/metaData_fma_large/row47343.csv
Execution time: 25.773162603378296 seconds
metaTables/vocal_music_demucs_16k/metaData_fma_large/row47344.csv
Execution time: 17.08467721939087 seconds
metaTables/vocal_music_demucs_16k/metaData_fma_large/row47345.csv
Execution time: 25.19841718673706 seconds
metaTables/vocal_music_demucs_16k/metaData_fma_large/row47346.csv
Execution time: 25.635175466537476 seconds
metaTables/vocal_music_demucs_16k/metaData_fma_large/row47347.csv
Execution time: 26.527809143066406 seconds
metaTables/vocal_music_demucs_16k/metaData_fma_large/row47348.csv
Execution time: 25.86510443687439 seconds
metaTables/vocal_music_demucs_16k/metaData_fma_large/row47349.csv
Execution time: 26.239819526672363 seconds
metaTables/vocal_music_demucs_16k/metaData_fma_large/row47350.csv
Execution time: 25.496450662612915 seconds
metaTables/vocal_music_demucs_16k/metaData_fma_large/row47351.csv
Execution time: 26.156272411346436 seconds
metaTables/vocal_music_demucs_16k/metaData_fma_large/row47352.csv
Execution time: 25.686872243881226 seconds
metaTables/vocal_music_demucs_16k/metaData_fma_large/row47353.csv
Execution time: 25.561770915985107 seconds
metaTables/vocal_music_demucs_16k/metaData_fma_large/row47354.csv
Execution time: 26.065781593322754 seconds
metaTables/vocal_music_demucs_16k/metaData_fma_large/row47355.csv
Execution time: 26.876261472702026 seconds
metaTables/vocal_music_demucs_16k/metaData_fma_large/row47356.csv
Execution time: 27.356096744537354 seconds
metaTables/vocal_music_demucs_16k/metaData_fma_large/row47357.csv
Execution time: 26.179288148880005 seconds
metaTables/vocal_music_demucs_16k/metaData_fma_large/row47358.csv
Execution time: 25.669949769973755 seconds
metaTables/vocal_music_demucs_16k/metaData_fma_large/row47359.csv
Execution time: 26.796061754226685 seconds
metaTables/vocal_music_demucs_16k/metaData_fma_large/row47360.csv
Execution time: 26.36621403694153 seconds
metaTables/vocal_music_demucs_16k/metaData_fma_large/row47361.csv
Execution time: 26.311281442642212 seconds
metaTables/vocal_music_demucs_16k/metaData_fma_large/row47362.csv
Execution time: 26.122809171676636 seconds
metaTables/vocal_music_demucs_16k/metaData_fma_large/row47363.csv
Execution time: 25.522367238998413 seconds
metaTables/vocal_music_demucs_16k/metaData_fma_large/row47364.csv
Execution time: 26.157787084579468 seconds
metaTables/vocal_music_demucs_16k/metaData_fma_large/row47365.csv
Execution time: 25.91374707221985 seconds
metaTables/vocal_music_demucs_16k/metaData_fma_large/row47366.csv
Execution time: 26.760024309158325 seconds
metaTables/vocal_music_demucs_16k/metaData_fma_large/row47367.csv
Execution time: 26.13439655303955 seconds
metaTables/vocal_music_demucs_16k/metaData_fma_large/row47368.csv
Execution time: 25.682555675506592 seconds
metaTables/vocal_music_demucs_16k/metaData_fma_large/row47369.csv
Execution time: 26.239423036575317 seconds
metaTables/vocal_music_demucs_16k/metaData_fma_large/row47370.csv
Execution time: 24.975354194641113 seconds
metaTables/vocal_music_demucs_16k/metaData_fma_large/row47371.csv
Execution time: 26.604730129241943 seconds
metaTables/vocal_music_demucs_16k/metaData_fma_large/row47372.csv
Execution time: 25.80636978149414 seconds
metaTables/vocal_music_demucs_16k/metaData_fma_large/row47373.csv
Execution time: 26.19282841682434 seconds
metaTables/vocal_music_demucs_16k/metaData_fma_large/row47374.csv
Execution time: 26.39652156829834 seconds
metaTables/vocal_music_demucs_16k/metaData_fma_large/row47375.csv
Execution time: 26.786329746246338 seconds
metaTables/vocal_music_demucs_16k/metaData_fma_large/row47376.csv
Execution time: 25.86574959754944 seconds
metaTables/vocal_music_demucs_16k/metaData_fma_large/row47377.csv
Execution time: 26.11655068397522 seconds
metaTables/vocal_music_demucs_16k/metaData_fma_large/row47378.csv
Execution time: 27.537879943847656 seconds
metaTables/vocal_music_demucs_16k/metaData_fma_large/row47379.csv
Execution time: 26.443866729736328 seconds
metaTables/vocal_music_demucs_16k/metaData_fma_large/row47380.csv
Execution time: 26.802218437194824 seconds
metaTables/vocal_music_demucs_16k/metaData_fma_large/row47381.csv
Execution time: 25.871158599853516 seconds
metaTables/vocal_music_demucs_16k/metaData_fma_large/row47382.csv
Execution time: 26.947381734848022 seconds
metaTables/vocal_music_demucs_16k/metaData_fma_large/row47383.csv
Execution time: 27.04725670814514 seconds
metaTables/vocal_music_demucs_16k/metaData_fma_large/row47384.csv
Execution time: 26.329182624816895 seconds
metaTables/vocal_music_demucs_16k/metaData_fma_large/row47385.csv
Execution time: 27.774950742721558 seconds
metaTables/vocal_music_demucs_16k/metaData_fma_large/row47386.csv
Execution time: 26.58397603034973 seconds
metaTables/vocal_music_demucs_16k/metaData_fma_large/row47387.csv
Execution time: 26.634328842163086 seconds
metaTables/vocal_music_demucs_16k/metaData_fma_large/row47388.csv
Execution time: 25.456697463989258 seconds
metaTables/vocal_music_demucs_16k/metaData_fma_large/row47389.csv
Execution time: 26.830459594726562 seconds
metaTables/vocal_music_demucs_16k/metaData_fma_large/row47390.csv
Execution time: 26.415536642074585 seconds
metaTables/vocal_music_demucs_16k/metaData_fma_large/row47391.csv
Execution time: 26.656274557113647 seconds
metaTables/vocal_music_demucs_16k/metaData_fma_large/row47392.csv
Execution time: 25.589951515197754 seconds
metaTables/vocal_music_demucs_16k/metaData_fma_large/row47393.csv
Execution time: 26.09040093421936 seconds
metaTables/vocal_music_demucs_16k/metaData_fma_large/row47394.csv
Execution time: 25.78665518760681 seconds
metaTables/vocal_music_demucs_16k/metaData_fma_large/row47395.csv
Execution time: 27.72179365158081 seconds
metaTables/vocal_music_demucs_16k/metaData_fma_large/row47396.csv
Execution time: 27.308707237243652 seconds
metaTables/vocal_music_demucs_16k/metaData_fma_large/row47397.csv
Execution time: 27.05747890472412 seconds
metaTables/vocal_music_demucs_16k/metaData_fma_large/row47398.csv
Execution time: 26.52718496322632 seconds
metaTables/vocal_music_demucs_16k/metaData_fma_large/row47399.csv
Demucs voice recognition done!
