/ext3/demucs/lib/python3.9/site-packages/demucs/api.py:27: UserWarning: TorchAudio's global backend is now deprecated. Please enable distpatcher by setting `TORCHAUDIO_USE_BACKEND_DISPATCHER=1`, and specify backend when calling load/info/save function.
  import torchaudio as ta
2024-05-10 11:33:29.016068: I tensorflow/core/util/port.cc:113] oneDNN custom operations are on. You may see slightly different numerical results due to floating-point round-off errors from different computation orders. To turn them off, set the environment variable `TF_ENABLE_ONEDNN_OPTS=0`.
2024-05-10 11:33:30.409188: E external/local_xla/xla/stream_executor/cuda/cuda_dnn.cc:9261] Unable to register cuDNN factory: Attempting to register factory for plugin cuDNN when one has already been registered
2024-05-10 11:33:30.409234: E external/local_xla/xla/stream_executor/cuda/cuda_fft.cc:607] Unable to register cuFFT factory: Attempting to register factory for plugin cuFFT when one has already been registered
2024-05-10 11:33:30.573261: E external/local_xla/xla/stream_executor/cuda/cuda_blas.cc:1515] Unable to register cuBLAS factory: Attempting to register factory for plugin cuBLAS when one has already been registered
2024-05-10 11:33:30.760122: I tensorflow/core/platform/cpu_feature_guard.cc:182] This TensorFlow binary is optimized to use available CPU instructions in performance-critical operations.
To enable the following instructions: AVX2 AVX512F AVX512_VNNI FMA, in other operations, rebuild TensorFlow with the appropriate compiler flags.
2024-05-10 11:33:32.425617: W tensorflow/compiler/tf2tensorrt/utils/py_utils.cc:38] TF-TRT Warning: Could not find TensorRT
[src/libmpg123/layer3.c:INT123_do_layer3():1771] error: part2_3_length (2560) too large for available bit count (2336)
[src/libmpg123/layer3.c:INT123_do_layer3():1771] error: part2_3_length (2560) too large for available bit count (2336)
Execution time: 27.935330629348755 seconds
metaTables/vocal_music_demucs_16k/metaData_fma_large/row21400.csv
Execution time: 26.870246410369873 seconds
metaTables/vocal_music_demucs_16k/metaData_fma_large/row21401.csv
Execution time: 26.79849076271057 seconds
metaTables/vocal_music_demucs_16k/metaData_fma_large/row21402.csv
Execution time: 27.008477926254272 seconds
metaTables/vocal_music_demucs_16k/metaData_fma_large/row21403.csv
Execution time: 27.07676863670349 seconds
metaTables/vocal_music_demucs_16k/metaData_fma_large/row21404.csv
Execution time: 26.95182991027832 seconds
metaTables/vocal_music_demucs_16k/metaData_fma_large/row21405.csv
Execution time: 27.21810293197632 seconds
metaTables/vocal_music_demucs_16k/metaData_fma_large/row21406.csv
Execution time: 26.6196448802948 seconds
metaTables/vocal_music_demucs_16k/metaData_fma_large/row21407.csv
Execution time: 27.703489065170288 seconds
metaTables/vocal_music_demucs_16k/metaData_fma_large/row21408.csv
Execution time: 26.04334020614624 seconds
metaTables/vocal_music_demucs_16k/metaData_fma_large/row21409.csv
Execution time: 26.93430781364441 seconds
metaTables/vocal_music_demucs_16k/metaData_fma_large/row21410.csv
Execution time: 26.541467905044556 seconds
metaTables/vocal_music_demucs_16k/metaData_fma_large/row21411.csv
Execution time: 27.397032260894775 seconds
metaTables/vocal_music_demucs_16k/metaData_fma_large/row21412.csv
Execution time: 26.215906143188477 seconds
metaTables/vocal_music_demucs_16k/metaData_fma_large/row21413.csv
Execution time: 25.376848220825195 seconds
metaTables/vocal_music_demucs_16k/metaData_fma_large/row21414.csv
Execution time: 26.22268056869507 seconds
metaTables/vocal_music_demucs_16k/metaData_fma_large/row21415.csv
Execution time: 26.708598613739014 seconds
metaTables/vocal_music_demucs_16k/metaData_fma_large/row21416.csv
Execution time: 26.04629349708557 seconds
metaTables/vocal_music_demucs_16k/metaData_fma_large/row21417.csv
Execution time: 26.145631074905396 seconds
metaTables/vocal_music_demucs_16k/metaData_fma_large/row21418.csv
Execution time: 26.237050533294678 seconds
metaTables/vocal_music_demucs_16k/metaData_fma_large/row21419.csv
Execution time: 26.798590898513794 seconds
metaTables/vocal_music_demucs_16k/metaData_fma_large/row21420.csv
Execution time: 26.014752626419067 seconds
metaTables/vocal_music_demucs_16k/metaData_fma_large/row21421.csv
Execution time: 27.993846893310547 seconds
metaTables/vocal_music_demucs_16k/metaData_fma_large/row21422.csv
Execution time: 27.519481897354126 seconds
metaTables/vocal_music_demucs_16k/metaData_fma_large/row21423.csv
Execution time: 26.6463680267334 seconds
metaTables/vocal_music_demucs_16k/metaData_fma_large/row21424.csv
Execution time: 27.3004047870636 seconds
metaTables/vocal_music_demucs_16k/metaData_fma_large/row21425.csv
Execution time: 26.600114822387695 seconds
metaTables/vocal_music_demucs_16k/metaData_fma_large/row21426.csv
Execution time: 26.59521722793579 seconds
metaTables/vocal_music_demucs_16k/metaData_fma_large/row21427.csv
Execution time: 26.29418182373047 seconds
metaTables/vocal_music_demucs_16k/metaData_fma_large/row21428.csv
Execution time: 26.425997018814087 seconds
metaTables/vocal_music_demucs_16k/metaData_fma_large/row21429.csv
Execution time: 26.32435917854309 seconds
metaTables/vocal_music_demucs_16k/metaData_fma_large/row21430.csv
Execution time: 27.02104878425598 seconds
metaTables/vocal_music_demucs_16k/metaData_fma_large/row21431.csv
Execution time: 25.95380711555481 seconds
metaTables/vocal_music_demucs_16k/metaData_fma_large/row21432.csv
Execution time: 25.73519992828369 seconds
metaTables/vocal_music_demucs_16k/metaData_fma_large/row21433.csv
Execution time: 27.08291459083557 seconds
metaTables/vocal_music_demucs_16k/metaData_fma_large/row21434.csv
Execution time: 26.390893936157227 seconds
metaTables/vocal_music_demucs_16k/metaData_fma_large/row21435.csv
Execution time: 25.795702934265137 seconds
metaTables/vocal_music_demucs_16k/metaData_fma_large/row21436.csv
Execution time: 25.956392765045166 seconds
metaTables/vocal_music_demucs_16k/metaData_fma_large/row21437.csv
Execution time: 27.591638803482056 seconds
metaTables/vocal_music_demucs_16k/metaData_fma_large/row21438.csv
Execution time: 27.75135111808777 seconds
metaTables/vocal_music_demucs_16k/metaData_fma_large/row21439.csv
Execution time: 27.10175395011902 seconds
metaTables/vocal_music_demucs_16k/metaData_fma_large/row21440.csv
Execution time: 27.08617854118347 seconds
metaTables/vocal_music_demucs_16k/metaData_fma_large/row21441.csv
Execution time: 27.81283926963806 seconds
metaTables/vocal_music_demucs_16k/metaData_fma_large/row21442.csv
Execution time: 27.212308883666992 seconds
metaTables/vocal_music_demucs_16k/metaData_fma_large/row21443.csv
Execution time: 27.573325157165527 seconds
metaTables/vocal_music_demucs_16k/metaData_fma_large/row21444.csv
Execution time: 26.579878330230713 seconds
metaTables/vocal_music_demucs_16k/metaData_fma_large/row21445.csv
Execution time: 26.406205892562866 seconds
metaTables/vocal_music_demucs_16k/metaData_fma_large/row21446.csv
Execution time: 18.01347780227661 seconds
metaTables/vocal_music_demucs_16k/metaData_fma_large/row21447.csv
Execution time: 25.900383949279785 seconds
metaTables/vocal_music_demucs_16k/metaData_fma_large/row21448.csv
Execution time: 27.76613688468933 seconds
metaTables/vocal_music_demucs_16k/metaData_fma_large/row21449.csv
Execution time: 25.867119789123535 seconds
metaTables/vocal_music_demucs_16k/metaData_fma_large/row21450.csv
Execution time: 26.296834230422974 seconds
metaTables/vocal_music_demucs_16k/metaData_fma_large/row21451.csv
Execution time: 25.92145085334778 seconds
metaTables/vocal_music_demucs_16k/metaData_fma_large/row21452.csv
Execution time: 26.182218074798584 seconds
metaTables/vocal_music_demucs_16k/metaData_fma_large/row21453.csv
Execution time: 26.52420735359192 seconds
metaTables/vocal_music_demucs_16k/metaData_fma_large/row21454.csv
Execution time: 27.7030291557312 seconds
metaTables/vocal_music_demucs_16k/metaData_fma_large/row21455.csv
Execution time: 27.259136199951172 seconds
metaTables/vocal_music_demucs_16k/metaData_fma_large/row21456.csv
Execution time: 26.34344792366028 seconds
metaTables/vocal_music_demucs_16k/metaData_fma_large/row21457.csv
Execution time: 25.997172117233276 seconds
metaTables/vocal_music_demucs_16k/metaData_fma_large/row21458.csv
Execution time: 25.301941871643066 seconds
metaTables/vocal_music_demucs_16k/metaData_fma_large/row21459.csv
Execution time: 26.800447702407837 seconds
metaTables/vocal_music_demucs_16k/metaData_fma_large/row21460.csv
Execution time: 26.99253535270691 seconds
metaTables/vocal_music_demucs_16k/metaData_fma_large/row21461.csv
Execution time: 26.31433415412903 seconds
metaTables/vocal_music_demucs_16k/metaData_fma_large/row21462.csv
Execution time: 27.592003107070923 seconds
metaTables/vocal_music_demucs_16k/metaData_fma_large/row21463.csv
Execution time: 28.814809799194336 seconds
metaTables/vocal_music_demucs_16k/metaData_fma_large/row21464.csv
Execution time: 26.449658393859863 seconds
metaTables/vocal_music_demucs_16k/metaData_fma_large/row21465.csv
Execution time: 27.74652862548828 seconds
metaTables/vocal_music_demucs_16k/metaData_fma_large/row21466.csv
Execution time: 27.234602212905884 seconds
metaTables/vocal_music_demucs_16k/metaData_fma_large/row21467.csv
Execution time: 27.74264645576477 seconds
metaTables/vocal_music_demucs_16k/metaData_fma_large/row21468.csv
Execution time: 26.936540365219116 seconds
metaTables/vocal_music_demucs_16k/metaData_fma_large/row21469.csv
Execution time: 27.456796169281006 seconds
metaTables/vocal_music_demucs_16k/metaData_fma_large/row21470.csv
Execution time: 26.247148036956787 seconds
metaTables/vocal_music_demucs_16k/metaData_fma_large/row21471.csv
Execution time: 26.991368293762207 seconds
metaTables/vocal_music_demucs_16k/metaData_fma_large/row21472.csv
Execution time: 26.074316024780273 seconds
metaTables/vocal_music_demucs_16k/metaData_fma_large/row21473.csv
Execution time: 26.763871908187866 seconds
metaTables/vocal_music_demucs_16k/metaData_fma_large/row21474.csv
Execution time: 26.46320867538452 seconds
metaTables/vocal_music_demucs_16k/metaData_fma_large/row21475.csv
Execution time: 25.99051070213318 seconds
metaTables/vocal_music_demucs_16k/metaData_fma_large/row21476.csv
Execution time: 26.2925763130188 seconds
metaTables/vocal_music_demucs_16k/metaData_fma_large/row21477.csv
Execution time: 27.62378191947937 seconds
metaTables/vocal_music_demucs_16k/metaData_fma_large/row21478.csv
Execution time: 26.90680170059204 seconds
metaTables/vocal_music_demucs_16k/metaData_fma_large/row21479.csv
Execution time: 26.734254121780396 seconds
metaTables/vocal_music_demucs_16k/metaData_fma_large/row21480.csv
Execution time: 27.494982481002808 seconds
metaTables/vocal_music_demucs_16k/metaData_fma_large/row21481.csv
Execution time: 26.66329073905945 seconds
metaTables/vocal_music_demucs_16k/metaData_fma_large/row21482.csv
Execution time: 26.280836820602417 seconds
metaTables/vocal_music_demucs_16k/metaData_fma_large/row21483.csv
Execution time: 26.107937335968018 seconds
metaTables/vocal_music_demucs_16k/metaData_fma_large/row21484.csv
Execution time: 26.699650526046753 seconds
metaTables/vocal_music_demucs_16k/metaData_fma_large/row21485.csv
Execution time: 27.19679570198059 seconds
metaTables/vocal_music_demucs_16k/metaData_fma_large/row21486.csv
Execution time: 26.58384656906128 seconds
metaTables/vocal_music_demucs_16k/metaData_fma_large/row21487.csv
Execution time: 26.42058801651001 seconds
metaTables/vocal_music_demucs_16k/metaData_fma_large/row21488.csv
Execution time: 26.93801522254944 seconds
metaTables/vocal_music_demucs_16k/metaData_fma_large/row21489.csv
Execution time: 26.364382028579712 seconds
metaTables/vocal_music_demucs_16k/metaData_fma_large/row21490.csv
Execution time: 25.850687742233276 seconds
metaTables/vocal_music_demucs_16k/metaData_fma_large/row21491.csv
Execution time: 19.495930671691895 seconds
metaTables/vocal_music_demucs_16k/metaData_fma_large/row21492.csv
Execution time: 26.184216260910034 seconds
metaTables/vocal_music_demucs_16k/metaData_fma_large/row21493.csv
Execution time: 27.41999363899231 seconds
metaTables/vocal_music_demucs_16k/metaData_fma_large/row21494.csv
Execution time: 26.917553186416626 seconds
metaTables/vocal_music_demucs_16k/metaData_fma_large/row21495.csv
Execution time: 27.868881464004517 seconds
metaTables/vocal_music_demucs_16k/metaData_fma_large/row21496.csv
Execution time: 27.18961238861084 seconds
metaTables/vocal_music_demucs_16k/metaData_fma_large/row21497.csv
Execution time: 25.540292501449585 seconds
metaTables/vocal_music_demucs_16k/metaData_fma_large/row21498.csv
Execution time: 24.97301983833313 seconds
metaTables/vocal_music_demucs_16k/metaData_fma_large/row21499.csv
Demucs voice recognition done!
