/ext3/demucs/lib/python3.9/site-packages/demucs/api.py:27: UserWarning: TorchAudio's global backend is now deprecated. Please enable distpatcher by setting `TORCHAUDIO_USE_BACKEND_DISPATCHER=1`, and specify backend when calling load/info/save function.
  import torchaudio as ta
2024-05-10 02:06:25.679423: I tensorflow/core/util/port.cc:113] oneDNN custom operations are on. You may see slightly different numerical results due to floating-point round-off errors from different computation orders. To turn them off, set the environment variable `TF_ENABLE_ONEDNN_OPTS=0`.
2024-05-10 02:06:26.151105: E external/local_xla/xla/stream_executor/cuda/cuda_dnn.cc:9261] Unable to register cuDNN factory: Attempting to register factory for plugin cuDNN when one has already been registered
2024-05-10 02:06:26.151178: E external/local_xla/xla/stream_executor/cuda/cuda_fft.cc:607] Unable to register cuFFT factory: Attempting to register factory for plugin cuFFT when one has already been registered
2024-05-10 02:06:26.172426: E external/local_xla/xla/stream_executor/cuda/cuda_blas.cc:1515] Unable to register cuBLAS factory: Attempting to register factory for plugin cuBLAS when one has already been registered
2024-05-10 02:06:26.221588: I tensorflow/core/platform/cpu_feature_guard.cc:182] This TensorFlow binary is optimized to use available CPU instructions in performance-critical operations.
To enable the following instructions: AVX2 AVX512F AVX512_VNNI FMA, in other operations, rebuild TensorFlow with the appropriate compiler flags.
2024-05-10 02:06:27.171944: W tensorflow/compiler/tf2tensorrt/utils/py_utils.cc:38] TF-TRT Warning: Could not find TensorRT
Execution time: 26.86706304550171 seconds
metaTables/vocal_music_demucs_16k/metaData_fma_large/row104200.csv
Execution time: 24.76107931137085 seconds
metaTables/vocal_music_demucs_16k/metaData_fma_large/row104201.csv
Execution time: 27.089945554733276 seconds
metaTables/vocal_music_demucs_16k/metaData_fma_large/row104202.csv
Execution time: 27.11265540122986 seconds
metaTables/vocal_music_demucs_16k/metaData_fma_large/row104203.csv
Execution time: 27.433743000030518 seconds
metaTables/vocal_music_demucs_16k/metaData_fma_large/row104204.csv
Execution time: 27.6315701007843 seconds
metaTables/vocal_music_demucs_16k/metaData_fma_large/row104205.csv
Execution time: 27.58154559135437 seconds
metaTables/vocal_music_demucs_16k/metaData_fma_large/row104206.csv
Execution time: 27.375996589660645 seconds
metaTables/vocal_music_demucs_16k/metaData_fma_large/row104207.csv
Execution time: 27.394772052764893 seconds
metaTables/vocal_music_demucs_16k/metaData_fma_large/row104208.csv
Execution time: 27.451445817947388 seconds
metaTables/vocal_music_demucs_16k/metaData_fma_large/row104209.csv
Execution time: 26.40228009223938 seconds
metaTables/vocal_music_demucs_16k/metaData_fma_large/row104210.csv
Execution time: 27.117626428604126 seconds
metaTables/vocal_music_demucs_16k/metaData_fma_large/row104211.csv
Execution time: 27.818421125411987 seconds
metaTables/vocal_music_demucs_16k/metaData_fma_large/row104212.csv
Execution time: 28.149157524108887 seconds
metaTables/vocal_music_demucs_16k/metaData_fma_large/row104213.csv
Execution time: 26.802078247070312 seconds
metaTables/vocal_music_demucs_16k/metaData_fma_large/row104214.csv
Execution time: 27.548934936523438 seconds
metaTables/vocal_music_demucs_16k/metaData_fma_large/row104215.csv
Execution time: 28.01123571395874 seconds
metaTables/vocal_music_demucs_16k/metaData_fma_large/row104216.csv
Execution time: 27.374727487564087 seconds
metaTables/vocal_music_demucs_16k/metaData_fma_large/row104217.csv
Execution time: 27.827371835708618 seconds
metaTables/vocal_music_demucs_16k/metaData_fma_large/row104218.csv
Execution time: 27.939178466796875 seconds
metaTables/vocal_music_demucs_16k/metaData_fma_large/row104219.csv
Execution time: 27.580813884735107 seconds
metaTables/vocal_music_demucs_16k/metaData_fma_large/row104220.csv
Execution time: 28.306729793548584 seconds
metaTables/vocal_music_demucs_16k/metaData_fma_large/row104221.csv
Execution time: 27.516618490219116 seconds
metaTables/vocal_music_demucs_16k/metaData_fma_large/row104222.csv
Execution time: 27.041619300842285 seconds
metaTables/vocal_music_demucs_16k/metaData_fma_large/row104223.csv
Execution time: 26.875548839569092 seconds
metaTables/vocal_music_demucs_16k/metaData_fma_large/row104224.csv
Execution time: 27.778684616088867 seconds
metaTables/vocal_music_demucs_16k/metaData_fma_large/row104225.csv
Execution time: 27.49990701675415 seconds
metaTables/vocal_music_demucs_16k/metaData_fma_large/row104226.csv
Execution time: 27.377427101135254 seconds
metaTables/vocal_music_demucs_16k/metaData_fma_large/row104227.csv
Execution time: 26.662877321243286 seconds
metaTables/vocal_music_demucs_16k/metaData_fma_large/row104228.csv
Execution time: 26.99639105796814 seconds
metaTables/vocal_music_demucs_16k/metaData_fma_large/row104229.csv
Execution time: 27.714277029037476 seconds
metaTables/vocal_music_demucs_16k/metaData_fma_large/row104230.csv
Execution time: 27.550944328308105 seconds
metaTables/vocal_music_demucs_16k/metaData_fma_large/row104231.csv
Execution time: 25.906909704208374 seconds
metaTables/vocal_music_demucs_16k/metaData_fma_large/row104232.csv
Execution time: 27.054959535598755 seconds
metaTables/vocal_music_demucs_16k/metaData_fma_large/row104233.csv
Execution time: 27.65420651435852 seconds
metaTables/vocal_music_demucs_16k/metaData_fma_large/row104234.csv
Execution time: 26.78442931175232 seconds
metaTables/vocal_music_demucs_16k/metaData_fma_large/row104235.csv
Execution time: 26.88002586364746 seconds
metaTables/vocal_music_demucs_16k/metaData_fma_large/row104236.csv
Execution time: 27.53942322731018 seconds
metaTables/vocal_music_demucs_16k/metaData_fma_large/row104237.csv
Execution time: 27.13933777809143 seconds
metaTables/vocal_music_demucs_16k/metaData_fma_large/row104238.csv
Execution time: 27.4780855178833 seconds
metaTables/vocal_music_demucs_16k/metaData_fma_large/row104239.csv
Execution time: 27.965275049209595 seconds
metaTables/vocal_music_demucs_16k/metaData_fma_large/row104240.csv
Execution time: 26.71781349182129 seconds
metaTables/vocal_music_demucs_16k/metaData_fma_large/row104241.csv
Execution time: 26.40866446495056 seconds
metaTables/vocal_music_demucs_16k/metaData_fma_large/row104242.csv
Execution time: 28.153208255767822 seconds
metaTables/vocal_music_demucs_16k/metaData_fma_large/row104243.csv
Execution time: 27.986828565597534 seconds
metaTables/vocal_music_demucs_16k/metaData_fma_large/row104244.csv
Execution time: 28.121379852294922 seconds
metaTables/vocal_music_demucs_16k/metaData_fma_large/row104245.csv
Execution time: 27.643831253051758 seconds
metaTables/vocal_music_demucs_16k/metaData_fma_large/row104246.csv
Execution time: 27.783562660217285 seconds
metaTables/vocal_music_demucs_16k/metaData_fma_large/row104247.csv
Execution time: 26.922810316085815 seconds
metaTables/vocal_music_demucs_16k/metaData_fma_large/row104248.csv
Execution time: 28.049336671829224 seconds
metaTables/vocal_music_demucs_16k/metaData_fma_large/row104249.csv
Execution time: 26.766576528549194 seconds
metaTables/vocal_music_demucs_16k/metaData_fma_large/row104250.csv
Execution time: 27.707337617874146 seconds
metaTables/vocal_music_demucs_16k/metaData_fma_large/row104251.csv
Execution time: 26.272552967071533 seconds
metaTables/vocal_music_demucs_16k/metaData_fma_large/row104252.csv
Execution time: 27.760819911956787 seconds
metaTables/vocal_music_demucs_16k/metaData_fma_large/row104253.csv
Execution time: 26.542981147766113 seconds
metaTables/vocal_music_demucs_16k/metaData_fma_large/row104254.csv
Execution time: 26.693830966949463 seconds
metaTables/vocal_music_demucs_16k/metaData_fma_large/row104255.csv
Execution time: 26.879432201385498 seconds
metaTables/vocal_music_demucs_16k/metaData_fma_large/row104256.csv
Execution time: 27.92154812812805 seconds
metaTables/vocal_music_demucs_16k/metaData_fma_large/row104257.csv
Execution time: 28.66479730606079 seconds
metaTables/vocal_music_demucs_16k/metaData_fma_large/row104258.csv
Execution time: 26.181087255477905 seconds
metaTables/vocal_music_demucs_16k/metaData_fma_large/row104259.csv
Execution time: 28.169423580169678 seconds
metaTables/vocal_music_demucs_16k/metaData_fma_large/row104260.csv
Execution time: 27.724374055862427 seconds
metaTables/vocal_music_demucs_16k/metaData_fma_large/row104261.csv
Execution time: 27.300581216812134 seconds
metaTables/vocal_music_demucs_16k/metaData_fma_large/row104262.csv
Execution time: 28.30405306816101 seconds
metaTables/vocal_music_demucs_16k/metaData_fma_large/row104263.csv
Execution time: 26.959376573562622 seconds
metaTables/vocal_music_demucs_16k/metaData_fma_large/row104264.csv
Execution time: 27.145488262176514 seconds
metaTables/vocal_music_demucs_16k/metaData_fma_large/row104265.csv
Execution time: 27.2467200756073 seconds
metaTables/vocal_music_demucs_16k/metaData_fma_large/row104266.csv
Execution time: 26.751487970352173 seconds
metaTables/vocal_music_demucs_16k/metaData_fma_large/row104267.csv
Execution time: 27.871259212493896 seconds
metaTables/vocal_music_demucs_16k/metaData_fma_large/row104268.csv
Execution time: 26.894304275512695 seconds
metaTables/vocal_music_demucs_16k/metaData_fma_large/row104269.csv
Execution time: 27.451719522476196 seconds
metaTables/vocal_music_demucs_16k/metaData_fma_large/row104270.csv
Execution time: 27.16537117958069 seconds
metaTables/vocal_music_demucs_16k/metaData_fma_large/row104271.csv
Execution time: 27.114412546157837 seconds
metaTables/vocal_music_demucs_16k/metaData_fma_large/row104272.csv
Execution time: 27.15614891052246 seconds
metaTables/vocal_music_demucs_16k/metaData_fma_large/row104273.csv
Execution time: 26.897109985351562 seconds
metaTables/vocal_music_demucs_16k/metaData_fma_large/row104274.csv
Execution time: 27.134533166885376 seconds
metaTables/vocal_music_demucs_16k/metaData_fma_large/row104275.csv
Execution time: 27.779219388961792 seconds
metaTables/vocal_music_demucs_16k/metaData_fma_large/row104276.csv
Execution time: 27.93217706680298 seconds
metaTables/vocal_music_demucs_16k/metaData_fma_large/row104277.csv
Execution time: 28.122820138931274 seconds
metaTables/vocal_music_demucs_16k/metaData_fma_large/row104278.csv
Execution time: 27.165667295455933 seconds
metaTables/vocal_music_demucs_16k/metaData_fma_large/row104279.csv
Execution time: 28.32697319984436 seconds
metaTables/vocal_music_demucs_16k/metaData_fma_large/row104280.csv
Execution time: 27.180089712142944 seconds
metaTables/vocal_music_demucs_16k/metaData_fma_large/row104281.csv
Execution time: 27.22503089904785 seconds
metaTables/vocal_music_demucs_16k/metaData_fma_large/row104282.csv
Execution time: 27.564682960510254 seconds
metaTables/vocal_music_demucs_16k/metaData_fma_large/row104283.csv
Execution time: 27.399229764938354 seconds
metaTables/vocal_music_demucs_16k/metaData_fma_large/row104284.csv
Execution time: 29.164134979248047 seconds
metaTables/vocal_music_demucs_16k/metaData_fma_large/row104285.csv
Execution time: 27.506837368011475 seconds
metaTables/vocal_music_demucs_16k/metaData_fma_large/row104286.csv
Execution time: 26.514657735824585 seconds
metaTables/vocal_music_demucs_16k/metaData_fma_large/row104287.csv
Execution time: 27.868754386901855 seconds
metaTables/vocal_music_demucs_16k/metaData_fma_large/row104288.csv
Execution time: 27.587201833724976 seconds
metaTables/vocal_music_demucs_16k/metaData_fma_large/row104289.csv
Execution time: 27.446858882904053 seconds
metaTables/vocal_music_demucs_16k/metaData_fma_large/row104290.csv
Execution time: 27.447219848632812 seconds
metaTables/vocal_music_demucs_16k/metaData_fma_large/row104291.csv
Execution time: 26.64762568473816 seconds
metaTables/vocal_music_demucs_16k/metaData_fma_large/row104292.csv
Execution time: 27.60380792617798 seconds
metaTables/vocal_music_demucs_16k/metaData_fma_large/row104293.csv
Execution time: 27.181568145751953 seconds
metaTables/vocal_music_demucs_16k/metaData_fma_large/row104294.csv
Execution time: 26.852929830551147 seconds
metaTables/vocal_music_demucs_16k/metaData_fma_large/row104295.csv
Execution time: 14.02094054222107 seconds
metaTables/vocal_music_demucs_16k/metaData_fma_large/row104296.csv
Execution time: 27.832862854003906 seconds
metaTables/vocal_music_demucs_16k/metaData_fma_large/row104297.csv
Execution time: 27.03548789024353 seconds
metaTables/vocal_music_demucs_16k/metaData_fma_large/row104298.csv
Execution time: 27.184686183929443 seconds
metaTables/vocal_music_demucs_16k/metaData_fma_large/row104299.csv
Demucs voice recognition done!
