/ext3/demucs/lib/python3.9/site-packages/demucs/api.py:27: UserWarning: TorchAudio's global backend is now deprecated. Please enable distpatcher by setting `TORCHAUDIO_USE_BACKEND_DISPATCHER=1`, and specify backend when calling load/info/save function.
  import torchaudio as ta
2024-05-09 09:21:25.056974: I tensorflow/core/util/port.cc:113] oneDNN custom operations are on. You may see slightly different numerical results due to floating-point round-off errors from different computation orders. To turn them off, set the environment variable `TF_ENABLE_ONEDNN_OPTS=0`.
2024-05-09 09:21:25.317271: E external/local_xla/xla/stream_executor/cuda/cuda_dnn.cc:9261] Unable to register cuDNN factory: Attempting to register factory for plugin cuDNN when one has already been registered
2024-05-09 09:21:25.317316: E external/local_xla/xla/stream_executor/cuda/cuda_fft.cc:607] Unable to register cuFFT factory: Attempting to register factory for plugin cuFFT when one has already been registered
2024-05-09 09:21:25.355229: E external/local_xla/xla/stream_executor/cuda/cuda_blas.cc:1515] Unable to register cuBLAS factory: Attempting to register factory for plugin cuBLAS when one has already been registered
2024-05-09 09:21:25.431099: I tensorflow/core/platform/cpu_feature_guard.cc:182] This TensorFlow binary is optimized to use available CPU instructions in performance-critical operations.
To enable the following instructions: AVX2 AVX512F AVX512_VNNI FMA, in other operations, rebuild TensorFlow with the appropriate compiler flags.
2024-05-09 09:21:26.350645: W tensorflow/compiler/tf2tensorrt/utils/py_utils.cc:38] TF-TRT Warning: Could not find TensorRT
SKIPPING: metaTables/vocal_music_demucs_16k/metaData_fma_large/row43400.csv
SKIPPING: metaTables/vocal_music_demucs_16k/metaData_fma_large/row43401.csv
SKIPPING: metaTables/vocal_music_demucs_16k/metaData_fma_large/row43402.csv
SKIPPING: metaTables/vocal_music_demucs_16k/metaData_fma_large/row43403.csv
SKIPPING: metaTables/vocal_music_demucs_16k/metaData_fma_large/row43404.csv
SKIPPING: metaTables/vocal_music_demucs_16k/metaData_fma_large/row43405.csv
SKIPPING: metaTables/vocal_music_demucs_16k/metaData_fma_large/row43406.csv
SKIPPING: metaTables/vocal_music_demucs_16k/metaData_fma_large/row43407.csv
SKIPPING: metaTables/vocal_music_demucs_16k/metaData_fma_large/row43408.csv
SKIPPING: metaTables/vocal_music_demucs_16k/metaData_fma_large/row43409.csv
SKIPPING: metaTables/vocal_music_demucs_16k/metaData_fma_large/row43410.csv
SKIPPING: metaTables/vocal_music_demucs_16k/metaData_fma_large/row43411.csv
SKIPPING: metaTables/vocal_music_demucs_16k/metaData_fma_large/row43412.csv
SKIPPING: metaTables/vocal_music_demucs_16k/metaData_fma_large/row43413.csv
SKIPPING: metaTables/vocal_music_demucs_16k/metaData_fma_large/row43414.csv
SKIPPING: metaTables/vocal_music_demucs_16k/metaData_fma_large/row43415.csv
SKIPPING: metaTables/vocal_music_demucs_16k/metaData_fma_large/row43416.csv
SKIPPING: metaTables/vocal_music_demucs_16k/metaData_fma_large/row43417.csv
SKIPPING: metaTables/vocal_music_demucs_16k/metaData_fma_large/row43418.csv
SKIPPING: metaTables/vocal_music_demucs_16k/metaData_fma_large/row43419.csv
SKIPPING: metaTables/vocal_music_demucs_16k/metaData_fma_large/row43420.csv
SKIPPING: metaTables/vocal_music_demucs_16k/metaData_fma_large/row43421.csv
SKIPPING: metaTables/vocal_music_demucs_16k/metaData_fma_large/row43422.csv
SKIPPING: metaTables/vocal_music_demucs_16k/metaData_fma_large/row43423.csv
SKIPPING: metaTables/vocal_music_demucs_16k/metaData_fma_large/row43424.csv
SKIPPING: metaTables/vocal_music_demucs_16k/metaData_fma_large/row43425.csv
SKIPPING: metaTables/vocal_music_demucs_16k/metaData_fma_large/row43426.csv
SKIPPING: metaTables/vocal_music_demucs_16k/metaData_fma_large/row43427.csv
SKIPPING: metaTables/vocal_music_demucs_16k/metaData_fma_large/row43428.csv
SKIPPING: metaTables/vocal_music_demucs_16k/metaData_fma_large/row43429.csv
SKIPPING: metaTables/vocal_music_demucs_16k/metaData_fma_large/row43430.csv
SKIPPING: metaTables/vocal_music_demucs_16k/metaData_fma_large/row43431.csv
SKIPPING: metaTables/vocal_music_demucs_16k/metaData_fma_large/row43432.csv
SKIPPING: metaTables/vocal_music_demucs_16k/metaData_fma_large/row43433.csv
SKIPPING: metaTables/vocal_music_demucs_16k/metaData_fma_large/row43434.csv
SKIPPING: metaTables/vocal_music_demucs_16k/metaData_fma_large/row43435.csv
SKIPPING: metaTables/vocal_music_demucs_16k/metaData_fma_large/row43436.csv
SKIPPING: metaTables/vocal_music_demucs_16k/metaData_fma_large/row43437.csv
SKIPPING: metaTables/vocal_music_demucs_16k/metaData_fma_large/row43438.csv
SKIPPING: metaTables/vocal_music_demucs_16k/metaData_fma_large/row43439.csv
SKIPPING: metaTables/vocal_music_demucs_16k/metaData_fma_large/row43440.csv
SKIPPING: metaTables/vocal_music_demucs_16k/metaData_fma_large/row43441.csv
SKIPPING: metaTables/vocal_music_demucs_16k/metaData_fma_large/row43442.csv
SKIPPING: metaTables/vocal_music_demucs_16k/metaData_fma_large/row43443.csv
SKIPPING: metaTables/vocal_music_demucs_16k/metaData_fma_large/row43444.csv
SKIPPING: metaTables/vocal_music_demucs_16k/metaData_fma_large/row43445.csv
SKIPPING: metaTables/vocal_music_demucs_16k/metaData_fma_large/row43446.csv
SKIPPING: metaTables/vocal_music_demucs_16k/metaData_fma_large/row43447.csv
SKIPPING: metaTables/vocal_music_demucs_16k/metaData_fma_large/row43448.csv
SKIPPING: metaTables/vocal_music_demucs_16k/metaData_fma_large/row43449.csv
SKIPPING: metaTables/vocal_music_demucs_16k/metaData_fma_large/row43450.csv
SKIPPING: metaTables/vocal_music_demucs_16k/metaData_fma_large/row43451.csv
SKIPPING: metaTables/vocal_music_demucs_16k/metaData_fma_large/row43452.csv
SKIPPING: metaTables/vocal_music_demucs_16k/metaData_fma_large/row43453.csv
SKIPPING: metaTables/vocal_music_demucs_16k/metaData_fma_large/row43454.csv
SKIPPING: metaTables/vocal_music_demucs_16k/metaData_fma_large/row43455.csv
SKIPPING: metaTables/vocal_music_demucs_16k/metaData_fma_large/row43456.csv
SKIPPING: metaTables/vocal_music_demucs_16k/metaData_fma_large/row43457.csv
SKIPPING: metaTables/vocal_music_demucs_16k/metaData_fma_large/row43458.csv
SKIPPING: metaTables/vocal_music_demucs_16k/metaData_fma_large/row43459.csv
SKIPPING: metaTables/vocal_music_demucs_16k/metaData_fma_large/row43460.csv
SKIPPING: metaTables/vocal_music_demucs_16k/metaData_fma_large/row43461.csv
SKIPPING: metaTables/vocal_music_demucs_16k/metaData_fma_large/row43462.csv
SKIPPING: metaTables/vocal_music_demucs_16k/metaData_fma_large/row43463.csv
SKIPPING: metaTables/vocal_music_demucs_16k/metaData_fma_large/row43464.csv
SKIPPING: metaTables/vocal_music_demucs_16k/metaData_fma_large/row43465.csv
SKIPPING: metaTables/vocal_music_demucs_16k/metaData_fma_large/row43466.csv
SKIPPING: metaTables/vocal_music_demucs_16k/metaData_fma_large/row43467.csv
SKIPPING: metaTables/vocal_music_demucs_16k/metaData_fma_large/row43468.csv
SKIPPING: metaTables/vocal_music_demucs_16k/metaData_fma_large/row43469.csv
SKIPPING: metaTables/vocal_music_demucs_16k/metaData_fma_large/row43470.csv
SKIPPING: metaTables/vocal_music_demucs_16k/metaData_fma_large/row43471.csv
SKIPPING: metaTables/vocal_music_demucs_16k/metaData_fma_large/row43472.csv
SKIPPING: metaTables/vocal_music_demucs_16k/metaData_fma_large/row43473.csv
SKIPPING: metaTables/vocal_music_demucs_16k/metaData_fma_large/row43474.csv
SKIPPING: metaTables/vocal_music_demucs_16k/metaData_fma_large/row43475.csv
SKIPPING: metaTables/vocal_music_demucs_16k/metaData_fma_large/row43476.csv
SKIPPING: metaTables/vocal_music_demucs_16k/metaData_fma_large/row43477.csv
SKIPPING: metaTables/vocal_music_demucs_16k/metaData_fma_large/row43478.csv
SKIPPING: metaTables/vocal_music_demucs_16k/metaData_fma_large/row43479.csv
SKIPPING: metaTables/vocal_music_demucs_16k/metaData_fma_large/row43480.csv
SKIPPING: metaTables/vocal_music_demucs_16k/metaData_fma_large/row43481.csv
SKIPPING: metaTables/vocal_music_demucs_16k/metaData_fma_large/row43482.csv
SKIPPING: metaTables/vocal_music_demucs_16k/metaData_fma_large/row43483.csv
SKIPPING: metaTables/vocal_music_demucs_16k/metaData_fma_large/row43484.csv
SKIPPING: metaTables/vocal_music_demucs_16k/metaData_fma_large/row43485.csv
SKIPPING: metaTables/vocal_music_demucs_16k/metaData_fma_large/row43486.csv
SKIPPING: metaTables/vocal_music_demucs_16k/metaData_fma_large/row43487.csv
SKIPPING: metaTables/vocal_music_demucs_16k/metaData_fma_large/row43488.csv
SKIPPING: metaTables/vocal_music_demucs_16k/metaData_fma_large/row43489.csv
SKIPPING: metaTables/vocal_music_demucs_16k/metaData_fma_large/row43490.csv
SKIPPING: metaTables/vocal_music_demucs_16k/metaData_fma_large/row43491.csv
SKIPPING: metaTables/vocal_music_demucs_16k/metaData_fma_large/row43492.csv
SKIPPING: metaTables/vocal_music_demucs_16k/metaData_fma_large/row43493.csv
SKIPPING: metaTables/vocal_music_demucs_16k/metaData_fma_large/row43494.csv
SKIPPING: metaTables/vocal_music_demucs_16k/metaData_fma_large/row43495.csv
SKIPPING: metaTables/vocal_music_demucs_16k/metaData_fma_large/row43496.csv
SKIPPING: metaTables/vocal_music_demucs_16k/metaData_fma_large/row43497.csv
SKIPPING: metaTables/vocal_music_demucs_16k/metaData_fma_large/row43498.csv
SKIPPING: metaTables/vocal_music_demucs_16k/metaData_fma_large/row43499.csv
Demucs voice recognition done!
