/ext3/demucs/lib/python3.9/site-packages/demucs/api.py:27: UserWarning: TorchAudio's global backend is now deprecated. Please enable distpatcher by setting `TORCHAUDIO_USE_BACKEND_DISPATCHER=1`, and specify backend when calling load/info/save function.
  import torchaudio as ta
2024-05-09 00:18:29.651079: I tensorflow/core/util/port.cc:113] oneDNN custom operations are on. You may see slightly different numerical results due to floating-point round-off errors from different computation orders. To turn them off, set the environment variable `TF_ENABLE_ONEDNN_OPTS=0`.
2024-05-09 00:18:30.866266: E external/local_xla/xla/stream_executor/cuda/cuda_dnn.cc:9261] Unable to register cuDNN factory: Attempting to register factory for plugin cuDNN when one has already been registered
2024-05-09 00:18:30.866317: E external/local_xla/xla/stream_executor/cuda/cuda_fft.cc:607] Unable to register cuFFT factory: Attempting to register factory for plugin cuFFT when one has already been registered
2024-05-09 00:18:30.960660: E external/local_xla/xla/stream_executor/cuda/cuda_blas.cc:1515] Unable to register cuBLAS factory: Attempting to register factory for plugin cuBLAS when one has already been registered
2024-05-09 00:18:31.451396: I tensorflow/core/platform/cpu_feature_guard.cc:182] This TensorFlow binary is optimized to use available CPU instructions in performance-critical operations.
To enable the following instructions: AVX2 AVX512F AVX512_VNNI FMA, in other operations, rebuild TensorFlow with the appropriate compiler flags.
2024-05-09 00:18:33.485135: W tensorflow/compiler/tf2tensorrt/utils/py_utils.cc:38] TF-TRT Warning: Could not find TensorRT
Execution time: 28.18488359451294 seconds
metaTables/vocal_music_demucs_16k/metaData_fma_large/row83600.csv
Execution time: 24.683863162994385 seconds
metaTables/vocal_music_demucs_16k/metaData_fma_large/row83601.csv
Execution time: 25.6537663936615 seconds
metaTables/vocal_music_demucs_16k/metaData_fma_large/row83602.csv
Execution time: 24.879171133041382 seconds
metaTables/vocal_music_demucs_16k/metaData_fma_large/row83603.csv
Execution time: 26.281212329864502 seconds
metaTables/vocal_music_demucs_16k/metaData_fma_large/row83604.csv
Execution time: 24.443673610687256 seconds
metaTables/vocal_music_demucs_16k/metaData_fma_large/row83605.csv
Execution time: 24.931713581085205 seconds
metaTables/vocal_music_demucs_16k/metaData_fma_large/row83606.csv
Execution time: 25.81544780731201 seconds
metaTables/vocal_music_demucs_16k/metaData_fma_large/row83607.csv
Execution time: 25.2773334980011 seconds
metaTables/vocal_music_demucs_16k/metaData_fma_large/row83608.csv
Execution time: 25.129223108291626 seconds
metaTables/vocal_music_demucs_16k/metaData_fma_large/row83609.csv
Execution time: 25.618261337280273 seconds
metaTables/vocal_music_demucs_16k/metaData_fma_large/row83610.csv
Execution time: 24.93157958984375 seconds
metaTables/vocal_music_demucs_16k/metaData_fma_large/row83611.csv
Execution time: 24.974321842193604 seconds
metaTables/vocal_music_demucs_16k/metaData_fma_large/row83612.csv
Execution time: 24.84661865234375 seconds
metaTables/vocal_music_demucs_16k/metaData_fma_large/row83613.csv
Execution time: 12.672680616378784 seconds
metaTables/vocal_music_demucs_16k/metaData_fma_large/row83614.csv
Execution time: 25.1492600440979 seconds
metaTables/vocal_music_demucs_16k/metaData_fma_large/row83615.csv
Execution time: 25.62854552268982 seconds
metaTables/vocal_music_demucs_16k/metaData_fma_large/row83616.csv
Execution time: 26.02292776107788 seconds
metaTables/vocal_music_demucs_16k/metaData_fma_large/row83617.csv
Execution time: 24.1290442943573 seconds
metaTables/vocal_music_demucs_16k/metaData_fma_large/row83618.csv
Execution time: 24.91270422935486 seconds
metaTables/vocal_music_demucs_16k/metaData_fma_large/row83619.csv
Execution time: 26.17860984802246 seconds
metaTables/vocal_music_demucs_16k/metaData_fma_large/row83620.csv
Execution time: 28.127002239227295 seconds
metaTables/vocal_music_demucs_16k/metaData_fma_large/row83621.csv
Execution time: 25.48634171485901 seconds
metaTables/vocal_music_demucs_16k/metaData_fma_large/row83622.csv
Execution time: 25.571231365203857 seconds
metaTables/vocal_music_demucs_16k/metaData_fma_large/row83623.csv
Execution time: 24.45032835006714 seconds
metaTables/vocal_music_demucs_16k/metaData_fma_large/row83624.csv
Execution time: 25.033481121063232 seconds
metaTables/vocal_music_demucs_16k/metaData_fma_large/row83625.csv
Execution time: 24.875994443893433 seconds
metaTables/vocal_music_demucs_16k/metaData_fma_large/row83626.csv
Execution time: 25.146631002426147 seconds
metaTables/vocal_music_demucs_16k/metaData_fma_large/row83627.csv
Execution time: 24.904109477996826 seconds
metaTables/vocal_music_demucs_16k/metaData_fma_large/row83628.csv
Execution time: 25.689000368118286 seconds
metaTables/vocal_music_demucs_16k/metaData_fma_large/row83629.csv
Execution time: 27.7028911113739 seconds
metaTables/vocal_music_demucs_16k/metaData_fma_large/row83630.csv
Execution time: 25.68732714653015 seconds
metaTables/vocal_music_demucs_16k/metaData_fma_large/row83631.csv
Execution time: 24.726260662078857 seconds
metaTables/vocal_music_demucs_16k/metaData_fma_large/row83632.csv
Execution time: 24.921481370925903 seconds
metaTables/vocal_music_demucs_16k/metaData_fma_large/row83633.csv
Execution time: 26.397329092025757 seconds
metaTables/vocal_music_demucs_16k/metaData_fma_large/row83634.csv
Execution time: 26.55141544342041 seconds
metaTables/vocal_music_demucs_16k/metaData_fma_large/row83635.csv
Execution time: 25.95974111557007 seconds
metaTables/vocal_music_demucs_16k/metaData_fma_large/row83636.csv
Execution time: 25.225186586380005 seconds
metaTables/vocal_music_demucs_16k/metaData_fma_large/row83637.csv
Execution time: 25.675962209701538 seconds
metaTables/vocal_music_demucs_16k/metaData_fma_large/row83638.csv
Execution time: 25.390174627304077 seconds
metaTables/vocal_music_demucs_16k/metaData_fma_large/row83639.csv
Execution time: 25.57683801651001 seconds
metaTables/vocal_music_demucs_16k/metaData_fma_large/row83640.csv
Execution time: 24.966723680496216 seconds
metaTables/vocal_music_demucs_16k/metaData_fma_large/row83641.csv
Execution time: 26.614284992218018 seconds
metaTables/vocal_music_demucs_16k/metaData_fma_large/row83642.csv
Execution time: 25.688613414764404 seconds
metaTables/vocal_music_demucs_16k/metaData_fma_large/row83643.csv
Execution time: 24.07165765762329 seconds
metaTables/vocal_music_demucs_16k/metaData_fma_large/row83644.csv
Execution time: 24.454904317855835 seconds
metaTables/vocal_music_demucs_16k/metaData_fma_large/row83645.csv
Execution time: 25.40166997909546 seconds
metaTables/vocal_music_demucs_16k/metaData_fma_large/row83646.csv
Execution time: 24.532917499542236 seconds
metaTables/vocal_music_demucs_16k/metaData_fma_large/row83647.csv
Execution time: 25.107603311538696 seconds
metaTables/vocal_music_demucs_16k/metaData_fma_large/row83648.csv
Execution time: 25.07288384437561 seconds
metaTables/vocal_music_demucs_16k/metaData_fma_large/row83649.csv
Execution time: 24.786410331726074 seconds
metaTables/vocal_music_demucs_16k/metaData_fma_large/row83650.csv
Execution time: 24.75677990913391 seconds
metaTables/vocal_music_demucs_16k/metaData_fma_large/row83651.csv
Execution time: 25.32586097717285 seconds
metaTables/vocal_music_demucs_16k/metaData_fma_large/row83652.csv
Execution time: 25.84776020050049 seconds
metaTables/vocal_music_demucs_16k/metaData_fma_large/row83653.csv
Execution time: 25.593055248260498 seconds
metaTables/vocal_music_demucs_16k/metaData_fma_large/row83654.csv
Execution time: 25.362452507019043 seconds
metaTables/vocal_music_demucs_16k/metaData_fma_large/row83655.csv
Execution time: 25.16939091682434 seconds
metaTables/vocal_music_demucs_16k/metaData_fma_large/row83656.csv
Execution time: 25.30377745628357 seconds
metaTables/vocal_music_demucs_16k/metaData_fma_large/row83657.csv
Execution time: 25.8698890209198 seconds
metaTables/vocal_music_demucs_16k/metaData_fma_large/row83658.csv
Execution time: 24.8803288936615 seconds
metaTables/vocal_music_demucs_16k/metaData_fma_large/row83659.csv
Execution time: 25.031051635742188 seconds
metaTables/vocal_music_demucs_16k/metaData_fma_large/row83660.csv
Execution time: 25.917030572891235 seconds
metaTables/vocal_music_demucs_16k/metaData_fma_large/row83661.csv
Execution time: 26.146125316619873 seconds
metaTables/vocal_music_demucs_16k/metaData_fma_large/row83662.csv
Execution time: 25.026597023010254 seconds
metaTables/vocal_music_demucs_16k/metaData_fma_large/row83663.csv
Execution time: 24.55426001548767 seconds
metaTables/vocal_music_demucs_16k/metaData_fma_large/row83664.csv
Execution time: 25.32080054283142 seconds
metaTables/vocal_music_demucs_16k/metaData_fma_large/row83665.csv
Execution time: 25.047339916229248 seconds
metaTables/vocal_music_demucs_16k/metaData_fma_large/row83666.csv
Execution time: 25.325498580932617 seconds
metaTables/vocal_music_demucs_16k/metaData_fma_large/row83667.csv
Execution time: 25.46661067008972 seconds
metaTables/vocal_music_demucs_16k/metaData_fma_large/row83668.csv
Execution time: 25.377250909805298 seconds
metaTables/vocal_music_demucs_16k/metaData_fma_large/row83669.csv
Execution time: 25.00032877922058 seconds
metaTables/vocal_music_demucs_16k/metaData_fma_large/row83670.csv
Execution time: 25.46230936050415 seconds
metaTables/vocal_music_demucs_16k/metaData_fma_large/row83671.csv
Execution time: 26.65191149711609 seconds
metaTables/vocal_music_demucs_16k/metaData_fma_large/row83672.csv
Execution time: 25.49249529838562 seconds
metaTables/vocal_music_demucs_16k/metaData_fma_large/row83673.csv
Execution time: 26.060991048812866 seconds
metaTables/vocal_music_demucs_16k/metaData_fma_large/row83674.csv
Execution time: 25.520185708999634 seconds
metaTables/vocal_music_demucs_16k/metaData_fma_large/row83675.csv
Execution time: 24.865523099899292 seconds
metaTables/vocal_music_demucs_16k/metaData_fma_large/row83676.csv
Execution time: 25.76121711730957 seconds
metaTables/vocal_music_demucs_16k/metaData_fma_large/row83677.csv
Execution time: 24.91742992401123 seconds
metaTables/vocal_music_demucs_16k/metaData_fma_large/row83678.csv
Execution time: 25.90747332572937 seconds
metaTables/vocal_music_demucs_16k/metaData_fma_large/row83679.csv
Execution time: 25.391714811325073 seconds
metaTables/vocal_music_demucs_16k/metaData_fma_large/row83680.csv
Execution time: 24.156980991363525 seconds
metaTables/vocal_music_demucs_16k/metaData_fma_large/row83681.csv
Execution time: 25.53298544883728 seconds
metaTables/vocal_music_demucs_16k/metaData_fma_large/row83682.csv
Execution time: 25.545586347579956 seconds
metaTables/vocal_music_demucs_16k/metaData_fma_large/row83683.csv
Execution time: 25.51398777961731 seconds
metaTables/vocal_music_demucs_16k/metaData_fma_large/row83684.csv
Execution time: 24.88903546333313 seconds
metaTables/vocal_music_demucs_16k/metaData_fma_large/row83685.csv
Execution time: 25.096835374832153 seconds
metaTables/vocal_music_demucs_16k/metaData_fma_large/row83686.csv
Execution time: 23.401137351989746 seconds
metaTables/vocal_music_demucs_16k/metaData_fma_large/row83687.csv
Execution time: 25.837379932403564 seconds
metaTables/vocal_music_demucs_16k/metaData_fma_large/row83688.csv
Execution time: 25.703840732574463 seconds
metaTables/vocal_music_demucs_16k/metaData_fma_large/row83689.csv
Execution time: 25.580981731414795 seconds
metaTables/vocal_music_demucs_16k/metaData_fma_large/row83690.csv
Execution time: 25.439507246017456 seconds
metaTables/vocal_music_demucs_16k/metaData_fma_large/row83691.csv
Execution time: 25.151395082473755 seconds
metaTables/vocal_music_demucs_16k/metaData_fma_large/row83692.csv
Execution time: 25.686997652053833 seconds
metaTables/vocal_music_demucs_16k/metaData_fma_large/row83693.csv
Execution time: 26.233933448791504 seconds
metaTables/vocal_music_demucs_16k/metaData_fma_large/row83694.csv
Execution time: 24.897835969924927 seconds
metaTables/vocal_music_demucs_16k/metaData_fma_large/row83695.csv
Execution time: 26.93158459663391 seconds
metaTables/vocal_music_demucs_16k/metaData_fma_large/row83696.csv
Execution time: 26.400872945785522 seconds
metaTables/vocal_music_demucs_16k/metaData_fma_large/row83697.csv
Execution time: 25.30306601524353 seconds
metaTables/vocal_music_demucs_16k/metaData_fma_large/row83698.csv
Execution time: 24.62647008895874 seconds
metaTables/vocal_music_demucs_16k/metaData_fma_large/row83699.csv
Demucs voice recognition done!
