/ext3/demucs/lib/python3.9/site-packages/demucs/api.py:27: UserWarning: TorchAudio's global backend is now deprecated. Please enable distpatcher by setting `TORCHAUDIO_USE_BACKEND_DISPATCHER=1`, and specify backend when calling load/info/save function.
  import torchaudio as ta
2024-05-09 09:20:47.845517: I tensorflow/core/util/port.cc:113] oneDNN custom operations are on. You may see slightly different numerical results due to floating-point round-off errors from different computation orders. To turn them off, set the environment variable `TF_ENABLE_ONEDNN_OPTS=0`.
2024-05-09 09:20:51.149058: E external/local_xla/xla/stream_executor/cuda/cuda_dnn.cc:9261] Unable to register cuDNN factory: Attempting to register factory for plugin cuDNN when one has already been registered
2024-05-09 09:20:51.149105: E external/local_xla/xla/stream_executor/cuda/cuda_fft.cc:607] Unable to register cuFFT factory: Attempting to register factory for plugin cuFFT when one has already been registered
2024-05-09 09:20:51.433979: E external/local_xla/xla/stream_executor/cuda/cuda_blas.cc:1515] Unable to register cuBLAS factory: Attempting to register factory for plugin cuBLAS when one has already been registered
2024-05-09 09:20:51.703275: I tensorflow/core/platform/cpu_feature_guard.cc:182] This TensorFlow binary is optimized to use available CPU instructions in performance-critical operations.
To enable the following instructions: AVX2 AVX512F AVX512_VNNI FMA, in other operations, rebuild TensorFlow with the appropriate compiler flags.
2024-05-09 09:20:54.315223: W tensorflow/compiler/tf2tensorrt/utils/py_utils.cc:38] TF-TRT Warning: Could not find TensorRT
SKIPPING: metaTables/vocal_music_demucs_16k/metaData_fma_large/row31000.csv
SKIPPING: metaTables/vocal_music_demucs_16k/metaData_fma_large/row31001.csv
SKIPPING: metaTables/vocal_music_demucs_16k/metaData_fma_large/row31002.csv
SKIPPING: metaTables/vocal_music_demucs_16k/metaData_fma_large/row31003.csv
SKIPPING: metaTables/vocal_music_demucs_16k/metaData_fma_large/row31004.csv
SKIPPING: metaTables/vocal_music_demucs_16k/metaData_fma_large/row31005.csv
SKIPPING: metaTables/vocal_music_demucs_16k/metaData_fma_large/row31006.csv
SKIPPING: metaTables/vocal_music_demucs_16k/metaData_fma_large/row31007.csv
SKIPPING: metaTables/vocal_music_demucs_16k/metaData_fma_large/row31008.csv
SKIPPING: metaTables/vocal_music_demucs_16k/metaData_fma_large/row31009.csv
SKIPPING: metaTables/vocal_music_demucs_16k/metaData_fma_large/row31010.csv
SKIPPING: metaTables/vocal_music_demucs_16k/metaData_fma_large/row31011.csv
SKIPPING: metaTables/vocal_music_demucs_16k/metaData_fma_large/row31012.csv
SKIPPING: metaTables/vocal_music_demucs_16k/metaData_fma_large/row31013.csv
SKIPPING: metaTables/vocal_music_demucs_16k/metaData_fma_large/row31014.csv
SKIPPING: metaTables/vocal_music_demucs_16k/metaData_fma_large/row31015.csv
SKIPPING: metaTables/vocal_music_demucs_16k/metaData_fma_large/row31016.csv
SKIPPING: metaTables/vocal_music_demucs_16k/metaData_fma_large/row31017.csv
SKIPPING: metaTables/vocal_music_demucs_16k/metaData_fma_large/row31018.csv
SKIPPING: metaTables/vocal_music_demucs_16k/metaData_fma_large/row31019.csv
SKIPPING: metaTables/vocal_music_demucs_16k/metaData_fma_large/row31020.csv
SKIPPING: metaTables/vocal_music_demucs_16k/metaData_fma_large/row31021.csv
SKIPPING: metaTables/vocal_music_demucs_16k/metaData_fma_large/row31022.csv
SKIPPING: metaTables/vocal_music_demucs_16k/metaData_fma_large/row31023.csv
SKIPPING: metaTables/vocal_music_demucs_16k/metaData_fma_large/row31024.csv
SKIPPING: metaTables/vocal_music_demucs_16k/metaData_fma_large/row31025.csv
SKIPPING: metaTables/vocal_music_demucs_16k/metaData_fma_large/row31026.csv
SKIPPING: metaTables/vocal_music_demucs_16k/metaData_fma_large/row31027.csv
SKIPPING: metaTables/vocal_music_demucs_16k/metaData_fma_large/row31028.csv
SKIPPING: metaTables/vocal_music_demucs_16k/metaData_fma_large/row31029.csv
SKIPPING: metaTables/vocal_music_demucs_16k/metaData_fma_large/row31030.csv
SKIPPING: metaTables/vocal_music_demucs_16k/metaData_fma_large/row31031.csv
SKIPPING: metaTables/vocal_music_demucs_16k/metaData_fma_large/row31032.csv
SKIPPING: metaTables/vocal_music_demucs_16k/metaData_fma_large/row31033.csv
SKIPPING: metaTables/vocal_music_demucs_16k/metaData_fma_large/row31034.csv
SKIPPING: metaTables/vocal_music_demucs_16k/metaData_fma_large/row31035.csv
SKIPPING: metaTables/vocal_music_demucs_16k/metaData_fma_large/row31036.csv
SKIPPING: metaTables/vocal_music_demucs_16k/metaData_fma_large/row31037.csv
SKIPPING: metaTables/vocal_music_demucs_16k/metaData_fma_large/row31038.csv
SKIPPING: metaTables/vocal_music_demucs_16k/metaData_fma_large/row31039.csv
SKIPPING: metaTables/vocal_music_demucs_16k/metaData_fma_large/row31040.csv
SKIPPING: metaTables/vocal_music_demucs_16k/metaData_fma_large/row31041.csv
SKIPPING: metaTables/vocal_music_demucs_16k/metaData_fma_large/row31042.csv
SKIPPING: metaTables/vocal_music_demucs_16k/metaData_fma_large/row31043.csv
SKIPPING: metaTables/vocal_music_demucs_16k/metaData_fma_large/row31044.csv
SKIPPING: metaTables/vocal_music_demucs_16k/metaData_fma_large/row31045.csv
SKIPPING: metaTables/vocal_music_demucs_16k/metaData_fma_large/row31046.csv
SKIPPING: metaTables/vocal_music_demucs_16k/metaData_fma_large/row31047.csv
SKIPPING: metaTables/vocal_music_demucs_16k/metaData_fma_large/row31048.csv
SKIPPING: metaTables/vocal_music_demucs_16k/metaData_fma_large/row31049.csv
SKIPPING: metaTables/vocal_music_demucs_16k/metaData_fma_large/row31050.csv
SKIPPING: metaTables/vocal_music_demucs_16k/metaData_fma_large/row31051.csv
SKIPPING: metaTables/vocal_music_demucs_16k/metaData_fma_large/row31052.csv
SKIPPING: metaTables/vocal_music_demucs_16k/metaData_fma_large/row31053.csv
SKIPPING: metaTables/vocal_music_demucs_16k/metaData_fma_large/row31054.csv
SKIPPING: metaTables/vocal_music_demucs_16k/metaData_fma_large/row31055.csv
SKIPPING: metaTables/vocal_music_demucs_16k/metaData_fma_large/row31056.csv
SKIPPING: metaTables/vocal_music_demucs_16k/metaData_fma_large/row31057.csv
SKIPPING: metaTables/vocal_music_demucs_16k/metaData_fma_large/row31058.csv
SKIPPING: metaTables/vocal_music_demucs_16k/metaData_fma_large/row31059.csv
SKIPPING: metaTables/vocal_music_demucs_16k/metaData_fma_large/row31060.csv
SKIPPING: metaTables/vocal_music_demucs_16k/metaData_fma_large/row31061.csv
SKIPPING: metaTables/vocal_music_demucs_16k/metaData_fma_large/row31062.csv
SKIPPING: metaTables/vocal_music_demucs_16k/metaData_fma_large/row31063.csv
SKIPPING: metaTables/vocal_music_demucs_16k/metaData_fma_large/row31064.csv
SKIPPING: metaTables/vocal_music_demucs_16k/metaData_fma_large/row31065.csv
SKIPPING: metaTables/vocal_music_demucs_16k/metaData_fma_large/row31066.csv
SKIPPING: metaTables/vocal_music_demucs_16k/metaData_fma_large/row31067.csv
SKIPPING: metaTables/vocal_music_demucs_16k/metaData_fma_large/row31068.csv
SKIPPING: metaTables/vocal_music_demucs_16k/metaData_fma_large/row31069.csv
SKIPPING: metaTables/vocal_music_demucs_16k/metaData_fma_large/row31070.csv
SKIPPING: metaTables/vocal_music_demucs_16k/metaData_fma_large/row31071.csv
SKIPPING: metaTables/vocal_music_demucs_16k/metaData_fma_large/row31072.csv
SKIPPING: metaTables/vocal_music_demucs_16k/metaData_fma_large/row31073.csv
SKIPPING: metaTables/vocal_music_demucs_16k/metaData_fma_large/row31074.csv
SKIPPING: metaTables/vocal_music_demucs_16k/metaData_fma_large/row31075.csv
SKIPPING: metaTables/vocal_music_demucs_16k/metaData_fma_large/row31076.csv
SKIPPING: metaTables/vocal_music_demucs_16k/metaData_fma_large/row31077.csv
SKIPPING: metaTables/vocal_music_demucs_16k/metaData_fma_large/row31078.csv
SKIPPING: metaTables/vocal_music_demucs_16k/metaData_fma_large/row31079.csv
SKIPPING: metaTables/vocal_music_demucs_16k/metaData_fma_large/row31080.csv
SKIPPING: metaTables/vocal_music_demucs_16k/metaData_fma_large/row31081.csv
SKIPPING: metaTables/vocal_music_demucs_16k/metaData_fma_large/row31082.csv
SKIPPING: metaTables/vocal_music_demucs_16k/metaData_fma_large/row31083.csv
SKIPPING: metaTables/vocal_music_demucs_16k/metaData_fma_large/row31084.csv
SKIPPING: metaTables/vocal_music_demucs_16k/metaData_fma_large/row31085.csv
SKIPPING: metaTables/vocal_music_demucs_16k/metaData_fma_large/row31086.csv
SKIPPING: metaTables/vocal_music_demucs_16k/metaData_fma_large/row31087.csv
SKIPPING: metaTables/vocal_music_demucs_16k/metaData_fma_large/row31088.csv
SKIPPING: metaTables/vocal_music_demucs_16k/metaData_fma_large/row31089.csv
SKIPPING: metaTables/vocal_music_demucs_16k/metaData_fma_large/row31090.csv
SKIPPING: metaTables/vocal_music_demucs_16k/metaData_fma_large/row31091.csv
SKIPPING: metaTables/vocal_music_demucs_16k/metaData_fma_large/row31092.csv
SKIPPING: metaTables/vocal_music_demucs_16k/metaData_fma_large/row31093.csv
SKIPPING: metaTables/vocal_music_demucs_16k/metaData_fma_large/row31094.csv
SKIPPING: metaTables/vocal_music_demucs_16k/metaData_fma_large/row31095.csv
SKIPPING: metaTables/vocal_music_demucs_16k/metaData_fma_large/row31096.csv
SKIPPING: metaTables/vocal_music_demucs_16k/metaData_fma_large/row31097.csv
SKIPPING: metaTables/vocal_music_demucs_16k/metaData_fma_large/row31098.csv
SKIPPING: metaTables/vocal_music_demucs_16k/metaData_fma_large/row31099.csv
Demucs voice recognition done!
