/ext3/demucs/lib/python3.9/site-packages/demucs/api.py:27: UserWarning: TorchAudio's global backend is now deprecated. Please enable distpatcher by setting `TORCHAUDIO_USE_BACKEND_DISPATCHER=1`, and specify backend when calling load/info/save function.
  import torchaudio as ta
2024-05-09 09:22:22.738964: I tensorflow/core/util/port.cc:113] oneDNN custom operations are on. You may see slightly different numerical results due to floating-point round-off errors from different computation orders. To turn them off, set the environment variable `TF_ENABLE_ONEDNN_OPTS=0`.
2024-05-09 09:22:22.986394: E external/local_xla/xla/stream_executor/cuda/cuda_dnn.cc:9261] Unable to register cuDNN factory: Attempting to register factory for plugin cuDNN when one has already been registered
2024-05-09 09:22:22.986431: E external/local_xla/xla/stream_executor/cuda/cuda_fft.cc:607] Unable to register cuFFT factory: Attempting to register factory for plugin cuFFT when one has already been registered
2024-05-09 09:22:23.024920: E external/local_xla/xla/stream_executor/cuda/cuda_blas.cc:1515] Unable to register cuBLAS factory: Attempting to register factory for plugin cuBLAS when one has already been registered
2024-05-09 09:22:23.105220: I tensorflow/core/platform/cpu_feature_guard.cc:182] This TensorFlow binary is optimized to use available CPU instructions in performance-critical operations.
To enable the following instructions: AVX2 AVX512F AVX512_VNNI FMA, in other operations, rebuild TensorFlow with the appropriate compiler flags.
2024-05-09 09:22:24.013280: W tensorflow/compiler/tf2tensorrt/utils/py_utils.cc:38] TF-TRT Warning: Could not find TensorRT
SKIPPING: metaTables/vocal_music_demucs_16k/metaData_fma_large/row73000.csv
SKIPPING: metaTables/vocal_music_demucs_16k/metaData_fma_large/row73001.csv
SKIPPING: metaTables/vocal_music_demucs_16k/metaData_fma_large/row73002.csv
SKIPPING: metaTables/vocal_music_demucs_16k/metaData_fma_large/row73003.csv
SKIPPING: metaTables/vocal_music_demucs_16k/metaData_fma_large/row73004.csv
SKIPPING: metaTables/vocal_music_demucs_16k/metaData_fma_large/row73005.csv
SKIPPING: metaTables/vocal_music_demucs_16k/metaData_fma_large/row73006.csv
SKIPPING: metaTables/vocal_music_demucs_16k/metaData_fma_large/row73007.csv
SKIPPING: metaTables/vocal_music_demucs_16k/metaData_fma_large/row73008.csv
SKIPPING: metaTables/vocal_music_demucs_16k/metaData_fma_large/row73009.csv
SKIPPING: metaTables/vocal_music_demucs_16k/metaData_fma_large/row73010.csv
SKIPPING: metaTables/vocal_music_demucs_16k/metaData_fma_large/row73011.csv
SKIPPING: metaTables/vocal_music_demucs_16k/metaData_fma_large/row73012.csv
SKIPPING: metaTables/vocal_music_demucs_16k/metaData_fma_large/row73013.csv
SKIPPING: metaTables/vocal_music_demucs_16k/metaData_fma_large/row73014.csv
SKIPPING: metaTables/vocal_music_demucs_16k/metaData_fma_large/row73015.csv
SKIPPING: metaTables/vocal_music_demucs_16k/metaData_fma_large/row73016.csv
SKIPPING: metaTables/vocal_music_demucs_16k/metaData_fma_large/row73017.csv
SKIPPING: metaTables/vocal_music_demucs_16k/metaData_fma_large/row73018.csv
SKIPPING: metaTables/vocal_music_demucs_16k/metaData_fma_large/row73019.csv
SKIPPING: metaTables/vocal_music_demucs_16k/metaData_fma_large/row73020.csv
SKIPPING: metaTables/vocal_music_demucs_16k/metaData_fma_large/row73021.csv
SKIPPING: metaTables/vocal_music_demucs_16k/metaData_fma_large/row73022.csv
SKIPPING: metaTables/vocal_music_demucs_16k/metaData_fma_large/row73023.csv
SKIPPING: metaTables/vocal_music_demucs_16k/metaData_fma_large/row73024.csv
SKIPPING: metaTables/vocal_music_demucs_16k/metaData_fma_large/row73025.csv
SKIPPING: metaTables/vocal_music_demucs_16k/metaData_fma_large/row73026.csv
SKIPPING: metaTables/vocal_music_demucs_16k/metaData_fma_large/row73027.csv
SKIPPING: metaTables/vocal_music_demucs_16k/metaData_fma_large/row73028.csv
SKIPPING: metaTables/vocal_music_demucs_16k/metaData_fma_large/row73029.csv
SKIPPING: metaTables/vocal_music_demucs_16k/metaData_fma_large/row73030.csv
SKIPPING: metaTables/vocal_music_demucs_16k/metaData_fma_large/row73031.csv
SKIPPING: metaTables/vocal_music_demucs_16k/metaData_fma_large/row73032.csv
SKIPPING: metaTables/vocal_music_demucs_16k/metaData_fma_large/row73033.csv
SKIPPING: metaTables/vocal_music_demucs_16k/metaData_fma_large/row73034.csv
SKIPPING: metaTables/vocal_music_demucs_16k/metaData_fma_large/row73035.csv
SKIPPING: metaTables/vocal_music_demucs_16k/metaData_fma_large/row73036.csv
SKIPPING: metaTables/vocal_music_demucs_16k/metaData_fma_large/row73037.csv
SKIPPING: metaTables/vocal_music_demucs_16k/metaData_fma_large/row73038.csv
SKIPPING: metaTables/vocal_music_demucs_16k/metaData_fma_large/row73039.csv
SKIPPING: metaTables/vocal_music_demucs_16k/metaData_fma_large/row73040.csv
SKIPPING: metaTables/vocal_music_demucs_16k/metaData_fma_large/row73041.csv
SKIPPING: metaTables/vocal_music_demucs_16k/metaData_fma_large/row73042.csv
SKIPPING: metaTables/vocal_music_demucs_16k/metaData_fma_large/row73043.csv
SKIPPING: metaTables/vocal_music_demucs_16k/metaData_fma_large/row73044.csv
SKIPPING: metaTables/vocal_music_demucs_16k/metaData_fma_large/row73045.csv
SKIPPING: metaTables/vocal_music_demucs_16k/metaData_fma_large/row73046.csv
SKIPPING: metaTables/vocal_music_demucs_16k/metaData_fma_large/row73047.csv
SKIPPING: metaTables/vocal_music_demucs_16k/metaData_fma_large/row73048.csv
SKIPPING: metaTables/vocal_music_demucs_16k/metaData_fma_large/row73049.csv
SKIPPING: metaTables/vocal_music_demucs_16k/metaData_fma_large/row73050.csv
SKIPPING: metaTables/vocal_music_demucs_16k/metaData_fma_large/row73051.csv
SKIPPING: metaTables/vocal_music_demucs_16k/metaData_fma_large/row73052.csv
SKIPPING: metaTables/vocal_music_demucs_16k/metaData_fma_large/row73053.csv
SKIPPING: metaTables/vocal_music_demucs_16k/metaData_fma_large/row73054.csv
SKIPPING: metaTables/vocal_music_demucs_16k/metaData_fma_large/row73055.csv
SKIPPING: metaTables/vocal_music_demucs_16k/metaData_fma_large/row73056.csv
SKIPPING: metaTables/vocal_music_demucs_16k/metaData_fma_large/row73057.csv
SKIPPING: metaTables/vocal_music_demucs_16k/metaData_fma_large/row73058.csv
SKIPPING: metaTables/vocal_music_demucs_16k/metaData_fma_large/row73059.csv
SKIPPING: metaTables/vocal_music_demucs_16k/metaData_fma_large/row73060.csv
SKIPPING: metaTables/vocal_music_demucs_16k/metaData_fma_large/row73061.csv
SKIPPING: metaTables/vocal_music_demucs_16k/metaData_fma_large/row73062.csv
SKIPPING: metaTables/vocal_music_demucs_16k/metaData_fma_large/row73063.csv
SKIPPING: metaTables/vocal_music_demucs_16k/metaData_fma_large/row73064.csv
SKIPPING: metaTables/vocal_music_demucs_16k/metaData_fma_large/row73065.csv
SKIPPING: metaTables/vocal_music_demucs_16k/metaData_fma_large/row73066.csv
SKIPPING: metaTables/vocal_music_demucs_16k/metaData_fma_large/row73067.csv
SKIPPING: metaTables/vocal_music_demucs_16k/metaData_fma_large/row73068.csv
SKIPPING: metaTables/vocal_music_demucs_16k/metaData_fma_large/row73069.csv
SKIPPING: metaTables/vocal_music_demucs_16k/metaData_fma_large/row73070.csv
SKIPPING: metaTables/vocal_music_demucs_16k/metaData_fma_large/row73071.csv
SKIPPING: metaTables/vocal_music_demucs_16k/metaData_fma_large/row73072.csv
SKIPPING: metaTables/vocal_music_demucs_16k/metaData_fma_large/row73073.csv
SKIPPING: metaTables/vocal_music_demucs_16k/metaData_fma_large/row73074.csv
SKIPPING: metaTables/vocal_music_demucs_16k/metaData_fma_large/row73075.csv
SKIPPING: metaTables/vocal_music_demucs_16k/metaData_fma_large/row73076.csv
SKIPPING: metaTables/vocal_music_demucs_16k/metaData_fma_large/row73077.csv
SKIPPING: metaTables/vocal_music_demucs_16k/metaData_fma_large/row73078.csv
SKIPPING: metaTables/vocal_music_demucs_16k/metaData_fma_large/row73079.csv
SKIPPING: metaTables/vocal_music_demucs_16k/metaData_fma_large/row73080.csv
SKIPPING: metaTables/vocal_music_demucs_16k/metaData_fma_large/row73081.csv
SKIPPING: metaTables/vocal_music_demucs_16k/metaData_fma_large/row73082.csv
SKIPPING: metaTables/vocal_music_demucs_16k/metaData_fma_large/row73083.csv
SKIPPING: metaTables/vocal_music_demucs_16k/metaData_fma_large/row73084.csv
SKIPPING: metaTables/vocal_music_demucs_16k/metaData_fma_large/row73085.csv
SKIPPING: metaTables/vocal_music_demucs_16k/metaData_fma_large/row73086.csv
SKIPPING: metaTables/vocal_music_demucs_16k/metaData_fma_large/row73087.csv
SKIPPING: metaTables/vocal_music_demucs_16k/metaData_fma_large/row73088.csv
SKIPPING: metaTables/vocal_music_demucs_16k/metaData_fma_large/row73089.csv
SKIPPING: metaTables/vocal_music_demucs_16k/metaData_fma_large/row73090.csv
SKIPPING: metaTables/vocal_music_demucs_16k/metaData_fma_large/row73091.csv
SKIPPING: metaTables/vocal_music_demucs_16k/metaData_fma_large/row73092.csv
SKIPPING: metaTables/vocal_music_demucs_16k/metaData_fma_large/row73093.csv
SKIPPING: metaTables/vocal_music_demucs_16k/metaData_fma_large/row73094.csv
SKIPPING: metaTables/vocal_music_demucs_16k/metaData_fma_large/row73095.csv
SKIPPING: metaTables/vocal_music_demucs_16k/metaData_fma_large/row73096.csv
SKIPPING: metaTables/vocal_music_demucs_16k/metaData_fma_large/row73097.csv
SKIPPING: metaTables/vocal_music_demucs_16k/metaData_fma_large/row73098.csv
SKIPPING: metaTables/vocal_music_demucs_16k/metaData_fma_large/row73099.csv
Demucs voice recognition done!
