/ext3/demucs/lib/python3.9/site-packages/demucs/api.py:27: UserWarning: TorchAudio's global backend is now deprecated. Please enable distpatcher by setting `TORCHAUDIO_USE_BACKEND_DISPATCHER=1`, and specify backend when calling load/info/save function.
  import torchaudio as ta
2024-05-08 23:36:44.068073: I tensorflow/core/util/port.cc:113] oneDNN custom operations are on. You may see slightly different numerical results due to floating-point round-off errors from different computation orders. To turn them off, set the environment variable `TF_ENABLE_ONEDNN_OPTS=0`.
2024-05-08 23:36:47.245340: E external/local_xla/xla/stream_executor/cuda/cuda_dnn.cc:9261] Unable to register cuDNN factory: Attempting to register factory for plugin cuDNN when one has already been registered
2024-05-08 23:36:47.245377: E external/local_xla/xla/stream_executor/cuda/cuda_fft.cc:607] Unable to register cuFFT factory: Attempting to register factory for plugin cuFFT when one has already been registered
2024-05-08 23:36:47.530940: E external/local_xla/xla/stream_executor/cuda/cuda_blas.cc:1515] Unable to register cuBLAS factory: Attempting to register factory for plugin cuBLAS when one has already been registered
2024-05-08 23:36:47.987691: I tensorflow/core/platform/cpu_feature_guard.cc:182] This TensorFlow binary is optimized to use available CPU instructions in performance-critical operations.
To enable the following instructions: AVX2 AVX512F AVX512_VNNI FMA, in other operations, rebuild TensorFlow with the appropriate compiler flags.
2024-05-08 23:36:51.278271: W tensorflow/compiler/tf2tensorrt/utils/py_utils.cc:38] TF-TRT Warning: Could not find TensorRT
Execution time: 28.277543544769287 seconds
metaTables/vocal_music_demucs_16k/metaData_fma_large/row44500.csv
Execution time: 25.688246250152588 seconds
metaTables/vocal_music_demucs_16k/metaData_fma_large/row44501.csv
Execution time: 25.483452081680298 seconds
metaTables/vocal_music_demucs_16k/metaData_fma_large/row44502.csv
Execution time: 26.731228590011597 seconds
metaTables/vocal_music_demucs_16k/metaData_fma_large/row44503.csv
Execution time: 26.359260082244873 seconds
metaTables/vocal_music_demucs_16k/metaData_fma_large/row44504.csv
Execution time: 25.119423627853394 seconds
metaTables/vocal_music_demucs_16k/metaData_fma_large/row44505.csv
Execution time: 27.647165536880493 seconds
metaTables/vocal_music_demucs_16k/metaData_fma_large/row44506.csv
Execution time: 26.298590421676636 seconds
metaTables/vocal_music_demucs_16k/metaData_fma_large/row44507.csv
Execution time: 26.057079315185547 seconds
metaTables/vocal_music_demucs_16k/metaData_fma_large/row44508.csv
Execution time: 26.387855291366577 seconds
metaTables/vocal_music_demucs_16k/metaData_fma_large/row44509.csv
Execution time: 26.742274045944214 seconds
metaTables/vocal_music_demucs_16k/metaData_fma_large/row44510.csv
Execution time: 26.36218285560608 seconds
metaTables/vocal_music_demucs_16k/metaData_fma_large/row44511.csv
Execution time: 27.100066900253296 seconds
metaTables/vocal_music_demucs_16k/metaData_fma_large/row44512.csv
Execution time: 25.922051191329956 seconds
metaTables/vocal_music_demucs_16k/metaData_fma_large/row44513.csv
Execution time: 25.7916362285614 seconds
metaTables/vocal_music_demucs_16k/metaData_fma_large/row44514.csv
Execution time: 25.779019594192505 seconds
metaTables/vocal_music_demucs_16k/metaData_fma_large/row44515.csv
Execution time: 26.313283920288086 seconds
metaTables/vocal_music_demucs_16k/metaData_fma_large/row44516.csv
Execution time: 25.226919889450073 seconds
metaTables/vocal_music_demucs_16k/metaData_fma_large/row44517.csv
Execution time: 27.038492441177368 seconds
metaTables/vocal_music_demucs_16k/metaData_fma_large/row44518.csv
Execution time: 25.175585985183716 seconds
metaTables/vocal_music_demucs_16k/metaData_fma_large/row44519.csv
Execution time: 25.756535530090332 seconds
metaTables/vocal_music_demucs_16k/metaData_fma_large/row44520.csv
Execution time: 26.081130743026733 seconds
metaTables/vocal_music_demucs_16k/metaData_fma_large/row44521.csv
Execution time: 26.32530689239502 seconds
metaTables/vocal_music_demucs_16k/metaData_fma_large/row44522.csv
Execution time: 25.202739715576172 seconds
metaTables/vocal_music_demucs_16k/metaData_fma_large/row44523.csv
Execution time: 25.23528552055359 seconds
metaTables/vocal_music_demucs_16k/metaData_fma_large/row44524.csv
Execution time: 25.68118906021118 seconds
metaTables/vocal_music_demucs_16k/metaData_fma_large/row44525.csv
Execution time: 26.915849447250366 seconds
metaTables/vocal_music_demucs_16k/metaData_fma_large/row44526.csv
Execution time: 25.092491626739502 seconds
metaTables/vocal_music_demucs_16k/metaData_fma_large/row44527.csv
Execution time: 25.665043354034424 seconds
metaTables/vocal_music_demucs_16k/metaData_fma_large/row44528.csv
Execution time: 25.644586086273193 seconds
metaTables/vocal_music_demucs_16k/metaData_fma_large/row44529.csv
Execution time: 18.58819055557251 seconds
metaTables/vocal_music_demucs_16k/metaData_fma_large/row44530.csv
Execution time: 25.646997213363647 seconds
metaTables/vocal_music_demucs_16k/metaData_fma_large/row44531.csv
Execution time: 26.762442588806152 seconds
metaTables/vocal_music_demucs_16k/metaData_fma_large/row44532.csv
Execution time: 25.72293186187744 seconds
metaTables/vocal_music_demucs_16k/metaData_fma_large/row44533.csv
Execution time: 25.424118995666504 seconds
metaTables/vocal_music_demucs_16k/metaData_fma_large/row44534.csv
Execution time: 25.178751230239868 seconds
metaTables/vocal_music_demucs_16k/metaData_fma_large/row44535.csv
Execution time: 26.694341897964478 seconds
metaTables/vocal_music_demucs_16k/metaData_fma_large/row44536.csv
Execution time: 26.509093761444092 seconds
metaTables/vocal_music_demucs_16k/metaData_fma_large/row44537.csv
Execution time: 26.180711030960083 seconds
metaTables/vocal_music_demucs_16k/metaData_fma_large/row44538.csv
Execution time: 25.939189672470093 seconds
metaTables/vocal_music_demucs_16k/metaData_fma_large/row44539.csv
Execution time: 26.284832239151 seconds
metaTables/vocal_music_demucs_16k/metaData_fma_large/row44540.csv
Execution time: 25.74096155166626 seconds
metaTables/vocal_music_demucs_16k/metaData_fma_large/row44541.csv
Execution time: 26.462478160858154 seconds
metaTables/vocal_music_demucs_16k/metaData_fma_large/row44542.csv
Execution time: 27.78921389579773 seconds
metaTables/vocal_music_demucs_16k/metaData_fma_large/row44543.csv
Execution time: 26.43519878387451 seconds
metaTables/vocal_music_demucs_16k/metaData_fma_large/row44544.csv
Execution time: 25.66867184638977 seconds
metaTables/vocal_music_demucs_16k/metaData_fma_large/row44545.csv
Execution time: 25.882073402404785 seconds
metaTables/vocal_music_demucs_16k/metaData_fma_large/row44546.csv
Execution time: 26.33379316329956 seconds
metaTables/vocal_music_demucs_16k/metaData_fma_large/row44547.csv
Execution time: 26.590574979782104 seconds
metaTables/vocal_music_demucs_16k/metaData_fma_large/row44548.csv
Execution time: 26.4452006816864 seconds
metaTables/vocal_music_demucs_16k/metaData_fma_large/row44549.csv
Execution time: 25.586606740951538 seconds
metaTables/vocal_music_demucs_16k/metaData_fma_large/row44550.csv
Execution time: 26.41293954849243 seconds
metaTables/vocal_music_demucs_16k/metaData_fma_large/row44551.csv
Execution time: 26.16737937927246 seconds
metaTables/vocal_music_demucs_16k/metaData_fma_large/row44552.csv
Execution time: 26.756102561950684 seconds
metaTables/vocal_music_demucs_16k/metaData_fma_large/row44553.csv
Execution time: 26.26250195503235 seconds
metaTables/vocal_music_demucs_16k/metaData_fma_large/row44554.csv
Execution time: 25.44459295272827 seconds
metaTables/vocal_music_demucs_16k/metaData_fma_large/row44555.csv
Execution time: 26.06164836883545 seconds
metaTables/vocal_music_demucs_16k/metaData_fma_large/row44556.csv
Execution time: 25.903749465942383 seconds
metaTables/vocal_music_demucs_16k/metaData_fma_large/row44557.csv
Execution time: 25.53214716911316 seconds
metaTables/vocal_music_demucs_16k/metaData_fma_large/row44558.csv
Execution time: 27.31987500190735 seconds
metaTables/vocal_music_demucs_16k/metaData_fma_large/row44559.csv
Execution time: 26.160614728927612 seconds
metaTables/vocal_music_demucs_16k/metaData_fma_large/row44560.csv
Execution time: 25.835000038146973 seconds
metaTables/vocal_music_demucs_16k/metaData_fma_large/row44561.csv
Execution time: 25.645642518997192 seconds
metaTables/vocal_music_demucs_16k/metaData_fma_large/row44562.csv
Execution time: 26.03696084022522 seconds
metaTables/vocal_music_demucs_16k/metaData_fma_large/row44563.csv
Execution time: 26.3559091091156 seconds
metaTables/vocal_music_demucs_16k/metaData_fma_large/row44564.csv
Execution time: 25.821821689605713 seconds
metaTables/vocal_music_demucs_16k/metaData_fma_large/row44565.csv
Execution time: 25.866037845611572 seconds
metaTables/vocal_music_demucs_16k/metaData_fma_large/row44566.csv
Execution time: 26.17578387260437 seconds
metaTables/vocal_music_demucs_16k/metaData_fma_large/row44567.csv
Execution time: 26.145421028137207 seconds
metaTables/vocal_music_demucs_16k/metaData_fma_large/row44568.csv
Execution time: 25.226444482803345 seconds
metaTables/vocal_music_demucs_16k/metaData_fma_large/row44569.csv
Execution time: 27.490776538848877 seconds
metaTables/vocal_music_demucs_16k/metaData_fma_large/row44570.csv
Execution time: 25.842132091522217 seconds
metaTables/vocal_music_demucs_16k/metaData_fma_large/row44571.csv
Execution time: 26.058255195617676 seconds
metaTables/vocal_music_demucs_16k/metaData_fma_large/row44572.csv
Execution time: 25.824768781661987 seconds
metaTables/vocal_music_demucs_16k/metaData_fma_large/row44573.csv
Execution time: 25.766353130340576 seconds
metaTables/vocal_music_demucs_16k/metaData_fma_large/row44574.csv
Execution time: 26.242342948913574 seconds
metaTables/vocal_music_demucs_16k/metaData_fma_large/row44575.csv
Execution time: 26.321568250656128 seconds
metaTables/vocal_music_demucs_16k/metaData_fma_large/row44576.csv
Execution time: 26.314377069473267 seconds
metaTables/vocal_music_demucs_16k/metaData_fma_large/row44577.csv
Execution time: 26.390993356704712 seconds
metaTables/vocal_music_demucs_16k/metaData_fma_large/row44578.csv
Execution time: 26.14555811882019 seconds
metaTables/vocal_music_demucs_16k/metaData_fma_large/row44579.csv
Execution time: 26.621131658554077 seconds
metaTables/vocal_music_demucs_16k/metaData_fma_large/row44580.csv
Execution time: 25.195703983306885 seconds
metaTables/vocal_music_demucs_16k/metaData_fma_large/row44581.csv
Execution time: 25.844049215316772 seconds
metaTables/vocal_music_demucs_16k/metaData_fma_large/row44582.csv
Execution time: 25.65845227241516 seconds
metaTables/vocal_music_demucs_16k/metaData_fma_large/row44583.csv
Execution time: 25.975666999816895 seconds
metaTables/vocal_music_demucs_16k/metaData_fma_large/row44584.csv
Execution time: 26.129671812057495 seconds
metaTables/vocal_music_demucs_16k/metaData_fma_large/row44585.csv
Execution time: 25.359912395477295 seconds
metaTables/vocal_music_demucs_16k/metaData_fma_large/row44586.csv
Execution time: 26.265315771102905 seconds
metaTables/vocal_music_demucs_16k/metaData_fma_large/row44587.csv
Execution time: 25.5189266204834 seconds
metaTables/vocal_music_demucs_16k/metaData_fma_large/row44588.csv
Execution time: 25.40038752555847 seconds
metaTables/vocal_music_demucs_16k/metaData_fma_large/row44589.csv
Execution time: 26.829349040985107 seconds
metaTables/vocal_music_demucs_16k/metaData_fma_large/row44590.csv
Execution time: 26.154978275299072 seconds
metaTables/vocal_music_demucs_16k/metaData_fma_large/row44591.csv
Execution time: 25.854702472686768 seconds
metaTables/vocal_music_demucs_16k/metaData_fma_large/row44592.csv
Execution time: 26.225375413894653 seconds
metaTables/vocal_music_demucs_16k/metaData_fma_large/row44593.csv
Execution time: 26.15865731239319 seconds
metaTables/vocal_music_demucs_16k/metaData_fma_large/row44594.csv
Execution time: 26.32854723930359 seconds
metaTables/vocal_music_demucs_16k/metaData_fma_large/row44595.csv
Execution time: 25.63579487800598 seconds
metaTables/vocal_music_demucs_16k/metaData_fma_large/row44596.csv
Execution time: 26.219677686691284 seconds
metaTables/vocal_music_demucs_16k/metaData_fma_large/row44597.csv
Execution time: 26.170880794525146 seconds
metaTables/vocal_music_demucs_16k/metaData_fma_large/row44598.csv
Execution time: 25.351890802383423 seconds
metaTables/vocal_music_demucs_16k/metaData_fma_large/row44599.csv
Demucs voice recognition done!
