/ext3/demucs/lib/python3.9/site-packages/demucs/api.py:27: UserWarning: TorchAudio's global backend is now deprecated. Please enable distpatcher by setting `TORCHAUDIO_USE_BACKEND_DISPATCHER=1`, and specify backend when calling load/info/save function.
  import torchaudio as ta
2024-05-08 23:36:03.864653: I tensorflow/core/util/port.cc:113] oneDNN custom operations are on. You may see slightly different numerical results due to floating-point round-off errors from different computation orders. To turn them off, set the environment variable `TF_ENABLE_ONEDNN_OPTS=0`.
2024-05-08 23:36:08.278573: E external/local_xla/xla/stream_executor/cuda/cuda_dnn.cc:9261] Unable to register cuDNN factory: Attempting to register factory for plugin cuDNN when one has already been registered
2024-05-08 23:36:08.278625: E external/local_xla/xla/stream_executor/cuda/cuda_fft.cc:607] Unable to register cuFFT factory: Attempting to register factory for plugin cuFFT when one has already been registered
2024-05-08 23:36:08.603756: E external/local_xla/xla/stream_executor/cuda/cuda_blas.cc:1515] Unable to register cuBLAS factory: Attempting to register factory for plugin cuBLAS when one has already been registered
2024-05-08 23:36:09.072903: I tensorflow/core/platform/cpu_feature_guard.cc:182] This TensorFlow binary is optimized to use available CPU instructions in performance-critical operations.
To enable the following instructions: AVX2 AVX512F AVX512_VNNI FMA, in other operations, rebuild TensorFlow with the appropriate compiler flags.
2024-05-08 23:36:12.487051: W tensorflow/compiler/tf2tensorrt/utils/py_utils.cc:38] TF-TRT Warning: Could not find TensorRT
Execution time: 32.1167106628418 seconds
metaTables/vocal_music_demucs_16k/metaData_fma_large/row12000.csv
Execution time: 29.411062002182007 seconds
metaTables/vocal_music_demucs_16k/metaData_fma_large/row12001.csv
Execution time: 28.830847024917603 seconds
metaTables/vocal_music_demucs_16k/metaData_fma_large/row12002.csv
Execution time: 28.6122567653656 seconds
metaTables/vocal_music_demucs_16k/metaData_fma_large/row12003.csv
Execution time: 31.557678937911987 seconds
metaTables/vocal_music_demucs_16k/metaData_fma_large/row12004.csv
Execution time: 29.38272452354431 seconds
metaTables/vocal_music_demucs_16k/metaData_fma_large/row12005.csv
Execution time: 28.394418001174927 seconds
metaTables/vocal_music_demucs_16k/metaData_fma_large/row12006.csv
Execution time: 31.99666714668274 seconds
metaTables/vocal_music_demucs_16k/metaData_fma_large/row12007.csv
Execution time: 29.517235279083252 seconds
metaTables/vocal_music_demucs_16k/metaData_fma_large/row12008.csv
Execution time: 28.33301830291748 seconds
metaTables/vocal_music_demucs_16k/metaData_fma_large/row12009.csv
Execution time: 27.99336266517639 seconds
metaTables/vocal_music_demucs_16k/metaData_fma_large/row12010.csv
Execution time: 28.572516441345215 seconds
metaTables/vocal_music_demucs_16k/metaData_fma_large/row12011.csv
Execution time: 28.453944444656372 seconds
metaTables/vocal_music_demucs_16k/metaData_fma_large/row12012.csv
Execution time: 29.81566286087036 seconds
metaTables/vocal_music_demucs_16k/metaData_fma_large/row12013.csv
Execution time: 27.796704053878784 seconds
metaTables/vocal_music_demucs_16k/metaData_fma_large/row12014.csv
Execution time: 27.632020473480225 seconds
metaTables/vocal_music_demucs_16k/metaData_fma_large/row12015.csv
Execution time: 29.583701610565186 seconds
metaTables/vocal_music_demucs_16k/metaData_fma_large/row12016.csv
Execution time: 29.462024688720703 seconds
metaTables/vocal_music_demucs_16k/metaData_fma_large/row12017.csv
Execution time: 28.272030115127563 seconds
metaTables/vocal_music_demucs_16k/metaData_fma_large/row12018.csv
Execution time: 28.363749265670776 seconds
metaTables/vocal_music_demucs_16k/metaData_fma_large/row12019.csv
Execution time: 29.28941059112549 seconds
metaTables/vocal_music_demucs_16k/metaData_fma_large/row12020.csv
Execution time: 29.7079861164093 seconds
metaTables/vocal_music_demucs_16k/metaData_fma_large/row12021.csv
Execution time: 30.087819576263428 seconds
metaTables/vocal_music_demucs_16k/metaData_fma_large/row12022.csv
Execution time: 28.622097492218018 seconds
metaTables/vocal_music_demucs_16k/metaData_fma_large/row12023.csv
Execution time: 28.874134302139282 seconds
metaTables/vocal_music_demucs_16k/metaData_fma_large/row12024.csv
Execution time: 26.908568859100342 seconds
metaTables/vocal_music_demucs_16k/metaData_fma_large/row12025.csv
Execution time: 28.05069899559021 seconds
metaTables/vocal_music_demucs_16k/metaData_fma_large/row12026.csv
Execution time: 28.86323380470276 seconds
metaTables/vocal_music_demucs_16k/metaData_fma_large/row12027.csv
Execution time: 29.720895528793335 seconds
metaTables/vocal_music_demucs_16k/metaData_fma_large/row12028.csv
Execution time: 29.734353065490723 seconds
metaTables/vocal_music_demucs_16k/metaData_fma_large/row12029.csv
Execution time: 29.34030818939209 seconds
metaTables/vocal_music_demucs_16k/metaData_fma_large/row12030.csv
Execution time: 28.973178148269653 seconds
metaTables/vocal_music_demucs_16k/metaData_fma_large/row12031.csv
Execution time: 27.69570541381836 seconds
metaTables/vocal_music_demucs_16k/metaData_fma_large/row12032.csv
Execution time: 30.097153663635254 seconds
metaTables/vocal_music_demucs_16k/metaData_fma_large/row12033.csv
Execution time: 27.89422082901001 seconds
metaTables/vocal_music_demucs_16k/metaData_fma_large/row12034.csv
Execution time: 28.20333194732666 seconds
metaTables/vocal_music_demucs_16k/metaData_fma_large/row12035.csv
Execution time: 28.530892372131348 seconds
metaTables/vocal_music_demucs_16k/metaData_fma_large/row12036.csv
Execution time: 28.935332536697388 seconds
metaTables/vocal_music_demucs_16k/metaData_fma_large/row12037.csv
Execution time: 27.810707330703735 seconds
metaTables/vocal_music_demucs_16k/metaData_fma_large/row12038.csv
Execution time: 29.20141291618347 seconds
metaTables/vocal_music_demucs_16k/metaData_fma_large/row12039.csv
Execution time: 28.59761667251587 seconds
metaTables/vocal_music_demucs_16k/metaData_fma_large/row12040.csv
Execution time: 28.620585680007935 seconds
metaTables/vocal_music_demucs_16k/metaData_fma_large/row12041.csv
Execution time: 28.10065507888794 seconds
metaTables/vocal_music_demucs_16k/metaData_fma_large/row12042.csv
Execution time: 28.610875368118286 seconds
metaTables/vocal_music_demucs_16k/metaData_fma_large/row12043.csv
Execution time: 29.04551911354065 seconds
metaTables/vocal_music_demucs_16k/metaData_fma_large/row12044.csv
Execution time: 28.692827224731445 seconds
metaTables/vocal_music_demucs_16k/metaData_fma_large/row12045.csv
Execution time: 31.848220348358154 seconds
metaTables/vocal_music_demucs_16k/metaData_fma_large/row12046.csv
Execution time: 30.130981922149658 seconds
metaTables/vocal_music_demucs_16k/metaData_fma_large/row12047.csv
Execution time: 29.29730796813965 seconds
metaTables/vocal_music_demucs_16k/metaData_fma_large/row12048.csv
Execution time: 30.173826932907104 seconds
metaTables/vocal_music_demucs_16k/metaData_fma_large/row12049.csv
Execution time: 29.36110496520996 seconds
metaTables/vocal_music_demucs_16k/metaData_fma_large/row12050.csv
Execution time: 27.772176504135132 seconds
metaTables/vocal_music_demucs_16k/metaData_fma_large/row12051.csv
Execution time: 28.893604040145874 seconds
metaTables/vocal_music_demucs_16k/metaData_fma_large/row12052.csv
Execution time: 29.239323139190674 seconds
metaTables/vocal_music_demucs_16k/metaData_fma_large/row12053.csv
Execution time: 29.215953588485718 seconds
metaTables/vocal_music_demucs_16k/metaData_fma_large/row12054.csv
Execution time: 28.250719785690308 seconds
metaTables/vocal_music_demucs_16k/metaData_fma_large/row12055.csv
Execution time: 29.004427671432495 seconds
metaTables/vocal_music_demucs_16k/metaData_fma_large/row12056.csv
Execution time: 29.92383122444153 seconds
metaTables/vocal_music_demucs_16k/metaData_fma_large/row12057.csv
Execution time: 28.92354726791382 seconds
metaTables/vocal_music_demucs_16k/metaData_fma_large/row12058.csv
Execution time: 28.552504301071167 seconds
metaTables/vocal_music_demucs_16k/metaData_fma_large/row12059.csv
Execution time: 29.772961854934692 seconds
metaTables/vocal_music_demucs_16k/metaData_fma_large/row12060.csv
Execution time: 27.988417148590088 seconds
metaTables/vocal_music_demucs_16k/metaData_fma_large/row12061.csv
Execution time: 28.11004066467285 seconds
metaTables/vocal_music_demucs_16k/metaData_fma_large/row12062.csv
Execution time: 28.11206078529358 seconds
metaTables/vocal_music_demucs_16k/metaData_fma_large/row12063.csv
Execution time: 28.44245934486389 seconds
metaTables/vocal_music_demucs_16k/metaData_fma_large/row12064.csv
Execution time: 28.615692615509033 seconds
metaTables/vocal_music_demucs_16k/metaData_fma_large/row12065.csv
Execution time: 28.297666311264038 seconds
metaTables/vocal_music_demucs_16k/metaData_fma_large/row12066.csv
Execution time: 28.464004278182983 seconds
metaTables/vocal_music_demucs_16k/metaData_fma_large/row12067.csv
Execution time: 30.870322942733765 seconds
metaTables/vocal_music_demucs_16k/metaData_fma_large/row12068.csv
Execution time: 27.247985363006592 seconds
metaTables/vocal_music_demucs_16k/metaData_fma_large/row12069.csv
Execution time: 27.77656364440918 seconds
metaTables/vocal_music_demucs_16k/metaData_fma_large/row12070.csv
Execution time: 27.515164375305176 seconds
metaTables/vocal_music_demucs_16k/metaData_fma_large/row12071.csv
Execution time: 27.88862919807434 seconds
metaTables/vocal_music_demucs_16k/metaData_fma_large/row12072.csv
Execution time: 27.57540774345398 seconds
metaTables/vocal_music_demucs_16k/metaData_fma_large/row12073.csv
Execution time: 31.094542980194092 seconds
metaTables/vocal_music_demucs_16k/metaData_fma_large/row12074.csv
Execution time: 29.084832668304443 seconds
metaTables/vocal_music_demucs_16k/metaData_fma_large/row12075.csv
Execution time: 28.841264486312866 seconds
metaTables/vocal_music_demucs_16k/metaData_fma_large/row12076.csv
Execution time: 26.864338159561157 seconds
metaTables/vocal_music_demucs_16k/metaData_fma_large/row12077.csv
Execution time: 27.367584466934204 seconds
metaTables/vocal_music_demucs_16k/metaData_fma_large/row12078.csv
Execution time: 27.219351053237915 seconds
metaTables/vocal_music_demucs_16k/metaData_fma_large/row12079.csv
Execution time: 26.60878586769104 seconds
metaTables/vocal_music_demucs_16k/metaData_fma_large/row12080.csv
Execution time: 26.95978617668152 seconds
metaTables/vocal_music_demucs_16k/metaData_fma_large/row12081.csv
Execution time: 27.419169664382935 seconds
metaTables/vocal_music_demucs_16k/metaData_fma_large/row12082.csv
Execution time: 28.543919801712036 seconds
metaTables/vocal_music_demucs_16k/metaData_fma_large/row12083.csv
Execution time: 27.87677574157715 seconds
metaTables/vocal_music_demucs_16k/metaData_fma_large/row12084.csv
Execution time: 26.841346740722656 seconds
metaTables/vocal_music_demucs_16k/metaData_fma_large/row12085.csv
Execution time: 27.066046237945557 seconds
metaTables/vocal_music_demucs_16k/metaData_fma_large/row12086.csv
Execution time: 25.771132946014404 seconds
metaTables/vocal_music_demucs_16k/metaData_fma_large/row12087.csv
Execution time: 27.072169303894043 seconds
metaTables/vocal_music_demucs_16k/metaData_fma_large/row12088.csv
Execution time: 26.541608810424805 seconds
metaTables/vocal_music_demucs_16k/metaData_fma_large/row12089.csv
Execution time: 26.774163722991943 seconds
metaTables/vocal_music_demucs_16k/metaData_fma_large/row12090.csv
Execution time: 27.441339254379272 seconds
metaTables/vocal_music_demucs_16k/metaData_fma_large/row12091.csv
Execution time: 27.594674348831177 seconds
metaTables/vocal_music_demucs_16k/metaData_fma_large/row12092.csv
Execution time: 27.81145739555359 seconds
metaTables/vocal_music_demucs_16k/metaData_fma_large/row12093.csv
Execution time: 27.02851629257202 seconds
metaTables/vocal_music_demucs_16k/metaData_fma_large/row12094.csv
Execution time: 27.88129734992981 seconds
metaTables/vocal_music_demucs_16k/metaData_fma_large/row12095.csv
Execution time: 28.27030086517334 seconds
metaTables/vocal_music_demucs_16k/metaData_fma_large/row12096.csv
Execution time: 26.924293279647827 seconds
metaTables/vocal_music_demucs_16k/metaData_fma_large/row12097.csv
Execution time: 27.387535095214844 seconds
metaTables/vocal_music_demucs_16k/metaData_fma_large/row12098.csv
Execution time: 27.4601092338562 seconds
metaTables/vocal_music_demucs_16k/metaData_fma_large/row12099.csv
Demucs voice recognition done!
