/ext3/demucs/lib/python3.9/site-packages/demucs/api.py:27: UserWarning: TorchAudio's global backend is now deprecated. Please enable distpatcher by setting `TORCHAUDIO_USE_BACKEND_DISPATCHER=1`, and specify backend when calling load/info/save function.
  import torchaudio as ta
2024-05-10 01:29:24.684220: I tensorflow/core/util/port.cc:113] oneDNN custom operations are on. You may see slightly different numerical results due to floating-point round-off errors from different computation orders. To turn them off, set the environment variable `TF_ENABLE_ONEDNN_OPTS=0`.
2024-05-10 01:29:24.908210: E external/local_xla/xla/stream_executor/cuda/cuda_dnn.cc:9261] Unable to register cuDNN factory: Attempting to register factory for plugin cuDNN when one has already been registered
2024-05-10 01:29:24.908256: E external/local_xla/xla/stream_executor/cuda/cuda_fft.cc:607] Unable to register cuFFT factory: Attempting to register factory for plugin cuFFT when one has already been registered
2024-05-10 01:29:24.940607: E external/local_xla/xla/stream_executor/cuda/cuda_blas.cc:1515] Unable to register cuBLAS factory: Attempting to register factory for plugin cuBLAS when one has already been registered
2024-05-10 01:29:25.015484: I tensorflow/core/platform/cpu_feature_guard.cc:182] This TensorFlow binary is optimized to use available CPU instructions in performance-critical operations.
To enable the following instructions: AVX2 AVX512F AVX512_VNNI FMA, in other operations, rebuild TensorFlow with the appropriate compiler flags.
2024-05-10 01:29:25.936636: W tensorflow/compiler/tf2tensorrt/utils/py_utils.cc:38] TF-TRT Warning: Could not find TensorRT
SKIPPING: metaTables/vocal_music_demucs_16k/metaData_fma_large/row66700.csv
SKIPPING: metaTables/vocal_music_demucs_16k/metaData_fma_large/row66701.csv
SKIPPING: metaTables/vocal_music_demucs_16k/metaData_fma_large/row66702.csv
SKIPPING: metaTables/vocal_music_demucs_16k/metaData_fma_large/row66703.csv
SKIPPING: metaTables/vocal_music_demucs_16k/metaData_fma_large/row66704.csv
SKIPPING: metaTables/vocal_music_demucs_16k/metaData_fma_large/row66705.csv
SKIPPING: metaTables/vocal_music_demucs_16k/metaData_fma_large/row66706.csv
SKIPPING: metaTables/vocal_music_demucs_16k/metaData_fma_large/row66707.csv
SKIPPING: metaTables/vocal_music_demucs_16k/metaData_fma_large/row66708.csv
SKIPPING: metaTables/vocal_music_demucs_16k/metaData_fma_large/row66709.csv
SKIPPING: metaTables/vocal_music_demucs_16k/metaData_fma_large/row66710.csv
SKIPPING: metaTables/vocal_music_demucs_16k/metaData_fma_large/row66711.csv
Execution time: 29.323622465133667 seconds
metaTables/vocal_music_demucs_16k/metaData_fma_large/row66712.csv
Execution time: 26.683369636535645 seconds
metaTables/vocal_music_demucs_16k/metaData_fma_large/row66713.csv
Execution time: 27.184658527374268 seconds
metaTables/vocal_music_demucs_16k/metaData_fma_large/row66714.csv
Execution time: 25.73158860206604 seconds
metaTables/vocal_music_demucs_16k/metaData_fma_large/row66715.csv
Execution time: 26.601866960525513 seconds
metaTables/vocal_music_demucs_16k/metaData_fma_large/row66716.csv
Execution time: 26.003516674041748 seconds
metaTables/vocal_music_demucs_16k/metaData_fma_large/row66717.csv
Execution time: 9.10067343711853 seconds
metaTables/vocal_music_demucs_16k/metaData_fma_large/row66718.csv
Execution time: 27.783464431762695 seconds
metaTables/vocal_music_demucs_16k/metaData_fma_large/row66719.csv
Execution time: 29.181362628936768 seconds
metaTables/vocal_music_demucs_16k/metaData_fma_large/row66720.csv
Execution time: 28.00543236732483 seconds
metaTables/vocal_music_demucs_16k/metaData_fma_large/row66721.csv
Execution time: 27.22474193572998 seconds
metaTables/vocal_music_demucs_16k/metaData_fma_large/row66722.csv
Execution time: 27.89645004272461 seconds
metaTables/vocal_music_demucs_16k/metaData_fma_large/row66723.csv
Execution time: 27.127747297286987 seconds
metaTables/vocal_music_demucs_16k/metaData_fma_large/row66724.csv
Execution time: 27.99349021911621 seconds
metaTables/vocal_music_demucs_16k/metaData_fma_large/row66725.csv
Execution time: 26.897861003875732 seconds
metaTables/vocal_music_demucs_16k/metaData_fma_large/row66726.csv
Execution time: 27.386337757110596 seconds
metaTables/vocal_music_demucs_16k/metaData_fma_large/row66727.csv
Execution time: 28.06387996673584 seconds
metaTables/vocal_music_demucs_16k/metaData_fma_large/row66728.csv
Execution time: 27.809314489364624 seconds
metaTables/vocal_music_demucs_16k/metaData_fma_large/row66729.csv
Execution time: 28.391712188720703 seconds
metaTables/vocal_music_demucs_16k/metaData_fma_large/row66730.csv
Execution time: 27.873088836669922 seconds
metaTables/vocal_music_demucs_16k/metaData_fma_large/row66731.csv
Execution time: 27.649009227752686 seconds
metaTables/vocal_music_demucs_16k/metaData_fma_large/row66732.csv
Execution time: 26.379580974578857 seconds
metaTables/vocal_music_demucs_16k/metaData_fma_large/row66733.csv
Execution time: 26.52609395980835 seconds
metaTables/vocal_music_demucs_16k/metaData_fma_large/row66734.csv
Execution time: 26.90074133872986 seconds
metaTables/vocal_music_demucs_16k/metaData_fma_large/row66735.csv
Execution time: 28.214412450790405 seconds
metaTables/vocal_music_demucs_16k/metaData_fma_large/row66736.csv
Execution time: 27.35785222053528 seconds
metaTables/vocal_music_demucs_16k/metaData_fma_large/row66737.csv
Execution time: 28.180662870407104 seconds
metaTables/vocal_music_demucs_16k/metaData_fma_large/row66738.csv
Execution time: 27.850533485412598 seconds
metaTables/vocal_music_demucs_16k/metaData_fma_large/row66739.csv
Execution time: 27.88557744026184 seconds
metaTables/vocal_music_demucs_16k/metaData_fma_large/row66740.csv
Execution time: 29.808178186416626 seconds
metaTables/vocal_music_demucs_16k/metaData_fma_large/row66741.csv
Execution time: 26.893287181854248 seconds
metaTables/vocal_music_demucs_16k/metaData_fma_large/row66742.csv
Execution time: 28.14585041999817 seconds
metaTables/vocal_music_demucs_16k/metaData_fma_large/row66743.csv
Execution time: 27.804239749908447 seconds
metaTables/vocal_music_demucs_16k/metaData_fma_large/row66744.csv
Execution time: 28.782499313354492 seconds
metaTables/vocal_music_demucs_16k/metaData_fma_large/row66745.csv
Execution time: 28.845699310302734 seconds
metaTables/vocal_music_demucs_16k/metaData_fma_large/row66746.csv
Execution time: 29.367863178253174 seconds
metaTables/vocal_music_demucs_16k/metaData_fma_large/row66747.csv
Execution time: 28.02524209022522 seconds
metaTables/vocal_music_demucs_16k/metaData_fma_large/row66748.csv
Execution time: 26.157151699066162 seconds
metaTables/vocal_music_demucs_16k/metaData_fma_large/row66749.csv
Execution time: 27.1346378326416 seconds
metaTables/vocal_music_demucs_16k/metaData_fma_large/row66750.csv
Execution time: 27.927908182144165 seconds
metaTables/vocal_music_demucs_16k/metaData_fma_large/row66751.csv
Execution time: 28.088534116744995 seconds
metaTables/vocal_music_demucs_16k/metaData_fma_large/row66752.csv
Execution time: 28.981125831604004 seconds
metaTables/vocal_music_demucs_16k/metaData_fma_large/row66753.csv
Execution time: 28.843191862106323 seconds
metaTables/vocal_music_demucs_16k/metaData_fma_large/row66754.csv
Execution time: 29.086801290512085 seconds
metaTables/vocal_music_demucs_16k/metaData_fma_large/row66755.csv
Execution time: 27.616100549697876 seconds
metaTables/vocal_music_demucs_16k/metaData_fma_large/row66756.csv
Execution time: 28.585425853729248 seconds
metaTables/vocal_music_demucs_16k/metaData_fma_large/row66757.csv
Execution time: 27.429337978363037 seconds
metaTables/vocal_music_demucs_16k/metaData_fma_large/row66758.csv
Execution time: 28.834542512893677 seconds
metaTables/vocal_music_demucs_16k/metaData_fma_large/row66759.csv
Execution time: 27.80725407600403 seconds
metaTables/vocal_music_demucs_16k/metaData_fma_large/row66760.csv
Execution time: 28.706103801727295 seconds
metaTables/vocal_music_demucs_16k/metaData_fma_large/row66761.csv
Execution time: 27.530503749847412 seconds
metaTables/vocal_music_demucs_16k/metaData_fma_large/row66762.csv
Execution time: 28.546351432800293 seconds
metaTables/vocal_music_demucs_16k/metaData_fma_large/row66763.csv
Execution time: 27.264420986175537 seconds
metaTables/vocal_music_demucs_16k/metaData_fma_large/row66764.csv
Execution time: 27.894670248031616 seconds
metaTables/vocal_music_demucs_16k/metaData_fma_large/row66765.csv
Execution time: 27.33623170852661 seconds
metaTables/vocal_music_demucs_16k/metaData_fma_large/row66766.csv
Execution time: 27.721008777618408 seconds
metaTables/vocal_music_demucs_16k/metaData_fma_large/row66767.csv
Execution time: 28.576133012771606 seconds
metaTables/vocal_music_demucs_16k/metaData_fma_large/row66768.csv
Execution time: 28.10904812812805 seconds
metaTables/vocal_music_demucs_16k/metaData_fma_large/row66769.csv
Execution time: 26.578670263290405 seconds
metaTables/vocal_music_demucs_16k/metaData_fma_large/row66770.csv
Execution time: 27.12115454673767 seconds
metaTables/vocal_music_demucs_16k/metaData_fma_large/row66771.csv
Execution time: 28.12312960624695 seconds
metaTables/vocal_music_demucs_16k/metaData_fma_large/row66772.csv
Execution time: 27.796093225479126 seconds
metaTables/vocal_music_demucs_16k/metaData_fma_large/row66773.csv
Execution time: 27.82480549812317 seconds
metaTables/vocal_music_demucs_16k/metaData_fma_large/row66774.csv
Execution time: 28.63819122314453 seconds
metaTables/vocal_music_demucs_16k/metaData_fma_large/row66775.csv
Execution time: 29.014602422714233 seconds
metaTables/vocal_music_demucs_16k/metaData_fma_large/row66776.csv
Execution time: 28.71181035041809 seconds
metaTables/vocal_music_demucs_16k/metaData_fma_large/row66777.csv
Execution time: 26.0075204372406 seconds
metaTables/vocal_music_demucs_16k/metaData_fma_large/row66778.csv
Execution time: 27.009860277175903 seconds
metaTables/vocal_music_demucs_16k/metaData_fma_large/row66779.csv
Execution time: 27.63103461265564 seconds
metaTables/vocal_music_demucs_16k/metaData_fma_large/row66780.csv
Execution time: 27.016515016555786 seconds
metaTables/vocal_music_demucs_16k/metaData_fma_large/row66781.csv
Execution time: 27.76765727996826 seconds
metaTables/vocal_music_demucs_16k/metaData_fma_large/row66782.csv
Execution time: 26.784253120422363 seconds
metaTables/vocal_music_demucs_16k/metaData_fma_large/row66783.csv
Execution time: 28.353551626205444 seconds
metaTables/vocal_music_demucs_16k/metaData_fma_large/row66784.csv
Execution time: 29.03884482383728 seconds
metaTables/vocal_music_demucs_16k/metaData_fma_large/row66785.csv
Execution time: 29.311224222183228 seconds
metaTables/vocal_music_demucs_16k/metaData_fma_large/row66786.csv
Execution time: 29.21024227142334 seconds
metaTables/vocal_music_demucs_16k/metaData_fma_large/row66787.csv
Execution time: 31.02147912979126 seconds
metaTables/vocal_music_demucs_16k/metaData_fma_large/row66788.csv
Execution time: 29.202296495437622 seconds
metaTables/vocal_music_demucs_16k/metaData_fma_large/row66789.csv
Execution time: 28.297605991363525 seconds
metaTables/vocal_music_demucs_16k/metaData_fma_large/row66790.csv
Execution time: 28.369405031204224 seconds
metaTables/vocal_music_demucs_16k/metaData_fma_large/row66791.csv
Execution time: 28.8330717086792 seconds
metaTables/vocal_music_demucs_16k/metaData_fma_large/row66792.csv
Execution time: 26.315125465393066 seconds
metaTables/vocal_music_demucs_16k/metaData_fma_large/row66793.csv
Execution time: 26.01958727836609 seconds
metaTables/vocal_music_demucs_16k/metaData_fma_large/row66794.csv
Execution time: 26.1996967792511 seconds
metaTables/vocal_music_demucs_16k/metaData_fma_large/row66795.csv
Execution time: 26.756122589111328 seconds
metaTables/vocal_music_demucs_16k/metaData_fma_large/row66796.csv
Execution time: 26.04500436782837 seconds
metaTables/vocal_music_demucs_16k/metaData_fma_large/row66797.csv
Execution time: 25.94611668586731 seconds
metaTables/vocal_music_demucs_16k/metaData_fma_large/row66798.csv
Execution time: 25.695123434066772 seconds
metaTables/vocal_music_demucs_16k/metaData_fma_large/row66799.csv
Demucs voice recognition done!
