/ext3/demucs/lib/python3.9/site-packages/demucs/api.py:27: UserWarning: TorchAudio's global backend is now deprecated. Please enable distpatcher by setting `TORCHAUDIO_USE_BACKEND_DISPATCHER=1`, and specify backend when calling load/info/save function.
  import torchaudio as ta
2024-05-10 02:06:25.676062: I tensorflow/core/util/port.cc:113] oneDNN custom operations are on. You may see slightly different numerical results due to floating-point round-off errors from different computation orders. To turn them off, set the environment variable `TF_ENABLE_ONEDNN_OPTS=0`.
2024-05-10 02:06:25.838227: E external/local_xla/xla/stream_executor/cuda/cuda_dnn.cc:9261] Unable to register cuDNN factory: Attempting to register factory for plugin cuDNN when one has already been registered
2024-05-10 02:06:25.838271: E external/local_xla/xla/stream_executor/cuda/cuda_fft.cc:607] Unable to register cuFFT factory: Attempting to register factory for plugin cuFFT when one has already been registered
2024-05-10 02:06:25.863352: E external/local_xla/xla/stream_executor/cuda/cuda_blas.cc:1515] Unable to register cuBLAS factory: Attempting to register factory for plugin cuBLAS when one has already been registered
2024-05-10 02:06:25.912676: I tensorflow/core/platform/cpu_feature_guard.cc:182] This TensorFlow binary is optimized to use available CPU instructions in performance-critical operations.
To enable the following instructions: AVX2 AVX512F AVX512_VNNI FMA, in other operations, rebuild TensorFlow with the appropriate compiler flags.
2024-05-10 02:06:26.802097: W tensorflow/compiler/tf2tensorrt/utils/py_utils.cc:38] TF-TRT Warning: Could not find TensorRT
Execution time: 25.77726912498474 seconds
metaTables/vocal_music_demucs_16k/metaData_fma_large/row101600.csv
Execution time: 25.456787824630737 seconds
metaTables/vocal_music_demucs_16k/metaData_fma_large/row101601.csv
Execution time: 24.614317178726196 seconds
metaTables/vocal_music_demucs_16k/metaData_fma_large/row101602.csv
Execution time: 24.75900959968567 seconds
metaTables/vocal_music_demucs_16k/metaData_fma_large/row101603.csv
Execution time: 24.797505378723145 seconds
metaTables/vocal_music_demucs_16k/metaData_fma_large/row101604.csv
Execution time: 25.52259659767151 seconds
metaTables/vocal_music_demucs_16k/metaData_fma_large/row101605.csv
Execution time: 25.141804695129395 seconds
metaTables/vocal_music_demucs_16k/metaData_fma_large/row101606.csv
Execution time: 24.444660902023315 seconds
metaTables/vocal_music_demucs_16k/metaData_fma_large/row101607.csv
Execution time: 25.30117106437683 seconds
metaTables/vocal_music_demucs_16k/metaData_fma_large/row101608.csv
Execution time: 25.576005935668945 seconds
metaTables/vocal_music_demucs_16k/metaData_fma_large/row101609.csv
Execution time: 24.58976101875305 seconds
metaTables/vocal_music_demucs_16k/metaData_fma_large/row101610.csv
Execution time: 25.3417809009552 seconds
metaTables/vocal_music_demucs_16k/metaData_fma_large/row101611.csv
Execution time: 24.788691759109497 seconds
metaTables/vocal_music_demucs_16k/metaData_fma_large/row101612.csv
Execution time: 12.363645792007446 seconds
metaTables/vocal_music_demucs_16k/metaData_fma_large/row101613.csv
Execution time: 25.621119737625122 seconds
metaTables/vocal_music_demucs_16k/metaData_fma_large/row101614.csv
Execution time: 24.442572116851807 seconds
metaTables/vocal_music_demucs_16k/metaData_fma_large/row101615.csv
Execution time: 25.249345541000366 seconds
metaTables/vocal_music_demucs_16k/metaData_fma_large/row101616.csv
Execution time: 24.70087742805481 seconds
metaTables/vocal_music_demucs_16k/metaData_fma_large/row101617.csv
Execution time: 25.702844381332397 seconds
metaTables/vocal_music_demucs_16k/metaData_fma_large/row101618.csv
Execution time: 24.09710144996643 seconds
metaTables/vocal_music_demucs_16k/metaData_fma_large/row101619.csv
Execution time: 25.609987020492554 seconds
metaTables/vocal_music_demucs_16k/metaData_fma_large/row101620.csv
Execution time: 24.832597732543945 seconds
metaTables/vocal_music_demucs_16k/metaData_fma_large/row101621.csv
Execution time: 24.788645267486572 seconds
metaTables/vocal_music_demucs_16k/metaData_fma_large/row101622.csv
Execution time: 25.14804744720459 seconds
metaTables/vocal_music_demucs_16k/metaData_fma_large/row101623.csv
Execution time: 25.661919832229614 seconds
metaTables/vocal_music_demucs_16k/metaData_fma_large/row101624.csv
Execution time: 26.733058214187622 seconds
metaTables/vocal_music_demucs_16k/metaData_fma_large/row101625.csv
Execution time: 25.446839570999146 seconds
metaTables/vocal_music_demucs_16k/metaData_fma_large/row101626.csv
Execution time: 24.94266104698181 seconds
metaTables/vocal_music_demucs_16k/metaData_fma_large/row101627.csv
Execution time: 24.2803053855896 seconds
metaTables/vocal_music_demucs_16k/metaData_fma_large/row101628.csv
Execution time: 25.190040588378906 seconds
metaTables/vocal_music_demucs_16k/metaData_fma_large/row101629.csv
Execution time: 24.880925178527832 seconds
metaTables/vocal_music_demucs_16k/metaData_fma_large/row101630.csv
Execution time: 24.786858558654785 seconds
metaTables/vocal_music_demucs_16k/metaData_fma_large/row101631.csv
Execution time: 24.57538104057312 seconds
metaTables/vocal_music_demucs_16k/metaData_fma_large/row101632.csv
Execution time: 26.135814428329468 seconds
metaTables/vocal_music_demucs_16k/metaData_fma_large/row101633.csv
Execution time: 24.866838693618774 seconds
metaTables/vocal_music_demucs_16k/metaData_fma_large/row101634.csv
Execution time: 24.532972812652588 seconds
metaTables/vocal_music_demucs_16k/metaData_fma_large/row101635.csv
Execution time: 25.08601975440979 seconds
metaTables/vocal_music_demucs_16k/metaData_fma_large/row101636.csv
Execution time: 24.365503787994385 seconds
metaTables/vocal_music_demucs_16k/metaData_fma_large/row101637.csv
Execution time: 25.002718687057495 seconds
metaTables/vocal_music_demucs_16k/metaData_fma_large/row101638.csv
Execution time: 24.522252798080444 seconds
metaTables/vocal_music_demucs_16k/metaData_fma_large/row101639.csv
Execution time: 25.230926036834717 seconds
metaTables/vocal_music_demucs_16k/metaData_fma_large/row101640.csv
Execution time: 24.94059705734253 seconds
metaTables/vocal_music_demucs_16k/metaData_fma_large/row101641.csv
Execution time: 25.704395532608032 seconds
metaTables/vocal_music_demucs_16k/metaData_fma_large/row101642.csv
Execution time: 24.803645849227905 seconds
metaTables/vocal_music_demucs_16k/metaData_fma_large/row101643.csv
Execution time: 24.320590496063232 seconds
metaTables/vocal_music_demucs_16k/metaData_fma_large/row101644.csv
Execution time: 24.57508397102356 seconds
metaTables/vocal_music_demucs_16k/metaData_fma_large/row101645.csv
Execution time: 25.0186185836792 seconds
metaTables/vocal_music_demucs_16k/metaData_fma_large/row101646.csv
Execution time: 24.971930027008057 seconds
metaTables/vocal_music_demucs_16k/metaData_fma_large/row101647.csv
Execution time: 25.035781383514404 seconds
metaTables/vocal_music_demucs_16k/metaData_fma_large/row101648.csv
Execution time: 24.741210460662842 seconds
metaTables/vocal_music_demucs_16k/metaData_fma_large/row101649.csv
Execution time: 25.287542581558228 seconds
metaTables/vocal_music_demucs_16k/metaData_fma_large/row101650.csv
Execution time: 24.263538360595703 seconds
metaTables/vocal_music_demucs_16k/metaData_fma_large/row101651.csv
Execution time: 25.02255654335022 seconds
metaTables/vocal_music_demucs_16k/metaData_fma_large/row101652.csv
Execution time: 24.791287899017334 seconds
metaTables/vocal_music_demucs_16k/metaData_fma_large/row101653.csv
Execution time: 24.342864274978638 seconds
metaTables/vocal_music_demucs_16k/metaData_fma_large/row101654.csv
Execution time: 24.95885181427002 seconds
metaTables/vocal_music_demucs_16k/metaData_fma_large/row101655.csv
Execution time: 24.73051881790161 seconds
metaTables/vocal_music_demucs_16k/metaData_fma_large/row101656.csv
Execution time: 25.323644876480103 seconds
metaTables/vocal_music_demucs_16k/metaData_fma_large/row101657.csv
Execution time: 24.79951500892639 seconds
metaTables/vocal_music_demucs_16k/metaData_fma_large/row101658.csv
Execution time: 24.753360986709595 seconds
metaTables/vocal_music_demucs_16k/metaData_fma_large/row101659.csv
Execution time: 24.87287998199463 seconds
metaTables/vocal_music_demucs_16k/metaData_fma_large/row101660.csv
Execution time: 24.71489429473877 seconds
metaTables/vocal_music_demucs_16k/metaData_fma_large/row101661.csv
Execution time: 25.052042961120605 seconds
metaTables/vocal_music_demucs_16k/metaData_fma_large/row101662.csv
Execution time: 23.669244289398193 seconds
metaTables/vocal_music_demucs_16k/metaData_fma_large/row101663.csv
Execution time: 25.641162872314453 seconds
metaTables/vocal_music_demucs_16k/metaData_fma_large/row101664.csv
Execution time: 25.42700219154358 seconds
metaTables/vocal_music_demucs_16k/metaData_fma_large/row101665.csv
Execution time: 26.560709953308105 seconds
metaTables/vocal_music_demucs_16k/metaData_fma_large/row101666.csv
Execution time: 24.73977303504944 seconds
metaTables/vocal_music_demucs_16k/metaData_fma_large/row101667.csv
Execution time: 25.48805570602417 seconds
metaTables/vocal_music_demucs_16k/metaData_fma_large/row101668.csv
Execution time: 24.41983413696289 seconds
metaTables/vocal_music_demucs_16k/metaData_fma_large/row101669.csv
Execution time: 25.011146068572998 seconds
metaTables/vocal_music_demucs_16k/metaData_fma_large/row101670.csv
Execution time: 25.6131534576416 seconds
metaTables/vocal_music_demucs_16k/metaData_fma_large/row101671.csv
Execution time: 24.944782733917236 seconds
metaTables/vocal_music_demucs_16k/metaData_fma_large/row101672.csv
Execution time: 25.470195531845093 seconds
metaTables/vocal_music_demucs_16k/metaData_fma_large/row101673.csv
Execution time: 26.06668472290039 seconds
metaTables/vocal_music_demucs_16k/metaData_fma_large/row101674.csv
Execution time: 25.537423372268677 seconds
metaTables/vocal_music_demucs_16k/metaData_fma_large/row101675.csv
Execution time: 23.895710706710815 seconds
metaTables/vocal_music_demucs_16k/metaData_fma_large/row101676.csv
Execution time: 25.788270711898804 seconds
metaTables/vocal_music_demucs_16k/metaData_fma_large/row101677.csv
Execution time: 24.196098566055298 seconds
metaTables/vocal_music_demucs_16k/metaData_fma_large/row101678.csv
Execution time: 25.506069660186768 seconds
metaTables/vocal_music_demucs_16k/metaData_fma_large/row101679.csv
Execution time: 24.582847595214844 seconds
metaTables/vocal_music_demucs_16k/metaData_fma_large/row101680.csv
Execution time: 24.418519020080566 seconds
metaTables/vocal_music_demucs_16k/metaData_fma_large/row101681.csv
Execution time: 25.07483673095703 seconds
metaTables/vocal_music_demucs_16k/metaData_fma_large/row101682.csv
Execution time: 24.057482719421387 seconds
metaTables/vocal_music_demucs_16k/metaData_fma_large/row101683.csv
Execution time: 25.47397780418396 seconds
metaTables/vocal_music_demucs_16k/metaData_fma_large/row101684.csv
Execution time: 25.394136428833008 seconds
metaTables/vocal_music_demucs_16k/metaData_fma_large/row101685.csv
Execution time: 24.625733375549316 seconds
metaTables/vocal_music_demucs_16k/metaData_fma_large/row101686.csv
Execution time: 24.88942861557007 seconds
metaTables/vocal_music_demucs_16k/metaData_fma_large/row101687.csv
Execution time: 25.331664085388184 seconds
metaTables/vocal_music_demucs_16k/metaData_fma_large/row101688.csv
Execution time: 23.89879584312439 seconds
metaTables/vocal_music_demucs_16k/metaData_fma_large/row101689.csv
Execution time: 26.170154094696045 seconds
metaTables/vocal_music_demucs_16k/metaData_fma_large/row101690.csv
Execution time: 24.906214952468872 seconds
metaTables/vocal_music_demucs_16k/metaData_fma_large/row101691.csv
Execution time: 25.25973916053772 seconds
metaTables/vocal_music_demucs_16k/metaData_fma_large/row101692.csv
Execution time: 24.7496919631958 seconds
metaTables/vocal_music_demucs_16k/metaData_fma_large/row101693.csv
Execution time: 24.507244110107422 seconds
metaTables/vocal_music_demucs_16k/metaData_fma_large/row101694.csv
Execution time: 24.769640684127808 seconds
metaTables/vocal_music_demucs_16k/metaData_fma_large/row101695.csv
Execution time: 25.02191138267517 seconds
metaTables/vocal_music_demucs_16k/metaData_fma_large/row101696.csv
Execution time: 24.723445892333984 seconds
metaTables/vocal_music_demucs_16k/metaData_fma_large/row101697.csv
Execution time: 24.514501094818115 seconds
metaTables/vocal_music_demucs_16k/metaData_fma_large/row101698.csv
Execution time: 24.36462140083313 seconds
metaTables/vocal_music_demucs_16k/metaData_fma_large/row101699.csv
Demucs voice recognition done!
