/ext3/demucs/lib/python3.9/site-packages/demucs/api.py:27: UserWarning: TorchAudio's global backend is now deprecated. Please enable distpatcher by setting `TORCHAUDIO_USE_BACKEND_DISPATCHER=1`, and specify backend when calling load/info/save function.
  import torchaudio as ta
2024-05-09 09:23:22.806153: I tensorflow/core/util/port.cc:113] oneDNN custom operations are on. You may see slightly different numerical results due to floating-point round-off errors from different computation orders. To turn them off, set the environment variable `TF_ENABLE_ONEDNN_OPTS=0`.
2024-05-09 09:23:24.020430: E external/local_xla/xla/stream_executor/cuda/cuda_dnn.cc:9261] Unable to register cuDNN factory: Attempting to register factory for plugin cuDNN when one has already been registered
2024-05-09 09:23:24.020473: E external/local_xla/xla/stream_executor/cuda/cuda_fft.cc:607] Unable to register cuFFT factory: Attempting to register factory for plugin cuFFT when one has already been registered
2024-05-09 09:23:24.039737: E external/local_xla/xla/stream_executor/cuda/cuda_blas.cc:1515] Unable to register cuBLAS factory: Attempting to register factory for plugin cuBLAS when one has already been registered
2024-05-09 09:23:24.178381: I tensorflow/core/platform/cpu_feature_guard.cc:182] This TensorFlow binary is optimized to use available CPU instructions in performance-critical operations.
To enable the following instructions: AVX2 AVX512F AVX512_VNNI FMA, in other operations, rebuild TensorFlow with the appropriate compiler flags.
2024-05-09 09:23:25.310632: W tensorflow/compiler/tf2tensorrt/utils/py_utils.cc:38] TF-TRT Warning: Could not find TensorRT
SKIPPING: metaTables/vocal_music_demucs_16k/metaData_fma_large/row104900.csv
SKIPPING: metaTables/vocal_music_demucs_16k/metaData_fma_large/row104901.csv
SKIPPING: metaTables/vocal_music_demucs_16k/metaData_fma_large/row104902.csv
SKIPPING: metaTables/vocal_music_demucs_16k/metaData_fma_large/row104903.csv
SKIPPING: metaTables/vocal_music_demucs_16k/metaData_fma_large/row104904.csv
SKIPPING: metaTables/vocal_music_demucs_16k/metaData_fma_large/row104905.csv
SKIPPING: metaTables/vocal_music_demucs_16k/metaData_fma_large/row104906.csv
SKIPPING: metaTables/vocal_music_demucs_16k/metaData_fma_large/row104907.csv
SKIPPING: metaTables/vocal_music_demucs_16k/metaData_fma_large/row104908.csv
SKIPPING: metaTables/vocal_music_demucs_16k/metaData_fma_large/row104909.csv
SKIPPING: metaTables/vocal_music_demucs_16k/metaData_fma_large/row104910.csv
SKIPPING: metaTables/vocal_music_demucs_16k/metaData_fma_large/row104911.csv
SKIPPING: metaTables/vocal_music_demucs_16k/metaData_fma_large/row104912.csv
SKIPPING: metaTables/vocal_music_demucs_16k/metaData_fma_large/row104913.csv
SKIPPING: metaTables/vocal_music_demucs_16k/metaData_fma_large/row104914.csv
SKIPPING: metaTables/vocal_music_demucs_16k/metaData_fma_large/row104915.csv
SKIPPING: metaTables/vocal_music_demucs_16k/metaData_fma_large/row104916.csv
SKIPPING: metaTables/vocal_music_demucs_16k/metaData_fma_large/row104917.csv
SKIPPING: metaTables/vocal_music_demucs_16k/metaData_fma_large/row104918.csv
SKIPPING: metaTables/vocal_music_demucs_16k/metaData_fma_large/row104919.csv
SKIPPING: metaTables/vocal_music_demucs_16k/metaData_fma_large/row104920.csv
SKIPPING: metaTables/vocal_music_demucs_16k/metaData_fma_large/row104921.csv
SKIPPING: metaTables/vocal_music_demucs_16k/metaData_fma_large/row104922.csv
SKIPPING: metaTables/vocal_music_demucs_16k/metaData_fma_large/row104923.csv
SKIPPING: metaTables/vocal_music_demucs_16k/metaData_fma_large/row104924.csv
SKIPPING: metaTables/vocal_music_demucs_16k/metaData_fma_large/row104925.csv
SKIPPING: metaTables/vocal_music_demucs_16k/metaData_fma_large/row104926.csv
SKIPPING: metaTables/vocal_music_demucs_16k/metaData_fma_large/row104927.csv
SKIPPING: metaTables/vocal_music_demucs_16k/metaData_fma_large/row104928.csv
SKIPPING: metaTables/vocal_music_demucs_16k/metaData_fma_large/row104929.csv
SKIPPING: metaTables/vocal_music_demucs_16k/metaData_fma_large/row104930.csv
SKIPPING: metaTables/vocal_music_demucs_16k/metaData_fma_large/row104931.csv
SKIPPING: metaTables/vocal_music_demucs_16k/metaData_fma_large/row104932.csv
SKIPPING: metaTables/vocal_music_demucs_16k/metaData_fma_large/row104933.csv
SKIPPING: metaTables/vocal_music_demucs_16k/metaData_fma_large/row104934.csv
SKIPPING: metaTables/vocal_music_demucs_16k/metaData_fma_large/row104935.csv
SKIPPING: metaTables/vocal_music_demucs_16k/metaData_fma_large/row104936.csv
SKIPPING: metaTables/vocal_music_demucs_16k/metaData_fma_large/row104937.csv
SKIPPING: metaTables/vocal_music_demucs_16k/metaData_fma_large/row104938.csv
SKIPPING: metaTables/vocal_music_demucs_16k/metaData_fma_large/row104939.csv
SKIPPING: metaTables/vocal_music_demucs_16k/metaData_fma_large/row104940.csv
SKIPPING: metaTables/vocal_music_demucs_16k/metaData_fma_large/row104941.csv
SKIPPING: metaTables/vocal_music_demucs_16k/metaData_fma_large/row104942.csv
SKIPPING: metaTables/vocal_music_demucs_16k/metaData_fma_large/row104943.csv
SKIPPING: metaTables/vocal_music_demucs_16k/metaData_fma_large/row104944.csv
SKIPPING: metaTables/vocal_music_demucs_16k/metaData_fma_large/row104945.csv
SKIPPING: metaTables/vocal_music_demucs_16k/metaData_fma_large/row104946.csv
SKIPPING: metaTables/vocal_music_demucs_16k/metaData_fma_large/row104947.csv
SKIPPING: metaTables/vocal_music_demucs_16k/metaData_fma_large/row104948.csv
SKIPPING: metaTables/vocal_music_demucs_16k/metaData_fma_large/row104949.csv
SKIPPING: metaTables/vocal_music_demucs_16k/metaData_fma_large/row104950.csv
SKIPPING: metaTables/vocal_music_demucs_16k/metaData_fma_large/row104951.csv
SKIPPING: metaTables/vocal_music_demucs_16k/metaData_fma_large/row104952.csv
SKIPPING: metaTables/vocal_music_demucs_16k/metaData_fma_large/row104953.csv
SKIPPING: metaTables/vocal_music_demucs_16k/metaData_fma_large/row104954.csv
SKIPPING: metaTables/vocal_music_demucs_16k/metaData_fma_large/row104955.csv
SKIPPING: metaTables/vocal_music_demucs_16k/metaData_fma_large/row104956.csv
SKIPPING: metaTables/vocal_music_demucs_16k/metaData_fma_large/row104957.csv
SKIPPING: metaTables/vocal_music_demucs_16k/metaData_fma_large/row104958.csv
SKIPPING: metaTables/vocal_music_demucs_16k/metaData_fma_large/row104959.csv
SKIPPING: metaTables/vocal_music_demucs_16k/metaData_fma_large/row104960.csv
SKIPPING: metaTables/vocal_music_demucs_16k/metaData_fma_large/row104961.csv
SKIPPING: metaTables/vocal_music_demucs_16k/metaData_fma_large/row104962.csv
SKIPPING: metaTables/vocal_music_demucs_16k/metaData_fma_large/row104963.csv
SKIPPING: metaTables/vocal_music_demucs_16k/metaData_fma_large/row104964.csv
SKIPPING: metaTables/vocal_music_demucs_16k/metaData_fma_large/row104965.csv
SKIPPING: metaTables/vocal_music_demucs_16k/metaData_fma_large/row104966.csv
SKIPPING: metaTables/vocal_music_demucs_16k/metaData_fma_large/row104967.csv
SKIPPING: metaTables/vocal_music_demucs_16k/metaData_fma_large/row104968.csv
SKIPPING: metaTables/vocal_music_demucs_16k/metaData_fma_large/row104969.csv
SKIPPING: metaTables/vocal_music_demucs_16k/metaData_fma_large/row104970.csv
SKIPPING: metaTables/vocal_music_demucs_16k/metaData_fma_large/row104971.csv
SKIPPING: metaTables/vocal_music_demucs_16k/metaData_fma_large/row104972.csv
SKIPPING: metaTables/vocal_music_demucs_16k/metaData_fma_large/row104973.csv
SKIPPING: metaTables/vocal_music_demucs_16k/metaData_fma_large/row104974.csv
SKIPPING: metaTables/vocal_music_demucs_16k/metaData_fma_large/row104975.csv
SKIPPING: metaTables/vocal_music_demucs_16k/metaData_fma_large/row104976.csv
SKIPPING: metaTables/vocal_music_demucs_16k/metaData_fma_large/row104977.csv
SKIPPING: metaTables/vocal_music_demucs_16k/metaData_fma_large/row104978.csv
SKIPPING: metaTables/vocal_music_demucs_16k/metaData_fma_large/row104979.csv
SKIPPING: metaTables/vocal_music_demucs_16k/metaData_fma_large/row104980.csv
SKIPPING: metaTables/vocal_music_demucs_16k/metaData_fma_large/row104981.csv
SKIPPING: metaTables/vocal_music_demucs_16k/metaData_fma_large/row104982.csv
SKIPPING: metaTables/vocal_music_demucs_16k/metaData_fma_large/row104983.csv
SKIPPING: metaTables/vocal_music_demucs_16k/metaData_fma_large/row104984.csv
SKIPPING: metaTables/vocal_music_demucs_16k/metaData_fma_large/row104985.csv
SKIPPING: metaTables/vocal_music_demucs_16k/metaData_fma_large/row104986.csv
SKIPPING: metaTables/vocal_music_demucs_16k/metaData_fma_large/row104987.csv
SKIPPING: metaTables/vocal_music_demucs_16k/metaData_fma_large/row104988.csv
SKIPPING: metaTables/vocal_music_demucs_16k/metaData_fma_large/row104989.csv
SKIPPING: metaTables/vocal_music_demucs_16k/metaData_fma_large/row104990.csv
SKIPPING: metaTables/vocal_music_demucs_16k/metaData_fma_large/row104991.csv
SKIPPING: metaTables/vocal_music_demucs_16k/metaData_fma_large/row104992.csv
SKIPPING: metaTables/vocal_music_demucs_16k/metaData_fma_large/row104993.csv
SKIPPING: metaTables/vocal_music_demucs_16k/metaData_fma_large/row104994.csv
SKIPPING: metaTables/vocal_music_demucs_16k/metaData_fma_large/row104995.csv
SKIPPING: metaTables/vocal_music_demucs_16k/metaData_fma_large/row104996.csv
SKIPPING: metaTables/vocal_music_demucs_16k/metaData_fma_large/row104997.csv
SKIPPING: metaTables/vocal_music_demucs_16k/metaData_fma_large/row104998.csv
SKIPPING: metaTables/vocal_music_demucs_16k/metaData_fma_large/row104999.csv
Demucs voice recognition done!
