/ext3/demucs/lib/python3.9/site-packages/demucs/api.py:27: UserWarning: TorchAudio's global backend is now deprecated. Please enable distpatcher by setting `TORCHAUDIO_USE_BACKEND_DISPATCHER=1`, and specify backend when calling load/info/save function.
  import torchaudio as ta
2024-05-09 09:23:23.538753: I tensorflow/core/util/port.cc:113] oneDNN custom operations are on. You may see slightly different numerical results due to floating-point round-off errors from different computation orders. To turn them off, set the environment variable `TF_ENABLE_ONEDNN_OPTS=0`.
2024-05-09 09:23:23.908332: E external/local_xla/xla/stream_executor/cuda/cuda_dnn.cc:9261] Unable to register cuDNN factory: Attempting to register factory for plugin cuDNN when one has already been registered
2024-05-09 09:23:23.908376: E external/local_xla/xla/stream_executor/cuda/cuda_fft.cc:607] Unable to register cuFFT factory: Attempting to register factory for plugin cuFFT when one has already been registered
2024-05-09 09:23:23.987310: E external/local_xla/xla/stream_executor/cuda/cuda_blas.cc:1515] Unable to register cuBLAS factory: Attempting to register factory for plugin cuBLAS when one has already been registered
2024-05-09 09:23:24.050428: I tensorflow/core/platform/cpu_feature_guard.cc:182] This TensorFlow binary is optimized to use available CPU instructions in performance-critical operations.
To enable the following instructions: AVX2 AVX512F AVX512_VNNI FMA, in other operations, rebuild TensorFlow with the appropriate compiler flags.
2024-05-09 09:23:24.943997: W tensorflow/compiler/tf2tensorrt/utils/py_utils.cc:38] TF-TRT Warning: Could not find TensorRT
SKIPPING: metaTables/vocal_music_demucs_16k/metaData_fma_large/row101300.csv
SKIPPING: metaTables/vocal_music_demucs_16k/metaData_fma_large/row101301.csv
SKIPPING: metaTables/vocal_music_demucs_16k/metaData_fma_large/row101302.csv
SKIPPING: metaTables/vocal_music_demucs_16k/metaData_fma_large/row101303.csv
SKIPPING: metaTables/vocal_music_demucs_16k/metaData_fma_large/row101304.csv
SKIPPING: metaTables/vocal_music_demucs_16k/metaData_fma_large/row101305.csv
SKIPPING: metaTables/vocal_music_demucs_16k/metaData_fma_large/row101306.csv
SKIPPING: metaTables/vocal_music_demucs_16k/metaData_fma_large/row101307.csv
SKIPPING: metaTables/vocal_music_demucs_16k/metaData_fma_large/row101308.csv
SKIPPING: metaTables/vocal_music_demucs_16k/metaData_fma_large/row101309.csv
SKIPPING: metaTables/vocal_music_demucs_16k/metaData_fma_large/row101310.csv
SKIPPING: metaTables/vocal_music_demucs_16k/metaData_fma_large/row101311.csv
SKIPPING: metaTables/vocal_music_demucs_16k/metaData_fma_large/row101312.csv
SKIPPING: metaTables/vocal_music_demucs_16k/metaData_fma_large/row101313.csv
SKIPPING: metaTables/vocal_music_demucs_16k/metaData_fma_large/row101314.csv
SKIPPING: metaTables/vocal_music_demucs_16k/metaData_fma_large/row101315.csv
SKIPPING: metaTables/vocal_music_demucs_16k/metaData_fma_large/row101316.csv
SKIPPING: metaTables/vocal_music_demucs_16k/metaData_fma_large/row101317.csv
SKIPPING: metaTables/vocal_music_demucs_16k/metaData_fma_large/row101318.csv
SKIPPING: metaTables/vocal_music_demucs_16k/metaData_fma_large/row101319.csv
SKIPPING: metaTables/vocal_music_demucs_16k/metaData_fma_large/row101320.csv
SKIPPING: metaTables/vocal_music_demucs_16k/metaData_fma_large/row101321.csv
SKIPPING: metaTables/vocal_music_demucs_16k/metaData_fma_large/row101322.csv
SKIPPING: metaTables/vocal_music_demucs_16k/metaData_fma_large/row101323.csv
SKIPPING: metaTables/vocal_music_demucs_16k/metaData_fma_large/row101324.csv
SKIPPING: metaTables/vocal_music_demucs_16k/metaData_fma_large/row101325.csv
SKIPPING: metaTables/vocal_music_demucs_16k/metaData_fma_large/row101326.csv
SKIPPING: metaTables/vocal_music_demucs_16k/metaData_fma_large/row101327.csv
SKIPPING: metaTables/vocal_music_demucs_16k/metaData_fma_large/row101328.csv
SKIPPING: metaTables/vocal_music_demucs_16k/metaData_fma_large/row101329.csv
SKIPPING: metaTables/vocal_music_demucs_16k/metaData_fma_large/row101330.csv
SKIPPING: metaTables/vocal_music_demucs_16k/metaData_fma_large/row101331.csv
SKIPPING: metaTables/vocal_music_demucs_16k/metaData_fma_large/row101332.csv
SKIPPING: metaTables/vocal_music_demucs_16k/metaData_fma_large/row101333.csv
SKIPPING: metaTables/vocal_music_demucs_16k/metaData_fma_large/row101334.csv
SKIPPING: metaTables/vocal_music_demucs_16k/metaData_fma_large/row101335.csv
SKIPPING: metaTables/vocal_music_demucs_16k/metaData_fma_large/row101336.csv
SKIPPING: metaTables/vocal_music_demucs_16k/metaData_fma_large/row101337.csv
SKIPPING: metaTables/vocal_music_demucs_16k/metaData_fma_large/row101338.csv
SKIPPING: metaTables/vocal_music_demucs_16k/metaData_fma_large/row101339.csv
SKIPPING: metaTables/vocal_music_demucs_16k/metaData_fma_large/row101340.csv
SKIPPING: metaTables/vocal_music_demucs_16k/metaData_fma_large/row101341.csv
SKIPPING: metaTables/vocal_music_demucs_16k/metaData_fma_large/row101342.csv
SKIPPING: metaTables/vocal_music_demucs_16k/metaData_fma_large/row101343.csv
SKIPPING: metaTables/vocal_music_demucs_16k/metaData_fma_large/row101344.csv
SKIPPING: metaTables/vocal_music_demucs_16k/metaData_fma_large/row101345.csv
SKIPPING: metaTables/vocal_music_demucs_16k/metaData_fma_large/row101346.csv
SKIPPING: metaTables/vocal_music_demucs_16k/metaData_fma_large/row101347.csv
SKIPPING: metaTables/vocal_music_demucs_16k/metaData_fma_large/row101348.csv
SKIPPING: metaTables/vocal_music_demucs_16k/metaData_fma_large/row101349.csv
SKIPPING: metaTables/vocal_music_demucs_16k/metaData_fma_large/row101350.csv
SKIPPING: metaTables/vocal_music_demucs_16k/metaData_fma_large/row101351.csv
SKIPPING: metaTables/vocal_music_demucs_16k/metaData_fma_large/row101352.csv
SKIPPING: metaTables/vocal_music_demucs_16k/metaData_fma_large/row101353.csv
SKIPPING: metaTables/vocal_music_demucs_16k/metaData_fma_large/row101354.csv
SKIPPING: metaTables/vocal_music_demucs_16k/metaData_fma_large/row101355.csv
SKIPPING: metaTables/vocal_music_demucs_16k/metaData_fma_large/row101356.csv
SKIPPING: metaTables/vocal_music_demucs_16k/metaData_fma_large/row101357.csv
SKIPPING: metaTables/vocal_music_demucs_16k/metaData_fma_large/row101358.csv
SKIPPING: metaTables/vocal_music_demucs_16k/metaData_fma_large/row101359.csv
SKIPPING: metaTables/vocal_music_demucs_16k/metaData_fma_large/row101360.csv
SKIPPING: metaTables/vocal_music_demucs_16k/metaData_fma_large/row101361.csv
SKIPPING: metaTables/vocal_music_demucs_16k/metaData_fma_large/row101362.csv
SKIPPING: metaTables/vocal_music_demucs_16k/metaData_fma_large/row101363.csv
SKIPPING: metaTables/vocal_music_demucs_16k/metaData_fma_large/row101364.csv
SKIPPING: metaTables/vocal_music_demucs_16k/metaData_fma_large/row101365.csv
SKIPPING: metaTables/vocal_music_demucs_16k/metaData_fma_large/row101366.csv
SKIPPING: metaTables/vocal_music_demucs_16k/metaData_fma_large/row101367.csv
SKIPPING: metaTables/vocal_music_demucs_16k/metaData_fma_large/row101368.csv
SKIPPING: metaTables/vocal_music_demucs_16k/metaData_fma_large/row101369.csv
SKIPPING: metaTables/vocal_music_demucs_16k/metaData_fma_large/row101370.csv
SKIPPING: metaTables/vocal_music_demucs_16k/metaData_fma_large/row101371.csv
SKIPPING: metaTables/vocal_music_demucs_16k/metaData_fma_large/row101372.csv
SKIPPING: metaTables/vocal_music_demucs_16k/metaData_fma_large/row101373.csv
SKIPPING: metaTables/vocal_music_demucs_16k/metaData_fma_large/row101374.csv
SKIPPING: metaTables/vocal_music_demucs_16k/metaData_fma_large/row101375.csv
SKIPPING: metaTables/vocal_music_demucs_16k/metaData_fma_large/row101376.csv
SKIPPING: metaTables/vocal_music_demucs_16k/metaData_fma_large/row101377.csv
SKIPPING: metaTables/vocal_music_demucs_16k/metaData_fma_large/row101378.csv
SKIPPING: metaTables/vocal_music_demucs_16k/metaData_fma_large/row101379.csv
SKIPPING: metaTables/vocal_music_demucs_16k/metaData_fma_large/row101380.csv
SKIPPING: metaTables/vocal_music_demucs_16k/metaData_fma_large/row101381.csv
SKIPPING: metaTables/vocal_music_demucs_16k/metaData_fma_large/row101382.csv
SKIPPING: metaTables/vocal_music_demucs_16k/metaData_fma_large/row101383.csv
SKIPPING: metaTables/vocal_music_demucs_16k/metaData_fma_large/row101384.csv
SKIPPING: metaTables/vocal_music_demucs_16k/metaData_fma_large/row101385.csv
SKIPPING: metaTables/vocal_music_demucs_16k/metaData_fma_large/row101386.csv
SKIPPING: metaTables/vocal_music_demucs_16k/metaData_fma_large/row101387.csv
SKIPPING: metaTables/vocal_music_demucs_16k/metaData_fma_large/row101388.csv
SKIPPING: metaTables/vocal_music_demucs_16k/metaData_fma_large/row101389.csv
SKIPPING: metaTables/vocal_music_demucs_16k/metaData_fma_large/row101390.csv
SKIPPING: metaTables/vocal_music_demucs_16k/metaData_fma_large/row101391.csv
SKIPPING: metaTables/vocal_music_demucs_16k/metaData_fma_large/row101392.csv
SKIPPING: metaTables/vocal_music_demucs_16k/metaData_fma_large/row101393.csv
SKIPPING: metaTables/vocal_music_demucs_16k/metaData_fma_large/row101394.csv
SKIPPING: metaTables/vocal_music_demucs_16k/metaData_fma_large/row101395.csv
SKIPPING: metaTables/vocal_music_demucs_16k/metaData_fma_large/row101396.csv
SKIPPING: metaTables/vocal_music_demucs_16k/metaData_fma_large/row101397.csv
SKIPPING: metaTables/vocal_music_demucs_16k/metaData_fma_large/row101398.csv
SKIPPING: metaTables/vocal_music_demucs_16k/metaData_fma_large/row101399.csv
Demucs voice recognition done!
