/ext3/demucs/lib/python3.9/site-packages/demucs/api.py:27: UserWarning: TorchAudio's global backend is now deprecated. Please enable distpatcher by setting `TORCHAUDIO_USE_BACKEND_DISPATCHER=1`, and specify backend when calling load/info/save function.
  import torchaudio as ta
2024-05-09 09:22:22.772786: I tensorflow/core/util/port.cc:113] oneDNN custom operations are on. You may see slightly different numerical results due to floating-point round-off errors from different computation orders. To turn them off, set the environment variable `TF_ENABLE_ONEDNN_OPTS=0`.
2024-05-09 09:22:23.498061: E external/local_xla/xla/stream_executor/cuda/cuda_dnn.cc:9261] Unable to register cuDNN factory: Attempting to register factory for plugin cuDNN when one has already been registered
2024-05-09 09:22:23.498105: E external/local_xla/xla/stream_executor/cuda/cuda_fft.cc:607] Unable to register cuFFT factory: Attempting to register factory for plugin cuFFT when one has already been registered
2024-05-09 09:22:23.550728: E external/local_xla/xla/stream_executor/cuda/cuda_blas.cc:1515] Unable to register cuBLAS factory: Attempting to register factory for plugin cuBLAS when one has already been registered
2024-05-09 09:22:23.627117: I tensorflow/core/platform/cpu_feature_guard.cc:182] This TensorFlow binary is optimized to use available CPU instructions in performance-critical operations.
To enable the following instructions: AVX2 AVX512F AVX512_VNNI FMA, in other operations, rebuild TensorFlow with the appropriate compiler flags.
2024-05-09 09:22:24.545803: W tensorflow/compiler/tf2tensorrt/utils/py_utils.cc:38] TF-TRT Warning: Could not find TensorRT
SKIPPING: metaTables/vocal_music_demucs_16k/metaData_fma_large/row66600.csv
SKIPPING: metaTables/vocal_music_demucs_16k/metaData_fma_large/row66601.csv
SKIPPING: metaTables/vocal_music_demucs_16k/metaData_fma_large/row66602.csv
SKIPPING: metaTables/vocal_music_demucs_16k/metaData_fma_large/row66603.csv
SKIPPING: metaTables/vocal_music_demucs_16k/metaData_fma_large/row66604.csv
SKIPPING: metaTables/vocal_music_demucs_16k/metaData_fma_large/row66605.csv
SKIPPING: metaTables/vocal_music_demucs_16k/metaData_fma_large/row66606.csv
SKIPPING: metaTables/vocal_music_demucs_16k/metaData_fma_large/row66607.csv
SKIPPING: metaTables/vocal_music_demucs_16k/metaData_fma_large/row66608.csv
SKIPPING: metaTables/vocal_music_demucs_16k/metaData_fma_large/row66609.csv
SKIPPING: metaTables/vocal_music_demucs_16k/metaData_fma_large/row66610.csv
SKIPPING: metaTables/vocal_music_demucs_16k/metaData_fma_large/row66611.csv
SKIPPING: metaTables/vocal_music_demucs_16k/metaData_fma_large/row66612.csv
SKIPPING: metaTables/vocal_music_demucs_16k/metaData_fma_large/row66613.csv
SKIPPING: metaTables/vocal_music_demucs_16k/metaData_fma_large/row66614.csv
SKIPPING: metaTables/vocal_music_demucs_16k/metaData_fma_large/row66615.csv
SKIPPING: metaTables/vocal_music_demucs_16k/metaData_fma_large/row66616.csv
SKIPPING: metaTables/vocal_music_demucs_16k/metaData_fma_large/row66617.csv
SKIPPING: metaTables/vocal_music_demucs_16k/metaData_fma_large/row66618.csv
SKIPPING: metaTables/vocal_music_demucs_16k/metaData_fma_large/row66619.csv
SKIPPING: metaTables/vocal_music_demucs_16k/metaData_fma_large/row66620.csv
SKIPPING: metaTables/vocal_music_demucs_16k/metaData_fma_large/row66621.csv
SKIPPING: metaTables/vocal_music_demucs_16k/metaData_fma_large/row66622.csv
SKIPPING: metaTables/vocal_music_demucs_16k/metaData_fma_large/row66623.csv
SKIPPING: metaTables/vocal_music_demucs_16k/metaData_fma_large/row66624.csv
SKIPPING: metaTables/vocal_music_demucs_16k/metaData_fma_large/row66625.csv
SKIPPING: metaTables/vocal_music_demucs_16k/metaData_fma_large/row66626.csv
SKIPPING: metaTables/vocal_music_demucs_16k/metaData_fma_large/row66627.csv
SKIPPING: metaTables/vocal_music_demucs_16k/metaData_fma_large/row66628.csv
SKIPPING: metaTables/vocal_music_demucs_16k/metaData_fma_large/row66629.csv
SKIPPING: metaTables/vocal_music_demucs_16k/metaData_fma_large/row66630.csv
SKIPPING: metaTables/vocal_music_demucs_16k/metaData_fma_large/row66631.csv
SKIPPING: metaTables/vocal_music_demucs_16k/metaData_fma_large/row66632.csv
SKIPPING: metaTables/vocal_music_demucs_16k/metaData_fma_large/row66633.csv
SKIPPING: metaTables/vocal_music_demucs_16k/metaData_fma_large/row66634.csv
SKIPPING: metaTables/vocal_music_demucs_16k/metaData_fma_large/row66635.csv
SKIPPING: metaTables/vocal_music_demucs_16k/metaData_fma_large/row66636.csv
SKIPPING: metaTables/vocal_music_demucs_16k/metaData_fma_large/row66637.csv
SKIPPING: metaTables/vocal_music_demucs_16k/metaData_fma_large/row66638.csv
SKIPPING: metaTables/vocal_music_demucs_16k/metaData_fma_large/row66639.csv
SKIPPING: metaTables/vocal_music_demucs_16k/metaData_fma_large/row66640.csv
SKIPPING: metaTables/vocal_music_demucs_16k/metaData_fma_large/row66641.csv
SKIPPING: metaTables/vocal_music_demucs_16k/metaData_fma_large/row66642.csv
SKIPPING: metaTables/vocal_music_demucs_16k/metaData_fma_large/row66643.csv
SKIPPING: metaTables/vocal_music_demucs_16k/metaData_fma_large/row66644.csv
SKIPPING: metaTables/vocal_music_demucs_16k/metaData_fma_large/row66645.csv
SKIPPING: metaTables/vocal_music_demucs_16k/metaData_fma_large/row66646.csv
SKIPPING: metaTables/vocal_music_demucs_16k/metaData_fma_large/row66647.csv
SKIPPING: metaTables/vocal_music_demucs_16k/metaData_fma_large/row66648.csv
SKIPPING: metaTables/vocal_music_demucs_16k/metaData_fma_large/row66649.csv
SKIPPING: metaTables/vocal_music_demucs_16k/metaData_fma_large/row66650.csv
SKIPPING: metaTables/vocal_music_demucs_16k/metaData_fma_large/row66651.csv
SKIPPING: metaTables/vocal_music_demucs_16k/metaData_fma_large/row66652.csv
SKIPPING: metaTables/vocal_music_demucs_16k/metaData_fma_large/row66653.csv
SKIPPING: metaTables/vocal_music_demucs_16k/metaData_fma_large/row66654.csv
SKIPPING: metaTables/vocal_music_demucs_16k/metaData_fma_large/row66655.csv
SKIPPING: metaTables/vocal_music_demucs_16k/metaData_fma_large/row66656.csv
SKIPPING: metaTables/vocal_music_demucs_16k/metaData_fma_large/row66657.csv
SKIPPING: metaTables/vocal_music_demucs_16k/metaData_fma_large/row66658.csv
SKIPPING: metaTables/vocal_music_demucs_16k/metaData_fma_large/row66659.csv
SKIPPING: metaTables/vocal_music_demucs_16k/metaData_fma_large/row66660.csv
SKIPPING: metaTables/vocal_music_demucs_16k/metaData_fma_large/row66661.csv
SKIPPING: metaTables/vocal_music_demucs_16k/metaData_fma_large/row66662.csv
SKIPPING: metaTables/vocal_music_demucs_16k/metaData_fma_large/row66663.csv
SKIPPING: metaTables/vocal_music_demucs_16k/metaData_fma_large/row66664.csv
SKIPPING: metaTables/vocal_music_demucs_16k/metaData_fma_large/row66665.csv
SKIPPING: metaTables/vocal_music_demucs_16k/metaData_fma_large/row66666.csv
SKIPPING: metaTables/vocal_music_demucs_16k/metaData_fma_large/row66667.csv
SKIPPING: metaTables/vocal_music_demucs_16k/metaData_fma_large/row66668.csv
SKIPPING: metaTables/vocal_music_demucs_16k/metaData_fma_large/row66669.csv
SKIPPING: metaTables/vocal_music_demucs_16k/metaData_fma_large/row66670.csv
SKIPPING: metaTables/vocal_music_demucs_16k/metaData_fma_large/row66671.csv
SKIPPING: metaTables/vocal_music_demucs_16k/metaData_fma_large/row66672.csv
SKIPPING: metaTables/vocal_music_demucs_16k/metaData_fma_large/row66673.csv
SKIPPING: metaTables/vocal_music_demucs_16k/metaData_fma_large/row66674.csv
SKIPPING: metaTables/vocal_music_demucs_16k/metaData_fma_large/row66675.csv
SKIPPING: metaTables/vocal_music_demucs_16k/metaData_fma_large/row66676.csv
SKIPPING: metaTables/vocal_music_demucs_16k/metaData_fma_large/row66677.csv
SKIPPING: metaTables/vocal_music_demucs_16k/metaData_fma_large/row66678.csv
SKIPPING: metaTables/vocal_music_demucs_16k/metaData_fma_large/row66679.csv
SKIPPING: metaTables/vocal_music_demucs_16k/metaData_fma_large/row66680.csv
SKIPPING: metaTables/vocal_music_demucs_16k/metaData_fma_large/row66681.csv
SKIPPING: metaTables/vocal_music_demucs_16k/metaData_fma_large/row66682.csv
SKIPPING: metaTables/vocal_music_demucs_16k/metaData_fma_large/row66683.csv
SKIPPING: metaTables/vocal_music_demucs_16k/metaData_fma_large/row66684.csv
SKIPPING: metaTables/vocal_music_demucs_16k/metaData_fma_large/row66685.csv
SKIPPING: metaTables/vocal_music_demucs_16k/metaData_fma_large/row66686.csv
SKIPPING: metaTables/vocal_music_demucs_16k/metaData_fma_large/row66687.csv
SKIPPING: metaTables/vocal_music_demucs_16k/metaData_fma_large/row66688.csv
SKIPPING: metaTables/vocal_music_demucs_16k/metaData_fma_large/row66689.csv
SKIPPING: metaTables/vocal_music_demucs_16k/metaData_fma_large/row66690.csv
SKIPPING: metaTables/vocal_music_demucs_16k/metaData_fma_large/row66691.csv
SKIPPING: metaTables/vocal_music_demucs_16k/metaData_fma_large/row66692.csv
SKIPPING: metaTables/vocal_music_demucs_16k/metaData_fma_large/row66693.csv
SKIPPING: metaTables/vocal_music_demucs_16k/metaData_fma_large/row66694.csv
SKIPPING: metaTables/vocal_music_demucs_16k/metaData_fma_large/row66695.csv
SKIPPING: metaTables/vocal_music_demucs_16k/metaData_fma_large/row66696.csv
SKIPPING: metaTables/vocal_music_demucs_16k/metaData_fma_large/row66697.csv
SKIPPING: metaTables/vocal_music_demucs_16k/metaData_fma_large/row66698.csv
SKIPPING: metaTables/vocal_music_demucs_16k/metaData_fma_large/row66699.csv
Demucs voice recognition done!
