/ext3/demucs/lib/python3.9/site-packages/demucs/api.py:27: UserWarning: TorchAudio's global backend is now deprecated. Please enable distpatcher by setting `TORCHAUDIO_USE_BACKEND_DISPATCHER=1`, and specify backend when calling load/info/save function.
  import torchaudio as ta
2024-05-09 09:20:47.751447: I tensorflow/core/util/port.cc:113] oneDNN custom operations are on. You may see slightly different numerical results due to floating-point round-off errors from different computation orders. To turn them off, set the environment variable `TF_ENABLE_ONEDNN_OPTS=0`.
2024-05-09 09:20:51.056060: E external/local_xla/xla/stream_executor/cuda/cuda_dnn.cc:9261] Unable to register cuDNN factory: Attempting to register factory for plugin cuDNN when one has already been registered
2024-05-09 09:20:51.056108: E external/local_xla/xla/stream_executor/cuda/cuda_fft.cc:607] Unable to register cuFFT factory: Attempting to register factory for plugin cuFFT when one has already been registered
2024-05-09 09:20:51.366432: E external/local_xla/xla/stream_executor/cuda/cuda_blas.cc:1515] Unable to register cuBLAS factory: Attempting to register factory for plugin cuBLAS when one has already been registered
2024-05-09 09:20:51.620739: I tensorflow/core/platform/cpu_feature_guard.cc:182] This TensorFlow binary is optimized to use available CPU instructions in performance-critical operations.
To enable the following instructions: AVX2 AVX512F AVX512_VNNI FMA, in other operations, rebuild TensorFlow with the appropriate compiler flags.
2024-05-09 09:20:54.332131: W tensorflow/compiler/tf2tensorrt/utils/py_utils.cc:38] TF-TRT Warning: Could not find TensorRT
SKIPPING: metaTables/vocal_music_demucs_16k/metaData_fma_large/row16100.csv
SKIPPING: metaTables/vocal_music_demucs_16k/metaData_fma_large/row16101.csv
SKIPPING: metaTables/vocal_music_demucs_16k/metaData_fma_large/row16102.csv
SKIPPING: metaTables/vocal_music_demucs_16k/metaData_fma_large/row16103.csv
SKIPPING: metaTables/vocal_music_demucs_16k/metaData_fma_large/row16104.csv
SKIPPING: metaTables/vocal_music_demucs_16k/metaData_fma_large/row16105.csv
SKIPPING: metaTables/vocal_music_demucs_16k/metaData_fma_large/row16106.csv
SKIPPING: metaTables/vocal_music_demucs_16k/metaData_fma_large/row16107.csv
SKIPPING: metaTables/vocal_music_demucs_16k/metaData_fma_large/row16108.csv
SKIPPING: metaTables/vocal_music_demucs_16k/metaData_fma_large/row16109.csv
SKIPPING: metaTables/vocal_music_demucs_16k/metaData_fma_large/row16110.csv
SKIPPING: metaTables/vocal_music_demucs_16k/metaData_fma_large/row16111.csv
SKIPPING: metaTables/vocal_music_demucs_16k/metaData_fma_large/row16112.csv
SKIPPING: metaTables/vocal_music_demucs_16k/metaData_fma_large/row16113.csv
SKIPPING: metaTables/vocal_music_demucs_16k/metaData_fma_large/row16114.csv
SKIPPING: metaTables/vocal_music_demucs_16k/metaData_fma_large/row16115.csv
SKIPPING: metaTables/vocal_music_demucs_16k/metaData_fma_large/row16116.csv
SKIPPING: metaTables/vocal_music_demucs_16k/metaData_fma_large/row16117.csv
SKIPPING: metaTables/vocal_music_demucs_16k/metaData_fma_large/row16118.csv
SKIPPING: metaTables/vocal_music_demucs_16k/metaData_fma_large/row16119.csv
SKIPPING: metaTables/vocal_music_demucs_16k/metaData_fma_large/row16120.csv
SKIPPING: metaTables/vocal_music_demucs_16k/metaData_fma_large/row16121.csv
SKIPPING: metaTables/vocal_music_demucs_16k/metaData_fma_large/row16122.csv
SKIPPING: metaTables/vocal_music_demucs_16k/metaData_fma_large/row16123.csv
SKIPPING: metaTables/vocal_music_demucs_16k/metaData_fma_large/row16124.csv
SKIPPING: metaTables/vocal_music_demucs_16k/metaData_fma_large/row16125.csv
SKIPPING: metaTables/vocal_music_demucs_16k/metaData_fma_large/row16126.csv
SKIPPING: metaTables/vocal_music_demucs_16k/metaData_fma_large/row16127.csv
SKIPPING: metaTables/vocal_music_demucs_16k/metaData_fma_large/row16128.csv
SKIPPING: metaTables/vocal_music_demucs_16k/metaData_fma_large/row16129.csv
SKIPPING: metaTables/vocal_music_demucs_16k/metaData_fma_large/row16130.csv
SKIPPING: metaTables/vocal_music_demucs_16k/metaData_fma_large/row16131.csv
SKIPPING: metaTables/vocal_music_demucs_16k/metaData_fma_large/row16132.csv
SKIPPING: metaTables/vocal_music_demucs_16k/metaData_fma_large/row16133.csv
SKIPPING: metaTables/vocal_music_demucs_16k/metaData_fma_large/row16134.csv
SKIPPING: metaTables/vocal_music_demucs_16k/metaData_fma_large/row16135.csv
SKIPPING: metaTables/vocal_music_demucs_16k/metaData_fma_large/row16136.csv
SKIPPING: metaTables/vocal_music_demucs_16k/metaData_fma_large/row16137.csv
SKIPPING: metaTables/vocal_music_demucs_16k/metaData_fma_large/row16138.csv
SKIPPING: metaTables/vocal_music_demucs_16k/metaData_fma_large/row16139.csv
SKIPPING: metaTables/vocal_music_demucs_16k/metaData_fma_large/row16140.csv
SKIPPING: metaTables/vocal_music_demucs_16k/metaData_fma_large/row16141.csv
SKIPPING: metaTables/vocal_music_demucs_16k/metaData_fma_large/row16142.csv
SKIPPING: metaTables/vocal_music_demucs_16k/metaData_fma_large/row16143.csv
SKIPPING: metaTables/vocal_music_demucs_16k/metaData_fma_large/row16144.csv
SKIPPING: metaTables/vocal_music_demucs_16k/metaData_fma_large/row16145.csv
SKIPPING: metaTables/vocal_music_demucs_16k/metaData_fma_large/row16146.csv
SKIPPING: metaTables/vocal_music_demucs_16k/metaData_fma_large/row16147.csv
SKIPPING: metaTables/vocal_music_demucs_16k/metaData_fma_large/row16148.csv
SKIPPING: metaTables/vocal_music_demucs_16k/metaData_fma_large/row16149.csv
SKIPPING: metaTables/vocal_music_demucs_16k/metaData_fma_large/row16150.csv
SKIPPING: metaTables/vocal_music_demucs_16k/metaData_fma_large/row16151.csv
SKIPPING: metaTables/vocal_music_demucs_16k/metaData_fma_large/row16152.csv
SKIPPING: metaTables/vocal_music_demucs_16k/metaData_fma_large/row16153.csv
SKIPPING: metaTables/vocal_music_demucs_16k/metaData_fma_large/row16154.csv
SKIPPING: metaTables/vocal_music_demucs_16k/metaData_fma_large/row16155.csv
SKIPPING: metaTables/vocal_music_demucs_16k/metaData_fma_large/row16156.csv
SKIPPING: metaTables/vocal_music_demucs_16k/metaData_fma_large/row16157.csv
SKIPPING: metaTables/vocal_music_demucs_16k/metaData_fma_large/row16158.csv
SKIPPING: metaTables/vocal_music_demucs_16k/metaData_fma_large/row16159.csv
SKIPPING: metaTables/vocal_music_demucs_16k/metaData_fma_large/row16160.csv
SKIPPING: metaTables/vocal_music_demucs_16k/metaData_fma_large/row16161.csv
SKIPPING: metaTables/vocal_music_demucs_16k/metaData_fma_large/row16162.csv
SKIPPING: metaTables/vocal_music_demucs_16k/metaData_fma_large/row16163.csv
SKIPPING: metaTables/vocal_music_demucs_16k/metaData_fma_large/row16164.csv
SKIPPING: metaTables/vocal_music_demucs_16k/metaData_fma_large/row16165.csv
SKIPPING: metaTables/vocal_music_demucs_16k/metaData_fma_large/row16166.csv
SKIPPING: metaTables/vocal_music_demucs_16k/metaData_fma_large/row16167.csv
SKIPPING: metaTables/vocal_music_demucs_16k/metaData_fma_large/row16168.csv
SKIPPING: metaTables/vocal_music_demucs_16k/metaData_fma_large/row16169.csv
SKIPPING: metaTables/vocal_music_demucs_16k/metaData_fma_large/row16170.csv
SKIPPING: metaTables/vocal_music_demucs_16k/metaData_fma_large/row16171.csv
SKIPPING: metaTables/vocal_music_demucs_16k/metaData_fma_large/row16172.csv
SKIPPING: metaTables/vocal_music_demucs_16k/metaData_fma_large/row16173.csv
SKIPPING: metaTables/vocal_music_demucs_16k/metaData_fma_large/row16174.csv
SKIPPING: metaTables/vocal_music_demucs_16k/metaData_fma_large/row16175.csv
SKIPPING: metaTables/vocal_music_demucs_16k/metaData_fma_large/row16176.csv
SKIPPING: metaTables/vocal_music_demucs_16k/metaData_fma_large/row16177.csv
SKIPPING: metaTables/vocal_music_demucs_16k/metaData_fma_large/row16178.csv
SKIPPING: metaTables/vocal_music_demucs_16k/metaData_fma_large/row16179.csv
SKIPPING: metaTables/vocal_music_demucs_16k/metaData_fma_large/row16180.csv
SKIPPING: metaTables/vocal_music_demucs_16k/metaData_fma_large/row16181.csv
SKIPPING: metaTables/vocal_music_demucs_16k/metaData_fma_large/row16182.csv
SKIPPING: metaTables/vocal_music_demucs_16k/metaData_fma_large/row16183.csv
SKIPPING: metaTables/vocal_music_demucs_16k/metaData_fma_large/row16184.csv
SKIPPING: metaTables/vocal_music_demucs_16k/metaData_fma_large/row16185.csv
SKIPPING: metaTables/vocal_music_demucs_16k/metaData_fma_large/row16186.csv
SKIPPING: metaTables/vocal_music_demucs_16k/metaData_fma_large/row16187.csv
SKIPPING: metaTables/vocal_music_demucs_16k/metaData_fma_large/row16188.csv
SKIPPING: metaTables/vocal_music_demucs_16k/metaData_fma_large/row16189.csv
SKIPPING: metaTables/vocal_music_demucs_16k/metaData_fma_large/row16190.csv
SKIPPING: metaTables/vocal_music_demucs_16k/metaData_fma_large/row16191.csv
SKIPPING: metaTables/vocal_music_demucs_16k/metaData_fma_large/row16192.csv
SKIPPING: metaTables/vocal_music_demucs_16k/metaData_fma_large/row16193.csv
SKIPPING: metaTables/vocal_music_demucs_16k/metaData_fma_large/row16194.csv
SKIPPING: metaTables/vocal_music_demucs_16k/metaData_fma_large/row16195.csv
SKIPPING: metaTables/vocal_music_demucs_16k/metaData_fma_large/row16196.csv
SKIPPING: metaTables/vocal_music_demucs_16k/metaData_fma_large/row16197.csv
SKIPPING: metaTables/vocal_music_demucs_16k/metaData_fma_large/row16198.csv
SKIPPING: metaTables/vocal_music_demucs_16k/metaData_fma_large/row16199.csv
Demucs voice recognition done!
