/ext3/demucs/lib/python3.9/site-packages/demucs/api.py:27: UserWarning: TorchAudio's global backend is now deprecated. Please enable distpatcher by setting `TORCHAUDIO_USE_BACKEND_DISPATCHER=1`, and specify backend when calling load/info/save function.
  import torchaudio as ta
2024-05-10 11:34:25.433482: I tensorflow/core/util/port.cc:113] oneDNN custom operations are on. You may see slightly different numerical results due to floating-point round-off errors from different computation orders. To turn them off, set the environment variable `TF_ENABLE_ONEDNN_OPTS=0`.
2024-05-10 11:34:26.643699: E external/local_xla/xla/stream_executor/cuda/cuda_dnn.cc:9261] Unable to register cuDNN factory: Attempting to register factory for plugin cuDNN when one has already been registered
2024-05-10 11:34:26.643740: E external/local_xla/xla/stream_executor/cuda/cuda_fft.cc:607] Unable to register cuFFT factory: Attempting to register factory for plugin cuFFT when one has already been registered
2024-05-10 11:34:26.760420: E external/local_xla/xla/stream_executor/cuda/cuda_blas.cc:1515] Unable to register cuBLAS factory: Attempting to register factory for plugin cuBLAS when one has already been registered
2024-05-10 11:34:26.920578: I tensorflow/core/platform/cpu_feature_guard.cc:182] This TensorFlow binary is optimized to use available CPU instructions in performance-critical operations.
To enable the following instructions: AVX2 AVX512F AVX512_VNNI FMA, in other operations, rebuild TensorFlow with the appropriate compiler flags.
2024-05-10 11:34:28.563296: W tensorflow/compiler/tf2tensorrt/utils/py_utils.cc:38] TF-TRT Warning: Could not find TensorRT
Execution time: 32.20119094848633 seconds
metaTables/vocal_music_demucs_16k/metaData_fma_large/row70200.csv
Execution time: 28.651336431503296 seconds
metaTables/vocal_music_demucs_16k/metaData_fma_large/row70201.csv
Execution time: 27.553995370864868 seconds
metaTables/vocal_music_demucs_16k/metaData_fma_large/row70202.csv
Execution time: 27.13541269302368 seconds
metaTables/vocal_music_demucs_16k/metaData_fma_large/row70203.csv
Execution time: 28.047098636627197 seconds
metaTables/vocal_music_demucs_16k/metaData_fma_large/row70204.csv
Execution time: 28.146786212921143 seconds
metaTables/vocal_music_demucs_16k/metaData_fma_large/row70205.csv
Execution time: 27.3726909160614 seconds
metaTables/vocal_music_demucs_16k/metaData_fma_large/row70206.csv
Execution time: 28.106364727020264 seconds
metaTables/vocal_music_demucs_16k/metaData_fma_large/row70207.csv
Execution time: 28.668708324432373 seconds
metaTables/vocal_music_demucs_16k/metaData_fma_large/row70208.csv
Execution time: 28.702218055725098 seconds
metaTables/vocal_music_demucs_16k/metaData_fma_large/row70209.csv
Execution time: 27.50108242034912 seconds
metaTables/vocal_music_demucs_16k/metaData_fma_large/row70210.csv
Execution time: 27.677470207214355 seconds
metaTables/vocal_music_demucs_16k/metaData_fma_large/row70211.csv
Execution time: 29.53853726387024 seconds
metaTables/vocal_music_demucs_16k/metaData_fma_large/row70212.csv
Execution time: 28.309576988220215 seconds
metaTables/vocal_music_demucs_16k/metaData_fma_large/row70213.csv
Execution time: 29.254627466201782 seconds
metaTables/vocal_music_demucs_16k/metaData_fma_large/row70214.csv
Execution time: 29.77033257484436 seconds
metaTables/vocal_music_demucs_16k/metaData_fma_large/row70215.csv
Execution time: 28.26759147644043 seconds
metaTables/vocal_music_demucs_16k/metaData_fma_large/row70216.csv
Execution time: 27.76411461830139 seconds
metaTables/vocal_music_demucs_16k/metaData_fma_large/row70217.csv
Execution time: 28.845348119735718 seconds
metaTables/vocal_music_demucs_16k/metaData_fma_large/row70218.csv
Execution time: 29.14135718345642 seconds
metaTables/vocal_music_demucs_16k/metaData_fma_large/row70219.csv
Execution time: 29.38402819633484 seconds
metaTables/vocal_music_demucs_16k/metaData_fma_large/row70220.csv
Execution time: 28.04720640182495 seconds
metaTables/vocal_music_demucs_16k/metaData_fma_large/row70221.csv
Execution time: 28.494490146636963 seconds
metaTables/vocal_music_demucs_16k/metaData_fma_large/row70222.csv
Execution time: 28.139057636260986 seconds
metaTables/vocal_music_demucs_16k/metaData_fma_large/row70223.csv
Execution time: 28.13823103904724 seconds
metaTables/vocal_music_demucs_16k/metaData_fma_large/row70224.csv
Execution time: 28.276455402374268 seconds
metaTables/vocal_music_demucs_16k/metaData_fma_large/row70225.csv
Execution time: 27.599971532821655 seconds
metaTables/vocal_music_demucs_16k/metaData_fma_large/row70226.csv
Execution time: 28.14705514907837 seconds
metaTables/vocal_music_demucs_16k/metaData_fma_large/row70227.csv
Execution time: 27.87944197654724 seconds
metaTables/vocal_music_demucs_16k/metaData_fma_large/row70228.csv
Execution time: 29.735985040664673 seconds
metaTables/vocal_music_demucs_16k/metaData_fma_large/row70229.csv
Execution time: 28.941650867462158 seconds
metaTables/vocal_music_demucs_16k/metaData_fma_large/row70230.csv
Execution time: 27.187756299972534 seconds
metaTables/vocal_music_demucs_16k/metaData_fma_large/row70231.csv
Execution time: 27.546813488006592 seconds
metaTables/vocal_music_demucs_16k/metaData_fma_large/row70232.csv
Execution time: 28.327552795410156 seconds
metaTables/vocal_music_demucs_16k/metaData_fma_large/row70233.csv
Execution time: 28.747577905654907 seconds
metaTables/vocal_music_demucs_16k/metaData_fma_large/row70234.csv
Execution time: 27.53939938545227 seconds
metaTables/vocal_music_demucs_16k/metaData_fma_large/row70235.csv
Execution time: 29.58390998840332 seconds
metaTables/vocal_music_demucs_16k/metaData_fma_large/row70236.csv
Execution time: 26.641425132751465 seconds
metaTables/vocal_music_demucs_16k/metaData_fma_large/row70237.csv
Execution time: 28.427329540252686 seconds
metaTables/vocal_music_demucs_16k/metaData_fma_large/row70238.csv
Execution time: 27.748775959014893 seconds
metaTables/vocal_music_demucs_16k/metaData_fma_large/row70239.csv
Execution time: 28.349138259887695 seconds
metaTables/vocal_music_demucs_16k/metaData_fma_large/row70240.csv
Execution time: 27.83009672164917 seconds
metaTables/vocal_music_demucs_16k/metaData_fma_large/row70241.csv
Execution time: 27.650797128677368 seconds
metaTables/vocal_music_demucs_16k/metaData_fma_large/row70242.csv
Execution time: 27.662144660949707 seconds
metaTables/vocal_music_demucs_16k/metaData_fma_large/row70243.csv
Execution time: 28.8395254611969 seconds
metaTables/vocal_music_demucs_16k/metaData_fma_large/row70244.csv
Execution time: 27.736233711242676 seconds
metaTables/vocal_music_demucs_16k/metaData_fma_large/row70245.csv
Execution time: 28.612793684005737 seconds
metaTables/vocal_music_demucs_16k/metaData_fma_large/row70246.csv
Execution time: 28.42436647415161 seconds
metaTables/vocal_music_demucs_16k/metaData_fma_large/row70247.csv
Execution time: 29.118189334869385 seconds
metaTables/vocal_music_demucs_16k/metaData_fma_large/row70248.csv
Execution time: 28.726714372634888 seconds
metaTables/vocal_music_demucs_16k/metaData_fma_large/row70249.csv
Execution time: 27.5599308013916 seconds
metaTables/vocal_music_demucs_16k/metaData_fma_large/row70250.csv
Execution time: 28.516457080841064 seconds
metaTables/vocal_music_demucs_16k/metaData_fma_large/row70251.csv
Execution time: 27.922659397125244 seconds
metaTables/vocal_music_demucs_16k/metaData_fma_large/row70252.csv
Execution time: 29.27966284751892 seconds
metaTables/vocal_music_demucs_16k/metaData_fma_large/row70253.csv
Execution time: 28.16213846206665 seconds
metaTables/vocal_music_demucs_16k/metaData_fma_large/row70254.csv
Execution time: 28.226739168167114 seconds
metaTables/vocal_music_demucs_16k/metaData_fma_large/row70255.csv
Execution time: 28.627336263656616 seconds
metaTables/vocal_music_demucs_16k/metaData_fma_large/row70256.csv
Execution time: 28.22098159790039 seconds
metaTables/vocal_music_demucs_16k/metaData_fma_large/row70257.csv
Execution time: 27.880993843078613 seconds
metaTables/vocal_music_demucs_16k/metaData_fma_large/row70258.csv
Execution time: 27.4263653755188 seconds
metaTables/vocal_music_demucs_16k/metaData_fma_large/row70259.csv
Execution time: 29.623754739761353 seconds
metaTables/vocal_music_demucs_16k/metaData_fma_large/row70260.csv
Execution time: 30.624876737594604 seconds
metaTables/vocal_music_demucs_16k/metaData_fma_large/row70261.csv
Execution time: 28.52903652191162 seconds
metaTables/vocal_music_demucs_16k/metaData_fma_large/row70262.csv
Execution time: 27.84874415397644 seconds
metaTables/vocal_music_demucs_16k/metaData_fma_large/row70263.csv
Execution time: 28.958199977874756 seconds
metaTables/vocal_music_demucs_16k/metaData_fma_large/row70264.csv
Execution time: 28.29374599456787 seconds
metaTables/vocal_music_demucs_16k/metaData_fma_large/row70265.csv
Execution time: 28.312369346618652 seconds
metaTables/vocal_music_demucs_16k/metaData_fma_large/row70266.csv
Execution time: 29.660345554351807 seconds
metaTables/vocal_music_demucs_16k/metaData_fma_large/row70267.csv
Execution time: 29.912349700927734 seconds
metaTables/vocal_music_demucs_16k/metaData_fma_large/row70268.csv
Execution time: 27.847116231918335 seconds
metaTables/vocal_music_demucs_16k/metaData_fma_large/row70269.csv
Execution time: 27.80287790298462 seconds
metaTables/vocal_music_demucs_16k/metaData_fma_large/row70270.csv
Execution time: 28.842981815338135 seconds
metaTables/vocal_music_demucs_16k/metaData_fma_large/row70271.csv
Execution time: 28.390796899795532 seconds
metaTables/vocal_music_demucs_16k/metaData_fma_large/row70272.csv
Execution time: 27.859067678451538 seconds
metaTables/vocal_music_demucs_16k/metaData_fma_large/row70273.csv
Execution time: 27.136531591415405 seconds
metaTables/vocal_music_demucs_16k/metaData_fma_large/row70274.csv
Execution time: 29.16909694671631 seconds
metaTables/vocal_music_demucs_16k/metaData_fma_large/row70275.csv
Execution time: 29.08893370628357 seconds
metaTables/vocal_music_demucs_16k/metaData_fma_large/row70276.csv
Execution time: 26.84684133529663 seconds
metaTables/vocal_music_demucs_16k/metaData_fma_large/row70277.csv
Execution time: 28.48056697845459 seconds
metaTables/vocal_music_demucs_16k/metaData_fma_large/row70278.csv
Execution time: 28.839452743530273 seconds
metaTables/vocal_music_demucs_16k/metaData_fma_large/row70279.csv
Execution time: 28.51120948791504 seconds
metaTables/vocal_music_demucs_16k/metaData_fma_large/row70280.csv
Execution time: 27.97847867012024 seconds
metaTables/vocal_music_demucs_16k/metaData_fma_large/row70281.csv
Execution time: 28.435665607452393 seconds
metaTables/vocal_music_demucs_16k/metaData_fma_large/row70282.csv
Execution time: 28.888667106628418 seconds
metaTables/vocal_music_demucs_16k/metaData_fma_large/row70283.csv
Execution time: 26.954164743423462 seconds
metaTables/vocal_music_demucs_16k/metaData_fma_large/row70284.csv
Execution time: 28.690984964370728 seconds
metaTables/vocal_music_demucs_16k/metaData_fma_large/row70285.csv
Execution time: 27.115659952163696 seconds
metaTables/vocal_music_demucs_16k/metaData_fma_large/row70286.csv
Execution time: 29.412397861480713 seconds
metaTables/vocal_music_demucs_16k/metaData_fma_large/row70287.csv
Execution time: 28.035504817962646 seconds
metaTables/vocal_music_demucs_16k/metaData_fma_large/row70288.csv
Execution time: 26.584763765335083 seconds
metaTables/vocal_music_demucs_16k/metaData_fma_large/row70289.csv
Execution time: 28.773266077041626 seconds
metaTables/vocal_music_demucs_16k/metaData_fma_large/row70290.csv
Execution time: 28.072991609573364 seconds
metaTables/vocal_music_demucs_16k/metaData_fma_large/row70291.csv
Execution time: 29.148934602737427 seconds
metaTables/vocal_music_demucs_16k/metaData_fma_large/row70292.csv
Execution time: 28.533442974090576 seconds
metaTables/vocal_music_demucs_16k/metaData_fma_large/row70293.csv
Execution time: 28.671114206314087 seconds
metaTables/vocal_music_demucs_16k/metaData_fma_large/row70294.csv
Execution time: 27.14637279510498 seconds
metaTables/vocal_music_demucs_16k/metaData_fma_large/row70295.csv
Execution time: 28.034612894058228 seconds
metaTables/vocal_music_demucs_16k/metaData_fma_large/row70296.csv
Execution time: 29.30364966392517 seconds
metaTables/vocal_music_demucs_16k/metaData_fma_large/row70297.csv
Execution time: 28.170881271362305 seconds
metaTables/vocal_music_demucs_16k/metaData_fma_large/row70298.csv
Execution time: 28.55166220664978 seconds
metaTables/vocal_music_demucs_16k/metaData_fma_large/row70299.csv
Demucs voice recognition done!
