/ext3/demucs/lib/python3.9/site-packages/demucs/api.py:27: UserWarning: TorchAudio's global backend is now deprecated. Please enable distpatcher by setting `TORCHAUDIO_USE_BACKEND_DISPATCHER=1`, and specify backend when calling load/info/save function.
  import torchaudio as ta
2024-05-08 23:36:03.859483: I tensorflow/core/util/port.cc:113] oneDNN custom operations are on. You may see slightly different numerical results due to floating-point round-off errors from different computation orders. To turn them off, set the environment variable `TF_ENABLE_ONEDNN_OPTS=0`.
2024-05-08 23:36:08.298711: E external/local_xla/xla/stream_executor/cuda/cuda_dnn.cc:9261] Unable to register cuDNN factory: Attempting to register factory for plugin cuDNN when one has already been registered
2024-05-08 23:36:08.298753: E external/local_xla/xla/stream_executor/cuda/cuda_fft.cc:607] Unable to register cuFFT factory: Attempting to register factory for plugin cuFFT when one has already been registered
2024-05-08 23:36:08.663372: E external/local_xla/xla/stream_executor/cuda/cuda_blas.cc:1515] Unable to register cuBLAS factory: Attempting to register factory for plugin cuBLAS when one has already been registered
2024-05-08 23:36:09.102610: I tensorflow/core/platform/cpu_feature_guard.cc:182] This TensorFlow binary is optimized to use available CPU instructions in performance-critical operations.
To enable the following instructions: AVX2 AVX512F AVX512_VNNI FMA, in other operations, rebuild TensorFlow with the appropriate compiler flags.
2024-05-08 23:36:12.499686: W tensorflow/compiler/tf2tensorrt/utils/py_utils.cc:38] TF-TRT Warning: Could not find TensorRT
Execution time: 35.6079204082489 seconds
metaTables/vocal_music_demucs_16k/metaData_fma_large/row4600.csv
Execution time: 29.245844841003418 seconds
metaTables/vocal_music_demucs_16k/metaData_fma_large/row4601.csv
Execution time: 27.36103391647339 seconds
metaTables/vocal_music_demucs_16k/metaData_fma_large/row4602.csv
Execution time: 26.499723434448242 seconds
metaTables/vocal_music_demucs_16k/metaData_fma_large/row4603.csv
Execution time: 26.01588249206543 seconds
metaTables/vocal_music_demucs_16k/metaData_fma_large/row4604.csv
Execution time: 25.855574369430542 seconds
metaTables/vocal_music_demucs_16k/metaData_fma_large/row4605.csv
Execution time: 25.425523281097412 seconds
metaTables/vocal_music_demucs_16k/metaData_fma_large/row4606.csv
Execution time: 26.042867183685303 seconds
metaTables/vocal_music_demucs_16k/metaData_fma_large/row4607.csv
Execution time: 25.492130279541016 seconds
metaTables/vocal_music_demucs_16k/metaData_fma_large/row4608.csv
Execution time: 26.06721830368042 seconds
metaTables/vocal_music_demucs_16k/metaData_fma_large/row4609.csv
Execution time: 25.70953369140625 seconds
metaTables/vocal_music_demucs_16k/metaData_fma_large/row4610.csv
Execution time: 24.942323923110962 seconds
metaTables/vocal_music_demucs_16k/metaData_fma_large/row4611.csv
Execution time: 25.398003578186035 seconds
metaTables/vocal_music_demucs_16k/metaData_fma_large/row4612.csv
Execution time: 24.405946493148804 seconds
metaTables/vocal_music_demucs_16k/metaData_fma_large/row4613.csv
Execution time: 25.638025999069214 seconds
metaTables/vocal_music_demucs_16k/metaData_fma_large/row4614.csv
Execution time: 24.94040822982788 seconds
metaTables/vocal_music_demucs_16k/metaData_fma_large/row4615.csv
Execution time: 27.504382133483887 seconds
metaTables/vocal_music_demucs_16k/metaData_fma_large/row4616.csv
Execution time: 24.73735523223877 seconds
metaTables/vocal_music_demucs_16k/metaData_fma_large/row4617.csv
Execution time: 24.833744764328003 seconds
metaTables/vocal_music_demucs_16k/metaData_fma_large/row4618.csv
Execution time: 25.48066520690918 seconds
metaTables/vocal_music_demucs_16k/metaData_fma_large/row4619.csv
Execution time: 25.19363021850586 seconds
metaTables/vocal_music_demucs_16k/metaData_fma_large/row4620.csv
Execution time: 26.798033475875854 seconds
metaTables/vocal_music_demucs_16k/metaData_fma_large/row4621.csv
Execution time: 25.081311225891113 seconds
metaTables/vocal_music_demucs_16k/metaData_fma_large/row4622.csv
Execution time: 24.98746347427368 seconds
metaTables/vocal_music_demucs_16k/metaData_fma_large/row4623.csv
Execution time: 25.487228393554688 seconds
metaTables/vocal_music_demucs_16k/metaData_fma_large/row4624.csv
Execution time: 25.048715591430664 seconds
metaTables/vocal_music_demucs_16k/metaData_fma_large/row4625.csv
Execution time: 25.586307287216187 seconds
metaTables/vocal_music_demucs_16k/metaData_fma_large/row4626.csv
Execution time: 24.800697803497314 seconds
metaTables/vocal_music_demucs_16k/metaData_fma_large/row4627.csv
Execution time: 25.143619775772095 seconds
metaTables/vocal_music_demucs_16k/metaData_fma_large/row4628.csv
Execution time: 24.948283672332764 seconds
metaTables/vocal_music_demucs_16k/metaData_fma_large/row4629.csv
Execution time: 26.027671813964844 seconds
metaTables/vocal_music_demucs_16k/metaData_fma_large/row4630.csv
Execution time: 25.05731749534607 seconds
metaTables/vocal_music_demucs_16k/metaData_fma_large/row4631.csv
Execution time: 24.905957460403442 seconds
metaTables/vocal_music_demucs_16k/metaData_fma_large/row4632.csv
Execution time: 24.531832218170166 seconds
metaTables/vocal_music_demucs_16k/metaData_fma_large/row4633.csv
Execution time: 25.721604824066162 seconds
metaTables/vocal_music_demucs_16k/metaData_fma_large/row4634.csv
Execution time: 25.36770749092102 seconds
metaTables/vocal_music_demucs_16k/metaData_fma_large/row4635.csv
Execution time: 24.786742687225342 seconds
metaTables/vocal_music_demucs_16k/metaData_fma_large/row4636.csv
Execution time: 25.01400375366211 seconds
metaTables/vocal_music_demucs_16k/metaData_fma_large/row4637.csv
Execution time: 25.371081352233887 seconds
metaTables/vocal_music_demucs_16k/metaData_fma_large/row4638.csv
Execution time: 24.827967405319214 seconds
metaTables/vocal_music_demucs_16k/metaData_fma_large/row4639.csv
Execution time: 25.260026693344116 seconds
metaTables/vocal_music_demucs_16k/metaData_fma_large/row4640.csv
Execution time: 25.642905235290527 seconds
metaTables/vocal_music_demucs_16k/metaData_fma_large/row4641.csv
Execution time: 25.525369882583618 seconds
metaTables/vocal_music_demucs_16k/metaData_fma_large/row4642.csv
Execution time: 25.40294861793518 seconds
metaTables/vocal_music_demucs_16k/metaData_fma_large/row4643.csv
Execution time: 25.177550077438354 seconds
metaTables/vocal_music_demucs_16k/metaData_fma_large/row4644.csv
Execution time: 25.49961233139038 seconds
metaTables/vocal_music_demucs_16k/metaData_fma_large/row4645.csv
Execution time: 25.28360366821289 seconds
metaTables/vocal_music_demucs_16k/metaData_fma_large/row4646.csv
Execution time: 25.52640390396118 seconds
metaTables/vocal_music_demucs_16k/metaData_fma_large/row4647.csv
Execution time: 25.588297605514526 seconds
metaTables/vocal_music_demucs_16k/metaData_fma_large/row4648.csv
Execution time: 25.021825551986694 seconds
metaTables/vocal_music_demucs_16k/metaData_fma_large/row4649.csv
Execution time: 25.096501111984253 seconds
metaTables/vocal_music_demucs_16k/metaData_fma_large/row4650.csv
Execution time: 26.635059595108032 seconds
metaTables/vocal_music_demucs_16k/metaData_fma_large/row4651.csv
Execution time: 25.321587085723877 seconds
metaTables/vocal_music_demucs_16k/metaData_fma_large/row4652.csv
Execution time: 25.297375917434692 seconds
metaTables/vocal_music_demucs_16k/metaData_fma_large/row4653.csv
Execution time: 21.10317373275757 seconds
metaTables/vocal_music_demucs_16k/metaData_fma_large/row4654.csv
Execution time: 25.765954971313477 seconds
metaTables/vocal_music_demucs_16k/metaData_fma_large/row4655.csv
Execution time: 25.760496854782104 seconds
metaTables/vocal_music_demucs_16k/metaData_fma_large/row4656.csv
Execution time: 25.41693925857544 seconds
metaTables/vocal_music_demucs_16k/metaData_fma_large/row4657.csv
Execution time: 25.514458179473877 seconds
metaTables/vocal_music_demucs_16k/metaData_fma_large/row4658.csv
Execution time: 25.317079305648804 seconds
metaTables/vocal_music_demucs_16k/metaData_fma_large/row4659.csv
Execution time: 25.054880619049072 seconds
metaTables/vocal_music_demucs_16k/metaData_fma_large/row4660.csv
Execution time: 24.85749912261963 seconds
metaTables/vocal_music_demucs_16k/metaData_fma_large/row4661.csv
Execution time: 25.070462465286255 seconds
metaTables/vocal_music_demucs_16k/metaData_fma_large/row4662.csv
Execution time: 24.9084575176239 seconds
metaTables/vocal_music_demucs_16k/metaData_fma_large/row4663.csv
Execution time: 12.738385677337646 seconds
metaTables/vocal_music_demucs_16k/metaData_fma_large/row4664.csv
Execution time: 25.68212580680847 seconds
metaTables/vocal_music_demucs_16k/metaData_fma_large/row4665.csv
Execution time: 26.172154903411865 seconds
metaTables/vocal_music_demucs_16k/metaData_fma_large/row4666.csv
Execution time: 25.92806625366211 seconds
metaTables/vocal_music_demucs_16k/metaData_fma_large/row4667.csv
Execution time: 25.099283933639526 seconds
metaTables/vocal_music_demucs_16k/metaData_fma_large/row4668.csv
Execution time: 25.0908784866333 seconds
metaTables/vocal_music_demucs_16k/metaData_fma_large/row4669.csv
Execution time: 25.427138328552246 seconds
metaTables/vocal_music_demucs_16k/metaData_fma_large/row4670.csv
Execution time: 25.885170936584473 seconds
metaTables/vocal_music_demucs_16k/metaData_fma_large/row4671.csv
Execution time: 25.351755619049072 seconds
metaTables/vocal_music_demucs_16k/metaData_fma_large/row4672.csv
Execution time: 25.138802766799927 seconds
metaTables/vocal_music_demucs_16k/metaData_fma_large/row4673.csv
Execution time: 25.637452602386475 seconds
metaTables/vocal_music_demucs_16k/metaData_fma_large/row4674.csv
Execution time: 25.47479271888733 seconds
metaTables/vocal_music_demucs_16k/metaData_fma_large/row4675.csv
Execution time: 26.47361731529236 seconds
metaTables/vocal_music_demucs_16k/metaData_fma_large/row4676.csv
Execution time: 25.69459342956543 seconds
metaTables/vocal_music_demucs_16k/metaData_fma_large/row4677.csv
Execution time: 25.827702283859253 seconds
metaTables/vocal_music_demucs_16k/metaData_fma_large/row4678.csv
Execution time: 26.138177156448364 seconds
metaTables/vocal_music_demucs_16k/metaData_fma_large/row4679.csv
Execution time: 25.58546471595764 seconds
metaTables/vocal_music_demucs_16k/metaData_fma_large/row4680.csv
Execution time: 25.05060648918152 seconds
metaTables/vocal_music_demucs_16k/metaData_fma_large/row4681.csv
Execution time: 25.41471242904663 seconds
metaTables/vocal_music_demucs_16k/metaData_fma_large/row4682.csv
Execution time: 25.15508246421814 seconds
metaTables/vocal_music_demucs_16k/metaData_fma_large/row4683.csv
Execution time: 25.56911563873291 seconds
metaTables/vocal_music_demucs_16k/metaData_fma_large/row4684.csv
Execution time: 25.470906972885132 seconds
metaTables/vocal_music_demucs_16k/metaData_fma_large/row4685.csv
Execution time: 25.914822578430176 seconds
metaTables/vocal_music_demucs_16k/metaData_fma_large/row4686.csv
Execution time: 25.262260913848877 seconds
metaTables/vocal_music_demucs_16k/metaData_fma_large/row4687.csv
Execution time: 25.167426109313965 seconds
metaTables/vocal_music_demucs_16k/metaData_fma_large/row4688.csv
Execution time: 26.022977590560913 seconds
metaTables/vocal_music_demucs_16k/metaData_fma_large/row4689.csv
Execution time: 25.424771070480347 seconds
metaTables/vocal_music_demucs_16k/metaData_fma_large/row4690.csv
Execution time: 27.138434886932373 seconds
metaTables/vocal_music_demucs_16k/metaData_fma_large/row4691.csv
Execution time: 26.20095944404602 seconds
metaTables/vocal_music_demucs_16k/metaData_fma_large/row4692.csv
Execution time: 25.886499404907227 seconds
metaTables/vocal_music_demucs_16k/metaData_fma_large/row4693.csv
Execution time: 25.981013536453247 seconds
metaTables/vocal_music_demucs_16k/metaData_fma_large/row4694.csv
Execution time: 25.797646284103394 seconds
metaTables/vocal_music_demucs_16k/metaData_fma_large/row4695.csv
Execution time: 26.248985290527344 seconds
metaTables/vocal_music_demucs_16k/metaData_fma_large/row4696.csv
Execution time: 25.44586181640625 seconds
metaTables/vocal_music_demucs_16k/metaData_fma_large/row4697.csv
Execution time: 25.415447235107422 seconds
metaTables/vocal_music_demucs_16k/metaData_fma_large/row4698.csv
Execution time: 24.96802282333374 seconds
metaTables/vocal_music_demucs_16k/metaData_fma_large/row4699.csv
Demucs voice recognition done!
