/ext3/demucs/lib/python3.9/site-packages/demucs/api.py:27: UserWarning: TorchAudio's global backend is now deprecated. Please enable distpatcher by setting `TORCHAUDIO_USE_BACKEND_DISPATCHER=1`, and specify backend when calling load/info/save function.
  import torchaudio as ta
2024-05-10 11:34:25.441115: I tensorflow/core/util/port.cc:113] oneDNN custom operations are on. You may see slightly different numerical results due to floating-point round-off errors from different computation orders. To turn them off, set the environment variable `TF_ENABLE_ONEDNN_OPTS=0`.
2024-05-10 11:34:26.665045: E external/local_xla/xla/stream_executor/cuda/cuda_dnn.cc:9261] Unable to register cuDNN factory: Attempting to register factory for plugin cuDNN when one has already been registered
2024-05-10 11:34:26.665082: E external/local_xla/xla/stream_executor/cuda/cuda_fft.cc:607] Unable to register cuFFT factory: Attempting to register factory for plugin cuFFT when one has already been registered
2024-05-10 11:34:26.763962: E external/local_xla/xla/stream_executor/cuda/cuda_blas.cc:1515] Unable to register cuBLAS factory: Attempting to register factory for plugin cuBLAS when one has already been registered
2024-05-10 11:34:26.951968: I tensorflow/core/platform/cpu_feature_guard.cc:182] This TensorFlow binary is optimized to use available CPU instructions in performance-critical operations.
To enable the following instructions: AVX2 AVX512F AVX512_VNNI FMA, in other operations, rebuild TensorFlow with the appropriate compiler flags.
2024-05-10 11:34:28.578218: W tensorflow/compiler/tf2tensorrt/utils/py_utils.cc:38] TF-TRT Warning: Could not find TensorRT
Warning: Xing stream size off by more than 1%, fuzzy seeking may be even more fuzzy than by design!
Execution time: 31.890110731124878 seconds
metaTables/vocal_music_demucs_16k/metaData_fma_large/row66900.csv
Execution time: 30.276979684829712 seconds
metaTables/vocal_music_demucs_16k/metaData_fma_large/row66901.csv
Execution time: 28.89696979522705 seconds
metaTables/vocal_music_demucs_16k/metaData_fma_large/row66902.csv
Execution time: 27.67065167427063 seconds
metaTables/vocal_music_demucs_16k/metaData_fma_large/row66903.csv
Execution time: 27.810988426208496 seconds
metaTables/vocal_music_demucs_16k/metaData_fma_large/row66904.csv
Execution time: 28.237109422683716 seconds
metaTables/vocal_music_demucs_16k/metaData_fma_large/row66905.csv
Execution time: 29.130844831466675 seconds
metaTables/vocal_music_demucs_16k/metaData_fma_large/row66906.csv
Execution time: 28.622545957565308 seconds
metaTables/vocal_music_demucs_16k/metaData_fma_large/row66907.csv
Execution time: 27.38302206993103 seconds
metaTables/vocal_music_demucs_16k/metaData_fma_large/row66908.csv
Execution time: 28.62422227859497 seconds
metaTables/vocal_music_demucs_16k/metaData_fma_large/row66909.csv
Execution time: 28.833434104919434 seconds
metaTables/vocal_music_demucs_16k/metaData_fma_large/row66910.csv
Execution time: 14.430458545684814 seconds
metaTables/vocal_music_demucs_16k/metaData_fma_large/row66911.csv
Execution time: 28.691702604293823 seconds
metaTables/vocal_music_demucs_16k/metaData_fma_large/row66912.csv
Execution time: 27.919313430786133 seconds
metaTables/vocal_music_demucs_16k/metaData_fma_large/row66913.csv
Execution time: 27.606310606002808 seconds
metaTables/vocal_music_demucs_16k/metaData_fma_large/row66914.csv
Execution time: 28.16268515586853 seconds
metaTables/vocal_music_demucs_16k/metaData_fma_large/row66915.csv
Execution time: 28.150752067565918 seconds
metaTables/vocal_music_demucs_16k/metaData_fma_large/row66916.csv
Execution time: 28.13370656967163 seconds
metaTables/vocal_music_demucs_16k/metaData_fma_large/row66917.csv
Execution time: 28.7666597366333 seconds
metaTables/vocal_music_demucs_16k/metaData_fma_large/row66918.csv
Execution time: 28.06292986869812 seconds
metaTables/vocal_music_demucs_16k/metaData_fma_large/row66919.csv
Execution time: 28.455555200576782 seconds
metaTables/vocal_music_demucs_16k/metaData_fma_large/row66920.csv
Execution time: 30.208122968673706 seconds
metaTables/vocal_music_demucs_16k/metaData_fma_large/row66921.csv
Execution time: 28.507298707962036 seconds
metaTables/vocal_music_demucs_16k/metaData_fma_large/row66922.csv
Execution time: 29.145145893096924 seconds
metaTables/vocal_music_demucs_16k/metaData_fma_large/row66923.csv
Execution time: 28.058799982070923 seconds
metaTables/vocal_music_demucs_16k/metaData_fma_large/row66924.csv
Execution time: 28.395820140838623 seconds
metaTables/vocal_music_demucs_16k/metaData_fma_large/row66925.csv
Execution time: 9.604508399963379 seconds
metaTables/vocal_music_demucs_16k/metaData_fma_large/row66926.csv
Execution time: 27.30743408203125 seconds
metaTables/vocal_music_demucs_16k/metaData_fma_large/row66927.csv
Execution time: 28.38515591621399 seconds
metaTables/vocal_music_demucs_16k/metaData_fma_large/row66928.csv
Execution time: 28.25288200378418 seconds
metaTables/vocal_music_demucs_16k/metaData_fma_large/row66929.csv
Execution time: 28.435142040252686 seconds
metaTables/vocal_music_demucs_16k/metaData_fma_large/row66930.csv
Execution time: 29.13053250312805 seconds
metaTables/vocal_music_demucs_16k/metaData_fma_large/row66931.csv
Execution time: 10.443885564804077 seconds
metaTables/vocal_music_demucs_16k/metaData_fma_large/row66932.csv
Execution time: 28.553622484207153 seconds
metaTables/vocal_music_demucs_16k/metaData_fma_large/row66933.csv
Execution time: 31.225844144821167 seconds
metaTables/vocal_music_demucs_16k/metaData_fma_large/row66934.csv
Execution time: 28.088162422180176 seconds
metaTables/vocal_music_demucs_16k/metaData_fma_large/row66935.csv
Execution time: 28.88215684890747 seconds
metaTables/vocal_music_demucs_16k/metaData_fma_large/row66936.csv
Execution time: 28.73417091369629 seconds
metaTables/vocal_music_demucs_16k/metaData_fma_large/row66937.csv
Execution time: 28.243937492370605 seconds
metaTables/vocal_music_demucs_16k/metaData_fma_large/row66938.csv
Execution time: 29.21711301803589 seconds
metaTables/vocal_music_demucs_16k/metaData_fma_large/row66939.csv
Execution time: 29.01388716697693 seconds
metaTables/vocal_music_demucs_16k/metaData_fma_large/row66940.csv
Execution time: 28.927078247070312 seconds
metaTables/vocal_music_demucs_16k/metaData_fma_large/row66941.csv
Execution time: 29.00270915031433 seconds
metaTables/vocal_music_demucs_16k/metaData_fma_large/row66942.csv
Execution time: 27.984684944152832 seconds
metaTables/vocal_music_demucs_16k/metaData_fma_large/row66943.csv
Execution time: 29.14509415626526 seconds
metaTables/vocal_music_demucs_16k/metaData_fma_large/row66944.csv
Execution time: 29.87544345855713 seconds
metaTables/vocal_music_demucs_16k/metaData_fma_large/row66945.csv
Execution time: 28.939284086227417 seconds
metaTables/vocal_music_demucs_16k/metaData_fma_large/row66946.csv
Execution time: 28.500356674194336 seconds
metaTables/vocal_music_demucs_16k/metaData_fma_large/row66947.csv
Execution time: 29.51582098007202 seconds
metaTables/vocal_music_demucs_16k/metaData_fma_large/row66948.csv
Execution time: 28.768744707107544 seconds
metaTables/vocal_music_demucs_16k/metaData_fma_large/row66949.csv
Execution time: 27.83049440383911 seconds
metaTables/vocal_music_demucs_16k/metaData_fma_large/row66950.csv
Execution time: 28.659712553024292 seconds
metaTables/vocal_music_demucs_16k/metaData_fma_large/row66951.csv
Execution time: 28.971773386001587 seconds
metaTables/vocal_music_demucs_16k/metaData_fma_large/row66952.csv
Execution time: 28.59774160385132 seconds
metaTables/vocal_music_demucs_16k/metaData_fma_large/row66953.csv
Execution time: 28.080385446548462 seconds
metaTables/vocal_music_demucs_16k/metaData_fma_large/row66954.csv
Execution time: 29.911845445632935 seconds
metaTables/vocal_music_demucs_16k/metaData_fma_large/row66955.csv
Execution time: 28.680018663406372 seconds
metaTables/vocal_music_demucs_16k/metaData_fma_large/row66956.csv
Execution time: 28.733442068099976 seconds
metaTables/vocal_music_demucs_16k/metaData_fma_large/row66957.csv
Execution time: 28.445059299468994 seconds
metaTables/vocal_music_demucs_16k/metaData_fma_large/row66958.csv
Execution time: 28.77890920639038 seconds
metaTables/vocal_music_demucs_16k/metaData_fma_large/row66959.csv
Execution time: 28.72241735458374 seconds
metaTables/vocal_music_demucs_16k/metaData_fma_large/row66960.csv
Execution time: 28.84180212020874 seconds
metaTables/vocal_music_demucs_16k/metaData_fma_large/row66961.csv
Execution time: 31.602672576904297 seconds
metaTables/vocal_music_demucs_16k/metaData_fma_large/row66962.csv
Execution time: 28.982621669769287 seconds
metaTables/vocal_music_demucs_16k/metaData_fma_large/row66963.csv
Execution time: 28.995450735092163 seconds
metaTables/vocal_music_demucs_16k/metaData_fma_large/row66964.csv
Execution time: 27.18115758895874 seconds
metaTables/vocal_music_demucs_16k/metaData_fma_large/row66965.csv
Execution time: 28.046929359436035 seconds
metaTables/vocal_music_demucs_16k/metaData_fma_large/row66966.csv
Execution time: 28.834528923034668 seconds
metaTables/vocal_music_demucs_16k/metaData_fma_large/row66967.csv
Execution time: 28.752686023712158 seconds
metaTables/vocal_music_demucs_16k/metaData_fma_large/row66968.csv
Execution time: 28.54139995574951 seconds
metaTables/vocal_music_demucs_16k/metaData_fma_large/row66969.csv
Execution time: 27.692445039749146 seconds
metaTables/vocal_music_demucs_16k/metaData_fma_large/row66970.csv
Execution time: 28.528842210769653 seconds
metaTables/vocal_music_demucs_16k/metaData_fma_large/row66971.csv
Execution time: 28.43152403831482 seconds
metaTables/vocal_music_demucs_16k/metaData_fma_large/row66972.csv
Execution time: 28.513574361801147 seconds
metaTables/vocal_music_demucs_16k/metaData_fma_large/row66973.csv
Execution time: 29.651456832885742 seconds
metaTables/vocal_music_demucs_16k/metaData_fma_large/row66974.csv
Execution time: 28.161935091018677 seconds
metaTables/vocal_music_demucs_16k/metaData_fma_large/row66975.csv
Execution time: 29.02059268951416 seconds
metaTables/vocal_music_demucs_16k/metaData_fma_large/row66976.csv
Execution time: 28.57058095932007 seconds
metaTables/vocal_music_demucs_16k/metaData_fma_large/row66977.csv
Execution time: 28.755438804626465 seconds
metaTables/vocal_music_demucs_16k/metaData_fma_large/row66978.csv
Execution time: 28.411909341812134 seconds
metaTables/vocal_music_demucs_16k/metaData_fma_large/row66979.csv
Execution time: 28.681814193725586 seconds
metaTables/vocal_music_demucs_16k/metaData_fma_large/row66980.csv
Execution time: 28.261684894561768 seconds
metaTables/vocal_music_demucs_16k/metaData_fma_large/row66981.csv
Execution time: 28.408931255340576 seconds
metaTables/vocal_music_demucs_16k/metaData_fma_large/row66982.csv
Execution time: 28.166019201278687 seconds
metaTables/vocal_music_demucs_16k/metaData_fma_large/row66983.csv
Execution time: 29.139836072921753 seconds
metaTables/vocal_music_demucs_16k/metaData_fma_large/row66984.csv
Execution time: 30.06938362121582 seconds
metaTables/vocal_music_demucs_16k/metaData_fma_large/row66985.csv
Execution time: 28.60064435005188 seconds
metaTables/vocal_music_demucs_16k/metaData_fma_large/row66986.csv
Execution time: 28.074567079544067 seconds
metaTables/vocal_music_demucs_16k/metaData_fma_large/row66987.csv
Execution time: 27.905171394348145 seconds
metaTables/vocal_music_demucs_16k/metaData_fma_large/row66988.csv
Execution time: 28.113150119781494 seconds
metaTables/vocal_music_demucs_16k/metaData_fma_large/row66989.csv
Execution time: 28.499184608459473 seconds
metaTables/vocal_music_demucs_16k/metaData_fma_large/row66990.csv
Execution time: 28.067433834075928 seconds
metaTables/vocal_music_demucs_16k/metaData_fma_large/row66991.csv
Execution time: 28.928914546966553 seconds
metaTables/vocal_music_demucs_16k/metaData_fma_large/row66992.csv
Execution time: 30.235256910324097 seconds
metaTables/vocal_music_demucs_16k/metaData_fma_large/row66993.csv
Execution time: 28.532254695892334 seconds
metaTables/vocal_music_demucs_16k/metaData_fma_large/row66994.csv
Execution time: 28.001304864883423 seconds
metaTables/vocal_music_demucs_16k/metaData_fma_large/row66995.csv
Execution time: 28.38923406600952 seconds
metaTables/vocal_music_demucs_16k/metaData_fma_large/row66996.csv
Execution time: 28.276524305343628 seconds
metaTables/vocal_music_demucs_16k/metaData_fma_large/row66997.csv
Execution time: 28.211854696273804 seconds
metaTables/vocal_music_demucs_16k/metaData_fma_large/row66998.csv
Execution time: 26.17202854156494 seconds
metaTables/vocal_music_demucs_16k/metaData_fma_large/row66999.csv
Demucs voice recognition done!
