/ext3/demucs/lib/python3.9/site-packages/demucs/api.py:27: UserWarning: TorchAudio's global backend is now deprecated. Please enable distpatcher by setting `TORCHAUDIO_USE_BACKEND_DISPATCHER=1`, and specify backend when calling load/info/save function.
  import torchaudio as ta
2024-05-08 23:36:44.072011: I tensorflow/core/util/port.cc:113] oneDNN custom operations are on. You may see slightly different numerical results due to floating-point round-off errors from different computation orders. To turn them off, set the environment variable `TF_ENABLE_ONEDNN_OPTS=0`.
2024-05-08 23:36:47.264585: E external/local_xla/xla/stream_executor/cuda/cuda_dnn.cc:9261] Unable to register cuDNN factory: Attempting to register factory for plugin cuDNN when one has already been registered
2024-05-08 23:36:47.264621: E external/local_xla/xla/stream_executor/cuda/cuda_fft.cc:607] Unable to register cuFFT factory: Attempting to register factory for plugin cuFFT when one has already been registered
2024-05-08 23:36:47.514376: E external/local_xla/xla/stream_executor/cuda/cuda_blas.cc:1515] Unable to register cuBLAS factory: Attempting to register factory for plugin cuBLAS when one has already been registered
2024-05-08 23:36:47.956197: I tensorflow/core/platform/cpu_feature_guard.cc:182] This TensorFlow binary is optimized to use available CPU instructions in performance-critical operations.
To enable the following instructions: AVX2 AVX512F AVX512_VNNI FMA, in other operations, rebuild TensorFlow with the appropriate compiler flags.
2024-05-08 23:36:50.916839: W tensorflow/compiler/tf2tensorrt/utils/py_utils.cc:38] TF-TRT Warning: Could not find TensorRT
Execution time: 27.990308046340942 seconds
metaTables/vocal_music_demucs_16k/metaData_fma_large/row48200.csv
Execution time: 27.017656803131104 seconds
metaTables/vocal_music_demucs_16k/metaData_fma_large/row48201.csv
Execution time: 27.196958541870117 seconds
metaTables/vocal_music_demucs_16k/metaData_fma_large/row48202.csv
Execution time: 26.88003969192505 seconds
metaTables/vocal_music_demucs_16k/metaData_fma_large/row48203.csv
Execution time: 26.47397494316101 seconds
metaTables/vocal_music_demucs_16k/metaData_fma_large/row48204.csv
Execution time: 26.727126836776733 seconds
metaTables/vocal_music_demucs_16k/metaData_fma_large/row48205.csv
Execution time: 24.327473640441895 seconds
metaTables/vocal_music_demucs_16k/metaData_fma_large/row48206.csv
Execution time: 26.69422674179077 seconds
metaTables/vocal_music_demucs_16k/metaData_fma_large/row48207.csv
Execution time: 26.455506324768066 seconds
metaTables/vocal_music_demucs_16k/metaData_fma_large/row48208.csv
Execution time: 26.303317546844482 seconds
metaTables/vocal_music_demucs_16k/metaData_fma_large/row48209.csv
Execution time: 25.53419327735901 seconds
metaTables/vocal_music_demucs_16k/metaData_fma_large/row48210.csv
Execution time: 26.62842845916748 seconds
metaTables/vocal_music_demucs_16k/metaData_fma_large/row48211.csv
Execution time: 13.194467067718506 seconds
metaTables/vocal_music_demucs_16k/metaData_fma_large/row48212.csv
Execution time: 22.575754642486572 seconds
metaTables/vocal_music_demucs_16k/metaData_fma_large/row48213.csv
Execution time: 27.54512906074524 seconds
metaTables/vocal_music_demucs_16k/metaData_fma_large/row48214.csv
Execution time: 26.08159613609314 seconds
metaTables/vocal_music_demucs_16k/metaData_fma_large/row48215.csv
Execution time: 25.41506028175354 seconds
metaTables/vocal_music_demucs_16k/metaData_fma_large/row48216.csv
Execution time: 26.487117528915405 seconds
metaTables/vocal_music_demucs_16k/metaData_fma_large/row48217.csv
Execution time: 26.794257879257202 seconds
metaTables/vocal_music_demucs_16k/metaData_fma_large/row48218.csv
Execution time: 26.942055225372314 seconds
metaTables/vocal_music_demucs_16k/metaData_fma_large/row48219.csv
Execution time: 27.037529945373535 seconds
metaTables/vocal_music_demucs_16k/metaData_fma_large/row48220.csv
Execution time: 26.907447338104248 seconds
metaTables/vocal_music_demucs_16k/metaData_fma_large/row48221.csv
Execution time: 27.045905351638794 seconds
metaTables/vocal_music_demucs_16k/metaData_fma_large/row48222.csv
Execution time: 26.970364093780518 seconds
metaTables/vocal_music_demucs_16k/metaData_fma_large/row48223.csv
Execution time: 26.251271724700928 seconds
metaTables/vocal_music_demucs_16k/metaData_fma_large/row48224.csv
Execution time: 26.27376961708069 seconds
metaTables/vocal_music_demucs_16k/metaData_fma_large/row48225.csv
Execution time: 25.06791639328003 seconds
metaTables/vocal_music_demucs_16k/metaData_fma_large/row48226.csv
Execution time: 26.022938013076782 seconds
metaTables/vocal_music_demucs_16k/metaData_fma_large/row48227.csv
Execution time: 26.547432899475098 seconds
metaTables/vocal_music_demucs_16k/metaData_fma_large/row48228.csv
Execution time: 26.7420072555542 seconds
metaTables/vocal_music_demucs_16k/metaData_fma_large/row48229.csv
Execution time: 25.505085229873657 seconds
metaTables/vocal_music_demucs_16k/metaData_fma_large/row48230.csv
Execution time: 26.764702796936035 seconds
metaTables/vocal_music_demucs_16k/metaData_fma_large/row48231.csv
Execution time: 26.11972951889038 seconds
metaTables/vocal_music_demucs_16k/metaData_fma_large/row48232.csv
Execution time: 25.637848138809204 seconds
metaTables/vocal_music_demucs_16k/metaData_fma_large/row48233.csv
Execution time: 25.24644446372986 seconds
metaTables/vocal_music_demucs_16k/metaData_fma_large/row48234.csv
Execution time: 26.468934535980225 seconds
metaTables/vocal_music_demucs_16k/metaData_fma_large/row48235.csv
Execution time: 25.866474866867065 seconds
metaTables/vocal_music_demucs_16k/metaData_fma_large/row48236.csv
Execution time: 27.07641315460205 seconds
metaTables/vocal_music_demucs_16k/metaData_fma_large/row48237.csv
Execution time: 25.98062014579773 seconds
metaTables/vocal_music_demucs_16k/metaData_fma_large/row48238.csv
Execution time: 26.513396978378296 seconds
metaTables/vocal_music_demucs_16k/metaData_fma_large/row48239.csv
Execution time: 25.78964376449585 seconds
metaTables/vocal_music_demucs_16k/metaData_fma_large/row48240.csv
Execution time: 26.372389793395996 seconds
metaTables/vocal_music_demucs_16k/metaData_fma_large/row48241.csv
Execution time: 25.990027904510498 seconds
metaTables/vocal_music_demucs_16k/metaData_fma_large/row48242.csv
Execution time: 26.92787194252014 seconds
metaTables/vocal_music_demucs_16k/metaData_fma_large/row48243.csv
Execution time: 25.983351707458496 seconds
metaTables/vocal_music_demucs_16k/metaData_fma_large/row48244.csv
Execution time: 26.146135568618774 seconds
metaTables/vocal_music_demucs_16k/metaData_fma_large/row48245.csv
Execution time: 27.265061140060425 seconds
metaTables/vocal_music_demucs_16k/metaData_fma_large/row48246.csv
Execution time: 26.01998805999756 seconds
metaTables/vocal_music_demucs_16k/metaData_fma_large/row48247.csv
Execution time: 26.657752990722656 seconds
metaTables/vocal_music_demucs_16k/metaData_fma_large/row48248.csv
Execution time: 25.41886019706726 seconds
metaTables/vocal_music_demucs_16k/metaData_fma_large/row48249.csv
Execution time: 25.945685863494873 seconds
metaTables/vocal_music_demucs_16k/metaData_fma_large/row48250.csv
Execution time: 25.786765098571777 seconds
metaTables/vocal_music_demucs_16k/metaData_fma_large/row48251.csv
Execution time: 26.285489082336426 seconds
metaTables/vocal_music_demucs_16k/metaData_fma_large/row48252.csv
Execution time: 24.621513605117798 seconds
metaTables/vocal_music_demucs_16k/metaData_fma_large/row48253.csv
Execution time: 25.058987140655518 seconds
metaTables/vocal_music_demucs_16k/metaData_fma_large/row48254.csv
Execution time: 26.345808267593384 seconds
metaTables/vocal_music_demucs_16k/metaData_fma_large/row48255.csv
Execution time: 27.553199768066406 seconds
metaTables/vocal_music_demucs_16k/metaData_fma_large/row48256.csv
Execution time: 26.39965844154358 seconds
metaTables/vocal_music_demucs_16k/metaData_fma_large/row48257.csv
Execution time: 25.34905743598938 seconds
metaTables/vocal_music_demucs_16k/metaData_fma_large/row48258.csv
Execution time: 25.729658842086792 seconds
metaTables/vocal_music_demucs_16k/metaData_fma_large/row48259.csv
Execution time: 26.513001680374146 seconds
metaTables/vocal_music_demucs_16k/metaData_fma_large/row48260.csv
Execution time: 27.136023998260498 seconds
metaTables/vocal_music_demucs_16k/metaData_fma_large/row48261.csv
Execution time: 28.626336097717285 seconds
metaTables/vocal_music_demucs_16k/metaData_fma_large/row48262.csv
Execution time: 27.04557728767395 seconds
metaTables/vocal_music_demucs_16k/metaData_fma_large/row48263.csv
Execution time: 27.610849380493164 seconds
metaTables/vocal_music_demucs_16k/metaData_fma_large/row48264.csv
Execution time: 26.992119550704956 seconds
metaTables/vocal_music_demucs_16k/metaData_fma_large/row48265.csv
Execution time: 25.973615884780884 seconds
metaTables/vocal_music_demucs_16k/metaData_fma_large/row48266.csv
Execution time: 25.727253913879395 seconds
metaTables/vocal_music_demucs_16k/metaData_fma_large/row48267.csv
Execution time: 26.161166429519653 seconds
metaTables/vocal_music_demucs_16k/metaData_fma_large/row48268.csv
Execution time: 26.21859121322632 seconds
metaTables/vocal_music_demucs_16k/metaData_fma_large/row48269.csv
Execution time: 26.2812602519989 seconds
metaTables/vocal_music_demucs_16k/metaData_fma_large/row48270.csv
Execution time: 26.897094011306763 seconds
metaTables/vocal_music_demucs_16k/metaData_fma_large/row48271.csv
Execution time: 26.16119694709778 seconds
metaTables/vocal_music_demucs_16k/metaData_fma_large/row48272.csv
Execution time: 26.537670850753784 seconds
metaTables/vocal_music_demucs_16k/metaData_fma_large/row48273.csv
Execution time: 27.185849905014038 seconds
metaTables/vocal_music_demucs_16k/metaData_fma_large/row48274.csv
Execution time: 26.638413190841675 seconds
metaTables/vocal_music_demucs_16k/metaData_fma_large/row48275.csv
Execution time: 26.24318838119507 seconds
metaTables/vocal_music_demucs_16k/metaData_fma_large/row48276.csv
Execution time: 25.92600917816162 seconds
metaTables/vocal_music_demucs_16k/metaData_fma_large/row48277.csv
Execution time: 25.634477615356445 seconds
metaTables/vocal_music_demucs_16k/metaData_fma_large/row48278.csv
Execution time: 26.309587478637695 seconds
metaTables/vocal_music_demucs_16k/metaData_fma_large/row48279.csv
Execution time: 26.706849575042725 seconds
metaTables/vocal_music_demucs_16k/metaData_fma_large/row48280.csv
Execution time: 25.81767439842224 seconds
metaTables/vocal_music_demucs_16k/metaData_fma_large/row48281.csv
Execution time: 25.870535135269165 seconds
metaTables/vocal_music_demucs_16k/metaData_fma_large/row48282.csv
Execution time: 26.927050828933716 seconds
metaTables/vocal_music_demucs_16k/metaData_fma_large/row48283.csv
Execution time: 26.593907356262207 seconds
metaTables/vocal_music_demucs_16k/metaData_fma_large/row48284.csv
Execution time: 25.163785696029663 seconds
metaTables/vocal_music_demucs_16k/metaData_fma_large/row48285.csv
Execution time: 25.970763206481934 seconds
metaTables/vocal_music_demucs_16k/metaData_fma_large/row48286.csv
Execution time: 26.249586820602417 seconds
metaTables/vocal_music_demucs_16k/metaData_fma_large/row48287.csv
Execution time: 27.810567617416382 seconds
metaTables/vocal_music_demucs_16k/metaData_fma_large/row48288.csv
Execution time: 26.03431248664856 seconds
metaTables/vocal_music_demucs_16k/metaData_fma_large/row48289.csv
Execution time: 25.010483264923096 seconds
metaTables/vocal_music_demucs_16k/metaData_fma_large/row48290.csv
Execution time: 26.06532645225525 seconds
metaTables/vocal_music_demucs_16k/metaData_fma_large/row48291.csv
Execution time: 26.85430097579956 seconds
metaTables/vocal_music_demucs_16k/metaData_fma_large/row48292.csv
Execution time: 26.172858953475952 seconds
metaTables/vocal_music_demucs_16k/metaData_fma_large/row48293.csv
Execution time: 27.053802251815796 seconds
metaTables/vocal_music_demucs_16k/metaData_fma_large/row48294.csv
Execution time: 24.86282467842102 seconds
metaTables/vocal_music_demucs_16k/metaData_fma_large/row48295.csv
Execution time: 26.222143411636353 seconds
metaTables/vocal_music_demucs_16k/metaData_fma_large/row48296.csv
Execution time: 26.81112790107727 seconds
metaTables/vocal_music_demucs_16k/metaData_fma_large/row48297.csv
Execution time: 26.164449453353882 seconds
metaTables/vocal_music_demucs_16k/metaData_fma_large/row48298.csv
Execution time: 25.464447021484375 seconds
metaTables/vocal_music_demucs_16k/metaData_fma_large/row48299.csv
Demucs voice recognition done!
