/ext3/demucs/lib/python3.9/site-packages/demucs/api.py:27: UserWarning: TorchAudio's global backend is now deprecated. Please enable distpatcher by setting `TORCHAUDIO_USE_BACKEND_DISPATCHER=1`, and specify backend when calling load/info/save function.
  import torchaudio as ta
2024-05-10 01:28:23.240210: I tensorflow/core/util/port.cc:113] oneDNN custom operations are on. You may see slightly different numerical results due to floating-point round-off errors from different computation orders. To turn them off, set the environment variable `TF_ENABLE_ONEDNN_OPTS=0`.
2024-05-10 01:28:23.791988: E external/local_xla/xla/stream_executor/cuda/cuda_dnn.cc:9261] Unable to register cuDNN factory: Attempting to register factory for plugin cuDNN when one has already been registered
2024-05-10 01:28:23.792024: E external/local_xla/xla/stream_executor/cuda/cuda_fft.cc:607] Unable to register cuFFT factory: Attempting to register factory for plugin cuFFT when one has already been registered
2024-05-10 01:28:23.812799: E external/local_xla/xla/stream_executor/cuda/cuda_blas.cc:1515] Unable to register cuBLAS factory: Attempting to register factory for plugin cuBLAS when one has already been registered
2024-05-10 01:28:23.859459: I tensorflow/core/platform/cpu_feature_guard.cc:182] This TensorFlow binary is optimized to use available CPU instructions in performance-critical operations.
To enable the following instructions: AVX2 AVX512F AVX512_VNNI FMA, in other operations, rebuild TensorFlow with the appropriate compiler flags.
2024-05-10 01:28:24.781116: W tensorflow/compiler/tf2tensorrt/utils/py_utils.cc:38] TF-TRT Warning: Could not find TensorRT
SKIPPING: metaTables/vocal_music_demucs_16k/metaData_fma_large/row52100.csv
SKIPPING: metaTables/vocal_music_demucs_16k/metaData_fma_large/row52101.csv
SKIPPING: metaTables/vocal_music_demucs_16k/metaData_fma_large/row52102.csv
SKIPPING: metaTables/vocal_music_demucs_16k/metaData_fma_large/row52103.csv
SKIPPING: metaTables/vocal_music_demucs_16k/metaData_fma_large/row52104.csv
SKIPPING: metaTables/vocal_music_demucs_16k/metaData_fma_large/row52105.csv
SKIPPING: metaTables/vocal_music_demucs_16k/metaData_fma_large/row52106.csv
SKIPPING: metaTables/vocal_music_demucs_16k/metaData_fma_large/row52107.csv
SKIPPING: metaTables/vocal_music_demucs_16k/metaData_fma_large/row52108.csv
SKIPPING: metaTables/vocal_music_demucs_16k/metaData_fma_large/row52109.csv
SKIPPING: metaTables/vocal_music_demucs_16k/metaData_fma_large/row52110.csv
SKIPPING: metaTables/vocal_music_demucs_16k/metaData_fma_large/row52111.csv
SKIPPING: metaTables/vocal_music_demucs_16k/metaData_fma_large/row52112.csv
SKIPPING: metaTables/vocal_music_demucs_16k/metaData_fma_large/row52113.csv
Execution time: 26.79523015022278 seconds
metaTables/vocal_music_demucs_16k/metaData_fma_large/row52114.csv
Execution time: 24.84320855140686 seconds
metaTables/vocal_music_demucs_16k/metaData_fma_large/row52115.csv
Execution time: 26.9748055934906 seconds
metaTables/vocal_music_demucs_16k/metaData_fma_large/row52116.csv
Execution time: 25.055819272994995 seconds
metaTables/vocal_music_demucs_16k/metaData_fma_large/row52117.csv
Execution time: 26.873481273651123 seconds
metaTables/vocal_music_demucs_16k/metaData_fma_large/row52118.csv
Execution time: 27.458373069763184 seconds
metaTables/vocal_music_demucs_16k/metaData_fma_large/row52119.csv
Execution time: 25.616951942443848 seconds
metaTables/vocal_music_demucs_16k/metaData_fma_large/row52120.csv
Execution time: 24.858270406723022 seconds
metaTables/vocal_music_demucs_16k/metaData_fma_large/row52121.csv
Execution time: 24.93284583091736 seconds
metaTables/vocal_music_demucs_16k/metaData_fma_large/row52122.csv
Execution time: 25.848482131958008 seconds
metaTables/vocal_music_demucs_16k/metaData_fma_large/row52123.csv
Execution time: 26.143099308013916 seconds
metaTables/vocal_music_demucs_16k/metaData_fma_large/row52124.csv
Execution time: 25.485862255096436 seconds
metaTables/vocal_music_demucs_16k/metaData_fma_large/row52125.csv
Execution time: 24.599505186080933 seconds
metaTables/vocal_music_demucs_16k/metaData_fma_large/row52126.csv
Execution time: 26.10866928100586 seconds
metaTables/vocal_music_demucs_16k/metaData_fma_large/row52127.csv
Execution time: 26.00583028793335 seconds
metaTables/vocal_music_demucs_16k/metaData_fma_large/row52128.csv
Execution time: 25.720460891723633 seconds
metaTables/vocal_music_demucs_16k/metaData_fma_large/row52129.csv
Execution time: 26.18309712409973 seconds
metaTables/vocal_music_demucs_16k/metaData_fma_large/row52130.csv
Execution time: 24.880886554718018 seconds
metaTables/vocal_music_demucs_16k/metaData_fma_large/row52131.csv
Execution time: 27.089090824127197 seconds
metaTables/vocal_music_demucs_16k/metaData_fma_large/row52132.csv
Execution time: 25.227858304977417 seconds
metaTables/vocal_music_demucs_16k/metaData_fma_large/row52133.csv
Execution time: 25.341378688812256 seconds
metaTables/vocal_music_demucs_16k/metaData_fma_large/row52134.csv
Execution time: 26.019723892211914 seconds
metaTables/vocal_music_demucs_16k/metaData_fma_large/row52135.csv
Execution time: 25.91313672065735 seconds
metaTables/vocal_music_demucs_16k/metaData_fma_large/row52136.csv
Execution time: 24.320703744888306 seconds
metaTables/vocal_music_demucs_16k/metaData_fma_large/row52137.csv
Execution time: 20.954683542251587 seconds
metaTables/vocal_music_demucs_16k/metaData_fma_large/row52138.csv
Execution time: 25.368838787078857 seconds
metaTables/vocal_music_demucs_16k/metaData_fma_large/row52139.csv
Execution time: 25.862677574157715 seconds
metaTables/vocal_music_demucs_16k/metaData_fma_large/row52140.csv
Execution time: 25.729201555252075 seconds
metaTables/vocal_music_demucs_16k/metaData_fma_large/row52141.csv
Execution time: 25.177473783493042 seconds
metaTables/vocal_music_demucs_16k/metaData_fma_large/row52142.csv
Execution time: 25.811443567276 seconds
metaTables/vocal_music_demucs_16k/metaData_fma_large/row52143.csv
Execution time: 25.811723709106445 seconds
metaTables/vocal_music_demucs_16k/metaData_fma_large/row52144.csv
Execution time: 25.428107500076294 seconds
metaTables/vocal_music_demucs_16k/metaData_fma_large/row52145.csv
Execution time: 25.926190614700317 seconds
metaTables/vocal_music_demucs_16k/metaData_fma_large/row52146.csv
Execution time: 25.618449211120605 seconds
metaTables/vocal_music_demucs_16k/metaData_fma_large/row52147.csv
Execution time: 26.22584080696106 seconds
metaTables/vocal_music_demucs_16k/metaData_fma_large/row52148.csv
Execution time: 25.246190309524536 seconds
metaTables/vocal_music_demucs_16k/metaData_fma_large/row52149.csv
Execution time: 24.914507627487183 seconds
metaTables/vocal_music_demucs_16k/metaData_fma_large/row52150.csv
Execution time: 26.943691968917847 seconds
metaTables/vocal_music_demucs_16k/metaData_fma_large/row52151.csv
Execution time: 24.93294858932495 seconds
metaTables/vocal_music_demucs_16k/metaData_fma_large/row52152.csv
Execution time: 25.56912636756897 seconds
metaTables/vocal_music_demucs_16k/metaData_fma_large/row52153.csv
Execution time: 21.96965980529785 seconds
metaTables/vocal_music_demucs_16k/metaData_fma_large/row52154.csv
Execution time: 25.494633674621582 seconds
metaTables/vocal_music_demucs_16k/metaData_fma_large/row52155.csv
Execution time: 25.346681833267212 seconds
metaTables/vocal_music_demucs_16k/metaData_fma_large/row52156.csv
Execution time: 26.239066123962402 seconds
metaTables/vocal_music_demucs_16k/metaData_fma_large/row52157.csv
Execution time: 25.342643976211548 seconds
metaTables/vocal_music_demucs_16k/metaData_fma_large/row52158.csv
Execution time: 26.69850254058838 seconds
metaTables/vocal_music_demucs_16k/metaData_fma_large/row52159.csv
Execution time: 12.522674083709717 seconds
metaTables/vocal_music_demucs_16k/metaData_fma_large/row52160.csv
Execution time: 25.39270782470703 seconds
metaTables/vocal_music_demucs_16k/metaData_fma_large/row52161.csv
Execution time: 25.646987676620483 seconds
metaTables/vocal_music_demucs_16k/metaData_fma_large/row52162.csv
Execution time: 26.19972825050354 seconds
metaTables/vocal_music_demucs_16k/metaData_fma_large/row52163.csv
Execution time: 25.73582124710083 seconds
metaTables/vocal_music_demucs_16k/metaData_fma_large/row52164.csv
Execution time: 24.667638063430786 seconds
metaTables/vocal_music_demucs_16k/metaData_fma_large/row52165.csv
Execution time: 25.74988555908203 seconds
metaTables/vocal_music_demucs_16k/metaData_fma_large/row52166.csv
Execution time: 25.41688060760498 seconds
metaTables/vocal_music_demucs_16k/metaData_fma_large/row52167.csv
Execution time: 26.076204776763916 seconds
metaTables/vocal_music_demucs_16k/metaData_fma_large/row52168.csv
Execution time: 26.33819603919983 seconds
metaTables/vocal_music_demucs_16k/metaData_fma_large/row52169.csv
Execution time: 26.90194058418274 seconds
metaTables/vocal_music_demucs_16k/metaData_fma_large/row52170.csv
Execution time: 24.85779333114624 seconds
metaTables/vocal_music_demucs_16k/metaData_fma_large/row52171.csv
Execution time: 25.012916326522827 seconds
metaTables/vocal_music_demucs_16k/metaData_fma_large/row52172.csv
Execution time: 25.460777044296265 seconds
metaTables/vocal_music_demucs_16k/metaData_fma_large/row52173.csv
Execution time: 24.80728268623352 seconds
metaTables/vocal_music_demucs_16k/metaData_fma_large/row52174.csv
Execution time: 26.178931713104248 seconds
metaTables/vocal_music_demucs_16k/metaData_fma_large/row52175.csv
Execution time: 23.810227870941162 seconds
metaTables/vocal_music_demucs_16k/metaData_fma_large/row52176.csv
Execution time: 25.936646938323975 seconds
metaTables/vocal_music_demucs_16k/metaData_fma_large/row52177.csv
Execution time: 24.310532569885254 seconds
metaTables/vocal_music_demucs_16k/metaData_fma_large/row52178.csv
Execution time: 25.375981092453003 seconds
metaTables/vocal_music_demucs_16k/metaData_fma_large/row52179.csv
Execution time: 25.320417881011963 seconds
metaTables/vocal_music_demucs_16k/metaData_fma_large/row52180.csv
Execution time: 24.522948741912842 seconds
metaTables/vocal_music_demucs_16k/metaData_fma_large/row52181.csv
Execution time: 25.45453119277954 seconds
metaTables/vocal_music_demucs_16k/metaData_fma_large/row52182.csv
Execution time: 25.61261820793152 seconds
metaTables/vocal_music_demucs_16k/metaData_fma_large/row52183.csv
Execution time: 26.821987867355347 seconds
metaTables/vocal_music_demucs_16k/metaData_fma_large/row52184.csv
Execution time: 25.376109838485718 seconds
metaTables/vocal_music_demucs_16k/metaData_fma_large/row52185.csv
Execution time: 25.11539053916931 seconds
metaTables/vocal_music_demucs_16k/metaData_fma_large/row52186.csv
Execution time: 26.315090894699097 seconds
metaTables/vocal_music_demucs_16k/metaData_fma_large/row52187.csv
Execution time: 26.037264585494995 seconds
metaTables/vocal_music_demucs_16k/metaData_fma_large/row52188.csv
Execution time: 25.49852204322815 seconds
metaTables/vocal_music_demucs_16k/metaData_fma_large/row52189.csv
Execution time: 25.599791765213013 seconds
metaTables/vocal_music_demucs_16k/metaData_fma_large/row52190.csv
Execution time: 26.935747623443604 seconds
metaTables/vocal_music_demucs_16k/metaData_fma_large/row52191.csv
Execution time: 25.737929344177246 seconds
metaTables/vocal_music_demucs_16k/metaData_fma_large/row52192.csv
Execution time: 26.14680767059326 seconds
metaTables/vocal_music_demucs_16k/metaData_fma_large/row52193.csv
Execution time: 25.621742725372314 seconds
metaTables/vocal_music_demucs_16k/metaData_fma_large/row52194.csv
Execution time: 25.527320623397827 seconds
metaTables/vocal_music_demucs_16k/metaData_fma_large/row52195.csv
Execution time: 24.76204800605774 seconds
metaTables/vocal_music_demucs_16k/metaData_fma_large/row52196.csv
Execution time: 25.402108430862427 seconds
metaTables/vocal_music_demucs_16k/metaData_fma_large/row52197.csv
Execution time: 25.38784623146057 seconds
metaTables/vocal_music_demucs_16k/metaData_fma_large/row52198.csv
Execution time: 25.216955423355103 seconds
metaTables/vocal_music_demucs_16k/metaData_fma_large/row52199.csv
Demucs voice recognition done!
