/ext3/demucs/lib/python3.9/site-packages/demucs/api.py:27: UserWarning: TorchAudio's global backend is now deprecated. Please enable distpatcher by setting `TORCHAUDIO_USE_BACKEND_DISPATCHER=1`, and specify backend when calling load/info/save function.
  import torchaudio as ta
2024-05-10 11:33:29.082070: I tensorflow/core/util/port.cc:113] oneDNN custom operations are on. You may see slightly different numerical results due to floating-point round-off errors from different computation orders. To turn them off, set the environment variable `TF_ENABLE_ONEDNN_OPTS=0`.
2024-05-10 11:33:30.427602: E external/local_xla/xla/stream_executor/cuda/cuda_dnn.cc:9261] Unable to register cuDNN factory: Attempting to register factory for plugin cuDNN when one has already been registered
2024-05-10 11:33:30.427649: E external/local_xla/xla/stream_executor/cuda/cuda_fft.cc:607] Unable to register cuFFT factory: Attempting to register factory for plugin cuFFT when one has already been registered
2024-05-10 11:33:30.625367: E external/local_xla/xla/stream_executor/cuda/cuda_blas.cc:1515] Unable to register cuBLAS factory: Attempting to register factory for plugin cuBLAS when one has already been registered
2024-05-10 11:33:30.830812: I tensorflow/core/platform/cpu_feature_guard.cc:182] This TensorFlow binary is optimized to use available CPU instructions in performance-critical operations.
To enable the following instructions: AVX2 AVX512F AVX512_VNNI FMA, in other operations, rebuild TensorFlow with the appropriate compiler flags.
2024-05-10 11:33:32.420021: W tensorflow/compiler/tf2tensorrt/utils/py_utils.cc:38] TF-TRT Warning: Could not find TensorRT
Execution time: 26.476857662200928 seconds
metaTables/vocal_music_demucs_16k/metaData_fma_large/row27700.csv
Execution time: 25.3261456489563 seconds
metaTables/vocal_music_demucs_16k/metaData_fma_large/row27701.csv
Execution time: 25.10415554046631 seconds
metaTables/vocal_music_demucs_16k/metaData_fma_large/row27702.csv
Execution time: 24.56273913383484 seconds
metaTables/vocal_music_demucs_16k/metaData_fma_large/row27703.csv
Execution time: 24.91030502319336 seconds
metaTables/vocal_music_demucs_16k/metaData_fma_large/row27704.csv
Execution time: 25.25162363052368 seconds
metaTables/vocal_music_demucs_16k/metaData_fma_large/row27705.csv
Execution time: 25.69664764404297 seconds
metaTables/vocal_music_demucs_16k/metaData_fma_large/row27706.csv
Execution time: 25.26068687438965 seconds
metaTables/vocal_music_demucs_16k/metaData_fma_large/row27707.csv
Execution time: 25.716912031173706 seconds
metaTables/vocal_music_demucs_16k/metaData_fma_large/row27708.csv
Execution time: 24.4361732006073 seconds
metaTables/vocal_music_demucs_16k/metaData_fma_large/row27709.csv
Execution time: 25.178053617477417 seconds
metaTables/vocal_music_demucs_16k/metaData_fma_large/row27710.csv
Execution time: 25.57651710510254 seconds
metaTables/vocal_music_demucs_16k/metaData_fma_large/row27711.csv
Execution time: 25.590399742126465 seconds
metaTables/vocal_music_demucs_16k/metaData_fma_large/row27712.csv
Execution time: 24.738299131393433 seconds
metaTables/vocal_music_demucs_16k/metaData_fma_large/row27713.csv
Execution time: 27.04180359840393 seconds
metaTables/vocal_music_demucs_16k/metaData_fma_large/row27714.csv
Execution time: 25.204489946365356 seconds
metaTables/vocal_music_demucs_16k/metaData_fma_large/row27715.csv
Execution time: 25.137408018112183 seconds
metaTables/vocal_music_demucs_16k/metaData_fma_large/row27716.csv
Execution time: 25.16721773147583 seconds
metaTables/vocal_music_demucs_16k/metaData_fma_large/row27717.csv
Execution time: 26.156904220581055 seconds
metaTables/vocal_music_demucs_16k/metaData_fma_large/row27718.csv
Execution time: 25.56040668487549 seconds
metaTables/vocal_music_demucs_16k/metaData_fma_large/row27719.csv
Execution time: 25.701149702072144 seconds
metaTables/vocal_music_demucs_16k/metaData_fma_large/row27720.csv
Execution time: 25.27617883682251 seconds
metaTables/vocal_music_demucs_16k/metaData_fma_large/row27721.csv
Execution time: 25.789607286453247 seconds
metaTables/vocal_music_demucs_16k/metaData_fma_large/row27722.csv
Execution time: 25.576222896575928 seconds
metaTables/vocal_music_demucs_16k/metaData_fma_large/row27723.csv
Execution time: 25.42667055130005 seconds
metaTables/vocal_music_demucs_16k/metaData_fma_large/row27724.csv
Execution time: 26.436206817626953 seconds
metaTables/vocal_music_demucs_16k/metaData_fma_large/row27725.csv
Execution time: 26.226351261138916 seconds
metaTables/vocal_music_demucs_16k/metaData_fma_large/row27726.csv
Execution time: 25.6310031414032 seconds
metaTables/vocal_music_demucs_16k/metaData_fma_large/row27727.csv
Execution time: 24.792901277542114 seconds
metaTables/vocal_music_demucs_16k/metaData_fma_large/row27728.csv
Execution time: 25.22148370742798 seconds
metaTables/vocal_music_demucs_16k/metaData_fma_large/row27729.csv
Execution time: 25.470479726791382 seconds
metaTables/vocal_music_demucs_16k/metaData_fma_large/row27730.csv
Execution time: 25.0531165599823 seconds
metaTables/vocal_music_demucs_16k/metaData_fma_large/row27731.csv
Execution time: 25.50429630279541 seconds
metaTables/vocal_music_demucs_16k/metaData_fma_large/row27732.csv
Execution time: 24.248390674591064 seconds
metaTables/vocal_music_demucs_16k/metaData_fma_large/row27733.csv
Execution time: 25.950926303863525 seconds
metaTables/vocal_music_demucs_16k/metaData_fma_large/row27734.csv
Execution time: 25.35003924369812 seconds
metaTables/vocal_music_demucs_16k/metaData_fma_large/row27735.csv
Execution time: 25.97539258003235 seconds
metaTables/vocal_music_demucs_16k/metaData_fma_large/row27736.csv
Execution time: 26.675094842910767 seconds
metaTables/vocal_music_demucs_16k/metaData_fma_large/row27737.csv
Execution time: 25.64850687980652 seconds
metaTables/vocal_music_demucs_16k/metaData_fma_large/row27738.csv
Execution time: 26.159557580947876 seconds
metaTables/vocal_music_demucs_16k/metaData_fma_large/row27739.csv
Execution time: 25.10007929801941 seconds
metaTables/vocal_music_demucs_16k/metaData_fma_large/row27740.csv
Execution time: 24.989985942840576 seconds
metaTables/vocal_music_demucs_16k/metaData_fma_large/row27741.csv
Execution time: 25.68817687034607 seconds
metaTables/vocal_music_demucs_16k/metaData_fma_large/row27742.csv
Execution time: 25.559530019760132 seconds
metaTables/vocal_music_demucs_16k/metaData_fma_large/row27743.csv
Execution time: 25.414463996887207 seconds
metaTables/vocal_music_demucs_16k/metaData_fma_large/row27744.csv
Execution time: 25.054563760757446 seconds
metaTables/vocal_music_demucs_16k/metaData_fma_large/row27745.csv
Execution time: 24.230440139770508 seconds
metaTables/vocal_music_demucs_16k/metaData_fma_large/row27746.csv
Execution time: 24.77753186225891 seconds
metaTables/vocal_music_demucs_16k/metaData_fma_large/row27747.csv
Execution time: 25.774091005325317 seconds
metaTables/vocal_music_demucs_16k/metaData_fma_large/row27748.csv
Execution time: 26.17973804473877 seconds
metaTables/vocal_music_demucs_16k/metaData_fma_large/row27749.csv
Execution time: 26.1280996799469 seconds
metaTables/vocal_music_demucs_16k/metaData_fma_large/row27750.csv
Execution time: 25.809865713119507 seconds
metaTables/vocal_music_demucs_16k/metaData_fma_large/row27751.csv
Execution time: 24.609945058822632 seconds
metaTables/vocal_music_demucs_16k/metaData_fma_large/row27752.csv
Execution time: 24.840162992477417 seconds
metaTables/vocal_music_demucs_16k/metaData_fma_large/row27753.csv
Execution time: 25.107239961624146 seconds
metaTables/vocal_music_demucs_16k/metaData_fma_large/row27754.csv
Execution time: 25.09519386291504 seconds
metaTables/vocal_music_demucs_16k/metaData_fma_large/row27755.csv
Execution time: 25.20880627632141 seconds
metaTables/vocal_music_demucs_16k/metaData_fma_large/row27756.csv
Execution time: 26.00303292274475 seconds
metaTables/vocal_music_demucs_16k/metaData_fma_large/row27757.csv
Execution time: 26.18750762939453 seconds
metaTables/vocal_music_demucs_16k/metaData_fma_large/row27758.csv
Execution time: 23.71705913543701 seconds
metaTables/vocal_music_demucs_16k/metaData_fma_large/row27759.csv
Execution time: 24.946531772613525 seconds
metaTables/vocal_music_demucs_16k/metaData_fma_large/row27760.csv
Execution time: 24.715555667877197 seconds
metaTables/vocal_music_demucs_16k/metaData_fma_large/row27761.csv
Execution time: 25.410906076431274 seconds
metaTables/vocal_music_demucs_16k/metaData_fma_large/row27762.csv
Execution time: 24.908892154693604 seconds
metaTables/vocal_music_demucs_16k/metaData_fma_large/row27763.csv
Execution time: 25.27448296546936 seconds
metaTables/vocal_music_demucs_16k/metaData_fma_large/row27764.csv
Execution time: 25.37077832221985 seconds
metaTables/vocal_music_demucs_16k/metaData_fma_large/row27765.csv
Execution time: 26.758450508117676 seconds
metaTables/vocal_music_demucs_16k/metaData_fma_large/row27766.csv
Execution time: 24.965792179107666 seconds
metaTables/vocal_music_demucs_16k/metaData_fma_large/row27767.csv
Execution time: 25.409902572631836 seconds
metaTables/vocal_music_demucs_16k/metaData_fma_large/row27768.csv
Execution time: 25.196159839630127 seconds
metaTables/vocal_music_demucs_16k/metaData_fma_large/row27769.csv
Execution time: 25.148667812347412 seconds
metaTables/vocal_music_demucs_16k/metaData_fma_large/row27770.csv
Execution time: 25.105701446533203 seconds
metaTables/vocal_music_demucs_16k/metaData_fma_large/row27771.csv
Execution time: 25.415754556655884 seconds
metaTables/vocal_music_demucs_16k/metaData_fma_large/row27772.csv
Execution time: 24.959637880325317 seconds
metaTables/vocal_music_demucs_16k/metaData_fma_large/row27773.csv
Execution time: 26.483038902282715 seconds
metaTables/vocal_music_demucs_16k/metaData_fma_large/row27774.csv
Execution time: 26.551859617233276 seconds
metaTables/vocal_music_demucs_16k/metaData_fma_large/row27775.csv
Execution time: 25.092656135559082 seconds
metaTables/vocal_music_demucs_16k/metaData_fma_large/row27776.csv
Execution time: 25.11702609062195 seconds
metaTables/vocal_music_demucs_16k/metaData_fma_large/row27777.csv
Execution time: 25.187807083129883 seconds
metaTables/vocal_music_demucs_16k/metaData_fma_large/row27778.csv
Execution time: 26.177409648895264 seconds
metaTables/vocal_music_demucs_16k/metaData_fma_large/row27779.csv
Execution time: 25.86686420440674 seconds
metaTables/vocal_music_demucs_16k/metaData_fma_large/row27780.csv
Execution time: 25.347777366638184 seconds
metaTables/vocal_music_demucs_16k/metaData_fma_large/row27781.csv
Execution time: 24.346266269683838 seconds
metaTables/vocal_music_demucs_16k/metaData_fma_large/row27782.csv
Execution time: 25.739446878433228 seconds
metaTables/vocal_music_demucs_16k/metaData_fma_large/row27783.csv
Execution time: 25.327356338500977 seconds
metaTables/vocal_music_demucs_16k/metaData_fma_large/row27784.csv
Execution time: 24.296629428863525 seconds
metaTables/vocal_music_demucs_16k/metaData_fma_large/row27785.csv
Execution time: 26.764466524124146 seconds
metaTables/vocal_music_demucs_16k/metaData_fma_large/row27786.csv
Execution time: 24.572183847427368 seconds
metaTables/vocal_music_demucs_16k/metaData_fma_large/row27787.csv
Execution time: 25.85766911506653 seconds
metaTables/vocal_music_demucs_16k/metaData_fma_large/row27788.csv
Execution time: 25.752153158187866 seconds
metaTables/vocal_music_demucs_16k/metaData_fma_large/row27789.csv
Execution time: 25.292405605316162 seconds
metaTables/vocal_music_demucs_16k/metaData_fma_large/row27790.csv
Execution time: 25.483659982681274 seconds
metaTables/vocal_music_demucs_16k/metaData_fma_large/row27791.csv
Execution time: 25.51893377304077 seconds
metaTables/vocal_music_demucs_16k/metaData_fma_large/row27792.csv
Execution time: 24.92533588409424 seconds
metaTables/vocal_music_demucs_16k/metaData_fma_large/row27793.csv
Execution time: 24.63961696624756 seconds
metaTables/vocal_music_demucs_16k/metaData_fma_large/row27794.csv
Execution time: 24.67444157600403 seconds
metaTables/vocal_music_demucs_16k/metaData_fma_large/row27795.csv
Execution time: 24.71611738204956 seconds
metaTables/vocal_music_demucs_16k/metaData_fma_large/row27796.csv
Execution time: 25.287205457687378 seconds
metaTables/vocal_music_demucs_16k/metaData_fma_large/row27797.csv
Execution time: 24.83821392059326 seconds
metaTables/vocal_music_demucs_16k/metaData_fma_large/row27798.csv
Execution time: 22.179260730743408 seconds
metaTables/vocal_music_demucs_16k/metaData_fma_large/row27799.csv
Demucs voice recognition done!
