/ext3/demucs/lib/python3.9/site-packages/demucs/api.py:27: UserWarning: TorchAudio's global backend is now deprecated. Please enable distpatcher by setting `TORCHAUDIO_USE_BACKEND_DISPATCHER=1`, and specify backend when calling load/info/save function.
  import torchaudio as ta
2024-05-09 09:21:24.966671: I tensorflow/core/util/port.cc:113] oneDNN custom operations are on. You may see slightly different numerical results due to floating-point round-off errors from different computation orders. To turn them off, set the environment variable `TF_ENABLE_ONEDNN_OPTS=0`.
2024-05-09 09:21:25.498273: E external/local_xla/xla/stream_executor/cuda/cuda_dnn.cc:9261] Unable to register cuDNN factory: Attempting to register factory for plugin cuDNN when one has already been registered
2024-05-09 09:21:25.498311: E external/local_xla/xla/stream_executor/cuda/cuda_fft.cc:607] Unable to register cuFFT factory: Attempting to register factory for plugin cuFFT when one has already been registered
2024-05-09 09:21:25.540053: E external/local_xla/xla/stream_executor/cuda/cuda_blas.cc:1515] Unable to register cuBLAS factory: Attempting to register factory for plugin cuBLAS when one has already been registered
2024-05-09 09:21:25.614162: I tensorflow/core/platform/cpu_feature_guard.cc:182] This TensorFlow binary is optimized to use available CPU instructions in performance-critical operations.
To enable the following instructions: AVX2 AVX512F AVX512_VNNI FMA, in other operations, rebuild TensorFlow with the appropriate compiler flags.
2024-05-09 09:21:26.526716: W tensorflow/compiler/tf2tensorrt/utils/py_utils.cc:38] TF-TRT Warning: Could not find TensorRT
SKIPPING: metaTables/vocal_music_demucs_16k/metaData_fma_large/row53900.csv
SKIPPING: metaTables/vocal_music_demucs_16k/metaData_fma_large/row53901.csv
SKIPPING: metaTables/vocal_music_demucs_16k/metaData_fma_large/row53902.csv
SKIPPING: metaTables/vocal_music_demucs_16k/metaData_fma_large/row53903.csv
SKIPPING: metaTables/vocal_music_demucs_16k/metaData_fma_large/row53904.csv
SKIPPING: metaTables/vocal_music_demucs_16k/metaData_fma_large/row53905.csv
SKIPPING: metaTables/vocal_music_demucs_16k/metaData_fma_large/row53906.csv
SKIPPING: metaTables/vocal_music_demucs_16k/metaData_fma_large/row53907.csv
SKIPPING: metaTables/vocal_music_demucs_16k/metaData_fma_large/row53908.csv
SKIPPING: metaTables/vocal_music_demucs_16k/metaData_fma_large/row53909.csv
SKIPPING: metaTables/vocal_music_demucs_16k/metaData_fma_large/row53910.csv
SKIPPING: metaTables/vocal_music_demucs_16k/metaData_fma_large/row53911.csv
SKIPPING: metaTables/vocal_music_demucs_16k/metaData_fma_large/row53912.csv
SKIPPING: metaTables/vocal_music_demucs_16k/metaData_fma_large/row53913.csv
SKIPPING: metaTables/vocal_music_demucs_16k/metaData_fma_large/row53914.csv
SKIPPING: metaTables/vocal_music_demucs_16k/metaData_fma_large/row53915.csv
SKIPPING: metaTables/vocal_music_demucs_16k/metaData_fma_large/row53916.csv
SKIPPING: metaTables/vocal_music_demucs_16k/metaData_fma_large/row53917.csv
SKIPPING: metaTables/vocal_music_demucs_16k/metaData_fma_large/row53918.csv
SKIPPING: metaTables/vocal_music_demucs_16k/metaData_fma_large/row53919.csv
SKIPPING: metaTables/vocal_music_demucs_16k/metaData_fma_large/row53920.csv
SKIPPING: metaTables/vocal_music_demucs_16k/metaData_fma_large/row53921.csv
SKIPPING: metaTables/vocal_music_demucs_16k/metaData_fma_large/row53922.csv
SKIPPING: metaTables/vocal_music_demucs_16k/metaData_fma_large/row53923.csv
SKIPPING: metaTables/vocal_music_demucs_16k/metaData_fma_large/row53924.csv
SKIPPING: metaTables/vocal_music_demucs_16k/metaData_fma_large/row53925.csv
SKIPPING: metaTables/vocal_music_demucs_16k/metaData_fma_large/row53926.csv
SKIPPING: metaTables/vocal_music_demucs_16k/metaData_fma_large/row53927.csv
SKIPPING: metaTables/vocal_music_demucs_16k/metaData_fma_large/row53928.csv
SKIPPING: metaTables/vocal_music_demucs_16k/metaData_fma_large/row53929.csv
SKIPPING: metaTables/vocal_music_demucs_16k/metaData_fma_large/row53930.csv
SKIPPING: metaTables/vocal_music_demucs_16k/metaData_fma_large/row53931.csv
SKIPPING: metaTables/vocal_music_demucs_16k/metaData_fma_large/row53932.csv
SKIPPING: metaTables/vocal_music_demucs_16k/metaData_fma_large/row53933.csv
SKIPPING: metaTables/vocal_music_demucs_16k/metaData_fma_large/row53934.csv
SKIPPING: metaTables/vocal_music_demucs_16k/metaData_fma_large/row53935.csv
SKIPPING: metaTables/vocal_music_demucs_16k/metaData_fma_large/row53936.csv
SKIPPING: metaTables/vocal_music_demucs_16k/metaData_fma_large/row53937.csv
SKIPPING: metaTables/vocal_music_demucs_16k/metaData_fma_large/row53938.csv
SKIPPING: metaTables/vocal_music_demucs_16k/metaData_fma_large/row53939.csv
SKIPPING: metaTables/vocal_music_demucs_16k/metaData_fma_large/row53940.csv
SKIPPING: metaTables/vocal_music_demucs_16k/metaData_fma_large/row53941.csv
SKIPPING: metaTables/vocal_music_demucs_16k/metaData_fma_large/row53942.csv
SKIPPING: metaTables/vocal_music_demucs_16k/metaData_fma_large/row53943.csv
SKIPPING: metaTables/vocal_music_demucs_16k/metaData_fma_large/row53944.csv
SKIPPING: metaTables/vocal_music_demucs_16k/metaData_fma_large/row53945.csv
SKIPPING: metaTables/vocal_music_demucs_16k/metaData_fma_large/row53946.csv
SKIPPING: metaTables/vocal_music_demucs_16k/metaData_fma_large/row53947.csv
SKIPPING: metaTables/vocal_music_demucs_16k/metaData_fma_large/row53948.csv
SKIPPING: metaTables/vocal_music_demucs_16k/metaData_fma_large/row53949.csv
SKIPPING: metaTables/vocal_music_demucs_16k/metaData_fma_large/row53950.csv
SKIPPING: metaTables/vocal_music_demucs_16k/metaData_fma_large/row53951.csv
SKIPPING: metaTables/vocal_music_demucs_16k/metaData_fma_large/row53952.csv
SKIPPING: metaTables/vocal_music_demucs_16k/metaData_fma_large/row53953.csv
SKIPPING: metaTables/vocal_music_demucs_16k/metaData_fma_large/row53954.csv
SKIPPING: metaTables/vocal_music_demucs_16k/metaData_fma_large/row53955.csv
SKIPPING: metaTables/vocal_music_demucs_16k/metaData_fma_large/row53956.csv
SKIPPING: metaTables/vocal_music_demucs_16k/metaData_fma_large/row53957.csv
SKIPPING: metaTables/vocal_music_demucs_16k/metaData_fma_large/row53958.csv
SKIPPING: metaTables/vocal_music_demucs_16k/metaData_fma_large/row53959.csv
SKIPPING: metaTables/vocal_music_demucs_16k/metaData_fma_large/row53960.csv
SKIPPING: metaTables/vocal_music_demucs_16k/metaData_fma_large/row53961.csv
SKIPPING: metaTables/vocal_music_demucs_16k/metaData_fma_large/row53962.csv
SKIPPING: metaTables/vocal_music_demucs_16k/metaData_fma_large/row53963.csv
SKIPPING: metaTables/vocal_music_demucs_16k/metaData_fma_large/row53964.csv
SKIPPING: metaTables/vocal_music_demucs_16k/metaData_fma_large/row53965.csv
SKIPPING: metaTables/vocal_music_demucs_16k/metaData_fma_large/row53966.csv
SKIPPING: metaTables/vocal_music_demucs_16k/metaData_fma_large/row53967.csv
SKIPPING: metaTables/vocal_music_demucs_16k/metaData_fma_large/row53968.csv
SKIPPING: metaTables/vocal_music_demucs_16k/metaData_fma_large/row53969.csv
SKIPPING: metaTables/vocal_music_demucs_16k/metaData_fma_large/row53970.csv
SKIPPING: metaTables/vocal_music_demucs_16k/metaData_fma_large/row53971.csv
SKIPPING: metaTables/vocal_music_demucs_16k/metaData_fma_large/row53972.csv
SKIPPING: metaTables/vocal_music_demucs_16k/metaData_fma_large/row53973.csv
SKIPPING: metaTables/vocal_music_demucs_16k/metaData_fma_large/row53974.csv
SKIPPING: metaTables/vocal_music_demucs_16k/metaData_fma_large/row53975.csv
SKIPPING: metaTables/vocal_music_demucs_16k/metaData_fma_large/row53976.csv
SKIPPING: metaTables/vocal_music_demucs_16k/metaData_fma_large/row53977.csv
SKIPPING: metaTables/vocal_music_demucs_16k/metaData_fma_large/row53978.csv
SKIPPING: metaTables/vocal_music_demucs_16k/metaData_fma_large/row53979.csv
SKIPPING: metaTables/vocal_music_demucs_16k/metaData_fma_large/row53980.csv
SKIPPING: metaTables/vocal_music_demucs_16k/metaData_fma_large/row53981.csv
SKIPPING: metaTables/vocal_music_demucs_16k/metaData_fma_large/row53982.csv
SKIPPING: metaTables/vocal_music_demucs_16k/metaData_fma_large/row53983.csv
SKIPPING: metaTables/vocal_music_demucs_16k/metaData_fma_large/row53984.csv
SKIPPING: metaTables/vocal_music_demucs_16k/metaData_fma_large/row53985.csv
SKIPPING: metaTables/vocal_music_demucs_16k/metaData_fma_large/row53986.csv
SKIPPING: metaTables/vocal_music_demucs_16k/metaData_fma_large/row53987.csv
SKIPPING: metaTables/vocal_music_demucs_16k/metaData_fma_large/row53988.csv
SKIPPING: metaTables/vocal_music_demucs_16k/metaData_fma_large/row53989.csv
SKIPPING: metaTables/vocal_music_demucs_16k/metaData_fma_large/row53990.csv
SKIPPING: metaTables/vocal_music_demucs_16k/metaData_fma_large/row53991.csv
SKIPPING: metaTables/vocal_music_demucs_16k/metaData_fma_large/row53992.csv
SKIPPING: metaTables/vocal_music_demucs_16k/metaData_fma_large/row53993.csv
SKIPPING: metaTables/vocal_music_demucs_16k/metaData_fma_large/row53994.csv
SKIPPING: metaTables/vocal_music_demucs_16k/metaData_fma_large/row53995.csv
SKIPPING: metaTables/vocal_music_demucs_16k/metaData_fma_large/row53996.csv
SKIPPING: metaTables/vocal_music_demucs_16k/metaData_fma_large/row53997.csv
SKIPPING: metaTables/vocal_music_demucs_16k/metaData_fma_large/row53998.csv
SKIPPING: metaTables/vocal_music_demucs_16k/metaData_fma_large/row53999.csv
Demucs voice recognition done!
