/ext3/demucs/lib/python3.9/site-packages/demucs/api.py:27: UserWarning: TorchAudio's global backend is now deprecated. Please enable distpatcher by setting `TORCHAUDIO_USE_BACKEND_DISPATCHER=1`, and specify backend when calling load/info/save function.
  import torchaudio as ta
2024-05-08 23:36:44.009967: I tensorflow/core/util/port.cc:113] oneDNN custom operations are on. You may see slightly different numerical results due to floating-point round-off errors from different computation orders. To turn them off, set the environment variable `TF_ENABLE_ONEDNN_OPTS=0`.
2024-05-08 23:36:47.223020: E external/local_xla/xla/stream_executor/cuda/cuda_dnn.cc:9261] Unable to register cuDNN factory: Attempting to register factory for plugin cuDNN when one has already been registered
2024-05-08 23:36:47.223064: E external/local_xla/xla/stream_executor/cuda/cuda_fft.cc:607] Unable to register cuFFT factory: Attempting to register factory for plugin cuFFT when one has already been registered
2024-05-08 23:36:47.522757: E external/local_xla/xla/stream_executor/cuda/cuda_blas.cc:1515] Unable to register cuBLAS factory: Attempting to register factory for plugin cuBLAS when one has already been registered
2024-05-08 23:36:47.910065: I tensorflow/core/platform/cpu_feature_guard.cc:182] This TensorFlow binary is optimized to use available CPU instructions in performance-critical operations.
To enable the following instructions: AVX2 AVX512F AVX512_VNNI FMA, in other operations, rebuild TensorFlow with the appropriate compiler flags.
2024-05-08 23:36:51.307778: W tensorflow/compiler/tf2tensorrt/utils/py_utils.cc:38] TF-TRT Warning: Could not find TensorRT
Execution time: 28.405184030532837 seconds
metaTables/vocal_music_demucs_16k/metaData_fma_large/row45300.csv
Execution time: 25.236865043640137 seconds
metaTables/vocal_music_demucs_16k/metaData_fma_large/row45301.csv
Execution time: 25.236916542053223 seconds
metaTables/vocal_music_demucs_16k/metaData_fma_large/row45302.csv
Execution time: 25.487592697143555 seconds
metaTables/vocal_music_demucs_16k/metaData_fma_large/row45303.csv
Execution time: 25.287264585494995 seconds
metaTables/vocal_music_demucs_16k/metaData_fma_large/row45304.csv
Execution time: 25.28707194328308 seconds
metaTables/vocal_music_demucs_16k/metaData_fma_large/row45305.csv
Execution time: 24.23581051826477 seconds
metaTables/vocal_music_demucs_16k/metaData_fma_large/row45306.csv
Execution time: 25.269558906555176 seconds
metaTables/vocal_music_demucs_16k/metaData_fma_large/row45307.csv
Execution time: 24.490144968032837 seconds
metaTables/vocal_music_demucs_16k/metaData_fma_large/row45308.csv
Execution time: 24.666784524917603 seconds
metaTables/vocal_music_demucs_16k/metaData_fma_large/row45309.csv
Execution time: 24.360997915267944 seconds
metaTables/vocal_music_demucs_16k/metaData_fma_large/row45310.csv
Execution time: 25.14357352256775 seconds
metaTables/vocal_music_demucs_16k/metaData_fma_large/row45311.csv
Execution time: 24.982187509536743 seconds
metaTables/vocal_music_demucs_16k/metaData_fma_large/row45312.csv
Execution time: 25.13514471054077 seconds
metaTables/vocal_music_demucs_16k/metaData_fma_large/row45313.csv
Execution time: 24.774473667144775 seconds
metaTables/vocal_music_demucs_16k/metaData_fma_large/row45314.csv
Execution time: 24.513033390045166 seconds
metaTables/vocal_music_demucs_16k/metaData_fma_large/row45315.csv
Execution time: 24.849207639694214 seconds
metaTables/vocal_music_demucs_16k/metaData_fma_large/row45316.csv
Execution time: 25.38830065727234 seconds
metaTables/vocal_music_demucs_16k/metaData_fma_large/row45317.csv
Execution time: 25.812036991119385 seconds
metaTables/vocal_music_demucs_16k/metaData_fma_large/row45318.csv
Execution time: 25.996591329574585 seconds
metaTables/vocal_music_demucs_16k/metaData_fma_large/row45319.csv
Execution time: 25.432917833328247 seconds
metaTables/vocal_music_demucs_16k/metaData_fma_large/row45320.csv
Execution time: 25.14356279373169 seconds
metaTables/vocal_music_demucs_16k/metaData_fma_large/row45321.csv
Execution time: 25.06358766555786 seconds
metaTables/vocal_music_demucs_16k/metaData_fma_large/row45322.csv
Execution time: 24.605759620666504 seconds
metaTables/vocal_music_demucs_16k/metaData_fma_large/row45323.csv
Execution time: 26.040870428085327 seconds
metaTables/vocal_music_demucs_16k/metaData_fma_large/row45324.csv
Execution time: 25.08604383468628 seconds
metaTables/vocal_music_demucs_16k/metaData_fma_large/row45325.csv
Execution time: 25.74867343902588 seconds
metaTables/vocal_music_demucs_16k/metaData_fma_large/row45326.csv
Execution time: 24.818437576293945 seconds
metaTables/vocal_music_demucs_16k/metaData_fma_large/row45327.csv
Execution time: 25.369885444641113 seconds
metaTables/vocal_music_demucs_16k/metaData_fma_large/row45328.csv
Execution time: 26.722273349761963 seconds
metaTables/vocal_music_demucs_16k/metaData_fma_large/row45329.csv
Execution time: 25.144709825515747 seconds
metaTables/vocal_music_demucs_16k/metaData_fma_large/row45330.csv
Execution time: 25.1691153049469 seconds
metaTables/vocal_music_demucs_16k/metaData_fma_large/row45331.csv
Execution time: 24.92479634284973 seconds
metaTables/vocal_music_demucs_16k/metaData_fma_large/row45332.csv
Execution time: 24.072563648223877 seconds
metaTables/vocal_music_demucs_16k/metaData_fma_large/row45333.csv
Execution time: 25.55769634246826 seconds
metaTables/vocal_music_demucs_16k/metaData_fma_large/row45334.csv
Execution time: 26.292096614837646 seconds
metaTables/vocal_music_demucs_16k/metaData_fma_large/row45335.csv
Execution time: 25.26229476928711 seconds
metaTables/vocal_music_demucs_16k/metaData_fma_large/row45336.csv
Execution time: 24.277159929275513 seconds
metaTables/vocal_music_demucs_16k/metaData_fma_large/row45337.csv
Execution time: 24.640846252441406 seconds
metaTables/vocal_music_demucs_16k/metaData_fma_large/row45338.csv
Execution time: 25.613675117492676 seconds
metaTables/vocal_music_demucs_16k/metaData_fma_large/row45339.csv
Execution time: 24.557746648788452 seconds
metaTables/vocal_music_demucs_16k/metaData_fma_large/row45340.csv
Execution time: 24.95700240135193 seconds
metaTables/vocal_music_demucs_16k/metaData_fma_large/row45341.csv
Execution time: 25.4430091381073 seconds
metaTables/vocal_music_demucs_16k/metaData_fma_large/row45342.csv
Execution time: 25.09174609184265 seconds
metaTables/vocal_music_demucs_16k/metaData_fma_large/row45343.csv
Execution time: 25.095516443252563 seconds
metaTables/vocal_music_demucs_16k/metaData_fma_large/row45344.csv
Execution time: 24.849390745162964 seconds
metaTables/vocal_music_demucs_16k/metaData_fma_large/row45345.csv
Execution time: 25.235220193862915 seconds
metaTables/vocal_music_demucs_16k/metaData_fma_large/row45346.csv
Execution time: 25.934650182724 seconds
metaTables/vocal_music_demucs_16k/metaData_fma_large/row45347.csv
Execution time: 25.470335960388184 seconds
metaTables/vocal_music_demucs_16k/metaData_fma_large/row45348.csv
Execution time: 25.313398599624634 seconds
metaTables/vocal_music_demucs_16k/metaData_fma_large/row45349.csv
Execution time: 25.033613920211792 seconds
metaTables/vocal_music_demucs_16k/metaData_fma_large/row45350.csv
Execution time: 25.786434412002563 seconds
metaTables/vocal_music_demucs_16k/metaData_fma_large/row45351.csv
Execution time: 25.16671657562256 seconds
metaTables/vocal_music_demucs_16k/metaData_fma_large/row45352.csv
Execution time: 24.648107051849365 seconds
metaTables/vocal_music_demucs_16k/metaData_fma_large/row45353.csv
Execution time: 23.895073413848877 seconds
metaTables/vocal_music_demucs_16k/metaData_fma_large/row45354.csv
Execution time: 22.57615041732788 seconds
metaTables/vocal_music_demucs_16k/metaData_fma_large/row45355.csv
Execution time: 24.97574234008789 seconds
metaTables/vocal_music_demucs_16k/metaData_fma_large/row45356.csv
Execution time: 25.10241985321045 seconds
metaTables/vocal_music_demucs_16k/metaData_fma_large/row45357.csv
Execution time: 25.829474449157715 seconds
metaTables/vocal_music_demucs_16k/metaData_fma_large/row45358.csv
Execution time: 25.845190048217773 seconds
metaTables/vocal_music_demucs_16k/metaData_fma_large/row45359.csv
Execution time: 25.439870357513428 seconds
metaTables/vocal_music_demucs_16k/metaData_fma_large/row45360.csv
Execution time: 24.907476663589478 seconds
metaTables/vocal_music_demucs_16k/metaData_fma_large/row45361.csv
Execution time: 25.035470247268677 seconds
metaTables/vocal_music_demucs_16k/metaData_fma_large/row45362.csv
Execution time: 25.441951990127563 seconds
metaTables/vocal_music_demucs_16k/metaData_fma_large/row45363.csv
Execution time: 24.57029390335083 seconds
metaTables/vocal_music_demucs_16k/metaData_fma_large/row45364.csv
Execution time: 25.386939764022827 seconds
metaTables/vocal_music_demucs_16k/metaData_fma_large/row45365.csv
Execution time: 25.830922603607178 seconds
metaTables/vocal_music_demucs_16k/metaData_fma_large/row45366.csv
Execution time: 25.560591459274292 seconds
metaTables/vocal_music_demucs_16k/metaData_fma_large/row45367.csv
Execution time: 26.558654308319092 seconds
metaTables/vocal_music_demucs_16k/metaData_fma_large/row45368.csv
Execution time: 24.86281943321228 seconds
metaTables/vocal_music_demucs_16k/metaData_fma_large/row45369.csv
Execution time: 25.99509072303772 seconds
metaTables/vocal_music_demucs_16k/metaData_fma_large/row45370.csv
Execution time: 24.760032415390015 seconds
metaTables/vocal_music_demucs_16k/metaData_fma_large/row45371.csv
Execution time: 24.55336880683899 seconds
metaTables/vocal_music_demucs_16k/metaData_fma_large/row45372.csv
Execution time: 12.565254926681519 seconds
metaTables/vocal_music_demucs_16k/metaData_fma_large/row45373.csv
Execution time: 25.255643606185913 seconds
metaTables/vocal_music_demucs_16k/metaData_fma_large/row45374.csv
Execution time: 24.47616720199585 seconds
metaTables/vocal_music_demucs_16k/metaData_fma_large/row45375.csv
Execution time: 24.355233907699585 seconds
metaTables/vocal_music_demucs_16k/metaData_fma_large/row45376.csv
Execution time: 24.383471250534058 seconds
metaTables/vocal_music_demucs_16k/metaData_fma_large/row45377.csv
Execution time: 25.499029397964478 seconds
metaTables/vocal_music_demucs_16k/metaData_fma_large/row45378.csv
Execution time: 25.89333939552307 seconds
metaTables/vocal_music_demucs_16k/metaData_fma_large/row45379.csv
Execution time: 24.815008401870728 seconds
metaTables/vocal_music_demucs_16k/metaData_fma_large/row45380.csv
Execution time: 25.458293437957764 seconds
metaTables/vocal_music_demucs_16k/metaData_fma_large/row45381.csv
Execution time: 25.474759578704834 seconds
metaTables/vocal_music_demucs_16k/metaData_fma_large/row45382.csv
Execution time: 25.46808886528015 seconds
metaTables/vocal_music_demucs_16k/metaData_fma_large/row45383.csv
Execution time: 24.812023878097534 seconds
metaTables/vocal_music_demucs_16k/metaData_fma_large/row45384.csv
Execution time: 25.41767692565918 seconds
metaTables/vocal_music_demucs_16k/metaData_fma_large/row45385.csv
Execution time: 24.107259035110474 seconds
metaTables/vocal_music_demucs_16k/metaData_fma_large/row45386.csv
Execution time: 24.628116369247437 seconds
metaTables/vocal_music_demucs_16k/metaData_fma_large/row45387.csv
Execution time: 25.293247938156128 seconds
metaTables/vocal_music_demucs_16k/metaData_fma_large/row45388.csv
Execution time: 26.056097269058228 seconds
metaTables/vocal_music_demucs_16k/metaData_fma_large/row45389.csv
Execution time: 25.26744771003723 seconds
metaTables/vocal_music_demucs_16k/metaData_fma_large/row45390.csv
Execution time: 24.759299755096436 seconds
metaTables/vocal_music_demucs_16k/metaData_fma_large/row45391.csv
Execution time: 25.959032773971558 seconds
metaTables/vocal_music_demucs_16k/metaData_fma_large/row45392.csv
Execution time: 25.60898995399475 seconds
metaTables/vocal_music_demucs_16k/metaData_fma_large/row45393.csv
Execution time: 25.504140853881836 seconds
metaTables/vocal_music_demucs_16k/metaData_fma_large/row45394.csv
Execution time: 24.290193557739258 seconds
metaTables/vocal_music_demucs_16k/metaData_fma_large/row45395.csv
Execution time: 25.304856538772583 seconds
metaTables/vocal_music_demucs_16k/metaData_fma_large/row45396.csv
Execution time: 25.231675386428833 seconds
metaTables/vocal_music_demucs_16k/metaData_fma_large/row45397.csv
Execution time: 25.509336233139038 seconds
metaTables/vocal_music_demucs_16k/metaData_fma_large/row45398.csv
Execution time: 25.433945417404175 seconds
metaTables/vocal_music_demucs_16k/metaData_fma_large/row45399.csv
Demucs voice recognition done!
