/ext3/demucs/lib/python3.9/site-packages/demucs/api.py:27: UserWarning: TorchAudio's global backend is now deprecated. Please enable distpatcher by setting `TORCHAUDIO_USE_BACKEND_DISPATCHER=1`, and specify backend when calling load/info/save function.
  import torchaudio as ta
2024-05-09 09:21:24.873509: I tensorflow/core/util/port.cc:113] oneDNN custom operations are on. You may see slightly different numerical results due to floating-point round-off errors from different computation orders. To turn them off, set the environment variable `TF_ENABLE_ONEDNN_OPTS=0`.
2024-05-09 09:21:25.453375: E external/local_xla/xla/stream_executor/cuda/cuda_dnn.cc:9261] Unable to register cuDNN factory: Attempting to register factory for plugin cuDNN when one has already been registered
2024-05-09 09:21:25.453414: E external/local_xla/xla/stream_executor/cuda/cuda_fft.cc:607] Unable to register cuFFT factory: Attempting to register factory for plugin cuFFT when one has already been registered
2024-05-09 09:21:25.485137: E external/local_xla/xla/stream_executor/cuda/cuda_blas.cc:1515] Unable to register cuBLAS factory: Attempting to register factory for plugin cuBLAS when one has already been registered
2024-05-09 09:21:25.626608: I tensorflow/core/platform/cpu_feature_guard.cc:182] This TensorFlow binary is optimized to use available CPU instructions in performance-critical operations.
To enable the following instructions: AVX2 AVX512F AVX512_VNNI FMA, in other operations, rebuild TensorFlow with the appropriate compiler flags.
2024-05-09 09:21:26.555165: W tensorflow/compiler/tf2tensorrt/utils/py_utils.cc:38] TF-TRT Warning: Could not find TensorRT
SKIPPING: metaTables/vocal_music_demucs_16k/metaData_fma_large/row51000.csv
SKIPPING: metaTables/vocal_music_demucs_16k/metaData_fma_large/row51001.csv
SKIPPING: metaTables/vocal_music_demucs_16k/metaData_fma_large/row51002.csv
SKIPPING: metaTables/vocal_music_demucs_16k/metaData_fma_large/row51003.csv
SKIPPING: metaTables/vocal_music_demucs_16k/metaData_fma_large/row51004.csv
SKIPPING: metaTables/vocal_music_demucs_16k/metaData_fma_large/row51005.csv
SKIPPING: metaTables/vocal_music_demucs_16k/metaData_fma_large/row51006.csv
SKIPPING: metaTables/vocal_music_demucs_16k/metaData_fma_large/row51007.csv
SKIPPING: metaTables/vocal_music_demucs_16k/metaData_fma_large/row51008.csv
SKIPPING: metaTables/vocal_music_demucs_16k/metaData_fma_large/row51009.csv
SKIPPING: metaTables/vocal_music_demucs_16k/metaData_fma_large/row51010.csv
SKIPPING: metaTables/vocal_music_demucs_16k/metaData_fma_large/row51011.csv
SKIPPING: metaTables/vocal_music_demucs_16k/metaData_fma_large/row51012.csv
SKIPPING: metaTables/vocal_music_demucs_16k/metaData_fma_large/row51013.csv
SKIPPING: metaTables/vocal_music_demucs_16k/metaData_fma_large/row51014.csv
SKIPPING: metaTables/vocal_music_demucs_16k/metaData_fma_large/row51015.csv
SKIPPING: metaTables/vocal_music_demucs_16k/metaData_fma_large/row51016.csv
SKIPPING: metaTables/vocal_music_demucs_16k/metaData_fma_large/row51017.csv
SKIPPING: metaTables/vocal_music_demucs_16k/metaData_fma_large/row51018.csv
SKIPPING: metaTables/vocal_music_demucs_16k/metaData_fma_large/row51019.csv
SKIPPING: metaTables/vocal_music_demucs_16k/metaData_fma_large/row51020.csv
SKIPPING: metaTables/vocal_music_demucs_16k/metaData_fma_large/row51021.csv
SKIPPING: metaTables/vocal_music_demucs_16k/metaData_fma_large/row51022.csv
SKIPPING: metaTables/vocal_music_demucs_16k/metaData_fma_large/row51023.csv
SKIPPING: metaTables/vocal_music_demucs_16k/metaData_fma_large/row51024.csv
SKIPPING: metaTables/vocal_music_demucs_16k/metaData_fma_large/row51025.csv
SKIPPING: metaTables/vocal_music_demucs_16k/metaData_fma_large/row51026.csv
SKIPPING: metaTables/vocal_music_demucs_16k/metaData_fma_large/row51027.csv
SKIPPING: metaTables/vocal_music_demucs_16k/metaData_fma_large/row51028.csv
SKIPPING: metaTables/vocal_music_demucs_16k/metaData_fma_large/row51029.csv
SKIPPING: metaTables/vocal_music_demucs_16k/metaData_fma_large/row51030.csv
SKIPPING: metaTables/vocal_music_demucs_16k/metaData_fma_large/row51031.csv
SKIPPING: metaTables/vocal_music_demucs_16k/metaData_fma_large/row51032.csv
SKIPPING: metaTables/vocal_music_demucs_16k/metaData_fma_large/row51033.csv
SKIPPING: metaTables/vocal_music_demucs_16k/metaData_fma_large/row51034.csv
SKIPPING: metaTables/vocal_music_demucs_16k/metaData_fma_large/row51035.csv
SKIPPING: metaTables/vocal_music_demucs_16k/metaData_fma_large/row51036.csv
SKIPPING: metaTables/vocal_music_demucs_16k/metaData_fma_large/row51037.csv
SKIPPING: metaTables/vocal_music_demucs_16k/metaData_fma_large/row51038.csv
SKIPPING: metaTables/vocal_music_demucs_16k/metaData_fma_large/row51039.csv
SKIPPING: metaTables/vocal_music_demucs_16k/metaData_fma_large/row51040.csv
SKIPPING: metaTables/vocal_music_demucs_16k/metaData_fma_large/row51041.csv
SKIPPING: metaTables/vocal_music_demucs_16k/metaData_fma_large/row51042.csv
SKIPPING: metaTables/vocal_music_demucs_16k/metaData_fma_large/row51043.csv
SKIPPING: metaTables/vocal_music_demucs_16k/metaData_fma_large/row51044.csv
SKIPPING: metaTables/vocal_music_demucs_16k/metaData_fma_large/row51045.csv
SKIPPING: metaTables/vocal_music_demucs_16k/metaData_fma_large/row51046.csv
SKIPPING: metaTables/vocal_music_demucs_16k/metaData_fma_large/row51047.csv
SKIPPING: metaTables/vocal_music_demucs_16k/metaData_fma_large/row51048.csv
SKIPPING: metaTables/vocal_music_demucs_16k/metaData_fma_large/row51049.csv
SKIPPING: metaTables/vocal_music_demucs_16k/metaData_fma_large/row51050.csv
SKIPPING: metaTables/vocal_music_demucs_16k/metaData_fma_large/row51051.csv
SKIPPING: metaTables/vocal_music_demucs_16k/metaData_fma_large/row51052.csv
SKIPPING: metaTables/vocal_music_demucs_16k/metaData_fma_large/row51053.csv
SKIPPING: metaTables/vocal_music_demucs_16k/metaData_fma_large/row51054.csv
SKIPPING: metaTables/vocal_music_demucs_16k/metaData_fma_large/row51055.csv
SKIPPING: metaTables/vocal_music_demucs_16k/metaData_fma_large/row51056.csv
SKIPPING: metaTables/vocal_music_demucs_16k/metaData_fma_large/row51057.csv
SKIPPING: metaTables/vocal_music_demucs_16k/metaData_fma_large/row51058.csv
SKIPPING: metaTables/vocal_music_demucs_16k/metaData_fma_large/row51059.csv
SKIPPING: metaTables/vocal_music_demucs_16k/metaData_fma_large/row51060.csv
SKIPPING: metaTables/vocal_music_demucs_16k/metaData_fma_large/row51061.csv
SKIPPING: metaTables/vocal_music_demucs_16k/metaData_fma_large/row51062.csv
SKIPPING: metaTables/vocal_music_demucs_16k/metaData_fma_large/row51063.csv
SKIPPING: metaTables/vocal_music_demucs_16k/metaData_fma_large/row51064.csv
SKIPPING: metaTables/vocal_music_demucs_16k/metaData_fma_large/row51065.csv
SKIPPING: metaTables/vocal_music_demucs_16k/metaData_fma_large/row51066.csv
SKIPPING: metaTables/vocal_music_demucs_16k/metaData_fma_large/row51067.csv
SKIPPING: metaTables/vocal_music_demucs_16k/metaData_fma_large/row51068.csv
SKIPPING: metaTables/vocal_music_demucs_16k/metaData_fma_large/row51069.csv
SKIPPING: metaTables/vocal_music_demucs_16k/metaData_fma_large/row51070.csv
SKIPPING: metaTables/vocal_music_demucs_16k/metaData_fma_large/row51071.csv
SKIPPING: metaTables/vocal_music_demucs_16k/metaData_fma_large/row51072.csv
SKIPPING: metaTables/vocal_music_demucs_16k/metaData_fma_large/row51073.csv
SKIPPING: metaTables/vocal_music_demucs_16k/metaData_fma_large/row51074.csv
SKIPPING: metaTables/vocal_music_demucs_16k/metaData_fma_large/row51075.csv
SKIPPING: metaTables/vocal_music_demucs_16k/metaData_fma_large/row51076.csv
SKIPPING: metaTables/vocal_music_demucs_16k/metaData_fma_large/row51077.csv
SKIPPING: metaTables/vocal_music_demucs_16k/metaData_fma_large/row51078.csv
SKIPPING: metaTables/vocal_music_demucs_16k/metaData_fma_large/row51079.csv
SKIPPING: metaTables/vocal_music_demucs_16k/metaData_fma_large/row51080.csv
SKIPPING: metaTables/vocal_music_demucs_16k/metaData_fma_large/row51081.csv
SKIPPING: metaTables/vocal_music_demucs_16k/metaData_fma_large/row51082.csv
SKIPPING: metaTables/vocal_music_demucs_16k/metaData_fma_large/row51083.csv
SKIPPING: metaTables/vocal_music_demucs_16k/metaData_fma_large/row51084.csv
SKIPPING: metaTables/vocal_music_demucs_16k/metaData_fma_large/row51085.csv
SKIPPING: metaTables/vocal_music_demucs_16k/metaData_fma_large/row51086.csv
SKIPPING: metaTables/vocal_music_demucs_16k/metaData_fma_large/row51087.csv
SKIPPING: metaTables/vocal_music_demucs_16k/metaData_fma_large/row51088.csv
SKIPPING: metaTables/vocal_music_demucs_16k/metaData_fma_large/row51089.csv
SKIPPING: metaTables/vocal_music_demucs_16k/metaData_fma_large/row51090.csv
SKIPPING: metaTables/vocal_music_demucs_16k/metaData_fma_large/row51091.csv
SKIPPING: metaTables/vocal_music_demucs_16k/metaData_fma_large/row51092.csv
SKIPPING: metaTables/vocal_music_demucs_16k/metaData_fma_large/row51093.csv
SKIPPING: metaTables/vocal_music_demucs_16k/metaData_fma_large/row51094.csv
SKIPPING: metaTables/vocal_music_demucs_16k/metaData_fma_large/row51095.csv
SKIPPING: metaTables/vocal_music_demucs_16k/metaData_fma_large/row51096.csv
SKIPPING: metaTables/vocal_music_demucs_16k/metaData_fma_large/row51097.csv
SKIPPING: metaTables/vocal_music_demucs_16k/metaData_fma_large/row51098.csv
SKIPPING: metaTables/vocal_music_demucs_16k/metaData_fma_large/row51099.csv
Demucs voice recognition done!
