/ext3/demucs/lib/python3.9/site-packages/demucs/api.py:27: UserWarning: TorchAudio's global backend is now deprecated. Please enable distpatcher by setting `TORCHAUDIO_USE_BACKEND_DISPATCHER=1`, and specify backend when calling load/info/save function.
  import torchaudio as ta
2024-05-09 09:22:22.549947: I tensorflow/core/util/port.cc:113] oneDNN custom operations are on. You may see slightly different numerical results due to floating-point round-off errors from different computation orders. To turn them off, set the environment variable `TF_ENABLE_ONEDNN_OPTS=0`.
2024-05-09 09:22:23.469597: E external/local_xla/xla/stream_executor/cuda/cuda_dnn.cc:9261] Unable to register cuDNN factory: Attempting to register factory for plugin cuDNN when one has already been registered
2024-05-09 09:22:23.469634: E external/local_xla/xla/stream_executor/cuda/cuda_fft.cc:607] Unable to register cuFFT factory: Attempting to register factory for plugin cuFFT when one has already been registered
2024-05-09 09:22:23.562503: E external/local_xla/xla/stream_executor/cuda/cuda_blas.cc:1515] Unable to register cuBLAS factory: Attempting to register factory for plugin cuBLAS when one has already been registered
2024-05-09 09:22:23.680089: I tensorflow/core/platform/cpu_feature_guard.cc:182] This TensorFlow binary is optimized to use available CPU instructions in performance-critical operations.
To enable the following instructions: AVX2 AVX512F AVX512_VNNI FMA, in other operations, rebuild TensorFlow with the appropriate compiler flags.
2024-05-09 09:22:24.591633: W tensorflow/compiler/tf2tensorrt/utils/py_utils.cc:38] TF-TRT Warning: Could not find TensorRT
SKIPPING: metaTables/vocal_music_demucs_16k/metaData_fma_large/row79900.csv
SKIPPING: metaTables/vocal_music_demucs_16k/metaData_fma_large/row79901.csv
SKIPPING: metaTables/vocal_music_demucs_16k/metaData_fma_large/row79902.csv
SKIPPING: metaTables/vocal_music_demucs_16k/metaData_fma_large/row79903.csv
SKIPPING: metaTables/vocal_music_demucs_16k/metaData_fma_large/row79904.csv
SKIPPING: metaTables/vocal_music_demucs_16k/metaData_fma_large/row79905.csv
SKIPPING: metaTables/vocal_music_demucs_16k/metaData_fma_large/row79906.csv
SKIPPING: metaTables/vocal_music_demucs_16k/metaData_fma_large/row79907.csv
SKIPPING: metaTables/vocal_music_demucs_16k/metaData_fma_large/row79908.csv
SKIPPING: metaTables/vocal_music_demucs_16k/metaData_fma_large/row79909.csv
SKIPPING: metaTables/vocal_music_demucs_16k/metaData_fma_large/row79910.csv
SKIPPING: metaTables/vocal_music_demucs_16k/metaData_fma_large/row79911.csv
SKIPPING: metaTables/vocal_music_demucs_16k/metaData_fma_large/row79912.csv
SKIPPING: metaTables/vocal_music_demucs_16k/metaData_fma_large/row79913.csv
SKIPPING: metaTables/vocal_music_demucs_16k/metaData_fma_large/row79914.csv
SKIPPING: metaTables/vocal_music_demucs_16k/metaData_fma_large/row79915.csv
SKIPPING: metaTables/vocal_music_demucs_16k/metaData_fma_large/row79916.csv
SKIPPING: metaTables/vocal_music_demucs_16k/metaData_fma_large/row79917.csv
SKIPPING: metaTables/vocal_music_demucs_16k/metaData_fma_large/row79918.csv
SKIPPING: metaTables/vocal_music_demucs_16k/metaData_fma_large/row79919.csv
SKIPPING: metaTables/vocal_music_demucs_16k/metaData_fma_large/row79920.csv
SKIPPING: metaTables/vocal_music_demucs_16k/metaData_fma_large/row79921.csv
SKIPPING: metaTables/vocal_music_demucs_16k/metaData_fma_large/row79922.csv
SKIPPING: metaTables/vocal_music_demucs_16k/metaData_fma_large/row79923.csv
SKIPPING: metaTables/vocal_music_demucs_16k/metaData_fma_large/row79924.csv
SKIPPING: metaTables/vocal_music_demucs_16k/metaData_fma_large/row79925.csv
SKIPPING: metaTables/vocal_music_demucs_16k/metaData_fma_large/row79926.csv
SKIPPING: metaTables/vocal_music_demucs_16k/metaData_fma_large/row79927.csv
SKIPPING: metaTables/vocal_music_demucs_16k/metaData_fma_large/row79928.csv
SKIPPING: metaTables/vocal_music_demucs_16k/metaData_fma_large/row79929.csv
SKIPPING: metaTables/vocal_music_demucs_16k/metaData_fma_large/row79930.csv
SKIPPING: metaTables/vocal_music_demucs_16k/metaData_fma_large/row79931.csv
SKIPPING: metaTables/vocal_music_demucs_16k/metaData_fma_large/row79932.csv
SKIPPING: metaTables/vocal_music_demucs_16k/metaData_fma_large/row79933.csv
SKIPPING: metaTables/vocal_music_demucs_16k/metaData_fma_large/row79934.csv
SKIPPING: metaTables/vocal_music_demucs_16k/metaData_fma_large/row79935.csv
SKIPPING: metaTables/vocal_music_demucs_16k/metaData_fma_large/row79936.csv
SKIPPING: metaTables/vocal_music_demucs_16k/metaData_fma_large/row79937.csv
SKIPPING: metaTables/vocal_music_demucs_16k/metaData_fma_large/row79938.csv
SKIPPING: metaTables/vocal_music_demucs_16k/metaData_fma_large/row79939.csv
SKIPPING: metaTables/vocal_music_demucs_16k/metaData_fma_large/row79940.csv
SKIPPING: metaTables/vocal_music_demucs_16k/metaData_fma_large/row79941.csv
SKIPPING: metaTables/vocal_music_demucs_16k/metaData_fma_large/row79942.csv
SKIPPING: metaTables/vocal_music_demucs_16k/metaData_fma_large/row79943.csv
SKIPPING: metaTables/vocal_music_demucs_16k/metaData_fma_large/row79944.csv
SKIPPING: metaTables/vocal_music_demucs_16k/metaData_fma_large/row79945.csv
SKIPPING: metaTables/vocal_music_demucs_16k/metaData_fma_large/row79946.csv
SKIPPING: metaTables/vocal_music_demucs_16k/metaData_fma_large/row79947.csv
SKIPPING: metaTables/vocal_music_demucs_16k/metaData_fma_large/row79948.csv
SKIPPING: metaTables/vocal_music_demucs_16k/metaData_fma_large/row79949.csv
SKIPPING: metaTables/vocal_music_demucs_16k/metaData_fma_large/row79950.csv
SKIPPING: metaTables/vocal_music_demucs_16k/metaData_fma_large/row79951.csv
SKIPPING: metaTables/vocal_music_demucs_16k/metaData_fma_large/row79952.csv
SKIPPING: metaTables/vocal_music_demucs_16k/metaData_fma_large/row79953.csv
SKIPPING: metaTables/vocal_music_demucs_16k/metaData_fma_large/row79954.csv
SKIPPING: metaTables/vocal_music_demucs_16k/metaData_fma_large/row79955.csv
SKIPPING: metaTables/vocal_music_demucs_16k/metaData_fma_large/row79956.csv
SKIPPING: metaTables/vocal_music_demucs_16k/metaData_fma_large/row79957.csv
SKIPPING: metaTables/vocal_music_demucs_16k/metaData_fma_large/row79958.csv
SKIPPING: metaTables/vocal_music_demucs_16k/metaData_fma_large/row79959.csv
SKIPPING: metaTables/vocal_music_demucs_16k/metaData_fma_large/row79960.csv
SKIPPING: metaTables/vocal_music_demucs_16k/metaData_fma_large/row79961.csv
SKIPPING: metaTables/vocal_music_demucs_16k/metaData_fma_large/row79962.csv
SKIPPING: metaTables/vocal_music_demucs_16k/metaData_fma_large/row79963.csv
SKIPPING: metaTables/vocal_music_demucs_16k/metaData_fma_large/row79964.csv
SKIPPING: metaTables/vocal_music_demucs_16k/metaData_fma_large/row79965.csv
SKIPPING: metaTables/vocal_music_demucs_16k/metaData_fma_large/row79966.csv
SKIPPING: metaTables/vocal_music_demucs_16k/metaData_fma_large/row79967.csv
SKIPPING: metaTables/vocal_music_demucs_16k/metaData_fma_large/row79968.csv
SKIPPING: metaTables/vocal_music_demucs_16k/metaData_fma_large/row79969.csv
SKIPPING: metaTables/vocal_music_demucs_16k/metaData_fma_large/row79970.csv
SKIPPING: metaTables/vocal_music_demucs_16k/metaData_fma_large/row79971.csv
SKIPPING: metaTables/vocal_music_demucs_16k/metaData_fma_large/row79972.csv
SKIPPING: metaTables/vocal_music_demucs_16k/metaData_fma_large/row79973.csv
SKIPPING: metaTables/vocal_music_demucs_16k/metaData_fma_large/row79974.csv
SKIPPING: metaTables/vocal_music_demucs_16k/metaData_fma_large/row79975.csv
SKIPPING: metaTables/vocal_music_demucs_16k/metaData_fma_large/row79976.csv
SKIPPING: metaTables/vocal_music_demucs_16k/metaData_fma_large/row79977.csv
SKIPPING: metaTables/vocal_music_demucs_16k/metaData_fma_large/row79978.csv
SKIPPING: metaTables/vocal_music_demucs_16k/metaData_fma_large/row79979.csv
SKIPPING: metaTables/vocal_music_demucs_16k/metaData_fma_large/row79980.csv
SKIPPING: metaTables/vocal_music_demucs_16k/metaData_fma_large/row79981.csv
SKIPPING: metaTables/vocal_music_demucs_16k/metaData_fma_large/row79982.csv
SKIPPING: metaTables/vocal_music_demucs_16k/metaData_fma_large/row79983.csv
SKIPPING: metaTables/vocal_music_demucs_16k/metaData_fma_large/row79984.csv
SKIPPING: metaTables/vocal_music_demucs_16k/metaData_fma_large/row79985.csv
SKIPPING: metaTables/vocal_music_demucs_16k/metaData_fma_large/row79986.csv
SKIPPING: metaTables/vocal_music_demucs_16k/metaData_fma_large/row79987.csv
SKIPPING: metaTables/vocal_music_demucs_16k/metaData_fma_large/row79988.csv
SKIPPING: metaTables/vocal_music_demucs_16k/metaData_fma_large/row79989.csv
SKIPPING: metaTables/vocal_music_demucs_16k/metaData_fma_large/row79990.csv
SKIPPING: metaTables/vocal_music_demucs_16k/metaData_fma_large/row79991.csv
SKIPPING: metaTables/vocal_music_demucs_16k/metaData_fma_large/row79992.csv
SKIPPING: metaTables/vocal_music_demucs_16k/metaData_fma_large/row79993.csv
SKIPPING: metaTables/vocal_music_demucs_16k/metaData_fma_large/row79994.csv
SKIPPING: metaTables/vocal_music_demucs_16k/metaData_fma_large/row79995.csv
SKIPPING: metaTables/vocal_music_demucs_16k/metaData_fma_large/row79996.csv
SKIPPING: metaTables/vocal_music_demucs_16k/metaData_fma_large/row79997.csv
SKIPPING: metaTables/vocal_music_demucs_16k/metaData_fma_large/row79998.csv
SKIPPING: metaTables/vocal_music_demucs_16k/metaData_fma_large/row79999.csv
Demucs voice recognition done!
