/ext3/demucs/lib/python3.9/site-packages/demucs/api.py:27: UserWarning: TorchAudio's global backend is now deprecated. Please enable distpatcher by setting `TORCHAUDIO_USE_BACKEND_DISPATCHER=1`, and specify backend when calling load/info/save function.
  import torchaudio as ta
2024-05-10 01:28:23.391693: I tensorflow/core/util/port.cc:113] oneDNN custom operations are on. You may see slightly different numerical results due to floating-point round-off errors from different computation orders. To turn them off, set the environment variable `TF_ENABLE_ONEDNN_OPTS=0`.
2024-05-10 01:28:23.714033: E external/local_xla/xla/stream_executor/cuda/cuda_dnn.cc:9261] Unable to register cuDNN factory: Attempting to register factory for plugin cuDNN when one has already been registered
2024-05-10 01:28:23.714080: E external/local_xla/xla/stream_executor/cuda/cuda_fft.cc:607] Unable to register cuFFT factory: Attempting to register factory for plugin cuFFT when one has already been registered
2024-05-10 01:28:23.755424: E external/local_xla/xla/stream_executor/cuda/cuda_blas.cc:1515] Unable to register cuBLAS factory: Attempting to register factory for plugin cuBLAS when one has already been registered
2024-05-10 01:28:23.829516: I tensorflow/core/platform/cpu_feature_guard.cc:182] This TensorFlow binary is optimized to use available CPU instructions in performance-critical operations.
To enable the following instructions: AVX2 AVX512F AVX512_VNNI FMA, in other operations, rebuild TensorFlow with the appropriate compiler flags.
2024-05-10 01:28:24.744933: W tensorflow/compiler/tf2tensorrt/utils/py_utils.cc:38] TF-TRT Warning: Could not find TensorRT
SKIPPING: metaTables/vocal_music_demucs_16k/metaData_fma_large/row33000.csv
SKIPPING: metaTables/vocal_music_demucs_16k/metaData_fma_large/row33001.csv
SKIPPING: metaTables/vocal_music_demucs_16k/metaData_fma_large/row33002.csv
SKIPPING: metaTables/vocal_music_demucs_16k/metaData_fma_large/row33003.csv
SKIPPING: metaTables/vocal_music_demucs_16k/metaData_fma_large/row33004.csv
SKIPPING: metaTables/vocal_music_demucs_16k/metaData_fma_large/row33005.csv
SKIPPING: metaTables/vocal_music_demucs_16k/metaData_fma_large/row33006.csv
SKIPPING: metaTables/vocal_music_demucs_16k/metaData_fma_large/row33007.csv
SKIPPING: metaTables/vocal_music_demucs_16k/metaData_fma_large/row33008.csv
SKIPPING: metaTables/vocal_music_demucs_16k/metaData_fma_large/row33009.csv
SKIPPING: metaTables/vocal_music_demucs_16k/metaData_fma_large/row33010.csv
SKIPPING: metaTables/vocal_music_demucs_16k/metaData_fma_large/row33011.csv
SKIPPING: metaTables/vocal_music_demucs_16k/metaData_fma_large/row33012.csv
SKIPPING: metaTables/vocal_music_demucs_16k/metaData_fma_large/row33013.csv
SKIPPING: metaTables/vocal_music_demucs_16k/metaData_fma_large/row33014.csv
Execution time: 33.589659214019775 seconds
metaTables/vocal_music_demucs_16k/metaData_fma_large/row33015.csv
Execution time: 32.59341239929199 seconds
metaTables/vocal_music_demucs_16k/metaData_fma_large/row33016.csv
Execution time: 32.0642728805542 seconds
metaTables/vocal_music_demucs_16k/metaData_fma_large/row33017.csv
Execution time: 32.119793176651 seconds
metaTables/vocal_music_demucs_16k/metaData_fma_large/row33018.csv
Execution time: 31.730855703353882 seconds
metaTables/vocal_music_demucs_16k/metaData_fma_large/row33019.csv
Execution time: 30.657721281051636 seconds
metaTables/vocal_music_demucs_16k/metaData_fma_large/row33020.csv
Execution time: 30.254556894302368 seconds
metaTables/vocal_music_demucs_16k/metaData_fma_large/row33021.csv
Execution time: 31.176634788513184 seconds
metaTables/vocal_music_demucs_16k/metaData_fma_large/row33022.csv
Execution time: 30.350437879562378 seconds
metaTables/vocal_music_demucs_16k/metaData_fma_large/row33023.csv
Execution time: 31.08102560043335 seconds
metaTables/vocal_music_demucs_16k/metaData_fma_large/row33024.csv
Execution time: 31.61845636367798 seconds
metaTables/vocal_music_demucs_16k/metaData_fma_large/row33025.csv
Execution time: 31.143102407455444 seconds
metaTables/vocal_music_demucs_16k/metaData_fma_large/row33026.csv
Execution time: 32.55088829994202 seconds
metaTables/vocal_music_demucs_16k/metaData_fma_large/row33027.csv
Execution time: 34.03914952278137 seconds
metaTables/vocal_music_demucs_16k/metaData_fma_large/row33028.csv
Execution time: 32.21947646141052 seconds
metaTables/vocal_music_demucs_16k/metaData_fma_large/row33029.csv
Execution time: 30.517922163009644 seconds
metaTables/vocal_music_demucs_16k/metaData_fma_large/row33030.csv
Execution time: 28.79703450202942 seconds
metaTables/vocal_music_demucs_16k/metaData_fma_large/row33031.csv
Execution time: 30.443880796432495 seconds
metaTables/vocal_music_demucs_16k/metaData_fma_large/row33032.csv
Execution time: 31.911155700683594 seconds
metaTables/vocal_music_demucs_16k/metaData_fma_large/row33033.csv
Execution time: 33.81980276107788 seconds
metaTables/vocal_music_demucs_16k/metaData_fma_large/row33034.csv
Execution time: 31.780075788497925 seconds
metaTables/vocal_music_demucs_16k/metaData_fma_large/row33035.csv
Execution time: 31.1091148853302 seconds
metaTables/vocal_music_demucs_16k/metaData_fma_large/row33036.csv
Execution time: 30.21896529197693 seconds
metaTables/vocal_music_demucs_16k/metaData_fma_large/row33037.csv
Execution time: 31.305715560913086 seconds
metaTables/vocal_music_demucs_16k/metaData_fma_large/row33038.csv
Execution time: 31.518086910247803 seconds
metaTables/vocal_music_demucs_16k/metaData_fma_large/row33039.csv
Execution time: 30.86582660675049 seconds
metaTables/vocal_music_demucs_16k/metaData_fma_large/row33040.csv
Execution time: 31.48788571357727 seconds
metaTables/vocal_music_demucs_16k/metaData_fma_large/row33041.csv
Execution time: 31.615880727767944 seconds
metaTables/vocal_music_demucs_16k/metaData_fma_large/row33042.csv
Execution time: 30.67698860168457 seconds
metaTables/vocal_music_demucs_16k/metaData_fma_large/row33043.csv
Execution time: 31.911157846450806 seconds
metaTables/vocal_music_demucs_16k/metaData_fma_large/row33044.csv
Execution time: 30.863184690475464 seconds
metaTables/vocal_music_demucs_16k/metaData_fma_large/row33045.csv
Execution time: 30.45045828819275 seconds
metaTables/vocal_music_demucs_16k/metaData_fma_large/row33046.csv
Execution time: 30.334086179733276 seconds
metaTables/vocal_music_demucs_16k/metaData_fma_large/row33047.csv
Execution time: 31.424233198165894 seconds
metaTables/vocal_music_demucs_16k/metaData_fma_large/row33048.csv
Execution time: 31.879474878311157 seconds
metaTables/vocal_music_demucs_16k/metaData_fma_large/row33049.csv
Execution time: 31.880669593811035 seconds
metaTables/vocal_music_demucs_16k/metaData_fma_large/row33050.csv
Execution time: 31.318793296813965 seconds
metaTables/vocal_music_demucs_16k/metaData_fma_large/row33051.csv
Execution time: 30.196261167526245 seconds
metaTables/vocal_music_demucs_16k/metaData_fma_large/row33052.csv
Execution time: 32.44365406036377 seconds
metaTables/vocal_music_demucs_16k/metaData_fma_large/row33053.csv
Execution time: 31.608686923980713 seconds
metaTables/vocal_music_demucs_16k/metaData_fma_large/row33054.csv
Execution time: 32.12702941894531 seconds
metaTables/vocal_music_demucs_16k/metaData_fma_large/row33055.csv
Execution time: 32.535006284713745 seconds
metaTables/vocal_music_demucs_16k/metaData_fma_large/row33056.csv
Execution time: 32.258054971694946 seconds
metaTables/vocal_music_demucs_16k/metaData_fma_large/row33057.csv
Execution time: 32.9989914894104 seconds
metaTables/vocal_music_demucs_16k/metaData_fma_large/row33058.csv
Execution time: 31.439879655838013 seconds
metaTables/vocal_music_demucs_16k/metaData_fma_large/row33059.csv
Execution time: 31.62503743171692 seconds
metaTables/vocal_music_demucs_16k/metaData_fma_large/row33060.csv
Execution time: 30.432292938232422 seconds
metaTables/vocal_music_demucs_16k/metaData_fma_large/row33061.csv
Execution time: 31.326944828033447 seconds
metaTables/vocal_music_demucs_16k/metaData_fma_large/row33062.csv
Execution time: 31.455562114715576 seconds
metaTables/vocal_music_demucs_16k/metaData_fma_large/row33063.csv
Execution time: 30.810738563537598 seconds
metaTables/vocal_music_demucs_16k/metaData_fma_large/row33064.csv
Execution time: 32.30459928512573 seconds
metaTables/vocal_music_demucs_16k/metaData_fma_large/row33065.csv
Execution time: 30.46740698814392 seconds
metaTables/vocal_music_demucs_16k/metaData_fma_large/row33066.csv
Execution time: 31.27182912826538 seconds
metaTables/vocal_music_demucs_16k/metaData_fma_large/row33067.csv
Execution time: 29.753088235855103 seconds
metaTables/vocal_music_demucs_16k/metaData_fma_large/row33068.csv
Execution time: 31.17856502532959 seconds
metaTables/vocal_music_demucs_16k/metaData_fma_large/row33069.csv
Execution time: 31.594109058380127 seconds
metaTables/vocal_music_demucs_16k/metaData_fma_large/row33070.csv
Execution time: 29.815779447555542 seconds
metaTables/vocal_music_demucs_16k/metaData_fma_large/row33071.csv
Execution time: 10.392149686813354 seconds
metaTables/vocal_music_demucs_16k/metaData_fma_large/row33072.csv
Execution time: 30.212682962417603 seconds
metaTables/vocal_music_demucs_16k/metaData_fma_large/row33073.csv
Execution time: 31.90727925300598 seconds
metaTables/vocal_music_demucs_16k/metaData_fma_large/row33074.csv
Execution time: 30.194261074066162 seconds
metaTables/vocal_music_demucs_16k/metaData_fma_large/row33075.csv
Execution time: 30.776789903640747 seconds
metaTables/vocal_music_demucs_16k/metaData_fma_large/row33076.csv
Execution time: 30.24404549598694 seconds
metaTables/vocal_music_demucs_16k/metaData_fma_large/row33077.csv
Execution time: 31.286991596221924 seconds
metaTables/vocal_music_demucs_16k/metaData_fma_large/row33078.csv
Execution time: 29.925348043441772 seconds
metaTables/vocal_music_demucs_16k/metaData_fma_large/row33079.csv
Execution time: 30.60038661956787 seconds
metaTables/vocal_music_demucs_16k/metaData_fma_large/row33080.csv
Execution time: 30.006572723388672 seconds
metaTables/vocal_music_demucs_16k/metaData_fma_large/row33081.csv
Execution time: 31.223861694335938 seconds
metaTables/vocal_music_demucs_16k/metaData_fma_large/row33082.csv
Execution time: 31.21784543991089 seconds
metaTables/vocal_music_demucs_16k/metaData_fma_large/row33083.csv
Execution time: 30.03663682937622 seconds
metaTables/vocal_music_demucs_16k/metaData_fma_large/row33084.csv
Execution time: 30.869190216064453 seconds
metaTables/vocal_music_demucs_16k/metaData_fma_large/row33085.csv
Execution time: 32.59028196334839 seconds
metaTables/vocal_music_demucs_16k/metaData_fma_large/row33086.csv
Execution time: 30.131225109100342 seconds
metaTables/vocal_music_demucs_16k/metaData_fma_large/row33087.csv
Execution time: 30.26934552192688 seconds
metaTables/vocal_music_demucs_16k/metaData_fma_large/row33088.csv
Execution time: 32.12396860122681 seconds
metaTables/vocal_music_demucs_16k/metaData_fma_large/row33089.csv
Execution time: 28.992706298828125 seconds
metaTables/vocal_music_demucs_16k/metaData_fma_large/row33090.csv
Execution time: 29.079882621765137 seconds
metaTables/vocal_music_demucs_16k/metaData_fma_large/row33091.csv
Execution time: 27.783185243606567 seconds
metaTables/vocal_music_demucs_16k/metaData_fma_large/row33092.csv
Execution time: 18.63701605796814 seconds
metaTables/vocal_music_demucs_16k/metaData_fma_large/row33093.csv
Execution time: 27.99087953567505 seconds
metaTables/vocal_music_demucs_16k/metaData_fma_large/row33094.csv
Execution time: 27.789411544799805 seconds
metaTables/vocal_music_demucs_16k/metaData_fma_large/row33095.csv
Execution time: 27.531541109085083 seconds
metaTables/vocal_music_demucs_16k/metaData_fma_large/row33096.csv
Execution time: 27.0776207447052 seconds
metaTables/vocal_music_demucs_16k/metaData_fma_large/row33097.csv
Execution time: 27.93528723716736 seconds
metaTables/vocal_music_demucs_16k/metaData_fma_large/row33098.csv
Execution time: 27.05083703994751 seconds
metaTables/vocal_music_demucs_16k/metaData_fma_large/row33099.csv
Demucs voice recognition done!
