/ext3/demucs/lib/python3.9/site-packages/demucs/api.py:27: UserWarning: TorchAudio's global backend is now deprecated. Please enable distpatcher by setting `TORCHAUDIO_USE_BACKEND_DISPATCHER=1`, and specify backend when calling load/info/save function.
  import torchaudio as ta
2024-05-09 09:23:23.247866: I tensorflow/core/util/port.cc:113] oneDNN custom operations are on. You may see slightly different numerical results due to floating-point round-off errors from different computation orders. To turn them off, set the environment variable `TF_ENABLE_ONEDNN_OPTS=0`.
2024-05-09 09:23:25.097679: E external/local_xla/xla/stream_executor/cuda/cuda_dnn.cc:9261] Unable to register cuDNN factory: Attempting to register factory for plugin cuDNN when one has already been registered
2024-05-09 09:23:25.097717: E external/local_xla/xla/stream_executor/cuda/cuda_fft.cc:607] Unable to register cuFFT factory: Attempting to register factory for plugin cuFFT when one has already been registered
2024-05-09 09:23:25.200463: E external/local_xla/xla/stream_executor/cuda/cuda_blas.cc:1515] Unable to register cuBLAS factory: Attempting to register factory for plugin cuBLAS when one has already been registered
2024-05-09 09:23:25.265838: I tensorflow/core/platform/cpu_feature_guard.cc:182] This TensorFlow binary is optimized to use available CPU instructions in performance-critical operations.
To enable the following instructions: AVX2 AVX512F AVX512_VNNI FMA, in other operations, rebuild TensorFlow with the appropriate compiler flags.
2024-05-09 09:23:26.172693: W tensorflow/compiler/tf2tensorrt/utils/py_utils.cc:38] TF-TRT Warning: Could not find TensorRT
SKIPPING: metaTables/vocal_music_demucs_16k/metaData_fma_large/row103400.csv
SKIPPING: metaTables/vocal_music_demucs_16k/metaData_fma_large/row103401.csv
SKIPPING: metaTables/vocal_music_demucs_16k/metaData_fma_large/row103402.csv
SKIPPING: metaTables/vocal_music_demucs_16k/metaData_fma_large/row103403.csv
SKIPPING: metaTables/vocal_music_demucs_16k/metaData_fma_large/row103404.csv
SKIPPING: metaTables/vocal_music_demucs_16k/metaData_fma_large/row103405.csv
SKIPPING: metaTables/vocal_music_demucs_16k/metaData_fma_large/row103406.csv
SKIPPING: metaTables/vocal_music_demucs_16k/metaData_fma_large/row103407.csv
SKIPPING: metaTables/vocal_music_demucs_16k/metaData_fma_large/row103408.csv
SKIPPING: metaTables/vocal_music_demucs_16k/metaData_fma_large/row103409.csv
SKIPPING: metaTables/vocal_music_demucs_16k/metaData_fma_large/row103410.csv
SKIPPING: metaTables/vocal_music_demucs_16k/metaData_fma_large/row103411.csv
SKIPPING: metaTables/vocal_music_demucs_16k/metaData_fma_large/row103412.csv
SKIPPING: metaTables/vocal_music_demucs_16k/metaData_fma_large/row103413.csv
SKIPPING: metaTables/vocal_music_demucs_16k/metaData_fma_large/row103414.csv
SKIPPING: metaTables/vocal_music_demucs_16k/metaData_fma_large/row103415.csv
SKIPPING: metaTables/vocal_music_demucs_16k/metaData_fma_large/row103416.csv
SKIPPING: metaTables/vocal_music_demucs_16k/metaData_fma_large/row103417.csv
SKIPPING: metaTables/vocal_music_demucs_16k/metaData_fma_large/row103418.csv
SKIPPING: metaTables/vocal_music_demucs_16k/metaData_fma_large/row103419.csv
SKIPPING: metaTables/vocal_music_demucs_16k/metaData_fma_large/row103420.csv
SKIPPING: metaTables/vocal_music_demucs_16k/metaData_fma_large/row103421.csv
SKIPPING: metaTables/vocal_music_demucs_16k/metaData_fma_large/row103422.csv
SKIPPING: metaTables/vocal_music_demucs_16k/metaData_fma_large/row103423.csv
SKIPPING: metaTables/vocal_music_demucs_16k/metaData_fma_large/row103424.csv
SKIPPING: metaTables/vocal_music_demucs_16k/metaData_fma_large/row103425.csv
SKIPPING: metaTables/vocal_music_demucs_16k/metaData_fma_large/row103426.csv
SKIPPING: metaTables/vocal_music_demucs_16k/metaData_fma_large/row103427.csv
SKIPPING: metaTables/vocal_music_demucs_16k/metaData_fma_large/row103428.csv
SKIPPING: metaTables/vocal_music_demucs_16k/metaData_fma_large/row103429.csv
SKIPPING: metaTables/vocal_music_demucs_16k/metaData_fma_large/row103430.csv
SKIPPING: metaTables/vocal_music_demucs_16k/metaData_fma_large/row103431.csv
SKIPPING: metaTables/vocal_music_demucs_16k/metaData_fma_large/row103432.csv
SKIPPING: metaTables/vocal_music_demucs_16k/metaData_fma_large/row103433.csv
SKIPPING: metaTables/vocal_music_demucs_16k/metaData_fma_large/row103434.csv
SKIPPING: metaTables/vocal_music_demucs_16k/metaData_fma_large/row103435.csv
SKIPPING: metaTables/vocal_music_demucs_16k/metaData_fma_large/row103436.csv
SKIPPING: metaTables/vocal_music_demucs_16k/metaData_fma_large/row103437.csv
SKIPPING: metaTables/vocal_music_demucs_16k/metaData_fma_large/row103438.csv
SKIPPING: metaTables/vocal_music_demucs_16k/metaData_fma_large/row103439.csv
SKIPPING: metaTables/vocal_music_demucs_16k/metaData_fma_large/row103440.csv
SKIPPING: metaTables/vocal_music_demucs_16k/metaData_fma_large/row103441.csv
SKIPPING: metaTables/vocal_music_demucs_16k/metaData_fma_large/row103442.csv
SKIPPING: metaTables/vocal_music_demucs_16k/metaData_fma_large/row103443.csv
SKIPPING: metaTables/vocal_music_demucs_16k/metaData_fma_large/row103444.csv
SKIPPING: metaTables/vocal_music_demucs_16k/metaData_fma_large/row103445.csv
SKIPPING: metaTables/vocal_music_demucs_16k/metaData_fma_large/row103446.csv
SKIPPING: metaTables/vocal_music_demucs_16k/metaData_fma_large/row103447.csv
SKIPPING: metaTables/vocal_music_demucs_16k/metaData_fma_large/row103448.csv
SKIPPING: metaTables/vocal_music_demucs_16k/metaData_fma_large/row103449.csv
SKIPPING: metaTables/vocal_music_demucs_16k/metaData_fma_large/row103450.csv
SKIPPING: metaTables/vocal_music_demucs_16k/metaData_fma_large/row103451.csv
SKIPPING: metaTables/vocal_music_demucs_16k/metaData_fma_large/row103452.csv
SKIPPING: metaTables/vocal_music_demucs_16k/metaData_fma_large/row103453.csv
SKIPPING: metaTables/vocal_music_demucs_16k/metaData_fma_large/row103454.csv
SKIPPING: metaTables/vocal_music_demucs_16k/metaData_fma_large/row103455.csv
SKIPPING: metaTables/vocal_music_demucs_16k/metaData_fma_large/row103456.csv
SKIPPING: metaTables/vocal_music_demucs_16k/metaData_fma_large/row103457.csv
SKIPPING: metaTables/vocal_music_demucs_16k/metaData_fma_large/row103458.csv
SKIPPING: metaTables/vocal_music_demucs_16k/metaData_fma_large/row103459.csv
SKIPPING: metaTables/vocal_music_demucs_16k/metaData_fma_large/row103460.csv
SKIPPING: metaTables/vocal_music_demucs_16k/metaData_fma_large/row103461.csv
SKIPPING: metaTables/vocal_music_demucs_16k/metaData_fma_large/row103462.csv
SKIPPING: metaTables/vocal_music_demucs_16k/metaData_fma_large/row103463.csv
SKIPPING: metaTables/vocal_music_demucs_16k/metaData_fma_large/row103464.csv
SKIPPING: metaTables/vocal_music_demucs_16k/metaData_fma_large/row103465.csv
SKIPPING: metaTables/vocal_music_demucs_16k/metaData_fma_large/row103466.csv
SKIPPING: metaTables/vocal_music_demucs_16k/metaData_fma_large/row103467.csv
SKIPPING: metaTables/vocal_music_demucs_16k/metaData_fma_large/row103468.csv
SKIPPING: metaTables/vocal_music_demucs_16k/metaData_fma_large/row103469.csv
SKIPPING: metaTables/vocal_music_demucs_16k/metaData_fma_large/row103470.csv
SKIPPING: metaTables/vocal_music_demucs_16k/metaData_fma_large/row103471.csv
SKIPPING: metaTables/vocal_music_demucs_16k/metaData_fma_large/row103472.csv
SKIPPING: metaTables/vocal_music_demucs_16k/metaData_fma_large/row103473.csv
SKIPPING: metaTables/vocal_music_demucs_16k/metaData_fma_large/row103474.csv
SKIPPING: metaTables/vocal_music_demucs_16k/metaData_fma_large/row103475.csv
SKIPPING: metaTables/vocal_music_demucs_16k/metaData_fma_large/row103476.csv
SKIPPING: metaTables/vocal_music_demucs_16k/metaData_fma_large/row103477.csv
SKIPPING: metaTables/vocal_music_demucs_16k/metaData_fma_large/row103478.csv
SKIPPING: metaTables/vocal_music_demucs_16k/metaData_fma_large/row103479.csv
SKIPPING: metaTables/vocal_music_demucs_16k/metaData_fma_large/row103480.csv
SKIPPING: metaTables/vocal_music_demucs_16k/metaData_fma_large/row103481.csv
SKIPPING: metaTables/vocal_music_demucs_16k/metaData_fma_large/row103482.csv
SKIPPING: metaTables/vocal_music_demucs_16k/metaData_fma_large/row103483.csv
SKIPPING: metaTables/vocal_music_demucs_16k/metaData_fma_large/row103484.csv
SKIPPING: metaTables/vocal_music_demucs_16k/metaData_fma_large/row103485.csv
SKIPPING: metaTables/vocal_music_demucs_16k/metaData_fma_large/row103486.csv
SKIPPING: metaTables/vocal_music_demucs_16k/metaData_fma_large/row103487.csv
SKIPPING: metaTables/vocal_music_demucs_16k/metaData_fma_large/row103488.csv
SKIPPING: metaTables/vocal_music_demucs_16k/metaData_fma_large/row103489.csv
SKIPPING: metaTables/vocal_music_demucs_16k/metaData_fma_large/row103490.csv
SKIPPING: metaTables/vocal_music_demucs_16k/metaData_fma_large/row103491.csv
SKIPPING: metaTables/vocal_music_demucs_16k/metaData_fma_large/row103492.csv
SKIPPING: metaTables/vocal_music_demucs_16k/metaData_fma_large/row103493.csv
SKIPPING: metaTables/vocal_music_demucs_16k/metaData_fma_large/row103494.csv
SKIPPING: metaTables/vocal_music_demucs_16k/metaData_fma_large/row103495.csv
SKIPPING: metaTables/vocal_music_demucs_16k/metaData_fma_large/row103496.csv
SKIPPING: metaTables/vocal_music_demucs_16k/metaData_fma_large/row103497.csv
SKIPPING: metaTables/vocal_music_demucs_16k/metaData_fma_large/row103498.csv
SKIPPING: metaTables/vocal_music_demucs_16k/metaData_fma_large/row103499.csv
Demucs voice recognition done!
