/ext3/demucs/lib/python3.9/site-packages/demucs/api.py:27: UserWarning: TorchAudio's global backend is now deprecated. Please enable distpatcher by setting `TORCHAUDIO_USE_BACKEND_DISPATCHER=1`, and specify backend when calling load/info/save function.
  import torchaudio as ta
2024-05-10 11:33:29.201441: I tensorflow/core/util/port.cc:113] oneDNN custom operations are on. You may see slightly different numerical results due to floating-point round-off errors from different computation orders. To turn them off, set the environment variable `TF_ENABLE_ONEDNN_OPTS=0`.
2024-05-10 11:33:30.482651: E external/local_xla/xla/stream_executor/cuda/cuda_dnn.cc:9261] Unable to register cuDNN factory: Attempting to register factory for plugin cuDNN when one has already been registered
2024-05-10 11:33:30.482693: E external/local_xla/xla/stream_executor/cuda/cuda_fft.cc:607] Unable to register cuFFT factory: Attempting to register factory for plugin cuFFT when one has already been registered
2024-05-10 11:33:30.703562: E external/local_xla/xla/stream_executor/cuda/cuda_blas.cc:1515] Unable to register cuBLAS factory: Attempting to register factory for plugin cuBLAS when one has already been registered
2024-05-10 11:33:30.874831: I tensorflow/core/platform/cpu_feature_guard.cc:182] This TensorFlow binary is optimized to use available CPU instructions in performance-critical operations.
To enable the following instructions: AVX2 AVX512F AVX512_VNNI FMA, in other operations, rebuild TensorFlow with the appropriate compiler flags.
2024-05-10 11:33:32.455789: W tensorflow/compiler/tf2tensorrt/utils/py_utils.cc:38] TF-TRT Warning: Could not find TensorRT
Execution time: 31.777159690856934 seconds
metaTables/vocal_music_demucs_16k/metaData_fma_large/row34700.csv
Execution time: 29.173853158950806 seconds
metaTables/vocal_music_demucs_16k/metaData_fma_large/row34701.csv
Execution time: 29.637383699417114 seconds
metaTables/vocal_music_demucs_16k/metaData_fma_large/row34702.csv
Execution time: 28.742023468017578 seconds
metaTables/vocal_music_demucs_16k/metaData_fma_large/row34703.csv
Execution time: 29.854764461517334 seconds
metaTables/vocal_music_demucs_16k/metaData_fma_large/row34704.csv
Execution time: 28.49301528930664 seconds
metaTables/vocal_music_demucs_16k/metaData_fma_large/row34705.csv
Execution time: 28.85914945602417 seconds
metaTables/vocal_music_demucs_16k/metaData_fma_large/row34706.csv
Execution time: 28.778931379318237 seconds
metaTables/vocal_music_demucs_16k/metaData_fma_large/row34707.csv
Execution time: 29.110658407211304 seconds
metaTables/vocal_music_demucs_16k/metaData_fma_large/row34708.csv
Execution time: 29.12707805633545 seconds
metaTables/vocal_music_demucs_16k/metaData_fma_large/row34709.csv
Execution time: 29.468994617462158 seconds
metaTables/vocal_music_demucs_16k/metaData_fma_large/row34710.csv
Execution time: 28.285762786865234 seconds
metaTables/vocal_music_demucs_16k/metaData_fma_large/row34711.csv
Execution time: 28.432571172714233 seconds
metaTables/vocal_music_demucs_16k/metaData_fma_large/row34712.csv
Execution time: 29.367462396621704 seconds
metaTables/vocal_music_demucs_16k/metaData_fma_large/row34713.csv
Execution time: 29.708593368530273 seconds
metaTables/vocal_music_demucs_16k/metaData_fma_large/row34714.csv
Execution time: 28.02739906311035 seconds
metaTables/vocal_music_demucs_16k/metaData_fma_large/row34715.csv
Execution time: 30.025880098342896 seconds
metaTables/vocal_music_demucs_16k/metaData_fma_large/row34716.csv
Execution time: 28.44872736930847 seconds
metaTables/vocal_music_demucs_16k/metaData_fma_large/row34717.csv
Execution time: 29.468857288360596 seconds
metaTables/vocal_music_demucs_16k/metaData_fma_large/row34718.csv
Execution time: 29.6606867313385 seconds
metaTables/vocal_music_demucs_16k/metaData_fma_large/row34719.csv
Execution time: 29.848543882369995 seconds
metaTables/vocal_music_demucs_16k/metaData_fma_large/row34720.csv
Execution time: 29.41805076599121 seconds
metaTables/vocal_music_demucs_16k/metaData_fma_large/row34721.csv
Execution time: 29.644571781158447 seconds
metaTables/vocal_music_demucs_16k/metaData_fma_large/row34722.csv
Execution time: 28.73793911933899 seconds
metaTables/vocal_music_demucs_16k/metaData_fma_large/row34723.csv
Execution time: 30.322125673294067 seconds
metaTables/vocal_music_demucs_16k/metaData_fma_large/row34724.csv
Execution time: 29.732813835144043 seconds
metaTables/vocal_music_demucs_16k/metaData_fma_large/row34725.csv
Execution time: 31.529822826385498 seconds
metaTables/vocal_music_demucs_16k/metaData_fma_large/row34726.csv
Execution time: 28.85184907913208 seconds
metaTables/vocal_music_demucs_16k/metaData_fma_large/row34727.csv
Execution time: 29.262935161590576 seconds
metaTables/vocal_music_demucs_16k/metaData_fma_large/row34728.csv
Execution time: 29.055311918258667 seconds
metaTables/vocal_music_demucs_16k/metaData_fma_large/row34729.csv
Execution time: 29.787010669708252 seconds
metaTables/vocal_music_demucs_16k/metaData_fma_large/row34730.csv
Execution time: 29.742842435836792 seconds
metaTables/vocal_music_demucs_16k/metaData_fma_large/row34731.csv
Execution time: 28.459048748016357 seconds
metaTables/vocal_music_demucs_16k/metaData_fma_large/row34732.csv
Execution time: 28.96582531929016 seconds
metaTables/vocal_music_demucs_16k/metaData_fma_large/row34733.csv
Execution time: 28.254239797592163 seconds
metaTables/vocal_music_demucs_16k/metaData_fma_large/row34734.csv
Execution time: 28.297744035720825 seconds
metaTables/vocal_music_demucs_16k/metaData_fma_large/row34735.csv
Execution time: 29.59990382194519 seconds
metaTables/vocal_music_demucs_16k/metaData_fma_large/row34736.csv
Execution time: 28.873897790908813 seconds
metaTables/vocal_music_demucs_16k/metaData_fma_large/row34737.csv
Execution time: 28.89261245727539 seconds
metaTables/vocal_music_demucs_16k/metaData_fma_large/row34738.csv
Execution time: 29.00229048728943 seconds
metaTables/vocal_music_demucs_16k/metaData_fma_large/row34739.csv
Execution time: 29.23639941215515 seconds
metaTables/vocal_music_demucs_16k/metaData_fma_large/row34740.csv
Execution time: 28.674724340438843 seconds
metaTables/vocal_music_demucs_16k/metaData_fma_large/row34741.csv
Execution time: 29.43269991874695 seconds
metaTables/vocal_music_demucs_16k/metaData_fma_large/row34742.csv
Execution time: 27.8738374710083 seconds
metaTables/vocal_music_demucs_16k/metaData_fma_large/row34743.csv
Execution time: 29.146371364593506 seconds
metaTables/vocal_music_demucs_16k/metaData_fma_large/row34744.csv
Execution time: 28.44810724258423 seconds
metaTables/vocal_music_demucs_16k/metaData_fma_large/row34745.csv
Execution time: 27.623088598251343 seconds
metaTables/vocal_music_demucs_16k/metaData_fma_large/row34746.csv
Execution time: 29.40901207923889 seconds
metaTables/vocal_music_demucs_16k/metaData_fma_large/row34747.csv
Execution time: 28.646182775497437 seconds
metaTables/vocal_music_demucs_16k/metaData_fma_large/row34748.csv
Execution time: 28.528579235076904 seconds
metaTables/vocal_music_demucs_16k/metaData_fma_large/row34749.csv
Execution time: 29.07488179206848 seconds
metaTables/vocal_music_demucs_16k/metaData_fma_large/row34750.csv
Execution time: 28.72449827194214 seconds
metaTables/vocal_music_demucs_16k/metaData_fma_large/row34751.csv
Execution time: 28.650944232940674 seconds
metaTables/vocal_music_demucs_16k/metaData_fma_large/row34752.csv
Execution time: 29.573565244674683 seconds
metaTables/vocal_music_demucs_16k/metaData_fma_large/row34753.csv
Execution time: 29.004964590072632 seconds
metaTables/vocal_music_demucs_16k/metaData_fma_large/row34754.csv
Execution time: 28.295747756958008 seconds
metaTables/vocal_music_demucs_16k/metaData_fma_large/row34755.csv
Execution time: 29.51446223258972 seconds
metaTables/vocal_music_demucs_16k/metaData_fma_large/row34756.csv
Execution time: 28.374752521514893 seconds
metaTables/vocal_music_demucs_16k/metaData_fma_large/row34757.csv
Execution time: 28.93239450454712 seconds
metaTables/vocal_music_demucs_16k/metaData_fma_large/row34758.csv
Execution time: 29.83972477912903 seconds
metaTables/vocal_music_demucs_16k/metaData_fma_large/row34759.csv
Execution time: 28.77697777748108 seconds
metaTables/vocal_music_demucs_16k/metaData_fma_large/row34760.csv
Execution time: 29.20657205581665 seconds
metaTables/vocal_music_demucs_16k/metaData_fma_large/row34761.csv
Execution time: 31.194623231887817 seconds
metaTables/vocal_music_demucs_16k/metaData_fma_large/row34762.csv
Execution time: 17.847906827926636 seconds
metaTables/vocal_music_demucs_16k/metaData_fma_large/row34763.csv
Execution time: 29.606210470199585 seconds
metaTables/vocal_music_demucs_16k/metaData_fma_large/row34764.csv
Execution time: 28.913578510284424 seconds
metaTables/vocal_music_demucs_16k/metaData_fma_large/row34765.csv
Execution time: 28.925860166549683 seconds
metaTables/vocal_music_demucs_16k/metaData_fma_large/row34766.csv
Execution time: 28.26484751701355 seconds
metaTables/vocal_music_demucs_16k/metaData_fma_large/row34767.csv
Execution time: 27.397478103637695 seconds
metaTables/vocal_music_demucs_16k/metaData_fma_large/row34768.csv
Execution time: 29.08257818222046 seconds
metaTables/vocal_music_demucs_16k/metaData_fma_large/row34769.csv
Execution time: 29.115431547164917 seconds
metaTables/vocal_music_demucs_16k/metaData_fma_large/row34770.csv
Execution time: 29.454484701156616 seconds
metaTables/vocal_music_demucs_16k/metaData_fma_large/row34771.csv
Execution time: 28.40634846687317 seconds
metaTables/vocal_music_demucs_16k/metaData_fma_large/row34772.csv
Execution time: 29.28396701812744 seconds
metaTables/vocal_music_demucs_16k/metaData_fma_large/row34773.csv
Execution time: 29.04923367500305 seconds
metaTables/vocal_music_demucs_16k/metaData_fma_large/row34774.csv
Execution time: 29.6167995929718 seconds
metaTables/vocal_music_demucs_16k/metaData_fma_large/row34775.csv
Execution time: 28.301780939102173 seconds
metaTables/vocal_music_demucs_16k/metaData_fma_large/row34776.csv
Execution time: 29.837879419326782 seconds
metaTables/vocal_music_demucs_16k/metaData_fma_large/row34777.csv
Execution time: 14.718146562576294 seconds
metaTables/vocal_music_demucs_16k/metaData_fma_large/row34778.csv
Execution time: 28.299036026000977 seconds
metaTables/vocal_music_demucs_16k/metaData_fma_large/row34779.csv
Execution time: 20.06647038459778 seconds
metaTables/vocal_music_demucs_16k/metaData_fma_large/row34780.csv
Execution time: 29.449084758758545 seconds
metaTables/vocal_music_demucs_16k/metaData_fma_large/row34781.csv
Execution time: 28.777411460876465 seconds
metaTables/vocal_music_demucs_16k/metaData_fma_large/row34782.csv
Execution time: 29.14010000228882 seconds
metaTables/vocal_music_demucs_16k/metaData_fma_large/row34783.csv
Execution time: 28.927099227905273 seconds
metaTables/vocal_music_demucs_16k/metaData_fma_large/row34784.csv
Execution time: 27.44014048576355 seconds
metaTables/vocal_music_demucs_16k/metaData_fma_large/row34785.csv
Execution time: 29.42335844039917 seconds
metaTables/vocal_music_demucs_16k/metaData_fma_large/row34786.csv
Execution time: 19.303411960601807 seconds
metaTables/vocal_music_demucs_16k/metaData_fma_large/row34787.csv
Execution time: 30.009410858154297 seconds
metaTables/vocal_music_demucs_16k/metaData_fma_large/row34788.csv
Execution time: 28.672199964523315 seconds
metaTables/vocal_music_demucs_16k/metaData_fma_large/row34789.csv
Execution time: 28.947006702423096 seconds
metaTables/vocal_music_demucs_16k/metaData_fma_large/row34790.csv
Execution time: 29.116674184799194 seconds
metaTables/vocal_music_demucs_16k/metaData_fma_large/row34791.csv
Execution time: 30.131016731262207 seconds
metaTables/vocal_music_demucs_16k/metaData_fma_large/row34792.csv
Execution time: 29.37769865989685 seconds
metaTables/vocal_music_demucs_16k/metaData_fma_large/row34793.csv
Execution time: 28.55781602859497 seconds
metaTables/vocal_music_demucs_16k/metaData_fma_large/row34794.csv
Execution time: 28.921928644180298 seconds
metaTables/vocal_music_demucs_16k/metaData_fma_large/row34795.csv
Execution time: 27.57703948020935 seconds
metaTables/vocal_music_demucs_16k/metaData_fma_large/row34796.csv
Execution time: 26.842393398284912 seconds
metaTables/vocal_music_demucs_16k/metaData_fma_large/row34797.csv
Execution time: 27.981372117996216 seconds
metaTables/vocal_music_demucs_16k/metaData_fma_large/row34798.csv
Execution time: 25.570272207260132 seconds
metaTables/vocal_music_demucs_16k/metaData_fma_large/row34799.csv
Demucs voice recognition done!
