/ext3/demucs/lib/python3.9/site-packages/demucs/api.py:27: UserWarning: TorchAudio's global backend is now deprecated. Please enable distpatcher by setting `TORCHAUDIO_USE_BACKEND_DISPATCHER=1`, and specify backend when calling load/info/save function.
  import torchaudio as ta
2024-05-08 23:36:03.823883: I tensorflow/core/util/port.cc:113] oneDNN custom operations are on. You may see slightly different numerical results due to floating-point round-off errors from different computation orders. To turn them off, set the environment variable `TF_ENABLE_ONEDNN_OPTS=0`.
2024-05-08 23:36:08.271623: E external/local_xla/xla/stream_executor/cuda/cuda_dnn.cc:9261] Unable to register cuDNN factory: Attempting to register factory for plugin cuDNN when one has already been registered
2024-05-08 23:36:08.271667: E external/local_xla/xla/stream_executor/cuda/cuda_fft.cc:607] Unable to register cuFFT factory: Attempting to register factory for plugin cuFFT when one has already been registered
2024-05-08 23:36:08.563996: E external/local_xla/xla/stream_executor/cuda/cuda_blas.cc:1515] Unable to register cuBLAS factory: Attempting to register factory for plugin cuBLAS when one has already been registered
2024-05-08 23:36:09.053277: I tensorflow/core/platform/cpu_feature_guard.cc:182] This TensorFlow binary is optimized to use available CPU instructions in performance-critical operations.
To enable the following instructions: AVX2 AVX512F AVX512_VNNI FMA, in other operations, rebuild TensorFlow with the appropriate compiler flags.
2024-05-08 23:36:12.509861: W tensorflow/compiler/tf2tensorrt/utils/py_utils.cc:38] TF-TRT Warning: Could not find TensorRT
Execution time: 31.948296785354614 seconds
metaTables/vocal_music_demucs_16k/metaData_fma_large/row17900.csv
Execution time: 28.93429970741272 seconds
metaTables/vocal_music_demucs_16k/metaData_fma_large/row17901.csv
Execution time: 28.242471933364868 seconds
metaTables/vocal_music_demucs_16k/metaData_fma_large/row17902.csv
Execution time: 27.936351537704468 seconds
metaTables/vocal_music_demucs_16k/metaData_fma_large/row17903.csv
Execution time: 28.306198835372925 seconds
metaTables/vocal_music_demucs_16k/metaData_fma_large/row17904.csv
Execution time: 28.268436431884766 seconds
metaTables/vocal_music_demucs_16k/metaData_fma_large/row17905.csv
Execution time: 29.212964296340942 seconds
metaTables/vocal_music_demucs_16k/metaData_fma_large/row17906.csv
Execution time: 28.460495948791504 seconds
metaTables/vocal_music_demucs_16k/metaData_fma_large/row17907.csv
Execution time: 30.44558358192444 seconds
metaTables/vocal_music_demucs_16k/metaData_fma_large/row17908.csv
Execution time: 28.56474542617798 seconds
metaTables/vocal_music_demucs_16k/metaData_fma_large/row17909.csv
Execution time: 28.24815320968628 seconds
metaTables/vocal_music_demucs_16k/metaData_fma_large/row17910.csv
Execution time: 28.91801381111145 seconds
metaTables/vocal_music_demucs_16k/metaData_fma_large/row17911.csv
Execution time: 28.164281129837036 seconds
metaTables/vocal_music_demucs_16k/metaData_fma_large/row17912.csv
Execution time: 28.765479803085327 seconds
metaTables/vocal_music_demucs_16k/metaData_fma_large/row17913.csv
Execution time: 28.161844968795776 seconds
metaTables/vocal_music_demucs_16k/metaData_fma_large/row17914.csv
Execution time: 27.752021074295044 seconds
metaTables/vocal_music_demucs_16k/metaData_fma_large/row17915.csv
Execution time: 28.586418390274048 seconds
metaTables/vocal_music_demucs_16k/metaData_fma_large/row17916.csv
Execution time: 28.733513116836548 seconds
metaTables/vocal_music_demucs_16k/metaData_fma_large/row17917.csv
Execution time: 28.430081367492676 seconds
metaTables/vocal_music_demucs_16k/metaData_fma_large/row17918.csv
Execution time: 28.459916353225708 seconds
metaTables/vocal_music_demucs_16k/metaData_fma_large/row17919.csv
Execution time: 30.56766128540039 seconds
metaTables/vocal_music_demucs_16k/metaData_fma_large/row17920.csv
Execution time: 27.959110498428345 seconds
metaTables/vocal_music_demucs_16k/metaData_fma_large/row17921.csv
Execution time: 29.807562589645386 seconds
metaTables/vocal_music_demucs_16k/metaData_fma_large/row17922.csv
Execution time: 28.013558387756348 seconds
metaTables/vocal_music_demucs_16k/metaData_fma_large/row17923.csv
Execution time: 28.25573444366455 seconds
metaTables/vocal_music_demucs_16k/metaData_fma_large/row17924.csv
Execution time: 28.70753502845764 seconds
metaTables/vocal_music_demucs_16k/metaData_fma_large/row17925.csv
Execution time: 27.86579418182373 seconds
metaTables/vocal_music_demucs_16k/metaData_fma_large/row17926.csv
Execution time: 28.889557600021362 seconds
metaTables/vocal_music_demucs_16k/metaData_fma_large/row17927.csv
Execution time: 27.920028686523438 seconds
metaTables/vocal_music_demucs_16k/metaData_fma_large/row17928.csv
Execution time: 28.112578868865967 seconds
metaTables/vocal_music_demucs_16k/metaData_fma_large/row17929.csv
Execution time: 29.72534990310669 seconds
metaTables/vocal_music_demucs_16k/metaData_fma_large/row17930.csv
Execution time: 28.93705105781555 seconds
metaTables/vocal_music_demucs_16k/metaData_fma_large/row17931.csv
Execution time: 27.95081114768982 seconds
metaTables/vocal_music_demucs_16k/metaData_fma_large/row17932.csv
Execution time: 27.602539539337158 seconds
metaTables/vocal_music_demucs_16k/metaData_fma_large/row17933.csv
Execution time: 29.30804419517517 seconds
metaTables/vocal_music_demucs_16k/metaData_fma_large/row17934.csv
Execution time: 27.900248765945435 seconds
metaTables/vocal_music_demucs_16k/metaData_fma_large/row17935.csv
Execution time: 28.552485466003418 seconds
metaTables/vocal_music_demucs_16k/metaData_fma_large/row17936.csv
Execution time: 28.294843912124634 seconds
metaTables/vocal_music_demucs_16k/metaData_fma_large/row17937.csv
Execution time: 28.757993698120117 seconds
metaTables/vocal_music_demucs_16k/metaData_fma_large/row17938.csv
Execution time: 28.48713254928589 seconds
metaTables/vocal_music_demucs_16k/metaData_fma_large/row17939.csv
Execution time: 28.527069807052612 seconds
metaTables/vocal_music_demucs_16k/metaData_fma_large/row17940.csv
Execution time: 28.067617654800415 seconds
metaTables/vocal_music_demucs_16k/metaData_fma_large/row17941.csv
Execution time: 29.80636215209961 seconds
metaTables/vocal_music_demucs_16k/metaData_fma_large/row17942.csv
Execution time: 28.03218674659729 seconds
metaTables/vocal_music_demucs_16k/metaData_fma_large/row17943.csv
Execution time: 28.711519718170166 seconds
metaTables/vocal_music_demucs_16k/metaData_fma_large/row17944.csv
Execution time: 28.206926107406616 seconds
metaTables/vocal_music_demucs_16k/metaData_fma_large/row17945.csv
Execution time: 28.572002410888672 seconds
metaTables/vocal_music_demucs_16k/metaData_fma_large/row17946.csv
Execution time: 27.962159156799316 seconds
metaTables/vocal_music_demucs_16k/metaData_fma_large/row17947.csv
Execution time: 28.248975038528442 seconds
metaTables/vocal_music_demucs_16k/metaData_fma_large/row17948.csv
Execution time: 28.40365505218506 seconds
metaTables/vocal_music_demucs_16k/metaData_fma_large/row17949.csv
Execution time: 27.610315322875977 seconds
metaTables/vocal_music_demucs_16k/metaData_fma_large/row17950.csv
Execution time: 29.88479781150818 seconds
metaTables/vocal_music_demucs_16k/metaData_fma_large/row17951.csv
Execution time: 27.614118576049805 seconds
metaTables/vocal_music_demucs_16k/metaData_fma_large/row17952.csv
Execution time: 28.232986450195312 seconds
metaTables/vocal_music_demucs_16k/metaData_fma_large/row17953.csv
Execution time: 28.11048913002014 seconds
metaTables/vocal_music_demucs_16k/metaData_fma_large/row17954.csv
Execution time: 28.042163372039795 seconds
metaTables/vocal_music_demucs_16k/metaData_fma_large/row17955.csv
Execution time: 28.392638683319092 seconds
metaTables/vocal_music_demucs_16k/metaData_fma_large/row17956.csv
Execution time: 29.425368309020996 seconds
metaTables/vocal_music_demucs_16k/metaData_fma_large/row17957.csv
Execution time: 29.18316340446472 seconds
metaTables/vocal_music_demucs_16k/metaData_fma_large/row17958.csv
Execution time: 28.33566427230835 seconds
metaTables/vocal_music_demucs_16k/metaData_fma_large/row17959.csv
Execution time: 28.00973343849182 seconds
metaTables/vocal_music_demucs_16k/metaData_fma_large/row17960.csv
Execution time: 28.956554412841797 seconds
metaTables/vocal_music_demucs_16k/metaData_fma_large/row17961.csv
Execution time: 28.162336111068726 seconds
metaTables/vocal_music_demucs_16k/metaData_fma_large/row17962.csv
Execution time: 28.16681718826294 seconds
metaTables/vocal_music_demucs_16k/metaData_fma_large/row17963.csv
Execution time: 28.053237676620483 seconds
metaTables/vocal_music_demucs_16k/metaData_fma_large/row17964.csv
Execution time: 28.995793104171753 seconds
metaTables/vocal_music_demucs_16k/metaData_fma_large/row17965.csv
Execution time: 29.427255392074585 seconds
metaTables/vocal_music_demucs_16k/metaData_fma_large/row17966.csv
Execution time: 27.562931060791016 seconds
metaTables/vocal_music_demucs_16k/metaData_fma_large/row17967.csv
Execution time: 27.852311611175537 seconds
metaTables/vocal_music_demucs_16k/metaData_fma_large/row17968.csv
Execution time: 28.021365880966187 seconds
metaTables/vocal_music_demucs_16k/metaData_fma_large/row17969.csv
Execution time: 28.089362144470215 seconds
metaTables/vocal_music_demucs_16k/metaData_fma_large/row17970.csv
Execution time: 28.890493631362915 seconds
metaTables/vocal_music_demucs_16k/metaData_fma_large/row17971.csv
Execution time: 28.06956148147583 seconds
metaTables/vocal_music_demucs_16k/metaData_fma_large/row17972.csv
Execution time: 28.78517484664917 seconds
metaTables/vocal_music_demucs_16k/metaData_fma_large/row17973.csv
Execution time: 28.192027807235718 seconds
metaTables/vocal_music_demucs_16k/metaData_fma_large/row17974.csv
Execution time: 28.975930213928223 seconds
metaTables/vocal_music_demucs_16k/metaData_fma_large/row17975.csv
Execution time: 27.89630150794983 seconds
metaTables/vocal_music_demucs_16k/metaData_fma_large/row17976.csv
Execution time: 28.16286540031433 seconds
metaTables/vocal_music_demucs_16k/metaData_fma_large/row17977.csv
Execution time: 30.36066508293152 seconds
metaTables/vocal_music_demucs_16k/metaData_fma_large/row17978.csv
Execution time: 28.164041996002197 seconds
metaTables/vocal_music_demucs_16k/metaData_fma_large/row17979.csv
Execution time: 28.884170055389404 seconds
metaTables/vocal_music_demucs_16k/metaData_fma_large/row17980.csv
Execution time: 30.205459356307983 seconds
metaTables/vocal_music_demucs_16k/metaData_fma_large/row17981.csv
Execution time: 28.537043571472168 seconds
metaTables/vocal_music_demucs_16k/metaData_fma_large/row17982.csv
Execution time: 29.48794436454773 seconds
metaTables/vocal_music_demucs_16k/metaData_fma_large/row17983.csv
Execution time: 28.398744106292725 seconds
metaTables/vocal_music_demucs_16k/metaData_fma_large/row17984.csv
Execution time: 28.70962929725647 seconds
metaTables/vocal_music_demucs_16k/metaData_fma_large/row17985.csv
Execution time: 28.1277756690979 seconds
metaTables/vocal_music_demucs_16k/metaData_fma_large/row17986.csv
Execution time: 29.134767055511475 seconds
metaTables/vocal_music_demucs_16k/metaData_fma_large/row17987.csv
Execution time: 28.767942190170288 seconds
metaTables/vocal_music_demucs_16k/metaData_fma_large/row17988.csv
Execution time: 27.985435009002686 seconds
metaTables/vocal_music_demucs_16k/metaData_fma_large/row17989.csv
Execution time: 9.608328104019165 seconds
metaTables/vocal_music_demucs_16k/metaData_fma_large/row17990.csv
Execution time: 28.527129650115967 seconds
metaTables/vocal_music_demucs_16k/metaData_fma_large/row17991.csv
Execution time: 28.23845100402832 seconds
metaTables/vocal_music_demucs_16k/metaData_fma_large/row17992.csv
Execution time: 28.715431451797485 seconds
metaTables/vocal_music_demucs_16k/metaData_fma_large/row17993.csv
Execution time: 29.0342435836792 seconds
metaTables/vocal_music_demucs_16k/metaData_fma_large/row17994.csv
Execution time: 27.932700157165527 seconds
metaTables/vocal_music_demucs_16k/metaData_fma_large/row17995.csv
Execution time: 28.450664043426514 seconds
metaTables/vocal_music_demucs_16k/metaData_fma_large/row17996.csv
Execution time: 28.37676978111267 seconds
metaTables/vocal_music_demucs_16k/metaData_fma_large/row17997.csv
Execution time: 29.330803632736206 seconds
metaTables/vocal_music_demucs_16k/metaData_fma_large/row17998.csv
Execution time: 27.809550523757935 seconds
metaTables/vocal_music_demucs_16k/metaData_fma_large/row17999.csv
Demucs voice recognition done!
