/ext3/demucs/lib/python3.9/site-packages/demucs/api.py:27: UserWarning: TorchAudio's global backend is now deprecated. Please enable distpatcher by setting `TORCHAUDIO_USE_BACKEND_DISPATCHER=1`, and specify backend when calling load/info/save function.
  import torchaudio as ta
2024-05-09 09:20:47.784787: I tensorflow/core/util/port.cc:113] oneDNN custom operations are on. You may see slightly different numerical results due to floating-point round-off errors from different computation orders. To turn them off, set the environment variable `TF_ENABLE_ONEDNN_OPTS=0`.
2024-05-09 09:20:51.088489: E external/local_xla/xla/stream_executor/cuda/cuda_dnn.cc:9261] Unable to register cuDNN factory: Attempting to register factory for plugin cuDNN when one has already been registered
2024-05-09 09:20:51.088536: E external/local_xla/xla/stream_executor/cuda/cuda_fft.cc:607] Unable to register cuFFT factory: Attempting to register factory for plugin cuFFT when one has already been registered
2024-05-09 09:20:51.365335: E external/local_xla/xla/stream_executor/cuda/cuda_blas.cc:1515] Unable to register cuBLAS factory: Attempting to register factory for plugin cuBLAS when one has already been registered
2024-05-09 09:20:51.615053: I tensorflow/core/platform/cpu_feature_guard.cc:182] This TensorFlow binary is optimized to use available CPU instructions in performance-critical operations.
To enable the following instructions: AVX2 AVX512F AVX512_VNNI FMA, in other operations, rebuild TensorFlow with the appropriate compiler flags.
2024-05-09 09:20:54.648998: W tensorflow/compiler/tf2tensorrt/utils/py_utils.cc:38] TF-TRT Warning: Could not find TensorRT
SKIPPING: metaTables/vocal_music_demucs_16k/metaData_fma_large/row24200.csv
SKIPPING: metaTables/vocal_music_demucs_16k/metaData_fma_large/row24201.csv
SKIPPING: metaTables/vocal_music_demucs_16k/metaData_fma_large/row24202.csv
SKIPPING: metaTables/vocal_music_demucs_16k/metaData_fma_large/row24203.csv
SKIPPING: metaTables/vocal_music_demucs_16k/metaData_fma_large/row24204.csv
SKIPPING: metaTables/vocal_music_demucs_16k/metaData_fma_large/row24205.csv
SKIPPING: metaTables/vocal_music_demucs_16k/metaData_fma_large/row24206.csv
SKIPPING: metaTables/vocal_music_demucs_16k/metaData_fma_large/row24207.csv
SKIPPING: metaTables/vocal_music_demucs_16k/metaData_fma_large/row24208.csv
SKIPPING: metaTables/vocal_music_demucs_16k/metaData_fma_large/row24209.csv
SKIPPING: metaTables/vocal_music_demucs_16k/metaData_fma_large/row24210.csv
SKIPPING: metaTables/vocal_music_demucs_16k/metaData_fma_large/row24211.csv
SKIPPING: metaTables/vocal_music_demucs_16k/metaData_fma_large/row24212.csv
SKIPPING: metaTables/vocal_music_demucs_16k/metaData_fma_large/row24213.csv
SKIPPING: metaTables/vocal_music_demucs_16k/metaData_fma_large/row24214.csv
SKIPPING: metaTables/vocal_music_demucs_16k/metaData_fma_large/row24215.csv
SKIPPING: metaTables/vocal_music_demucs_16k/metaData_fma_large/row24216.csv
SKIPPING: metaTables/vocal_music_demucs_16k/metaData_fma_large/row24217.csv
SKIPPING: metaTables/vocal_music_demucs_16k/metaData_fma_large/row24218.csv
SKIPPING: metaTables/vocal_music_demucs_16k/metaData_fma_large/row24219.csv
SKIPPING: metaTables/vocal_music_demucs_16k/metaData_fma_large/row24220.csv
SKIPPING: metaTables/vocal_music_demucs_16k/metaData_fma_large/row24221.csv
SKIPPING: metaTables/vocal_music_demucs_16k/metaData_fma_large/row24222.csv
SKIPPING: metaTables/vocal_music_demucs_16k/metaData_fma_large/row24223.csv
SKIPPING: metaTables/vocal_music_demucs_16k/metaData_fma_large/row24224.csv
SKIPPING: metaTables/vocal_music_demucs_16k/metaData_fma_large/row24225.csv
SKIPPING: metaTables/vocal_music_demucs_16k/metaData_fma_large/row24226.csv
SKIPPING: metaTables/vocal_music_demucs_16k/metaData_fma_large/row24227.csv
SKIPPING: metaTables/vocal_music_demucs_16k/metaData_fma_large/row24228.csv
SKIPPING: metaTables/vocal_music_demucs_16k/metaData_fma_large/row24229.csv
SKIPPING: metaTables/vocal_music_demucs_16k/metaData_fma_large/row24230.csv
SKIPPING: metaTables/vocal_music_demucs_16k/metaData_fma_large/row24231.csv
SKIPPING: metaTables/vocal_music_demucs_16k/metaData_fma_large/row24232.csv
SKIPPING: metaTables/vocal_music_demucs_16k/metaData_fma_large/row24233.csv
SKIPPING: metaTables/vocal_music_demucs_16k/metaData_fma_large/row24234.csv
SKIPPING: metaTables/vocal_music_demucs_16k/metaData_fma_large/row24235.csv
SKIPPING: metaTables/vocal_music_demucs_16k/metaData_fma_large/row24236.csv
SKIPPING: metaTables/vocal_music_demucs_16k/metaData_fma_large/row24237.csv
SKIPPING: metaTables/vocal_music_demucs_16k/metaData_fma_large/row24238.csv
SKIPPING: metaTables/vocal_music_demucs_16k/metaData_fma_large/row24239.csv
SKIPPING: metaTables/vocal_music_demucs_16k/metaData_fma_large/row24240.csv
SKIPPING: metaTables/vocal_music_demucs_16k/metaData_fma_large/row24241.csv
SKIPPING: metaTables/vocal_music_demucs_16k/metaData_fma_large/row24242.csv
SKIPPING: metaTables/vocal_music_demucs_16k/metaData_fma_large/row24243.csv
SKIPPING: metaTables/vocal_music_demucs_16k/metaData_fma_large/row24244.csv
SKIPPING: metaTables/vocal_music_demucs_16k/metaData_fma_large/row24245.csv
SKIPPING: metaTables/vocal_music_demucs_16k/metaData_fma_large/row24246.csv
SKIPPING: metaTables/vocal_music_demucs_16k/metaData_fma_large/row24247.csv
SKIPPING: metaTables/vocal_music_demucs_16k/metaData_fma_large/row24248.csv
SKIPPING: metaTables/vocal_music_demucs_16k/metaData_fma_large/row24249.csv
SKIPPING: metaTables/vocal_music_demucs_16k/metaData_fma_large/row24250.csv
SKIPPING: metaTables/vocal_music_demucs_16k/metaData_fma_large/row24251.csv
SKIPPING: metaTables/vocal_music_demucs_16k/metaData_fma_large/row24252.csv
SKIPPING: metaTables/vocal_music_demucs_16k/metaData_fma_large/row24253.csv
SKIPPING: metaTables/vocal_music_demucs_16k/metaData_fma_large/row24254.csv
SKIPPING: metaTables/vocal_music_demucs_16k/metaData_fma_large/row24255.csv
SKIPPING: metaTables/vocal_music_demucs_16k/metaData_fma_large/row24256.csv
SKIPPING: metaTables/vocal_music_demucs_16k/metaData_fma_large/row24257.csv
SKIPPING: metaTables/vocal_music_demucs_16k/metaData_fma_large/row24258.csv
SKIPPING: metaTables/vocal_music_demucs_16k/metaData_fma_large/row24259.csv
SKIPPING: metaTables/vocal_music_demucs_16k/metaData_fma_large/row24260.csv
SKIPPING: metaTables/vocal_music_demucs_16k/metaData_fma_large/row24261.csv
SKIPPING: metaTables/vocal_music_demucs_16k/metaData_fma_large/row24262.csv
SKIPPING: metaTables/vocal_music_demucs_16k/metaData_fma_large/row24263.csv
SKIPPING: metaTables/vocal_music_demucs_16k/metaData_fma_large/row24264.csv
SKIPPING: metaTables/vocal_music_demucs_16k/metaData_fma_large/row24265.csv
SKIPPING: metaTables/vocal_music_demucs_16k/metaData_fma_large/row24266.csv
SKIPPING: metaTables/vocal_music_demucs_16k/metaData_fma_large/row24267.csv
SKIPPING: metaTables/vocal_music_demucs_16k/metaData_fma_large/row24268.csv
SKIPPING: metaTables/vocal_music_demucs_16k/metaData_fma_large/row24269.csv
SKIPPING: metaTables/vocal_music_demucs_16k/metaData_fma_large/row24270.csv
SKIPPING: metaTables/vocal_music_demucs_16k/metaData_fma_large/row24271.csv
SKIPPING: metaTables/vocal_music_demucs_16k/metaData_fma_large/row24272.csv
SKIPPING: metaTables/vocal_music_demucs_16k/metaData_fma_large/row24273.csv
SKIPPING: metaTables/vocal_music_demucs_16k/metaData_fma_large/row24274.csv
SKIPPING: metaTables/vocal_music_demucs_16k/metaData_fma_large/row24275.csv
SKIPPING: metaTables/vocal_music_demucs_16k/metaData_fma_large/row24276.csv
SKIPPING: metaTables/vocal_music_demucs_16k/metaData_fma_large/row24277.csv
SKIPPING: metaTables/vocal_music_demucs_16k/metaData_fma_large/row24278.csv
SKIPPING: metaTables/vocal_music_demucs_16k/metaData_fma_large/row24279.csv
SKIPPING: metaTables/vocal_music_demucs_16k/metaData_fma_large/row24280.csv
SKIPPING: metaTables/vocal_music_demucs_16k/metaData_fma_large/row24281.csv
SKIPPING: metaTables/vocal_music_demucs_16k/metaData_fma_large/row24282.csv
SKIPPING: metaTables/vocal_music_demucs_16k/metaData_fma_large/row24283.csv
SKIPPING: metaTables/vocal_music_demucs_16k/metaData_fma_large/row24284.csv
SKIPPING: metaTables/vocal_music_demucs_16k/metaData_fma_large/row24285.csv
SKIPPING: metaTables/vocal_music_demucs_16k/metaData_fma_large/row24286.csv
SKIPPING: metaTables/vocal_music_demucs_16k/metaData_fma_large/row24287.csv
SKIPPING: metaTables/vocal_music_demucs_16k/metaData_fma_large/row24288.csv
SKIPPING: metaTables/vocal_music_demucs_16k/metaData_fma_large/row24289.csv
SKIPPING: metaTables/vocal_music_demucs_16k/metaData_fma_large/row24290.csv
SKIPPING: metaTables/vocal_music_demucs_16k/metaData_fma_large/row24291.csv
SKIPPING: metaTables/vocal_music_demucs_16k/metaData_fma_large/row24292.csv
SKIPPING: metaTables/vocal_music_demucs_16k/metaData_fma_large/row24293.csv
SKIPPING: metaTables/vocal_music_demucs_16k/metaData_fma_large/row24294.csv
SKIPPING: metaTables/vocal_music_demucs_16k/metaData_fma_large/row24295.csv
SKIPPING: metaTables/vocal_music_demucs_16k/metaData_fma_large/row24296.csv
SKIPPING: metaTables/vocal_music_demucs_16k/metaData_fma_large/row24297.csv
SKIPPING: metaTables/vocal_music_demucs_16k/metaData_fma_large/row24298.csv
SKIPPING: metaTables/vocal_music_demucs_16k/metaData_fma_large/row24299.csv
Demucs voice recognition done!
