/ext3/demucs/lib/python3.9/site-packages/demucs/api.py:27: UserWarning: TorchAudio's global backend is now deprecated. Please enable distpatcher by setting `TORCHAUDIO_USE_BACKEND_DISPATCHER=1`, and specify backend when calling load/info/save function.
  import torchaudio as ta
2024-05-08 23:36:44.027926: I tensorflow/core/util/port.cc:113] oneDNN custom operations are on. You may see slightly different numerical results due to floating-point round-off errors from different computation orders. To turn them off, set the environment variable `TF_ENABLE_ONEDNN_OPTS=0`.
2024-05-08 23:36:47.260055: E external/local_xla/xla/stream_executor/cuda/cuda_dnn.cc:9261] Unable to register cuDNN factory: Attempting to register factory for plugin cuDNN when one has already been registered
2024-05-08 23:36:47.260095: E external/local_xla/xla/stream_executor/cuda/cuda_fft.cc:607] Unable to register cuFFT factory: Attempting to register factory for plugin cuFFT when one has already been registered
2024-05-08 23:36:47.544117: E external/local_xla/xla/stream_executor/cuda/cuda_blas.cc:1515] Unable to register cuBLAS factory: Attempting to register factory for plugin cuBLAS when one has already been registered
2024-05-08 23:36:47.949174: I tensorflow/core/platform/cpu_feature_guard.cc:182] This TensorFlow binary is optimized to use available CPU instructions in performance-critical operations.
To enable the following instructions: AVX2 AVX512F AVX512_VNNI FMA, in other operations, rebuild TensorFlow with the appropriate compiler flags.
2024-05-08 23:36:50.894482: W tensorflow/compiler/tf2tensorrt/utils/py_utils.cc:38] TF-TRT Warning: Could not find TensorRT
Execution time: 26.95978093147278 seconds
metaTables/vocal_music_demucs_16k/metaData_fma_large/row41200.csv
Execution time: 25.340856075286865 seconds
metaTables/vocal_music_demucs_16k/metaData_fma_large/row41201.csv
Execution time: 25.392446994781494 seconds
metaTables/vocal_music_demucs_16k/metaData_fma_large/row41202.csv
Execution time: 25.84604525566101 seconds
metaTables/vocal_music_demucs_16k/metaData_fma_large/row41203.csv
Execution time: 25.454777002334595 seconds
metaTables/vocal_music_demucs_16k/metaData_fma_large/row41204.csv
Execution time: 25.4322566986084 seconds
metaTables/vocal_music_demucs_16k/metaData_fma_large/row41205.csv
Execution time: 25.356476545333862 seconds
metaTables/vocal_music_demucs_16k/metaData_fma_large/row41206.csv
Execution time: 25.111306190490723 seconds
metaTables/vocal_music_demucs_16k/metaData_fma_large/row41207.csv
Execution time: 26.315999507904053 seconds
metaTables/vocal_music_demucs_16k/metaData_fma_large/row41208.csv
Execution time: 24.9151713848114 seconds
metaTables/vocal_music_demucs_16k/metaData_fma_large/row41209.csv
Execution time: 24.611706972122192 seconds
metaTables/vocal_music_demucs_16k/metaData_fma_large/row41210.csv
Execution time: 26.385984182357788 seconds
metaTables/vocal_music_demucs_16k/metaData_fma_large/row41211.csv
Execution time: 26.20814871788025 seconds
metaTables/vocal_music_demucs_16k/metaData_fma_large/row41212.csv
Execution time: 26.196573734283447 seconds
metaTables/vocal_music_demucs_16k/metaData_fma_large/row41213.csv
Execution time: 25.856071949005127 seconds
metaTables/vocal_music_demucs_16k/metaData_fma_large/row41214.csv
Execution time: 25.073376417160034 seconds
metaTables/vocal_music_demucs_16k/metaData_fma_large/row41215.csv
Execution time: 25.74753713607788 seconds
metaTables/vocal_music_demucs_16k/metaData_fma_large/row41216.csv
Execution time: 26.32502555847168 seconds
metaTables/vocal_music_demucs_16k/metaData_fma_large/row41217.csv
Execution time: 25.694612741470337 seconds
metaTables/vocal_music_demucs_16k/metaData_fma_large/row41218.csv
Execution time: 25.356837511062622 seconds
metaTables/vocal_music_demucs_16k/metaData_fma_large/row41219.csv
Execution time: 26.20133924484253 seconds
metaTables/vocal_music_demucs_16k/metaData_fma_large/row41220.csv
Execution time: 25.5287504196167 seconds
metaTables/vocal_music_demucs_16k/metaData_fma_large/row41221.csv
Execution time: 26.011204719543457 seconds
metaTables/vocal_music_demucs_16k/metaData_fma_large/row41222.csv
Execution time: 25.307217121124268 seconds
metaTables/vocal_music_demucs_16k/metaData_fma_large/row41223.csv
Execution time: 25.61430263519287 seconds
metaTables/vocal_music_demucs_16k/metaData_fma_large/row41224.csv
Execution time: 25.164843320846558 seconds
metaTables/vocal_music_demucs_16k/metaData_fma_large/row41225.csv
Execution time: 25.98430061340332 seconds
metaTables/vocal_music_demucs_16k/metaData_fma_large/row41226.csv
Execution time: 24.898849487304688 seconds
metaTables/vocal_music_demucs_16k/metaData_fma_large/row41227.csv
Execution time: 25.039326190948486 seconds
metaTables/vocal_music_demucs_16k/metaData_fma_large/row41228.csv
Execution time: 25.435550451278687 seconds
metaTables/vocal_music_demucs_16k/metaData_fma_large/row41229.csv
Execution time: 26.446717739105225 seconds
metaTables/vocal_music_demucs_16k/metaData_fma_large/row41230.csv
Execution time: 25.555602312088013 seconds
metaTables/vocal_music_demucs_16k/metaData_fma_large/row41231.csv
Execution time: 24.850759506225586 seconds
metaTables/vocal_music_demucs_16k/metaData_fma_large/row41232.csv
Execution time: 24.68867778778076 seconds
metaTables/vocal_music_demucs_16k/metaData_fma_large/row41233.csv
Execution time: 25.35995650291443 seconds
metaTables/vocal_music_demucs_16k/metaData_fma_large/row41234.csv
Execution time: 24.303595304489136 seconds
metaTables/vocal_music_demucs_16k/metaData_fma_large/row41235.csv
Execution time: 26.503637313842773 seconds
metaTables/vocal_music_demucs_16k/metaData_fma_large/row41236.csv
Execution time: 25.453927040100098 seconds
metaTables/vocal_music_demucs_16k/metaData_fma_large/row41237.csv
Execution time: 26.158644437789917 seconds
metaTables/vocal_music_demucs_16k/metaData_fma_large/row41238.csv
Execution time: 25.942914962768555 seconds
metaTables/vocal_music_demucs_16k/metaData_fma_large/row41239.csv
Execution time: 26.01116180419922 seconds
metaTables/vocal_music_demucs_16k/metaData_fma_large/row41240.csv
Execution time: 25.09977960586548 seconds
metaTables/vocal_music_demucs_16k/metaData_fma_large/row41241.csv
Execution time: 27.237926483154297 seconds
metaTables/vocal_music_demucs_16k/metaData_fma_large/row41242.csv
Execution time: 25.622538566589355 seconds
metaTables/vocal_music_demucs_16k/metaData_fma_large/row41243.csv
Execution time: 26.04672598838806 seconds
metaTables/vocal_music_demucs_16k/metaData_fma_large/row41244.csv
Execution time: 25.01005268096924 seconds
metaTables/vocal_music_demucs_16k/metaData_fma_large/row41245.csv
Execution time: 25.306955099105835 seconds
metaTables/vocal_music_demucs_16k/metaData_fma_large/row41246.csv
Execution time: 26.079532861709595 seconds
metaTables/vocal_music_demucs_16k/metaData_fma_large/row41247.csv
Execution time: 25.57524061203003 seconds
metaTables/vocal_music_demucs_16k/metaData_fma_large/row41248.csv
Execution time: 25.704913854599 seconds
metaTables/vocal_music_demucs_16k/metaData_fma_large/row41249.csv
Execution time: 25.548564195632935 seconds
metaTables/vocal_music_demucs_16k/metaData_fma_large/row41250.csv
Execution time: 24.965656995773315 seconds
metaTables/vocal_music_demucs_16k/metaData_fma_large/row41251.csv
Execution time: 25.49132251739502 seconds
metaTables/vocal_music_demucs_16k/metaData_fma_large/row41252.csv
Execution time: 26.073640823364258 seconds
metaTables/vocal_music_demucs_16k/metaData_fma_large/row41253.csv
Execution time: 26.112854957580566 seconds
metaTables/vocal_music_demucs_16k/metaData_fma_large/row41254.csv
Execution time: 26.202727556228638 seconds
metaTables/vocal_music_demucs_16k/metaData_fma_large/row41255.csv
Execution time: 25.48789644241333 seconds
metaTables/vocal_music_demucs_16k/metaData_fma_large/row41256.csv
Execution time: 26.568769216537476 seconds
metaTables/vocal_music_demucs_16k/metaData_fma_large/row41257.csv
Execution time: 25.830605268478394 seconds
metaTables/vocal_music_demucs_16k/metaData_fma_large/row41258.csv
Execution time: 25.844817876815796 seconds
metaTables/vocal_music_demucs_16k/metaData_fma_large/row41259.csv
Execution time: 24.80337429046631 seconds
metaTables/vocal_music_demucs_16k/metaData_fma_large/row41260.csv
Execution time: 26.353414297103882 seconds
metaTables/vocal_music_demucs_16k/metaData_fma_large/row41261.csv
Execution time: 25.961560249328613 seconds
metaTables/vocal_music_demucs_16k/metaData_fma_large/row41262.csv
Execution time: 25.66088366508484 seconds
metaTables/vocal_music_demucs_16k/metaData_fma_large/row41263.csv
Execution time: 26.08230423927307 seconds
metaTables/vocal_music_demucs_16k/metaData_fma_large/row41264.csv
Execution time: 27.1263267993927 seconds
metaTables/vocal_music_demucs_16k/metaData_fma_large/row41265.csv
Execution time: 25.132840633392334 seconds
metaTables/vocal_music_demucs_16k/metaData_fma_large/row41266.csv
Execution time: 24.611324071884155 seconds
metaTables/vocal_music_demucs_16k/metaData_fma_large/row41267.csv
Execution time: 25.682610988616943 seconds
metaTables/vocal_music_demucs_16k/metaData_fma_large/row41268.csv
Execution time: 24.79096293449402 seconds
metaTables/vocal_music_demucs_16k/metaData_fma_large/row41269.csv
Execution time: 24.832727193832397 seconds
metaTables/vocal_music_demucs_16k/metaData_fma_large/row41270.csv
Execution time: 25.626282453536987 seconds
metaTables/vocal_music_demucs_16k/metaData_fma_large/row41271.csv
Execution time: 27.228455305099487 seconds
metaTables/vocal_music_demucs_16k/metaData_fma_large/row41272.csv
Execution time: 25.594579696655273 seconds
metaTables/vocal_music_demucs_16k/metaData_fma_large/row41273.csv
Execution time: 25.539371013641357 seconds
metaTables/vocal_music_demucs_16k/metaData_fma_large/row41274.csv
Execution time: 24.959831953048706 seconds
metaTables/vocal_music_demucs_16k/metaData_fma_large/row41275.csv
Execution time: 25.434643745422363 seconds
metaTables/vocal_music_demucs_16k/metaData_fma_large/row41276.csv
Execution time: 26.22203803062439 seconds
metaTables/vocal_music_demucs_16k/metaData_fma_large/row41277.csv
Execution time: 25.47178339958191 seconds
metaTables/vocal_music_demucs_16k/metaData_fma_large/row41278.csv
Execution time: 25.038328886032104 seconds
metaTables/vocal_music_demucs_16k/metaData_fma_large/row41279.csv
Execution time: 25.480015993118286 seconds
metaTables/vocal_music_demucs_16k/metaData_fma_large/row41280.csv
Execution time: 27.067105531692505 seconds
metaTables/vocal_music_demucs_16k/metaData_fma_large/row41281.csv
Execution time: 25.12473440170288 seconds
metaTables/vocal_music_demucs_16k/metaData_fma_large/row41282.csv
Execution time: 25.633609771728516 seconds
metaTables/vocal_music_demucs_16k/metaData_fma_large/row41283.csv
Execution time: 25.066260814666748 seconds
metaTables/vocal_music_demucs_16k/metaData_fma_large/row41284.csv
Execution time: 25.834409475326538 seconds
metaTables/vocal_music_demucs_16k/metaData_fma_large/row41285.csv
Execution time: 24.80732774734497 seconds
metaTables/vocal_music_demucs_16k/metaData_fma_large/row41286.csv
Execution time: 25.305887937545776 seconds
metaTables/vocal_music_demucs_16k/metaData_fma_large/row41287.csv
Execution time: 25.623811721801758 seconds
metaTables/vocal_music_demucs_16k/metaData_fma_large/row41288.csv
Execution time: 24.514761686325073 seconds
metaTables/vocal_music_demucs_16k/metaData_fma_large/row41289.csv
Execution time: 25.671928644180298 seconds
metaTables/vocal_music_demucs_16k/metaData_fma_large/row41290.csv
Execution time: 26.152692317962646 seconds
metaTables/vocal_music_demucs_16k/metaData_fma_large/row41291.csv
Execution time: 25.375601053237915 seconds
metaTables/vocal_music_demucs_16k/metaData_fma_large/row41292.csv
Execution time: 24.6440372467041 seconds
metaTables/vocal_music_demucs_16k/metaData_fma_large/row41293.csv
Execution time: 25.748777151107788 seconds
metaTables/vocal_music_demucs_16k/metaData_fma_large/row41294.csv
Execution time: 8.017600059509277 seconds
metaTables/vocal_music_demucs_16k/metaData_fma_large/row41295.csv
Execution time: 23.8354709148407 seconds
metaTables/vocal_music_demucs_16k/metaData_fma_large/row41296.csv
Execution time: 24.286659002304077 seconds
metaTables/vocal_music_demucs_16k/metaData_fma_large/row41297.csv
Execution time: 25.31181502342224 seconds
metaTables/vocal_music_demucs_16k/metaData_fma_large/row41298.csv
Execution time: 24.457725286483765 seconds
metaTables/vocal_music_demucs_16k/metaData_fma_large/row41299.csv
Demucs voice recognition done!
