/ext3/demucs/lib/python3.9/site-packages/demucs/api.py:27: UserWarning: TorchAudio's global backend is now deprecated. Please enable distpatcher by setting `TORCHAUDIO_USE_BACKEND_DISPATCHER=1`, and specify backend when calling load/info/save function.
  import torchaudio as ta
2024-05-09 09:21:37.171178: I tensorflow/core/util/port.cc:113] oneDNN custom operations are on. You may see slightly different numerical results due to floating-point round-off errors from different computation orders. To turn them off, set the environment variable `TF_ENABLE_ONEDNN_OPTS=0`.
2024-05-09 09:21:38.520147: E external/local_xla/xla/stream_executor/cuda/cuda_dnn.cc:9261] Unable to register cuDNN factory: Attempting to register factory for plugin cuDNN when one has already been registered
2024-05-09 09:21:38.520186: E external/local_xla/xla/stream_executor/cuda/cuda_fft.cc:607] Unable to register cuFFT factory: Attempting to register factory for plugin cuFFT when one has already been registered
2024-05-09 09:21:38.654569: E external/local_xla/xla/stream_executor/cuda/cuda_blas.cc:1515] Unable to register cuBLAS factory: Attempting to register factory for plugin cuBLAS when one has already been registered
2024-05-09 09:21:39.261630: I tensorflow/core/platform/cpu_feature_guard.cc:182] This TensorFlow binary is optimized to use available CPU instructions in performance-critical operations.
To enable the following instructions: AVX2 AVX512F AVX512_VNNI FMA, in other operations, rebuild TensorFlow with the appropriate compiler flags.
2024-05-09 09:21:41.774847: W tensorflow/compiler/tf2tensorrt/utils/py_utils.cc:38] TF-TRT Warning: Could not find TensorRT
SKIPPING: metaTables/vocal_music_demucs_16k/metaData_fma_large/row47500.csv
SKIPPING: metaTables/vocal_music_demucs_16k/metaData_fma_large/row47501.csv
SKIPPING: metaTables/vocal_music_demucs_16k/metaData_fma_large/row47502.csv
SKIPPING: metaTables/vocal_music_demucs_16k/metaData_fma_large/row47503.csv
SKIPPING: metaTables/vocal_music_demucs_16k/metaData_fma_large/row47504.csv
SKIPPING: metaTables/vocal_music_demucs_16k/metaData_fma_large/row47505.csv
SKIPPING: metaTables/vocal_music_demucs_16k/metaData_fma_large/row47506.csv
SKIPPING: metaTables/vocal_music_demucs_16k/metaData_fma_large/row47507.csv
SKIPPING: metaTables/vocal_music_demucs_16k/metaData_fma_large/row47508.csv
SKIPPING: metaTables/vocal_music_demucs_16k/metaData_fma_large/row47509.csv
SKIPPING: metaTables/vocal_music_demucs_16k/metaData_fma_large/row47510.csv
SKIPPING: metaTables/vocal_music_demucs_16k/metaData_fma_large/row47511.csv
SKIPPING: metaTables/vocal_music_demucs_16k/metaData_fma_large/row47512.csv
SKIPPING: metaTables/vocal_music_demucs_16k/metaData_fma_large/row47513.csv
SKIPPING: metaTables/vocal_music_demucs_16k/metaData_fma_large/row47514.csv
SKIPPING: metaTables/vocal_music_demucs_16k/metaData_fma_large/row47515.csv
SKIPPING: metaTables/vocal_music_demucs_16k/metaData_fma_large/row47516.csv
SKIPPING: metaTables/vocal_music_demucs_16k/metaData_fma_large/row47517.csv
SKIPPING: metaTables/vocal_music_demucs_16k/metaData_fma_large/row47518.csv
SKIPPING: metaTables/vocal_music_demucs_16k/metaData_fma_large/row47519.csv
SKIPPING: metaTables/vocal_music_demucs_16k/metaData_fma_large/row47520.csv
SKIPPING: metaTables/vocal_music_demucs_16k/metaData_fma_large/row47521.csv
SKIPPING: metaTables/vocal_music_demucs_16k/metaData_fma_large/row47522.csv
SKIPPING: metaTables/vocal_music_demucs_16k/metaData_fma_large/row47523.csv
SKIPPING: metaTables/vocal_music_demucs_16k/metaData_fma_large/row47524.csv
SKIPPING: metaTables/vocal_music_demucs_16k/metaData_fma_large/row47525.csv
SKIPPING: metaTables/vocal_music_demucs_16k/metaData_fma_large/row47526.csv
SKIPPING: metaTables/vocal_music_demucs_16k/metaData_fma_large/row47527.csv
SKIPPING: metaTables/vocal_music_demucs_16k/metaData_fma_large/row47528.csv
SKIPPING: metaTables/vocal_music_demucs_16k/metaData_fma_large/row47529.csv
SKIPPING: metaTables/vocal_music_demucs_16k/metaData_fma_large/row47530.csv
SKIPPING: metaTables/vocal_music_demucs_16k/metaData_fma_large/row47531.csv
SKIPPING: metaTables/vocal_music_demucs_16k/metaData_fma_large/row47532.csv
SKIPPING: metaTables/vocal_music_demucs_16k/metaData_fma_large/row47533.csv
SKIPPING: metaTables/vocal_music_demucs_16k/metaData_fma_large/row47534.csv
SKIPPING: metaTables/vocal_music_demucs_16k/metaData_fma_large/row47535.csv
SKIPPING: metaTables/vocal_music_demucs_16k/metaData_fma_large/row47536.csv
SKIPPING: metaTables/vocal_music_demucs_16k/metaData_fma_large/row47537.csv
SKIPPING: metaTables/vocal_music_demucs_16k/metaData_fma_large/row47538.csv
SKIPPING: metaTables/vocal_music_demucs_16k/metaData_fma_large/row47539.csv
SKIPPING: metaTables/vocal_music_demucs_16k/metaData_fma_large/row47540.csv
SKIPPING: metaTables/vocal_music_demucs_16k/metaData_fma_large/row47541.csv
SKIPPING: metaTables/vocal_music_demucs_16k/metaData_fma_large/row47542.csv
SKIPPING: metaTables/vocal_music_demucs_16k/metaData_fma_large/row47543.csv
SKIPPING: metaTables/vocal_music_demucs_16k/metaData_fma_large/row47544.csv
SKIPPING: metaTables/vocal_music_demucs_16k/metaData_fma_large/row47545.csv
SKIPPING: metaTables/vocal_music_demucs_16k/metaData_fma_large/row47546.csv
SKIPPING: metaTables/vocal_music_demucs_16k/metaData_fma_large/row47547.csv
SKIPPING: metaTables/vocal_music_demucs_16k/metaData_fma_large/row47548.csv
SKIPPING: metaTables/vocal_music_demucs_16k/metaData_fma_large/row47549.csv
SKIPPING: metaTables/vocal_music_demucs_16k/metaData_fma_large/row47550.csv
SKIPPING: metaTables/vocal_music_demucs_16k/metaData_fma_large/row47551.csv
SKIPPING: metaTables/vocal_music_demucs_16k/metaData_fma_large/row47552.csv
SKIPPING: metaTables/vocal_music_demucs_16k/metaData_fma_large/row47553.csv
SKIPPING: metaTables/vocal_music_demucs_16k/metaData_fma_large/row47554.csv
SKIPPING: metaTables/vocal_music_demucs_16k/metaData_fma_large/row47555.csv
SKIPPING: metaTables/vocal_music_demucs_16k/metaData_fma_large/row47556.csv
SKIPPING: metaTables/vocal_music_demucs_16k/metaData_fma_large/row47557.csv
SKIPPING: metaTables/vocal_music_demucs_16k/metaData_fma_large/row47558.csv
SKIPPING: metaTables/vocal_music_demucs_16k/metaData_fma_large/row47559.csv
SKIPPING: metaTables/vocal_music_demucs_16k/metaData_fma_large/row47560.csv
SKIPPING: metaTables/vocal_music_demucs_16k/metaData_fma_large/row47561.csv
SKIPPING: metaTables/vocal_music_demucs_16k/metaData_fma_large/row47562.csv
SKIPPING: metaTables/vocal_music_demucs_16k/metaData_fma_large/row47563.csv
SKIPPING: metaTables/vocal_music_demucs_16k/metaData_fma_large/row47564.csv
SKIPPING: metaTables/vocal_music_demucs_16k/metaData_fma_large/row47565.csv
SKIPPING: metaTables/vocal_music_demucs_16k/metaData_fma_large/row47566.csv
SKIPPING: metaTables/vocal_music_demucs_16k/metaData_fma_large/row47567.csv
SKIPPING: metaTables/vocal_music_demucs_16k/metaData_fma_large/row47568.csv
SKIPPING: metaTables/vocal_music_demucs_16k/metaData_fma_large/row47569.csv
SKIPPING: metaTables/vocal_music_demucs_16k/metaData_fma_large/row47570.csv
SKIPPING: metaTables/vocal_music_demucs_16k/metaData_fma_large/row47571.csv
SKIPPING: metaTables/vocal_music_demucs_16k/metaData_fma_large/row47572.csv
SKIPPING: metaTables/vocal_music_demucs_16k/metaData_fma_large/row47573.csv
SKIPPING: metaTables/vocal_music_demucs_16k/metaData_fma_large/row47574.csv
SKIPPING: metaTables/vocal_music_demucs_16k/metaData_fma_large/row47575.csv
SKIPPING: metaTables/vocal_music_demucs_16k/metaData_fma_large/row47576.csv
SKIPPING: metaTables/vocal_music_demucs_16k/metaData_fma_large/row47577.csv
SKIPPING: metaTables/vocal_music_demucs_16k/metaData_fma_large/row47578.csv
SKIPPING: metaTables/vocal_music_demucs_16k/metaData_fma_large/row47579.csv
SKIPPING: metaTables/vocal_music_demucs_16k/metaData_fma_large/row47580.csv
SKIPPING: metaTables/vocal_music_demucs_16k/metaData_fma_large/row47581.csv
SKIPPING: metaTables/vocal_music_demucs_16k/metaData_fma_large/row47582.csv
SKIPPING: metaTables/vocal_music_demucs_16k/metaData_fma_large/row47583.csv
SKIPPING: metaTables/vocal_music_demucs_16k/metaData_fma_large/row47584.csv
SKIPPING: metaTables/vocal_music_demucs_16k/metaData_fma_large/row47585.csv
SKIPPING: metaTables/vocal_music_demucs_16k/metaData_fma_large/row47586.csv
SKIPPING: metaTables/vocal_music_demucs_16k/metaData_fma_large/row47587.csv
SKIPPING: metaTables/vocal_music_demucs_16k/metaData_fma_large/row47588.csv
SKIPPING: metaTables/vocal_music_demucs_16k/metaData_fma_large/row47589.csv
SKIPPING: metaTables/vocal_music_demucs_16k/metaData_fma_large/row47590.csv
SKIPPING: metaTables/vocal_music_demucs_16k/metaData_fma_large/row47591.csv
SKIPPING: metaTables/vocal_music_demucs_16k/metaData_fma_large/row47592.csv
SKIPPING: metaTables/vocal_music_demucs_16k/metaData_fma_large/row47593.csv
SKIPPING: metaTables/vocal_music_demucs_16k/metaData_fma_large/row47594.csv
SKIPPING: metaTables/vocal_music_demucs_16k/metaData_fma_large/row47595.csv
SKIPPING: metaTables/vocal_music_demucs_16k/metaData_fma_large/row47596.csv
SKIPPING: metaTables/vocal_music_demucs_16k/metaData_fma_large/row47597.csv
SKIPPING: metaTables/vocal_music_demucs_16k/metaData_fma_large/row47598.csv
SKIPPING: metaTables/vocal_music_demucs_16k/metaData_fma_large/row47599.csv
Demucs voice recognition done!
