/ext3/demucs/lib/python3.9/site-packages/demucs/api.py:27: UserWarning: TorchAudio's global backend is now deprecated. Please enable distpatcher by setting `TORCHAUDIO_USE_BACKEND_DISPATCHER=1`, and specify backend when calling load/info/save function.
  import torchaudio as ta
2024-05-10 01:28:23.468088: I tensorflow/core/util/port.cc:113] oneDNN custom operations are on. You may see slightly different numerical results due to floating-point round-off errors from different computation orders. To turn them off, set the environment variable `TF_ENABLE_ONEDNN_OPTS=0`.
2024-05-10 01:28:23.833541: E external/local_xla/xla/stream_executor/cuda/cuda_dnn.cc:9261] Unable to register cuDNN factory: Attempting to register factory for plugin cuDNN when one has already been registered
2024-05-10 01:28:23.833582: E external/local_xla/xla/stream_executor/cuda/cuda_fft.cc:607] Unable to register cuFFT factory: Attempting to register factory for plugin cuFFT when one has already been registered
2024-05-10 01:28:23.889026: E external/local_xla/xla/stream_executor/cuda/cuda_blas.cc:1515] Unable to register cuBLAS factory: Attempting to register factory for plugin cuBLAS when one has already been registered
2024-05-10 01:28:23.944200: I tensorflow/core/platform/cpu_feature_guard.cc:182] This TensorFlow binary is optimized to use available CPU instructions in performance-critical operations.
To enable the following instructions: AVX2 AVX512F AVX512_VNNI FMA, in other operations, rebuild TensorFlow with the appropriate compiler flags.
2024-05-10 01:28:24.848201: W tensorflow/compiler/tf2tensorrt/utils/py_utils.cc:38] TF-TRT Warning: Could not find TensorRT
SKIPPING: metaTables/vocal_music_demucs_16k/metaData_fma_large/row41100.csv
SKIPPING: metaTables/vocal_music_demucs_16k/metaData_fma_large/row41101.csv
SKIPPING: metaTables/vocal_music_demucs_16k/metaData_fma_large/row41102.csv
SKIPPING: metaTables/vocal_music_demucs_16k/metaData_fma_large/row41103.csv
SKIPPING: metaTables/vocal_music_demucs_16k/metaData_fma_large/row41104.csv
SKIPPING: metaTables/vocal_music_demucs_16k/metaData_fma_large/row41105.csv
SKIPPING: metaTables/vocal_music_demucs_16k/metaData_fma_large/row41106.csv
SKIPPING: metaTables/vocal_music_demucs_16k/metaData_fma_large/row41107.csv
SKIPPING: metaTables/vocal_music_demucs_16k/metaData_fma_large/row41108.csv
SKIPPING: metaTables/vocal_music_demucs_16k/metaData_fma_large/row41109.csv
SKIPPING: metaTables/vocal_music_demucs_16k/metaData_fma_large/row41110.csv
SKIPPING: metaTables/vocal_music_demucs_16k/metaData_fma_large/row41111.csv
SKIPPING: metaTables/vocal_music_demucs_16k/metaData_fma_large/row41112.csv
Execution time: 30.30173635482788 seconds
metaTables/vocal_music_demucs_16k/metaData_fma_large/row41113.csv
Execution time: 27.469040393829346 seconds
metaTables/vocal_music_demucs_16k/metaData_fma_large/row41114.csv
Execution time: 28.003560304641724 seconds
metaTables/vocal_music_demucs_16k/metaData_fma_large/row41115.csv
Execution time: 27.545154333114624 seconds
metaTables/vocal_music_demucs_16k/metaData_fma_large/row41116.csv
Execution time: 28.03043246269226 seconds
metaTables/vocal_music_demucs_16k/metaData_fma_large/row41117.csv
Execution time: 27.243894338607788 seconds
metaTables/vocal_music_demucs_16k/metaData_fma_large/row41118.csv
Execution time: 27.687458515167236 seconds
metaTables/vocal_music_demucs_16k/metaData_fma_large/row41119.csv
Execution time: 27.947360277175903 seconds
metaTables/vocal_music_demucs_16k/metaData_fma_large/row41120.csv
Execution time: 27.249690294265747 seconds
metaTables/vocal_music_demucs_16k/metaData_fma_large/row41121.csv
Execution time: 29.621870040893555 seconds
metaTables/vocal_music_demucs_16k/metaData_fma_large/row41122.csv
Execution time: 27.782933235168457 seconds
metaTables/vocal_music_demucs_16k/metaData_fma_large/row41123.csv
Execution time: 26.86430859565735 seconds
metaTables/vocal_music_demucs_16k/metaData_fma_large/row41124.csv
Execution time: 27.169513940811157 seconds
metaTables/vocal_music_demucs_16k/metaData_fma_large/row41125.csv
Execution time: 27.48135471343994 seconds
metaTables/vocal_music_demucs_16k/metaData_fma_large/row41126.csv
Execution time: 28.612544298171997 seconds
metaTables/vocal_music_demucs_16k/metaData_fma_large/row41127.csv
Execution time: 28.001841068267822 seconds
metaTables/vocal_music_demucs_16k/metaData_fma_large/row41128.csv
Execution time: 27.193384647369385 seconds
metaTables/vocal_music_demucs_16k/metaData_fma_large/row41129.csv
Execution time: 27.73348355293274 seconds
metaTables/vocal_music_demucs_16k/metaData_fma_large/row41130.csv
Execution time: 28.811448574066162 seconds
metaTables/vocal_music_demucs_16k/metaData_fma_large/row41131.csv
Execution time: 27.30079174041748 seconds
metaTables/vocal_music_demucs_16k/metaData_fma_large/row41132.csv
Execution time: 27.288164138793945 seconds
metaTables/vocal_music_demucs_16k/metaData_fma_large/row41133.csv
Execution time: 27.608549118041992 seconds
metaTables/vocal_music_demucs_16k/metaData_fma_large/row41134.csv
Execution time: 26.454707622528076 seconds
metaTables/vocal_music_demucs_16k/metaData_fma_large/row41135.csv
Execution time: 27.518154621124268 seconds
metaTables/vocal_music_demucs_16k/metaData_fma_large/row41136.csv
Execution time: 27.502919673919678 seconds
metaTables/vocal_music_demucs_16k/metaData_fma_large/row41137.csv
Execution time: 28.218714475631714 seconds
metaTables/vocal_music_demucs_16k/metaData_fma_large/row41138.csv
Execution time: 27.174328565597534 seconds
metaTables/vocal_music_demucs_16k/metaData_fma_large/row41139.csv
Execution time: 27.98613476753235 seconds
metaTables/vocal_music_demucs_16k/metaData_fma_large/row41140.csv
Execution time: 27.662123918533325 seconds
metaTables/vocal_music_demucs_16k/metaData_fma_large/row41141.csv
Execution time: 29.252001523971558 seconds
metaTables/vocal_music_demucs_16k/metaData_fma_large/row41142.csv
Execution time: 28.195772647857666 seconds
metaTables/vocal_music_demucs_16k/metaData_fma_large/row41143.csv
Execution time: 27.319370985031128 seconds
metaTables/vocal_music_demucs_16k/metaData_fma_large/row41144.csv
Execution time: 22.674329042434692 seconds
metaTables/vocal_music_demucs_16k/metaData_fma_large/row41145.csv
Execution time: 26.887059688568115 seconds
metaTables/vocal_music_demucs_16k/metaData_fma_large/row41146.csv
Execution time: 26.729379415512085 seconds
metaTables/vocal_music_demucs_16k/metaData_fma_large/row41147.csv
Execution time: 26.887727975845337 seconds
metaTables/vocal_music_demucs_16k/metaData_fma_large/row41148.csv
Execution time: 28.634668111801147 seconds
metaTables/vocal_music_demucs_16k/metaData_fma_large/row41149.csv
Execution time: 27.062111139297485 seconds
metaTables/vocal_music_demucs_16k/metaData_fma_large/row41150.csv
Execution time: 27.703527688980103 seconds
metaTables/vocal_music_demucs_16k/metaData_fma_large/row41151.csv
Execution time: 28.46279239654541 seconds
metaTables/vocal_music_demucs_16k/metaData_fma_large/row41152.csv
Execution time: 28.252999544143677 seconds
metaTables/vocal_music_demucs_16k/metaData_fma_large/row41153.csv
Execution time: 27.45877718925476 seconds
metaTables/vocal_music_demucs_16k/metaData_fma_large/row41154.csv
Execution time: 27.923908472061157 seconds
metaTables/vocal_music_demucs_16k/metaData_fma_large/row41155.csv
Execution time: 26.305980443954468 seconds
metaTables/vocal_music_demucs_16k/metaData_fma_large/row41156.csv
Execution time: 27.35338568687439 seconds
metaTables/vocal_music_demucs_16k/metaData_fma_large/row41157.csv
Execution time: 27.913639307022095 seconds
metaTables/vocal_music_demucs_16k/metaData_fma_large/row41158.csv
Execution time: 28.104081630706787 seconds
metaTables/vocal_music_demucs_16k/metaData_fma_large/row41159.csv
Execution time: 26.729365348815918 seconds
metaTables/vocal_music_demucs_16k/metaData_fma_large/row41160.csv
Execution time: 27.92710852622986 seconds
metaTables/vocal_music_demucs_16k/metaData_fma_large/row41161.csv
Execution time: 27.717867374420166 seconds
metaTables/vocal_music_demucs_16k/metaData_fma_large/row41162.csv
Execution time: 27.602062463760376 seconds
metaTables/vocal_music_demucs_16k/metaData_fma_large/row41163.csv
Execution time: 25.936035871505737 seconds
metaTables/vocal_music_demucs_16k/metaData_fma_large/row41164.csv
Execution time: 27.263493299484253 seconds
metaTables/vocal_music_demucs_16k/metaData_fma_large/row41165.csv
Execution time: 26.634660720825195 seconds
metaTables/vocal_music_demucs_16k/metaData_fma_large/row41166.csv
Execution time: 27.086612224578857 seconds
metaTables/vocal_music_demucs_16k/metaData_fma_large/row41167.csv
Execution time: 27.414352416992188 seconds
metaTables/vocal_music_demucs_16k/metaData_fma_large/row41168.csv
Execution time: 26.613138437271118 seconds
metaTables/vocal_music_demucs_16k/metaData_fma_large/row41169.csv
Execution time: 28.56562066078186 seconds
metaTables/vocal_music_demucs_16k/metaData_fma_large/row41170.csv
Execution time: 27.360101461410522 seconds
metaTables/vocal_music_demucs_16k/metaData_fma_large/row41171.csv
Execution time: 27.13404369354248 seconds
metaTables/vocal_music_demucs_16k/metaData_fma_large/row41172.csv
Execution time: 27.355865478515625 seconds
metaTables/vocal_music_demucs_16k/metaData_fma_large/row41173.csv
Execution time: 27.21204948425293 seconds
metaTables/vocal_music_demucs_16k/metaData_fma_large/row41174.csv
Execution time: 27.395466804504395 seconds
metaTables/vocal_music_demucs_16k/metaData_fma_large/row41175.csv
Execution time: 27.421156644821167 seconds
metaTables/vocal_music_demucs_16k/metaData_fma_large/row41176.csv
Execution time: 27.683436393737793 seconds
metaTables/vocal_music_demucs_16k/metaData_fma_large/row41177.csv
Execution time: 28.142688035964966 seconds
metaTables/vocal_music_demucs_16k/metaData_fma_large/row41178.csv
Execution time: 27.389145135879517 seconds
metaTables/vocal_music_demucs_16k/metaData_fma_large/row41179.csv
Execution time: 27.17266058921814 seconds
metaTables/vocal_music_demucs_16k/metaData_fma_large/row41180.csv
Execution time: 27.070942640304565 seconds
metaTables/vocal_music_demucs_16k/metaData_fma_large/row41181.csv
Execution time: 27.320172548294067 seconds
metaTables/vocal_music_demucs_16k/metaData_fma_large/row41182.csv
Execution time: 26.64367365837097 seconds
metaTables/vocal_music_demucs_16k/metaData_fma_large/row41183.csv
Execution time: 27.54692316055298 seconds
metaTables/vocal_music_demucs_16k/metaData_fma_large/row41184.csv
Execution time: 27.1498122215271 seconds
metaTables/vocal_music_demucs_16k/metaData_fma_large/row41185.csv
Execution time: 28.034562349319458 seconds
metaTables/vocal_music_demucs_16k/metaData_fma_large/row41186.csv
Execution time: 29.281503200531006 seconds
metaTables/vocal_music_demucs_16k/metaData_fma_large/row41187.csv
Execution time: 28.598530054092407 seconds
metaTables/vocal_music_demucs_16k/metaData_fma_large/row41188.csv
Execution time: 27.27411961555481 seconds
metaTables/vocal_music_demucs_16k/metaData_fma_large/row41189.csv
Execution time: 27.659512758255005 seconds
metaTables/vocal_music_demucs_16k/metaData_fma_large/row41190.csv
Execution time: 27.375187397003174 seconds
metaTables/vocal_music_demucs_16k/metaData_fma_large/row41191.csv
Execution time: 27.807098627090454 seconds
metaTables/vocal_music_demucs_16k/metaData_fma_large/row41192.csv
Execution time: 27.83491563796997 seconds
metaTables/vocal_music_demucs_16k/metaData_fma_large/row41193.csv
Execution time: 27.3801372051239 seconds
metaTables/vocal_music_demucs_16k/metaData_fma_large/row41194.csv
Execution time: 27.581866979599 seconds
metaTables/vocal_music_demucs_16k/metaData_fma_large/row41195.csv
Execution time: 26.832291841506958 seconds
metaTables/vocal_music_demucs_16k/metaData_fma_large/row41196.csv
Execution time: 28.613826990127563 seconds
metaTables/vocal_music_demucs_16k/metaData_fma_large/row41197.csv
Execution time: 25.961283922195435 seconds
metaTables/vocal_music_demucs_16k/metaData_fma_large/row41198.csv
Execution time: 24.538172960281372 seconds
metaTables/vocal_music_demucs_16k/metaData_fma_large/row41199.csv
Demucs voice recognition done!
