/ext3/demucs/lib/python3.9/site-packages/demucs/api.py:27: UserWarning: TorchAudio's global backend is now deprecated. Please enable distpatcher by setting `TORCHAUDIO_USE_BACKEND_DISPATCHER=1`, and specify backend when calling load/info/save function.
  import torchaudio as ta
2024-05-10 02:04:24.869635: I tensorflow/core/util/port.cc:113] oneDNN custom operations are on. You may see slightly different numerical results due to floating-point round-off errors from different computation orders. To turn them off, set the environment variable `TF_ENABLE_ONEDNN_OPTS=0`.
2024-05-10 02:04:25.218145: E external/local_xla/xla/stream_executor/cuda/cuda_dnn.cc:9261] Unable to register cuDNN factory: Attempting to register factory for plugin cuDNN when one has already been registered
2024-05-10 02:04:25.218186: E external/local_xla/xla/stream_executor/cuda/cuda_fft.cc:607] Unable to register cuFFT factory: Attempting to register factory for plugin cuFFT when one has already been registered
2024-05-10 02:04:25.247242: E external/local_xla/xla/stream_executor/cuda/cuda_blas.cc:1515] Unable to register cuBLAS factory: Attempting to register factory for plugin cuBLAS when one has already been registered
2024-05-10 02:04:25.301517: I tensorflow/core/platform/cpu_feature_guard.cc:182] This TensorFlow binary is optimized to use available CPU instructions in performance-critical operations.
To enable the following instructions: AVX2 AVX512F AVX512_VNNI FMA, in other operations, rebuild TensorFlow with the appropriate compiler flags.
2024-05-10 02:04:26.206686: W tensorflow/compiler/tf2tensorrt/utils/py_utils.cc:38] TF-TRT Warning: Could not find TensorRT
Execution time: 30.499322652816772 seconds
metaTables/vocal_music_demucs_16k/metaData_fma_large/row91300.csv
Execution time: 27.333535194396973 seconds
metaTables/vocal_music_demucs_16k/metaData_fma_large/row91301.csv
Execution time: 26.93678641319275 seconds
metaTables/vocal_music_demucs_16k/metaData_fma_large/row91302.csv
Execution time: 28.04796075820923 seconds
metaTables/vocal_music_demucs_16k/metaData_fma_large/row91303.csv
Execution time: 27.6159451007843 seconds
metaTables/vocal_music_demucs_16k/metaData_fma_large/row91304.csv
Execution time: 27.154780626296997 seconds
metaTables/vocal_music_demucs_16k/metaData_fma_large/row91305.csv
Execution time: 27.366845846176147 seconds
metaTables/vocal_music_demucs_16k/metaData_fma_large/row91306.csv
Execution time: 26.68054175376892 seconds
metaTables/vocal_music_demucs_16k/metaData_fma_large/row91307.csv
Execution time: 26.529710292816162 seconds
metaTables/vocal_music_demucs_16k/metaData_fma_large/row91308.csv
Execution time: 26.547046184539795 seconds
metaTables/vocal_music_demucs_16k/metaData_fma_large/row91309.csv
Execution time: 26.629279851913452 seconds
metaTables/vocal_music_demucs_16k/metaData_fma_large/row91310.csv
Execution time: 28.722429037094116 seconds
metaTables/vocal_music_demucs_16k/metaData_fma_large/row91311.csv
Execution time: 27.351594924926758 seconds
metaTables/vocal_music_demucs_16k/metaData_fma_large/row91312.csv
Execution time: 27.096853971481323 seconds
metaTables/vocal_music_demucs_16k/metaData_fma_large/row91313.csv
Execution time: 27.150832414627075 seconds
metaTables/vocal_music_demucs_16k/metaData_fma_large/row91314.csv
Execution time: 26.623111248016357 seconds
metaTables/vocal_music_demucs_16k/metaData_fma_large/row91315.csv
Execution time: 26.746790409088135 seconds
metaTables/vocal_music_demucs_16k/metaData_fma_large/row91316.csv
Execution time: 26.98112678527832 seconds
metaTables/vocal_music_demucs_16k/metaData_fma_large/row91317.csv
Execution time: 26.866308212280273 seconds
metaTables/vocal_music_demucs_16k/metaData_fma_large/row91318.csv
Execution time: 27.73596477508545 seconds
metaTables/vocal_music_demucs_16k/metaData_fma_large/row91319.csv
Execution time: 27.118205070495605 seconds
metaTables/vocal_music_demucs_16k/metaData_fma_large/row91320.csv
Execution time: 27.541354179382324 seconds
metaTables/vocal_music_demucs_16k/metaData_fma_large/row91321.csv
Execution time: 26.747097492218018 seconds
metaTables/vocal_music_demucs_16k/metaData_fma_large/row91322.csv
Execution time: 27.285310983657837 seconds
metaTables/vocal_music_demucs_16k/metaData_fma_large/row91323.csv
Execution time: 27.743659496307373 seconds
metaTables/vocal_music_demucs_16k/metaData_fma_large/row91324.csv
Execution time: 27.696988105773926 seconds
metaTables/vocal_music_demucs_16k/metaData_fma_large/row91325.csv
Execution time: 28.07088851928711 seconds
metaTables/vocal_music_demucs_16k/metaData_fma_large/row91326.csv
Execution time: 26.86441135406494 seconds
metaTables/vocal_music_demucs_16k/metaData_fma_large/row91327.csv
Execution time: 27.18414545059204 seconds
metaTables/vocal_music_demucs_16k/metaData_fma_large/row91328.csv
Execution time: 27.981324911117554 seconds
metaTables/vocal_music_demucs_16k/metaData_fma_large/row91329.csv
Execution time: 27.13616418838501 seconds
metaTables/vocal_music_demucs_16k/metaData_fma_large/row91330.csv
Execution time: 27.439756631851196 seconds
metaTables/vocal_music_demucs_16k/metaData_fma_large/row91331.csv
Execution time: 27.79069972038269 seconds
metaTables/vocal_music_demucs_16k/metaData_fma_large/row91332.csv
Execution time: 27.27890419960022 seconds
metaTables/vocal_music_demucs_16k/metaData_fma_large/row91333.csv
Execution time: 27.332666873931885 seconds
metaTables/vocal_music_demucs_16k/metaData_fma_large/row91334.csv
Execution time: 27.138176441192627 seconds
metaTables/vocal_music_demucs_16k/metaData_fma_large/row91335.csv
Execution time: 27.589799880981445 seconds
metaTables/vocal_music_demucs_16k/metaData_fma_large/row91336.csv
Execution time: 28.482502460479736 seconds
metaTables/vocal_music_demucs_16k/metaData_fma_large/row91337.csv
Execution time: 28.200613498687744 seconds
metaTables/vocal_music_demucs_16k/metaData_fma_large/row91338.csv
Execution time: 28.110295295715332 seconds
metaTables/vocal_music_demucs_16k/metaData_fma_large/row91339.csv
Execution time: 27.575066328048706 seconds
metaTables/vocal_music_demucs_16k/metaData_fma_large/row91340.csv
Execution time: 26.82787013053894 seconds
metaTables/vocal_music_demucs_16k/metaData_fma_large/row91341.csv
Execution time: 27.893415451049805 seconds
metaTables/vocal_music_demucs_16k/metaData_fma_large/row91342.csv
Execution time: 27.956421375274658 seconds
metaTables/vocal_music_demucs_16k/metaData_fma_large/row91343.csv
Execution time: 27.358649253845215 seconds
metaTables/vocal_music_demucs_16k/metaData_fma_large/row91344.csv
Execution time: 27.695078372955322 seconds
metaTables/vocal_music_demucs_16k/metaData_fma_large/row91345.csv
Execution time: 26.891916275024414 seconds
metaTables/vocal_music_demucs_16k/metaData_fma_large/row91346.csv
Execution time: 29.810053825378418 seconds
metaTables/vocal_music_demucs_16k/metaData_fma_large/row91347.csv
Execution time: 27.383545398712158 seconds
metaTables/vocal_music_demucs_16k/metaData_fma_large/row91348.csv
Execution time: 26.91156816482544 seconds
metaTables/vocal_music_demucs_16k/metaData_fma_large/row91349.csv
Execution time: 26.49439835548401 seconds
metaTables/vocal_music_demucs_16k/metaData_fma_large/row91350.csv
Execution time: 28.00037407875061 seconds
metaTables/vocal_music_demucs_16k/metaData_fma_large/row91351.csv
Execution time: 27.66677451133728 seconds
metaTables/vocal_music_demucs_16k/metaData_fma_large/row91352.csv
Execution time: 27.601399421691895 seconds
metaTables/vocal_music_demucs_16k/metaData_fma_large/row91353.csv
Execution time: 27.008594751358032 seconds
metaTables/vocal_music_demucs_16k/metaData_fma_large/row91354.csv
Execution time: 27.08777618408203 seconds
metaTables/vocal_music_demucs_16k/metaData_fma_large/row91355.csv
Execution time: 27.011357069015503 seconds
metaTables/vocal_music_demucs_16k/metaData_fma_large/row91356.csv
Execution time: 27.292588233947754 seconds
metaTables/vocal_music_demucs_16k/metaData_fma_large/row91357.csv
Execution time: 27.57804560661316 seconds
metaTables/vocal_music_demucs_16k/metaData_fma_large/row91358.csv
Execution time: 28.31200098991394 seconds
metaTables/vocal_music_demucs_16k/metaData_fma_large/row91359.csv
Execution time: 27.423508882522583 seconds
metaTables/vocal_music_demucs_16k/metaData_fma_large/row91360.csv
Execution time: 26.7089524269104 seconds
metaTables/vocal_music_demucs_16k/metaData_fma_large/row91361.csv
Execution time: 27.487013339996338 seconds
metaTables/vocal_music_demucs_16k/metaData_fma_large/row91362.csv
Execution time: 25.94409990310669 seconds
metaTables/vocal_music_demucs_16k/metaData_fma_large/row91363.csv
Execution time: 26.76194667816162 seconds
metaTables/vocal_music_demucs_16k/metaData_fma_large/row91364.csv
Execution time: 27.2890944480896 seconds
metaTables/vocal_music_demucs_16k/metaData_fma_large/row91365.csv
Execution time: 27.653506755828857 seconds
metaTables/vocal_music_demucs_16k/metaData_fma_large/row91366.csv
Execution time: 27.536499977111816 seconds
metaTables/vocal_music_demucs_16k/metaData_fma_large/row91367.csv
Execution time: 26.951748847961426 seconds
metaTables/vocal_music_demucs_16k/metaData_fma_large/row91368.csv
Execution time: 27.51607871055603 seconds
metaTables/vocal_music_demucs_16k/metaData_fma_large/row91369.csv
Execution time: 27.60871458053589 seconds
metaTables/vocal_music_demucs_16k/metaData_fma_large/row91370.csv
Execution time: 27.24710178375244 seconds
metaTables/vocal_music_demucs_16k/metaData_fma_large/row91371.csv
Execution time: 27.11826491355896 seconds
metaTables/vocal_music_demucs_16k/metaData_fma_large/row91372.csv
Execution time: 26.963881969451904 seconds
metaTables/vocal_music_demucs_16k/metaData_fma_large/row91373.csv
Execution time: 27.030711889266968 seconds
metaTables/vocal_music_demucs_16k/metaData_fma_large/row91374.csv
Execution time: 26.914101600646973 seconds
metaTables/vocal_music_demucs_16k/metaData_fma_large/row91375.csv
Execution time: 26.042723655700684 seconds
metaTables/vocal_music_demucs_16k/metaData_fma_large/row91376.csv
Execution time: 27.459290742874146 seconds
metaTables/vocal_music_demucs_16k/metaData_fma_large/row91377.csv
Execution time: 27.23704743385315 seconds
metaTables/vocal_music_demucs_16k/metaData_fma_large/row91378.csv
Execution time: 27.715337991714478 seconds
metaTables/vocal_music_demucs_16k/metaData_fma_large/row91379.csv
Execution time: 17.861427068710327 seconds
metaTables/vocal_music_demucs_16k/metaData_fma_large/row91380.csv
Execution time: 26.974141120910645 seconds
metaTables/vocal_music_demucs_16k/metaData_fma_large/row91381.csv
Execution time: 27.208102464675903 seconds
metaTables/vocal_music_demucs_16k/metaData_fma_large/row91382.csv
Execution time: 27.557637453079224 seconds
metaTables/vocal_music_demucs_16k/metaData_fma_large/row91383.csv
Execution time: 27.813897371292114 seconds
metaTables/vocal_music_demucs_16k/metaData_fma_large/row91384.csv
Execution time: 27.90742778778076 seconds
metaTables/vocal_music_demucs_16k/metaData_fma_large/row91385.csv
Execution time: 28.54271101951599 seconds
metaTables/vocal_music_demucs_16k/metaData_fma_large/row91386.csv
Execution time: 26.944981575012207 seconds
metaTables/vocal_music_demucs_16k/metaData_fma_large/row91387.csv
Execution time: 27.723450422286987 seconds
metaTables/vocal_music_demucs_16k/metaData_fma_large/row91388.csv
Execution time: 27.102715730667114 seconds
metaTables/vocal_music_demucs_16k/metaData_fma_large/row91389.csv
Execution time: 27.123787879943848 seconds
metaTables/vocal_music_demucs_16k/metaData_fma_large/row91390.csv
Execution time: 26.895982265472412 seconds
metaTables/vocal_music_demucs_16k/metaData_fma_large/row91391.csv
Execution time: 27.947213172912598 seconds
metaTables/vocal_music_demucs_16k/metaData_fma_large/row91392.csv
Execution time: 27.776926040649414 seconds
metaTables/vocal_music_demucs_16k/metaData_fma_large/row91393.csv
Execution time: 27.699593782424927 seconds
metaTables/vocal_music_demucs_16k/metaData_fma_large/row91394.csv
Execution time: 26.50591206550598 seconds
metaTables/vocal_music_demucs_16k/metaData_fma_large/row91395.csv
Execution time: 27.57547926902771 seconds
metaTables/vocal_music_demucs_16k/metaData_fma_large/row91396.csv
Execution time: 27.557188272476196 seconds
metaTables/vocal_music_demucs_16k/metaData_fma_large/row91397.csv
Execution time: 27.694068670272827 seconds
metaTables/vocal_music_demucs_16k/metaData_fma_large/row91398.csv
Execution time: 27.169496536254883 seconds
metaTables/vocal_music_demucs_16k/metaData_fma_large/row91399.csv
Demucs voice recognition done!
