/ext3/demucs/lib/python3.9/site-packages/demucs/api.py:27: UserWarning: TorchAudio's global backend is now deprecated. Please enable distpatcher by setting `TORCHAUDIO_USE_BACKEND_DISPATCHER=1`, and specify backend when calling load/info/save function.
  import torchaudio as ta
2024-05-09 09:22:22.735439: I tensorflow/core/util/port.cc:113] oneDNN custom operations are on. You may see slightly different numerical results due to floating-point round-off errors from different computation orders. To turn them off, set the environment variable `TF_ENABLE_ONEDNN_OPTS=0`.
2024-05-09 09:22:23.479045: E external/local_xla/xla/stream_executor/cuda/cuda_dnn.cc:9261] Unable to register cuDNN factory: Attempting to register factory for plugin cuDNN when one has already been registered
2024-05-09 09:22:23.479081: E external/local_xla/xla/stream_executor/cuda/cuda_fft.cc:607] Unable to register cuFFT factory: Attempting to register factory for plugin cuFFT when one has already been registered
2024-05-09 09:22:23.604388: E external/local_xla/xla/stream_executor/cuda/cuda_blas.cc:1515] Unable to register cuBLAS factory: Attempting to register factory for plugin cuBLAS when one has already been registered
2024-05-09 09:22:23.658302: I tensorflow/core/platform/cpu_feature_guard.cc:182] This TensorFlow binary is optimized to use available CPU instructions in performance-critical operations.
To enable the following instructions: AVX2 AVX512F AVX512_VNNI FMA, in other operations, rebuild TensorFlow with the appropriate compiler flags.
2024-05-09 09:22:24.573097: W tensorflow/compiler/tf2tensorrt/utils/py_utils.cc:38] TF-TRT Warning: Could not find TensorRT
SKIPPING: metaTables/vocal_music_demucs_16k/metaData_fma_large/row76000.csv
SKIPPING: metaTables/vocal_music_demucs_16k/metaData_fma_large/row76001.csv
SKIPPING: metaTables/vocal_music_demucs_16k/metaData_fma_large/row76002.csv
SKIPPING: metaTables/vocal_music_demucs_16k/metaData_fma_large/row76003.csv
SKIPPING: metaTables/vocal_music_demucs_16k/metaData_fma_large/row76004.csv
SKIPPING: metaTables/vocal_music_demucs_16k/metaData_fma_large/row76005.csv
SKIPPING: metaTables/vocal_music_demucs_16k/metaData_fma_large/row76006.csv
SKIPPING: metaTables/vocal_music_demucs_16k/metaData_fma_large/row76007.csv
SKIPPING: metaTables/vocal_music_demucs_16k/metaData_fma_large/row76008.csv
SKIPPING: metaTables/vocal_music_demucs_16k/metaData_fma_large/row76009.csv
SKIPPING: metaTables/vocal_music_demucs_16k/metaData_fma_large/row76010.csv
SKIPPING: metaTables/vocal_music_demucs_16k/metaData_fma_large/row76011.csv
SKIPPING: metaTables/vocal_music_demucs_16k/metaData_fma_large/row76012.csv
SKIPPING: metaTables/vocal_music_demucs_16k/metaData_fma_large/row76013.csv
SKIPPING: metaTables/vocal_music_demucs_16k/metaData_fma_large/row76014.csv
SKIPPING: metaTables/vocal_music_demucs_16k/metaData_fma_large/row76015.csv
SKIPPING: metaTables/vocal_music_demucs_16k/metaData_fma_large/row76016.csv
SKIPPING: metaTables/vocal_music_demucs_16k/metaData_fma_large/row76017.csv
SKIPPING: metaTables/vocal_music_demucs_16k/metaData_fma_large/row76018.csv
SKIPPING: metaTables/vocal_music_demucs_16k/metaData_fma_large/row76019.csv
SKIPPING: metaTables/vocal_music_demucs_16k/metaData_fma_large/row76020.csv
SKIPPING: metaTables/vocal_music_demucs_16k/metaData_fma_large/row76021.csv
SKIPPING: metaTables/vocal_music_demucs_16k/metaData_fma_large/row76022.csv
SKIPPING: metaTables/vocal_music_demucs_16k/metaData_fma_large/row76023.csv
SKIPPING: metaTables/vocal_music_demucs_16k/metaData_fma_large/row76024.csv
SKIPPING: metaTables/vocal_music_demucs_16k/metaData_fma_large/row76025.csv
SKIPPING: metaTables/vocal_music_demucs_16k/metaData_fma_large/row76026.csv
SKIPPING: metaTables/vocal_music_demucs_16k/metaData_fma_large/row76027.csv
SKIPPING: metaTables/vocal_music_demucs_16k/metaData_fma_large/row76028.csv
SKIPPING: metaTables/vocal_music_demucs_16k/metaData_fma_large/row76029.csv
SKIPPING: metaTables/vocal_music_demucs_16k/metaData_fma_large/row76030.csv
SKIPPING: metaTables/vocal_music_demucs_16k/metaData_fma_large/row76031.csv
SKIPPING: metaTables/vocal_music_demucs_16k/metaData_fma_large/row76032.csv
SKIPPING: metaTables/vocal_music_demucs_16k/metaData_fma_large/row76033.csv
SKIPPING: metaTables/vocal_music_demucs_16k/metaData_fma_large/row76034.csv
SKIPPING: metaTables/vocal_music_demucs_16k/metaData_fma_large/row76035.csv
SKIPPING: metaTables/vocal_music_demucs_16k/metaData_fma_large/row76036.csv
SKIPPING: metaTables/vocal_music_demucs_16k/metaData_fma_large/row76037.csv
SKIPPING: metaTables/vocal_music_demucs_16k/metaData_fma_large/row76038.csv
SKIPPING: metaTables/vocal_music_demucs_16k/metaData_fma_large/row76039.csv
SKIPPING: metaTables/vocal_music_demucs_16k/metaData_fma_large/row76040.csv
SKIPPING: metaTables/vocal_music_demucs_16k/metaData_fma_large/row76041.csv
SKIPPING: metaTables/vocal_music_demucs_16k/metaData_fma_large/row76042.csv
SKIPPING: metaTables/vocal_music_demucs_16k/metaData_fma_large/row76043.csv
SKIPPING: metaTables/vocal_music_demucs_16k/metaData_fma_large/row76044.csv
SKIPPING: metaTables/vocal_music_demucs_16k/metaData_fma_large/row76045.csv
SKIPPING: metaTables/vocal_music_demucs_16k/metaData_fma_large/row76046.csv
SKIPPING: metaTables/vocal_music_demucs_16k/metaData_fma_large/row76047.csv
SKIPPING: metaTables/vocal_music_demucs_16k/metaData_fma_large/row76048.csv
SKIPPING: metaTables/vocal_music_demucs_16k/metaData_fma_large/row76049.csv
SKIPPING: metaTables/vocal_music_demucs_16k/metaData_fma_large/row76050.csv
SKIPPING: metaTables/vocal_music_demucs_16k/metaData_fma_large/row76051.csv
SKIPPING: metaTables/vocal_music_demucs_16k/metaData_fma_large/row76052.csv
SKIPPING: metaTables/vocal_music_demucs_16k/metaData_fma_large/row76053.csv
SKIPPING: metaTables/vocal_music_demucs_16k/metaData_fma_large/row76054.csv
SKIPPING: metaTables/vocal_music_demucs_16k/metaData_fma_large/row76055.csv
SKIPPING: metaTables/vocal_music_demucs_16k/metaData_fma_large/row76056.csv
SKIPPING: metaTables/vocal_music_demucs_16k/metaData_fma_large/row76057.csv
SKIPPING: metaTables/vocal_music_demucs_16k/metaData_fma_large/row76058.csv
SKIPPING: metaTables/vocal_music_demucs_16k/metaData_fma_large/row76059.csv
SKIPPING: metaTables/vocal_music_demucs_16k/metaData_fma_large/row76060.csv
SKIPPING: metaTables/vocal_music_demucs_16k/metaData_fma_large/row76061.csv
SKIPPING: metaTables/vocal_music_demucs_16k/metaData_fma_large/row76062.csv
SKIPPING: metaTables/vocal_music_demucs_16k/metaData_fma_large/row76063.csv
SKIPPING: metaTables/vocal_music_demucs_16k/metaData_fma_large/row76064.csv
SKIPPING: metaTables/vocal_music_demucs_16k/metaData_fma_large/row76065.csv
SKIPPING: metaTables/vocal_music_demucs_16k/metaData_fma_large/row76066.csv
SKIPPING: metaTables/vocal_music_demucs_16k/metaData_fma_large/row76067.csv
SKIPPING: metaTables/vocal_music_demucs_16k/metaData_fma_large/row76068.csv
SKIPPING: metaTables/vocal_music_demucs_16k/metaData_fma_large/row76069.csv
SKIPPING: metaTables/vocal_music_demucs_16k/metaData_fma_large/row76070.csv
SKIPPING: metaTables/vocal_music_demucs_16k/metaData_fma_large/row76071.csv
SKIPPING: metaTables/vocal_music_demucs_16k/metaData_fma_large/row76072.csv
SKIPPING: metaTables/vocal_music_demucs_16k/metaData_fma_large/row76073.csv
SKIPPING: metaTables/vocal_music_demucs_16k/metaData_fma_large/row76074.csv
SKIPPING: metaTables/vocal_music_demucs_16k/metaData_fma_large/row76075.csv
SKIPPING: metaTables/vocal_music_demucs_16k/metaData_fma_large/row76076.csv
SKIPPING: metaTables/vocal_music_demucs_16k/metaData_fma_large/row76077.csv
SKIPPING: metaTables/vocal_music_demucs_16k/metaData_fma_large/row76078.csv
SKIPPING: metaTables/vocal_music_demucs_16k/metaData_fma_large/row76079.csv
SKIPPING: metaTables/vocal_music_demucs_16k/metaData_fma_large/row76080.csv
SKIPPING: metaTables/vocal_music_demucs_16k/metaData_fma_large/row76081.csv
SKIPPING: metaTables/vocal_music_demucs_16k/metaData_fma_large/row76082.csv
SKIPPING: metaTables/vocal_music_demucs_16k/metaData_fma_large/row76083.csv
SKIPPING: metaTables/vocal_music_demucs_16k/metaData_fma_large/row76084.csv
SKIPPING: metaTables/vocal_music_demucs_16k/metaData_fma_large/row76085.csv
SKIPPING: metaTables/vocal_music_demucs_16k/metaData_fma_large/row76086.csv
SKIPPING: metaTables/vocal_music_demucs_16k/metaData_fma_large/row76087.csv
SKIPPING: metaTables/vocal_music_demucs_16k/metaData_fma_large/row76088.csv
SKIPPING: metaTables/vocal_music_demucs_16k/metaData_fma_large/row76089.csv
SKIPPING: metaTables/vocal_music_demucs_16k/metaData_fma_large/row76090.csv
SKIPPING: metaTables/vocal_music_demucs_16k/metaData_fma_large/row76091.csv
SKIPPING: metaTables/vocal_music_demucs_16k/metaData_fma_large/row76092.csv
SKIPPING: metaTables/vocal_music_demucs_16k/metaData_fma_large/row76093.csv
SKIPPING: metaTables/vocal_music_demucs_16k/metaData_fma_large/row76094.csv
SKIPPING: metaTables/vocal_music_demucs_16k/metaData_fma_large/row76095.csv
SKIPPING: metaTables/vocal_music_demucs_16k/metaData_fma_large/row76096.csv
SKIPPING: metaTables/vocal_music_demucs_16k/metaData_fma_large/row76097.csv
SKIPPING: metaTables/vocal_music_demucs_16k/metaData_fma_large/row76098.csv
SKIPPING: metaTables/vocal_music_demucs_16k/metaData_fma_large/row76099.csv
Demucs voice recognition done!
