/ext3/demucs/lib/python3.9/site-packages/demucs/api.py:27: UserWarning: TorchAudio's global backend is now deprecated. Please enable distpatcher by setting `TORCHAUDIO_USE_BACKEND_DISPATCHER=1`, and specify backend when calling load/info/save function.
  import torchaudio as ta
2024-05-10 01:29:25.260537: I tensorflow/core/util/port.cc:113] oneDNN custom operations are on. You may see slightly different numerical results due to floating-point round-off errors from different computation orders. To turn them off, set the environment variable `TF_ENABLE_ONEDNN_OPTS=0`.
2024-05-10 01:29:25.534909: E external/local_xla/xla/stream_executor/cuda/cuda_dnn.cc:9261] Unable to register cuDNN factory: Attempting to register factory for plugin cuDNN when one has already been registered
2024-05-10 01:29:25.534951: E external/local_xla/xla/stream_executor/cuda/cuda_fft.cc:607] Unable to register cuFFT factory: Attempting to register factory for plugin cuFFT when one has already been registered
2024-05-10 01:29:25.567715: E external/local_xla/xla/stream_executor/cuda/cuda_blas.cc:1515] Unable to register cuBLAS factory: Attempting to register factory for plugin cuBLAS when one has already been registered
2024-05-10 01:29:25.622000: I tensorflow/core/platform/cpu_feature_guard.cc:182] This TensorFlow binary is optimized to use available CPU instructions in performance-critical operations.
To enable the following instructions: AVX2 AVX512F AVX512_VNNI FMA, in other operations, rebuild TensorFlow with the appropriate compiler flags.
2024-05-10 01:29:26.530271: W tensorflow/compiler/tf2tensorrt/utils/py_utils.cc:38] TF-TRT Warning: Could not find TensorRT
SKIPPING: metaTables/vocal_music_demucs_16k/metaData_fma_large/row71600.csv
SKIPPING: metaTables/vocal_music_demucs_16k/metaData_fma_large/row71601.csv
SKIPPING: metaTables/vocal_music_demucs_16k/metaData_fma_large/row71602.csv
SKIPPING: metaTables/vocal_music_demucs_16k/metaData_fma_large/row71603.csv
SKIPPING: metaTables/vocal_music_demucs_16k/metaData_fma_large/row71604.csv
SKIPPING: metaTables/vocal_music_demucs_16k/metaData_fma_large/row71605.csv
SKIPPING: metaTables/vocal_music_demucs_16k/metaData_fma_large/row71606.csv
SKIPPING: metaTables/vocal_music_demucs_16k/metaData_fma_large/row71607.csv
SKIPPING: metaTables/vocal_music_demucs_16k/metaData_fma_large/row71608.csv
SKIPPING: metaTables/vocal_music_demucs_16k/metaData_fma_large/row71609.csv
SKIPPING: metaTables/vocal_music_demucs_16k/metaData_fma_large/row71610.csv
Execution time: 31.241870403289795 seconds
metaTables/vocal_music_demucs_16k/metaData_fma_large/row71611.csv
Execution time: 28.034722805023193 seconds
metaTables/vocal_music_demucs_16k/metaData_fma_large/row71612.csv
Execution time: 28.527910232543945 seconds
metaTables/vocal_music_demucs_16k/metaData_fma_large/row71613.csv
Execution time: 27.628567695617676 seconds
metaTables/vocal_music_demucs_16k/metaData_fma_large/row71614.csv
Execution time: 27.66325092315674 seconds
metaTables/vocal_music_demucs_16k/metaData_fma_large/row71615.csv
Execution time: 27.44912576675415 seconds
metaTables/vocal_music_demucs_16k/metaData_fma_large/row71616.csv
Execution time: 29.05889320373535 seconds
metaTables/vocal_music_demucs_16k/metaData_fma_large/row71617.csv
Execution time: 28.20620107650757 seconds
metaTables/vocal_music_demucs_16k/metaData_fma_large/row71618.csv
Execution time: 28.06101393699646 seconds
metaTables/vocal_music_demucs_16k/metaData_fma_large/row71619.csv
Execution time: 27.431612491607666 seconds
metaTables/vocal_music_demucs_16k/metaData_fma_large/row71620.csv
Execution time: 27.918238639831543 seconds
metaTables/vocal_music_demucs_16k/metaData_fma_large/row71621.csv
Execution time: 28.111729860305786 seconds
metaTables/vocal_music_demucs_16k/metaData_fma_large/row71622.csv
Execution time: 28.625366687774658 seconds
metaTables/vocal_music_demucs_16k/metaData_fma_large/row71623.csv
Execution time: 28.024657249450684 seconds
metaTables/vocal_music_demucs_16k/metaData_fma_large/row71624.csv
Execution time: 27.915107250213623 seconds
metaTables/vocal_music_demucs_16k/metaData_fma_large/row71625.csv
Execution time: 27.633485555648804 seconds
metaTables/vocal_music_demucs_16k/metaData_fma_large/row71626.csv
Execution time: 28.31302523612976 seconds
metaTables/vocal_music_demucs_16k/metaData_fma_large/row71627.csv
Execution time: 28.169398069381714 seconds
metaTables/vocal_music_demucs_16k/metaData_fma_large/row71628.csv
Execution time: 28.136383295059204 seconds
metaTables/vocal_music_demucs_16k/metaData_fma_large/row71629.csv
Execution time: 28.455989837646484 seconds
metaTables/vocal_music_demucs_16k/metaData_fma_large/row71630.csv
Execution time: 28.140769004821777 seconds
metaTables/vocal_music_demucs_16k/metaData_fma_large/row71631.csv
Execution time: 28.505661725997925 seconds
metaTables/vocal_music_demucs_16k/metaData_fma_large/row71632.csv
Execution time: 28.206212043762207 seconds
metaTables/vocal_music_demucs_16k/metaData_fma_large/row71633.csv
Execution time: 27.64285445213318 seconds
metaTables/vocal_music_demucs_16k/metaData_fma_large/row71634.csv
Execution time: 28.22219967842102 seconds
metaTables/vocal_music_demucs_16k/metaData_fma_large/row71635.csv
Execution time: 28.299390077590942 seconds
metaTables/vocal_music_demucs_16k/metaData_fma_large/row71636.csv
Execution time: 28.312350511550903 seconds
metaTables/vocal_music_demucs_16k/metaData_fma_large/row71637.csv
Execution time: 28.20691990852356 seconds
metaTables/vocal_music_demucs_16k/metaData_fma_large/row71638.csv
Execution time: 27.949350833892822 seconds
metaTables/vocal_music_demucs_16k/metaData_fma_large/row71639.csv
Execution time: 28.02209448814392 seconds
metaTables/vocal_music_demucs_16k/metaData_fma_large/row71640.csv
Execution time: 29.768401861190796 seconds
metaTables/vocal_music_demucs_16k/metaData_fma_large/row71641.csv
Execution time: 28.482622623443604 seconds
metaTables/vocal_music_demucs_16k/metaData_fma_large/row71642.csv
Execution time: 27.96062660217285 seconds
metaTables/vocal_music_demucs_16k/metaData_fma_large/row71643.csv
Execution time: 27.57722568511963 seconds
metaTables/vocal_music_demucs_16k/metaData_fma_large/row71644.csv
Execution time: 28.272644758224487 seconds
metaTables/vocal_music_demucs_16k/metaData_fma_large/row71645.csv
Execution time: 27.633450746536255 seconds
metaTables/vocal_music_demucs_16k/metaData_fma_large/row71646.csv
Execution time: 27.856255292892456 seconds
metaTables/vocal_music_demucs_16k/metaData_fma_large/row71647.csv
Execution time: 28.0251202583313 seconds
metaTables/vocal_music_demucs_16k/metaData_fma_large/row71648.csv
Execution time: 27.910783290863037 seconds
metaTables/vocal_music_demucs_16k/metaData_fma_large/row71649.csv
Execution time: 30.50008273124695 seconds
metaTables/vocal_music_demucs_16k/metaData_fma_large/row71650.csv
Execution time: 28.60621976852417 seconds
metaTables/vocal_music_demucs_16k/metaData_fma_large/row71651.csv
Execution time: 28.478426456451416 seconds
metaTables/vocal_music_demucs_16k/metaData_fma_large/row71652.csv
Execution time: 28.197149753570557 seconds
metaTables/vocal_music_demucs_16k/metaData_fma_large/row71653.csv
Execution time: 28.486738920211792 seconds
metaTables/vocal_music_demucs_16k/metaData_fma_large/row71654.csv
Execution time: 28.539572715759277 seconds
metaTables/vocal_music_demucs_16k/metaData_fma_large/row71655.csv
Execution time: 27.247175931930542 seconds
metaTables/vocal_music_demucs_16k/metaData_fma_large/row71656.csv
Execution time: 27.61054825782776 seconds
metaTables/vocal_music_demucs_16k/metaData_fma_large/row71657.csv
Execution time: 27.609345197677612 seconds
metaTables/vocal_music_demucs_16k/metaData_fma_large/row71658.csv
Execution time: 27.226417303085327 seconds
metaTables/vocal_music_demucs_16k/metaData_fma_large/row71659.csv
Execution time: 29.329756021499634 seconds
metaTables/vocal_music_demucs_16k/metaData_fma_large/row71660.csv
Execution time: 29.028311014175415 seconds
metaTables/vocal_music_demucs_16k/metaData_fma_large/row71661.csv
Execution time: 28.0963351726532 seconds
metaTables/vocal_music_demucs_16k/metaData_fma_large/row71662.csv
Execution time: 27.799041986465454 seconds
metaTables/vocal_music_demucs_16k/metaData_fma_large/row71663.csv
Execution time: 27.620311975479126 seconds
metaTables/vocal_music_demucs_16k/metaData_fma_large/row71664.csv
Execution time: 28.266980171203613 seconds
metaTables/vocal_music_demucs_16k/metaData_fma_large/row71665.csv
Execution time: 18.340842962265015 seconds
metaTables/vocal_music_demucs_16k/metaData_fma_large/row71666.csv
Execution time: 28.26399254798889 seconds
metaTables/vocal_music_demucs_16k/metaData_fma_large/row71667.csv
Execution time: 27.47984504699707 seconds
metaTables/vocal_music_demucs_16k/metaData_fma_large/row71668.csv
Execution time: 28.479994535446167 seconds
metaTables/vocal_music_demucs_16k/metaData_fma_large/row71669.csv
Execution time: 28.069162845611572 seconds
metaTables/vocal_music_demucs_16k/metaData_fma_large/row71670.csv
Execution time: 28.51497983932495 seconds
metaTables/vocal_music_demucs_16k/metaData_fma_large/row71671.csv
Execution time: 28.39192795753479 seconds
metaTables/vocal_music_demucs_16k/metaData_fma_large/row71672.csv
Execution time: 28.12094259262085 seconds
metaTables/vocal_music_demucs_16k/metaData_fma_large/row71673.csv
Execution time: 27.429422616958618 seconds
metaTables/vocal_music_demucs_16k/metaData_fma_large/row71674.csv
Execution time: 28.403524160385132 seconds
metaTables/vocal_music_demucs_16k/metaData_fma_large/row71675.csv
Execution time: 27.15489387512207 seconds
metaTables/vocal_music_demucs_16k/metaData_fma_large/row71676.csv
Execution time: 28.45939016342163 seconds
metaTables/vocal_music_demucs_16k/metaData_fma_large/row71677.csv
Execution time: 28.033298015594482 seconds
metaTables/vocal_music_demucs_16k/metaData_fma_large/row71678.csv
Execution time: 27.57610583305359 seconds
metaTables/vocal_music_demucs_16k/metaData_fma_large/row71679.csv
Execution time: 18.252049446105957 seconds
metaTables/vocal_music_demucs_16k/metaData_fma_large/row71680.csv
Execution time: 28.307023525238037 seconds
metaTables/vocal_music_demucs_16k/metaData_fma_large/row71681.csv
Execution time: 28.763949632644653 seconds
metaTables/vocal_music_demucs_16k/metaData_fma_large/row71682.csv
Execution time: 27.721665382385254 seconds
metaTables/vocal_music_demucs_16k/metaData_fma_large/row71683.csv
Execution time: 27.651389598846436 seconds
metaTables/vocal_music_demucs_16k/metaData_fma_large/row71684.csv
Execution time: 27.884201288223267 seconds
metaTables/vocal_music_demucs_16k/metaData_fma_large/row71685.csv
Execution time: 28.037073135375977 seconds
metaTables/vocal_music_demucs_16k/metaData_fma_large/row71686.csv
Execution time: 27.479277849197388 seconds
metaTables/vocal_music_demucs_16k/metaData_fma_large/row71687.csv
Execution time: 26.925791263580322 seconds
metaTables/vocal_music_demucs_16k/metaData_fma_large/row71688.csv
Execution time: 27.074799060821533 seconds
metaTables/vocal_music_demucs_16k/metaData_fma_large/row71689.csv
Execution time: 27.494690418243408 seconds
metaTables/vocal_music_demucs_16k/metaData_fma_large/row71690.csv
Execution time: 28.47250008583069 seconds
metaTables/vocal_music_demucs_16k/metaData_fma_large/row71691.csv
Execution time: 29.037452936172485 seconds
metaTables/vocal_music_demucs_16k/metaData_fma_large/row71692.csv
Execution time: 27.739630937576294 seconds
metaTables/vocal_music_demucs_16k/metaData_fma_large/row71693.csv
Execution time: 28.147090435028076 seconds
metaTables/vocal_music_demucs_16k/metaData_fma_large/row71694.csv
Execution time: 28.410379886627197 seconds
metaTables/vocal_music_demucs_16k/metaData_fma_large/row71695.csv
Execution time: 28.724591493606567 seconds
metaTables/vocal_music_demucs_16k/metaData_fma_large/row71696.csv
Execution time: 27.572221517562866 seconds
metaTables/vocal_music_demucs_16k/metaData_fma_large/row71697.csv
Execution time: 28.610446453094482 seconds
metaTables/vocal_music_demucs_16k/metaData_fma_large/row71698.csv
Execution time: 26.14983606338501 seconds
metaTables/vocal_music_demucs_16k/metaData_fma_large/row71699.csv
Demucs voice recognition done!
