/ext3/demucs/lib/python3.9/site-packages/demucs/api.py:27: UserWarning: TorchAudio's global backend is now deprecated. Please enable distpatcher by setting `TORCHAUDIO_USE_BACKEND_DISPATCHER=1`, and specify backend when calling load/info/save function.
  import torchaudio as ta
2024-05-08 23:36:04.824020: I tensorflow/core/util/port.cc:113] oneDNN custom operations are on. You may see slightly different numerical results due to floating-point round-off errors from different computation orders. To turn them off, set the environment variable `TF_ENABLE_ONEDNN_OPTS=0`.
2024-05-08 23:36:08.294972: E external/local_xla/xla/stream_executor/cuda/cuda_dnn.cc:9261] Unable to register cuDNN factory: Attempting to register factory for plugin cuDNN when one has already been registered
2024-05-08 23:36:08.295017: E external/local_xla/xla/stream_executor/cuda/cuda_fft.cc:607] Unable to register cuFFT factory: Attempting to register factory for plugin cuFFT when one has already been registered
2024-05-08 23:36:08.646670: E external/local_xla/xla/stream_executor/cuda/cuda_blas.cc:1515] Unable to register cuBLAS factory: Attempting to register factory for plugin cuBLAS when one has already been registered
2024-05-08 23:36:09.229016: I tensorflow/core/platform/cpu_feature_guard.cc:182] This TensorFlow binary is optimized to use available CPU instructions in performance-critical operations.
To enable the following instructions: AVX2 AVX512F AVX512_VNNI FMA, in other operations, rebuild TensorFlow with the appropriate compiler flags.
2024-05-08 23:36:15.639546: W tensorflow/compiler/tf2tensorrt/utils/py_utils.cc:38] TF-TRT Warning: Could not find TensorRT
Execution time: 31.928948640823364 seconds
metaTables/vocal_music_demucs_16k/metaData_fma_large/row6600.csv
Execution time: 26.551659107208252 seconds
metaTables/vocal_music_demucs_16k/metaData_fma_large/row6601.csv
Execution time: 25.076205492019653 seconds
metaTables/vocal_music_demucs_16k/metaData_fma_large/row6602.csv
Execution time: 26.20535111427307 seconds
metaTables/vocal_music_demucs_16k/metaData_fma_large/row6603.csv
Execution time: 26.028314352035522 seconds
metaTables/vocal_music_demucs_16k/metaData_fma_large/row6604.csv
Execution time: 25.280506134033203 seconds
metaTables/vocal_music_demucs_16k/metaData_fma_large/row6605.csv
Execution time: 25.74226689338684 seconds
metaTables/vocal_music_demucs_16k/metaData_fma_large/row6606.csv
Execution time: 25.95254635810852 seconds
metaTables/vocal_music_demucs_16k/metaData_fma_large/row6607.csv
Execution time: 24.17108416557312 seconds
metaTables/vocal_music_demucs_16k/metaData_fma_large/row6608.csv
Execution time: 25.700997352600098 seconds
metaTables/vocal_music_demucs_16k/metaData_fma_large/row6609.csv
Execution time: 25.39640784263611 seconds
metaTables/vocal_music_demucs_16k/metaData_fma_large/row6610.csv
Execution time: 25.595043897628784 seconds
metaTables/vocal_music_demucs_16k/metaData_fma_large/row6611.csv
Execution time: 25.61215305328369 seconds
metaTables/vocal_music_demucs_16k/metaData_fma_large/row6612.csv
Execution time: 25.94216513633728 seconds
metaTables/vocal_music_demucs_16k/metaData_fma_large/row6613.csv
Execution time: 25.121221780776978 seconds
metaTables/vocal_music_demucs_16k/metaData_fma_large/row6614.csv
Execution time: 27.687588214874268 seconds
metaTables/vocal_music_demucs_16k/metaData_fma_large/row6615.csv
Execution time: 25.629884719848633 seconds
metaTables/vocal_music_demucs_16k/metaData_fma_large/row6616.csv
Execution time: 26.009869813919067 seconds
metaTables/vocal_music_demucs_16k/metaData_fma_large/row6617.csv
Execution time: 25.87546682357788 seconds
metaTables/vocal_music_demucs_16k/metaData_fma_large/row6618.csv
Execution time: 25.185649156570435 seconds
metaTables/vocal_music_demucs_16k/metaData_fma_large/row6619.csv
Execution time: 25.496395587921143 seconds
metaTables/vocal_music_demucs_16k/metaData_fma_large/row6620.csv
Execution time: 25.239010095596313 seconds
metaTables/vocal_music_demucs_16k/metaData_fma_large/row6621.csv
Execution time: 25.3550066947937 seconds
metaTables/vocal_music_demucs_16k/metaData_fma_large/row6622.csv
Execution time: 25.75864839553833 seconds
metaTables/vocal_music_demucs_16k/metaData_fma_large/row6623.csv
Execution time: 26.134207248687744 seconds
metaTables/vocal_music_demucs_16k/metaData_fma_large/row6624.csv
Execution time: 25.164788007736206 seconds
metaTables/vocal_music_demucs_16k/metaData_fma_large/row6625.csv
Execution time: 26.14526915550232 seconds
metaTables/vocal_music_demucs_16k/metaData_fma_large/row6626.csv
Execution time: 25.132883548736572 seconds
metaTables/vocal_music_demucs_16k/metaData_fma_large/row6627.csv
Execution time: 25.031608819961548 seconds
metaTables/vocal_music_demucs_16k/metaData_fma_large/row6628.csv
Execution time: 26.07580590248108 seconds
metaTables/vocal_music_demucs_16k/metaData_fma_large/row6629.csv
Execution time: 25.311304807662964 seconds
metaTables/vocal_music_demucs_16k/metaData_fma_large/row6630.csv
Execution time: 25.683573961257935 seconds
metaTables/vocal_music_demucs_16k/metaData_fma_large/row6631.csv
Execution time: 25.466782569885254 seconds
metaTables/vocal_music_demucs_16k/metaData_fma_large/row6632.csv
Execution time: 25.39067244529724 seconds
metaTables/vocal_music_demucs_16k/metaData_fma_large/row6633.csv
Execution time: 25.192575454711914 seconds
metaTables/vocal_music_demucs_16k/metaData_fma_large/row6634.csv
Execution time: 24.998023748397827 seconds
metaTables/vocal_music_demucs_16k/metaData_fma_large/row6635.csv
Execution time: 26.308992862701416 seconds
metaTables/vocal_music_demucs_16k/metaData_fma_large/row6636.csv
Execution time: 25.211304187774658 seconds
metaTables/vocal_music_demucs_16k/metaData_fma_large/row6637.csv
Execution time: 25.23529863357544 seconds
metaTables/vocal_music_demucs_16k/metaData_fma_large/row6638.csv
Execution time: 26.096256971359253 seconds
metaTables/vocal_music_demucs_16k/metaData_fma_large/row6639.csv
Execution time: 25.24409556388855 seconds
metaTables/vocal_music_demucs_16k/metaData_fma_large/row6640.csv
Execution time: 25.609127521514893 seconds
metaTables/vocal_music_demucs_16k/metaData_fma_large/row6641.csv
Execution time: 25.68320369720459 seconds
metaTables/vocal_music_demucs_16k/metaData_fma_large/row6642.csv
Execution time: 25.26031231880188 seconds
metaTables/vocal_music_demucs_16k/metaData_fma_large/row6643.csv
Execution time: 26.23207116127014 seconds
metaTables/vocal_music_demucs_16k/metaData_fma_large/row6644.csv
Execution time: 24.91235327720642 seconds
metaTables/vocal_music_demucs_16k/metaData_fma_large/row6645.csv
Execution time: 25.299992322921753 seconds
metaTables/vocal_music_demucs_16k/metaData_fma_large/row6646.csv
Execution time: 25.95186758041382 seconds
metaTables/vocal_music_demucs_16k/metaData_fma_large/row6647.csv
Execution time: 25.04520058631897 seconds
metaTables/vocal_music_demucs_16k/metaData_fma_large/row6648.csv
Execution time: 25.8642258644104 seconds
metaTables/vocal_music_demucs_16k/metaData_fma_large/row6649.csv
Execution time: 24.51971983909607 seconds
metaTables/vocal_music_demucs_16k/metaData_fma_large/row6650.csv
Execution time: 24.927968502044678 seconds
metaTables/vocal_music_demucs_16k/metaData_fma_large/row6651.csv
Execution time: 26.214656352996826 seconds
metaTables/vocal_music_demucs_16k/metaData_fma_large/row6652.csv
Execution time: 24.99734330177307 seconds
metaTables/vocal_music_demucs_16k/metaData_fma_large/row6653.csv
Execution time: 25.89010453224182 seconds
metaTables/vocal_music_demucs_16k/metaData_fma_large/row6654.csv
Execution time: 25.392469882965088 seconds
metaTables/vocal_music_demucs_16k/metaData_fma_large/row6655.csv
Execution time: 25.91259789466858 seconds
metaTables/vocal_music_demucs_16k/metaData_fma_large/row6656.csv
Execution time: 24.928842782974243 seconds
metaTables/vocal_music_demucs_16k/metaData_fma_large/row6657.csv
Execution time: 25.163727521896362 seconds
metaTables/vocal_music_demucs_16k/metaData_fma_large/row6658.csv
Execution time: 25.656920671463013 seconds
metaTables/vocal_music_demucs_16k/metaData_fma_large/row6659.csv
Execution time: 26.014263153076172 seconds
metaTables/vocal_music_demucs_16k/metaData_fma_large/row6660.csv
Execution time: 26.806241273880005 seconds
metaTables/vocal_music_demucs_16k/metaData_fma_large/row6661.csv
Execution time: 26.343127250671387 seconds
metaTables/vocal_music_demucs_16k/metaData_fma_large/row6662.csv
Execution time: 25.413205862045288 seconds
metaTables/vocal_music_demucs_16k/metaData_fma_large/row6663.csv
Execution time: 26.989357709884644 seconds
metaTables/vocal_music_demucs_16k/metaData_fma_large/row6664.csv
Execution time: 25.803351640701294 seconds
metaTables/vocal_music_demucs_16k/metaData_fma_large/row6665.csv
Execution time: 25.05418300628662 seconds
metaTables/vocal_music_demucs_16k/metaData_fma_large/row6666.csv
Execution time: 25.70207691192627 seconds
metaTables/vocal_music_demucs_16k/metaData_fma_large/row6667.csv
Execution time: 25.432421445846558 seconds
metaTables/vocal_music_demucs_16k/metaData_fma_large/row6668.csv
Execution time: 25.24639105796814 seconds
metaTables/vocal_music_demucs_16k/metaData_fma_large/row6669.csv
Execution time: 25.699376821517944 seconds
metaTables/vocal_music_demucs_16k/metaData_fma_large/row6670.csv
Execution time: 24.558905124664307 seconds
metaTables/vocal_music_demucs_16k/metaData_fma_large/row6671.csv
Execution time: 25.96558713912964 seconds
metaTables/vocal_music_demucs_16k/metaData_fma_large/row6672.csv
Execution time: 25.283336877822876 seconds
metaTables/vocal_music_demucs_16k/metaData_fma_large/row6673.csv
Execution time: 25.534254789352417 seconds
metaTables/vocal_music_demucs_16k/metaData_fma_large/row6674.csv
Execution time: 26.03673505783081 seconds
metaTables/vocal_music_demucs_16k/metaData_fma_large/row6675.csv
Execution time: 26.11098289489746 seconds
metaTables/vocal_music_demucs_16k/metaData_fma_large/row6676.csv
Execution time: 24.521965265274048 seconds
metaTables/vocal_music_demucs_16k/metaData_fma_large/row6677.csv
Execution time: 25.320706844329834 seconds
metaTables/vocal_music_demucs_16k/metaData_fma_large/row6678.csv
Execution time: 25.605857133865356 seconds
metaTables/vocal_music_demucs_16k/metaData_fma_large/row6679.csv
Execution time: 25.688023567199707 seconds
metaTables/vocal_music_demucs_16k/metaData_fma_large/row6680.csv
Execution time: 24.341506004333496 seconds
metaTables/vocal_music_demucs_16k/metaData_fma_large/row6681.csv
Execution time: 25.25141167640686 seconds
metaTables/vocal_music_demucs_16k/metaData_fma_large/row6682.csv
Execution time: 26.063363552093506 seconds
metaTables/vocal_music_demucs_16k/metaData_fma_large/row6683.csv
Execution time: 26.680579662322998 seconds
metaTables/vocal_music_demucs_16k/metaData_fma_large/row6684.csv
Execution time: 26.10715079307556 seconds
metaTables/vocal_music_demucs_16k/metaData_fma_large/row6685.csv
Execution time: 25.72714591026306 seconds
metaTables/vocal_music_demucs_16k/metaData_fma_large/row6686.csv
Execution time: 25.713592290878296 seconds
metaTables/vocal_music_demucs_16k/metaData_fma_large/row6687.csv
Execution time: 24.825761318206787 seconds
metaTables/vocal_music_demucs_16k/metaData_fma_large/row6688.csv
Execution time: 25.390509843826294 seconds
metaTables/vocal_music_demucs_16k/metaData_fma_large/row6689.csv
Execution time: 16.609032154083252 seconds
metaTables/vocal_music_demucs_16k/metaData_fma_large/row6690.csv
Execution time: 25.230947017669678 seconds
metaTables/vocal_music_demucs_16k/metaData_fma_large/row6691.csv
Execution time: 25.9151828289032 seconds
metaTables/vocal_music_demucs_16k/metaData_fma_large/row6692.csv
Execution time: 25.484245538711548 seconds
metaTables/vocal_music_demucs_16k/metaData_fma_large/row6693.csv
Execution time: 26.01779866218567 seconds
metaTables/vocal_music_demucs_16k/metaData_fma_large/row6694.csv
Execution time: 24.566713094711304 seconds
metaTables/vocal_music_demucs_16k/metaData_fma_large/row6695.csv
Execution time: 25.74297332763672 seconds
metaTables/vocal_music_demucs_16k/metaData_fma_large/row6696.csv
Execution time: 25.386294841766357 seconds
metaTables/vocal_music_demucs_16k/metaData_fma_large/row6697.csv
Execution time: 25.343363285064697 seconds
metaTables/vocal_music_demucs_16k/metaData_fma_large/row6698.csv
Execution time: 25.956820726394653 seconds
metaTables/vocal_music_demucs_16k/metaData_fma_large/row6699.csv
Demucs voice recognition done!
