/ext3/demucs/lib/python3.9/site-packages/demucs/api.py:27: UserWarning: TorchAudio's global backend is now deprecated. Please enable distpatcher by setting `TORCHAUDIO_USE_BACKEND_DISPATCHER=1`, and specify backend when calling load/info/save function.
  import torchaudio as ta
2024-05-09 00:20:14.082256: I tensorflow/core/util/port.cc:113] oneDNN custom operations are on. You may see slightly different numerical results due to floating-point round-off errors from different computation orders. To turn them off, set the environment variable `TF_ENABLE_ONEDNN_OPTS=0`.
2024-05-09 00:20:14.369959: E external/local_xla/xla/stream_executor/cuda/cuda_dnn.cc:9261] Unable to register cuDNN factory: Attempting to register factory for plugin cuDNN when one has already been registered
2024-05-09 00:20:14.370004: E external/local_xla/xla/stream_executor/cuda/cuda_fft.cc:607] Unable to register cuFFT factory: Attempting to register factory for plugin cuFFT when one has already been registered
2024-05-09 00:20:14.466477: E external/local_xla/xla/stream_executor/cuda/cuda_blas.cc:1515] Unable to register cuBLAS factory: Attempting to register factory for plugin cuBLAS when one has already been registered
2024-05-09 00:20:14.690145: I tensorflow/core/platform/cpu_feature_guard.cc:182] This TensorFlow binary is optimized to use available CPU instructions in performance-critical operations.
To enable the following instructions: AVX2 AVX512F AVX512_VNNI FMA, in other operations, rebuild TensorFlow with the appropriate compiler flags.
2024-05-09 00:20:15.737860: W tensorflow/compiler/tf2tensorrt/utils/py_utils.cc:38] TF-TRT Warning: Could not find TensorRT
Execution time: 25.111073970794678 seconds
metaTables/vocal_music_demucs_16k/metaData_fma_large/row101600.csv
Execution time: 23.687965869903564 seconds
metaTables/vocal_music_demucs_16k/metaData_fma_large/row101601.csv
Execution time: 23.671090126037598 seconds
metaTables/vocal_music_demucs_16k/metaData_fma_large/row101602.csv
Execution time: 24.508363723754883 seconds
metaTables/vocal_music_demucs_16k/metaData_fma_large/row101603.csv
Execution time: 23.971031188964844 seconds
metaTables/vocal_music_demucs_16k/metaData_fma_large/row101604.csv
Execution time: 24.469213724136353 seconds
metaTables/vocal_music_demucs_16k/metaData_fma_large/row101605.csv
Execution time: 24.897419929504395 seconds
metaTables/vocal_music_demucs_16k/metaData_fma_large/row101606.csv
Execution time: 26.21712851524353 seconds
metaTables/vocal_music_demucs_16k/metaData_fma_large/row101607.csv
Execution time: 24.360188007354736 seconds
metaTables/vocal_music_demucs_16k/metaData_fma_large/row101608.csv
Execution time: 23.935903549194336 seconds
metaTables/vocal_music_demucs_16k/metaData_fma_large/row101609.csv
Execution time: 24.180931091308594 seconds
metaTables/vocal_music_demucs_16k/metaData_fma_large/row101610.csv
Execution time: 12.372862339019775 seconds
metaTables/vocal_music_demucs_16k/metaData_fma_large/row101611.csv
Execution time: 24.86249327659607 seconds
metaTables/vocal_music_demucs_16k/metaData_fma_large/row101612.csv
Execution time: 23.83313536643982 seconds
metaTables/vocal_music_demucs_16k/metaData_fma_large/row101613.csv
Execution time: 24.56350874900818 seconds
metaTables/vocal_music_demucs_16k/metaData_fma_large/row101614.csv
Execution time: 24.60590124130249 seconds
metaTables/vocal_music_demucs_16k/metaData_fma_large/row101615.csv
Execution time: 24.907414197921753 seconds
metaTables/vocal_music_demucs_16k/metaData_fma_large/row101616.csv
Execution time: 23.609275579452515 seconds
metaTables/vocal_music_demucs_16k/metaData_fma_large/row101617.csv
Execution time: 24.254509210586548 seconds
metaTables/vocal_music_demucs_16k/metaData_fma_large/row101618.csv
Execution time: 23.92966055870056 seconds
metaTables/vocal_music_demucs_16k/metaData_fma_large/row101619.csv
Execution time: 24.621973752975464 seconds
metaTables/vocal_music_demucs_16k/metaData_fma_large/row101620.csv
Execution time: 24.653289079666138 seconds
metaTables/vocal_music_demucs_16k/metaData_fma_large/row101621.csv
Execution time: 24.849265813827515 seconds
metaTables/vocal_music_demucs_16k/metaData_fma_large/row101622.csv
Execution time: 25.869311571121216 seconds
metaTables/vocal_music_demucs_16k/metaData_fma_large/row101623.csv
Execution time: 23.833389282226562 seconds
metaTables/vocal_music_demucs_16k/metaData_fma_large/row101624.csv
Execution time: 24.28022074699402 seconds
metaTables/vocal_music_demucs_16k/metaData_fma_large/row101625.csv
Execution time: 24.087553024291992 seconds
metaTables/vocal_music_demucs_16k/metaData_fma_large/row101626.csv
Execution time: 24.585510730743408 seconds
metaTables/vocal_music_demucs_16k/metaData_fma_large/row101627.csv
Execution time: 24.527185678482056 seconds
metaTables/vocal_music_demucs_16k/metaData_fma_large/row101628.csv
Execution time: 24.129225730895996 seconds
metaTables/vocal_music_demucs_16k/metaData_fma_large/row101629.csv
Execution time: 23.883657455444336 seconds
metaTables/vocal_music_demucs_16k/metaData_fma_large/row101630.csv
Execution time: 25.89263105392456 seconds
metaTables/vocal_music_demucs_16k/metaData_fma_large/row101631.csv
Execution time: 24.473424434661865 seconds
metaTables/vocal_music_demucs_16k/metaData_fma_large/row101632.csv
Execution time: 23.78555393218994 seconds
metaTables/vocal_music_demucs_16k/metaData_fma_large/row101633.csv
Execution time: 24.485692739486694 seconds
metaTables/vocal_music_demucs_16k/metaData_fma_large/row101634.csv
Execution time: 24.439807653427124 seconds
metaTables/vocal_music_demucs_16k/metaData_fma_large/row101635.csv
Execution time: 24.040884017944336 seconds
metaTables/vocal_music_demucs_16k/metaData_fma_large/row101636.csv
Execution time: 24.158190965652466 seconds
metaTables/vocal_music_demucs_16k/metaData_fma_large/row101637.csv
Execution time: 24.547466278076172 seconds
metaTables/vocal_music_demucs_16k/metaData_fma_large/row101638.csv
Execution time: 24.42296862602234 seconds
metaTables/vocal_music_demucs_16k/metaData_fma_large/row101639.csv
Execution time: 24.546744346618652 seconds
metaTables/vocal_music_demucs_16k/metaData_fma_large/row101640.csv
Execution time: 23.965842962265015 seconds
metaTables/vocal_music_demucs_16k/metaData_fma_large/row101641.csv
Execution time: 23.943654537200928 seconds
metaTables/vocal_music_demucs_16k/metaData_fma_large/row101642.csv
Execution time: 24.056739807128906 seconds
metaTables/vocal_music_demucs_16k/metaData_fma_large/row101643.csv
Execution time: 24.420554876327515 seconds
metaTables/vocal_music_demucs_16k/metaData_fma_large/row101644.csv
Execution time: 23.958657264709473 seconds
metaTables/vocal_music_demucs_16k/metaData_fma_large/row101645.csv
Execution time: 24.44229745864868 seconds
metaTables/vocal_music_demucs_16k/metaData_fma_large/row101646.csv
Execution time: 23.863250255584717 seconds
metaTables/vocal_music_demucs_16k/metaData_fma_large/row101647.csv
Execution time: 24.04597759246826 seconds
metaTables/vocal_music_demucs_16k/metaData_fma_large/row101648.csv
Execution time: 24.48903465270996 seconds
metaTables/vocal_music_demucs_16k/metaData_fma_large/row101649.csv
Execution time: 24.07109308242798 seconds
metaTables/vocal_music_demucs_16k/metaData_fma_large/row101650.csv
Execution time: 23.657702207565308 seconds
metaTables/vocal_music_demucs_16k/metaData_fma_large/row101651.csv
Execution time: 23.60642671585083 seconds
metaTables/vocal_music_demucs_16k/metaData_fma_large/row101652.csv
Execution time: 24.543215036392212 seconds
metaTables/vocal_music_demucs_16k/metaData_fma_large/row101653.csv
Execution time: 24.45801544189453 seconds
metaTables/vocal_music_demucs_16k/metaData_fma_large/row101654.csv
Execution time: 24.420948028564453 seconds
metaTables/vocal_music_demucs_16k/metaData_fma_large/row101655.csv
Execution time: 24.363460540771484 seconds
metaTables/vocal_music_demucs_16k/metaData_fma_large/row101656.csv
Execution time: 24.53944730758667 seconds
metaTables/vocal_music_demucs_16k/metaData_fma_large/row101657.csv
Execution time: 24.81247091293335 seconds
metaTables/vocal_music_demucs_16k/metaData_fma_large/row101658.csv
Execution time: 23.613041639328003 seconds
metaTables/vocal_music_demucs_16k/metaData_fma_large/row101659.csv
Execution time: 24.120267868041992 seconds
metaTables/vocal_music_demucs_16k/metaData_fma_large/row101660.csv
Execution time: 24.016310691833496 seconds
metaTables/vocal_music_demucs_16k/metaData_fma_large/row101661.csv
Execution time: 24.870412826538086 seconds
metaTables/vocal_music_demucs_16k/metaData_fma_large/row101662.csv
Execution time: 24.006633043289185 seconds
metaTables/vocal_music_demucs_16k/metaData_fma_large/row101663.csv
Execution time: 26.145664930343628 seconds
metaTables/vocal_music_demucs_16k/metaData_fma_large/row101664.csv
Execution time: 24.137951135635376 seconds
metaTables/vocal_music_demucs_16k/metaData_fma_large/row101665.csv
Execution time: 24.657560348510742 seconds
metaTables/vocal_music_demucs_16k/metaData_fma_large/row101666.csv
Execution time: 24.164978742599487 seconds
metaTables/vocal_music_demucs_16k/metaData_fma_large/row101667.csv
Execution time: 23.901822328567505 seconds
metaTables/vocal_music_demucs_16k/metaData_fma_large/row101668.csv
Execution time: 24.677599906921387 seconds
metaTables/vocal_music_demucs_16k/metaData_fma_large/row101669.csv
Execution time: 23.737558126449585 seconds
metaTables/vocal_music_demucs_16k/metaData_fma_large/row101670.csv
Execution time: 24.61064577102661 seconds
metaTables/vocal_music_demucs_16k/metaData_fma_large/row101671.csv
Execution time: 25.24947690963745 seconds
metaTables/vocal_music_demucs_16k/metaData_fma_large/row101672.csv
Execution time: 24.955714464187622 seconds
metaTables/vocal_music_demucs_16k/metaData_fma_large/row101673.csv
Execution time: 23.879034757614136 seconds
metaTables/vocal_music_demucs_16k/metaData_fma_large/row101674.csv
Execution time: 25.97895646095276 seconds
metaTables/vocal_music_demucs_16k/metaData_fma_large/row101675.csv
Execution time: 24.198209047317505 seconds
metaTables/vocal_music_demucs_16k/metaData_fma_large/row101676.csv
Execution time: 24.09840726852417 seconds
metaTables/vocal_music_demucs_16k/metaData_fma_large/row101677.csv
Execution time: 24.090892791748047 seconds
metaTables/vocal_music_demucs_16k/metaData_fma_large/row101678.csv
Execution time: 24.64667844772339 seconds
metaTables/vocal_music_demucs_16k/metaData_fma_large/row101679.csv
Execution time: 24.230783700942993 seconds
metaTables/vocal_music_demucs_16k/metaData_fma_large/row101680.csv
Execution time: 23.559162139892578 seconds
metaTables/vocal_music_demucs_16k/metaData_fma_large/row101681.csv
Execution time: 24.415184020996094 seconds
metaTables/vocal_music_demucs_16k/metaData_fma_large/row101682.csv
Execution time: 24.83300757408142 seconds
metaTables/vocal_music_demucs_16k/metaData_fma_large/row101683.csv
Execution time: 23.813868522644043 seconds
metaTables/vocal_music_demucs_16k/metaData_fma_large/row101684.csv
Execution time: 24.547788858413696 seconds
metaTables/vocal_music_demucs_16k/metaData_fma_large/row101685.csv
Execution time: 24.53108787536621 seconds
metaTables/vocal_music_demucs_16k/metaData_fma_large/row101686.csv
Execution time: 23.304725408554077 seconds
metaTables/vocal_music_demucs_16k/metaData_fma_large/row101687.csv
Execution time: 25.226537942886353 seconds
metaTables/vocal_music_demucs_16k/metaData_fma_large/row101688.csv
Execution time: 24.94292187690735 seconds
metaTables/vocal_music_demucs_16k/metaData_fma_large/row101689.csv
Execution time: 24.080510139465332 seconds
metaTables/vocal_music_demucs_16k/metaData_fma_large/row101690.csv
Execution time: 23.776582717895508 seconds
metaTables/vocal_music_demucs_16k/metaData_fma_large/row101691.csv
Execution time: 24.046284198760986 seconds
metaTables/vocal_music_demucs_16k/metaData_fma_large/row101692.csv
Execution time: 24.131003856658936 seconds
metaTables/vocal_music_demucs_16k/metaData_fma_large/row101693.csv
Execution time: 23.908519744873047 seconds
metaTables/vocal_music_demucs_16k/metaData_fma_large/row101694.csv
Execution time: 23.15733528137207 seconds
metaTables/vocal_music_demucs_16k/metaData_fma_large/row101695.csv
Execution time: 24.750216245651245 seconds
metaTables/vocal_music_demucs_16k/metaData_fma_large/row101696.csv
Execution time: 24.34682869911194 seconds
metaTables/vocal_music_demucs_16k/metaData_fma_large/row101697.csv
Execution time: 24.24335479736328 seconds
metaTables/vocal_music_demucs_16k/metaData_fma_large/row101698.csv
Execution time: 23.973031997680664 seconds
metaTables/vocal_music_demucs_16k/metaData_fma_large/row101699.csv
Demucs voice recognition done!
