/ext3/demucs/lib/python3.9/site-packages/demucs/api.py:27: UserWarning: TorchAudio's global backend is now deprecated. Please enable distpatcher by setting `TORCHAUDIO_USE_BACKEND_DISPATCHER=1`, and specify backend when calling load/info/save function.
  import torchaudio as ta
2024-05-08 23:36:03.871723: I tensorflow/core/util/port.cc:113] oneDNN custom operations are on. You may see slightly different numerical results due to floating-point round-off errors from different computation orders. To turn them off, set the environment variable `TF_ENABLE_ONEDNN_OPTS=0`.
2024-05-08 23:36:08.290978: E external/local_xla/xla/stream_executor/cuda/cuda_dnn.cc:9261] Unable to register cuDNN factory: Attempting to register factory for plugin cuDNN when one has already been registered
2024-05-08 23:36:08.291018: E external/local_xla/xla/stream_executor/cuda/cuda_fft.cc:607] Unable to register cuFFT factory: Attempting to register factory for plugin cuFFT when one has already been registered
2024-05-08 23:36:08.681757: E external/local_xla/xla/stream_executor/cuda/cuda_blas.cc:1515] Unable to register cuBLAS factory: Attempting to register factory for plugin cuBLAS when one has already been registered
2024-05-08 23:36:09.138351: I tensorflow/core/platform/cpu_feature_guard.cc:182] This TensorFlow binary is optimized to use available CPU instructions in performance-critical operations.
To enable the following instructions: AVX2 AVX512F AVX512_VNNI FMA, in other operations, rebuild TensorFlow with the appropriate compiler flags.
2024-05-08 23:36:12.521309: W tensorflow/compiler/tf2tensorrt/utils/py_utils.cc:38] TF-TRT Warning: Could not find TensorRT
Execution time: 33.735015869140625 seconds
metaTables/vocal_music_demucs_16k/metaData_fma_large/row28400.csv
Execution time: 29.297505378723145 seconds
metaTables/vocal_music_demucs_16k/metaData_fma_large/row28401.csv
Execution time: 29.178212642669678 seconds
metaTables/vocal_music_demucs_16k/metaData_fma_large/row28402.csv
Execution time: 27.6346275806427 seconds
metaTables/vocal_music_demucs_16k/metaData_fma_large/row28403.csv
Execution time: 28.354861736297607 seconds
metaTables/vocal_music_demucs_16k/metaData_fma_large/row28404.csv
Execution time: 29.82688331604004 seconds
metaTables/vocal_music_demucs_16k/metaData_fma_large/row28405.csv
Execution time: 28.78225564956665 seconds
metaTables/vocal_music_demucs_16k/metaData_fma_large/row28406.csv
Execution time: 28.43765115737915 seconds
metaTables/vocal_music_demucs_16k/metaData_fma_large/row28407.csv
Execution time: 28.355973482131958 seconds
metaTables/vocal_music_demucs_16k/metaData_fma_large/row28408.csv
Execution time: 28.765616416931152 seconds
metaTables/vocal_music_demucs_16k/metaData_fma_large/row28409.csv
Execution time: 28.73617148399353 seconds
metaTables/vocal_music_demucs_16k/metaData_fma_large/row28410.csv
Execution time: 28.546390533447266 seconds
metaTables/vocal_music_demucs_16k/metaData_fma_large/row28411.csv
Execution time: 28.885966777801514 seconds
metaTables/vocal_music_demucs_16k/metaData_fma_large/row28412.csv
Execution time: 24.033496379852295 seconds
metaTables/vocal_music_demucs_16k/metaData_fma_large/row28413.csv
Execution time: 29.167014598846436 seconds
metaTables/vocal_music_demucs_16k/metaData_fma_large/row28414.csv
Execution time: 31.30347776412964 seconds
metaTables/vocal_music_demucs_16k/metaData_fma_large/row28415.csv
Execution time: 29.27886724472046 seconds
metaTables/vocal_music_demucs_16k/metaData_fma_large/row28416.csv
Execution time: 27.366849899291992 seconds
metaTables/vocal_music_demucs_16k/metaData_fma_large/row28417.csv
Execution time: 28.277058124542236 seconds
metaTables/vocal_music_demucs_16k/metaData_fma_large/row28418.csv
Execution time: 28.464399814605713 seconds
metaTables/vocal_music_demucs_16k/metaData_fma_large/row28419.csv
Execution time: 28.852089166641235 seconds
metaTables/vocal_music_demucs_16k/metaData_fma_large/row28420.csv
Execution time: 29.024580001831055 seconds
metaTables/vocal_music_demucs_16k/metaData_fma_large/row28421.csv
Execution time: 29.05874538421631 seconds
metaTables/vocal_music_demucs_16k/metaData_fma_large/row28422.csv
Execution time: 28.337142944335938 seconds
metaTables/vocal_music_demucs_16k/metaData_fma_large/row28423.csv
Execution time: 28.502618551254272 seconds
metaTables/vocal_music_demucs_16k/metaData_fma_large/row28424.csv
Execution time: 27.914669513702393 seconds
metaTables/vocal_music_demucs_16k/metaData_fma_large/row28425.csv
Execution time: 27.961819648742676 seconds
metaTables/vocal_music_demucs_16k/metaData_fma_large/row28426.csv
Execution time: 28.741273641586304 seconds
metaTables/vocal_music_demucs_16k/metaData_fma_large/row28427.csv
Execution time: 27.123512268066406 seconds
metaTables/vocal_music_demucs_16k/metaData_fma_large/row28428.csv
Execution time: 28.009461402893066 seconds
metaTables/vocal_music_demucs_16k/metaData_fma_large/row28429.csv
Execution time: 28.42145562171936 seconds
metaTables/vocal_music_demucs_16k/metaData_fma_large/row28430.csv
Execution time: 28.901196241378784 seconds
metaTables/vocal_music_demucs_16k/metaData_fma_large/row28431.csv
Execution time: 28.814705848693848 seconds
metaTables/vocal_music_demucs_16k/metaData_fma_large/row28432.csv
Execution time: 28.601078987121582 seconds
metaTables/vocal_music_demucs_16k/metaData_fma_large/row28433.csv
Execution time: 29.20175528526306 seconds
metaTables/vocal_music_demucs_16k/metaData_fma_large/row28434.csv
Execution time: 29.73585605621338 seconds
metaTables/vocal_music_demucs_16k/metaData_fma_large/row28435.csv
Execution time: 27.824745655059814 seconds
metaTables/vocal_music_demucs_16k/metaData_fma_large/row28436.csv
Execution time: 27.984010934829712 seconds
metaTables/vocal_music_demucs_16k/metaData_fma_large/row28437.csv
Execution time: 29.685858249664307 seconds
metaTables/vocal_music_demucs_16k/metaData_fma_large/row28438.csv
Execution time: 27.236420392990112 seconds
metaTables/vocal_music_demucs_16k/metaData_fma_large/row28439.csv
Execution time: 29.281114101409912 seconds
metaTables/vocal_music_demucs_16k/metaData_fma_large/row28440.csv
Execution time: 28.68744468688965 seconds
metaTables/vocal_music_demucs_16k/metaData_fma_large/row28441.csv
Execution time: 28.37530517578125 seconds
metaTables/vocal_music_demucs_16k/metaData_fma_large/row28442.csv
Execution time: 28.503743171691895 seconds
metaTables/vocal_music_demucs_16k/metaData_fma_large/row28443.csv
Execution time: 28.34520649909973 seconds
metaTables/vocal_music_demucs_16k/metaData_fma_large/row28444.csv
Execution time: 28.89600419998169 seconds
metaTables/vocal_music_demucs_16k/metaData_fma_large/row28445.csv
Execution time: 28.572505712509155 seconds
metaTables/vocal_music_demucs_16k/metaData_fma_large/row28446.csv
Execution time: 28.223607540130615 seconds
metaTables/vocal_music_demucs_16k/metaData_fma_large/row28447.csv
Execution time: 27.799612045288086 seconds
metaTables/vocal_music_demucs_16k/metaData_fma_large/row28448.csv
Execution time: 29.159868955612183 seconds
metaTables/vocal_music_demucs_16k/metaData_fma_large/row28449.csv
Execution time: 28.176379919052124 seconds
metaTables/vocal_music_demucs_16k/metaData_fma_large/row28450.csv
Execution time: 27.49003291130066 seconds
metaTables/vocal_music_demucs_16k/metaData_fma_large/row28451.csv
Execution time: 28.775731563568115 seconds
metaTables/vocal_music_demucs_16k/metaData_fma_large/row28452.csv
Execution time: 28.723241090774536 seconds
metaTables/vocal_music_demucs_16k/metaData_fma_large/row28453.csv
Execution time: 28.11604619026184 seconds
metaTables/vocal_music_demucs_16k/metaData_fma_large/row28454.csv
Execution time: 28.039907217025757 seconds
metaTables/vocal_music_demucs_16k/metaData_fma_large/row28455.csv
Execution time: 19.087901830673218 seconds
metaTables/vocal_music_demucs_16k/metaData_fma_large/row28456.csv
Execution time: 28.088690280914307 seconds
metaTables/vocal_music_demucs_16k/metaData_fma_large/row28457.csv
Execution time: 29.04975128173828 seconds
metaTables/vocal_music_demucs_16k/metaData_fma_large/row28458.csv
Execution time: 27.38879704475403 seconds
metaTables/vocal_music_demucs_16k/metaData_fma_large/row28459.csv
Execution time: 28.23946189880371 seconds
metaTables/vocal_music_demucs_16k/metaData_fma_large/row28460.csv
Execution time: 27.95804500579834 seconds
metaTables/vocal_music_demucs_16k/metaData_fma_large/row28461.csv
Execution time: 27.93365788459778 seconds
metaTables/vocal_music_demucs_16k/metaData_fma_large/row28462.csv
Execution time: 28.466148853302002 seconds
metaTables/vocal_music_demucs_16k/metaData_fma_large/row28463.csv
Execution time: 28.208070755004883 seconds
metaTables/vocal_music_demucs_16k/metaData_fma_large/row28464.csv
Execution time: 28.760921478271484 seconds
metaTables/vocal_music_demucs_16k/metaData_fma_large/row28465.csv
Execution time: 28.02986764907837 seconds
metaTables/vocal_music_demucs_16k/metaData_fma_large/row28466.csv
Execution time: 28.074894905090332 seconds
metaTables/vocal_music_demucs_16k/metaData_fma_large/row28467.csv
Execution time: 27.85940980911255 seconds
metaTables/vocal_music_demucs_16k/metaData_fma_large/row28468.csv
Execution time: 29.251019716262817 seconds
metaTables/vocal_music_demucs_16k/metaData_fma_large/row28469.csv
Execution time: 28.937422037124634 seconds
metaTables/vocal_music_demucs_16k/metaData_fma_large/row28470.csv
Execution time: 27.793582916259766 seconds
metaTables/vocal_music_demucs_16k/metaData_fma_large/row28471.csv
Execution time: 29.80388617515564 seconds
metaTables/vocal_music_demucs_16k/metaData_fma_large/row28472.csv
Execution time: 28.463385820388794 seconds
metaTables/vocal_music_demucs_16k/metaData_fma_large/row28473.csv
Execution time: 28.529589891433716 seconds
metaTables/vocal_music_demucs_16k/metaData_fma_large/row28474.csv
Execution time: 28.360677003860474 seconds
metaTables/vocal_music_demucs_16k/metaData_fma_large/row28475.csv
Execution time: 28.65830659866333 seconds
metaTables/vocal_music_demucs_16k/metaData_fma_large/row28476.csv
Execution time: 29.103081226348877 seconds
metaTables/vocal_music_demucs_16k/metaData_fma_large/row28477.csv
Execution time: 30.034305572509766 seconds
metaTables/vocal_music_demucs_16k/metaData_fma_large/row28478.csv
Execution time: 28.757115840911865 seconds
metaTables/vocal_music_demucs_16k/metaData_fma_large/row28479.csv
Execution time: 29.91792058944702 seconds
metaTables/vocal_music_demucs_16k/metaData_fma_large/row28480.csv
Execution time: 27.491213083267212 seconds
metaTables/vocal_music_demucs_16k/metaData_fma_large/row28481.csv
Execution time: 28.08077073097229 seconds
metaTables/vocal_music_demucs_16k/metaData_fma_large/row28482.csv
Execution time: 28.46273946762085 seconds
metaTables/vocal_music_demucs_16k/metaData_fma_large/row28483.csv
Execution time: 28.674544095993042 seconds
metaTables/vocal_music_demucs_16k/metaData_fma_large/row28484.csv
Execution time: 28.01999282836914 seconds
metaTables/vocal_music_demucs_16k/metaData_fma_large/row28485.csv
Execution time: 28.46550440788269 seconds
metaTables/vocal_music_demucs_16k/metaData_fma_large/row28486.csv
Execution time: 28.88504385948181 seconds
metaTables/vocal_music_demucs_16k/metaData_fma_large/row28487.csv
Execution time: 28.945558786392212 seconds
metaTables/vocal_music_demucs_16k/metaData_fma_large/row28488.csv
Execution time: 28.10451316833496 seconds
metaTables/vocal_music_demucs_16k/metaData_fma_large/row28489.csv
Execution time: 28.461392164230347 seconds
metaTables/vocal_music_demucs_16k/metaData_fma_large/row28490.csv
Execution time: 29.269172430038452 seconds
metaTables/vocal_music_demucs_16k/metaData_fma_large/row28491.csv
Execution time: 29.241840839385986 seconds
metaTables/vocal_music_demucs_16k/metaData_fma_large/row28492.csv
Execution time: 28.67864489555359 seconds
metaTables/vocal_music_demucs_16k/metaData_fma_large/row28493.csv
Execution time: 29.385892391204834 seconds
metaTables/vocal_music_demucs_16k/metaData_fma_large/row28494.csv
Execution time: 30.183026790618896 seconds
metaTables/vocal_music_demucs_16k/metaData_fma_large/row28495.csv
Execution time: 29.14724564552307 seconds
metaTables/vocal_music_demucs_16k/metaData_fma_large/row28496.csv
Execution time: 28.664770126342773 seconds
metaTables/vocal_music_demucs_16k/metaData_fma_large/row28497.csv
Execution time: 28.512723922729492 seconds
metaTables/vocal_music_demucs_16k/metaData_fma_large/row28498.csv
Execution time: 27.31384563446045 seconds
metaTables/vocal_music_demucs_16k/metaData_fma_large/row28499.csv
Demucs voice recognition done!
