/ext3/demucs/lib/python3.9/site-packages/demucs/api.py:27: UserWarning: TorchAudio's global backend is now deprecated. Please enable distpatcher by setting `TORCHAUDIO_USE_BACKEND_DISPATCHER=1`, and specify backend when calling load/info/save function.
  import torchaudio as ta
2024-05-09 09:21:24.459664: I tensorflow/core/util/port.cc:113] oneDNN custom operations are on. You may see slightly different numerical results due to floating-point round-off errors from different computation orders. To turn them off, set the environment variable `TF_ENABLE_ONEDNN_OPTS=0`.
2024-05-09 09:21:25.324228: E external/local_xla/xla/stream_executor/cuda/cuda_dnn.cc:9261] Unable to register cuDNN factory: Attempting to register factory for plugin cuDNN when one has already been registered
2024-05-09 09:21:25.324269: E external/local_xla/xla/stream_executor/cuda/cuda_fft.cc:607] Unable to register cuFFT factory: Attempting to register factory for plugin cuFFT when one has already been registered
2024-05-09 09:21:25.375345: E external/local_xla/xla/stream_executor/cuda/cuda_blas.cc:1515] Unable to register cuBLAS factory: Attempting to register factory for plugin cuBLAS when one has already been registered
2024-05-09 09:21:25.435716: I tensorflow/core/platform/cpu_feature_guard.cc:182] This TensorFlow binary is optimized to use available CPU instructions in performance-critical operations.
To enable the following instructions: AVX2 AVX512F AVX512_VNNI FMA, in other operations, rebuild TensorFlow with the appropriate compiler flags.
2024-05-09 09:21:26.367306: W tensorflow/compiler/tf2tensorrt/utils/py_utils.cc:38] TF-TRT Warning: Could not find TensorRT
SKIPPING: metaTables/vocal_music_demucs_16k/metaData_fma_large/row52900.csv
SKIPPING: metaTables/vocal_music_demucs_16k/metaData_fma_large/row52901.csv
SKIPPING: metaTables/vocal_music_demucs_16k/metaData_fma_large/row52902.csv
SKIPPING: metaTables/vocal_music_demucs_16k/metaData_fma_large/row52903.csv
SKIPPING: metaTables/vocal_music_demucs_16k/metaData_fma_large/row52904.csv
SKIPPING: metaTables/vocal_music_demucs_16k/metaData_fma_large/row52905.csv
SKIPPING: metaTables/vocal_music_demucs_16k/metaData_fma_large/row52906.csv
SKIPPING: metaTables/vocal_music_demucs_16k/metaData_fma_large/row52907.csv
SKIPPING: metaTables/vocal_music_demucs_16k/metaData_fma_large/row52908.csv
SKIPPING: metaTables/vocal_music_demucs_16k/metaData_fma_large/row52909.csv
SKIPPING: metaTables/vocal_music_demucs_16k/metaData_fma_large/row52910.csv
SKIPPING: metaTables/vocal_music_demucs_16k/metaData_fma_large/row52911.csv
SKIPPING: metaTables/vocal_music_demucs_16k/metaData_fma_large/row52912.csv
SKIPPING: metaTables/vocal_music_demucs_16k/metaData_fma_large/row52913.csv
SKIPPING: metaTables/vocal_music_demucs_16k/metaData_fma_large/row52914.csv
SKIPPING: metaTables/vocal_music_demucs_16k/metaData_fma_large/row52915.csv
SKIPPING: metaTables/vocal_music_demucs_16k/metaData_fma_large/row52916.csv
SKIPPING: metaTables/vocal_music_demucs_16k/metaData_fma_large/row52917.csv
SKIPPING: metaTables/vocal_music_demucs_16k/metaData_fma_large/row52918.csv
SKIPPING: metaTables/vocal_music_demucs_16k/metaData_fma_large/row52919.csv
SKIPPING: metaTables/vocal_music_demucs_16k/metaData_fma_large/row52920.csv
SKIPPING: metaTables/vocal_music_demucs_16k/metaData_fma_large/row52921.csv
SKIPPING: metaTables/vocal_music_demucs_16k/metaData_fma_large/row52922.csv
SKIPPING: metaTables/vocal_music_demucs_16k/metaData_fma_large/row52923.csv
SKIPPING: metaTables/vocal_music_demucs_16k/metaData_fma_large/row52924.csv
SKIPPING: metaTables/vocal_music_demucs_16k/metaData_fma_large/row52925.csv
SKIPPING: metaTables/vocal_music_demucs_16k/metaData_fma_large/row52926.csv
SKIPPING: metaTables/vocal_music_demucs_16k/metaData_fma_large/row52927.csv
SKIPPING: metaTables/vocal_music_demucs_16k/metaData_fma_large/row52928.csv
SKIPPING: metaTables/vocal_music_demucs_16k/metaData_fma_large/row52929.csv
SKIPPING: metaTables/vocal_music_demucs_16k/metaData_fma_large/row52930.csv
SKIPPING: metaTables/vocal_music_demucs_16k/metaData_fma_large/row52931.csv
SKIPPING: metaTables/vocal_music_demucs_16k/metaData_fma_large/row52932.csv
SKIPPING: metaTables/vocal_music_demucs_16k/metaData_fma_large/row52933.csv
SKIPPING: metaTables/vocal_music_demucs_16k/metaData_fma_large/row52934.csv
SKIPPING: metaTables/vocal_music_demucs_16k/metaData_fma_large/row52935.csv
SKIPPING: metaTables/vocal_music_demucs_16k/metaData_fma_large/row52936.csv
SKIPPING: metaTables/vocal_music_demucs_16k/metaData_fma_large/row52937.csv
SKIPPING: metaTables/vocal_music_demucs_16k/metaData_fma_large/row52938.csv
SKIPPING: metaTables/vocal_music_demucs_16k/metaData_fma_large/row52939.csv
SKIPPING: metaTables/vocal_music_demucs_16k/metaData_fma_large/row52940.csv
SKIPPING: metaTables/vocal_music_demucs_16k/metaData_fma_large/row52941.csv
SKIPPING: metaTables/vocal_music_demucs_16k/metaData_fma_large/row52942.csv
SKIPPING: metaTables/vocal_music_demucs_16k/metaData_fma_large/row52943.csv
SKIPPING: metaTables/vocal_music_demucs_16k/metaData_fma_large/row52944.csv
SKIPPING: metaTables/vocal_music_demucs_16k/metaData_fma_large/row52945.csv
SKIPPING: metaTables/vocal_music_demucs_16k/metaData_fma_large/row52946.csv
SKIPPING: metaTables/vocal_music_demucs_16k/metaData_fma_large/row52947.csv
SKIPPING: metaTables/vocal_music_demucs_16k/metaData_fma_large/row52948.csv
SKIPPING: metaTables/vocal_music_demucs_16k/metaData_fma_large/row52949.csv
SKIPPING: metaTables/vocal_music_demucs_16k/metaData_fma_large/row52950.csv
SKIPPING: metaTables/vocal_music_demucs_16k/metaData_fma_large/row52951.csv
SKIPPING: metaTables/vocal_music_demucs_16k/metaData_fma_large/row52952.csv
SKIPPING: metaTables/vocal_music_demucs_16k/metaData_fma_large/row52953.csv
SKIPPING: metaTables/vocal_music_demucs_16k/metaData_fma_large/row52954.csv
SKIPPING: metaTables/vocal_music_demucs_16k/metaData_fma_large/row52955.csv
SKIPPING: metaTables/vocal_music_demucs_16k/metaData_fma_large/row52956.csv
SKIPPING: metaTables/vocal_music_demucs_16k/metaData_fma_large/row52957.csv
SKIPPING: metaTables/vocal_music_demucs_16k/metaData_fma_large/row52958.csv
SKIPPING: metaTables/vocal_music_demucs_16k/metaData_fma_large/row52959.csv
SKIPPING: metaTables/vocal_music_demucs_16k/metaData_fma_large/row52960.csv
SKIPPING: metaTables/vocal_music_demucs_16k/metaData_fma_large/row52961.csv
SKIPPING: metaTables/vocal_music_demucs_16k/metaData_fma_large/row52962.csv
SKIPPING: metaTables/vocal_music_demucs_16k/metaData_fma_large/row52963.csv
SKIPPING: metaTables/vocal_music_demucs_16k/metaData_fma_large/row52964.csv
SKIPPING: metaTables/vocal_music_demucs_16k/metaData_fma_large/row52965.csv
SKIPPING: metaTables/vocal_music_demucs_16k/metaData_fma_large/row52966.csv
SKIPPING: metaTables/vocal_music_demucs_16k/metaData_fma_large/row52967.csv
SKIPPING: metaTables/vocal_music_demucs_16k/metaData_fma_large/row52968.csv
SKIPPING: metaTables/vocal_music_demucs_16k/metaData_fma_large/row52969.csv
SKIPPING: metaTables/vocal_music_demucs_16k/metaData_fma_large/row52970.csv
SKIPPING: metaTables/vocal_music_demucs_16k/metaData_fma_large/row52971.csv
SKIPPING: metaTables/vocal_music_demucs_16k/metaData_fma_large/row52972.csv
SKIPPING: metaTables/vocal_music_demucs_16k/metaData_fma_large/row52973.csv
SKIPPING: metaTables/vocal_music_demucs_16k/metaData_fma_large/row52974.csv
SKIPPING: metaTables/vocal_music_demucs_16k/metaData_fma_large/row52975.csv
SKIPPING: metaTables/vocal_music_demucs_16k/metaData_fma_large/row52976.csv
SKIPPING: metaTables/vocal_music_demucs_16k/metaData_fma_large/row52977.csv
SKIPPING: metaTables/vocal_music_demucs_16k/metaData_fma_large/row52978.csv
SKIPPING: metaTables/vocal_music_demucs_16k/metaData_fma_large/row52979.csv
SKIPPING: metaTables/vocal_music_demucs_16k/metaData_fma_large/row52980.csv
SKIPPING: metaTables/vocal_music_demucs_16k/metaData_fma_large/row52981.csv
SKIPPING: metaTables/vocal_music_demucs_16k/metaData_fma_large/row52982.csv
SKIPPING: metaTables/vocal_music_demucs_16k/metaData_fma_large/row52983.csv
SKIPPING: metaTables/vocal_music_demucs_16k/metaData_fma_large/row52984.csv
SKIPPING: metaTables/vocal_music_demucs_16k/metaData_fma_large/row52985.csv
SKIPPING: metaTables/vocal_music_demucs_16k/metaData_fma_large/row52986.csv
SKIPPING: metaTables/vocal_music_demucs_16k/metaData_fma_large/row52987.csv
SKIPPING: metaTables/vocal_music_demucs_16k/metaData_fma_large/row52988.csv
SKIPPING: metaTables/vocal_music_demucs_16k/metaData_fma_large/row52989.csv
SKIPPING: metaTables/vocal_music_demucs_16k/metaData_fma_large/row52990.csv
SKIPPING: metaTables/vocal_music_demucs_16k/metaData_fma_large/row52991.csv
SKIPPING: metaTables/vocal_music_demucs_16k/metaData_fma_large/row52992.csv
SKIPPING: metaTables/vocal_music_demucs_16k/metaData_fma_large/row52993.csv
SKIPPING: metaTables/vocal_music_demucs_16k/metaData_fma_large/row52994.csv
SKIPPING: metaTables/vocal_music_demucs_16k/metaData_fma_large/row52995.csv
SKIPPING: metaTables/vocal_music_demucs_16k/metaData_fma_large/row52996.csv
SKIPPING: metaTables/vocal_music_demucs_16k/metaData_fma_large/row52997.csv
SKIPPING: metaTables/vocal_music_demucs_16k/metaData_fma_large/row52998.csv
SKIPPING: metaTables/vocal_music_demucs_16k/metaData_fma_large/row52999.csv
Demucs voice recognition done!
