/ext3/demucs/lib/python3.9/site-packages/demucs/api.py:27: UserWarning: TorchAudio's global backend is now deprecated. Please enable distpatcher by setting `TORCHAUDIO_USE_BACKEND_DISPATCHER=1`, and specify backend when calling load/info/save function.
  import torchaudio as ta
2024-05-10 11:35:18.879990: I tensorflow/core/util/port.cc:113] oneDNN custom operations are on. You may see slightly different numerical results due to floating-point round-off errors from different computation orders. To turn them off, set the environment variable `TF_ENABLE_ONEDNN_OPTS=0`.
2024-05-10 11:35:19.599882: E external/local_xla/xla/stream_executor/cuda/cuda_dnn.cc:9261] Unable to register cuDNN factory: Attempting to register factory for plugin cuDNN when one has already been registered
2024-05-10 11:35:19.599918: E external/local_xla/xla/stream_executor/cuda/cuda_fft.cc:607] Unable to register cuFFT factory: Attempting to register factory for plugin cuFFT when one has already been registered
2024-05-10 11:35:19.654468: E external/local_xla/xla/stream_executor/cuda/cuda_blas.cc:1515] Unable to register cuBLAS factory: Attempting to register factory for plugin cuBLAS when one has already been registered
2024-05-10 11:35:19.745841: I tensorflow/core/platform/cpu_feature_guard.cc:182] This TensorFlow binary is optimized to use available CPU instructions in performance-critical operations.
To enable the following instructions: AVX2 AVX512F AVX512_VNNI FMA, in other operations, rebuild TensorFlow with the appropriate compiler flags.
2024-05-10 11:35:20.938317: W tensorflow/compiler/tf2tensorrt/utils/py_utils.cc:38] TF-TRT Warning: Could not find TensorRT
Execution time: 27.206414699554443 seconds
metaTables/vocal_music_demucs_16k/metaData_fma_large/row95400.csv
Execution time: 24.565258264541626 seconds
metaTables/vocal_music_demucs_16k/metaData_fma_large/row95401.csv
Execution time: 24.536518096923828 seconds
metaTables/vocal_music_demucs_16k/metaData_fma_large/row95402.csv
Execution time: 24.913198709487915 seconds
metaTables/vocal_music_demucs_16k/metaData_fma_large/row95403.csv
Execution time: 23.39187526702881 seconds
metaTables/vocal_music_demucs_16k/metaData_fma_large/row95404.csv
Execution time: 24.11647891998291 seconds
metaTables/vocal_music_demucs_16k/metaData_fma_large/row95405.csv
Execution time: 24.86698627471924 seconds
metaTables/vocal_music_demucs_16k/metaData_fma_large/row95406.csv
Execution time: 24.467264652252197 seconds
metaTables/vocal_music_demucs_16k/metaData_fma_large/row95407.csv
Execution time: 24.574424266815186 seconds
metaTables/vocal_music_demucs_16k/metaData_fma_large/row95408.csv
Execution time: 24.55290150642395 seconds
metaTables/vocal_music_demucs_16k/metaData_fma_large/row95409.csv
Execution time: 24.576941967010498 seconds
metaTables/vocal_music_demucs_16k/metaData_fma_large/row95410.csv
Execution time: 24.346981525421143 seconds
metaTables/vocal_music_demucs_16k/metaData_fma_large/row95411.csv
Execution time: 24.833261489868164 seconds
metaTables/vocal_music_demucs_16k/metaData_fma_large/row95412.csv
Execution time: 25.804398775100708 seconds
metaTables/vocal_music_demucs_16k/metaData_fma_large/row95413.csv
Execution time: 25.241127014160156 seconds
metaTables/vocal_music_demucs_16k/metaData_fma_large/row95414.csv
Execution time: 24.701760053634644 seconds
metaTables/vocal_music_demucs_16k/metaData_fma_large/row95415.csv
Execution time: 23.613438844680786 seconds
metaTables/vocal_music_demucs_16k/metaData_fma_large/row95416.csv
Execution time: 24.785053968429565 seconds
metaTables/vocal_music_demucs_16k/metaData_fma_large/row95417.csv
Execution time: 25.413528442382812 seconds
metaTables/vocal_music_demucs_16k/metaData_fma_large/row95418.csv
Execution time: 24.397744178771973 seconds
metaTables/vocal_music_demucs_16k/metaData_fma_large/row95419.csv
Execution time: 25.846307516098022 seconds
metaTables/vocal_music_demucs_16k/metaData_fma_large/row95420.csv
Execution time: 24.63831400871277 seconds
metaTables/vocal_music_demucs_16k/metaData_fma_large/row95421.csv
Execution time: 24.92551612854004 seconds
metaTables/vocal_music_demucs_16k/metaData_fma_large/row95422.csv
Execution time: 25.31084632873535 seconds
metaTables/vocal_music_demucs_16k/metaData_fma_large/row95423.csv
Execution time: 24.929056882858276 seconds
metaTables/vocal_music_demucs_16k/metaData_fma_large/row95424.csv
Execution time: 25.065226078033447 seconds
metaTables/vocal_music_demucs_16k/metaData_fma_large/row95425.csv
Execution time: 24.678120613098145 seconds
metaTables/vocal_music_demucs_16k/metaData_fma_large/row95426.csv
Execution time: 24.427927255630493 seconds
metaTables/vocal_music_demucs_16k/metaData_fma_large/row95427.csv
Execution time: 25.039191722869873 seconds
metaTables/vocal_music_demucs_16k/metaData_fma_large/row95428.csv
Execution time: 24.36637568473816 seconds
metaTables/vocal_music_demucs_16k/metaData_fma_large/row95429.csv
Execution time: 25.151029109954834 seconds
metaTables/vocal_music_demucs_16k/metaData_fma_large/row95430.csv
Execution time: 24.03904128074646 seconds
metaTables/vocal_music_demucs_16k/metaData_fma_large/row95431.csv
Execution time: 24.58943247795105 seconds
metaTables/vocal_music_demucs_16k/metaData_fma_large/row95432.csv
Execution time: 23.84036684036255 seconds
metaTables/vocal_music_demucs_16k/metaData_fma_large/row95433.csv
Execution time: 24.982903003692627 seconds
metaTables/vocal_music_demucs_16k/metaData_fma_large/row95434.csv
Execution time: 25.944016218185425 seconds
metaTables/vocal_music_demucs_16k/metaData_fma_large/row95435.csv
Execution time: 25.104496717453003 seconds
metaTables/vocal_music_demucs_16k/metaData_fma_large/row95436.csv
Execution time: 24.3497793674469 seconds
metaTables/vocal_music_demucs_16k/metaData_fma_large/row95437.csv
Execution time: 25.901021480560303 seconds
metaTables/vocal_music_demucs_16k/metaData_fma_large/row95438.csv
Execution time: 25.58222246170044 seconds
metaTables/vocal_music_demucs_16k/metaData_fma_large/row95439.csv
Execution time: 24.92132830619812 seconds
metaTables/vocal_music_demucs_16k/metaData_fma_large/row95440.csv
Execution time: 24.44309711456299 seconds
metaTables/vocal_music_demucs_16k/metaData_fma_large/row95441.csv
Execution time: 24.656244039535522 seconds
metaTables/vocal_music_demucs_16k/metaData_fma_large/row95442.csv
Execution time: 25.27987790107727 seconds
metaTables/vocal_music_demucs_16k/metaData_fma_large/row95443.csv
Execution time: 25.27917242050171 seconds
metaTables/vocal_music_demucs_16k/metaData_fma_large/row95444.csv
Execution time: 24.896692514419556 seconds
metaTables/vocal_music_demucs_16k/metaData_fma_large/row95445.csv
Execution time: 24.64203119277954 seconds
metaTables/vocal_music_demucs_16k/metaData_fma_large/row95446.csv
Execution time: 25.4673273563385 seconds
metaTables/vocal_music_demucs_16k/metaData_fma_large/row95447.csv
Execution time: 24.86693239212036 seconds
metaTables/vocal_music_demucs_16k/metaData_fma_large/row95448.csv
Execution time: 24.965250968933105 seconds
metaTables/vocal_music_demucs_16k/metaData_fma_large/row95449.csv
Execution time: 26.42042827606201 seconds
metaTables/vocal_music_demucs_16k/metaData_fma_large/row95450.csv
Execution time: 25.385260581970215 seconds
metaTables/vocal_music_demucs_16k/metaData_fma_large/row95451.csv
Execution time: 24.387161016464233 seconds
metaTables/vocal_music_demucs_16k/metaData_fma_large/row95452.csv
Execution time: 24.4244122505188 seconds
metaTables/vocal_music_demucs_16k/metaData_fma_large/row95453.csv
Execution time: 25.8735671043396 seconds
metaTables/vocal_music_demucs_16k/metaData_fma_large/row95454.csv
Execution time: 24.603187084197998 seconds
metaTables/vocal_music_demucs_16k/metaData_fma_large/row95455.csv
Execution time: 25.235045194625854 seconds
metaTables/vocal_music_demucs_16k/metaData_fma_large/row95456.csv
Execution time: 24.605506658554077 seconds
metaTables/vocal_music_demucs_16k/metaData_fma_large/row95457.csv
Execution time: 24.313252687454224 seconds
metaTables/vocal_music_demucs_16k/metaData_fma_large/row95458.csv
Execution time: 24.91410255432129 seconds
metaTables/vocal_music_demucs_16k/metaData_fma_large/row95459.csv
Execution time: 25.472596406936646 seconds
metaTables/vocal_music_demucs_16k/metaData_fma_large/row95460.csv
Execution time: 25.445595741271973 seconds
metaTables/vocal_music_demucs_16k/metaData_fma_large/row95461.csv
Execution time: 25.365559816360474 seconds
metaTables/vocal_music_demucs_16k/metaData_fma_large/row95462.csv
Execution time: 24.97284507751465 seconds
metaTables/vocal_music_demucs_16k/metaData_fma_large/row95463.csv
Execution time: 24.63275957107544 seconds
metaTables/vocal_music_demucs_16k/metaData_fma_large/row95464.csv
Execution time: 25.415310382843018 seconds
metaTables/vocal_music_demucs_16k/metaData_fma_large/row95465.csv
Execution time: 23.88115668296814 seconds
metaTables/vocal_music_demucs_16k/metaData_fma_large/row95466.csv
Execution time: 24.96638035774231 seconds
metaTables/vocal_music_demucs_16k/metaData_fma_large/row95467.csv
Execution time: 24.964672327041626 seconds
metaTables/vocal_music_demucs_16k/metaData_fma_large/row95468.csv
Execution time: 23.868353605270386 seconds
metaTables/vocal_music_demucs_16k/metaData_fma_large/row95469.csv
Execution time: 25.119220733642578 seconds
metaTables/vocal_music_demucs_16k/metaData_fma_large/row95470.csv
Execution time: 23.702489614486694 seconds
metaTables/vocal_music_demucs_16k/metaData_fma_large/row95471.csv
Execution time: 16.2753324508667 seconds
metaTables/vocal_music_demucs_16k/metaData_fma_large/row95472.csv
Execution time: 24.658555030822754 seconds
metaTables/vocal_music_demucs_16k/metaData_fma_large/row95473.csv
Execution time: 23.809526920318604 seconds
metaTables/vocal_music_demucs_16k/metaData_fma_large/row95474.csv
Execution time: 26.60888671875 seconds
metaTables/vocal_music_demucs_16k/metaData_fma_large/row95475.csv
Execution time: 25.352933645248413 seconds
metaTables/vocal_music_demucs_16k/metaData_fma_large/row95476.csv
Execution time: 24.591840267181396 seconds
metaTables/vocal_music_demucs_16k/metaData_fma_large/row95477.csv
Execution time: 24.950602531433105 seconds
metaTables/vocal_music_demucs_16k/metaData_fma_large/row95478.csv
Execution time: 24.798701524734497 seconds
metaTables/vocal_music_demucs_16k/metaData_fma_large/row95479.csv
Execution time: 24.540133714675903 seconds
metaTables/vocal_music_demucs_16k/metaData_fma_large/row95480.csv
Execution time: 23.71171545982361 seconds
metaTables/vocal_music_demucs_16k/metaData_fma_large/row95481.csv
Execution time: 24.758156538009644 seconds
metaTables/vocal_music_demucs_16k/metaData_fma_large/row95482.csv
Execution time: 24.66104006767273 seconds
metaTables/vocal_music_demucs_16k/metaData_fma_large/row95483.csv
Execution time: 25.2167546749115 seconds
metaTables/vocal_music_demucs_16k/metaData_fma_large/row95484.csv
Execution time: 26.199650049209595 seconds
metaTables/vocal_music_demucs_16k/metaData_fma_large/row95485.csv
Execution time: 24.95775032043457 seconds
metaTables/vocal_music_demucs_16k/metaData_fma_large/row95486.csv
Execution time: 24.754496335983276 seconds
metaTables/vocal_music_demucs_16k/metaData_fma_large/row95487.csv
Execution time: 24.605441570281982 seconds
metaTables/vocal_music_demucs_16k/metaData_fma_large/row95488.csv
Execution time: 24.472050666809082 seconds
metaTables/vocal_music_demucs_16k/metaData_fma_large/row95489.csv
Execution time: 26.520081281661987 seconds
metaTables/vocal_music_demucs_16k/metaData_fma_large/row95490.csv
Execution time: 25.217134714126587 seconds
metaTables/vocal_music_demucs_16k/metaData_fma_large/row95491.csv
Execution time: 25.053390502929688 seconds
metaTables/vocal_music_demucs_16k/metaData_fma_large/row95492.csv
Execution time: 25.294758558273315 seconds
metaTables/vocal_music_demucs_16k/metaData_fma_large/row95493.csv
Execution time: 24.82945942878723 seconds
metaTables/vocal_music_demucs_16k/metaData_fma_large/row95494.csv
Execution time: 24.520429372787476 seconds
metaTables/vocal_music_demucs_16k/metaData_fma_large/row95495.csv
Execution time: 24.733757972717285 seconds
metaTables/vocal_music_demucs_16k/metaData_fma_large/row95496.csv
Execution time: 23.76965022087097 seconds
metaTables/vocal_music_demucs_16k/metaData_fma_large/row95497.csv
Execution time: 24.383301258087158 seconds
metaTables/vocal_music_demucs_16k/metaData_fma_large/row95498.csv
Execution time: 23.784024477005005 seconds
metaTables/vocal_music_demucs_16k/metaData_fma_large/row95499.csv
Demucs voice recognition done!
