WARNING: Could not find any nv files on this host!
/ext3/miniconda3/envs/MusicSpeech-STMhpc_transformers/lib/python3.12/site-packages/transformers/audio_utils.py:297: UserWarning: At least one mel filter has all zero values. The value for `num_mel_filters` (128) may be set too high. Or, the value for `num_frequency_bins` (256) may be set too low.
  warnings.warn(
loading success: data/musicCorp/Albouy2020Science/English/English_S10_M07.wav
loading success: data/musicCorp/Albouy2020Science/English/English_S01_M08.wav
loading success: data/musicCorp/Albouy2020Science/French/French_S03_M07.wav
loading success: data/musicCorp/Albouy2020Science/French/French_S07_M08.wav
loading success: data/musicCorp/Albouy2020Science/French/French_S02_M02.wav
loading success: data/musicCorp/Albouy2020Science/French/French_S07_M05.wav
loading success: data/musicCorp/Albouy2020Science/English/English_S01_M05.wav
loading success: data/musicCorp/Albouy2020Science/English/English_S09_M05.wav
loading success: data/musicCorp/Albouy2020Science/French/French_S10_M02.wav
loading success: data/musicCorp/Albouy2020Science/English/English_S08_M05.wav
loading success: data/musicCorp/Albouy2020Science/English/English_S02_M02.wav
loading success: data/musicCorp/Albouy2020Science/English/English_S07_M08.wav
loading success: data/musicCorp/Albouy2020Science/French/French_S06_M05.wav
loading success: data/musicCorp/Albouy2020Science/French/French_S10_M07.wav
loading success: data/musicCorp/Albouy2020Science/French/French_S01_M08.wav
loading success: data/musicCorp/Albouy2020Science/French/French_S03_M02.wav
loading success: data/musicCorp/Albouy2020Science/English/English_S08_M08.wav
loading success: data/musicCorp/Albouy2020Science/English/English_S05_M02.wav
loading success: data/musicCorp/Albouy2020Science/English/English_S10_M02.wav
loading success: data/musicCorp/Albouy2020Science/French/French_S01_M05.wav
loading success: data/musicCorp/Albouy2020Science/French/French_S06_M08.wav
loading success: data/musicCorp/Albouy2020Science/French/French_S02_M07.wav
loading success: data/musicCorp/Albouy2020Science/English/English_S07_M05.wav
loading success: data/musicCorp/Albouy2020Science/English/English_S07_M02.wav
loading success: data/musicCorp/Albouy2020Science/French/French_S01_M02.wav
loading success: data/musicCorp/Albouy2020Science/English/English_S10_M05.wav
loading success: data/musicCorp/Albouy2020Science/French/French_S04_M08.wav
loading success: data/musicCorp/Albouy2020Science/English/English_S06_M07.wav
loading success: data/musicCorp/Albouy2020Science/English/English_S02_M08.wav
loading success: data/musicCorp/Albouy2020Science/English/English_S09_M07.wav
loading success: data/musicCorp/Albouy2020Science/French/French_S06_M02.wav
loading success: data/musicCorp/Albouy2020Science/French/French_S03_M08.wav
loading success: data/musicCorp/Albouy2020Science/French/French_S07_M07.wav
loading success: data/musicCorp/Albouy2020Science/English/English_S02_M05.wav
loading success: data/musicCorp/Albouy2020Science/English/English_S05_M08.wav
loading success: data/musicCorp/Albouy2020Science/English/English_S10_M08.wav
loading success: data/musicCorp/Albouy2020Science/English/English_S08_M02.wav
loading success: data/musicCorp/Albouy2020Science/English/English_S01_M07.wav
loading success: data/musicCorp/Albouy2020Science/English/English_S09_M02.wav
loading success: data/musicCorp/Albouy2020Science/French/French_S05_M05.wav
loading success: data/musicCorp/Albouy2020Science/English/English_S01_M02.wav
loading success: data/musicCorp/Albouy2020Science/French/French_S08_M02.wav
loading success: data/musicCorp/Albouy2020Science/French/French_S01_M07.wav
loading success: data/musicCorp/Albouy2020Science/English/English_S03_M08.wav
loading success: data/musicCorp/Albouy2020Science/English/English_S06_M02.wav
loading success: data/musicCorp/Albouy2020Science/French/French_S07_M01.wav
loading success: data/musicCorp/Albouy2020Science/French/French_S08_M10.wav
loading success: data/musicCorp/Albouy2020Science/French/French_S09_M09.wav
loading success: data/musicCorp/Albouy2020Science/English/English_S01_M01.wav
loading success: data/musicCorp/Albouy2020Science/English/English_S09_M01.wav
loading success: data/musicCorp/Albouy2020Science/English/English_S06_M10.wav
loading success: data/musicCorp/Albouy2020Science/French/French_S01_M09.wav
loading success: data/musicCorp/Albouy2020Science/English/English_S03_M06.wav
loading success: data/musicCorp/Albouy2020Science/English/English_S07_M09.wav
loading success: data/musicCorp/Albouy2020Science/English/English_S10_M03.wav
loading success: data/musicCorp/Albouy2020Science/French/French_S09_M04.wav
loading success: data/musicCorp/Albouy2020Science/English/English_S06_M01.wav
loading success: data/musicCorp/Albouy2020Science/English/English_S09_M10.wav
loading success: data/musicCorp/Albouy2020Science/French/French_S03_M03.wav
loading success: data/musicCorp/Albouy2020Science/English/English_S01_M10.wav
loading success: data/musicCorp/Albouy2020Science/French/French_S02_M06.wav
loading success: data/musicCorp/Albouy2020Science/French/French_S01_M04.wav
loading success: data/musicCorp/Albouy2020Science/English/English_S04_M06.wav
loading success: data/musicCorp/Albouy2020Science/French/French_S07_M10.wav
loading success: data/musicCorp/Albouy2020Science/English/English_S06_M04.wav
loading success: data/musicCorp/Albouy2020Science/French/French_S03_M06.wav
loading success: data/musicCorp/Albouy2020Science/English/English_S10_M06.wav
loading success: data/musicCorp/Albouy2020Science/English/English_S01_M09.wav
loading success: data/musicCorp/Albouy2020Science/French/French_S09_M01.wav
loading success: data/musicCorp/Albouy2020Science/French/French_S01_M01.wav
loading success: data/musicCorp/Albouy2020Science/French/French_S08_M04.wav
loading success: data/musicCorp/Albouy2020Science/English/English_S04_M03.wav
loading success: data/musicCorp/Albouy2020Science/English/English_S08_M10.wav
loading success: data/musicCorp/Albouy2020Science/English/English_S07_M01.wav
loading success: data/musicCorp/Albouy2020Science/English/English_S07_M10.wav
loading success: data/musicCorp/Albouy2020Science/French/French_S04_M06.wav
loading success: data/musicCorp/Albouy2020Science/English/English_S08_M01.wav
loading success: data/musicCorp/Albouy2020Science/English/English_S01_M04.wav
loading success: data/musicCorp/Albouy2020Science/French/French_S07_M04.wav
loading success: data/musicCorp/Albouy2020Science/English/English_S02_M06.wav
loading success: data/musicCorp/Albouy2020Science/French/French_S01_M10.wav
loading success: data/musicCorp/Albouy2020Science/French/French_S09_M10.wav
loading success: data/musicCorp/Albouy2020Science/English/English_S03_M03.wav
loading success: data/musicCorp/Albouy2020Science/French/French_S06_M01.wav
loading success: data/musicCorp/Albouy2020Science/English/English_S09_M04.wav
loading success: data/musicCorp/Albouy2020Science/French/French_S08_M09.wav
loading success: data/musicCorp/Albouy2020Science/French/French_S10_M03.wav
loading success: data/musicCorp/Albouy2020Science/English/English_S09_M03.wav
loading success: data/musicCorp/Albouy2020Science/English/English_S04_M09.wav
loading success: data/musicCorp/Albouy2020Science/French/French_S05_M04.wav
loading success: data/musicCorp/Albouy2020Science/English/English_S03_M04.wav
loading success: data/musicCorp/Albouy2020Science/English/English_S05_M10.wav
loading success: data/musicCorp/Albouy2020Science/English/English_S10_M10.wav
loading success: data/musicCorp/Albouy2020Science/French/French_S06_M06.wav
loading success: data/musicCorp/Albouy2020Science/English/English_S02_M01.wav
loading success: data/musicCorp/Albouy2020Science/French/French_S04_M01.wav
loading success: data/musicCorp/Albouy2020Science/English/English_S01_M03.wav
loading success: data/musicCorp/Albouy2020Science/English/English_S08_M06.wav
loading success: data/musicCorp/Albouy2020Science/English/English_S03_M09.wav
loading success: data/musicCorp/Albouy2020Science/French/French_S04_M10.wav
loading success: data/musicCorp/Albouy2020Science/English/English_S07_M06.wav
loading success: data/musicCorp/Albouy2020Science/English/English_S02_M10.wav
loading success: data/musicCorp/Albouy2020Science/English/English_S04_M04.wav
loading success: data/musicCorp/Albouy2020Science/English/English_S10_M01.wav
loading success: data/musicCorp/Albouy2020Science/English/English_S05_M01.wav
loading success: data/musicCorp/Albouy2020Science/French/French_S03_M01.wav
loading success: data/musicCorp/Albouy2020Science/French/French_S01_M03.wav
loading success: data/musicCorp/Albouy2020Science/English/English_S04_M01.wav
loading success: data/musicCorp/Albouy2020Science/English/English_S07_M03.wav
loading success: data/musicCorp/Albouy2020Science/English/English_S06_M06.wav
loading success: data/musicCorp/Albouy2020Science/French/French_S10_M10.wav
loading success: data/musicCorp/Albouy2020Science/English/English_S02_M09.wav
loading success: data/musicCorp/Albouy2020Science/English/English_S05_M04.wav
loading success: data/musicCorp/Albouy2020Science/English/English_S10_M04.wav
loading success: data/musicCorp/Albouy2020Science/English/English_S03_M10.wav
loading success: data/musicCorp/Albouy2020Science/English/English_S03_M01.wav
loading success: data/musicCorp/Albouy2020Science/French/French_S06_M03.wav
loading success: data/musicCorp/Albouy2020Science/English/English_S09_M06.wav
loading success: data/musicCorp/Albouy2020Science/French/French_S05_M01.wav
loading success: data/musicCorp/Albouy2020Science/English/English_S10_M09.wav
loading success: data/musicCorp/Albouy2020Science/English/English_S05_M09.wav
loading success: data/musicCorp/Albouy2020Science/French/French_S02_M10.wav
loading success: data/musicCorp/Albouy2020Science/English/English_S01_M06.wav
Execution time: 1254.0112178325653 seconds
