2024-05-14 18:41:46.832393: I tensorflow/core/util/port.cc:113] oneDNN custom operations are on. You may see slightly different numerical results due to floating-point round-off errors from different computation orders. To turn them off, set the environment variable `TF_ENABLE_ONEDNN_OPTS=0`.
2024-05-14 18:41:48.904671: I tensorflow/core/platform/cpu_feature_guard.cc:182] This TensorFlow binary is optimized to use available CPU instructions in performance-critical operations.
To enable the following instructions: SSE4.1 SSE4.2 AVX AVX2 AVX512F AVX512_VNNI FMA, in other operations, rebuild TensorFlow with the appropriate compiler flags.
loading success: data/musicCorp/GarlandEncyclopedia/52 Marquesan Pig Dance (Maha_u).mp3
loading success: data/musicCorp/GarlandEncyclopedia/02 Ethiopian Lidet Celebration.mp3
loading success: data/musicCorp/GarlandEncyclopedia/28 A La Claire Fontaine.mp3
loading success: data/musicCorp/GarlandEncyclopedia/8-07 Wales_ Penillion.mp3
loading success: data/musicCorp/GarlandEncyclopedia/20 Yemeni Vocal Music With Lute Accompaniment.mp3
loading success: data/musicCorp/GarlandEncyclopedia/08 Maninka Mansarch Prase Song.mp3
loading success: data/musicCorp/GarlandEncyclopedia/19 Women_s Devotional Song, Rajastan.mp3
loading success: data/musicCorp/GarlandEncyclopedia/22 Something About Me Today.mp3
loading success: data/musicCorp/GarlandEncyclopedia/21 Shona Ancestral Spirit Song.mp3
loading success: data/musicCorp/GarlandEncyclopedia/05 Palm Wine Highlife Song.mp3
loading success: data/musicCorp/GarlandEncyclopedia/26 Sounds Of Large And Smell Friction Blocks, A Swung Slat, Ribbon Reeds, And Huma.mp3
loading success: data/musicCorp/GarlandEncyclopedia/17 My Friends Are In The Country.mp3
loading success: data/musicCorp/GarlandEncyclopedia/10 Excerpt From Pi-P_a-chi _The History Of The Lute Playing_.mp3
loading success: data/musicCorp/GarlandEncyclopedia/27 Decknni Dance Song _Borieche Tari_ _Borim Boatman_, Goa.mp3
loading success: data/musicCorp/GarlandEncyclopedia/8-15 Faroe Islands.mp3
loading success: data/musicCorp/GarlandEncyclopedia/8-24 Swiss Alphorn Trio.mp3
loading success: data/musicCorp/GarlandEncyclopedia/02 Chinese Ensemble With Song _Chung We Meng_ (Thailand).mp3
loading success: data/musicCorp/GarlandEncyclopedia/07 Hsiu Ho Pao [Xiu Hebao] _An Embroidered Purse_.mp3
loading success: data/musicCorp/GarlandEncyclopedia/28 Benjo _keyed Zither_ Performance In Balochistan.mp3
loading success: data/musicCorp/GarlandEncyclopedia/33 Cherwick _Hutsulka_.mp3
loading success: data/musicCorp/GarlandEncyclopedia/03 Kyal Ang Gat.mp3
loading success: data/musicCorp/GarlandEncyclopedia/8-05 Basque Improvised Verse.mp3
loading success: data/musicCorp/GarlandEncyclopedia/31 Pashtun Wedding Song, _Yaqorban_ _i Sacrifice Myself For You_ Of Southeastern A.mp3
loading success: data/musicCorp/GarlandEncyclopedia/50 _E A Te Talatala Ni Matala Mai Haahine_ (As To The Tale The Women Told), Sikaia.mp3
loading success: data/musicCorp/GarlandEncyclopedia/32 Moroccan Jewish Song.mp3
loading success: data/musicCorp/GarlandEncyclopedia/14 Tongan Formal Dance-Song (Lakalaka).mp3
loading success: data/musicCorp/GarlandEncyclopedia/01 My Little Annie, So Sweet.mp3
loading success: data/musicCorp/GarlandEncyclopedia/37 Rara Instrumental Music.mp3
loading success: data/musicCorp/GarlandEncyclopedia/13 Basoga Lusoga Song.mp3
loading success: data/musicCorp/GarlandEncyclopedia/36 _Ri Daula_ Tigak Shark-Catching Song.mp3
loading success: data/musicCorp/GarlandEncyclopedia/05 Sikuriada (Music For Siku Panpipes).mp3
loading success: data/musicCorp/GarlandEncyclopedia/07 Rapa Nui String-Figure Song (Pata_ Uta_ U).mp3
loading success: data/musicCorp/GarlandEncyclopedia/04 Salaw Seung Pi Ensemble (Northern Thailand).mp3
loading success: data/musicCorp/GarlandEncyclopedia/05 Beautiful Dreamer.mp3
loading success: data/musicCorp/GarlandEncyclopedia/13 Devi Amba Ro Dhak.mp3
loading success: data/musicCorp/GarlandEncyclopedia/53 Maori Bellicose Dance-Song (Haka).mp3
loading success: data/musicCorp/GarlandEncyclopedia/49 Samoan Store-Bought Ukulele.mp3
loading success: data/musicCorp/GarlandEncyclopedia/25 _Zancudito,_ Hatajo De Negritos.mp3
loading success: data/musicCorp/GarlandEncyclopedia/19 Song By Blind Rondador (Panpipe) Player.mp3
loading success: data/musicCorp/GarlandEncyclopedia/26 _Gharibi_ Lyric Song Of Khorasan Province, Iran.mp3
loading success: data/musicCorp/GarlandEncyclopedia/8-12 Norway_ Telemark _Leaping Dance_.mp3
loading success: data/musicCorp/GarlandEncyclopedia/24 Tikuzen Biwa_ Excerpt From Tyusingura [More Commonly Chushingura].mp3
loading success: data/musicCorp/GarlandEncyclopedia/14 Forro Do Pife (Forro For Banda De Pifanos).mp3
loading success: data/musicCorp/GarlandEncyclopedia/07 Personal Song.mp3
loading success: data/musicCorp/GarlandEncyclopedia/32 Usarufa Blood-Song (Naa-Ima).mp3
loading success: data/musicCorp/GarlandEncyclopedia/16 North Indian Kathak Dance Syllables.mp3
loading success: data/musicCorp/GarlandEncyclopedia/13 _E Bonito Cantar_ (_Singing Is Beautiful_), Cantoria Of The Embolada Genre.mp3
loading success: data/musicCorp/GarlandEncyclopedia/22 Saudi Woman_s Wedding Song.mp3
loading success: data/musicCorp/GarlandEncyclopedia/51 _Otamu_ (Now Known To Some As _Ueue_) And _Takoto_ Tahitian Rhythmic Patterns.mp3
loading success: data/musicCorp/GarlandEncyclopedia/25 Sounds Of Four Ribbon Reeds And Six Human Moaners.mp3
loading success: data/musicCorp/GarlandEncyclopedia/28 _Green Frog_ Arnhem Land Wangga Song.mp3
loading success: data/musicCorp/GarlandEncyclopedia/01 Eastern Arab Art Music.mp3
loading success: data/musicCorp/GarlandEncyclopedia/09 Tarkeada (Music For Tarka Flutes).mp3
loading success: data/musicCorp/GarlandEncyclopedia/01 Kpelle Woi-Mene-Pele.mp3
loading success: data/musicCorp/GarlandEncyclopedia/12 The Revenge_ (Lyrical Aria From Qi Yaun Bao.mp3
loading success: data/musicCorp/GarlandEncyclopedia/38 Nasioi Celebratory Dance-Music (Sinsing Kaur).mp3
loading success: data/musicCorp/GarlandEncyclopedia/17 Firewalk.mp3
loading success: data/musicCorp/GarlandEncyclopedia/06 Raga Natakuranji, Jhama Tala.mp3
loading success: data/musicCorp/GarlandEncyclopedia/35 Jewish-Yemenite Liturgical Song.mp3
loading success: data/musicCorp/GarlandEncyclopedia/20 Nirgun Bhajan (Hymn Of The Formless Divine, _Re Man Musaphir_ _Hey, Mind-Travel.mp3
loading success: data/musicCorp/GarlandEncyclopedia/06 Accompanied Lam Salavane Repartee Song (Southern Laos).mp3
loading success: data/musicCorp/GarlandEncyclopedia/06 Yu Wo Lang _The Fish Lying On The Wave__ Xiao Fangniu _The Small Shepherd_.mp3
loading success: data/musicCorp/GarlandEncyclopedia/8-25 Polish Dance.mp3
loading success: data/musicCorp/GarlandEncyclopedia/09 Brush Dance Heavy Song.mp3
loading success: data/musicCorp/GarlandEncyclopedia/8-40 Cyprus_ Foni Akathkiotissa.mp3
loading success: data/musicCorp/GarlandEncyclopedia/37 Baluan Bridewealth-Plying Song (W(E)Ii).mp3
loading success: data/musicCorp/GarlandEncyclopedia/29 _Sauke_ (The Name Of A Bird), Baluan Commemorative Song (Kolorai).mp3
loading success: data/musicCorp/GarlandEncyclopedia/04 Vai Call To Prayer.mp3
loading success: data/musicCorp/GarlandEncyclopedia/8-31 Bulgarian Wedding Dance.mp3
loading success: data/musicCorp/GarlandEncyclopedia/15 Song _Kulilal Ni Puguq_ Accompanied By Tube Zither (Upland Philippines).mp3
loading success: data/musicCorp/GarlandEncyclopedia/8-13 Sweden_ Polska.mp3
loading success: data/musicCorp/GarlandEncyclopedia/26 He Mo Leannan.mp3
loading success: data/musicCorp/GarlandEncyclopedia/31 Wiru Poetic Recitation.mp3
loading success: data/musicCorp/GarlandEncyclopedia/33 Nongak.mp3
loading success: data/musicCorp/GarlandEncyclopedia/11 Ketu Qiuhen _Wayfarer_s Autumn Lament_.mp3
loading success: data/musicCorp/GarlandEncyclopedia/30 Falak Folk Song _Ey Shox Sar-I_ _Hey You Impudent Giggler_, Northern AFganistan.mp3
loading success: data/musicCorp/GarlandEncyclopedia/02 Coiled Chalk Circle.mp3
loading success: data/musicCorp/GarlandEncyclopedia/15 Forro De Sanfona (Forro For Accordion).mp3
loading success: data/musicCorp/GarlandEncyclopedia/25 Turkish _Alevi_ Song With _ Baglama_ Accompaniment.mp3
loading success: data/musicCorp/GarlandEncyclopedia/18 _Tengo Que Hacer Un Barquito_ (_i Have To Make A Little Boat_), Cueca Dance-Song.mp3
loading success: data/musicCorp/GarlandEncyclopedia/10 Islamic Vocal Music.mp3
loading success: data/musicCorp/GarlandEncyclopedia/25 Bhangi Drumming In Madya Pradesh.mp3
loading success: data/musicCorp/GarlandEncyclopedia/19 Sounds Of A Tongan Nose-Blown Flute.mp3
loading success: data/musicCorp/GarlandEncyclopedia/03 Inanga Chuchotee.mp3
loading success: data/musicCorp/GarlandEncyclopedia/8-35 Serbian Dance.mp3
loading success: data/musicCorp/GarlandEncyclopedia/23 Kurdish Epic Song.mp3
loading success: data/musicCorp/GarlandEncyclopedia/8-18 France.mp3
loading success: data/musicCorp/GarlandEncyclopedia/02 Jor Improv On Vicitra Vina In Rag Bairagi.mp3
loading success: data/musicCorp/GarlandEncyclopedia/11 Turaeg Tihadanaren.mp3
loading success: data/musicCorp/GarlandEncyclopedia/10 Maninka Duwa Praise Song.mp3
loading success: data/musicCorp/GarlandEncyclopedia/07 Kyo Classical Song (Burma).mp3
loading success: data/musicCorp/GarlandEncyclopedia/27 _Kaulilua I Ke Anu Wai Ale_ Ale_ Hawaiian Dance-Song (Hula Pahu).mp3
loading success: data/musicCorp/GarlandEncyclopedia/8-04 Saami Joik.mp3
loading success: data/musicCorp/GarlandEncyclopedia/41 _Jourur Tak Armej_ Marshallese Staff-Dance Music (Jebwa).mp3
loading success: data/musicCorp/GarlandEncyclopedia/08 _Pale (H)Ip_m_ (This Is A Shell), Baluan Lullaby.mp3
loading success: data/musicCorp/GarlandEncyclopedia/32 Like A Hen Pheasant Chased By A Hawk.mp3
loading success: data/musicCorp/GarlandEncyclopedia/21 Huayno (Andean Dance-Song).mp3
loading success: data/musicCorp/GarlandEncyclopedia/29 Danza De Corpus (Corpus Christi Dance).mp3
loading success: data/musicCorp/GarlandEncyclopedia/34 Telugu Epic Narrative Song, Bobbili Yuddha Katha _ _Story Of The Battle Of Bobb.mp3
loading success: data/musicCorp/GarlandEncyclopedia/02 Yangguan Sandie.mp3
loading success: data/musicCorp/GarlandEncyclopedia/8-14 Denmark_ Sailor_s Lovesong.mp3
loading success: data/musicCorp/GarlandEncyclopedia/25 Excerpt From Dozyozi [Dojoji].mp3
loading success: data/musicCorp/GarlandEncyclopedia/15 Berber Warrior Dance, Taskiwin, From The Anti-Atlas.mp3
loading success: data/musicCorp/GarlandEncyclopedia/23 _No Lo Cuentes A Nadie_ (_Don_t Tell Anyone_), Huayno.mp3
loading success: data/musicCorp/GarlandEncyclopedia/12 Dry Funeral Song Of The Kota Tribe.mp3
loading success: data/musicCorp/GarlandEncyclopedia/11 East Javanese Gamelan Piece _Srempeg_ (Java).mp3
loading success: data/musicCorp/GarlandEncyclopedia/48 Samoan Homemade Ukulele.mp3
loading success: data/musicCorp/GarlandEncyclopedia/34 _Los Coros De San Miguel_ (_The Choruses Of Saint Michael_), Salve With Drums In The Style Of The Southwest Dominican Republic.mp3
loading success: data/musicCorp/GarlandEncyclopedia/09 Islamic Vocal Music.mp3
loading success: data/musicCorp/GarlandEncyclopedia/20 Dortn, Dortn Ibern Vasserl.mp3
loading success: data/musicCorp/GarlandEncyclopedia/8-29 Ukraine.mp3
loading success: data/musicCorp/GarlandEncyclopedia/02 Tannese Conch-Shell Trio.mp3
loading success: data/musicCorp/GarlandEncyclopedia/26 _La Catira_ (_The Light-Haired Woman_).mp3
loading success: data/musicCorp/GarlandEncyclopedia/09 Lan Huahua.mp3
loading success: data/musicCorp/GarlandEncyclopedia/16 Palestinian Folk Song.mp3
loading success: data/musicCorp/GarlandEncyclopedia/11 Huli Ceremonial Music.mp3
loading success: data/musicCorp/GarlandEncyclopedia/21 Yagibusi _Song From Yagi_ (Japanese folk song).mp3
loading success: data/musicCorp/GarlandEncyclopedia/30 Ch_un-hyang-ka _Song Of Spirit Fragrance_.mp3
loading success: data/musicCorp/GarlandEncyclopedia/12 Were You There_.mp3
loading success: data/musicCorp/GarlandEncyclopedia/01 The Green Lotus.mp3
loading success: data/musicCorp/GarlandEncyclopedia/02 Turkish Mevlevi.mp3
loading success: data/musicCorp/GarlandEncyclopedia/34 Asmat _Ghost-Celebrating Song_.mp3
loading success: data/musicCorp/GarlandEncyclopedia/28 _Cuaulleros_.mp3
loading success: data/musicCorp/GarlandEncyclopedia/06 Clay And Frelinghuysen.mp3
loading success: data/musicCorp/GarlandEncyclopedia/19 Vigala Reinlender.mp3
loading success: data/musicCorp/GarlandEncyclopedia/13 Shadow Play Music _Telaga Dundan_ (Lombok).mp3
loading success: data/musicCorp/GarlandEncyclopedia/47 _Kauririko Ma Barebareiko_ Kiribati Contemporary Dance-Song.mp3
loading success: data/musicCorp/GarlandEncyclopedia/30 Uzbek Classical Song.mp3
loading success: data/musicCorp/GarlandEncyclopedia/26 Nozakimura.mp3
loading success: data/musicCorp/GarlandEncyclopedia/03 Warao Male Wisiratu Shaman_s Curing Song, Excerpt.mp3
loading success: data/musicCorp/GarlandEncyclopedia/8-10 Ireland_ Jig _All The Ways To Go_.mp3
loading success: data/musicCorp/GarlandEncyclopedia/17 Palestinian Line Dance.mp3
loading success: data/musicCorp/GarlandEncyclopedia/8-03 Traveller_s Song _The Galloway Hills_.mp3
loading success: data/musicCorp/GarlandEncyclopedia/31 Uzbek Classical Instrumental Dance Piece.mp3
loading success: data/musicCorp/GarlandEncyclopedia/14 Solo Fanbei Chant.mp3
loading success: data/musicCorp/GarlandEncyclopedia/14 Berber Wedding Song, Ahwash, From The Anti-Atlas.mp3
loading success: data/musicCorp/GarlandEncyclopedia/11 Giririjasuta.mp3
loading success: data/musicCorp/GarlandEncyclopedia/8-30 Romanian Table Song.mp3
loading success: data/musicCorp/GarlandEncyclopedia/08 Xintianyou _Sing As You Wish_.mp3
loading success: data/musicCorp/GarlandEncyclopedia/23 Hagoromo.mp3
loading success: data/musicCorp/GarlandEncyclopedia/21 Heartsong Aria.mp3
loading success: data/musicCorp/GarlandEncyclopedia/04 Moonlight On The Ching Yang River.mp3
loading success: data/musicCorp/GarlandEncyclopedia/33 _Sakiraring_ Rai Coast Sacred Music (Kaapu Kak Sari).mp3
loading success: data/musicCorp/GarlandEncyclopedia/14 Gong, Drum, And Xylophone Ensemble (Philippines).mp3
loading success: data/musicCorp/GarlandEncyclopedia/8-02 Rom (Gypsy).mp3
loading success: data/musicCorp/GarlandEncyclopedia/36 Song For Legba, Dance For Ogoun.mp3
loading success: data/musicCorp/GarlandEncyclopedia/11 Fireman_s Polka.mp3
loading success: data/musicCorp/GarlandEncyclopedia/10 Gong Ensemble With Song _Yong Thoach_ (Upland Vietnam).mp3
loading success: data/musicCorp/GarlandEncyclopedia/22 Etenraku _Music Of Divinity_.mp3
loading success: data/musicCorp/GarlandEncyclopedia/17 The Glouster Witch.mp3
loading success: data/musicCorp/GarlandEncyclopedia/05 Yemeni Drumming From The Hadramawt.mp3
loading success: data/musicCorp/GarlandEncyclopedia/11 Jewish Cantillation.mp3
loading success: data/musicCorp/GarlandEncyclopedia/33 Moroccan Jewish Wedding Songs.mp3
loading success: data/musicCorp/GarlandEncyclopedia/18 Palestinian Shaving Song.mp3
loading success: data/musicCorp/GarlandEncyclopedia/20 Song In Quechua About A Young Man, Alone In The World, Looking For A Wife.mp3
loading success: data/musicCorp/GarlandEncyclopedia/45 _E Tataekinaki Aron Abara Ae Onotoa_ Kiribati Song For The Bino.mp3
loading success: data/musicCorp/GarlandEncyclopedia/8-32 Slovenian Waltz.mp3
loading success: data/musicCorp/GarlandEncyclopedia/09 Bala Pattern Of Maninka.mp3
loading success: data/musicCorp/GarlandEncyclopedia/05 Lam Sing Repartee Song (Northeast Thailand).mp3
loading success: data/musicCorp/GarlandEncyclopedia/22 Festival De La Virgen Del Carmen (Patronal Festival Dedicated To The Virgin Of Carmen).mp3
loading success: data/musicCorp/GarlandEncyclopedia/39 _Koumen Non K_ale Fe,_ Koutoumba Music.mp3
loading success: data/musicCorp/GarlandEncyclopedia/04 Warao Male Hoarotu Shaman_s Curing Song, Excerpt.mp3
loading success: data/musicCorp/GarlandEncyclopedia/30 Mosaic.mp3
loading success: data/musicCorp/GarlandEncyclopedia/11 Folia De Reis (Folia Of The Magi).mp3
loading success: data/musicCorp/GarlandEncyclopedia/10 Subhaga Varana Tana.mp3
loading success: data/musicCorp/GarlandEncyclopedia/24 _Quien A Visto Aquel Volcan (_Whoever Has Seen This Volcano_ [El Misti]), Yaravi From Puquina, Arequipa.mp3
loading success: data/musicCorp/GarlandEncyclopedia/42 _Nunnwey_ Yapese Sitting Men_s Dance (Parubut_, Par U Buut, Par-Nga-But).mp3
loading success: data/musicCorp/GarlandEncyclopedia/09 Khap Repartee Singing (Upland Vietnam).mp3
loading success: data/musicCorp/GarlandEncyclopedia/21 Yemeni Vocal Music With Copper-Plate Percussion.mp3
loading success: data/musicCorp/GarlandEncyclopedia/17 Samoan Men_s Body-Percussion Dance (Fa_ Ataupati).mp3
loading success: data/musicCorp/GarlandEncyclopedia/15 Villuppattu, Tamil.mp3
loading success: data/musicCorp/GarlandEncyclopedia/8-28 Belarus Harvest Song.mp3
loading success: data/musicCorp/GarlandEncyclopedia/22 Ghatu Dance Drama Song Of The Gurungs Of Nepal.mp3
loading success: data/musicCorp/GarlandEncyclopedia/27 Acadian Dance.mp3
loading success: data/musicCorp/GarlandEncyclopedia/23 Lam Khon Savane.mp3
loading success: data/musicCorp/GarlandEncyclopedia/19 BaAke Pygmy Song (Dzanga).mp3
loading success: data/musicCorp/GarlandEncyclopedia/8-39 Albanian Urban Song.mp3
loading success: data/musicCorp/GarlandEncyclopedia/8-26 Hangarian Song With Violin And Struck Cello.mp3
loading success: data/musicCorp/GarlandEncyclopedia/31 Komun_go Sanjo_ Part Of First Movement.mp3
loading success: data/musicCorp/GarlandEncyclopedia/30 Music At A Waina Ida.mp3
loading success: data/musicCorp/GarlandEncyclopedia/01 Bara Khyal In Rag Kamod, Ektal. Hindustan.mp3
loading success: data/musicCorp/GarlandEncyclopedia/8-38 Macedonian_ Rom (Gypsy Dance).mp3
loading success: data/musicCorp/GarlandEncyclopedia/32 _El Corredizo_ (Refers To Running, Moving).mp3
loading success: data/musicCorp/GarlandEncyclopedia/01 The Sound Of Frogs (Thailand).mp3
loading success: data/musicCorp/GarlandEncyclopedia/8-34 Croatian Club Song.mp3
loading success: data/musicCorp/GarlandEncyclopedia/32 Baul Song Of Bangladesh, _Kanchar Bhita Achin Pakhi_ _Human Soul--A Mysterious.mp3
loading success: data/musicCorp/GarlandEncyclopedia/34 Urtyn Duu _Long-Song_.mp3
loading success: data/musicCorp/GarlandEncyclopedia/8-09 Ireland_ Old-Style.mp3
loading success: data/musicCorp/GarlandEncyclopedia/8-17 Low Countries.mp3
loading success: data/musicCorp/GarlandEncyclopedia/01 Yanomamo Male Shaman_s Curing Song, Excerpt.mp3
loading success: data/musicCorp/GarlandEncyclopedia/17 Motike.mp3
loading success: data/musicCorp/GarlandEncyclopedia/06 _Kulwa_ (Kupla, Cobla).mp3
loading success: data/musicCorp/GarlandEncyclopedia/28 Persian Classical Music.mp3
loading success: data/musicCorp/GarlandEncyclopedia/15 Daoist Funeral Rite.mp3
loading success: data/musicCorp/GarlandEncyclopedia/18 Habaner Of The Savoyard.mp3
loading success: data/musicCorp/GarlandEncyclopedia/8-01 Jewish Instrumental Melodies.mp3
loading success: data/musicCorp/GarlandEncyclopedia/24 Buddhist Ritual Music And Chant In Honor Of A-Phyi, Ladakh.mp3
loading success: data/musicCorp/GarlandEncyclopedia/8-06 England_ Northumbrian Smallpipes.mp3
loading success: data/musicCorp/GarlandEncyclopedia/09 Samoan Responsorial Dance-Song (Ma Ulu_ Ulu).mp3
loading success: data/musicCorp/GarlandEncyclopedia/27 Persian Narrative Song.mp3
loading success: data/musicCorp/GarlandEncyclopedia/08 Yemeni Drumming From The Tihama.mp3
loading success: data/musicCorp/GarlandEncyclopedia/16 Heavenly Father, Lead Us.mp3
loading success: data/musicCorp/GarlandEncyclopedia/18 Aeyo Veedeo Anda Maganay.mp3
loading success: data/musicCorp/GarlandEncyclopedia/40 New Caledonian Festal Dance-Song.mp3
loading success: data/musicCorp/GarlandEncyclopedia/14 La Finada Pablita.mp3
loading success: data/musicCorp/GarlandEncyclopedia/32 Saskatchewan.mp3
loading success: data/musicCorp/GarlandEncyclopedia/04 Raga Sankarabharana, Karnatak.mp3
loading success: data/musicCorp/GarlandEncyclopedia/8-33 Slovenian Polka.mp3
loading success: data/musicCorp/GarlandEncyclopedia/20 Guangyin-Axihshang.mp3
loading success: data/musicCorp/GarlandEncyclopedia/05 _Leovae, Le Atua Le Afio I Luga_ Samoan Protestant Hymn (Pese Lotu).mp3
loading success: data/musicCorp/GarlandEncyclopedia/33 Gigi Pada Song Of Northern Karnataka.mp3
loading success: data/musicCorp/GarlandEncyclopedia/07 Anlo-Ewe Kinka Songs.mp3
loading success: data/musicCorp/GarlandEncyclopedia/04 Manihiki Polyphonic Hymn (Himene Tuki Tapu).mp3
loading success: data/musicCorp/GarlandEncyclopedia/38 Afro-Martinican Street Music.mp3
loading success: data/musicCorp/GarlandEncyclopedia/13 In The Pines.mp3
loading success: data/musicCorp/GarlandEncyclopedia/23 Oboe And Kettledrum Music For Archery In ALadakh.mp3
loading success: data/musicCorp/GarlandEncyclopedia/07 Yemeni Drumming From The Hadramawt.mp3
loading success: data/musicCorp/GarlandEncyclopedia/12 Turaeg Tacemba Song.mp3
loading success: data/musicCorp/GarlandEncyclopedia/8-19 Portugal.mp3
loading success: data/musicCorp/GarlandEncyclopedia/15 Asi Se Baila En Tejas.mp3
loading success: data/musicCorp/GarlandEncyclopedia/21 Sufyana Musiqi, Kashmir.mp3
loading success: data/musicCorp/GarlandEncyclopedia/06 Yemeni Highland Drumming.mp3
loading success: data/musicCorp/GarlandEncyclopedia/04 True Life Blues.mp3
loading success: data/musicCorp/GarlandEncyclopedia/8-20 Flamenco.mp3
loading success: data/musicCorp/GarlandEncyclopedia/10 Song Of Happiness.mp3
loading success: data/musicCorp/GarlandEncyclopedia/07 Lichiwayu Notch Flutes.mp3
loading success: data/musicCorp/GarlandEncyclopedia/24 Kurdish Dance Songs.mp3
loading success: data/musicCorp/GarlandEncyclopedia/22 _Di Vozi_ (A Gasping Man Climbs The Hill), Piece For Two Large Friction Blocks.mp3
loading success: data/musicCorp/GarlandEncyclopedia/21 Manihiki.mp3
loading success: data/musicCorp/GarlandEncyclopedia/30 _Siquisiri,_ Son Jarocho.mp3
loading success: data/musicCorp/GarlandEncyclopedia/19 Song For Repairing Water Channels In Barley Fields.mp3
loading success: data/musicCorp/GarlandEncyclopedia/27 Festival De San Juan (Patronal Festival Of Saint John).mp3
loading success: data/musicCorp/GarlandEncyclopedia/05 Raga Hamsanandi.mp3
loading success: data/musicCorp/GarlandEncyclopedia/09 Rgvedic recitation by Nambudiri Brahmins.mp3
loading success: data/musicCorp/GarlandEncyclopedia/54 Rapa Nui Popular Song.mp3
loading success: data/musicCorp/GarlandEncyclopedia/04 Classical Persian.mp3
loading success: data/musicCorp/GarlandEncyclopedia/06 Anlo-Ewe Kinka Drumming.mp3
loading success: data/musicCorp/GarlandEncyclopedia/8-21 Italian Ballad.mp3
loading success: data/musicCorp/GarlandEncyclopedia/03 Turkish Classical.mp3
loading success: data/musicCorp/GarlandEncyclopedia/14 Baganda Akadinda Song.mp3
loading success: data/musicCorp/GarlandEncyclopedia/29 Sot Wedding Song Of Balochistan.mp3
loading success: data/musicCorp/GarlandEncyclopedia/01 Fijian Club Dance (Meke I Wau).mp3
loading success: data/musicCorp/GarlandEncyclopedia/8-11 Iceland_ Song.mp3
loading success: data/musicCorp/GarlandEncyclopedia/35 _Dice Desidera Arias_ (_According To Desidera Arias_), Merengue.mp3
loading success: data/musicCorp/GarlandEncyclopedia/14 Jodiya Pawa.mp3
loading success: data/musicCorp/GarlandEncyclopedia/35 Dani Singing In Coordinate Monophony.mp3
loading success: data/musicCorp/GarlandEncyclopedia/12 Accompanied Cakepung Song _Pemungkah_ (Bali).mp3
loading success: data/musicCorp/GarlandEncyclopedia/03 Exhortation.mp3
loading success: data/musicCorp/GarlandEncyclopedia/31 _Amalihani,_ The Central Rite Of Ancestor Placation In A Garifuna Family Dugu Ceremony.mp3
loading success: data/musicCorp/GarlandEncyclopedia/10 _E Yo Yara Waya_ Chimbu Courtship Song (Kaungo).mp3
loading success: data/musicCorp/GarlandEncyclopedia/16 Somali Caayar Excerpt 2.mp3
loading success: data/musicCorp/GarlandEncyclopedia/03 Kao Shan Liu Shui [Gao Shan Liushui] _High Mountain, Flowing Stream_.mp3
loading success: data/musicCorp/GarlandEncyclopedia/02 Yakuana Male Shaman_s Curing Song, Excerpt.mp3
loading success: data/musicCorp/GarlandEncyclopedia/10 _Lunesta, Martesta_ (_Mondays, Tuesdays_).mp3
loading success: data/musicCorp/GarlandEncyclopedia/23 Piece For Small Friction Block.mp3
loading success: data/musicCorp/GarlandEncyclopedia/19 Qurba _bagpipe_ Dance At A Wedding In Oman.mp3
loading success: data/musicCorp/GarlandEncyclopedia/24 Gending Erhu.mp3
loading success: data/musicCorp/GarlandEncyclopedia/8-27 Russian Song With Balalaika.mp3
loading success: data/musicCorp/GarlandEncyclopedia/20 Shona Munyonga Mbira Song.mp3
loading success: data/musicCorp/GarlandEncyclopedia/26 Paraja Antiphonal Courtship Song, Orissa.mp3
loading success: data/musicCorp/GarlandEncyclopedia/16 Lotus Pond, A Pleasant Place To Be.mp3
loading success: data/musicCorp/GarlandEncyclopedia/24 Sounds Of A Small Swung Slat.mp3
loading success: data/musicCorp/GarlandEncyclopedia/12 Eastern Christian Chant.mp3
loading success: data/musicCorp/GarlandEncyclopedia/8-16 Latvia_ Song With Moveable Drone.mp3
loading success: data/musicCorp/GarlandEncyclopedia/18 Sounds Of A Huli Two-Stringed Musical Bow (Gawa).mp3
loading success: data/musicCorp/GarlandEncyclopedia/8-23 Austrian Yodel.mp3
loading success: data/musicCorp/GarlandEncyclopedia/13 Tongan Coordinate Polyphony.mp3
loading success: data/musicCorp/GarlandEncyclopedia/27 Mukaizi.mp3
loading success: data/musicCorp/GarlandEncyclopedia/12 Mocambique.mp3
loading success: data/musicCorp/GarlandEncyclopedia/12 Anutan Lament For A Father (Puatanga O Te Pa).mp3
loading success: data/musicCorp/GarlandEncyclopedia/28 Kumoi Rokudan _High-Pitched Melody_.mp3
loading success: data/musicCorp/GarlandEncyclopedia/18 BaAke Pygmy Song Makala.mp3
loading success: data/musicCorp/GarlandEncyclopedia/15 Santa Cruz Three-Line Strophic Song.mp3
loading success: data/musicCorp/GarlandEncyclopedia/13 Berber Women_s Wedding Song From The Anti-Atlas.mp3
loading success: data/musicCorp/GarlandEncyclopedia/03 Classical Pinn Peat Dance Piece _Thep Monorom_ (Cambodia).mp3
loading success: data/musicCorp/GarlandEncyclopedia/20 Sounds Of A Susap.mp3
loading success: data/musicCorp/GarlandEncyclopedia/34 Jewish-Yemenite Priests_ Blessing.mp3
loading success: data/musicCorp/GarlandEncyclopedia/29 Arirang (Korean folk song).mp3
loading success: data/musicCorp/GarlandEncyclopedia/13 Shau See Yuen _The Search In The Schoolhouse_.mp3
loading success: data/musicCorp/GarlandEncyclopedia/46 _Te Kaurea Ma Atuna_ Kiribati Secular Choral Song (Kuaea).mp3
loading success: data/musicCorp/GarlandEncyclopedia/29 Kazakh Epic Song, Zhyr.mp3
loading success: data/musicCorp/GarlandEncyclopedia/8-36 Montenegro_ Muslin Albanian Circumcision Song.mp3
loading success: data/musicCorp/GarlandEncyclopedia/06 Samoan Preformance Of The Gloria, An Oedinary Text Of The Mass.mp3
loading success: data/musicCorp/GarlandEncyclopedia/15 Somali Caayar Excerpt 1.mp3
loading success: data/musicCorp/GarlandEncyclopedia/8-37 Bosnian Lullaby.mp3
loading success: data/musicCorp/GarlandEncyclopedia/8-08 Scotland_ A Child Ballad _Barbara Allen_ [Child 84].mp3
loading success: data/musicCorp/GarlandEncyclopedia/18 Akatamak _The Beautiful White Neck_.mp3
loading success: data/musicCorp/GarlandEncyclopedia/08 Haste To The Wedding.mp3
loading success: data/musicCorp/GarlandEncyclopedia/8-22 Sardinia_ Serious Dance.mp3
loading success: data/musicCorp/GarlandEncyclopedia/33 _Los Novios_ (_The Sweethearts_).mp3
loading success: data/musicCorp/GarlandEncyclopedia/17 Canto A Lo Pueta (_song Of The Poet_), Also Called Decima.mp3
loading success: data/musicCorp/GarlandEncyclopedia/39 Nissan Music For Masked Dancer.mp3
loading success: data/musicCorp/GarlandEncyclopedia/16 _Boa Noite Todo Povo_ (_Good Night Everyone_), A Maracatu Rural (Rural Maracatu).mp3
loading success: data/musicCorp/GarlandEncyclopedia/08 _Walata Grande_.mp3
loading success: data/musicCorp/GarlandEncyclopedia/16 _Anawa, Anawa_ Kiribati Women_s Hip-Shaking Dance.mp3
loading success: data/musicCorp/GarlandEncyclopedia/03 Pohnpei Kava-Poinding Rhythms (Sukusuk).mp3
Execution time: 184.65075850486755 seconds
