2024-05-13 12:17:09.629265: I tensorflow/core/util/port.cc:113] oneDNN custom operations are on. You may see slightly different numerical results due to floating-point round-off errors from different computation orders. To turn them off, set the environment variable `TF_ENABLE_ONEDNN_OPTS=0`.
2024-05-13 12:17:10.710007: I tensorflow/core/platform/cpu_feature_guard.cc:182] This TensorFlow binary is optimized to use available CPU instructions in performance-critical operations.
To enable the following instructions: SSE4.1 SSE4.2 AVX AVX2 AVX512F AVX512_VNNI FMA, in other operations, rebuild TensorFlow with the appropriate compiler flags.
loading success: data/speechCorp/room_reader/audio/individual_participants_audio/S11/S11_T002_Emily.wav
loading success: data/speechCorp/room_reader/audio/individual_participants_audio/S05/S05_T002_Charlie.wav
loading success: data/speechCorp/room_reader/audio/individual_participants_audio/S19/S19_P121_Evelyn.wav
loading success: data/speechCorp/room_reader/audio/individual_participants_audio/S13/S13_P114_Nolan.wav
loading success: data/speechCorp/room_reader/audio/individual_participants_audio/S22/S22_P147_James.wav
loading success: data/speechCorp/room_reader/audio/individual_participants_audio/S14/S14_P094_Amelia.wav
loading success: data/speechCorp/room_reader/audio/individual_participants_audio/S22/S22_T002_Alison.wav
loading success: data/speechCorp/room_reader/audio/individual_participants_audio/S13/S13_T001_Daniel.wav
loading success: data/speechCorp/room_reader/audio/individual_participants_audio/S24/S24_P131_Liliana.wav
loading success: data/speechCorp/room_reader/audio/individual_participants_audio/S26/S26_P164_Noah.wav
loading success: data/speechCorp/room_reader/audio/individual_participants_audio/S21/S21_P075_Oliver.wav
loading success: data/speechCorp/room_reader/audio/individual_participants_audio/S23/S23_P139_Oliver.wav
loading success: data/speechCorp/room_reader/audio/individual_participants_audio/S22/S22_P154_Lucas.wav
loading success: data/speechCorp/room_reader/audio/individual_participants_audio/S26/S26_P174_Max.wav
loading success: data/speechCorp/room_reader/audio/individual_participants_audio/S25/S25_P167_Luke.wav
loading success: data/speechCorp/room_reader/audio/individual_participants_audio/S23/S23_P158_Ethan.wav
loading success: data/speechCorp/room_reader/audio/individual_participants_audio/S10/S10_P068_Amelia.wav
loading success: data/speechCorp/room_reader/audio/individual_participants_audio/S11/S11_P058_Ellie.wav
loading success: data/speechCorp/room_reader/audio/individual_participants_audio/S14/S14_P112_Emily.wav
loading success: data/speechCorp/room_reader/audio/individual_participants_audio/S08/S08_P040_Samuel.wav
loading success: data/speechCorp/room_reader/audio/individual_participants_audio/S21/S21_P146_Aaron.wav
loading success: data/speechCorp/room_reader/audio/individual_participants_audio/S22/S22_P141_Thomas.wav
loading success: data/speechCorp/room_reader/audio/individual_participants_audio/S07/S07_P003_Maya.wav
loading success: data/speechCorp/room_reader/audio/individual_participants_audio/S05/S05_P039_Hazel.wav
loading success: data/speechCorp/room_reader/audio/individual_participants_audio/S01/S01_P025_Liam.wav
loading success: data/speechCorp/room_reader/audio/individual_participants_audio/S20/S20_P140_Lucas.wav
loading success: data/speechCorp/room_reader/audio/individual_participants_audio/S02/S02_P021_David.wav
loading success: data/speechCorp/room_reader/audio/individual_participants_audio/S10/S10_P057_Eliana.wav
loading success: data/speechCorp/room_reader/audio/individual_participants_audio/S01/S01_T002_Charlie.wav
loading success: data/speechCorp/room_reader/audio/individual_participants_audio/S29/S29_P190_Nathan.wav
loading success: data/speechCorp/room_reader/audio/individual_participants_audio/S27/S27_P061_Owen.wav
loading success: data/speechCorp/room_reader/audio/individual_participants_audio/S12/S12_P082_Charlie.wav
loading success: data/speechCorp/room_reader/audio/individual_participants_audio/S08/S08_P044_Adam.wav
loading success: data/speechCorp/room_reader/audio/individual_participants_audio/S11/S11_P043_Gina.wav
loading success: data/speechCorp/room_reader/audio/individual_participants_audio/S17/S17_T002_Abigail.wav
loading success: data/speechCorp/room_reader/audio/individual_participants_audio/S30/S30_P186_Violet.wav
loading success: data/speechCorp/room_reader/audio/individual_participants_audio/S16/S16_P077_Nova.wav
loading success: data/speechCorp/room_reader/audio/individual_participants_audio/S09/S09_P028_Carter.wav
loading success: data/speechCorp/room_reader/audio/individual_participants_audio/S19/S19_P110_Ivy.wav
loading success: data/speechCorp/room_reader/audio/individual_participants_audio/S17/S17_P088_Evelyn.wav
loading success: data/speechCorp/room_reader/audio/individual_participants_audio/S29/S29_P188_Jack.wav
loading success: data/speechCorp/room_reader/audio/individual_participants_audio/S28/S28_P175_Bella.wav
loading success: data/speechCorp/room_reader/audio/individual_participants_audio/S09/S09_P007_Thomas.wav
loading success: data/speechCorp/room_reader/audio/individual_participants_audio/S26/S26_T001_Conor.wav
loading success: data/speechCorp/room_reader/audio/individual_participants_audio/S11/S11_P074_Naomi.wav
loading success: data/speechCorp/room_reader/audio/individual_participants_audio/S14/S14_P096_Gianna.wav
loading success: data/speechCorp/room_reader/audio/individual_participants_audio/S16/S16_T001_Alex.wav
loading success: data/speechCorp/room_reader/audio/individual_participants_audio/S05/S05_P009_Logan.wav
loading success: data/speechCorp/room_reader/audio/individual_participants_audio/S02/S02_T002_Charlie.wav
loading success: data/speechCorp/room_reader/audio/individual_participants_audio/S08/S08_P048_Arya.wav
loading success: data/speechCorp/room_reader/audio/individual_participants_audio/S27/S27_P153_Aiden.wav
loading success: data/speechCorp/room_reader/audio/individual_participants_audio/S12/S12_P099_Ella.wav
loading success: data/speechCorp/room_reader/audio/individual_participants_audio/S19/S19_P135_Samuel.wav
loading success: data/speechCorp/room_reader/audio/individual_participants_audio/S20/S20_T001_Luke.wav
loading success: data/speechCorp/room_reader/audio/individual_participants_audio/S30/S30_P191_Hazel.wav
loading success: data/speechCorp/room_reader/audio/individual_participants_audio/S04/S04_P004_Theo.wav
loading success: data/speechCorp/room_reader/audio/individual_participants_audio/S23/S23_T002_Amaya.wav
loading success: data/speechCorp/room_reader/audio/individual_participants_audio/S20/S20_P151_Ian.wav
loading success: data/speechCorp/room_reader/audio/individual_participants_audio/S06/S06_P045_Max.wav
loading success: data/speechCorp/room_reader/audio/individual_participants_audio/S27/S27_P160_Chloe.wav
loading success: data/speechCorp/room_reader/audio/individual_participants_audio/S29/S29_T002_Alison.wav
loading success: data/speechCorp/room_reader/audio/individual_participants_audio/S06/S06_T002_Charlie.wav
loading success: data/speechCorp/room_reader/audio/individual_participants_audio/S14/S14_P092_Claire.wav
loading success: data/speechCorp/room_reader/audio/individual_participants_audio/S24/S24_P144_Lilly.wav
loading success: data/speechCorp/room_reader/audio/individual_participants_audio/S16/S16_P118_Landon.wav
loading success: data/speechCorp/room_reader/audio/individual_participants_audio/S15/S15_P091_Olivia.wav
loading success: data/speechCorp/room_reader/audio/individual_participants_audio/S07/S07_P051_Amelia.wav
loading success: data/speechCorp/room_reader/audio/individual_participants_audio/S28/S28_P181_Charlie.wav
loading success: data/speechCorp/room_reader/audio/individual_participants_audio/S10/S10_P063_Lilian.wav
loading success: data/speechCorp/room_reader/audio/individual_participants_audio/S23/S23_P126_Aurora.wav
loading success: data/speechCorp/room_reader/audio/individual_participants_audio/S06/S06_P032_Aria.wav
loading success: data/speechCorp/room_reader/audio/individual_participants_audio/S05/S05_P042_Lelani.wav
loading success: data/speechCorp/room_reader/audio/individual_participants_audio/S29/S29_P208_James.wav
loading success: data/speechCorp/room_reader/audio/individual_participants_audio/S19/S19_P117_James.wav
loading success: data/speechCorp/room_reader/audio/individual_participants_audio/S24/S24_P109_Aria.wav
loading success: data/speechCorp/room_reader/audio/individual_participants_audio/S15/S15_T001_James.wav
loading success: data/speechCorp/room_reader/audio/individual_participants_audio/S01/S01_P011_Christian.wav
loading success: data/speechCorp/room_reader/audio/individual_participants_audio/S18/S18_P087_Naomi.wav
loading success: data/speechCorp/room_reader/audio/individual_participants_audio/S25/S25_T001_Cameron.wav
loading success: data/speechCorp/room_reader/audio/individual_participants_audio/S30/S30_P220_Oliver.wav
loading success: data/speechCorp/room_reader/audio/individual_participants_audio/S03/S03_P041_Ava.wav
loading success: data/speechCorp/room_reader/audio/individual_participants_audio/S09/S09_P022_Maya.wav
loading success: data/speechCorp/room_reader/audio/individual_participants_audio/S04/S04_P012_Olivia.wav
loading success: data/speechCorp/room_reader/audio/individual_participants_audio/S28/S28_T002_Claire.wav
loading success: data/speechCorp/room_reader/audio/individual_participants_audio/S25/S25_P173_Jackson.wav
loading success: data/speechCorp/room_reader/audio/individual_participants_audio/S15/S15_P106_Amelia.wav
loading success: data/speechCorp/room_reader/audio/individual_participants_audio/S18/S18_P090_Samuel.wav
loading success: data/speechCorp/room_reader/audio/individual_participants_audio/S09/S09_P049_Ivy.wav
loading success: data/speechCorp/room_reader/audio/individual_participants_audio/S02/S02_P024_Ava.wav
loading success: data/speechCorp/room_reader/audio/individual_participants_audio/S03/S03_P031_Lily.wav
loading success: data/speechCorp/room_reader/audio/individual_participants_audio/S06/S06_P015_Harper.wav
loading success: data/speechCorp/room_reader/audio/individual_participants_audio/S20/S20_P128_Leo.wav
loading success: data/speechCorp/room_reader/audio/individual_participants_audio/S09/S09_T001_William.wav
loading success: data/speechCorp/room_reader/audio/individual_participants_audio/S08/S08_T001_Noah.wav
loading success: data/speechCorp/room_reader/audio/individual_participants_audio/S17/S17_P116_Sophia.wav
loading success: data/speechCorp/room_reader/audio/individual_participants_audio/S13/S13_P030_David.wav
loading success: data/speechCorp/room_reader/audio/individual_participants_audio/S08/S08_P052_Charlie.wav
loading success: data/speechCorp/room_reader/audio/individual_participants_audio/S12/S12_P084_Hazel.wav
loading success: data/speechCorp/room_reader/audio/individual_participants_audio/S26/S26_P079_Zoe.wav
loading success: data/speechCorp/room_reader/audio/individual_participants_audio/S21/S21_P129_Raily.wav
loading success: data/speechCorp/room_reader/audio/individual_participants_audio/S01/S01_P017_Julian.wav
loading success: data/speechCorp/room_reader/audio/individual_participants_audio/S02/S02_P019_Liam.wav
loading success: data/speechCorp/room_reader/audio/individual_participants_audio/S02/S02_P027_Mia.wav
loading success: data/speechCorp/room_reader/audio/individual_participants_audio/S13/S13_P071_Cameron.wav
loading success: data/speechCorp/room_reader/audio/individual_participants_audio/S25/S25_P210_Gabrielle.wav
loading success: data/speechCorp/room_reader/audio/individual_participants_audio/S04/S04_T001_Daniel.wav
loading success: data/speechCorp/room_reader/audio/individual_participants_audio/S20/S20_P142_Connor.wav
loading success: data/speechCorp/room_reader/audio/individual_participants_audio/S30/S30_P207_Michael.wav
loading success: data/speechCorp/room_reader/audio/individual_participants_audio/S26/S26_P170_Chloe.wav
loading success: data/speechCorp/room_reader/audio/individual_participants_audio/S14/S14_T001_Oliver.wav
loading success: data/speechCorp/room_reader/audio/individual_participants_audio/S07/S07_P046_Violet.wav
loading success: data/speechCorp/room_reader/audio/individual_participants_audio/S24/S24_T001_Jackson.wav
loading success: data/speechCorp/room_reader/audio/individual_participants_audio/S11/S11_P035_Aurora.wav
loading success: data/speechCorp/room_reader/audio/individual_participants_audio/S07/S07_T002_Charlie.wav
loading success: data/speechCorp/room_reader/audio/individual_participants_audio/S29/S29_P179_Michael.wav
loading success: data/speechCorp/room_reader/audio/individual_participants_audio/S27/S27_P034_Emma.wav
loading success: data/speechCorp/room_reader/audio/individual_participants_audio/S21/S21_P124_Alison.wav
loading success: data/speechCorp/room_reader/audio/individual_participants_audio/S27/S27_T001_Jayden.wav
loading success: data/speechCorp/room_reader/audio/individual_participants_audio/S17/S17_P103_Sarah.wav
loading success: data/speechCorp/room_reader/audio/individual_participants_audio/S30/S30_T002_Chloe.wav
loading success: data/speechCorp/room_reader/audio/individual_participants_audio/S28/S28_P148_Elizabeth.wav
loading success: data/speechCorp/room_reader/audio/individual_participants_audio/S03/S03_P013_Mila.wav
loading success: data/speechCorp/room_reader/audio/individual_participants_audio/S04/S04_P036_Mia.wav
loading success: data/speechCorp/room_reader/audio/individual_participants_audio/S06/S06_P056_Riley.wav
loading success: data/speechCorp/room_reader/audio/individual_participants_audio/S18/S18_P104_Charlie.wav
loading success: data/speechCorp/room_reader/audio/individual_participants_audio/S13/S13_P067_Gabriel.wav
loading success: data/speechCorp/room_reader/audio/individual_participants_audio/S23/S23_P138_Sarah.wav
loading success: data/speechCorp/room_reader/audio/individual_participants_audio/S16/S16_P033_Arya.wav
loading success: data/speechCorp/room_reader/audio/individual_participants_audio/S19/S19_T002_Natalie.wav
loading success: data/speechCorp/room_reader/audio/individual_participants_audio/S04/S04_P016_Nolan.wav
loading success: data/speechCorp/room_reader/audio/individual_participants_audio/S24/S24_P157_Zoey.wav
loading success: data/speechCorp/room_reader/audio/individual_participants_audio/S21/S21_T001_Michael.wav
loading success: data/speechCorp/room_reader/audio/individual_participants_audio/S12/S12_P073_Aria.wav
loading success: data/speechCorp/room_reader/audio/individual_participants_audio/S28/S28_P122_Gabrielle.wav
loading success: data/speechCorp/room_reader/audio/individual_participants_audio/S10/S10_P047_Everly.wav
loading success: data/speechCorp/room_reader/audio/individual_participants_audio/S07/S07_P053_Aria.wav
loading success: data/speechCorp/room_reader/audio/individual_participants_audio/S12/S12_T002_Sophie.wav
loading success: data/speechCorp/room_reader/audio/individual_participants_audio/S03/S03_T001_Nolan.wav
loading success: data/speechCorp/room_reader/audio/individual_participants_audio/S18/S18_P086_Matteo.wav
loading success: data/speechCorp/room_reader/audio/individual_participants_audio/S25/S25_P169_Liam.wav
loading success: data/speechCorp/room_reader/audio/individual_participants_audio/S22/S22_P127_Michael.wav
loading success: data/speechCorp/room_reader/audio/individual_participants_audio/S18/S18_T002_Olivia.wav
loading success: data/speechCorp/room_reader/audio/individual_participants_audio/S15/S15_P115_Ryan.wav
loading success: data/speechCorp/room_reader/audio/individual_participants_audio/S01/S01_P026_Oliver.wav
loading success: data/speechCorp/room_reader/audio/individual_participants_audio/S10/S10_T001_Max.wav
loading success: data/speechCorp/room_reader/audio/individual_participants_audio/S17/S17_P123_Laila.wav
Execution time: 559.4156410694122 seconds
