/ext3/demucs/lib/python3.9/site-packages/demucs/api.py:27: UserWarning: TorchAudio's global backend is now deprecated. Please enable distpatcher by setting `TORCHAUDIO_USE_BACKEND_DISPATCHER=1`, and specify backend when calling load/info/save function.
  import torchaudio as ta
2024-05-09 09:28:22.377453: I tensorflow/core/util/port.cc:113] oneDNN custom operations are on. You may see slightly different numerical results due to floating-point round-off errors from different computation orders. To turn them off, set the environment variable `TF_ENABLE_ONEDNN_OPTS=0`.
2024-05-09 09:28:23.592105: E external/local_xla/xla/stream_executor/cuda/cuda_dnn.cc:9261] Unable to register cuDNN factory: Attempting to register factory for plugin cuDNN when one has already been registered
2024-05-09 09:28:23.592150: E external/local_xla/xla/stream_executor/cuda/cuda_fft.cc:607] Unable to register cuFFT factory: Attempting to register factory for plugin cuFFT when one has already been registered
2024-05-09 09:28:23.681740: E external/local_xla/xla/stream_executor/cuda/cuda_blas.cc:1515] Unable to register cuBLAS factory: Attempting to register factory for plugin cuBLAS when one has already been registered
2024-05-09 09:28:23.723852: I tensorflow/core/platform/cpu_feature_guard.cc:182] This TensorFlow binary is optimized to use available CPU instructions in performance-critical operations.
To enable the following instructions: AVX2 AVX512F AVX512_VNNI FMA, in other operations, rebuild TensorFlow with the appropriate compiler flags.
2024-05-09 09:28:24.555596: W tensorflow/compiler/tf2tensorrt/utils/py_utils.cc:38] TF-TRT Warning: Could not find TensorRT
SKIPPING: metaTables/vocal_music_demucs_16k/metaData_MTG-Jamendo/row3600.csv
SKIPPING: metaTables/vocal_music_demucs_16k/metaData_MTG-Jamendo/row3601.csv
SKIPPING: metaTables/vocal_music_demucs_16k/metaData_MTG-Jamendo/row3602.csv
SKIPPING: metaTables/vocal_music_demucs_16k/metaData_MTG-Jamendo/row3603.csv
SKIPPING: metaTables/vocal_music_demucs_16k/metaData_MTG-Jamendo/row3604.csv
SKIPPING: metaTables/vocal_music_demucs_16k/metaData_MTG-Jamendo/row3605.csv
SKIPPING: metaTables/vocal_music_demucs_16k/metaData_MTG-Jamendo/row3606.csv
SKIPPING: metaTables/vocal_music_demucs_16k/metaData_MTG-Jamendo/row3607.csv
SKIPPING: metaTables/vocal_music_demucs_16k/metaData_MTG-Jamendo/row3608.csv
SKIPPING: metaTables/vocal_music_demucs_16k/metaData_MTG-Jamendo/row3609.csv
SKIPPING: metaTables/vocal_music_demucs_16k/metaData_MTG-Jamendo/row3610.csv
SKIPPING: metaTables/vocal_music_demucs_16k/metaData_MTG-Jamendo/row3611.csv
SKIPPING: metaTables/vocal_music_demucs_16k/metaData_MTG-Jamendo/row3612.csv
SKIPPING: metaTables/vocal_music_demucs_16k/metaData_MTG-Jamendo/row3613.csv
SKIPPING: metaTables/vocal_music_demucs_16k/metaData_MTG-Jamendo/row3614.csv
SKIPPING: metaTables/vocal_music_demucs_16k/metaData_MTG-Jamendo/row3615.csv
SKIPPING: metaTables/vocal_music_demucs_16k/metaData_MTG-Jamendo/row3616.csv
SKIPPING: metaTables/vocal_music_demucs_16k/metaData_MTG-Jamendo/row3617.csv
SKIPPING: metaTables/vocal_music_demucs_16k/metaData_MTG-Jamendo/row3618.csv
SKIPPING: metaTables/vocal_music_demucs_16k/metaData_MTG-Jamendo/row3619.csv
SKIPPING: metaTables/vocal_music_demucs_16k/metaData_MTG-Jamendo/row3620.csv
SKIPPING: metaTables/vocal_music_demucs_16k/metaData_MTG-Jamendo/row3621.csv
SKIPPING: metaTables/vocal_music_demucs_16k/metaData_MTG-Jamendo/row3622.csv
SKIPPING: metaTables/vocal_music_demucs_16k/metaData_MTG-Jamendo/row3623.csv
SKIPPING: metaTables/vocal_music_demucs_16k/metaData_MTG-Jamendo/row3624.csv
SKIPPING: metaTables/vocal_music_demucs_16k/metaData_MTG-Jamendo/row3625.csv
SKIPPING: metaTables/vocal_music_demucs_16k/metaData_MTG-Jamendo/row3626.csv
SKIPPING: metaTables/vocal_music_demucs_16k/metaData_MTG-Jamendo/row3627.csv
SKIPPING: metaTables/vocal_music_demucs_16k/metaData_MTG-Jamendo/row3628.csv
SKIPPING: metaTables/vocal_music_demucs_16k/metaData_MTG-Jamendo/row3629.csv
SKIPPING: metaTables/vocal_music_demucs_16k/metaData_MTG-Jamendo/row3630.csv
SKIPPING: metaTables/vocal_music_demucs_16k/metaData_MTG-Jamendo/row3631.csv
SKIPPING: metaTables/vocal_music_demucs_16k/metaData_MTG-Jamendo/row3632.csv
SKIPPING: metaTables/vocal_music_demucs_16k/metaData_MTG-Jamendo/row3633.csv
SKIPPING: metaTables/vocal_music_demucs_16k/metaData_MTG-Jamendo/row3634.csv
SKIPPING: metaTables/vocal_music_demucs_16k/metaData_MTG-Jamendo/row3635.csv
SKIPPING: metaTables/vocal_music_demucs_16k/metaData_MTG-Jamendo/row3636.csv
SKIPPING: metaTables/vocal_music_demucs_16k/metaData_MTG-Jamendo/row3637.csv
SKIPPING: metaTables/vocal_music_demucs_16k/metaData_MTG-Jamendo/row3638.csv
SKIPPING: metaTables/vocal_music_demucs_16k/metaData_MTG-Jamendo/row3639.csv
SKIPPING: metaTables/vocal_music_demucs_16k/metaData_MTG-Jamendo/row3640.csv
SKIPPING: metaTables/vocal_music_demucs_16k/metaData_MTG-Jamendo/row3641.csv
SKIPPING: metaTables/vocal_music_demucs_16k/metaData_MTG-Jamendo/row3642.csv
SKIPPING: metaTables/vocal_music_demucs_16k/metaData_MTG-Jamendo/row3643.csv
SKIPPING: metaTables/vocal_music_demucs_16k/metaData_MTG-Jamendo/row3644.csv
SKIPPING: metaTables/vocal_music_demucs_16k/metaData_MTG-Jamendo/row3645.csv
SKIPPING: metaTables/vocal_music_demucs_16k/metaData_MTG-Jamendo/row3646.csv
SKIPPING: metaTables/vocal_music_demucs_16k/metaData_MTG-Jamendo/row3647.csv
SKIPPING: metaTables/vocal_music_demucs_16k/metaData_MTG-Jamendo/row3648.csv
Execution time: 94.18205714225769 seconds
metaTables/vocal_music_demucs_16k/metaData_MTG-Jamendo/row3649.csv
Execution time: 89.7144227027893 seconds
metaTables/vocal_music_demucs_16k/metaData_MTG-Jamendo/row3650.csv
Execution time: 95.23125004768372 seconds
metaTables/vocal_music_demucs_16k/metaData_MTG-Jamendo/row3651.csv
Execution time: 94.16533923149109 seconds
metaTables/vocal_music_demucs_16k/metaData_MTG-Jamendo/row3652.csv
Execution time: 89.04338431358337 seconds
metaTables/vocal_music_demucs_16k/metaData_MTG-Jamendo/row3653.csv
Execution time: 91.27829766273499 seconds
metaTables/vocal_music_demucs_16k/metaData_MTG-Jamendo/row3654.csv
Execution time: 89.1374123096466 seconds
metaTables/vocal_music_demucs_16k/metaData_MTG-Jamendo/row3655.csv
Execution time: 92.96182084083557 seconds
metaTables/vocal_music_demucs_16k/metaData_MTG-Jamendo/row3656.csv
Execution time: 91.37451577186584 seconds
metaTables/vocal_music_demucs_16k/metaData_MTG-Jamendo/row3657.csv
Execution time: 89.1851921081543 seconds
metaTables/vocal_music_demucs_16k/metaData_MTG-Jamendo/row3658.csv
Execution time: 91.11464095115662 seconds
metaTables/vocal_music_demucs_16k/metaData_MTG-Jamendo/row3659.csv
Execution time: 89.37764716148376 seconds
metaTables/vocal_music_demucs_16k/metaData_MTG-Jamendo/row3660.csv
Execution time: 87.59832859039307 seconds
metaTables/vocal_music_demucs_16k/metaData_MTG-Jamendo/row3661.csv
Execution time: 87.54951786994934 seconds
metaTables/vocal_music_demucs_16k/metaData_MTG-Jamendo/row3662.csv
Execution time: 89.59484767913818 seconds
metaTables/vocal_music_demucs_16k/metaData_MTG-Jamendo/row3663.csv
Execution time: 90.4661750793457 seconds
metaTables/vocal_music_demucs_16k/metaData_MTG-Jamendo/row3664.csv
Execution time: 88.01697850227356 seconds
metaTables/vocal_music_demucs_16k/metaData_MTG-Jamendo/row3665.csv
Execution time: 88.12266182899475 seconds
metaTables/vocal_music_demucs_16k/metaData_MTG-Jamendo/row3666.csv
Execution time: 90.06351685523987 seconds
metaTables/vocal_music_demucs_16k/metaData_MTG-Jamendo/row3667.csv
Execution time: 49.109636306762695 seconds
metaTables/vocal_music_demucs_16k/metaData_MTG-Jamendo/row3668.csv
Execution time: 88.41453695297241 seconds
metaTables/vocal_music_demucs_16k/metaData_MTG-Jamendo/row3669.csv
Execution time: 88.6602771282196 seconds
metaTables/vocal_music_demucs_16k/metaData_MTG-Jamendo/row3670.csv
Execution time: 88.69816637039185 seconds
metaTables/vocal_music_demucs_16k/metaData_MTG-Jamendo/row3671.csv
Execution time: 87.36054706573486 seconds
metaTables/vocal_music_demucs_16k/metaData_MTG-Jamendo/row3672.csv
Execution time: 87.90595436096191 seconds
metaTables/vocal_music_demucs_16k/metaData_MTG-Jamendo/row3673.csv
Execution time: 88.18338871002197 seconds
metaTables/vocal_music_demucs_16k/metaData_MTG-Jamendo/row3674.csv
Execution time: 85.12932443618774 seconds
metaTables/vocal_music_demucs_16k/metaData_MTG-Jamendo/row3675.csv
Execution time: 62.6735155582428 seconds
metaTables/vocal_music_demucs_16k/metaData_MTG-Jamendo/row3676.csv
Execution time: 85.85444211959839 seconds
metaTables/vocal_music_demucs_16k/metaData_MTG-Jamendo/row3677.csv
Execution time: 85.21286797523499 seconds
metaTables/vocal_music_demucs_16k/metaData_MTG-Jamendo/row3678.csv
Execution time: 87.86767649650574 seconds
metaTables/vocal_music_demucs_16k/metaData_MTG-Jamendo/row3679.csv
Execution time: 85.90082025527954 seconds
metaTables/vocal_music_demucs_16k/metaData_MTG-Jamendo/row3680.csv
Execution time: 87.33396434783936 seconds
metaTables/vocal_music_demucs_16k/metaData_MTG-Jamendo/row3681.csv
Execution time: 87.83737254142761 seconds
metaTables/vocal_music_demucs_16k/metaData_MTG-Jamendo/row3682.csv
Execution time: 86.5607500076294 seconds
metaTables/vocal_music_demucs_16k/metaData_MTG-Jamendo/row3683.csv
Execution time: 87.19533491134644 seconds
metaTables/vocal_music_demucs_16k/metaData_MTG-Jamendo/row3684.csv
Execution time: 86.0705099105835 seconds
metaTables/vocal_music_demucs_16k/metaData_MTG-Jamendo/row3685.csv
Execution time: 24.284883737564087 seconds
metaTables/vocal_music_demucs_16k/metaData_MTG-Jamendo/row3686.csv
Execution time: 71.89806509017944 seconds
metaTables/vocal_music_demucs_16k/metaData_MTG-Jamendo/row3687.csv
Execution time: 96.05582666397095 seconds
metaTables/vocal_music_demucs_16k/metaData_MTG-Jamendo/row3688.csv
Execution time: 93.7420265674591 seconds
metaTables/vocal_music_demucs_16k/metaData_MTG-Jamendo/row3689.csv
Execution time: 86.44107508659363 seconds
metaTables/vocal_music_demucs_16k/metaData_MTG-Jamendo/row3690.csv
Execution time: 87.40984416007996 seconds
metaTables/vocal_music_demucs_16k/metaData_MTG-Jamendo/row3691.csv
Execution time: 90.24417066574097 seconds
metaTables/vocal_music_demucs_16k/metaData_MTG-Jamendo/row3692.csv
Execution time: 89.92432022094727 seconds
metaTables/vocal_music_demucs_16k/metaData_MTG-Jamendo/row3693.csv
Execution time: 87.63656806945801 seconds
metaTables/vocal_music_demucs_16k/metaData_MTG-Jamendo/row3694.csv
Execution time: 90.07138562202454 seconds
metaTables/vocal_music_demucs_16k/metaData_MTG-Jamendo/row3695.csv
Execution time: 89.56486368179321 seconds
metaTables/vocal_music_demucs_16k/metaData_MTG-Jamendo/row3696.csv
Execution time: 89.86668062210083 seconds
metaTables/vocal_music_demucs_16k/metaData_MTG-Jamendo/row3697.csv
Execution time: 87.03064370155334 seconds
metaTables/vocal_music_demucs_16k/metaData_MTG-Jamendo/row3698.csv
Execution time: 88.03585743904114 seconds
metaTables/vocal_music_demucs_16k/metaData_MTG-Jamendo/row3699.csv
Demucs voice recognition done!
