/ext3/demucs/lib/python3.9/site-packages/demucs/api.py:27: UserWarning: TorchAudio's global backend is now deprecated. Please enable distpatcher by setting `TORCHAUDIO_USE_BACKEND_DISPATCHER=1`, and specify backend when calling load/info/save function.
  import torchaudio as ta
2024-05-09 12:03:02.498107: I tensorflow/core/util/port.cc:113] oneDNN custom operations are on. You may see slightly different numerical results due to floating-point round-off errors from different computation orders. To turn them off, set the environment variable `TF_ENABLE_ONEDNN_OPTS=0`.
2024-05-09 12:03:04.288720: E external/local_xla/xla/stream_executor/cuda/cuda_dnn.cc:9261] Unable to register cuDNN factory: Attempting to register factory for plugin cuDNN when one has already been registered
2024-05-09 12:03:04.288760: E external/local_xla/xla/stream_executor/cuda/cuda_fft.cc:607] Unable to register cuFFT factory: Attempting to register factory for plugin cuFFT when one has already been registered
2024-05-09 12:03:04.482083: E external/local_xla/xla/stream_executor/cuda/cuda_blas.cc:1515] Unable to register cuBLAS factory: Attempting to register factory for plugin cuBLAS when one has already been registered
2024-05-09 12:03:04.940342: I tensorflow/core/platform/cpu_feature_guard.cc:182] This TensorFlow binary is optimized to use available CPU instructions in performance-critical operations.
To enable the following instructions: AVX2 AVX512F AVX512_VNNI FMA, in other operations, rebuild TensorFlow with the appropriate compiler flags.
2024-05-09 12:03:06.922154: W tensorflow/compiler/tf2tensorrt/utils/py_utils.cc:38] TF-TRT Warning: Could not find TensorRT
SKIPPING: metaTables/vocal_music_demucs_16k/metaData_MTG-Jamendo/row7900.csv
SKIPPING: metaTables/vocal_music_demucs_16k/metaData_MTG-Jamendo/row7901.csv
SKIPPING: metaTables/vocal_music_demucs_16k/metaData_MTG-Jamendo/row7902.csv
SKIPPING: metaTables/vocal_music_demucs_16k/metaData_MTG-Jamendo/row7903.csv
SKIPPING: metaTables/vocal_music_demucs_16k/metaData_MTG-Jamendo/row7904.csv
SKIPPING: metaTables/vocal_music_demucs_16k/metaData_MTG-Jamendo/row7905.csv
SKIPPING: metaTables/vocal_music_demucs_16k/metaData_MTG-Jamendo/row7906.csv
SKIPPING: metaTables/vocal_music_demucs_16k/metaData_MTG-Jamendo/row7907.csv
SKIPPING: metaTables/vocal_music_demucs_16k/metaData_MTG-Jamendo/row7908.csv
SKIPPING: metaTables/vocal_music_demucs_16k/metaData_MTG-Jamendo/row7909.csv
SKIPPING: metaTables/vocal_music_demucs_16k/metaData_MTG-Jamendo/row7910.csv
SKIPPING: metaTables/vocal_music_demucs_16k/metaData_MTG-Jamendo/row7911.csv
SKIPPING: metaTables/vocal_music_demucs_16k/metaData_MTG-Jamendo/row7912.csv
SKIPPING: metaTables/vocal_music_demucs_16k/metaData_MTG-Jamendo/row7913.csv
SKIPPING: metaTables/vocal_music_demucs_16k/metaData_MTG-Jamendo/row7914.csv
SKIPPING: metaTables/vocal_music_demucs_16k/metaData_MTG-Jamendo/row7915.csv
SKIPPING: metaTables/vocal_music_demucs_16k/metaData_MTG-Jamendo/row7916.csv
SKIPPING: metaTables/vocal_music_demucs_16k/metaData_MTG-Jamendo/row7917.csv
SKIPPING: metaTables/vocal_music_demucs_16k/metaData_MTG-Jamendo/row7918.csv
SKIPPING: metaTables/vocal_music_demucs_16k/metaData_MTG-Jamendo/row7919.csv
SKIPPING: metaTables/vocal_music_demucs_16k/metaData_MTG-Jamendo/row7920.csv
SKIPPING: metaTables/vocal_music_demucs_16k/metaData_MTG-Jamendo/row7921.csv
SKIPPING: metaTables/vocal_music_demucs_16k/metaData_MTG-Jamendo/row7922.csv
SKIPPING: metaTables/vocal_music_demucs_16k/metaData_MTG-Jamendo/row7923.csv
SKIPPING: metaTables/vocal_music_demucs_16k/metaData_MTG-Jamendo/row7924.csv
SKIPPING: metaTables/vocal_music_demucs_16k/metaData_MTG-Jamendo/row7925.csv
SKIPPING: metaTables/vocal_music_demucs_16k/metaData_MTG-Jamendo/row7926.csv
SKIPPING: metaTables/vocal_music_demucs_16k/metaData_MTG-Jamendo/row7927.csv
SKIPPING: metaTables/vocal_music_demucs_16k/metaData_MTG-Jamendo/row7928.csv
SKIPPING: metaTables/vocal_music_demucs_16k/metaData_MTG-Jamendo/row7929.csv
SKIPPING: metaTables/vocal_music_demucs_16k/metaData_MTG-Jamendo/row7930.csv
SKIPPING: metaTables/vocal_music_demucs_16k/metaData_MTG-Jamendo/row7931.csv
SKIPPING: metaTables/vocal_music_demucs_16k/metaData_MTG-Jamendo/row7932.csv
SKIPPING: metaTables/vocal_music_demucs_16k/metaData_MTG-Jamendo/row7933.csv
SKIPPING: metaTables/vocal_music_demucs_16k/metaData_MTG-Jamendo/row7934.csv
SKIPPING: metaTables/vocal_music_demucs_16k/metaData_MTG-Jamendo/row7935.csv
SKIPPING: metaTables/vocal_music_demucs_16k/metaData_MTG-Jamendo/row7936.csv
SKIPPING: metaTables/vocal_music_demucs_16k/metaData_MTG-Jamendo/row7937.csv
SKIPPING: metaTables/vocal_music_demucs_16k/metaData_MTG-Jamendo/row7938.csv
SKIPPING: metaTables/vocal_music_demucs_16k/metaData_MTG-Jamendo/row7939.csv
SKIPPING: metaTables/vocal_music_demucs_16k/metaData_MTG-Jamendo/row7940.csv
SKIPPING: metaTables/vocal_music_demucs_16k/metaData_MTG-Jamendo/row7941.csv
SKIPPING: metaTables/vocal_music_demucs_16k/metaData_MTG-Jamendo/row7942.csv
SKIPPING: metaTables/vocal_music_demucs_16k/metaData_MTG-Jamendo/row7943.csv
SKIPPING: metaTables/vocal_music_demucs_16k/metaData_MTG-Jamendo/row7944.csv
SKIPPING: metaTables/vocal_music_demucs_16k/metaData_MTG-Jamendo/row7945.csv
SKIPPING: metaTables/vocal_music_demucs_16k/metaData_MTG-Jamendo/row7946.csv
SKIPPING: metaTables/vocal_music_demucs_16k/metaData_MTG-Jamendo/row7947.csv
SKIPPING: metaTables/vocal_music_demucs_16k/metaData_MTG-Jamendo/row7948.csv
SKIPPING: metaTables/vocal_music_demucs_16k/metaData_MTG-Jamendo/row7949.csv
SKIPPING: metaTables/vocal_music_demucs_16k/metaData_MTG-Jamendo/row7950.csv
SKIPPING: metaTables/vocal_music_demucs_16k/metaData_MTG-Jamendo/row7951.csv
SKIPPING: metaTables/vocal_music_demucs_16k/metaData_MTG-Jamendo/row7952.csv
SKIPPING: metaTables/vocal_music_demucs_16k/metaData_MTG-Jamendo/row7953.csv
SKIPPING: metaTables/vocal_music_demucs_16k/metaData_MTG-Jamendo/row7954.csv
SKIPPING: metaTables/vocal_music_demucs_16k/metaData_MTG-Jamendo/row7955.csv
SKIPPING: metaTables/vocal_music_demucs_16k/metaData_MTG-Jamendo/row7956.csv
SKIPPING: metaTables/vocal_music_demucs_16k/metaData_MTG-Jamendo/row7957.csv
SKIPPING: metaTables/vocal_music_demucs_16k/metaData_MTG-Jamendo/row7958.csv
SKIPPING: metaTables/vocal_music_demucs_16k/metaData_MTG-Jamendo/row7959.csv
SKIPPING: metaTables/vocal_music_demucs_16k/metaData_MTG-Jamendo/row7960.csv
SKIPPING: metaTables/vocal_music_demucs_16k/metaData_MTG-Jamendo/row7961.csv
SKIPPING: metaTables/vocal_music_demucs_16k/metaData_MTG-Jamendo/row7962.csv
SKIPPING: metaTables/vocal_music_demucs_16k/metaData_MTG-Jamendo/row7963.csv
SKIPPING: metaTables/vocal_music_demucs_16k/metaData_MTG-Jamendo/row7964.csv
SKIPPING: metaTables/vocal_music_demucs_16k/metaData_MTG-Jamendo/row7965.csv
SKIPPING: metaTables/vocal_music_demucs_16k/metaData_MTG-Jamendo/row7966.csv
SKIPPING: metaTables/vocal_music_demucs_16k/metaData_MTG-Jamendo/row7967.csv
SKIPPING: metaTables/vocal_music_demucs_16k/metaData_MTG-Jamendo/row7968.csv
SKIPPING: metaTables/vocal_music_demucs_16k/metaData_MTG-Jamendo/row7969.csv
SKIPPING: metaTables/vocal_music_demucs_16k/metaData_MTG-Jamendo/row7970.csv
SKIPPING: metaTables/vocal_music_demucs_16k/metaData_MTG-Jamendo/row7971.csv
SKIPPING: metaTables/vocal_music_demucs_16k/metaData_MTG-Jamendo/row7972.csv
SKIPPING: metaTables/vocal_music_demucs_16k/metaData_MTG-Jamendo/row7973.csv
SKIPPING: metaTables/vocal_music_demucs_16k/metaData_MTG-Jamendo/row7974.csv
SKIPPING: metaTables/vocal_music_demucs_16k/metaData_MTG-Jamendo/row7975.csv
SKIPPING: metaTables/vocal_music_demucs_16k/metaData_MTG-Jamendo/row7976.csv
SKIPPING: metaTables/vocal_music_demucs_16k/metaData_MTG-Jamendo/row7977.csv
SKIPPING: metaTables/vocal_music_demucs_16k/metaData_MTG-Jamendo/row7978.csv
SKIPPING: metaTables/vocal_music_demucs_16k/metaData_MTG-Jamendo/row7979.csv
SKIPPING: metaTables/vocal_music_demucs_16k/metaData_MTG-Jamendo/row7980.csv
SKIPPING: metaTables/vocal_music_demucs_16k/metaData_MTG-Jamendo/row7981.csv
SKIPPING: metaTables/vocal_music_demucs_16k/metaData_MTG-Jamendo/row7982.csv
SKIPPING: metaTables/vocal_music_demucs_16k/metaData_MTG-Jamendo/row7983.csv
SKIPPING: metaTables/vocal_music_demucs_16k/metaData_MTG-Jamendo/row7984.csv
SKIPPING: metaTables/vocal_music_demucs_16k/metaData_MTG-Jamendo/row7985.csv
SKIPPING: metaTables/vocal_music_demucs_16k/metaData_MTG-Jamendo/row7986.csv
SKIPPING: metaTables/vocal_music_demucs_16k/metaData_MTG-Jamendo/row7987.csv
SKIPPING: metaTables/vocal_music_demucs_16k/metaData_MTG-Jamendo/row7988.csv
SKIPPING: metaTables/vocal_music_demucs_16k/metaData_MTG-Jamendo/row7989.csv
SKIPPING: metaTables/vocal_music_demucs_16k/metaData_MTG-Jamendo/row7990.csv
SKIPPING: metaTables/vocal_music_demucs_16k/metaData_MTG-Jamendo/row7991.csv
SKIPPING: metaTables/vocal_music_demucs_16k/metaData_MTG-Jamendo/row7992.csv
SKIPPING: metaTables/vocal_music_demucs_16k/metaData_MTG-Jamendo/row7993.csv
SKIPPING: metaTables/vocal_music_demucs_16k/metaData_MTG-Jamendo/row7994.csv
SKIPPING: metaTables/vocal_music_demucs_16k/metaData_MTG-Jamendo/row7995.csv
SKIPPING: metaTables/vocal_music_demucs_16k/metaData_MTG-Jamendo/row7996.csv
SKIPPING: metaTables/vocal_music_demucs_16k/metaData_MTG-Jamendo/row7997.csv
SKIPPING: metaTables/vocal_music_demucs_16k/metaData_MTG-Jamendo/row7998.csv
SKIPPING: metaTables/vocal_music_demucs_16k/metaData_MTG-Jamendo/row7999.csv
Demucs voice recognition done!
