/ext3/demucs/lib/python3.9/site-packages/demucs/api.py:27: UserWarning: TorchAudio's global backend is now deprecated. Please enable distpatcher by setting `TORCHAUDIO_USE_BACKEND_DISPATCHER=1`, and specify backend when calling load/info/save function.
  import torchaudio as ta
2024-05-09 09:29:50.897126: I tensorflow/core/util/port.cc:113] oneDNN custom operations are on. You may see slightly different numerical results due to floating-point round-off errors from different computation orders. To turn them off, set the environment variable `TF_ENABLE_ONEDNN_OPTS=0`.
2024-05-09 09:29:53.319363: E external/local_xla/xla/stream_executor/cuda/cuda_dnn.cc:9261] Unable to register cuDNN factory: Attempting to register factory for plugin cuDNN when one has already been registered
2024-05-09 09:29:53.319399: E external/local_xla/xla/stream_executor/cuda/cuda_fft.cc:607] Unable to register cuFFT factory: Attempting to register factory for plugin cuFFT when one has already been registered
2024-05-09 09:29:53.475903: E external/local_xla/xla/stream_executor/cuda/cuda_blas.cc:1515] Unable to register cuBLAS factory: Attempting to register factory for plugin cuBLAS when one has already been registered
2024-05-09 09:29:53.973294: I tensorflow/core/platform/cpu_feature_guard.cc:182] This TensorFlow binary is optimized to use available CPU instructions in performance-critical operations.
To enable the following instructions: AVX2 AVX512F AVX512_VNNI FMA, in other operations, rebuild TensorFlow with the appropriate compiler flags.
2024-05-09 09:29:56.191230: W tensorflow/compiler/tf2tensorrt/utils/py_utils.cc:38] TF-TRT Warning: Could not find TensorRT
SKIPPING: metaTables/vocal_music_demucs_16k/metaData_MTG-Jamendo/row32800.csv
SKIPPING: metaTables/vocal_music_demucs_16k/metaData_MTG-Jamendo/row32801.csv
SKIPPING: metaTables/vocal_music_demucs_16k/metaData_MTG-Jamendo/row32802.csv
SKIPPING: metaTables/vocal_music_demucs_16k/metaData_MTG-Jamendo/row32803.csv
SKIPPING: metaTables/vocal_music_demucs_16k/metaData_MTG-Jamendo/row32804.csv
SKIPPING: metaTables/vocal_music_demucs_16k/metaData_MTG-Jamendo/row32805.csv
SKIPPING: metaTables/vocal_music_demucs_16k/metaData_MTG-Jamendo/row32806.csv
SKIPPING: metaTables/vocal_music_demucs_16k/metaData_MTG-Jamendo/row32807.csv
SKIPPING: metaTables/vocal_music_demucs_16k/metaData_MTG-Jamendo/row32808.csv
SKIPPING: metaTables/vocal_music_demucs_16k/metaData_MTG-Jamendo/row32809.csv
SKIPPING: metaTables/vocal_music_demucs_16k/metaData_MTG-Jamendo/row32810.csv
SKIPPING: metaTables/vocal_music_demucs_16k/metaData_MTG-Jamendo/row32811.csv
SKIPPING: metaTables/vocal_music_demucs_16k/metaData_MTG-Jamendo/row32812.csv
SKIPPING: metaTables/vocal_music_demucs_16k/metaData_MTG-Jamendo/row32813.csv
SKIPPING: metaTables/vocal_music_demucs_16k/metaData_MTG-Jamendo/row32814.csv
SKIPPING: metaTables/vocal_music_demucs_16k/metaData_MTG-Jamendo/row32815.csv
SKIPPING: metaTables/vocal_music_demucs_16k/metaData_MTG-Jamendo/row32816.csv
SKIPPING: metaTables/vocal_music_demucs_16k/metaData_MTG-Jamendo/row32817.csv
SKIPPING: metaTables/vocal_music_demucs_16k/metaData_MTG-Jamendo/row32818.csv
SKIPPING: metaTables/vocal_music_demucs_16k/metaData_MTG-Jamendo/row32819.csv
SKIPPING: metaTables/vocal_music_demucs_16k/metaData_MTG-Jamendo/row32820.csv
SKIPPING: metaTables/vocal_music_demucs_16k/metaData_MTG-Jamendo/row32821.csv
SKIPPING: metaTables/vocal_music_demucs_16k/metaData_MTG-Jamendo/row32822.csv
SKIPPING: metaTables/vocal_music_demucs_16k/metaData_MTG-Jamendo/row32823.csv
SKIPPING: metaTables/vocal_music_demucs_16k/metaData_MTG-Jamendo/row32824.csv
SKIPPING: metaTables/vocal_music_demucs_16k/metaData_MTG-Jamendo/row32825.csv
SKIPPING: metaTables/vocal_music_demucs_16k/metaData_MTG-Jamendo/row32826.csv
SKIPPING: metaTables/vocal_music_demucs_16k/metaData_MTG-Jamendo/row32827.csv
SKIPPING: metaTables/vocal_music_demucs_16k/metaData_MTG-Jamendo/row32828.csv
SKIPPING: metaTables/vocal_music_demucs_16k/metaData_MTG-Jamendo/row32829.csv
SKIPPING: metaTables/vocal_music_demucs_16k/metaData_MTG-Jamendo/row32830.csv
SKIPPING: metaTables/vocal_music_demucs_16k/metaData_MTG-Jamendo/row32831.csv
SKIPPING: metaTables/vocal_music_demucs_16k/metaData_MTG-Jamendo/row32832.csv
SKIPPING: metaTables/vocal_music_demucs_16k/metaData_MTG-Jamendo/row32833.csv
SKIPPING: metaTables/vocal_music_demucs_16k/metaData_MTG-Jamendo/row32834.csv
SKIPPING: metaTables/vocal_music_demucs_16k/metaData_MTG-Jamendo/row32835.csv
SKIPPING: metaTables/vocal_music_demucs_16k/metaData_MTG-Jamendo/row32836.csv
SKIPPING: metaTables/vocal_music_demucs_16k/metaData_MTG-Jamendo/row32837.csv
SKIPPING: metaTables/vocal_music_demucs_16k/metaData_MTG-Jamendo/row32838.csv
SKIPPING: metaTables/vocal_music_demucs_16k/metaData_MTG-Jamendo/row32839.csv
SKIPPING: metaTables/vocal_music_demucs_16k/metaData_MTG-Jamendo/row32840.csv
SKIPPING: metaTables/vocal_music_demucs_16k/metaData_MTG-Jamendo/row32841.csv
SKIPPING: metaTables/vocal_music_demucs_16k/metaData_MTG-Jamendo/row32842.csv
SKIPPING: metaTables/vocal_music_demucs_16k/metaData_MTG-Jamendo/row32843.csv
SKIPPING: metaTables/vocal_music_demucs_16k/metaData_MTG-Jamendo/row32844.csv
SKIPPING: metaTables/vocal_music_demucs_16k/metaData_MTG-Jamendo/row32845.csv
Execution time: 115.33013129234314 seconds
metaTables/vocal_music_demucs_16k/metaData_MTG-Jamendo/row32846.csv
Execution time: 112.20733690261841 seconds
metaTables/vocal_music_demucs_16k/metaData_MTG-Jamendo/row32847.csv
Execution time: 108.7296667098999 seconds
metaTables/vocal_music_demucs_16k/metaData_MTG-Jamendo/row32848.csv
Execution time: 110.14389848709106 seconds
metaTables/vocal_music_demucs_16k/metaData_MTG-Jamendo/row32849.csv
Execution time: 110.35337281227112 seconds
metaTables/vocal_music_demucs_16k/metaData_MTG-Jamendo/row32850.csv
Execution time: 113.69910550117493 seconds
metaTables/vocal_music_demucs_16k/metaData_MTG-Jamendo/row32851.csv
Execution time: 77.98124361038208 seconds
metaTables/vocal_music_demucs_16k/metaData_MTG-Jamendo/row32852.csv
Execution time: 107.03375744819641 seconds
metaTables/vocal_music_demucs_16k/metaData_MTG-Jamendo/row32853.csv
Execution time: 108.08027935028076 seconds
metaTables/vocal_music_demucs_16k/metaData_MTG-Jamendo/row32854.csv
Execution time: 119.20546388626099 seconds
metaTables/vocal_music_demucs_16k/metaData_MTG-Jamendo/row32855.csv
Execution time: 109.54204201698303 seconds
metaTables/vocal_music_demucs_16k/metaData_MTG-Jamendo/row32856.csv
Execution time: 119.09067749977112 seconds
metaTables/vocal_music_demucs_16k/metaData_MTG-Jamendo/row32857.csv
Execution time: 108.79798936843872 seconds
metaTables/vocal_music_demucs_16k/metaData_MTG-Jamendo/row32858.csv
Execution time: 113.86892747879028 seconds
metaTables/vocal_music_demucs_16k/metaData_MTG-Jamendo/row32859.csv
Execution time: 115.53670144081116 seconds
metaTables/vocal_music_demucs_16k/metaData_MTG-Jamendo/row32860.csv
Execution time: 109.84561729431152 seconds
metaTables/vocal_music_demucs_16k/metaData_MTG-Jamendo/row32861.csv
Execution time: 108.06492877006531 seconds
metaTables/vocal_music_demucs_16k/metaData_MTG-Jamendo/row32862.csv
Execution time: 107.61033511161804 seconds
metaTables/vocal_music_demucs_16k/metaData_MTG-Jamendo/row32863.csv
Execution time: 106.43962144851685 seconds
metaTables/vocal_music_demucs_16k/metaData_MTG-Jamendo/row32864.csv
Execution time: 115.28542423248291 seconds
metaTables/vocal_music_demucs_16k/metaData_MTG-Jamendo/row32865.csv
Execution time: 114.59663438796997 seconds
metaTables/vocal_music_demucs_16k/metaData_MTG-Jamendo/row32866.csv
Execution time: 40.79542350769043 seconds
metaTables/vocal_music_demucs_16k/metaData_MTG-Jamendo/row32867.csv
Execution time: 110.47875690460205 seconds
metaTables/vocal_music_demucs_16k/metaData_MTG-Jamendo/row32868.csv
Execution time: 107.11213159561157 seconds
metaTables/vocal_music_demucs_16k/metaData_MTG-Jamendo/row32869.csv
Execution time: 112.17364621162415 seconds
metaTables/vocal_music_demucs_16k/metaData_MTG-Jamendo/row32870.csv
Execution time: 113.1017632484436 seconds
metaTables/vocal_music_demucs_16k/metaData_MTG-Jamendo/row32871.csv
Execution time: 107.15795850753784 seconds
metaTables/vocal_music_demucs_16k/metaData_MTG-Jamendo/row32872.csv
Execution time: 118.44688725471497 seconds
metaTables/vocal_music_demucs_16k/metaData_MTG-Jamendo/row32873.csv
Execution time: 106.65040755271912 seconds
metaTables/vocal_music_demucs_16k/metaData_MTG-Jamendo/row32874.csv
Execution time: 115.90463209152222 seconds
metaTables/vocal_music_demucs_16k/metaData_MTG-Jamendo/row32875.csv
Execution time: 110.9280412197113 seconds
metaTables/vocal_music_demucs_16k/metaData_MTG-Jamendo/row32876.csv
Execution time: 107.29359197616577 seconds
metaTables/vocal_music_demucs_16k/metaData_MTG-Jamendo/row32877.csv
Execution time: 107.21558356285095 seconds
metaTables/vocal_music_demucs_16k/metaData_MTG-Jamendo/row32878.csv
Execution time: 110.2538743019104 seconds
metaTables/vocal_music_demucs_16k/metaData_MTG-Jamendo/row32879.csv
Execution time: 92.37842583656311 seconds
metaTables/vocal_music_demucs_16k/metaData_MTG-Jamendo/row32880.csv
Execution time: 104.67850947380066 seconds
metaTables/vocal_music_demucs_16k/metaData_MTG-Jamendo/row32881.csv
Execution time: 108.12122654914856 seconds
metaTables/vocal_music_demucs_16k/metaData_MTG-Jamendo/row32882.csv
Execution time: 112.46632218360901 seconds
metaTables/vocal_music_demucs_16k/metaData_MTG-Jamendo/row32883.csv
Execution time: 110.85839653015137 seconds
metaTables/vocal_music_demucs_16k/metaData_MTG-Jamendo/row32884.csv
Execution time: 111.30095601081848 seconds
metaTables/vocal_music_demucs_16k/metaData_MTG-Jamendo/row32885.csv
Execution time: 105.55722737312317 seconds
metaTables/vocal_music_demucs_16k/metaData_MTG-Jamendo/row32886.csv
Execution time: 107.36010456085205 seconds
metaTables/vocal_music_demucs_16k/metaData_MTG-Jamendo/row32887.csv
Execution time: 116.6054916381836 seconds
metaTables/vocal_music_demucs_16k/metaData_MTG-Jamendo/row32888.csv
Execution time: 62.15293574333191 seconds
metaTables/vocal_music_demucs_16k/metaData_MTG-Jamendo/row32889.csv
Execution time: 62.33697724342346 seconds
metaTables/vocal_music_demucs_16k/metaData_MTG-Jamendo/row32890.csv
Execution time: 103.30008482933044 seconds
metaTables/vocal_music_demucs_16k/metaData_MTG-Jamendo/row32891.csv
Execution time: 98.16323232650757 seconds
metaTables/vocal_music_demucs_16k/metaData_MTG-Jamendo/row32892.csv
Execution time: 96.41266775131226 seconds
metaTables/vocal_music_demucs_16k/metaData_MTG-Jamendo/row32893.csv
Execution time: 96.97945809364319 seconds
metaTables/vocal_music_demucs_16k/metaData_MTG-Jamendo/row32894.csv
Execution time: 96.8508141040802 seconds
metaTables/vocal_music_demucs_16k/metaData_MTG-Jamendo/row32895.csv
Execution time: 30.22310709953308 seconds
metaTables/vocal_music_demucs_16k/metaData_MTG-Jamendo/row32896.csv
Execution time: 90.29184246063232 seconds
metaTables/vocal_music_demucs_16k/metaData_MTG-Jamendo/row32897.csv
Execution time: 93.10537934303284 seconds
metaTables/vocal_music_demucs_16k/metaData_MTG-Jamendo/row32898.csv
Execution time: 89.28578424453735 seconds
metaTables/vocal_music_demucs_16k/metaData_MTG-Jamendo/row32899.csv
Demucs voice recognition done!
