/ext3/demucs/lib/python3.9/site-packages/demucs/api.py:27: UserWarning: TorchAudio's global backend is now deprecated. Please enable distpatcher by setting `TORCHAUDIO_USE_BACKEND_DISPATCHER=1`, and specify backend when calling load/info/save function.
  import torchaudio as ta
2024-05-09 12:03:49.373749: I tensorflow/core/util/port.cc:113] oneDNN custom operations are on. You may see slightly different numerical results due to floating-point round-off errors from different computation orders. To turn them off, set the environment variable `TF_ENABLE_ONEDNN_OPTS=0`.
2024-05-09 12:03:51.366721: E external/local_xla/xla/stream_executor/cuda/cuda_dnn.cc:9261] Unable to register cuDNN factory: Attempting to register factory for plugin cuDNN when one has already been registered
2024-05-09 12:03:51.366758: E external/local_xla/xla/stream_executor/cuda/cuda_fft.cc:607] Unable to register cuFFT factory: Attempting to register factory for plugin cuFFT when one has already been registered
2024-05-09 12:03:51.539295: E external/local_xla/xla/stream_executor/cuda/cuda_blas.cc:1515] Unable to register cuBLAS factory: Attempting to register factory for plugin cuBLAS when one has already been registered
2024-05-09 12:03:51.858320: I tensorflow/core/platform/cpu_feature_guard.cc:182] This TensorFlow binary is optimized to use available CPU instructions in performance-critical operations.
To enable the following instructions: AVX2 AVX512F AVX512_VNNI FMA, in other operations, rebuild TensorFlow with the appropriate compiler flags.
2024-05-09 12:03:54.098427: W tensorflow/compiler/tf2tensorrt/utils/py_utils.cc:38] TF-TRT Warning: Could not find TensorRT
SKIPPING: metaTables/vocal_music_demucs_16k/metaData_MTG-Jamendo/row33700.csv
SKIPPING: metaTables/vocal_music_demucs_16k/metaData_MTG-Jamendo/row33701.csv
SKIPPING: metaTables/vocal_music_demucs_16k/metaData_MTG-Jamendo/row33702.csv
SKIPPING: metaTables/vocal_music_demucs_16k/metaData_MTG-Jamendo/row33703.csv
SKIPPING: metaTables/vocal_music_demucs_16k/metaData_MTG-Jamendo/row33704.csv
SKIPPING: metaTables/vocal_music_demucs_16k/metaData_MTG-Jamendo/row33705.csv
SKIPPING: metaTables/vocal_music_demucs_16k/metaData_MTG-Jamendo/row33706.csv
SKIPPING: metaTables/vocal_music_demucs_16k/metaData_MTG-Jamendo/row33707.csv
SKIPPING: metaTables/vocal_music_demucs_16k/metaData_MTG-Jamendo/row33708.csv
SKIPPING: metaTables/vocal_music_demucs_16k/metaData_MTG-Jamendo/row33709.csv
SKIPPING: metaTables/vocal_music_demucs_16k/metaData_MTG-Jamendo/row33710.csv
SKIPPING: metaTables/vocal_music_demucs_16k/metaData_MTG-Jamendo/row33711.csv
SKIPPING: metaTables/vocal_music_demucs_16k/metaData_MTG-Jamendo/row33712.csv
SKIPPING: metaTables/vocal_music_demucs_16k/metaData_MTG-Jamendo/row33713.csv
SKIPPING: metaTables/vocal_music_demucs_16k/metaData_MTG-Jamendo/row33714.csv
SKIPPING: metaTables/vocal_music_demucs_16k/metaData_MTG-Jamendo/row33715.csv
SKIPPING: metaTables/vocal_music_demucs_16k/metaData_MTG-Jamendo/row33716.csv
SKIPPING: metaTables/vocal_music_demucs_16k/metaData_MTG-Jamendo/row33717.csv
SKIPPING: metaTables/vocal_music_demucs_16k/metaData_MTG-Jamendo/row33718.csv
SKIPPING: metaTables/vocal_music_demucs_16k/metaData_MTG-Jamendo/row33719.csv
SKIPPING: metaTables/vocal_music_demucs_16k/metaData_MTG-Jamendo/row33720.csv
SKIPPING: metaTables/vocal_music_demucs_16k/metaData_MTG-Jamendo/row33721.csv
SKIPPING: metaTables/vocal_music_demucs_16k/metaData_MTG-Jamendo/row33722.csv
SKIPPING: metaTables/vocal_music_demucs_16k/metaData_MTG-Jamendo/row33723.csv
SKIPPING: metaTables/vocal_music_demucs_16k/metaData_MTG-Jamendo/row33724.csv
SKIPPING: metaTables/vocal_music_demucs_16k/metaData_MTG-Jamendo/row33725.csv
SKIPPING: metaTables/vocal_music_demucs_16k/metaData_MTG-Jamendo/row33726.csv
SKIPPING: metaTables/vocal_music_demucs_16k/metaData_MTG-Jamendo/row33727.csv
SKIPPING: metaTables/vocal_music_demucs_16k/metaData_MTG-Jamendo/row33728.csv
SKIPPING: metaTables/vocal_music_demucs_16k/metaData_MTG-Jamendo/row33729.csv
SKIPPING: metaTables/vocal_music_demucs_16k/metaData_MTG-Jamendo/row33730.csv
SKIPPING: metaTables/vocal_music_demucs_16k/metaData_MTG-Jamendo/row33731.csv
SKIPPING: metaTables/vocal_music_demucs_16k/metaData_MTG-Jamendo/row33732.csv
SKIPPING: metaTables/vocal_music_demucs_16k/metaData_MTG-Jamendo/row33733.csv
SKIPPING: metaTables/vocal_music_demucs_16k/metaData_MTG-Jamendo/row33734.csv
SKIPPING: metaTables/vocal_music_demucs_16k/metaData_MTG-Jamendo/row33735.csv
SKIPPING: metaTables/vocal_music_demucs_16k/metaData_MTG-Jamendo/row33736.csv
SKIPPING: metaTables/vocal_music_demucs_16k/metaData_MTG-Jamendo/row33737.csv
SKIPPING: metaTables/vocal_music_demucs_16k/metaData_MTG-Jamendo/row33738.csv
SKIPPING: metaTables/vocal_music_demucs_16k/metaData_MTG-Jamendo/row33739.csv
SKIPPING: metaTables/vocal_music_demucs_16k/metaData_MTG-Jamendo/row33740.csv
SKIPPING: metaTables/vocal_music_demucs_16k/metaData_MTG-Jamendo/row33741.csv
SKIPPING: metaTables/vocal_music_demucs_16k/metaData_MTG-Jamendo/row33742.csv
SKIPPING: metaTables/vocal_music_demucs_16k/metaData_MTG-Jamendo/row33743.csv
SKIPPING: metaTables/vocal_music_demucs_16k/metaData_MTG-Jamendo/row33744.csv
SKIPPING: metaTables/vocal_music_demucs_16k/metaData_MTG-Jamendo/row33745.csv
SKIPPING: metaTables/vocal_music_demucs_16k/metaData_MTG-Jamendo/row33746.csv
SKIPPING: metaTables/vocal_music_demucs_16k/metaData_MTG-Jamendo/row33747.csv
SKIPPING: metaTables/vocal_music_demucs_16k/metaData_MTG-Jamendo/row33748.csv
SKIPPING: metaTables/vocal_music_demucs_16k/metaData_MTG-Jamendo/row33749.csv
SKIPPING: metaTables/vocal_music_demucs_16k/metaData_MTG-Jamendo/row33750.csv
SKIPPING: metaTables/vocal_music_demucs_16k/metaData_MTG-Jamendo/row33751.csv
SKIPPING: metaTables/vocal_music_demucs_16k/metaData_MTG-Jamendo/row33752.csv
SKIPPING: metaTables/vocal_music_demucs_16k/metaData_MTG-Jamendo/row33753.csv
SKIPPING: metaTables/vocal_music_demucs_16k/metaData_MTG-Jamendo/row33754.csv
SKIPPING: metaTables/vocal_music_demucs_16k/metaData_MTG-Jamendo/row33755.csv
SKIPPING: metaTables/vocal_music_demucs_16k/metaData_MTG-Jamendo/row33756.csv
SKIPPING: metaTables/vocal_music_demucs_16k/metaData_MTG-Jamendo/row33757.csv
SKIPPING: metaTables/vocal_music_demucs_16k/metaData_MTG-Jamendo/row33758.csv
SKIPPING: metaTables/vocal_music_demucs_16k/metaData_MTG-Jamendo/row33759.csv
SKIPPING: metaTables/vocal_music_demucs_16k/metaData_MTG-Jamendo/row33760.csv
SKIPPING: metaTables/vocal_music_demucs_16k/metaData_MTG-Jamendo/row33761.csv
SKIPPING: metaTables/vocal_music_demucs_16k/metaData_MTG-Jamendo/row33762.csv
SKIPPING: metaTables/vocal_music_demucs_16k/metaData_MTG-Jamendo/row33763.csv
SKIPPING: metaTables/vocal_music_demucs_16k/metaData_MTG-Jamendo/row33764.csv
SKIPPING: metaTables/vocal_music_demucs_16k/metaData_MTG-Jamendo/row33765.csv
SKIPPING: metaTables/vocal_music_demucs_16k/metaData_MTG-Jamendo/row33766.csv
SKIPPING: metaTables/vocal_music_demucs_16k/metaData_MTG-Jamendo/row33767.csv
SKIPPING: metaTables/vocal_music_demucs_16k/metaData_MTG-Jamendo/row33768.csv
SKIPPING: metaTables/vocal_music_demucs_16k/metaData_MTG-Jamendo/row33769.csv
SKIPPING: metaTables/vocal_music_demucs_16k/metaData_MTG-Jamendo/row33770.csv
SKIPPING: metaTables/vocal_music_demucs_16k/metaData_MTG-Jamendo/row33771.csv
SKIPPING: metaTables/vocal_music_demucs_16k/metaData_MTG-Jamendo/row33772.csv
SKIPPING: metaTables/vocal_music_demucs_16k/metaData_MTG-Jamendo/row33773.csv
SKIPPING: metaTables/vocal_music_demucs_16k/metaData_MTG-Jamendo/row33774.csv
SKIPPING: metaTables/vocal_music_demucs_16k/metaData_MTG-Jamendo/row33775.csv
SKIPPING: metaTables/vocal_music_demucs_16k/metaData_MTG-Jamendo/row33776.csv
SKIPPING: metaTables/vocal_music_demucs_16k/metaData_MTG-Jamendo/row33777.csv
SKIPPING: metaTables/vocal_music_demucs_16k/metaData_MTG-Jamendo/row33778.csv
SKIPPING: metaTables/vocal_music_demucs_16k/metaData_MTG-Jamendo/row33779.csv
SKIPPING: metaTables/vocal_music_demucs_16k/metaData_MTG-Jamendo/row33780.csv
SKIPPING: metaTables/vocal_music_demucs_16k/metaData_MTG-Jamendo/row33781.csv
SKIPPING: metaTables/vocal_music_demucs_16k/metaData_MTG-Jamendo/row33782.csv
SKIPPING: metaTables/vocal_music_demucs_16k/metaData_MTG-Jamendo/row33783.csv
SKIPPING: metaTables/vocal_music_demucs_16k/metaData_MTG-Jamendo/row33784.csv
SKIPPING: metaTables/vocal_music_demucs_16k/metaData_MTG-Jamendo/row33785.csv
SKIPPING: metaTables/vocal_music_demucs_16k/metaData_MTG-Jamendo/row33786.csv
SKIPPING: metaTables/vocal_music_demucs_16k/metaData_MTG-Jamendo/row33787.csv
SKIPPING: metaTables/vocal_music_demucs_16k/metaData_MTG-Jamendo/row33788.csv
SKIPPING: metaTables/vocal_music_demucs_16k/metaData_MTG-Jamendo/row33789.csv
SKIPPING: metaTables/vocal_music_demucs_16k/metaData_MTG-Jamendo/row33790.csv
SKIPPING: metaTables/vocal_music_demucs_16k/metaData_MTG-Jamendo/row33791.csv
SKIPPING: metaTables/vocal_music_demucs_16k/metaData_MTG-Jamendo/row33792.csv
SKIPPING: metaTables/vocal_music_demucs_16k/metaData_MTG-Jamendo/row33793.csv
SKIPPING: metaTables/vocal_music_demucs_16k/metaData_MTG-Jamendo/row33794.csv
SKIPPING: metaTables/vocal_music_demucs_16k/metaData_MTG-Jamendo/row33795.csv
SKIPPING: metaTables/vocal_music_demucs_16k/metaData_MTG-Jamendo/row33796.csv
SKIPPING: metaTables/vocal_music_demucs_16k/metaData_MTG-Jamendo/row33797.csv
SKIPPING: metaTables/vocal_music_demucs_16k/metaData_MTG-Jamendo/row33798.csv
SKIPPING: metaTables/vocal_music_demucs_16k/metaData_MTG-Jamendo/row33799.csv
Demucs voice recognition done!
