/ext3/demucs/lib/python3.9/site-packages/demucs/api.py:27: UserWarning: TorchAudio's global backend is now deprecated. Please enable distpatcher by setting `TORCHAUDIO_USE_BACKEND_DISPATCHER=1`, and specify backend when calling load/info/save function.
  import torchaudio as ta
2024-05-09 12:03:02.328166: I tensorflow/core/util/port.cc:113] oneDNN custom operations are on. You may see slightly different numerical results due to floating-point round-off errors from different computation orders. To turn them off, set the environment variable `TF_ENABLE_ONEDNN_OPTS=0`.
2024-05-09 12:03:04.240062: E external/local_xla/xla/stream_executor/cuda/cuda_dnn.cc:9261] Unable to register cuDNN factory: Attempting to register factory for plugin cuDNN when one has already been registered
2024-05-09 12:03:04.240100: E external/local_xla/xla/stream_executor/cuda/cuda_fft.cc:607] Unable to register cuFFT factory: Attempting to register factory for plugin cuFFT when one has already been registered
2024-05-09 12:03:04.422553: E external/local_xla/xla/stream_executor/cuda/cuda_blas.cc:1515] Unable to register cuBLAS factory: Attempting to register factory for plugin cuBLAS when one has already been registered
2024-05-09 12:03:04.863639: I tensorflow/core/platform/cpu_feature_guard.cc:182] This TensorFlow binary is optimized to use available CPU instructions in performance-critical operations.
To enable the following instructions: AVX2 AVX512F AVX512_VNNI FMA, in other operations, rebuild TensorFlow with the appropriate compiler flags.
2024-05-09 12:03:06.858957: W tensorflow/compiler/tf2tensorrt/utils/py_utils.cc:38] TF-TRT Warning: Could not find TensorRT
SKIPPING: metaTables/vocal_music_demucs_16k/metaData_MTG-Jamendo/row31600.csv
SKIPPING: metaTables/vocal_music_demucs_16k/metaData_MTG-Jamendo/row31601.csv
SKIPPING: metaTables/vocal_music_demucs_16k/metaData_MTG-Jamendo/row31602.csv
SKIPPING: metaTables/vocal_music_demucs_16k/metaData_MTG-Jamendo/row31603.csv
SKIPPING: metaTables/vocal_music_demucs_16k/metaData_MTG-Jamendo/row31604.csv
SKIPPING: metaTables/vocal_music_demucs_16k/metaData_MTG-Jamendo/row31605.csv
SKIPPING: metaTables/vocal_music_demucs_16k/metaData_MTG-Jamendo/row31606.csv
SKIPPING: metaTables/vocal_music_demucs_16k/metaData_MTG-Jamendo/row31607.csv
SKIPPING: metaTables/vocal_music_demucs_16k/metaData_MTG-Jamendo/row31608.csv
SKIPPING: metaTables/vocal_music_demucs_16k/metaData_MTG-Jamendo/row31609.csv
SKIPPING: metaTables/vocal_music_demucs_16k/metaData_MTG-Jamendo/row31610.csv
SKIPPING: metaTables/vocal_music_demucs_16k/metaData_MTG-Jamendo/row31611.csv
SKIPPING: metaTables/vocal_music_demucs_16k/metaData_MTG-Jamendo/row31612.csv
SKIPPING: metaTables/vocal_music_demucs_16k/metaData_MTG-Jamendo/row31613.csv
SKIPPING: metaTables/vocal_music_demucs_16k/metaData_MTG-Jamendo/row31614.csv
SKIPPING: metaTables/vocal_music_demucs_16k/metaData_MTG-Jamendo/row31615.csv
SKIPPING: metaTables/vocal_music_demucs_16k/metaData_MTG-Jamendo/row31616.csv
SKIPPING: metaTables/vocal_music_demucs_16k/metaData_MTG-Jamendo/row31617.csv
SKIPPING: metaTables/vocal_music_demucs_16k/metaData_MTG-Jamendo/row31618.csv
SKIPPING: metaTables/vocal_music_demucs_16k/metaData_MTG-Jamendo/row31619.csv
SKIPPING: metaTables/vocal_music_demucs_16k/metaData_MTG-Jamendo/row31620.csv
SKIPPING: metaTables/vocal_music_demucs_16k/metaData_MTG-Jamendo/row31621.csv
SKIPPING: metaTables/vocal_music_demucs_16k/metaData_MTG-Jamendo/row31622.csv
SKIPPING: metaTables/vocal_music_demucs_16k/metaData_MTG-Jamendo/row31623.csv
SKIPPING: metaTables/vocal_music_demucs_16k/metaData_MTG-Jamendo/row31624.csv
SKIPPING: metaTables/vocal_music_demucs_16k/metaData_MTG-Jamendo/row31625.csv
SKIPPING: metaTables/vocal_music_demucs_16k/metaData_MTG-Jamendo/row31626.csv
SKIPPING: metaTables/vocal_music_demucs_16k/metaData_MTG-Jamendo/row31627.csv
SKIPPING: metaTables/vocal_music_demucs_16k/metaData_MTG-Jamendo/row31628.csv
SKIPPING: metaTables/vocal_music_demucs_16k/metaData_MTG-Jamendo/row31629.csv
SKIPPING: metaTables/vocal_music_demucs_16k/metaData_MTG-Jamendo/row31630.csv
SKIPPING: metaTables/vocal_music_demucs_16k/metaData_MTG-Jamendo/row31631.csv
SKIPPING: metaTables/vocal_music_demucs_16k/metaData_MTG-Jamendo/row31632.csv
SKIPPING: metaTables/vocal_music_demucs_16k/metaData_MTG-Jamendo/row31633.csv
SKIPPING: metaTables/vocal_music_demucs_16k/metaData_MTG-Jamendo/row31634.csv
SKIPPING: metaTables/vocal_music_demucs_16k/metaData_MTG-Jamendo/row31635.csv
SKIPPING: metaTables/vocal_music_demucs_16k/metaData_MTG-Jamendo/row31636.csv
SKIPPING: metaTables/vocal_music_demucs_16k/metaData_MTG-Jamendo/row31637.csv
SKIPPING: metaTables/vocal_music_demucs_16k/metaData_MTG-Jamendo/row31638.csv
SKIPPING: metaTables/vocal_music_demucs_16k/metaData_MTG-Jamendo/row31639.csv
SKIPPING: metaTables/vocal_music_demucs_16k/metaData_MTG-Jamendo/row31640.csv
SKIPPING: metaTables/vocal_music_demucs_16k/metaData_MTG-Jamendo/row31641.csv
SKIPPING: metaTables/vocal_music_demucs_16k/metaData_MTG-Jamendo/row31642.csv
SKIPPING: metaTables/vocal_music_demucs_16k/metaData_MTG-Jamendo/row31643.csv
SKIPPING: metaTables/vocal_music_demucs_16k/metaData_MTG-Jamendo/row31644.csv
SKIPPING: metaTables/vocal_music_demucs_16k/metaData_MTG-Jamendo/row31645.csv
SKIPPING: metaTables/vocal_music_demucs_16k/metaData_MTG-Jamendo/row31646.csv
SKIPPING: metaTables/vocal_music_demucs_16k/metaData_MTG-Jamendo/row31647.csv
SKIPPING: metaTables/vocal_music_demucs_16k/metaData_MTG-Jamendo/row31648.csv
SKIPPING: metaTables/vocal_music_demucs_16k/metaData_MTG-Jamendo/row31649.csv
SKIPPING: metaTables/vocal_music_demucs_16k/metaData_MTG-Jamendo/row31650.csv
SKIPPING: metaTables/vocal_music_demucs_16k/metaData_MTG-Jamendo/row31651.csv
SKIPPING: metaTables/vocal_music_demucs_16k/metaData_MTG-Jamendo/row31652.csv
SKIPPING: metaTables/vocal_music_demucs_16k/metaData_MTG-Jamendo/row31653.csv
SKIPPING: metaTables/vocal_music_demucs_16k/metaData_MTG-Jamendo/row31654.csv
SKIPPING: metaTables/vocal_music_demucs_16k/metaData_MTG-Jamendo/row31655.csv
SKIPPING: metaTables/vocal_music_demucs_16k/metaData_MTG-Jamendo/row31656.csv
SKIPPING: metaTables/vocal_music_demucs_16k/metaData_MTG-Jamendo/row31657.csv
SKIPPING: metaTables/vocal_music_demucs_16k/metaData_MTG-Jamendo/row31658.csv
SKIPPING: metaTables/vocal_music_demucs_16k/metaData_MTG-Jamendo/row31659.csv
SKIPPING: metaTables/vocal_music_demucs_16k/metaData_MTG-Jamendo/row31660.csv
SKIPPING: metaTables/vocal_music_demucs_16k/metaData_MTG-Jamendo/row31661.csv
SKIPPING: metaTables/vocal_music_demucs_16k/metaData_MTG-Jamendo/row31662.csv
SKIPPING: metaTables/vocal_music_demucs_16k/metaData_MTG-Jamendo/row31663.csv
SKIPPING: metaTables/vocal_music_demucs_16k/metaData_MTG-Jamendo/row31664.csv
SKIPPING: metaTables/vocal_music_demucs_16k/metaData_MTG-Jamendo/row31665.csv
SKIPPING: metaTables/vocal_music_demucs_16k/metaData_MTG-Jamendo/row31666.csv
SKIPPING: metaTables/vocal_music_demucs_16k/metaData_MTG-Jamendo/row31667.csv
SKIPPING: metaTables/vocal_music_demucs_16k/metaData_MTG-Jamendo/row31668.csv
SKIPPING: metaTables/vocal_music_demucs_16k/metaData_MTG-Jamendo/row31669.csv
SKIPPING: metaTables/vocal_music_demucs_16k/metaData_MTG-Jamendo/row31670.csv
SKIPPING: metaTables/vocal_music_demucs_16k/metaData_MTG-Jamendo/row31671.csv
SKIPPING: metaTables/vocal_music_demucs_16k/metaData_MTG-Jamendo/row31672.csv
SKIPPING: metaTables/vocal_music_demucs_16k/metaData_MTG-Jamendo/row31673.csv
SKIPPING: metaTables/vocal_music_demucs_16k/metaData_MTG-Jamendo/row31674.csv
SKIPPING: metaTables/vocal_music_demucs_16k/metaData_MTG-Jamendo/row31675.csv
SKIPPING: metaTables/vocal_music_demucs_16k/metaData_MTG-Jamendo/row31676.csv
SKIPPING: metaTables/vocal_music_demucs_16k/metaData_MTG-Jamendo/row31677.csv
SKIPPING: metaTables/vocal_music_demucs_16k/metaData_MTG-Jamendo/row31678.csv
SKIPPING: metaTables/vocal_music_demucs_16k/metaData_MTG-Jamendo/row31679.csv
SKIPPING: metaTables/vocal_music_demucs_16k/metaData_MTG-Jamendo/row31680.csv
SKIPPING: metaTables/vocal_music_demucs_16k/metaData_MTG-Jamendo/row31681.csv
SKIPPING: metaTables/vocal_music_demucs_16k/metaData_MTG-Jamendo/row31682.csv
SKIPPING: metaTables/vocal_music_demucs_16k/metaData_MTG-Jamendo/row31683.csv
SKIPPING: metaTables/vocal_music_demucs_16k/metaData_MTG-Jamendo/row31684.csv
SKIPPING: metaTables/vocal_music_demucs_16k/metaData_MTG-Jamendo/row31685.csv
SKIPPING: metaTables/vocal_music_demucs_16k/metaData_MTG-Jamendo/row31686.csv
SKIPPING: metaTables/vocal_music_demucs_16k/metaData_MTG-Jamendo/row31687.csv
SKIPPING: metaTables/vocal_music_demucs_16k/metaData_MTG-Jamendo/row31688.csv
SKIPPING: metaTables/vocal_music_demucs_16k/metaData_MTG-Jamendo/row31689.csv
SKIPPING: metaTables/vocal_music_demucs_16k/metaData_MTG-Jamendo/row31690.csv
SKIPPING: metaTables/vocal_music_demucs_16k/metaData_MTG-Jamendo/row31691.csv
SKIPPING: metaTables/vocal_music_demucs_16k/metaData_MTG-Jamendo/row31692.csv
SKIPPING: metaTables/vocal_music_demucs_16k/metaData_MTG-Jamendo/row31693.csv
SKIPPING: metaTables/vocal_music_demucs_16k/metaData_MTG-Jamendo/row31694.csv
SKIPPING: metaTables/vocal_music_demucs_16k/metaData_MTG-Jamendo/row31695.csv
SKIPPING: metaTables/vocal_music_demucs_16k/metaData_MTG-Jamendo/row31696.csv
SKIPPING: metaTables/vocal_music_demucs_16k/metaData_MTG-Jamendo/row31697.csv
SKIPPING: metaTables/vocal_music_demucs_16k/metaData_MTG-Jamendo/row31698.csv
SKIPPING: metaTables/vocal_music_demucs_16k/metaData_MTG-Jamendo/row31699.csv
Demucs voice recognition done!
