/ext3/demucs/lib/python3.9/site-packages/demucs/api.py:27: UserWarning: TorchAudio's global backend is now deprecated. Please enable distpatcher by setting `TORCHAUDIO_USE_BACKEND_DISPATCHER=1`, and specify backend when calling load/info/save function.
  import torchaudio as ta
2024-05-09 09:28:36.169719: I tensorflow/core/util/port.cc:113] oneDNN custom operations are on. You may see slightly different numerical results due to floating-point round-off errors from different computation orders. To turn them off, set the environment variable `TF_ENABLE_ONEDNN_OPTS=0`.
2024-05-09 09:28:37.229313: E external/local_xla/xla/stream_executor/cuda/cuda_dnn.cc:9261] Unable to register cuDNN factory: Attempting to register factory for plugin cuDNN when one has already been registered
2024-05-09 09:28:37.229362: E external/local_xla/xla/stream_executor/cuda/cuda_fft.cc:607] Unable to register cuFFT factory: Attempting to register factory for plugin cuFFT when one has already been registered
2024-05-09 09:28:37.334168: E external/local_xla/xla/stream_executor/cuda/cuda_blas.cc:1515] Unable to register cuBLAS factory: Attempting to register factory for plugin cuBLAS when one has already been registered
2024-05-09 09:28:37.804916: I tensorflow/core/platform/cpu_feature_guard.cc:182] This TensorFlow binary is optimized to use available CPU instructions in performance-critical operations.
To enable the following instructions: AVX2 AVX512F AVX512_VNNI FMA, in other operations, rebuild TensorFlow with the appropriate compiler flags.
2024-05-09 09:28:39.172687: W tensorflow/compiler/tf2tensorrt/utils/py_utils.cc:38] TF-TRT Warning: Could not find TensorRT
SKIPPING: metaTables/vocal_music_demucs_16k/metaData_MTG-Jamendo/row18700.csv
SKIPPING: metaTables/vocal_music_demucs_16k/metaData_MTG-Jamendo/row18701.csv
SKIPPING: metaTables/vocal_music_demucs_16k/metaData_MTG-Jamendo/row18702.csv
SKIPPING: metaTables/vocal_music_demucs_16k/metaData_MTG-Jamendo/row18703.csv
SKIPPING: metaTables/vocal_music_demucs_16k/metaData_MTG-Jamendo/row18704.csv
SKIPPING: metaTables/vocal_music_demucs_16k/metaData_MTG-Jamendo/row18705.csv
SKIPPING: metaTables/vocal_music_demucs_16k/metaData_MTG-Jamendo/row18706.csv
SKIPPING: metaTables/vocal_music_demucs_16k/metaData_MTG-Jamendo/row18707.csv
SKIPPING: metaTables/vocal_music_demucs_16k/metaData_MTG-Jamendo/row18708.csv
SKIPPING: metaTables/vocal_music_demucs_16k/metaData_MTG-Jamendo/row18709.csv
SKIPPING: metaTables/vocal_music_demucs_16k/metaData_MTG-Jamendo/row18710.csv
SKIPPING: metaTables/vocal_music_demucs_16k/metaData_MTG-Jamendo/row18711.csv
SKIPPING: metaTables/vocal_music_demucs_16k/metaData_MTG-Jamendo/row18712.csv
SKIPPING: metaTables/vocal_music_demucs_16k/metaData_MTG-Jamendo/row18713.csv
SKIPPING: metaTables/vocal_music_demucs_16k/metaData_MTG-Jamendo/row18714.csv
SKIPPING: metaTables/vocal_music_demucs_16k/metaData_MTG-Jamendo/row18715.csv
SKIPPING: metaTables/vocal_music_demucs_16k/metaData_MTG-Jamendo/row18716.csv
SKIPPING: metaTables/vocal_music_demucs_16k/metaData_MTG-Jamendo/row18717.csv
SKIPPING: metaTables/vocal_music_demucs_16k/metaData_MTG-Jamendo/row18718.csv
SKIPPING: metaTables/vocal_music_demucs_16k/metaData_MTG-Jamendo/row18719.csv
SKIPPING: metaTables/vocal_music_demucs_16k/metaData_MTG-Jamendo/row18720.csv
SKIPPING: metaTables/vocal_music_demucs_16k/metaData_MTG-Jamendo/row18721.csv
SKIPPING: metaTables/vocal_music_demucs_16k/metaData_MTG-Jamendo/row18722.csv
SKIPPING: metaTables/vocal_music_demucs_16k/metaData_MTG-Jamendo/row18723.csv
SKIPPING: metaTables/vocal_music_demucs_16k/metaData_MTG-Jamendo/row18724.csv
SKIPPING: metaTables/vocal_music_demucs_16k/metaData_MTG-Jamendo/row18725.csv
SKIPPING: metaTables/vocal_music_demucs_16k/metaData_MTG-Jamendo/row18726.csv
SKIPPING: metaTables/vocal_music_demucs_16k/metaData_MTG-Jamendo/row18727.csv
SKIPPING: metaTables/vocal_music_demucs_16k/metaData_MTG-Jamendo/row18728.csv
SKIPPING: metaTables/vocal_music_demucs_16k/metaData_MTG-Jamendo/row18729.csv
SKIPPING: metaTables/vocal_music_demucs_16k/metaData_MTG-Jamendo/row18730.csv
SKIPPING: metaTables/vocal_music_demucs_16k/metaData_MTG-Jamendo/row18731.csv
SKIPPING: metaTables/vocal_music_demucs_16k/metaData_MTG-Jamendo/row18732.csv
SKIPPING: metaTables/vocal_music_demucs_16k/metaData_MTG-Jamendo/row18733.csv
SKIPPING: metaTables/vocal_music_demucs_16k/metaData_MTG-Jamendo/row18734.csv
SKIPPING: metaTables/vocal_music_demucs_16k/metaData_MTG-Jamendo/row18735.csv
SKIPPING: metaTables/vocal_music_demucs_16k/metaData_MTG-Jamendo/row18736.csv
SKIPPING: metaTables/vocal_music_demucs_16k/metaData_MTG-Jamendo/row18737.csv
SKIPPING: metaTables/vocal_music_demucs_16k/metaData_MTG-Jamendo/row18738.csv
SKIPPING: metaTables/vocal_music_demucs_16k/metaData_MTG-Jamendo/row18739.csv
SKIPPING: metaTables/vocal_music_demucs_16k/metaData_MTG-Jamendo/row18740.csv
SKIPPING: metaTables/vocal_music_demucs_16k/metaData_MTG-Jamendo/row18741.csv
SKIPPING: metaTables/vocal_music_demucs_16k/metaData_MTG-Jamendo/row18742.csv
SKIPPING: metaTables/vocal_music_demucs_16k/metaData_MTG-Jamendo/row18743.csv
SKIPPING: metaTables/vocal_music_demucs_16k/metaData_MTG-Jamendo/row18744.csv
SKIPPING: metaTables/vocal_music_demucs_16k/metaData_MTG-Jamendo/row18745.csv
SKIPPING: metaTables/vocal_music_demucs_16k/metaData_MTG-Jamendo/row18746.csv
SKIPPING: metaTables/vocal_music_demucs_16k/metaData_MTG-Jamendo/row18747.csv
SKIPPING: metaTables/vocal_music_demucs_16k/metaData_MTG-Jamendo/row18748.csv
SKIPPING: metaTables/vocal_music_demucs_16k/metaData_MTG-Jamendo/row18749.csv
SKIPPING: metaTables/vocal_music_demucs_16k/metaData_MTG-Jamendo/row18750.csv
Execution time: 107.6825442314148 seconds
metaTables/vocal_music_demucs_16k/metaData_MTG-Jamendo/row18751.csv
Execution time: 108.25418591499329 seconds
metaTables/vocal_music_demucs_16k/metaData_MTG-Jamendo/row18752.csv
Execution time: 112.90014433860779 seconds
metaTables/vocal_music_demucs_16k/metaData_MTG-Jamendo/row18753.csv
Execution time: 109.27427101135254 seconds
metaTables/vocal_music_demucs_16k/metaData_MTG-Jamendo/row18754.csv
Execution time: 107.78580808639526 seconds
metaTables/vocal_music_demucs_16k/metaData_MTG-Jamendo/row18755.csv
Execution time: 80.22007536888123 seconds
metaTables/vocal_music_demucs_16k/metaData_MTG-Jamendo/row18756.csv
Execution time: 116.46502494812012 seconds
metaTables/vocal_music_demucs_16k/metaData_MTG-Jamendo/row18757.csv
Execution time: 108.50174522399902 seconds
metaTables/vocal_music_demucs_16k/metaData_MTG-Jamendo/row18758.csv
Execution time: 102.76161742210388 seconds
metaTables/vocal_music_demucs_16k/metaData_MTG-Jamendo/row18759.csv
Execution time: 97.59833693504333 seconds
metaTables/vocal_music_demucs_16k/metaData_MTG-Jamendo/row18760.csv
Execution time: 95.80819892883301 seconds
metaTables/vocal_music_demucs_16k/metaData_MTG-Jamendo/row18761.csv
Execution time: 100.47408032417297 seconds
metaTables/vocal_music_demucs_16k/metaData_MTG-Jamendo/row18762.csv
Execution time: 95.39177060127258 seconds
metaTables/vocal_music_demucs_16k/metaData_MTG-Jamendo/row18763.csv
Execution time: 96.70834493637085 seconds
metaTables/vocal_music_demucs_16k/metaData_MTG-Jamendo/row18764.csv
Execution time: 95.37557578086853 seconds
metaTables/vocal_music_demucs_16k/metaData_MTG-Jamendo/row18765.csv
Execution time: 100.56825590133667 seconds
metaTables/vocal_music_demucs_16k/metaData_MTG-Jamendo/row18766.csv
Execution time: 96.25255680084229 seconds
metaTables/vocal_music_demucs_16k/metaData_MTG-Jamendo/row18767.csv
Execution time: 97.79038429260254 seconds
metaTables/vocal_music_demucs_16k/metaData_MTG-Jamendo/row18768.csv
Execution time: 95.30988693237305 seconds
metaTables/vocal_music_demucs_16k/metaData_MTG-Jamendo/row18769.csv
Execution time: 100.23798561096191 seconds
metaTables/vocal_music_demucs_16k/metaData_MTG-Jamendo/row18770.csv
Execution time: 94.00684571266174 seconds
metaTables/vocal_music_demucs_16k/metaData_MTG-Jamendo/row18771.csv
Execution time: 100.48735475540161 seconds
metaTables/vocal_music_demucs_16k/metaData_MTG-Jamendo/row18772.csv
Execution time: 75.35863494873047 seconds
metaTables/vocal_music_demucs_16k/metaData_MTG-Jamendo/row18773.csv
Execution time: 100.94887089729309 seconds
metaTables/vocal_music_demucs_16k/metaData_MTG-Jamendo/row18774.csv
Execution time: 98.33824133872986 seconds
metaTables/vocal_music_demucs_16k/metaData_MTG-Jamendo/row18775.csv
Execution time: 93.61589932441711 seconds
metaTables/vocal_music_demucs_16k/metaData_MTG-Jamendo/row18776.csv
Execution time: 96.08741402626038 seconds
metaTables/vocal_music_demucs_16k/metaData_MTG-Jamendo/row18777.csv
Execution time: 95.73110675811768 seconds
metaTables/vocal_music_demucs_16k/metaData_MTG-Jamendo/row18778.csv
Execution time: 102.9022958278656 seconds
metaTables/vocal_music_demucs_16k/metaData_MTG-Jamendo/row18779.csv
Execution time: 101.45892405509949 seconds
metaTables/vocal_music_demucs_16k/metaData_MTG-Jamendo/row18780.csv
Execution time: 98.45208430290222 seconds
metaTables/vocal_music_demucs_16k/metaData_MTG-Jamendo/row18781.csv
Execution time: 97.68489599227905 seconds
metaTables/vocal_music_demucs_16k/metaData_MTG-Jamendo/row18782.csv
Execution time: 97.18205857276917 seconds
metaTables/vocal_music_demucs_16k/metaData_MTG-Jamendo/row18783.csv
Execution time: 96.5719678401947 seconds
metaTables/vocal_music_demucs_16k/metaData_MTG-Jamendo/row18784.csv
Execution time: 98.18788409233093 seconds
metaTables/vocal_music_demucs_16k/metaData_MTG-Jamendo/row18785.csv
Execution time: 57.62090444564819 seconds
metaTables/vocal_music_demucs_16k/metaData_MTG-Jamendo/row18786.csv
Execution time: 97.88372564315796 seconds
metaTables/vocal_music_demucs_16k/metaData_MTG-Jamendo/row18787.csv
Execution time: 94.87507653236389 seconds
metaTables/vocal_music_demucs_16k/metaData_MTG-Jamendo/row18788.csv
Execution time: 35.69007182121277 seconds
metaTables/vocal_music_demucs_16k/metaData_MTG-Jamendo/row18789.csv
Execution time: 91.93898177146912 seconds
metaTables/vocal_music_demucs_16k/metaData_MTG-Jamendo/row18790.csv
Execution time: 96.0648684501648 seconds
metaTables/vocal_music_demucs_16k/metaData_MTG-Jamendo/row18791.csv
Execution time: 93.8721935749054 seconds
metaTables/vocal_music_demucs_16k/metaData_MTG-Jamendo/row18792.csv
Execution time: 81.45724320411682 seconds
metaTables/vocal_music_demucs_16k/metaData_MTG-Jamendo/row18793.csv
Execution time: 97.04700016975403 seconds
metaTables/vocal_music_demucs_16k/metaData_MTG-Jamendo/row18794.csv
Execution time: 94.58014798164368 seconds
metaTables/vocal_music_demucs_16k/metaData_MTG-Jamendo/row18795.csv
Execution time: 94.78495049476624 seconds
metaTables/vocal_music_demucs_16k/metaData_MTG-Jamendo/row18796.csv
Execution time: 97.87556481361389 seconds
metaTables/vocal_music_demucs_16k/metaData_MTG-Jamendo/row18797.csv
Execution time: 91.53582882881165 seconds
metaTables/vocal_music_demucs_16k/metaData_MTG-Jamendo/row18798.csv
Execution time: 93.47118663787842 seconds
metaTables/vocal_music_demucs_16k/metaData_MTG-Jamendo/row18799.csv
Demucs voice recognition done!
