/ext3/demucs/lib/python3.9/site-packages/demucs/api.py:27: UserWarning: TorchAudio's global backend is now deprecated. Please enable distpatcher by setting `TORCHAUDIO_USE_BACKEND_DISPATCHER=1`, and specify backend when calling load/info/save function.
  import torchaudio as ta
2024-05-09 09:28:36.101103: I tensorflow/core/util/port.cc:113] oneDNN custom operations are on. You may see slightly different numerical results due to floating-point round-off errors from different computation orders. To turn them off, set the environment variable `TF_ENABLE_ONEDNN_OPTS=0`.
2024-05-09 09:28:37.287671: E external/local_xla/xla/stream_executor/cuda/cuda_dnn.cc:9261] Unable to register cuDNN factory: Attempting to register factory for plugin cuDNN when one has already been registered
2024-05-09 09:28:37.287711: E external/local_xla/xla/stream_executor/cuda/cuda_fft.cc:607] Unable to register cuFFT factory: Attempting to register factory for plugin cuFFT when one has already been registered
2024-05-09 09:28:37.392242: E external/local_xla/xla/stream_executor/cuda/cuda_blas.cc:1515] Unable to register cuBLAS factory: Attempting to register factory for plugin cuBLAS when one has already been registered
2024-05-09 09:28:37.598331: I tensorflow/core/platform/cpu_feature_guard.cc:182] This TensorFlow binary is optimized to use available CPU instructions in performance-critical operations.
To enable the following instructions: AVX2 AVX512F AVX512_VNNI FMA, in other operations, rebuild TensorFlow with the appropriate compiler flags.
2024-05-09 09:28:39.186056: W tensorflow/compiler/tf2tensorrt/utils/py_utils.cc:38] TF-TRT Warning: Could not find TensorRT
SKIPPING: metaTables/vocal_music_demucs_16k/metaData_MTG-Jamendo/row20300.csv
SKIPPING: metaTables/vocal_music_demucs_16k/metaData_MTG-Jamendo/row20301.csv
SKIPPING: metaTables/vocal_music_demucs_16k/metaData_MTG-Jamendo/row20302.csv
SKIPPING: metaTables/vocal_music_demucs_16k/metaData_MTG-Jamendo/row20303.csv
SKIPPING: metaTables/vocal_music_demucs_16k/metaData_MTG-Jamendo/row20304.csv
SKIPPING: metaTables/vocal_music_demucs_16k/metaData_MTG-Jamendo/row20305.csv
SKIPPING: metaTables/vocal_music_demucs_16k/metaData_MTG-Jamendo/row20306.csv
SKIPPING: metaTables/vocal_music_demucs_16k/metaData_MTG-Jamendo/row20307.csv
SKIPPING: metaTables/vocal_music_demucs_16k/metaData_MTG-Jamendo/row20308.csv
SKIPPING: metaTables/vocal_music_demucs_16k/metaData_MTG-Jamendo/row20309.csv
SKIPPING: metaTables/vocal_music_demucs_16k/metaData_MTG-Jamendo/row20310.csv
SKIPPING: metaTables/vocal_music_demucs_16k/metaData_MTG-Jamendo/row20311.csv
SKIPPING: metaTables/vocal_music_demucs_16k/metaData_MTG-Jamendo/row20312.csv
SKIPPING: metaTables/vocal_music_demucs_16k/metaData_MTG-Jamendo/row20313.csv
SKIPPING: metaTables/vocal_music_demucs_16k/metaData_MTG-Jamendo/row20314.csv
SKIPPING: metaTables/vocal_music_demucs_16k/metaData_MTG-Jamendo/row20315.csv
SKIPPING: metaTables/vocal_music_demucs_16k/metaData_MTG-Jamendo/row20316.csv
SKIPPING: metaTables/vocal_music_demucs_16k/metaData_MTG-Jamendo/row20317.csv
SKIPPING: metaTables/vocal_music_demucs_16k/metaData_MTG-Jamendo/row20318.csv
SKIPPING: metaTables/vocal_music_demucs_16k/metaData_MTG-Jamendo/row20319.csv
SKIPPING: metaTables/vocal_music_demucs_16k/metaData_MTG-Jamendo/row20320.csv
SKIPPING: metaTables/vocal_music_demucs_16k/metaData_MTG-Jamendo/row20321.csv
SKIPPING: metaTables/vocal_music_demucs_16k/metaData_MTG-Jamendo/row20322.csv
SKIPPING: metaTables/vocal_music_demucs_16k/metaData_MTG-Jamendo/row20323.csv
SKIPPING: metaTables/vocal_music_demucs_16k/metaData_MTG-Jamendo/row20324.csv
SKIPPING: metaTables/vocal_music_demucs_16k/metaData_MTG-Jamendo/row20325.csv
SKIPPING: metaTables/vocal_music_demucs_16k/metaData_MTG-Jamendo/row20326.csv
SKIPPING: metaTables/vocal_music_demucs_16k/metaData_MTG-Jamendo/row20327.csv
SKIPPING: metaTables/vocal_music_demucs_16k/metaData_MTG-Jamendo/row20328.csv
SKIPPING: metaTables/vocal_music_demucs_16k/metaData_MTG-Jamendo/row20329.csv
SKIPPING: metaTables/vocal_music_demucs_16k/metaData_MTG-Jamendo/row20330.csv
SKIPPING: metaTables/vocal_music_demucs_16k/metaData_MTG-Jamendo/row20331.csv
SKIPPING: metaTables/vocal_music_demucs_16k/metaData_MTG-Jamendo/row20332.csv
SKIPPING: metaTables/vocal_music_demucs_16k/metaData_MTG-Jamendo/row20333.csv
SKIPPING: metaTables/vocal_music_demucs_16k/metaData_MTG-Jamendo/row20334.csv
SKIPPING: metaTables/vocal_music_demucs_16k/metaData_MTG-Jamendo/row20335.csv
SKIPPING: metaTables/vocal_music_demucs_16k/metaData_MTG-Jamendo/row20336.csv
SKIPPING: metaTables/vocal_music_demucs_16k/metaData_MTG-Jamendo/row20337.csv
SKIPPING: metaTables/vocal_music_demucs_16k/metaData_MTG-Jamendo/row20338.csv
SKIPPING: metaTables/vocal_music_demucs_16k/metaData_MTG-Jamendo/row20339.csv
SKIPPING: metaTables/vocal_music_demucs_16k/metaData_MTG-Jamendo/row20340.csv
SKIPPING: metaTables/vocal_music_demucs_16k/metaData_MTG-Jamendo/row20341.csv
SKIPPING: metaTables/vocal_music_demucs_16k/metaData_MTG-Jamendo/row20342.csv
SKIPPING: metaTables/vocal_music_demucs_16k/metaData_MTG-Jamendo/row20343.csv
SKIPPING: metaTables/vocal_music_demucs_16k/metaData_MTG-Jamendo/row20344.csv
SKIPPING: metaTables/vocal_music_demucs_16k/metaData_MTG-Jamendo/row20345.csv
SKIPPING: metaTables/vocal_music_demucs_16k/metaData_MTG-Jamendo/row20346.csv
SKIPPING: metaTables/vocal_music_demucs_16k/metaData_MTG-Jamendo/row20347.csv
SKIPPING: metaTables/vocal_music_demucs_16k/metaData_MTG-Jamendo/row20348.csv
SKIPPING: metaTables/vocal_music_demucs_16k/metaData_MTG-Jamendo/row20349.csv
SKIPPING: metaTables/vocal_music_demucs_16k/metaData_MTG-Jamendo/row20350.csv
SKIPPING: metaTables/vocal_music_demucs_16k/metaData_MTG-Jamendo/row20351.csv
SKIPPING: metaTables/vocal_music_demucs_16k/metaData_MTG-Jamendo/row20352.csv
Execution time: 114.44258141517639 seconds
metaTables/vocal_music_demucs_16k/metaData_MTG-Jamendo/row20353.csv
Execution time: 107.98263168334961 seconds
metaTables/vocal_music_demucs_16k/metaData_MTG-Jamendo/row20354.csv
Execution time: 107.50483870506287 seconds
metaTables/vocal_music_demucs_16k/metaData_MTG-Jamendo/row20355.csv
Execution time: 108.37999844551086 seconds
metaTables/vocal_music_demucs_16k/metaData_MTG-Jamendo/row20356.csv
Execution time: 111.73240327835083 seconds
metaTables/vocal_music_demucs_16k/metaData_MTG-Jamendo/row20357.csv
Execution time: 110.48134684562683 seconds
metaTables/vocal_music_demucs_16k/metaData_MTG-Jamendo/row20358.csv
Execution time: 108.79219937324524 seconds
metaTables/vocal_music_demucs_16k/metaData_MTG-Jamendo/row20359.csv
Execution time: 107.017569065094 seconds
metaTables/vocal_music_demucs_16k/metaData_MTG-Jamendo/row20360.csv
Execution time: 108.43394684791565 seconds
metaTables/vocal_music_demucs_16k/metaData_MTG-Jamendo/row20361.csv
Execution time: 110.89351773262024 seconds
metaTables/vocal_music_demucs_16k/metaData_MTG-Jamendo/row20362.csv
Execution time: 109.20919299125671 seconds
metaTables/vocal_music_demucs_16k/metaData_MTG-Jamendo/row20363.csv
Execution time: 111.78204488754272 seconds
metaTables/vocal_music_demucs_16k/metaData_MTG-Jamendo/row20364.csv
Execution time: 107.74364471435547 seconds
metaTables/vocal_music_demucs_16k/metaData_MTG-Jamendo/row20365.csv
Execution time: 110.97010493278503 seconds
metaTables/vocal_music_demucs_16k/metaData_MTG-Jamendo/row20366.csv
Execution time: 110.55500745773315 seconds
metaTables/vocal_music_demucs_16k/metaData_MTG-Jamendo/row20367.csv
Execution time: 110.67873930931091 seconds
metaTables/vocal_music_demucs_16k/metaData_MTG-Jamendo/row20368.csv
Execution time: 110.32918787002563 seconds
metaTables/vocal_music_demucs_16k/metaData_MTG-Jamendo/row20369.csv
Execution time: 115.5522038936615 seconds
metaTables/vocal_music_demucs_16k/metaData_MTG-Jamendo/row20370.csv
Execution time: 108.31648182868958 seconds
metaTables/vocal_music_demucs_16k/metaData_MTG-Jamendo/row20371.csv
Execution time: 107.04736709594727 seconds
metaTables/vocal_music_demucs_16k/metaData_MTG-Jamendo/row20372.csv
Execution time: 108.50167965888977 seconds
metaTables/vocal_music_demucs_16k/metaData_MTG-Jamendo/row20373.csv
Execution time: 108.8005018234253 seconds
metaTables/vocal_music_demucs_16k/metaData_MTG-Jamendo/row20374.csv
Execution time: 106.89801073074341 seconds
metaTables/vocal_music_demucs_16k/metaData_MTG-Jamendo/row20375.csv
Execution time: 110.79921984672546 seconds
metaTables/vocal_music_demucs_16k/metaData_MTG-Jamendo/row20376.csv
Execution time: 84.06910538673401 seconds
metaTables/vocal_music_demucs_16k/metaData_MTG-Jamendo/row20377.csv
Execution time: 111.05903601646423 seconds
metaTables/vocal_music_demucs_16k/metaData_MTG-Jamendo/row20378.csv
Execution time: 106.56597304344177 seconds
metaTables/vocal_music_demucs_16k/metaData_MTG-Jamendo/row20379.csv
Execution time: 108.21587753295898 seconds
metaTables/vocal_music_demucs_16k/metaData_MTG-Jamendo/row20380.csv
Execution time: 114.91058659553528 seconds
metaTables/vocal_music_demucs_16k/metaData_MTG-Jamendo/row20381.csv
Execution time: 65.92608880996704 seconds
metaTables/vocal_music_demucs_16k/metaData_MTG-Jamendo/row20382.csv
Execution time: 107.56387376785278 seconds
metaTables/vocal_music_demucs_16k/metaData_MTG-Jamendo/row20383.csv
Execution time: 107.34966540336609 seconds
metaTables/vocal_music_demucs_16k/metaData_MTG-Jamendo/row20384.csv
Execution time: 66.24705028533936 seconds
metaTables/vocal_music_demucs_16k/metaData_MTG-Jamendo/row20385.csv
Execution time: 114.09731650352478 seconds
metaTables/vocal_music_demucs_16k/metaData_MTG-Jamendo/row20386.csv
Execution time: 107.05685138702393 seconds
metaTables/vocal_music_demucs_16k/metaData_MTG-Jamendo/row20387.csv
Execution time: 110.00438451766968 seconds
metaTables/vocal_music_demucs_16k/metaData_MTG-Jamendo/row20388.csv
Execution time: 105.1123583316803 seconds
metaTables/vocal_music_demucs_16k/metaData_MTG-Jamendo/row20389.csv
Execution time: 112.39341449737549 seconds
metaTables/vocal_music_demucs_16k/metaData_MTG-Jamendo/row20390.csv
Execution time: 108.57280206680298 seconds
metaTables/vocal_music_demucs_16k/metaData_MTG-Jamendo/row20391.csv
Execution time: 109.6776168346405 seconds
metaTables/vocal_music_demucs_16k/metaData_MTG-Jamendo/row20392.csv
Execution time: 111.78389000892639 seconds
metaTables/vocal_music_demucs_16k/metaData_MTG-Jamendo/row20393.csv
Execution time: 106.91421818733215 seconds
metaTables/vocal_music_demucs_16k/metaData_MTG-Jamendo/row20394.csv
Execution time: 110.10955834388733 seconds
metaTables/vocal_music_demucs_16k/metaData_MTG-Jamendo/row20395.csv
Execution time: 114.26402759552002 seconds
metaTables/vocal_music_demucs_16k/metaData_MTG-Jamendo/row20396.csv
Execution time: 103.46765470504761 seconds
metaTables/vocal_music_demucs_16k/metaData_MTG-Jamendo/row20397.csv
Execution time: 82.92897272109985 seconds
metaTables/vocal_music_demucs_16k/metaData_MTG-Jamendo/row20398.csv
Execution time: 92.46412897109985 seconds
metaTables/vocal_music_demucs_16k/metaData_MTG-Jamendo/row20399.csv
Demucs voice recognition done!
