/ext3/demucs/lib/python3.9/site-packages/demucs/api.py:27: UserWarning: TorchAudio's global backend is now deprecated. Please enable distpatcher by setting `TORCHAUDIO_USE_BACKEND_DISPATCHER=1`, and specify backend when calling load/info/save function.
  import torchaudio as ta
2024-05-09 12:03:35.894976: I tensorflow/core/util/port.cc:113] oneDNN custom operations are on. You may see slightly different numerical results due to floating-point round-off errors from different computation orders. To turn them off, set the environment variable `TF_ENABLE_ONEDNN_OPTS=0`.
2024-05-09 12:03:36.964931: E external/local_xla/xla/stream_executor/cuda/cuda_dnn.cc:9261] Unable to register cuDNN factory: Attempting to register factory for plugin cuDNN when one has already been registered
2024-05-09 12:03:36.964976: E external/local_xla/xla/stream_executor/cuda/cuda_fft.cc:607] Unable to register cuFFT factory: Attempting to register factory for plugin cuFFT when one has already been registered
2024-05-09 12:03:36.987243: E external/local_xla/xla/stream_executor/cuda/cuda_blas.cc:1515] Unable to register cuBLAS factory: Attempting to register factory for plugin cuBLAS when one has already been registered
2024-05-09 12:03:37.163921: I tensorflow/core/platform/cpu_feature_guard.cc:182] This TensorFlow binary is optimized to use available CPU instructions in performance-critical operations.
To enable the following instructions: AVX2 AVX512F AVX512_VNNI FMA, in other operations, rebuild TensorFlow with the appropriate compiler flags.
2024-05-09 12:03:38.187131: W tensorflow/compiler/tf2tensorrt/utils/py_utils.cc:38] TF-TRT Warning: Could not find TensorRT
SKIPPING: metaTables/vocal_music_demucs_16k/metaData_MTG-Jamendo/row52500.csv
SKIPPING: metaTables/vocal_music_demucs_16k/metaData_MTG-Jamendo/row52501.csv
SKIPPING: metaTables/vocal_music_demucs_16k/metaData_MTG-Jamendo/row52502.csv
SKIPPING: metaTables/vocal_music_demucs_16k/metaData_MTG-Jamendo/row52503.csv
SKIPPING: metaTables/vocal_music_demucs_16k/metaData_MTG-Jamendo/row52504.csv
SKIPPING: metaTables/vocal_music_demucs_16k/metaData_MTG-Jamendo/row52505.csv
SKIPPING: metaTables/vocal_music_demucs_16k/metaData_MTG-Jamendo/row52506.csv
SKIPPING: metaTables/vocal_music_demucs_16k/metaData_MTG-Jamendo/row52507.csv
SKIPPING: metaTables/vocal_music_demucs_16k/metaData_MTG-Jamendo/row52508.csv
SKIPPING: metaTables/vocal_music_demucs_16k/metaData_MTG-Jamendo/row52509.csv
SKIPPING: metaTables/vocal_music_demucs_16k/metaData_MTG-Jamendo/row52510.csv
SKIPPING: metaTables/vocal_music_demucs_16k/metaData_MTG-Jamendo/row52511.csv
SKIPPING: metaTables/vocal_music_demucs_16k/metaData_MTG-Jamendo/row52512.csv
SKIPPING: metaTables/vocal_music_demucs_16k/metaData_MTG-Jamendo/row52513.csv
SKIPPING: metaTables/vocal_music_demucs_16k/metaData_MTG-Jamendo/row52514.csv
SKIPPING: metaTables/vocal_music_demucs_16k/metaData_MTG-Jamendo/row52515.csv
SKIPPING: metaTables/vocal_music_demucs_16k/metaData_MTG-Jamendo/row52516.csv
SKIPPING: metaTables/vocal_music_demucs_16k/metaData_MTG-Jamendo/row52517.csv
SKIPPING: metaTables/vocal_music_demucs_16k/metaData_MTG-Jamendo/row52518.csv
SKIPPING: metaTables/vocal_music_demucs_16k/metaData_MTG-Jamendo/row52519.csv
SKIPPING: metaTables/vocal_music_demucs_16k/metaData_MTG-Jamendo/row52520.csv
SKIPPING: metaTables/vocal_music_demucs_16k/metaData_MTG-Jamendo/row52521.csv
SKIPPING: metaTables/vocal_music_demucs_16k/metaData_MTG-Jamendo/row52522.csv
SKIPPING: metaTables/vocal_music_demucs_16k/metaData_MTG-Jamendo/row52523.csv
SKIPPING: metaTables/vocal_music_demucs_16k/metaData_MTG-Jamendo/row52524.csv
SKIPPING: metaTables/vocal_music_demucs_16k/metaData_MTG-Jamendo/row52525.csv
SKIPPING: metaTables/vocal_music_demucs_16k/metaData_MTG-Jamendo/row52526.csv
SKIPPING: metaTables/vocal_music_demucs_16k/metaData_MTG-Jamendo/row52527.csv
SKIPPING: metaTables/vocal_music_demucs_16k/metaData_MTG-Jamendo/row52528.csv
SKIPPING: metaTables/vocal_music_demucs_16k/metaData_MTG-Jamendo/row52529.csv
SKIPPING: metaTables/vocal_music_demucs_16k/metaData_MTG-Jamendo/row52530.csv
SKIPPING: metaTables/vocal_music_demucs_16k/metaData_MTG-Jamendo/row52531.csv
SKIPPING: metaTables/vocal_music_demucs_16k/metaData_MTG-Jamendo/row52532.csv
SKIPPING: metaTables/vocal_music_demucs_16k/metaData_MTG-Jamendo/row52533.csv
SKIPPING: metaTables/vocal_music_demucs_16k/metaData_MTG-Jamendo/row52534.csv
SKIPPING: metaTables/vocal_music_demucs_16k/metaData_MTG-Jamendo/row52535.csv
SKIPPING: metaTables/vocal_music_demucs_16k/metaData_MTG-Jamendo/row52536.csv
SKIPPING: metaTables/vocal_music_demucs_16k/metaData_MTG-Jamendo/row52537.csv
SKIPPING: metaTables/vocal_music_demucs_16k/metaData_MTG-Jamendo/row52538.csv
SKIPPING: metaTables/vocal_music_demucs_16k/metaData_MTG-Jamendo/row52539.csv
SKIPPING: metaTables/vocal_music_demucs_16k/metaData_MTG-Jamendo/row52540.csv
SKIPPING: metaTables/vocal_music_demucs_16k/metaData_MTG-Jamendo/row52541.csv
SKIPPING: metaTables/vocal_music_demucs_16k/metaData_MTG-Jamendo/row52542.csv
SKIPPING: metaTables/vocal_music_demucs_16k/metaData_MTG-Jamendo/row52543.csv
SKIPPING: metaTables/vocal_music_demucs_16k/metaData_MTG-Jamendo/row52544.csv
SKIPPING: metaTables/vocal_music_demucs_16k/metaData_MTG-Jamendo/row52545.csv
SKIPPING: metaTables/vocal_music_demucs_16k/metaData_MTG-Jamendo/row52546.csv
SKIPPING: metaTables/vocal_music_demucs_16k/metaData_MTG-Jamendo/row52547.csv
SKIPPING: metaTables/vocal_music_demucs_16k/metaData_MTG-Jamendo/row52548.csv
SKIPPING: metaTables/vocal_music_demucs_16k/metaData_MTG-Jamendo/row52549.csv
SKIPPING: metaTables/vocal_music_demucs_16k/metaData_MTG-Jamendo/row52550.csv
SKIPPING: metaTables/vocal_music_demucs_16k/metaData_MTG-Jamendo/row52551.csv
SKIPPING: metaTables/vocal_music_demucs_16k/metaData_MTG-Jamendo/row52552.csv
SKIPPING: metaTables/vocal_music_demucs_16k/metaData_MTG-Jamendo/row52553.csv
SKIPPING: metaTables/vocal_music_demucs_16k/metaData_MTG-Jamendo/row52554.csv
SKIPPING: metaTables/vocal_music_demucs_16k/metaData_MTG-Jamendo/row52555.csv
SKIPPING: metaTables/vocal_music_demucs_16k/metaData_MTG-Jamendo/row52556.csv
SKIPPING: metaTables/vocal_music_demucs_16k/metaData_MTG-Jamendo/row52557.csv
SKIPPING: metaTables/vocal_music_demucs_16k/metaData_MTG-Jamendo/row52558.csv
SKIPPING: metaTables/vocal_music_demucs_16k/metaData_MTG-Jamendo/row52559.csv
SKIPPING: metaTables/vocal_music_demucs_16k/metaData_MTG-Jamendo/row52560.csv
SKIPPING: metaTables/vocal_music_demucs_16k/metaData_MTG-Jamendo/row52561.csv
SKIPPING: metaTables/vocal_music_demucs_16k/metaData_MTG-Jamendo/row52562.csv
SKIPPING: metaTables/vocal_music_demucs_16k/metaData_MTG-Jamendo/row52563.csv
SKIPPING: metaTables/vocal_music_demucs_16k/metaData_MTG-Jamendo/row52564.csv
SKIPPING: metaTables/vocal_music_demucs_16k/metaData_MTG-Jamendo/row52565.csv
SKIPPING: metaTables/vocal_music_demucs_16k/metaData_MTG-Jamendo/row52566.csv
SKIPPING: metaTables/vocal_music_demucs_16k/metaData_MTG-Jamendo/row52567.csv
SKIPPING: metaTables/vocal_music_demucs_16k/metaData_MTG-Jamendo/row52568.csv
SKIPPING: metaTables/vocal_music_demucs_16k/metaData_MTG-Jamendo/row52569.csv
SKIPPING: metaTables/vocal_music_demucs_16k/metaData_MTG-Jamendo/row52570.csv
SKIPPING: metaTables/vocal_music_demucs_16k/metaData_MTG-Jamendo/row52571.csv
SKIPPING: metaTables/vocal_music_demucs_16k/metaData_MTG-Jamendo/row52572.csv
SKIPPING: metaTables/vocal_music_demucs_16k/metaData_MTG-Jamendo/row52573.csv
SKIPPING: metaTables/vocal_music_demucs_16k/metaData_MTG-Jamendo/row52574.csv
SKIPPING: metaTables/vocal_music_demucs_16k/metaData_MTG-Jamendo/row52575.csv
SKIPPING: metaTables/vocal_music_demucs_16k/metaData_MTG-Jamendo/row52576.csv
SKIPPING: metaTables/vocal_music_demucs_16k/metaData_MTG-Jamendo/row52577.csv
SKIPPING: metaTables/vocal_music_demucs_16k/metaData_MTG-Jamendo/row52578.csv
SKIPPING: metaTables/vocal_music_demucs_16k/metaData_MTG-Jamendo/row52579.csv
SKIPPING: metaTables/vocal_music_demucs_16k/metaData_MTG-Jamendo/row52580.csv
SKIPPING: metaTables/vocal_music_demucs_16k/metaData_MTG-Jamendo/row52581.csv
SKIPPING: metaTables/vocal_music_demucs_16k/metaData_MTG-Jamendo/row52582.csv
SKIPPING: metaTables/vocal_music_demucs_16k/metaData_MTG-Jamendo/row52583.csv
SKIPPING: metaTables/vocal_music_demucs_16k/metaData_MTG-Jamendo/row52584.csv
SKIPPING: metaTables/vocal_music_demucs_16k/metaData_MTG-Jamendo/row52585.csv
SKIPPING: metaTables/vocal_music_demucs_16k/metaData_MTG-Jamendo/row52586.csv
SKIPPING: metaTables/vocal_music_demucs_16k/metaData_MTG-Jamendo/row52587.csv
SKIPPING: metaTables/vocal_music_demucs_16k/metaData_MTG-Jamendo/row52588.csv
SKIPPING: metaTables/vocal_music_demucs_16k/metaData_MTG-Jamendo/row52589.csv
SKIPPING: metaTables/vocal_music_demucs_16k/metaData_MTG-Jamendo/row52590.csv
SKIPPING: metaTables/vocal_music_demucs_16k/metaData_MTG-Jamendo/row52591.csv
SKIPPING: metaTables/vocal_music_demucs_16k/metaData_MTG-Jamendo/row52592.csv
SKIPPING: metaTables/vocal_music_demucs_16k/metaData_MTG-Jamendo/row52593.csv
SKIPPING: metaTables/vocal_music_demucs_16k/metaData_MTG-Jamendo/row52594.csv
SKIPPING: metaTables/vocal_music_demucs_16k/metaData_MTG-Jamendo/row52595.csv
SKIPPING: metaTables/vocal_music_demucs_16k/metaData_MTG-Jamendo/row52596.csv
SKIPPING: metaTables/vocal_music_demucs_16k/metaData_MTG-Jamendo/row52597.csv
SKIPPING: metaTables/vocal_music_demucs_16k/metaData_MTG-Jamendo/row52598.csv
SKIPPING: metaTables/vocal_music_demucs_16k/metaData_MTG-Jamendo/row52599.csv
Demucs voice recognition done!
