/ext3/demucs/lib/python3.9/site-packages/demucs/api.py:27: UserWarning: TorchAudio's global backend is now deprecated. Please enable distpatcher by setting `TORCHAUDIO_USE_BACKEND_DISPATCHER=1`, and specify backend when calling load/info/save function.
  import torchaudio as ta
2024-05-09 12:03:37.409535: I tensorflow/core/util/port.cc:113] oneDNN custom operations are on. You may see slightly different numerical results due to floating-point round-off errors from different computation orders. To turn them off, set the environment variable `TF_ENABLE_ONEDNN_OPTS=0`.
2024-05-09 12:03:38.426152: E external/local_xla/xla/stream_executor/cuda/cuda_dnn.cc:9261] Unable to register cuDNN factory: Attempting to register factory for plugin cuDNN when one has already been registered
2024-05-09 12:03:38.426196: E external/local_xla/xla/stream_executor/cuda/cuda_fft.cc:607] Unable to register cuFFT factory: Attempting to register factory for plugin cuFFT when one has already been registered
2024-05-09 12:03:38.471436: E external/local_xla/xla/stream_executor/cuda/cuda_blas.cc:1515] Unable to register cuBLAS factory: Attempting to register factory for plugin cuBLAS when one has already been registered
2024-05-09 12:03:38.661817: I tensorflow/core/platform/cpu_feature_guard.cc:182] This TensorFlow binary is optimized to use available CPU instructions in performance-critical operations.
To enable the following instructions: AVX2 AVX512F AVX512_VNNI FMA, in other operations, rebuild TensorFlow with the appropriate compiler flags.
2024-05-09 12:03:39.583178: W tensorflow/compiler/tf2tensorrt/utils/py_utils.cc:38] TF-TRT Warning: Could not find TensorRT
SKIPPING: metaTables/vocal_music_demucs_16k/metaData_MTG-Jamendo/row44200.csv
SKIPPING: metaTables/vocal_music_demucs_16k/metaData_MTG-Jamendo/row44201.csv
SKIPPING: metaTables/vocal_music_demucs_16k/metaData_MTG-Jamendo/row44202.csv
SKIPPING: metaTables/vocal_music_demucs_16k/metaData_MTG-Jamendo/row44203.csv
SKIPPING: metaTables/vocal_music_demucs_16k/metaData_MTG-Jamendo/row44204.csv
SKIPPING: metaTables/vocal_music_demucs_16k/metaData_MTG-Jamendo/row44205.csv
SKIPPING: metaTables/vocal_music_demucs_16k/metaData_MTG-Jamendo/row44206.csv
SKIPPING: metaTables/vocal_music_demucs_16k/metaData_MTG-Jamendo/row44207.csv
SKIPPING: metaTables/vocal_music_demucs_16k/metaData_MTG-Jamendo/row44208.csv
SKIPPING: metaTables/vocal_music_demucs_16k/metaData_MTG-Jamendo/row44209.csv
SKIPPING: metaTables/vocal_music_demucs_16k/metaData_MTG-Jamendo/row44210.csv
SKIPPING: metaTables/vocal_music_demucs_16k/metaData_MTG-Jamendo/row44211.csv
SKIPPING: metaTables/vocal_music_demucs_16k/metaData_MTG-Jamendo/row44212.csv
SKIPPING: metaTables/vocal_music_demucs_16k/metaData_MTG-Jamendo/row44213.csv
SKIPPING: metaTables/vocal_music_demucs_16k/metaData_MTG-Jamendo/row44214.csv
SKIPPING: metaTables/vocal_music_demucs_16k/metaData_MTG-Jamendo/row44215.csv
SKIPPING: metaTables/vocal_music_demucs_16k/metaData_MTG-Jamendo/row44216.csv
SKIPPING: metaTables/vocal_music_demucs_16k/metaData_MTG-Jamendo/row44217.csv
SKIPPING: metaTables/vocal_music_demucs_16k/metaData_MTG-Jamendo/row44218.csv
SKIPPING: metaTables/vocal_music_demucs_16k/metaData_MTG-Jamendo/row44219.csv
SKIPPING: metaTables/vocal_music_demucs_16k/metaData_MTG-Jamendo/row44220.csv
SKIPPING: metaTables/vocal_music_demucs_16k/metaData_MTG-Jamendo/row44221.csv
SKIPPING: metaTables/vocal_music_demucs_16k/metaData_MTG-Jamendo/row44222.csv
SKIPPING: metaTables/vocal_music_demucs_16k/metaData_MTG-Jamendo/row44223.csv
SKIPPING: metaTables/vocal_music_demucs_16k/metaData_MTG-Jamendo/row44224.csv
SKIPPING: metaTables/vocal_music_demucs_16k/metaData_MTG-Jamendo/row44225.csv
SKIPPING: metaTables/vocal_music_demucs_16k/metaData_MTG-Jamendo/row44226.csv
SKIPPING: metaTables/vocal_music_demucs_16k/metaData_MTG-Jamendo/row44227.csv
SKIPPING: metaTables/vocal_music_demucs_16k/metaData_MTG-Jamendo/row44228.csv
SKIPPING: metaTables/vocal_music_demucs_16k/metaData_MTG-Jamendo/row44229.csv
SKIPPING: metaTables/vocal_music_demucs_16k/metaData_MTG-Jamendo/row44230.csv
SKIPPING: metaTables/vocal_music_demucs_16k/metaData_MTG-Jamendo/row44231.csv
SKIPPING: metaTables/vocal_music_demucs_16k/metaData_MTG-Jamendo/row44232.csv
SKIPPING: metaTables/vocal_music_demucs_16k/metaData_MTG-Jamendo/row44233.csv
SKIPPING: metaTables/vocal_music_demucs_16k/metaData_MTG-Jamendo/row44234.csv
SKIPPING: metaTables/vocal_music_demucs_16k/metaData_MTG-Jamendo/row44235.csv
SKIPPING: metaTables/vocal_music_demucs_16k/metaData_MTG-Jamendo/row44236.csv
SKIPPING: metaTables/vocal_music_demucs_16k/metaData_MTG-Jamendo/row44237.csv
SKIPPING: metaTables/vocal_music_demucs_16k/metaData_MTG-Jamendo/row44238.csv
SKIPPING: metaTables/vocal_music_demucs_16k/metaData_MTG-Jamendo/row44239.csv
SKIPPING: metaTables/vocal_music_demucs_16k/metaData_MTG-Jamendo/row44240.csv
SKIPPING: metaTables/vocal_music_demucs_16k/metaData_MTG-Jamendo/row44241.csv
SKIPPING: metaTables/vocal_music_demucs_16k/metaData_MTG-Jamendo/row44242.csv
SKIPPING: metaTables/vocal_music_demucs_16k/metaData_MTG-Jamendo/row44243.csv
SKIPPING: metaTables/vocal_music_demucs_16k/metaData_MTG-Jamendo/row44244.csv
SKIPPING: metaTables/vocal_music_demucs_16k/metaData_MTG-Jamendo/row44245.csv
SKIPPING: metaTables/vocal_music_demucs_16k/metaData_MTG-Jamendo/row44246.csv
SKIPPING: metaTables/vocal_music_demucs_16k/metaData_MTG-Jamendo/row44247.csv
SKIPPING: metaTables/vocal_music_demucs_16k/metaData_MTG-Jamendo/row44248.csv
SKIPPING: metaTables/vocal_music_demucs_16k/metaData_MTG-Jamendo/row44249.csv
SKIPPING: metaTables/vocal_music_demucs_16k/metaData_MTG-Jamendo/row44250.csv
SKIPPING: metaTables/vocal_music_demucs_16k/metaData_MTG-Jamendo/row44251.csv
SKIPPING: metaTables/vocal_music_demucs_16k/metaData_MTG-Jamendo/row44252.csv
SKIPPING: metaTables/vocal_music_demucs_16k/metaData_MTG-Jamendo/row44253.csv
SKIPPING: metaTables/vocal_music_demucs_16k/metaData_MTG-Jamendo/row44254.csv
SKIPPING: metaTables/vocal_music_demucs_16k/metaData_MTG-Jamendo/row44255.csv
SKIPPING: metaTables/vocal_music_demucs_16k/metaData_MTG-Jamendo/row44256.csv
SKIPPING: metaTables/vocal_music_demucs_16k/metaData_MTG-Jamendo/row44257.csv
SKIPPING: metaTables/vocal_music_demucs_16k/metaData_MTG-Jamendo/row44258.csv
SKIPPING: metaTables/vocal_music_demucs_16k/metaData_MTG-Jamendo/row44259.csv
SKIPPING: metaTables/vocal_music_demucs_16k/metaData_MTG-Jamendo/row44260.csv
SKIPPING: metaTables/vocal_music_demucs_16k/metaData_MTG-Jamendo/row44261.csv
SKIPPING: metaTables/vocal_music_demucs_16k/metaData_MTG-Jamendo/row44262.csv
SKIPPING: metaTables/vocal_music_demucs_16k/metaData_MTG-Jamendo/row44263.csv
SKIPPING: metaTables/vocal_music_demucs_16k/metaData_MTG-Jamendo/row44264.csv
SKIPPING: metaTables/vocal_music_demucs_16k/metaData_MTG-Jamendo/row44265.csv
SKIPPING: metaTables/vocal_music_demucs_16k/metaData_MTG-Jamendo/row44266.csv
SKIPPING: metaTables/vocal_music_demucs_16k/metaData_MTG-Jamendo/row44267.csv
SKIPPING: metaTables/vocal_music_demucs_16k/metaData_MTG-Jamendo/row44268.csv
SKIPPING: metaTables/vocal_music_demucs_16k/metaData_MTG-Jamendo/row44269.csv
SKIPPING: metaTables/vocal_music_demucs_16k/metaData_MTG-Jamendo/row44270.csv
SKIPPING: metaTables/vocal_music_demucs_16k/metaData_MTG-Jamendo/row44271.csv
SKIPPING: metaTables/vocal_music_demucs_16k/metaData_MTG-Jamendo/row44272.csv
SKIPPING: metaTables/vocal_music_demucs_16k/metaData_MTG-Jamendo/row44273.csv
SKIPPING: metaTables/vocal_music_demucs_16k/metaData_MTG-Jamendo/row44274.csv
SKIPPING: metaTables/vocal_music_demucs_16k/metaData_MTG-Jamendo/row44275.csv
SKIPPING: metaTables/vocal_music_demucs_16k/metaData_MTG-Jamendo/row44276.csv
SKIPPING: metaTables/vocal_music_demucs_16k/metaData_MTG-Jamendo/row44277.csv
SKIPPING: metaTables/vocal_music_demucs_16k/metaData_MTG-Jamendo/row44278.csv
SKIPPING: metaTables/vocal_music_demucs_16k/metaData_MTG-Jamendo/row44279.csv
SKIPPING: metaTables/vocal_music_demucs_16k/metaData_MTG-Jamendo/row44280.csv
SKIPPING: metaTables/vocal_music_demucs_16k/metaData_MTG-Jamendo/row44281.csv
SKIPPING: metaTables/vocal_music_demucs_16k/metaData_MTG-Jamendo/row44282.csv
SKIPPING: metaTables/vocal_music_demucs_16k/metaData_MTG-Jamendo/row44283.csv
SKIPPING: metaTables/vocal_music_demucs_16k/metaData_MTG-Jamendo/row44284.csv
SKIPPING: metaTables/vocal_music_demucs_16k/metaData_MTG-Jamendo/row44285.csv
SKIPPING: metaTables/vocal_music_demucs_16k/metaData_MTG-Jamendo/row44286.csv
SKIPPING: metaTables/vocal_music_demucs_16k/metaData_MTG-Jamendo/row44287.csv
SKIPPING: metaTables/vocal_music_demucs_16k/metaData_MTG-Jamendo/row44288.csv
SKIPPING: metaTables/vocal_music_demucs_16k/metaData_MTG-Jamendo/row44289.csv
SKIPPING: metaTables/vocal_music_demucs_16k/metaData_MTG-Jamendo/row44290.csv
SKIPPING: metaTables/vocal_music_demucs_16k/metaData_MTG-Jamendo/row44291.csv
SKIPPING: metaTables/vocal_music_demucs_16k/metaData_MTG-Jamendo/row44292.csv
SKIPPING: metaTables/vocal_music_demucs_16k/metaData_MTG-Jamendo/row44293.csv
SKIPPING: metaTables/vocal_music_demucs_16k/metaData_MTG-Jamendo/row44294.csv
SKIPPING: metaTables/vocal_music_demucs_16k/metaData_MTG-Jamendo/row44295.csv
SKIPPING: metaTables/vocal_music_demucs_16k/metaData_MTG-Jamendo/row44296.csv
SKIPPING: metaTables/vocal_music_demucs_16k/metaData_MTG-Jamendo/row44297.csv
SKIPPING: metaTables/vocal_music_demucs_16k/metaData_MTG-Jamendo/row44298.csv
SKIPPING: metaTables/vocal_music_demucs_16k/metaData_MTG-Jamendo/row44299.csv
Demucs voice recognition done!
