/ext3/demucs/lib/python3.9/site-packages/demucs/api.py:27: UserWarning: TorchAudio's global backend is now deprecated. Please enable distpatcher by setting `TORCHAUDIO_USE_BACKEND_DISPATCHER=1`, and specify backend when calling load/info/save function.
  import torchaudio as ta
2024-05-09 12:03:35.302658: I tensorflow/core/util/port.cc:113] oneDNN custom operations are on. You may see slightly different numerical results due to floating-point round-off errors from different computation orders. To turn them off, set the environment variable `TF_ENABLE_ONEDNN_OPTS=0`.
2024-05-09 12:03:36.556072: E external/local_xla/xla/stream_executor/cuda/cuda_dnn.cc:9261] Unable to register cuDNN factory: Attempting to register factory for plugin cuDNN when one has already been registered
2024-05-09 12:03:36.556110: E external/local_xla/xla/stream_executor/cuda/cuda_fft.cc:607] Unable to register cuFFT factory: Attempting to register factory for plugin cuFFT when one has already been registered
2024-05-09 12:03:36.580441: E external/local_xla/xla/stream_executor/cuda/cuda_blas.cc:1515] Unable to register cuBLAS factory: Attempting to register factory for plugin cuBLAS when one has already been registered
2024-05-09 12:03:36.889949: I tensorflow/core/platform/cpu_feature_guard.cc:182] This TensorFlow binary is optimized to use available CPU instructions in performance-critical operations.
To enable the following instructions: AVX2 AVX512F AVX512_VNNI FMA, in other operations, rebuild TensorFlow with the appropriate compiler flags.
2024-05-09 12:03:38.127114: W tensorflow/compiler/tf2tensorrt/utils/py_utils.cc:38] TF-TRT Warning: Could not find TensorRT
SKIPPING: metaTables/vocal_music_demucs_16k/metaData_MTG-Jamendo/row47900.csv
SKIPPING: metaTables/vocal_music_demucs_16k/metaData_MTG-Jamendo/row47901.csv
SKIPPING: metaTables/vocal_music_demucs_16k/metaData_MTG-Jamendo/row47902.csv
SKIPPING: metaTables/vocal_music_demucs_16k/metaData_MTG-Jamendo/row47903.csv
SKIPPING: metaTables/vocal_music_demucs_16k/metaData_MTG-Jamendo/row47904.csv
SKIPPING: metaTables/vocal_music_demucs_16k/metaData_MTG-Jamendo/row47905.csv
SKIPPING: metaTables/vocal_music_demucs_16k/metaData_MTG-Jamendo/row47906.csv
SKIPPING: metaTables/vocal_music_demucs_16k/metaData_MTG-Jamendo/row47907.csv
SKIPPING: metaTables/vocal_music_demucs_16k/metaData_MTG-Jamendo/row47908.csv
SKIPPING: metaTables/vocal_music_demucs_16k/metaData_MTG-Jamendo/row47909.csv
SKIPPING: metaTables/vocal_music_demucs_16k/metaData_MTG-Jamendo/row47910.csv
SKIPPING: metaTables/vocal_music_demucs_16k/metaData_MTG-Jamendo/row47911.csv
SKIPPING: metaTables/vocal_music_demucs_16k/metaData_MTG-Jamendo/row47912.csv
SKIPPING: metaTables/vocal_music_demucs_16k/metaData_MTG-Jamendo/row47913.csv
SKIPPING: metaTables/vocal_music_demucs_16k/metaData_MTG-Jamendo/row47914.csv
SKIPPING: metaTables/vocal_music_demucs_16k/metaData_MTG-Jamendo/row47915.csv
SKIPPING: metaTables/vocal_music_demucs_16k/metaData_MTG-Jamendo/row47916.csv
SKIPPING: metaTables/vocal_music_demucs_16k/metaData_MTG-Jamendo/row47917.csv
SKIPPING: metaTables/vocal_music_demucs_16k/metaData_MTG-Jamendo/row47918.csv
SKIPPING: metaTables/vocal_music_demucs_16k/metaData_MTG-Jamendo/row47919.csv
SKIPPING: metaTables/vocal_music_demucs_16k/metaData_MTG-Jamendo/row47920.csv
SKIPPING: metaTables/vocal_music_demucs_16k/metaData_MTG-Jamendo/row47921.csv
SKIPPING: metaTables/vocal_music_demucs_16k/metaData_MTG-Jamendo/row47922.csv
SKIPPING: metaTables/vocal_music_demucs_16k/metaData_MTG-Jamendo/row47923.csv
SKIPPING: metaTables/vocal_music_demucs_16k/metaData_MTG-Jamendo/row47924.csv
SKIPPING: metaTables/vocal_music_demucs_16k/metaData_MTG-Jamendo/row47925.csv
SKIPPING: metaTables/vocal_music_demucs_16k/metaData_MTG-Jamendo/row47926.csv
SKIPPING: metaTables/vocal_music_demucs_16k/metaData_MTG-Jamendo/row47927.csv
SKIPPING: metaTables/vocal_music_demucs_16k/metaData_MTG-Jamendo/row47928.csv
SKIPPING: metaTables/vocal_music_demucs_16k/metaData_MTG-Jamendo/row47929.csv
SKIPPING: metaTables/vocal_music_demucs_16k/metaData_MTG-Jamendo/row47930.csv
SKIPPING: metaTables/vocal_music_demucs_16k/metaData_MTG-Jamendo/row47931.csv
SKIPPING: metaTables/vocal_music_demucs_16k/metaData_MTG-Jamendo/row47932.csv
SKIPPING: metaTables/vocal_music_demucs_16k/metaData_MTG-Jamendo/row47933.csv
SKIPPING: metaTables/vocal_music_demucs_16k/metaData_MTG-Jamendo/row47934.csv
SKIPPING: metaTables/vocal_music_demucs_16k/metaData_MTG-Jamendo/row47935.csv
SKIPPING: metaTables/vocal_music_demucs_16k/metaData_MTG-Jamendo/row47936.csv
SKIPPING: metaTables/vocal_music_demucs_16k/metaData_MTG-Jamendo/row47937.csv
SKIPPING: metaTables/vocal_music_demucs_16k/metaData_MTG-Jamendo/row47938.csv
SKIPPING: metaTables/vocal_music_demucs_16k/metaData_MTG-Jamendo/row47939.csv
SKIPPING: metaTables/vocal_music_demucs_16k/metaData_MTG-Jamendo/row47940.csv
SKIPPING: metaTables/vocal_music_demucs_16k/metaData_MTG-Jamendo/row47941.csv
SKIPPING: metaTables/vocal_music_demucs_16k/metaData_MTG-Jamendo/row47942.csv
SKIPPING: metaTables/vocal_music_demucs_16k/metaData_MTG-Jamendo/row47943.csv
SKIPPING: metaTables/vocal_music_demucs_16k/metaData_MTG-Jamendo/row47944.csv
SKIPPING: metaTables/vocal_music_demucs_16k/metaData_MTG-Jamendo/row47945.csv
SKIPPING: metaTables/vocal_music_demucs_16k/metaData_MTG-Jamendo/row47946.csv
SKIPPING: metaTables/vocal_music_demucs_16k/metaData_MTG-Jamendo/row47947.csv
SKIPPING: metaTables/vocal_music_demucs_16k/metaData_MTG-Jamendo/row47948.csv
SKIPPING: metaTables/vocal_music_demucs_16k/metaData_MTG-Jamendo/row47949.csv
SKIPPING: metaTables/vocal_music_demucs_16k/metaData_MTG-Jamendo/row47950.csv
SKIPPING: metaTables/vocal_music_demucs_16k/metaData_MTG-Jamendo/row47951.csv
SKIPPING: metaTables/vocal_music_demucs_16k/metaData_MTG-Jamendo/row47952.csv
SKIPPING: metaTables/vocal_music_demucs_16k/metaData_MTG-Jamendo/row47953.csv
SKIPPING: metaTables/vocal_music_demucs_16k/metaData_MTG-Jamendo/row47954.csv
SKIPPING: metaTables/vocal_music_demucs_16k/metaData_MTG-Jamendo/row47955.csv
SKIPPING: metaTables/vocal_music_demucs_16k/metaData_MTG-Jamendo/row47956.csv
SKIPPING: metaTables/vocal_music_demucs_16k/metaData_MTG-Jamendo/row47957.csv
SKIPPING: metaTables/vocal_music_demucs_16k/metaData_MTG-Jamendo/row47958.csv
SKIPPING: metaTables/vocal_music_demucs_16k/metaData_MTG-Jamendo/row47959.csv
SKIPPING: metaTables/vocal_music_demucs_16k/metaData_MTG-Jamendo/row47960.csv
SKIPPING: metaTables/vocal_music_demucs_16k/metaData_MTG-Jamendo/row47961.csv
SKIPPING: metaTables/vocal_music_demucs_16k/metaData_MTG-Jamendo/row47962.csv
SKIPPING: metaTables/vocal_music_demucs_16k/metaData_MTG-Jamendo/row47963.csv
SKIPPING: metaTables/vocal_music_demucs_16k/metaData_MTG-Jamendo/row47964.csv
SKIPPING: metaTables/vocal_music_demucs_16k/metaData_MTG-Jamendo/row47965.csv
SKIPPING: metaTables/vocal_music_demucs_16k/metaData_MTG-Jamendo/row47966.csv
SKIPPING: metaTables/vocal_music_demucs_16k/metaData_MTG-Jamendo/row47967.csv
SKIPPING: metaTables/vocal_music_demucs_16k/metaData_MTG-Jamendo/row47968.csv
SKIPPING: metaTables/vocal_music_demucs_16k/metaData_MTG-Jamendo/row47969.csv
SKIPPING: metaTables/vocal_music_demucs_16k/metaData_MTG-Jamendo/row47970.csv
SKIPPING: metaTables/vocal_music_demucs_16k/metaData_MTG-Jamendo/row47971.csv
SKIPPING: metaTables/vocal_music_demucs_16k/metaData_MTG-Jamendo/row47972.csv
SKIPPING: metaTables/vocal_music_demucs_16k/metaData_MTG-Jamendo/row47973.csv
SKIPPING: metaTables/vocal_music_demucs_16k/metaData_MTG-Jamendo/row47974.csv
SKIPPING: metaTables/vocal_music_demucs_16k/metaData_MTG-Jamendo/row47975.csv
SKIPPING: metaTables/vocal_music_demucs_16k/metaData_MTG-Jamendo/row47976.csv
SKIPPING: metaTables/vocal_music_demucs_16k/metaData_MTG-Jamendo/row47977.csv
SKIPPING: metaTables/vocal_music_demucs_16k/metaData_MTG-Jamendo/row47978.csv
SKIPPING: metaTables/vocal_music_demucs_16k/metaData_MTG-Jamendo/row47979.csv
SKIPPING: metaTables/vocal_music_demucs_16k/metaData_MTG-Jamendo/row47980.csv
SKIPPING: metaTables/vocal_music_demucs_16k/metaData_MTG-Jamendo/row47981.csv
SKIPPING: metaTables/vocal_music_demucs_16k/metaData_MTG-Jamendo/row47982.csv
SKIPPING: metaTables/vocal_music_demucs_16k/metaData_MTG-Jamendo/row47983.csv
SKIPPING: metaTables/vocal_music_demucs_16k/metaData_MTG-Jamendo/row47984.csv
SKIPPING: metaTables/vocal_music_demucs_16k/metaData_MTG-Jamendo/row47985.csv
SKIPPING: metaTables/vocal_music_demucs_16k/metaData_MTG-Jamendo/row47986.csv
SKIPPING: metaTables/vocal_music_demucs_16k/metaData_MTG-Jamendo/row47987.csv
SKIPPING: metaTables/vocal_music_demucs_16k/metaData_MTG-Jamendo/row47988.csv
SKIPPING: metaTables/vocal_music_demucs_16k/metaData_MTG-Jamendo/row47989.csv
SKIPPING: metaTables/vocal_music_demucs_16k/metaData_MTG-Jamendo/row47990.csv
SKIPPING: metaTables/vocal_music_demucs_16k/metaData_MTG-Jamendo/row47991.csv
SKIPPING: metaTables/vocal_music_demucs_16k/metaData_MTG-Jamendo/row47992.csv
SKIPPING: metaTables/vocal_music_demucs_16k/metaData_MTG-Jamendo/row47993.csv
SKIPPING: metaTables/vocal_music_demucs_16k/metaData_MTG-Jamendo/row47994.csv
SKIPPING: metaTables/vocal_music_demucs_16k/metaData_MTG-Jamendo/row47995.csv
SKIPPING: metaTables/vocal_music_demucs_16k/metaData_MTG-Jamendo/row47996.csv
SKIPPING: metaTables/vocal_music_demucs_16k/metaData_MTG-Jamendo/row47997.csv
SKIPPING: metaTables/vocal_music_demucs_16k/metaData_MTG-Jamendo/row47998.csv
SKIPPING: metaTables/vocal_music_demucs_16k/metaData_MTG-Jamendo/row47999.csv
Demucs voice recognition done!
