/ext3/demucs/lib/python3.9/site-packages/demucs/api.py:27: UserWarning: TorchAudio's global backend is now deprecated. Please enable distpatcher by setting `TORCHAUDIO_USE_BACKEND_DISPATCHER=1`, and specify backend when calling load/info/save function.
  import torchaudio as ta
2024-05-09 12:03:35.777272: I tensorflow/core/util/port.cc:113] oneDNN custom operations are on. You may see slightly different numerical results due to floating-point round-off errors from different computation orders. To turn them off, set the environment variable `TF_ENABLE_ONEDNN_OPTS=0`.
2024-05-09 12:03:36.918861: E external/local_xla/xla/stream_executor/cuda/cuda_dnn.cc:9261] Unable to register cuDNN factory: Attempting to register factory for plugin cuDNN when one has already been registered
2024-05-09 12:03:36.918902: E external/local_xla/xla/stream_executor/cuda/cuda_fft.cc:607] Unable to register cuFFT factory: Attempting to register factory for plugin cuFFT when one has already been registered
2024-05-09 12:03:36.945942: E external/local_xla/xla/stream_executor/cuda/cuda_blas.cc:1515] Unable to register cuBLAS factory: Attempting to register factory for plugin cuBLAS when one has already been registered
2024-05-09 12:03:37.028356: I tensorflow/core/platform/cpu_feature_guard.cc:182] This TensorFlow binary is optimized to use available CPU instructions in performance-critical operations.
To enable the following instructions: AVX2 AVX512F AVX512_VNNI FMA, in other operations, rebuild TensorFlow with the appropriate compiler flags.
2024-05-09 12:03:37.956688: W tensorflow/compiler/tf2tensorrt/utils/py_utils.cc:38] TF-TRT Warning: Could not find TensorRT
SKIPPING: metaTables/vocal_music_demucs_16k/metaData_MTG-Jamendo/row45700.csv
SKIPPING: metaTables/vocal_music_demucs_16k/metaData_MTG-Jamendo/row45701.csv
SKIPPING: metaTables/vocal_music_demucs_16k/metaData_MTG-Jamendo/row45702.csv
SKIPPING: metaTables/vocal_music_demucs_16k/metaData_MTG-Jamendo/row45703.csv
SKIPPING: metaTables/vocal_music_demucs_16k/metaData_MTG-Jamendo/row45704.csv
SKIPPING: metaTables/vocal_music_demucs_16k/metaData_MTG-Jamendo/row45705.csv
SKIPPING: metaTables/vocal_music_demucs_16k/metaData_MTG-Jamendo/row45706.csv
SKIPPING: metaTables/vocal_music_demucs_16k/metaData_MTG-Jamendo/row45707.csv
SKIPPING: metaTables/vocal_music_demucs_16k/metaData_MTG-Jamendo/row45708.csv
SKIPPING: metaTables/vocal_music_demucs_16k/metaData_MTG-Jamendo/row45709.csv
SKIPPING: metaTables/vocal_music_demucs_16k/metaData_MTG-Jamendo/row45710.csv
SKIPPING: metaTables/vocal_music_demucs_16k/metaData_MTG-Jamendo/row45711.csv
SKIPPING: metaTables/vocal_music_demucs_16k/metaData_MTG-Jamendo/row45712.csv
SKIPPING: metaTables/vocal_music_demucs_16k/metaData_MTG-Jamendo/row45713.csv
SKIPPING: metaTables/vocal_music_demucs_16k/metaData_MTG-Jamendo/row45714.csv
SKIPPING: metaTables/vocal_music_demucs_16k/metaData_MTG-Jamendo/row45715.csv
SKIPPING: metaTables/vocal_music_demucs_16k/metaData_MTG-Jamendo/row45716.csv
SKIPPING: metaTables/vocal_music_demucs_16k/metaData_MTG-Jamendo/row45717.csv
SKIPPING: metaTables/vocal_music_demucs_16k/metaData_MTG-Jamendo/row45718.csv
SKIPPING: metaTables/vocal_music_demucs_16k/metaData_MTG-Jamendo/row45719.csv
SKIPPING: metaTables/vocal_music_demucs_16k/metaData_MTG-Jamendo/row45720.csv
SKIPPING: metaTables/vocal_music_demucs_16k/metaData_MTG-Jamendo/row45721.csv
SKIPPING: metaTables/vocal_music_demucs_16k/metaData_MTG-Jamendo/row45722.csv
SKIPPING: metaTables/vocal_music_demucs_16k/metaData_MTG-Jamendo/row45723.csv
SKIPPING: metaTables/vocal_music_demucs_16k/metaData_MTG-Jamendo/row45724.csv
SKIPPING: metaTables/vocal_music_demucs_16k/metaData_MTG-Jamendo/row45725.csv
SKIPPING: metaTables/vocal_music_demucs_16k/metaData_MTG-Jamendo/row45726.csv
SKIPPING: metaTables/vocal_music_demucs_16k/metaData_MTG-Jamendo/row45727.csv
SKIPPING: metaTables/vocal_music_demucs_16k/metaData_MTG-Jamendo/row45728.csv
SKIPPING: metaTables/vocal_music_demucs_16k/metaData_MTG-Jamendo/row45729.csv
SKIPPING: metaTables/vocal_music_demucs_16k/metaData_MTG-Jamendo/row45730.csv
SKIPPING: metaTables/vocal_music_demucs_16k/metaData_MTG-Jamendo/row45731.csv
SKIPPING: metaTables/vocal_music_demucs_16k/metaData_MTG-Jamendo/row45732.csv
SKIPPING: metaTables/vocal_music_demucs_16k/metaData_MTG-Jamendo/row45733.csv
SKIPPING: metaTables/vocal_music_demucs_16k/metaData_MTG-Jamendo/row45734.csv
SKIPPING: metaTables/vocal_music_demucs_16k/metaData_MTG-Jamendo/row45735.csv
SKIPPING: metaTables/vocal_music_demucs_16k/metaData_MTG-Jamendo/row45736.csv
SKIPPING: metaTables/vocal_music_demucs_16k/metaData_MTG-Jamendo/row45737.csv
SKIPPING: metaTables/vocal_music_demucs_16k/metaData_MTG-Jamendo/row45738.csv
SKIPPING: metaTables/vocal_music_demucs_16k/metaData_MTG-Jamendo/row45739.csv
SKIPPING: metaTables/vocal_music_demucs_16k/metaData_MTG-Jamendo/row45740.csv
SKIPPING: metaTables/vocal_music_demucs_16k/metaData_MTG-Jamendo/row45741.csv
SKIPPING: metaTables/vocal_music_demucs_16k/metaData_MTG-Jamendo/row45742.csv
SKIPPING: metaTables/vocal_music_demucs_16k/metaData_MTG-Jamendo/row45743.csv
SKIPPING: metaTables/vocal_music_demucs_16k/metaData_MTG-Jamendo/row45744.csv
SKIPPING: metaTables/vocal_music_demucs_16k/metaData_MTG-Jamendo/row45745.csv
SKIPPING: metaTables/vocal_music_demucs_16k/metaData_MTG-Jamendo/row45746.csv
SKIPPING: metaTables/vocal_music_demucs_16k/metaData_MTG-Jamendo/row45747.csv
SKIPPING: metaTables/vocal_music_demucs_16k/metaData_MTG-Jamendo/row45748.csv
SKIPPING: metaTables/vocal_music_demucs_16k/metaData_MTG-Jamendo/row45749.csv
SKIPPING: metaTables/vocal_music_demucs_16k/metaData_MTG-Jamendo/row45750.csv
SKIPPING: metaTables/vocal_music_demucs_16k/metaData_MTG-Jamendo/row45751.csv
SKIPPING: metaTables/vocal_music_demucs_16k/metaData_MTG-Jamendo/row45752.csv
SKIPPING: metaTables/vocal_music_demucs_16k/metaData_MTG-Jamendo/row45753.csv
SKIPPING: metaTables/vocal_music_demucs_16k/metaData_MTG-Jamendo/row45754.csv
SKIPPING: metaTables/vocal_music_demucs_16k/metaData_MTG-Jamendo/row45755.csv
SKIPPING: metaTables/vocal_music_demucs_16k/metaData_MTG-Jamendo/row45756.csv
SKIPPING: metaTables/vocal_music_demucs_16k/metaData_MTG-Jamendo/row45757.csv
SKIPPING: metaTables/vocal_music_demucs_16k/metaData_MTG-Jamendo/row45758.csv
SKIPPING: metaTables/vocal_music_demucs_16k/metaData_MTG-Jamendo/row45759.csv
SKIPPING: metaTables/vocal_music_demucs_16k/metaData_MTG-Jamendo/row45760.csv
SKIPPING: metaTables/vocal_music_demucs_16k/metaData_MTG-Jamendo/row45761.csv
SKIPPING: metaTables/vocal_music_demucs_16k/metaData_MTG-Jamendo/row45762.csv
SKIPPING: metaTables/vocal_music_demucs_16k/metaData_MTG-Jamendo/row45763.csv
SKIPPING: metaTables/vocal_music_demucs_16k/metaData_MTG-Jamendo/row45764.csv
SKIPPING: metaTables/vocal_music_demucs_16k/metaData_MTG-Jamendo/row45765.csv
SKIPPING: metaTables/vocal_music_demucs_16k/metaData_MTG-Jamendo/row45766.csv
SKIPPING: metaTables/vocal_music_demucs_16k/metaData_MTG-Jamendo/row45767.csv
SKIPPING: metaTables/vocal_music_demucs_16k/metaData_MTG-Jamendo/row45768.csv
SKIPPING: metaTables/vocal_music_demucs_16k/metaData_MTG-Jamendo/row45769.csv
SKIPPING: metaTables/vocal_music_demucs_16k/metaData_MTG-Jamendo/row45770.csv
SKIPPING: metaTables/vocal_music_demucs_16k/metaData_MTG-Jamendo/row45771.csv
SKIPPING: metaTables/vocal_music_demucs_16k/metaData_MTG-Jamendo/row45772.csv
SKIPPING: metaTables/vocal_music_demucs_16k/metaData_MTG-Jamendo/row45773.csv
SKIPPING: metaTables/vocal_music_demucs_16k/metaData_MTG-Jamendo/row45774.csv
SKIPPING: metaTables/vocal_music_demucs_16k/metaData_MTG-Jamendo/row45775.csv
SKIPPING: metaTables/vocal_music_demucs_16k/metaData_MTG-Jamendo/row45776.csv
SKIPPING: metaTables/vocal_music_demucs_16k/metaData_MTG-Jamendo/row45777.csv
SKIPPING: metaTables/vocal_music_demucs_16k/metaData_MTG-Jamendo/row45778.csv
SKIPPING: metaTables/vocal_music_demucs_16k/metaData_MTG-Jamendo/row45779.csv
SKIPPING: metaTables/vocal_music_demucs_16k/metaData_MTG-Jamendo/row45780.csv
SKIPPING: metaTables/vocal_music_demucs_16k/metaData_MTG-Jamendo/row45781.csv
SKIPPING: metaTables/vocal_music_demucs_16k/metaData_MTG-Jamendo/row45782.csv
SKIPPING: metaTables/vocal_music_demucs_16k/metaData_MTG-Jamendo/row45783.csv
SKIPPING: metaTables/vocal_music_demucs_16k/metaData_MTG-Jamendo/row45784.csv
SKIPPING: metaTables/vocal_music_demucs_16k/metaData_MTG-Jamendo/row45785.csv
SKIPPING: metaTables/vocal_music_demucs_16k/metaData_MTG-Jamendo/row45786.csv
SKIPPING: metaTables/vocal_music_demucs_16k/metaData_MTG-Jamendo/row45787.csv
SKIPPING: metaTables/vocal_music_demucs_16k/metaData_MTG-Jamendo/row45788.csv
SKIPPING: metaTables/vocal_music_demucs_16k/metaData_MTG-Jamendo/row45789.csv
SKIPPING: metaTables/vocal_music_demucs_16k/metaData_MTG-Jamendo/row45790.csv
SKIPPING: metaTables/vocal_music_demucs_16k/metaData_MTG-Jamendo/row45791.csv
SKIPPING: metaTables/vocal_music_demucs_16k/metaData_MTG-Jamendo/row45792.csv
SKIPPING: metaTables/vocal_music_demucs_16k/metaData_MTG-Jamendo/row45793.csv
SKIPPING: metaTables/vocal_music_demucs_16k/metaData_MTG-Jamendo/row45794.csv
SKIPPING: metaTables/vocal_music_demucs_16k/metaData_MTG-Jamendo/row45795.csv
SKIPPING: metaTables/vocal_music_demucs_16k/metaData_MTG-Jamendo/row45796.csv
SKIPPING: metaTables/vocal_music_demucs_16k/metaData_MTG-Jamendo/row45797.csv
SKIPPING: metaTables/vocal_music_demucs_16k/metaData_MTG-Jamendo/row45798.csv
SKIPPING: metaTables/vocal_music_demucs_16k/metaData_MTG-Jamendo/row45799.csv
Demucs voice recognition done!
