/ext3/demucs/lib/python3.9/site-packages/demucs/api.py:27: UserWarning: TorchAudio's global backend is now deprecated. Please enable distpatcher by setting `TORCHAUDIO_USE_BACKEND_DISPATCHER=1`, and specify backend when calling load/info/save function.
  import torchaudio as ta
2024-05-09 09:28:36.145093: I tensorflow/core/util/port.cc:113] oneDNN custom operations are on. You may see slightly different numerical results due to floating-point round-off errors from different computation orders. To turn them off, set the environment variable `TF_ENABLE_ONEDNN_OPTS=0`.
2024-05-09 09:28:37.322765: E external/local_xla/xla/stream_executor/cuda/cuda_dnn.cc:9261] Unable to register cuDNN factory: Attempting to register factory for plugin cuDNN when one has already been registered
2024-05-09 09:28:37.322809: E external/local_xla/xla/stream_executor/cuda/cuda_fft.cc:607] Unable to register cuFFT factory: Attempting to register factory for plugin cuFFT when one has already been registered
2024-05-09 09:28:37.494472: E external/local_xla/xla/stream_executor/cuda/cuda_blas.cc:1515] Unable to register cuBLAS factory: Attempting to register factory for plugin cuBLAS when one has already been registered
2024-05-09 09:28:37.602696: I tensorflow/core/platform/cpu_feature_guard.cc:182] This TensorFlow binary is optimized to use available CPU instructions in performance-critical operations.
To enable the following instructions: AVX2 AVX512F AVX512_VNNI FMA, in other operations, rebuild TensorFlow with the appropriate compiler flags.
2024-05-09 09:28:39.169681: W tensorflow/compiler/tf2tensorrt/utils/py_utils.cc:38] TF-TRT Warning: Could not find TensorRT
SKIPPING: metaTables/vocal_music_demucs_16k/metaData_MTG-Jamendo/row16400.csv
SKIPPING: metaTables/vocal_music_demucs_16k/metaData_MTG-Jamendo/row16401.csv
SKIPPING: metaTables/vocal_music_demucs_16k/metaData_MTG-Jamendo/row16402.csv
SKIPPING: metaTables/vocal_music_demucs_16k/metaData_MTG-Jamendo/row16403.csv
SKIPPING: metaTables/vocal_music_demucs_16k/metaData_MTG-Jamendo/row16404.csv
SKIPPING: metaTables/vocal_music_demucs_16k/metaData_MTG-Jamendo/row16405.csv
SKIPPING: metaTables/vocal_music_demucs_16k/metaData_MTG-Jamendo/row16406.csv
SKIPPING: metaTables/vocal_music_demucs_16k/metaData_MTG-Jamendo/row16407.csv
SKIPPING: metaTables/vocal_music_demucs_16k/metaData_MTG-Jamendo/row16408.csv
SKIPPING: metaTables/vocal_music_demucs_16k/metaData_MTG-Jamendo/row16409.csv
SKIPPING: metaTables/vocal_music_demucs_16k/metaData_MTG-Jamendo/row16410.csv
SKIPPING: metaTables/vocal_music_demucs_16k/metaData_MTG-Jamendo/row16411.csv
SKIPPING: metaTables/vocal_music_demucs_16k/metaData_MTG-Jamendo/row16412.csv
SKIPPING: metaTables/vocal_music_demucs_16k/metaData_MTG-Jamendo/row16413.csv
SKIPPING: metaTables/vocal_music_demucs_16k/metaData_MTG-Jamendo/row16414.csv
SKIPPING: metaTables/vocal_music_demucs_16k/metaData_MTG-Jamendo/row16415.csv
SKIPPING: metaTables/vocal_music_demucs_16k/metaData_MTG-Jamendo/row16416.csv
SKIPPING: metaTables/vocal_music_demucs_16k/metaData_MTG-Jamendo/row16417.csv
SKIPPING: metaTables/vocal_music_demucs_16k/metaData_MTG-Jamendo/row16418.csv
SKIPPING: metaTables/vocal_music_demucs_16k/metaData_MTG-Jamendo/row16419.csv
SKIPPING: metaTables/vocal_music_demucs_16k/metaData_MTG-Jamendo/row16420.csv
SKIPPING: metaTables/vocal_music_demucs_16k/metaData_MTG-Jamendo/row16421.csv
Execution time: 110.67447423934937 seconds
metaTables/vocal_music_demucs_16k/metaData_MTG-Jamendo/row16422.csv
Execution time: 110.48560547828674 seconds
metaTables/vocal_music_demucs_16k/metaData_MTG-Jamendo/row16423.csv
Execution time: 111.73008561134338 seconds
metaTables/vocal_music_demucs_16k/metaData_MTG-Jamendo/row16424.csv
Execution time: 110.36698269844055 seconds
metaTables/vocal_music_demucs_16k/metaData_MTG-Jamendo/row16425.csv
Execution time: 108.63088369369507 seconds
metaTables/vocal_music_demucs_16k/metaData_MTG-Jamendo/row16426.csv
Execution time: 106.29299068450928 seconds
metaTables/vocal_music_demucs_16k/metaData_MTG-Jamendo/row16427.csv
Execution time: 106.33829689025879 seconds
metaTables/vocal_music_demucs_16k/metaData_MTG-Jamendo/row16428.csv
Execution time: 98.48473310470581 seconds
metaTables/vocal_music_demucs_16k/metaData_MTG-Jamendo/row16429.csv
Execution time: 111.66494393348694 seconds
metaTables/vocal_music_demucs_16k/metaData_MTG-Jamendo/row16430.csv
Execution time: 107.75869679450989 seconds
metaTables/vocal_music_demucs_16k/metaData_MTG-Jamendo/row16431.csv
Execution time: 57.89809989929199 seconds
metaTables/vocal_music_demucs_16k/metaData_MTG-Jamendo/row16432.csv
Execution time: 139.18901753425598 seconds
metaTables/vocal_music_demucs_16k/metaData_MTG-Jamendo/row16433.csv
Execution time: 44.06072688102722 seconds
metaTables/vocal_music_demucs_16k/metaData_MTG-Jamendo/row16434.csv
Execution time: 72.17888832092285 seconds
metaTables/vocal_music_demucs_16k/metaData_MTG-Jamendo/row16435.csv
Execution time: 112.10235333442688 seconds
metaTables/vocal_music_demucs_16k/metaData_MTG-Jamendo/row16436.csv
Execution time: 105.96791577339172 seconds
metaTables/vocal_music_demucs_16k/metaData_MTG-Jamendo/row16437.csv
Execution time: 109.3868637084961 seconds
metaTables/vocal_music_demucs_16k/metaData_MTG-Jamendo/row16438.csv
Execution time: 128.885089635849 seconds
metaTables/vocal_music_demucs_16k/metaData_MTG-Jamendo/row16439.csv
Execution time: 106.73623538017273 seconds
metaTables/vocal_music_demucs_16k/metaData_MTG-Jamendo/row16440.csv
Execution time: 107.2118833065033 seconds
metaTables/vocal_music_demucs_16k/metaData_MTG-Jamendo/row16441.csv
Execution time: 108.53914499282837 seconds
metaTables/vocal_music_demucs_16k/metaData_MTG-Jamendo/row16442.csv
Execution time: 108.45327377319336 seconds
metaTables/vocal_music_demucs_16k/metaData_MTG-Jamendo/row16443.csv
Execution time: 107.67952275276184 seconds
metaTables/vocal_music_demucs_16k/metaData_MTG-Jamendo/row16444.csv
Execution time: 109.66554117202759 seconds
metaTables/vocal_music_demucs_16k/metaData_MTG-Jamendo/row16445.csv
Execution time: 108.23118233680725 seconds
metaTables/vocal_music_demucs_16k/metaData_MTG-Jamendo/row16446.csv
Execution time: 109.35756206512451 seconds
metaTables/vocal_music_demucs_16k/metaData_MTG-Jamendo/row16447.csv
Execution time: 59.284220933914185 seconds
metaTables/vocal_music_demucs_16k/metaData_MTG-Jamendo/row16448.csv
Execution time: 94.18459463119507 seconds
metaTables/vocal_music_demucs_16k/metaData_MTG-Jamendo/row16449.csv
Execution time: 106.50196313858032 seconds
metaTables/vocal_music_demucs_16k/metaData_MTG-Jamendo/row16450.csv
Execution time: 111.41708564758301 seconds
metaTables/vocal_music_demucs_16k/metaData_MTG-Jamendo/row16451.csv
Execution time: 111.21964526176453 seconds
metaTables/vocal_music_demucs_16k/metaData_MTG-Jamendo/row16452.csv
Execution time: 107.64728951454163 seconds
metaTables/vocal_music_demucs_16k/metaData_MTG-Jamendo/row16453.csv
Execution time: 68.4889669418335 seconds
metaTables/vocal_music_demucs_16k/metaData_MTG-Jamendo/row16454.csv
Execution time: 104.01055479049683 seconds
metaTables/vocal_music_demucs_16k/metaData_MTG-Jamendo/row16455.csv
Execution time: 102.6298279762268 seconds
metaTables/vocal_music_demucs_16k/metaData_MTG-Jamendo/row16456.csv
Execution time: 111.26518321037292 seconds
metaTables/vocal_music_demucs_16k/metaData_MTG-Jamendo/row16457.csv
Execution time: 112.07408118247986 seconds
metaTables/vocal_music_demucs_16k/metaData_MTG-Jamendo/row16458.csv
Execution time: 108.94069957733154 seconds
metaTables/vocal_music_demucs_16k/metaData_MTG-Jamendo/row16459.csv
Execution time: 103.13116097450256 seconds
metaTables/vocal_music_demucs_16k/metaData_MTG-Jamendo/row16460.csv
Execution time: 106.9066309928894 seconds
metaTables/vocal_music_demucs_16k/metaData_MTG-Jamendo/row16461.csv
Execution time: 110.58696699142456 seconds
metaTables/vocal_music_demucs_16k/metaData_MTG-Jamendo/row16462.csv
Execution time: 111.90592384338379 seconds
metaTables/vocal_music_demucs_16k/metaData_MTG-Jamendo/row16463.csv
Execution time: 108.95873689651489 seconds
metaTables/vocal_music_demucs_16k/metaData_MTG-Jamendo/row16464.csv
Execution time: 66.4907283782959 seconds
metaTables/vocal_music_demucs_16k/metaData_MTG-Jamendo/row16465.csv
Execution time: 102.67526531219482 seconds
metaTables/vocal_music_demucs_16k/metaData_MTG-Jamendo/row16466.csv
Execution time: 102.42920064926147 seconds
metaTables/vocal_music_demucs_16k/metaData_MTG-Jamendo/row16467.csv
Execution time: 95.03126835823059 seconds
metaTables/vocal_music_demucs_16k/metaData_MTG-Jamendo/row16468.csv
Execution time: 98.79308581352234 seconds
metaTables/vocal_music_demucs_16k/metaData_MTG-Jamendo/row16469.csv
Execution time: 92.41880822181702 seconds
metaTables/vocal_music_demucs_16k/metaData_MTG-Jamendo/row16470.csv
Execution time: 91.380375623703 seconds
metaTables/vocal_music_demucs_16k/metaData_MTG-Jamendo/row16471.csv
Execution time: 90.65372085571289 seconds
metaTables/vocal_music_demucs_16k/metaData_MTG-Jamendo/row16472.csv
Execution time: 86.50144982337952 seconds
metaTables/vocal_music_demucs_16k/metaData_MTG-Jamendo/row16473.csv
Execution time: 88.84493279457092 seconds
metaTables/vocal_music_demucs_16k/metaData_MTG-Jamendo/row16474.csv
Execution time: 88.80474042892456 seconds
metaTables/vocal_music_demucs_16k/metaData_MTG-Jamendo/row16475.csv
Execution time: 84.34767460823059 seconds
metaTables/vocal_music_demucs_16k/metaData_MTG-Jamendo/row16476.csv
Execution time: 86.97260761260986 seconds
metaTables/vocal_music_demucs_16k/metaData_MTG-Jamendo/row16477.csv
Execution time: 90.29306674003601 seconds
metaTables/vocal_music_demucs_16k/metaData_MTG-Jamendo/row16478.csv
Execution time: 88.00977301597595 seconds
metaTables/vocal_music_demucs_16k/metaData_MTG-Jamendo/row16479.csv
Execution time: 86.91909050941467 seconds
metaTables/vocal_music_demucs_16k/metaData_MTG-Jamendo/row16480.csv
Execution time: 89.61371326446533 seconds
metaTables/vocal_music_demucs_16k/metaData_MTG-Jamendo/row16481.csv
Execution time: 87.43531799316406 seconds
metaTables/vocal_music_demucs_16k/metaData_MTG-Jamendo/row16482.csv
Execution time: 90.0643219947815 seconds
metaTables/vocal_music_demucs_16k/metaData_MTG-Jamendo/row16483.csv
Execution time: 89.02346515655518 seconds
metaTables/vocal_music_demucs_16k/metaData_MTG-Jamendo/row16484.csv
Execution time: 87.77782344818115 seconds
metaTables/vocal_music_demucs_16k/metaData_MTG-Jamendo/row16485.csv
Execution time: 87.89836645126343 seconds
metaTables/vocal_music_demucs_16k/metaData_MTG-Jamendo/row16486.csv
Execution time: 87.49443101882935 seconds
metaTables/vocal_music_demucs_16k/metaData_MTG-Jamendo/row16487.csv
Execution time: 89.406485080719 seconds
metaTables/vocal_music_demucs_16k/metaData_MTG-Jamendo/row16488.csv
Execution time: 88.04867482185364 seconds
metaTables/vocal_music_demucs_16k/metaData_MTG-Jamendo/row16489.csv
Execution time: 85.26868295669556 seconds
metaTables/vocal_music_demucs_16k/metaData_MTG-Jamendo/row16490.csv
Execution time: 51.15688633918762 seconds
metaTables/vocal_music_demucs_16k/metaData_MTG-Jamendo/row16491.csv
Execution time: 90.32962942123413 seconds
metaTables/vocal_music_demucs_16k/metaData_MTG-Jamendo/row16492.csv
Execution time: 88.11164879798889 seconds
metaTables/vocal_music_demucs_16k/metaData_MTG-Jamendo/row16493.csv
Execution time: 89.16357803344727 seconds
metaTables/vocal_music_demucs_16k/metaData_MTG-Jamendo/row16494.csv
Execution time: 88.85446262359619 seconds
metaTables/vocal_music_demucs_16k/metaData_MTG-Jamendo/row16495.csv
Execution time: 87.5707938671112 seconds
metaTables/vocal_music_demucs_16k/metaData_MTG-Jamendo/row16496.csv
Execution time: 90.37438035011292 seconds
metaTables/vocal_music_demucs_16k/metaData_MTG-Jamendo/row16497.csv
Execution time: 89.17581987380981 seconds
metaTables/vocal_music_demucs_16k/metaData_MTG-Jamendo/row16498.csv
Execution time: 86.75307536125183 seconds
metaTables/vocal_music_demucs_16k/metaData_MTG-Jamendo/row16499.csv
Demucs voice recognition done!
