/ext3/demucs/lib/python3.9/site-packages/demucs/api.py:27: UserWarning: TorchAudio's global backend is now deprecated. Please enable distpatcher by setting `TORCHAUDIO_USE_BACKEND_DISPATCHER=1`, and specify backend when calling load/info/save function.
  import torchaudio as ta
2024-05-09 12:03:35.856199: I tensorflow/core/util/port.cc:113] oneDNN custom operations are on. You may see slightly different numerical results due to floating-point round-off errors from different computation orders. To turn them off, set the environment variable `TF_ENABLE_ONEDNN_OPTS=0`.
2024-05-09 12:03:36.825625: E external/local_xla/xla/stream_executor/cuda/cuda_dnn.cc:9261] Unable to register cuDNN factory: Attempting to register factory for plugin cuDNN when one has already been registered
2024-05-09 12:03:36.825671: E external/local_xla/xla/stream_executor/cuda/cuda_fft.cc:607] Unable to register cuFFT factory: Attempting to register factory for plugin cuFFT when one has already been registered
2024-05-09 12:03:36.887277: E external/local_xla/xla/stream_executor/cuda/cuda_blas.cc:1515] Unable to register cuBLAS factory: Attempting to register factory for plugin cuBLAS when one has already been registered
2024-05-09 12:03:37.293057: I tensorflow/core/platform/cpu_feature_guard.cc:182] This TensorFlow binary is optimized to use available CPU instructions in performance-critical operations.
To enable the following instructions: AVX2 AVX512F AVX512_VNNI FMA, in other operations, rebuild TensorFlow with the appropriate compiler flags.
2024-05-09 12:03:38.208964: W tensorflow/compiler/tf2tensorrt/utils/py_utils.cc:38] TF-TRT Warning: Could not find TensorRT
SKIPPING: metaTables/vocal_music_demucs_16k/metaData_MTG-Jamendo/row48300.csv
SKIPPING: metaTables/vocal_music_demucs_16k/metaData_MTG-Jamendo/row48301.csv
SKIPPING: metaTables/vocal_music_demucs_16k/metaData_MTG-Jamendo/row48302.csv
SKIPPING: metaTables/vocal_music_demucs_16k/metaData_MTG-Jamendo/row48303.csv
SKIPPING: metaTables/vocal_music_demucs_16k/metaData_MTG-Jamendo/row48304.csv
SKIPPING: metaTables/vocal_music_demucs_16k/metaData_MTG-Jamendo/row48305.csv
SKIPPING: metaTables/vocal_music_demucs_16k/metaData_MTG-Jamendo/row48306.csv
SKIPPING: metaTables/vocal_music_demucs_16k/metaData_MTG-Jamendo/row48307.csv
SKIPPING: metaTables/vocal_music_demucs_16k/metaData_MTG-Jamendo/row48308.csv
SKIPPING: metaTables/vocal_music_demucs_16k/metaData_MTG-Jamendo/row48309.csv
SKIPPING: metaTables/vocal_music_demucs_16k/metaData_MTG-Jamendo/row48310.csv
SKIPPING: metaTables/vocal_music_demucs_16k/metaData_MTG-Jamendo/row48311.csv
SKIPPING: metaTables/vocal_music_demucs_16k/metaData_MTG-Jamendo/row48312.csv
SKIPPING: metaTables/vocal_music_demucs_16k/metaData_MTG-Jamendo/row48313.csv
SKIPPING: metaTables/vocal_music_demucs_16k/metaData_MTG-Jamendo/row48314.csv
SKIPPING: metaTables/vocal_music_demucs_16k/metaData_MTG-Jamendo/row48315.csv
SKIPPING: metaTables/vocal_music_demucs_16k/metaData_MTG-Jamendo/row48316.csv
SKIPPING: metaTables/vocal_music_demucs_16k/metaData_MTG-Jamendo/row48317.csv
SKIPPING: metaTables/vocal_music_demucs_16k/metaData_MTG-Jamendo/row48318.csv
SKIPPING: metaTables/vocal_music_demucs_16k/metaData_MTG-Jamendo/row48319.csv
SKIPPING: metaTables/vocal_music_demucs_16k/metaData_MTG-Jamendo/row48320.csv
SKIPPING: metaTables/vocal_music_demucs_16k/metaData_MTG-Jamendo/row48321.csv
SKIPPING: metaTables/vocal_music_demucs_16k/metaData_MTG-Jamendo/row48322.csv
SKIPPING: metaTables/vocal_music_demucs_16k/metaData_MTG-Jamendo/row48323.csv
SKIPPING: metaTables/vocal_music_demucs_16k/metaData_MTG-Jamendo/row48324.csv
SKIPPING: metaTables/vocal_music_demucs_16k/metaData_MTG-Jamendo/row48325.csv
SKIPPING: metaTables/vocal_music_demucs_16k/metaData_MTG-Jamendo/row48326.csv
SKIPPING: metaTables/vocal_music_demucs_16k/metaData_MTG-Jamendo/row48327.csv
SKIPPING: metaTables/vocal_music_demucs_16k/metaData_MTG-Jamendo/row48328.csv
SKIPPING: metaTables/vocal_music_demucs_16k/metaData_MTG-Jamendo/row48329.csv
SKIPPING: metaTables/vocal_music_demucs_16k/metaData_MTG-Jamendo/row48330.csv
SKIPPING: metaTables/vocal_music_demucs_16k/metaData_MTG-Jamendo/row48331.csv
SKIPPING: metaTables/vocal_music_demucs_16k/metaData_MTG-Jamendo/row48332.csv
SKIPPING: metaTables/vocal_music_demucs_16k/metaData_MTG-Jamendo/row48333.csv
SKIPPING: metaTables/vocal_music_demucs_16k/metaData_MTG-Jamendo/row48334.csv
SKIPPING: metaTables/vocal_music_demucs_16k/metaData_MTG-Jamendo/row48335.csv
SKIPPING: metaTables/vocal_music_demucs_16k/metaData_MTG-Jamendo/row48336.csv
SKIPPING: metaTables/vocal_music_demucs_16k/metaData_MTG-Jamendo/row48337.csv
SKIPPING: metaTables/vocal_music_demucs_16k/metaData_MTG-Jamendo/row48338.csv
SKIPPING: metaTables/vocal_music_demucs_16k/metaData_MTG-Jamendo/row48339.csv
SKIPPING: metaTables/vocal_music_demucs_16k/metaData_MTG-Jamendo/row48340.csv
SKIPPING: metaTables/vocal_music_demucs_16k/metaData_MTG-Jamendo/row48341.csv
SKIPPING: metaTables/vocal_music_demucs_16k/metaData_MTG-Jamendo/row48342.csv
SKIPPING: metaTables/vocal_music_demucs_16k/metaData_MTG-Jamendo/row48343.csv
SKIPPING: metaTables/vocal_music_demucs_16k/metaData_MTG-Jamendo/row48344.csv
SKIPPING: metaTables/vocal_music_demucs_16k/metaData_MTG-Jamendo/row48345.csv
SKIPPING: metaTables/vocal_music_demucs_16k/metaData_MTG-Jamendo/row48346.csv
SKIPPING: metaTables/vocal_music_demucs_16k/metaData_MTG-Jamendo/row48347.csv
SKIPPING: metaTables/vocal_music_demucs_16k/metaData_MTG-Jamendo/row48348.csv
SKIPPING: metaTables/vocal_music_demucs_16k/metaData_MTG-Jamendo/row48349.csv
SKIPPING: metaTables/vocal_music_demucs_16k/metaData_MTG-Jamendo/row48350.csv
SKIPPING: metaTables/vocal_music_demucs_16k/metaData_MTG-Jamendo/row48351.csv
SKIPPING: metaTables/vocal_music_demucs_16k/metaData_MTG-Jamendo/row48352.csv
SKIPPING: metaTables/vocal_music_demucs_16k/metaData_MTG-Jamendo/row48353.csv
SKIPPING: metaTables/vocal_music_demucs_16k/metaData_MTG-Jamendo/row48354.csv
SKIPPING: metaTables/vocal_music_demucs_16k/metaData_MTG-Jamendo/row48355.csv
SKIPPING: metaTables/vocal_music_demucs_16k/metaData_MTG-Jamendo/row48356.csv
SKIPPING: metaTables/vocal_music_demucs_16k/metaData_MTG-Jamendo/row48357.csv
SKIPPING: metaTables/vocal_music_demucs_16k/metaData_MTG-Jamendo/row48358.csv
SKIPPING: metaTables/vocal_music_demucs_16k/metaData_MTG-Jamendo/row48359.csv
SKIPPING: metaTables/vocal_music_demucs_16k/metaData_MTG-Jamendo/row48360.csv
SKIPPING: metaTables/vocal_music_demucs_16k/metaData_MTG-Jamendo/row48361.csv
SKIPPING: metaTables/vocal_music_demucs_16k/metaData_MTG-Jamendo/row48362.csv
SKIPPING: metaTables/vocal_music_demucs_16k/metaData_MTG-Jamendo/row48363.csv
SKIPPING: metaTables/vocal_music_demucs_16k/metaData_MTG-Jamendo/row48364.csv
SKIPPING: metaTables/vocal_music_demucs_16k/metaData_MTG-Jamendo/row48365.csv
SKIPPING: metaTables/vocal_music_demucs_16k/metaData_MTG-Jamendo/row48366.csv
SKIPPING: metaTables/vocal_music_demucs_16k/metaData_MTG-Jamendo/row48367.csv
SKIPPING: metaTables/vocal_music_demucs_16k/metaData_MTG-Jamendo/row48368.csv
SKIPPING: metaTables/vocal_music_demucs_16k/metaData_MTG-Jamendo/row48369.csv
SKIPPING: metaTables/vocal_music_demucs_16k/metaData_MTG-Jamendo/row48370.csv
SKIPPING: metaTables/vocal_music_demucs_16k/metaData_MTG-Jamendo/row48371.csv
SKIPPING: metaTables/vocal_music_demucs_16k/metaData_MTG-Jamendo/row48372.csv
SKIPPING: metaTables/vocal_music_demucs_16k/metaData_MTG-Jamendo/row48373.csv
SKIPPING: metaTables/vocal_music_demucs_16k/metaData_MTG-Jamendo/row48374.csv
SKIPPING: metaTables/vocal_music_demucs_16k/metaData_MTG-Jamendo/row48375.csv
SKIPPING: metaTables/vocal_music_demucs_16k/metaData_MTG-Jamendo/row48376.csv
SKIPPING: metaTables/vocal_music_demucs_16k/metaData_MTG-Jamendo/row48377.csv
SKIPPING: metaTables/vocal_music_demucs_16k/metaData_MTG-Jamendo/row48378.csv
SKIPPING: metaTables/vocal_music_demucs_16k/metaData_MTG-Jamendo/row48379.csv
SKIPPING: metaTables/vocal_music_demucs_16k/metaData_MTG-Jamendo/row48380.csv
SKIPPING: metaTables/vocal_music_demucs_16k/metaData_MTG-Jamendo/row48381.csv
SKIPPING: metaTables/vocal_music_demucs_16k/metaData_MTG-Jamendo/row48382.csv
SKIPPING: metaTables/vocal_music_demucs_16k/metaData_MTG-Jamendo/row48383.csv
SKIPPING: metaTables/vocal_music_demucs_16k/metaData_MTG-Jamendo/row48384.csv
SKIPPING: metaTables/vocal_music_demucs_16k/metaData_MTG-Jamendo/row48385.csv
SKIPPING: metaTables/vocal_music_demucs_16k/metaData_MTG-Jamendo/row48386.csv
SKIPPING: metaTables/vocal_music_demucs_16k/metaData_MTG-Jamendo/row48387.csv
SKIPPING: metaTables/vocal_music_demucs_16k/metaData_MTG-Jamendo/row48388.csv
SKIPPING: metaTables/vocal_music_demucs_16k/metaData_MTG-Jamendo/row48389.csv
SKIPPING: metaTables/vocal_music_demucs_16k/metaData_MTG-Jamendo/row48390.csv
SKIPPING: metaTables/vocal_music_demucs_16k/metaData_MTG-Jamendo/row48391.csv
SKIPPING: metaTables/vocal_music_demucs_16k/metaData_MTG-Jamendo/row48392.csv
SKIPPING: metaTables/vocal_music_demucs_16k/metaData_MTG-Jamendo/row48393.csv
SKIPPING: metaTables/vocal_music_demucs_16k/metaData_MTG-Jamendo/row48394.csv
SKIPPING: metaTables/vocal_music_demucs_16k/metaData_MTG-Jamendo/row48395.csv
SKIPPING: metaTables/vocal_music_demucs_16k/metaData_MTG-Jamendo/row48396.csv
SKIPPING: metaTables/vocal_music_demucs_16k/metaData_MTG-Jamendo/row48397.csv
SKIPPING: metaTables/vocal_music_demucs_16k/metaData_MTG-Jamendo/row48398.csv
SKIPPING: metaTables/vocal_music_demucs_16k/metaData_MTG-Jamendo/row48399.csv
Demucs voice recognition done!
