/ext3/demucs/lib/python3.9/site-packages/demucs/api.py:27: UserWarning: TorchAudio's global backend is now deprecated. Please enable distpatcher by setting `TORCHAUDIO_USE_BACKEND_DISPATCHER=1`, and specify backend when calling load/info/save function.
  import torchaudio as ta
2024-05-09 09:29:50.841195: I tensorflow/core/util/port.cc:113] oneDNN custom operations are on. You may see slightly different numerical results due to floating-point round-off errors from different computation orders. To turn them off, set the environment variable `TF_ENABLE_ONEDNN_OPTS=0`.
2024-05-09 09:29:53.307766: E external/local_xla/xla/stream_executor/cuda/cuda_dnn.cc:9261] Unable to register cuDNN factory: Attempting to register factory for plugin cuDNN when one has already been registered
2024-05-09 09:29:53.307804: E external/local_xla/xla/stream_executor/cuda/cuda_fft.cc:607] Unable to register cuFFT factory: Attempting to register factory for plugin cuFFT when one has already been registered
2024-05-09 09:29:53.500208: E external/local_xla/xla/stream_executor/cuda/cuda_blas.cc:1515] Unable to register cuBLAS factory: Attempting to register factory for plugin cuBLAS when one has already been registered
2024-05-09 09:29:53.811609: I tensorflow/core/platform/cpu_feature_guard.cc:182] This TensorFlow binary is optimized to use available CPU instructions in performance-critical operations.
To enable the following instructions: AVX2 AVX512F AVX512_VNNI FMA, in other operations, rebuild TensorFlow with the appropriate compiler flags.
2024-05-09 09:29:56.167413: W tensorflow/compiler/tf2tensorrt/utils/py_utils.cc:38] TF-TRT Warning: Could not find TensorRT
SKIPPING: metaTables/vocal_music_demucs_16k/metaData_MTG-Jamendo/row32400.csv
SKIPPING: metaTables/vocal_music_demucs_16k/metaData_MTG-Jamendo/row32401.csv
SKIPPING: metaTables/vocal_music_demucs_16k/metaData_MTG-Jamendo/row32402.csv
SKIPPING: metaTables/vocal_music_demucs_16k/metaData_MTG-Jamendo/row32403.csv
SKIPPING: metaTables/vocal_music_demucs_16k/metaData_MTG-Jamendo/row32404.csv
SKIPPING: metaTables/vocal_music_demucs_16k/metaData_MTG-Jamendo/row32405.csv
SKIPPING: metaTables/vocal_music_demucs_16k/metaData_MTG-Jamendo/row32406.csv
SKIPPING: metaTables/vocal_music_demucs_16k/metaData_MTG-Jamendo/row32407.csv
SKIPPING: metaTables/vocal_music_demucs_16k/metaData_MTG-Jamendo/row32408.csv
SKIPPING: metaTables/vocal_music_demucs_16k/metaData_MTG-Jamendo/row32409.csv
SKIPPING: metaTables/vocal_music_demucs_16k/metaData_MTG-Jamendo/row32410.csv
SKIPPING: metaTables/vocal_music_demucs_16k/metaData_MTG-Jamendo/row32411.csv
SKIPPING: metaTables/vocal_music_demucs_16k/metaData_MTG-Jamendo/row32412.csv
SKIPPING: metaTables/vocal_music_demucs_16k/metaData_MTG-Jamendo/row32413.csv
SKIPPING: metaTables/vocal_music_demucs_16k/metaData_MTG-Jamendo/row32414.csv
SKIPPING: metaTables/vocal_music_demucs_16k/metaData_MTG-Jamendo/row32415.csv
SKIPPING: metaTables/vocal_music_demucs_16k/metaData_MTG-Jamendo/row32416.csv
SKIPPING: metaTables/vocal_music_demucs_16k/metaData_MTG-Jamendo/row32417.csv
SKIPPING: metaTables/vocal_music_demucs_16k/metaData_MTG-Jamendo/row32418.csv
SKIPPING: metaTables/vocal_music_demucs_16k/metaData_MTG-Jamendo/row32419.csv
SKIPPING: metaTables/vocal_music_demucs_16k/metaData_MTG-Jamendo/row32420.csv
SKIPPING: metaTables/vocal_music_demucs_16k/metaData_MTG-Jamendo/row32421.csv
SKIPPING: metaTables/vocal_music_demucs_16k/metaData_MTG-Jamendo/row32422.csv
SKIPPING: metaTables/vocal_music_demucs_16k/metaData_MTG-Jamendo/row32423.csv
SKIPPING: metaTables/vocal_music_demucs_16k/metaData_MTG-Jamendo/row32424.csv
SKIPPING: metaTables/vocal_music_demucs_16k/metaData_MTG-Jamendo/row32425.csv
SKIPPING: metaTables/vocal_music_demucs_16k/metaData_MTG-Jamendo/row32426.csv
SKIPPING: metaTables/vocal_music_demucs_16k/metaData_MTG-Jamendo/row32427.csv
SKIPPING: metaTables/vocal_music_demucs_16k/metaData_MTG-Jamendo/row32428.csv
SKIPPING: metaTables/vocal_music_demucs_16k/metaData_MTG-Jamendo/row32429.csv
SKIPPING: metaTables/vocal_music_demucs_16k/metaData_MTG-Jamendo/row32430.csv
SKIPPING: metaTables/vocal_music_demucs_16k/metaData_MTG-Jamendo/row32431.csv
SKIPPING: metaTables/vocal_music_demucs_16k/metaData_MTG-Jamendo/row32432.csv
SKIPPING: metaTables/vocal_music_demucs_16k/metaData_MTG-Jamendo/row32433.csv
SKIPPING: metaTables/vocal_music_demucs_16k/metaData_MTG-Jamendo/row32434.csv
SKIPPING: metaTables/vocal_music_demucs_16k/metaData_MTG-Jamendo/row32435.csv
SKIPPING: metaTables/vocal_music_demucs_16k/metaData_MTG-Jamendo/row32436.csv
SKIPPING: metaTables/vocal_music_demucs_16k/metaData_MTG-Jamendo/row32437.csv
SKIPPING: metaTables/vocal_music_demucs_16k/metaData_MTG-Jamendo/row32438.csv
SKIPPING: metaTables/vocal_music_demucs_16k/metaData_MTG-Jamendo/row32439.csv
SKIPPING: metaTables/vocal_music_demucs_16k/metaData_MTG-Jamendo/row32440.csv
SKIPPING: metaTables/vocal_music_demucs_16k/metaData_MTG-Jamendo/row32441.csv
SKIPPING: metaTables/vocal_music_demucs_16k/metaData_MTG-Jamendo/row32442.csv
SKIPPING: metaTables/vocal_music_demucs_16k/metaData_MTG-Jamendo/row32443.csv
SKIPPING: metaTables/vocal_music_demucs_16k/metaData_MTG-Jamendo/row32444.csv
SKIPPING: metaTables/vocal_music_demucs_16k/metaData_MTG-Jamendo/row32445.csv
SKIPPING: metaTables/vocal_music_demucs_16k/metaData_MTG-Jamendo/row32446.csv
SKIPPING: metaTables/vocal_music_demucs_16k/metaData_MTG-Jamendo/row32447.csv
SKIPPING: metaTables/vocal_music_demucs_16k/metaData_MTG-Jamendo/row32448.csv
SKIPPING: metaTables/vocal_music_demucs_16k/metaData_MTG-Jamendo/row32449.csv
SKIPPING: metaTables/vocal_music_demucs_16k/metaData_MTG-Jamendo/row32450.csv
SKIPPING: metaTables/vocal_music_demucs_16k/metaData_MTG-Jamendo/row32451.csv
SKIPPING: metaTables/vocal_music_demucs_16k/metaData_MTG-Jamendo/row32452.csv
Execution time: 107.32502961158752 seconds
metaTables/vocal_music_demucs_16k/metaData_MTG-Jamendo/row32453.csv
Execution time: 107.1225233078003 seconds
metaTables/vocal_music_demucs_16k/metaData_MTG-Jamendo/row32454.csv
Execution time: 101.76435256004333 seconds
metaTables/vocal_music_demucs_16k/metaData_MTG-Jamendo/row32455.csv
Execution time: 99.60073637962341 seconds
metaTables/vocal_music_demucs_16k/metaData_MTG-Jamendo/row32456.csv
Execution time: 100.46276068687439 seconds
metaTables/vocal_music_demucs_16k/metaData_MTG-Jamendo/row32457.csv
Execution time: 103.02968168258667 seconds
metaTables/vocal_music_demucs_16k/metaData_MTG-Jamendo/row32458.csv
Execution time: 101.80508255958557 seconds
metaTables/vocal_music_demucs_16k/metaData_MTG-Jamendo/row32459.csv
Execution time: 98.59571242332458 seconds
metaTables/vocal_music_demucs_16k/metaData_MTG-Jamendo/row32460.csv
Execution time: 101.05399227142334 seconds
metaTables/vocal_music_demucs_16k/metaData_MTG-Jamendo/row32461.csv
Execution time: 101.30430865287781 seconds
metaTables/vocal_music_demucs_16k/metaData_MTG-Jamendo/row32462.csv
Execution time: 104.81190752983093 seconds
metaTables/vocal_music_demucs_16k/metaData_MTG-Jamendo/row32463.csv
Execution time: 98.82234168052673 seconds
metaTables/vocal_music_demucs_16k/metaData_MTG-Jamendo/row32464.csv
Execution time: 96.48476839065552 seconds
metaTables/vocal_music_demucs_16k/metaData_MTG-Jamendo/row32465.csv
Execution time: 99.84952545166016 seconds
metaTables/vocal_music_demucs_16k/metaData_MTG-Jamendo/row32466.csv
Execution time: 99.78893947601318 seconds
metaTables/vocal_music_demucs_16k/metaData_MTG-Jamendo/row32467.csv
Execution time: 84.52481365203857 seconds
metaTables/vocal_music_demucs_16k/metaData_MTG-Jamendo/row32468.csv
Execution time: 98.73369693756104 seconds
metaTables/vocal_music_demucs_16k/metaData_MTG-Jamendo/row32469.csv
Execution time: 97.22980117797852 seconds
metaTables/vocal_music_demucs_16k/metaData_MTG-Jamendo/row32470.csv
Execution time: 102.58841228485107 seconds
metaTables/vocal_music_demucs_16k/metaData_MTG-Jamendo/row32471.csv
Execution time: 98.81617593765259 seconds
metaTables/vocal_music_demucs_16k/metaData_MTG-Jamendo/row32472.csv
Execution time: 101.79379343986511 seconds
metaTables/vocal_music_demucs_16k/metaData_MTG-Jamendo/row32473.csv
Execution time: 99.51886248588562 seconds
metaTables/vocal_music_demucs_16k/metaData_MTG-Jamendo/row32474.csv
Execution time: 100.48943209648132 seconds
metaTables/vocal_music_demucs_16k/metaData_MTG-Jamendo/row32475.csv
Execution time: 97.96613883972168 seconds
metaTables/vocal_music_demucs_16k/metaData_MTG-Jamendo/row32476.csv
Execution time: 97.87351775169373 seconds
metaTables/vocal_music_demucs_16k/metaData_MTG-Jamendo/row32477.csv
Execution time: 95.90222477912903 seconds
metaTables/vocal_music_demucs_16k/metaData_MTG-Jamendo/row32478.csv
Execution time: 97.50905799865723 seconds
metaTables/vocal_music_demucs_16k/metaData_MTG-Jamendo/row32479.csv
Execution time: 98.53081035614014 seconds
metaTables/vocal_music_demucs_16k/metaData_MTG-Jamendo/row32480.csv
Execution time: 102.540700674057 seconds
metaTables/vocal_music_demucs_16k/metaData_MTG-Jamendo/row32481.csv
Execution time: 100.89762592315674 seconds
metaTables/vocal_music_demucs_16k/metaData_MTG-Jamendo/row32482.csv
Execution time: 97.18504405021667 seconds
metaTables/vocal_music_demucs_16k/metaData_MTG-Jamendo/row32483.csv
Execution time: 104.21046686172485 seconds
metaTables/vocal_music_demucs_16k/metaData_MTG-Jamendo/row32484.csv
Execution time: 97.83671593666077 seconds
metaTables/vocal_music_demucs_16k/metaData_MTG-Jamendo/row32485.csv
Execution time: 98.69449400901794 seconds
metaTables/vocal_music_demucs_16k/metaData_MTG-Jamendo/row32486.csv
Execution time: 98.8623595237732 seconds
metaTables/vocal_music_demucs_16k/metaData_MTG-Jamendo/row32487.csv
Execution time: 102.72188115119934 seconds
metaTables/vocal_music_demucs_16k/metaData_MTG-Jamendo/row32488.csv
Execution time: 100.3580813407898 seconds
metaTables/vocal_music_demucs_16k/metaData_MTG-Jamendo/row32489.csv
Execution time: 102.45079612731934 seconds
metaTables/vocal_music_demucs_16k/metaData_MTG-Jamendo/row32490.csv
Execution time: 85.97085118293762 seconds
metaTables/vocal_music_demucs_16k/metaData_MTG-Jamendo/row32491.csv
Execution time: 99.14527869224548 seconds
metaTables/vocal_music_demucs_16k/metaData_MTG-Jamendo/row32492.csv
Execution time: 98.21243190765381 seconds
metaTables/vocal_music_demucs_16k/metaData_MTG-Jamendo/row32493.csv
Execution time: 97.02445816993713 seconds
metaTables/vocal_music_demucs_16k/metaData_MTG-Jamendo/row32494.csv
Execution time: 95.38014602661133 seconds
metaTables/vocal_music_demucs_16k/metaData_MTG-Jamendo/row32495.csv
Execution time: 95.18763756752014 seconds
metaTables/vocal_music_demucs_16k/metaData_MTG-Jamendo/row32496.csv
Execution time: 93.12655830383301 seconds
metaTables/vocal_music_demucs_16k/metaData_MTG-Jamendo/row32497.csv
Execution time: 92.88083577156067 seconds
metaTables/vocal_music_demucs_16k/metaData_MTG-Jamendo/row32498.csv
Execution time: 93.67482495307922 seconds
metaTables/vocal_music_demucs_16k/metaData_MTG-Jamendo/row32499.csv
Demucs voice recognition done!
