/ext3/demucs/lib/python3.9/site-packages/demucs/api.py:27: UserWarning: TorchAudio's global backend is now deprecated. Please enable distpatcher by setting `TORCHAUDIO_USE_BACKEND_DISPATCHER=1`, and specify backend when calling load/info/save function.
  import torchaudio as ta
2024-05-09 09:28:23.273077: I tensorflow/core/util/port.cc:113] oneDNN custom operations are on. You may see slightly different numerical results due to floating-point round-off errors from different computation orders. To turn them off, set the environment variable `TF_ENABLE_ONEDNN_OPTS=0`.
2024-05-09 09:28:23.733904: E external/local_xla/xla/stream_executor/cuda/cuda_dnn.cc:9261] Unable to register cuDNN factory: Attempting to register factory for plugin cuDNN when one has already been registered
2024-05-09 09:28:23.733960: E external/local_xla/xla/stream_executor/cuda/cuda_fft.cc:607] Unable to register cuFFT factory: Attempting to register factory for plugin cuFFT when one has already been registered
2024-05-09 09:28:23.754647: E external/local_xla/xla/stream_executor/cuda/cuda_blas.cc:1515] Unable to register cuBLAS factory: Attempting to register factory for plugin cuBLAS when one has already been registered
2024-05-09 09:28:23.799676: I tensorflow/core/platform/cpu_feature_guard.cc:182] This TensorFlow binary is optimized to use available CPU instructions in performance-critical operations.
To enable the following instructions: AVX2 AVX512F AVX512_VNNI FMA, in other operations, rebuild TensorFlow with the appropriate compiler flags.
2024-05-09 09:28:24.906058: W tensorflow/compiler/tf2tensorrt/utils/py_utils.cc:38] TF-TRT Warning: Could not find TensorRT
SKIPPING: metaTables/vocal_music_demucs_16k/metaData_MTG-Jamendo/row4100.csv
SKIPPING: metaTables/vocal_music_demucs_16k/metaData_MTG-Jamendo/row4101.csv
SKIPPING: metaTables/vocal_music_demucs_16k/metaData_MTG-Jamendo/row4102.csv
SKIPPING: metaTables/vocal_music_demucs_16k/metaData_MTG-Jamendo/row4103.csv
SKIPPING: metaTables/vocal_music_demucs_16k/metaData_MTG-Jamendo/row4104.csv
SKIPPING: metaTables/vocal_music_demucs_16k/metaData_MTG-Jamendo/row4105.csv
SKIPPING: metaTables/vocal_music_demucs_16k/metaData_MTG-Jamendo/row4106.csv
SKIPPING: metaTables/vocal_music_demucs_16k/metaData_MTG-Jamendo/row4107.csv
SKIPPING: metaTables/vocal_music_demucs_16k/metaData_MTG-Jamendo/row4108.csv
SKIPPING: metaTables/vocal_music_demucs_16k/metaData_MTG-Jamendo/row4109.csv
SKIPPING: metaTables/vocal_music_demucs_16k/metaData_MTG-Jamendo/row4110.csv
SKIPPING: metaTables/vocal_music_demucs_16k/metaData_MTG-Jamendo/row4111.csv
SKIPPING: metaTables/vocal_music_demucs_16k/metaData_MTG-Jamendo/row4112.csv
SKIPPING: metaTables/vocal_music_demucs_16k/metaData_MTG-Jamendo/row4113.csv
SKIPPING: metaTables/vocal_music_demucs_16k/metaData_MTG-Jamendo/row4114.csv
SKIPPING: metaTables/vocal_music_demucs_16k/metaData_MTG-Jamendo/row4115.csv
SKIPPING: metaTables/vocal_music_demucs_16k/metaData_MTG-Jamendo/row4116.csv
SKIPPING: metaTables/vocal_music_demucs_16k/metaData_MTG-Jamendo/row4117.csv
SKIPPING: metaTables/vocal_music_demucs_16k/metaData_MTG-Jamendo/row4118.csv
SKIPPING: metaTables/vocal_music_demucs_16k/metaData_MTG-Jamendo/row4119.csv
SKIPPING: metaTables/vocal_music_demucs_16k/metaData_MTG-Jamendo/row4120.csv
SKIPPING: metaTables/vocal_music_demucs_16k/metaData_MTG-Jamendo/row4121.csv
SKIPPING: metaTables/vocal_music_demucs_16k/metaData_MTG-Jamendo/row4122.csv
SKIPPING: metaTables/vocal_music_demucs_16k/metaData_MTG-Jamendo/row4123.csv
SKIPPING: metaTables/vocal_music_demucs_16k/metaData_MTG-Jamendo/row4124.csv
SKIPPING: metaTables/vocal_music_demucs_16k/metaData_MTG-Jamendo/row4125.csv
SKIPPING: metaTables/vocal_music_demucs_16k/metaData_MTG-Jamendo/row4126.csv
SKIPPING: metaTables/vocal_music_demucs_16k/metaData_MTG-Jamendo/row4127.csv
SKIPPING: metaTables/vocal_music_demucs_16k/metaData_MTG-Jamendo/row4128.csv
SKIPPING: metaTables/vocal_music_demucs_16k/metaData_MTG-Jamendo/row4129.csv
SKIPPING: metaTables/vocal_music_demucs_16k/metaData_MTG-Jamendo/row4130.csv
SKIPPING: metaTables/vocal_music_demucs_16k/metaData_MTG-Jamendo/row4131.csv
SKIPPING: metaTables/vocal_music_demucs_16k/metaData_MTG-Jamendo/row4132.csv
SKIPPING: metaTables/vocal_music_demucs_16k/metaData_MTG-Jamendo/row4133.csv
SKIPPING: metaTables/vocal_music_demucs_16k/metaData_MTG-Jamendo/row4134.csv
SKIPPING: metaTables/vocal_music_demucs_16k/metaData_MTG-Jamendo/row4135.csv
SKIPPING: metaTables/vocal_music_demucs_16k/metaData_MTG-Jamendo/row4136.csv
SKIPPING: metaTables/vocal_music_demucs_16k/metaData_MTG-Jamendo/row4137.csv
SKIPPING: metaTables/vocal_music_demucs_16k/metaData_MTG-Jamendo/row4138.csv
SKIPPING: metaTables/vocal_music_demucs_16k/metaData_MTG-Jamendo/row4139.csv
SKIPPING: metaTables/vocal_music_demucs_16k/metaData_MTG-Jamendo/row4140.csv
SKIPPING: metaTables/vocal_music_demucs_16k/metaData_MTG-Jamendo/row4141.csv
SKIPPING: metaTables/vocal_music_demucs_16k/metaData_MTG-Jamendo/row4142.csv
SKIPPING: metaTables/vocal_music_demucs_16k/metaData_MTG-Jamendo/row4143.csv
SKIPPING: metaTables/vocal_music_demucs_16k/metaData_MTG-Jamendo/row4144.csv
SKIPPING: metaTables/vocal_music_demucs_16k/metaData_MTG-Jamendo/row4145.csv
SKIPPING: metaTables/vocal_music_demucs_16k/metaData_MTG-Jamendo/row4146.csv
SKIPPING: metaTables/vocal_music_demucs_16k/metaData_MTG-Jamendo/row4147.csv
SKIPPING: metaTables/vocal_music_demucs_16k/metaData_MTG-Jamendo/row4148.csv
SKIPPING: metaTables/vocal_music_demucs_16k/metaData_MTG-Jamendo/row4149.csv
Execution time: 107.62363266944885 seconds
metaTables/vocal_music_demucs_16k/metaData_MTG-Jamendo/row4150.csv
Execution time: 82.37035727500916 seconds
metaTables/vocal_music_demucs_16k/metaData_MTG-Jamendo/row4151.csv
Execution time: 114.01048541069031 seconds
metaTables/vocal_music_demucs_16k/metaData_MTG-Jamendo/row4152.csv
Execution time: 108.10105633735657 seconds
metaTables/vocal_music_demucs_16k/metaData_MTG-Jamendo/row4153.csv
Execution time: 108.59478807449341 seconds
metaTables/vocal_music_demucs_16k/metaData_MTG-Jamendo/row4154.csv
Execution time: 107.216867685318 seconds
metaTables/vocal_music_demucs_16k/metaData_MTG-Jamendo/row4155.csv
Execution time: 107.75001645088196 seconds
metaTables/vocal_music_demucs_16k/metaData_MTG-Jamendo/row4156.csv
Execution time: 102.666508436203 seconds
metaTables/vocal_music_demucs_16k/metaData_MTG-Jamendo/row4157.csv
Execution time: 107.65584778785706 seconds
metaTables/vocal_music_demucs_16k/metaData_MTG-Jamendo/row4158.csv
Execution time: 108.56934714317322 seconds
metaTables/vocal_music_demucs_16k/metaData_MTG-Jamendo/row4159.csv
Execution time: 111.50970602035522 seconds
metaTables/vocal_music_demucs_16k/metaData_MTG-Jamendo/row4160.csv
Execution time: 113.44403672218323 seconds
metaTables/vocal_music_demucs_16k/metaData_MTG-Jamendo/row4161.csv
Execution time: 108.52060914039612 seconds
metaTables/vocal_music_demucs_16k/metaData_MTG-Jamendo/row4162.csv
Execution time: 109.9737195968628 seconds
metaTables/vocal_music_demucs_16k/metaData_MTG-Jamendo/row4163.csv
Execution time: 93.61821722984314 seconds
metaTables/vocal_music_demucs_16k/metaData_MTG-Jamendo/row4164.csv
Execution time: 107.57539319992065 seconds
metaTables/vocal_music_demucs_16k/metaData_MTG-Jamendo/row4165.csv
Execution time: 113.79262614250183 seconds
metaTables/vocal_music_demucs_16k/metaData_MTG-Jamendo/row4166.csv
Execution time: 113.71608853340149 seconds
metaTables/vocal_music_demucs_16k/metaData_MTG-Jamendo/row4167.csv
Execution time: 105.69632053375244 seconds
metaTables/vocal_music_demucs_16k/metaData_MTG-Jamendo/row4168.csv
Execution time: 113.86555457115173 seconds
metaTables/vocal_music_demucs_16k/metaData_MTG-Jamendo/row4169.csv
Execution time: 110.40387105941772 seconds
metaTables/vocal_music_demucs_16k/metaData_MTG-Jamendo/row4170.csv
Execution time: 109.94857883453369 seconds
metaTables/vocal_music_demucs_16k/metaData_MTG-Jamendo/row4171.csv
Execution time: 107.97274422645569 seconds
metaTables/vocal_music_demucs_16k/metaData_MTG-Jamendo/row4172.csv
Execution time: 107.8502631187439 seconds
metaTables/vocal_music_demucs_16k/metaData_MTG-Jamendo/row4173.csv
Execution time: 108.71164417266846 seconds
metaTables/vocal_music_demucs_16k/metaData_MTG-Jamendo/row4174.csv
Execution time: 113.06220197677612 seconds
metaTables/vocal_music_demucs_16k/metaData_MTG-Jamendo/row4175.csv
Execution time: 70.34375858306885 seconds
metaTables/vocal_music_demucs_16k/metaData_MTG-Jamendo/row4176.csv
Execution time: 107.79385876655579 seconds
metaTables/vocal_music_demucs_16k/metaData_MTG-Jamendo/row4177.csv
Execution time: 108.39691877365112 seconds
metaTables/vocal_music_demucs_16k/metaData_MTG-Jamendo/row4178.csv
Execution time: 110.85392332077026 seconds
metaTables/vocal_music_demucs_16k/metaData_MTG-Jamendo/row4179.csv
Execution time: 110.41486072540283 seconds
metaTables/vocal_music_demucs_16k/metaData_MTG-Jamendo/row4180.csv
Execution time: 107.08722305297852 seconds
metaTables/vocal_music_demucs_16k/metaData_MTG-Jamendo/row4181.csv
Execution time: 109.6982934474945 seconds
metaTables/vocal_music_demucs_16k/metaData_MTG-Jamendo/row4182.csv
Execution time: 106.31158018112183 seconds
metaTables/vocal_music_demucs_16k/metaData_MTG-Jamendo/row4183.csv
Execution time: 106.38104510307312 seconds
metaTables/vocal_music_demucs_16k/metaData_MTG-Jamendo/row4184.csv
Execution time: 106.00473618507385 seconds
metaTables/vocal_music_demucs_16k/metaData_MTG-Jamendo/row4185.csv
Execution time: 107.18790769577026 seconds
metaTables/vocal_music_demucs_16k/metaData_MTG-Jamendo/row4186.csv
Execution time: 105.14038896560669 seconds
metaTables/vocal_music_demucs_16k/metaData_MTG-Jamendo/row4187.csv
Execution time: 104.84727025032043 seconds
metaTables/vocal_music_demucs_16k/metaData_MTG-Jamendo/row4188.csv
Execution time: 107.53033947944641 seconds
metaTables/vocal_music_demucs_16k/metaData_MTG-Jamendo/row4189.csv
Execution time: 67.1724796295166 seconds
metaTables/vocal_music_demucs_16k/metaData_MTG-Jamendo/row4190.csv
Execution time: 113.4990782737732 seconds
metaTables/vocal_music_demucs_16k/metaData_MTG-Jamendo/row4191.csv
Execution time: 108.38043403625488 seconds
metaTables/vocal_music_demucs_16k/metaData_MTG-Jamendo/row4192.csv
Execution time: 113.9293863773346 seconds
metaTables/vocal_music_demucs_16k/metaData_MTG-Jamendo/row4193.csv
Execution time: 109.23551750183105 seconds
metaTables/vocal_music_demucs_16k/metaData_MTG-Jamendo/row4194.csv
Execution time: 108.41893362998962 seconds
metaTables/vocal_music_demucs_16k/metaData_MTG-Jamendo/row4195.csv
Execution time: 108.66645431518555 seconds
metaTables/vocal_music_demucs_16k/metaData_MTG-Jamendo/row4196.csv
Execution time: 102.24460315704346 seconds
metaTables/vocal_music_demucs_16k/metaData_MTG-Jamendo/row4197.csv
Execution time: 100.61193418502808 seconds
metaTables/vocal_music_demucs_16k/metaData_MTG-Jamendo/row4198.csv
Execution time: 110.1585021018982 seconds
metaTables/vocal_music_demucs_16k/metaData_MTG-Jamendo/row4199.csv
Demucs voice recognition done!
