/ext3/demucs/lib/python3.9/site-packages/demucs/api.py:27: UserWarning: TorchAudio's global backend is now deprecated. Please enable distpatcher by setting `TORCHAUDIO_USE_BACKEND_DISPATCHER=1`, and specify backend when calling load/info/save function.
  import torchaudio as ta
2024-05-09 09:28:36.285814: I tensorflow/core/util/port.cc:113] oneDNN custom operations are on. You may see slightly different numerical results due to floating-point round-off errors from different computation orders. To turn them off, set the environment variable `TF_ENABLE_ONEDNN_OPTS=0`.
2024-05-09 09:28:37.704930: E external/local_xla/xla/stream_executor/cuda/cuda_dnn.cc:9261] Unable to register cuDNN factory: Attempting to register factory for plugin cuDNN when one has already been registered
2024-05-09 09:28:37.704972: E external/local_xla/xla/stream_executor/cuda/cuda_fft.cc:607] Unable to register cuFFT factory: Attempting to register factory for plugin cuFFT when one has already been registered
2024-05-09 09:28:37.799427: E external/local_xla/xla/stream_executor/cuda/cuda_blas.cc:1515] Unable to register cuBLAS factory: Attempting to register factory for plugin cuBLAS when one has already been registered
2024-05-09 09:28:38.266672: I tensorflow/core/platform/cpu_feature_guard.cc:182] This TensorFlow binary is optimized to use available CPU instructions in performance-critical operations.
To enable the following instructions: AVX2 AVX512F AVX512_VNNI FMA, in other operations, rebuild TensorFlow with the appropriate compiler flags.
2024-05-09 09:28:39.670174: W tensorflow/compiler/tf2tensorrt/utils/py_utils.cc:38] TF-TRT Warning: Could not find TensorRT
SKIPPING: metaTables/vocal_music_demucs_16k/metaData_MTG-Jamendo/row29600.csv
SKIPPING: metaTables/vocal_music_demucs_16k/metaData_MTG-Jamendo/row29601.csv
SKIPPING: metaTables/vocal_music_demucs_16k/metaData_MTG-Jamendo/row29602.csv
SKIPPING: metaTables/vocal_music_demucs_16k/metaData_MTG-Jamendo/row29603.csv
SKIPPING: metaTables/vocal_music_demucs_16k/metaData_MTG-Jamendo/row29604.csv
SKIPPING: metaTables/vocal_music_demucs_16k/metaData_MTG-Jamendo/row29605.csv
SKIPPING: metaTables/vocal_music_demucs_16k/metaData_MTG-Jamendo/row29606.csv
SKIPPING: metaTables/vocal_music_demucs_16k/metaData_MTG-Jamendo/row29607.csv
SKIPPING: metaTables/vocal_music_demucs_16k/metaData_MTG-Jamendo/row29608.csv
SKIPPING: metaTables/vocal_music_demucs_16k/metaData_MTG-Jamendo/row29609.csv
SKIPPING: metaTables/vocal_music_demucs_16k/metaData_MTG-Jamendo/row29610.csv
SKIPPING: metaTables/vocal_music_demucs_16k/metaData_MTG-Jamendo/row29611.csv
SKIPPING: metaTables/vocal_music_demucs_16k/metaData_MTG-Jamendo/row29612.csv
SKIPPING: metaTables/vocal_music_demucs_16k/metaData_MTG-Jamendo/row29613.csv
SKIPPING: metaTables/vocal_music_demucs_16k/metaData_MTG-Jamendo/row29614.csv
SKIPPING: metaTables/vocal_music_demucs_16k/metaData_MTG-Jamendo/row29615.csv
SKIPPING: metaTables/vocal_music_demucs_16k/metaData_MTG-Jamendo/row29616.csv
SKIPPING: metaTables/vocal_music_demucs_16k/metaData_MTG-Jamendo/row29617.csv
SKIPPING: metaTables/vocal_music_demucs_16k/metaData_MTG-Jamendo/row29618.csv
SKIPPING: metaTables/vocal_music_demucs_16k/metaData_MTG-Jamendo/row29619.csv
SKIPPING: metaTables/vocal_music_demucs_16k/metaData_MTG-Jamendo/row29620.csv
SKIPPING: metaTables/vocal_music_demucs_16k/metaData_MTG-Jamendo/row29621.csv
SKIPPING: metaTables/vocal_music_demucs_16k/metaData_MTG-Jamendo/row29622.csv
SKIPPING: metaTables/vocal_music_demucs_16k/metaData_MTG-Jamendo/row29623.csv
SKIPPING: metaTables/vocal_music_demucs_16k/metaData_MTG-Jamendo/row29624.csv
SKIPPING: metaTables/vocal_music_demucs_16k/metaData_MTG-Jamendo/row29625.csv
SKIPPING: metaTables/vocal_music_demucs_16k/metaData_MTG-Jamendo/row29626.csv
SKIPPING: metaTables/vocal_music_demucs_16k/metaData_MTG-Jamendo/row29627.csv
SKIPPING: metaTables/vocal_music_demucs_16k/metaData_MTG-Jamendo/row29628.csv
SKIPPING: metaTables/vocal_music_demucs_16k/metaData_MTG-Jamendo/row29629.csv
SKIPPING: metaTables/vocal_music_demucs_16k/metaData_MTG-Jamendo/row29630.csv
SKIPPING: metaTables/vocal_music_demucs_16k/metaData_MTG-Jamendo/row29631.csv
SKIPPING: metaTables/vocal_music_demucs_16k/metaData_MTG-Jamendo/row29632.csv
SKIPPING: metaTables/vocal_music_demucs_16k/metaData_MTG-Jamendo/row29633.csv
SKIPPING: metaTables/vocal_music_demucs_16k/metaData_MTG-Jamendo/row29634.csv
SKIPPING: metaTables/vocal_music_demucs_16k/metaData_MTG-Jamendo/row29635.csv
SKIPPING: metaTables/vocal_music_demucs_16k/metaData_MTG-Jamendo/row29636.csv
SKIPPING: metaTables/vocal_music_demucs_16k/metaData_MTG-Jamendo/row29637.csv
SKIPPING: metaTables/vocal_music_demucs_16k/metaData_MTG-Jamendo/row29638.csv
SKIPPING: metaTables/vocal_music_demucs_16k/metaData_MTG-Jamendo/row29639.csv
SKIPPING: metaTables/vocal_music_demucs_16k/metaData_MTG-Jamendo/row29640.csv
SKIPPING: metaTables/vocal_music_demucs_16k/metaData_MTG-Jamendo/row29641.csv
SKIPPING: metaTables/vocal_music_demucs_16k/metaData_MTG-Jamendo/row29642.csv
SKIPPING: metaTables/vocal_music_demucs_16k/metaData_MTG-Jamendo/row29643.csv
SKIPPING: metaTables/vocal_music_demucs_16k/metaData_MTG-Jamendo/row29644.csv
SKIPPING: metaTables/vocal_music_demucs_16k/metaData_MTG-Jamendo/row29645.csv
SKIPPING: metaTables/vocal_music_demucs_16k/metaData_MTG-Jamendo/row29646.csv
SKIPPING: metaTables/vocal_music_demucs_16k/metaData_MTG-Jamendo/row29647.csv
SKIPPING: metaTables/vocal_music_demucs_16k/metaData_MTG-Jamendo/row29648.csv
Execution time: 39.79729890823364 seconds
metaTables/vocal_music_demucs_16k/metaData_MTG-Jamendo/row29649.csv
Execution time: 97.48322415351868 seconds
metaTables/vocal_music_demucs_16k/metaData_MTG-Jamendo/row29650.csv
Execution time: 96.88075351715088 seconds
metaTables/vocal_music_demucs_16k/metaData_MTG-Jamendo/row29651.csv
Execution time: 89.78777694702148 seconds
metaTables/vocal_music_demucs_16k/metaData_MTG-Jamendo/row29652.csv
Execution time: 94.0211808681488 seconds
metaTables/vocal_music_demucs_16k/metaData_MTG-Jamendo/row29653.csv
Execution time: 96.24052572250366 seconds
metaTables/vocal_music_demucs_16k/metaData_MTG-Jamendo/row29654.csv
Execution time: 51.51715588569641 seconds
metaTables/vocal_music_demucs_16k/metaData_MTG-Jamendo/row29655.csv
Execution time: 94.0235800743103 seconds
metaTables/vocal_music_demucs_16k/metaData_MTG-Jamendo/row29656.csv
Execution time: 91.58284759521484 seconds
metaTables/vocal_music_demucs_16k/metaData_MTG-Jamendo/row29657.csv
Execution time: 96.10228610038757 seconds
metaTables/vocal_music_demucs_16k/metaData_MTG-Jamendo/row29658.csv
Execution time: 93.53923726081848 seconds
metaTables/vocal_music_demucs_16k/metaData_MTG-Jamendo/row29659.csv
Execution time: 93.43261313438416 seconds
metaTables/vocal_music_demucs_16k/metaData_MTG-Jamendo/row29660.csv
Execution time: 93.29910778999329 seconds
metaTables/vocal_music_demucs_16k/metaData_MTG-Jamendo/row29661.csv
Execution time: 98.21842837333679 seconds
metaTables/vocal_music_demucs_16k/metaData_MTG-Jamendo/row29662.csv
Execution time: 95.64382648468018 seconds
metaTables/vocal_music_demucs_16k/metaData_MTG-Jamendo/row29663.csv
Execution time: 91.16978430747986 seconds
metaTables/vocal_music_demucs_16k/metaData_MTG-Jamendo/row29664.csv
Execution time: 67.15790510177612 seconds
metaTables/vocal_music_demucs_16k/metaData_MTG-Jamendo/row29665.csv
Execution time: 94.08749151229858 seconds
metaTables/vocal_music_demucs_16k/metaData_MTG-Jamendo/row29666.csv
Execution time: 92.37077355384827 seconds
metaTables/vocal_music_demucs_16k/metaData_MTG-Jamendo/row29667.csv
Execution time: 95.8121247291565 seconds
metaTables/vocal_music_demucs_16k/metaData_MTG-Jamendo/row29668.csv
Execution time: 92.00555562973022 seconds
metaTables/vocal_music_demucs_16k/metaData_MTG-Jamendo/row29669.csv
Execution time: 91.26716613769531 seconds
metaTables/vocal_music_demucs_16k/metaData_MTG-Jamendo/row29670.csv
Execution time: 94.27154541015625 seconds
metaTables/vocal_music_demucs_16k/metaData_MTG-Jamendo/row29671.csv
Execution time: 91.15439200401306 seconds
metaTables/vocal_music_demucs_16k/metaData_MTG-Jamendo/row29672.csv
Execution time: 97.05055284500122 seconds
metaTables/vocal_music_demucs_16k/metaData_MTG-Jamendo/row29673.csv
Execution time: 94.73561978340149 seconds
metaTables/vocal_music_demucs_16k/metaData_MTG-Jamendo/row29674.csv
Execution time: 92.69907093048096 seconds
metaTables/vocal_music_demucs_16k/metaData_MTG-Jamendo/row29675.csv
Execution time: 90.94519257545471 seconds
metaTables/vocal_music_demucs_16k/metaData_MTG-Jamendo/row29676.csv
Execution time: 94.30721831321716 seconds
metaTables/vocal_music_demucs_16k/metaData_MTG-Jamendo/row29677.csv
Execution time: 101.19501090049744 seconds
metaTables/vocal_music_demucs_16k/metaData_MTG-Jamendo/row29678.csv
Execution time: 98.06861424446106 seconds
metaTables/vocal_music_demucs_16k/metaData_MTG-Jamendo/row29679.csv
Execution time: 95.26378893852234 seconds
metaTables/vocal_music_demucs_16k/metaData_MTG-Jamendo/row29680.csv
Execution time: 98.4566056728363 seconds
metaTables/vocal_music_demucs_16k/metaData_MTG-Jamendo/row29681.csv
Execution time: 99.20408535003662 seconds
metaTables/vocal_music_demucs_16k/metaData_MTG-Jamendo/row29682.csv
Execution time: 99.51315498352051 seconds
metaTables/vocal_music_demucs_16k/metaData_MTG-Jamendo/row29683.csv
Execution time: 98.92251515388489 seconds
metaTables/vocal_music_demucs_16k/metaData_MTG-Jamendo/row29684.csv
Execution time: 96.92573356628418 seconds
metaTables/vocal_music_demucs_16k/metaData_MTG-Jamendo/row29685.csv
Execution time: 103.87640452384949 seconds
metaTables/vocal_music_demucs_16k/metaData_MTG-Jamendo/row29686.csv
Execution time: 101.93354678153992 seconds
metaTables/vocal_music_demucs_16k/metaData_MTG-Jamendo/row29687.csv
Execution time: 99.77881193161011 seconds
metaTables/vocal_music_demucs_16k/metaData_MTG-Jamendo/row29688.csv
Execution time: 99.62305974960327 seconds
metaTables/vocal_music_demucs_16k/metaData_MTG-Jamendo/row29689.csv
Execution time: 99.2103488445282 seconds
metaTables/vocal_music_demucs_16k/metaData_MTG-Jamendo/row29690.csv
Execution time: 66.96066641807556 seconds
metaTables/vocal_music_demucs_16k/metaData_MTG-Jamendo/row29691.csv
Execution time: 102.87926959991455 seconds
metaTables/vocal_music_demucs_16k/metaData_MTG-Jamendo/row29692.csv
Execution time: 30.832684755325317 seconds
metaTables/vocal_music_demucs_16k/metaData_MTG-Jamendo/row29693.csv
Execution time: 102.63166952133179 seconds
metaTables/vocal_music_demucs_16k/metaData_MTG-Jamendo/row29694.csv
Execution time: 105.92138504981995 seconds
metaTables/vocal_music_demucs_16k/metaData_MTG-Jamendo/row29695.csv
Execution time: 87.03624725341797 seconds
metaTables/vocal_music_demucs_16k/metaData_MTG-Jamendo/row29696.csv
Execution time: 106.7444543838501 seconds
metaTables/vocal_music_demucs_16k/metaData_MTG-Jamendo/row29697.csv
Execution time: 37.507681131362915 seconds
metaTables/vocal_music_demucs_16k/metaData_MTG-Jamendo/row29698.csv
Execution time: 109.20518898963928 seconds
metaTables/vocal_music_demucs_16k/metaData_MTG-Jamendo/row29699.csv
Demucs voice recognition done!
