/ext3/demucs/lib/python3.9/site-packages/demucs/api.py:27: UserWarning: TorchAudio's global backend is now deprecated. Please enable distpatcher by setting `TORCHAUDIO_USE_BACKEND_DISPATCHER=1`, and specify backend when calling load/info/save function.
  import torchaudio as ta
2024-05-09 09:29:50.847599: I tensorflow/core/util/port.cc:113] oneDNN custom operations are on. You may see slightly different numerical results due to floating-point round-off errors from different computation orders. To turn them off, set the environment variable `TF_ENABLE_ONEDNN_OPTS=0`.
2024-05-09 09:29:53.295313: E external/local_xla/xla/stream_executor/cuda/cuda_dnn.cc:9261] Unable to register cuDNN factory: Attempting to register factory for plugin cuDNN when one has already been registered
2024-05-09 09:29:53.295353: E external/local_xla/xla/stream_executor/cuda/cuda_fft.cc:607] Unable to register cuFFT factory: Attempting to register factory for plugin cuFFT when one has already been registered
2024-05-09 09:29:53.516950: E external/local_xla/xla/stream_executor/cuda/cuda_blas.cc:1515] Unable to register cuBLAS factory: Attempting to register factory for plugin cuBLAS when one has already been registered
2024-05-09 09:29:53.894590: I tensorflow/core/platform/cpu_feature_guard.cc:182] This TensorFlow binary is optimized to use available CPU instructions in performance-critical operations.
To enable the following instructions: AVX2 AVX512F AVX512_VNNI FMA, in other operations, rebuild TensorFlow with the appropriate compiler flags.
2024-05-09 09:29:56.099315: W tensorflow/compiler/tf2tensorrt/utils/py_utils.cc:38] TF-TRT Warning: Could not find TensorRT
SKIPPING: metaTables/vocal_music_demucs_16k/metaData_MTG-Jamendo/row43600.csv
SKIPPING: metaTables/vocal_music_demucs_16k/metaData_MTG-Jamendo/row43601.csv
SKIPPING: metaTables/vocal_music_demucs_16k/metaData_MTG-Jamendo/row43602.csv
SKIPPING: metaTables/vocal_music_demucs_16k/metaData_MTG-Jamendo/row43603.csv
SKIPPING: metaTables/vocal_music_demucs_16k/metaData_MTG-Jamendo/row43604.csv
SKIPPING: metaTables/vocal_music_demucs_16k/metaData_MTG-Jamendo/row43605.csv
SKIPPING: metaTables/vocal_music_demucs_16k/metaData_MTG-Jamendo/row43606.csv
SKIPPING: metaTables/vocal_music_demucs_16k/metaData_MTG-Jamendo/row43607.csv
SKIPPING: metaTables/vocal_music_demucs_16k/metaData_MTG-Jamendo/row43608.csv
SKIPPING: metaTables/vocal_music_demucs_16k/metaData_MTG-Jamendo/row43609.csv
SKIPPING: metaTables/vocal_music_demucs_16k/metaData_MTG-Jamendo/row43610.csv
SKIPPING: metaTables/vocal_music_demucs_16k/metaData_MTG-Jamendo/row43611.csv
SKIPPING: metaTables/vocal_music_demucs_16k/metaData_MTG-Jamendo/row43612.csv
SKIPPING: metaTables/vocal_music_demucs_16k/metaData_MTG-Jamendo/row43613.csv
SKIPPING: metaTables/vocal_music_demucs_16k/metaData_MTG-Jamendo/row43614.csv
SKIPPING: metaTables/vocal_music_demucs_16k/metaData_MTG-Jamendo/row43615.csv
SKIPPING: metaTables/vocal_music_demucs_16k/metaData_MTG-Jamendo/row43616.csv
SKIPPING: metaTables/vocal_music_demucs_16k/metaData_MTG-Jamendo/row43617.csv
SKIPPING: metaTables/vocal_music_demucs_16k/metaData_MTG-Jamendo/row43618.csv
SKIPPING: metaTables/vocal_music_demucs_16k/metaData_MTG-Jamendo/row43619.csv
SKIPPING: metaTables/vocal_music_demucs_16k/metaData_MTG-Jamendo/row43620.csv
SKIPPING: metaTables/vocal_music_demucs_16k/metaData_MTG-Jamendo/row43621.csv
SKIPPING: metaTables/vocal_music_demucs_16k/metaData_MTG-Jamendo/row43622.csv
SKIPPING: metaTables/vocal_music_demucs_16k/metaData_MTG-Jamendo/row43623.csv
SKIPPING: metaTables/vocal_music_demucs_16k/metaData_MTG-Jamendo/row43624.csv
SKIPPING: metaTables/vocal_music_demucs_16k/metaData_MTG-Jamendo/row43625.csv
SKIPPING: metaTables/vocal_music_demucs_16k/metaData_MTG-Jamendo/row43626.csv
SKIPPING: metaTables/vocal_music_demucs_16k/metaData_MTG-Jamendo/row43627.csv
SKIPPING: metaTables/vocal_music_demucs_16k/metaData_MTG-Jamendo/row43628.csv
SKIPPING: metaTables/vocal_music_demucs_16k/metaData_MTG-Jamendo/row43629.csv
SKIPPING: metaTables/vocal_music_demucs_16k/metaData_MTG-Jamendo/row43630.csv
SKIPPING: metaTables/vocal_music_demucs_16k/metaData_MTG-Jamendo/row43631.csv
SKIPPING: metaTables/vocal_music_demucs_16k/metaData_MTG-Jamendo/row43632.csv
SKIPPING: metaTables/vocal_music_demucs_16k/metaData_MTG-Jamendo/row43633.csv
SKIPPING: metaTables/vocal_music_demucs_16k/metaData_MTG-Jamendo/row43634.csv
SKIPPING: metaTables/vocal_music_demucs_16k/metaData_MTG-Jamendo/row43635.csv
SKIPPING: metaTables/vocal_music_demucs_16k/metaData_MTG-Jamendo/row43636.csv
SKIPPING: metaTables/vocal_music_demucs_16k/metaData_MTG-Jamendo/row43637.csv
SKIPPING: metaTables/vocal_music_demucs_16k/metaData_MTG-Jamendo/row43638.csv
SKIPPING: metaTables/vocal_music_demucs_16k/metaData_MTG-Jamendo/row43639.csv
SKIPPING: metaTables/vocal_music_demucs_16k/metaData_MTG-Jamendo/row43640.csv
SKIPPING: metaTables/vocal_music_demucs_16k/metaData_MTG-Jamendo/row43641.csv
SKIPPING: metaTables/vocal_music_demucs_16k/metaData_MTG-Jamendo/row43642.csv
SKIPPING: metaTables/vocal_music_demucs_16k/metaData_MTG-Jamendo/row43643.csv
SKIPPING: metaTables/vocal_music_demucs_16k/metaData_MTG-Jamendo/row43644.csv
SKIPPING: metaTables/vocal_music_demucs_16k/metaData_MTG-Jamendo/row43645.csv
SKIPPING: metaTables/vocal_music_demucs_16k/metaData_MTG-Jamendo/row43646.csv
SKIPPING: metaTables/vocal_music_demucs_16k/metaData_MTG-Jamendo/row43647.csv
SKIPPING: metaTables/vocal_music_demucs_16k/metaData_MTG-Jamendo/row43648.csv
SKIPPING: metaTables/vocal_music_demucs_16k/metaData_MTG-Jamendo/row43649.csv
SKIPPING: metaTables/vocal_music_demucs_16k/metaData_MTG-Jamendo/row43650.csv
Execution time: 92.46585273742676 seconds
metaTables/vocal_music_demucs_16k/metaData_MTG-Jamendo/row43651.csv
Execution time: 93.09821772575378 seconds
metaTables/vocal_music_demucs_16k/metaData_MTG-Jamendo/row43652.csv
Execution time: 90.37907075881958 seconds
metaTables/vocal_music_demucs_16k/metaData_MTG-Jamendo/row43653.csv
Execution time: 99.60586786270142 seconds
metaTables/vocal_music_demucs_16k/metaData_MTG-Jamendo/row43654.csv
Execution time: 90.81863260269165 seconds
metaTables/vocal_music_demucs_16k/metaData_MTG-Jamendo/row43655.csv
Execution time: 91.09228038787842 seconds
metaTables/vocal_music_demucs_16k/metaData_MTG-Jamendo/row43656.csv
Execution time: 98.44280314445496 seconds
metaTables/vocal_music_demucs_16k/metaData_MTG-Jamendo/row43657.csv
Execution time: 72.02526569366455 seconds
metaTables/vocal_music_demucs_16k/metaData_MTG-Jamendo/row43658.csv
Execution time: 95.12521123886108 seconds
metaTables/vocal_music_demucs_16k/metaData_MTG-Jamendo/row43659.csv
Execution time: 92.98997211456299 seconds
metaTables/vocal_music_demucs_16k/metaData_MTG-Jamendo/row43660.csv
Execution time: 98.66356563568115 seconds
metaTables/vocal_music_demucs_16k/metaData_MTG-Jamendo/row43661.csv
Execution time: 95.1605634689331 seconds
metaTables/vocal_music_demucs_16k/metaData_MTG-Jamendo/row43662.csv
Execution time: 90.3738112449646 seconds
metaTables/vocal_music_demucs_16k/metaData_MTG-Jamendo/row43663.csv
Execution time: 88.65297198295593 seconds
metaTables/vocal_music_demucs_16k/metaData_MTG-Jamendo/row43664.csv
Execution time: 88.71162486076355 seconds
metaTables/vocal_music_demucs_16k/metaData_MTG-Jamendo/row43665.csv
Execution time: 92.52974081039429 seconds
metaTables/vocal_music_demucs_16k/metaData_MTG-Jamendo/row43666.csv
Execution time: 91.65938234329224 seconds
metaTables/vocal_music_demucs_16k/metaData_MTG-Jamendo/row43667.csv
Execution time: 93.0631513595581 seconds
metaTables/vocal_music_demucs_16k/metaData_MTG-Jamendo/row43668.csv
Execution time: 92.29509282112122 seconds
metaTables/vocal_music_demucs_16k/metaData_MTG-Jamendo/row43669.csv
Execution time: 91.01654386520386 seconds
metaTables/vocal_music_demucs_16k/metaData_MTG-Jamendo/row43670.csv
Execution time: 93.54928731918335 seconds
metaTables/vocal_music_demucs_16k/metaData_MTG-Jamendo/row43671.csv
Execution time: 100.04268050193787 seconds
metaTables/vocal_music_demucs_16k/metaData_MTG-Jamendo/row43672.csv
Execution time: 87.01612520217896 seconds
metaTables/vocal_music_demucs_16k/metaData_MTG-Jamendo/row43673.csv
Execution time: 90.51977324485779 seconds
metaTables/vocal_music_demucs_16k/metaData_MTG-Jamendo/row43674.csv
Execution time: 90.38023972511292 seconds
metaTables/vocal_music_demucs_16k/metaData_MTG-Jamendo/row43675.csv
Execution time: 87.97262740135193 seconds
metaTables/vocal_music_demucs_16k/metaData_MTG-Jamendo/row43676.csv
Execution time: 93.54189944267273 seconds
metaTables/vocal_music_demucs_16k/metaData_MTG-Jamendo/row43677.csv
Execution time: 90.2719554901123 seconds
metaTables/vocal_music_demucs_16k/metaData_MTG-Jamendo/row43678.csv
Execution time: 93.90504026412964 seconds
metaTables/vocal_music_demucs_16k/metaData_MTG-Jamendo/row43679.csv
Execution time: 90.88346743583679 seconds
metaTables/vocal_music_demucs_16k/metaData_MTG-Jamendo/row43680.csv
Execution time: 92.66059017181396 seconds
metaTables/vocal_music_demucs_16k/metaData_MTG-Jamendo/row43681.csv
Execution time: 89.41562533378601 seconds
metaTables/vocal_music_demucs_16k/metaData_MTG-Jamendo/row43682.csv
Execution time: 88.24500489234924 seconds
metaTables/vocal_music_demucs_16k/metaData_MTG-Jamendo/row43683.csv
Execution time: 91.52954649925232 seconds
metaTables/vocal_music_demucs_16k/metaData_MTG-Jamendo/row43684.csv
Execution time: 92.3752007484436 seconds
metaTables/vocal_music_demucs_16k/metaData_MTG-Jamendo/row43685.csv
Execution time: 91.85252833366394 seconds
metaTables/vocal_music_demucs_16k/metaData_MTG-Jamendo/row43686.csv
Execution time: 95.28923630714417 seconds
metaTables/vocal_music_demucs_16k/metaData_MTG-Jamendo/row43687.csv
Execution time: 41.671347856521606 seconds
metaTables/vocal_music_demucs_16k/metaData_MTG-Jamendo/row43688.csv
Execution time: 93.68087029457092 seconds
metaTables/vocal_music_demucs_16k/metaData_MTG-Jamendo/row43689.csv
Execution time: 90.93302726745605 seconds
metaTables/vocal_music_demucs_16k/metaData_MTG-Jamendo/row43690.csv
Execution time: 91.59906363487244 seconds
metaTables/vocal_music_demucs_16k/metaData_MTG-Jamendo/row43691.csv
Execution time: 94.29498100280762 seconds
metaTables/vocal_music_demucs_16k/metaData_MTG-Jamendo/row43692.csv
Execution time: 92.05845165252686 seconds
metaTables/vocal_music_demucs_16k/metaData_MTG-Jamendo/row43693.csv
Execution time: 92.11028742790222 seconds
metaTables/vocal_music_demucs_16k/metaData_MTG-Jamendo/row43694.csv
Execution time: 88.18301343917847 seconds
metaTables/vocal_music_demucs_16k/metaData_MTG-Jamendo/row43695.csv
Execution time: 89.11179661750793 seconds
metaTables/vocal_music_demucs_16k/metaData_MTG-Jamendo/row43696.csv
Execution time: 90.3227367401123 seconds
metaTables/vocal_music_demucs_16k/metaData_MTG-Jamendo/row43697.csv
Execution time: 89.54220199584961 seconds
metaTables/vocal_music_demucs_16k/metaData_MTG-Jamendo/row43698.csv
Execution time: 88.0121955871582 seconds
metaTables/vocal_music_demucs_16k/metaData_MTG-Jamendo/row43699.csv
Demucs voice recognition done!
