/ext3/demucs/lib/python3.9/site-packages/demucs/api.py:27: UserWarning: TorchAudio's global backend is now deprecated. Please enable distpatcher by setting `TORCHAUDIO_USE_BACKEND_DISPATCHER=1`, and specify backend when calling load/info/save function.
  import torchaudio as ta
2024-05-09 09:28:26.377845: I tensorflow/core/util/port.cc:113] oneDNN custom operations are on. You may see slightly different numerical results due to floating-point round-off errors from different computation orders. To turn them off, set the environment variable `TF_ENABLE_ONEDNN_OPTS=0`.
2024-05-09 09:28:26.910256: E external/local_xla/xla/stream_executor/cuda/cuda_dnn.cc:9261] Unable to register cuDNN factory: Attempting to register factory for plugin cuDNN when one has already been registered
2024-05-09 09:28:26.910292: E external/local_xla/xla/stream_executor/cuda/cuda_fft.cc:607] Unable to register cuFFT factory: Attempting to register factory for plugin cuFFT when one has already been registered
2024-05-09 09:28:26.942165: E external/local_xla/xla/stream_executor/cuda/cuda_blas.cc:1515] Unable to register cuBLAS factory: Attempting to register factory for plugin cuBLAS when one has already been registered
2024-05-09 09:28:27.006274: I tensorflow/core/platform/cpu_feature_guard.cc:182] This TensorFlow binary is optimized to use available CPU instructions in performance-critical operations.
To enable the following instructions: AVX2 AVX512F AVX512_VNNI FMA, in other operations, rebuild TensorFlow with the appropriate compiler flags.
2024-05-09 09:28:27.885300: W tensorflow/compiler/tf2tensorrt/utils/py_utils.cc:38] TF-TRT Warning: Could not find TensorRT
SKIPPING: metaTables/vocal_music_demucs_16k/metaData_MTG-Jamendo/row27900.csv
SKIPPING: metaTables/vocal_music_demucs_16k/metaData_MTG-Jamendo/row27901.csv
SKIPPING: metaTables/vocal_music_demucs_16k/metaData_MTG-Jamendo/row27902.csv
SKIPPING: metaTables/vocal_music_demucs_16k/metaData_MTG-Jamendo/row27903.csv
SKIPPING: metaTables/vocal_music_demucs_16k/metaData_MTG-Jamendo/row27904.csv
SKIPPING: metaTables/vocal_music_demucs_16k/metaData_MTG-Jamendo/row27905.csv
SKIPPING: metaTables/vocal_music_demucs_16k/metaData_MTG-Jamendo/row27906.csv
SKIPPING: metaTables/vocal_music_demucs_16k/metaData_MTG-Jamendo/row27907.csv
SKIPPING: metaTables/vocal_music_demucs_16k/metaData_MTG-Jamendo/row27908.csv
SKIPPING: metaTables/vocal_music_demucs_16k/metaData_MTG-Jamendo/row27909.csv
SKIPPING: metaTables/vocal_music_demucs_16k/metaData_MTG-Jamendo/row27910.csv
SKIPPING: metaTables/vocal_music_demucs_16k/metaData_MTG-Jamendo/row27911.csv
SKIPPING: metaTables/vocal_music_demucs_16k/metaData_MTG-Jamendo/row27912.csv
SKIPPING: metaTables/vocal_music_demucs_16k/metaData_MTG-Jamendo/row27913.csv
SKIPPING: metaTables/vocal_music_demucs_16k/metaData_MTG-Jamendo/row27914.csv
SKIPPING: metaTables/vocal_music_demucs_16k/metaData_MTG-Jamendo/row27915.csv
SKIPPING: metaTables/vocal_music_demucs_16k/metaData_MTG-Jamendo/row27916.csv
SKIPPING: metaTables/vocal_music_demucs_16k/metaData_MTG-Jamendo/row27917.csv
SKIPPING: metaTables/vocal_music_demucs_16k/metaData_MTG-Jamendo/row27918.csv
SKIPPING: metaTables/vocal_music_demucs_16k/metaData_MTG-Jamendo/row27919.csv
SKIPPING: metaTables/vocal_music_demucs_16k/metaData_MTG-Jamendo/row27920.csv
SKIPPING: metaTables/vocal_music_demucs_16k/metaData_MTG-Jamendo/row27921.csv
SKIPPING: metaTables/vocal_music_demucs_16k/metaData_MTG-Jamendo/row27922.csv
SKIPPING: metaTables/vocal_music_demucs_16k/metaData_MTG-Jamendo/row27923.csv
SKIPPING: metaTables/vocal_music_demucs_16k/metaData_MTG-Jamendo/row27924.csv
SKIPPING: metaTables/vocal_music_demucs_16k/metaData_MTG-Jamendo/row27925.csv
SKIPPING: metaTables/vocal_music_demucs_16k/metaData_MTG-Jamendo/row27926.csv
SKIPPING: metaTables/vocal_music_demucs_16k/metaData_MTG-Jamendo/row27927.csv
SKIPPING: metaTables/vocal_music_demucs_16k/metaData_MTG-Jamendo/row27928.csv
SKIPPING: metaTables/vocal_music_demucs_16k/metaData_MTG-Jamendo/row27929.csv
SKIPPING: metaTables/vocal_music_demucs_16k/metaData_MTG-Jamendo/row27930.csv
SKIPPING: metaTables/vocal_music_demucs_16k/metaData_MTG-Jamendo/row27931.csv
SKIPPING: metaTables/vocal_music_demucs_16k/metaData_MTG-Jamendo/row27932.csv
SKIPPING: metaTables/vocal_music_demucs_16k/metaData_MTG-Jamendo/row27933.csv
SKIPPING: metaTables/vocal_music_demucs_16k/metaData_MTG-Jamendo/row27934.csv
SKIPPING: metaTables/vocal_music_demucs_16k/metaData_MTG-Jamendo/row27935.csv
SKIPPING: metaTables/vocal_music_demucs_16k/metaData_MTG-Jamendo/row27936.csv
SKIPPING: metaTables/vocal_music_demucs_16k/metaData_MTG-Jamendo/row27937.csv
SKIPPING: metaTables/vocal_music_demucs_16k/metaData_MTG-Jamendo/row27938.csv
SKIPPING: metaTables/vocal_music_demucs_16k/metaData_MTG-Jamendo/row27939.csv
SKIPPING: metaTables/vocal_music_demucs_16k/metaData_MTG-Jamendo/row27940.csv
SKIPPING: metaTables/vocal_music_demucs_16k/metaData_MTG-Jamendo/row27941.csv
SKIPPING: metaTables/vocal_music_demucs_16k/metaData_MTG-Jamendo/row27942.csv
SKIPPING: metaTables/vocal_music_demucs_16k/metaData_MTG-Jamendo/row27943.csv
SKIPPING: metaTables/vocal_music_demucs_16k/metaData_MTG-Jamendo/row27944.csv
SKIPPING: metaTables/vocal_music_demucs_16k/metaData_MTG-Jamendo/row27945.csv
SKIPPING: metaTables/vocal_music_demucs_16k/metaData_MTG-Jamendo/row27946.csv
SKIPPING: metaTables/vocal_music_demucs_16k/metaData_MTG-Jamendo/row27947.csv
SKIPPING: metaTables/vocal_music_demucs_16k/metaData_MTG-Jamendo/row27948.csv
SKIPPING: metaTables/vocal_music_demucs_16k/metaData_MTG-Jamendo/row27949.csv
Execution time: 87.49846005439758 seconds
metaTables/vocal_music_demucs_16k/metaData_MTG-Jamendo/row27950.csv
Execution time: 93.17214012145996 seconds
metaTables/vocal_music_demucs_16k/metaData_MTG-Jamendo/row27951.csv
Execution time: 93.32527947425842 seconds
metaTables/vocal_music_demucs_16k/metaData_MTG-Jamendo/row27952.csv
Execution time: 91.7743911743164 seconds
metaTables/vocal_music_demucs_16k/metaData_MTG-Jamendo/row27953.csv
Execution time: 95.2090356349945 seconds
metaTables/vocal_music_demucs_16k/metaData_MTG-Jamendo/row27954.csv
Execution time: 93.3381655216217 seconds
metaTables/vocal_music_demucs_16k/metaData_MTG-Jamendo/row27955.csv
Execution time: 93.66916966438293 seconds
metaTables/vocal_music_demucs_16k/metaData_MTG-Jamendo/row27956.csv
Execution time: 91.6730124950409 seconds
metaTables/vocal_music_demucs_16k/metaData_MTG-Jamendo/row27957.csv
Execution time: 93.34762239456177 seconds
metaTables/vocal_music_demucs_16k/metaData_MTG-Jamendo/row27958.csv
Execution time: 92.6524589061737 seconds
metaTables/vocal_music_demucs_16k/metaData_MTG-Jamendo/row27959.csv
Execution time: 45.86389398574829 seconds
metaTables/vocal_music_demucs_16k/metaData_MTG-Jamendo/row27960.csv
Execution time: 92.705739736557 seconds
metaTables/vocal_music_demucs_16k/metaData_MTG-Jamendo/row27961.csv
Execution time: 94.76055121421814 seconds
metaTables/vocal_music_demucs_16k/metaData_MTG-Jamendo/row27962.csv
Execution time: 98.69213700294495 seconds
metaTables/vocal_music_demucs_16k/metaData_MTG-Jamendo/row27963.csv
Execution time: 91.69305300712585 seconds
metaTables/vocal_music_demucs_16k/metaData_MTG-Jamendo/row27964.csv
Execution time: 94.94633078575134 seconds
metaTables/vocal_music_demucs_16k/metaData_MTG-Jamendo/row27965.csv
Execution time: 93.96915793418884 seconds
metaTables/vocal_music_demucs_16k/metaData_MTG-Jamendo/row27966.csv
Execution time: 97.77410006523132 seconds
metaTables/vocal_music_demucs_16k/metaData_MTG-Jamendo/row27967.csv
Execution time: 93.58892822265625 seconds
metaTables/vocal_music_demucs_16k/metaData_MTG-Jamendo/row27968.csv
Execution time: 93.12627267837524 seconds
metaTables/vocal_music_demucs_16k/metaData_MTG-Jamendo/row27969.csv
Execution time: 91.08822202682495 seconds
metaTables/vocal_music_demucs_16k/metaData_MTG-Jamendo/row27970.csv
Execution time: 97.56523418426514 seconds
metaTables/vocal_music_demucs_16k/metaData_MTG-Jamendo/row27971.csv
Execution time: 51.62527680397034 seconds
metaTables/vocal_music_demucs_16k/metaData_MTG-Jamendo/row27972.csv
Execution time: 102.72627139091492 seconds
metaTables/vocal_music_demucs_16k/metaData_MTG-Jamendo/row27973.csv
Execution time: 81.55655431747437 seconds
metaTables/vocal_music_demucs_16k/metaData_MTG-Jamendo/row27974.csv
Execution time: 98.69342947006226 seconds
metaTables/vocal_music_demucs_16k/metaData_MTG-Jamendo/row27975.csv
Execution time: 92.5578031539917 seconds
metaTables/vocal_music_demucs_16k/metaData_MTG-Jamendo/row27976.csv
Execution time: 94.27592968940735 seconds
metaTables/vocal_music_demucs_16k/metaData_MTG-Jamendo/row27977.csv
Execution time: 90.6824791431427 seconds
metaTables/vocal_music_demucs_16k/metaData_MTG-Jamendo/row27978.csv
Execution time: 87.41992902755737 seconds
metaTables/vocal_music_demucs_16k/metaData_MTG-Jamendo/row27979.csv
Execution time: 97.60705804824829 seconds
metaTables/vocal_music_demucs_16k/metaData_MTG-Jamendo/row27980.csv
Execution time: 99.9564733505249 seconds
metaTables/vocal_music_demucs_16k/metaData_MTG-Jamendo/row27981.csv
Execution time: 95.61849641799927 seconds
metaTables/vocal_music_demucs_16k/metaData_MTG-Jamendo/row27982.csv
Execution time: 93.92100667953491 seconds
metaTables/vocal_music_demucs_16k/metaData_MTG-Jamendo/row27983.csv
Execution time: 94.81903648376465 seconds
metaTables/vocal_music_demucs_16k/metaData_MTG-Jamendo/row27984.csv
Execution time: 92.36603045463562 seconds
metaTables/vocal_music_demucs_16k/metaData_MTG-Jamendo/row27985.csv
Execution time: 94.60887169837952 seconds
metaTables/vocal_music_demucs_16k/metaData_MTG-Jamendo/row27986.csv
Execution time: 95.41563081741333 seconds
metaTables/vocal_music_demucs_16k/metaData_MTG-Jamendo/row27987.csv
Execution time: 89.71966123580933 seconds
metaTables/vocal_music_demucs_16k/metaData_MTG-Jamendo/row27988.csv
Execution time: 95.2790036201477 seconds
metaTables/vocal_music_demucs_16k/metaData_MTG-Jamendo/row27989.csv
Execution time: 94.11167073249817 seconds
metaTables/vocal_music_demucs_16k/metaData_MTG-Jamendo/row27990.csv
Execution time: 91.64998769760132 seconds
metaTables/vocal_music_demucs_16k/metaData_MTG-Jamendo/row27991.csv
Execution time: 100.02419710159302 seconds
metaTables/vocal_music_demucs_16k/metaData_MTG-Jamendo/row27992.csv
Execution time: 94.19962239265442 seconds
metaTables/vocal_music_demucs_16k/metaData_MTG-Jamendo/row27993.csv
Execution time: 97.27857303619385 seconds
metaTables/vocal_music_demucs_16k/metaData_MTG-Jamendo/row27994.csv
Execution time: 87.69862031936646 seconds
metaTables/vocal_music_demucs_16k/metaData_MTG-Jamendo/row27995.csv
Execution time: 91.86640667915344 seconds
metaTables/vocal_music_demucs_16k/metaData_MTG-Jamendo/row27996.csv
Execution time: 91.48090314865112 seconds
metaTables/vocal_music_demucs_16k/metaData_MTG-Jamendo/row27997.csv
Execution time: 88.76155138015747 seconds
metaTables/vocal_music_demucs_16k/metaData_MTG-Jamendo/row27998.csv
Execution time: 87.65478444099426 seconds
metaTables/vocal_music_demucs_16k/metaData_MTG-Jamendo/row27999.csv
Demucs voice recognition done!
