/ext3/demucs/lib/python3.9/site-packages/demucs/api.py:27: UserWarning: TorchAudio's global backend is now deprecated. Please enable distpatcher by setting `TORCHAUDIO_USE_BACKEND_DISPATCHER=1`, and specify backend when calling load/info/save function.
  import torchaudio as ta
2024-05-09 09:28:23.712674: I tensorflow/core/util/port.cc:113] oneDNN custom operations are on. You may see slightly different numerical results due to floating-point round-off errors from different computation orders. To turn them off, set the environment variable `TF_ENABLE_ONEDNN_OPTS=0`.
2024-05-09 09:28:24.563172: E external/local_xla/xla/stream_executor/cuda/cuda_dnn.cc:9261] Unable to register cuDNN factory: Attempting to register factory for plugin cuDNN when one has already been registered
2024-05-09 09:28:24.563222: E external/local_xla/xla/stream_executor/cuda/cuda_fft.cc:607] Unable to register cuFFT factory: Attempting to register factory for plugin cuFFT when one has already been registered
2024-05-09 09:28:24.599672: E external/local_xla/xla/stream_executor/cuda/cuda_blas.cc:1515] Unable to register cuBLAS factory: Attempting to register factory for plugin cuBLAS when one has already been registered
2024-05-09 09:28:24.663804: I tensorflow/core/platform/cpu_feature_guard.cc:182] This TensorFlow binary is optimized to use available CPU instructions in performance-critical operations.
To enable the following instructions: AVX2 AVX512F AVX512_VNNI FMA, in other operations, rebuild TensorFlow with the appropriate compiler flags.
2024-05-09 09:28:25.571538: W tensorflow/compiler/tf2tensorrt/utils/py_utils.cc:38] TF-TRT Warning: Could not find TensorRT
SKIPPING: metaTables/vocal_music_demucs_16k/metaData_MTG-Jamendo/row6200.csv
SKIPPING: metaTables/vocal_music_demucs_16k/metaData_MTG-Jamendo/row6201.csv
SKIPPING: metaTables/vocal_music_demucs_16k/metaData_MTG-Jamendo/row6202.csv
SKIPPING: metaTables/vocal_music_demucs_16k/metaData_MTG-Jamendo/row6203.csv
SKIPPING: metaTables/vocal_music_demucs_16k/metaData_MTG-Jamendo/row6204.csv
SKIPPING: metaTables/vocal_music_demucs_16k/metaData_MTG-Jamendo/row6205.csv
SKIPPING: metaTables/vocal_music_demucs_16k/metaData_MTG-Jamendo/row6206.csv
SKIPPING: metaTables/vocal_music_demucs_16k/metaData_MTG-Jamendo/row6207.csv
SKIPPING: metaTables/vocal_music_demucs_16k/metaData_MTG-Jamendo/row6208.csv
SKIPPING: metaTables/vocal_music_demucs_16k/metaData_MTG-Jamendo/row6209.csv
SKIPPING: metaTables/vocal_music_demucs_16k/metaData_MTG-Jamendo/row6210.csv
SKIPPING: metaTables/vocal_music_demucs_16k/metaData_MTG-Jamendo/row6211.csv
SKIPPING: metaTables/vocal_music_demucs_16k/metaData_MTG-Jamendo/row6212.csv
SKIPPING: metaTables/vocal_music_demucs_16k/metaData_MTG-Jamendo/row6213.csv
SKIPPING: metaTables/vocal_music_demucs_16k/metaData_MTG-Jamendo/row6214.csv
SKIPPING: metaTables/vocal_music_demucs_16k/metaData_MTG-Jamendo/row6215.csv
SKIPPING: metaTables/vocal_music_demucs_16k/metaData_MTG-Jamendo/row6216.csv
SKIPPING: metaTables/vocal_music_demucs_16k/metaData_MTG-Jamendo/row6217.csv
SKIPPING: metaTables/vocal_music_demucs_16k/metaData_MTG-Jamendo/row6218.csv
SKIPPING: metaTables/vocal_music_demucs_16k/metaData_MTG-Jamendo/row6219.csv
SKIPPING: metaTables/vocal_music_demucs_16k/metaData_MTG-Jamendo/row6220.csv
SKIPPING: metaTables/vocal_music_demucs_16k/metaData_MTG-Jamendo/row6221.csv
SKIPPING: metaTables/vocal_music_demucs_16k/metaData_MTG-Jamendo/row6222.csv
SKIPPING: metaTables/vocal_music_demucs_16k/metaData_MTG-Jamendo/row6223.csv
SKIPPING: metaTables/vocal_music_demucs_16k/metaData_MTG-Jamendo/row6224.csv
SKIPPING: metaTables/vocal_music_demucs_16k/metaData_MTG-Jamendo/row6225.csv
SKIPPING: metaTables/vocal_music_demucs_16k/metaData_MTG-Jamendo/row6226.csv
SKIPPING: metaTables/vocal_music_demucs_16k/metaData_MTG-Jamendo/row6227.csv
SKIPPING: metaTables/vocal_music_demucs_16k/metaData_MTG-Jamendo/row6228.csv
SKIPPING: metaTables/vocal_music_demucs_16k/metaData_MTG-Jamendo/row6229.csv
SKIPPING: metaTables/vocal_music_demucs_16k/metaData_MTG-Jamendo/row6230.csv
SKIPPING: metaTables/vocal_music_demucs_16k/metaData_MTG-Jamendo/row6231.csv
SKIPPING: metaTables/vocal_music_demucs_16k/metaData_MTG-Jamendo/row6232.csv
SKIPPING: metaTables/vocal_music_demucs_16k/metaData_MTG-Jamendo/row6233.csv
SKIPPING: metaTables/vocal_music_demucs_16k/metaData_MTG-Jamendo/row6234.csv
SKIPPING: metaTables/vocal_music_demucs_16k/metaData_MTG-Jamendo/row6235.csv
SKIPPING: metaTables/vocal_music_demucs_16k/metaData_MTG-Jamendo/row6236.csv
SKIPPING: metaTables/vocal_music_demucs_16k/metaData_MTG-Jamendo/row6237.csv
SKIPPING: metaTables/vocal_music_demucs_16k/metaData_MTG-Jamendo/row6238.csv
SKIPPING: metaTables/vocal_music_demucs_16k/metaData_MTG-Jamendo/row6239.csv
SKIPPING: metaTables/vocal_music_demucs_16k/metaData_MTG-Jamendo/row6240.csv
SKIPPING: metaTables/vocal_music_demucs_16k/metaData_MTG-Jamendo/row6241.csv
SKIPPING: metaTables/vocal_music_demucs_16k/metaData_MTG-Jamendo/row6242.csv
SKIPPING: metaTables/vocal_music_demucs_16k/metaData_MTG-Jamendo/row6243.csv
SKIPPING: metaTables/vocal_music_demucs_16k/metaData_MTG-Jamendo/row6244.csv
SKIPPING: metaTables/vocal_music_demucs_16k/metaData_MTG-Jamendo/row6245.csv
SKIPPING: metaTables/vocal_music_demucs_16k/metaData_MTG-Jamendo/row6246.csv
SKIPPING: metaTables/vocal_music_demucs_16k/metaData_MTG-Jamendo/row6247.csv
SKIPPING: metaTables/vocal_music_demucs_16k/metaData_MTG-Jamendo/row6248.csv
SKIPPING: metaTables/vocal_music_demucs_16k/metaData_MTG-Jamendo/row6249.csv
Execution time: 114.59714770317078 seconds
metaTables/vocal_music_demucs_16k/metaData_MTG-Jamendo/row6250.csv
Execution time: 109.12234616279602 seconds
metaTables/vocal_music_demucs_16k/metaData_MTG-Jamendo/row6251.csv
Execution time: 111.8676986694336 seconds
metaTables/vocal_music_demucs_16k/metaData_MTG-Jamendo/row6252.csv
Execution time: 113.73266649246216 seconds
metaTables/vocal_music_demucs_16k/metaData_MTG-Jamendo/row6253.csv
Execution time: 115.10990452766418 seconds
metaTables/vocal_music_demucs_16k/metaData_MTG-Jamendo/row6254.csv
Execution time: 110.30165505409241 seconds
metaTables/vocal_music_demucs_16k/metaData_MTG-Jamendo/row6255.csv
Execution time: 66.36449575424194 seconds
metaTables/vocal_music_demucs_16k/metaData_MTG-Jamendo/row6256.csv
Execution time: 112.91568422317505 seconds
metaTables/vocal_music_demucs_16k/metaData_MTG-Jamendo/row6257.csv
Execution time: 112.27109265327454 seconds
metaTables/vocal_music_demucs_16k/metaData_MTG-Jamendo/row6258.csv
Execution time: 110.43443822860718 seconds
metaTables/vocal_music_demucs_16k/metaData_MTG-Jamendo/row6259.csv
Execution time: 107.75334882736206 seconds
metaTables/vocal_music_demucs_16k/metaData_MTG-Jamendo/row6260.csv
Execution time: 108.58677053451538 seconds
metaTables/vocal_music_demucs_16k/metaData_MTG-Jamendo/row6261.csv
Execution time: 115.60681772232056 seconds
metaTables/vocal_music_demucs_16k/metaData_MTG-Jamendo/row6262.csv
Execution time: 108.19674587249756 seconds
metaTables/vocal_music_demucs_16k/metaData_MTG-Jamendo/row6263.csv
Execution time: 107.89846420288086 seconds
metaTables/vocal_music_demucs_16k/metaData_MTG-Jamendo/row6264.csv
Execution time: 58.40930366516113 seconds
metaTables/vocal_music_demucs_16k/metaData_MTG-Jamendo/row6265.csv
Execution time: 106.55257892608643 seconds
metaTables/vocal_music_demucs_16k/metaData_MTG-Jamendo/row6266.csv
Execution time: 111.54300165176392 seconds
metaTables/vocal_music_demucs_16k/metaData_MTG-Jamendo/row6267.csv
Execution time: 111.23589491844177 seconds
metaTables/vocal_music_demucs_16k/metaData_MTG-Jamendo/row6268.csv
Execution time: 53.348748445510864 seconds
metaTables/vocal_music_demucs_16k/metaData_MTG-Jamendo/row6269.csv
Execution time: 108.89888286590576 seconds
metaTables/vocal_music_demucs_16k/metaData_MTG-Jamendo/row6270.csv
Execution time: 105.93884873390198 seconds
metaTables/vocal_music_demucs_16k/metaData_MTG-Jamendo/row6271.csv
Execution time: 109.45839977264404 seconds
metaTables/vocal_music_demucs_16k/metaData_MTG-Jamendo/row6272.csv
Execution time: 97.82436537742615 seconds
metaTables/vocal_music_demucs_16k/metaData_MTG-Jamendo/row6273.csv
Execution time: 109.52543926239014 seconds
metaTables/vocal_music_demucs_16k/metaData_MTG-Jamendo/row6274.csv
Execution time: 108.05648469924927 seconds
metaTables/vocal_music_demucs_16k/metaData_MTG-Jamendo/row6275.csv
Execution time: 98.30792474746704 seconds
metaTables/vocal_music_demucs_16k/metaData_MTG-Jamendo/row6276.csv
Execution time: 106.2173399925232 seconds
metaTables/vocal_music_demucs_16k/metaData_MTG-Jamendo/row6277.csv
Execution time: 109.51980686187744 seconds
metaTables/vocal_music_demucs_16k/metaData_MTG-Jamendo/row6278.csv
Execution time: 68.10481786727905 seconds
metaTables/vocal_music_demucs_16k/metaData_MTG-Jamendo/row6279.csv
Execution time: 109.02330899238586 seconds
metaTables/vocal_music_demucs_16k/metaData_MTG-Jamendo/row6280.csv
Execution time: 103.57736659049988 seconds
metaTables/vocal_music_demucs_16k/metaData_MTG-Jamendo/row6281.csv
Execution time: 108.4605872631073 seconds
metaTables/vocal_music_demucs_16k/metaData_MTG-Jamendo/row6282.csv
Execution time: 111.12157654762268 seconds
metaTables/vocal_music_demucs_16k/metaData_MTG-Jamendo/row6283.csv
Execution time: 106.02198219299316 seconds
metaTables/vocal_music_demucs_16k/metaData_MTG-Jamendo/row6284.csv
Execution time: 111.04286170005798 seconds
metaTables/vocal_music_demucs_16k/metaData_MTG-Jamendo/row6285.csv
Execution time: 106.21231150627136 seconds
metaTables/vocal_music_demucs_16k/metaData_MTG-Jamendo/row6286.csv
Execution time: 109.60203576087952 seconds
metaTables/vocal_music_demucs_16k/metaData_MTG-Jamendo/row6287.csv
Execution time: 106.05353379249573 seconds
metaTables/vocal_music_demucs_16k/metaData_MTG-Jamendo/row6288.csv
Execution time: 109.73651576042175 seconds
metaTables/vocal_music_demucs_16k/metaData_MTG-Jamendo/row6289.csv
Execution time: 108.93469953536987 seconds
metaTables/vocal_music_demucs_16k/metaData_MTG-Jamendo/row6290.csv
Execution time: 101.31180620193481 seconds
metaTables/vocal_music_demucs_16k/metaData_MTG-Jamendo/row6291.csv
Execution time: 110.14394021034241 seconds
metaTables/vocal_music_demucs_16k/metaData_MTG-Jamendo/row6292.csv
Execution time: 94.0755124092102 seconds
metaTables/vocal_music_demucs_16k/metaData_MTG-Jamendo/row6293.csv
Execution time: 108.52687931060791 seconds
metaTables/vocal_music_demucs_16k/metaData_MTG-Jamendo/row6294.csv
Execution time: 77.0695960521698 seconds
metaTables/vocal_music_demucs_16k/metaData_MTG-Jamendo/row6295.csv
Execution time: 109.63073658943176 seconds
metaTables/vocal_music_demucs_16k/metaData_MTG-Jamendo/row6296.csv
Execution time: 109.30109882354736 seconds
metaTables/vocal_music_demucs_16k/metaData_MTG-Jamendo/row6297.csv
Execution time: 104.63934373855591 seconds
metaTables/vocal_music_demucs_16k/metaData_MTG-Jamendo/row6298.csv
Execution time: 83.95546984672546 seconds
metaTables/vocal_music_demucs_16k/metaData_MTG-Jamendo/row6299.csv
Demucs voice recognition done!
