/ext3/demucs/lib/python3.9/site-packages/demucs/api.py:27: UserWarning: TorchAudio's global backend is now deprecated. Please enable distpatcher by setting `TORCHAUDIO_USE_BACKEND_DISPATCHER=1`, and specify backend when calling load/info/save function.
  import torchaudio as ta
2024-05-09 09:28:29.939868: I tensorflow/core/util/port.cc:113] oneDNN custom operations are on. You may see slightly different numerical results due to floating-point round-off errors from different computation orders. To turn them off, set the environment variable `TF_ENABLE_ONEDNN_OPTS=0`.
2024-05-09 09:28:30.188147: E external/local_xla/xla/stream_executor/cuda/cuda_dnn.cc:9261] Unable to register cuDNN factory: Attempting to register factory for plugin cuDNN when one has already been registered
2024-05-09 09:28:30.188189: E external/local_xla/xla/stream_executor/cuda/cuda_fft.cc:607] Unable to register cuFFT factory: Attempting to register factory for plugin cuFFT when one has already been registered
2024-05-09 09:28:30.222973: E external/local_xla/xla/stream_executor/cuda/cuda_blas.cc:1515] Unable to register cuBLAS factory: Attempting to register factory for plugin cuBLAS when one has already been registered
2024-05-09 09:28:30.296533: I tensorflow/core/platform/cpu_feature_guard.cc:182] This TensorFlow binary is optimized to use available CPU instructions in performance-critical operations.
To enable the following instructions: AVX2 AVX512F AVX512_VNNI FMA, in other operations, rebuild TensorFlow with the appropriate compiler flags.
2024-05-09 09:28:31.216724: W tensorflow/compiler/tf2tensorrt/utils/py_utils.cc:38] TF-TRT Warning: Could not find TensorRT
SKIPPING: metaTables/vocal_music_demucs_16k/metaData_MTG-Jamendo/row25900.csv
SKIPPING: metaTables/vocal_music_demucs_16k/metaData_MTG-Jamendo/row25901.csv
SKIPPING: metaTables/vocal_music_demucs_16k/metaData_MTG-Jamendo/row25902.csv
SKIPPING: metaTables/vocal_music_demucs_16k/metaData_MTG-Jamendo/row25903.csv
SKIPPING: metaTables/vocal_music_demucs_16k/metaData_MTG-Jamendo/row25904.csv
SKIPPING: metaTables/vocal_music_demucs_16k/metaData_MTG-Jamendo/row25905.csv
SKIPPING: metaTables/vocal_music_demucs_16k/metaData_MTG-Jamendo/row25906.csv
SKIPPING: metaTables/vocal_music_demucs_16k/metaData_MTG-Jamendo/row25907.csv
SKIPPING: metaTables/vocal_music_demucs_16k/metaData_MTG-Jamendo/row25908.csv
SKIPPING: metaTables/vocal_music_demucs_16k/metaData_MTG-Jamendo/row25909.csv
SKIPPING: metaTables/vocal_music_demucs_16k/metaData_MTG-Jamendo/row25910.csv
SKIPPING: metaTables/vocal_music_demucs_16k/metaData_MTG-Jamendo/row25911.csv
SKIPPING: metaTables/vocal_music_demucs_16k/metaData_MTG-Jamendo/row25912.csv
SKIPPING: metaTables/vocal_music_demucs_16k/metaData_MTG-Jamendo/row25913.csv
SKIPPING: metaTables/vocal_music_demucs_16k/metaData_MTG-Jamendo/row25914.csv
SKIPPING: metaTables/vocal_music_demucs_16k/metaData_MTG-Jamendo/row25915.csv
SKIPPING: metaTables/vocal_music_demucs_16k/metaData_MTG-Jamendo/row25916.csv
SKIPPING: metaTables/vocal_music_demucs_16k/metaData_MTG-Jamendo/row25917.csv
SKIPPING: metaTables/vocal_music_demucs_16k/metaData_MTG-Jamendo/row25918.csv
SKIPPING: metaTables/vocal_music_demucs_16k/metaData_MTG-Jamendo/row25919.csv
SKIPPING: metaTables/vocal_music_demucs_16k/metaData_MTG-Jamendo/row25920.csv
SKIPPING: metaTables/vocal_music_demucs_16k/metaData_MTG-Jamendo/row25921.csv
SKIPPING: metaTables/vocal_music_demucs_16k/metaData_MTG-Jamendo/row25922.csv
SKIPPING: metaTables/vocal_music_demucs_16k/metaData_MTG-Jamendo/row25923.csv
SKIPPING: metaTables/vocal_music_demucs_16k/metaData_MTG-Jamendo/row25924.csv
SKIPPING: metaTables/vocal_music_demucs_16k/metaData_MTG-Jamendo/row25925.csv
SKIPPING: metaTables/vocal_music_demucs_16k/metaData_MTG-Jamendo/row25926.csv
SKIPPING: metaTables/vocal_music_demucs_16k/metaData_MTG-Jamendo/row25927.csv
SKIPPING: metaTables/vocal_music_demucs_16k/metaData_MTG-Jamendo/row25928.csv
SKIPPING: metaTables/vocal_music_demucs_16k/metaData_MTG-Jamendo/row25929.csv
SKIPPING: metaTables/vocal_music_demucs_16k/metaData_MTG-Jamendo/row25930.csv
SKIPPING: metaTables/vocal_music_demucs_16k/metaData_MTG-Jamendo/row25931.csv
SKIPPING: metaTables/vocal_music_demucs_16k/metaData_MTG-Jamendo/row25932.csv
SKIPPING: metaTables/vocal_music_demucs_16k/metaData_MTG-Jamendo/row25933.csv
SKIPPING: metaTables/vocal_music_demucs_16k/metaData_MTG-Jamendo/row25934.csv
SKIPPING: metaTables/vocal_music_demucs_16k/metaData_MTG-Jamendo/row25935.csv
SKIPPING: metaTables/vocal_music_demucs_16k/metaData_MTG-Jamendo/row25936.csv
SKIPPING: metaTables/vocal_music_demucs_16k/metaData_MTG-Jamendo/row25937.csv
SKIPPING: metaTables/vocal_music_demucs_16k/metaData_MTG-Jamendo/row25938.csv
SKIPPING: metaTables/vocal_music_demucs_16k/metaData_MTG-Jamendo/row25939.csv
SKIPPING: metaTables/vocal_music_demucs_16k/metaData_MTG-Jamendo/row25940.csv
SKIPPING: metaTables/vocal_music_demucs_16k/metaData_MTG-Jamendo/row25941.csv
SKIPPING: metaTables/vocal_music_demucs_16k/metaData_MTG-Jamendo/row25942.csv
SKIPPING: metaTables/vocal_music_demucs_16k/metaData_MTG-Jamendo/row25943.csv
SKIPPING: metaTables/vocal_music_demucs_16k/metaData_MTG-Jamendo/row25944.csv
SKIPPING: metaTables/vocal_music_demucs_16k/metaData_MTG-Jamendo/row25945.csv
SKIPPING: metaTables/vocal_music_demucs_16k/metaData_MTG-Jamendo/row25946.csv
SKIPPING: metaTables/vocal_music_demucs_16k/metaData_MTG-Jamendo/row25947.csv
SKIPPING: metaTables/vocal_music_demucs_16k/metaData_MTG-Jamendo/row25948.csv
SKIPPING: metaTables/vocal_music_demucs_16k/metaData_MTG-Jamendo/row25949.csv
SKIPPING: metaTables/vocal_music_demucs_16k/metaData_MTG-Jamendo/row25950.csv
SKIPPING: metaTables/vocal_music_demucs_16k/metaData_MTG-Jamendo/row25951.csv
SKIPPING: metaTables/vocal_music_demucs_16k/metaData_MTG-Jamendo/row25952.csv
Execution time: 114.59097194671631 seconds
metaTables/vocal_music_demucs_16k/metaData_MTG-Jamendo/row25953.csv
Execution time: 108.54801154136658 seconds
metaTables/vocal_music_demucs_16k/metaData_MTG-Jamendo/row25954.csv
Execution time: 109.99388098716736 seconds
metaTables/vocal_music_demucs_16k/metaData_MTG-Jamendo/row25955.csv
Execution time: 108.23936629295349 seconds
metaTables/vocal_music_demucs_16k/metaData_MTG-Jamendo/row25956.csv
Execution time: 110.3004059791565 seconds
metaTables/vocal_music_demucs_16k/metaData_MTG-Jamendo/row25957.csv
Execution time: 116.01024103164673 seconds
metaTables/vocal_music_demucs_16k/metaData_MTG-Jamendo/row25958.csv
Execution time: 99.5605833530426 seconds
metaTables/vocal_music_demucs_16k/metaData_MTG-Jamendo/row25959.csv
Execution time: 75.35769891738892 seconds
metaTables/vocal_music_demucs_16k/metaData_MTG-Jamendo/row25960.csv
Execution time: 108.71531915664673 seconds
metaTables/vocal_music_demucs_16k/metaData_MTG-Jamendo/row25961.csv
Execution time: 113.67759466171265 seconds
metaTables/vocal_music_demucs_16k/metaData_MTG-Jamendo/row25962.csv
Execution time: 69.02694058418274 seconds
metaTables/vocal_music_demucs_16k/metaData_MTG-Jamendo/row25963.csv
Execution time: 111.87186193466187 seconds
metaTables/vocal_music_demucs_16k/metaData_MTG-Jamendo/row25964.csv
Execution time: 112.38292407989502 seconds
metaTables/vocal_music_demucs_16k/metaData_MTG-Jamendo/row25965.csv
Execution time: 108.11364459991455 seconds
metaTables/vocal_music_demucs_16k/metaData_MTG-Jamendo/row25966.csv
Execution time: 54.90784454345703 seconds
metaTables/vocal_music_demucs_16k/metaData_MTG-Jamendo/row25967.csv
Execution time: 108.12568044662476 seconds
metaTables/vocal_music_demucs_16k/metaData_MTG-Jamendo/row25968.csv
Execution time: 111.22175550460815 seconds
metaTables/vocal_music_demucs_16k/metaData_MTG-Jamendo/row25969.csv
Execution time: 110.02452063560486 seconds
metaTables/vocal_music_demucs_16k/metaData_MTG-Jamendo/row25970.csv
Execution time: 107.61314344406128 seconds
metaTables/vocal_music_demucs_16k/metaData_MTG-Jamendo/row25971.csv
Execution time: 88.0829963684082 seconds
metaTables/vocal_music_demucs_16k/metaData_MTG-Jamendo/row25972.csv
Execution time: 112.27036595344543 seconds
metaTables/vocal_music_demucs_16k/metaData_MTG-Jamendo/row25973.csv
Execution time: 108.66730809211731 seconds
metaTables/vocal_music_demucs_16k/metaData_MTG-Jamendo/row25974.csv
Execution time: 108.37118864059448 seconds
metaTables/vocal_music_demucs_16k/metaData_MTG-Jamendo/row25975.csv
Execution time: 105.0361762046814 seconds
metaTables/vocal_music_demucs_16k/metaData_MTG-Jamendo/row25976.csv
Execution time: 107.58725929260254 seconds
metaTables/vocal_music_demucs_16k/metaData_MTG-Jamendo/row25977.csv
Execution time: 105.7184431552887 seconds
metaTables/vocal_music_demucs_16k/metaData_MTG-Jamendo/row25978.csv
Execution time: 107.51204586029053 seconds
metaTables/vocal_music_demucs_16k/metaData_MTG-Jamendo/row25979.csv
Execution time: 113.51478314399719 seconds
metaTables/vocal_music_demucs_16k/metaData_MTG-Jamendo/row25980.csv
Execution time: 109.8296947479248 seconds
metaTables/vocal_music_demucs_16k/metaData_MTG-Jamendo/row25981.csv
Execution time: 107.1845953464508 seconds
metaTables/vocal_music_demucs_16k/metaData_MTG-Jamendo/row25982.csv
Execution time: 109.42686820030212 seconds
metaTables/vocal_music_demucs_16k/metaData_MTG-Jamendo/row25983.csv
Execution time: 83.78782868385315 seconds
metaTables/vocal_music_demucs_16k/metaData_MTG-Jamendo/row25984.csv
Execution time: 107.36694288253784 seconds
metaTables/vocal_music_demucs_16k/metaData_MTG-Jamendo/row25985.csv
Execution time: 107.63809299468994 seconds
metaTables/vocal_music_demucs_16k/metaData_MTG-Jamendo/row25986.csv
Execution time: 105.7434561252594 seconds
metaTables/vocal_music_demucs_16k/metaData_MTG-Jamendo/row25987.csv
Execution time: 114.21095824241638 seconds
metaTables/vocal_music_demucs_16k/metaData_MTG-Jamendo/row25988.csv
Execution time: 105.42488646507263 seconds
metaTables/vocal_music_demucs_16k/metaData_MTG-Jamendo/row25989.csv
Execution time: 110.77686095237732 seconds
metaTables/vocal_music_demucs_16k/metaData_MTG-Jamendo/row25990.csv
Execution time: 114.90114307403564 seconds
metaTables/vocal_music_demucs_16k/metaData_MTG-Jamendo/row25991.csv
Execution time: 110.35141277313232 seconds
metaTables/vocal_music_demucs_16k/metaData_MTG-Jamendo/row25992.csv
Execution time: 112.77142786979675 seconds
metaTables/vocal_music_demucs_16k/metaData_MTG-Jamendo/row25993.csv
Execution time: 110.2838306427002 seconds
metaTables/vocal_music_demucs_16k/metaData_MTG-Jamendo/row25994.csv
Execution time: 109.39822888374329 seconds
metaTables/vocal_music_demucs_16k/metaData_MTG-Jamendo/row25995.csv
Execution time: 110.8040099143982 seconds
metaTables/vocal_music_demucs_16k/metaData_MTG-Jamendo/row25996.csv
Execution time: 110.0443868637085 seconds
metaTables/vocal_music_demucs_16k/metaData_MTG-Jamendo/row25997.csv
Execution time: 107.44259238243103 seconds
metaTables/vocal_music_demucs_16k/metaData_MTG-Jamendo/row25998.csv
Execution time: 110.50038242340088 seconds
metaTables/vocal_music_demucs_16k/metaData_MTG-Jamendo/row25999.csv
Demucs voice recognition done!
