/ext3/demucs/lib/python3.9/site-packages/demucs/api.py:27: UserWarning: TorchAudio's global backend is now deprecated. Please enable distpatcher by setting `TORCHAUDIO_USE_BACKEND_DISPATCHER=1`, and specify backend when calling load/info/save function.
  import torchaudio as ta
2024-05-09 12:03:36.370129: I tensorflow/core/util/port.cc:113] oneDNN custom operations are on. You may see slightly different numerical results due to floating-point round-off errors from different computation orders. To turn them off, set the environment variable `TF_ENABLE_ONEDNN_OPTS=0`.
2024-05-09 12:03:36.808775: E external/local_xla/xla/stream_executor/cuda/cuda_dnn.cc:9261] Unable to register cuDNN factory: Attempting to register factory for plugin cuDNN when one has already been registered
2024-05-09 12:03:36.808812: E external/local_xla/xla/stream_executor/cuda/cuda_fft.cc:607] Unable to register cuFFT factory: Attempting to register factory for plugin cuFFT when one has already been registered
2024-05-09 12:03:36.900464: E external/local_xla/xla/stream_executor/cuda/cuda_blas.cc:1515] Unable to register cuBLAS factory: Attempting to register factory for plugin cuBLAS when one has already been registered
2024-05-09 12:03:36.965703: I tensorflow/core/platform/cpu_feature_guard.cc:182] This TensorFlow binary is optimized to use available CPU instructions in performance-critical operations.
To enable the following instructions: AVX2 AVX512F AVX512_VNNI FMA, in other operations, rebuild TensorFlow with the appropriate compiler flags.
2024-05-09 12:03:37.901572: W tensorflow/compiler/tf2tensorrt/utils/py_utils.cc:38] TF-TRT Warning: Could not find TensorRT
SKIPPING: metaTables/vocal_music_demucs_16k/metaData_MTG-Jamendo/row40700.csv
SKIPPING: metaTables/vocal_music_demucs_16k/metaData_MTG-Jamendo/row40701.csv
SKIPPING: metaTables/vocal_music_demucs_16k/metaData_MTG-Jamendo/row40702.csv
SKIPPING: metaTables/vocal_music_demucs_16k/metaData_MTG-Jamendo/row40703.csv
SKIPPING: metaTables/vocal_music_demucs_16k/metaData_MTG-Jamendo/row40704.csv
SKIPPING: metaTables/vocal_music_demucs_16k/metaData_MTG-Jamendo/row40705.csv
SKIPPING: metaTables/vocal_music_demucs_16k/metaData_MTG-Jamendo/row40706.csv
SKIPPING: metaTables/vocal_music_demucs_16k/metaData_MTG-Jamendo/row40707.csv
SKIPPING: metaTables/vocal_music_demucs_16k/metaData_MTG-Jamendo/row40708.csv
SKIPPING: metaTables/vocal_music_demucs_16k/metaData_MTG-Jamendo/row40709.csv
SKIPPING: metaTables/vocal_music_demucs_16k/metaData_MTG-Jamendo/row40710.csv
SKIPPING: metaTables/vocal_music_demucs_16k/metaData_MTG-Jamendo/row40711.csv
SKIPPING: metaTables/vocal_music_demucs_16k/metaData_MTG-Jamendo/row40712.csv
SKIPPING: metaTables/vocal_music_demucs_16k/metaData_MTG-Jamendo/row40713.csv
SKIPPING: metaTables/vocal_music_demucs_16k/metaData_MTG-Jamendo/row40714.csv
SKIPPING: metaTables/vocal_music_demucs_16k/metaData_MTG-Jamendo/row40715.csv
SKIPPING: metaTables/vocal_music_demucs_16k/metaData_MTG-Jamendo/row40716.csv
SKIPPING: metaTables/vocal_music_demucs_16k/metaData_MTG-Jamendo/row40717.csv
SKIPPING: metaTables/vocal_music_demucs_16k/metaData_MTG-Jamendo/row40718.csv
SKIPPING: metaTables/vocal_music_demucs_16k/metaData_MTG-Jamendo/row40719.csv
SKIPPING: metaTables/vocal_music_demucs_16k/metaData_MTG-Jamendo/row40720.csv
SKIPPING: metaTables/vocal_music_demucs_16k/metaData_MTG-Jamendo/row40721.csv
SKIPPING: metaTables/vocal_music_demucs_16k/metaData_MTG-Jamendo/row40722.csv
SKIPPING: metaTables/vocal_music_demucs_16k/metaData_MTG-Jamendo/row40723.csv
SKIPPING: metaTables/vocal_music_demucs_16k/metaData_MTG-Jamendo/row40724.csv
SKIPPING: metaTables/vocal_music_demucs_16k/metaData_MTG-Jamendo/row40725.csv
SKIPPING: metaTables/vocal_music_demucs_16k/metaData_MTG-Jamendo/row40726.csv
SKIPPING: metaTables/vocal_music_demucs_16k/metaData_MTG-Jamendo/row40727.csv
SKIPPING: metaTables/vocal_music_demucs_16k/metaData_MTG-Jamendo/row40728.csv
SKIPPING: metaTables/vocal_music_demucs_16k/metaData_MTG-Jamendo/row40729.csv
SKIPPING: metaTables/vocal_music_demucs_16k/metaData_MTG-Jamendo/row40730.csv
SKIPPING: metaTables/vocal_music_demucs_16k/metaData_MTG-Jamendo/row40731.csv
SKIPPING: metaTables/vocal_music_demucs_16k/metaData_MTG-Jamendo/row40732.csv
SKIPPING: metaTables/vocal_music_demucs_16k/metaData_MTG-Jamendo/row40733.csv
SKIPPING: metaTables/vocal_music_demucs_16k/metaData_MTG-Jamendo/row40734.csv
SKIPPING: metaTables/vocal_music_demucs_16k/metaData_MTG-Jamendo/row40735.csv
SKIPPING: metaTables/vocal_music_demucs_16k/metaData_MTG-Jamendo/row40736.csv
SKIPPING: metaTables/vocal_music_demucs_16k/metaData_MTG-Jamendo/row40737.csv
SKIPPING: metaTables/vocal_music_demucs_16k/metaData_MTG-Jamendo/row40738.csv
SKIPPING: metaTables/vocal_music_demucs_16k/metaData_MTG-Jamendo/row40739.csv
SKIPPING: metaTables/vocal_music_demucs_16k/metaData_MTG-Jamendo/row40740.csv
SKIPPING: metaTables/vocal_music_demucs_16k/metaData_MTG-Jamendo/row40741.csv
SKIPPING: metaTables/vocal_music_demucs_16k/metaData_MTG-Jamendo/row40742.csv
SKIPPING: metaTables/vocal_music_demucs_16k/metaData_MTG-Jamendo/row40743.csv
SKIPPING: metaTables/vocal_music_demucs_16k/metaData_MTG-Jamendo/row40744.csv
SKIPPING: metaTables/vocal_music_demucs_16k/metaData_MTG-Jamendo/row40745.csv
SKIPPING: metaTables/vocal_music_demucs_16k/metaData_MTG-Jamendo/row40746.csv
SKIPPING: metaTables/vocal_music_demucs_16k/metaData_MTG-Jamendo/row40747.csv
SKIPPING: metaTables/vocal_music_demucs_16k/metaData_MTG-Jamendo/row40748.csv
SKIPPING: metaTables/vocal_music_demucs_16k/metaData_MTG-Jamendo/row40749.csv
SKIPPING: metaTables/vocal_music_demucs_16k/metaData_MTG-Jamendo/row40750.csv
SKIPPING: metaTables/vocal_music_demucs_16k/metaData_MTG-Jamendo/row40751.csv
SKIPPING: metaTables/vocal_music_demucs_16k/metaData_MTG-Jamendo/row40752.csv
SKIPPING: metaTables/vocal_music_demucs_16k/metaData_MTG-Jamendo/row40753.csv
SKIPPING: metaTables/vocal_music_demucs_16k/metaData_MTG-Jamendo/row40754.csv
SKIPPING: metaTables/vocal_music_demucs_16k/metaData_MTG-Jamendo/row40755.csv
SKIPPING: metaTables/vocal_music_demucs_16k/metaData_MTG-Jamendo/row40756.csv
SKIPPING: metaTables/vocal_music_demucs_16k/metaData_MTG-Jamendo/row40757.csv
SKIPPING: metaTables/vocal_music_demucs_16k/metaData_MTG-Jamendo/row40758.csv
SKIPPING: metaTables/vocal_music_demucs_16k/metaData_MTG-Jamendo/row40759.csv
SKIPPING: metaTables/vocal_music_demucs_16k/metaData_MTG-Jamendo/row40760.csv
SKIPPING: metaTables/vocal_music_demucs_16k/metaData_MTG-Jamendo/row40761.csv
SKIPPING: metaTables/vocal_music_demucs_16k/metaData_MTG-Jamendo/row40762.csv
SKIPPING: metaTables/vocal_music_demucs_16k/metaData_MTG-Jamendo/row40763.csv
SKIPPING: metaTables/vocal_music_demucs_16k/metaData_MTG-Jamendo/row40764.csv
SKIPPING: metaTables/vocal_music_demucs_16k/metaData_MTG-Jamendo/row40765.csv
SKIPPING: metaTables/vocal_music_demucs_16k/metaData_MTG-Jamendo/row40766.csv
SKIPPING: metaTables/vocal_music_demucs_16k/metaData_MTG-Jamendo/row40767.csv
SKIPPING: metaTables/vocal_music_demucs_16k/metaData_MTG-Jamendo/row40768.csv
SKIPPING: metaTables/vocal_music_demucs_16k/metaData_MTG-Jamendo/row40769.csv
SKIPPING: metaTables/vocal_music_demucs_16k/metaData_MTG-Jamendo/row40770.csv
SKIPPING: metaTables/vocal_music_demucs_16k/metaData_MTG-Jamendo/row40771.csv
SKIPPING: metaTables/vocal_music_demucs_16k/metaData_MTG-Jamendo/row40772.csv
SKIPPING: metaTables/vocal_music_demucs_16k/metaData_MTG-Jamendo/row40773.csv
SKIPPING: metaTables/vocal_music_demucs_16k/metaData_MTG-Jamendo/row40774.csv
SKIPPING: metaTables/vocal_music_demucs_16k/metaData_MTG-Jamendo/row40775.csv
SKIPPING: metaTables/vocal_music_demucs_16k/metaData_MTG-Jamendo/row40776.csv
SKIPPING: metaTables/vocal_music_demucs_16k/metaData_MTG-Jamendo/row40777.csv
SKIPPING: metaTables/vocal_music_demucs_16k/metaData_MTG-Jamendo/row40778.csv
SKIPPING: metaTables/vocal_music_demucs_16k/metaData_MTG-Jamendo/row40779.csv
SKIPPING: metaTables/vocal_music_demucs_16k/metaData_MTG-Jamendo/row40780.csv
SKIPPING: metaTables/vocal_music_demucs_16k/metaData_MTG-Jamendo/row40781.csv
SKIPPING: metaTables/vocal_music_demucs_16k/metaData_MTG-Jamendo/row40782.csv
SKIPPING: metaTables/vocal_music_demucs_16k/metaData_MTG-Jamendo/row40783.csv
SKIPPING: metaTables/vocal_music_demucs_16k/metaData_MTG-Jamendo/row40784.csv
SKIPPING: metaTables/vocal_music_demucs_16k/metaData_MTG-Jamendo/row40785.csv
SKIPPING: metaTables/vocal_music_demucs_16k/metaData_MTG-Jamendo/row40786.csv
SKIPPING: metaTables/vocal_music_demucs_16k/metaData_MTG-Jamendo/row40787.csv
SKIPPING: metaTables/vocal_music_demucs_16k/metaData_MTG-Jamendo/row40788.csv
SKIPPING: metaTables/vocal_music_demucs_16k/metaData_MTG-Jamendo/row40789.csv
SKIPPING: metaTables/vocal_music_demucs_16k/metaData_MTG-Jamendo/row40790.csv
SKIPPING: metaTables/vocal_music_demucs_16k/metaData_MTG-Jamendo/row40791.csv
SKIPPING: metaTables/vocal_music_demucs_16k/metaData_MTG-Jamendo/row40792.csv
SKIPPING: metaTables/vocal_music_demucs_16k/metaData_MTG-Jamendo/row40793.csv
SKIPPING: metaTables/vocal_music_demucs_16k/metaData_MTG-Jamendo/row40794.csv
SKIPPING: metaTables/vocal_music_demucs_16k/metaData_MTG-Jamendo/row40795.csv
SKIPPING: metaTables/vocal_music_demucs_16k/metaData_MTG-Jamendo/row40796.csv
SKIPPING: metaTables/vocal_music_demucs_16k/metaData_MTG-Jamendo/row40797.csv
SKIPPING: metaTables/vocal_music_demucs_16k/metaData_MTG-Jamendo/row40798.csv
SKIPPING: metaTables/vocal_music_demucs_16k/metaData_MTG-Jamendo/row40799.csv
Demucs voice recognition done!
