/ext3/demucs/lib/python3.9/site-packages/demucs/api.py:27: UserWarning: TorchAudio's global backend is now deprecated. Please enable distpatcher by setting `TORCHAUDIO_USE_BACKEND_DISPATCHER=1`, and specify backend when calling load/info/save function.
  import torchaudio as ta
2024-05-09 09:28:23.713481: I tensorflow/core/util/port.cc:113] oneDNN custom operations are on. You may see slightly different numerical results due to floating-point round-off errors from different computation orders. To turn them off, set the environment variable `TF_ENABLE_ONEDNN_OPTS=0`.
2024-05-09 09:28:24.570824: E external/local_xla/xla/stream_executor/cuda/cuda_dnn.cc:9261] Unable to register cuDNN factory: Attempting to register factory for plugin cuDNN when one has already been registered
2024-05-09 09:28:24.570864: E external/local_xla/xla/stream_executor/cuda/cuda_fft.cc:607] Unable to register cuFFT factory: Attempting to register factory for plugin cuFFT when one has already been registered
2024-05-09 09:28:24.609307: E external/local_xla/xla/stream_executor/cuda/cuda_blas.cc:1515] Unable to register cuBLAS factory: Attempting to register factory for plugin cuBLAS when one has already been registered
2024-05-09 09:28:24.682218: I tensorflow/core/platform/cpu_feature_guard.cc:182] This TensorFlow binary is optimized to use available CPU instructions in performance-critical operations.
To enable the following instructions: AVX2 AVX512F AVX512_VNNI FMA, in other operations, rebuild TensorFlow with the appropriate compiler flags.
2024-05-09 09:28:25.597293: W tensorflow/compiler/tf2tensorrt/utils/py_utils.cc:38] TF-TRT Warning: Could not find TensorRT
SKIPPING: metaTables/vocal_music_demucs_16k/metaData_MTG-Jamendo/row5500.csv
SKIPPING: metaTables/vocal_music_demucs_16k/metaData_MTG-Jamendo/row5501.csv
SKIPPING: metaTables/vocal_music_demucs_16k/metaData_MTG-Jamendo/row5502.csv
SKIPPING: metaTables/vocal_music_demucs_16k/metaData_MTG-Jamendo/row5503.csv
SKIPPING: metaTables/vocal_music_demucs_16k/metaData_MTG-Jamendo/row5504.csv
SKIPPING: metaTables/vocal_music_demucs_16k/metaData_MTG-Jamendo/row5505.csv
SKIPPING: metaTables/vocal_music_demucs_16k/metaData_MTG-Jamendo/row5506.csv
SKIPPING: metaTables/vocal_music_demucs_16k/metaData_MTG-Jamendo/row5507.csv
SKIPPING: metaTables/vocal_music_demucs_16k/metaData_MTG-Jamendo/row5508.csv
SKIPPING: metaTables/vocal_music_demucs_16k/metaData_MTG-Jamendo/row5509.csv
SKIPPING: metaTables/vocal_music_demucs_16k/metaData_MTG-Jamendo/row5510.csv
SKIPPING: metaTables/vocal_music_demucs_16k/metaData_MTG-Jamendo/row5511.csv
SKIPPING: metaTables/vocal_music_demucs_16k/metaData_MTG-Jamendo/row5512.csv
SKIPPING: metaTables/vocal_music_demucs_16k/metaData_MTG-Jamendo/row5513.csv
SKIPPING: metaTables/vocal_music_demucs_16k/metaData_MTG-Jamendo/row5514.csv
SKIPPING: metaTables/vocal_music_demucs_16k/metaData_MTG-Jamendo/row5515.csv
SKIPPING: metaTables/vocal_music_demucs_16k/metaData_MTG-Jamendo/row5516.csv
SKIPPING: metaTables/vocal_music_demucs_16k/metaData_MTG-Jamendo/row5517.csv
SKIPPING: metaTables/vocal_music_demucs_16k/metaData_MTG-Jamendo/row5518.csv
SKIPPING: metaTables/vocal_music_demucs_16k/metaData_MTG-Jamendo/row5519.csv
SKIPPING: metaTables/vocal_music_demucs_16k/metaData_MTG-Jamendo/row5520.csv
SKIPPING: metaTables/vocal_music_demucs_16k/metaData_MTG-Jamendo/row5521.csv
SKIPPING: metaTables/vocal_music_demucs_16k/metaData_MTG-Jamendo/row5522.csv
SKIPPING: metaTables/vocal_music_demucs_16k/metaData_MTG-Jamendo/row5523.csv
SKIPPING: metaTables/vocal_music_demucs_16k/metaData_MTG-Jamendo/row5524.csv
SKIPPING: metaTables/vocal_music_demucs_16k/metaData_MTG-Jamendo/row5525.csv
SKIPPING: metaTables/vocal_music_demucs_16k/metaData_MTG-Jamendo/row5526.csv
SKIPPING: metaTables/vocal_music_demucs_16k/metaData_MTG-Jamendo/row5527.csv
SKIPPING: metaTables/vocal_music_demucs_16k/metaData_MTG-Jamendo/row5528.csv
SKIPPING: metaTables/vocal_music_demucs_16k/metaData_MTG-Jamendo/row5529.csv
SKIPPING: metaTables/vocal_music_demucs_16k/metaData_MTG-Jamendo/row5530.csv
SKIPPING: metaTables/vocal_music_demucs_16k/metaData_MTG-Jamendo/row5531.csv
SKIPPING: metaTables/vocal_music_demucs_16k/metaData_MTG-Jamendo/row5532.csv
SKIPPING: metaTables/vocal_music_demucs_16k/metaData_MTG-Jamendo/row5533.csv
SKIPPING: metaTables/vocal_music_demucs_16k/metaData_MTG-Jamendo/row5534.csv
SKIPPING: metaTables/vocal_music_demucs_16k/metaData_MTG-Jamendo/row5535.csv
SKIPPING: metaTables/vocal_music_demucs_16k/metaData_MTG-Jamendo/row5536.csv
SKIPPING: metaTables/vocal_music_demucs_16k/metaData_MTG-Jamendo/row5537.csv
SKIPPING: metaTables/vocal_music_demucs_16k/metaData_MTG-Jamendo/row5538.csv
SKIPPING: metaTables/vocal_music_demucs_16k/metaData_MTG-Jamendo/row5539.csv
SKIPPING: metaTables/vocal_music_demucs_16k/metaData_MTG-Jamendo/row5540.csv
Execution time: 107.43673586845398 seconds
metaTables/vocal_music_demucs_16k/metaData_MTG-Jamendo/row5541.csv
Execution time: 107.1629695892334 seconds
metaTables/vocal_music_demucs_16k/metaData_MTG-Jamendo/row5542.csv
Execution time: 107.74154472351074 seconds
metaTables/vocal_music_demucs_16k/metaData_MTG-Jamendo/row5543.csv
Execution time: 109.71466326713562 seconds
metaTables/vocal_music_demucs_16k/metaData_MTG-Jamendo/row5544.csv
Execution time: 110.95079731941223 seconds
metaTables/vocal_music_demucs_16k/metaData_MTG-Jamendo/row5545.csv
Execution time: 107.79227900505066 seconds
metaTables/vocal_music_demucs_16k/metaData_MTG-Jamendo/row5546.csv
Execution time: 109.83732986450195 seconds
metaTables/vocal_music_demucs_16k/metaData_MTG-Jamendo/row5547.csv
Execution time: 115.69371128082275 seconds
metaTables/vocal_music_demucs_16k/metaData_MTG-Jamendo/row5548.csv
Execution time: 113.71095752716064 seconds
metaTables/vocal_music_demucs_16k/metaData_MTG-Jamendo/row5549.csv
Execution time: 109.12634420394897 seconds
metaTables/vocal_music_demucs_16k/metaData_MTG-Jamendo/row5550.csv
Execution time: 107.65583348274231 seconds
metaTables/vocal_music_demucs_16k/metaData_MTG-Jamendo/row5551.csv
Execution time: 110.20712518692017 seconds
metaTables/vocal_music_demucs_16k/metaData_MTG-Jamendo/row5552.csv
Execution time: 107.03037667274475 seconds
metaTables/vocal_music_demucs_16k/metaData_MTG-Jamendo/row5553.csv
Execution time: 107.73084115982056 seconds
metaTables/vocal_music_demucs_16k/metaData_MTG-Jamendo/row5554.csv
Execution time: 111.7429838180542 seconds
metaTables/vocal_music_demucs_16k/metaData_MTG-Jamendo/row5555.csv
Execution time: 112.9693431854248 seconds
metaTables/vocal_music_demucs_16k/metaData_MTG-Jamendo/row5556.csv
Execution time: 107.42869305610657 seconds
metaTables/vocal_music_demucs_16k/metaData_MTG-Jamendo/row5557.csv
Execution time: 114.27571368217468 seconds
metaTables/vocal_music_demucs_16k/metaData_MTG-Jamendo/row5558.csv
Execution time: 118.39732933044434 seconds
metaTables/vocal_music_demucs_16k/metaData_MTG-Jamendo/row5559.csv
Execution time: 106.81914401054382 seconds
metaTables/vocal_music_demucs_16k/metaData_MTG-Jamendo/row5560.csv
Execution time: 107.47443222999573 seconds
metaTables/vocal_music_demucs_16k/metaData_MTG-Jamendo/row5561.csv
Execution time: 110.06535935401917 seconds
metaTables/vocal_music_demucs_16k/metaData_MTG-Jamendo/row5562.csv
Execution time: 111.00137042999268 seconds
metaTables/vocal_music_demucs_16k/metaData_MTG-Jamendo/row5563.csv
Execution time: 115.0597276687622 seconds
metaTables/vocal_music_demucs_16k/metaData_MTG-Jamendo/row5564.csv
Execution time: 108.7032618522644 seconds
metaTables/vocal_music_demucs_16k/metaData_MTG-Jamendo/row5565.csv
Execution time: 108.84933757781982 seconds
metaTables/vocal_music_demucs_16k/metaData_MTG-Jamendo/row5566.csv
Execution time: 114.05169248580933 seconds
metaTables/vocal_music_demucs_16k/metaData_MTG-Jamendo/row5567.csv
Execution time: 106.78061580657959 seconds
metaTables/vocal_music_demucs_16k/metaData_MTG-Jamendo/row5568.csv
Execution time: 113.2260229587555 seconds
metaTables/vocal_music_demucs_16k/metaData_MTG-Jamendo/row5569.csv
Execution time: 116.84531259536743 seconds
metaTables/vocal_music_demucs_16k/metaData_MTG-Jamendo/row5570.csv
Execution time: 106.0065336227417 seconds
metaTables/vocal_music_demucs_16k/metaData_MTG-Jamendo/row5571.csv
Execution time: 48.736003160476685 seconds
metaTables/vocal_music_demucs_16k/metaData_MTG-Jamendo/row5572.csv
Execution time: 105.23962116241455 seconds
metaTables/vocal_music_demucs_16k/metaData_MTG-Jamendo/row5573.csv
Execution time: 110.46698641777039 seconds
metaTables/vocal_music_demucs_16k/metaData_MTG-Jamendo/row5574.csv
Execution time: 109.38778400421143 seconds
metaTables/vocal_music_demucs_16k/metaData_MTG-Jamendo/row5575.csv
Execution time: 104.94038438796997 seconds
metaTables/vocal_music_demucs_16k/metaData_MTG-Jamendo/row5576.csv
Execution time: 106.11179232597351 seconds
metaTables/vocal_music_demucs_16k/metaData_MTG-Jamendo/row5577.csv
Execution time: 105.49693751335144 seconds
metaTables/vocal_music_demucs_16k/metaData_MTG-Jamendo/row5578.csv
Execution time: 111.57013535499573 seconds
metaTables/vocal_music_demucs_16k/metaData_MTG-Jamendo/row5579.csv
Execution time: 107.18329381942749 seconds
metaTables/vocal_music_demucs_16k/metaData_MTG-Jamendo/row5580.csv
Execution time: 109.60495114326477 seconds
metaTables/vocal_music_demucs_16k/metaData_MTG-Jamendo/row5581.csv
Execution time: 118.07004356384277 seconds
metaTables/vocal_music_demucs_16k/metaData_MTG-Jamendo/row5582.csv
Execution time: 113.0082848072052 seconds
metaTables/vocal_music_demucs_16k/metaData_MTG-Jamendo/row5583.csv
Execution time: 105.0261595249176 seconds
metaTables/vocal_music_demucs_16k/metaData_MTG-Jamendo/row5584.csv
Execution time: 102.97321724891663 seconds
metaTables/vocal_music_demucs_16k/metaData_MTG-Jamendo/row5585.csv
Execution time: 103.4464738368988 seconds
metaTables/vocal_music_demucs_16k/metaData_MTG-Jamendo/row5586.csv
Execution time: 97.96268725395203 seconds
metaTables/vocal_music_demucs_16k/metaData_MTG-Jamendo/row5587.csv
Execution time: 27.12101650238037 seconds
metaTables/vocal_music_demucs_16k/metaData_MTG-Jamendo/row5588.csv
Execution time: 104.01970958709717 seconds
metaTables/vocal_music_demucs_16k/metaData_MTG-Jamendo/row5589.csv
Execution time: 93.4237289428711 seconds
metaTables/vocal_music_demucs_16k/metaData_MTG-Jamendo/row5590.csv
Execution time: 92.18274807929993 seconds
metaTables/vocal_music_demucs_16k/metaData_MTG-Jamendo/row5591.csv
Execution time: 93.70605778694153 seconds
metaTables/vocal_music_demucs_16k/metaData_MTG-Jamendo/row5592.csv
Execution time: 95.62894797325134 seconds
metaTables/vocal_music_demucs_16k/metaData_MTG-Jamendo/row5593.csv
Execution time: 68.65915393829346 seconds
metaTables/vocal_music_demucs_16k/metaData_MTG-Jamendo/row5594.csv
Execution time: 89.0394229888916 seconds
metaTables/vocal_music_demucs_16k/metaData_MTG-Jamendo/row5595.csv
Execution time: 83.09008550643921 seconds
metaTables/vocal_music_demucs_16k/metaData_MTG-Jamendo/row5596.csv
Execution time: 93.77241539955139 seconds
metaTables/vocal_music_demucs_16k/metaData_MTG-Jamendo/row5597.csv
Execution time: 88.16882538795471 seconds
metaTables/vocal_music_demucs_16k/metaData_MTG-Jamendo/row5598.csv
Execution time: 89.60591506958008 seconds
metaTables/vocal_music_demucs_16k/metaData_MTG-Jamendo/row5599.csv
Demucs voice recognition done!
