/ext3/demucs/lib/python3.9/site-packages/demucs/api.py:27: UserWarning: TorchAudio's global backend is now deprecated. Please enable distpatcher by setting `TORCHAUDIO_USE_BACKEND_DISPATCHER=1`, and specify backend when calling load/info/save function.
  import torchaudio as ta
2024-05-09 09:29:50.955244: I tensorflow/core/util/port.cc:113] oneDNN custom operations are on. You may see slightly different numerical results due to floating-point round-off errors from different computation orders. To turn them off, set the environment variable `TF_ENABLE_ONEDNN_OPTS=0`.
2024-05-09 09:29:53.326428: E external/local_xla/xla/stream_executor/cuda/cuda_dnn.cc:9261] Unable to register cuDNN factory: Attempting to register factory for plugin cuDNN when one has already been registered
2024-05-09 09:29:53.326471: E external/local_xla/xla/stream_executor/cuda/cuda_fft.cc:607] Unable to register cuFFT factory: Attempting to register factory for plugin cuFFT when one has already been registered
2024-05-09 09:29:53.495157: E external/local_xla/xla/stream_executor/cuda/cuda_blas.cc:1515] Unable to register cuBLAS factory: Attempting to register factory for plugin cuBLAS when one has already been registered
2024-05-09 09:29:53.959017: I tensorflow/core/platform/cpu_feature_guard.cc:182] This TensorFlow binary is optimized to use available CPU instructions in performance-critical operations.
To enable the following instructions: AVX2 AVX512F AVX512_VNNI FMA, in other operations, rebuild TensorFlow with the appropriate compiler flags.
2024-05-09 09:29:56.112641: W tensorflow/compiler/tf2tensorrt/utils/py_utils.cc:38] TF-TRT Warning: Could not find TensorRT
SKIPPING: metaTables/vocal_music_demucs_16k/metaData_MTG-Jamendo/row36900.csv
SKIPPING: metaTables/vocal_music_demucs_16k/metaData_MTG-Jamendo/row36901.csv
SKIPPING: metaTables/vocal_music_demucs_16k/metaData_MTG-Jamendo/row36902.csv
SKIPPING: metaTables/vocal_music_demucs_16k/metaData_MTG-Jamendo/row36903.csv
SKIPPING: metaTables/vocal_music_demucs_16k/metaData_MTG-Jamendo/row36904.csv
SKIPPING: metaTables/vocal_music_demucs_16k/metaData_MTG-Jamendo/row36905.csv
SKIPPING: metaTables/vocal_music_demucs_16k/metaData_MTG-Jamendo/row36906.csv
SKIPPING: metaTables/vocal_music_demucs_16k/metaData_MTG-Jamendo/row36907.csv
SKIPPING: metaTables/vocal_music_demucs_16k/metaData_MTG-Jamendo/row36908.csv
SKIPPING: metaTables/vocal_music_demucs_16k/metaData_MTG-Jamendo/row36909.csv
SKIPPING: metaTables/vocal_music_demucs_16k/metaData_MTG-Jamendo/row36910.csv
SKIPPING: metaTables/vocal_music_demucs_16k/metaData_MTG-Jamendo/row36911.csv
SKIPPING: metaTables/vocal_music_demucs_16k/metaData_MTG-Jamendo/row36912.csv
SKIPPING: metaTables/vocal_music_demucs_16k/metaData_MTG-Jamendo/row36913.csv
SKIPPING: metaTables/vocal_music_demucs_16k/metaData_MTG-Jamendo/row36914.csv
SKIPPING: metaTables/vocal_music_demucs_16k/metaData_MTG-Jamendo/row36915.csv
SKIPPING: metaTables/vocal_music_demucs_16k/metaData_MTG-Jamendo/row36916.csv
SKIPPING: metaTables/vocal_music_demucs_16k/metaData_MTG-Jamendo/row36917.csv
SKIPPING: metaTables/vocal_music_demucs_16k/metaData_MTG-Jamendo/row36918.csv
SKIPPING: metaTables/vocal_music_demucs_16k/metaData_MTG-Jamendo/row36919.csv
SKIPPING: metaTables/vocal_music_demucs_16k/metaData_MTG-Jamendo/row36920.csv
SKIPPING: metaTables/vocal_music_demucs_16k/metaData_MTG-Jamendo/row36921.csv
SKIPPING: metaTables/vocal_music_demucs_16k/metaData_MTG-Jamendo/row36922.csv
SKIPPING: metaTables/vocal_music_demucs_16k/metaData_MTG-Jamendo/row36923.csv
SKIPPING: metaTables/vocal_music_demucs_16k/metaData_MTG-Jamendo/row36924.csv
SKIPPING: metaTables/vocal_music_demucs_16k/metaData_MTG-Jamendo/row36925.csv
SKIPPING: metaTables/vocal_music_demucs_16k/metaData_MTG-Jamendo/row36926.csv
SKIPPING: metaTables/vocal_music_demucs_16k/metaData_MTG-Jamendo/row36927.csv
SKIPPING: metaTables/vocal_music_demucs_16k/metaData_MTG-Jamendo/row36928.csv
SKIPPING: metaTables/vocal_music_demucs_16k/metaData_MTG-Jamendo/row36929.csv
SKIPPING: metaTables/vocal_music_demucs_16k/metaData_MTG-Jamendo/row36930.csv
SKIPPING: metaTables/vocal_music_demucs_16k/metaData_MTG-Jamendo/row36931.csv
SKIPPING: metaTables/vocal_music_demucs_16k/metaData_MTG-Jamendo/row36932.csv
SKIPPING: metaTables/vocal_music_demucs_16k/metaData_MTG-Jamendo/row36933.csv
SKIPPING: metaTables/vocal_music_demucs_16k/metaData_MTG-Jamendo/row36934.csv
SKIPPING: metaTables/vocal_music_demucs_16k/metaData_MTG-Jamendo/row36935.csv
SKIPPING: metaTables/vocal_music_demucs_16k/metaData_MTG-Jamendo/row36936.csv
SKIPPING: metaTables/vocal_music_demucs_16k/metaData_MTG-Jamendo/row36937.csv
SKIPPING: metaTables/vocal_music_demucs_16k/metaData_MTG-Jamendo/row36938.csv
SKIPPING: metaTables/vocal_music_demucs_16k/metaData_MTG-Jamendo/row36939.csv
SKIPPING: metaTables/vocal_music_demucs_16k/metaData_MTG-Jamendo/row36940.csv
SKIPPING: metaTables/vocal_music_demucs_16k/metaData_MTG-Jamendo/row36941.csv
SKIPPING: metaTables/vocal_music_demucs_16k/metaData_MTG-Jamendo/row36942.csv
SKIPPING: metaTables/vocal_music_demucs_16k/metaData_MTG-Jamendo/row36943.csv
SKIPPING: metaTables/vocal_music_demucs_16k/metaData_MTG-Jamendo/row36944.csv
SKIPPING: metaTables/vocal_music_demucs_16k/metaData_MTG-Jamendo/row36945.csv
SKIPPING: metaTables/vocal_music_demucs_16k/metaData_MTG-Jamendo/row36946.csv
SKIPPING: metaTables/vocal_music_demucs_16k/metaData_MTG-Jamendo/row36947.csv
SKIPPING: metaTables/vocal_music_demucs_16k/metaData_MTG-Jamendo/row36948.csv
SKIPPING: metaTables/vocal_music_demucs_16k/metaData_MTG-Jamendo/row36949.csv
SKIPPING: metaTables/vocal_music_demucs_16k/metaData_MTG-Jamendo/row36950.csv
SKIPPING: metaTables/vocal_music_demucs_16k/metaData_MTG-Jamendo/row36951.csv
Execution time: 114.16532874107361 seconds
metaTables/vocal_music_demucs_16k/metaData_MTG-Jamendo/row36952.csv
Execution time: 115.29183316230774 seconds
metaTables/vocal_music_demucs_16k/metaData_MTG-Jamendo/row36953.csv
Execution time: 110.27433919906616 seconds
metaTables/vocal_music_demucs_16k/metaData_MTG-Jamendo/row36954.csv
Execution time: 109.53065323829651 seconds
metaTables/vocal_music_demucs_16k/metaData_MTG-Jamendo/row36955.csv
Execution time: 110.4818902015686 seconds
metaTables/vocal_music_demucs_16k/metaData_MTG-Jamendo/row36956.csv
Execution time: 69.80577087402344 seconds
metaTables/vocal_music_demucs_16k/metaData_MTG-Jamendo/row36957.csv
Execution time: 110.60748529434204 seconds
metaTables/vocal_music_demucs_16k/metaData_MTG-Jamendo/row36958.csv
Execution time: 112.69356799125671 seconds
metaTables/vocal_music_demucs_16k/metaData_MTG-Jamendo/row36959.csv
Execution time: 104.33992314338684 seconds
metaTables/vocal_music_demucs_16k/metaData_MTG-Jamendo/row36960.csv
Execution time: 115.47784066200256 seconds
metaTables/vocal_music_demucs_16k/metaData_MTG-Jamendo/row36961.csv
Execution time: 109.45124578475952 seconds
metaTables/vocal_music_demucs_16k/metaData_MTG-Jamendo/row36962.csv
Execution time: 108.75191497802734 seconds
metaTables/vocal_music_demucs_16k/metaData_MTG-Jamendo/row36963.csv
Execution time: 103.08950710296631 seconds
metaTables/vocal_music_demucs_16k/metaData_MTG-Jamendo/row36964.csv
Execution time: 109.04844498634338 seconds
metaTables/vocal_music_demucs_16k/metaData_MTG-Jamendo/row36965.csv
Execution time: 108.99259853363037 seconds
metaTables/vocal_music_demucs_16k/metaData_MTG-Jamendo/row36966.csv
Execution time: 111.27682900428772 seconds
metaTables/vocal_music_demucs_16k/metaData_MTG-Jamendo/row36967.csv
Execution time: 118.62217283248901 seconds
metaTables/vocal_music_demucs_16k/metaData_MTG-Jamendo/row36968.csv
Execution time: 107.448401927948 seconds
metaTables/vocal_music_demucs_16k/metaData_MTG-Jamendo/row36969.csv
Execution time: 112.95657253265381 seconds
metaTables/vocal_music_demucs_16k/metaData_MTG-Jamendo/row36970.csv
Execution time: 87.85008335113525 seconds
metaTables/vocal_music_demucs_16k/metaData_MTG-Jamendo/row36971.csv
Execution time: 108.42434000968933 seconds
metaTables/vocal_music_demucs_16k/metaData_MTG-Jamendo/row36972.csv
Execution time: 113.30454421043396 seconds
metaTables/vocal_music_demucs_16k/metaData_MTG-Jamendo/row36973.csv
Execution time: 110.39672183990479 seconds
metaTables/vocal_music_demucs_16k/metaData_MTG-Jamendo/row36974.csv
Execution time: 109.90376424789429 seconds
metaTables/vocal_music_demucs_16k/metaData_MTG-Jamendo/row36975.csv
Execution time: 110.19728541374207 seconds
metaTables/vocal_music_demucs_16k/metaData_MTG-Jamendo/row36976.csv
Execution time: 107.123854637146 seconds
metaTables/vocal_music_demucs_16k/metaData_MTG-Jamendo/row36977.csv
Execution time: 110.01011943817139 seconds
metaTables/vocal_music_demucs_16k/metaData_MTG-Jamendo/row36978.csv
Execution time: 110.65155100822449 seconds
metaTables/vocal_music_demucs_16k/metaData_MTG-Jamendo/row36979.csv
Execution time: 110.68071699142456 seconds
metaTables/vocal_music_demucs_16k/metaData_MTG-Jamendo/row36980.csv
Execution time: 76.04881143569946 seconds
metaTables/vocal_music_demucs_16k/metaData_MTG-Jamendo/row36981.csv
Execution time: 108.33626127243042 seconds
metaTables/vocal_music_demucs_16k/metaData_MTG-Jamendo/row36982.csv
Execution time: 109.96341300010681 seconds
metaTables/vocal_music_demucs_16k/metaData_MTG-Jamendo/row36983.csv
Execution time: 107.66647529602051 seconds
metaTables/vocal_music_demucs_16k/metaData_MTG-Jamendo/row36984.csv
Execution time: 110.35735416412354 seconds
metaTables/vocal_music_demucs_16k/metaData_MTG-Jamendo/row36985.csv
Execution time: 93.03090453147888 seconds
metaTables/vocal_music_demucs_16k/metaData_MTG-Jamendo/row36986.csv
Execution time: 113.74200534820557 seconds
metaTables/vocal_music_demucs_16k/metaData_MTG-Jamendo/row36987.csv
Execution time: 82.8873724937439 seconds
metaTables/vocal_music_demucs_16k/metaData_MTG-Jamendo/row36988.csv
Execution time: 112.94720768928528 seconds
metaTables/vocal_music_demucs_16k/metaData_MTG-Jamendo/row36989.csv
Execution time: 111.3288848400116 seconds
metaTables/vocal_music_demucs_16k/metaData_MTG-Jamendo/row36990.csv
Execution time: 114.4674129486084 seconds
metaTables/vocal_music_demucs_16k/metaData_MTG-Jamendo/row36991.csv
Execution time: 112.29422163963318 seconds
metaTables/vocal_music_demucs_16k/metaData_MTG-Jamendo/row36992.csv
Execution time: 107.76888060569763 seconds
metaTables/vocal_music_demucs_16k/metaData_MTG-Jamendo/row36993.csv
Execution time: 109.18925189971924 seconds
metaTables/vocal_music_demucs_16k/metaData_MTG-Jamendo/row36994.csv
Execution time: 106.59892702102661 seconds
metaTables/vocal_music_demucs_16k/metaData_MTG-Jamendo/row36995.csv
Execution time: 111.29013323783875 seconds
metaTables/vocal_music_demucs_16k/metaData_MTG-Jamendo/row36996.csv
Execution time: 109.07898879051208 seconds
metaTables/vocal_music_demucs_16k/metaData_MTG-Jamendo/row36997.csv
Execution time: 104.43124413490295 seconds
metaTables/vocal_music_demucs_16k/metaData_MTG-Jamendo/row36998.csv
Execution time: 99.25890231132507 seconds
metaTables/vocal_music_demucs_16k/metaData_MTG-Jamendo/row36999.csv
Demucs voice recognition done!
