/ext3/demucs/lib/python3.9/site-packages/demucs/api.py:27: UserWarning: TorchAudio's global backend is now deprecated. Please enable distpatcher by setting `TORCHAUDIO_USE_BACKEND_DISPATCHER=1`, and specify backend when calling load/info/save function.
  import torchaudio as ta
2024-05-09 09:29:50.869312: I tensorflow/core/util/port.cc:113] oneDNN custom operations are on. You may see slightly different numerical results due to floating-point round-off errors from different computation orders. To turn them off, set the environment variable `TF_ENABLE_ONEDNN_OPTS=0`.
2024-05-09 09:29:53.296169: E external/local_xla/xla/stream_executor/cuda/cuda_dnn.cc:9261] Unable to register cuDNN factory: Attempting to register factory for plugin cuDNN when one has already been registered
2024-05-09 09:29:53.296224: E external/local_xla/xla/stream_executor/cuda/cuda_fft.cc:607] Unable to register cuFFT factory: Attempting to register factory for plugin cuFFT when one has already been registered
2024-05-09 09:29:53.514680: E external/local_xla/xla/stream_executor/cuda/cuda_blas.cc:1515] Unable to register cuBLAS factory: Attempting to register factory for plugin cuBLAS when one has already been registered
2024-05-09 09:29:53.971891: I tensorflow/core/platform/cpu_feature_guard.cc:182] This TensorFlow binary is optimized to use available CPU instructions in performance-critical operations.
To enable the following instructions: AVX2 AVX512F AVX512_VNNI FMA, in other operations, rebuild TensorFlow with the appropriate compiler flags.
2024-05-09 09:29:56.176009: W tensorflow/compiler/tf2tensorrt/utils/py_utils.cc:38] TF-TRT Warning: Could not find TensorRT
SKIPPING: metaTables/vocal_music_demucs_16k/metaData_MTG-Jamendo/row48400.csv
SKIPPING: metaTables/vocal_music_demucs_16k/metaData_MTG-Jamendo/row48401.csv
SKIPPING: metaTables/vocal_music_demucs_16k/metaData_MTG-Jamendo/row48402.csv
SKIPPING: metaTables/vocal_music_demucs_16k/metaData_MTG-Jamendo/row48403.csv
SKIPPING: metaTables/vocal_music_demucs_16k/metaData_MTG-Jamendo/row48404.csv
SKIPPING: metaTables/vocal_music_demucs_16k/metaData_MTG-Jamendo/row48405.csv
SKIPPING: metaTables/vocal_music_demucs_16k/metaData_MTG-Jamendo/row48406.csv
SKIPPING: metaTables/vocal_music_demucs_16k/metaData_MTG-Jamendo/row48407.csv
SKIPPING: metaTables/vocal_music_demucs_16k/metaData_MTG-Jamendo/row48408.csv
SKIPPING: metaTables/vocal_music_demucs_16k/metaData_MTG-Jamendo/row48409.csv
SKIPPING: metaTables/vocal_music_demucs_16k/metaData_MTG-Jamendo/row48410.csv
SKIPPING: metaTables/vocal_music_demucs_16k/metaData_MTG-Jamendo/row48411.csv
SKIPPING: metaTables/vocal_music_demucs_16k/metaData_MTG-Jamendo/row48412.csv
SKIPPING: metaTables/vocal_music_demucs_16k/metaData_MTG-Jamendo/row48413.csv
SKIPPING: metaTables/vocal_music_demucs_16k/metaData_MTG-Jamendo/row48414.csv
SKIPPING: metaTables/vocal_music_demucs_16k/metaData_MTG-Jamendo/row48415.csv
SKIPPING: metaTables/vocal_music_demucs_16k/metaData_MTG-Jamendo/row48416.csv
SKIPPING: metaTables/vocal_music_demucs_16k/metaData_MTG-Jamendo/row48417.csv
SKIPPING: metaTables/vocal_music_demucs_16k/metaData_MTG-Jamendo/row48418.csv
SKIPPING: metaTables/vocal_music_demucs_16k/metaData_MTG-Jamendo/row48419.csv
SKIPPING: metaTables/vocal_music_demucs_16k/metaData_MTG-Jamendo/row48420.csv
SKIPPING: metaTables/vocal_music_demucs_16k/metaData_MTG-Jamendo/row48421.csv
SKIPPING: metaTables/vocal_music_demucs_16k/metaData_MTG-Jamendo/row48422.csv
SKIPPING: metaTables/vocal_music_demucs_16k/metaData_MTG-Jamendo/row48423.csv
SKIPPING: metaTables/vocal_music_demucs_16k/metaData_MTG-Jamendo/row48424.csv
SKIPPING: metaTables/vocal_music_demucs_16k/metaData_MTG-Jamendo/row48425.csv
SKIPPING: metaTables/vocal_music_demucs_16k/metaData_MTG-Jamendo/row48426.csv
SKIPPING: metaTables/vocal_music_demucs_16k/metaData_MTG-Jamendo/row48427.csv
SKIPPING: metaTables/vocal_music_demucs_16k/metaData_MTG-Jamendo/row48428.csv
SKIPPING: metaTables/vocal_music_demucs_16k/metaData_MTG-Jamendo/row48429.csv
SKIPPING: metaTables/vocal_music_demucs_16k/metaData_MTG-Jamendo/row48430.csv
SKIPPING: metaTables/vocal_music_demucs_16k/metaData_MTG-Jamendo/row48431.csv
SKIPPING: metaTables/vocal_music_demucs_16k/metaData_MTG-Jamendo/row48432.csv
SKIPPING: metaTables/vocal_music_demucs_16k/metaData_MTG-Jamendo/row48433.csv
SKIPPING: metaTables/vocal_music_demucs_16k/metaData_MTG-Jamendo/row48434.csv
SKIPPING: metaTables/vocal_music_demucs_16k/metaData_MTG-Jamendo/row48435.csv
SKIPPING: metaTables/vocal_music_demucs_16k/metaData_MTG-Jamendo/row48436.csv
SKIPPING: metaTables/vocal_music_demucs_16k/metaData_MTG-Jamendo/row48437.csv
SKIPPING: metaTables/vocal_music_demucs_16k/metaData_MTG-Jamendo/row48438.csv
SKIPPING: metaTables/vocal_music_demucs_16k/metaData_MTG-Jamendo/row48439.csv
SKIPPING: metaTables/vocal_music_demucs_16k/metaData_MTG-Jamendo/row48440.csv
SKIPPING: metaTables/vocal_music_demucs_16k/metaData_MTG-Jamendo/row48441.csv
SKIPPING: metaTables/vocal_music_demucs_16k/metaData_MTG-Jamendo/row48442.csv
SKIPPING: metaTables/vocal_music_demucs_16k/metaData_MTG-Jamendo/row48443.csv
SKIPPING: metaTables/vocal_music_demucs_16k/metaData_MTG-Jamendo/row48444.csv
SKIPPING: metaTables/vocal_music_demucs_16k/metaData_MTG-Jamendo/row48445.csv
SKIPPING: metaTables/vocal_music_demucs_16k/metaData_MTG-Jamendo/row48446.csv
SKIPPING: metaTables/vocal_music_demucs_16k/metaData_MTG-Jamendo/row48447.csv
SKIPPING: metaTables/vocal_music_demucs_16k/metaData_MTG-Jamendo/row48448.csv
SKIPPING: metaTables/vocal_music_demucs_16k/metaData_MTG-Jamendo/row48449.csv
SKIPPING: metaTables/vocal_music_demucs_16k/metaData_MTG-Jamendo/row48450.csv
SKIPPING: metaTables/vocal_music_demucs_16k/metaData_MTG-Jamendo/row48451.csv
SKIPPING: metaTables/vocal_music_demucs_16k/metaData_MTG-Jamendo/row48452.csv
Execution time: 98.83595252037048 seconds
metaTables/vocal_music_demucs_16k/metaData_MTG-Jamendo/row48453.csv
Execution time: 66.95058465003967 seconds
metaTables/vocal_music_demucs_16k/metaData_MTG-Jamendo/row48454.csv
Execution time: 99.26891994476318 seconds
metaTables/vocal_music_demucs_16k/metaData_MTG-Jamendo/row48455.csv
Execution time: 93.34476709365845 seconds
metaTables/vocal_music_demucs_16k/metaData_MTG-Jamendo/row48456.csv
Execution time: 97.6786904335022 seconds
metaTables/vocal_music_demucs_16k/metaData_MTG-Jamendo/row48457.csv
Execution time: 96.34075355529785 seconds
metaTables/vocal_music_demucs_16k/metaData_MTG-Jamendo/row48458.csv
Execution time: 99.53288340568542 seconds
metaTables/vocal_music_demucs_16k/metaData_MTG-Jamendo/row48459.csv
Execution time: 94.9305272102356 seconds
metaTables/vocal_music_demucs_16k/metaData_MTG-Jamendo/row48460.csv
Execution time: 99.91152763366699 seconds
metaTables/vocal_music_demucs_16k/metaData_MTG-Jamendo/row48461.csv
Execution time: 94.53961634635925 seconds
metaTables/vocal_music_demucs_16k/metaData_MTG-Jamendo/row48462.csv
Execution time: 95.56651329994202 seconds
metaTables/vocal_music_demucs_16k/metaData_MTG-Jamendo/row48463.csv
Execution time: 95.10247540473938 seconds
metaTables/vocal_music_demucs_16k/metaData_MTG-Jamendo/row48464.csv
Execution time: 92.88899803161621 seconds
metaTables/vocal_music_demucs_16k/metaData_MTG-Jamendo/row48465.csv
Execution time: 98.46937227249146 seconds
metaTables/vocal_music_demucs_16k/metaData_MTG-Jamendo/row48466.csv
Execution time: 94.97145104408264 seconds
metaTables/vocal_music_demucs_16k/metaData_MTG-Jamendo/row48467.csv
Execution time: 83.35232400894165 seconds
metaTables/vocal_music_demucs_16k/metaData_MTG-Jamendo/row48468.csv
Execution time: 96.14834833145142 seconds
metaTables/vocal_music_demucs_16k/metaData_MTG-Jamendo/row48469.csv
Execution time: 94.56834721565247 seconds
metaTables/vocal_music_demucs_16k/metaData_MTG-Jamendo/row48470.csv
Execution time: 94.5559298992157 seconds
metaTables/vocal_music_demucs_16k/metaData_MTG-Jamendo/row48471.csv
Execution time: 98.97369599342346 seconds
metaTables/vocal_music_demucs_16k/metaData_MTG-Jamendo/row48472.csv
Execution time: 98.41881680488586 seconds
metaTables/vocal_music_demucs_16k/metaData_MTG-Jamendo/row48473.csv
Execution time: 96.26144886016846 seconds
metaTables/vocal_music_demucs_16k/metaData_MTG-Jamendo/row48474.csv
Execution time: 96.45258331298828 seconds
metaTables/vocal_music_demucs_16k/metaData_MTG-Jamendo/row48475.csv
Execution time: 94.94268417358398 seconds
metaTables/vocal_music_demucs_16k/metaData_MTG-Jamendo/row48476.csv
Execution time: 96.39265489578247 seconds
metaTables/vocal_music_demucs_16k/metaData_MTG-Jamendo/row48477.csv
Execution time: 95.47017288208008 seconds
metaTables/vocal_music_demucs_16k/metaData_MTG-Jamendo/row48478.csv
Execution time: 76.10281419754028 seconds
metaTables/vocal_music_demucs_16k/metaData_MTG-Jamendo/row48479.csv
Execution time: 94.55314469337463 seconds
metaTables/vocal_music_demucs_16k/metaData_MTG-Jamendo/row48480.csv
Execution time: 96.00793671607971 seconds
metaTables/vocal_music_demucs_16k/metaData_MTG-Jamendo/row48481.csv
Execution time: 95.12816143035889 seconds
metaTables/vocal_music_demucs_16k/metaData_MTG-Jamendo/row48482.csv
Execution time: 94.81198334693909 seconds
metaTables/vocal_music_demucs_16k/metaData_MTG-Jamendo/row48483.csv
Execution time: 95.87484788894653 seconds
metaTables/vocal_music_demucs_16k/metaData_MTG-Jamendo/row48484.csv
Execution time: 94.34011340141296 seconds
metaTables/vocal_music_demucs_16k/metaData_MTG-Jamendo/row48485.csv
Execution time: 53.19030165672302 seconds
metaTables/vocal_music_demucs_16k/metaData_MTG-Jamendo/row48486.csv
Execution time: 92.55567574501038 seconds
metaTables/vocal_music_demucs_16k/metaData_MTG-Jamendo/row48487.csv
Execution time: 91.94927906990051 seconds
metaTables/vocal_music_demucs_16k/metaData_MTG-Jamendo/row48488.csv
Execution time: 95.65315699577332 seconds
metaTables/vocal_music_demucs_16k/metaData_MTG-Jamendo/row48489.csv
Execution time: 93.89776802062988 seconds
metaTables/vocal_music_demucs_16k/metaData_MTG-Jamendo/row48490.csv
Execution time: 95.03871989250183 seconds
metaTables/vocal_music_demucs_16k/metaData_MTG-Jamendo/row48491.csv
Execution time: 94.48096656799316 seconds
metaTables/vocal_music_demucs_16k/metaData_MTG-Jamendo/row48492.csv
Execution time: 94.20959687232971 seconds
metaTables/vocal_music_demucs_16k/metaData_MTG-Jamendo/row48493.csv
Execution time: 92.90158247947693 seconds
metaTables/vocal_music_demucs_16k/metaData_MTG-Jamendo/row48494.csv
Execution time: 93.70284867286682 seconds
metaTables/vocal_music_demucs_16k/metaData_MTG-Jamendo/row48495.csv
Execution time: 95.65785908699036 seconds
metaTables/vocal_music_demucs_16k/metaData_MTG-Jamendo/row48496.csv
Execution time: 93.99175262451172 seconds
metaTables/vocal_music_demucs_16k/metaData_MTG-Jamendo/row48497.csv
Execution time: 94.2486526966095 seconds
metaTables/vocal_music_demucs_16k/metaData_MTG-Jamendo/row48498.csv
Execution time: 94.28481864929199 seconds
metaTables/vocal_music_demucs_16k/metaData_MTG-Jamendo/row48499.csv
Demucs voice recognition done!
