/ext3/demucs/lib/python3.9/site-packages/demucs/api.py:27: UserWarning: TorchAudio's global backend is now deprecated. Please enable distpatcher by setting `TORCHAUDIO_USE_BACKEND_DISPATCHER=1`, and specify backend when calling load/info/save function.
  import torchaudio as ta
2024-05-09 12:03:36.962279: I tensorflow/core/util/port.cc:113] oneDNN custom operations are on. You may see slightly different numerical results due to floating-point round-off errors from different computation orders. To turn them off, set the environment variable `TF_ENABLE_ONEDNN_OPTS=0`.
2024-05-09 12:03:38.154413: E external/local_xla/xla/stream_executor/cuda/cuda_dnn.cc:9261] Unable to register cuDNN factory: Attempting to register factory for plugin cuDNN when one has already been registered
2024-05-09 12:03:38.154457: E external/local_xla/xla/stream_executor/cuda/cuda_fft.cc:607] Unable to register cuFFT factory: Attempting to register factory for plugin cuFFT when one has already been registered
2024-05-09 12:03:38.186908: E external/local_xla/xla/stream_executor/cuda/cuda_blas.cc:1515] Unable to register cuBLAS factory: Attempting to register factory for plugin cuBLAS when one has already been registered
2024-05-09 12:03:38.332106: I tensorflow/core/platform/cpu_feature_guard.cc:182] This TensorFlow binary is optimized to use available CPU instructions in performance-critical operations.
To enable the following instructions: AVX2 AVX512F AVX512_VNNI FMA, in other operations, rebuild TensorFlow with the appropriate compiler flags.
2024-05-09 12:03:39.288179: W tensorflow/compiler/tf2tensorrt/utils/py_utils.cc:38] TF-TRT Warning: Could not find TensorRT
SKIPPING: metaTables/vocal_music_demucs_16k/metaData_MTG-Jamendo/row55100.csv
SKIPPING: metaTables/vocal_music_demucs_16k/metaData_MTG-Jamendo/row55101.csv
SKIPPING: metaTables/vocal_music_demucs_16k/metaData_MTG-Jamendo/row55102.csv
SKIPPING: metaTables/vocal_music_demucs_16k/metaData_MTG-Jamendo/row55103.csv
SKIPPING: metaTables/vocal_music_demucs_16k/metaData_MTG-Jamendo/row55104.csv
SKIPPING: metaTables/vocal_music_demucs_16k/metaData_MTG-Jamendo/row55105.csv
SKIPPING: metaTables/vocal_music_demucs_16k/metaData_MTG-Jamendo/row55106.csv
SKIPPING: metaTables/vocal_music_demucs_16k/metaData_MTG-Jamendo/row55107.csv
SKIPPING: metaTables/vocal_music_demucs_16k/metaData_MTG-Jamendo/row55108.csv
SKIPPING: metaTables/vocal_music_demucs_16k/metaData_MTG-Jamendo/row55109.csv
SKIPPING: metaTables/vocal_music_demucs_16k/metaData_MTG-Jamendo/row55110.csv
SKIPPING: metaTables/vocal_music_demucs_16k/metaData_MTG-Jamendo/row55111.csv
SKIPPING: metaTables/vocal_music_demucs_16k/metaData_MTG-Jamendo/row55112.csv
SKIPPING: metaTables/vocal_music_demucs_16k/metaData_MTG-Jamendo/row55113.csv
SKIPPING: metaTables/vocal_music_demucs_16k/metaData_MTG-Jamendo/row55114.csv
SKIPPING: metaTables/vocal_music_demucs_16k/metaData_MTG-Jamendo/row55115.csv
SKIPPING: metaTables/vocal_music_demucs_16k/metaData_MTG-Jamendo/row55116.csv
SKIPPING: metaTables/vocal_music_demucs_16k/metaData_MTG-Jamendo/row55117.csv
SKIPPING: metaTables/vocal_music_demucs_16k/metaData_MTG-Jamendo/row55118.csv
SKIPPING: metaTables/vocal_music_demucs_16k/metaData_MTG-Jamendo/row55119.csv
SKIPPING: metaTables/vocal_music_demucs_16k/metaData_MTG-Jamendo/row55120.csv
SKIPPING: metaTables/vocal_music_demucs_16k/metaData_MTG-Jamendo/row55121.csv
SKIPPING: metaTables/vocal_music_demucs_16k/metaData_MTG-Jamendo/row55122.csv
SKIPPING: metaTables/vocal_music_demucs_16k/metaData_MTG-Jamendo/row55123.csv
SKIPPING: metaTables/vocal_music_demucs_16k/metaData_MTG-Jamendo/row55124.csv
SKIPPING: metaTables/vocal_music_demucs_16k/metaData_MTG-Jamendo/row55125.csv
SKIPPING: metaTables/vocal_music_demucs_16k/metaData_MTG-Jamendo/row55126.csv
SKIPPING: metaTables/vocal_music_demucs_16k/metaData_MTG-Jamendo/row55127.csv
SKIPPING: metaTables/vocal_music_demucs_16k/metaData_MTG-Jamendo/row55128.csv
SKIPPING: metaTables/vocal_music_demucs_16k/metaData_MTG-Jamendo/row55129.csv
SKIPPING: metaTables/vocal_music_demucs_16k/metaData_MTG-Jamendo/row55130.csv
SKIPPING: metaTables/vocal_music_demucs_16k/metaData_MTG-Jamendo/row55131.csv
SKIPPING: metaTables/vocal_music_demucs_16k/metaData_MTG-Jamendo/row55132.csv
SKIPPING: metaTables/vocal_music_demucs_16k/metaData_MTG-Jamendo/row55133.csv
SKIPPING: metaTables/vocal_music_demucs_16k/metaData_MTG-Jamendo/row55134.csv
SKIPPING: metaTables/vocal_music_demucs_16k/metaData_MTG-Jamendo/row55135.csv
SKIPPING: metaTables/vocal_music_demucs_16k/metaData_MTG-Jamendo/row55136.csv
SKIPPING: metaTables/vocal_music_demucs_16k/metaData_MTG-Jamendo/row55137.csv
SKIPPING: metaTables/vocal_music_demucs_16k/metaData_MTG-Jamendo/row55138.csv
SKIPPING: metaTables/vocal_music_demucs_16k/metaData_MTG-Jamendo/row55139.csv
SKIPPING: metaTables/vocal_music_demucs_16k/metaData_MTG-Jamendo/row55140.csv
SKIPPING: metaTables/vocal_music_demucs_16k/metaData_MTG-Jamendo/row55141.csv
SKIPPING: metaTables/vocal_music_demucs_16k/metaData_MTG-Jamendo/row55142.csv
SKIPPING: metaTables/vocal_music_demucs_16k/metaData_MTG-Jamendo/row55143.csv
SKIPPING: metaTables/vocal_music_demucs_16k/metaData_MTG-Jamendo/row55144.csv
SKIPPING: metaTables/vocal_music_demucs_16k/metaData_MTG-Jamendo/row55145.csv
SKIPPING: metaTables/vocal_music_demucs_16k/metaData_MTG-Jamendo/row55146.csv
SKIPPING: metaTables/vocal_music_demucs_16k/metaData_MTG-Jamendo/row55147.csv
SKIPPING: metaTables/vocal_music_demucs_16k/metaData_MTG-Jamendo/row55148.csv
SKIPPING: metaTables/vocal_music_demucs_16k/metaData_MTG-Jamendo/row55149.csv
SKIPPING: metaTables/vocal_music_demucs_16k/metaData_MTG-Jamendo/row55150.csv
SKIPPING: metaTables/vocal_music_demucs_16k/metaData_MTG-Jamendo/row55151.csv
SKIPPING: metaTables/vocal_music_demucs_16k/metaData_MTG-Jamendo/row55152.csv
SKIPPING: metaTables/vocal_music_demucs_16k/metaData_MTG-Jamendo/row55153.csv
SKIPPING: metaTables/vocal_music_demucs_16k/metaData_MTG-Jamendo/row55154.csv
SKIPPING: metaTables/vocal_music_demucs_16k/metaData_MTG-Jamendo/row55155.csv
SKIPPING: metaTables/vocal_music_demucs_16k/metaData_MTG-Jamendo/row55156.csv
SKIPPING: metaTables/vocal_music_demucs_16k/metaData_MTG-Jamendo/row55157.csv
SKIPPING: metaTables/vocal_music_demucs_16k/metaData_MTG-Jamendo/row55158.csv
SKIPPING: metaTables/vocal_music_demucs_16k/metaData_MTG-Jamendo/row55159.csv
SKIPPING: metaTables/vocal_music_demucs_16k/metaData_MTG-Jamendo/row55160.csv
SKIPPING: metaTables/vocal_music_demucs_16k/metaData_MTG-Jamendo/row55161.csv
SKIPPING: metaTables/vocal_music_demucs_16k/metaData_MTG-Jamendo/row55162.csv
SKIPPING: metaTables/vocal_music_demucs_16k/metaData_MTG-Jamendo/row55163.csv
SKIPPING: metaTables/vocal_music_demucs_16k/metaData_MTG-Jamendo/row55164.csv
SKIPPING: metaTables/vocal_music_demucs_16k/metaData_MTG-Jamendo/row55165.csv
SKIPPING: metaTables/vocal_music_demucs_16k/metaData_MTG-Jamendo/row55166.csv
SKIPPING: metaTables/vocal_music_demucs_16k/metaData_MTG-Jamendo/row55167.csv
SKIPPING: metaTables/vocal_music_demucs_16k/metaData_MTG-Jamendo/row55168.csv
SKIPPING: metaTables/vocal_music_demucs_16k/metaData_MTG-Jamendo/row55169.csv
SKIPPING: metaTables/vocal_music_demucs_16k/metaData_MTG-Jamendo/row55170.csv
SKIPPING: metaTables/vocal_music_demucs_16k/metaData_MTG-Jamendo/row55171.csv
SKIPPING: metaTables/vocal_music_demucs_16k/metaData_MTG-Jamendo/row55172.csv
SKIPPING: metaTables/vocal_music_demucs_16k/metaData_MTG-Jamendo/row55173.csv
SKIPPING: metaTables/vocal_music_demucs_16k/metaData_MTG-Jamendo/row55174.csv
SKIPPING: metaTables/vocal_music_demucs_16k/metaData_MTG-Jamendo/row55175.csv
SKIPPING: metaTables/vocal_music_demucs_16k/metaData_MTG-Jamendo/row55176.csv
SKIPPING: metaTables/vocal_music_demucs_16k/metaData_MTG-Jamendo/row55177.csv
SKIPPING: metaTables/vocal_music_demucs_16k/metaData_MTG-Jamendo/row55178.csv
SKIPPING: metaTables/vocal_music_demucs_16k/metaData_MTG-Jamendo/row55179.csv
SKIPPING: metaTables/vocal_music_demucs_16k/metaData_MTG-Jamendo/row55180.csv
SKIPPING: metaTables/vocal_music_demucs_16k/metaData_MTG-Jamendo/row55181.csv
SKIPPING: metaTables/vocal_music_demucs_16k/metaData_MTG-Jamendo/row55182.csv
SKIPPING: metaTables/vocal_music_demucs_16k/metaData_MTG-Jamendo/row55183.csv
SKIPPING: metaTables/vocal_music_demucs_16k/metaData_MTG-Jamendo/row55184.csv
SKIPPING: metaTables/vocal_music_demucs_16k/metaData_MTG-Jamendo/row55185.csv
SKIPPING: metaTables/vocal_music_demucs_16k/metaData_MTG-Jamendo/row55186.csv
SKIPPING: metaTables/vocal_music_demucs_16k/metaData_MTG-Jamendo/row55187.csv
SKIPPING: metaTables/vocal_music_demucs_16k/metaData_MTG-Jamendo/row55188.csv
SKIPPING: metaTables/vocal_music_demucs_16k/metaData_MTG-Jamendo/row55189.csv
SKIPPING: metaTables/vocal_music_demucs_16k/metaData_MTG-Jamendo/row55190.csv
SKIPPING: metaTables/vocal_music_demucs_16k/metaData_MTG-Jamendo/row55191.csv
SKIPPING: metaTables/vocal_music_demucs_16k/metaData_MTG-Jamendo/row55192.csv
SKIPPING: metaTables/vocal_music_demucs_16k/metaData_MTG-Jamendo/row55193.csv
SKIPPING: metaTables/vocal_music_demucs_16k/metaData_MTG-Jamendo/row55194.csv
SKIPPING: metaTables/vocal_music_demucs_16k/metaData_MTG-Jamendo/row55195.csv
SKIPPING: metaTables/vocal_music_demucs_16k/metaData_MTG-Jamendo/row55196.csv
SKIPPING: metaTables/vocal_music_demucs_16k/metaData_MTG-Jamendo/row55197.csv
SKIPPING: metaTables/vocal_music_demucs_16k/metaData_MTG-Jamendo/row55198.csv
SKIPPING: metaTables/vocal_music_demucs_16k/metaData_MTG-Jamendo/row55199.csv
Demucs voice recognition done!
