/ext3/demucs/lib/python3.9/site-packages/demucs/api.py:27: UserWarning: TorchAudio's global backend is now deprecated. Please enable distpatcher by setting `TORCHAUDIO_USE_BACKEND_DISPATCHER=1`, and specify backend when calling load/info/save function.
  import torchaudio as ta
2024-05-09 09:28:35.971975: I tensorflow/core/util/port.cc:113] oneDNN custom operations are on. You may see slightly different numerical results due to floating-point round-off errors from different computation orders. To turn them off, set the environment variable `TF_ENABLE_ONEDNN_OPTS=0`.
2024-05-09 09:28:37.196313: E external/local_xla/xla/stream_executor/cuda/cuda_dnn.cc:9261] Unable to register cuDNN factory: Attempting to register factory for plugin cuDNN when one has already been registered
2024-05-09 09:28:37.196355: E external/local_xla/xla/stream_executor/cuda/cuda_fft.cc:607] Unable to register cuFFT factory: Attempting to register factory for plugin cuFFT when one has already been registered
2024-05-09 09:28:37.295381: E external/local_xla/xla/stream_executor/cuda/cuda_blas.cc:1515] Unable to register cuBLAS factory: Attempting to register factory for plugin cuBLAS when one has already been registered
2024-05-09 09:28:37.479743: I tensorflow/core/platform/cpu_feature_guard.cc:182] This TensorFlow binary is optimized to use available CPU instructions in performance-critical operations.
To enable the following instructions: AVX2 AVX512F AVX512_VNNI FMA, in other operations, rebuild TensorFlow with the appropriate compiler flags.
2024-05-09 09:28:39.162584: W tensorflow/compiler/tf2tensorrt/utils/py_utils.cc:38] TF-TRT Warning: Could not find TensorRT
SKIPPING: metaTables/vocal_music_demucs_16k/metaData_MTG-Jamendo/row1800.csv
SKIPPING: metaTables/vocal_music_demucs_16k/metaData_MTG-Jamendo/row1801.csv
SKIPPING: metaTables/vocal_music_demucs_16k/metaData_MTG-Jamendo/row1802.csv
SKIPPING: metaTables/vocal_music_demucs_16k/metaData_MTG-Jamendo/row1803.csv
SKIPPING: metaTables/vocal_music_demucs_16k/metaData_MTG-Jamendo/row1804.csv
SKIPPING: metaTables/vocal_music_demucs_16k/metaData_MTG-Jamendo/row1805.csv
SKIPPING: metaTables/vocal_music_demucs_16k/metaData_MTG-Jamendo/row1806.csv
SKIPPING: metaTables/vocal_music_demucs_16k/metaData_MTG-Jamendo/row1807.csv
SKIPPING: metaTables/vocal_music_demucs_16k/metaData_MTG-Jamendo/row1808.csv
SKIPPING: metaTables/vocal_music_demucs_16k/metaData_MTG-Jamendo/row1809.csv
SKIPPING: metaTables/vocal_music_demucs_16k/metaData_MTG-Jamendo/row1810.csv
SKIPPING: metaTables/vocal_music_demucs_16k/metaData_MTG-Jamendo/row1811.csv
SKIPPING: metaTables/vocal_music_demucs_16k/metaData_MTG-Jamendo/row1812.csv
SKIPPING: metaTables/vocal_music_demucs_16k/metaData_MTG-Jamendo/row1813.csv
SKIPPING: metaTables/vocal_music_demucs_16k/metaData_MTG-Jamendo/row1814.csv
SKIPPING: metaTables/vocal_music_demucs_16k/metaData_MTG-Jamendo/row1815.csv
SKIPPING: metaTables/vocal_music_demucs_16k/metaData_MTG-Jamendo/row1816.csv
SKIPPING: metaTables/vocal_music_demucs_16k/metaData_MTG-Jamendo/row1817.csv
SKIPPING: metaTables/vocal_music_demucs_16k/metaData_MTG-Jamendo/row1818.csv
SKIPPING: metaTables/vocal_music_demucs_16k/metaData_MTG-Jamendo/row1819.csv
SKIPPING: metaTables/vocal_music_demucs_16k/metaData_MTG-Jamendo/row1820.csv
SKIPPING: metaTables/vocal_music_demucs_16k/metaData_MTG-Jamendo/row1821.csv
SKIPPING: metaTables/vocal_music_demucs_16k/metaData_MTG-Jamendo/row1822.csv
SKIPPING: metaTables/vocal_music_demucs_16k/metaData_MTG-Jamendo/row1823.csv
SKIPPING: metaTables/vocal_music_demucs_16k/metaData_MTG-Jamendo/row1824.csv
SKIPPING: metaTables/vocal_music_demucs_16k/metaData_MTG-Jamendo/row1825.csv
SKIPPING: metaTables/vocal_music_demucs_16k/metaData_MTG-Jamendo/row1826.csv
SKIPPING: metaTables/vocal_music_demucs_16k/metaData_MTG-Jamendo/row1827.csv
SKIPPING: metaTables/vocal_music_demucs_16k/metaData_MTG-Jamendo/row1828.csv
SKIPPING: metaTables/vocal_music_demucs_16k/metaData_MTG-Jamendo/row1829.csv
SKIPPING: metaTables/vocal_music_demucs_16k/metaData_MTG-Jamendo/row1830.csv
SKIPPING: metaTables/vocal_music_demucs_16k/metaData_MTG-Jamendo/row1831.csv
SKIPPING: metaTables/vocal_music_demucs_16k/metaData_MTG-Jamendo/row1832.csv
SKIPPING: metaTables/vocal_music_demucs_16k/metaData_MTG-Jamendo/row1833.csv
SKIPPING: metaTables/vocal_music_demucs_16k/metaData_MTG-Jamendo/row1834.csv
SKIPPING: metaTables/vocal_music_demucs_16k/metaData_MTG-Jamendo/row1835.csv
SKIPPING: metaTables/vocal_music_demucs_16k/metaData_MTG-Jamendo/row1836.csv
SKIPPING: metaTables/vocal_music_demucs_16k/metaData_MTG-Jamendo/row1837.csv
SKIPPING: metaTables/vocal_music_demucs_16k/metaData_MTG-Jamendo/row1838.csv
SKIPPING: metaTables/vocal_music_demucs_16k/metaData_MTG-Jamendo/row1839.csv
SKIPPING: metaTables/vocal_music_demucs_16k/metaData_MTG-Jamendo/row1840.csv
SKIPPING: metaTables/vocal_music_demucs_16k/metaData_MTG-Jamendo/row1841.csv
SKIPPING: metaTables/vocal_music_demucs_16k/metaData_MTG-Jamendo/row1842.csv
SKIPPING: metaTables/vocal_music_demucs_16k/metaData_MTG-Jamendo/row1843.csv
SKIPPING: metaTables/vocal_music_demucs_16k/metaData_MTG-Jamendo/row1844.csv
SKIPPING: metaTables/vocal_music_demucs_16k/metaData_MTG-Jamendo/row1845.csv
SKIPPING: metaTables/vocal_music_demucs_16k/metaData_MTG-Jamendo/row1846.csv
Execution time: 101.29158449172974 seconds
metaTables/vocal_music_demucs_16k/metaData_MTG-Jamendo/row1847.csv
Execution time: 90.46673822402954 seconds
metaTables/vocal_music_demucs_16k/metaData_MTG-Jamendo/row1848.csv
Execution time: 91.70018267631531 seconds
metaTables/vocal_music_demucs_16k/metaData_MTG-Jamendo/row1849.csv
Execution time: 93.64388608932495 seconds
metaTables/vocal_music_demucs_16k/metaData_MTG-Jamendo/row1850.csv
Execution time: 92.26932406425476 seconds
metaTables/vocal_music_demucs_16k/metaData_MTG-Jamendo/row1851.csv
Execution time: 94.09993767738342 seconds
metaTables/vocal_music_demucs_16k/metaData_MTG-Jamendo/row1852.csv
Execution time: 93.11130738258362 seconds
metaTables/vocal_music_demucs_16k/metaData_MTG-Jamendo/row1853.csv
Execution time: 89.59244441986084 seconds
metaTables/vocal_music_demucs_16k/metaData_MTG-Jamendo/row1854.csv
Execution time: 94.1063871383667 seconds
metaTables/vocal_music_demucs_16k/metaData_MTG-Jamendo/row1855.csv
Execution time: 62.632508754730225 seconds
metaTables/vocal_music_demucs_16k/metaData_MTG-Jamendo/row1856.csv
Execution time: 88.38268208503723 seconds
metaTables/vocal_music_demucs_16k/metaData_MTG-Jamendo/row1857.csv
Execution time: 92.95337343215942 seconds
metaTables/vocal_music_demucs_16k/metaData_MTG-Jamendo/row1858.csv
Execution time: 90.24062395095825 seconds
metaTables/vocal_music_demucs_16k/metaData_MTG-Jamendo/row1859.csv
Execution time: 85.95684957504272 seconds
metaTables/vocal_music_demucs_16k/metaData_MTG-Jamendo/row1860.csv
Execution time: 97.75704765319824 seconds
metaTables/vocal_music_demucs_16k/metaData_MTG-Jamendo/row1861.csv
Execution time: 87.51595759391785 seconds
metaTables/vocal_music_demucs_16k/metaData_MTG-Jamendo/row1862.csv
Execution time: 88.7696328163147 seconds
metaTables/vocal_music_demucs_16k/metaData_MTG-Jamendo/row1863.csv
Execution time: 87.54821562767029 seconds
metaTables/vocal_music_demucs_16k/metaData_MTG-Jamendo/row1864.csv
Execution time: 95.96580410003662 seconds
metaTables/vocal_music_demucs_16k/metaData_MTG-Jamendo/row1865.csv
Execution time: 93.55345416069031 seconds
metaTables/vocal_music_demucs_16k/metaData_MTG-Jamendo/row1866.csv
Execution time: 90.56336283683777 seconds
metaTables/vocal_music_demucs_16k/metaData_MTG-Jamendo/row1867.csv
Execution time: 91.42333507537842 seconds
metaTables/vocal_music_demucs_16k/metaData_MTG-Jamendo/row1868.csv
Execution time: 97.47571730613708 seconds
metaTables/vocal_music_demucs_16k/metaData_MTG-Jamendo/row1869.csv
Execution time: 93.25469064712524 seconds
metaTables/vocal_music_demucs_16k/metaData_MTG-Jamendo/row1870.csv
Execution time: 94.20309638977051 seconds
metaTables/vocal_music_demucs_16k/metaData_MTG-Jamendo/row1871.csv
Execution time: 90.09295678138733 seconds
metaTables/vocal_music_demucs_16k/metaData_MTG-Jamendo/row1872.csv
Execution time: 89.3761522769928 seconds
metaTables/vocal_music_demucs_16k/metaData_MTG-Jamendo/row1873.csv
Execution time: 89.99939012527466 seconds
metaTables/vocal_music_demucs_16k/metaData_MTG-Jamendo/row1874.csv
Execution time: 94.30006575584412 seconds
metaTables/vocal_music_demucs_16k/metaData_MTG-Jamendo/row1875.csv
Execution time: 92.52002906799316 seconds
metaTables/vocal_music_demucs_16k/metaData_MTG-Jamendo/row1876.csv
Execution time: 90.52898359298706 seconds
metaTables/vocal_music_demucs_16k/metaData_MTG-Jamendo/row1877.csv
Execution time: 90.67832374572754 seconds
metaTables/vocal_music_demucs_16k/metaData_MTG-Jamendo/row1878.csv
Execution time: 91.02236986160278 seconds
metaTables/vocal_music_demucs_16k/metaData_MTG-Jamendo/row1879.csv
Execution time: 97.21470260620117 seconds
metaTables/vocal_music_demucs_16k/metaData_MTG-Jamendo/row1880.csv
Execution time: 86.89769625663757 seconds
metaTables/vocal_music_demucs_16k/metaData_MTG-Jamendo/row1881.csv
Execution time: 89.49307584762573 seconds
metaTables/vocal_music_demucs_16k/metaData_MTG-Jamendo/row1882.csv
Execution time: 90.84872817993164 seconds
metaTables/vocal_music_demucs_16k/metaData_MTG-Jamendo/row1883.csv
Execution time: 87.3712728023529 seconds
metaTables/vocal_music_demucs_16k/metaData_MTG-Jamendo/row1884.csv
Execution time: 94.62736773490906 seconds
metaTables/vocal_music_demucs_16k/metaData_MTG-Jamendo/row1885.csv
Execution time: 88.6686463356018 seconds
metaTables/vocal_music_demucs_16k/metaData_MTG-Jamendo/row1886.csv
Execution time: 89.11744475364685 seconds
metaTables/vocal_music_demucs_16k/metaData_MTG-Jamendo/row1887.csv
Execution time: 92.69896697998047 seconds
metaTables/vocal_music_demucs_16k/metaData_MTG-Jamendo/row1888.csv
Execution time: 64.77586913108826 seconds
metaTables/vocal_music_demucs_16k/metaData_MTG-Jamendo/row1889.csv
Execution time: 90.73911309242249 seconds
metaTables/vocal_music_demucs_16k/metaData_MTG-Jamendo/row1890.csv
Execution time: 91.80014109611511 seconds
metaTables/vocal_music_demucs_16k/metaData_MTG-Jamendo/row1891.csv
Execution time: 90.59262561798096 seconds
metaTables/vocal_music_demucs_16k/metaData_MTG-Jamendo/row1892.csv
Execution time: 84.15899729728699 seconds
metaTables/vocal_music_demucs_16k/metaData_MTG-Jamendo/row1893.csv
Execution time: 91.94358134269714 seconds
metaTables/vocal_music_demucs_16k/metaData_MTG-Jamendo/row1894.csv
Execution time: 93.0933690071106 seconds
metaTables/vocal_music_demucs_16k/metaData_MTG-Jamendo/row1895.csv
Execution time: 76.64411044120789 seconds
metaTables/vocal_music_demucs_16k/metaData_MTG-Jamendo/row1896.csv
Execution time: 74.26367402076721 seconds
metaTables/vocal_music_demucs_16k/metaData_MTG-Jamendo/row1897.csv
Execution time: 88.69715619087219 seconds
metaTables/vocal_music_demucs_16k/metaData_MTG-Jamendo/row1898.csv
Execution time: 84.63738560676575 seconds
metaTables/vocal_music_demucs_16k/metaData_MTG-Jamendo/row1899.csv
Demucs voice recognition done!
