/ext3/demucs/lib/python3.9/site-packages/demucs/api.py:27: UserWarning: TorchAudio's global backend is now deprecated. Please enable distpatcher by setting `TORCHAUDIO_USE_BACKEND_DISPATCHER=1`, and specify backend when calling load/info/save function.
  import torchaudio as ta
2024-05-09 09:28:36.101283: I tensorflow/core/util/port.cc:113] oneDNN custom operations are on. You may see slightly different numerical results due to floating-point round-off errors from different computation orders. To turn them off, set the environment variable `TF_ENABLE_ONEDNN_OPTS=0`.
2024-05-09 09:28:37.277060: E external/local_xla/xla/stream_executor/cuda/cuda_dnn.cc:9261] Unable to register cuDNN factory: Attempting to register factory for plugin cuDNN when one has already been registered
2024-05-09 09:28:37.277096: E external/local_xla/xla/stream_executor/cuda/cuda_fft.cc:607] Unable to register cuFFT factory: Attempting to register factory for plugin cuFFT when one has already been registered
2024-05-09 09:28:37.385719: E external/local_xla/xla/stream_executor/cuda/cuda_blas.cc:1515] Unable to register cuBLAS factory: Attempting to register factory for plugin cuBLAS when one has already been registered
2024-05-09 09:28:37.598633: I tensorflow/core/platform/cpu_feature_guard.cc:182] This TensorFlow binary is optimized to use available CPU instructions in performance-critical operations.
To enable the following instructions: AVX2 AVX512F AVX512_VNNI FMA, in other operations, rebuild TensorFlow with the appropriate compiler flags.
2024-05-09 09:28:39.184585: W tensorflow/compiler/tf2tensorrt/utils/py_utils.cc:38] TF-TRT Warning: Could not find TensorRT
SKIPPING: metaTables/vocal_music_demucs_16k/metaData_MTG-Jamendo/row20500.csv
SKIPPING: metaTables/vocal_music_demucs_16k/metaData_MTG-Jamendo/row20501.csv
SKIPPING: metaTables/vocal_music_demucs_16k/metaData_MTG-Jamendo/row20502.csv
SKIPPING: metaTables/vocal_music_demucs_16k/metaData_MTG-Jamendo/row20503.csv
SKIPPING: metaTables/vocal_music_demucs_16k/metaData_MTG-Jamendo/row20504.csv
SKIPPING: metaTables/vocal_music_demucs_16k/metaData_MTG-Jamendo/row20505.csv
SKIPPING: metaTables/vocal_music_demucs_16k/metaData_MTG-Jamendo/row20506.csv
SKIPPING: metaTables/vocal_music_demucs_16k/metaData_MTG-Jamendo/row20507.csv
SKIPPING: metaTables/vocal_music_demucs_16k/metaData_MTG-Jamendo/row20508.csv
SKIPPING: metaTables/vocal_music_demucs_16k/metaData_MTG-Jamendo/row20509.csv
SKIPPING: metaTables/vocal_music_demucs_16k/metaData_MTG-Jamendo/row20510.csv
SKIPPING: metaTables/vocal_music_demucs_16k/metaData_MTG-Jamendo/row20511.csv
SKIPPING: metaTables/vocal_music_demucs_16k/metaData_MTG-Jamendo/row20512.csv
SKIPPING: metaTables/vocal_music_demucs_16k/metaData_MTG-Jamendo/row20513.csv
SKIPPING: metaTables/vocal_music_demucs_16k/metaData_MTG-Jamendo/row20514.csv
SKIPPING: metaTables/vocal_music_demucs_16k/metaData_MTG-Jamendo/row20515.csv
SKIPPING: metaTables/vocal_music_demucs_16k/metaData_MTG-Jamendo/row20516.csv
SKIPPING: metaTables/vocal_music_demucs_16k/metaData_MTG-Jamendo/row20517.csv
SKIPPING: metaTables/vocal_music_demucs_16k/metaData_MTG-Jamendo/row20518.csv
SKIPPING: metaTables/vocal_music_demucs_16k/metaData_MTG-Jamendo/row20519.csv
SKIPPING: metaTables/vocal_music_demucs_16k/metaData_MTG-Jamendo/row20520.csv
SKIPPING: metaTables/vocal_music_demucs_16k/metaData_MTG-Jamendo/row20521.csv
SKIPPING: metaTables/vocal_music_demucs_16k/metaData_MTG-Jamendo/row20522.csv
SKIPPING: metaTables/vocal_music_demucs_16k/metaData_MTG-Jamendo/row20523.csv
SKIPPING: metaTables/vocal_music_demucs_16k/metaData_MTG-Jamendo/row20524.csv
SKIPPING: metaTables/vocal_music_demucs_16k/metaData_MTG-Jamendo/row20525.csv
SKIPPING: metaTables/vocal_music_demucs_16k/metaData_MTG-Jamendo/row20526.csv
SKIPPING: metaTables/vocal_music_demucs_16k/metaData_MTG-Jamendo/row20527.csv
SKIPPING: metaTables/vocal_music_demucs_16k/metaData_MTG-Jamendo/row20528.csv
SKIPPING: metaTables/vocal_music_demucs_16k/metaData_MTG-Jamendo/row20529.csv
SKIPPING: metaTables/vocal_music_demucs_16k/metaData_MTG-Jamendo/row20530.csv
SKIPPING: metaTables/vocal_music_demucs_16k/metaData_MTG-Jamendo/row20531.csv
SKIPPING: metaTables/vocal_music_demucs_16k/metaData_MTG-Jamendo/row20532.csv
SKIPPING: metaTables/vocal_music_demucs_16k/metaData_MTG-Jamendo/row20533.csv
SKIPPING: metaTables/vocal_music_demucs_16k/metaData_MTG-Jamendo/row20534.csv
SKIPPING: metaTables/vocal_music_demucs_16k/metaData_MTG-Jamendo/row20535.csv
SKIPPING: metaTables/vocal_music_demucs_16k/metaData_MTG-Jamendo/row20536.csv
SKIPPING: metaTables/vocal_music_demucs_16k/metaData_MTG-Jamendo/row20537.csv
SKIPPING: metaTables/vocal_music_demucs_16k/metaData_MTG-Jamendo/row20538.csv
SKIPPING: metaTables/vocal_music_demucs_16k/metaData_MTG-Jamendo/row20539.csv
SKIPPING: metaTables/vocal_music_demucs_16k/metaData_MTG-Jamendo/row20540.csv
SKIPPING: metaTables/vocal_music_demucs_16k/metaData_MTG-Jamendo/row20541.csv
SKIPPING: metaTables/vocal_music_demucs_16k/metaData_MTG-Jamendo/row20542.csv
SKIPPING: metaTables/vocal_music_demucs_16k/metaData_MTG-Jamendo/row20543.csv
SKIPPING: metaTables/vocal_music_demucs_16k/metaData_MTG-Jamendo/row20544.csv
SKIPPING: metaTables/vocal_music_demucs_16k/metaData_MTG-Jamendo/row20545.csv
SKIPPING: metaTables/vocal_music_demucs_16k/metaData_MTG-Jamendo/row20546.csv
SKIPPING: metaTables/vocal_music_demucs_16k/metaData_MTG-Jamendo/row20547.csv
SKIPPING: metaTables/vocal_music_demucs_16k/metaData_MTG-Jamendo/row20548.csv
SKIPPING: metaTables/vocal_music_demucs_16k/metaData_MTG-Jamendo/row20549.csv
SKIPPING: metaTables/vocal_music_demucs_16k/metaData_MTG-Jamendo/row20550.csv
SKIPPING: metaTables/vocal_music_demucs_16k/metaData_MTG-Jamendo/row20551.csv
SKIPPING: metaTables/vocal_music_demucs_16k/metaData_MTG-Jamendo/row20552.csv
Execution time: 115.95419955253601 seconds
metaTables/vocal_music_demucs_16k/metaData_MTG-Jamendo/row20553.csv
Execution time: 104.32705354690552 seconds
metaTables/vocal_music_demucs_16k/metaData_MTG-Jamendo/row20554.csv
Execution time: 108.22557210922241 seconds
metaTables/vocal_music_demucs_16k/metaData_MTG-Jamendo/row20555.csv
Execution time: 113.22424244880676 seconds
metaTables/vocal_music_demucs_16k/metaData_MTG-Jamendo/row20556.csv
Execution time: 97.70919466018677 seconds
metaTables/vocal_music_demucs_16k/metaData_MTG-Jamendo/row20557.csv
Execution time: 108.8037006855011 seconds
metaTables/vocal_music_demucs_16k/metaData_MTG-Jamendo/row20558.csv
Execution time: 61.685593605041504 seconds
metaTables/vocal_music_demucs_16k/metaData_MTG-Jamendo/row20559.csv
Execution time: 107.86490440368652 seconds
metaTables/vocal_music_demucs_16k/metaData_MTG-Jamendo/row20560.csv
Execution time: 105.32215023040771 seconds
metaTables/vocal_music_demucs_16k/metaData_MTG-Jamendo/row20561.csv
Execution time: 103.82207441329956 seconds
metaTables/vocal_music_demucs_16k/metaData_MTG-Jamendo/row20562.csv
Execution time: 61.446123123168945 seconds
metaTables/vocal_music_demucs_16k/metaData_MTG-Jamendo/row20563.csv
Execution time: 107.23109769821167 seconds
metaTables/vocal_music_demucs_16k/metaData_MTG-Jamendo/row20564.csv
Execution time: 103.87625408172607 seconds
metaTables/vocal_music_demucs_16k/metaData_MTG-Jamendo/row20565.csv
Execution time: 52.75754737854004 seconds
metaTables/vocal_music_demucs_16k/metaData_MTG-Jamendo/row20566.csv
Execution time: 107.66084337234497 seconds
metaTables/vocal_music_demucs_16k/metaData_MTG-Jamendo/row20567.csv
Execution time: 109.21429371833801 seconds
metaTables/vocal_music_demucs_16k/metaData_MTG-Jamendo/row20568.csv
Execution time: 106.69268751144409 seconds
metaTables/vocal_music_demucs_16k/metaData_MTG-Jamendo/row20569.csv
Execution time: 106.46018385887146 seconds
metaTables/vocal_music_demucs_16k/metaData_MTG-Jamendo/row20570.csv
Execution time: 111.70687913894653 seconds
metaTables/vocal_music_demucs_16k/metaData_MTG-Jamendo/row20571.csv
Execution time: 110.24259805679321 seconds
metaTables/vocal_music_demucs_16k/metaData_MTG-Jamendo/row20572.csv
Execution time: 104.14113163948059 seconds
metaTables/vocal_music_demucs_16k/metaData_MTG-Jamendo/row20573.csv
Execution time: 105.69727349281311 seconds
metaTables/vocal_music_demucs_16k/metaData_MTG-Jamendo/row20574.csv
Execution time: 107.61435461044312 seconds
metaTables/vocal_music_demucs_16k/metaData_MTG-Jamendo/row20575.csv
Execution time: 107.90843367576599 seconds
metaTables/vocal_music_demucs_16k/metaData_MTG-Jamendo/row20576.csv
Execution time: 106.74953198432922 seconds
metaTables/vocal_music_demucs_16k/metaData_MTG-Jamendo/row20577.csv
Execution time: 107.88793873786926 seconds
metaTables/vocal_music_demucs_16k/metaData_MTG-Jamendo/row20578.csv
Execution time: 106.02197098731995 seconds
metaTables/vocal_music_demucs_16k/metaData_MTG-Jamendo/row20579.csv
Execution time: 106.18587851524353 seconds
metaTables/vocal_music_demucs_16k/metaData_MTG-Jamendo/row20580.csv
Execution time: 86.34014701843262 seconds
metaTables/vocal_music_demucs_16k/metaData_MTG-Jamendo/row20581.csv
Execution time: 109.50295829772949 seconds
metaTables/vocal_music_demucs_16k/metaData_MTG-Jamendo/row20582.csv
Execution time: 107.47234392166138 seconds
metaTables/vocal_music_demucs_16k/metaData_MTG-Jamendo/row20583.csv
Execution time: 105.36897206306458 seconds
metaTables/vocal_music_demucs_16k/metaData_MTG-Jamendo/row20584.csv
Execution time: 108.25981783866882 seconds
metaTables/vocal_music_demucs_16k/metaData_MTG-Jamendo/row20585.csv
Execution time: 108.60525465011597 seconds
metaTables/vocal_music_demucs_16k/metaData_MTG-Jamendo/row20586.csv
Execution time: 110.50624942779541 seconds
metaTables/vocal_music_demucs_16k/metaData_MTG-Jamendo/row20587.csv
Execution time: 109.9363763332367 seconds
metaTables/vocal_music_demucs_16k/metaData_MTG-Jamendo/row20588.csv
Execution time: 110.5935206413269 seconds
metaTables/vocal_music_demucs_16k/metaData_MTG-Jamendo/row20589.csv
Execution time: 108.70792722702026 seconds
metaTables/vocal_music_demucs_16k/metaData_MTG-Jamendo/row20590.csv
Execution time: 105.65890550613403 seconds
metaTables/vocal_music_demucs_16k/metaData_MTG-Jamendo/row20591.csv
Execution time: 110.21333384513855 seconds
metaTables/vocal_music_demucs_16k/metaData_MTG-Jamendo/row20592.csv
Execution time: 91.93110990524292 seconds
metaTables/vocal_music_demucs_16k/metaData_MTG-Jamendo/row20593.csv
Execution time: 109.59468698501587 seconds
metaTables/vocal_music_demucs_16k/metaData_MTG-Jamendo/row20594.csv
Execution time: 73.45715165138245 seconds
metaTables/vocal_music_demucs_16k/metaData_MTG-Jamendo/row20595.csv
Execution time: 99.51346468925476 seconds
metaTables/vocal_music_demucs_16k/metaData_MTG-Jamendo/row20596.csv
Execution time: 107.15347719192505 seconds
metaTables/vocal_music_demucs_16k/metaData_MTG-Jamendo/row20597.csv
Execution time: 106.21448087692261 seconds
metaTables/vocal_music_demucs_16k/metaData_MTG-Jamendo/row20598.csv
Execution time: 98.58866763114929 seconds
metaTables/vocal_music_demucs_16k/metaData_MTG-Jamendo/row20599.csv
Demucs voice recognition done!
