/ext3/demucs/lib/python3.9/site-packages/demucs/api.py:27: UserWarning: TorchAudio's global backend is now deprecated. Please enable distpatcher by setting `TORCHAUDIO_USE_BACKEND_DISPATCHER=1`, and specify backend when calling load/info/save function.
  import torchaudio as ta
2024-05-09 12:03:02.447747: I tensorflow/core/util/port.cc:113] oneDNN custom operations are on. You may see slightly different numerical results due to floating-point round-off errors from different computation orders. To turn them off, set the environment variable `TF_ENABLE_ONEDNN_OPTS=0`.
2024-05-09 12:03:04.247138: E external/local_xla/xla/stream_executor/cuda/cuda_dnn.cc:9261] Unable to register cuDNN factory: Attempting to register factory for plugin cuDNN when one has already been registered
2024-05-09 12:03:04.247191: E external/local_xla/xla/stream_executor/cuda/cuda_fft.cc:607] Unable to register cuFFT factory: Attempting to register factory for plugin cuFFT when one has already been registered
2024-05-09 12:03:04.434998: E external/local_xla/xla/stream_executor/cuda/cuda_blas.cc:1515] Unable to register cuBLAS factory: Attempting to register factory for plugin cuBLAS when one has already been registered
2024-05-09 12:03:04.894410: I tensorflow/core/platform/cpu_feature_guard.cc:182] This TensorFlow binary is optimized to use available CPU instructions in performance-critical operations.
To enable the following instructions: AVX2 AVX512F AVX512_VNNI FMA, in other operations, rebuild TensorFlow with the appropriate compiler flags.
2024-05-09 12:03:06.997630: W tensorflow/compiler/tf2tensorrt/utils/py_utils.cc:38] TF-TRT Warning: Could not find TensorRT
SKIPPING: metaTables/vocal_music_demucs_16k/metaData_MTG-Jamendo/row19000.csv
SKIPPING: metaTables/vocal_music_demucs_16k/metaData_MTG-Jamendo/row19001.csv
SKIPPING: metaTables/vocal_music_demucs_16k/metaData_MTG-Jamendo/row19002.csv
SKIPPING: metaTables/vocal_music_demucs_16k/metaData_MTG-Jamendo/row19003.csv
SKIPPING: metaTables/vocal_music_demucs_16k/metaData_MTG-Jamendo/row19004.csv
SKIPPING: metaTables/vocal_music_demucs_16k/metaData_MTG-Jamendo/row19005.csv
SKIPPING: metaTables/vocal_music_demucs_16k/metaData_MTG-Jamendo/row19006.csv
SKIPPING: metaTables/vocal_music_demucs_16k/metaData_MTG-Jamendo/row19007.csv
SKIPPING: metaTables/vocal_music_demucs_16k/metaData_MTG-Jamendo/row19008.csv
SKIPPING: metaTables/vocal_music_demucs_16k/metaData_MTG-Jamendo/row19009.csv
SKIPPING: metaTables/vocal_music_demucs_16k/metaData_MTG-Jamendo/row19010.csv
SKIPPING: metaTables/vocal_music_demucs_16k/metaData_MTG-Jamendo/row19011.csv
SKIPPING: metaTables/vocal_music_demucs_16k/metaData_MTG-Jamendo/row19012.csv
SKIPPING: metaTables/vocal_music_demucs_16k/metaData_MTG-Jamendo/row19013.csv
SKIPPING: metaTables/vocal_music_demucs_16k/metaData_MTG-Jamendo/row19014.csv
SKIPPING: metaTables/vocal_music_demucs_16k/metaData_MTG-Jamendo/row19015.csv
SKIPPING: metaTables/vocal_music_demucs_16k/metaData_MTG-Jamendo/row19016.csv
SKIPPING: metaTables/vocal_music_demucs_16k/metaData_MTG-Jamendo/row19017.csv
SKIPPING: metaTables/vocal_music_demucs_16k/metaData_MTG-Jamendo/row19018.csv
SKIPPING: metaTables/vocal_music_demucs_16k/metaData_MTG-Jamendo/row19019.csv
SKIPPING: metaTables/vocal_music_demucs_16k/metaData_MTG-Jamendo/row19020.csv
SKIPPING: metaTables/vocal_music_demucs_16k/metaData_MTG-Jamendo/row19021.csv
SKIPPING: metaTables/vocal_music_demucs_16k/metaData_MTG-Jamendo/row19022.csv
SKIPPING: metaTables/vocal_music_demucs_16k/metaData_MTG-Jamendo/row19023.csv
SKIPPING: metaTables/vocal_music_demucs_16k/metaData_MTG-Jamendo/row19024.csv
SKIPPING: metaTables/vocal_music_demucs_16k/metaData_MTG-Jamendo/row19025.csv
SKIPPING: metaTables/vocal_music_demucs_16k/metaData_MTG-Jamendo/row19026.csv
SKIPPING: metaTables/vocal_music_demucs_16k/metaData_MTG-Jamendo/row19027.csv
SKIPPING: metaTables/vocal_music_demucs_16k/metaData_MTG-Jamendo/row19028.csv
SKIPPING: metaTables/vocal_music_demucs_16k/metaData_MTG-Jamendo/row19029.csv
SKIPPING: metaTables/vocal_music_demucs_16k/metaData_MTG-Jamendo/row19030.csv
SKIPPING: metaTables/vocal_music_demucs_16k/metaData_MTG-Jamendo/row19031.csv
SKIPPING: metaTables/vocal_music_demucs_16k/metaData_MTG-Jamendo/row19032.csv
SKIPPING: metaTables/vocal_music_demucs_16k/metaData_MTG-Jamendo/row19033.csv
SKIPPING: metaTables/vocal_music_demucs_16k/metaData_MTG-Jamendo/row19034.csv
SKIPPING: metaTables/vocal_music_demucs_16k/metaData_MTG-Jamendo/row19035.csv
SKIPPING: metaTables/vocal_music_demucs_16k/metaData_MTG-Jamendo/row19036.csv
SKIPPING: metaTables/vocal_music_demucs_16k/metaData_MTG-Jamendo/row19037.csv
SKIPPING: metaTables/vocal_music_demucs_16k/metaData_MTG-Jamendo/row19038.csv
SKIPPING: metaTables/vocal_music_demucs_16k/metaData_MTG-Jamendo/row19039.csv
SKIPPING: metaTables/vocal_music_demucs_16k/metaData_MTG-Jamendo/row19040.csv
SKIPPING: metaTables/vocal_music_demucs_16k/metaData_MTG-Jamendo/row19041.csv
SKIPPING: metaTables/vocal_music_demucs_16k/metaData_MTG-Jamendo/row19042.csv
SKIPPING: metaTables/vocal_music_demucs_16k/metaData_MTG-Jamendo/row19043.csv
SKIPPING: metaTables/vocal_music_demucs_16k/metaData_MTG-Jamendo/row19044.csv
SKIPPING: metaTables/vocal_music_demucs_16k/metaData_MTG-Jamendo/row19045.csv
SKIPPING: metaTables/vocal_music_demucs_16k/metaData_MTG-Jamendo/row19046.csv
SKIPPING: metaTables/vocal_music_demucs_16k/metaData_MTG-Jamendo/row19047.csv
SKIPPING: metaTables/vocal_music_demucs_16k/metaData_MTG-Jamendo/row19048.csv
SKIPPING: metaTables/vocal_music_demucs_16k/metaData_MTG-Jamendo/row19049.csv
SKIPPING: metaTables/vocal_music_demucs_16k/metaData_MTG-Jamendo/row19050.csv
SKIPPING: metaTables/vocal_music_demucs_16k/metaData_MTG-Jamendo/row19051.csv
SKIPPING: metaTables/vocal_music_demucs_16k/metaData_MTG-Jamendo/row19052.csv
SKIPPING: metaTables/vocal_music_demucs_16k/metaData_MTG-Jamendo/row19053.csv
SKIPPING: metaTables/vocal_music_demucs_16k/metaData_MTG-Jamendo/row19054.csv
SKIPPING: metaTables/vocal_music_demucs_16k/metaData_MTG-Jamendo/row19055.csv
SKIPPING: metaTables/vocal_music_demucs_16k/metaData_MTG-Jamendo/row19056.csv
SKIPPING: metaTables/vocal_music_demucs_16k/metaData_MTG-Jamendo/row19057.csv
SKIPPING: metaTables/vocal_music_demucs_16k/metaData_MTG-Jamendo/row19058.csv
SKIPPING: metaTables/vocal_music_demucs_16k/metaData_MTG-Jamendo/row19059.csv
SKIPPING: metaTables/vocal_music_demucs_16k/metaData_MTG-Jamendo/row19060.csv
SKIPPING: metaTables/vocal_music_demucs_16k/metaData_MTG-Jamendo/row19061.csv
SKIPPING: metaTables/vocal_music_demucs_16k/metaData_MTG-Jamendo/row19062.csv
SKIPPING: metaTables/vocal_music_demucs_16k/metaData_MTG-Jamendo/row19063.csv
SKIPPING: metaTables/vocal_music_demucs_16k/metaData_MTG-Jamendo/row19064.csv
SKIPPING: metaTables/vocal_music_demucs_16k/metaData_MTG-Jamendo/row19065.csv
SKIPPING: metaTables/vocal_music_demucs_16k/metaData_MTG-Jamendo/row19066.csv
SKIPPING: metaTables/vocal_music_demucs_16k/metaData_MTG-Jamendo/row19067.csv
SKIPPING: metaTables/vocal_music_demucs_16k/metaData_MTG-Jamendo/row19068.csv
SKIPPING: metaTables/vocal_music_demucs_16k/metaData_MTG-Jamendo/row19069.csv
SKIPPING: metaTables/vocal_music_demucs_16k/metaData_MTG-Jamendo/row19070.csv
SKIPPING: metaTables/vocal_music_demucs_16k/metaData_MTG-Jamendo/row19071.csv
SKIPPING: metaTables/vocal_music_demucs_16k/metaData_MTG-Jamendo/row19072.csv
SKIPPING: metaTables/vocal_music_demucs_16k/metaData_MTG-Jamendo/row19073.csv
SKIPPING: metaTables/vocal_music_demucs_16k/metaData_MTG-Jamendo/row19074.csv
SKIPPING: metaTables/vocal_music_demucs_16k/metaData_MTG-Jamendo/row19075.csv
SKIPPING: metaTables/vocal_music_demucs_16k/metaData_MTG-Jamendo/row19076.csv
SKIPPING: metaTables/vocal_music_demucs_16k/metaData_MTG-Jamendo/row19077.csv
SKIPPING: metaTables/vocal_music_demucs_16k/metaData_MTG-Jamendo/row19078.csv
SKIPPING: metaTables/vocal_music_demucs_16k/metaData_MTG-Jamendo/row19079.csv
SKIPPING: metaTables/vocal_music_demucs_16k/metaData_MTG-Jamendo/row19080.csv
SKIPPING: metaTables/vocal_music_demucs_16k/metaData_MTG-Jamendo/row19081.csv
SKIPPING: metaTables/vocal_music_demucs_16k/metaData_MTG-Jamendo/row19082.csv
SKIPPING: metaTables/vocal_music_demucs_16k/metaData_MTG-Jamendo/row19083.csv
SKIPPING: metaTables/vocal_music_demucs_16k/metaData_MTG-Jamendo/row19084.csv
SKIPPING: metaTables/vocal_music_demucs_16k/metaData_MTG-Jamendo/row19085.csv
SKIPPING: metaTables/vocal_music_demucs_16k/metaData_MTG-Jamendo/row19086.csv
SKIPPING: metaTables/vocal_music_demucs_16k/metaData_MTG-Jamendo/row19087.csv
SKIPPING: metaTables/vocal_music_demucs_16k/metaData_MTG-Jamendo/row19088.csv
SKIPPING: metaTables/vocal_music_demucs_16k/metaData_MTG-Jamendo/row19089.csv
SKIPPING: metaTables/vocal_music_demucs_16k/metaData_MTG-Jamendo/row19090.csv
SKIPPING: metaTables/vocal_music_demucs_16k/metaData_MTG-Jamendo/row19091.csv
SKIPPING: metaTables/vocal_music_demucs_16k/metaData_MTG-Jamendo/row19092.csv
SKIPPING: metaTables/vocal_music_demucs_16k/metaData_MTG-Jamendo/row19093.csv
SKIPPING: metaTables/vocal_music_demucs_16k/metaData_MTG-Jamendo/row19094.csv
SKIPPING: metaTables/vocal_music_demucs_16k/metaData_MTG-Jamendo/row19095.csv
SKIPPING: metaTables/vocal_music_demucs_16k/metaData_MTG-Jamendo/row19096.csv
SKIPPING: metaTables/vocal_music_demucs_16k/metaData_MTG-Jamendo/row19097.csv
SKIPPING: metaTables/vocal_music_demucs_16k/metaData_MTG-Jamendo/row19098.csv
SKIPPING: metaTables/vocal_music_demucs_16k/metaData_MTG-Jamendo/row19099.csv
Demucs voice recognition done!
