/ext3/demucs/lib/python3.9/site-packages/demucs/api.py:27: UserWarning: TorchAudio's global backend is now deprecated. Please enable distpatcher by setting `TORCHAUDIO_USE_BACKEND_DISPATCHER=1`, and specify backend when calling load/info/save function.
  import torchaudio as ta
2024-05-09 09:28:31.793577: I tensorflow/core/util/port.cc:113] oneDNN custom operations are on. You may see slightly different numerical results due to floating-point round-off errors from different computation orders. To turn them off, set the environment variable `TF_ENABLE_ONEDNN_OPTS=0`.
2024-05-09 09:28:31.947311: E external/local_xla/xla/stream_executor/cuda/cuda_dnn.cc:9261] Unable to register cuDNN factory: Attempting to register factory for plugin cuDNN when one has already been registered
2024-05-09 09:28:31.947353: E external/local_xla/xla/stream_executor/cuda/cuda_fft.cc:607] Unable to register cuFFT factory: Attempting to register factory for plugin cuFFT when one has already been registered
2024-05-09 09:28:31.973003: E external/local_xla/xla/stream_executor/cuda/cuda_blas.cc:1515] Unable to register cuBLAS factory: Attempting to register factory for plugin cuBLAS when one has already been registered
2024-05-09 09:28:32.023469: I tensorflow/core/platform/cpu_feature_guard.cc:182] This TensorFlow binary is optimized to use available CPU instructions in performance-critical operations.
To enable the following instructions: AVX2 AVX512F AVX512_VNNI FMA, in other operations, rebuild TensorFlow with the appropriate compiler flags.
2024-05-09 09:28:32.916027: W tensorflow/compiler/tf2tensorrt/utils/py_utils.cc:38] TF-TRT Warning: Could not find TensorRT
SKIPPING: metaTables/vocal_music_demucs_16k/metaData_MTG-Jamendo/row26600.csv
SKIPPING: metaTables/vocal_music_demucs_16k/metaData_MTG-Jamendo/row26601.csv
SKIPPING: metaTables/vocal_music_demucs_16k/metaData_MTG-Jamendo/row26602.csv
SKIPPING: metaTables/vocal_music_demucs_16k/metaData_MTG-Jamendo/row26603.csv
SKIPPING: metaTables/vocal_music_demucs_16k/metaData_MTG-Jamendo/row26604.csv
SKIPPING: metaTables/vocal_music_demucs_16k/metaData_MTG-Jamendo/row26605.csv
SKIPPING: metaTables/vocal_music_demucs_16k/metaData_MTG-Jamendo/row26606.csv
SKIPPING: metaTables/vocal_music_demucs_16k/metaData_MTG-Jamendo/row26607.csv
SKIPPING: metaTables/vocal_music_demucs_16k/metaData_MTG-Jamendo/row26608.csv
SKIPPING: metaTables/vocal_music_demucs_16k/metaData_MTG-Jamendo/row26609.csv
SKIPPING: metaTables/vocal_music_demucs_16k/metaData_MTG-Jamendo/row26610.csv
SKIPPING: metaTables/vocal_music_demucs_16k/metaData_MTG-Jamendo/row26611.csv
SKIPPING: metaTables/vocal_music_demucs_16k/metaData_MTG-Jamendo/row26612.csv
SKIPPING: metaTables/vocal_music_demucs_16k/metaData_MTG-Jamendo/row26613.csv
SKIPPING: metaTables/vocal_music_demucs_16k/metaData_MTG-Jamendo/row26614.csv
SKIPPING: metaTables/vocal_music_demucs_16k/metaData_MTG-Jamendo/row26615.csv
SKIPPING: metaTables/vocal_music_demucs_16k/metaData_MTG-Jamendo/row26616.csv
SKIPPING: metaTables/vocal_music_demucs_16k/metaData_MTG-Jamendo/row26617.csv
SKIPPING: metaTables/vocal_music_demucs_16k/metaData_MTG-Jamendo/row26618.csv
SKIPPING: metaTables/vocal_music_demucs_16k/metaData_MTG-Jamendo/row26619.csv
SKIPPING: metaTables/vocal_music_demucs_16k/metaData_MTG-Jamendo/row26620.csv
SKIPPING: metaTables/vocal_music_demucs_16k/metaData_MTG-Jamendo/row26621.csv
SKIPPING: metaTables/vocal_music_demucs_16k/metaData_MTG-Jamendo/row26622.csv
SKIPPING: metaTables/vocal_music_demucs_16k/metaData_MTG-Jamendo/row26623.csv
SKIPPING: metaTables/vocal_music_demucs_16k/metaData_MTG-Jamendo/row26624.csv
SKIPPING: metaTables/vocal_music_demucs_16k/metaData_MTG-Jamendo/row26625.csv
SKIPPING: metaTables/vocal_music_demucs_16k/metaData_MTG-Jamendo/row26626.csv
SKIPPING: metaTables/vocal_music_demucs_16k/metaData_MTG-Jamendo/row26627.csv
SKIPPING: metaTables/vocal_music_demucs_16k/metaData_MTG-Jamendo/row26628.csv
SKIPPING: metaTables/vocal_music_demucs_16k/metaData_MTG-Jamendo/row26629.csv
SKIPPING: metaTables/vocal_music_demucs_16k/metaData_MTG-Jamendo/row26630.csv
SKIPPING: metaTables/vocal_music_demucs_16k/metaData_MTG-Jamendo/row26631.csv
SKIPPING: metaTables/vocal_music_demucs_16k/metaData_MTG-Jamendo/row26632.csv
SKIPPING: metaTables/vocal_music_demucs_16k/metaData_MTG-Jamendo/row26633.csv
SKIPPING: metaTables/vocal_music_demucs_16k/metaData_MTG-Jamendo/row26634.csv
SKIPPING: metaTables/vocal_music_demucs_16k/metaData_MTG-Jamendo/row26635.csv
SKIPPING: metaTables/vocal_music_demucs_16k/metaData_MTG-Jamendo/row26636.csv
SKIPPING: metaTables/vocal_music_demucs_16k/metaData_MTG-Jamendo/row26637.csv
SKIPPING: metaTables/vocal_music_demucs_16k/metaData_MTG-Jamendo/row26638.csv
SKIPPING: metaTables/vocal_music_demucs_16k/metaData_MTG-Jamendo/row26639.csv
SKIPPING: metaTables/vocal_music_demucs_16k/metaData_MTG-Jamendo/row26640.csv
SKIPPING: metaTables/vocal_music_demucs_16k/metaData_MTG-Jamendo/row26641.csv
SKIPPING: metaTables/vocal_music_demucs_16k/metaData_MTG-Jamendo/row26642.csv
SKIPPING: metaTables/vocal_music_demucs_16k/metaData_MTG-Jamendo/row26643.csv
SKIPPING: metaTables/vocal_music_demucs_16k/metaData_MTG-Jamendo/row26644.csv
SKIPPING: metaTables/vocal_music_demucs_16k/metaData_MTG-Jamendo/row26645.csv
SKIPPING: metaTables/vocal_music_demucs_16k/metaData_MTG-Jamendo/row26646.csv
SKIPPING: metaTables/vocal_music_demucs_16k/metaData_MTG-Jamendo/row26647.csv
SKIPPING: metaTables/vocal_music_demucs_16k/metaData_MTG-Jamendo/row26648.csv
SKIPPING: metaTables/vocal_music_demucs_16k/metaData_MTG-Jamendo/row26649.csv
SKIPPING: metaTables/vocal_music_demucs_16k/metaData_MTG-Jamendo/row26650.csv
SKIPPING: metaTables/vocal_music_demucs_16k/metaData_MTG-Jamendo/row26651.csv
SKIPPING: metaTables/vocal_music_demucs_16k/metaData_MTG-Jamendo/row26652.csv
SKIPPING: metaTables/vocal_music_demucs_16k/metaData_MTG-Jamendo/row26653.csv
SKIPPING: metaTables/vocal_music_demucs_16k/metaData_MTG-Jamendo/row26654.csv
Execution time: 94.9500036239624 seconds
metaTables/vocal_music_demucs_16k/metaData_MTG-Jamendo/row26655.csv
Execution time: 93.43653106689453 seconds
metaTables/vocal_music_demucs_16k/metaData_MTG-Jamendo/row26656.csv
Execution time: 98.13997793197632 seconds
metaTables/vocal_music_demucs_16k/metaData_MTG-Jamendo/row26657.csv
Execution time: 93.81783556938171 seconds
metaTables/vocal_music_demucs_16k/metaData_MTG-Jamendo/row26658.csv
Execution time: 94.43760299682617 seconds
metaTables/vocal_music_demucs_16k/metaData_MTG-Jamendo/row26659.csv
Execution time: 95.0039541721344 seconds
metaTables/vocal_music_demucs_16k/metaData_MTG-Jamendo/row26660.csv
Execution time: 92.14351630210876 seconds
metaTables/vocal_music_demucs_16k/metaData_MTG-Jamendo/row26661.csv
Execution time: 98.8251404762268 seconds
metaTables/vocal_music_demucs_16k/metaData_MTG-Jamendo/row26662.csv
Execution time: 95.06577229499817 seconds
metaTables/vocal_music_demucs_16k/metaData_MTG-Jamendo/row26663.csv
Execution time: 94.30100178718567 seconds
metaTables/vocal_music_demucs_16k/metaData_MTG-Jamendo/row26664.csv
Execution time: 94.8830406665802 seconds
metaTables/vocal_music_demucs_16k/metaData_MTG-Jamendo/row26665.csv
Execution time: 83.18279147148132 seconds
metaTables/vocal_music_demucs_16k/metaData_MTG-Jamendo/row26666.csv
Execution time: 96.82804846763611 seconds
metaTables/vocal_music_demucs_16k/metaData_MTG-Jamendo/row26667.csv
Execution time: 94.73737621307373 seconds
metaTables/vocal_music_demucs_16k/metaData_MTG-Jamendo/row26668.csv
Execution time: 83.3983006477356 seconds
metaTables/vocal_music_demucs_16k/metaData_MTG-Jamendo/row26669.csv
Execution time: 96.17778825759888 seconds
metaTables/vocal_music_demucs_16k/metaData_MTG-Jamendo/row26670.csv
Execution time: 100.91268348693848 seconds
metaTables/vocal_music_demucs_16k/metaData_MTG-Jamendo/row26671.csv
Execution time: 95.10692620277405 seconds
metaTables/vocal_music_demucs_16k/metaData_MTG-Jamendo/row26672.csv
Execution time: 95.50567030906677 seconds
metaTables/vocal_music_demucs_16k/metaData_MTG-Jamendo/row26673.csv
Execution time: 96.73119759559631 seconds
metaTables/vocal_music_demucs_16k/metaData_MTG-Jamendo/row26674.csv
Execution time: 94.27015495300293 seconds
metaTables/vocal_music_demucs_16k/metaData_MTG-Jamendo/row26675.csv
Execution time: 94.68442845344543 seconds
metaTables/vocal_music_demucs_16k/metaData_MTG-Jamendo/row26676.csv
Execution time: 94.98448967933655 seconds
metaTables/vocal_music_demucs_16k/metaData_MTG-Jamendo/row26677.csv
Execution time: 95.13131880760193 seconds
metaTables/vocal_music_demucs_16k/metaData_MTG-Jamendo/row26678.csv
Execution time: 93.91969323158264 seconds
metaTables/vocal_music_demucs_16k/metaData_MTG-Jamendo/row26679.csv
Execution time: 92.53860092163086 seconds
metaTables/vocal_music_demucs_16k/metaData_MTG-Jamendo/row26680.csv
Execution time: 93.53290963172913 seconds
metaTables/vocal_music_demucs_16k/metaData_MTG-Jamendo/row26681.csv
Execution time: 95.34964966773987 seconds
metaTables/vocal_music_demucs_16k/metaData_MTG-Jamendo/row26682.csv
Execution time: 94.85810685157776 seconds
metaTables/vocal_music_demucs_16k/metaData_MTG-Jamendo/row26683.csv
Execution time: 99.13093042373657 seconds
metaTables/vocal_music_demucs_16k/metaData_MTG-Jamendo/row26684.csv
Execution time: 94.83529567718506 seconds
metaTables/vocal_music_demucs_16k/metaData_MTG-Jamendo/row26685.csv
Execution time: 94.78619456291199 seconds
metaTables/vocal_music_demucs_16k/metaData_MTG-Jamendo/row26686.csv
Execution time: 94.86666107177734 seconds
metaTables/vocal_music_demucs_16k/metaData_MTG-Jamendo/row26687.csv
Execution time: 92.38085651397705 seconds
metaTables/vocal_music_demucs_16k/metaData_MTG-Jamendo/row26688.csv
Execution time: 78.82940864562988 seconds
metaTables/vocal_music_demucs_16k/metaData_MTG-Jamendo/row26689.csv
Execution time: 98.4747805595398 seconds
metaTables/vocal_music_demucs_16k/metaData_MTG-Jamendo/row26690.csv
Execution time: 99.96493458747864 seconds
metaTables/vocal_music_demucs_16k/metaData_MTG-Jamendo/row26691.csv
Execution time: 93.43616819381714 seconds
metaTables/vocal_music_demucs_16k/metaData_MTG-Jamendo/row26692.csv
Execution time: 97.55442023277283 seconds
metaTables/vocal_music_demucs_16k/metaData_MTG-Jamendo/row26693.csv
Execution time: 100.17328596115112 seconds
metaTables/vocal_music_demucs_16k/metaData_MTG-Jamendo/row26694.csv
Execution time: 96.22193098068237 seconds
metaTables/vocal_music_demucs_16k/metaData_MTG-Jamendo/row26695.csv
Execution time: 94.89741706848145 seconds
metaTables/vocal_music_demucs_16k/metaData_MTG-Jamendo/row26696.csv
Execution time: 95.26836514472961 seconds
metaTables/vocal_music_demucs_16k/metaData_MTG-Jamendo/row26697.csv
Execution time: 99.57060718536377 seconds
metaTables/vocal_music_demucs_16k/metaData_MTG-Jamendo/row26698.csv
Execution time: 93.2447829246521 seconds
metaTables/vocal_music_demucs_16k/metaData_MTG-Jamendo/row26699.csv
Demucs voice recognition done!
