/ext3/demucs/lib/python3.9/site-packages/demucs/api.py:27: UserWarning: TorchAudio's global backend is now deprecated. Please enable distpatcher by setting `TORCHAUDIO_USE_BACKEND_DISPATCHER=1`, and specify backend when calling load/info/save function.
  import torchaudio as ta
2024-05-09 12:02:41.765247: I tensorflow/core/util/port.cc:113] oneDNN custom operations are on. You may see slightly different numerical results due to floating-point round-off errors from different computation orders. To turn them off, set the environment variable `TF_ENABLE_ONEDNN_OPTS=0`.
2024-05-09 12:02:49.411972: E external/local_xla/xla/stream_executor/cuda/cuda_dnn.cc:9261] Unable to register cuDNN factory: Attempting to register factory for plugin cuDNN when one has already been registered
2024-05-09 12:02:49.412008: E external/local_xla/xla/stream_executor/cuda/cuda_fft.cc:607] Unable to register cuFFT factory: Attempting to register factory for plugin cuFFT when one has already been registered
2024-05-09 12:02:49.599317: E external/local_xla/xla/stream_executor/cuda/cuda_blas.cc:1515] Unable to register cuBLAS factory: Attempting to register factory for plugin cuBLAS when one has already been registered
2024-05-09 12:02:50.161614: I tensorflow/core/platform/cpu_feature_guard.cc:182] This TensorFlow binary is optimized to use available CPU instructions in performance-critical operations.
To enable the following instructions: AVX2 AVX512F AVX512_VNNI FMA, in other operations, rebuild TensorFlow with the appropriate compiler flags.
2024-05-09 12:02:52.473212: W tensorflow/compiler/tf2tensorrt/utils/py_utils.cc:38] TF-TRT Warning: Could not find TensorRT
SKIPPING: metaTables/vocal_music_demucs_16k/metaData_MTG-Jamendo/row1300.csv
SKIPPING: metaTables/vocal_music_demucs_16k/metaData_MTG-Jamendo/row1301.csv
SKIPPING: metaTables/vocal_music_demucs_16k/metaData_MTG-Jamendo/row1302.csv
SKIPPING: metaTables/vocal_music_demucs_16k/metaData_MTG-Jamendo/row1303.csv
SKIPPING: metaTables/vocal_music_demucs_16k/metaData_MTG-Jamendo/row1304.csv
SKIPPING: metaTables/vocal_music_demucs_16k/metaData_MTG-Jamendo/row1305.csv
SKIPPING: metaTables/vocal_music_demucs_16k/metaData_MTG-Jamendo/row1306.csv
SKIPPING: metaTables/vocal_music_demucs_16k/metaData_MTG-Jamendo/row1307.csv
SKIPPING: metaTables/vocal_music_demucs_16k/metaData_MTG-Jamendo/row1308.csv
SKIPPING: metaTables/vocal_music_demucs_16k/metaData_MTG-Jamendo/row1309.csv
SKIPPING: metaTables/vocal_music_demucs_16k/metaData_MTG-Jamendo/row1310.csv
SKIPPING: metaTables/vocal_music_demucs_16k/metaData_MTG-Jamendo/row1311.csv
SKIPPING: metaTables/vocal_music_demucs_16k/metaData_MTG-Jamendo/row1312.csv
SKIPPING: metaTables/vocal_music_demucs_16k/metaData_MTG-Jamendo/row1313.csv
SKIPPING: metaTables/vocal_music_demucs_16k/metaData_MTG-Jamendo/row1314.csv
SKIPPING: metaTables/vocal_music_demucs_16k/metaData_MTG-Jamendo/row1315.csv
SKIPPING: metaTables/vocal_music_demucs_16k/metaData_MTG-Jamendo/row1316.csv
SKIPPING: metaTables/vocal_music_demucs_16k/metaData_MTG-Jamendo/row1317.csv
SKIPPING: metaTables/vocal_music_demucs_16k/metaData_MTG-Jamendo/row1318.csv
SKIPPING: metaTables/vocal_music_demucs_16k/metaData_MTG-Jamendo/row1319.csv
SKIPPING: metaTables/vocal_music_demucs_16k/metaData_MTG-Jamendo/row1320.csv
SKIPPING: metaTables/vocal_music_demucs_16k/metaData_MTG-Jamendo/row1321.csv
SKIPPING: metaTables/vocal_music_demucs_16k/metaData_MTG-Jamendo/row1322.csv
SKIPPING: metaTables/vocal_music_demucs_16k/metaData_MTG-Jamendo/row1323.csv
SKIPPING: metaTables/vocal_music_demucs_16k/metaData_MTG-Jamendo/row1324.csv
SKIPPING: metaTables/vocal_music_demucs_16k/metaData_MTG-Jamendo/row1325.csv
SKIPPING: metaTables/vocal_music_demucs_16k/metaData_MTG-Jamendo/row1326.csv
SKIPPING: metaTables/vocal_music_demucs_16k/metaData_MTG-Jamendo/row1327.csv
SKIPPING: metaTables/vocal_music_demucs_16k/metaData_MTG-Jamendo/row1328.csv
SKIPPING: metaTables/vocal_music_demucs_16k/metaData_MTG-Jamendo/row1329.csv
SKIPPING: metaTables/vocal_music_demucs_16k/metaData_MTG-Jamendo/row1330.csv
SKIPPING: metaTables/vocal_music_demucs_16k/metaData_MTG-Jamendo/row1331.csv
SKIPPING: metaTables/vocal_music_demucs_16k/metaData_MTG-Jamendo/row1332.csv
SKIPPING: metaTables/vocal_music_demucs_16k/metaData_MTG-Jamendo/row1333.csv
SKIPPING: metaTables/vocal_music_demucs_16k/metaData_MTG-Jamendo/row1334.csv
SKIPPING: metaTables/vocal_music_demucs_16k/metaData_MTG-Jamendo/row1335.csv
SKIPPING: metaTables/vocal_music_demucs_16k/metaData_MTG-Jamendo/row1336.csv
SKIPPING: metaTables/vocal_music_demucs_16k/metaData_MTG-Jamendo/row1337.csv
SKIPPING: metaTables/vocal_music_demucs_16k/metaData_MTG-Jamendo/row1338.csv
SKIPPING: metaTables/vocal_music_demucs_16k/metaData_MTG-Jamendo/row1339.csv
SKIPPING: metaTables/vocal_music_demucs_16k/metaData_MTG-Jamendo/row1340.csv
SKIPPING: metaTables/vocal_music_demucs_16k/metaData_MTG-Jamendo/row1341.csv
SKIPPING: metaTables/vocal_music_demucs_16k/metaData_MTG-Jamendo/row1342.csv
SKIPPING: metaTables/vocal_music_demucs_16k/metaData_MTG-Jamendo/row1343.csv
SKIPPING: metaTables/vocal_music_demucs_16k/metaData_MTG-Jamendo/row1344.csv
SKIPPING: metaTables/vocal_music_demucs_16k/metaData_MTG-Jamendo/row1345.csv
SKIPPING: metaTables/vocal_music_demucs_16k/metaData_MTG-Jamendo/row1346.csv
SKIPPING: metaTables/vocal_music_demucs_16k/metaData_MTG-Jamendo/row1347.csv
SKIPPING: metaTables/vocal_music_demucs_16k/metaData_MTG-Jamendo/row1348.csv
SKIPPING: metaTables/vocal_music_demucs_16k/metaData_MTG-Jamendo/row1349.csv
SKIPPING: metaTables/vocal_music_demucs_16k/metaData_MTG-Jamendo/row1350.csv
SKIPPING: metaTables/vocal_music_demucs_16k/metaData_MTG-Jamendo/row1351.csv
SKIPPING: metaTables/vocal_music_demucs_16k/metaData_MTG-Jamendo/row1352.csv
SKIPPING: metaTables/vocal_music_demucs_16k/metaData_MTG-Jamendo/row1353.csv
SKIPPING: metaTables/vocal_music_demucs_16k/metaData_MTG-Jamendo/row1354.csv
SKIPPING: metaTables/vocal_music_demucs_16k/metaData_MTG-Jamendo/row1355.csv
SKIPPING: metaTables/vocal_music_demucs_16k/metaData_MTG-Jamendo/row1356.csv
SKIPPING: metaTables/vocal_music_demucs_16k/metaData_MTG-Jamendo/row1357.csv
SKIPPING: metaTables/vocal_music_demucs_16k/metaData_MTG-Jamendo/row1358.csv
SKIPPING: metaTables/vocal_music_demucs_16k/metaData_MTG-Jamendo/row1359.csv
SKIPPING: metaTables/vocal_music_demucs_16k/metaData_MTG-Jamendo/row1360.csv
SKIPPING: metaTables/vocal_music_demucs_16k/metaData_MTG-Jamendo/row1361.csv
SKIPPING: metaTables/vocal_music_demucs_16k/metaData_MTG-Jamendo/row1362.csv
SKIPPING: metaTables/vocal_music_demucs_16k/metaData_MTG-Jamendo/row1363.csv
SKIPPING: metaTables/vocal_music_demucs_16k/metaData_MTG-Jamendo/row1364.csv
SKIPPING: metaTables/vocal_music_demucs_16k/metaData_MTG-Jamendo/row1365.csv
SKIPPING: metaTables/vocal_music_demucs_16k/metaData_MTG-Jamendo/row1366.csv
SKIPPING: metaTables/vocal_music_demucs_16k/metaData_MTG-Jamendo/row1367.csv
SKIPPING: metaTables/vocal_music_demucs_16k/metaData_MTG-Jamendo/row1368.csv
SKIPPING: metaTables/vocal_music_demucs_16k/metaData_MTG-Jamendo/row1369.csv
SKIPPING: metaTables/vocal_music_demucs_16k/metaData_MTG-Jamendo/row1370.csv
SKIPPING: metaTables/vocal_music_demucs_16k/metaData_MTG-Jamendo/row1371.csv
SKIPPING: metaTables/vocal_music_demucs_16k/metaData_MTG-Jamendo/row1372.csv
SKIPPING: metaTables/vocal_music_demucs_16k/metaData_MTG-Jamendo/row1373.csv
SKIPPING: metaTables/vocal_music_demucs_16k/metaData_MTG-Jamendo/row1374.csv
SKIPPING: metaTables/vocal_music_demucs_16k/metaData_MTG-Jamendo/row1375.csv
SKIPPING: metaTables/vocal_music_demucs_16k/metaData_MTG-Jamendo/row1376.csv
SKIPPING: metaTables/vocal_music_demucs_16k/metaData_MTG-Jamendo/row1377.csv
SKIPPING: metaTables/vocal_music_demucs_16k/metaData_MTG-Jamendo/row1378.csv
SKIPPING: metaTables/vocal_music_demucs_16k/metaData_MTG-Jamendo/row1379.csv
SKIPPING: metaTables/vocal_music_demucs_16k/metaData_MTG-Jamendo/row1380.csv
SKIPPING: metaTables/vocal_music_demucs_16k/metaData_MTG-Jamendo/row1381.csv
SKIPPING: metaTables/vocal_music_demucs_16k/metaData_MTG-Jamendo/row1382.csv
SKIPPING: metaTables/vocal_music_demucs_16k/metaData_MTG-Jamendo/row1383.csv
SKIPPING: metaTables/vocal_music_demucs_16k/metaData_MTG-Jamendo/row1384.csv
SKIPPING: metaTables/vocal_music_demucs_16k/metaData_MTG-Jamendo/row1385.csv
SKIPPING: metaTables/vocal_music_demucs_16k/metaData_MTG-Jamendo/row1386.csv
SKIPPING: metaTables/vocal_music_demucs_16k/metaData_MTG-Jamendo/row1387.csv
SKIPPING: metaTables/vocal_music_demucs_16k/metaData_MTG-Jamendo/row1388.csv
SKIPPING: metaTables/vocal_music_demucs_16k/metaData_MTG-Jamendo/row1389.csv
SKIPPING: metaTables/vocal_music_demucs_16k/metaData_MTG-Jamendo/row1390.csv
SKIPPING: metaTables/vocal_music_demucs_16k/metaData_MTG-Jamendo/row1391.csv
SKIPPING: metaTables/vocal_music_demucs_16k/metaData_MTG-Jamendo/row1392.csv
SKIPPING: metaTables/vocal_music_demucs_16k/metaData_MTG-Jamendo/row1393.csv
SKIPPING: metaTables/vocal_music_demucs_16k/metaData_MTG-Jamendo/row1394.csv
SKIPPING: metaTables/vocal_music_demucs_16k/metaData_MTG-Jamendo/row1395.csv
SKIPPING: metaTables/vocal_music_demucs_16k/metaData_MTG-Jamendo/row1396.csv
SKIPPING: metaTables/vocal_music_demucs_16k/metaData_MTG-Jamendo/row1397.csv
SKIPPING: metaTables/vocal_music_demucs_16k/metaData_MTG-Jamendo/row1398.csv
SKIPPING: metaTables/vocal_music_demucs_16k/metaData_MTG-Jamendo/row1399.csv
Demucs voice recognition done!
