/ext3/demucs/lib/python3.9/site-packages/demucs/api.py:27: UserWarning: TorchAudio's global backend is now deprecated. Please enable distpatcher by setting `TORCHAUDIO_USE_BACKEND_DISPATCHER=1`, and specify backend when calling load/info/save function.
  import torchaudio as ta
2024-05-09 09:29:27.017352: I tensorflow/core/util/port.cc:113] oneDNN custom operations are on. You may see slightly different numerical results due to floating-point round-off errors from different computation orders. To turn them off, set the environment variable `TF_ENABLE_ONEDNN_OPTS=0`.
2024-05-09 09:29:28.216197: E external/local_xla/xla/stream_executor/cuda/cuda_dnn.cc:9261] Unable to register cuDNN factory: Attempting to register factory for plugin cuDNN when one has already been registered
2024-05-09 09:29:28.216237: E external/local_xla/xla/stream_executor/cuda/cuda_fft.cc:607] Unable to register cuFFT factory: Attempting to register factory for plugin cuFFT when one has already been registered
2024-05-09 09:29:28.298893: E external/local_xla/xla/stream_executor/cuda/cuda_blas.cc:1515] Unable to register cuBLAS factory: Attempting to register factory for plugin cuBLAS when one has already been registered
2024-05-09 09:29:28.767048: I tensorflow/core/platform/cpu_feature_guard.cc:182] This TensorFlow binary is optimized to use available CPU instructions in performance-critical operations.
To enable the following instructions: AVX2 AVX512F AVX512_VNNI FMA, in other operations, rebuild TensorFlow with the appropriate compiler flags.
2024-05-09 09:29:29.664816: W tensorflow/compiler/tf2tensorrt/utils/py_utils.cc:38] TF-TRT Warning: Could not find TensorRT
SKIPPING: metaTables/vocal_music_demucs_16k/metaData_MTG-Jamendo/row38800.csv
SKIPPING: metaTables/vocal_music_demucs_16k/metaData_MTG-Jamendo/row38801.csv
SKIPPING: metaTables/vocal_music_demucs_16k/metaData_MTG-Jamendo/row38802.csv
SKIPPING: metaTables/vocal_music_demucs_16k/metaData_MTG-Jamendo/row38803.csv
SKIPPING: metaTables/vocal_music_demucs_16k/metaData_MTG-Jamendo/row38804.csv
SKIPPING: metaTables/vocal_music_demucs_16k/metaData_MTG-Jamendo/row38805.csv
SKIPPING: metaTables/vocal_music_demucs_16k/metaData_MTG-Jamendo/row38806.csv
SKIPPING: metaTables/vocal_music_demucs_16k/metaData_MTG-Jamendo/row38807.csv
SKIPPING: metaTables/vocal_music_demucs_16k/metaData_MTG-Jamendo/row38808.csv
SKIPPING: metaTables/vocal_music_demucs_16k/metaData_MTG-Jamendo/row38809.csv
SKIPPING: metaTables/vocal_music_demucs_16k/metaData_MTG-Jamendo/row38810.csv
SKIPPING: metaTables/vocal_music_demucs_16k/metaData_MTG-Jamendo/row38811.csv
SKIPPING: metaTables/vocal_music_demucs_16k/metaData_MTG-Jamendo/row38812.csv
SKIPPING: metaTables/vocal_music_demucs_16k/metaData_MTG-Jamendo/row38813.csv
SKIPPING: metaTables/vocal_music_demucs_16k/metaData_MTG-Jamendo/row38814.csv
SKIPPING: metaTables/vocal_music_demucs_16k/metaData_MTG-Jamendo/row38815.csv
SKIPPING: metaTables/vocal_music_demucs_16k/metaData_MTG-Jamendo/row38816.csv
SKIPPING: metaTables/vocal_music_demucs_16k/metaData_MTG-Jamendo/row38817.csv
SKIPPING: metaTables/vocal_music_demucs_16k/metaData_MTG-Jamendo/row38818.csv
SKIPPING: metaTables/vocal_music_demucs_16k/metaData_MTG-Jamendo/row38819.csv
SKIPPING: metaTables/vocal_music_demucs_16k/metaData_MTG-Jamendo/row38820.csv
SKIPPING: metaTables/vocal_music_demucs_16k/metaData_MTG-Jamendo/row38821.csv
SKIPPING: metaTables/vocal_music_demucs_16k/metaData_MTG-Jamendo/row38822.csv
SKIPPING: metaTables/vocal_music_demucs_16k/metaData_MTG-Jamendo/row38823.csv
SKIPPING: metaTables/vocal_music_demucs_16k/metaData_MTG-Jamendo/row38824.csv
SKIPPING: metaTables/vocal_music_demucs_16k/metaData_MTG-Jamendo/row38825.csv
SKIPPING: metaTables/vocal_music_demucs_16k/metaData_MTG-Jamendo/row38826.csv
SKIPPING: metaTables/vocal_music_demucs_16k/metaData_MTG-Jamendo/row38827.csv
SKIPPING: metaTables/vocal_music_demucs_16k/metaData_MTG-Jamendo/row38828.csv
SKIPPING: metaTables/vocal_music_demucs_16k/metaData_MTG-Jamendo/row38829.csv
SKIPPING: metaTables/vocal_music_demucs_16k/metaData_MTG-Jamendo/row38830.csv
SKIPPING: metaTables/vocal_music_demucs_16k/metaData_MTG-Jamendo/row38831.csv
SKIPPING: metaTables/vocal_music_demucs_16k/metaData_MTG-Jamendo/row38832.csv
SKIPPING: metaTables/vocal_music_demucs_16k/metaData_MTG-Jamendo/row38833.csv
SKIPPING: metaTables/vocal_music_demucs_16k/metaData_MTG-Jamendo/row38834.csv
SKIPPING: metaTables/vocal_music_demucs_16k/metaData_MTG-Jamendo/row38835.csv
SKIPPING: metaTables/vocal_music_demucs_16k/metaData_MTG-Jamendo/row38836.csv
SKIPPING: metaTables/vocal_music_demucs_16k/metaData_MTG-Jamendo/row38837.csv
SKIPPING: metaTables/vocal_music_demucs_16k/metaData_MTG-Jamendo/row38838.csv
SKIPPING: metaTables/vocal_music_demucs_16k/metaData_MTG-Jamendo/row38839.csv
SKIPPING: metaTables/vocal_music_demucs_16k/metaData_MTG-Jamendo/row38840.csv
SKIPPING: metaTables/vocal_music_demucs_16k/metaData_MTG-Jamendo/row38841.csv
SKIPPING: metaTables/vocal_music_demucs_16k/metaData_MTG-Jamendo/row38842.csv
SKIPPING: metaTables/vocal_music_demucs_16k/metaData_MTG-Jamendo/row38843.csv
SKIPPING: metaTables/vocal_music_demucs_16k/metaData_MTG-Jamendo/row38844.csv
SKIPPING: metaTables/vocal_music_demucs_16k/metaData_MTG-Jamendo/row38845.csv
SKIPPING: metaTables/vocal_music_demucs_16k/metaData_MTG-Jamendo/row38846.csv
SKIPPING: metaTables/vocal_music_demucs_16k/metaData_MTG-Jamendo/row38847.csv
SKIPPING: metaTables/vocal_music_demucs_16k/metaData_MTG-Jamendo/row38848.csv
SKIPPING: metaTables/vocal_music_demucs_16k/metaData_MTG-Jamendo/row38849.csv
SKIPPING: metaTables/vocal_music_demucs_16k/metaData_MTG-Jamendo/row38850.csv
SKIPPING: metaTables/vocal_music_demucs_16k/metaData_MTG-Jamendo/row38851.csv
Execution time: 95.67434859275818 seconds
metaTables/vocal_music_demucs_16k/metaData_MTG-Jamendo/row38852.csv
Execution time: 60.84268403053284 seconds
metaTables/vocal_music_demucs_16k/metaData_MTG-Jamendo/row38853.csv
Execution time: 88.27683329582214 seconds
metaTables/vocal_music_demucs_16k/metaData_MTG-Jamendo/row38854.csv
Execution time: 91.27292585372925 seconds
metaTables/vocal_music_demucs_16k/metaData_MTG-Jamendo/row38855.csv
Execution time: 42.37637519836426 seconds
metaTables/vocal_music_demucs_16k/metaData_MTG-Jamendo/row38856.csv
Execution time: 95.58670401573181 seconds
metaTables/vocal_music_demucs_16k/metaData_MTG-Jamendo/row38857.csv
Execution time: 96.75953602790833 seconds
metaTables/vocal_music_demucs_16k/metaData_MTG-Jamendo/row38858.csv
Execution time: 90.98895072937012 seconds
metaTables/vocal_music_demucs_16k/metaData_MTG-Jamendo/row38859.csv
Execution time: 91.02146935462952 seconds
metaTables/vocal_music_demucs_16k/metaData_MTG-Jamendo/row38860.csv
Execution time: 97.69952583312988 seconds
metaTables/vocal_music_demucs_16k/metaData_MTG-Jamendo/row38861.csv
Execution time: 92.10000896453857 seconds
metaTables/vocal_music_demucs_16k/metaData_MTG-Jamendo/row38862.csv
Execution time: 85.79317831993103 seconds
metaTables/vocal_music_demucs_16k/metaData_MTG-Jamendo/row38863.csv
Execution time: 91.3832676410675 seconds
metaTables/vocal_music_demucs_16k/metaData_MTG-Jamendo/row38864.csv
Execution time: 95.31914162635803 seconds
metaTables/vocal_music_demucs_16k/metaData_MTG-Jamendo/row38865.csv
Execution time: 90.75935816764832 seconds
metaTables/vocal_music_demucs_16k/metaData_MTG-Jamendo/row38866.csv
Execution time: 78.59214568138123 seconds
metaTables/vocal_music_demucs_16k/metaData_MTG-Jamendo/row38867.csv
Execution time: 91.67732453346252 seconds
metaTables/vocal_music_demucs_16k/metaData_MTG-Jamendo/row38868.csv
Execution time: 91.39367747306824 seconds
metaTables/vocal_music_demucs_16k/metaData_MTG-Jamendo/row38869.csv
Execution time: 92.61970329284668 seconds
metaTables/vocal_music_demucs_16k/metaData_MTG-Jamendo/row38870.csv
Execution time: 92.6198947429657 seconds
metaTables/vocal_music_demucs_16k/metaData_MTG-Jamendo/row38871.csv
Execution time: 89.74269008636475 seconds
metaTables/vocal_music_demucs_16k/metaData_MTG-Jamendo/row38872.csv
Execution time: 62.41502356529236 seconds
metaTables/vocal_music_demucs_16k/metaData_MTG-Jamendo/row38873.csv
Execution time: 92.95531558990479 seconds
metaTables/vocal_music_demucs_16k/metaData_MTG-Jamendo/row38874.csv
Execution time: 91.24879121780396 seconds
metaTables/vocal_music_demucs_16k/metaData_MTG-Jamendo/row38875.csv
Execution time: 94.89742755889893 seconds
metaTables/vocal_music_demucs_16k/metaData_MTG-Jamendo/row38876.csv
Execution time: 91.63734674453735 seconds
metaTables/vocal_music_demucs_16k/metaData_MTG-Jamendo/row38877.csv
Execution time: 90.62342715263367 seconds
metaTables/vocal_music_demucs_16k/metaData_MTG-Jamendo/row38878.csv
Execution time: 71.17280387878418 seconds
metaTables/vocal_music_demucs_16k/metaData_MTG-Jamendo/row38879.csv
Execution time: 89.15863871574402 seconds
metaTables/vocal_music_demucs_16k/metaData_MTG-Jamendo/row38880.csv
Execution time: 77.2341160774231 seconds
metaTables/vocal_music_demucs_16k/metaData_MTG-Jamendo/row38881.csv
Execution time: 93.50113534927368 seconds
metaTables/vocal_music_demucs_16k/metaData_MTG-Jamendo/row38882.csv
Execution time: 90.60839080810547 seconds
metaTables/vocal_music_demucs_16k/metaData_MTG-Jamendo/row38883.csv
Execution time: 93.19748759269714 seconds
metaTables/vocal_music_demucs_16k/metaData_MTG-Jamendo/row38884.csv
Execution time: 51.179314851760864 seconds
metaTables/vocal_music_demucs_16k/metaData_MTG-Jamendo/row38885.csv
Execution time: 94.94561672210693 seconds
metaTables/vocal_music_demucs_16k/metaData_MTG-Jamendo/row38886.csv
Execution time: 97.12747836112976 seconds
metaTables/vocal_music_demucs_16k/metaData_MTG-Jamendo/row38887.csv
Execution time: 93.75701761245728 seconds
metaTables/vocal_music_demucs_16k/metaData_MTG-Jamendo/row38888.csv
Execution time: 92.2958836555481 seconds
metaTables/vocal_music_demucs_16k/metaData_MTG-Jamendo/row38889.csv
Execution time: 90.97667980194092 seconds
metaTables/vocal_music_demucs_16k/metaData_MTG-Jamendo/row38890.csv
Execution time: 91.01562881469727 seconds
metaTables/vocal_music_demucs_16k/metaData_MTG-Jamendo/row38891.csv
Execution time: 94.1069884300232 seconds
metaTables/vocal_music_demucs_16k/metaData_MTG-Jamendo/row38892.csv
Execution time: 49.72084450721741 seconds
metaTables/vocal_music_demucs_16k/metaData_MTG-Jamendo/row38893.csv
Execution time: 91.1631429195404 seconds
metaTables/vocal_music_demucs_16k/metaData_MTG-Jamendo/row38894.csv
Execution time: 92.19738817214966 seconds
metaTables/vocal_music_demucs_16k/metaData_MTG-Jamendo/row38895.csv
Execution time: 91.5145971775055 seconds
metaTables/vocal_music_demucs_16k/metaData_MTG-Jamendo/row38896.csv
Execution time: 89.70889735221863 seconds
metaTables/vocal_music_demucs_16k/metaData_MTG-Jamendo/row38897.csv
Execution time: 90.22611236572266 seconds
metaTables/vocal_music_demucs_16k/metaData_MTG-Jamendo/row38898.csv
Execution time: 91.29120564460754 seconds
metaTables/vocal_music_demucs_16k/metaData_MTG-Jamendo/row38899.csv
Demucs voice recognition done!
