/ext3/demucs/lib/python3.9/site-packages/demucs/api.py:27: UserWarning: TorchAudio's global backend is now deprecated. Please enable distpatcher by setting `TORCHAUDIO_USE_BACKEND_DISPATCHER=1`, and specify backend when calling load/info/save function.
  import torchaudio as ta
2024-05-09 12:03:02.434458: I tensorflow/core/util/port.cc:113] oneDNN custom operations are on. You may see slightly different numerical results due to floating-point round-off errors from different computation orders. To turn them off, set the environment variable `TF_ENABLE_ONEDNN_OPTS=0`.
2024-05-09 12:03:04.266623: E external/local_xla/xla/stream_executor/cuda/cuda_dnn.cc:9261] Unable to register cuDNN factory: Attempting to register factory for plugin cuDNN when one has already been registered
2024-05-09 12:03:04.266666: E external/local_xla/xla/stream_executor/cuda/cuda_fft.cc:607] Unable to register cuFFT factory: Attempting to register factory for plugin cuFFT when one has already been registered
2024-05-09 12:03:04.427764: E external/local_xla/xla/stream_executor/cuda/cuda_blas.cc:1515] Unable to register cuBLAS factory: Attempting to register factory for plugin cuBLAS when one has already been registered
2024-05-09 12:03:05.070071: I tensorflow/core/platform/cpu_feature_guard.cc:182] This TensorFlow binary is optimized to use available CPU instructions in performance-critical operations.
To enable the following instructions: AVX2 AVX512F AVX512_VNNI FMA, in other operations, rebuild TensorFlow with the appropriate compiler flags.
2024-05-09 12:03:06.901165: W tensorflow/compiler/tf2tensorrt/utils/py_utils.cc:38] TF-TRT Warning: Could not find TensorRT
SKIPPING: metaTables/vocal_music_demucs_16k/metaData_MTG-Jamendo/row27500.csv
SKIPPING: metaTables/vocal_music_demucs_16k/metaData_MTG-Jamendo/row27501.csv
SKIPPING: metaTables/vocal_music_demucs_16k/metaData_MTG-Jamendo/row27502.csv
SKIPPING: metaTables/vocal_music_demucs_16k/metaData_MTG-Jamendo/row27503.csv
SKIPPING: metaTables/vocal_music_demucs_16k/metaData_MTG-Jamendo/row27504.csv
SKIPPING: metaTables/vocal_music_demucs_16k/metaData_MTG-Jamendo/row27505.csv
SKIPPING: metaTables/vocal_music_demucs_16k/metaData_MTG-Jamendo/row27506.csv
SKIPPING: metaTables/vocal_music_demucs_16k/metaData_MTG-Jamendo/row27507.csv
SKIPPING: metaTables/vocal_music_demucs_16k/metaData_MTG-Jamendo/row27508.csv
SKIPPING: metaTables/vocal_music_demucs_16k/metaData_MTG-Jamendo/row27509.csv
SKIPPING: metaTables/vocal_music_demucs_16k/metaData_MTG-Jamendo/row27510.csv
SKIPPING: metaTables/vocal_music_demucs_16k/metaData_MTG-Jamendo/row27511.csv
SKIPPING: metaTables/vocal_music_demucs_16k/metaData_MTG-Jamendo/row27512.csv
SKIPPING: metaTables/vocal_music_demucs_16k/metaData_MTG-Jamendo/row27513.csv
SKIPPING: metaTables/vocal_music_demucs_16k/metaData_MTG-Jamendo/row27514.csv
SKIPPING: metaTables/vocal_music_demucs_16k/metaData_MTG-Jamendo/row27515.csv
SKIPPING: metaTables/vocal_music_demucs_16k/metaData_MTG-Jamendo/row27516.csv
SKIPPING: metaTables/vocal_music_demucs_16k/metaData_MTG-Jamendo/row27517.csv
SKIPPING: metaTables/vocal_music_demucs_16k/metaData_MTG-Jamendo/row27518.csv
SKIPPING: metaTables/vocal_music_demucs_16k/metaData_MTG-Jamendo/row27519.csv
SKIPPING: metaTables/vocal_music_demucs_16k/metaData_MTG-Jamendo/row27520.csv
SKIPPING: metaTables/vocal_music_demucs_16k/metaData_MTG-Jamendo/row27521.csv
SKIPPING: metaTables/vocal_music_demucs_16k/metaData_MTG-Jamendo/row27522.csv
SKIPPING: metaTables/vocal_music_demucs_16k/metaData_MTG-Jamendo/row27523.csv
SKIPPING: metaTables/vocal_music_demucs_16k/metaData_MTG-Jamendo/row27524.csv
SKIPPING: metaTables/vocal_music_demucs_16k/metaData_MTG-Jamendo/row27525.csv
SKIPPING: metaTables/vocal_music_demucs_16k/metaData_MTG-Jamendo/row27526.csv
SKIPPING: metaTables/vocal_music_demucs_16k/metaData_MTG-Jamendo/row27527.csv
SKIPPING: metaTables/vocal_music_demucs_16k/metaData_MTG-Jamendo/row27528.csv
SKIPPING: metaTables/vocal_music_demucs_16k/metaData_MTG-Jamendo/row27529.csv
SKIPPING: metaTables/vocal_music_demucs_16k/metaData_MTG-Jamendo/row27530.csv
SKIPPING: metaTables/vocal_music_demucs_16k/metaData_MTG-Jamendo/row27531.csv
SKIPPING: metaTables/vocal_music_demucs_16k/metaData_MTG-Jamendo/row27532.csv
SKIPPING: metaTables/vocal_music_demucs_16k/metaData_MTG-Jamendo/row27533.csv
SKIPPING: metaTables/vocal_music_demucs_16k/metaData_MTG-Jamendo/row27534.csv
SKIPPING: metaTables/vocal_music_demucs_16k/metaData_MTG-Jamendo/row27535.csv
SKIPPING: metaTables/vocal_music_demucs_16k/metaData_MTG-Jamendo/row27536.csv
SKIPPING: metaTables/vocal_music_demucs_16k/metaData_MTG-Jamendo/row27537.csv
SKIPPING: metaTables/vocal_music_demucs_16k/metaData_MTG-Jamendo/row27538.csv
SKIPPING: metaTables/vocal_music_demucs_16k/metaData_MTG-Jamendo/row27539.csv
SKIPPING: metaTables/vocal_music_demucs_16k/metaData_MTG-Jamendo/row27540.csv
SKIPPING: metaTables/vocal_music_demucs_16k/metaData_MTG-Jamendo/row27541.csv
SKIPPING: metaTables/vocal_music_demucs_16k/metaData_MTG-Jamendo/row27542.csv
SKIPPING: metaTables/vocal_music_demucs_16k/metaData_MTG-Jamendo/row27543.csv
SKIPPING: metaTables/vocal_music_demucs_16k/metaData_MTG-Jamendo/row27544.csv
SKIPPING: metaTables/vocal_music_demucs_16k/metaData_MTG-Jamendo/row27545.csv
SKIPPING: metaTables/vocal_music_demucs_16k/metaData_MTG-Jamendo/row27546.csv
SKIPPING: metaTables/vocal_music_demucs_16k/metaData_MTG-Jamendo/row27547.csv
SKIPPING: metaTables/vocal_music_demucs_16k/metaData_MTG-Jamendo/row27548.csv
SKIPPING: metaTables/vocal_music_demucs_16k/metaData_MTG-Jamendo/row27549.csv
SKIPPING: metaTables/vocal_music_demucs_16k/metaData_MTG-Jamendo/row27550.csv
SKIPPING: metaTables/vocal_music_demucs_16k/metaData_MTG-Jamendo/row27551.csv
SKIPPING: metaTables/vocal_music_demucs_16k/metaData_MTG-Jamendo/row27552.csv
SKIPPING: metaTables/vocal_music_demucs_16k/metaData_MTG-Jamendo/row27553.csv
SKIPPING: metaTables/vocal_music_demucs_16k/metaData_MTG-Jamendo/row27554.csv
SKIPPING: metaTables/vocal_music_demucs_16k/metaData_MTG-Jamendo/row27555.csv
SKIPPING: metaTables/vocal_music_demucs_16k/metaData_MTG-Jamendo/row27556.csv
SKIPPING: metaTables/vocal_music_demucs_16k/metaData_MTG-Jamendo/row27557.csv
SKIPPING: metaTables/vocal_music_demucs_16k/metaData_MTG-Jamendo/row27558.csv
SKIPPING: metaTables/vocal_music_demucs_16k/metaData_MTG-Jamendo/row27559.csv
SKIPPING: metaTables/vocal_music_demucs_16k/metaData_MTG-Jamendo/row27560.csv
SKIPPING: metaTables/vocal_music_demucs_16k/metaData_MTG-Jamendo/row27561.csv
SKIPPING: metaTables/vocal_music_demucs_16k/metaData_MTG-Jamendo/row27562.csv
SKIPPING: metaTables/vocal_music_demucs_16k/metaData_MTG-Jamendo/row27563.csv
SKIPPING: metaTables/vocal_music_demucs_16k/metaData_MTG-Jamendo/row27564.csv
SKIPPING: metaTables/vocal_music_demucs_16k/metaData_MTG-Jamendo/row27565.csv
SKIPPING: metaTables/vocal_music_demucs_16k/metaData_MTG-Jamendo/row27566.csv
SKIPPING: metaTables/vocal_music_demucs_16k/metaData_MTG-Jamendo/row27567.csv
SKIPPING: metaTables/vocal_music_demucs_16k/metaData_MTG-Jamendo/row27568.csv
SKIPPING: metaTables/vocal_music_demucs_16k/metaData_MTG-Jamendo/row27569.csv
SKIPPING: metaTables/vocal_music_demucs_16k/metaData_MTG-Jamendo/row27570.csv
SKIPPING: metaTables/vocal_music_demucs_16k/metaData_MTG-Jamendo/row27571.csv
SKIPPING: metaTables/vocal_music_demucs_16k/metaData_MTG-Jamendo/row27572.csv
SKIPPING: metaTables/vocal_music_demucs_16k/metaData_MTG-Jamendo/row27573.csv
SKIPPING: metaTables/vocal_music_demucs_16k/metaData_MTG-Jamendo/row27574.csv
SKIPPING: metaTables/vocal_music_demucs_16k/metaData_MTG-Jamendo/row27575.csv
SKIPPING: metaTables/vocal_music_demucs_16k/metaData_MTG-Jamendo/row27576.csv
SKIPPING: metaTables/vocal_music_demucs_16k/metaData_MTG-Jamendo/row27577.csv
SKIPPING: metaTables/vocal_music_demucs_16k/metaData_MTG-Jamendo/row27578.csv
SKIPPING: metaTables/vocal_music_demucs_16k/metaData_MTG-Jamendo/row27579.csv
SKIPPING: metaTables/vocal_music_demucs_16k/metaData_MTG-Jamendo/row27580.csv
SKIPPING: metaTables/vocal_music_demucs_16k/metaData_MTG-Jamendo/row27581.csv
SKIPPING: metaTables/vocal_music_demucs_16k/metaData_MTG-Jamendo/row27582.csv
SKIPPING: metaTables/vocal_music_demucs_16k/metaData_MTG-Jamendo/row27583.csv
SKIPPING: metaTables/vocal_music_demucs_16k/metaData_MTG-Jamendo/row27584.csv
SKIPPING: metaTables/vocal_music_demucs_16k/metaData_MTG-Jamendo/row27585.csv
SKIPPING: metaTables/vocal_music_demucs_16k/metaData_MTG-Jamendo/row27586.csv
SKIPPING: metaTables/vocal_music_demucs_16k/metaData_MTG-Jamendo/row27587.csv
SKIPPING: metaTables/vocal_music_demucs_16k/metaData_MTG-Jamendo/row27588.csv
SKIPPING: metaTables/vocal_music_demucs_16k/metaData_MTG-Jamendo/row27589.csv
SKIPPING: metaTables/vocal_music_demucs_16k/metaData_MTG-Jamendo/row27590.csv
SKIPPING: metaTables/vocal_music_demucs_16k/metaData_MTG-Jamendo/row27591.csv
SKIPPING: metaTables/vocal_music_demucs_16k/metaData_MTG-Jamendo/row27592.csv
SKIPPING: metaTables/vocal_music_demucs_16k/metaData_MTG-Jamendo/row27593.csv
SKIPPING: metaTables/vocal_music_demucs_16k/metaData_MTG-Jamendo/row27594.csv
SKIPPING: metaTables/vocal_music_demucs_16k/metaData_MTG-Jamendo/row27595.csv
SKIPPING: metaTables/vocal_music_demucs_16k/metaData_MTG-Jamendo/row27596.csv
SKIPPING: metaTables/vocal_music_demucs_16k/metaData_MTG-Jamendo/row27597.csv
SKIPPING: metaTables/vocal_music_demucs_16k/metaData_MTG-Jamendo/row27598.csv
SKIPPING: metaTables/vocal_music_demucs_16k/metaData_MTG-Jamendo/row27599.csv
Demucs voice recognition done!
