/ext3/demucs/lib/python3.9/site-packages/demucs/api.py:27: UserWarning: TorchAudio's global backend is now deprecated. Please enable distpatcher by setting `TORCHAUDIO_USE_BACKEND_DISPATCHER=1`, and specify backend when calling load/info/save function.
  import torchaudio as ta
2024-05-09 09:29:50.873642: I tensorflow/core/util/port.cc:113] oneDNN custom operations are on. You may see slightly different numerical results due to floating-point round-off errors from different computation orders. To turn them off, set the environment variable `TF_ENABLE_ONEDNN_OPTS=0`.
2024-05-09 09:29:53.345511: E external/local_xla/xla/stream_executor/cuda/cuda_dnn.cc:9261] Unable to register cuDNN factory: Attempting to register factory for plugin cuDNN when one has already been registered
2024-05-09 09:29:53.345550: E external/local_xla/xla/stream_executor/cuda/cuda_fft.cc:607] Unable to register cuFFT factory: Attempting to register factory for plugin cuFFT when one has already been registered
2024-05-09 09:29:53.522405: E external/local_xla/xla/stream_executor/cuda/cuda_blas.cc:1515] Unable to register cuBLAS factory: Attempting to register factory for plugin cuBLAS when one has already been registered
2024-05-09 09:29:54.161902: I tensorflow/core/platform/cpu_feature_guard.cc:182] This TensorFlow binary is optimized to use available CPU instructions in performance-critical operations.
To enable the following instructions: AVX2 AVX512F AVX512_VNNI FMA, in other operations, rebuild TensorFlow with the appropriate compiler flags.
2024-05-09 09:29:56.183301: W tensorflow/compiler/tf2tensorrt/utils/py_utils.cc:38] TF-TRT Warning: Could not find TensorRT
SKIPPING: metaTables/vocal_music_demucs_16k/metaData_MTG-Jamendo/row52900.csv
SKIPPING: metaTables/vocal_music_demucs_16k/metaData_MTG-Jamendo/row52901.csv
SKIPPING: metaTables/vocal_music_demucs_16k/metaData_MTG-Jamendo/row52902.csv
SKIPPING: metaTables/vocal_music_demucs_16k/metaData_MTG-Jamendo/row52903.csv
SKIPPING: metaTables/vocal_music_demucs_16k/metaData_MTG-Jamendo/row52904.csv
SKIPPING: metaTables/vocal_music_demucs_16k/metaData_MTG-Jamendo/row52905.csv
SKIPPING: metaTables/vocal_music_demucs_16k/metaData_MTG-Jamendo/row52906.csv
SKIPPING: metaTables/vocal_music_demucs_16k/metaData_MTG-Jamendo/row52907.csv
SKIPPING: metaTables/vocal_music_demucs_16k/metaData_MTG-Jamendo/row52908.csv
SKIPPING: metaTables/vocal_music_demucs_16k/metaData_MTG-Jamendo/row52909.csv
SKIPPING: metaTables/vocal_music_demucs_16k/metaData_MTG-Jamendo/row52910.csv
SKIPPING: metaTables/vocal_music_demucs_16k/metaData_MTG-Jamendo/row52911.csv
SKIPPING: metaTables/vocal_music_demucs_16k/metaData_MTG-Jamendo/row52912.csv
SKIPPING: metaTables/vocal_music_demucs_16k/metaData_MTG-Jamendo/row52913.csv
SKIPPING: metaTables/vocal_music_demucs_16k/metaData_MTG-Jamendo/row52914.csv
SKIPPING: metaTables/vocal_music_demucs_16k/metaData_MTG-Jamendo/row52915.csv
SKIPPING: metaTables/vocal_music_demucs_16k/metaData_MTG-Jamendo/row52916.csv
SKIPPING: metaTables/vocal_music_demucs_16k/metaData_MTG-Jamendo/row52917.csv
SKIPPING: metaTables/vocal_music_demucs_16k/metaData_MTG-Jamendo/row52918.csv
SKIPPING: metaTables/vocal_music_demucs_16k/metaData_MTG-Jamendo/row52919.csv
SKIPPING: metaTables/vocal_music_demucs_16k/metaData_MTG-Jamendo/row52920.csv
SKIPPING: metaTables/vocal_music_demucs_16k/metaData_MTG-Jamendo/row52921.csv
SKIPPING: metaTables/vocal_music_demucs_16k/metaData_MTG-Jamendo/row52922.csv
SKIPPING: metaTables/vocal_music_demucs_16k/metaData_MTG-Jamendo/row52923.csv
SKIPPING: metaTables/vocal_music_demucs_16k/metaData_MTG-Jamendo/row52924.csv
SKIPPING: metaTables/vocal_music_demucs_16k/metaData_MTG-Jamendo/row52925.csv
SKIPPING: metaTables/vocal_music_demucs_16k/metaData_MTG-Jamendo/row52926.csv
SKIPPING: metaTables/vocal_music_demucs_16k/metaData_MTG-Jamendo/row52927.csv
SKIPPING: metaTables/vocal_music_demucs_16k/metaData_MTG-Jamendo/row52928.csv
SKIPPING: metaTables/vocal_music_demucs_16k/metaData_MTG-Jamendo/row52929.csv
SKIPPING: metaTables/vocal_music_demucs_16k/metaData_MTG-Jamendo/row52930.csv
SKIPPING: metaTables/vocal_music_demucs_16k/metaData_MTG-Jamendo/row52931.csv
SKIPPING: metaTables/vocal_music_demucs_16k/metaData_MTG-Jamendo/row52932.csv
SKIPPING: metaTables/vocal_music_demucs_16k/metaData_MTG-Jamendo/row52933.csv
SKIPPING: metaTables/vocal_music_demucs_16k/metaData_MTG-Jamendo/row52934.csv
SKIPPING: metaTables/vocal_music_demucs_16k/metaData_MTG-Jamendo/row52935.csv
SKIPPING: metaTables/vocal_music_demucs_16k/metaData_MTG-Jamendo/row52936.csv
SKIPPING: metaTables/vocal_music_demucs_16k/metaData_MTG-Jamendo/row52937.csv
SKIPPING: metaTables/vocal_music_demucs_16k/metaData_MTG-Jamendo/row52938.csv
SKIPPING: metaTables/vocal_music_demucs_16k/metaData_MTG-Jamendo/row52939.csv
SKIPPING: metaTables/vocal_music_demucs_16k/metaData_MTG-Jamendo/row52940.csv
SKIPPING: metaTables/vocal_music_demucs_16k/metaData_MTG-Jamendo/row52941.csv
SKIPPING: metaTables/vocal_music_demucs_16k/metaData_MTG-Jamendo/row52942.csv
SKIPPING: metaTables/vocal_music_demucs_16k/metaData_MTG-Jamendo/row52943.csv
SKIPPING: metaTables/vocal_music_demucs_16k/metaData_MTG-Jamendo/row52944.csv
SKIPPING: metaTables/vocal_music_demucs_16k/metaData_MTG-Jamendo/row52945.csv
SKIPPING: metaTables/vocal_music_demucs_16k/metaData_MTG-Jamendo/row52946.csv
SKIPPING: metaTables/vocal_music_demucs_16k/metaData_MTG-Jamendo/row52947.csv
SKIPPING: metaTables/vocal_music_demucs_16k/metaData_MTG-Jamendo/row52948.csv
SKIPPING: metaTables/vocal_music_demucs_16k/metaData_MTG-Jamendo/row52949.csv
SKIPPING: metaTables/vocal_music_demucs_16k/metaData_MTG-Jamendo/row52950.csv
SKIPPING: metaTables/vocal_music_demucs_16k/metaData_MTG-Jamendo/row52951.csv
SKIPPING: metaTables/vocal_music_demucs_16k/metaData_MTG-Jamendo/row52952.csv
SKIPPING: metaTables/vocal_music_demucs_16k/metaData_MTG-Jamendo/row52953.csv
SKIPPING: metaTables/vocal_music_demucs_16k/metaData_MTG-Jamendo/row52954.csv
Execution time: 106.55492830276489 seconds
metaTables/vocal_music_demucs_16k/metaData_MTG-Jamendo/row52955.csv
Execution time: 100.44054317474365 seconds
metaTables/vocal_music_demucs_16k/metaData_MTG-Jamendo/row52956.csv
Execution time: 106.05198979377747 seconds
metaTables/vocal_music_demucs_16k/metaData_MTG-Jamendo/row52957.csv
Execution time: 118.96052408218384 seconds
metaTables/vocal_music_demucs_16k/metaData_MTG-Jamendo/row52958.csv
Execution time: 78.05502223968506 seconds
metaTables/vocal_music_demucs_16k/metaData_MTG-Jamendo/row52959.csv
Execution time: 127.36458992958069 seconds
metaTables/vocal_music_demucs_16k/metaData_MTG-Jamendo/row52960.csv
Execution time: 125.88007974624634 seconds
metaTables/vocal_music_demucs_16k/metaData_MTG-Jamendo/row52961.csv
Execution time: 94.71647453308105 seconds
metaTables/vocal_music_demucs_16k/metaData_MTG-Jamendo/row52962.csv
Execution time: 133.2039110660553 seconds
metaTables/vocal_music_demucs_16k/metaData_MTG-Jamendo/row52963.csv
Execution time: 136.33777141571045 seconds
metaTables/vocal_music_demucs_16k/metaData_MTG-Jamendo/row52964.csv
Execution time: 133.4641363620758 seconds
metaTables/vocal_music_demucs_16k/metaData_MTG-Jamendo/row52965.csv
Execution time: 130.65922737121582 seconds
metaTables/vocal_music_demucs_16k/metaData_MTG-Jamendo/row52966.csv
Execution time: 136.18184351921082 seconds
metaTables/vocal_music_demucs_16k/metaData_MTG-Jamendo/row52967.csv
Execution time: 131.18575596809387 seconds
metaTables/vocal_music_demucs_16k/metaData_MTG-Jamendo/row52968.csv
Execution time: 130.74842286109924 seconds
metaTables/vocal_music_demucs_16k/metaData_MTG-Jamendo/row52969.csv
Execution time: 130.64039301872253 seconds
metaTables/vocal_music_demucs_16k/metaData_MTG-Jamendo/row52970.csv
Execution time: 78.47813940048218 seconds
metaTables/vocal_music_demucs_16k/metaData_MTG-Jamendo/row52971.csv
Execution time: 129.1921136379242 seconds
metaTables/vocal_music_demucs_16k/metaData_MTG-Jamendo/row52972.csv
Execution time: 132.72273182868958 seconds
metaTables/vocal_music_demucs_16k/metaData_MTG-Jamendo/row52973.csv
Execution time: 71.08009934425354 seconds
metaTables/vocal_music_demucs_16k/metaData_MTG-Jamendo/row52974.csv
Execution time: 72.8918046951294 seconds
metaTables/vocal_music_demucs_16k/metaData_MTG-Jamendo/row52975.csv
Execution time: 140.0191707611084 seconds
metaTables/vocal_music_demucs_16k/metaData_MTG-Jamendo/row52976.csv
Execution time: 136.08161759376526 seconds
metaTables/vocal_music_demucs_16k/metaData_MTG-Jamendo/row52977.csv
Execution time: 94.13344144821167 seconds
metaTables/vocal_music_demucs_16k/metaData_MTG-Jamendo/row52978.csv
Execution time: 132.59049940109253 seconds
metaTables/vocal_music_demucs_16k/metaData_MTG-Jamendo/row52979.csv
Execution time: 129.1528217792511 seconds
metaTables/vocal_music_demucs_16k/metaData_MTG-Jamendo/row52980.csv
Execution time: 132.13095259666443 seconds
metaTables/vocal_music_demucs_16k/metaData_MTG-Jamendo/row52981.csv
Execution time: 129.1724934577942 seconds
metaTables/vocal_music_demucs_16k/metaData_MTG-Jamendo/row52982.csv
Execution time: 107.80880403518677 seconds
metaTables/vocal_music_demucs_16k/metaData_MTG-Jamendo/row52983.csv
Execution time: 127.77628254890442 seconds
metaTables/vocal_music_demucs_16k/metaData_MTG-Jamendo/row52984.csv
Execution time: 103.26503086090088 seconds
metaTables/vocal_music_demucs_16k/metaData_MTG-Jamendo/row52985.csv
Execution time: 67.65800189971924 seconds
metaTables/vocal_music_demucs_16k/metaData_MTG-Jamendo/row52986.csv
Execution time: 122.49201726913452 seconds
metaTables/vocal_music_demucs_16k/metaData_MTG-Jamendo/row52987.csv
Execution time: 104.96891045570374 seconds
metaTables/vocal_music_demucs_16k/metaData_MTG-Jamendo/row52988.csv
Execution time: 104.3483498096466 seconds
metaTables/vocal_music_demucs_16k/metaData_MTG-Jamendo/row52989.csv
Execution time: 103.42315125465393 seconds
metaTables/vocal_music_demucs_16k/metaData_MTG-Jamendo/row52990.csv
Execution time: 107.43993043899536 seconds
metaTables/vocal_music_demucs_16k/metaData_MTG-Jamendo/row52991.csv
Execution time: 110.07814478874207 seconds
metaTables/vocal_music_demucs_16k/metaData_MTG-Jamendo/row52992.csv
Execution time: 107.23707008361816 seconds
metaTables/vocal_music_demucs_16k/metaData_MTG-Jamendo/row52993.csv
Execution time: 102.29434251785278 seconds
metaTables/vocal_music_demucs_16k/metaData_MTG-Jamendo/row52994.csv
Execution time: 103.63321256637573 seconds
metaTables/vocal_music_demucs_16k/metaData_MTG-Jamendo/row52995.csv
Execution time: 103.0442042350769 seconds
metaTables/vocal_music_demucs_16k/metaData_MTG-Jamendo/row52996.csv
Execution time: 105.97536540031433 seconds
metaTables/vocal_music_demucs_16k/metaData_MTG-Jamendo/row52997.csv
Execution time: 102.39515447616577 seconds
metaTables/vocal_music_demucs_16k/metaData_MTG-Jamendo/row52998.csv
Execution time: 99.32097887992859 seconds
metaTables/vocal_music_demucs_16k/metaData_MTG-Jamendo/row52999.csv
Demucs voice recognition done!
