/ext3/demucs/lib/python3.9/site-packages/demucs/api.py:27: UserWarning: TorchAudio's global backend is now deprecated. Please enable distpatcher by setting `TORCHAUDIO_USE_BACKEND_DISPATCHER=1`, and specify backend when calling load/info/save function.
  import torchaudio as ta
2024-05-09 09:29:50.846149: I tensorflow/core/util/port.cc:113] oneDNN custom operations are on. You may see slightly different numerical results due to floating-point round-off errors from different computation orders. To turn them off, set the environment variable `TF_ENABLE_ONEDNN_OPTS=0`.
2024-05-09 09:29:53.333356: E external/local_xla/xla/stream_executor/cuda/cuda_dnn.cc:9261] Unable to register cuDNN factory: Attempting to register factory for plugin cuDNN when one has already been registered
2024-05-09 09:29:53.333396: E external/local_xla/xla/stream_executor/cuda/cuda_fft.cc:607] Unable to register cuFFT factory: Attempting to register factory for plugin cuFFT when one has already been registered
2024-05-09 09:29:53.517807: E external/local_xla/xla/stream_executor/cuda/cuda_blas.cc:1515] Unable to register cuBLAS factory: Attempting to register factory for plugin cuBLAS when one has already been registered
2024-05-09 09:29:53.991718: I tensorflow/core/platform/cpu_feature_guard.cc:182] This TensorFlow binary is optimized to use available CPU instructions in performance-critical operations.
To enable the following instructions: AVX2 AVX512F AVX512_VNNI FMA, in other operations, rebuild TensorFlow with the appropriate compiler flags.
2024-05-09 09:29:56.108247: W tensorflow/compiler/tf2tensorrt/utils/py_utils.cc:38] TF-TRT Warning: Could not find TensorRT
SKIPPING: metaTables/vocal_music_demucs_16k/metaData_MTG-Jamendo/row41100.csv
SKIPPING: metaTables/vocal_music_demucs_16k/metaData_MTG-Jamendo/row41101.csv
SKIPPING: metaTables/vocal_music_demucs_16k/metaData_MTG-Jamendo/row41102.csv
SKIPPING: metaTables/vocal_music_demucs_16k/metaData_MTG-Jamendo/row41103.csv
SKIPPING: metaTables/vocal_music_demucs_16k/metaData_MTG-Jamendo/row41104.csv
SKIPPING: metaTables/vocal_music_demucs_16k/metaData_MTG-Jamendo/row41105.csv
SKIPPING: metaTables/vocal_music_demucs_16k/metaData_MTG-Jamendo/row41106.csv
SKIPPING: metaTables/vocal_music_demucs_16k/metaData_MTG-Jamendo/row41107.csv
SKIPPING: metaTables/vocal_music_demucs_16k/metaData_MTG-Jamendo/row41108.csv
SKIPPING: metaTables/vocal_music_demucs_16k/metaData_MTG-Jamendo/row41109.csv
SKIPPING: metaTables/vocal_music_demucs_16k/metaData_MTG-Jamendo/row41110.csv
SKIPPING: metaTables/vocal_music_demucs_16k/metaData_MTG-Jamendo/row41111.csv
SKIPPING: metaTables/vocal_music_demucs_16k/metaData_MTG-Jamendo/row41112.csv
SKIPPING: metaTables/vocal_music_demucs_16k/metaData_MTG-Jamendo/row41113.csv
SKIPPING: metaTables/vocal_music_demucs_16k/metaData_MTG-Jamendo/row41114.csv
SKIPPING: metaTables/vocal_music_demucs_16k/metaData_MTG-Jamendo/row41115.csv
SKIPPING: metaTables/vocal_music_demucs_16k/metaData_MTG-Jamendo/row41116.csv
SKIPPING: metaTables/vocal_music_demucs_16k/metaData_MTG-Jamendo/row41117.csv
SKIPPING: metaTables/vocal_music_demucs_16k/metaData_MTG-Jamendo/row41118.csv
SKIPPING: metaTables/vocal_music_demucs_16k/metaData_MTG-Jamendo/row41119.csv
SKIPPING: metaTables/vocal_music_demucs_16k/metaData_MTG-Jamendo/row41120.csv
SKIPPING: metaTables/vocal_music_demucs_16k/metaData_MTG-Jamendo/row41121.csv
SKIPPING: metaTables/vocal_music_demucs_16k/metaData_MTG-Jamendo/row41122.csv
SKIPPING: metaTables/vocal_music_demucs_16k/metaData_MTG-Jamendo/row41123.csv
SKIPPING: metaTables/vocal_music_demucs_16k/metaData_MTG-Jamendo/row41124.csv
SKIPPING: metaTables/vocal_music_demucs_16k/metaData_MTG-Jamendo/row41125.csv
SKIPPING: metaTables/vocal_music_demucs_16k/metaData_MTG-Jamendo/row41126.csv
SKIPPING: metaTables/vocal_music_demucs_16k/metaData_MTG-Jamendo/row41127.csv
SKIPPING: metaTables/vocal_music_demucs_16k/metaData_MTG-Jamendo/row41128.csv
SKIPPING: metaTables/vocal_music_demucs_16k/metaData_MTG-Jamendo/row41129.csv
SKIPPING: metaTables/vocal_music_demucs_16k/metaData_MTG-Jamendo/row41130.csv
SKIPPING: metaTables/vocal_music_demucs_16k/metaData_MTG-Jamendo/row41131.csv
SKIPPING: metaTables/vocal_music_demucs_16k/metaData_MTG-Jamendo/row41132.csv
SKIPPING: metaTables/vocal_music_demucs_16k/metaData_MTG-Jamendo/row41133.csv
SKIPPING: metaTables/vocal_music_demucs_16k/metaData_MTG-Jamendo/row41134.csv
SKIPPING: metaTables/vocal_music_demucs_16k/metaData_MTG-Jamendo/row41135.csv
SKIPPING: metaTables/vocal_music_demucs_16k/metaData_MTG-Jamendo/row41136.csv
SKIPPING: metaTables/vocal_music_demucs_16k/metaData_MTG-Jamendo/row41137.csv
SKIPPING: metaTables/vocal_music_demucs_16k/metaData_MTG-Jamendo/row41138.csv
SKIPPING: metaTables/vocal_music_demucs_16k/metaData_MTG-Jamendo/row41139.csv
SKIPPING: metaTables/vocal_music_demucs_16k/metaData_MTG-Jamendo/row41140.csv
SKIPPING: metaTables/vocal_music_demucs_16k/metaData_MTG-Jamendo/row41141.csv
SKIPPING: metaTables/vocal_music_demucs_16k/metaData_MTG-Jamendo/row41142.csv
SKIPPING: metaTables/vocal_music_demucs_16k/metaData_MTG-Jamendo/row41143.csv
SKIPPING: metaTables/vocal_music_demucs_16k/metaData_MTG-Jamendo/row41144.csv
SKIPPING: metaTables/vocal_music_demucs_16k/metaData_MTG-Jamendo/row41145.csv
SKIPPING: metaTables/vocal_music_demucs_16k/metaData_MTG-Jamendo/row41146.csv
Execution time: 97.6482470035553 seconds
metaTables/vocal_music_demucs_16k/metaData_MTG-Jamendo/row41147.csv
Execution time: 98.38139986991882 seconds
metaTables/vocal_music_demucs_16k/metaData_MTG-Jamendo/row41148.csv
Execution time: 91.30585622787476 seconds
metaTables/vocal_music_demucs_16k/metaData_MTG-Jamendo/row41149.csv
Execution time: 93.11747431755066 seconds
metaTables/vocal_music_demucs_16k/metaData_MTG-Jamendo/row41150.csv
Execution time: 91.95126128196716 seconds
metaTables/vocal_music_demucs_16k/metaData_MTG-Jamendo/row41151.csv
Execution time: 91.4166214466095 seconds
metaTables/vocal_music_demucs_16k/metaData_MTG-Jamendo/row41152.csv
Execution time: 93.45978021621704 seconds
metaTables/vocal_music_demucs_16k/metaData_MTG-Jamendo/row41153.csv
Execution time: 73.06362414360046 seconds
metaTables/vocal_music_demucs_16k/metaData_MTG-Jamendo/row41154.csv
Execution time: 41.50982856750488 seconds
metaTables/vocal_music_demucs_16k/metaData_MTG-Jamendo/row41155.csv
Execution time: 96.48481607437134 seconds
metaTables/vocal_music_demucs_16k/metaData_MTG-Jamendo/row41156.csv
Execution time: 92.65048336982727 seconds
metaTables/vocal_music_demucs_16k/metaData_MTG-Jamendo/row41157.csv
Execution time: 94.59229922294617 seconds
metaTables/vocal_music_demucs_16k/metaData_MTG-Jamendo/row41158.csv
Execution time: 91.656498670578 seconds
metaTables/vocal_music_demucs_16k/metaData_MTG-Jamendo/row41159.csv
Execution time: 95.28766107559204 seconds
metaTables/vocal_music_demucs_16k/metaData_MTG-Jamendo/row41160.csv
Execution time: 93.73364686965942 seconds
metaTables/vocal_music_demucs_16k/metaData_MTG-Jamendo/row41161.csv
Execution time: 89.69321918487549 seconds
metaTables/vocal_music_demucs_16k/metaData_MTG-Jamendo/row41162.csv
Execution time: 100.25044465065002 seconds
metaTables/vocal_music_demucs_16k/metaData_MTG-Jamendo/row41163.csv
Execution time: 92.35130071640015 seconds
metaTables/vocal_music_demucs_16k/metaData_MTG-Jamendo/row41164.csv
Execution time: 90.34882473945618 seconds
metaTables/vocal_music_demucs_16k/metaData_MTG-Jamendo/row41165.csv
Execution time: 92.42779397964478 seconds
metaTables/vocal_music_demucs_16k/metaData_MTG-Jamendo/row41166.csv
Execution time: 96.82938122749329 seconds
metaTables/vocal_music_demucs_16k/metaData_MTG-Jamendo/row41167.csv
Execution time: 99.06511521339417 seconds
metaTables/vocal_music_demucs_16k/metaData_MTG-Jamendo/row41168.csv
Execution time: 91.97210097312927 seconds
metaTables/vocal_music_demucs_16k/metaData_MTG-Jamendo/row41169.csv
Execution time: 89.1715087890625 seconds
metaTables/vocal_music_demucs_16k/metaData_MTG-Jamendo/row41170.csv
Execution time: 94.04152250289917 seconds
metaTables/vocal_music_demucs_16k/metaData_MTG-Jamendo/row41171.csv
Execution time: 89.00410842895508 seconds
metaTables/vocal_music_demucs_16k/metaData_MTG-Jamendo/row41172.csv
Execution time: 93.57657241821289 seconds
metaTables/vocal_music_demucs_16k/metaData_MTG-Jamendo/row41173.csv
Execution time: 90.38622069358826 seconds
metaTables/vocal_music_demucs_16k/metaData_MTG-Jamendo/row41174.csv
Execution time: 91.91657948493958 seconds
metaTables/vocal_music_demucs_16k/metaData_MTG-Jamendo/row41175.csv
Execution time: 50.6982147693634 seconds
metaTables/vocal_music_demucs_16k/metaData_MTG-Jamendo/row41176.csv
Execution time: 93.2125449180603 seconds
metaTables/vocal_music_demucs_16k/metaData_MTG-Jamendo/row41177.csv
Execution time: 97.42635440826416 seconds
metaTables/vocal_music_demucs_16k/metaData_MTG-Jamendo/row41178.csv
Execution time: 92.88905000686646 seconds
metaTables/vocal_music_demucs_16k/metaData_MTG-Jamendo/row41179.csv
Execution time: 93.98009991645813 seconds
metaTables/vocal_music_demucs_16k/metaData_MTG-Jamendo/row41180.csv
Execution time: 91.3273241519928 seconds
metaTables/vocal_music_demucs_16k/metaData_MTG-Jamendo/row41181.csv
Execution time: 44.58227825164795 seconds
metaTables/vocal_music_demucs_16k/metaData_MTG-Jamendo/row41182.csv
Execution time: 62.97476315498352 seconds
metaTables/vocal_music_demucs_16k/metaData_MTG-Jamendo/row41183.csv
Execution time: 90.7747859954834 seconds
metaTables/vocal_music_demucs_16k/metaData_MTG-Jamendo/row41184.csv
Execution time: 91.61592650413513 seconds
metaTables/vocal_music_demucs_16k/metaData_MTG-Jamendo/row41185.csv
Execution time: 91.98825716972351 seconds
metaTables/vocal_music_demucs_16k/metaData_MTG-Jamendo/row41186.csv
Execution time: 90.99111795425415 seconds
metaTables/vocal_music_demucs_16k/metaData_MTG-Jamendo/row41187.csv
Execution time: 92.96347141265869 seconds
metaTables/vocal_music_demucs_16k/metaData_MTG-Jamendo/row41188.csv
Execution time: 94.837406873703 seconds
metaTables/vocal_music_demucs_16k/metaData_MTG-Jamendo/row41189.csv
Execution time: 54.74575710296631 seconds
metaTables/vocal_music_demucs_16k/metaData_MTG-Jamendo/row41190.csv
Execution time: 73.92965126037598 seconds
metaTables/vocal_music_demucs_16k/metaData_MTG-Jamendo/row41191.csv
Execution time: 55.722487449645996 seconds
metaTables/vocal_music_demucs_16k/metaData_MTG-Jamendo/row41192.csv
Execution time: 95.87154984474182 seconds
metaTables/vocal_music_demucs_16k/metaData_MTG-Jamendo/row41193.csv
Execution time: 92.4816346168518 seconds
metaTables/vocal_music_demucs_16k/metaData_MTG-Jamendo/row41194.csv
Execution time: 93.7715790271759 seconds
metaTables/vocal_music_demucs_16k/metaData_MTG-Jamendo/row41195.csv
Execution time: 90.68910336494446 seconds
metaTables/vocal_music_demucs_16k/metaData_MTG-Jamendo/row41196.csv
Execution time: 91.03137397766113 seconds
metaTables/vocal_music_demucs_16k/metaData_MTG-Jamendo/row41197.csv
Execution time: 87.90934085845947 seconds
metaTables/vocal_music_demucs_16k/metaData_MTG-Jamendo/row41198.csv
Execution time: 59.51221299171448 seconds
metaTables/vocal_music_demucs_16k/metaData_MTG-Jamendo/row41199.csv
Demucs voice recognition done!
