/ext3/demucs/lib/python3.9/site-packages/demucs/api.py:27: UserWarning: TorchAudio's global backend is now deprecated. Please enable distpatcher by setting `TORCHAUDIO_USE_BACKEND_DISPATCHER=1`, and specify backend when calling load/info/save function.
  import torchaudio as ta
2024-05-09 09:29:50.935700: I tensorflow/core/util/port.cc:113] oneDNN custom operations are on. You may see slightly different numerical results due to floating-point round-off errors from different computation orders. To turn them off, set the environment variable `TF_ENABLE_ONEDNN_OPTS=0`.
2024-05-09 09:29:53.326830: E external/local_xla/xla/stream_executor/cuda/cuda_dnn.cc:9261] Unable to register cuDNN factory: Attempting to register factory for plugin cuDNN when one has already been registered
2024-05-09 09:29:53.326868: E external/local_xla/xla/stream_executor/cuda/cuda_fft.cc:607] Unable to register cuFFT factory: Attempting to register factory for plugin cuFFT when one has already been registered
2024-05-09 09:29:53.603930: E external/local_xla/xla/stream_executor/cuda/cuda_blas.cc:1515] Unable to register cuBLAS factory: Attempting to register factory for plugin cuBLAS when one has already been registered
2024-05-09 09:29:53.995064: I tensorflow/core/platform/cpu_feature_guard.cc:182] This TensorFlow binary is optimized to use available CPU instructions in performance-critical operations.
To enable the following instructions: AVX2 AVX512F AVX512_VNNI FMA, in other operations, rebuild TensorFlow with the appropriate compiler flags.
2024-05-09 09:29:56.119109: W tensorflow/compiler/tf2tensorrt/utils/py_utils.cc:38] TF-TRT Warning: Could not find TensorRT
SKIPPING: metaTables/vocal_music_demucs_16k/metaData_MTG-Jamendo/row41700.csv
SKIPPING: metaTables/vocal_music_demucs_16k/metaData_MTG-Jamendo/row41701.csv
SKIPPING: metaTables/vocal_music_demucs_16k/metaData_MTG-Jamendo/row41702.csv
SKIPPING: metaTables/vocal_music_demucs_16k/metaData_MTG-Jamendo/row41703.csv
SKIPPING: metaTables/vocal_music_demucs_16k/metaData_MTG-Jamendo/row41704.csv
SKIPPING: metaTables/vocal_music_demucs_16k/metaData_MTG-Jamendo/row41705.csv
SKIPPING: metaTables/vocal_music_demucs_16k/metaData_MTG-Jamendo/row41706.csv
SKIPPING: metaTables/vocal_music_demucs_16k/metaData_MTG-Jamendo/row41707.csv
SKIPPING: metaTables/vocal_music_demucs_16k/metaData_MTG-Jamendo/row41708.csv
SKIPPING: metaTables/vocal_music_demucs_16k/metaData_MTG-Jamendo/row41709.csv
SKIPPING: metaTables/vocal_music_demucs_16k/metaData_MTG-Jamendo/row41710.csv
SKIPPING: metaTables/vocal_music_demucs_16k/metaData_MTG-Jamendo/row41711.csv
SKIPPING: metaTables/vocal_music_demucs_16k/metaData_MTG-Jamendo/row41712.csv
SKIPPING: metaTables/vocal_music_demucs_16k/metaData_MTG-Jamendo/row41713.csv
SKIPPING: metaTables/vocal_music_demucs_16k/metaData_MTG-Jamendo/row41714.csv
SKIPPING: metaTables/vocal_music_demucs_16k/metaData_MTG-Jamendo/row41715.csv
SKIPPING: metaTables/vocal_music_demucs_16k/metaData_MTG-Jamendo/row41716.csv
SKIPPING: metaTables/vocal_music_demucs_16k/metaData_MTG-Jamendo/row41717.csv
SKIPPING: metaTables/vocal_music_demucs_16k/metaData_MTG-Jamendo/row41718.csv
SKIPPING: metaTables/vocal_music_demucs_16k/metaData_MTG-Jamendo/row41719.csv
SKIPPING: metaTables/vocal_music_demucs_16k/metaData_MTG-Jamendo/row41720.csv
SKIPPING: metaTables/vocal_music_demucs_16k/metaData_MTG-Jamendo/row41721.csv
SKIPPING: metaTables/vocal_music_demucs_16k/metaData_MTG-Jamendo/row41722.csv
SKIPPING: metaTables/vocal_music_demucs_16k/metaData_MTG-Jamendo/row41723.csv
SKIPPING: metaTables/vocal_music_demucs_16k/metaData_MTG-Jamendo/row41724.csv
SKIPPING: metaTables/vocal_music_demucs_16k/metaData_MTG-Jamendo/row41725.csv
SKIPPING: metaTables/vocal_music_demucs_16k/metaData_MTG-Jamendo/row41726.csv
SKIPPING: metaTables/vocal_music_demucs_16k/metaData_MTG-Jamendo/row41727.csv
SKIPPING: metaTables/vocal_music_demucs_16k/metaData_MTG-Jamendo/row41728.csv
SKIPPING: metaTables/vocal_music_demucs_16k/metaData_MTG-Jamendo/row41729.csv
SKIPPING: metaTables/vocal_music_demucs_16k/metaData_MTG-Jamendo/row41730.csv
SKIPPING: metaTables/vocal_music_demucs_16k/metaData_MTG-Jamendo/row41731.csv
SKIPPING: metaTables/vocal_music_demucs_16k/metaData_MTG-Jamendo/row41732.csv
SKIPPING: metaTables/vocal_music_demucs_16k/metaData_MTG-Jamendo/row41733.csv
SKIPPING: metaTables/vocal_music_demucs_16k/metaData_MTG-Jamendo/row41734.csv
SKIPPING: metaTables/vocal_music_demucs_16k/metaData_MTG-Jamendo/row41735.csv
SKIPPING: metaTables/vocal_music_demucs_16k/metaData_MTG-Jamendo/row41736.csv
SKIPPING: metaTables/vocal_music_demucs_16k/metaData_MTG-Jamendo/row41737.csv
SKIPPING: metaTables/vocal_music_demucs_16k/metaData_MTG-Jamendo/row41738.csv
SKIPPING: metaTables/vocal_music_demucs_16k/metaData_MTG-Jamendo/row41739.csv
SKIPPING: metaTables/vocal_music_demucs_16k/metaData_MTG-Jamendo/row41740.csv
SKIPPING: metaTables/vocal_music_demucs_16k/metaData_MTG-Jamendo/row41741.csv
SKIPPING: metaTables/vocal_music_demucs_16k/metaData_MTG-Jamendo/row41742.csv
SKIPPING: metaTables/vocal_music_demucs_16k/metaData_MTG-Jamendo/row41743.csv
SKIPPING: metaTables/vocal_music_demucs_16k/metaData_MTG-Jamendo/row41744.csv
SKIPPING: metaTables/vocal_music_demucs_16k/metaData_MTG-Jamendo/row41745.csv
SKIPPING: metaTables/vocal_music_demucs_16k/metaData_MTG-Jamendo/row41746.csv
SKIPPING: metaTables/vocal_music_demucs_16k/metaData_MTG-Jamendo/row41747.csv
SKIPPING: metaTables/vocal_music_demucs_16k/metaData_MTG-Jamendo/row41748.csv
SKIPPING: metaTables/vocal_music_demucs_16k/metaData_MTG-Jamendo/row41749.csv
Execution time: 111.35368704795837 seconds
metaTables/vocal_music_demucs_16k/metaData_MTG-Jamendo/row41750.csv
Execution time: 107.07818603515625 seconds
metaTables/vocal_music_demucs_16k/metaData_MTG-Jamendo/row41751.csv
Execution time: 105.7299964427948 seconds
metaTables/vocal_music_demucs_16k/metaData_MTG-Jamendo/row41752.csv
Execution time: 107.60192203521729 seconds
metaTables/vocal_music_demucs_16k/metaData_MTG-Jamendo/row41753.csv
Execution time: 111.08700942993164 seconds
metaTables/vocal_music_demucs_16k/metaData_MTG-Jamendo/row41754.csv
Execution time: 108.17251873016357 seconds
metaTables/vocal_music_demucs_16k/metaData_MTG-Jamendo/row41755.csv
Execution time: 111.19913578033447 seconds
metaTables/vocal_music_demucs_16k/metaData_MTG-Jamendo/row41756.csv
Execution time: 109.22300744056702 seconds
metaTables/vocal_music_demucs_16k/metaData_MTG-Jamendo/row41757.csv
Execution time: 108.36435341835022 seconds
metaTables/vocal_music_demucs_16k/metaData_MTG-Jamendo/row41758.csv
Execution time: 108.93555426597595 seconds
metaTables/vocal_music_demucs_16k/metaData_MTG-Jamendo/row41759.csv
Execution time: 108.33050298690796 seconds
metaTables/vocal_music_demucs_16k/metaData_MTG-Jamendo/row41760.csv
Execution time: 109.18972539901733 seconds
metaTables/vocal_music_demucs_16k/metaData_MTG-Jamendo/row41761.csv
Execution time: 104.04458403587341 seconds
metaTables/vocal_music_demucs_16k/metaData_MTG-Jamendo/row41762.csv
Execution time: 108.35651111602783 seconds
metaTables/vocal_music_demucs_16k/metaData_MTG-Jamendo/row41763.csv
Execution time: 102.1647138595581 seconds
metaTables/vocal_music_demucs_16k/metaData_MTG-Jamendo/row41764.csv
Execution time: 107.83533215522766 seconds
metaTables/vocal_music_demucs_16k/metaData_MTG-Jamendo/row41765.csv
Execution time: 112.22774696350098 seconds
metaTables/vocal_music_demucs_16k/metaData_MTG-Jamendo/row41766.csv
Execution time: 106.42046189308167 seconds
metaTables/vocal_music_demucs_16k/metaData_MTG-Jamendo/row41767.csv
Execution time: 105.46777296066284 seconds
metaTables/vocal_music_demucs_16k/metaData_MTG-Jamendo/row41768.csv
Execution time: 108.91529321670532 seconds
metaTables/vocal_music_demucs_16k/metaData_MTG-Jamendo/row41769.csv
Execution time: 107.88321137428284 seconds
metaTables/vocal_music_demucs_16k/metaData_MTG-Jamendo/row41770.csv
Execution time: 106.49533462524414 seconds
metaTables/vocal_music_demucs_16k/metaData_MTG-Jamendo/row41771.csv
Execution time: 117.576988697052 seconds
metaTables/vocal_music_demucs_16k/metaData_MTG-Jamendo/row41772.csv
Execution time: 106.83983612060547 seconds
metaTables/vocal_music_demucs_16k/metaData_MTG-Jamendo/row41773.csv
Execution time: 105.97664332389832 seconds
metaTables/vocal_music_demucs_16k/metaData_MTG-Jamendo/row41774.csv
Execution time: 108.72630071640015 seconds
metaTables/vocal_music_demucs_16k/metaData_MTG-Jamendo/row41775.csv
Execution time: 104.5226411819458 seconds
metaTables/vocal_music_demucs_16k/metaData_MTG-Jamendo/row41776.csv
Execution time: 108.61681699752808 seconds
metaTables/vocal_music_demucs_16k/metaData_MTG-Jamendo/row41777.csv
Execution time: 108.22406244277954 seconds
metaTables/vocal_music_demucs_16k/metaData_MTG-Jamendo/row41778.csv
Execution time: 109.86288046836853 seconds
metaTables/vocal_music_demucs_16k/metaData_MTG-Jamendo/row41779.csv
Execution time: 108.21852684020996 seconds
metaTables/vocal_music_demucs_16k/metaData_MTG-Jamendo/row41780.csv
Execution time: 117.31438112258911 seconds
metaTables/vocal_music_demucs_16k/metaData_MTG-Jamendo/row41781.csv
Execution time: 108.2278242111206 seconds
metaTables/vocal_music_demucs_16k/metaData_MTG-Jamendo/row41782.csv
Execution time: 116.8066885471344 seconds
metaTables/vocal_music_demucs_16k/metaData_MTG-Jamendo/row41783.csv
Execution time: 78.4263243675232 seconds
metaTables/vocal_music_demucs_16k/metaData_MTG-Jamendo/row41784.csv
Execution time: 108.5391013622284 seconds
metaTables/vocal_music_demucs_16k/metaData_MTG-Jamendo/row41785.csv
Execution time: 108.63581323623657 seconds
metaTables/vocal_music_demucs_16k/metaData_MTG-Jamendo/row41786.csv
Execution time: 103.97925066947937 seconds
metaTables/vocal_music_demucs_16k/metaData_MTG-Jamendo/row41787.csv
Execution time: 108.80660605430603 seconds
metaTables/vocal_music_demucs_16k/metaData_MTG-Jamendo/row41788.csv
Execution time: 107.54428625106812 seconds
metaTables/vocal_music_demucs_16k/metaData_MTG-Jamendo/row41789.csv
Execution time: 118.80850887298584 seconds
metaTables/vocal_music_demucs_16k/metaData_MTG-Jamendo/row41790.csv
Execution time: 100.48536610603333 seconds
metaTables/vocal_music_demucs_16k/metaData_MTG-Jamendo/row41791.csv
Execution time: 103.27554178237915 seconds
metaTables/vocal_music_demucs_16k/metaData_MTG-Jamendo/row41792.csv
Execution time: 100.55321049690247 seconds
metaTables/vocal_music_demucs_16k/metaData_MTG-Jamendo/row41793.csv
Execution time: 101.27809357643127 seconds
metaTables/vocal_music_demucs_16k/metaData_MTG-Jamendo/row41794.csv
Execution time: 100.92899990081787 seconds
metaTables/vocal_music_demucs_16k/metaData_MTG-Jamendo/row41795.csv
Execution time: 92.56024551391602 seconds
metaTables/vocal_music_demucs_16k/metaData_MTG-Jamendo/row41796.csv
Execution time: 92.29081773757935 seconds
metaTables/vocal_music_demucs_16k/metaData_MTG-Jamendo/row41797.csv
Execution time: 88.60054516792297 seconds
metaTables/vocal_music_demucs_16k/metaData_MTG-Jamendo/row41798.csv
Execution time: 87.72884130477905 seconds
metaTables/vocal_music_demucs_16k/metaData_MTG-Jamendo/row41799.csv
Demucs voice recognition done!
