/ext3/demucs/lib/python3.9/site-packages/demucs/api.py:27: UserWarning: TorchAudio's global backend is now deprecated. Please enable distpatcher by setting `TORCHAUDIO_USE_BACKEND_DISPATCHER=1`, and specify backend when calling load/info/save function.
  import torchaudio as ta
2024-05-09 12:03:02.506525: I tensorflow/core/util/port.cc:113] oneDNN custom operations are on. You may see slightly different numerical results due to floating-point round-off errors from different computation orders. To turn them off, set the environment variable `TF_ENABLE_ONEDNN_OPTS=0`.
2024-05-09 12:03:04.278797: E external/local_xla/xla/stream_executor/cuda/cuda_dnn.cc:9261] Unable to register cuDNN factory: Attempting to register factory for plugin cuDNN when one has already been registered
2024-05-09 12:03:04.278888: E external/local_xla/xla/stream_executor/cuda/cuda_fft.cc:607] Unable to register cuFFT factory: Attempting to register factory for plugin cuFFT when one has already been registered
2024-05-09 12:03:04.439301: E external/local_xla/xla/stream_executor/cuda/cuda_blas.cc:1515] Unable to register cuBLAS factory: Attempting to register factory for plugin cuBLAS when one has already been registered
2024-05-09 12:03:04.861845: I tensorflow/core/platform/cpu_feature_guard.cc:182] This TensorFlow binary is optimized to use available CPU instructions in performance-critical operations.
To enable the following instructions: AVX2 AVX512F AVX512_VNNI FMA, in other operations, rebuild TensorFlow with the appropriate compiler flags.
2024-05-09 12:03:06.932586: W tensorflow/compiler/tf2tensorrt/utils/py_utils.cc:38] TF-TRT Warning: Could not find TensorRT
SKIPPING: metaTables/vocal_music_demucs_16k/metaData_MTG-Jamendo/row4300.csv
SKIPPING: metaTables/vocal_music_demucs_16k/metaData_MTG-Jamendo/row4301.csv
SKIPPING: metaTables/vocal_music_demucs_16k/metaData_MTG-Jamendo/row4302.csv
SKIPPING: metaTables/vocal_music_demucs_16k/metaData_MTG-Jamendo/row4303.csv
SKIPPING: metaTables/vocal_music_demucs_16k/metaData_MTG-Jamendo/row4304.csv
SKIPPING: metaTables/vocal_music_demucs_16k/metaData_MTG-Jamendo/row4305.csv
SKIPPING: metaTables/vocal_music_demucs_16k/metaData_MTG-Jamendo/row4306.csv
SKIPPING: metaTables/vocal_music_demucs_16k/metaData_MTG-Jamendo/row4307.csv
SKIPPING: metaTables/vocal_music_demucs_16k/metaData_MTG-Jamendo/row4308.csv
SKIPPING: metaTables/vocal_music_demucs_16k/metaData_MTG-Jamendo/row4309.csv
SKIPPING: metaTables/vocal_music_demucs_16k/metaData_MTG-Jamendo/row4310.csv
SKIPPING: metaTables/vocal_music_demucs_16k/metaData_MTG-Jamendo/row4311.csv
SKIPPING: metaTables/vocal_music_demucs_16k/metaData_MTG-Jamendo/row4312.csv
SKIPPING: metaTables/vocal_music_demucs_16k/metaData_MTG-Jamendo/row4313.csv
SKIPPING: metaTables/vocal_music_demucs_16k/metaData_MTG-Jamendo/row4314.csv
SKIPPING: metaTables/vocal_music_demucs_16k/metaData_MTG-Jamendo/row4315.csv
SKIPPING: metaTables/vocal_music_demucs_16k/metaData_MTG-Jamendo/row4316.csv
SKIPPING: metaTables/vocal_music_demucs_16k/metaData_MTG-Jamendo/row4317.csv
SKIPPING: metaTables/vocal_music_demucs_16k/metaData_MTG-Jamendo/row4318.csv
SKIPPING: metaTables/vocal_music_demucs_16k/metaData_MTG-Jamendo/row4319.csv
SKIPPING: metaTables/vocal_music_demucs_16k/metaData_MTG-Jamendo/row4320.csv
SKIPPING: metaTables/vocal_music_demucs_16k/metaData_MTG-Jamendo/row4321.csv
SKIPPING: metaTables/vocal_music_demucs_16k/metaData_MTG-Jamendo/row4322.csv
SKIPPING: metaTables/vocal_music_demucs_16k/metaData_MTG-Jamendo/row4323.csv
SKIPPING: metaTables/vocal_music_demucs_16k/metaData_MTG-Jamendo/row4324.csv
SKIPPING: metaTables/vocal_music_demucs_16k/metaData_MTG-Jamendo/row4325.csv
SKIPPING: metaTables/vocal_music_demucs_16k/metaData_MTG-Jamendo/row4326.csv
SKIPPING: metaTables/vocal_music_demucs_16k/metaData_MTG-Jamendo/row4327.csv
SKIPPING: metaTables/vocal_music_demucs_16k/metaData_MTG-Jamendo/row4328.csv
SKIPPING: metaTables/vocal_music_demucs_16k/metaData_MTG-Jamendo/row4329.csv
SKIPPING: metaTables/vocal_music_demucs_16k/metaData_MTG-Jamendo/row4330.csv
SKIPPING: metaTables/vocal_music_demucs_16k/metaData_MTG-Jamendo/row4331.csv
SKIPPING: metaTables/vocal_music_demucs_16k/metaData_MTG-Jamendo/row4332.csv
SKIPPING: metaTables/vocal_music_demucs_16k/metaData_MTG-Jamendo/row4333.csv
SKIPPING: metaTables/vocal_music_demucs_16k/metaData_MTG-Jamendo/row4334.csv
SKIPPING: metaTables/vocal_music_demucs_16k/metaData_MTG-Jamendo/row4335.csv
SKIPPING: metaTables/vocal_music_demucs_16k/metaData_MTG-Jamendo/row4336.csv
SKIPPING: metaTables/vocal_music_demucs_16k/metaData_MTG-Jamendo/row4337.csv
SKIPPING: metaTables/vocal_music_demucs_16k/metaData_MTG-Jamendo/row4338.csv
SKIPPING: metaTables/vocal_music_demucs_16k/metaData_MTG-Jamendo/row4339.csv
SKIPPING: metaTables/vocal_music_demucs_16k/metaData_MTG-Jamendo/row4340.csv
SKIPPING: metaTables/vocal_music_demucs_16k/metaData_MTG-Jamendo/row4341.csv
SKIPPING: metaTables/vocal_music_demucs_16k/metaData_MTG-Jamendo/row4342.csv
SKIPPING: metaTables/vocal_music_demucs_16k/metaData_MTG-Jamendo/row4343.csv
SKIPPING: metaTables/vocal_music_demucs_16k/metaData_MTG-Jamendo/row4344.csv
SKIPPING: metaTables/vocal_music_demucs_16k/metaData_MTG-Jamendo/row4345.csv
SKIPPING: metaTables/vocal_music_demucs_16k/metaData_MTG-Jamendo/row4346.csv
SKIPPING: metaTables/vocal_music_demucs_16k/metaData_MTG-Jamendo/row4347.csv
SKIPPING: metaTables/vocal_music_demucs_16k/metaData_MTG-Jamendo/row4348.csv
SKIPPING: metaTables/vocal_music_demucs_16k/metaData_MTG-Jamendo/row4349.csv
SKIPPING: metaTables/vocal_music_demucs_16k/metaData_MTG-Jamendo/row4350.csv
SKIPPING: metaTables/vocal_music_demucs_16k/metaData_MTG-Jamendo/row4351.csv
SKIPPING: metaTables/vocal_music_demucs_16k/metaData_MTG-Jamendo/row4352.csv
SKIPPING: metaTables/vocal_music_demucs_16k/metaData_MTG-Jamendo/row4353.csv
SKIPPING: metaTables/vocal_music_demucs_16k/metaData_MTG-Jamendo/row4354.csv
SKIPPING: metaTables/vocal_music_demucs_16k/metaData_MTG-Jamendo/row4355.csv
SKIPPING: metaTables/vocal_music_demucs_16k/metaData_MTG-Jamendo/row4356.csv
SKIPPING: metaTables/vocal_music_demucs_16k/metaData_MTG-Jamendo/row4357.csv
SKIPPING: metaTables/vocal_music_demucs_16k/metaData_MTG-Jamendo/row4358.csv
SKIPPING: metaTables/vocal_music_demucs_16k/metaData_MTG-Jamendo/row4359.csv
SKIPPING: metaTables/vocal_music_demucs_16k/metaData_MTG-Jamendo/row4360.csv
SKIPPING: metaTables/vocal_music_demucs_16k/metaData_MTG-Jamendo/row4361.csv
SKIPPING: metaTables/vocal_music_demucs_16k/metaData_MTG-Jamendo/row4362.csv
SKIPPING: metaTables/vocal_music_demucs_16k/metaData_MTG-Jamendo/row4363.csv
SKIPPING: metaTables/vocal_music_demucs_16k/metaData_MTG-Jamendo/row4364.csv
SKIPPING: metaTables/vocal_music_demucs_16k/metaData_MTG-Jamendo/row4365.csv
SKIPPING: metaTables/vocal_music_demucs_16k/metaData_MTG-Jamendo/row4366.csv
SKIPPING: metaTables/vocal_music_demucs_16k/metaData_MTG-Jamendo/row4367.csv
SKIPPING: metaTables/vocal_music_demucs_16k/metaData_MTG-Jamendo/row4368.csv
SKIPPING: metaTables/vocal_music_demucs_16k/metaData_MTG-Jamendo/row4369.csv
SKIPPING: metaTables/vocal_music_demucs_16k/metaData_MTG-Jamendo/row4370.csv
SKIPPING: metaTables/vocal_music_demucs_16k/metaData_MTG-Jamendo/row4371.csv
SKIPPING: metaTables/vocal_music_demucs_16k/metaData_MTG-Jamendo/row4372.csv
SKIPPING: metaTables/vocal_music_demucs_16k/metaData_MTG-Jamendo/row4373.csv
SKIPPING: metaTables/vocal_music_demucs_16k/metaData_MTG-Jamendo/row4374.csv
SKIPPING: metaTables/vocal_music_demucs_16k/metaData_MTG-Jamendo/row4375.csv
SKIPPING: metaTables/vocal_music_demucs_16k/metaData_MTG-Jamendo/row4376.csv
SKIPPING: metaTables/vocal_music_demucs_16k/metaData_MTG-Jamendo/row4377.csv
SKIPPING: metaTables/vocal_music_demucs_16k/metaData_MTG-Jamendo/row4378.csv
SKIPPING: metaTables/vocal_music_demucs_16k/metaData_MTG-Jamendo/row4379.csv
SKIPPING: metaTables/vocal_music_demucs_16k/metaData_MTG-Jamendo/row4380.csv
SKIPPING: metaTables/vocal_music_demucs_16k/metaData_MTG-Jamendo/row4381.csv
SKIPPING: metaTables/vocal_music_demucs_16k/metaData_MTG-Jamendo/row4382.csv
SKIPPING: metaTables/vocal_music_demucs_16k/metaData_MTG-Jamendo/row4383.csv
SKIPPING: metaTables/vocal_music_demucs_16k/metaData_MTG-Jamendo/row4384.csv
SKIPPING: metaTables/vocal_music_demucs_16k/metaData_MTG-Jamendo/row4385.csv
SKIPPING: metaTables/vocal_music_demucs_16k/metaData_MTG-Jamendo/row4386.csv
SKIPPING: metaTables/vocal_music_demucs_16k/metaData_MTG-Jamendo/row4387.csv
SKIPPING: metaTables/vocal_music_demucs_16k/metaData_MTG-Jamendo/row4388.csv
SKIPPING: metaTables/vocal_music_demucs_16k/metaData_MTG-Jamendo/row4389.csv
SKIPPING: metaTables/vocal_music_demucs_16k/metaData_MTG-Jamendo/row4390.csv
SKIPPING: metaTables/vocal_music_demucs_16k/metaData_MTG-Jamendo/row4391.csv
SKIPPING: metaTables/vocal_music_demucs_16k/metaData_MTG-Jamendo/row4392.csv
SKIPPING: metaTables/vocal_music_demucs_16k/metaData_MTG-Jamendo/row4393.csv
SKIPPING: metaTables/vocal_music_demucs_16k/metaData_MTG-Jamendo/row4394.csv
SKIPPING: metaTables/vocal_music_demucs_16k/metaData_MTG-Jamendo/row4395.csv
SKIPPING: metaTables/vocal_music_demucs_16k/metaData_MTG-Jamendo/row4396.csv
SKIPPING: metaTables/vocal_music_demucs_16k/metaData_MTG-Jamendo/row4397.csv
SKIPPING: metaTables/vocal_music_demucs_16k/metaData_MTG-Jamendo/row4398.csv
SKIPPING: metaTables/vocal_music_demucs_16k/metaData_MTG-Jamendo/row4399.csv
Demucs voice recognition done!
