/ext3/demucs/lib/python3.9/site-packages/demucs/api.py:27: UserWarning: TorchAudio's global backend is now deprecated. Please enable distpatcher by setting `TORCHAUDIO_USE_BACKEND_DISPATCHER=1`, and specify backend when calling load/info/save function.
  import torchaudio as ta
2024-05-09 12:03:02.444660: I tensorflow/core/util/port.cc:113] oneDNN custom operations are on. You may see slightly different numerical results due to floating-point round-off errors from different computation orders. To turn them off, set the environment variable `TF_ENABLE_ONEDNN_OPTS=0`.
2024-05-09 12:03:04.243799: E external/local_xla/xla/stream_executor/cuda/cuda_dnn.cc:9261] Unable to register cuDNN factory: Attempting to register factory for plugin cuDNN when one has already been registered
2024-05-09 12:03:04.243839: E external/local_xla/xla/stream_executor/cuda/cuda_fft.cc:607] Unable to register cuFFT factory: Attempting to register factory for plugin cuFFT when one has already been registered
2024-05-09 12:03:04.451648: E external/local_xla/xla/stream_executor/cuda/cuda_blas.cc:1515] Unable to register cuBLAS factory: Attempting to register factory for plugin cuBLAS when one has already been registered
2024-05-09 12:03:04.963277: I tensorflow/core/platform/cpu_feature_guard.cc:182] This TensorFlow binary is optimized to use available CPU instructions in performance-critical operations.
To enable the following instructions: AVX2 AVX512F AVX512_VNNI FMA, in other operations, rebuild TensorFlow with the appropriate compiler flags.
2024-05-09 12:03:06.841571: W tensorflow/compiler/tf2tensorrt/utils/py_utils.cc:38] TF-TRT Warning: Could not find TensorRT
SKIPPING: metaTables/vocal_music_demucs_16k/metaData_MTG-Jamendo/row16400.csv
SKIPPING: metaTables/vocal_music_demucs_16k/metaData_MTG-Jamendo/row16401.csv
SKIPPING: metaTables/vocal_music_demucs_16k/metaData_MTG-Jamendo/row16402.csv
SKIPPING: metaTables/vocal_music_demucs_16k/metaData_MTG-Jamendo/row16403.csv
SKIPPING: metaTables/vocal_music_demucs_16k/metaData_MTG-Jamendo/row16404.csv
SKIPPING: metaTables/vocal_music_demucs_16k/metaData_MTG-Jamendo/row16405.csv
SKIPPING: metaTables/vocal_music_demucs_16k/metaData_MTG-Jamendo/row16406.csv
SKIPPING: metaTables/vocal_music_demucs_16k/metaData_MTG-Jamendo/row16407.csv
SKIPPING: metaTables/vocal_music_demucs_16k/metaData_MTG-Jamendo/row16408.csv
SKIPPING: metaTables/vocal_music_demucs_16k/metaData_MTG-Jamendo/row16409.csv
SKIPPING: metaTables/vocal_music_demucs_16k/metaData_MTG-Jamendo/row16410.csv
SKIPPING: metaTables/vocal_music_demucs_16k/metaData_MTG-Jamendo/row16411.csv
SKIPPING: metaTables/vocal_music_demucs_16k/metaData_MTG-Jamendo/row16412.csv
SKIPPING: metaTables/vocal_music_demucs_16k/metaData_MTG-Jamendo/row16413.csv
SKIPPING: metaTables/vocal_music_demucs_16k/metaData_MTG-Jamendo/row16414.csv
SKIPPING: metaTables/vocal_music_demucs_16k/metaData_MTG-Jamendo/row16415.csv
SKIPPING: metaTables/vocal_music_demucs_16k/metaData_MTG-Jamendo/row16416.csv
SKIPPING: metaTables/vocal_music_demucs_16k/metaData_MTG-Jamendo/row16417.csv
SKIPPING: metaTables/vocal_music_demucs_16k/metaData_MTG-Jamendo/row16418.csv
SKIPPING: metaTables/vocal_music_demucs_16k/metaData_MTG-Jamendo/row16419.csv
SKIPPING: metaTables/vocal_music_demucs_16k/metaData_MTG-Jamendo/row16420.csv
SKIPPING: metaTables/vocal_music_demucs_16k/metaData_MTG-Jamendo/row16421.csv
SKIPPING: metaTables/vocal_music_demucs_16k/metaData_MTG-Jamendo/row16422.csv
SKIPPING: metaTables/vocal_music_demucs_16k/metaData_MTG-Jamendo/row16423.csv
SKIPPING: metaTables/vocal_music_demucs_16k/metaData_MTG-Jamendo/row16424.csv
SKIPPING: metaTables/vocal_music_demucs_16k/metaData_MTG-Jamendo/row16425.csv
SKIPPING: metaTables/vocal_music_demucs_16k/metaData_MTG-Jamendo/row16426.csv
SKIPPING: metaTables/vocal_music_demucs_16k/metaData_MTG-Jamendo/row16427.csv
SKIPPING: metaTables/vocal_music_demucs_16k/metaData_MTG-Jamendo/row16428.csv
SKIPPING: metaTables/vocal_music_demucs_16k/metaData_MTG-Jamendo/row16429.csv
SKIPPING: metaTables/vocal_music_demucs_16k/metaData_MTG-Jamendo/row16430.csv
SKIPPING: metaTables/vocal_music_demucs_16k/metaData_MTG-Jamendo/row16431.csv
SKIPPING: metaTables/vocal_music_demucs_16k/metaData_MTG-Jamendo/row16432.csv
SKIPPING: metaTables/vocal_music_demucs_16k/metaData_MTG-Jamendo/row16433.csv
SKIPPING: metaTables/vocal_music_demucs_16k/metaData_MTG-Jamendo/row16434.csv
SKIPPING: metaTables/vocal_music_demucs_16k/metaData_MTG-Jamendo/row16435.csv
SKIPPING: metaTables/vocal_music_demucs_16k/metaData_MTG-Jamendo/row16436.csv
SKIPPING: metaTables/vocal_music_demucs_16k/metaData_MTG-Jamendo/row16437.csv
SKIPPING: metaTables/vocal_music_demucs_16k/metaData_MTG-Jamendo/row16438.csv
SKIPPING: metaTables/vocal_music_demucs_16k/metaData_MTG-Jamendo/row16439.csv
SKIPPING: metaTables/vocal_music_demucs_16k/metaData_MTG-Jamendo/row16440.csv
SKIPPING: metaTables/vocal_music_demucs_16k/metaData_MTG-Jamendo/row16441.csv
SKIPPING: metaTables/vocal_music_demucs_16k/metaData_MTG-Jamendo/row16442.csv
SKIPPING: metaTables/vocal_music_demucs_16k/metaData_MTG-Jamendo/row16443.csv
SKIPPING: metaTables/vocal_music_demucs_16k/metaData_MTG-Jamendo/row16444.csv
SKIPPING: metaTables/vocal_music_demucs_16k/metaData_MTG-Jamendo/row16445.csv
SKIPPING: metaTables/vocal_music_demucs_16k/metaData_MTG-Jamendo/row16446.csv
SKIPPING: metaTables/vocal_music_demucs_16k/metaData_MTG-Jamendo/row16447.csv
SKIPPING: metaTables/vocal_music_demucs_16k/metaData_MTG-Jamendo/row16448.csv
SKIPPING: metaTables/vocal_music_demucs_16k/metaData_MTG-Jamendo/row16449.csv
SKIPPING: metaTables/vocal_music_demucs_16k/metaData_MTG-Jamendo/row16450.csv
SKIPPING: metaTables/vocal_music_demucs_16k/metaData_MTG-Jamendo/row16451.csv
SKIPPING: metaTables/vocal_music_demucs_16k/metaData_MTG-Jamendo/row16452.csv
SKIPPING: metaTables/vocal_music_demucs_16k/metaData_MTG-Jamendo/row16453.csv
SKIPPING: metaTables/vocal_music_demucs_16k/metaData_MTG-Jamendo/row16454.csv
SKIPPING: metaTables/vocal_music_demucs_16k/metaData_MTG-Jamendo/row16455.csv
SKIPPING: metaTables/vocal_music_demucs_16k/metaData_MTG-Jamendo/row16456.csv
SKIPPING: metaTables/vocal_music_demucs_16k/metaData_MTG-Jamendo/row16457.csv
SKIPPING: metaTables/vocal_music_demucs_16k/metaData_MTG-Jamendo/row16458.csv
SKIPPING: metaTables/vocal_music_demucs_16k/metaData_MTG-Jamendo/row16459.csv
SKIPPING: metaTables/vocal_music_demucs_16k/metaData_MTG-Jamendo/row16460.csv
SKIPPING: metaTables/vocal_music_demucs_16k/metaData_MTG-Jamendo/row16461.csv
SKIPPING: metaTables/vocal_music_demucs_16k/metaData_MTG-Jamendo/row16462.csv
SKIPPING: metaTables/vocal_music_demucs_16k/metaData_MTG-Jamendo/row16463.csv
SKIPPING: metaTables/vocal_music_demucs_16k/metaData_MTG-Jamendo/row16464.csv
SKIPPING: metaTables/vocal_music_demucs_16k/metaData_MTG-Jamendo/row16465.csv
SKIPPING: metaTables/vocal_music_demucs_16k/metaData_MTG-Jamendo/row16466.csv
SKIPPING: metaTables/vocal_music_demucs_16k/metaData_MTG-Jamendo/row16467.csv
SKIPPING: metaTables/vocal_music_demucs_16k/metaData_MTG-Jamendo/row16468.csv
SKIPPING: metaTables/vocal_music_demucs_16k/metaData_MTG-Jamendo/row16469.csv
SKIPPING: metaTables/vocal_music_demucs_16k/metaData_MTG-Jamendo/row16470.csv
SKIPPING: metaTables/vocal_music_demucs_16k/metaData_MTG-Jamendo/row16471.csv
SKIPPING: metaTables/vocal_music_demucs_16k/metaData_MTG-Jamendo/row16472.csv
SKIPPING: metaTables/vocal_music_demucs_16k/metaData_MTG-Jamendo/row16473.csv
SKIPPING: metaTables/vocal_music_demucs_16k/metaData_MTG-Jamendo/row16474.csv
SKIPPING: metaTables/vocal_music_demucs_16k/metaData_MTG-Jamendo/row16475.csv
SKIPPING: metaTables/vocal_music_demucs_16k/metaData_MTG-Jamendo/row16476.csv
SKIPPING: metaTables/vocal_music_demucs_16k/metaData_MTG-Jamendo/row16477.csv
SKIPPING: metaTables/vocal_music_demucs_16k/metaData_MTG-Jamendo/row16478.csv
SKIPPING: metaTables/vocal_music_demucs_16k/metaData_MTG-Jamendo/row16479.csv
SKIPPING: metaTables/vocal_music_demucs_16k/metaData_MTG-Jamendo/row16480.csv
SKIPPING: metaTables/vocal_music_demucs_16k/metaData_MTG-Jamendo/row16481.csv
SKIPPING: metaTables/vocal_music_demucs_16k/metaData_MTG-Jamendo/row16482.csv
SKIPPING: metaTables/vocal_music_demucs_16k/metaData_MTG-Jamendo/row16483.csv
SKIPPING: metaTables/vocal_music_demucs_16k/metaData_MTG-Jamendo/row16484.csv
SKIPPING: metaTables/vocal_music_demucs_16k/metaData_MTG-Jamendo/row16485.csv
SKIPPING: metaTables/vocal_music_demucs_16k/metaData_MTG-Jamendo/row16486.csv
SKIPPING: metaTables/vocal_music_demucs_16k/metaData_MTG-Jamendo/row16487.csv
SKIPPING: metaTables/vocal_music_demucs_16k/metaData_MTG-Jamendo/row16488.csv
SKIPPING: metaTables/vocal_music_demucs_16k/metaData_MTG-Jamendo/row16489.csv
SKIPPING: metaTables/vocal_music_demucs_16k/metaData_MTG-Jamendo/row16490.csv
SKIPPING: metaTables/vocal_music_demucs_16k/metaData_MTG-Jamendo/row16491.csv
SKIPPING: metaTables/vocal_music_demucs_16k/metaData_MTG-Jamendo/row16492.csv
SKIPPING: metaTables/vocal_music_demucs_16k/metaData_MTG-Jamendo/row16493.csv
SKIPPING: metaTables/vocal_music_demucs_16k/metaData_MTG-Jamendo/row16494.csv
SKIPPING: metaTables/vocal_music_demucs_16k/metaData_MTG-Jamendo/row16495.csv
SKIPPING: metaTables/vocal_music_demucs_16k/metaData_MTG-Jamendo/row16496.csv
SKIPPING: metaTables/vocal_music_demucs_16k/metaData_MTG-Jamendo/row16497.csv
SKIPPING: metaTables/vocal_music_demucs_16k/metaData_MTG-Jamendo/row16498.csv
SKIPPING: metaTables/vocal_music_demucs_16k/metaData_MTG-Jamendo/row16499.csv
Demucs voice recognition done!
