/ext3/demucs/lib/python3.9/site-packages/demucs/api.py:27: UserWarning: TorchAudio's global backend is now deprecated. Please enable distpatcher by setting `TORCHAUDIO_USE_BACKEND_DISPATCHER=1`, and specify backend when calling load/info/save function.
  import torchaudio as ta
2024-05-09 09:29:50.835823: I tensorflow/core/util/port.cc:113] oneDNN custom operations are on. You may see slightly different numerical results due to floating-point round-off errors from different computation orders. To turn them off, set the environment variable `TF_ENABLE_ONEDNN_OPTS=0`.
2024-05-09 09:29:53.318890: E external/local_xla/xla/stream_executor/cuda/cuda_dnn.cc:9261] Unable to register cuDNN factory: Attempting to register factory for plugin cuDNN when one has already been registered
2024-05-09 09:29:53.318935: E external/local_xla/xla/stream_executor/cuda/cuda_fft.cc:607] Unable to register cuFFT factory: Attempting to register factory for plugin cuFFT when one has already been registered
2024-05-09 09:29:53.470135: E external/local_xla/xla/stream_executor/cuda/cuda_blas.cc:1515] Unable to register cuBLAS factory: Attempting to register factory for plugin cuBLAS when one has already been registered
2024-05-09 09:29:54.163362: I tensorflow/core/platform/cpu_feature_guard.cc:182] This TensorFlow binary is optimized to use available CPU instructions in performance-critical operations.
To enable the following instructions: AVX2 AVX512F AVX512_VNNI FMA, in other operations, rebuild TensorFlow with the appropriate compiler flags.
2024-05-09 09:29:56.177244: W tensorflow/compiler/tf2tensorrt/utils/py_utils.cc:38] TF-TRT Warning: Could not find TensorRT
SKIPPING: metaTables/vocal_music_demucs_16k/metaData_MTG-Jamendo/row36100.csv
SKIPPING: metaTables/vocal_music_demucs_16k/metaData_MTG-Jamendo/row36101.csv
SKIPPING: metaTables/vocal_music_demucs_16k/metaData_MTG-Jamendo/row36102.csv
SKIPPING: metaTables/vocal_music_demucs_16k/metaData_MTG-Jamendo/row36103.csv
SKIPPING: metaTables/vocal_music_demucs_16k/metaData_MTG-Jamendo/row36104.csv
SKIPPING: metaTables/vocal_music_demucs_16k/metaData_MTG-Jamendo/row36105.csv
SKIPPING: metaTables/vocal_music_demucs_16k/metaData_MTG-Jamendo/row36106.csv
SKIPPING: metaTables/vocal_music_demucs_16k/metaData_MTG-Jamendo/row36107.csv
SKIPPING: metaTables/vocal_music_demucs_16k/metaData_MTG-Jamendo/row36108.csv
SKIPPING: metaTables/vocal_music_demucs_16k/metaData_MTG-Jamendo/row36109.csv
SKIPPING: metaTables/vocal_music_demucs_16k/metaData_MTG-Jamendo/row36110.csv
SKIPPING: metaTables/vocal_music_demucs_16k/metaData_MTG-Jamendo/row36111.csv
SKIPPING: metaTables/vocal_music_demucs_16k/metaData_MTG-Jamendo/row36112.csv
SKIPPING: metaTables/vocal_music_demucs_16k/metaData_MTG-Jamendo/row36113.csv
SKIPPING: metaTables/vocal_music_demucs_16k/metaData_MTG-Jamendo/row36114.csv
SKIPPING: metaTables/vocal_music_demucs_16k/metaData_MTG-Jamendo/row36115.csv
SKIPPING: metaTables/vocal_music_demucs_16k/metaData_MTG-Jamendo/row36116.csv
SKIPPING: metaTables/vocal_music_demucs_16k/metaData_MTG-Jamendo/row36117.csv
SKIPPING: metaTables/vocal_music_demucs_16k/metaData_MTG-Jamendo/row36118.csv
SKIPPING: metaTables/vocal_music_demucs_16k/metaData_MTG-Jamendo/row36119.csv
SKIPPING: metaTables/vocal_music_demucs_16k/metaData_MTG-Jamendo/row36120.csv
SKIPPING: metaTables/vocal_music_demucs_16k/metaData_MTG-Jamendo/row36121.csv
SKIPPING: metaTables/vocal_music_demucs_16k/metaData_MTG-Jamendo/row36122.csv
SKIPPING: metaTables/vocal_music_demucs_16k/metaData_MTG-Jamendo/row36123.csv
SKIPPING: metaTables/vocal_music_demucs_16k/metaData_MTG-Jamendo/row36124.csv
SKIPPING: metaTables/vocal_music_demucs_16k/metaData_MTG-Jamendo/row36125.csv
SKIPPING: metaTables/vocal_music_demucs_16k/metaData_MTG-Jamendo/row36126.csv
SKIPPING: metaTables/vocal_music_demucs_16k/metaData_MTG-Jamendo/row36127.csv
SKIPPING: metaTables/vocal_music_demucs_16k/metaData_MTG-Jamendo/row36128.csv
SKIPPING: metaTables/vocal_music_demucs_16k/metaData_MTG-Jamendo/row36129.csv
SKIPPING: metaTables/vocal_music_demucs_16k/metaData_MTG-Jamendo/row36130.csv
SKIPPING: metaTables/vocal_music_demucs_16k/metaData_MTG-Jamendo/row36131.csv
SKIPPING: metaTables/vocal_music_demucs_16k/metaData_MTG-Jamendo/row36132.csv
SKIPPING: metaTables/vocal_music_demucs_16k/metaData_MTG-Jamendo/row36133.csv
SKIPPING: metaTables/vocal_music_demucs_16k/metaData_MTG-Jamendo/row36134.csv
SKIPPING: metaTables/vocal_music_demucs_16k/metaData_MTG-Jamendo/row36135.csv
SKIPPING: metaTables/vocal_music_demucs_16k/metaData_MTG-Jamendo/row36136.csv
SKIPPING: metaTables/vocal_music_demucs_16k/metaData_MTG-Jamendo/row36137.csv
SKIPPING: metaTables/vocal_music_demucs_16k/metaData_MTG-Jamendo/row36138.csv
SKIPPING: metaTables/vocal_music_demucs_16k/metaData_MTG-Jamendo/row36139.csv
SKIPPING: metaTables/vocal_music_demucs_16k/metaData_MTG-Jamendo/row36140.csv
SKIPPING: metaTables/vocal_music_demucs_16k/metaData_MTG-Jamendo/row36141.csv
SKIPPING: metaTables/vocal_music_demucs_16k/metaData_MTG-Jamendo/row36142.csv
SKIPPING: metaTables/vocal_music_demucs_16k/metaData_MTG-Jamendo/row36143.csv
SKIPPING: metaTables/vocal_music_demucs_16k/metaData_MTG-Jamendo/row36144.csv
SKIPPING: metaTables/vocal_music_demucs_16k/metaData_MTG-Jamendo/row36145.csv
SKIPPING: metaTables/vocal_music_demucs_16k/metaData_MTG-Jamendo/row36146.csv
SKIPPING: metaTables/vocal_music_demucs_16k/metaData_MTG-Jamendo/row36147.csv
SKIPPING: metaTables/vocal_music_demucs_16k/metaData_MTG-Jamendo/row36148.csv
Execution time: 97.87276601791382 seconds
metaTables/vocal_music_demucs_16k/metaData_MTG-Jamendo/row36149.csv
Execution time: 92.6796817779541 seconds
metaTables/vocal_music_demucs_16k/metaData_MTG-Jamendo/row36150.csv
Execution time: 92.95207595825195 seconds
metaTables/vocal_music_demucs_16k/metaData_MTG-Jamendo/row36151.csv
Execution time: 93.1206169128418 seconds
metaTables/vocal_music_demucs_16k/metaData_MTG-Jamendo/row36152.csv
Execution time: 94.42408990859985 seconds
metaTables/vocal_music_demucs_16k/metaData_MTG-Jamendo/row36153.csv
Execution time: 93.90017342567444 seconds
metaTables/vocal_music_demucs_16k/metaData_MTG-Jamendo/row36154.csv
Execution time: 96.16825008392334 seconds
metaTables/vocal_music_demucs_16k/metaData_MTG-Jamendo/row36155.csv
Execution time: 92.15860843658447 seconds
metaTables/vocal_music_demucs_16k/metaData_MTG-Jamendo/row36156.csv
Execution time: 91.0387372970581 seconds
metaTables/vocal_music_demucs_16k/metaData_MTG-Jamendo/row36157.csv
Execution time: 98.86444807052612 seconds
metaTables/vocal_music_demucs_16k/metaData_MTG-Jamendo/row36158.csv
Execution time: 91.41942501068115 seconds
metaTables/vocal_music_demucs_16k/metaData_MTG-Jamendo/row36159.csv
Execution time: 95.18659162521362 seconds
metaTables/vocal_music_demucs_16k/metaData_MTG-Jamendo/row36160.csv
Execution time: 99.31893658638 seconds
metaTables/vocal_music_demucs_16k/metaData_MTG-Jamendo/row36161.csv
Execution time: 91.98503923416138 seconds
metaTables/vocal_music_demucs_16k/metaData_MTG-Jamendo/row36162.csv
Execution time: 91.99462413787842 seconds
metaTables/vocal_music_demucs_16k/metaData_MTG-Jamendo/row36163.csv
Execution time: 92.91337895393372 seconds
metaTables/vocal_music_demucs_16k/metaData_MTG-Jamendo/row36164.csv
Execution time: 92.74086356163025 seconds
metaTables/vocal_music_demucs_16k/metaData_MTG-Jamendo/row36165.csv
Execution time: 99.46276712417603 seconds
metaTables/vocal_music_demucs_16k/metaData_MTG-Jamendo/row36166.csv
Execution time: 98.78165793418884 seconds
metaTables/vocal_music_demucs_16k/metaData_MTG-Jamendo/row36167.csv
Execution time: 94.21312808990479 seconds
metaTables/vocal_music_demucs_16k/metaData_MTG-Jamendo/row36168.csv
Execution time: 89.07591533660889 seconds
metaTables/vocal_music_demucs_16k/metaData_MTG-Jamendo/row36169.csv
Execution time: 96.26646947860718 seconds
metaTables/vocal_music_demucs_16k/metaData_MTG-Jamendo/row36170.csv
Execution time: 91.42114424705505 seconds
metaTables/vocal_music_demucs_16k/metaData_MTG-Jamendo/row36171.csv
Execution time: 91.48232197761536 seconds
metaTables/vocal_music_demucs_16k/metaData_MTG-Jamendo/row36172.csv
Execution time: 50.61117672920227 seconds
metaTables/vocal_music_demucs_16k/metaData_MTG-Jamendo/row36173.csv
Execution time: 74.99604439735413 seconds
metaTables/vocal_music_demucs_16k/metaData_MTG-Jamendo/row36174.csv
Execution time: 91.34269857406616 seconds
metaTables/vocal_music_demucs_16k/metaData_MTG-Jamendo/row36175.csv
Execution time: 91.32464003562927 seconds
metaTables/vocal_music_demucs_16k/metaData_MTG-Jamendo/row36176.csv
Execution time: 93.15165662765503 seconds
metaTables/vocal_music_demucs_16k/metaData_MTG-Jamendo/row36177.csv
Execution time: 92.32128024101257 seconds
metaTables/vocal_music_demucs_16k/metaData_MTG-Jamendo/row36178.csv
Execution time: 91.5675961971283 seconds
metaTables/vocal_music_demucs_16k/metaData_MTG-Jamendo/row36179.csv
Execution time: 91.17104768753052 seconds
metaTables/vocal_music_demucs_16k/metaData_MTG-Jamendo/row36180.csv
Execution time: 92.3941388130188 seconds
metaTables/vocal_music_demucs_16k/metaData_MTG-Jamendo/row36181.csv
Execution time: 87.07739019393921 seconds
metaTables/vocal_music_demucs_16k/metaData_MTG-Jamendo/row36182.csv
Execution time: 91.68835544586182 seconds
metaTables/vocal_music_demucs_16k/metaData_MTG-Jamendo/row36183.csv
Execution time: 92.07779049873352 seconds
metaTables/vocal_music_demucs_16k/metaData_MTG-Jamendo/row36184.csv
Execution time: 94.16845870018005 seconds
metaTables/vocal_music_demucs_16k/metaData_MTG-Jamendo/row36185.csv
Execution time: 95.55534172058105 seconds
metaTables/vocal_music_demucs_16k/metaData_MTG-Jamendo/row36186.csv
Execution time: 96.74276089668274 seconds
metaTables/vocal_music_demucs_16k/metaData_MTG-Jamendo/row36187.csv
Execution time: 92.98134970664978 seconds
metaTables/vocal_music_demucs_16k/metaData_MTG-Jamendo/row36188.csv
Execution time: 95.95910573005676 seconds
metaTables/vocal_music_demucs_16k/metaData_MTG-Jamendo/row36189.csv
Execution time: 104.94564700126648 seconds
metaTables/vocal_music_demucs_16k/metaData_MTG-Jamendo/row36190.csv
Execution time: 96.54625678062439 seconds
metaTables/vocal_music_demucs_16k/metaData_MTG-Jamendo/row36191.csv
Execution time: 90.83173823356628 seconds
metaTables/vocal_music_demucs_16k/metaData_MTG-Jamendo/row36192.csv
Execution time: 93.40543723106384 seconds
metaTables/vocal_music_demucs_16k/metaData_MTG-Jamendo/row36193.csv
Execution time: 92.65018916130066 seconds
metaTables/vocal_music_demucs_16k/metaData_MTG-Jamendo/row36194.csv
Execution time: 91.65217661857605 seconds
metaTables/vocal_music_demucs_16k/metaData_MTG-Jamendo/row36195.csv
Execution time: 94.20043182373047 seconds
metaTables/vocal_music_demucs_16k/metaData_MTG-Jamendo/row36196.csv
Execution time: 93.4748888015747 seconds
metaTables/vocal_music_demucs_16k/metaData_MTG-Jamendo/row36197.csv
Execution time: 90.66211032867432 seconds
metaTables/vocal_music_demucs_16k/metaData_MTG-Jamendo/row36198.csv
Execution time: 92.79656195640564 seconds
metaTables/vocal_music_demucs_16k/metaData_MTG-Jamendo/row36199.csv
Demucs voice recognition done!
