/ext3/demucs/lib/python3.9/site-packages/demucs/api.py:27: UserWarning: TorchAudio's global backend is now deprecated. Please enable distpatcher by setting `TORCHAUDIO_USE_BACKEND_DISPATCHER=1`, and specify backend when calling load/info/save function.
  import torchaudio as ta
2024-05-09 12:03:02.468259: I tensorflow/core/util/port.cc:113] oneDNN custom operations are on. You may see slightly different numerical results due to floating-point round-off errors from different computation orders. To turn them off, set the environment variable `TF_ENABLE_ONEDNN_OPTS=0`.
2024-05-09 12:03:04.281310: E external/local_xla/xla/stream_executor/cuda/cuda_dnn.cc:9261] Unable to register cuDNN factory: Attempting to register factory for plugin cuDNN when one has already been registered
2024-05-09 12:03:04.281345: E external/local_xla/xla/stream_executor/cuda/cuda_fft.cc:607] Unable to register cuFFT factory: Attempting to register factory for plugin cuFFT when one has already been registered
2024-05-09 12:03:04.459107: E external/local_xla/xla/stream_executor/cuda/cuda_blas.cc:1515] Unable to register cuBLAS factory: Attempting to register factory for plugin cuBLAS when one has already been registered
2024-05-09 12:03:04.915404: I tensorflow/core/platform/cpu_feature_guard.cc:182] This TensorFlow binary is optimized to use available CPU instructions in performance-critical operations.
To enable the following instructions: AVX2 AVX512F AVX512_VNNI FMA, in other operations, rebuild TensorFlow with the appropriate compiler flags.
2024-05-09 12:03:06.919257: W tensorflow/compiler/tf2tensorrt/utils/py_utils.cc:38] TF-TRT Warning: Could not find TensorRT
SKIPPING: metaTables/vocal_music_demucs_16k/metaData_MTG-Jamendo/row21800.csv
SKIPPING: metaTables/vocal_music_demucs_16k/metaData_MTG-Jamendo/row21801.csv
SKIPPING: metaTables/vocal_music_demucs_16k/metaData_MTG-Jamendo/row21802.csv
SKIPPING: metaTables/vocal_music_demucs_16k/metaData_MTG-Jamendo/row21803.csv
SKIPPING: metaTables/vocal_music_demucs_16k/metaData_MTG-Jamendo/row21804.csv
SKIPPING: metaTables/vocal_music_demucs_16k/metaData_MTG-Jamendo/row21805.csv
SKIPPING: metaTables/vocal_music_demucs_16k/metaData_MTG-Jamendo/row21806.csv
SKIPPING: metaTables/vocal_music_demucs_16k/metaData_MTG-Jamendo/row21807.csv
SKIPPING: metaTables/vocal_music_demucs_16k/metaData_MTG-Jamendo/row21808.csv
SKIPPING: metaTables/vocal_music_demucs_16k/metaData_MTG-Jamendo/row21809.csv
SKIPPING: metaTables/vocal_music_demucs_16k/metaData_MTG-Jamendo/row21810.csv
SKIPPING: metaTables/vocal_music_demucs_16k/metaData_MTG-Jamendo/row21811.csv
SKIPPING: metaTables/vocal_music_demucs_16k/metaData_MTG-Jamendo/row21812.csv
SKIPPING: metaTables/vocal_music_demucs_16k/metaData_MTG-Jamendo/row21813.csv
SKIPPING: metaTables/vocal_music_demucs_16k/metaData_MTG-Jamendo/row21814.csv
SKIPPING: metaTables/vocal_music_demucs_16k/metaData_MTG-Jamendo/row21815.csv
SKIPPING: metaTables/vocal_music_demucs_16k/metaData_MTG-Jamendo/row21816.csv
SKIPPING: metaTables/vocal_music_demucs_16k/metaData_MTG-Jamendo/row21817.csv
SKIPPING: metaTables/vocal_music_demucs_16k/metaData_MTG-Jamendo/row21818.csv
SKIPPING: metaTables/vocal_music_demucs_16k/metaData_MTG-Jamendo/row21819.csv
SKIPPING: metaTables/vocal_music_demucs_16k/metaData_MTG-Jamendo/row21820.csv
SKIPPING: metaTables/vocal_music_demucs_16k/metaData_MTG-Jamendo/row21821.csv
SKIPPING: metaTables/vocal_music_demucs_16k/metaData_MTG-Jamendo/row21822.csv
SKIPPING: metaTables/vocal_music_demucs_16k/metaData_MTG-Jamendo/row21823.csv
SKIPPING: metaTables/vocal_music_demucs_16k/metaData_MTG-Jamendo/row21824.csv
SKIPPING: metaTables/vocal_music_demucs_16k/metaData_MTG-Jamendo/row21825.csv
SKIPPING: metaTables/vocal_music_demucs_16k/metaData_MTG-Jamendo/row21826.csv
SKIPPING: metaTables/vocal_music_demucs_16k/metaData_MTG-Jamendo/row21827.csv
SKIPPING: metaTables/vocal_music_demucs_16k/metaData_MTG-Jamendo/row21828.csv
SKIPPING: metaTables/vocal_music_demucs_16k/metaData_MTG-Jamendo/row21829.csv
SKIPPING: metaTables/vocal_music_demucs_16k/metaData_MTG-Jamendo/row21830.csv
SKIPPING: metaTables/vocal_music_demucs_16k/metaData_MTG-Jamendo/row21831.csv
SKIPPING: metaTables/vocal_music_demucs_16k/metaData_MTG-Jamendo/row21832.csv
SKIPPING: metaTables/vocal_music_demucs_16k/metaData_MTG-Jamendo/row21833.csv
SKIPPING: metaTables/vocal_music_demucs_16k/metaData_MTG-Jamendo/row21834.csv
SKIPPING: metaTables/vocal_music_demucs_16k/metaData_MTG-Jamendo/row21835.csv
SKIPPING: metaTables/vocal_music_demucs_16k/metaData_MTG-Jamendo/row21836.csv
SKIPPING: metaTables/vocal_music_demucs_16k/metaData_MTG-Jamendo/row21837.csv
SKIPPING: metaTables/vocal_music_demucs_16k/metaData_MTG-Jamendo/row21838.csv
SKIPPING: metaTables/vocal_music_demucs_16k/metaData_MTG-Jamendo/row21839.csv
SKIPPING: metaTables/vocal_music_demucs_16k/metaData_MTG-Jamendo/row21840.csv
SKIPPING: metaTables/vocal_music_demucs_16k/metaData_MTG-Jamendo/row21841.csv
SKIPPING: metaTables/vocal_music_demucs_16k/metaData_MTG-Jamendo/row21842.csv
SKIPPING: metaTables/vocal_music_demucs_16k/metaData_MTG-Jamendo/row21843.csv
SKIPPING: metaTables/vocal_music_demucs_16k/metaData_MTG-Jamendo/row21844.csv
SKIPPING: metaTables/vocal_music_demucs_16k/metaData_MTG-Jamendo/row21845.csv
SKIPPING: metaTables/vocal_music_demucs_16k/metaData_MTG-Jamendo/row21846.csv
SKIPPING: metaTables/vocal_music_demucs_16k/metaData_MTG-Jamendo/row21847.csv
SKIPPING: metaTables/vocal_music_demucs_16k/metaData_MTG-Jamendo/row21848.csv
SKIPPING: metaTables/vocal_music_demucs_16k/metaData_MTG-Jamendo/row21849.csv
SKIPPING: metaTables/vocal_music_demucs_16k/metaData_MTG-Jamendo/row21850.csv
SKIPPING: metaTables/vocal_music_demucs_16k/metaData_MTG-Jamendo/row21851.csv
SKIPPING: metaTables/vocal_music_demucs_16k/metaData_MTG-Jamendo/row21852.csv
SKIPPING: metaTables/vocal_music_demucs_16k/metaData_MTG-Jamendo/row21853.csv
SKIPPING: metaTables/vocal_music_demucs_16k/metaData_MTG-Jamendo/row21854.csv
SKIPPING: metaTables/vocal_music_demucs_16k/metaData_MTG-Jamendo/row21855.csv
SKIPPING: metaTables/vocal_music_demucs_16k/metaData_MTG-Jamendo/row21856.csv
SKIPPING: metaTables/vocal_music_demucs_16k/metaData_MTG-Jamendo/row21857.csv
SKIPPING: metaTables/vocal_music_demucs_16k/metaData_MTG-Jamendo/row21858.csv
SKIPPING: metaTables/vocal_music_demucs_16k/metaData_MTG-Jamendo/row21859.csv
SKIPPING: metaTables/vocal_music_demucs_16k/metaData_MTG-Jamendo/row21860.csv
SKIPPING: metaTables/vocal_music_demucs_16k/metaData_MTG-Jamendo/row21861.csv
SKIPPING: metaTables/vocal_music_demucs_16k/metaData_MTG-Jamendo/row21862.csv
SKIPPING: metaTables/vocal_music_demucs_16k/metaData_MTG-Jamendo/row21863.csv
SKIPPING: metaTables/vocal_music_demucs_16k/metaData_MTG-Jamendo/row21864.csv
SKIPPING: metaTables/vocal_music_demucs_16k/metaData_MTG-Jamendo/row21865.csv
SKIPPING: metaTables/vocal_music_demucs_16k/metaData_MTG-Jamendo/row21866.csv
SKIPPING: metaTables/vocal_music_demucs_16k/metaData_MTG-Jamendo/row21867.csv
SKIPPING: metaTables/vocal_music_demucs_16k/metaData_MTG-Jamendo/row21868.csv
SKIPPING: metaTables/vocal_music_demucs_16k/metaData_MTG-Jamendo/row21869.csv
SKIPPING: metaTables/vocal_music_demucs_16k/metaData_MTG-Jamendo/row21870.csv
SKIPPING: metaTables/vocal_music_demucs_16k/metaData_MTG-Jamendo/row21871.csv
SKIPPING: metaTables/vocal_music_demucs_16k/metaData_MTG-Jamendo/row21872.csv
SKIPPING: metaTables/vocal_music_demucs_16k/metaData_MTG-Jamendo/row21873.csv
SKIPPING: metaTables/vocal_music_demucs_16k/metaData_MTG-Jamendo/row21874.csv
SKIPPING: metaTables/vocal_music_demucs_16k/metaData_MTG-Jamendo/row21875.csv
SKIPPING: metaTables/vocal_music_demucs_16k/metaData_MTG-Jamendo/row21876.csv
SKIPPING: metaTables/vocal_music_demucs_16k/metaData_MTG-Jamendo/row21877.csv
SKIPPING: metaTables/vocal_music_demucs_16k/metaData_MTG-Jamendo/row21878.csv
SKIPPING: metaTables/vocal_music_demucs_16k/metaData_MTG-Jamendo/row21879.csv
SKIPPING: metaTables/vocal_music_demucs_16k/metaData_MTG-Jamendo/row21880.csv
SKIPPING: metaTables/vocal_music_demucs_16k/metaData_MTG-Jamendo/row21881.csv
SKIPPING: metaTables/vocal_music_demucs_16k/metaData_MTG-Jamendo/row21882.csv
SKIPPING: metaTables/vocal_music_demucs_16k/metaData_MTG-Jamendo/row21883.csv
SKIPPING: metaTables/vocal_music_demucs_16k/metaData_MTG-Jamendo/row21884.csv
SKIPPING: metaTables/vocal_music_demucs_16k/metaData_MTG-Jamendo/row21885.csv
SKIPPING: metaTables/vocal_music_demucs_16k/metaData_MTG-Jamendo/row21886.csv
SKIPPING: metaTables/vocal_music_demucs_16k/metaData_MTG-Jamendo/row21887.csv
SKIPPING: metaTables/vocal_music_demucs_16k/metaData_MTG-Jamendo/row21888.csv
SKIPPING: metaTables/vocal_music_demucs_16k/metaData_MTG-Jamendo/row21889.csv
SKIPPING: metaTables/vocal_music_demucs_16k/metaData_MTG-Jamendo/row21890.csv
SKIPPING: metaTables/vocal_music_demucs_16k/metaData_MTG-Jamendo/row21891.csv
SKIPPING: metaTables/vocal_music_demucs_16k/metaData_MTG-Jamendo/row21892.csv
SKIPPING: metaTables/vocal_music_demucs_16k/metaData_MTG-Jamendo/row21893.csv
SKIPPING: metaTables/vocal_music_demucs_16k/metaData_MTG-Jamendo/row21894.csv
SKIPPING: metaTables/vocal_music_demucs_16k/metaData_MTG-Jamendo/row21895.csv
SKIPPING: metaTables/vocal_music_demucs_16k/metaData_MTG-Jamendo/row21896.csv
SKIPPING: metaTables/vocal_music_demucs_16k/metaData_MTG-Jamendo/row21897.csv
SKIPPING: metaTables/vocal_music_demucs_16k/metaData_MTG-Jamendo/row21898.csv
SKIPPING: metaTables/vocal_music_demucs_16k/metaData_MTG-Jamendo/row21899.csv
Demucs voice recognition done!
