/ext3/demucs/lib/python3.9/site-packages/demucs/api.py:27: UserWarning: TorchAudio's global backend is now deprecated. Please enable distpatcher by setting `TORCHAUDIO_USE_BACKEND_DISPATCHER=1`, and specify backend when calling load/info/save function.
  import torchaudio as ta
2024-05-09 12:03:02.478805: I tensorflow/core/util/port.cc:113] oneDNN custom operations are on. You may see slightly different numerical results due to floating-point round-off errors from different computation orders. To turn them off, set the environment variable `TF_ENABLE_ONEDNN_OPTS=0`.
2024-05-09 12:03:04.246370: E external/local_xla/xla/stream_executor/cuda/cuda_dnn.cc:9261] Unable to register cuDNN factory: Attempting to register factory for plugin cuDNN when one has already been registered
2024-05-09 12:03:04.246415: E external/local_xla/xla/stream_executor/cuda/cuda_fft.cc:607] Unable to register cuFFT factory: Attempting to register factory for plugin cuFFT when one has already been registered
2024-05-09 12:03:04.379409: E external/local_xla/xla/stream_executor/cuda/cuda_blas.cc:1515] Unable to register cuBLAS factory: Attempting to register factory for plugin cuBLAS when one has already been registered
2024-05-09 12:03:04.873135: I tensorflow/core/platform/cpu_feature_guard.cc:182] This TensorFlow binary is optimized to use available CPU instructions in performance-critical operations.
To enable the following instructions: AVX2 AVX512F AVX512_VNNI FMA, in other operations, rebuild TensorFlow with the appropriate compiler flags.
2024-05-09 12:03:06.953109: W tensorflow/compiler/tf2tensorrt/utils/py_utils.cc:38] TF-TRT Warning: Could not find TensorRT
SKIPPING: metaTables/vocal_music_demucs_16k/metaData_MTG-Jamendo/row25800.csv
SKIPPING: metaTables/vocal_music_demucs_16k/metaData_MTG-Jamendo/row25801.csv
SKIPPING: metaTables/vocal_music_demucs_16k/metaData_MTG-Jamendo/row25802.csv
SKIPPING: metaTables/vocal_music_demucs_16k/metaData_MTG-Jamendo/row25803.csv
SKIPPING: metaTables/vocal_music_demucs_16k/metaData_MTG-Jamendo/row25804.csv
SKIPPING: metaTables/vocal_music_demucs_16k/metaData_MTG-Jamendo/row25805.csv
SKIPPING: metaTables/vocal_music_demucs_16k/metaData_MTG-Jamendo/row25806.csv
SKIPPING: metaTables/vocal_music_demucs_16k/metaData_MTG-Jamendo/row25807.csv
SKIPPING: metaTables/vocal_music_demucs_16k/metaData_MTG-Jamendo/row25808.csv
SKIPPING: metaTables/vocal_music_demucs_16k/metaData_MTG-Jamendo/row25809.csv
SKIPPING: metaTables/vocal_music_demucs_16k/metaData_MTG-Jamendo/row25810.csv
SKIPPING: metaTables/vocal_music_demucs_16k/metaData_MTG-Jamendo/row25811.csv
SKIPPING: metaTables/vocal_music_demucs_16k/metaData_MTG-Jamendo/row25812.csv
SKIPPING: metaTables/vocal_music_demucs_16k/metaData_MTG-Jamendo/row25813.csv
SKIPPING: metaTables/vocal_music_demucs_16k/metaData_MTG-Jamendo/row25814.csv
SKIPPING: metaTables/vocal_music_demucs_16k/metaData_MTG-Jamendo/row25815.csv
SKIPPING: metaTables/vocal_music_demucs_16k/metaData_MTG-Jamendo/row25816.csv
SKIPPING: metaTables/vocal_music_demucs_16k/metaData_MTG-Jamendo/row25817.csv
SKIPPING: metaTables/vocal_music_demucs_16k/metaData_MTG-Jamendo/row25818.csv
SKIPPING: metaTables/vocal_music_demucs_16k/metaData_MTG-Jamendo/row25819.csv
SKIPPING: metaTables/vocal_music_demucs_16k/metaData_MTG-Jamendo/row25820.csv
SKIPPING: metaTables/vocal_music_demucs_16k/metaData_MTG-Jamendo/row25821.csv
SKIPPING: metaTables/vocal_music_demucs_16k/metaData_MTG-Jamendo/row25822.csv
SKIPPING: metaTables/vocal_music_demucs_16k/metaData_MTG-Jamendo/row25823.csv
SKIPPING: metaTables/vocal_music_demucs_16k/metaData_MTG-Jamendo/row25824.csv
SKIPPING: metaTables/vocal_music_demucs_16k/metaData_MTG-Jamendo/row25825.csv
SKIPPING: metaTables/vocal_music_demucs_16k/metaData_MTG-Jamendo/row25826.csv
SKIPPING: metaTables/vocal_music_demucs_16k/metaData_MTG-Jamendo/row25827.csv
SKIPPING: metaTables/vocal_music_demucs_16k/metaData_MTG-Jamendo/row25828.csv
SKIPPING: metaTables/vocal_music_demucs_16k/metaData_MTG-Jamendo/row25829.csv
SKIPPING: metaTables/vocal_music_demucs_16k/metaData_MTG-Jamendo/row25830.csv
SKIPPING: metaTables/vocal_music_demucs_16k/metaData_MTG-Jamendo/row25831.csv
SKIPPING: metaTables/vocal_music_demucs_16k/metaData_MTG-Jamendo/row25832.csv
SKIPPING: metaTables/vocal_music_demucs_16k/metaData_MTG-Jamendo/row25833.csv
SKIPPING: metaTables/vocal_music_demucs_16k/metaData_MTG-Jamendo/row25834.csv
SKIPPING: metaTables/vocal_music_demucs_16k/metaData_MTG-Jamendo/row25835.csv
SKIPPING: metaTables/vocal_music_demucs_16k/metaData_MTG-Jamendo/row25836.csv
SKIPPING: metaTables/vocal_music_demucs_16k/metaData_MTG-Jamendo/row25837.csv
SKIPPING: metaTables/vocal_music_demucs_16k/metaData_MTG-Jamendo/row25838.csv
SKIPPING: metaTables/vocal_music_demucs_16k/metaData_MTG-Jamendo/row25839.csv
SKIPPING: metaTables/vocal_music_demucs_16k/metaData_MTG-Jamendo/row25840.csv
SKIPPING: metaTables/vocal_music_demucs_16k/metaData_MTG-Jamendo/row25841.csv
SKIPPING: metaTables/vocal_music_demucs_16k/metaData_MTG-Jamendo/row25842.csv
SKIPPING: metaTables/vocal_music_demucs_16k/metaData_MTG-Jamendo/row25843.csv
SKIPPING: metaTables/vocal_music_demucs_16k/metaData_MTG-Jamendo/row25844.csv
SKIPPING: metaTables/vocal_music_demucs_16k/metaData_MTG-Jamendo/row25845.csv
SKIPPING: metaTables/vocal_music_demucs_16k/metaData_MTG-Jamendo/row25846.csv
SKIPPING: metaTables/vocal_music_demucs_16k/metaData_MTG-Jamendo/row25847.csv
SKIPPING: metaTables/vocal_music_demucs_16k/metaData_MTG-Jamendo/row25848.csv
SKIPPING: metaTables/vocal_music_demucs_16k/metaData_MTG-Jamendo/row25849.csv
SKIPPING: metaTables/vocal_music_demucs_16k/metaData_MTG-Jamendo/row25850.csv
SKIPPING: metaTables/vocal_music_demucs_16k/metaData_MTG-Jamendo/row25851.csv
SKIPPING: metaTables/vocal_music_demucs_16k/metaData_MTG-Jamendo/row25852.csv
SKIPPING: metaTables/vocal_music_demucs_16k/metaData_MTG-Jamendo/row25853.csv
SKIPPING: metaTables/vocal_music_demucs_16k/metaData_MTG-Jamendo/row25854.csv
SKIPPING: metaTables/vocal_music_demucs_16k/metaData_MTG-Jamendo/row25855.csv
SKIPPING: metaTables/vocal_music_demucs_16k/metaData_MTG-Jamendo/row25856.csv
SKIPPING: metaTables/vocal_music_demucs_16k/metaData_MTG-Jamendo/row25857.csv
SKIPPING: metaTables/vocal_music_demucs_16k/metaData_MTG-Jamendo/row25858.csv
SKIPPING: metaTables/vocal_music_demucs_16k/metaData_MTG-Jamendo/row25859.csv
SKIPPING: metaTables/vocal_music_demucs_16k/metaData_MTG-Jamendo/row25860.csv
SKIPPING: metaTables/vocal_music_demucs_16k/metaData_MTG-Jamendo/row25861.csv
SKIPPING: metaTables/vocal_music_demucs_16k/metaData_MTG-Jamendo/row25862.csv
SKIPPING: metaTables/vocal_music_demucs_16k/metaData_MTG-Jamendo/row25863.csv
SKIPPING: metaTables/vocal_music_demucs_16k/metaData_MTG-Jamendo/row25864.csv
SKIPPING: metaTables/vocal_music_demucs_16k/metaData_MTG-Jamendo/row25865.csv
SKIPPING: metaTables/vocal_music_demucs_16k/metaData_MTG-Jamendo/row25866.csv
SKIPPING: metaTables/vocal_music_demucs_16k/metaData_MTG-Jamendo/row25867.csv
SKIPPING: metaTables/vocal_music_demucs_16k/metaData_MTG-Jamendo/row25868.csv
SKIPPING: metaTables/vocal_music_demucs_16k/metaData_MTG-Jamendo/row25869.csv
SKIPPING: metaTables/vocal_music_demucs_16k/metaData_MTG-Jamendo/row25870.csv
SKIPPING: metaTables/vocal_music_demucs_16k/metaData_MTG-Jamendo/row25871.csv
SKIPPING: metaTables/vocal_music_demucs_16k/metaData_MTG-Jamendo/row25872.csv
SKIPPING: metaTables/vocal_music_demucs_16k/metaData_MTG-Jamendo/row25873.csv
SKIPPING: metaTables/vocal_music_demucs_16k/metaData_MTG-Jamendo/row25874.csv
SKIPPING: metaTables/vocal_music_demucs_16k/metaData_MTG-Jamendo/row25875.csv
SKIPPING: metaTables/vocal_music_demucs_16k/metaData_MTG-Jamendo/row25876.csv
SKIPPING: metaTables/vocal_music_demucs_16k/metaData_MTG-Jamendo/row25877.csv
SKIPPING: metaTables/vocal_music_demucs_16k/metaData_MTG-Jamendo/row25878.csv
SKIPPING: metaTables/vocal_music_demucs_16k/metaData_MTG-Jamendo/row25879.csv
SKIPPING: metaTables/vocal_music_demucs_16k/metaData_MTG-Jamendo/row25880.csv
SKIPPING: metaTables/vocal_music_demucs_16k/metaData_MTG-Jamendo/row25881.csv
SKIPPING: metaTables/vocal_music_demucs_16k/metaData_MTG-Jamendo/row25882.csv
SKIPPING: metaTables/vocal_music_demucs_16k/metaData_MTG-Jamendo/row25883.csv
SKIPPING: metaTables/vocal_music_demucs_16k/metaData_MTG-Jamendo/row25884.csv
SKIPPING: metaTables/vocal_music_demucs_16k/metaData_MTG-Jamendo/row25885.csv
SKIPPING: metaTables/vocal_music_demucs_16k/metaData_MTG-Jamendo/row25886.csv
SKIPPING: metaTables/vocal_music_demucs_16k/metaData_MTG-Jamendo/row25887.csv
SKIPPING: metaTables/vocal_music_demucs_16k/metaData_MTG-Jamendo/row25888.csv
SKIPPING: metaTables/vocal_music_demucs_16k/metaData_MTG-Jamendo/row25889.csv
SKIPPING: metaTables/vocal_music_demucs_16k/metaData_MTG-Jamendo/row25890.csv
SKIPPING: metaTables/vocal_music_demucs_16k/metaData_MTG-Jamendo/row25891.csv
SKIPPING: metaTables/vocal_music_demucs_16k/metaData_MTG-Jamendo/row25892.csv
SKIPPING: metaTables/vocal_music_demucs_16k/metaData_MTG-Jamendo/row25893.csv
SKIPPING: metaTables/vocal_music_demucs_16k/metaData_MTG-Jamendo/row25894.csv
SKIPPING: metaTables/vocal_music_demucs_16k/metaData_MTG-Jamendo/row25895.csv
SKIPPING: metaTables/vocal_music_demucs_16k/metaData_MTG-Jamendo/row25896.csv
SKIPPING: metaTables/vocal_music_demucs_16k/metaData_MTG-Jamendo/row25897.csv
SKIPPING: metaTables/vocal_music_demucs_16k/metaData_MTG-Jamendo/row25898.csv
SKIPPING: metaTables/vocal_music_demucs_16k/metaData_MTG-Jamendo/row25899.csv
Demucs voice recognition done!
