/ext3/demucs/lib/python3.9/site-packages/demucs/api.py:27: UserWarning: TorchAudio's global backend is now deprecated. Please enable distpatcher by setting `TORCHAUDIO_USE_BACKEND_DISPATCHER=1`, and specify backend when calling load/info/save function.
  import torchaudio as ta
2024-05-09 09:28:24.071003: I tensorflow/core/util/port.cc:113] oneDNN custom operations are on. You may see slightly different numerical results due to floating-point round-off errors from different computation orders. To turn them off, set the environment variable `TF_ENABLE_ONEDNN_OPTS=0`.
2024-05-09 09:28:24.409414: E external/local_xla/xla/stream_executor/cuda/cuda_dnn.cc:9261] Unable to register cuDNN factory: Attempting to register factory for plugin cuDNN when one has already been registered
2024-05-09 09:28:24.409452: E external/local_xla/xla/stream_executor/cuda/cuda_fft.cc:607] Unable to register cuFFT factory: Attempting to register factory for plugin cuFFT when one has already been registered
2024-05-09 09:28:24.452941: E external/local_xla/xla/stream_executor/cuda/cuda_blas.cc:1515] Unable to register cuBLAS factory: Attempting to register factory for plugin cuBLAS when one has already been registered
2024-05-09 09:28:24.541535: I tensorflow/core/platform/cpu_feature_guard.cc:182] This TensorFlow binary is optimized to use available CPU instructions in performance-critical operations.
To enable the following instructions: AVX2 AVX512F AVX512_VNNI FMA, in other operations, rebuild TensorFlow with the appropriate compiler flags.
2024-05-09 09:28:25.437310: W tensorflow/compiler/tf2tensorrt/utils/py_utils.cc:38] TF-TRT Warning: Could not find TensorRT
SKIPPING: metaTables/vocal_music_demucs_16k/metaData_MTG-Jamendo/row3300.csv
SKIPPING: metaTables/vocal_music_demucs_16k/metaData_MTG-Jamendo/row3301.csv
SKIPPING: metaTables/vocal_music_demucs_16k/metaData_MTG-Jamendo/row3302.csv
SKIPPING: metaTables/vocal_music_demucs_16k/metaData_MTG-Jamendo/row3303.csv
SKIPPING: metaTables/vocal_music_demucs_16k/metaData_MTG-Jamendo/row3304.csv
SKIPPING: metaTables/vocal_music_demucs_16k/metaData_MTG-Jamendo/row3305.csv
SKIPPING: metaTables/vocal_music_demucs_16k/metaData_MTG-Jamendo/row3306.csv
SKIPPING: metaTables/vocal_music_demucs_16k/metaData_MTG-Jamendo/row3307.csv
SKIPPING: metaTables/vocal_music_demucs_16k/metaData_MTG-Jamendo/row3308.csv
SKIPPING: metaTables/vocal_music_demucs_16k/metaData_MTG-Jamendo/row3309.csv
SKIPPING: metaTables/vocal_music_demucs_16k/metaData_MTG-Jamendo/row3310.csv
SKIPPING: metaTables/vocal_music_demucs_16k/metaData_MTG-Jamendo/row3311.csv
SKIPPING: metaTables/vocal_music_demucs_16k/metaData_MTG-Jamendo/row3312.csv
SKIPPING: metaTables/vocal_music_demucs_16k/metaData_MTG-Jamendo/row3313.csv
SKIPPING: metaTables/vocal_music_demucs_16k/metaData_MTG-Jamendo/row3314.csv
SKIPPING: metaTables/vocal_music_demucs_16k/metaData_MTG-Jamendo/row3315.csv
SKIPPING: metaTables/vocal_music_demucs_16k/metaData_MTG-Jamendo/row3316.csv
SKIPPING: metaTables/vocal_music_demucs_16k/metaData_MTG-Jamendo/row3317.csv
SKIPPING: metaTables/vocal_music_demucs_16k/metaData_MTG-Jamendo/row3318.csv
SKIPPING: metaTables/vocal_music_demucs_16k/metaData_MTG-Jamendo/row3319.csv
SKIPPING: metaTables/vocal_music_demucs_16k/metaData_MTG-Jamendo/row3320.csv
SKIPPING: metaTables/vocal_music_demucs_16k/metaData_MTG-Jamendo/row3321.csv
SKIPPING: metaTables/vocal_music_demucs_16k/metaData_MTG-Jamendo/row3322.csv
SKIPPING: metaTables/vocal_music_demucs_16k/metaData_MTG-Jamendo/row3323.csv
SKIPPING: metaTables/vocal_music_demucs_16k/metaData_MTG-Jamendo/row3324.csv
SKIPPING: metaTables/vocal_music_demucs_16k/metaData_MTG-Jamendo/row3325.csv
SKIPPING: metaTables/vocal_music_demucs_16k/metaData_MTG-Jamendo/row3326.csv
SKIPPING: metaTables/vocal_music_demucs_16k/metaData_MTG-Jamendo/row3327.csv
SKIPPING: metaTables/vocal_music_demucs_16k/metaData_MTG-Jamendo/row3328.csv
SKIPPING: metaTables/vocal_music_demucs_16k/metaData_MTG-Jamendo/row3329.csv
SKIPPING: metaTables/vocal_music_demucs_16k/metaData_MTG-Jamendo/row3330.csv
SKIPPING: metaTables/vocal_music_demucs_16k/metaData_MTG-Jamendo/row3331.csv
SKIPPING: metaTables/vocal_music_demucs_16k/metaData_MTG-Jamendo/row3332.csv
SKIPPING: metaTables/vocal_music_demucs_16k/metaData_MTG-Jamendo/row3333.csv
SKIPPING: metaTables/vocal_music_demucs_16k/metaData_MTG-Jamendo/row3334.csv
SKIPPING: metaTables/vocal_music_demucs_16k/metaData_MTG-Jamendo/row3335.csv
SKIPPING: metaTables/vocal_music_demucs_16k/metaData_MTG-Jamendo/row3336.csv
SKIPPING: metaTables/vocal_music_demucs_16k/metaData_MTG-Jamendo/row3337.csv
SKIPPING: metaTables/vocal_music_demucs_16k/metaData_MTG-Jamendo/row3338.csv
SKIPPING: metaTables/vocal_music_demucs_16k/metaData_MTG-Jamendo/row3339.csv
SKIPPING: metaTables/vocal_music_demucs_16k/metaData_MTG-Jamendo/row3340.csv
SKIPPING: metaTables/vocal_music_demucs_16k/metaData_MTG-Jamendo/row3341.csv
SKIPPING: metaTables/vocal_music_demucs_16k/metaData_MTG-Jamendo/row3342.csv
SKIPPING: metaTables/vocal_music_demucs_16k/metaData_MTG-Jamendo/row3343.csv
SKIPPING: metaTables/vocal_music_demucs_16k/metaData_MTG-Jamendo/row3344.csv
SKIPPING: metaTables/vocal_music_demucs_16k/metaData_MTG-Jamendo/row3345.csv
SKIPPING: metaTables/vocal_music_demucs_16k/metaData_MTG-Jamendo/row3346.csv
SKIPPING: metaTables/vocal_music_demucs_16k/metaData_MTG-Jamendo/row3347.csv
SKIPPING: metaTables/vocal_music_demucs_16k/metaData_MTG-Jamendo/row3348.csv
SKIPPING: metaTables/vocal_music_demucs_16k/metaData_MTG-Jamendo/row3349.csv
SKIPPING: metaTables/vocal_music_demucs_16k/metaData_MTG-Jamendo/row3350.csv
Execution time: 99.1810507774353 seconds
metaTables/vocal_music_demucs_16k/metaData_MTG-Jamendo/row3351.csv
Execution time: 94.97572922706604 seconds
metaTables/vocal_music_demucs_16k/metaData_MTG-Jamendo/row3352.csv
Execution time: 99.86177229881287 seconds
metaTables/vocal_music_demucs_16k/metaData_MTG-Jamendo/row3353.csv
Execution time: 96.92002391815186 seconds
metaTables/vocal_music_demucs_16k/metaData_MTG-Jamendo/row3354.csv
Execution time: 109.16429352760315 seconds
metaTables/vocal_music_demucs_16k/metaData_MTG-Jamendo/row3355.csv
Execution time: 98.9094910621643 seconds
metaTables/vocal_music_demucs_16k/metaData_MTG-Jamendo/row3356.csv
Execution time: 85.90749716758728 seconds
metaTables/vocal_music_demucs_16k/metaData_MTG-Jamendo/row3357.csv
Execution time: 99.743732213974 seconds
metaTables/vocal_music_demucs_16k/metaData_MTG-Jamendo/row3358.csv
Execution time: 99.24118256568909 seconds
metaTables/vocal_music_demucs_16k/metaData_MTG-Jamendo/row3359.csv
Execution time: 102.44474267959595 seconds
metaTables/vocal_music_demucs_16k/metaData_MTG-Jamendo/row3360.csv
Execution time: 102.34617209434509 seconds
metaTables/vocal_music_demucs_16k/metaData_MTG-Jamendo/row3361.csv
Execution time: 101.68258810043335 seconds
metaTables/vocal_music_demucs_16k/metaData_MTG-Jamendo/row3362.csv
Execution time: 101.398854970932 seconds
metaTables/vocal_music_demucs_16k/metaData_MTG-Jamendo/row3363.csv
Execution time: 32.233240842819214 seconds
metaTables/vocal_music_demucs_16k/metaData_MTG-Jamendo/row3364.csv
Execution time: 105.80634760856628 seconds
metaTables/vocal_music_demucs_16k/metaData_MTG-Jamendo/row3365.csv
Execution time: 100.29290199279785 seconds
metaTables/vocal_music_demucs_16k/metaData_MTG-Jamendo/row3366.csv
Execution time: 100.00701141357422 seconds
metaTables/vocal_music_demucs_16k/metaData_MTG-Jamendo/row3367.csv
Execution time: 99.45638918876648 seconds
metaTables/vocal_music_demucs_16k/metaData_MTG-Jamendo/row3368.csv
Execution time: 55.37992787361145 seconds
metaTables/vocal_music_demucs_16k/metaData_MTG-Jamendo/row3369.csv
Execution time: 99.85282325744629 seconds
metaTables/vocal_music_demucs_16k/metaData_MTG-Jamendo/row3370.csv
Execution time: 77.43526268005371 seconds
metaTables/vocal_music_demucs_16k/metaData_MTG-Jamendo/row3371.csv
Execution time: 101.53728437423706 seconds
metaTables/vocal_music_demucs_16k/metaData_MTG-Jamendo/row3372.csv
Execution time: 103.59618854522705 seconds
metaTables/vocal_music_demucs_16k/metaData_MTG-Jamendo/row3373.csv
Execution time: 105.41649127006531 seconds
metaTables/vocal_music_demucs_16k/metaData_MTG-Jamendo/row3374.csv
Execution time: 102.34181833267212 seconds
metaTables/vocal_music_demucs_16k/metaData_MTG-Jamendo/row3375.csv
Execution time: 99.60189652442932 seconds
metaTables/vocal_music_demucs_16k/metaData_MTG-Jamendo/row3376.csv
Execution time: 110.28634762763977 seconds
metaTables/vocal_music_demucs_16k/metaData_MTG-Jamendo/row3377.csv
Execution time: 98.19840383529663 seconds
metaTables/vocal_music_demucs_16k/metaData_MTG-Jamendo/row3378.csv
Execution time: 98.56577205657959 seconds
metaTables/vocal_music_demucs_16k/metaData_MTG-Jamendo/row3379.csv
Execution time: 100.42963457107544 seconds
metaTables/vocal_music_demucs_16k/metaData_MTG-Jamendo/row3380.csv
Execution time: 99.78066802024841 seconds
metaTables/vocal_music_demucs_16k/metaData_MTG-Jamendo/row3381.csv
Execution time: 84.48338198661804 seconds
metaTables/vocal_music_demucs_16k/metaData_MTG-Jamendo/row3382.csv
Execution time: 67.51848936080933 seconds
metaTables/vocal_music_demucs_16k/metaData_MTG-Jamendo/row3383.csv
Execution time: 99.01565098762512 seconds
metaTables/vocal_music_demucs_16k/metaData_MTG-Jamendo/row3384.csv
Execution time: 98.73645496368408 seconds
metaTables/vocal_music_demucs_16k/metaData_MTG-Jamendo/row3385.csv
Execution time: 98.19230937957764 seconds
metaTables/vocal_music_demucs_16k/metaData_MTG-Jamendo/row3386.csv
Execution time: 102.82477307319641 seconds
metaTables/vocal_music_demucs_16k/metaData_MTG-Jamendo/row3387.csv
Execution time: 26.541089057922363 seconds
metaTables/vocal_music_demucs_16k/metaData_MTG-Jamendo/row3388.csv
Execution time: 97.5483865737915 seconds
metaTables/vocal_music_demucs_16k/metaData_MTG-Jamendo/row3389.csv
Execution time: 100.22919249534607 seconds
metaTables/vocal_music_demucs_16k/metaData_MTG-Jamendo/row3390.csv
Execution time: 103.72445464134216 seconds
metaTables/vocal_music_demucs_16k/metaData_MTG-Jamendo/row3391.csv
Execution time: 101.89514350891113 seconds
metaTables/vocal_music_demucs_16k/metaData_MTG-Jamendo/row3392.csv
Execution time: 110.16254258155823 seconds
metaTables/vocal_music_demucs_16k/metaData_MTG-Jamendo/row3393.csv
Execution time: 100.08590865135193 seconds
metaTables/vocal_music_demucs_16k/metaData_MTG-Jamendo/row3394.csv
Execution time: 99.98434162139893 seconds
metaTables/vocal_music_demucs_16k/metaData_MTG-Jamendo/row3395.csv
Execution time: 101.3516435623169 seconds
metaTables/vocal_music_demucs_16k/metaData_MTG-Jamendo/row3396.csv
Execution time: 101.45036673545837 seconds
metaTables/vocal_music_demucs_16k/metaData_MTG-Jamendo/row3397.csv
Execution time: 100.22286033630371 seconds
metaTables/vocal_music_demucs_16k/metaData_MTG-Jamendo/row3398.csv
Execution time: 102.6268322467804 seconds
metaTables/vocal_music_demucs_16k/metaData_MTG-Jamendo/row3399.csv
Demucs voice recognition done!
