/ext3/demucs/lib/python3.9/site-packages/demucs/api.py:27: UserWarning: TorchAudio's global backend is now deprecated. Please enable distpatcher by setting `TORCHAUDIO_USE_BACKEND_DISPATCHER=1`, and specify backend when calling load/info/save function.
  import torchaudio as ta
2024-05-09 12:03:36.965898: I tensorflow/core/util/port.cc:113] oneDNN custom operations are on. You may see slightly different numerical results due to floating-point round-off errors from different computation orders. To turn them off, set the environment variable `TF_ENABLE_ONEDNN_OPTS=0`.
2024-05-09 12:03:38.354913: E external/local_xla/xla/stream_executor/cuda/cuda_dnn.cc:9261] Unable to register cuDNN factory: Attempting to register factory for plugin cuDNN when one has already been registered
2024-05-09 12:03:38.354949: E external/local_xla/xla/stream_executor/cuda/cuda_fft.cc:607] Unable to register cuFFT factory: Attempting to register factory for plugin cuFFT when one has already been registered
2024-05-09 12:03:38.425050: E external/local_xla/xla/stream_executor/cuda/cuda_blas.cc:1515] Unable to register cuBLAS factory: Attempting to register factory for plugin cuBLAS when one has already been registered
2024-05-09 12:03:38.506280: I tensorflow/core/platform/cpu_feature_guard.cc:182] This TensorFlow binary is optimized to use available CPU instructions in performance-critical operations.
To enable the following instructions: AVX2 AVX512F AVX512_VNNI FMA, in other operations, rebuild TensorFlow with the appropriate compiler flags.
2024-05-09 12:03:39.415605: W tensorflow/compiler/tf2tensorrt/utils/py_utils.cc:38] TF-TRT Warning: Could not find TensorRT
SKIPPING: metaTables/vocal_music_demucs_16k/metaData_MTG-Jamendo/row54200.csv
SKIPPING: metaTables/vocal_music_demucs_16k/metaData_MTG-Jamendo/row54201.csv
SKIPPING: metaTables/vocal_music_demucs_16k/metaData_MTG-Jamendo/row54202.csv
SKIPPING: metaTables/vocal_music_demucs_16k/metaData_MTG-Jamendo/row54203.csv
SKIPPING: metaTables/vocal_music_demucs_16k/metaData_MTG-Jamendo/row54204.csv
SKIPPING: metaTables/vocal_music_demucs_16k/metaData_MTG-Jamendo/row54205.csv
SKIPPING: metaTables/vocal_music_demucs_16k/metaData_MTG-Jamendo/row54206.csv
SKIPPING: metaTables/vocal_music_demucs_16k/metaData_MTG-Jamendo/row54207.csv
SKIPPING: metaTables/vocal_music_demucs_16k/metaData_MTG-Jamendo/row54208.csv
SKIPPING: metaTables/vocal_music_demucs_16k/metaData_MTG-Jamendo/row54209.csv
SKIPPING: metaTables/vocal_music_demucs_16k/metaData_MTG-Jamendo/row54210.csv
SKIPPING: metaTables/vocal_music_demucs_16k/metaData_MTG-Jamendo/row54211.csv
SKIPPING: metaTables/vocal_music_demucs_16k/metaData_MTG-Jamendo/row54212.csv
SKIPPING: metaTables/vocal_music_demucs_16k/metaData_MTG-Jamendo/row54213.csv
SKIPPING: metaTables/vocal_music_demucs_16k/metaData_MTG-Jamendo/row54214.csv
SKIPPING: metaTables/vocal_music_demucs_16k/metaData_MTG-Jamendo/row54215.csv
SKIPPING: metaTables/vocal_music_demucs_16k/metaData_MTG-Jamendo/row54216.csv
SKIPPING: metaTables/vocal_music_demucs_16k/metaData_MTG-Jamendo/row54217.csv
SKIPPING: metaTables/vocal_music_demucs_16k/metaData_MTG-Jamendo/row54218.csv
SKIPPING: metaTables/vocal_music_demucs_16k/metaData_MTG-Jamendo/row54219.csv
SKIPPING: metaTables/vocal_music_demucs_16k/metaData_MTG-Jamendo/row54220.csv
SKIPPING: metaTables/vocal_music_demucs_16k/metaData_MTG-Jamendo/row54221.csv
SKIPPING: metaTables/vocal_music_demucs_16k/metaData_MTG-Jamendo/row54222.csv
SKIPPING: metaTables/vocal_music_demucs_16k/metaData_MTG-Jamendo/row54223.csv
SKIPPING: metaTables/vocal_music_demucs_16k/metaData_MTG-Jamendo/row54224.csv
SKIPPING: metaTables/vocal_music_demucs_16k/metaData_MTG-Jamendo/row54225.csv
SKIPPING: metaTables/vocal_music_demucs_16k/metaData_MTG-Jamendo/row54226.csv
SKIPPING: metaTables/vocal_music_demucs_16k/metaData_MTG-Jamendo/row54227.csv
SKIPPING: metaTables/vocal_music_demucs_16k/metaData_MTG-Jamendo/row54228.csv
SKIPPING: metaTables/vocal_music_demucs_16k/metaData_MTG-Jamendo/row54229.csv
SKIPPING: metaTables/vocal_music_demucs_16k/metaData_MTG-Jamendo/row54230.csv
SKIPPING: metaTables/vocal_music_demucs_16k/metaData_MTG-Jamendo/row54231.csv
SKIPPING: metaTables/vocal_music_demucs_16k/metaData_MTG-Jamendo/row54232.csv
SKIPPING: metaTables/vocal_music_demucs_16k/metaData_MTG-Jamendo/row54233.csv
SKIPPING: metaTables/vocal_music_demucs_16k/metaData_MTG-Jamendo/row54234.csv
SKIPPING: metaTables/vocal_music_demucs_16k/metaData_MTG-Jamendo/row54235.csv
SKIPPING: metaTables/vocal_music_demucs_16k/metaData_MTG-Jamendo/row54236.csv
SKIPPING: metaTables/vocal_music_demucs_16k/metaData_MTG-Jamendo/row54237.csv
SKIPPING: metaTables/vocal_music_demucs_16k/metaData_MTG-Jamendo/row54238.csv
SKIPPING: metaTables/vocal_music_demucs_16k/metaData_MTG-Jamendo/row54239.csv
SKIPPING: metaTables/vocal_music_demucs_16k/metaData_MTG-Jamendo/row54240.csv
SKIPPING: metaTables/vocal_music_demucs_16k/metaData_MTG-Jamendo/row54241.csv
SKIPPING: metaTables/vocal_music_demucs_16k/metaData_MTG-Jamendo/row54242.csv
SKIPPING: metaTables/vocal_music_demucs_16k/metaData_MTG-Jamendo/row54243.csv
SKIPPING: metaTables/vocal_music_demucs_16k/metaData_MTG-Jamendo/row54244.csv
SKIPPING: metaTables/vocal_music_demucs_16k/metaData_MTG-Jamendo/row54245.csv
SKIPPING: metaTables/vocal_music_demucs_16k/metaData_MTG-Jamendo/row54246.csv
SKIPPING: metaTables/vocal_music_demucs_16k/metaData_MTG-Jamendo/row54247.csv
SKIPPING: metaTables/vocal_music_demucs_16k/metaData_MTG-Jamendo/row54248.csv
SKIPPING: metaTables/vocal_music_demucs_16k/metaData_MTG-Jamendo/row54249.csv
SKIPPING: metaTables/vocal_music_demucs_16k/metaData_MTG-Jamendo/row54250.csv
SKIPPING: metaTables/vocal_music_demucs_16k/metaData_MTG-Jamendo/row54251.csv
SKIPPING: metaTables/vocal_music_demucs_16k/metaData_MTG-Jamendo/row54252.csv
SKIPPING: metaTables/vocal_music_demucs_16k/metaData_MTG-Jamendo/row54253.csv
SKIPPING: metaTables/vocal_music_demucs_16k/metaData_MTG-Jamendo/row54254.csv
SKIPPING: metaTables/vocal_music_demucs_16k/metaData_MTG-Jamendo/row54255.csv
SKIPPING: metaTables/vocal_music_demucs_16k/metaData_MTG-Jamendo/row54256.csv
SKIPPING: metaTables/vocal_music_demucs_16k/metaData_MTG-Jamendo/row54257.csv
SKIPPING: metaTables/vocal_music_demucs_16k/metaData_MTG-Jamendo/row54258.csv
SKIPPING: metaTables/vocal_music_demucs_16k/metaData_MTG-Jamendo/row54259.csv
SKIPPING: metaTables/vocal_music_demucs_16k/metaData_MTG-Jamendo/row54260.csv
SKIPPING: metaTables/vocal_music_demucs_16k/metaData_MTG-Jamendo/row54261.csv
SKIPPING: metaTables/vocal_music_demucs_16k/metaData_MTG-Jamendo/row54262.csv
SKIPPING: metaTables/vocal_music_demucs_16k/metaData_MTG-Jamendo/row54263.csv
SKIPPING: metaTables/vocal_music_demucs_16k/metaData_MTG-Jamendo/row54264.csv
SKIPPING: metaTables/vocal_music_demucs_16k/metaData_MTG-Jamendo/row54265.csv
SKIPPING: metaTables/vocal_music_demucs_16k/metaData_MTG-Jamendo/row54266.csv
SKIPPING: metaTables/vocal_music_demucs_16k/metaData_MTG-Jamendo/row54267.csv
SKIPPING: metaTables/vocal_music_demucs_16k/metaData_MTG-Jamendo/row54268.csv
SKIPPING: metaTables/vocal_music_demucs_16k/metaData_MTG-Jamendo/row54269.csv
SKIPPING: metaTables/vocal_music_demucs_16k/metaData_MTG-Jamendo/row54270.csv
SKIPPING: metaTables/vocal_music_demucs_16k/metaData_MTG-Jamendo/row54271.csv
SKIPPING: metaTables/vocal_music_demucs_16k/metaData_MTG-Jamendo/row54272.csv
SKIPPING: metaTables/vocal_music_demucs_16k/metaData_MTG-Jamendo/row54273.csv
SKIPPING: metaTables/vocal_music_demucs_16k/metaData_MTG-Jamendo/row54274.csv
SKIPPING: metaTables/vocal_music_demucs_16k/metaData_MTG-Jamendo/row54275.csv
SKIPPING: metaTables/vocal_music_demucs_16k/metaData_MTG-Jamendo/row54276.csv
SKIPPING: metaTables/vocal_music_demucs_16k/metaData_MTG-Jamendo/row54277.csv
SKIPPING: metaTables/vocal_music_demucs_16k/metaData_MTG-Jamendo/row54278.csv
SKIPPING: metaTables/vocal_music_demucs_16k/metaData_MTG-Jamendo/row54279.csv
SKIPPING: metaTables/vocal_music_demucs_16k/metaData_MTG-Jamendo/row54280.csv
SKIPPING: metaTables/vocal_music_demucs_16k/metaData_MTG-Jamendo/row54281.csv
SKIPPING: metaTables/vocal_music_demucs_16k/metaData_MTG-Jamendo/row54282.csv
SKIPPING: metaTables/vocal_music_demucs_16k/metaData_MTG-Jamendo/row54283.csv
SKIPPING: metaTables/vocal_music_demucs_16k/metaData_MTG-Jamendo/row54284.csv
SKIPPING: metaTables/vocal_music_demucs_16k/metaData_MTG-Jamendo/row54285.csv
SKIPPING: metaTables/vocal_music_demucs_16k/metaData_MTG-Jamendo/row54286.csv
SKIPPING: metaTables/vocal_music_demucs_16k/metaData_MTG-Jamendo/row54287.csv
SKIPPING: metaTables/vocal_music_demucs_16k/metaData_MTG-Jamendo/row54288.csv
SKIPPING: metaTables/vocal_music_demucs_16k/metaData_MTG-Jamendo/row54289.csv
SKIPPING: metaTables/vocal_music_demucs_16k/metaData_MTG-Jamendo/row54290.csv
SKIPPING: metaTables/vocal_music_demucs_16k/metaData_MTG-Jamendo/row54291.csv
SKIPPING: metaTables/vocal_music_demucs_16k/metaData_MTG-Jamendo/row54292.csv
SKIPPING: metaTables/vocal_music_demucs_16k/metaData_MTG-Jamendo/row54293.csv
SKIPPING: metaTables/vocal_music_demucs_16k/metaData_MTG-Jamendo/row54294.csv
SKIPPING: metaTables/vocal_music_demucs_16k/metaData_MTG-Jamendo/row54295.csv
SKIPPING: metaTables/vocal_music_demucs_16k/metaData_MTG-Jamendo/row54296.csv
SKIPPING: metaTables/vocal_music_demucs_16k/metaData_MTG-Jamendo/row54297.csv
SKIPPING: metaTables/vocal_music_demucs_16k/metaData_MTG-Jamendo/row54298.csv
SKIPPING: metaTables/vocal_music_demucs_16k/metaData_MTG-Jamendo/row54299.csv
Demucs voice recognition done!
