/ext3/demucs/lib/python3.9/site-packages/demucs/api.py:27: UserWarning: TorchAudio's global backend is now deprecated. Please enable distpatcher by setting `TORCHAUDIO_USE_BACKEND_DISPATCHER=1`, and specify backend when calling load/info/save function.
  import torchaudio as ta
2024-05-10 11:35:02.321983: I tensorflow/core/util/port.cc:113] oneDNN custom operations are on. You may see slightly different numerical results due to floating-point round-off errors from different computation orders. To turn them off, set the environment variable `TF_ENABLE_ONEDNN_OPTS=0`.
2024-05-10 11:35:04.131990: E external/local_xla/xla/stream_executor/cuda/cuda_dnn.cc:9261] Unable to register cuDNN factory: Attempting to register factory for plugin cuDNN when one has already been registered
2024-05-10 11:35:04.132032: E external/local_xla/xla/stream_executor/cuda/cuda_fft.cc:607] Unable to register cuFFT factory: Attempting to register factory for plugin cuFFT when one has already been registered
2024-05-10 11:35:04.385028: E external/local_xla/xla/stream_executor/cuda/cuda_blas.cc:1515] Unable to register cuBLAS factory: Attempting to register factory for plugin cuBLAS when one has already been registered
2024-05-10 11:35:04.536834: I tensorflow/core/platform/cpu_feature_guard.cc:182] This TensorFlow binary is optimized to use available CPU instructions in performance-critical operations.
To enable the following instructions: AVX2 AVX512F AVX512_VNNI FMA, in other operations, rebuild TensorFlow with the appropriate compiler flags.
2024-05-10 11:35:05.872564: W tensorflow/compiler/tf2tensorrt/utils/py_utils.cc:38] TF-TRT Warning: Could not find TensorRT
Execution time: 96.6809651851654 seconds
metaTables/vocal_music_demucs_16k/metaData_ismir04_genre/row1000.csv
Execution time: 97.76991128921509 seconds
metaTables/vocal_music_demucs_16k/metaData_ismir04_genre/row1001.csv
Execution time: 98.69073224067688 seconds
metaTables/vocal_music_demucs_16k/metaData_ismir04_genre/row1002.csv
Execution time: 97.72247648239136 seconds
metaTables/vocal_music_demucs_16k/metaData_ismir04_genre/row1003.csv
Execution time: 98.74874663352966 seconds
metaTables/vocal_music_demucs_16k/metaData_ismir04_genre/row1004.csv
Execution time: 96.23582553863525 seconds
metaTables/vocal_music_demucs_16k/metaData_ismir04_genre/row1005.csv
Execution time: 100.92161202430725 seconds
metaTables/vocal_music_demucs_16k/metaData_ismir04_genre/row1006.csv
Execution time: 97.10917735099792 seconds
metaTables/vocal_music_demucs_16k/metaData_ismir04_genre/row1007.csv
Execution time: 101.16745018959045 seconds
metaTables/vocal_music_demucs_16k/metaData_ismir04_genre/row1008.csv
Execution time: 98.17180585861206 seconds
metaTables/vocal_music_demucs_16k/metaData_ismir04_genre/row1009.csv
Execution time: 97.59781193733215 seconds
metaTables/vocal_music_demucs_16k/metaData_ismir04_genre/row1010.csv
Execution time: 66.02446722984314 seconds
metaTables/vocal_music_demucs_16k/metaData_ismir04_genre/row1011.csv
Execution time: 96.10999870300293 seconds
metaTables/vocal_music_demucs_16k/metaData_ismir04_genre/row1012.csv
Execution time: 94.6727147102356 seconds
metaTables/vocal_music_demucs_16k/metaData_ismir04_genre/row1013.csv
Execution time: 94.9504451751709 seconds
metaTables/vocal_music_demucs_16k/metaData_ismir04_genre/row1014.csv
Execution time: 98.59599113464355 seconds
metaTables/vocal_music_demucs_16k/metaData_ismir04_genre/row1015.csv
Execution time: 99.0286374092102 seconds
metaTables/vocal_music_demucs_16k/metaData_ismir04_genre/row1016.csv
Execution time: 94.40572094917297 seconds
metaTables/vocal_music_demucs_16k/metaData_ismir04_genre/row1017.csv
Execution time: 95.43029308319092 seconds
metaTables/vocal_music_demucs_16k/metaData_ismir04_genre/row1018.csv
Execution time: 96.07190465927124 seconds
metaTables/vocal_music_demucs_16k/metaData_ismir04_genre/row1019.csv
Execution time: 95.97831702232361 seconds
metaTables/vocal_music_demucs_16k/metaData_ismir04_genre/row1020.csv
Execution time: 101.44873094558716 seconds
metaTables/vocal_music_demucs_16k/metaData_ismir04_genre/row1021.csv
Execution time: 96.1993658542633 seconds
metaTables/vocal_music_demucs_16k/metaData_ismir04_genre/row1022.csv
Execution time: 94.89110827445984 seconds
metaTables/vocal_music_demucs_16k/metaData_ismir04_genre/row1023.csv
Execution time: 94.09707260131836 seconds
metaTables/vocal_music_demucs_16k/metaData_ismir04_genre/row1024.csv
Execution time: 95.65019249916077 seconds
metaTables/vocal_music_demucs_16k/metaData_ismir04_genre/row1025.csv
Execution time: 96.24655485153198 seconds
metaTables/vocal_music_demucs_16k/metaData_ismir04_genre/row1026.csv
Execution time: 90.7582106590271 seconds
metaTables/vocal_music_demucs_16k/metaData_ismir04_genre/row1027.csv
Execution time: 86.6962661743164 seconds
metaTables/vocal_music_demucs_16k/metaData_ismir04_genre/row1028.csv
Execution time: 95.0349109172821 seconds
metaTables/vocal_music_demucs_16k/metaData_ismir04_genre/row1029.csv
Execution time: 94.34950470924377 seconds
metaTables/vocal_music_demucs_16k/metaData_ismir04_genre/row1030.csv
Execution time: 96.88673901557922 seconds
metaTables/vocal_music_demucs_16k/metaData_ismir04_genre/row1031.csv
Execution time: 97.21797490119934 seconds
metaTables/vocal_music_demucs_16k/metaData_ismir04_genre/row1032.csv
***** ERROR in n_row=1033: Unspecified internal error.
Execution time: 97.74993872642517 seconds
metaTables/vocal_music_demucs_16k/metaData_ismir04_genre/row1034.csv
Execution time: 96.73176622390747 seconds
metaTables/vocal_music_demucs_16k/metaData_ismir04_genre/row1035.csv
Execution time: 97.23885679244995 seconds
metaTables/vocal_music_demucs_16k/metaData_ismir04_genre/row1036.csv
Execution time: 94.99935674667358 seconds
metaTables/vocal_music_demucs_16k/metaData_ismir04_genre/row1037.csv
Execution time: 95.61656260490417 seconds
metaTables/vocal_music_demucs_16k/metaData_ismir04_genre/row1038.csv
Execution time: 96.98169898986816 seconds
metaTables/vocal_music_demucs_16k/metaData_ismir04_genre/row1039.csv
Execution time: 93.88768553733826 seconds
metaTables/vocal_music_demucs_16k/metaData_ismir04_genre/row1040.csv
Execution time: 96.68357634544373 seconds
metaTables/vocal_music_demucs_16k/metaData_ismir04_genre/row1041.csv
Execution time: 103.4356598854065 seconds
metaTables/vocal_music_demucs_16k/metaData_ismir04_genre/row1042.csv
Execution time: 96.51205253601074 seconds
metaTables/vocal_music_demucs_16k/metaData_ismir04_genre/row1043.csv
Execution time: 93.24454116821289 seconds
metaTables/vocal_music_demucs_16k/metaData_ismir04_genre/row1044.csv
Execution time: 95.0362651348114 seconds
metaTables/vocal_music_demucs_16k/metaData_ismir04_genre/row1045.csv
Execution time: 94.56109142303467 seconds
metaTables/vocal_music_demucs_16k/metaData_ismir04_genre/row1046.csv
Execution time: 94.94488525390625 seconds
metaTables/vocal_music_demucs_16k/metaData_ismir04_genre/row1047.csv
Execution time: 96.4766321182251 seconds
metaTables/vocal_music_demucs_16k/metaData_ismir04_genre/row1048.csv
Execution time: 64.85637354850769 seconds
metaTables/vocal_music_demucs_16k/metaData_ismir04_genre/row1049.csv
Execution time: 93.58010816574097 seconds
metaTables/vocal_music_demucs_16k/metaData_ismir04_genre/row1050.csv
Execution time: 95.30321335792542 seconds
metaTables/vocal_music_demucs_16k/metaData_ismir04_genre/row1051.csv
Execution time: 96.81025171279907 seconds
metaTables/vocal_music_demucs_16k/metaData_ismir04_genre/row1052.csv
Execution time: 65.93466234207153 seconds
metaTables/vocal_music_demucs_16k/metaData_ismir04_genre/row1053.csv
Execution time: 77.72986721992493 seconds
metaTables/vocal_music_demucs_16k/metaData_ismir04_genre/row1054.csv
Execution time: 98.44509863853455 seconds
metaTables/vocal_music_demucs_16k/metaData_ismir04_genre/row1055.csv
Execution time: 92.48740553855896 seconds
metaTables/vocal_music_demucs_16k/metaData_ismir04_genre/row1056.csv
Execution time: 36.57375121116638 seconds
metaTables/vocal_music_demucs_16k/metaData_ismir04_genre/row1057.csv
Execution time: 96.3471851348877 seconds
metaTables/vocal_music_demucs_16k/metaData_ismir04_genre/row1058.csv
***** ERROR in n_row=1059: Unspecified internal error.
Execution time: 93.38541150093079 seconds
metaTables/vocal_music_demucs_16k/metaData_ismir04_genre/row1060.csv
Execution time: 95.57599902153015 seconds
metaTables/vocal_music_demucs_16k/metaData_ismir04_genre/row1061.csv
Execution time: 56.09626293182373 seconds
metaTables/vocal_music_demucs_16k/metaData_ismir04_genre/row1062.csv
Execution time: 86.50847268104553 seconds
metaTables/vocal_music_demucs_16k/metaData_ismir04_genre/row1063.csv
Execution time: 97.71535277366638 seconds
metaTables/vocal_music_demucs_16k/metaData_ismir04_genre/row1064.csv
Execution time: 93.6493513584137 seconds
metaTables/vocal_music_demucs_16k/metaData_ismir04_genre/row1065.csv
Execution time: 93.83992576599121 seconds
metaTables/vocal_music_demucs_16k/metaData_ismir04_genre/row1066.csv
Execution time: 101.12667965888977 seconds
metaTables/vocal_music_demucs_16k/metaData_ismir04_genre/row1067.csv
Execution time: 93.11493468284607 seconds
metaTables/vocal_music_demucs_16k/metaData_ismir04_genre/row1068.csv
Execution time: 95.23019051551819 seconds
metaTables/vocal_music_demucs_16k/metaData_ismir04_genre/row1069.csv
Execution time: 97.02708649635315 seconds
metaTables/vocal_music_demucs_16k/metaData_ismir04_genre/row1070.csv
Execution time: 97.93936347961426 seconds
metaTables/vocal_music_demucs_16k/metaData_ismir04_genre/row1071.csv
Execution time: 94.80358409881592 seconds
metaTables/vocal_music_demucs_16k/metaData_ismir04_genre/row1072.csv
Execution time: 96.15223574638367 seconds
metaTables/vocal_music_demucs_16k/metaData_ismir04_genre/row1073.csv
Execution time: 94.42810916900635 seconds
metaTables/vocal_music_demucs_16k/metaData_ismir04_genre/row1074.csv
Execution time: 95.12083578109741 seconds
metaTables/vocal_music_demucs_16k/metaData_ismir04_genre/row1075.csv
Execution time: 95.23983383178711 seconds
metaTables/vocal_music_demucs_16k/metaData_ismir04_genre/row1076.csv
Execution time: 96.65293192863464 seconds
metaTables/vocal_music_demucs_16k/metaData_ismir04_genre/row1077.csv
Execution time: 100.29667115211487 seconds
metaTables/vocal_music_demucs_16k/metaData_ismir04_genre/row1078.csv
Execution time: 94.15712475776672 seconds
metaTables/vocal_music_demucs_16k/metaData_ismir04_genre/row1079.csv
Execution time: 46.75980496406555 seconds
metaTables/vocal_music_demucs_16k/metaData_ismir04_genre/row1080.csv
Execution time: 88.84796524047852 seconds
metaTables/vocal_music_demucs_16k/metaData_ismir04_genre/row1081.csv
Execution time: 100.51516842842102 seconds
metaTables/vocal_music_demucs_16k/metaData_ismir04_genre/row1082.csv
Execution time: 93.4410936832428 seconds
metaTables/vocal_music_demucs_16k/metaData_ismir04_genre/row1083.csv
Execution time: 93.33765029907227 seconds
metaTables/vocal_music_demucs_16k/metaData_ismir04_genre/row1084.csv
Execution time: 91.29288101196289 seconds
metaTables/vocal_music_demucs_16k/metaData_ismir04_genre/row1085.csv
Execution time: 95.23603177070618 seconds
metaTables/vocal_music_demucs_16k/metaData_ismir04_genre/row1086.csv
Execution time: 88.08189249038696 seconds
metaTables/vocal_music_demucs_16k/metaData_ismir04_genre/row1087.csv
Execution time: 91.45078611373901 seconds
metaTables/vocal_music_demucs_16k/metaData_ismir04_genre/row1088.csv
Execution time: 92.91608262062073 seconds
metaTables/vocal_music_demucs_16k/metaData_ismir04_genre/row1089.csv
Execution time: 93.64815139770508 seconds
metaTables/vocal_music_demucs_16k/metaData_ismir04_genre/row1090.csv
Execution time: 93.74919557571411 seconds
metaTables/vocal_music_demucs_16k/metaData_ismir04_genre/row1091.csv
Execution time: 91.43176484107971 seconds
metaTables/vocal_music_demucs_16k/metaData_ismir04_genre/row1092.csv
Execution time: 88.85964798927307 seconds
metaTables/vocal_music_demucs_16k/metaData_ismir04_genre/row1093.csv
Execution time: 93.08561754226685 seconds
metaTables/vocal_music_demucs_16k/metaData_ismir04_genre/row1094.csv
Execution time: 90.95591902732849 seconds
metaTables/vocal_music_demucs_16k/metaData_ismir04_genre/row1095.csv
Execution time: 92.18640303611755 seconds
metaTables/vocal_music_demucs_16k/metaData_ismir04_genre/row1096.csv
Execution time: 89.05737781524658 seconds
metaTables/vocal_music_demucs_16k/metaData_ismir04_genre/row1097.csv
Execution time: 86.25308680534363 seconds
metaTables/vocal_music_demucs_16k/metaData_ismir04_genre/row1098.csv
Execution time: 82.32857751846313 seconds
metaTables/vocal_music_demucs_16k/metaData_ismir04_genre/row1099.csv
Demucs voice recognition done!
