/ext3/demucs/lib/python3.9/site-packages/demucs/api.py:27: UserWarning: TorchAudio's global backend is now deprecated. Please enable distpatcher by setting `TORCHAUDIO_USE_BACKEND_DISPATCHER=1`, and specify backend when calling load/info/save function.
  import torchaudio as ta
2024-05-10 02:06:25.749571: I tensorflow/core/util/port.cc:113] oneDNN custom operations are on. You may see slightly different numerical results due to floating-point round-off errors from different computation orders. To turn them off, set the environment variable `TF_ENABLE_ONEDNN_OPTS=0`.
2024-05-10 02:06:26.466134: E external/local_xla/xla/stream_executor/cuda/cuda_dnn.cc:9261] Unable to register cuDNN factory: Attempting to register factory for plugin cuDNN when one has already been registered
2024-05-10 02:06:26.466185: E external/local_xla/xla/stream_executor/cuda/cuda_fft.cc:607] Unable to register cuFFT factory: Attempting to register factory for plugin cuFFT when one has already been registered
2024-05-10 02:06:26.524168: E external/local_xla/xla/stream_executor/cuda/cuda_blas.cc:1515] Unable to register cuBLAS factory: Attempting to register factory for plugin cuBLAS when one has already been registered
2024-05-10 02:06:26.590922: I tensorflow/core/platform/cpu_feature_guard.cc:182] This TensorFlow binary is optimized to use available CPU instructions in performance-critical operations.
To enable the following instructions: AVX2 AVX512F AVX512_VNNI FMA, in other operations, rebuild TensorFlow with the appropriate compiler flags.
2024-05-10 02:06:27.575830: W tensorflow/compiler/tf2tensorrt/utils/py_utils.cc:38] TF-TRT Warning: Could not find TensorRT
Execution time: 103.27837610244751 seconds
metaTables/vocal_music_demucs_16k/metaData_ismir04_genre/row1000.csv
Execution time: 101.99109387397766 seconds
metaTables/vocal_music_demucs_16k/metaData_ismir04_genre/row1001.csv
Execution time: 105.56938910484314 seconds
metaTables/vocal_music_demucs_16k/metaData_ismir04_genre/row1002.csv
Execution time: 104.81789517402649 seconds
metaTables/vocal_music_demucs_16k/metaData_ismir04_genre/row1003.csv
Execution time: 109.04253649711609 seconds
metaTables/vocal_music_demucs_16k/metaData_ismir04_genre/row1004.csv
Execution time: 103.91229605674744 seconds
metaTables/vocal_music_demucs_16k/metaData_ismir04_genre/row1005.csv
Execution time: 106.9796576499939 seconds
metaTables/vocal_music_demucs_16k/metaData_ismir04_genre/row1006.csv
Execution time: 103.03670620918274 seconds
metaTables/vocal_music_demucs_16k/metaData_ismir04_genre/row1007.csv
Execution time: 111.24907326698303 seconds
metaTables/vocal_music_demucs_16k/metaData_ismir04_genre/row1008.csv
Execution time: 107.44653725624084 seconds
metaTables/vocal_music_demucs_16k/metaData_ismir04_genre/row1009.csv
Execution time: 103.04238939285278 seconds
metaTables/vocal_music_demucs_16k/metaData_ismir04_genre/row1010.csv
Execution time: 70.15066576004028 seconds
metaTables/vocal_music_demucs_16k/metaData_ismir04_genre/row1011.csv
Execution time: 107.74679040908813 seconds
metaTables/vocal_music_demucs_16k/metaData_ismir04_genre/row1012.csv
Execution time: 102.50529551506042 seconds
metaTables/vocal_music_demucs_16k/metaData_ismir04_genre/row1013.csv
Execution time: 104.33345460891724 seconds
metaTables/vocal_music_demucs_16k/metaData_ismir04_genre/row1014.csv
Execution time: 104.21192598342896 seconds
metaTables/vocal_music_demucs_16k/metaData_ismir04_genre/row1015.csv
Execution time: 107.0979015827179 seconds
metaTables/vocal_music_demucs_16k/metaData_ismir04_genre/row1016.csv
Execution time: 98.96240854263306 seconds
metaTables/vocal_music_demucs_16k/metaData_ismir04_genre/row1017.csv
Execution time: 100.32061767578125 seconds
metaTables/vocal_music_demucs_16k/metaData_ismir04_genre/row1018.csv
Execution time: 102.13801980018616 seconds
metaTables/vocal_music_demucs_16k/metaData_ismir04_genre/row1019.csv
Execution time: 99.16775226593018 seconds
metaTables/vocal_music_demucs_16k/metaData_ismir04_genre/row1020.csv
Execution time: 113.87091875076294 seconds
metaTables/vocal_music_demucs_16k/metaData_ismir04_genre/row1021.csv
Execution time: 101.43267560005188 seconds
metaTables/vocal_music_demucs_16k/metaData_ismir04_genre/row1022.csv
SKIPPING: metaTables/vocal_music_demucs_16k/metaData_ismir04_genre/row1023.csv
Execution time: 100.68170070648193 seconds
metaTables/vocal_music_demucs_16k/metaData_ismir04_genre/row1024.csv
Execution time: 101.05567169189453 seconds
metaTables/vocal_music_demucs_16k/metaData_ismir04_genre/row1025.csv
Execution time: 102.07216382026672 seconds
metaTables/vocal_music_demucs_16k/metaData_ismir04_genre/row1026.csv
Execution time: 95.53393340110779 seconds
metaTables/vocal_music_demucs_16k/metaData_ismir04_genre/row1027.csv
Execution time: 92.49257969856262 seconds
metaTables/vocal_music_demucs_16k/metaData_ismir04_genre/row1028.csv
Execution time: 102.55004811286926 seconds
metaTables/vocal_music_demucs_16k/metaData_ismir04_genre/row1029.csv
Execution time: 102.02575182914734 seconds
metaTables/vocal_music_demucs_16k/metaData_ismir04_genre/row1030.csv
Execution time: 101.643474817276 seconds
metaTables/vocal_music_demucs_16k/metaData_ismir04_genre/row1031.csv
Execution time: 106.5054337978363 seconds
metaTables/vocal_music_demucs_16k/metaData_ismir04_genre/row1032.csv
***** ERROR in n_row=1033: Unspecified internal error.
Execution time: 103.77373814582825 seconds
metaTables/vocal_music_demucs_16k/metaData_ismir04_genre/row1034.csv
Execution time: 108.87400722503662 seconds
metaTables/vocal_music_demucs_16k/metaData_ismir04_genre/row1035.csv
Execution time: 103.91531825065613 seconds
metaTables/vocal_music_demucs_16k/metaData_ismir04_genre/row1036.csv
Execution time: 106.09057235717773 seconds
metaTables/vocal_music_demucs_16k/metaData_ismir04_genre/row1037.csv
Execution time: 103.64058089256287 seconds
metaTables/vocal_music_demucs_16k/metaData_ismir04_genre/row1038.csv
Execution time: 103.99554920196533 seconds
metaTables/vocal_music_demucs_16k/metaData_ismir04_genre/row1039.csv
SKIPPING: metaTables/vocal_music_demucs_16k/metaData_ismir04_genre/row1040.csv
Execution time: 105.25256299972534 seconds
metaTables/vocal_music_demucs_16k/metaData_ismir04_genre/row1041.csv
Execution time: 111.5659990310669 seconds
metaTables/vocal_music_demucs_16k/metaData_ismir04_genre/row1042.csv
Execution time: 101.08279776573181 seconds
metaTables/vocal_music_demucs_16k/metaData_ismir04_genre/row1043.csv
Execution time: 102.64943861961365 seconds
metaTables/vocal_music_demucs_16k/metaData_ismir04_genre/row1044.csv
Execution time: 101.42444610595703 seconds
metaTables/vocal_music_demucs_16k/metaData_ismir04_genre/row1045.csv
Execution time: 100.91543531417847 seconds
metaTables/vocal_music_demucs_16k/metaData_ismir04_genre/row1046.csv
Execution time: 99.72424745559692 seconds
metaTables/vocal_music_demucs_16k/metaData_ismir04_genre/row1047.csv
Execution time: 103.44791769981384 seconds
metaTables/vocal_music_demucs_16k/metaData_ismir04_genre/row1048.csv
Execution time: 71.278733253479 seconds
metaTables/vocal_music_demucs_16k/metaData_ismir04_genre/row1049.csv
Execution time: 99.14436602592468 seconds
metaTables/vocal_music_demucs_16k/metaData_ismir04_genre/row1050.csv
Execution time: 98.91379737854004 seconds
metaTables/vocal_music_demucs_16k/metaData_ismir04_genre/row1051.csv
Execution time: 101.43181371688843 seconds
metaTables/vocal_music_demucs_16k/metaData_ismir04_genre/row1052.csv
SKIPPING: metaTables/vocal_music_demucs_16k/metaData_ismir04_genre/row1053.csv
Execution time: 86.48240232467651 seconds
metaTables/vocal_music_demucs_16k/metaData_ismir04_genre/row1054.csv
Execution time: 105.08679699897766 seconds
metaTables/vocal_music_demucs_16k/metaData_ismir04_genre/row1055.csv
Execution time: 101.19784617424011 seconds
metaTables/vocal_music_demucs_16k/metaData_ismir04_genre/row1056.csv
SKIPPING: metaTables/vocal_music_demucs_16k/metaData_ismir04_genre/row1057.csv
Execution time: 107.16180753707886 seconds
metaTables/vocal_music_demucs_16k/metaData_ismir04_genre/row1058.csv
***** ERROR in n_row=1059: Unspecified internal error.
Execution time: 101.79878377914429 seconds
metaTables/vocal_music_demucs_16k/metaData_ismir04_genre/row1060.csv
Execution time: 100.87253522872925 seconds
metaTables/vocal_music_demucs_16k/metaData_ismir04_genre/row1061.csv
Execution time: 60.995115518569946 seconds
metaTables/vocal_music_demucs_16k/metaData_ismir04_genre/row1062.csv
Execution time: 94.61331868171692 seconds
metaTables/vocal_music_demucs_16k/metaData_ismir04_genre/row1063.csv
Execution time: 100.71700549125671 seconds
metaTables/vocal_music_demucs_16k/metaData_ismir04_genre/row1064.csv
Execution time: 102.27449011802673 seconds
metaTables/vocal_music_demucs_16k/metaData_ismir04_genre/row1065.csv
Execution time: 100.25559830665588 seconds
metaTables/vocal_music_demucs_16k/metaData_ismir04_genre/row1066.csv
Execution time: 107.42456984519958 seconds
metaTables/vocal_music_demucs_16k/metaData_ismir04_genre/row1067.csv
Execution time: 97.25083708763123 seconds
metaTables/vocal_music_demucs_16k/metaData_ismir04_genre/row1068.csv
Execution time: 97.71911454200745 seconds
metaTables/vocal_music_demucs_16k/metaData_ismir04_genre/row1069.csv
Execution time: 103.06881093978882 seconds
metaTables/vocal_music_demucs_16k/metaData_ismir04_genre/row1070.csv
Execution time: 108.57466888427734 seconds
metaTables/vocal_music_demucs_16k/metaData_ismir04_genre/row1071.csv
Execution time: 100.60131978988647 seconds
metaTables/vocal_music_demucs_16k/metaData_ismir04_genre/row1072.csv
Execution time: 104.56947755813599 seconds
metaTables/vocal_music_demucs_16k/metaData_ismir04_genre/row1073.csv
SKIPPING: metaTables/vocal_music_demucs_16k/metaData_ismir04_genre/row1074.csv
Execution time: 98.62772226333618 seconds
metaTables/vocal_music_demucs_16k/metaData_ismir04_genre/row1075.csv
Execution time: 97.83962154388428 seconds
metaTables/vocal_music_demucs_16k/metaData_ismir04_genre/row1076.csv
Execution time: 102.56707286834717 seconds
metaTables/vocal_music_demucs_16k/metaData_ismir04_genre/row1077.csv
Execution time: 108.76408314704895 seconds
metaTables/vocal_music_demucs_16k/metaData_ismir04_genre/row1078.csv
Execution time: 100.35015749931335 seconds
metaTables/vocal_music_demucs_16k/metaData_ismir04_genre/row1079.csv
Execution time: 52.310973167419434 seconds
metaTables/vocal_music_demucs_16k/metaData_ismir04_genre/row1080.csv
Execution time: 102.06826686859131 seconds
metaTables/vocal_music_demucs_16k/metaData_ismir04_genre/row1081.csv
Execution time: 106.37794756889343 seconds
metaTables/vocal_music_demucs_16k/metaData_ismir04_genre/row1082.csv
Execution time: 102.42070484161377 seconds
metaTables/vocal_music_demucs_16k/metaData_ismir04_genre/row1083.csv
Execution time: 102.56657695770264 seconds
metaTables/vocal_music_demucs_16k/metaData_ismir04_genre/row1084.csv
Execution time: 102.77627348899841 seconds
metaTables/vocal_music_demucs_16k/metaData_ismir04_genre/row1085.csv
SKIPPING: metaTables/vocal_music_demucs_16k/metaData_ismir04_genre/row1086.csv
Execution time: 101.62692737579346 seconds
metaTables/vocal_music_demucs_16k/metaData_ismir04_genre/row1087.csv
Execution time: 106.54894018173218 seconds
metaTables/vocal_music_demucs_16k/metaData_ismir04_genre/row1088.csv
Execution time: 105.31436157226562 seconds
metaTables/vocal_music_demucs_16k/metaData_ismir04_genre/row1089.csv
Execution time: 110.277108669281 seconds
metaTables/vocal_music_demucs_16k/metaData_ismir04_genre/row1090.csv
Execution time: 102.01736688613892 seconds
metaTables/vocal_music_demucs_16k/metaData_ismir04_genre/row1091.csv
Execution time: 101.65231776237488 seconds
metaTables/vocal_music_demucs_16k/metaData_ismir04_genre/row1092.csv
Execution time: 100.52921462059021 seconds
metaTables/vocal_music_demucs_16k/metaData_ismir04_genre/row1093.csv
Execution time: 99.70890808105469 seconds
metaTables/vocal_music_demucs_16k/metaData_ismir04_genre/row1094.csv
SKIPPING: metaTables/vocal_music_demucs_16k/metaData_ismir04_genre/row1095.csv
Execution time: 102.31989359855652 seconds
metaTables/vocal_music_demucs_16k/metaData_ismir04_genre/row1096.csv
Execution time: 105.45244860649109 seconds
metaTables/vocal_music_demucs_16k/metaData_ismir04_genre/row1097.csv
Execution time: 102.69223213195801 seconds
metaTables/vocal_music_demucs_16k/metaData_ismir04_genre/row1098.csv
Execution time: 98.69390487670898 seconds
metaTables/vocal_music_demucs_16k/metaData_ismir04_genre/row1099.csv
Demucs voice recognition done!
