/ext3/demucs/lib/python3.9/site-packages/demucs/api.py:27: UserWarning: TorchAudio's global backend is now deprecated. Please enable distpatcher by setting `TORCHAUDIO_USE_BACKEND_DISPATCHER=1`, and specify backend when calling load/info/save function.
  import torchaudio as ta
2024-05-09 09:26:47.998390: I tensorflow/core/util/port.cc:113] oneDNN custom operations are on. You may see slightly different numerical results due to floating-point round-off errors from different computation orders. To turn them off, set the environment variable `TF_ENABLE_ONEDNN_OPTS=0`.
2024-05-09 09:26:50.378701: E external/local_xla/xla/stream_executor/cuda/cuda_dnn.cc:9261] Unable to register cuDNN factory: Attempting to register factory for plugin cuDNN when one has already been registered
2024-05-09 09:26:50.378748: E external/local_xla/xla/stream_executor/cuda/cuda_fft.cc:607] Unable to register cuFFT factory: Attempting to register factory for plugin cuFFT when one has already been registered
2024-05-09 09:26:50.439586: E external/local_xla/xla/stream_executor/cuda/cuda_blas.cc:1515] Unable to register cuBLAS factory: Attempting to register factory for plugin cuBLAS when one has already been registered
2024-05-09 09:26:51.229835: I tensorflow/core/platform/cpu_feature_guard.cc:182] This TensorFlow binary is optimized to use available CPU instructions in performance-critical operations.
To enable the following instructions: AVX2 AVX512F AVX512_VNNI FMA, in other operations, rebuild TensorFlow with the appropriate compiler flags.
2024-05-09 09:26:54.807517: W tensorflow/compiler/tf2tensorrt/utils/py_utils.cc:38] TF-TRT Warning: Could not find TensorRT
Warning: Xing stream size off by more than 1%, fuzzy seeking may be even more fuzzy than by design!
SKIPPING: metaTables/vocal_music_demucs_16k/metaData_ismir04_genre/row1300.csv
SKIPPING: metaTables/vocal_music_demucs_16k/metaData_ismir04_genre/row1301.csv
SKIPPING: metaTables/vocal_music_demucs_16k/metaData_ismir04_genre/row1302.csv
SKIPPING: metaTables/vocal_music_demucs_16k/metaData_ismir04_genre/row1303.csv
SKIPPING: metaTables/vocal_music_demucs_16k/metaData_ismir04_genre/row1304.csv
SKIPPING: metaTables/vocal_music_demucs_16k/metaData_ismir04_genre/row1305.csv
SKIPPING: metaTables/vocal_music_demucs_16k/metaData_ismir04_genre/row1306.csv
SKIPPING: metaTables/vocal_music_demucs_16k/metaData_ismir04_genre/row1307.csv
SKIPPING: metaTables/vocal_music_demucs_16k/metaData_ismir04_genre/row1308.csv
SKIPPING: metaTables/vocal_music_demucs_16k/metaData_ismir04_genre/row1309.csv
SKIPPING: metaTables/vocal_music_demucs_16k/metaData_ismir04_genre/row1310.csv
SKIPPING: metaTables/vocal_music_demucs_16k/metaData_ismir04_genre/row1311.csv
SKIPPING: metaTables/vocal_music_demucs_16k/metaData_ismir04_genre/row1312.csv
SKIPPING: metaTables/vocal_music_demucs_16k/metaData_ismir04_genre/row1313.csv
SKIPPING: metaTables/vocal_music_demucs_16k/metaData_ismir04_genre/row1314.csv
SKIPPING: metaTables/vocal_music_demucs_16k/metaData_ismir04_genre/row1315.csv
SKIPPING: metaTables/vocal_music_demucs_16k/metaData_ismir04_genre/row1316.csv
SKIPPING: metaTables/vocal_music_demucs_16k/metaData_ismir04_genre/row1317.csv
SKIPPING: metaTables/vocal_music_demucs_16k/metaData_ismir04_genre/row1318.csv
SKIPPING: metaTables/vocal_music_demucs_16k/metaData_ismir04_genre/row1319.csv
SKIPPING: metaTables/vocal_music_demucs_16k/metaData_ismir04_genre/row1320.csv
SKIPPING: metaTables/vocal_music_demucs_16k/metaData_ismir04_genre/row1321.csv
SKIPPING: metaTables/vocal_music_demucs_16k/metaData_ismir04_genre/row1322.csv
SKIPPING: metaTables/vocal_music_demucs_16k/metaData_ismir04_genre/row1323.csv
SKIPPING: metaTables/vocal_music_demucs_16k/metaData_ismir04_genre/row1324.csv
SKIPPING: metaTables/vocal_music_demucs_16k/metaData_ismir04_genre/row1325.csv
SKIPPING: metaTables/vocal_music_demucs_16k/metaData_ismir04_genre/row1326.csv
SKIPPING: metaTables/vocal_music_demucs_16k/metaData_ismir04_genre/row1327.csv
SKIPPING: metaTables/vocal_music_demucs_16k/metaData_ismir04_genre/row1328.csv
SKIPPING: metaTables/vocal_music_demucs_16k/metaData_ismir04_genre/row1329.csv
SKIPPING: metaTables/vocal_music_demucs_16k/metaData_ismir04_genre/row1330.csv
SKIPPING: metaTables/vocal_music_demucs_16k/metaData_ismir04_genre/row1331.csv
SKIPPING: metaTables/vocal_music_demucs_16k/metaData_ismir04_genre/row1332.csv
SKIPPING: metaTables/vocal_music_demucs_16k/metaData_ismir04_genre/row1333.csv
SKIPPING: metaTables/vocal_music_demucs_16k/metaData_ismir04_genre/row1334.csv
SKIPPING: metaTables/vocal_music_demucs_16k/metaData_ismir04_genre/row1335.csv
SKIPPING: metaTables/vocal_music_demucs_16k/metaData_ismir04_genre/row1336.csv
SKIPPING: metaTables/vocal_music_demucs_16k/metaData_ismir04_genre/row1337.csv
SKIPPING: metaTables/vocal_music_demucs_16k/metaData_ismir04_genre/row1338.csv
SKIPPING: metaTables/vocal_music_demucs_16k/metaData_ismir04_genre/row1339.csv
SKIPPING: metaTables/vocal_music_demucs_16k/metaData_ismir04_genre/row1340.csv
SKIPPING: metaTables/vocal_music_demucs_16k/metaData_ismir04_genre/row1341.csv
SKIPPING: metaTables/vocal_music_demucs_16k/metaData_ismir04_genre/row1342.csv
SKIPPING: metaTables/vocal_music_demucs_16k/metaData_ismir04_genre/row1343.csv
SKIPPING: metaTables/vocal_music_demucs_16k/metaData_ismir04_genre/row1344.csv
SKIPPING: metaTables/vocal_music_demucs_16k/metaData_ismir04_genre/row1345.csv
SKIPPING: metaTables/vocal_music_demucs_16k/metaData_ismir04_genre/row1346.csv
SKIPPING: metaTables/vocal_music_demucs_16k/metaData_ismir04_genre/row1347.csv
SKIPPING: metaTables/vocal_music_demucs_16k/metaData_ismir04_genre/row1348.csv
SKIPPING: metaTables/vocal_music_demucs_16k/metaData_ismir04_genre/row1349.csv
SKIPPING: metaTables/vocal_music_demucs_16k/metaData_ismir04_genre/row1350.csv
Execution time: 99.41519856452942 seconds
metaTables/vocal_music_demucs_16k/metaData_ismir04_genre/row1351.csv
Execution time: 92.30274939537048 seconds
metaTables/vocal_music_demucs_16k/metaData_ismir04_genre/row1352.csv
Execution time: 94.84025526046753 seconds
metaTables/vocal_music_demucs_16k/metaData_ismir04_genre/row1353.csv
Execution time: 94.73462271690369 seconds
metaTables/vocal_music_demucs_16k/metaData_ismir04_genre/row1354.csv
Execution time: 94.80617308616638 seconds
metaTables/vocal_music_demucs_16k/metaData_ismir04_genre/row1355.csv
Execution time: 89.20471739768982 seconds
metaTables/vocal_music_demucs_16k/metaData_ismir04_genre/row1356.csv
Execution time: 94.15040946006775 seconds
metaTables/vocal_music_demucs_16k/metaData_ismir04_genre/row1357.csv
Execution time: 52.113619565963745 seconds
metaTables/vocal_music_demucs_16k/metaData_ismir04_genre/row1358.csv
Execution time: 90.05196213722229 seconds
metaTables/vocal_music_demucs_16k/metaData_ismir04_genre/row1359.csv
Execution time: 88.34567618370056 seconds
metaTables/vocal_music_demucs_16k/metaData_ismir04_genre/row1360.csv
Execution time: 91.59660696983337 seconds
metaTables/vocal_music_demucs_16k/metaData_ismir04_genre/row1361.csv
Execution time: 90.9626841545105 seconds
metaTables/vocal_music_demucs_16k/metaData_ismir04_genre/row1362.csv
Execution time: 89.76752829551697 seconds
metaTables/vocal_music_demucs_16k/metaData_ismir04_genre/row1363.csv
Execution time: 87.79587697982788 seconds
metaTables/vocal_music_demucs_16k/metaData_ismir04_genre/row1364.csv
Execution time: 90.16686797142029 seconds
metaTables/vocal_music_demucs_16k/metaData_ismir04_genre/row1365.csv
Execution time: 89.70370626449585 seconds
metaTables/vocal_music_demucs_16k/metaData_ismir04_genre/row1366.csv
Execution time: 91.89096021652222 seconds
metaTables/vocal_music_demucs_16k/metaData_ismir04_genre/row1367.csv
Execution time: 90.03043699264526 seconds
metaTables/vocal_music_demucs_16k/metaData_ismir04_genre/row1368.csv
Execution time: 87.16998147964478 seconds
metaTables/vocal_music_demucs_16k/metaData_ismir04_genre/row1369.csv
Execution time: 89.12320756912231 seconds
metaTables/vocal_music_demucs_16k/metaData_ismir04_genre/row1370.csv
Execution time: 90.04082369804382 seconds
metaTables/vocal_music_demucs_16k/metaData_ismir04_genre/row1371.csv
Execution time: 90.21507143974304 seconds
metaTables/vocal_music_demucs_16k/metaData_ismir04_genre/row1372.csv
Execution time: 96.34436082839966 seconds
metaTables/vocal_music_demucs_16k/metaData_ismir04_genre/row1373.csv
Execution time: 94.76593518257141 seconds
metaTables/vocal_music_demucs_16k/metaData_ismir04_genre/row1374.csv
Execution time: 71.78115653991699 seconds
metaTables/vocal_music_demucs_16k/metaData_ismir04_genre/row1375.csv
Execution time: 64.69194531440735 seconds
metaTables/vocal_music_demucs_16k/metaData_ismir04_genre/row1376.csv
Execution time: 90.98852348327637 seconds
metaTables/vocal_music_demucs_16k/metaData_ismir04_genre/row1377.csv
Execution time: 91.83951687812805 seconds
metaTables/vocal_music_demucs_16k/metaData_ismir04_genre/row1378.csv
Execution time: 92.06145358085632 seconds
metaTables/vocal_music_demucs_16k/metaData_ismir04_genre/row1379.csv
Execution time: 75.80054950714111 seconds
metaTables/vocal_music_demucs_16k/metaData_ismir04_genre/row1380.csv
Execution time: 102.18331551551819 seconds
metaTables/vocal_music_demucs_16k/metaData_ismir04_genre/row1381.csv
Execution time: 90.4489815235138 seconds
metaTables/vocal_music_demucs_16k/metaData_ismir04_genre/row1382.csv
Execution time: 91.68948936462402 seconds
metaTables/vocal_music_demucs_16k/metaData_ismir04_genre/row1383.csv
Execution time: 87.15372061729431 seconds
metaTables/vocal_music_demucs_16k/metaData_ismir04_genre/row1384.csv
Execution time: 96.04249572753906 seconds
metaTables/vocal_music_demucs_16k/metaData_ismir04_genre/row1385.csv
Execution time: 71.19221425056458 seconds
metaTables/vocal_music_demucs_16k/metaData_ismir04_genre/row1386.csv
Execution time: 90.64069080352783 seconds
metaTables/vocal_music_demucs_16k/metaData_ismir04_genre/row1387.csv
Execution time: 85.8894407749176 seconds
metaTables/vocal_music_demucs_16k/metaData_ismir04_genre/row1388.csv
Execution time: 89.20875477790833 seconds
metaTables/vocal_music_demucs_16k/metaData_ismir04_genre/row1389.csv
Execution time: 86.69370937347412 seconds
metaTables/vocal_music_demucs_16k/metaData_ismir04_genre/row1390.csv
Execution time: 85.95227789878845 seconds
metaTables/vocal_music_demucs_16k/metaData_ismir04_genre/row1391.csv
Execution time: 85.54217457771301 seconds
metaTables/vocal_music_demucs_16k/metaData_ismir04_genre/row1392.csv
Execution time: 89.81845355033875 seconds
metaTables/vocal_music_demucs_16k/metaData_ismir04_genre/row1393.csv
Execution time: 89.11557507514954 seconds
metaTables/vocal_music_demucs_16k/metaData_ismir04_genre/row1394.csv
Execution time: 91.08557033538818 seconds
metaTables/vocal_music_demucs_16k/metaData_ismir04_genre/row1395.csv
Execution time: 88.59296488761902 seconds
metaTables/vocal_music_demucs_16k/metaData_ismir04_genre/row1396.csv
Execution time: 93.85297536849976 seconds
metaTables/vocal_music_demucs_16k/metaData_ismir04_genre/row1397.csv
Execution time: 89.63190293312073 seconds
metaTables/vocal_music_demucs_16k/metaData_ismir04_genre/row1398.csv
Execution time: 86.36048078536987 seconds
metaTables/vocal_music_demucs_16k/metaData_ismir04_genre/row1399.csv
Demucs voice recognition done!
