/ext3/demucs/lib/python3.9/site-packages/demucs/api.py:27: UserWarning: TorchAudio's global backend is now deprecated. Please enable distpatcher by setting `TORCHAUDIO_USE_BACKEND_DISPATCHER=1`, and specify backend when calling load/info/save function.
  import torchaudio as ta
2024-05-10 02:06:25.759143: I tensorflow/core/util/port.cc:113] oneDNN custom operations are on. You may see slightly different numerical results due to floating-point round-off errors from different computation orders. To turn them off, set the environment variable `TF_ENABLE_ONEDNN_OPTS=0`.
2024-05-10 02:06:26.447544: E external/local_xla/xla/stream_executor/cuda/cuda_dnn.cc:9261] Unable to register cuDNN factory: Attempting to register factory for plugin cuDNN when one has already been registered
2024-05-10 02:06:26.447582: E external/local_xla/xla/stream_executor/cuda/cuda_fft.cc:607] Unable to register cuFFT factory: Attempting to register factory for plugin cuFFT when one has already been registered
2024-05-10 02:06:26.479388: E external/local_xla/xla/stream_executor/cuda/cuda_blas.cc:1515] Unable to register cuBLAS factory: Attempting to register factory for plugin cuBLAS when one has already been registered
2024-05-10 02:06:26.567606: I tensorflow/core/platform/cpu_feature_guard.cc:182] This TensorFlow binary is optimized to use available CPU instructions in performance-critical operations.
To enable the following instructions: AVX2 AVX512F AVX512_VNNI FMA, in other operations, rebuild TensorFlow with the appropriate compiler flags.
2024-05-10 02:06:27.445311: W tensorflow/compiler/tf2tensorrt/utils/py_utils.cc:38] TF-TRT Warning: Could not find TensorRT
Warning: Xing stream size off by more than 1%, fuzzy seeking may be even more fuzzy than by design!
Note: Illegal Audio-MPEG-Header 0x6e656b65 at offset 1662884.
Note: Trying to resync...
Note: Hit end of (available) data during resync.
Warning: Xing stream size off by more than 1%, fuzzy seeking may be even more fuzzy than by design!
Execution time: 59.924556255340576 seconds
metaTables/vocal_music_demucs_16k/metaData_ismir04_genre/row700.csv
Execution time: 97.34150099754333 seconds
metaTables/vocal_music_demucs_16k/metaData_ismir04_genre/row701.csv
Execution time: 98.94472312927246 seconds
metaTables/vocal_music_demucs_16k/metaData_ismir04_genre/row702.csv
Execution time: 67.44701290130615 seconds
metaTables/vocal_music_demucs_16k/metaData_ismir04_genre/row703.csv
Execution time: 97.11366558074951 seconds
metaTables/vocal_music_demucs_16k/metaData_ismir04_genre/row704.csv
Execution time: 94.4860258102417 seconds
metaTables/vocal_music_demucs_16k/metaData_ismir04_genre/row705.csv
Execution time: 96.6329243183136 seconds
metaTables/vocal_music_demucs_16k/metaData_ismir04_genre/row706.csv
Execution time: 94.45237255096436 seconds
metaTables/vocal_music_demucs_16k/metaData_ismir04_genre/row707.csv
Execution time: 94.11663937568665 seconds
metaTables/vocal_music_demucs_16k/metaData_ismir04_genre/row708.csv
Execution time: 91.83580613136292 seconds
metaTables/vocal_music_demucs_16k/metaData_ismir04_genre/row709.csv
Execution time: 94.6506073474884 seconds
metaTables/vocal_music_demucs_16k/metaData_ismir04_genre/row710.csv
Execution time: 92.66005992889404 seconds
metaTables/vocal_music_demucs_16k/metaData_ismir04_genre/row711.csv
Execution time: 90.48684453964233 seconds
metaTables/vocal_music_demucs_16k/metaData_ismir04_genre/row712.csv
Execution time: 102.2678005695343 seconds
metaTables/vocal_music_demucs_16k/metaData_ismir04_genre/row713.csv
Execution time: 82.25443482398987 seconds
metaTables/vocal_music_demucs_16k/metaData_ismir04_genre/row714.csv
Execution time: 95.1452579498291 seconds
metaTables/vocal_music_demucs_16k/metaData_ismir04_genre/row715.csv
Execution time: 90.5007758140564 seconds
metaTables/vocal_music_demucs_16k/metaData_ismir04_genre/row716.csv
Execution time: 93.73295545578003 seconds
metaTables/vocal_music_demucs_16k/metaData_ismir04_genre/row717.csv
Execution time: 99.00702810287476 seconds
metaTables/vocal_music_demucs_16k/metaData_ismir04_genre/row718.csv
Execution time: 97.62470626831055 seconds
metaTables/vocal_music_demucs_16k/metaData_ismir04_genre/row719.csv
Execution time: 90.35892868041992 seconds
metaTables/vocal_music_demucs_16k/metaData_ismir04_genre/row720.csv
Execution time: 92.53376126289368 seconds
metaTables/vocal_music_demucs_16k/metaData_ismir04_genre/row721.csv
Execution time: 34.8987820148468 seconds
metaTables/vocal_music_demucs_16k/metaData_ismir04_genre/row722.csv
Execution time: 91.52207493782043 seconds
metaTables/vocal_music_demucs_16k/metaData_ismir04_genre/row723.csv
Execution time: 95.86771941184998 seconds
metaTables/vocal_music_demucs_16k/metaData_ismir04_genre/row724.csv
Execution time: 91.40917801856995 seconds
metaTables/vocal_music_demucs_16k/metaData_ismir04_genre/row725.csv
Execution time: 94.2084641456604 seconds
metaTables/vocal_music_demucs_16k/metaData_ismir04_genre/row726.csv
Execution time: 102.11419343948364 seconds
metaTables/vocal_music_demucs_16k/metaData_ismir04_genre/row727.csv
Execution time: 93.08527970314026 seconds
metaTables/vocal_music_demucs_16k/metaData_ismir04_genre/row728.csv
Execution time: 95.34354448318481 seconds
metaTables/vocal_music_demucs_16k/metaData_ismir04_genre/row729.csv
Execution time: 101.39876961708069 seconds
metaTables/vocal_music_demucs_16k/metaData_ismir04_genre/row730.csv
Execution time: 96.62013626098633 seconds
metaTables/vocal_music_demucs_16k/metaData_ismir04_genre/row731.csv
Execution time: 94.18002486228943 seconds
metaTables/vocal_music_demucs_16k/metaData_ismir04_genre/row732.csv
Execution time: 92.42989158630371 seconds
metaTables/vocal_music_demucs_16k/metaData_ismir04_genre/row733.csv
Execution time: 87.00759696960449 seconds
metaTables/vocal_music_demucs_16k/metaData_ismir04_genre/row734.csv
Execution time: 92.4879469871521 seconds
metaTables/vocal_music_demucs_16k/metaData_ismir04_genre/row735.csv
Execution time: 95.01141571998596 seconds
metaTables/vocal_music_demucs_16k/metaData_ismir04_genre/row736.csv
Execution time: 59.76257634162903 seconds
metaTables/vocal_music_demucs_16k/metaData_ismir04_genre/row737.csv
Execution time: 92.33042359352112 seconds
metaTables/vocal_music_demucs_16k/metaData_ismir04_genre/row738.csv
Execution time: 35.19388794898987 seconds
metaTables/vocal_music_demucs_16k/metaData_ismir04_genre/row739.csv
Execution time: 95.40515422821045 seconds
metaTables/vocal_music_demucs_16k/metaData_ismir04_genre/row740.csv
Execution time: 95.79461574554443 seconds
metaTables/vocal_music_demucs_16k/metaData_ismir04_genre/row741.csv
Execution time: 85.37893629074097 seconds
metaTables/vocal_music_demucs_16k/metaData_ismir04_genre/row742.csv
Execution time: 98.01483631134033 seconds
metaTables/vocal_music_demucs_16k/metaData_ismir04_genre/row743.csv
Execution time: 63.40777778625488 seconds
metaTables/vocal_music_demucs_16k/metaData_ismir04_genre/row744.csv
Execution time: 95.80081725120544 seconds
metaTables/vocal_music_demucs_16k/metaData_ismir04_genre/row745.csv
Execution time: 92.95421767234802 seconds
metaTables/vocal_music_demucs_16k/metaData_ismir04_genre/row746.csv
Execution time: 96.43705415725708 seconds
metaTables/vocal_music_demucs_16k/metaData_ismir04_genre/row747.csv
Execution time: 95.38814210891724 seconds
metaTables/vocal_music_demucs_16k/metaData_ismir04_genre/row748.csv
Execution time: 96.82400751113892 seconds
metaTables/vocal_music_demucs_16k/metaData_ismir04_genre/row749.csv
Execution time: 93.78153920173645 seconds
metaTables/vocal_music_demucs_16k/metaData_ismir04_genre/row750.csv
Execution time: 96.7020812034607 seconds
metaTables/vocal_music_demucs_16k/metaData_ismir04_genre/row751.csv
Execution time: 98.69780707359314 seconds
metaTables/vocal_music_demucs_16k/metaData_ismir04_genre/row752.csv
Execution time: 96.7467668056488 seconds
metaTables/vocal_music_demucs_16k/metaData_ismir04_genre/row753.csv
Execution time: 97.31655764579773 seconds
metaTables/vocal_music_demucs_16k/metaData_ismir04_genre/row754.csv
Execution time: 100.09826374053955 seconds
metaTables/vocal_music_demucs_16k/metaData_ismir04_genre/row755.csv
Execution time: 83.81808042526245 seconds
metaTables/vocal_music_demucs_16k/metaData_ismir04_genre/row756.csv
Execution time: 99.5615804195404 seconds
metaTables/vocal_music_demucs_16k/metaData_ismir04_genre/row757.csv
Execution time: 94.14605593681335 seconds
metaTables/vocal_music_demucs_16k/metaData_ismir04_genre/row758.csv
Execution time: 98.81889510154724 seconds
metaTables/vocal_music_demucs_16k/metaData_ismir04_genre/row759.csv
Execution time: 96.05183267593384 seconds
metaTables/vocal_music_demucs_16k/metaData_ismir04_genre/row760.csv
Execution time: 67.72922945022583 seconds
metaTables/vocal_music_demucs_16k/metaData_ismir04_genre/row761.csv
Execution time: 64.67604660987854 seconds
metaTables/vocal_music_demucs_16k/metaData_ismir04_genre/row762.csv
Execution time: 71.17082571983337 seconds
metaTables/vocal_music_demucs_16k/metaData_ismir04_genre/row763.csv
Execution time: 96.6333167552948 seconds
metaTables/vocal_music_demucs_16k/metaData_ismir04_genre/row764.csv
Execution time: 102.24935245513916 seconds
metaTables/vocal_music_demucs_16k/metaData_ismir04_genre/row765.csv
Execution time: 101.85242915153503 seconds
metaTables/vocal_music_demucs_16k/metaData_ismir04_genre/row766.csv
Execution time: 97.80691385269165 seconds
metaTables/vocal_music_demucs_16k/metaData_ismir04_genre/row767.csv
Execution time: 71.31489849090576 seconds
metaTables/vocal_music_demucs_16k/metaData_ismir04_genre/row768.csv
Execution time: 96.87061285972595 seconds
metaTables/vocal_music_demucs_16k/metaData_ismir04_genre/row769.csv
Execution time: 100.54856514930725 seconds
metaTables/vocal_music_demucs_16k/metaData_ismir04_genre/row770.csv
Execution time: 96.6386399269104 seconds
metaTables/vocal_music_demucs_16k/metaData_ismir04_genre/row771.csv
Execution time: 94.03395819664001 seconds
metaTables/vocal_music_demucs_16k/metaData_ismir04_genre/row772.csv
Execution time: 92.66482257843018 seconds
metaTables/vocal_music_demucs_16k/metaData_ismir04_genre/row773.csv
Execution time: 48.850937843322754 seconds
metaTables/vocal_music_demucs_16k/metaData_ismir04_genre/row774.csv
Execution time: 94.56002831459045 seconds
metaTables/vocal_music_demucs_16k/metaData_ismir04_genre/row775.csv
Execution time: 97.97057795524597 seconds
metaTables/vocal_music_demucs_16k/metaData_ismir04_genre/row776.csv
Execution time: 92.94917225837708 seconds
metaTables/vocal_music_demucs_16k/metaData_ismir04_genre/row777.csv
Execution time: 95.81315398216248 seconds
metaTables/vocal_music_demucs_16k/metaData_ismir04_genre/row778.csv
Execution time: 98.32850980758667 seconds
metaTables/vocal_music_demucs_16k/metaData_ismir04_genre/row779.csv
Execution time: 52.754724979400635 seconds
metaTables/vocal_music_demucs_16k/metaData_ismir04_genre/row780.csv
Execution time: 82.80966782569885 seconds
metaTables/vocal_music_demucs_16k/metaData_ismir04_genre/row781.csv
Execution time: 94.95137476921082 seconds
metaTables/vocal_music_demucs_16k/metaData_ismir04_genre/row782.csv
Execution time: 66.7478301525116 seconds
metaTables/vocal_music_demucs_16k/metaData_ismir04_genre/row783.csv
Execution time: 99.17635726928711 seconds
metaTables/vocal_music_demucs_16k/metaData_ismir04_genre/row784.csv
Execution time: 96.41399216651917 seconds
metaTables/vocal_music_demucs_16k/metaData_ismir04_genre/row785.csv
Execution time: 94.69727420806885 seconds
metaTables/vocal_music_demucs_16k/metaData_ismir04_genre/row786.csv
Execution time: 68.8917133808136 seconds
metaTables/vocal_music_demucs_16k/metaData_ismir04_genre/row787.csv
Execution time: 96.77981328964233 seconds
metaTables/vocal_music_demucs_16k/metaData_ismir04_genre/row788.csv
Execution time: 97.7010145187378 seconds
metaTables/vocal_music_demucs_16k/metaData_ismir04_genre/row789.csv
Execution time: 94.99762868881226 seconds
metaTables/vocal_music_demucs_16k/metaData_ismir04_genre/row790.csv
Execution time: 94.75863575935364 seconds
metaTables/vocal_music_demucs_16k/metaData_ismir04_genre/row791.csv
Execution time: 96.24131298065186 seconds
metaTables/vocal_music_demucs_16k/metaData_ismir04_genre/row792.csv
Execution time: 143.16235780715942 seconds
metaTables/vocal_music_demucs_16k/metaData_ismir04_genre/row793.csv
Execution time: 94.95816969871521 seconds
metaTables/vocal_music_demucs_16k/metaData_ismir04_genre/row794.csv
Execution time: 63.51069521903992 seconds
metaTables/vocal_music_demucs_16k/metaData_ismir04_genre/row795.csv
Execution time: 97.00369024276733 seconds
metaTables/vocal_music_demucs_16k/metaData_ismir04_genre/row796.csv
Execution time: 44.55076336860657 seconds
metaTables/vocal_music_demucs_16k/metaData_ismir04_genre/row797.csv
Execution time: 98.44111919403076 seconds
metaTables/vocal_music_demucs_16k/metaData_ismir04_genre/row798.csv
Execution time: 95.17008876800537 seconds
metaTables/vocal_music_demucs_16k/metaData_ismir04_genre/row799.csv
Demucs voice recognition done!
