/ext3/demucs/lib/python3.9/site-packages/demucs/api.py:27: UserWarning: TorchAudio's global backend is now deprecated. Please enable distpatcher by setting `TORCHAUDIO_USE_BACKEND_DISPATCHER=1`, and specify backend when calling load/info/save function.
  import torchaudio as ta
2024-05-09 12:03:36.274856: I tensorflow/core/util/port.cc:113] oneDNN custom operations are on. You may see slightly different numerical results due to floating-point round-off errors from different computation orders. To turn them off, set the environment variable `TF_ENABLE_ONEDNN_OPTS=0`.
2024-05-09 12:03:37.179518: E external/local_xla/xla/stream_executor/cuda/cuda_dnn.cc:9261] Unable to register cuDNN factory: Attempting to register factory for plugin cuDNN when one has already been registered
2024-05-09 12:03:37.179560: E external/local_xla/xla/stream_executor/cuda/cuda_fft.cc:607] Unable to register cuFFT factory: Attempting to register factory for plugin cuFFT when one has already been registered
2024-05-09 12:03:37.216170: E external/local_xla/xla/stream_executor/cuda/cuda_blas.cc:1515] Unable to register cuBLAS factory: Attempting to register factory for plugin cuBLAS when one has already been registered
2024-05-09 12:03:37.270668: I tensorflow/core/platform/cpu_feature_guard.cc:182] This TensorFlow binary is optimized to use available CPU instructions in performance-critical operations.
To enable the following instructions: AVX2 AVX512F AVX512_VNNI FMA, in other operations, rebuild TensorFlow with the appropriate compiler flags.
2024-05-09 12:03:38.239590: W tensorflow/compiler/tf2tensorrt/utils/py_utils.cc:38] TF-TRT Warning: Could not find TensorRT
SKIPPING: metaTables/vocal_music_demucs_16k/metaData_ismir04_genre/row0.csv
SKIPPING: metaTables/vocal_music_demucs_16k/metaData_ismir04_genre/row1.csv
SKIPPING: metaTables/vocal_music_demucs_16k/metaData_ismir04_genre/row2.csv
SKIPPING: metaTables/vocal_music_demucs_16k/metaData_ismir04_genre/row3.csv
SKIPPING: metaTables/vocal_music_demucs_16k/metaData_ismir04_genre/row4.csv
SKIPPING: metaTables/vocal_music_demucs_16k/metaData_ismir04_genre/row5.csv
SKIPPING: metaTables/vocal_music_demucs_16k/metaData_ismir04_genre/row6.csv
SKIPPING: metaTables/vocal_music_demucs_16k/metaData_ismir04_genre/row7.csv
SKIPPING: metaTables/vocal_music_demucs_16k/metaData_ismir04_genre/row8.csv
SKIPPING: metaTables/vocal_music_demucs_16k/metaData_ismir04_genre/row9.csv
SKIPPING: metaTables/vocal_music_demucs_16k/metaData_ismir04_genre/row10.csv
SKIPPING: metaTables/vocal_music_demucs_16k/metaData_ismir04_genre/row11.csv
SKIPPING: metaTables/vocal_music_demucs_16k/metaData_ismir04_genre/row12.csv
SKIPPING: metaTables/vocal_music_demucs_16k/metaData_ismir04_genre/row13.csv
SKIPPING: metaTables/vocal_music_demucs_16k/metaData_ismir04_genre/row14.csv
SKIPPING: metaTables/vocal_music_demucs_16k/metaData_ismir04_genre/row15.csv
SKIPPING: metaTables/vocal_music_demucs_16k/metaData_ismir04_genre/row16.csv
SKIPPING: metaTables/vocal_music_demucs_16k/metaData_ismir04_genre/row17.csv
SKIPPING: metaTables/vocal_music_demucs_16k/metaData_ismir04_genre/row18.csv
SKIPPING: metaTables/vocal_music_demucs_16k/metaData_ismir04_genre/row19.csv
SKIPPING: metaTables/vocal_music_demucs_16k/metaData_ismir04_genre/row20.csv
SKIPPING: metaTables/vocal_music_demucs_16k/metaData_ismir04_genre/row21.csv
SKIPPING: metaTables/vocal_music_demucs_16k/metaData_ismir04_genre/row22.csv
SKIPPING: metaTables/vocal_music_demucs_16k/metaData_ismir04_genre/row23.csv
SKIPPING: metaTables/vocal_music_demucs_16k/metaData_ismir04_genre/row24.csv
SKIPPING: metaTables/vocal_music_demucs_16k/metaData_ismir04_genre/row25.csv
SKIPPING: metaTables/vocal_music_demucs_16k/metaData_ismir04_genre/row26.csv
SKIPPING: metaTables/vocal_music_demucs_16k/metaData_ismir04_genre/row27.csv
SKIPPING: metaTables/vocal_music_demucs_16k/metaData_ismir04_genre/row28.csv
SKIPPING: metaTables/vocal_music_demucs_16k/metaData_ismir04_genre/row29.csv
SKIPPING: metaTables/vocal_music_demucs_16k/metaData_ismir04_genre/row30.csv
SKIPPING: metaTables/vocal_music_demucs_16k/metaData_ismir04_genre/row31.csv
SKIPPING: metaTables/vocal_music_demucs_16k/metaData_ismir04_genre/row32.csv
SKIPPING: metaTables/vocal_music_demucs_16k/metaData_ismir04_genre/row33.csv
SKIPPING: metaTables/vocal_music_demucs_16k/metaData_ismir04_genre/row34.csv
SKIPPING: metaTables/vocal_music_demucs_16k/metaData_ismir04_genre/row35.csv
SKIPPING: metaTables/vocal_music_demucs_16k/metaData_ismir04_genre/row36.csv
SKIPPING: metaTables/vocal_music_demucs_16k/metaData_ismir04_genre/row37.csv
SKIPPING: metaTables/vocal_music_demucs_16k/metaData_ismir04_genre/row38.csv
SKIPPING: metaTables/vocal_music_demucs_16k/metaData_ismir04_genre/row39.csv
SKIPPING: metaTables/vocal_music_demucs_16k/metaData_ismir04_genre/row40.csv
SKIPPING: metaTables/vocal_music_demucs_16k/metaData_ismir04_genre/row41.csv
SKIPPING: metaTables/vocal_music_demucs_16k/metaData_ismir04_genre/row42.csv
SKIPPING: metaTables/vocal_music_demucs_16k/metaData_ismir04_genre/row43.csv
SKIPPING: metaTables/vocal_music_demucs_16k/metaData_ismir04_genre/row44.csv
SKIPPING: metaTables/vocal_music_demucs_16k/metaData_ismir04_genre/row45.csv
SKIPPING: metaTables/vocal_music_demucs_16k/metaData_ismir04_genre/row46.csv
SKIPPING: metaTables/vocal_music_demucs_16k/metaData_ismir04_genre/row47.csv
SKIPPING: metaTables/vocal_music_demucs_16k/metaData_ismir04_genre/row48.csv
SKIPPING: metaTables/vocal_music_demucs_16k/metaData_ismir04_genre/row49.csv
SKIPPING: metaTables/vocal_music_demucs_16k/metaData_ismir04_genre/row50.csv
SKIPPING: metaTables/vocal_music_demucs_16k/metaData_ismir04_genre/row51.csv
SKIPPING: metaTables/vocal_music_demucs_16k/metaData_ismir04_genre/row52.csv
SKIPPING: metaTables/vocal_music_demucs_16k/metaData_ismir04_genre/row53.csv
SKIPPING: metaTables/vocal_music_demucs_16k/metaData_ismir04_genre/row54.csv
SKIPPING: metaTables/vocal_music_demucs_16k/metaData_ismir04_genre/row55.csv
SKIPPING: metaTables/vocal_music_demucs_16k/metaData_ismir04_genre/row56.csv
SKIPPING: metaTables/vocal_music_demucs_16k/metaData_ismir04_genre/row57.csv
SKIPPING: metaTables/vocal_music_demucs_16k/metaData_ismir04_genre/row58.csv
SKIPPING: metaTables/vocal_music_demucs_16k/metaData_ismir04_genre/row59.csv
SKIPPING: metaTables/vocal_music_demucs_16k/metaData_ismir04_genre/row60.csv
SKIPPING: metaTables/vocal_music_demucs_16k/metaData_ismir04_genre/row61.csv
SKIPPING: metaTables/vocal_music_demucs_16k/metaData_ismir04_genre/row62.csv
SKIPPING: metaTables/vocal_music_demucs_16k/metaData_ismir04_genre/row63.csv
SKIPPING: metaTables/vocal_music_demucs_16k/metaData_ismir04_genre/row64.csv
SKIPPING: metaTables/vocal_music_demucs_16k/metaData_ismir04_genre/row65.csv
SKIPPING: metaTables/vocal_music_demucs_16k/metaData_ismir04_genre/row66.csv
SKIPPING: metaTables/vocal_music_demucs_16k/metaData_ismir04_genre/row67.csv
SKIPPING: metaTables/vocal_music_demucs_16k/metaData_ismir04_genre/row68.csv
SKIPPING: metaTables/vocal_music_demucs_16k/metaData_ismir04_genre/row69.csv
SKIPPING: metaTables/vocal_music_demucs_16k/metaData_ismir04_genre/row70.csv
SKIPPING: metaTables/vocal_music_demucs_16k/metaData_ismir04_genre/row71.csv
SKIPPING: metaTables/vocal_music_demucs_16k/metaData_ismir04_genre/row72.csv
SKIPPING: metaTables/vocal_music_demucs_16k/metaData_ismir04_genre/row73.csv
SKIPPING: metaTables/vocal_music_demucs_16k/metaData_ismir04_genre/row74.csv
SKIPPING: metaTables/vocal_music_demucs_16k/metaData_ismir04_genre/row75.csv
SKIPPING: metaTables/vocal_music_demucs_16k/metaData_ismir04_genre/row76.csv
SKIPPING: metaTables/vocal_music_demucs_16k/metaData_ismir04_genre/row77.csv
SKIPPING: metaTables/vocal_music_demucs_16k/metaData_ismir04_genre/row78.csv
SKIPPING: metaTables/vocal_music_demucs_16k/metaData_ismir04_genre/row79.csv
SKIPPING: metaTables/vocal_music_demucs_16k/metaData_ismir04_genre/row80.csv
SKIPPING: metaTables/vocal_music_demucs_16k/metaData_ismir04_genre/row81.csv
SKIPPING: metaTables/vocal_music_demucs_16k/metaData_ismir04_genre/row82.csv
SKIPPING: metaTables/vocal_music_demucs_16k/metaData_ismir04_genre/row83.csv
SKIPPING: metaTables/vocal_music_demucs_16k/metaData_ismir04_genre/row84.csv
SKIPPING: metaTables/vocal_music_demucs_16k/metaData_ismir04_genre/row85.csv
SKIPPING: metaTables/vocal_music_demucs_16k/metaData_ismir04_genre/row86.csv
SKIPPING: metaTables/vocal_music_demucs_16k/metaData_ismir04_genre/row87.csv
SKIPPING: metaTables/vocal_music_demucs_16k/metaData_ismir04_genre/row88.csv
SKIPPING: metaTables/vocal_music_demucs_16k/metaData_ismir04_genre/row89.csv
SKIPPING: metaTables/vocal_music_demucs_16k/metaData_ismir04_genre/row90.csv
SKIPPING: metaTables/vocal_music_demucs_16k/metaData_ismir04_genre/row91.csv
SKIPPING: metaTables/vocal_music_demucs_16k/metaData_ismir04_genre/row92.csv
SKIPPING: metaTables/vocal_music_demucs_16k/metaData_ismir04_genre/row93.csv
SKIPPING: metaTables/vocal_music_demucs_16k/metaData_ismir04_genre/row94.csv
SKIPPING: metaTables/vocal_music_demucs_16k/metaData_ismir04_genre/row95.csv
SKIPPING: metaTables/vocal_music_demucs_16k/metaData_ismir04_genre/row96.csv
SKIPPING: metaTables/vocal_music_demucs_16k/metaData_ismir04_genre/row97.csv
SKIPPING: metaTables/vocal_music_demucs_16k/metaData_ismir04_genre/row98.csv
SKIPPING: metaTables/vocal_music_demucs_16k/metaData_ismir04_genre/row99.csv
Demucs voice recognition done!
