/ext3/demucs/lib/python3.9/site-packages/demucs/api.py:27: UserWarning: TorchAudio's global backend is now deprecated. Please enable distpatcher by setting `TORCHAUDIO_USE_BACKEND_DISPATCHER=1`, and specify backend when calling load/info/save function.
  import torchaudio as ta
2024-05-09 09:26:48.003585: I tensorflow/core/util/port.cc:113] oneDNN custom operations are on. You may see slightly different numerical results due to floating-point round-off errors from different computation orders. To turn them off, set the environment variable `TF_ENABLE_ONEDNN_OPTS=0`.
2024-05-09 09:26:50.353436: E external/local_xla/xla/stream_executor/cuda/cuda_dnn.cc:9261] Unable to register cuDNN factory: Attempting to register factory for plugin cuDNN when one has already been registered
2024-05-09 09:26:50.353481: E external/local_xla/xla/stream_executor/cuda/cuda_fft.cc:607] Unable to register cuFFT factory: Attempting to register factory for plugin cuFFT when one has already been registered
2024-05-09 09:26:50.372868: E external/local_xla/xla/stream_executor/cuda/cuda_blas.cc:1515] Unable to register cuBLAS factory: Attempting to register factory for plugin cuBLAS when one has already been registered
2024-05-09 09:26:51.233597: I tensorflow/core/platform/cpu_feature_guard.cc:182] This TensorFlow binary is optimized to use available CPU instructions in performance-critical operations.
To enable the following instructions: AVX2 AVX512F AVX512_VNNI FMA, in other operations, rebuild TensorFlow with the appropriate compiler flags.
2024-05-09 09:26:54.806350: W tensorflow/compiler/tf2tensorrt/utils/py_utils.cc:38] TF-TRT Warning: Could not find TensorRT
Note: Illegal Audio-MPEG-Header 0x00000000 at offset 1474511.
Note: Trying to resync...
Note: Hit end of (available) data during resync.
Warning: Xing stream size off by more than 1%, fuzzy seeking may be even more fuzzy than by design!
Execution time: 113.28925204277039 seconds
metaTables/vocal_music_demucs_16k/metaData_ismir04_genre/row1700.csv
Execution time: 113.75389885902405 seconds
metaTables/vocal_music_demucs_16k/metaData_ismir04_genre/row1701.csv
Execution time: 96.49326205253601 seconds
metaTables/vocal_music_demucs_16k/metaData_ismir04_genre/row1702.csv
Execution time: 91.36967420578003 seconds
metaTables/vocal_music_demucs_16k/metaData_ismir04_genre/row1703.csv
Execution time: 94.34943628311157 seconds
metaTables/vocal_music_demucs_16k/metaData_ismir04_genre/row1704.csv
Execution time: 99.62534022331238 seconds
metaTables/vocal_music_demucs_16k/metaData_ismir04_genre/row1705.csv
Execution time: 94.08455562591553 seconds
metaTables/vocal_music_demucs_16k/metaData_ismir04_genre/row1706.csv
Execution time: 95.78150916099548 seconds
metaTables/vocal_music_demucs_16k/metaData_ismir04_genre/row1707.csv
Execution time: 95.667724609375 seconds
metaTables/vocal_music_demucs_16k/metaData_ismir04_genre/row1708.csv
Execution time: 94.70709276199341 seconds
metaTables/vocal_music_demucs_16k/metaData_ismir04_genre/row1709.csv
Execution time: 98.7425627708435 seconds
metaTables/vocal_music_demucs_16k/metaData_ismir04_genre/row1710.csv
Execution time: 54.434321880340576 seconds
metaTables/vocal_music_demucs_16k/metaData_ismir04_genre/row1711.csv
Execution time: 99.71518778800964 seconds
metaTables/vocal_music_demucs_16k/metaData_ismir04_genre/row1712.csv
Execution time: 102.79441547393799 seconds
metaTables/vocal_music_demucs_16k/metaData_ismir04_genre/row1713.csv
Execution time: 100.85481977462769 seconds
metaTables/vocal_music_demucs_16k/metaData_ismir04_genre/row1714.csv
Execution time: 109.20687985420227 seconds
metaTables/vocal_music_demucs_16k/metaData_ismir04_genre/row1715.csv
Execution time: 97.4588634967804 seconds
metaTables/vocal_music_demucs_16k/metaData_ismir04_genre/row1716.csv
Execution time: 105.78036952018738 seconds
metaTables/vocal_music_demucs_16k/metaData_ismir04_genre/row1717.csv
Execution time: 102.2862377166748 seconds
metaTables/vocal_music_demucs_16k/metaData_ismir04_genre/row1718.csv
Execution time: 106.99114537239075 seconds
metaTables/vocal_music_demucs_16k/metaData_ismir04_genre/row1719.csv
Execution time: 101.22396802902222 seconds
metaTables/vocal_music_demucs_16k/metaData_ismir04_genre/row1720.csv
Execution time: 103.30554056167603 seconds
metaTables/vocal_music_demucs_16k/metaData_ismir04_genre/row1721.csv
Execution time: 108.04810929298401 seconds
metaTables/vocal_music_demucs_16k/metaData_ismir04_genre/row1722.csv
Execution time: 94.43249559402466 seconds
metaTables/vocal_music_demucs_16k/metaData_ismir04_genre/row1723.csv
Execution time: 99.10742998123169 seconds
metaTables/vocal_music_demucs_16k/metaData_ismir04_genre/row1724.csv
Execution time: 92.74773406982422 seconds
metaTables/vocal_music_demucs_16k/metaData_ismir04_genre/row1725.csv
Execution time: 96.88201689720154 seconds
metaTables/vocal_music_demucs_16k/metaData_ismir04_genre/row1726.csv
Execution time: 93.93261885643005 seconds
metaTables/vocal_music_demucs_16k/metaData_ismir04_genre/row1727.csv
Execution time: 95.65951776504517 seconds
metaTables/vocal_music_demucs_16k/metaData_ismir04_genre/row1728.csv
Execution time: 94.17713713645935 seconds
metaTables/vocal_music_demucs_16k/metaData_ismir04_genre/row1729.csv
Execution time: 93.97010731697083 seconds
metaTables/vocal_music_demucs_16k/metaData_ismir04_genre/row1730.csv
Execution time: 96.97415542602539 seconds
metaTables/vocal_music_demucs_16k/metaData_ismir04_genre/row1731.csv
Execution time: 93.27320122718811 seconds
metaTables/vocal_music_demucs_16k/metaData_ismir04_genre/row1732.csv
Execution time: 45.48155665397644 seconds
metaTables/vocal_music_demucs_16k/metaData_ismir04_genre/row1733.csv
Execution time: 90.02256798744202 seconds
metaTables/vocal_music_demucs_16k/metaData_ismir04_genre/row1734.csv
Execution time: 90.8837480545044 seconds
metaTables/vocal_music_demucs_16k/metaData_ismir04_genre/row1735.csv
Execution time: 95.82536911964417 seconds
metaTables/vocal_music_demucs_16k/metaData_ismir04_genre/row1736.csv
Execution time: 88.9145724773407 seconds
metaTables/vocal_music_demucs_16k/metaData_ismir04_genre/row1737.csv
Execution time: 106.55532002449036 seconds
metaTables/vocal_music_demucs_16k/metaData_ismir04_genre/row1738.csv
Execution time: 225.59775137901306 seconds
metaTables/vocal_music_demucs_16k/metaData_ismir04_genre/row1739.csv
Execution time: 95.65299940109253 seconds
metaTables/vocal_music_demucs_16k/metaData_ismir04_genre/row1740.csv
Execution time: 96.88271689414978 seconds
metaTables/vocal_music_demucs_16k/metaData_ismir04_genre/row1741.csv
Execution time: 90.61369752883911 seconds
metaTables/vocal_music_demucs_16k/metaData_ismir04_genre/row1742.csv
Execution time: 95.04831433296204 seconds
metaTables/vocal_music_demucs_16k/metaData_ismir04_genre/row1743.csv
Execution time: 85.97722554206848 seconds
metaTables/vocal_music_demucs_16k/metaData_ismir04_genre/row1744.csv
Execution time: 59.07679462432861 seconds
metaTables/vocal_music_demucs_16k/metaData_ismir04_genre/row1745.csv
Execution time: 85.21595358848572 seconds
metaTables/vocal_music_demucs_16k/metaData_ismir04_genre/row1746.csv
Execution time: 91.93863153457642 seconds
metaTables/vocal_music_demucs_16k/metaData_ismir04_genre/row1747.csv
Execution time: 89.56941509246826 seconds
metaTables/vocal_music_demucs_16k/metaData_ismir04_genre/row1748.csv
Execution time: 83.48035287857056 seconds
metaTables/vocal_music_demucs_16k/metaData_ismir04_genre/row1749.csv
Execution time: 87.39569354057312 seconds
metaTables/vocal_music_demucs_16k/metaData_ismir04_genre/row1750.csv
Execution time: 45.163609743118286 seconds
metaTables/vocal_music_demucs_16k/metaData_ismir04_genre/row1751.csv
Execution time: 81.61463212966919 seconds
metaTables/vocal_music_demucs_16k/metaData_ismir04_genre/row1752.csv
Execution time: 82.87776827812195 seconds
metaTables/vocal_music_demucs_16k/metaData_ismir04_genre/row1753.csv
Execution time: 93.0912115573883 seconds
metaTables/vocal_music_demucs_16k/metaData_ismir04_genre/row1754.csv
Execution time: 73.7098937034607 seconds
metaTables/vocal_music_demucs_16k/metaData_ismir04_genre/row1755.csv
Execution time: 83.39473128318787 seconds
metaTables/vocal_music_demucs_16k/metaData_ismir04_genre/row1756.csv
Execution time: 83.7193329334259 seconds
metaTables/vocal_music_demucs_16k/metaData_ismir04_genre/row1757.csv
Execution time: 88.28457951545715 seconds
metaTables/vocal_music_demucs_16k/metaData_ismir04_genre/row1758.csv
Execution time: 86.21168184280396 seconds
metaTables/vocal_music_demucs_16k/metaData_ismir04_genre/row1759.csv
Execution time: 84.06281328201294 seconds
metaTables/vocal_music_demucs_16k/metaData_ismir04_genre/row1760.csv
Execution time: 83.74793839454651 seconds
metaTables/vocal_music_demucs_16k/metaData_ismir04_genre/row1761.csv
Execution time: 82.1112310886383 seconds
metaTables/vocal_music_demucs_16k/metaData_ismir04_genre/row1762.csv
Execution time: 65.24207282066345 seconds
metaTables/vocal_music_demucs_16k/metaData_ismir04_genre/row1763.csv
Execution time: 83.15554547309875 seconds
metaTables/vocal_music_demucs_16k/metaData_ismir04_genre/row1764.csv
Execution time: 87.42503571510315 seconds
metaTables/vocal_music_demucs_16k/metaData_ismir04_genre/row1765.csv
Execution time: 81.40489029884338 seconds
metaTables/vocal_music_demucs_16k/metaData_ismir04_genre/row1766.csv
Execution time: 85.69435238838196 seconds
metaTables/vocal_music_demucs_16k/metaData_ismir04_genre/row1767.csv
Execution time: 63.195212841033936 seconds
metaTables/vocal_music_demucs_16k/metaData_ismir04_genre/row1768.csv
Execution time: 84.28069591522217 seconds
metaTables/vocal_music_demucs_16k/metaData_ismir04_genre/row1769.csv
Execution time: 90.49418950080872 seconds
metaTables/vocal_music_demucs_16k/metaData_ismir04_genre/row1770.csv
Execution time: 100.59312081336975 seconds
metaTables/vocal_music_demucs_16k/metaData_ismir04_genre/row1771.csv
Execution time: 93.27036166191101 seconds
metaTables/vocal_music_demucs_16k/metaData_ismir04_genre/row1772.csv
Execution time: 85.32037711143494 seconds
metaTables/vocal_music_demucs_16k/metaData_ismir04_genre/row1773.csv
Execution time: 83.85172533988953 seconds
metaTables/vocal_music_demucs_16k/metaData_ismir04_genre/row1774.csv
Execution time: 82.12188172340393 seconds
metaTables/vocal_music_demucs_16k/metaData_ismir04_genre/row1775.csv
Execution time: 64.3289783000946 seconds
metaTables/vocal_music_demucs_16k/metaData_ismir04_genre/row1776.csv
Execution time: 89.1831419467926 seconds
metaTables/vocal_music_demucs_16k/metaData_ismir04_genre/row1777.csv
Execution time: 67.85480809211731 seconds
metaTables/vocal_music_demucs_16k/metaData_ismir04_genre/row1778.csv
Execution time: 82.69592428207397 seconds
metaTables/vocal_music_demucs_16k/metaData_ismir04_genre/row1779.csv
Execution time: 87.41882538795471 seconds
metaTables/vocal_music_demucs_16k/metaData_ismir04_genre/row1780.csv
Execution time: 79.64745211601257 seconds
metaTables/vocal_music_demucs_16k/metaData_ismir04_genre/row1781.csv
Execution time: 88.94161057472229 seconds
metaTables/vocal_music_demucs_16k/metaData_ismir04_genre/row1782.csv
Execution time: 93.25298810005188 seconds
metaTables/vocal_music_demucs_16k/metaData_ismir04_genre/row1783.csv
Execution time: 93.22161436080933 seconds
metaTables/vocal_music_demucs_16k/metaData_ismir04_genre/row1784.csv
Execution time: 87.54380750656128 seconds
metaTables/vocal_music_demucs_16k/metaData_ismir04_genre/row1785.csv
Execution time: 93.65154457092285 seconds
metaTables/vocal_music_demucs_16k/metaData_ismir04_genre/row1786.csv
Execution time: 84.88686943054199 seconds
metaTables/vocal_music_demucs_16k/metaData_ismir04_genre/row1787.csv
Execution time: 83.86127281188965 seconds
metaTables/vocal_music_demucs_16k/metaData_ismir04_genre/row1788.csv
Execution time: 82.87469148635864 seconds
metaTables/vocal_music_demucs_16k/metaData_ismir04_genre/row1789.csv
Execution time: 82.07895016670227 seconds
metaTables/vocal_music_demucs_16k/metaData_ismir04_genre/row1790.csv
Execution time: 81.36993527412415 seconds
metaTables/vocal_music_demucs_16k/metaData_ismir04_genre/row1791.csv
Execution time: 83.12561273574829 seconds
metaTables/vocal_music_demucs_16k/metaData_ismir04_genre/row1792.csv
Execution time: 79.74444150924683 seconds
metaTables/vocal_music_demucs_16k/metaData_ismir04_genre/row1793.csv
Execution time: 32.93501353263855 seconds
metaTables/vocal_music_demucs_16k/metaData_ismir04_genre/row1794.csv
Execution time: 80.8033230304718 seconds
metaTables/vocal_music_demucs_16k/metaData_ismir04_genre/row1795.csv
Execution time: 83.23875546455383 seconds
metaTables/vocal_music_demucs_16k/metaData_ismir04_genre/row1796.csv
Execution time: 82.91389846801758 seconds
metaTables/vocal_music_demucs_16k/metaData_ismir04_genre/row1797.csv
Execution time: 84.250896692276 seconds
metaTables/vocal_music_demucs_16k/metaData_ismir04_genre/row1798.csv
Execution time: 62.09282565116882 seconds
metaTables/vocal_music_demucs_16k/metaData_ismir04_genre/row1799.csv
Demucs voice recognition done!
slurmstepd: error: *** JOB 46305790 ON cm004 CANCELLED AT 2024-05-09T11:56:22 DUE TO TIME LIMIT ***
