/ext3/demucs/lib/python3.9/site-packages/demucs/api.py:27: UserWarning: TorchAudio's global backend is now deprecated. Please enable distpatcher by setting `TORCHAUDIO_USE_BACKEND_DISPATCHER=1`, and specify backend when calling load/info/save function.
  import torchaudio as ta
2024-05-10 02:06:25.771225: I tensorflow/core/util/port.cc:113] oneDNN custom operations are on. You may see slightly different numerical results due to floating-point round-off errors from different computation orders. To turn them off, set the environment variable `TF_ENABLE_ONEDNN_OPTS=0`.
2024-05-10 02:06:26.445526: E external/local_xla/xla/stream_executor/cuda/cuda_dnn.cc:9261] Unable to register cuDNN factory: Attempting to register factory for plugin cuDNN when one has already been registered
2024-05-10 02:06:26.445569: E external/local_xla/xla/stream_executor/cuda/cuda_fft.cc:607] Unable to register cuFFT factory: Attempting to register factory for plugin cuFFT when one has already been registered
2024-05-10 02:06:26.479964: E external/local_xla/xla/stream_executor/cuda/cuda_blas.cc:1515] Unable to register cuBLAS factory: Attempting to register factory for plugin cuBLAS when one has already been registered
2024-05-10 02:06:26.569632: I tensorflow/core/platform/cpu_feature_guard.cc:182] This TensorFlow binary is optimized to use available CPU instructions in performance-critical operations.
To enable the following instructions: AVX2 AVX512F AVX512_VNNI FMA, in other operations, rebuild TensorFlow with the appropriate compiler flags.
2024-05-10 02:06:27.462916: W tensorflow/compiler/tf2tensorrt/utils/py_utils.cc:38] TF-TRT Warning: Could not find TensorRT
Execution time: 93.16820502281189 seconds
metaTables/vocal_music_demucs_16k/metaData_ismir04_genre/row1200.csv
Execution time: 90.37643837928772 seconds
metaTables/vocal_music_demucs_16k/metaData_ismir04_genre/row1201.csv
Execution time: 93.35364603996277 seconds
metaTables/vocal_music_demucs_16k/metaData_ismir04_genre/row1202.csv
Execution time: 89.26122975349426 seconds
metaTables/vocal_music_demucs_16k/metaData_ismir04_genre/row1203.csv
Execution time: 89.0871639251709 seconds
metaTables/vocal_music_demucs_16k/metaData_ismir04_genre/row1204.csv
Execution time: 91.98611998558044 seconds
metaTables/vocal_music_demucs_16k/metaData_ismir04_genre/row1205.csv
Execution time: 94.71566843986511 seconds
metaTables/vocal_music_demucs_16k/metaData_ismir04_genre/row1206.csv
Execution time: 93.08011531829834 seconds
metaTables/vocal_music_demucs_16k/metaData_ismir04_genre/row1207.csv
Execution time: 93.18479800224304 seconds
metaTables/vocal_music_demucs_16k/metaData_ismir04_genre/row1208.csv
Execution time: 94.16121554374695 seconds
metaTables/vocal_music_demucs_16k/metaData_ismir04_genre/row1209.csv
Execution time: 91.62215876579285 seconds
metaTables/vocal_music_demucs_16k/metaData_ismir04_genre/row1210.csv
Execution time: 92.53488373756409 seconds
metaTables/vocal_music_demucs_16k/metaData_ismir04_genre/row1211.csv
Execution time: 89.51030921936035 seconds
metaTables/vocal_music_demucs_16k/metaData_ismir04_genre/row1212.csv
Execution time: 90.92772126197815 seconds
metaTables/vocal_music_demucs_16k/metaData_ismir04_genre/row1213.csv
Execution time: 90.79873514175415 seconds
metaTables/vocal_music_demucs_16k/metaData_ismir04_genre/row1214.csv
Execution time: 98.7014548778534 seconds
metaTables/vocal_music_demucs_16k/metaData_ismir04_genre/row1215.csv
Execution time: 90.69271612167358 seconds
metaTables/vocal_music_demucs_16k/metaData_ismir04_genre/row1216.csv
Execution time: 97.2116289138794 seconds
metaTables/vocal_music_demucs_16k/metaData_ismir04_genre/row1217.csv
Execution time: 89.6861469745636 seconds
metaTables/vocal_music_demucs_16k/metaData_ismir04_genre/row1218.csv
Execution time: 92.4083845615387 seconds
metaTables/vocal_music_demucs_16k/metaData_ismir04_genre/row1219.csv
Execution time: 89.16273784637451 seconds
metaTables/vocal_music_demucs_16k/metaData_ismir04_genre/row1220.csv
Execution time: 91.5413670539856 seconds
metaTables/vocal_music_demucs_16k/metaData_ismir04_genre/row1221.csv
Execution time: 92.8755853176117 seconds
metaTables/vocal_music_demucs_16k/metaData_ismir04_genre/row1222.csv
Execution time: 97.26938247680664 seconds
metaTables/vocal_music_demucs_16k/metaData_ismir04_genre/row1223.csv
Execution time: 90.93859815597534 seconds
metaTables/vocal_music_demucs_16k/metaData_ismir04_genre/row1224.csv
Execution time: 88.24787020683289 seconds
metaTables/vocal_music_demucs_16k/metaData_ismir04_genre/row1225.csv
Execution time: 91.74361634254456 seconds
metaTables/vocal_music_demucs_16k/metaData_ismir04_genre/row1226.csv
Execution time: 92.87249684333801 seconds
metaTables/vocal_music_demucs_16k/metaData_ismir04_genre/row1227.csv
Execution time: 90.76898574829102 seconds
metaTables/vocal_music_demucs_16k/metaData_ismir04_genre/row1228.csv
Execution time: 95.16264390945435 seconds
metaTables/vocal_music_demucs_16k/metaData_ismir04_genre/row1229.csv
Execution time: 91.309499502182 seconds
metaTables/vocal_music_demucs_16k/metaData_ismir04_genre/row1230.csv
Execution time: 97.18582558631897 seconds
metaTables/vocal_music_demucs_16k/metaData_ismir04_genre/row1231.csv
Execution time: 95.3656415939331 seconds
metaTables/vocal_music_demucs_16k/metaData_ismir04_genre/row1232.csv
Execution time: 95.83659219741821 seconds
metaTables/vocal_music_demucs_16k/metaData_ismir04_genre/row1233.csv
Execution time: 89.02114176750183 seconds
metaTables/vocal_music_demucs_16k/metaData_ismir04_genre/row1234.csv
Execution time: 85.57443451881409 seconds
metaTables/vocal_music_demucs_16k/metaData_ismir04_genre/row1235.csv
Execution time: 94.76584267616272 seconds
metaTables/vocal_music_demucs_16k/metaData_ismir04_genre/row1236.csv
Execution time: 78.43976736068726 seconds
metaTables/vocal_music_demucs_16k/metaData_ismir04_genre/row1237.csv
Execution time: 90.10217690467834 seconds
metaTables/vocal_music_demucs_16k/metaData_ismir04_genre/row1238.csv
Execution time: 94.6957323551178 seconds
metaTables/vocal_music_demucs_16k/metaData_ismir04_genre/row1239.csv
Execution time: 71.17364835739136 seconds
metaTables/vocal_music_demucs_16k/metaData_ismir04_genre/row1240.csv
Execution time: 90.6376166343689 seconds
metaTables/vocal_music_demucs_16k/metaData_ismir04_genre/row1241.csv
Execution time: 79.61756134033203 seconds
metaTables/vocal_music_demucs_16k/metaData_ismir04_genre/row1242.csv
Execution time: 87.91460061073303 seconds
metaTables/vocal_music_demucs_16k/metaData_ismir04_genre/row1243.csv
Execution time: 90.88733983039856 seconds
metaTables/vocal_music_demucs_16k/metaData_ismir04_genre/row1244.csv
Execution time: 89.91852307319641 seconds
metaTables/vocal_music_demucs_16k/metaData_ismir04_genre/row1245.csv
Execution time: 93.22016286849976 seconds
metaTables/vocal_music_demucs_16k/metaData_ismir04_genre/row1246.csv
Execution time: 75.13726425170898 seconds
metaTables/vocal_music_demucs_16k/metaData_ismir04_genre/row1247.csv
Execution time: 92.18389391899109 seconds
metaTables/vocal_music_demucs_16k/metaData_ismir04_genre/row1248.csv
Execution time: 74.49362540245056 seconds
metaTables/vocal_music_demucs_16k/metaData_ismir04_genre/row1249.csv
Execution time: 41.555135011672974 seconds
metaTables/vocal_music_demucs_16k/metaData_ismir04_genre/row1250.csv
Execution time: 87.52370834350586 seconds
metaTables/vocal_music_demucs_16k/metaData_ismir04_genre/row1251.csv
Execution time: 90.06967568397522 seconds
metaTables/vocal_music_demucs_16k/metaData_ismir04_genre/row1252.csv
Execution time: 91.65142631530762 seconds
metaTables/vocal_music_demucs_16k/metaData_ismir04_genre/row1253.csv
Execution time: 86.13412857055664 seconds
metaTables/vocal_music_demucs_16k/metaData_ismir04_genre/row1254.csv
Execution time: 86.25001358985901 seconds
metaTables/vocal_music_demucs_16k/metaData_ismir04_genre/row1255.csv
Execution time: 85.45725154876709 seconds
metaTables/vocal_music_demucs_16k/metaData_ismir04_genre/row1256.csv
Execution time: 96.38850593566895 seconds
metaTables/vocal_music_demucs_16k/metaData_ismir04_genre/row1257.csv
Execution time: 90.9794602394104 seconds
metaTables/vocal_music_demucs_16k/metaData_ismir04_genre/row1258.csv
Execution time: 33.3610200881958 seconds
metaTables/vocal_music_demucs_16k/metaData_ismir04_genre/row1259.csv
Execution time: 89.9308226108551 seconds
metaTables/vocal_music_demucs_16k/metaData_ismir04_genre/row1260.csv
Execution time: 92.60016107559204 seconds
metaTables/vocal_music_demucs_16k/metaData_ismir04_genre/row1261.csv
Execution time: 64.0504503250122 seconds
metaTables/vocal_music_demucs_16k/metaData_ismir04_genre/row1262.csv
Execution time: 87.58737516403198 seconds
metaTables/vocal_music_demucs_16k/metaData_ismir04_genre/row1263.csv
Execution time: 89.77665567398071 seconds
metaTables/vocal_music_demucs_16k/metaData_ismir04_genre/row1264.csv
Execution time: 93.52617859840393 seconds
metaTables/vocal_music_demucs_16k/metaData_ismir04_genre/row1265.csv
Execution time: 90.5629711151123 seconds
metaTables/vocal_music_demucs_16k/metaData_ismir04_genre/row1266.csv
Execution time: 90.59529519081116 seconds
metaTables/vocal_music_demucs_16k/metaData_ismir04_genre/row1267.csv
Execution time: 89.84456038475037 seconds
metaTables/vocal_music_demucs_16k/metaData_ismir04_genre/row1268.csv
Execution time: 89.3259756565094 seconds
metaTables/vocal_music_demucs_16k/metaData_ismir04_genre/row1269.csv
Execution time: 88.45858454704285 seconds
metaTables/vocal_music_demucs_16k/metaData_ismir04_genre/row1270.csv
Execution time: 96.43134689331055 seconds
metaTables/vocal_music_demucs_16k/metaData_ismir04_genre/row1271.csv
Execution time: 89.31525802612305 seconds
metaTables/vocal_music_demucs_16k/metaData_ismir04_genre/row1272.csv
Execution time: 85.56041264533997 seconds
metaTables/vocal_music_demucs_16k/metaData_ismir04_genre/row1273.csv
Execution time: 88.4127197265625 seconds
metaTables/vocal_music_demucs_16k/metaData_ismir04_genre/row1274.csv
Execution time: 96.23865175247192 seconds
metaTables/vocal_music_demucs_16k/metaData_ismir04_genre/row1275.csv
Execution time: 95.75423502922058 seconds
metaTables/vocal_music_demucs_16k/metaData_ismir04_genre/row1276.csv
Execution time: 88.21109771728516 seconds
metaTables/vocal_music_demucs_16k/metaData_ismir04_genre/row1277.csv
Execution time: 92.14583611488342 seconds
metaTables/vocal_music_demucs_16k/metaData_ismir04_genre/row1278.csv
Execution time: 91.37821745872498 seconds
metaTables/vocal_music_demucs_16k/metaData_ismir04_genre/row1279.csv
Execution time: 92.41663098335266 seconds
metaTables/vocal_music_demucs_16k/metaData_ismir04_genre/row1280.csv
Execution time: 90.64919590950012 seconds
metaTables/vocal_music_demucs_16k/metaData_ismir04_genre/row1281.csv
Execution time: 91.81208872795105 seconds
metaTables/vocal_music_demucs_16k/metaData_ismir04_genre/row1282.csv
Execution time: 88.79148316383362 seconds
metaTables/vocal_music_demucs_16k/metaData_ismir04_genre/row1283.csv
Execution time: 95.91416716575623 seconds
metaTables/vocal_music_demucs_16k/metaData_ismir04_genre/row1284.csv
Execution time: 92.42481660842896 seconds
metaTables/vocal_music_demucs_16k/metaData_ismir04_genre/row1285.csv
Execution time: 91.30865216255188 seconds
metaTables/vocal_music_demucs_16k/metaData_ismir04_genre/row1286.csv
Execution time: 48.98379731178284 seconds
metaTables/vocal_music_demucs_16k/metaData_ismir04_genre/row1287.csv
Execution time: 95.76096796989441 seconds
metaTables/vocal_music_demucs_16k/metaData_ismir04_genre/row1288.csv
Execution time: 98.41894507408142 seconds
metaTables/vocal_music_demucs_16k/metaData_ismir04_genre/row1289.csv
Execution time: 45.40516972541809 seconds
metaTables/vocal_music_demucs_16k/metaData_ismir04_genre/row1290.csv
Execution time: 88.28599119186401 seconds
metaTables/vocal_music_demucs_16k/metaData_ismir04_genre/row1291.csv
Execution time: 90.29522895812988 seconds
metaTables/vocal_music_demucs_16k/metaData_ismir04_genre/row1292.csv
Execution time: 96.60789442062378 seconds
metaTables/vocal_music_demucs_16k/metaData_ismir04_genre/row1293.csv
Execution time: 94.59090280532837 seconds
metaTables/vocal_music_demucs_16k/metaData_ismir04_genre/row1294.csv
Execution time: 93.17164897918701 seconds
metaTables/vocal_music_demucs_16k/metaData_ismir04_genre/row1295.csv
Execution time: 93.18444514274597 seconds
metaTables/vocal_music_demucs_16k/metaData_ismir04_genre/row1296.csv
Execution time: 92.78546595573425 seconds
metaTables/vocal_music_demucs_16k/metaData_ismir04_genre/row1297.csv
Execution time: 89.48851895332336 seconds
metaTables/vocal_music_demucs_16k/metaData_ismir04_genre/row1298.csv
Execution time: 88.49167490005493 seconds
metaTables/vocal_music_demucs_16k/metaData_ismir04_genre/row1299.csv
Demucs voice recognition done!
