/ext3/demucs/lib/python3.9/site-packages/demucs/api.py:27: UserWarning: TorchAudio's global backend is now deprecated. Please enable distpatcher by setting `TORCHAUDIO_USE_BACKEND_DISPATCHER=1`, and specify backend when calling load/info/save function.
  import torchaudio as ta
2024-05-09 12:03:36.259687: I tensorflow/core/util/port.cc:113] oneDNN custom operations are on. You may see slightly different numerical results due to floating-point round-off errors from different computation orders. To turn them off, set the environment variable `TF_ENABLE_ONEDNN_OPTS=0`.
2024-05-09 12:03:37.179440: E external/local_xla/xla/stream_executor/cuda/cuda_dnn.cc:9261] Unable to register cuDNN factory: Attempting to register factory for plugin cuDNN when one has already been registered
2024-05-09 12:03:37.179487: E external/local_xla/xla/stream_executor/cuda/cuda_fft.cc:607] Unable to register cuFFT factory: Attempting to register factory for plugin cuFFT when one has already been registered
2024-05-09 12:03:37.212050: E external/local_xla/xla/stream_executor/cuda/cuda_blas.cc:1515] Unable to register cuBLAS factory: Attempting to register factory for plugin cuBLAS when one has already been registered
2024-05-09 12:03:37.264053: I tensorflow/core/platform/cpu_feature_guard.cc:182] This TensorFlow binary is optimized to use available CPU instructions in performance-critical operations.
To enable the following instructions: AVX2 AVX512F AVX512_VNNI FMA, in other operations, rebuild TensorFlow with the appropriate compiler flags.
2024-05-09 12:03:38.236341: W tensorflow/compiler/tf2tensorrt/utils/py_utils.cc:38] TF-TRT Warning: Could not find TensorRT
SKIPPING: metaTables/vocal_music_demucs_16k/metaData_ismir04_genre/row100.csv
SKIPPING: metaTables/vocal_music_demucs_16k/metaData_ismir04_genre/row101.csv
SKIPPING: metaTables/vocal_music_demucs_16k/metaData_ismir04_genre/row102.csv
SKIPPING: metaTables/vocal_music_demucs_16k/metaData_ismir04_genre/row103.csv
SKIPPING: metaTables/vocal_music_demucs_16k/metaData_ismir04_genre/row104.csv
SKIPPING: metaTables/vocal_music_demucs_16k/metaData_ismir04_genre/row105.csv
SKIPPING: metaTables/vocal_music_demucs_16k/metaData_ismir04_genre/row106.csv
SKIPPING: metaTables/vocal_music_demucs_16k/metaData_ismir04_genre/row107.csv
SKIPPING: metaTables/vocal_music_demucs_16k/metaData_ismir04_genre/row108.csv
SKIPPING: metaTables/vocal_music_demucs_16k/metaData_ismir04_genre/row109.csv
SKIPPING: metaTables/vocal_music_demucs_16k/metaData_ismir04_genre/row110.csv
SKIPPING: metaTables/vocal_music_demucs_16k/metaData_ismir04_genre/row111.csv
SKIPPING: metaTables/vocal_music_demucs_16k/metaData_ismir04_genre/row112.csv
SKIPPING: metaTables/vocal_music_demucs_16k/metaData_ismir04_genre/row113.csv
SKIPPING: metaTables/vocal_music_demucs_16k/metaData_ismir04_genre/row114.csv
SKIPPING: metaTables/vocal_music_demucs_16k/metaData_ismir04_genre/row115.csv
SKIPPING: metaTables/vocal_music_demucs_16k/metaData_ismir04_genre/row116.csv
SKIPPING: metaTables/vocal_music_demucs_16k/metaData_ismir04_genre/row117.csv
SKIPPING: metaTables/vocal_music_demucs_16k/metaData_ismir04_genre/row118.csv
SKIPPING: metaTables/vocal_music_demucs_16k/metaData_ismir04_genre/row119.csv
SKIPPING: metaTables/vocal_music_demucs_16k/metaData_ismir04_genre/row120.csv
SKIPPING: metaTables/vocal_music_demucs_16k/metaData_ismir04_genre/row121.csv
SKIPPING: metaTables/vocal_music_demucs_16k/metaData_ismir04_genre/row122.csv
SKIPPING: metaTables/vocal_music_demucs_16k/metaData_ismir04_genre/row123.csv
SKIPPING: metaTables/vocal_music_demucs_16k/metaData_ismir04_genre/row124.csv
SKIPPING: metaTables/vocal_music_demucs_16k/metaData_ismir04_genre/row125.csv
SKIPPING: metaTables/vocal_music_demucs_16k/metaData_ismir04_genre/row126.csv
SKIPPING: metaTables/vocal_music_demucs_16k/metaData_ismir04_genre/row127.csv
SKIPPING: metaTables/vocal_music_demucs_16k/metaData_ismir04_genre/row128.csv
SKIPPING: metaTables/vocal_music_demucs_16k/metaData_ismir04_genre/row129.csv
SKIPPING: metaTables/vocal_music_demucs_16k/metaData_ismir04_genre/row130.csv
SKIPPING: metaTables/vocal_music_demucs_16k/metaData_ismir04_genre/row131.csv
SKIPPING: metaTables/vocal_music_demucs_16k/metaData_ismir04_genre/row132.csv
SKIPPING: metaTables/vocal_music_demucs_16k/metaData_ismir04_genre/row133.csv
SKIPPING: metaTables/vocal_music_demucs_16k/metaData_ismir04_genre/row134.csv
SKIPPING: metaTables/vocal_music_demucs_16k/metaData_ismir04_genre/row135.csv
SKIPPING: metaTables/vocal_music_demucs_16k/metaData_ismir04_genre/row136.csv
SKIPPING: metaTables/vocal_music_demucs_16k/metaData_ismir04_genre/row137.csv
SKIPPING: metaTables/vocal_music_demucs_16k/metaData_ismir04_genre/row138.csv
SKIPPING: metaTables/vocal_music_demucs_16k/metaData_ismir04_genre/row139.csv
SKIPPING: metaTables/vocal_music_demucs_16k/metaData_ismir04_genre/row140.csv
SKIPPING: metaTables/vocal_music_demucs_16k/metaData_ismir04_genre/row141.csv
SKIPPING: metaTables/vocal_music_demucs_16k/metaData_ismir04_genre/row142.csv
SKIPPING: metaTables/vocal_music_demucs_16k/metaData_ismir04_genre/row143.csv
SKIPPING: metaTables/vocal_music_demucs_16k/metaData_ismir04_genre/row144.csv
SKIPPING: metaTables/vocal_music_demucs_16k/metaData_ismir04_genre/row145.csv
SKIPPING: metaTables/vocal_music_demucs_16k/metaData_ismir04_genre/row146.csv
SKIPPING: metaTables/vocal_music_demucs_16k/metaData_ismir04_genre/row147.csv
SKIPPING: metaTables/vocal_music_demucs_16k/metaData_ismir04_genre/row148.csv
SKIPPING: metaTables/vocal_music_demucs_16k/metaData_ismir04_genre/row149.csv
SKIPPING: metaTables/vocal_music_demucs_16k/metaData_ismir04_genre/row150.csv
SKIPPING: metaTables/vocal_music_demucs_16k/metaData_ismir04_genre/row151.csv
SKIPPING: metaTables/vocal_music_demucs_16k/metaData_ismir04_genre/row152.csv
SKIPPING: metaTables/vocal_music_demucs_16k/metaData_ismir04_genre/row153.csv
SKIPPING: metaTables/vocal_music_demucs_16k/metaData_ismir04_genre/row154.csv
SKIPPING: metaTables/vocal_music_demucs_16k/metaData_ismir04_genre/row155.csv
SKIPPING: metaTables/vocal_music_demucs_16k/metaData_ismir04_genre/row156.csv
SKIPPING: metaTables/vocal_music_demucs_16k/metaData_ismir04_genre/row157.csv
SKIPPING: metaTables/vocal_music_demucs_16k/metaData_ismir04_genre/row158.csv
SKIPPING: metaTables/vocal_music_demucs_16k/metaData_ismir04_genre/row159.csv
SKIPPING: metaTables/vocal_music_demucs_16k/metaData_ismir04_genre/row160.csv
SKIPPING: metaTables/vocal_music_demucs_16k/metaData_ismir04_genre/row161.csv
SKIPPING: metaTables/vocal_music_demucs_16k/metaData_ismir04_genre/row162.csv
SKIPPING: metaTables/vocal_music_demucs_16k/metaData_ismir04_genre/row163.csv
SKIPPING: metaTables/vocal_music_demucs_16k/metaData_ismir04_genre/row164.csv
SKIPPING: metaTables/vocal_music_demucs_16k/metaData_ismir04_genre/row165.csv
SKIPPING: metaTables/vocal_music_demucs_16k/metaData_ismir04_genre/row166.csv
SKIPPING: metaTables/vocal_music_demucs_16k/metaData_ismir04_genre/row167.csv
SKIPPING: metaTables/vocal_music_demucs_16k/metaData_ismir04_genre/row168.csv
SKIPPING: metaTables/vocal_music_demucs_16k/metaData_ismir04_genre/row169.csv
SKIPPING: metaTables/vocal_music_demucs_16k/metaData_ismir04_genre/row170.csv
SKIPPING: metaTables/vocal_music_demucs_16k/metaData_ismir04_genre/row171.csv
SKIPPING: metaTables/vocal_music_demucs_16k/metaData_ismir04_genre/row172.csv
SKIPPING: metaTables/vocal_music_demucs_16k/metaData_ismir04_genre/row173.csv
SKIPPING: metaTables/vocal_music_demucs_16k/metaData_ismir04_genre/row174.csv
SKIPPING: metaTables/vocal_music_demucs_16k/metaData_ismir04_genre/row175.csv
SKIPPING: metaTables/vocal_music_demucs_16k/metaData_ismir04_genre/row176.csv
SKIPPING: metaTables/vocal_music_demucs_16k/metaData_ismir04_genre/row177.csv
SKIPPING: metaTables/vocal_music_demucs_16k/metaData_ismir04_genre/row178.csv
SKIPPING: metaTables/vocal_music_demucs_16k/metaData_ismir04_genre/row179.csv
SKIPPING: metaTables/vocal_music_demucs_16k/metaData_ismir04_genre/row180.csv
SKIPPING: metaTables/vocal_music_demucs_16k/metaData_ismir04_genre/row181.csv
SKIPPING: metaTables/vocal_music_demucs_16k/metaData_ismir04_genre/row182.csv
SKIPPING: metaTables/vocal_music_demucs_16k/metaData_ismir04_genre/row183.csv
SKIPPING: metaTables/vocal_music_demucs_16k/metaData_ismir04_genre/row184.csv
SKIPPING: metaTables/vocal_music_demucs_16k/metaData_ismir04_genre/row185.csv
SKIPPING: metaTables/vocal_music_demucs_16k/metaData_ismir04_genre/row186.csv
SKIPPING: metaTables/vocal_music_demucs_16k/metaData_ismir04_genre/row187.csv
SKIPPING: metaTables/vocal_music_demucs_16k/metaData_ismir04_genre/row188.csv
SKIPPING: metaTables/vocal_music_demucs_16k/metaData_ismir04_genre/row189.csv
SKIPPING: metaTables/vocal_music_demucs_16k/metaData_ismir04_genre/row190.csv
SKIPPING: metaTables/vocal_music_demucs_16k/metaData_ismir04_genre/row191.csv
SKIPPING: metaTables/vocal_music_demucs_16k/metaData_ismir04_genre/row192.csv
SKIPPING: metaTables/vocal_music_demucs_16k/metaData_ismir04_genre/row193.csv
SKIPPING: metaTables/vocal_music_demucs_16k/metaData_ismir04_genre/row194.csv
SKIPPING: metaTables/vocal_music_demucs_16k/metaData_ismir04_genre/row195.csv
SKIPPING: metaTables/vocal_music_demucs_16k/metaData_ismir04_genre/row196.csv
SKIPPING: metaTables/vocal_music_demucs_16k/metaData_ismir04_genre/row197.csv
SKIPPING: metaTables/vocal_music_demucs_16k/metaData_ismir04_genre/row198.csv
SKIPPING: metaTables/vocal_music_demucs_16k/metaData_ismir04_genre/row199.csv
Demucs voice recognition done!
