2024-11-23 18:09:08.737101: I tensorflow/core/util/port.cc:113] oneDNN custom operations are on. You may see slightly different numerical results due to floating-point round-off errors from different computation orders. To turn them off, set the environment variable `TF_ENABLE_ONEDNN_OPTS=0`.
2024-11-23 18:09:10.646399: I tensorflow/core/platform/cpu_feature_guard.cc:182] This TensorFlow binary is optimized to use available CPU instructions in performance-critical operations.
To enable the following instructions: SSE4.1 SSE4.2 AVX AVX2 AVX512F AVX512_VNNI FMA, in other operations, rebuild TensorFlow with the appropriate compiler flags.
loading success: data/speechCorp/MozillaCommonVoice/sr/clips/common_voice_sr_28521352.mp3
loading success: data/speechCorp/MozillaCommonVoice/sr/clips/common_voice_sr_37517810.mp3
loading success: data/speechCorp/MozillaCommonVoice/sr/clips/common_voice_sr_27655714.mp3
loading success: data/speechCorp/MozillaCommonVoice/sr/clips/common_voice_sr_36971217.mp3
loading success: data/speechCorp/MozillaCommonVoice/sr/clips/common_voice_sr_36947072.mp3
loading success: data/speechCorp/MozillaCommonVoice/sr/clips/common_voice_sr_36950133.mp3
loading success: data/speechCorp/MozillaCommonVoice/sr/clips/common_voice_sr_37517845.mp3
loading success: data/speechCorp/MozillaCommonVoice/sr/clips/common_voice_sr_35099339.mp3
loading success: data/speechCorp/MozillaCommonVoice/sr/clips/common_voice_sr_37315368.mp3
loading success: data/speechCorp/MozillaCommonVoice/sr/clips/common_voice_sr_27636578.mp3
loading success: data/speechCorp/MozillaCommonVoice/sr/clips/common_voice_sr_26960326.mp3
loading success: data/speechCorp/MozillaCommonVoice/sr/clips/common_voice_sr_28441332.mp3
loading success: data/speechCorp/MozillaCommonVoice/sr/clips/common_voice_sr_36773543.mp3
loading success: data/speechCorp/MozillaCommonVoice/sr/clips/common_voice_sr_33242694.mp3
loading success: data/speechCorp/MozillaCommonVoice/sr/clips/common_voice_sr_35156279.mp3
loading success: data/speechCorp/MozillaCommonVoice/sr/clips/common_voice_sr_27675607.mp3
loading success: data/speechCorp/MozillaCommonVoice/sr/clips/common_voice_sr_27635320.mp3
loading success: data/speechCorp/MozillaCommonVoice/sr/clips/common_voice_sr_36950271.mp3
loading success: data/speechCorp/MozillaCommonVoice/sr/clips/common_voice_sr_27675724.mp3
loading success: data/speechCorp/MozillaCommonVoice/sr/clips/common_voice_sr_27781242.mp3
loading success: data/speechCorp/MozillaCommonVoice/sr/clips/common_voice_sr_28526302.mp3
loading success: data/speechCorp/MozillaCommonVoice/sr/clips/common_voice_sr_36949458.mp3
loading success: data/speechCorp/MozillaCommonVoice/sr/clips/common_voice_sr_36765613.mp3
loading success: data/speechCorp/MozillaCommonVoice/sr/clips/common_voice_sr_28623205.mp3
loading success: data/speechCorp/MozillaCommonVoice/sr/clips/common_voice_sr_36765624.mp3
loading success: data/speechCorp/MozillaCommonVoice/sr/clips/common_voice_sr_36793452.mp3
loading success: data/speechCorp/MozillaCommonVoice/sr/clips/common_voice_sr_36950260.mp3
loading success: data/speechCorp/MozillaCommonVoice/sr/clips/common_voice_sr_32072359.mp3
loading success: data/speechCorp/MozillaCommonVoice/sr/clips/common_voice_sr_36774557.mp3
loading success: data/speechCorp/MozillaCommonVoice/sr/clips/common_voice_sr_26958776.mp3
loading success: data/speechCorp/MozillaCommonVoice/sr/clips/common_voice_sr_37391330.mp3
loading success: data/speechCorp/MozillaCommonVoice/sr/clips/common_voice_sr_37517909.mp3
loading success: data/speechCorp/MozillaCommonVoice/sr/clips/common_voice_sr_36765491.mp3
loading success: data/speechCorp/MozillaCommonVoice/sr/clips/common_voice_sr_35133168.mp3
loading success: data/speechCorp/MozillaCommonVoice/sr/clips/common_voice_sr_36786953.mp3
loading success: data/speechCorp/MozillaCommonVoice/sr/clips/common_voice_sr_36765310.mp3
loading success: data/speechCorp/MozillaCommonVoice/sr/clips/common_voice_sr_28859069.mp3
loading success: data/speechCorp/MozillaCommonVoice/sr/clips/common_voice_sr_36934811.mp3
loading success: data/speechCorp/MozillaCommonVoice/sr/clips/common_voice_sr_36946939.mp3
loading success: data/speechCorp/MozillaCommonVoice/sr/clips/common_voice_sr_27635198.mp3
loading success: data/speechCorp/MozillaCommonVoice/sr/clips/common_voice_sr_36925152.mp3
loading success: data/speechCorp/MozillaCommonVoice/sr/clips/common_voice_sr_35099162.mp3
loading success: data/speechCorp/MozillaCommonVoice/sr/clips/common_voice_sr_36767316.mp3
loading success: data/speechCorp/MozillaCommonVoice/sr/clips/common_voice_sr_36946993.mp3
loading success: data/speechCorp/MozillaCommonVoice/sr/clips/common_voice_sr_39254534.mp3
loading success: data/speechCorp/MozillaCommonVoice/sr/clips/common_voice_sr_36767343.mp3
loading success: data/speechCorp/MozillaCommonVoice/sr/clips/common_voice_sr_36947001.mp3
loading success: data/speechCorp/MozillaCommonVoice/sr/clips/common_voice_sr_27781287.mp3
loading success: data/speechCorp/MozillaCommonVoice/sr/clips/common_voice_sr_35089328.mp3
loading success: data/speechCorp/MozillaCommonVoice/sr/clips/common_voice_sr_37574632.mp3
loading success: data/speechCorp/MozillaCommonVoice/sr/clips/common_voice_sr_36994381.mp3
loading success: data/speechCorp/MozillaCommonVoice/sr/clips/common_voice_sr_31333216.mp3
loading success: data/speechCorp/MozillaCommonVoice/sr/clips/common_voice_sr_35097160.mp3
loading success: data/speechCorp/MozillaCommonVoice/sr/clips/common_voice_sr_26937944.mp3
loading success: data/speechCorp/MozillaCommonVoice/sr/clips/common_voice_sr_38525981.mp3
loading success: data/speechCorp/MozillaCommonVoice/sr/clips/common_voice_sr_36772887.mp3
loading success: data/speechCorp/MozillaCommonVoice/sr/clips/common_voice_sr_27781417.mp3
loading success: data/speechCorp/MozillaCommonVoice/sr/clips/common_voice_sr_36767586.mp3
loading success: data/speechCorp/MozillaCommonVoice/sr/clips/common_voice_sr_38535709.mp3
loading success: data/speechCorp/MozillaCommonVoice/sr/clips/common_voice_sr_35085077.mp3
loading success: data/speechCorp/MozillaCommonVoice/sr/clips/common_voice_sr_35090485.mp3
loading success: data/speechCorp/MozillaCommonVoice/sr/clips/common_voice_sr_27166440.mp3
loading success: data/speechCorp/MozillaCommonVoice/sr/clips/common_voice_sr_27781396.mp3
loading success: data/speechCorp/MozillaCommonVoice/sr/clips/common_voice_sr_36994437.mp3
loading success: data/speechCorp/MozillaCommonVoice/sr/clips/common_voice_sr_36765501.mp3
loading success: data/speechCorp/MozillaCommonVoice/sr/clips/common_voice_sr_36947099.mp3
loading success: data/speechCorp/MozillaCommonVoice/sr/clips/common_voice_sr_27656767.mp3
loading success: data/speechCorp/MozillaCommonVoice/sr/clips/common_voice_sr_33192057.mp3
loading success: data/speechCorp/MozillaCommonVoice/sr/clips/common_voice_sr_33242733.mp3
loading success: data/speechCorp/MozillaCommonVoice/sr/clips/common_voice_sr_36994267.mp3
loading success: data/speechCorp/MozillaCommonVoice/sr/clips/common_voice_sr_27655726.mp3
loading success: data/speechCorp/MozillaCommonVoice/sr/clips/common_voice_sr_37523071.mp3
loading success: data/speechCorp/MozillaCommonVoice/sr/clips/common_voice_sr_27635278.mp3
loading success: data/speechCorp/MozillaCommonVoice/sr/clips/common_voice_sr_35088567.mp3
loading success: data/speechCorp/MozillaCommonVoice/sr/clips/common_voice_sr_27656789.mp3
loading success: data/speechCorp/MozillaCommonVoice/sr/clips/common_voice_sr_28441289.mp3
loading success: data/speechCorp/MozillaCommonVoice/sr/clips/common_voice_sr_37523130.mp3
loading success: data/speechCorp/MozillaCommonVoice/sr/clips/common_voice_sr_26874045.mp3
loading success: data/speechCorp/MozillaCommonVoice/sr/clips/common_voice_sr_36767597.mp3
loading success: data/speechCorp/MozillaCommonVoice/sr/clips/common_voice_sr_28663229.mp3
loading success: data/speechCorp/MozillaCommonVoice/sr/clips/common_voice_sr_26953672.mp3
loading success: data/speechCorp/MozillaCommonVoice/sr/clips/common_voice_sr_36950709.mp3
loading success: data/speechCorp/MozillaCommonVoice/sr/clips/common_voice_sr_30649702.mp3
loading success: data/speechCorp/MozillaCommonVoice/sr/clips/common_voice_sr_37391346.mp3
loading success: data/speechCorp/MozillaCommonVoice/sr/clips/common_voice_sr_37259375.mp3
loading success: data/speechCorp/MozillaCommonVoice/sr/clips/common_voice_sr_35097124.mp3
loading success: data/speechCorp/MozillaCommonVoice/sr/clips/common_voice_sr_27675716.mp3
loading success: data/speechCorp/MozillaCommonVoice/sr/clips/common_voice_sr_36773386.mp3
loading success: data/speechCorp/MozillaCommonVoice/sr/clips/common_voice_sr_36950178.mp3
loading success: data/speechCorp/MozillaCommonVoice/sr/clips/common_voice_sr_35085537.mp3
loading success: data/speechCorp/MozillaCommonVoice/sr/clips/common_voice_sr_27655277.mp3
loading success: data/speechCorp/MozillaCommonVoice/sr/clips/common_voice_sr_38531879.mp3
loading success: data/speechCorp/MozillaCommonVoice/sr/clips/common_voice_sr_27635315.mp3
loading success: data/speechCorp/MozillaCommonVoice/sr/clips/common_voice_sr_27781463.mp3
loading success: data/speechCorp/MozillaCommonVoice/sr/clips/common_voice_sr_37517893.mp3
loading success: data/speechCorp/MozillaCommonVoice/sr/clips/common_voice_sr_35086344.mp3
loading success: data/speechCorp/MozillaCommonVoice/sr/clips/common_voice_sr_35265081.mp3
loading success: data/speechCorp/MozillaCommonVoice/sr/clips/common_voice_sr_37529545.mp3
loading success: data/speechCorp/MozillaCommonVoice/sr/clips/common_voice_sr_27781363.mp3
loading success: data/speechCorp/MozillaCommonVoice/sr/clips/common_voice_sr_35089394.mp3
loading success: data/speechCorp/MozillaCommonVoice/sr/clips/common_voice_sr_38508423.mp3
loading success: data/speechCorp/MozillaCommonVoice/sr/clips/common_voice_sr_27008239.mp3
loading success: data/speechCorp/MozillaCommonVoice/sr/clips/common_voice_sr_36946632.mp3
loading success: data/speechCorp/MozillaCommonVoice/sr/clips/common_voice_sr_37517825.mp3
loading success: data/speechCorp/MozillaCommonVoice/sr/clips/common_voice_sr_27655716.mp3
loading success: data/speechCorp/MozillaCommonVoice/sr/clips/common_voice_sr_35086490.mp3
loading success: data/speechCorp/MozillaCommonVoice/sr/clips/common_voice_sr_37517797.mp3
loading success: data/speechCorp/MozillaCommonVoice/sr/clips/common_voice_sr_27662247.mp3
loading success: data/speechCorp/MozillaCommonVoice/sr/clips/common_voice_sr_36994443.mp3
loading success: data/speechCorp/MozillaCommonVoice/sr/clips/common_voice_sr_36934787.mp3
loading success: data/speechCorp/MozillaCommonVoice/sr/clips/common_voice_sr_38058834.mp3
loading success: data/speechCorp/MozillaCommonVoice/sr/clips/common_voice_sr_36994416.mp3
loading success: data/speechCorp/MozillaCommonVoice/sr/clips/common_voice_sr_33242756.mp3
loading success: data/speechCorp/MozillaCommonVoice/sr/clips/common_voice_sr_36765325.mp3
loading success: data/speechCorp/MozillaCommonVoice/sr/clips/common_voice_sr_36773444.mp3
loading success: data/speechCorp/MozillaCommonVoice/sr/clips/common_voice_sr_27675851.mp3
loading success: data/speechCorp/MozillaCommonVoice/sr/clips/common_voice_sr_38523478.mp3
loading success: data/speechCorp/MozillaCommonVoice/sr/clips/common_voice_sr_36951818.mp3
loading success: data/speechCorp/MozillaCommonVoice/sr/clips/common_voice_sr_36774549.mp3
loading success: data/speechCorp/MozillaCommonVoice/sr/clips/common_voice_sr_26553035.mp3
loading success: data/speechCorp/MozillaCommonVoice/sr/clips/common_voice_sr_36765690.mp3
loading success: data/speechCorp/MozillaCommonVoice/sr/clips/common_voice_sr_27953524.mp3
loading success: data/speechCorp/MozillaCommonVoice/sr/clips/common_voice_sr_36950142.mp3
loading success: data/speechCorp/MozillaCommonVoice/sr/clips/common_voice_sr_27008176.mp3
loading success: data/speechCorp/MozillaCommonVoice/sr/clips/common_voice_sr_35085131.mp3
loading success: data/speechCorp/MozillaCommonVoice/sr/clips/common_voice_sr_27014908.mp3
loading success: data/speechCorp/MozillaCommonVoice/sr/clips/common_voice_sr_28623159.mp3
loading success: data/speechCorp/MozillaCommonVoice/sr/clips/common_voice_sr_27781345.mp3
loading success: data/speechCorp/MozillaCommonVoice/sr/clips/common_voice_sr_37523084.mp3
loading success: data/speechCorp/MozillaCommonVoice/sr/clips/common_voice_sr_37315332.mp3
loading success: data/speechCorp/MozillaCommonVoice/sr/clips/common_voice_sr_28526426.mp3
loading success: data/speechCorp/MozillaCommonVoice/sr/clips/common_voice_sr_35087275.mp3
loading success: data/speechCorp/MozillaCommonVoice/sr/clips/common_voice_sr_27781233.mp3
loading success: data/speechCorp/MozillaCommonVoice/sr/clips/common_voice_sr_27658339.mp3
loading success: data/speechCorp/MozillaCommonVoice/sr/clips/common_voice_sr_27014691.mp3
loading success: data/speechCorp/MozillaCommonVoice/sr/clips/common_voice_sr_36774237.mp3
loading success: data/speechCorp/MozillaCommonVoice/sr/clips/common_voice_sr_37391350.mp3
loading success: data/speechCorp/MozillaCommonVoice/sr/clips/common_voice_sr_36774500.mp3
loading success: data/speechCorp/MozillaCommonVoice/sr/clips/common_voice_sr_36765909.mp3
loading success: data/speechCorp/MozillaCommonVoice/sr/clips/common_voice_sr_36774262.mp3
loading success: data/speechCorp/MozillaCommonVoice/sr/clips/common_voice_sr_36804139.mp3
loading success: data/speechCorp/MozillaCommonVoice/sr/clips/common_voice_sr_35090378.mp3
loading success: data/speechCorp/MozillaCommonVoice/sr/clips/common_voice_sr_39316392.mp3
loading success: data/speechCorp/MozillaCommonVoice/sr/clips/common_voice_sr_27636318.mp3
loading success: data/speechCorp/MozillaCommonVoice/sr/clips/common_voice_sr_35090073.mp3
loading success: data/speechCorp/MozillaCommonVoice/sr/clips/common_voice_sr_37517878.mp3
loading success: data/speechCorp/MozillaCommonVoice/sr/clips/common_voice_sr_27636499.mp3
loading success: data/speechCorp/MozillaCommonVoice/sr/clips/common_voice_sr_27635301.mp3
loading success: data/speechCorp/MozillaCommonVoice/sr/clips/common_voice_sr_37574630.mp3
loading success: data/speechCorp/MozillaCommonVoice/sr/clips/common_voice_sr_39263261.mp3
loading success: data/speechCorp/MozillaCommonVoice/sr/clips/common_voice_sr_27675880.mp3
loading success: data/speechCorp/MozillaCommonVoice/sr/clips/common_voice_sr_35341231.mp3
loading success: data/speechCorp/MozillaCommonVoice/sr/clips/common_voice_sr_27675798.mp3
loading success: data/speechCorp/MozillaCommonVoice/sr/clips/common_voice_sr_27314176.mp3
loading success: data/speechCorp/MozillaCommonVoice/sr/clips/common_voice_sr_36950193.mp3
loading success: data/speechCorp/MozillaCommonVoice/sr/clips/common_voice_sr_27781422.mp3
loading success: data/speechCorp/MozillaCommonVoice/sr/clips/common_voice_sr_33242576.mp3
loading success: data/speechCorp/MozillaCommonVoice/sr/clips/common_voice_sr_36950693.mp3
loading success: data/speechCorp/MozillaCommonVoice/sr/clips/common_voice_sr_36946977.mp3
loading success: data/speechCorp/MozillaCommonVoice/sr/clips/common_voice_sr_36925158.mp3
loading success: data/speechCorp/MozillaCommonVoice/sr/clips/common_voice_sr_37517896.mp3
loading success: data/speechCorp/MozillaCommonVoice/sr/clips/common_voice_sr_36951827.mp3
loading success: data/speechCorp/MozillaCommonVoice/sr/clips/common_voice_sr_35086323.mp3
loading success: data/speechCorp/MozillaCommonVoice/sr/clips/common_voice_sr_27014759.mp3
loading success: data/speechCorp/MozillaCommonVoice/sr/clips/common_voice_sr_35278236.mp3
loading success: data/speechCorp/MozillaCommonVoice/sr/clips/common_voice_sr_27656768.mp3
loading success: data/speechCorp/MozillaCommonVoice/sr/clips/common_voice_sr_26944219.mp3
loading success: data/speechCorp/MozillaCommonVoice/sr/clips/common_voice_sr_35098202.mp3
loading success: data/speechCorp/MozillaCommonVoice/sr/clips/common_voice_sr_36994286.mp3
loading success: data/speechCorp/MozillaCommonVoice/sr/clips/common_voice_sr_35265158.mp3
loading success: data/speechCorp/MozillaCommonVoice/sr/clips/common_voice_sr_35086489.mp3
loading success: data/speechCorp/MozillaCommonVoice/sr/clips/common_voice_sr_36773384.mp3
loading success: data/speechCorp/MozillaCommonVoice/sr/clips/common_voice_sr_36765364.mp3
loading success: data/speechCorp/MozillaCommonVoice/sr/clips/common_voice_sr_33242706.mp3
loading success: data/speechCorp/MozillaCommonVoice/sr/clips/common_voice_sr_27314119.mp3
loading success: data/speechCorp/MozillaCommonVoice/sr/clips/common_voice_sr_36773405.mp3
loading success: data/speechCorp/MozillaCommonVoice/sr/clips/common_voice_sr_28321610.mp3
loading success: data/speechCorp/MozillaCommonVoice/sr/clips/common_voice_sr_38058806.mp3
loading success: data/speechCorp/MozillaCommonVoice/sr/clips/common_voice_sr_36774295.mp3
loading success: data/speechCorp/MozillaCommonVoice/sr/clips/common_voice_sr_38509084.mp3
loading success: data/speechCorp/MozillaCommonVoice/sr/clips/common_voice_sr_36994424.mp3
loading success: data/speechCorp/MozillaCommonVoice/sr/clips/common_voice_sr_27655713.mp3
loading success: data/speechCorp/MozillaCommonVoice/sr/clips/common_voice_sr_37523073.mp3
loading success: data/speechCorp/MozillaCommonVoice/sr/clips/common_voice_sr_37517903.mp3
loading success: data/speechCorp/MozillaCommonVoice/sr/clips/common_voice_sr_35278280.mp3
loading success: data/speechCorp/MozillaCommonVoice/sr/clips/common_voice_sr_36773398.mp3
loading success: data/speechCorp/MozillaCommonVoice/sr/clips/common_voice_sr_37523105.mp3
loading success: data/speechCorp/MozillaCommonVoice/sr/clips/common_voice_sr_38511433.mp3
loading success: data/speechCorp/MozillaCommonVoice/sr/clips/common_voice_sr_35099246.mp3
loading success: data/speechCorp/MozillaCommonVoice/sr/clips/common_voice_sr_38511351.mp3
loading success: data/speechCorp/MozillaCommonVoice/sr/clips/common_voice_sr_27636365.mp3
loading success: data/speechCorp/MozillaCommonVoice/sr/clips/common_voice_sr_27781235.mp3
loading success: data/speechCorp/MozillaCommonVoice/sr/clips/common_voice_sr_35087273.mp3
loading success: data/speechCorp/MozillaCommonVoice/sr/clips/common_voice_sr_27655748.mp3
loading success: data/speechCorp/MozillaCommonVoice/sr/clips/common_voice_sr_35101536.mp3
loading success: data/speechCorp/MozillaCommonVoice/sr/clips/common_voice_sr_26945979.mp3
loading success: data/speechCorp/MozillaCommonVoice/sr/clips/common_voice_sr_36950158.mp3
loading success: data/speechCorp/MozillaCommonVoice/sr/clips/common_voice_sr_27675519.mp3
loading success: data/speechCorp/MozillaCommonVoice/sr/clips/common_voice_sr_36950231.mp3
loading success: data/speechCorp/MozillaCommonVoice/sr/clips/common_voice_sr_27008205.mp3
loading success: data/speechCorp/MozillaCommonVoice/sr/clips/common_voice_sr_28623174.mp3
loading success: data/speechCorp/MozillaCommonVoice/sr/clips/common_voice_sr_36774287.mp3
loading success: data/speechCorp/MozillaCommonVoice/sr/clips/common_voice_sr_36765323.mp3
loading success: data/speechCorp/MozillaCommonVoice/sr/clips/common_voice_sr_27675943.mp3
loading success: data/speechCorp/MozillaCommonVoice/sr/clips/common_voice_sr_28441266.mp3
loading success: data/speechCorp/MozillaCommonVoice/sr/clips/common_voice_sr_26960038.mp3
loading success: data/speechCorp/MozillaCommonVoice/sr/clips/common_voice_sr_36773256.mp3
loading success: data/speechCorp/MozillaCommonVoice/sr/clips/common_voice_sr_35085089.mp3
loading success: data/speechCorp/MozillaCommonVoice/sr/clips/common_voice_sr_28441251.mp3
loading success: data/speechCorp/MozillaCommonVoice/sr/clips/common_voice_sr_37523034.mp3
loading success: data/speechCorp/MozillaCommonVoice/sr/clips/common_voice_sr_35092023.mp3
loading success: data/speechCorp/MozillaCommonVoice/sr/clips/common_voice_sr_36994288.mp3
loading success: data/speechCorp/MozillaCommonVoice/sr/clips/common_voice_sr_27166441.mp3
loading success: data/speechCorp/MozillaCommonVoice/sr/clips/common_voice_sr_27636386.mp3
loading success: data/speechCorp/MozillaCommonVoice/sr/clips/common_voice_sr_38511394.mp3
loading success: data/speechCorp/MozillaCommonVoice/sr/clips/common_voice_sr_31333173.mp3
loading success: data/speechCorp/MozillaCommonVoice/sr/clips/common_voice_sr_28521361.mp3
loading success: data/speechCorp/MozillaCommonVoice/sr/clips/common_voice_sr_27646365.mp3
loading success: data/speechCorp/MozillaCommonVoice/sr/clips/common_voice_sr_35085144.mp3
loading success: data/speechCorp/MozillaCommonVoice/sr/clips/common_voice_sr_35099188.mp3
loading success: data/speechCorp/MozillaCommonVoice/sr/clips/common_voice_sr_37172281.mp3
loading success: data/speechCorp/MozillaCommonVoice/sr/clips/common_voice_sr_27008134.mp3
loading success: data/speechCorp/MozillaCommonVoice/sr/clips/common_voice_sr_36946986.mp3
loading success: data/speechCorp/MozillaCommonVoice/sr/clips/common_voice_sr_27751835.mp3
loading success: data/speechCorp/MozillaCommonVoice/sr/clips/common_voice_sr_26874431.mp3
loading success: data/speechCorp/MozillaCommonVoice/sr/clips/common_voice_sr_35097193.mp3
loading success: data/speechCorp/MozillaCommonVoice/sr/clips/common_voice_sr_35098174.mp3
loading success: data/speechCorp/MozillaCommonVoice/sr/clips/common_voice_sr_38531909.mp3
loading success: data/speechCorp/MozillaCommonVoice/sr/clips/common_voice_sr_37517808.mp3
loading success: data/speechCorp/MozillaCommonVoice/sr/clips/common_voice_sr_36950242.mp3
loading success: data/speechCorp/MozillaCommonVoice/sr/clips/common_voice_sr_27675717.mp3
loading success: data/speechCorp/MozillaCommonVoice/sr/clips/common_voice_sr_36774217.mp3
loading success: data/speechCorp/MozillaCommonVoice/sr/clips/common_voice_sr_28526406.mp3
loading success: data/speechCorp/MozillaCommonVoice/sr/clips/common_voice_sr_27781307.mp3
loading success: data/speechCorp/MozillaCommonVoice/sr/clips/common_voice_sr_36964016.mp3
loading success: data/speechCorp/MozillaCommonVoice/sr/clips/common_voice_sr_37315370.mp3
loading success: data/speechCorp/MozillaCommonVoice/sr/clips/common_voice_sr_35125872.mp3
loading success: data/speechCorp/MozillaCommonVoice/sr/clips/common_voice_sr_27636109.mp3
loading success: data/speechCorp/MozillaCommonVoice/sr/clips/common_voice_sr_28517900.mp3
loading success: data/speechCorp/MozillaCommonVoice/sr/clips/common_voice_sr_36773239.mp3
loading success: data/speechCorp/MozillaCommonVoice/sr/clips/common_voice_sr_37529543.mp3
loading success: data/speechCorp/MozillaCommonVoice/sr/clips/common_voice_sr_36765400.mp3
loading success: data/speechCorp/MozillaCommonVoice/sr/clips/common_voice_sr_28623157.mp3
loading success: data/speechCorp/MozillaCommonVoice/sr/clips/common_voice_sr_36793396.mp3
loading success: data/speechCorp/MozillaCommonVoice/sr/clips/common_voice_sr_28321621.mp3
loading success: data/speechCorp/MozillaCommonVoice/sr/clips/common_voice_sr_35360825.mp3
loading success: data/speechCorp/MozillaCommonVoice/sr/clips/common_voice_sr_37517905.mp3
loading success: data/speechCorp/MozillaCommonVoice/sr/clips/common_voice_sr_35109134.mp3
loading success: data/speechCorp/MozillaCommonVoice/sr/clips/common_voice_sr_28521331.mp3
loading success: data/speechCorp/MozillaCommonVoice/sr/clips/common_voice_sr_27314289.mp3
loading success: data/speechCorp/MozillaCommonVoice/sr/clips/common_voice_sr_27655740.mp3
loading success: data/speechCorp/MozillaCommonVoice/sr/clips/common_voice_sr_28441259.mp3
loading success: data/speechCorp/MozillaCommonVoice/sr/clips/common_voice_sr_28517844.mp3
loading success: data/speechCorp/MozillaCommonVoice/sr/clips/common_voice_sr_37529546.mp3
loading success: data/speechCorp/MozillaCommonVoice/sr/clips/common_voice_sr_36767293.mp3
loading success: data/speechCorp/MozillaCommonVoice/sr/clips/common_voice_sr_36950184.mp3
loading success: data/speechCorp/MozillaCommonVoice/sr/clips/common_voice_sr_37391342.mp3
loading success: data/speechCorp/MozillaCommonVoice/sr/clips/common_voice_sr_27655216.mp3
loading success: data/speechCorp/MozillaCommonVoice/sr/clips/common_voice_sr_36971077.mp3
loading success: data/speechCorp/MozillaCommonVoice/sr/clips/common_voice_sr_36950212.mp3
loading success: data/speechCorp/MozillaCommonVoice/sr/clips/common_voice_sr_36804167.mp3
loading success: data/speechCorp/MozillaCommonVoice/sr/clips/common_voice_sr_28438442.mp3
loading success: data/speechCorp/MozillaCommonVoice/sr/clips/common_voice_sr_36774058.mp3
loading success: data/speechCorp/MozillaCommonVoice/sr/clips/common_voice_sr_27656791.mp3
loading success: data/speechCorp/MozillaCommonVoice/sr/clips/common_voice_sr_36774453.mp3
loading success: data/speechCorp/MozillaCommonVoice/sr/clips/common_voice_sr_36773296.mp3
loading success: data/speechCorp/MozillaCommonVoice/sr/clips/common_voice_sr_37523139.mp3
loading success: data/speechCorp/MozillaCommonVoice/sr/clips/common_voice_sr_37254720.mp3
loading success: data/speechCorp/MozillaCommonVoice/sr/clips/common_voice_sr_31892503.mp3
loading success: data/speechCorp/MozillaCommonVoice/sr/clips/common_voice_sr_27635059.mp3
loading success: data/speechCorp/MozillaCommonVoice/sr/clips/common_voice_sr_37517849.mp3
loading success: data/speechCorp/MozillaCommonVoice/sr/clips/common_voice_sr_27014803.mp3
loading success: data/speechCorp/MozillaCommonVoice/sr/clips/common_voice_sr_35086242.mp3
loading success: data/speechCorp/MozillaCommonVoice/sr/clips/common_voice_sr_35089292.mp3
loading success: data/speechCorp/MozillaCommonVoice/sr/clips/common_voice_sr_27781252.mp3
loading success: data/speechCorp/MozillaCommonVoice/sr/clips/common_voice_sr_28623233.mp3
loading success: data/speechCorp/MozillaCommonVoice/sr/clips/common_voice_sr_36934859.mp3
loading success: data/speechCorp/MozillaCommonVoice/sr/clips/common_voice_sr_27636574.mp3
loading success: data/speechCorp/MozillaCommonVoice/sr/clips/common_voice_sr_28526253.mp3
loading success: data/speechCorp/MozillaCommonVoice/sr/clips/common_voice_sr_37517855.mp3
loading success: data/speechCorp/MozillaCommonVoice/sr/clips/common_voice_sr_35092026.mp3
loading success: data/speechCorp/MozillaCommonVoice/sr/clips/common_voice_sr_37523031.mp3
loading success: data/speechCorp/MozillaCommonVoice/sr/clips/common_voice_sr_37517785.mp3
loading success: data/speechCorp/MozillaCommonVoice/sr/clips/common_voice_sr_36804234.mp3
loading success: data/speechCorp/MozillaCommonVoice/sr/clips/common_voice_sr_27671142.mp3
loading success: data/speechCorp/MozillaCommonVoice/sr/clips/common_voice_sr_37517800.mp3
loading success: data/speechCorp/MozillaCommonVoice/sr/clips/common_voice_sr_38183773.mp3
loading success: data/speechCorp/MozillaCommonVoice/sr/clips/common_voice_sr_36950737.mp3
loading success: data/speechCorp/MozillaCommonVoice/sr/clips/common_voice_sr_39257159.mp3
loading success: data/speechCorp/MozillaCommonVoice/sr/clips/common_voice_sr_26958932.mp3
loading success: data/speechCorp/MozillaCommonVoice/sr/clips/common_voice_sr_28441254.mp3
loading success: data/speechCorp/MozillaCommonVoice/sr/clips/common_voice_sr_28526439.mp3
loading success: data/speechCorp/MozillaCommonVoice/sr/clips/common_voice_sr_35090379.mp3
loading success: data/speechCorp/MozillaCommonVoice/sr/clips/common_voice_sr_37391380.mp3
loading success: data/speechCorp/MozillaCommonVoice/sr/clips/common_voice_sr_27675855.mp3
loading success: data/speechCorp/MozillaCommonVoice/sr/clips/common_voice_sr_36773168.mp3
loading success: data/speechCorp/MozillaCommonVoice/sr/clips/common_voice_sr_35098167.mp3
loading success: data/speechCorp/MozillaCommonVoice/sr/clips/common_voice_sr_28623176.mp3
loading success: data/speechCorp/MozillaCommonVoice/sr/clips/common_voice_sr_27677168.mp3
loading success: data/speechCorp/MozillaCommonVoice/sr/clips/common_voice_sr_27662191.mp3
loading success: data/speechCorp/MozillaCommonVoice/sr/clips/common_voice_sr_37047345.mp3
loading success: data/speechCorp/MozillaCommonVoice/sr/clips/common_voice_sr_27886337.mp3
loading success: data/speechCorp/MozillaCommonVoice/sr/clips/common_voice_sr_36925163.mp3
loading success: data/speechCorp/MozillaCommonVoice/sr/clips/common_voice_sr_28441412.mp3
loading success: data/speechCorp/MozillaCommonVoice/sr/clips/common_voice_sr_37523115.mp3
loading success: data/speechCorp/MozillaCommonVoice/sr/clips/common_voice_sr_27654228.mp3
loading success: data/speechCorp/MozillaCommonVoice/sr/clips/common_voice_sr_36946627.mp3
loading success: data/speechCorp/MozillaCommonVoice/sr/clips/common_voice_sr_36774124.mp3
loading success: data/speechCorp/MozillaCommonVoice/sr/clips/common_voice_sr_37391348.mp3
loading success: data/speechCorp/MozillaCommonVoice/sr/clips/common_voice_sr_37517807.mp3
loading success: data/speechCorp/MozillaCommonVoice/sr/clips/common_voice_sr_36947007.mp3
loading success: data/speechCorp/MozillaCommonVoice/sr/clips/common_voice_sr_33242768.mp3
loading success: data/speechCorp/MozillaCommonVoice/sr/clips/common_voice_sr_36994269.mp3
loading success: data/speechCorp/MozillaCommonVoice/sr/clips/common_voice_sr_38511353.mp3
loading success: data/speechCorp/MozillaCommonVoice/sr/clips/common_voice_sr_27781237.mp3
loading success: data/speechCorp/MozillaCommonVoice/sr/clips/common_voice_sr_27660621.mp3
loading success: data/speechCorp/MozillaCommonVoice/sr/clips/common_voice_sr_36773394.mp3
loading success: data/speechCorp/MozillaCommonVoice/sr/clips/common_voice_sr_36804171.mp3
loading success: data/speechCorp/MozillaCommonVoice/sr/clips/common_voice_sr_31333215.mp3
loading success: data/speechCorp/MozillaCommonVoice/sr/clips/common_voice_sr_36994382.mp3
loading success: data/speechCorp/MozillaCommonVoice/sr/clips/common_voice_sr_26946027.mp3
loading success: data/speechCorp/MozillaCommonVoice/sr/clips/common_voice_sr_36774363.mp3
loading success: data/speechCorp/MozillaCommonVoice/sr/clips/common_voice_sr_35085138.mp3
loading success: data/speechCorp/MozillaCommonVoice/sr/clips/common_voice_sr_27635298.mp3
loading success: data/speechCorp/MozillaCommonVoice/sr/clips/common_voice_sr_36773152.mp3
loading success: data/speechCorp/MozillaCommonVoice/sr/clips/common_voice_sr_35086340.mp3
loading success: data/speechCorp/MozillaCommonVoice/sr/clips/common_voice_sr_35098203.mp3
loading success: data/speechCorp/MozillaCommonVoice/sr/clips/common_voice_sr_37523072.mp3
loading success: data/speechCorp/MozillaCommonVoice/sr/clips/common_voice_sr_36949090.mp3
loading success: data/speechCorp/MozillaCommonVoice/sr/clips/common_voice_sr_36767240.mp3
loading success: data/speechCorp/MozillaCommonVoice/sr/clips/common_voice_sr_35092030.mp3
loading success: data/speechCorp/MozillaCommonVoice/sr/clips/common_voice_sr_37517874.mp3
loading success: data/speechCorp/MozillaCommonVoice/sr/clips/common_voice_sr_27008136.mp3
loading success: data/speechCorp/MozillaCommonVoice/sr/clips/common_voice_sr_27014948.mp3
loading success: data/speechCorp/MozillaCommonVoice/sr/clips/common_voice_sr_27654150.mp3
loading success: data/speechCorp/MozillaCommonVoice/sr/clips/common_voice_sr_26981381.mp3
loading success: data/speechCorp/MozillaCommonVoice/sr/clips/common_voice_sr_35091993.mp3
loading success: data/speechCorp/MozillaCommonVoice/sr/clips/common_voice_sr_36767588.mp3
loading success: data/speechCorp/MozillaCommonVoice/sr/clips/common_voice_sr_28441361.mp3
loading success: data/speechCorp/MozillaCommonVoice/sr/clips/common_voice_sr_36994253.mp3
loading success: data/speechCorp/MozillaCommonVoice/sr/clips/common_voice_sr_35278249.mp3
loading success: data/speechCorp/MozillaCommonVoice/sr/clips/common_voice_sr_28321611.mp3
loading success: data/speechCorp/MozillaCommonVoice/sr/clips/common_voice_sr_26959493.mp3
loading success: data/speechCorp/MozillaCommonVoice/sr/clips/common_voice_sr_37517775.mp3
loading success: data/speechCorp/MozillaCommonVoice/sr/clips/common_voice_sr_28517824.mp3
loading success: data/speechCorp/MozillaCommonVoice/sr/clips/common_voice_sr_35090530.mp3
loading success: data/speechCorp/MozillaCommonVoice/sr/clips/common_voice_sr_38162268.mp3
loading success: data/speechCorp/MozillaCommonVoice/sr/clips/common_voice_sr_35087923.mp3
loading success: data/speechCorp/MozillaCommonVoice/sr/clips/common_voice_sr_29083702.mp3
loading success: data/speechCorp/MozillaCommonVoice/sr/clips/common_voice_sr_38509229.mp3
loading success: data/speechCorp/MozillaCommonVoice/sr/clips/common_voice_sr_37517838.mp3
loading success: data/speechCorp/MozillaCommonVoice/sr/clips/common_voice_sr_35092029.mp3
loading success: data/speechCorp/MozillaCommonVoice/sr/clips/common_voice_sr_31892527.mp3
loading success: data/speechCorp/MozillaCommonVoice/sr/clips/common_voice_sr_36774451.mp3
loading success: data/speechCorp/MozillaCommonVoice/sr/clips/common_voice_sr_38509115.mp3
loading success: data/speechCorp/MozillaCommonVoice/sr/clips/common_voice_sr_35085554.mp3
loading success: data/speechCorp/MozillaCommonVoice/sr/clips/common_voice_sr_37574612.mp3
loading success: data/speechCorp/MozillaCommonVoice/sr/clips/common_voice_sr_35265054.mp3
loading success: data/speechCorp/MozillaCommonVoice/sr/clips/common_voice_sr_36946604.mp3
loading success: data/speechCorp/MozillaCommonVoice/sr/clips/common_voice_sr_35133151.mp3
loading success: data/speechCorp/MozillaCommonVoice/sr/clips/common_voice_sr_27655717.mp3
loading success: data/speechCorp/MozillaCommonVoice/sr/clips/common_voice_sr_28521333.mp3
loading success: data/speechCorp/MozillaCommonVoice/sr/clips/common_voice_sr_27655742.mp3
loading success: data/speechCorp/MozillaCommonVoice/sr/clips/common_voice_sr_27014848.mp3
loading success: data/speechCorp/MozillaCommonVoice/sr/clips/common_voice_sr_37517857.mp3
loading success: data/speechCorp/MozillaCommonVoice/sr/clips/common_voice_sr_36946754.mp3
loading success: data/speechCorp/MozillaCommonVoice/sr/clips/common_voice_sr_36950248.mp3
loading success: data/speechCorp/MozillaCommonVoice/sr/clips/common_voice_sr_35085046.mp3
loading success: data/speechCorp/MozillaCommonVoice/sr/clips/common_voice_sr_36767554.mp3
loading success: data/speechCorp/MozillaCommonVoice/sr/clips/common_voice_sr_37517835.mp3
loading success: data/speechCorp/MozillaCommonVoice/sr/clips/common_voice_sr_36774121.mp3
loading success: data/speechCorp/MozillaCommonVoice/sr/clips/common_voice_sr_28521340.mp3
loading success: data/speechCorp/MozillaCommonVoice/sr/clips/common_voice_sr_26960542.mp3
loading success: data/speechCorp/MozillaCommonVoice/sr/clips/common_voice_sr_36994247.mp3
loading success: data/speechCorp/MozillaCommonVoice/sr/clips/common_voice_sr_26959966.mp3
loading success: data/speechCorp/MozillaCommonVoice/sr/clips/common_voice_sr_35101493.mp3
loading success: data/speechCorp/MozillaCommonVoice/sr/clips/common_voice_sr_35094435.mp3
loading success: data/speechCorp/MozillaCommonVoice/sr/clips/common_voice_sr_36934870.mp3
loading success: data/speechCorp/MozillaCommonVoice/sr/clips/common_voice_sr_36994453.mp3
loading success: data/speechCorp/MozillaCommonVoice/sr/clips/common_voice_sr_27953605.mp3
loading success: data/speechCorp/MozillaCommonVoice/sr/clips/common_voice_sr_26981376.mp3
loading success: data/speechCorp/MozillaCommonVoice/sr/clips/common_voice_sr_36994293.mp3
loading success: data/speechCorp/MozillaCommonVoice/sr/clips/common_voice_sr_36774340.mp3
loading success: data/speechCorp/MozillaCommonVoice/sr/clips/common_voice_sr_28526327.mp3
loading success: data/speechCorp/MozillaCommonVoice/sr/clips/common_voice_sr_27781373.mp3
loading success: data/speechCorp/MozillaCommonVoice/sr/clips/common_voice_sr_27662188.mp3
loading success: data/speechCorp/MozillaCommonVoice/sr/clips/common_voice_sr_35086363.mp3
loading success: data/speechCorp/MozillaCommonVoice/sr/clips/common_voice_sr_27636276.mp3
loading success: data/speechCorp/MozillaCommonVoice/sr/clips/common_voice_sr_28517835.mp3
loading success: data/speechCorp/MozillaCommonVoice/sr/clips/common_voice_sr_27014658.mp3
loading success: data/speechCorp/MozillaCommonVoice/sr/clips/common_voice_sr_28517857.mp3
Execution time: 7.419163942337036 seconds
Traceback (most recent call last):
  File "/vast/ac8888/MusicSpeech-STM/STM14_extract_melspectrogram.py", line 220, in <module>
    np.save('melspectrogram_output/scores/'+corp.replace('/', '-')+'_melspectrogram.npy', melspec_stacked_data)
  File "/ext3/miniconda3/envs/MusicSpeech-STMhpc/lib/python3.11/site-packages/numpy/lib/npyio.py", line 542, in save
    file_ctx = open(file, "wb")
               ^^^^^^^^^^^^^^^^
FileNotFoundError: [Errno 2] No such file or directory: 'melspectrogram_output/scores/MozillaCommonVoice-sr_melspectrogram.npy'
