/ext3/demucs/lib/python3.9/site-packages/demucs/api.py:27: UserWarning: TorchAudio's global backend is now deprecated. Please enable distpatcher by setting `TORCHAUDIO_USE_BACKEND_DISPATCHER=1`, and specify backend when calling load/info/save function.
  import torchaudio as ta
2024-05-09 00:22:33.967454: I tensorflow/core/util/port.cc:113] oneDNN custom operations are on. You may see slightly different numerical results due to floating-point round-off errors from different computation orders. To turn them off, set the environment variable `TF_ENABLE_ONEDNN_OPTS=0`.
2024-05-09 00:22:36.595511: E external/local_xla/xla/stream_executor/cuda/cuda_dnn.cc:9261] Unable to register cuDNN factory: Attempting to register factory for plugin cuDNN when one has already been registered
2024-05-09 00:22:36.595559: E external/local_xla/xla/stream_executor/cuda/cuda_fft.cc:607] Unable to register cuFFT factory: Attempting to register factory for plugin cuFFT when one has already been registered
2024-05-09 00:22:36.747589: E external/local_xla/xla/stream_executor/cuda/cuda_blas.cc:1515] Unable to register cuBLAS factory: Attempting to register factory for plugin cuBLAS when one has already been registered
2024-05-09 00:22:37.038513: I tensorflow/core/platform/cpu_feature_guard.cc:182] This TensorFlow binary is optimized to use available CPU instructions in performance-critical operations.
To enable the following instructions: AVX2 AVX512F AVX512_VNNI FMA, in other operations, rebuild TensorFlow with the appropriate compiler flags.
2024-05-09 00:22:40.304050: W tensorflow/compiler/tf2tensorrt/utils/py_utils.cc:38] TF-TRT Warning: Could not find TensorRT
Execution time: 29.480069637298584 seconds
metaTables/vocal_music_demucs_16k/metaData_MagnaTagATune/row8300.csv
Execution time: 27.04278016090393 seconds
metaTables/vocal_music_demucs_16k/metaData_MagnaTagATune/row8301.csv
Execution time: 27.764071464538574 seconds
metaTables/vocal_music_demucs_16k/metaData_MagnaTagATune/row8302.csv
Execution time: 27.063281059265137 seconds
metaTables/vocal_music_demucs_16k/metaData_MagnaTagATune/row8303.csv
Execution time: 27.12937355041504 seconds
metaTables/vocal_music_demucs_16k/metaData_MagnaTagATune/row8304.csv
Execution time: 27.52857279777527 seconds
metaTables/vocal_music_demucs_16k/metaData_MagnaTagATune/row8305.csv
Execution time: 28.086159229278564 seconds
metaTables/vocal_music_demucs_16k/metaData_MagnaTagATune/row8306.csv
Execution time: 26.550243377685547 seconds
metaTables/vocal_music_demucs_16k/metaData_MagnaTagATune/row8307.csv
Execution time: 27.19739055633545 seconds
metaTables/vocal_music_demucs_16k/metaData_MagnaTagATune/row8308.csv
Execution time: 26.658933401107788 seconds
metaTables/vocal_music_demucs_16k/metaData_MagnaTagATune/row8309.csv
Execution time: 26.874632120132446 seconds
metaTables/vocal_music_demucs_16k/metaData_MagnaTagATune/row8310.csv
Execution time: 26.955187559127808 seconds
metaTables/vocal_music_demucs_16k/metaData_MagnaTagATune/row8311.csv
Execution time: 26.78971290588379 seconds
metaTables/vocal_music_demucs_16k/metaData_MagnaTagATune/row8312.csv
Execution time: 27.557505130767822 seconds
metaTables/vocal_music_demucs_16k/metaData_MagnaTagATune/row8313.csv
Execution time: 27.214824676513672 seconds
metaTables/vocal_music_demucs_16k/metaData_MagnaTagATune/row8314.csv
Execution time: 26.41486406326294 seconds
metaTables/vocal_music_demucs_16k/metaData_MagnaTagATune/row8315.csv
Execution time: 26.820492029190063 seconds
metaTables/vocal_music_demucs_16k/metaData_MagnaTagATune/row8316.csv
Execution time: 26.704684257507324 seconds
metaTables/vocal_music_demucs_16k/metaData_MagnaTagATune/row8317.csv
Execution time: 27.171386003494263 seconds
metaTables/vocal_music_demucs_16k/metaData_MagnaTagATune/row8318.csv
Execution time: 27.650891542434692 seconds
metaTables/vocal_music_demucs_16k/metaData_MagnaTagATune/row8319.csv
Execution time: 26.797610759735107 seconds
metaTables/vocal_music_demucs_16k/metaData_MagnaTagATune/row8320.csv
Execution time: 27.16229796409607 seconds
metaTables/vocal_music_demucs_16k/metaData_MagnaTagATune/row8321.csv
Execution time: 26.91944980621338 seconds
metaTables/vocal_music_demucs_16k/metaData_MagnaTagATune/row8322.csv
Execution time: 27.08453679084778 seconds
metaTables/vocal_music_demucs_16k/metaData_MagnaTagATune/row8323.csv
Execution time: 27.15434694290161 seconds
metaTables/vocal_music_demucs_16k/metaData_MagnaTagATune/row8324.csv
Execution time: 28.976141214370728 seconds
metaTables/vocal_music_demucs_16k/metaData_MagnaTagATune/row8325.csv
Execution time: 26.976970672607422 seconds
metaTables/vocal_music_demucs_16k/metaData_MagnaTagATune/row8326.csv
Execution time: 27.194640159606934 seconds
metaTables/vocal_music_demucs_16k/metaData_MagnaTagATune/row8327.csv
Execution time: 27.238797426223755 seconds
metaTables/vocal_music_demucs_16k/metaData_MagnaTagATune/row8328.csv
Execution time: 26.932435750961304 seconds
metaTables/vocal_music_demucs_16k/metaData_MagnaTagATune/row8329.csv
Execution time: 26.848935842514038 seconds
metaTables/vocal_music_demucs_16k/metaData_MagnaTagATune/row8330.csv
Execution time: 27.266045093536377 seconds
metaTables/vocal_music_demucs_16k/metaData_MagnaTagATune/row8331.csv
Execution time: 27.27891445159912 seconds
metaTables/vocal_music_demucs_16k/metaData_MagnaTagATune/row8332.csv
Execution time: 25.614290237426758 seconds
metaTables/vocal_music_demucs_16k/metaData_MagnaTagATune/row8333.csv
Execution time: 28.68981909751892 seconds
metaTables/vocal_music_demucs_16k/metaData_MagnaTagATune/row8334.csv
Execution time: 27.568628072738647 seconds
metaTables/vocal_music_demucs_16k/metaData_MagnaTagATune/row8335.csv
Execution time: 27.622012615203857 seconds
metaTables/vocal_music_demucs_16k/metaData_MagnaTagATune/row8336.csv
Execution time: 26.65389132499695 seconds
metaTables/vocal_music_demucs_16k/metaData_MagnaTagATune/row8337.csv
Execution time: 26.519388914108276 seconds
metaTables/vocal_music_demucs_16k/metaData_MagnaTagATune/row8338.csv
Execution time: 27.2486515045166 seconds
metaTables/vocal_music_demucs_16k/metaData_MagnaTagATune/row8339.csv
Execution time: 27.226346731185913 seconds
metaTables/vocal_music_demucs_16k/metaData_MagnaTagATune/row8340.csv
Execution time: 27.102751970291138 seconds
metaTables/vocal_music_demucs_16k/metaData_MagnaTagATune/row8341.csv
Execution time: 26.843238592147827 seconds
metaTables/vocal_music_demucs_16k/metaData_MagnaTagATune/row8342.csv
Execution time: 26.861570358276367 seconds
metaTables/vocal_music_demucs_16k/metaData_MagnaTagATune/row8343.csv
Execution time: 26.314953804016113 seconds
metaTables/vocal_music_demucs_16k/metaData_MagnaTagATune/row8344.csv
Execution time: 26.629949808120728 seconds
metaTables/vocal_music_demucs_16k/metaData_MagnaTagATune/row8345.csv
Execution time: 27.359459400177002 seconds
metaTables/vocal_music_demucs_16k/metaData_MagnaTagATune/row8346.csv
Execution time: 27.294813632965088 seconds
metaTables/vocal_music_demucs_16k/metaData_MagnaTagATune/row8347.csv
Execution time: 26.17706608772278 seconds
metaTables/vocal_music_demucs_16k/metaData_MagnaTagATune/row8348.csv
Execution time: 26.902853965759277 seconds
metaTables/vocal_music_demucs_16k/metaData_MagnaTagATune/row8349.csv
Execution time: 26.55264902114868 seconds
metaTables/vocal_music_demucs_16k/metaData_MagnaTagATune/row8350.csv
Execution time: 26.988283395767212 seconds
metaTables/vocal_music_demucs_16k/metaData_MagnaTagATune/row8351.csv
Execution time: 27.070472240447998 seconds
metaTables/vocal_music_demucs_16k/metaData_MagnaTagATune/row8352.csv
Execution time: 26.521020650863647 seconds
metaTables/vocal_music_demucs_16k/metaData_MagnaTagATune/row8353.csv
Execution time: 26.734360933303833 seconds
metaTables/vocal_music_demucs_16k/metaData_MagnaTagATune/row8354.csv
Execution time: 26.944817781448364 seconds
metaTables/vocal_music_demucs_16k/metaData_MagnaTagATune/row8355.csv
Execution time: 27.177796602249146 seconds
metaTables/vocal_music_demucs_16k/metaData_MagnaTagATune/row8356.csv
Execution time: 26.759594440460205 seconds
metaTables/vocal_music_demucs_16k/metaData_MagnaTagATune/row8357.csv
Execution time: 26.437705993652344 seconds
metaTables/vocal_music_demucs_16k/metaData_MagnaTagATune/row8358.csv
Execution time: 27.005005598068237 seconds
metaTables/vocal_music_demucs_16k/metaData_MagnaTagATune/row8359.csv
Execution time: 26.76772952079773 seconds
metaTables/vocal_music_demucs_16k/metaData_MagnaTagATune/row8360.csv
Execution time: 26.045692443847656 seconds
metaTables/vocal_music_demucs_16k/metaData_MagnaTagATune/row8361.csv
Execution time: 26.816263914108276 seconds
metaTables/vocal_music_demucs_16k/metaData_MagnaTagATune/row8362.csv
Execution time: 27.359888315200806 seconds
metaTables/vocal_music_demucs_16k/metaData_MagnaTagATune/row8363.csv
Execution time: 27.197561264038086 seconds
metaTables/vocal_music_demucs_16k/metaData_MagnaTagATune/row8364.csv
Execution time: 26.501785039901733 seconds
metaTables/vocal_music_demucs_16k/metaData_MagnaTagATune/row8365.csv
Execution time: 26.697874307632446 seconds
metaTables/vocal_music_demucs_16k/metaData_MagnaTagATune/row8366.csv
Execution time: 26.901444673538208 seconds
metaTables/vocal_music_demucs_16k/metaData_MagnaTagATune/row8367.csv
Execution time: 26.365379333496094 seconds
metaTables/vocal_music_demucs_16k/metaData_MagnaTagATune/row8368.csv
Execution time: 26.854451656341553 seconds
metaTables/vocal_music_demucs_16k/metaData_MagnaTagATune/row8369.csv
Execution time: 26.465428352355957 seconds
metaTables/vocal_music_demucs_16k/metaData_MagnaTagATune/row8370.csv
Execution time: 26.959919452667236 seconds
metaTables/vocal_music_demucs_16k/metaData_MagnaTagATune/row8371.csv
Execution time: 26.948777437210083 seconds
metaTables/vocal_music_demucs_16k/metaData_MagnaTagATune/row8372.csv
Execution time: 27.608484268188477 seconds
metaTables/vocal_music_demucs_16k/metaData_MagnaTagATune/row8373.csv
Execution time: 26.93429160118103 seconds
metaTables/vocal_music_demucs_16k/metaData_MagnaTagATune/row8374.csv
Execution time: 26.411850929260254 seconds
metaTables/vocal_music_demucs_16k/metaData_MagnaTagATune/row8375.csv
Execution time: 27.494356393814087 seconds
metaTables/vocal_music_demucs_16k/metaData_MagnaTagATune/row8376.csv
Execution time: 26.24615454673767 seconds
metaTables/vocal_music_demucs_16k/metaData_MagnaTagATune/row8377.csv
Execution time: 26.840534210205078 seconds
metaTables/vocal_music_demucs_16k/metaData_MagnaTagATune/row8378.csv
Execution time: 27.127413034439087 seconds
metaTables/vocal_music_demucs_16k/metaData_MagnaTagATune/row8379.csv
Execution time: 26.703002214431763 seconds
metaTables/vocal_music_demucs_16k/metaData_MagnaTagATune/row8380.csv
Execution time: 26.72544503211975 seconds
metaTables/vocal_music_demucs_16k/metaData_MagnaTagATune/row8381.csv
Execution time: 27.247394800186157 seconds
metaTables/vocal_music_demucs_16k/metaData_MagnaTagATune/row8382.csv
Execution time: 26.975692987442017 seconds
metaTables/vocal_music_demucs_16k/metaData_MagnaTagATune/row8383.csv
Execution time: 27.44089412689209 seconds
metaTables/vocal_music_demucs_16k/metaData_MagnaTagATune/row8384.csv
Execution time: 26.812414407730103 seconds
metaTables/vocal_music_demucs_16k/metaData_MagnaTagATune/row8385.csv
Execution time: 27.076607942581177 seconds
metaTables/vocal_music_demucs_16k/metaData_MagnaTagATune/row8386.csv
Execution time: 26.759050846099854 seconds
metaTables/vocal_music_demucs_16k/metaData_MagnaTagATune/row8387.csv
Execution time: 26.834259510040283 seconds
metaTables/vocal_music_demucs_16k/metaData_MagnaTagATune/row8388.csv
Execution time: 26.643622398376465 seconds
metaTables/vocal_music_demucs_16k/metaData_MagnaTagATune/row8389.csv
Execution time: 27.00275683403015 seconds
metaTables/vocal_music_demucs_16k/metaData_MagnaTagATune/row8390.csv
Execution time: 27.461575508117676 seconds
metaTables/vocal_music_demucs_16k/metaData_MagnaTagATune/row8391.csv
Execution time: 26.671704053878784 seconds
metaTables/vocal_music_demucs_16k/metaData_MagnaTagATune/row8392.csv
Execution time: 27.370686054229736 seconds
metaTables/vocal_music_demucs_16k/metaData_MagnaTagATune/row8393.csv
Execution time: 26.544686794281006 seconds
metaTables/vocal_music_demucs_16k/metaData_MagnaTagATune/row8394.csv
Execution time: 25.913069009780884 seconds
metaTables/vocal_music_demucs_16k/metaData_MagnaTagATune/row8395.csv
Execution time: 26.707998514175415 seconds
metaTables/vocal_music_demucs_16k/metaData_MagnaTagATune/row8396.csv
Execution time: 28.401891708374023 seconds
metaTables/vocal_music_demucs_16k/metaData_MagnaTagATune/row8397.csv
Execution time: 28.111120223999023 seconds
metaTables/vocal_music_demucs_16k/metaData_MagnaTagATune/row8398.csv
Execution time: 26.789499521255493 seconds
metaTables/vocal_music_demucs_16k/metaData_MagnaTagATune/row8399.csv
Demucs voice recognition done!
