/ext3/demucs/lib/python3.9/site-packages/demucs/api.py:27: UserWarning: TorchAudio's global backend is now deprecated. Please enable distpatcher by setting `TORCHAUDIO_USE_BACKEND_DISPATCHER=1`, and specify backend when calling load/info/save function.
  import torchaudio as ta
2024-05-09 00:22:12.910103: I tensorflow/core/util/port.cc:113] oneDNN custom operations are on. You may see slightly different numerical results due to floating-point round-off errors from different computation orders. To turn them off, set the environment variable `TF_ENABLE_ONEDNN_OPTS=0`.
2024-05-09 00:22:13.253567: E external/local_xla/xla/stream_executor/cuda/cuda_dnn.cc:9261] Unable to register cuDNN factory: Attempting to register factory for plugin cuDNN when one has already been registered
2024-05-09 00:22:13.253609: E external/local_xla/xla/stream_executor/cuda/cuda_fft.cc:607] Unable to register cuFFT factory: Attempting to register factory for plugin cuFFT when one has already been registered
2024-05-09 00:22:13.271302: E external/local_xla/xla/stream_executor/cuda/cuda_blas.cc:1515] Unable to register cuBLAS factory: Attempting to register factory for plugin cuBLAS when one has already been registered
2024-05-09 00:22:13.311071: I tensorflow/core/platform/cpu_feature_guard.cc:182] This TensorFlow binary is optimized to use available CPU instructions in performance-critical operations.
To enable the following instructions: AVX2 AVX512F AVX512_VNNI FMA, in other operations, rebuild TensorFlow with the appropriate compiler flags.
2024-05-09 00:22:14.240462: W tensorflow/compiler/tf2tensorrt/utils/py_utils.cc:38] TF-TRT Warning: Could not find TensorRT
Execution time: 27.884209632873535 seconds
metaTables/vocal_music_demucs_16k/metaData_MagnaTagATune/row11200.csv
Execution time: 26.49011254310608 seconds
metaTables/vocal_music_demucs_16k/metaData_MagnaTagATune/row11201.csv
Execution time: 27.12368869781494 seconds
metaTables/vocal_music_demucs_16k/metaData_MagnaTagATune/row11202.csv
Execution time: 26.22878932952881 seconds
metaTables/vocal_music_demucs_16k/metaData_MagnaTagATune/row11203.csv
Execution time: 25.824583530426025 seconds
metaTables/vocal_music_demucs_16k/metaData_MagnaTagATune/row11204.csv
Execution time: 26.80199933052063 seconds
metaTables/vocal_music_demucs_16k/metaData_MagnaTagATune/row11205.csv
Execution time: 27.19763207435608 seconds
metaTables/vocal_music_demucs_16k/metaData_MagnaTagATune/row11206.csv
Execution time: 26.721365451812744 seconds
metaTables/vocal_music_demucs_16k/metaData_MagnaTagATune/row11207.csv
Execution time: 25.767166137695312 seconds
metaTables/vocal_music_demucs_16k/metaData_MagnaTagATune/row11208.csv
Execution time: 26.791102409362793 seconds
metaTables/vocal_music_demucs_16k/metaData_MagnaTagATune/row11209.csv
Execution time: 26.66650128364563 seconds
metaTables/vocal_music_demucs_16k/metaData_MagnaTagATune/row11210.csv
Execution time: 26.30045461654663 seconds
metaTables/vocal_music_demucs_16k/metaData_MagnaTagATune/row11211.csv
Execution time: 26.628537893295288 seconds
metaTables/vocal_music_demucs_16k/metaData_MagnaTagATune/row11212.csv
Execution time: 27.21623420715332 seconds
metaTables/vocal_music_demucs_16k/metaData_MagnaTagATune/row11213.csv
Execution time: 26.614448070526123 seconds
metaTables/vocal_music_demucs_16k/metaData_MagnaTagATune/row11214.csv
Execution time: 26.64101481437683 seconds
metaTables/vocal_music_demucs_16k/metaData_MagnaTagATune/row11215.csv
Execution time: 26.763151168823242 seconds
metaTables/vocal_music_demucs_16k/metaData_MagnaTagATune/row11216.csv
Execution time: 26.996646642684937 seconds
metaTables/vocal_music_demucs_16k/metaData_MagnaTagATune/row11217.csv
Execution time: 26.53955578804016 seconds
metaTables/vocal_music_demucs_16k/metaData_MagnaTagATune/row11218.csv
Execution time: 26.47996973991394 seconds
metaTables/vocal_music_demucs_16k/metaData_MagnaTagATune/row11219.csv
Execution time: 26.92942237854004 seconds
metaTables/vocal_music_demucs_16k/metaData_MagnaTagATune/row11220.csv
Execution time: 27.20231294631958 seconds
metaTables/vocal_music_demucs_16k/metaData_MagnaTagATune/row11221.csv
Execution time: 26.013322114944458 seconds
metaTables/vocal_music_demucs_16k/metaData_MagnaTagATune/row11222.csv
Execution time: 26.53251338005066 seconds
metaTables/vocal_music_demucs_16k/metaData_MagnaTagATune/row11223.csv
Execution time: 27.351743698120117 seconds
metaTables/vocal_music_demucs_16k/metaData_MagnaTagATune/row11224.csv
Execution time: 27.366008520126343 seconds
metaTables/vocal_music_demucs_16k/metaData_MagnaTagATune/row11225.csv
Execution time: 26.249016523361206 seconds
metaTables/vocal_music_demucs_16k/metaData_MagnaTagATune/row11226.csv
Execution time: 26.324018716812134 seconds
metaTables/vocal_music_demucs_16k/metaData_MagnaTagATune/row11227.csv
Execution time: 26.67250657081604 seconds
metaTables/vocal_music_demucs_16k/metaData_MagnaTagATune/row11228.csv
Execution time: 27.00669264793396 seconds
metaTables/vocal_music_demucs_16k/metaData_MagnaTagATune/row11229.csv
Execution time: 26.043588638305664 seconds
metaTables/vocal_music_demucs_16k/metaData_MagnaTagATune/row11230.csv
Execution time: 26.385547399520874 seconds
metaTables/vocal_music_demucs_16k/metaData_MagnaTagATune/row11231.csv
Execution time: 26.35932731628418 seconds
metaTables/vocal_music_demucs_16k/metaData_MagnaTagATune/row11232.csv
Execution time: 27.24966549873352 seconds
metaTables/vocal_music_demucs_16k/metaData_MagnaTagATune/row11233.csv
Execution time: 27.510647773742676 seconds
metaTables/vocal_music_demucs_16k/metaData_MagnaTagATune/row11234.csv
Execution time: 26.692800045013428 seconds
metaTables/vocal_music_demucs_16k/metaData_MagnaTagATune/row11235.csv
Execution time: 26.323017597198486 seconds
metaTables/vocal_music_demucs_16k/metaData_MagnaTagATune/row11236.csv
Execution time: 26.15515398979187 seconds
metaTables/vocal_music_demucs_16k/metaData_MagnaTagATune/row11237.csv
Execution time: 26.47451686859131 seconds
metaTables/vocal_music_demucs_16k/metaData_MagnaTagATune/row11238.csv
Execution time: 26.877082347869873 seconds
metaTables/vocal_music_demucs_16k/metaData_MagnaTagATune/row11239.csv
Execution time: 25.577942371368408 seconds
metaTables/vocal_music_demucs_16k/metaData_MagnaTagATune/row11240.csv
Execution time: 26.6180100440979 seconds
metaTables/vocal_music_demucs_16k/metaData_MagnaTagATune/row11241.csv
Execution time: 26.955991744995117 seconds
metaTables/vocal_music_demucs_16k/metaData_MagnaTagATune/row11242.csv
Execution time: 27.176560401916504 seconds
metaTables/vocal_music_demucs_16k/metaData_MagnaTagATune/row11243.csv
Execution time: 26.890033960342407 seconds
metaTables/vocal_music_demucs_16k/metaData_MagnaTagATune/row11244.csv
Execution time: 26.05995011329651 seconds
metaTables/vocal_music_demucs_16k/metaData_MagnaTagATune/row11245.csv
Execution time: 26.733633041381836 seconds
metaTables/vocal_music_demucs_16k/metaData_MagnaTagATune/row11246.csv
Execution time: 27.13234519958496 seconds
metaTables/vocal_music_demucs_16k/metaData_MagnaTagATune/row11247.csv
Execution time: 26.330414533615112 seconds
metaTables/vocal_music_demucs_16k/metaData_MagnaTagATune/row11248.csv
Execution time: 26.6660795211792 seconds
metaTables/vocal_music_demucs_16k/metaData_MagnaTagATune/row11249.csv
Execution time: 26.795331239700317 seconds
metaTables/vocal_music_demucs_16k/metaData_MagnaTagATune/row11250.csv
Execution time: 26.337877988815308 seconds
metaTables/vocal_music_demucs_16k/metaData_MagnaTagATune/row11251.csv
Execution time: 26.140615463256836 seconds
metaTables/vocal_music_demucs_16k/metaData_MagnaTagATune/row11252.csv
Execution time: 28.029964923858643 seconds
metaTables/vocal_music_demucs_16k/metaData_MagnaTagATune/row11253.csv
Execution time: 26.678232192993164 seconds
metaTables/vocal_music_demucs_16k/metaData_MagnaTagATune/row11254.csv
Execution time: 26.54454755783081 seconds
metaTables/vocal_music_demucs_16k/metaData_MagnaTagATune/row11255.csv
Execution time: 26.853994607925415 seconds
metaTables/vocal_music_demucs_16k/metaData_MagnaTagATune/row11256.csv
Execution time: 27.48365569114685 seconds
metaTables/vocal_music_demucs_16k/metaData_MagnaTagATune/row11257.csv
Execution time: 26.72496771812439 seconds
metaTables/vocal_music_demucs_16k/metaData_MagnaTagATune/row11258.csv
Execution time: 27.03484845161438 seconds
metaTables/vocal_music_demucs_16k/metaData_MagnaTagATune/row11259.csv
Execution time: 26.037551641464233 seconds
metaTables/vocal_music_demucs_16k/metaData_MagnaTagATune/row11260.csv
Execution time: 26.87377643585205 seconds
metaTables/vocal_music_demucs_16k/metaData_MagnaTagATune/row11261.csv
Execution time: 26.9127836227417 seconds
metaTables/vocal_music_demucs_16k/metaData_MagnaTagATune/row11262.csv
Execution time: 27.289413452148438 seconds
metaTables/vocal_music_demucs_16k/metaData_MagnaTagATune/row11263.csv
Execution time: 26.670450448989868 seconds
metaTables/vocal_music_demucs_16k/metaData_MagnaTagATune/row11264.csv
Execution time: 27.924242734909058 seconds
metaTables/vocal_music_demucs_16k/metaData_MagnaTagATune/row11265.csv
Execution time: 26.29600238800049 seconds
metaTables/vocal_music_demucs_16k/metaData_MagnaTagATune/row11266.csv
Execution time: 25.800143480300903 seconds
metaTables/vocal_music_demucs_16k/metaData_MagnaTagATune/row11267.csv
Execution time: 25.74980354309082 seconds
metaTables/vocal_music_demucs_16k/metaData_MagnaTagATune/row11268.csv
Execution time: 26.30905556678772 seconds
metaTables/vocal_music_demucs_16k/metaData_MagnaTagATune/row11269.csv
Execution time: 26.901593446731567 seconds
metaTables/vocal_music_demucs_16k/metaData_MagnaTagATune/row11270.csv
Execution time: 26.281763792037964 seconds
metaTables/vocal_music_demucs_16k/metaData_MagnaTagATune/row11271.csv
Execution time: 26.980305194854736 seconds
metaTables/vocal_music_demucs_16k/metaData_MagnaTagATune/row11272.csv
Execution time: 26.398548126220703 seconds
metaTables/vocal_music_demucs_16k/metaData_MagnaTagATune/row11273.csv
Execution time: 27.004568338394165 seconds
metaTables/vocal_music_demucs_16k/metaData_MagnaTagATune/row11274.csv
Execution time: 27.339537620544434 seconds
metaTables/vocal_music_demucs_16k/metaData_MagnaTagATune/row11275.csv
Execution time: 26.162839889526367 seconds
metaTables/vocal_music_demucs_16k/metaData_MagnaTagATune/row11276.csv
Execution time: 25.803128004074097 seconds
metaTables/vocal_music_demucs_16k/metaData_MagnaTagATune/row11277.csv
Execution time: 26.750235319137573 seconds
metaTables/vocal_music_demucs_16k/metaData_MagnaTagATune/row11278.csv
Execution time: 27.334434509277344 seconds
metaTables/vocal_music_demucs_16k/metaData_MagnaTagATune/row11279.csv
Execution time: 26.677825212478638 seconds
metaTables/vocal_music_demucs_16k/metaData_MagnaTagATune/row11280.csv
Execution time: 26.84666681289673 seconds
metaTables/vocal_music_demucs_16k/metaData_MagnaTagATune/row11281.csv
Execution time: 27.009616374969482 seconds
metaTables/vocal_music_demucs_16k/metaData_MagnaTagATune/row11282.csv
Execution time: 27.436686992645264 seconds
metaTables/vocal_music_demucs_16k/metaData_MagnaTagATune/row11283.csv
Execution time: 27.366051197052002 seconds
metaTables/vocal_music_demucs_16k/metaData_MagnaTagATune/row11284.csv
Execution time: 27.34872841835022 seconds
metaTables/vocal_music_demucs_16k/metaData_MagnaTagATune/row11285.csv
Execution time: 26.203949689865112 seconds
metaTables/vocal_music_demucs_16k/metaData_MagnaTagATune/row11286.csv
Execution time: 25.949060201644897 seconds
metaTables/vocal_music_demucs_16k/metaData_MagnaTagATune/row11287.csv
Execution time: 26.586785793304443 seconds
metaTables/vocal_music_demucs_16k/metaData_MagnaTagATune/row11288.csv
Execution time: 26.61607575416565 seconds
metaTables/vocal_music_demucs_16k/metaData_MagnaTagATune/row11289.csv
Execution time: 27.63789963722229 seconds
metaTables/vocal_music_demucs_16k/metaData_MagnaTagATune/row11290.csv
Execution time: 26.591655254364014 seconds
metaTables/vocal_music_demucs_16k/metaData_MagnaTagATune/row11291.csv
Execution time: 27.11116361618042 seconds
metaTables/vocal_music_demucs_16k/metaData_MagnaTagATune/row11292.csv
Execution time: 27.06486964225769 seconds
metaTables/vocal_music_demucs_16k/metaData_MagnaTagATune/row11293.csv
Execution time: 27.22068428993225 seconds
metaTables/vocal_music_demucs_16k/metaData_MagnaTagATune/row11294.csv
Execution time: 25.884496450424194 seconds
metaTables/vocal_music_demucs_16k/metaData_MagnaTagATune/row11295.csv
Execution time: 26.96455717086792 seconds
metaTables/vocal_music_demucs_16k/metaData_MagnaTagATune/row11296.csv
Execution time: 26.675262689590454 seconds
metaTables/vocal_music_demucs_16k/metaData_MagnaTagATune/row11297.csv
Execution time: 25.75855827331543 seconds
metaTables/vocal_music_demucs_16k/metaData_MagnaTagATune/row11298.csv
Execution time: 25.1751971244812 seconds
metaTables/vocal_music_demucs_16k/metaData_MagnaTagATune/row11299.csv
Demucs voice recognition done!
