/ext3/demucs/lib/python3.9/site-packages/demucs/api.py:27: UserWarning: TorchAudio's global backend is now deprecated. Please enable distpatcher by setting `TORCHAUDIO_USE_BACKEND_DISPATCHER=1`, and specify backend when calling load/info/save function.
  import torchaudio as ta
2024-05-09 09:25:22.760399: I tensorflow/core/util/port.cc:113] oneDNN custom operations are on. You may see slightly different numerical results due to floating-point round-off errors from different computation orders. To turn them off, set the environment variable `TF_ENABLE_ONEDNN_OPTS=0`.
2024-05-09 09:25:23.306348: E external/local_xla/xla/stream_executor/cuda/cuda_dnn.cc:9261] Unable to register cuDNN factory: Attempting to register factory for plugin cuDNN when one has already been registered
2024-05-09 09:25:23.306394: E external/local_xla/xla/stream_executor/cuda/cuda_fft.cc:607] Unable to register cuFFT factory: Attempting to register factory for plugin cuFFT when one has already been registered
2024-05-09 09:25:23.334298: E external/local_xla/xla/stream_executor/cuda/cuda_blas.cc:1515] Unable to register cuBLAS factory: Attempting to register factory for plugin cuBLAS when one has already been registered
2024-05-09 09:25:23.386508: I tensorflow/core/platform/cpu_feature_guard.cc:182] This TensorFlow binary is optimized to use available CPU instructions in performance-critical operations.
To enable the following instructions: AVX2 AVX512F AVX512_VNNI FMA, in other operations, rebuild TensorFlow with the appropriate compiler flags.
2024-05-09 09:25:24.259782: W tensorflow/compiler/tf2tensorrt/utils/py_utils.cc:38] TF-TRT Warning: Could not find TensorRT
SKIPPING: metaTables/vocal_music_demucs_16k/metaData_MagnaTagATune/row11700.csv
SKIPPING: metaTables/vocal_music_demucs_16k/metaData_MagnaTagATune/row11701.csv
SKIPPING: metaTables/vocal_music_demucs_16k/metaData_MagnaTagATune/row11702.csv
SKIPPING: metaTables/vocal_music_demucs_16k/metaData_MagnaTagATune/row11703.csv
SKIPPING: metaTables/vocal_music_demucs_16k/metaData_MagnaTagATune/row11704.csv
SKIPPING: metaTables/vocal_music_demucs_16k/metaData_MagnaTagATune/row11705.csv
SKIPPING: metaTables/vocal_music_demucs_16k/metaData_MagnaTagATune/row11706.csv
SKIPPING: metaTables/vocal_music_demucs_16k/metaData_MagnaTagATune/row11707.csv
SKIPPING: metaTables/vocal_music_demucs_16k/metaData_MagnaTagATune/row11708.csv
SKIPPING: metaTables/vocal_music_demucs_16k/metaData_MagnaTagATune/row11709.csv
SKIPPING: metaTables/vocal_music_demucs_16k/metaData_MagnaTagATune/row11710.csv
SKIPPING: metaTables/vocal_music_demucs_16k/metaData_MagnaTagATune/row11711.csv
SKIPPING: metaTables/vocal_music_demucs_16k/metaData_MagnaTagATune/row11712.csv
SKIPPING: metaTables/vocal_music_demucs_16k/metaData_MagnaTagATune/row11713.csv
SKIPPING: metaTables/vocal_music_demucs_16k/metaData_MagnaTagATune/row11714.csv
SKIPPING: metaTables/vocal_music_demucs_16k/metaData_MagnaTagATune/row11715.csv
SKIPPING: metaTables/vocal_music_demucs_16k/metaData_MagnaTagATune/row11716.csv
SKIPPING: metaTables/vocal_music_demucs_16k/metaData_MagnaTagATune/row11717.csv
SKIPPING: metaTables/vocal_music_demucs_16k/metaData_MagnaTagATune/row11718.csv
SKIPPING: metaTables/vocal_music_demucs_16k/metaData_MagnaTagATune/row11719.csv
SKIPPING: metaTables/vocal_music_demucs_16k/metaData_MagnaTagATune/row11720.csv
SKIPPING: metaTables/vocal_music_demucs_16k/metaData_MagnaTagATune/row11721.csv
SKIPPING: metaTables/vocal_music_demucs_16k/metaData_MagnaTagATune/row11722.csv
SKIPPING: metaTables/vocal_music_demucs_16k/metaData_MagnaTagATune/row11723.csv
SKIPPING: metaTables/vocal_music_demucs_16k/metaData_MagnaTagATune/row11724.csv
SKIPPING: metaTables/vocal_music_demucs_16k/metaData_MagnaTagATune/row11725.csv
SKIPPING: metaTables/vocal_music_demucs_16k/metaData_MagnaTagATune/row11726.csv
SKIPPING: metaTables/vocal_music_demucs_16k/metaData_MagnaTagATune/row11727.csv
SKIPPING: metaTables/vocal_music_demucs_16k/metaData_MagnaTagATune/row11728.csv
SKIPPING: metaTables/vocal_music_demucs_16k/metaData_MagnaTagATune/row11729.csv
SKIPPING: metaTables/vocal_music_demucs_16k/metaData_MagnaTagATune/row11730.csv
SKIPPING: metaTables/vocal_music_demucs_16k/metaData_MagnaTagATune/row11731.csv
SKIPPING: metaTables/vocal_music_demucs_16k/metaData_MagnaTagATune/row11732.csv
SKIPPING: metaTables/vocal_music_demucs_16k/metaData_MagnaTagATune/row11733.csv
SKIPPING: metaTables/vocal_music_demucs_16k/metaData_MagnaTagATune/row11734.csv
SKIPPING: metaTables/vocal_music_demucs_16k/metaData_MagnaTagATune/row11735.csv
SKIPPING: metaTables/vocal_music_demucs_16k/metaData_MagnaTagATune/row11736.csv
SKIPPING: metaTables/vocal_music_demucs_16k/metaData_MagnaTagATune/row11737.csv
SKIPPING: metaTables/vocal_music_demucs_16k/metaData_MagnaTagATune/row11738.csv
SKIPPING: metaTables/vocal_music_demucs_16k/metaData_MagnaTagATune/row11739.csv
SKIPPING: metaTables/vocal_music_demucs_16k/metaData_MagnaTagATune/row11740.csv
SKIPPING: metaTables/vocal_music_demucs_16k/metaData_MagnaTagATune/row11741.csv
SKIPPING: metaTables/vocal_music_demucs_16k/metaData_MagnaTagATune/row11742.csv
SKIPPING: metaTables/vocal_music_demucs_16k/metaData_MagnaTagATune/row11743.csv
SKIPPING: metaTables/vocal_music_demucs_16k/metaData_MagnaTagATune/row11744.csv
SKIPPING: metaTables/vocal_music_demucs_16k/metaData_MagnaTagATune/row11745.csv
SKIPPING: metaTables/vocal_music_demucs_16k/metaData_MagnaTagATune/row11746.csv
SKIPPING: metaTables/vocal_music_demucs_16k/metaData_MagnaTagATune/row11747.csv
SKIPPING: metaTables/vocal_music_demucs_16k/metaData_MagnaTagATune/row11748.csv
SKIPPING: metaTables/vocal_music_demucs_16k/metaData_MagnaTagATune/row11749.csv
SKIPPING: metaTables/vocal_music_demucs_16k/metaData_MagnaTagATune/row11750.csv
SKIPPING: metaTables/vocal_music_demucs_16k/metaData_MagnaTagATune/row11751.csv
SKIPPING: metaTables/vocal_music_demucs_16k/metaData_MagnaTagATune/row11752.csv
SKIPPING: metaTables/vocal_music_demucs_16k/metaData_MagnaTagATune/row11753.csv
SKIPPING: metaTables/vocal_music_demucs_16k/metaData_MagnaTagATune/row11754.csv
SKIPPING: metaTables/vocal_music_demucs_16k/metaData_MagnaTagATune/row11755.csv
SKIPPING: metaTables/vocal_music_demucs_16k/metaData_MagnaTagATune/row11756.csv
SKIPPING: metaTables/vocal_music_demucs_16k/metaData_MagnaTagATune/row11757.csv
SKIPPING: metaTables/vocal_music_demucs_16k/metaData_MagnaTagATune/row11758.csv
SKIPPING: metaTables/vocal_music_demucs_16k/metaData_MagnaTagATune/row11759.csv
SKIPPING: metaTables/vocal_music_demucs_16k/metaData_MagnaTagATune/row11760.csv
SKIPPING: metaTables/vocal_music_demucs_16k/metaData_MagnaTagATune/row11761.csv
SKIPPING: metaTables/vocal_music_demucs_16k/metaData_MagnaTagATune/row11762.csv
SKIPPING: metaTables/vocal_music_demucs_16k/metaData_MagnaTagATune/row11763.csv
SKIPPING: metaTables/vocal_music_demucs_16k/metaData_MagnaTagATune/row11764.csv
SKIPPING: metaTables/vocal_music_demucs_16k/metaData_MagnaTagATune/row11765.csv
SKIPPING: metaTables/vocal_music_demucs_16k/metaData_MagnaTagATune/row11766.csv
SKIPPING: metaTables/vocal_music_demucs_16k/metaData_MagnaTagATune/row11767.csv
SKIPPING: metaTables/vocal_music_demucs_16k/metaData_MagnaTagATune/row11768.csv
SKIPPING: metaTables/vocal_music_demucs_16k/metaData_MagnaTagATune/row11769.csv
SKIPPING: metaTables/vocal_music_demucs_16k/metaData_MagnaTagATune/row11770.csv
SKIPPING: metaTables/vocal_music_demucs_16k/metaData_MagnaTagATune/row11771.csv
SKIPPING: metaTables/vocal_music_demucs_16k/metaData_MagnaTagATune/row11772.csv
SKIPPING: metaTables/vocal_music_demucs_16k/metaData_MagnaTagATune/row11773.csv
SKIPPING: metaTables/vocal_music_demucs_16k/metaData_MagnaTagATune/row11774.csv
SKIPPING: metaTables/vocal_music_demucs_16k/metaData_MagnaTagATune/row11775.csv
SKIPPING: metaTables/vocal_music_demucs_16k/metaData_MagnaTagATune/row11776.csv
SKIPPING: metaTables/vocal_music_demucs_16k/metaData_MagnaTagATune/row11777.csv
SKIPPING: metaTables/vocal_music_demucs_16k/metaData_MagnaTagATune/row11778.csv
SKIPPING: metaTables/vocal_music_demucs_16k/metaData_MagnaTagATune/row11779.csv
SKIPPING: metaTables/vocal_music_demucs_16k/metaData_MagnaTagATune/row11780.csv
SKIPPING: metaTables/vocal_music_demucs_16k/metaData_MagnaTagATune/row11781.csv
SKIPPING: metaTables/vocal_music_demucs_16k/metaData_MagnaTagATune/row11782.csv
SKIPPING: metaTables/vocal_music_demucs_16k/metaData_MagnaTagATune/row11783.csv
SKIPPING: metaTables/vocal_music_demucs_16k/metaData_MagnaTagATune/row11784.csv
SKIPPING: metaTables/vocal_music_demucs_16k/metaData_MagnaTagATune/row11785.csv
SKIPPING: metaTables/vocal_music_demucs_16k/metaData_MagnaTagATune/row11786.csv
SKIPPING: metaTables/vocal_music_demucs_16k/metaData_MagnaTagATune/row11787.csv
SKIPPING: metaTables/vocal_music_demucs_16k/metaData_MagnaTagATune/row11788.csv
SKIPPING: metaTables/vocal_music_demucs_16k/metaData_MagnaTagATune/row11789.csv
SKIPPING: metaTables/vocal_music_demucs_16k/metaData_MagnaTagATune/row11790.csv
SKIPPING: metaTables/vocal_music_demucs_16k/metaData_MagnaTagATune/row11791.csv
SKIPPING: metaTables/vocal_music_demucs_16k/metaData_MagnaTagATune/row11792.csv
SKIPPING: metaTables/vocal_music_demucs_16k/metaData_MagnaTagATune/row11793.csv
SKIPPING: metaTables/vocal_music_demucs_16k/metaData_MagnaTagATune/row11794.csv
SKIPPING: metaTables/vocal_music_demucs_16k/metaData_MagnaTagATune/row11795.csv
SKIPPING: metaTables/vocal_music_demucs_16k/metaData_MagnaTagATune/row11796.csv
SKIPPING: metaTables/vocal_music_demucs_16k/metaData_MagnaTagATune/row11797.csv
SKIPPING: metaTables/vocal_music_demucs_16k/metaData_MagnaTagATune/row11798.csv
SKIPPING: metaTables/vocal_music_demucs_16k/metaData_MagnaTagATune/row11799.csv
Demucs voice recognition done!
