/ext3/demucs/lib/python3.9/site-packages/demucs/api.py:27: UserWarning: TorchAudio's global backend is now deprecated. Please enable distpatcher by setting `TORCHAUDIO_USE_BACKEND_DISPATCHER=1`, and specify backend when calling load/info/save function.
  import torchaudio as ta
2024-05-09 00:23:46.095788: I tensorflow/core/util/port.cc:113] oneDNN custom operations are on. You may see slightly different numerical results due to floating-point round-off errors from different computation orders. To turn them off, set the environment variable `TF_ENABLE_ONEDNN_OPTS=0`.
2024-05-09 00:23:50.840464: E external/local_xla/xla/stream_executor/cuda/cuda_dnn.cc:9261] Unable to register cuDNN factory: Attempting to register factory for plugin cuDNN when one has already been registered
2024-05-09 00:23:50.840503: E external/local_xla/xla/stream_executor/cuda/cuda_fft.cc:607] Unable to register cuFFT factory: Attempting to register factory for plugin cuFFT when one has already been registered
2024-05-09 00:23:50.938885: E external/local_xla/xla/stream_executor/cuda/cuda_blas.cc:1515] Unable to register cuBLAS factory: Attempting to register factory for plugin cuBLAS when one has already been registered
2024-05-09 00:23:51.434536: I tensorflow/core/platform/cpu_feature_guard.cc:182] This TensorFlow binary is optimized to use available CPU instructions in performance-critical operations.
To enable the following instructions: AVX2 AVX512F AVX512_VNNI FMA, in other operations, rebuild TensorFlow with the appropriate compiler flags.
2024-05-09 00:23:55.614453: W tensorflow/compiler/tf2tensorrt/utils/py_utils.cc:38] TF-TRT Warning: Could not find TensorRT
Execution time: 35.00260615348816 seconds
metaTables/vocal_music_demucs_16k/metaData_MagnaTagATune/row14900.csv
Execution time: 28.81104803085327 seconds
metaTables/vocal_music_demucs_16k/metaData_MagnaTagATune/row14901.csv
Execution time: 30.200559377670288 seconds
metaTables/vocal_music_demucs_16k/metaData_MagnaTagATune/row14902.csv
Execution time: 29.74617576599121 seconds
metaTables/vocal_music_demucs_16k/metaData_MagnaTagATune/row14903.csv
Execution time: 29.61309027671814 seconds
metaTables/vocal_music_demucs_16k/metaData_MagnaTagATune/row14904.csv
Execution time: 30.197654724121094 seconds
metaTables/vocal_music_demucs_16k/metaData_MagnaTagATune/row14905.csv
Execution time: 29.116393566131592 seconds
metaTables/vocal_music_demucs_16k/metaData_MagnaTagATune/row14906.csv
Execution time: 31.870054244995117 seconds
metaTables/vocal_music_demucs_16k/metaData_MagnaTagATune/row14907.csv
Execution time: 29.462851524353027 seconds
metaTables/vocal_music_demucs_16k/metaData_MagnaTagATune/row14908.csv
Execution time: 30.148754119873047 seconds
metaTables/vocal_music_demucs_16k/metaData_MagnaTagATune/row14909.csv
Execution time: 28.112868785858154 seconds
metaTables/vocal_music_demucs_16k/metaData_MagnaTagATune/row14910.csv
Execution time: 29.132397174835205 seconds
metaTables/vocal_music_demucs_16k/metaData_MagnaTagATune/row14911.csv
Execution time: 28.720754146575928 seconds
metaTables/vocal_music_demucs_16k/metaData_MagnaTagATune/row14912.csv
Execution time: 28.59994602203369 seconds
metaTables/vocal_music_demucs_16k/metaData_MagnaTagATune/row14913.csv
Execution time: 28.620055198669434 seconds
metaTables/vocal_music_demucs_16k/metaData_MagnaTagATune/row14914.csv
Execution time: 28.526835203170776 seconds
metaTables/vocal_music_demucs_16k/metaData_MagnaTagATune/row14915.csv
Execution time: 28.778936624526978 seconds
metaTables/vocal_music_demucs_16k/metaData_MagnaTagATune/row14916.csv
Execution time: 29.207536697387695 seconds
metaTables/vocal_music_demucs_16k/metaData_MagnaTagATune/row14917.csv
Execution time: 28.77249002456665 seconds
metaTables/vocal_music_demucs_16k/metaData_MagnaTagATune/row14918.csv
Execution time: 29.18657159805298 seconds
metaTables/vocal_music_demucs_16k/metaData_MagnaTagATune/row14919.csv
Execution time: 29.372220277786255 seconds
metaTables/vocal_music_demucs_16k/metaData_MagnaTagATune/row14920.csv
Execution time: 30.418412923812866 seconds
metaTables/vocal_music_demucs_16k/metaData_MagnaTagATune/row14921.csv
Execution time: 29.748162031173706 seconds
metaTables/vocal_music_demucs_16k/metaData_MagnaTagATune/row14922.csv
Execution time: 29.731487274169922 seconds
metaTables/vocal_music_demucs_16k/metaData_MagnaTagATune/row14923.csv
Execution time: 29.645859718322754 seconds
metaTables/vocal_music_demucs_16k/metaData_MagnaTagATune/row14924.csv
Execution time: 29.300395727157593 seconds
metaTables/vocal_music_demucs_16k/metaData_MagnaTagATune/row14925.csv
Execution time: 28.95023274421692 seconds
metaTables/vocal_music_demucs_16k/metaData_MagnaTagATune/row14926.csv
Execution time: 30.190961837768555 seconds
metaTables/vocal_music_demucs_16k/metaData_MagnaTagATune/row14927.csv
Execution time: 28.747294187545776 seconds
metaTables/vocal_music_demucs_16k/metaData_MagnaTagATune/row14928.csv
Execution time: 30.195644855499268 seconds
metaTables/vocal_music_demucs_16k/metaData_MagnaTagATune/row14929.csv
Execution time: 28.584320068359375 seconds
metaTables/vocal_music_demucs_16k/metaData_MagnaTagATune/row14930.csv
Execution time: 29.758896112442017 seconds
metaTables/vocal_music_demucs_16k/metaData_MagnaTagATune/row14931.csv
Execution time: 28.99466609954834 seconds
metaTables/vocal_music_demucs_16k/metaData_MagnaTagATune/row14932.csv
Execution time: 29.140581846237183 seconds
metaTables/vocal_music_demucs_16k/metaData_MagnaTagATune/row14933.csv
Execution time: 29.321924209594727 seconds
metaTables/vocal_music_demucs_16k/metaData_MagnaTagATune/row14934.csv
Execution time: 28.434909105300903 seconds
metaTables/vocal_music_demucs_16k/metaData_MagnaTagATune/row14935.csv
Execution time: 29.439993619918823 seconds
metaTables/vocal_music_demucs_16k/metaData_MagnaTagATune/row14936.csv
Execution time: 28.342772483825684 seconds
metaTables/vocal_music_demucs_16k/metaData_MagnaTagATune/row14937.csv
Execution time: 31.071331024169922 seconds
metaTables/vocal_music_demucs_16k/metaData_MagnaTagATune/row14938.csv
Execution time: 29.670677185058594 seconds
metaTables/vocal_music_demucs_16k/metaData_MagnaTagATune/row14939.csv
Execution time: 29.54843235015869 seconds
metaTables/vocal_music_demucs_16k/metaData_MagnaTagATune/row14940.csv
Execution time: 28.798081874847412 seconds
metaTables/vocal_music_demucs_16k/metaData_MagnaTagATune/row14941.csv
Execution time: 28.991297245025635 seconds
metaTables/vocal_music_demucs_16k/metaData_MagnaTagATune/row14942.csv
Execution time: 29.30432963371277 seconds
metaTables/vocal_music_demucs_16k/metaData_MagnaTagATune/row14943.csv
Execution time: 28.925464868545532 seconds
metaTables/vocal_music_demucs_16k/metaData_MagnaTagATune/row14944.csv
Execution time: 28.240880012512207 seconds
metaTables/vocal_music_demucs_16k/metaData_MagnaTagATune/row14945.csv
Execution time: 28.77757740020752 seconds
metaTables/vocal_music_demucs_16k/metaData_MagnaTagATune/row14946.csv
Execution time: 28.545093774795532 seconds
metaTables/vocal_music_demucs_16k/metaData_MagnaTagATune/row14947.csv
Execution time: 28.542349338531494 seconds
metaTables/vocal_music_demucs_16k/metaData_MagnaTagATune/row14948.csv
Execution time: 28.642637968063354 seconds
metaTables/vocal_music_demucs_16k/metaData_MagnaTagATune/row14949.csv
Execution time: 28.959954738616943 seconds
metaTables/vocal_music_demucs_16k/metaData_MagnaTagATune/row14950.csv
Execution time: 29.26796245574951 seconds
metaTables/vocal_music_demucs_16k/metaData_MagnaTagATune/row14951.csv
Execution time: 29.73810911178589 seconds
metaTables/vocal_music_demucs_16k/metaData_MagnaTagATune/row14952.csv
Execution time: 28.960046529769897 seconds
metaTables/vocal_music_demucs_16k/metaData_MagnaTagATune/row14953.csv
Execution time: 29.116740703582764 seconds
metaTables/vocal_music_demucs_16k/metaData_MagnaTagATune/row14954.csv
Execution time: 29.62159824371338 seconds
metaTables/vocal_music_demucs_16k/metaData_MagnaTagATune/row14955.csv
Execution time: 29.00195026397705 seconds
metaTables/vocal_music_demucs_16k/metaData_MagnaTagATune/row14956.csv
Execution time: 29.02082324028015 seconds
metaTables/vocal_music_demucs_16k/metaData_MagnaTagATune/row14957.csv
Execution time: 29.5893771648407 seconds
metaTables/vocal_music_demucs_16k/metaData_MagnaTagATune/row14958.csv
Execution time: 28.793434619903564 seconds
metaTables/vocal_music_demucs_16k/metaData_MagnaTagATune/row14959.csv
Execution time: 28.88615918159485 seconds
metaTables/vocal_music_demucs_16k/metaData_MagnaTagATune/row14960.csv
Execution time: 28.801855087280273 seconds
metaTables/vocal_music_demucs_16k/metaData_MagnaTagATune/row14961.csv
Execution time: 29.95266580581665 seconds
metaTables/vocal_music_demucs_16k/metaData_MagnaTagATune/row14962.csv
Execution time: 29.31109881401062 seconds
metaTables/vocal_music_demucs_16k/metaData_MagnaTagATune/row14963.csv
Execution time: 29.447630167007446 seconds
metaTables/vocal_music_demucs_16k/metaData_MagnaTagATune/row14964.csv
Execution time: 29.078059673309326 seconds
metaTables/vocal_music_demucs_16k/metaData_MagnaTagATune/row14965.csv
Execution time: 29.357329607009888 seconds
metaTables/vocal_music_demucs_16k/metaData_MagnaTagATune/row14966.csv
Execution time: 29.24135136604309 seconds
metaTables/vocal_music_demucs_16k/metaData_MagnaTagATune/row14967.csv
Execution time: 28.751875400543213 seconds
metaTables/vocal_music_demucs_16k/metaData_MagnaTagATune/row14968.csv
Execution time: 28.914856433868408 seconds
metaTables/vocal_music_demucs_16k/metaData_MagnaTagATune/row14969.csv
Execution time: 29.48218870162964 seconds
metaTables/vocal_music_demucs_16k/metaData_MagnaTagATune/row14970.csv
Execution time: 28.15337896347046 seconds
metaTables/vocal_music_demucs_16k/metaData_MagnaTagATune/row14971.csv
Execution time: 29.108837127685547 seconds
metaTables/vocal_music_demucs_16k/metaData_MagnaTagATune/row14972.csv
Execution time: 28.95500636100769 seconds
metaTables/vocal_music_demucs_16k/metaData_MagnaTagATune/row14973.csv
Execution time: 29.616572856903076 seconds
metaTables/vocal_music_demucs_16k/metaData_MagnaTagATune/row14974.csv
Execution time: 29.862158060073853 seconds
metaTables/vocal_music_demucs_16k/metaData_MagnaTagATune/row14975.csv
Execution time: 28.295454025268555 seconds
metaTables/vocal_music_demucs_16k/metaData_MagnaTagATune/row14976.csv
Execution time: 28.61024260520935 seconds
metaTables/vocal_music_demucs_16k/metaData_MagnaTagATune/row14977.csv
Execution time: 30.220282316207886 seconds
metaTables/vocal_music_demucs_16k/metaData_MagnaTagATune/row14978.csv
Execution time: 29.92023468017578 seconds
metaTables/vocal_music_demucs_16k/metaData_MagnaTagATune/row14979.csv
Execution time: 28.66841745376587 seconds
metaTables/vocal_music_demucs_16k/metaData_MagnaTagATune/row14980.csv
Execution time: 28.648252487182617 seconds
metaTables/vocal_music_demucs_16k/metaData_MagnaTagATune/row14981.csv
Execution time: 28.08222270011902 seconds
metaTables/vocal_music_demucs_16k/metaData_MagnaTagATune/row14982.csv
Execution time: 29.691224098205566 seconds
metaTables/vocal_music_demucs_16k/metaData_MagnaTagATune/row14983.csv
Execution time: 29.202728271484375 seconds
metaTables/vocal_music_demucs_16k/metaData_MagnaTagATune/row14984.csv
Execution time: 30.786246299743652 seconds
metaTables/vocal_music_demucs_16k/metaData_MagnaTagATune/row14985.csv
Execution time: 29.161370038986206 seconds
metaTables/vocal_music_demucs_16k/metaData_MagnaTagATune/row14986.csv
Execution time: 28.057376384735107 seconds
metaTables/vocal_music_demucs_16k/metaData_MagnaTagATune/row14987.csv
Execution time: 28.555039167404175 seconds
metaTables/vocal_music_demucs_16k/metaData_MagnaTagATune/row14988.csv
Execution time: 27.092166900634766 seconds
metaTables/vocal_music_demucs_16k/metaData_MagnaTagATune/row14989.csv
Execution time: 27.46976399421692 seconds
metaTables/vocal_music_demucs_16k/metaData_MagnaTagATune/row14990.csv
Execution time: 26.794230461120605 seconds
metaTables/vocal_music_demucs_16k/metaData_MagnaTagATune/row14991.csv
Execution time: 26.47366714477539 seconds
metaTables/vocal_music_demucs_16k/metaData_MagnaTagATune/row14992.csv
Execution time: 26.816518783569336 seconds
metaTables/vocal_music_demucs_16k/metaData_MagnaTagATune/row14993.csv
Execution time: 27.58478546142578 seconds
metaTables/vocal_music_demucs_16k/metaData_MagnaTagATune/row14994.csv
Execution time: 26.640186309814453 seconds
metaTables/vocal_music_demucs_16k/metaData_MagnaTagATune/row14995.csv
Execution time: 26.917433977127075 seconds
metaTables/vocal_music_demucs_16k/metaData_MagnaTagATune/row14996.csv
Execution time: 27.627379655838013 seconds
metaTables/vocal_music_demucs_16k/metaData_MagnaTagATune/row14997.csv
Execution time: 25.467203617095947 seconds
metaTables/vocal_music_demucs_16k/metaData_MagnaTagATune/row14998.csv
Execution time: 25.605037212371826 seconds
metaTables/vocal_music_demucs_16k/metaData_MagnaTagATune/row14999.csv
Demucs voice recognition done!
