/ext3/demucs/lib/python3.9/site-packages/demucs/api.py:27: UserWarning: TorchAudio's global backend is now deprecated. Please enable distpatcher by setting `TORCHAUDIO_USE_BACKEND_DISPATCHER=1`, and specify backend when calling load/info/save function.
  import torchaudio as ta
2024-05-09 00:22:13.193908: I tensorflow/core/util/port.cc:113] oneDNN custom operations are on. You may see slightly different numerical results due to floating-point round-off errors from different computation orders. To turn them off, set the environment variable `TF_ENABLE_ONEDNN_OPTS=0`.
2024-05-09 00:22:13.815034: E external/local_xla/xla/stream_executor/cuda/cuda_dnn.cc:9261] Unable to register cuDNN factory: Attempting to register factory for plugin cuDNN when one has already been registered
2024-05-09 00:22:13.815075: E external/local_xla/xla/stream_executor/cuda/cuda_fft.cc:607] Unable to register cuFFT factory: Attempting to register factory for plugin cuFFT when one has already been registered
2024-05-09 00:22:13.855048: E external/local_xla/xla/stream_executor/cuda/cuda_blas.cc:1515] Unable to register cuBLAS factory: Attempting to register factory for plugin cuBLAS when one has already been registered
2024-05-09 00:22:13.933532: I tensorflow/core/platform/cpu_feature_guard.cc:182] This TensorFlow binary is optimized to use available CPU instructions in performance-critical operations.
To enable the following instructions: AVX2 AVX512F AVX512_VNNI FMA, in other operations, rebuild TensorFlow with the appropriate compiler flags.
2024-05-09 00:22:14.859212: W tensorflow/compiler/tf2tensorrt/utils/py_utils.cc:38] TF-TRT Warning: Could not find TensorRT
Execution time: 26.661962747573853 seconds
metaTables/vocal_music_demucs_16k/metaData_MagnaTagATune/row8900.csv
Execution time: 26.175249576568604 seconds
metaTables/vocal_music_demucs_16k/metaData_MagnaTagATune/row8901.csv
Execution time: 26.723453044891357 seconds
metaTables/vocal_music_demucs_16k/metaData_MagnaTagATune/row8902.csv
Execution time: 26.786440134048462 seconds
metaTables/vocal_music_demucs_16k/metaData_MagnaTagATune/row8903.csv
Execution time: 27.279282569885254 seconds
metaTables/vocal_music_demucs_16k/metaData_MagnaTagATune/row8904.csv
Execution time: 27.285757541656494 seconds
metaTables/vocal_music_demucs_16k/metaData_MagnaTagATune/row8905.csv
Execution time: 26.254822492599487 seconds
metaTables/vocal_music_demucs_16k/metaData_MagnaTagATune/row8906.csv
Execution time: 26.599969387054443 seconds
metaTables/vocal_music_demucs_16k/metaData_MagnaTagATune/row8907.csv
Execution time: 26.70119023323059 seconds
metaTables/vocal_music_demucs_16k/metaData_MagnaTagATune/row8908.csv
Execution time: 27.249796390533447 seconds
metaTables/vocal_music_demucs_16k/metaData_MagnaTagATune/row8909.csv
Execution time: 27.168056964874268 seconds
metaTables/vocal_music_demucs_16k/metaData_MagnaTagATune/row8910.csv
Execution time: 27.044304132461548 seconds
metaTables/vocal_music_demucs_16k/metaData_MagnaTagATune/row8911.csv
Execution time: 26.76680636405945 seconds
metaTables/vocal_music_demucs_16k/metaData_MagnaTagATune/row8912.csv
Execution time: 26.959097862243652 seconds
metaTables/vocal_music_demucs_16k/metaData_MagnaTagATune/row8913.csv
Execution time: 27.017564296722412 seconds
metaTables/vocal_music_demucs_16k/metaData_MagnaTagATune/row8914.csv
Execution time: 26.934130668640137 seconds
metaTables/vocal_music_demucs_16k/metaData_MagnaTagATune/row8915.csv
Execution time: 26.687538146972656 seconds
metaTables/vocal_music_demucs_16k/metaData_MagnaTagATune/row8916.csv
Execution time: 27.184265613555908 seconds
metaTables/vocal_music_demucs_16k/metaData_MagnaTagATune/row8917.csv
Execution time: 27.406765937805176 seconds
metaTables/vocal_music_demucs_16k/metaData_MagnaTagATune/row8918.csv
Execution time: 27.713309049606323 seconds
metaTables/vocal_music_demucs_16k/metaData_MagnaTagATune/row8919.csv
Execution time: 27.362815141677856 seconds
metaTables/vocal_music_demucs_16k/metaData_MagnaTagATune/row8920.csv
Execution time: 26.98960518836975 seconds
metaTables/vocal_music_demucs_16k/metaData_MagnaTagATune/row8921.csv
Execution time: 27.43331527709961 seconds
metaTables/vocal_music_demucs_16k/metaData_MagnaTagATune/row8922.csv
Execution time: 27.574739933013916 seconds
metaTables/vocal_music_demucs_16k/metaData_MagnaTagATune/row8923.csv
Execution time: 27.144156217575073 seconds
metaTables/vocal_music_demucs_16k/metaData_MagnaTagATune/row8924.csv
Execution time: 27.98763084411621 seconds
metaTables/vocal_music_demucs_16k/metaData_MagnaTagATune/row8925.csv
Execution time: 27.02408456802368 seconds
metaTables/vocal_music_demucs_16k/metaData_MagnaTagATune/row8926.csv
Execution time: 27.19381594657898 seconds
metaTables/vocal_music_demucs_16k/metaData_MagnaTagATune/row8927.csv
Execution time: 26.938209056854248 seconds
metaTables/vocal_music_demucs_16k/metaData_MagnaTagATune/row8928.csv
Execution time: 27.664223432540894 seconds
metaTables/vocal_music_demucs_16k/metaData_MagnaTagATune/row8929.csv
Execution time: 27.0597026348114 seconds
metaTables/vocal_music_demucs_16k/metaData_MagnaTagATune/row8930.csv
Execution time: 26.790852308273315 seconds
metaTables/vocal_music_demucs_16k/metaData_MagnaTagATune/row8931.csv
Execution time: 27.316914081573486 seconds
metaTables/vocal_music_demucs_16k/metaData_MagnaTagATune/row8932.csv
Execution time: 27.216954469680786 seconds
metaTables/vocal_music_demucs_16k/metaData_MagnaTagATune/row8933.csv
Execution time: 27.09454894065857 seconds
metaTables/vocal_music_demucs_16k/metaData_MagnaTagATune/row8934.csv
Execution time: 26.704491138458252 seconds
metaTables/vocal_music_demucs_16k/metaData_MagnaTagATune/row8935.csv
Execution time: 27.76198983192444 seconds
metaTables/vocal_music_demucs_16k/metaData_MagnaTagATune/row8936.csv
Execution time: 27.076361894607544 seconds
metaTables/vocal_music_demucs_16k/metaData_MagnaTagATune/row8937.csv
Execution time: 27.640893697738647 seconds
metaTables/vocal_music_demucs_16k/metaData_MagnaTagATune/row8938.csv
Execution time: 27.052042484283447 seconds
metaTables/vocal_music_demucs_16k/metaData_MagnaTagATune/row8939.csv
Execution time: 27.300647735595703 seconds
metaTables/vocal_music_demucs_16k/metaData_MagnaTagATune/row8940.csv
Execution time: 26.95483922958374 seconds
metaTables/vocal_music_demucs_16k/metaData_MagnaTagATune/row8941.csv
Execution time: 26.634238481521606 seconds
metaTables/vocal_music_demucs_16k/metaData_MagnaTagATune/row8942.csv
Execution time: 26.952174425125122 seconds
metaTables/vocal_music_demucs_16k/metaData_MagnaTagATune/row8943.csv
Execution time: 26.611974477767944 seconds
metaTables/vocal_music_demucs_16k/metaData_MagnaTagATune/row8944.csv
Execution time: 27.621402263641357 seconds
metaTables/vocal_music_demucs_16k/metaData_MagnaTagATune/row8945.csv
Execution time: 26.706820249557495 seconds
metaTables/vocal_music_demucs_16k/metaData_MagnaTagATune/row8946.csv
Execution time: 27.85460138320923 seconds
metaTables/vocal_music_demucs_16k/metaData_MagnaTagATune/row8947.csv
Execution time: 26.513935327529907 seconds
metaTables/vocal_music_demucs_16k/metaData_MagnaTagATune/row8948.csv
Execution time: 27.079248428344727 seconds
metaTables/vocal_music_demucs_16k/metaData_MagnaTagATune/row8949.csv
Execution time: 27.25857138633728 seconds
metaTables/vocal_music_demucs_16k/metaData_MagnaTagATune/row8950.csv
Execution time: 26.900412559509277 seconds
metaTables/vocal_music_demucs_16k/metaData_MagnaTagATune/row8951.csv
Execution time: 27.601634979248047 seconds
metaTables/vocal_music_demucs_16k/metaData_MagnaTagATune/row8952.csv
Execution time: 26.889219522476196 seconds
metaTables/vocal_music_demucs_16k/metaData_MagnaTagATune/row8953.csv
Execution time: 27.276123046875 seconds
metaTables/vocal_music_demucs_16k/metaData_MagnaTagATune/row8954.csv
Execution time: 26.96813988685608 seconds
metaTables/vocal_music_demucs_16k/metaData_MagnaTagATune/row8955.csv
Execution time: 26.98493218421936 seconds
metaTables/vocal_music_demucs_16k/metaData_MagnaTagATune/row8956.csv
Execution time: 27.300682544708252 seconds
metaTables/vocal_music_demucs_16k/metaData_MagnaTagATune/row8957.csv
Execution time: 26.855754852294922 seconds
metaTables/vocal_music_demucs_16k/metaData_MagnaTagATune/row8958.csv
Execution time: 27.388654708862305 seconds
metaTables/vocal_music_demucs_16k/metaData_MagnaTagATune/row8959.csv
Execution time: 27.191612720489502 seconds
metaTables/vocal_music_demucs_16k/metaData_MagnaTagATune/row8960.csv
Execution time: 27.39786982536316 seconds
metaTables/vocal_music_demucs_16k/metaData_MagnaTagATune/row8961.csv
Execution time: 26.328040599822998 seconds
metaTables/vocal_music_demucs_16k/metaData_MagnaTagATune/row8962.csv
Execution time: 26.537889003753662 seconds
metaTables/vocal_music_demucs_16k/metaData_MagnaTagATune/row8963.csv
Execution time: 26.506975173950195 seconds
metaTables/vocal_music_demucs_16k/metaData_MagnaTagATune/row8964.csv
Execution time: 27.052839994430542 seconds
metaTables/vocal_music_demucs_16k/metaData_MagnaTagATune/row8965.csv
Execution time: 27.21549701690674 seconds
metaTables/vocal_music_demucs_16k/metaData_MagnaTagATune/row8966.csv
Execution time: 27.246652126312256 seconds
metaTables/vocal_music_demucs_16k/metaData_MagnaTagATune/row8967.csv
Execution time: 27.235564708709717 seconds
metaTables/vocal_music_demucs_16k/metaData_MagnaTagATune/row8968.csv
Execution time: 26.74181365966797 seconds
metaTables/vocal_music_demucs_16k/metaData_MagnaTagATune/row8969.csv
Execution time: 26.874109983444214 seconds
metaTables/vocal_music_demucs_16k/metaData_MagnaTagATune/row8970.csv
Execution time: 26.599928379058838 seconds
metaTables/vocal_music_demucs_16k/metaData_MagnaTagATune/row8971.csv
Execution time: 27.35105800628662 seconds
metaTables/vocal_music_demucs_16k/metaData_MagnaTagATune/row8972.csv
Execution time: 26.6872615814209 seconds
metaTables/vocal_music_demucs_16k/metaData_MagnaTagATune/row8973.csv
Execution time: 27.076374292373657 seconds
metaTables/vocal_music_demucs_16k/metaData_MagnaTagATune/row8974.csv
Execution time: 27.893704891204834 seconds
metaTables/vocal_music_demucs_16k/metaData_MagnaTagATune/row8975.csv
Execution time: 27.85938000679016 seconds
metaTables/vocal_music_demucs_16k/metaData_MagnaTagATune/row8976.csv
Execution time: 27.036845684051514 seconds
metaTables/vocal_music_demucs_16k/metaData_MagnaTagATune/row8977.csv
Execution time: 27.023371934890747 seconds
metaTables/vocal_music_demucs_16k/metaData_MagnaTagATune/row8978.csv
Execution time: 27.424922704696655 seconds
metaTables/vocal_music_demucs_16k/metaData_MagnaTagATune/row8979.csv
Execution time: 27.352022886276245 seconds
metaTables/vocal_music_demucs_16k/metaData_MagnaTagATune/row8980.csv
Execution time: 27.575287342071533 seconds
metaTables/vocal_music_demucs_16k/metaData_MagnaTagATune/row8981.csv
Execution time: 26.89426589012146 seconds
metaTables/vocal_music_demucs_16k/metaData_MagnaTagATune/row8982.csv
Execution time: 26.895031452178955 seconds
metaTables/vocal_music_demucs_16k/metaData_MagnaTagATune/row8983.csv
Execution time: 27.086523056030273 seconds
metaTables/vocal_music_demucs_16k/metaData_MagnaTagATune/row8984.csv
Execution time: 30.11235475540161 seconds
metaTables/vocal_music_demucs_16k/metaData_MagnaTagATune/row8985.csv
Execution time: 28.32054591178894 seconds
metaTables/vocal_music_demucs_16k/metaData_MagnaTagATune/row8986.csv
Execution time: 27.346275568008423 seconds
metaTables/vocal_music_demucs_16k/metaData_MagnaTagATune/row8987.csv
Execution time: 26.50663447380066 seconds
metaTables/vocal_music_demucs_16k/metaData_MagnaTagATune/row8988.csv
Execution time: 26.91064739227295 seconds
metaTables/vocal_music_demucs_16k/metaData_MagnaTagATune/row8989.csv
Execution time: 27.282570600509644 seconds
metaTables/vocal_music_demucs_16k/metaData_MagnaTagATune/row8990.csv
Execution time: 27.14735746383667 seconds
metaTables/vocal_music_demucs_16k/metaData_MagnaTagATune/row8991.csv
Execution time: 26.858901262283325 seconds
metaTables/vocal_music_demucs_16k/metaData_MagnaTagATune/row8992.csv
Execution time: 27.42247223854065 seconds
metaTables/vocal_music_demucs_16k/metaData_MagnaTagATune/row8993.csv
Execution time: 27.258084297180176 seconds
metaTables/vocal_music_demucs_16k/metaData_MagnaTagATune/row8994.csv
Execution time: 26.527485847473145 seconds
metaTables/vocal_music_demucs_16k/metaData_MagnaTagATune/row8995.csv
Execution time: 26.888640880584717 seconds
metaTables/vocal_music_demucs_16k/metaData_MagnaTagATune/row8996.csv
Execution time: 27.358519315719604 seconds
metaTables/vocal_music_demucs_16k/metaData_MagnaTagATune/row8997.csv
Execution time: 26.316787242889404 seconds
metaTables/vocal_music_demucs_16k/metaData_MagnaTagATune/row8998.csv
Execution time: 26.44631266593933 seconds
metaTables/vocal_music_demucs_16k/metaData_MagnaTagATune/row8999.csv
Demucs voice recognition done!
