/ext3/demucs/lib/python3.9/site-packages/demucs/api.py:27: UserWarning: TorchAudio's global backend is now deprecated. Please enable distpatcher by setting `TORCHAUDIO_USE_BACKEND_DISPATCHER=1`, and specify backend when calling load/info/save function.
  import torchaudio as ta
2024-05-09 00:22:12.584089: I tensorflow/core/util/port.cc:113] oneDNN custom operations are on. You may see slightly different numerical results due to floating-point round-off errors from different computation orders. To turn them off, set the environment variable `TF_ENABLE_ONEDNN_OPTS=0`.
2024-05-09 00:22:13.078336: E external/local_xla/xla/stream_executor/cuda/cuda_dnn.cc:9261] Unable to register cuDNN factory: Attempting to register factory for plugin cuDNN when one has already been registered
2024-05-09 00:22:13.078401: E external/local_xla/xla/stream_executor/cuda/cuda_fft.cc:607] Unable to register cuFFT factory: Attempting to register factory for plugin cuFFT when one has already been registered
2024-05-09 00:22:13.323687: E external/local_xla/xla/stream_executor/cuda/cuda_blas.cc:1515] Unable to register cuBLAS factory: Attempting to register factory for plugin cuBLAS when one has already been registered
2024-05-09 00:22:13.381901: I tensorflow/core/platform/cpu_feature_guard.cc:182] This TensorFlow binary is optimized to use available CPU instructions in performance-critical operations.
To enable the following instructions: AVX2 AVX512F AVX512_VNNI FMA, in other operations, rebuild TensorFlow with the appropriate compiler flags.
2024-05-09 00:22:14.324623: W tensorflow/compiler/tf2tensorrt/utils/py_utils.cc:38] TF-TRT Warning: Could not find TensorRT
Execution time: 26.542526960372925 seconds
metaTables/vocal_music_demucs_16k/metaData_MagnaTagATune/row13000.csv
Execution time: 24.773423433303833 seconds
metaTables/vocal_music_demucs_16k/metaData_MagnaTagATune/row13001.csv
Execution time: 24.920732498168945 seconds
metaTables/vocal_music_demucs_16k/metaData_MagnaTagATune/row13002.csv
Execution time: 26.50839352607727 seconds
metaTables/vocal_music_demucs_16k/metaData_MagnaTagATune/row13003.csv
Execution time: 26.283886671066284 seconds
metaTables/vocal_music_demucs_16k/metaData_MagnaTagATune/row13004.csv
Execution time: 27.381844520568848 seconds
metaTables/vocal_music_demucs_16k/metaData_MagnaTagATune/row13005.csv
Execution time: 26.828232049942017 seconds
metaTables/vocal_music_demucs_16k/metaData_MagnaTagATune/row13006.csv
Execution time: 27.026455640792847 seconds
metaTables/vocal_music_demucs_16k/metaData_MagnaTagATune/row13007.csv
Execution time: 26.612653970718384 seconds
metaTables/vocal_music_demucs_16k/metaData_MagnaTagATune/row13008.csv
Execution time: 26.573404550552368 seconds
metaTables/vocal_music_demucs_16k/metaData_MagnaTagATune/row13009.csv
Execution time: 26.031325101852417 seconds
metaTables/vocal_music_demucs_16k/metaData_MagnaTagATune/row13010.csv
Execution time: 27.262150764465332 seconds
metaTables/vocal_music_demucs_16k/metaData_MagnaTagATune/row13011.csv
Execution time: 26.924631118774414 seconds
metaTables/vocal_music_demucs_16k/metaData_MagnaTagATune/row13012.csv
Execution time: 26.875886917114258 seconds
metaTables/vocal_music_demucs_16k/metaData_MagnaTagATune/row13013.csv
Execution time: 27.451187133789062 seconds
metaTables/vocal_music_demucs_16k/metaData_MagnaTagATune/row13014.csv
Execution time: 27.676920890808105 seconds
metaTables/vocal_music_demucs_16k/metaData_MagnaTagATune/row13015.csv
Execution time: 26.125281810760498 seconds
metaTables/vocal_music_demucs_16k/metaData_MagnaTagATune/row13016.csv
Execution time: 28.90030550956726 seconds
metaTables/vocal_music_demucs_16k/metaData_MagnaTagATune/row13017.csv
Execution time: 27.066560745239258 seconds
metaTables/vocal_music_demucs_16k/metaData_MagnaTagATune/row13018.csv
Execution time: 26.120254039764404 seconds
metaTables/vocal_music_demucs_16k/metaData_MagnaTagATune/row13019.csv
Execution time: 26.85965061187744 seconds
metaTables/vocal_music_demucs_16k/metaData_MagnaTagATune/row13020.csv
Execution time: 27.099714756011963 seconds
metaTables/vocal_music_demucs_16k/metaData_MagnaTagATune/row13021.csv
Execution time: 27.447503328323364 seconds
metaTables/vocal_music_demucs_16k/metaData_MagnaTagATune/row13022.csv
Execution time: 26.143431425094604 seconds
metaTables/vocal_music_demucs_16k/metaData_MagnaTagATune/row13023.csv
Execution time: 25.94479537010193 seconds
metaTables/vocal_music_demucs_16k/metaData_MagnaTagATune/row13024.csv
Execution time: 28.267828941345215 seconds
metaTables/vocal_music_demucs_16k/metaData_MagnaTagATune/row13025.csv
Execution time: 27.012916803359985 seconds
metaTables/vocal_music_demucs_16k/metaData_MagnaTagATune/row13026.csv
Execution time: 27.558873653411865 seconds
metaTables/vocal_music_demucs_16k/metaData_MagnaTagATune/row13027.csv
Execution time: 26.966715574264526 seconds
metaTables/vocal_music_demucs_16k/metaData_MagnaTagATune/row13028.csv
Execution time: 26.707700967788696 seconds
metaTables/vocal_music_demucs_16k/metaData_MagnaTagATune/row13029.csv
Execution time: 26.5954372882843 seconds
metaTables/vocal_music_demucs_16k/metaData_MagnaTagATune/row13030.csv
Execution time: 27.62166404724121 seconds
metaTables/vocal_music_demucs_16k/metaData_MagnaTagATune/row13031.csv
Execution time: 27.326468229293823 seconds
metaTables/vocal_music_demucs_16k/metaData_MagnaTagATune/row13032.csv
Execution time: 28.11306881904602 seconds
metaTables/vocal_music_demucs_16k/metaData_MagnaTagATune/row13033.csv
Execution time: 26.609483003616333 seconds
metaTables/vocal_music_demucs_16k/metaData_MagnaTagATune/row13034.csv
Execution time: 26.460781574249268 seconds
metaTables/vocal_music_demucs_16k/metaData_MagnaTagATune/row13035.csv
Execution time: 28.068865299224854 seconds
metaTables/vocal_music_demucs_16k/metaData_MagnaTagATune/row13036.csv
Execution time: 26.946647882461548 seconds
metaTables/vocal_music_demucs_16k/metaData_MagnaTagATune/row13037.csv
Execution time: 27.02058243751526 seconds
metaTables/vocal_music_demucs_16k/metaData_MagnaTagATune/row13038.csv
Execution time: 27.250637531280518 seconds
metaTables/vocal_music_demucs_16k/metaData_MagnaTagATune/row13039.csv
Execution time: 26.847795009613037 seconds
metaTables/vocal_music_demucs_16k/metaData_MagnaTagATune/row13040.csv
Execution time: 26.06879162788391 seconds
metaTables/vocal_music_demucs_16k/metaData_MagnaTagATune/row13041.csv
Execution time: 26.808486461639404 seconds
metaTables/vocal_music_demucs_16k/metaData_MagnaTagATune/row13042.csv
Execution time: 26.729366302490234 seconds
metaTables/vocal_music_demucs_16k/metaData_MagnaTagATune/row13043.csv
Execution time: 27.442683458328247 seconds
metaTables/vocal_music_demucs_16k/metaData_MagnaTagATune/row13044.csv
Execution time: 26.736665964126587 seconds
metaTables/vocal_music_demucs_16k/metaData_MagnaTagATune/row13045.csv
Execution time: 26.686742067337036 seconds
metaTables/vocal_music_demucs_16k/metaData_MagnaTagATune/row13046.csv
Execution time: 26.83948802947998 seconds
metaTables/vocal_music_demucs_16k/metaData_MagnaTagATune/row13047.csv
Execution time: 27.023664712905884 seconds
metaTables/vocal_music_demucs_16k/metaData_MagnaTagATune/row13048.csv
Execution time: 26.407716989517212 seconds
metaTables/vocal_music_demucs_16k/metaData_MagnaTagATune/row13049.csv
Execution time: 26.680249452590942 seconds
metaTables/vocal_music_demucs_16k/metaData_MagnaTagATune/row13050.csv
Execution time: 26.311665534973145 seconds
metaTables/vocal_music_demucs_16k/metaData_MagnaTagATune/row13051.csv
Execution time: 26.577082633972168 seconds
metaTables/vocal_music_demucs_16k/metaData_MagnaTagATune/row13052.csv
Execution time: 26.761603116989136 seconds
metaTables/vocal_music_demucs_16k/metaData_MagnaTagATune/row13053.csv
Execution time: 27.164681911468506 seconds
metaTables/vocal_music_demucs_16k/metaData_MagnaTagATune/row13054.csv
Execution time: 26.710050582885742 seconds
metaTables/vocal_music_demucs_16k/metaData_MagnaTagATune/row13055.csv
Execution time: 27.291929483413696 seconds
metaTables/vocal_music_demucs_16k/metaData_MagnaTagATune/row13056.csv
Execution time: 27.524869680404663 seconds
metaTables/vocal_music_demucs_16k/metaData_MagnaTagATune/row13057.csv
Execution time: 26.95089864730835 seconds
metaTables/vocal_music_demucs_16k/metaData_MagnaTagATune/row13058.csv
Execution time: 26.451328992843628 seconds
metaTables/vocal_music_demucs_16k/metaData_MagnaTagATune/row13059.csv
Execution time: 27.109058380126953 seconds
metaTables/vocal_music_demucs_16k/metaData_MagnaTagATune/row13060.csv
Execution time: 26.94060492515564 seconds
metaTables/vocal_music_demucs_16k/metaData_MagnaTagATune/row13061.csv
Execution time: 27.60096001625061 seconds
metaTables/vocal_music_demucs_16k/metaData_MagnaTagATune/row13062.csv
Execution time: 26.187402486801147 seconds
metaTables/vocal_music_demucs_16k/metaData_MagnaTagATune/row13063.csv
Execution time: 26.72399878501892 seconds
metaTables/vocal_music_demucs_16k/metaData_MagnaTagATune/row13064.csv
Execution time: 27.081750869750977 seconds
metaTables/vocal_music_demucs_16k/metaData_MagnaTagATune/row13065.csv
Execution time: 28.134384632110596 seconds
metaTables/vocal_music_demucs_16k/metaData_MagnaTagATune/row13066.csv
Execution time: 26.192211151123047 seconds
metaTables/vocal_music_demucs_16k/metaData_MagnaTagATune/row13067.csv
Execution time: 26.739253044128418 seconds
metaTables/vocal_music_demucs_16k/metaData_MagnaTagATune/row13068.csv
Execution time: 27.231183290481567 seconds
metaTables/vocal_music_demucs_16k/metaData_MagnaTagATune/row13069.csv
Execution time: 26.792192697525024 seconds
metaTables/vocal_music_demucs_16k/metaData_MagnaTagATune/row13070.csv
Execution time: 27.021199703216553 seconds
metaTables/vocal_music_demucs_16k/metaData_MagnaTagATune/row13071.csv
Execution time: 26.9692280292511 seconds
metaTables/vocal_music_demucs_16k/metaData_MagnaTagATune/row13072.csv
Execution time: 26.449344873428345 seconds
metaTables/vocal_music_demucs_16k/metaData_MagnaTagATune/row13073.csv
Execution time: 26.832006692886353 seconds
metaTables/vocal_music_demucs_16k/metaData_MagnaTagATune/row13074.csv
Execution time: 27.05396842956543 seconds
metaTables/vocal_music_demucs_16k/metaData_MagnaTagATune/row13075.csv
Execution time: 27.595569610595703 seconds
metaTables/vocal_music_demucs_16k/metaData_MagnaTagATune/row13076.csv
Execution time: 26.94236731529236 seconds
metaTables/vocal_music_demucs_16k/metaData_MagnaTagATune/row13077.csv
Execution time: 27.462417364120483 seconds
metaTables/vocal_music_demucs_16k/metaData_MagnaTagATune/row13078.csv
Execution time: 26.4233717918396 seconds
metaTables/vocal_music_demucs_16k/metaData_MagnaTagATune/row13079.csv
Execution time: 28.357017755508423 seconds
metaTables/vocal_music_demucs_16k/metaData_MagnaTagATune/row13080.csv
Execution time: 27.324289798736572 seconds
metaTables/vocal_music_demucs_16k/metaData_MagnaTagATune/row13081.csv
Execution time: 26.995381593704224 seconds
metaTables/vocal_music_demucs_16k/metaData_MagnaTagATune/row13082.csv
Execution time: 27.114868879318237 seconds
metaTables/vocal_music_demucs_16k/metaData_MagnaTagATune/row13083.csv
Execution time: 26.44387674331665 seconds
metaTables/vocal_music_demucs_16k/metaData_MagnaTagATune/row13084.csv
Execution time: 26.34948229789734 seconds
metaTables/vocal_music_demucs_16k/metaData_MagnaTagATune/row13085.csv
Execution time: 27.207950830459595 seconds
metaTables/vocal_music_demucs_16k/metaData_MagnaTagATune/row13086.csv
Execution time: 26.515968561172485 seconds
metaTables/vocal_music_demucs_16k/metaData_MagnaTagATune/row13087.csv
Execution time: 26.308066844940186 seconds
metaTables/vocal_music_demucs_16k/metaData_MagnaTagATune/row13088.csv
Execution time: 26.54528498649597 seconds
metaTables/vocal_music_demucs_16k/metaData_MagnaTagATune/row13089.csv
Execution time: 27.595141649246216 seconds
metaTables/vocal_music_demucs_16k/metaData_MagnaTagATune/row13090.csv
Execution time: 26.18210196495056 seconds
metaTables/vocal_music_demucs_16k/metaData_MagnaTagATune/row13091.csv
Execution time: 27.274434804916382 seconds
metaTables/vocal_music_demucs_16k/metaData_MagnaTagATune/row13092.csv
Execution time: 27.55799126625061 seconds
metaTables/vocal_music_demucs_16k/metaData_MagnaTagATune/row13093.csv
Execution time: 26.491526126861572 seconds
metaTables/vocal_music_demucs_16k/metaData_MagnaTagATune/row13094.csv
Execution time: 27.034772872924805 seconds
metaTables/vocal_music_demucs_16k/metaData_MagnaTagATune/row13095.csv
Execution time: 27.150797128677368 seconds
metaTables/vocal_music_demucs_16k/metaData_MagnaTagATune/row13096.csv
Execution time: 26.90483784675598 seconds
metaTables/vocal_music_demucs_16k/metaData_MagnaTagATune/row13097.csv
Execution time: 27.490717887878418 seconds
metaTables/vocal_music_demucs_16k/metaData_MagnaTagATune/row13098.csv
Execution time: 26.610412120819092 seconds
metaTables/vocal_music_demucs_16k/metaData_MagnaTagATune/row13099.csv
Demucs voice recognition done!
