/ext3/demucs/lib/python3.9/site-packages/demucs/api.py:27: UserWarning: TorchAudio's global backend is now deprecated. Please enable distpatcher by setting `TORCHAUDIO_USE_BACKEND_DISPATCHER=1`, and specify backend when calling load/info/save function.
  import torchaudio as ta
2024-05-09 00:21:14.127883: I tensorflow/core/util/port.cc:113] oneDNN custom operations are on. You may see slightly different numerical results due to floating-point round-off errors from different computation orders. To turn them off, set the environment variable `TF_ENABLE_ONEDNN_OPTS=0`.
2024-05-09 00:21:14.501644: E external/local_xla/xla/stream_executor/cuda/cuda_dnn.cc:9261] Unable to register cuDNN factory: Attempting to register factory for plugin cuDNN when one has already been registered
2024-05-09 00:21:14.501702: E external/local_xla/xla/stream_executor/cuda/cuda_fft.cc:607] Unable to register cuFFT factory: Attempting to register factory for plugin cuFFT when one has already been registered
2024-05-09 00:21:14.531754: E external/local_xla/xla/stream_executor/cuda/cuda_blas.cc:1515] Unable to register cuBLAS factory: Attempting to register factory for plugin cuBLAS when one has already been registered
2024-05-09 00:21:14.597050: I tensorflow/core/platform/cpu_feature_guard.cc:182] This TensorFlow binary is optimized to use available CPU instructions in performance-critical operations.
To enable the following instructions: AVX2 AVX512F AVX512_VNNI FMA, in other operations, rebuild TensorFlow with the appropriate compiler flags.
2024-05-09 00:21:15.563165: W tensorflow/compiler/tf2tensorrt/utils/py_utils.cc:38] TF-TRT Warning: Could not find TensorRT
Execution time: 27.069982767105103 seconds
metaTables/vocal_music_demucs_16k/metaData_MagnaTagATune/row1800.csv
Execution time: 26.514967441558838 seconds
metaTables/vocal_music_demucs_16k/metaData_MagnaTagATune/row1801.csv
Execution time: 26.13885998725891 seconds
metaTables/vocal_music_demucs_16k/metaData_MagnaTagATune/row1802.csv
Execution time: 25.835078239440918 seconds
metaTables/vocal_music_demucs_16k/metaData_MagnaTagATune/row1803.csv
Execution time: 26.034842252731323 seconds
metaTables/vocal_music_demucs_16k/metaData_MagnaTagATune/row1804.csv
Execution time: 25.848933458328247 seconds
metaTables/vocal_music_demucs_16k/metaData_MagnaTagATune/row1805.csv
Execution time: 26.835241317749023 seconds
metaTables/vocal_music_demucs_16k/metaData_MagnaTagATune/row1806.csv
Execution time: 27.733840942382812 seconds
metaTables/vocal_music_demucs_16k/metaData_MagnaTagATune/row1807.csv
Execution time: 27.280473470687866 seconds
metaTables/vocal_music_demucs_16k/metaData_MagnaTagATune/row1808.csv
Execution time: 26.98018765449524 seconds
metaTables/vocal_music_demucs_16k/metaData_MagnaTagATune/row1809.csv
Execution time: 25.933099508285522 seconds
metaTables/vocal_music_demucs_16k/metaData_MagnaTagATune/row1810.csv
Execution time: 26.370157480239868 seconds
metaTables/vocal_music_demucs_16k/metaData_MagnaTagATune/row1811.csv
Execution time: 26.342540979385376 seconds
metaTables/vocal_music_demucs_16k/metaData_MagnaTagATune/row1812.csv
Execution time: 26.99437642097473 seconds
metaTables/vocal_music_demucs_16k/metaData_MagnaTagATune/row1813.csv
Execution time: 26.35299587249756 seconds
metaTables/vocal_music_demucs_16k/metaData_MagnaTagATune/row1814.csv
Execution time: 27.10097885131836 seconds
metaTables/vocal_music_demucs_16k/metaData_MagnaTagATune/row1815.csv
Execution time: 26.612632036209106 seconds
metaTables/vocal_music_demucs_16k/metaData_MagnaTagATune/row1816.csv
Execution time: 26.480714082717896 seconds
metaTables/vocal_music_demucs_16k/metaData_MagnaTagATune/row1817.csv
Execution time: 28.887342929840088 seconds
metaTables/vocal_music_demucs_16k/metaData_MagnaTagATune/row1818.csv
Execution time: 26.395163536071777 seconds
metaTables/vocal_music_demucs_16k/metaData_MagnaTagATune/row1819.csv
Execution time: 26.452090740203857 seconds
metaTables/vocal_music_demucs_16k/metaData_MagnaTagATune/row1820.csv
Execution time: 26.650511264801025 seconds
metaTables/vocal_music_demucs_16k/metaData_MagnaTagATune/row1821.csv
Execution time: 26.150403022766113 seconds
metaTables/vocal_music_demucs_16k/metaData_MagnaTagATune/row1822.csv
Execution time: 26.278948068618774 seconds
metaTables/vocal_music_demucs_16k/metaData_MagnaTagATune/row1823.csv
Execution time: 26.557393789291382 seconds
metaTables/vocal_music_demucs_16k/metaData_MagnaTagATune/row1824.csv
Execution time: 26.493146181106567 seconds
metaTables/vocal_music_demucs_16k/metaData_MagnaTagATune/row1825.csv
Execution time: 26.08798360824585 seconds
metaTables/vocal_music_demucs_16k/metaData_MagnaTagATune/row1826.csv
Execution time: 26.472816944122314 seconds
metaTables/vocal_music_demucs_16k/metaData_MagnaTagATune/row1827.csv
Execution time: 26.29305100440979 seconds
metaTables/vocal_music_demucs_16k/metaData_MagnaTagATune/row1828.csv
Execution time: 26.919505834579468 seconds
metaTables/vocal_music_demucs_16k/metaData_MagnaTagATune/row1829.csv
Execution time: 26.625711917877197 seconds
metaTables/vocal_music_demucs_16k/metaData_MagnaTagATune/row1830.csv
Execution time: 26.803263902664185 seconds
metaTables/vocal_music_demucs_16k/metaData_MagnaTagATune/row1831.csv
Execution time: 25.970135927200317 seconds
metaTables/vocal_music_demucs_16k/metaData_MagnaTagATune/row1832.csv
Execution time: 26.854925632476807 seconds
metaTables/vocal_music_demucs_16k/metaData_MagnaTagATune/row1833.csv
Execution time: 27.027392864227295 seconds
metaTables/vocal_music_demucs_16k/metaData_MagnaTagATune/row1834.csv
Execution time: 26.45868992805481 seconds
metaTables/vocal_music_demucs_16k/metaData_MagnaTagATune/row1835.csv
Execution time: 26.702299118041992 seconds
metaTables/vocal_music_demucs_16k/metaData_MagnaTagATune/row1836.csv
Execution time: 27.142048835754395 seconds
metaTables/vocal_music_demucs_16k/metaData_MagnaTagATune/row1837.csv
Execution time: 26.982768535614014 seconds
metaTables/vocal_music_demucs_16k/metaData_MagnaTagATune/row1838.csv
Execution time: 27.289681673049927 seconds
metaTables/vocal_music_demucs_16k/metaData_MagnaTagATune/row1839.csv
Execution time: 26.343411684036255 seconds
metaTables/vocal_music_demucs_16k/metaData_MagnaTagATune/row1840.csv
Execution time: 26.083958387374878 seconds
metaTables/vocal_music_demucs_16k/metaData_MagnaTagATune/row1841.csv
Execution time: 26.50671935081482 seconds
metaTables/vocal_music_demucs_16k/metaData_MagnaTagATune/row1842.csv
Execution time: 26.897597789764404 seconds
metaTables/vocal_music_demucs_16k/metaData_MagnaTagATune/row1843.csv
Execution time: 26.888225317001343 seconds
metaTables/vocal_music_demucs_16k/metaData_MagnaTagATune/row1844.csv
Execution time: 26.416881322860718 seconds
metaTables/vocal_music_demucs_16k/metaData_MagnaTagATune/row1845.csv
Execution time: 27.869900226593018 seconds
metaTables/vocal_music_demucs_16k/metaData_MagnaTagATune/row1846.csv
Execution time: 26.450568675994873 seconds
metaTables/vocal_music_demucs_16k/metaData_MagnaTagATune/row1847.csv
Execution time: 25.75956892967224 seconds
metaTables/vocal_music_demucs_16k/metaData_MagnaTagATune/row1848.csv
Execution time: 27.741557598114014 seconds
metaTables/vocal_music_demucs_16k/metaData_MagnaTagATune/row1849.csv
Execution time: 27.582223176956177 seconds
metaTables/vocal_music_demucs_16k/metaData_MagnaTagATune/row1850.csv
Execution time: 26.06625199317932 seconds
metaTables/vocal_music_demucs_16k/metaData_MagnaTagATune/row1851.csv
Execution time: 26.845444917678833 seconds
metaTables/vocal_music_demucs_16k/metaData_MagnaTagATune/row1852.csv
Execution time: 26.158064365386963 seconds
metaTables/vocal_music_demucs_16k/metaData_MagnaTagATune/row1853.csv
Execution time: 26.193618774414062 seconds
metaTables/vocal_music_demucs_16k/metaData_MagnaTagATune/row1854.csv
Execution time: 26.81518578529358 seconds
metaTables/vocal_music_demucs_16k/metaData_MagnaTagATune/row1855.csv
Execution time: 27.30830430984497 seconds
metaTables/vocal_music_demucs_16k/metaData_MagnaTagATune/row1856.csv
Execution time: 27.344648361206055 seconds
metaTables/vocal_music_demucs_16k/metaData_MagnaTagATune/row1857.csv
Execution time: 26.797935247421265 seconds
metaTables/vocal_music_demucs_16k/metaData_MagnaTagATune/row1858.csv
Execution time: 27.237783670425415 seconds
metaTables/vocal_music_demucs_16k/metaData_MagnaTagATune/row1859.csv
Execution time: 26.99600911140442 seconds
metaTables/vocal_music_demucs_16k/metaData_MagnaTagATune/row1860.csv
Execution time: 26.612770795822144 seconds
metaTables/vocal_music_demucs_16k/metaData_MagnaTagATune/row1861.csv
Execution time: 25.702258110046387 seconds
metaTables/vocal_music_demucs_16k/metaData_MagnaTagATune/row1862.csv
Execution time: 26.864428520202637 seconds
metaTables/vocal_music_demucs_16k/metaData_MagnaTagATune/row1863.csv
Execution time: 25.79220223426819 seconds
metaTables/vocal_music_demucs_16k/metaData_MagnaTagATune/row1864.csv
Execution time: 27.357937574386597 seconds
metaTables/vocal_music_demucs_16k/metaData_MagnaTagATune/row1865.csv
Execution time: 27.62183380126953 seconds
metaTables/vocal_music_demucs_16k/metaData_MagnaTagATune/row1866.csv
Execution time: 26.707787036895752 seconds
metaTables/vocal_music_demucs_16k/metaData_MagnaTagATune/row1867.csv
Execution time: 26.300554990768433 seconds
metaTables/vocal_music_demucs_16k/metaData_MagnaTagATune/row1868.csv
Execution time: 26.551467657089233 seconds
metaTables/vocal_music_demucs_16k/metaData_MagnaTagATune/row1869.csv
Execution time: 25.815986156463623 seconds
metaTables/vocal_music_demucs_16k/metaData_MagnaTagATune/row1870.csv
Execution time: 26.175256729125977 seconds
metaTables/vocal_music_demucs_16k/metaData_MagnaTagATune/row1871.csv
Execution time: 27.182426691055298 seconds
metaTables/vocal_music_demucs_16k/metaData_MagnaTagATune/row1872.csv
Execution time: 28.648518562316895 seconds
metaTables/vocal_music_demucs_16k/metaData_MagnaTagATune/row1873.csv
Execution time: 26.511037349700928 seconds
metaTables/vocal_music_demucs_16k/metaData_MagnaTagATune/row1874.csv
Execution time: 27.150071382522583 seconds
metaTables/vocal_music_demucs_16k/metaData_MagnaTagATune/row1875.csv
Execution time: 26.90420150756836 seconds
metaTables/vocal_music_demucs_16k/metaData_MagnaTagATune/row1876.csv
Execution time: 26.091030597686768 seconds
metaTables/vocal_music_demucs_16k/metaData_MagnaTagATune/row1877.csv
Execution time: 27.020164966583252 seconds
metaTables/vocal_music_demucs_16k/metaData_MagnaTagATune/row1878.csv
Execution time: 26.429320096969604 seconds
metaTables/vocal_music_demucs_16k/metaData_MagnaTagATune/row1879.csv
Execution time: 26.647939920425415 seconds
metaTables/vocal_music_demucs_16k/metaData_MagnaTagATune/row1880.csv
Execution time: 27.149107694625854 seconds
metaTables/vocal_music_demucs_16k/metaData_MagnaTagATune/row1881.csv
Execution time: 27.109287977218628 seconds
metaTables/vocal_music_demucs_16k/metaData_MagnaTagATune/row1882.csv
Execution time: 26.3442165851593 seconds
metaTables/vocal_music_demucs_16k/metaData_MagnaTagATune/row1883.csv
Execution time: 26.938366413116455 seconds
metaTables/vocal_music_demucs_16k/metaData_MagnaTagATune/row1884.csv
Execution time: 27.015350103378296 seconds
metaTables/vocal_music_demucs_16k/metaData_MagnaTagATune/row1885.csv
Execution time: 26.750437259674072 seconds
metaTables/vocal_music_demucs_16k/metaData_MagnaTagATune/row1886.csv
Execution time: 28.387850046157837 seconds
metaTables/vocal_music_demucs_16k/metaData_MagnaTagATune/row1887.csv
Execution time: 26.754594326019287 seconds
metaTables/vocal_music_demucs_16k/metaData_MagnaTagATune/row1888.csv
Execution time: 26.466108560562134 seconds
metaTables/vocal_music_demucs_16k/metaData_MagnaTagATune/row1889.csv
Execution time: 26.87524914741516 seconds
metaTables/vocal_music_demucs_16k/metaData_MagnaTagATune/row1890.csv
Execution time: 27.428395748138428 seconds
metaTables/vocal_music_demucs_16k/metaData_MagnaTagATune/row1891.csv
Execution time: 27.27110457420349 seconds
metaTables/vocal_music_demucs_16k/metaData_MagnaTagATune/row1892.csv
Execution time: 27.333926916122437 seconds
metaTables/vocal_music_demucs_16k/metaData_MagnaTagATune/row1893.csv
Execution time: 27.038695573806763 seconds
metaTables/vocal_music_demucs_16k/metaData_MagnaTagATune/row1894.csv
Execution time: 26.67574119567871 seconds
metaTables/vocal_music_demucs_16k/metaData_MagnaTagATune/row1895.csv
Execution time: 27.042654275894165 seconds
metaTables/vocal_music_demucs_16k/metaData_MagnaTagATune/row1896.csv
Execution time: 26.016164302825928 seconds
metaTables/vocal_music_demucs_16k/metaData_MagnaTagATune/row1897.csv
Execution time: 25.565496921539307 seconds
metaTables/vocal_music_demucs_16k/metaData_MagnaTagATune/row1898.csv
Execution time: 26.122825860977173 seconds
metaTables/vocal_music_demucs_16k/metaData_MagnaTagATune/row1899.csv
Demucs voice recognition done!
