/ext3/demucs/lib/python3.9/site-packages/demucs/api.py:27: UserWarning: TorchAudio's global backend is now deprecated. Please enable distpatcher by setting `TORCHAUDIO_USE_BACKEND_DISPATCHER=1`, and specify backend when calling load/info/save function.
  import torchaudio as ta
2024-05-09 09:25:23.175954: I tensorflow/core/util/port.cc:113] oneDNN custom operations are on. You may see slightly different numerical results due to floating-point round-off errors from different computation orders. To turn them off, set the environment variable `TF_ENABLE_ONEDNN_OPTS=0`.
2024-05-09 09:25:23.898668: E external/local_xla/xla/stream_executor/cuda/cuda_dnn.cc:9261] Unable to register cuDNN factory: Attempting to register factory for plugin cuDNN when one has already been registered
2024-05-09 09:25:23.898708: E external/local_xla/xla/stream_executor/cuda/cuda_fft.cc:607] Unable to register cuFFT factory: Attempting to register factory for plugin cuFFT when one has already been registered
2024-05-09 09:25:23.960641: E external/local_xla/xla/stream_executor/cuda/cuda_blas.cc:1515] Unable to register cuBLAS factory: Attempting to register factory for plugin cuBLAS when one has already been registered
2024-05-09 09:25:24.042096: I tensorflow/core/platform/cpu_feature_guard.cc:182] This TensorFlow binary is optimized to use available CPU instructions in performance-critical operations.
To enable the following instructions: AVX2 AVX512F AVX512_VNNI FMA, in other operations, rebuild TensorFlow with the appropriate compiler flags.
2024-05-09 09:25:24.949795: W tensorflow/compiler/tf2tensorrt/utils/py_utils.cc:38] TF-TRT Warning: Could not find TensorRT
SKIPPING: metaTables/vocal_music_demucs_16k/metaData_MagnaTagATune/row9100.csv
SKIPPING: metaTables/vocal_music_demucs_16k/metaData_MagnaTagATune/row9101.csv
SKIPPING: metaTables/vocal_music_demucs_16k/metaData_MagnaTagATune/row9102.csv
SKIPPING: metaTables/vocal_music_demucs_16k/metaData_MagnaTagATune/row9103.csv
SKIPPING: metaTables/vocal_music_demucs_16k/metaData_MagnaTagATune/row9104.csv
SKIPPING: metaTables/vocal_music_demucs_16k/metaData_MagnaTagATune/row9105.csv
SKIPPING: metaTables/vocal_music_demucs_16k/metaData_MagnaTagATune/row9106.csv
SKIPPING: metaTables/vocal_music_demucs_16k/metaData_MagnaTagATune/row9107.csv
SKIPPING: metaTables/vocal_music_demucs_16k/metaData_MagnaTagATune/row9108.csv
SKIPPING: metaTables/vocal_music_demucs_16k/metaData_MagnaTagATune/row9109.csv
SKIPPING: metaTables/vocal_music_demucs_16k/metaData_MagnaTagATune/row9110.csv
SKIPPING: metaTables/vocal_music_demucs_16k/metaData_MagnaTagATune/row9111.csv
SKIPPING: metaTables/vocal_music_demucs_16k/metaData_MagnaTagATune/row9112.csv
SKIPPING: metaTables/vocal_music_demucs_16k/metaData_MagnaTagATune/row9113.csv
SKIPPING: metaTables/vocal_music_demucs_16k/metaData_MagnaTagATune/row9114.csv
SKIPPING: metaTables/vocal_music_demucs_16k/metaData_MagnaTagATune/row9115.csv
SKIPPING: metaTables/vocal_music_demucs_16k/metaData_MagnaTagATune/row9116.csv
SKIPPING: metaTables/vocal_music_demucs_16k/metaData_MagnaTagATune/row9117.csv
SKIPPING: metaTables/vocal_music_demucs_16k/metaData_MagnaTagATune/row9118.csv
SKIPPING: metaTables/vocal_music_demucs_16k/metaData_MagnaTagATune/row9119.csv
SKIPPING: metaTables/vocal_music_demucs_16k/metaData_MagnaTagATune/row9120.csv
SKIPPING: metaTables/vocal_music_demucs_16k/metaData_MagnaTagATune/row9121.csv
SKIPPING: metaTables/vocal_music_demucs_16k/metaData_MagnaTagATune/row9122.csv
SKIPPING: metaTables/vocal_music_demucs_16k/metaData_MagnaTagATune/row9123.csv
SKIPPING: metaTables/vocal_music_demucs_16k/metaData_MagnaTagATune/row9124.csv
SKIPPING: metaTables/vocal_music_demucs_16k/metaData_MagnaTagATune/row9125.csv
SKIPPING: metaTables/vocal_music_demucs_16k/metaData_MagnaTagATune/row9126.csv
SKIPPING: metaTables/vocal_music_demucs_16k/metaData_MagnaTagATune/row9127.csv
SKIPPING: metaTables/vocal_music_demucs_16k/metaData_MagnaTagATune/row9128.csv
SKIPPING: metaTables/vocal_music_demucs_16k/metaData_MagnaTagATune/row9129.csv
SKIPPING: metaTables/vocal_music_demucs_16k/metaData_MagnaTagATune/row9130.csv
SKIPPING: metaTables/vocal_music_demucs_16k/metaData_MagnaTagATune/row9131.csv
SKIPPING: metaTables/vocal_music_demucs_16k/metaData_MagnaTagATune/row9132.csv
SKIPPING: metaTables/vocal_music_demucs_16k/metaData_MagnaTagATune/row9133.csv
SKIPPING: metaTables/vocal_music_demucs_16k/metaData_MagnaTagATune/row9134.csv
SKIPPING: metaTables/vocal_music_demucs_16k/metaData_MagnaTagATune/row9135.csv
SKIPPING: metaTables/vocal_music_demucs_16k/metaData_MagnaTagATune/row9136.csv
SKIPPING: metaTables/vocal_music_demucs_16k/metaData_MagnaTagATune/row9137.csv
SKIPPING: metaTables/vocal_music_demucs_16k/metaData_MagnaTagATune/row9138.csv
SKIPPING: metaTables/vocal_music_demucs_16k/metaData_MagnaTagATune/row9139.csv
SKIPPING: metaTables/vocal_music_demucs_16k/metaData_MagnaTagATune/row9140.csv
SKIPPING: metaTables/vocal_music_demucs_16k/metaData_MagnaTagATune/row9141.csv
SKIPPING: metaTables/vocal_music_demucs_16k/metaData_MagnaTagATune/row9142.csv
SKIPPING: metaTables/vocal_music_demucs_16k/metaData_MagnaTagATune/row9143.csv
SKIPPING: metaTables/vocal_music_demucs_16k/metaData_MagnaTagATune/row9144.csv
SKIPPING: metaTables/vocal_music_demucs_16k/metaData_MagnaTagATune/row9145.csv
SKIPPING: metaTables/vocal_music_demucs_16k/metaData_MagnaTagATune/row9146.csv
SKIPPING: metaTables/vocal_music_demucs_16k/metaData_MagnaTagATune/row9147.csv
SKIPPING: metaTables/vocal_music_demucs_16k/metaData_MagnaTagATune/row9148.csv
SKIPPING: metaTables/vocal_music_demucs_16k/metaData_MagnaTagATune/row9149.csv
SKIPPING: metaTables/vocal_music_demucs_16k/metaData_MagnaTagATune/row9150.csv
SKIPPING: metaTables/vocal_music_demucs_16k/metaData_MagnaTagATune/row9151.csv
SKIPPING: metaTables/vocal_music_demucs_16k/metaData_MagnaTagATune/row9152.csv
SKIPPING: metaTables/vocal_music_demucs_16k/metaData_MagnaTagATune/row9153.csv
SKIPPING: metaTables/vocal_music_demucs_16k/metaData_MagnaTagATune/row9154.csv
SKIPPING: metaTables/vocal_music_demucs_16k/metaData_MagnaTagATune/row9155.csv
SKIPPING: metaTables/vocal_music_demucs_16k/metaData_MagnaTagATune/row9156.csv
SKIPPING: metaTables/vocal_music_demucs_16k/metaData_MagnaTagATune/row9157.csv
SKIPPING: metaTables/vocal_music_demucs_16k/metaData_MagnaTagATune/row9158.csv
SKIPPING: metaTables/vocal_music_demucs_16k/metaData_MagnaTagATune/row9159.csv
SKIPPING: metaTables/vocal_music_demucs_16k/metaData_MagnaTagATune/row9160.csv
SKIPPING: metaTables/vocal_music_demucs_16k/metaData_MagnaTagATune/row9161.csv
SKIPPING: metaTables/vocal_music_demucs_16k/metaData_MagnaTagATune/row9162.csv
SKIPPING: metaTables/vocal_music_demucs_16k/metaData_MagnaTagATune/row9163.csv
SKIPPING: metaTables/vocal_music_demucs_16k/metaData_MagnaTagATune/row9164.csv
SKIPPING: metaTables/vocal_music_demucs_16k/metaData_MagnaTagATune/row9165.csv
SKIPPING: metaTables/vocal_music_demucs_16k/metaData_MagnaTagATune/row9166.csv
SKIPPING: metaTables/vocal_music_demucs_16k/metaData_MagnaTagATune/row9167.csv
SKIPPING: metaTables/vocal_music_demucs_16k/metaData_MagnaTagATune/row9168.csv
SKIPPING: metaTables/vocal_music_demucs_16k/metaData_MagnaTagATune/row9169.csv
SKIPPING: metaTables/vocal_music_demucs_16k/metaData_MagnaTagATune/row9170.csv
SKIPPING: metaTables/vocal_music_demucs_16k/metaData_MagnaTagATune/row9171.csv
SKIPPING: metaTables/vocal_music_demucs_16k/metaData_MagnaTagATune/row9172.csv
SKIPPING: metaTables/vocal_music_demucs_16k/metaData_MagnaTagATune/row9173.csv
SKIPPING: metaTables/vocal_music_demucs_16k/metaData_MagnaTagATune/row9174.csv
SKIPPING: metaTables/vocal_music_demucs_16k/metaData_MagnaTagATune/row9175.csv
SKIPPING: metaTables/vocal_music_demucs_16k/metaData_MagnaTagATune/row9176.csv
SKIPPING: metaTables/vocal_music_demucs_16k/metaData_MagnaTagATune/row9177.csv
SKIPPING: metaTables/vocal_music_demucs_16k/metaData_MagnaTagATune/row9178.csv
SKIPPING: metaTables/vocal_music_demucs_16k/metaData_MagnaTagATune/row9179.csv
SKIPPING: metaTables/vocal_music_demucs_16k/metaData_MagnaTagATune/row9180.csv
SKIPPING: metaTables/vocal_music_demucs_16k/metaData_MagnaTagATune/row9181.csv
SKIPPING: metaTables/vocal_music_demucs_16k/metaData_MagnaTagATune/row9182.csv
SKIPPING: metaTables/vocal_music_demucs_16k/metaData_MagnaTagATune/row9183.csv
SKIPPING: metaTables/vocal_music_demucs_16k/metaData_MagnaTagATune/row9184.csv
SKIPPING: metaTables/vocal_music_demucs_16k/metaData_MagnaTagATune/row9185.csv
SKIPPING: metaTables/vocal_music_demucs_16k/metaData_MagnaTagATune/row9186.csv
SKIPPING: metaTables/vocal_music_demucs_16k/metaData_MagnaTagATune/row9187.csv
SKIPPING: metaTables/vocal_music_demucs_16k/metaData_MagnaTagATune/row9188.csv
SKIPPING: metaTables/vocal_music_demucs_16k/metaData_MagnaTagATune/row9189.csv
SKIPPING: metaTables/vocal_music_demucs_16k/metaData_MagnaTagATune/row9190.csv
SKIPPING: metaTables/vocal_music_demucs_16k/metaData_MagnaTagATune/row9191.csv
SKIPPING: metaTables/vocal_music_demucs_16k/metaData_MagnaTagATune/row9192.csv
SKIPPING: metaTables/vocal_music_demucs_16k/metaData_MagnaTagATune/row9193.csv
SKIPPING: metaTables/vocal_music_demucs_16k/metaData_MagnaTagATune/row9194.csv
SKIPPING: metaTables/vocal_music_demucs_16k/metaData_MagnaTagATune/row9195.csv
SKIPPING: metaTables/vocal_music_demucs_16k/metaData_MagnaTagATune/row9196.csv
SKIPPING: metaTables/vocal_music_demucs_16k/metaData_MagnaTagATune/row9197.csv
SKIPPING: metaTables/vocal_music_demucs_16k/metaData_MagnaTagATune/row9198.csv
SKIPPING: metaTables/vocal_music_demucs_16k/metaData_MagnaTagATune/row9199.csv
Demucs voice recognition done!
