/ext3/demucs/lib/python3.9/site-packages/demucs/api.py:27: UserWarning: TorchAudio's global backend is now deprecated. Please enable distpatcher by setting `TORCHAUDIO_USE_BACKEND_DISPATCHER=1`, and specify backend when calling load/info/save function.
  import torchaudio as ta
2024-05-09 00:23:16.851679: I tensorflow/core/util/port.cc:113] oneDNN custom operations are on. You may see slightly different numerical results due to floating-point round-off errors from different computation orders. To turn them off, set the environment variable `TF_ENABLE_ONEDNN_OPTS=0`.
2024-05-09 00:23:17.079387: E external/local_xla/xla/stream_executor/cuda/cuda_dnn.cc:9261] Unable to register cuDNN factory: Attempting to register factory for plugin cuDNN when one has already been registered
2024-05-09 00:23:17.079436: E external/local_xla/xla/stream_executor/cuda/cuda_fft.cc:607] Unable to register cuFFT factory: Attempting to register factory for plugin cuFFT when one has already been registered
2024-05-09 00:23:17.107538: E external/local_xla/xla/stream_executor/cuda/cuda_blas.cc:1515] Unable to register cuBLAS factory: Attempting to register factory for plugin cuBLAS when one has already been registered
2024-05-09 00:23:17.163225: I tensorflow/core/platform/cpu_feature_guard.cc:182] This TensorFlow binary is optimized to use available CPU instructions in performance-critical operations.
To enable the following instructions: AVX2 AVX512F AVX512_VNNI FMA, in other operations, rebuild TensorFlow with the appropriate compiler flags.
2024-05-09 00:23:18.763555: W tensorflow/compiler/tf2tensorrt/utils/py_utils.cc:38] TF-TRT Warning: Could not find TensorRT
Execution time: 27.920499086380005 seconds
metaTables/vocal_music_demucs_16k/metaData_MagnaTagATune/row15700.csv
Execution time: 24.418678283691406 seconds
metaTables/vocal_music_demucs_16k/metaData_MagnaTagATune/row15701.csv
Execution time: 27.255491256713867 seconds
metaTables/vocal_music_demucs_16k/metaData_MagnaTagATune/row15702.csv
Execution time: 26.659975290298462 seconds
metaTables/vocal_music_demucs_16k/metaData_MagnaTagATune/row15703.csv
Execution time: 27.292782306671143 seconds
metaTables/vocal_music_demucs_16k/metaData_MagnaTagATune/row15704.csv
Execution time: 28.627218008041382 seconds
metaTables/vocal_music_demucs_16k/metaData_MagnaTagATune/row15705.csv
Execution time: 26.45265769958496 seconds
metaTables/vocal_music_demucs_16k/metaData_MagnaTagATune/row15706.csv
Execution time: 27.896839380264282 seconds
metaTables/vocal_music_demucs_16k/metaData_MagnaTagATune/row15707.csv
Execution time: 27.41109275817871 seconds
metaTables/vocal_music_demucs_16k/metaData_MagnaTagATune/row15708.csv
Execution time: 27.59568476676941 seconds
metaTables/vocal_music_demucs_16k/metaData_MagnaTagATune/row15709.csv
Execution time: 28.240932941436768 seconds
metaTables/vocal_music_demucs_16k/metaData_MagnaTagATune/row15710.csv
Execution time: 27.72549080848694 seconds
metaTables/vocal_music_demucs_16k/metaData_MagnaTagATune/row15711.csv
Execution time: 27.353652238845825 seconds
metaTables/vocal_music_demucs_16k/metaData_MagnaTagATune/row15712.csv
Execution time: 27.481950759887695 seconds
metaTables/vocal_music_demucs_16k/metaData_MagnaTagATune/row15713.csv
Execution time: 28.190534114837646 seconds
metaTables/vocal_music_demucs_16k/metaData_MagnaTagATune/row15714.csv
Execution time: 27.742812156677246 seconds
metaTables/vocal_music_demucs_16k/metaData_MagnaTagATune/row15715.csv
Execution time: 27.720441818237305 seconds
metaTables/vocal_music_demucs_16k/metaData_MagnaTagATune/row15716.csv
Execution time: 27.258716583251953 seconds
metaTables/vocal_music_demucs_16k/metaData_MagnaTagATune/row15717.csv
Execution time: 27.677340984344482 seconds
metaTables/vocal_music_demucs_16k/metaData_MagnaTagATune/row15718.csv
Execution time: 27.463181257247925 seconds
metaTables/vocal_music_demucs_16k/metaData_MagnaTagATune/row15719.csv
Execution time: 27.150338411331177 seconds
metaTables/vocal_music_demucs_16k/metaData_MagnaTagATune/row15720.csv
Execution time: 28.06615972518921 seconds
metaTables/vocal_music_demucs_16k/metaData_MagnaTagATune/row15721.csv
Execution time: 26.61181950569153 seconds
metaTables/vocal_music_demucs_16k/metaData_MagnaTagATune/row15722.csv
Execution time: 27.642821073532104 seconds
metaTables/vocal_music_demucs_16k/metaData_MagnaTagATune/row15723.csv
Execution time: 27.602767944335938 seconds
metaTables/vocal_music_demucs_16k/metaData_MagnaTagATune/row15724.csv
Execution time: 29.187676906585693 seconds
metaTables/vocal_music_demucs_16k/metaData_MagnaTagATune/row15725.csv
Execution time: 27.819455862045288 seconds
metaTables/vocal_music_demucs_16k/metaData_MagnaTagATune/row15726.csv
Execution time: 27.186924695968628 seconds
metaTables/vocal_music_demucs_16k/metaData_MagnaTagATune/row15727.csv
Execution time: 26.65031671524048 seconds
metaTables/vocal_music_demucs_16k/metaData_MagnaTagATune/row15728.csv
Execution time: 27.53700304031372 seconds
metaTables/vocal_music_demucs_16k/metaData_MagnaTagATune/row15729.csv
Execution time: 27.1202232837677 seconds
metaTables/vocal_music_demucs_16k/metaData_MagnaTagATune/row15730.csv
Execution time: 26.458001375198364 seconds
metaTables/vocal_music_demucs_16k/metaData_MagnaTagATune/row15731.csv
Execution time: 27.640754461288452 seconds
metaTables/vocal_music_demucs_16k/metaData_MagnaTagATune/row15732.csv
Execution time: 26.855950593948364 seconds
metaTables/vocal_music_demucs_16k/metaData_MagnaTagATune/row15733.csv
Execution time: 26.880236387252808 seconds
metaTables/vocal_music_demucs_16k/metaData_MagnaTagATune/row15734.csv
Execution time: 27.12479019165039 seconds
metaTables/vocal_music_demucs_16k/metaData_MagnaTagATune/row15735.csv
Execution time: 26.646666288375854 seconds
metaTables/vocal_music_demucs_16k/metaData_MagnaTagATune/row15736.csv
Execution time: 27.118334770202637 seconds
metaTables/vocal_music_demucs_16k/metaData_MagnaTagATune/row15737.csv
Execution time: 28.034270524978638 seconds
metaTables/vocal_music_demucs_16k/metaData_MagnaTagATune/row15738.csv
Execution time: 27.69038438796997 seconds
metaTables/vocal_music_demucs_16k/metaData_MagnaTagATune/row15739.csv
Execution time: 27.79443120956421 seconds
metaTables/vocal_music_demucs_16k/metaData_MagnaTagATune/row15740.csv
Execution time: 28.71118402481079 seconds
metaTables/vocal_music_demucs_16k/metaData_MagnaTagATune/row15741.csv
Execution time: 27.35938310623169 seconds
metaTables/vocal_music_demucs_16k/metaData_MagnaTagATune/row15742.csv
Execution time: 26.1337468624115 seconds
metaTables/vocal_music_demucs_16k/metaData_MagnaTagATune/row15743.csv
Execution time: 28.033144235610962 seconds
metaTables/vocal_music_demucs_16k/metaData_MagnaTagATune/row15744.csv
Execution time: 26.182884454727173 seconds
metaTables/vocal_music_demucs_16k/metaData_MagnaTagATune/row15745.csv
Execution time: 26.85745096206665 seconds
metaTables/vocal_music_demucs_16k/metaData_MagnaTagATune/row15746.csv
Execution time: 27.325827598571777 seconds
metaTables/vocal_music_demucs_16k/metaData_MagnaTagATune/row15747.csv
Execution time: 28.686108350753784 seconds
metaTables/vocal_music_demucs_16k/metaData_MagnaTagATune/row15748.csv
Execution time: 26.305790662765503 seconds
metaTables/vocal_music_demucs_16k/metaData_MagnaTagATune/row15749.csv
Execution time: 27.6209774017334 seconds
metaTables/vocal_music_demucs_16k/metaData_MagnaTagATune/row15750.csv
Execution time: 26.94118070602417 seconds
metaTables/vocal_music_demucs_16k/metaData_MagnaTagATune/row15751.csv
Execution time: 27.555992364883423 seconds
metaTables/vocal_music_demucs_16k/metaData_MagnaTagATune/row15752.csv
Execution time: 27.846304655075073 seconds
metaTables/vocal_music_demucs_16k/metaData_MagnaTagATune/row15753.csv
Execution time: 27.383557081222534 seconds
metaTables/vocal_music_demucs_16k/metaData_MagnaTagATune/row15754.csv
Execution time: 26.289266347885132 seconds
metaTables/vocal_music_demucs_16k/metaData_MagnaTagATune/row15755.csv
Execution time: 27.708624601364136 seconds
metaTables/vocal_music_demucs_16k/metaData_MagnaTagATune/row15756.csv
Execution time: 27.538921117782593 seconds
metaTables/vocal_music_demucs_16k/metaData_MagnaTagATune/row15757.csv
Execution time: 27.323585510253906 seconds
metaTables/vocal_music_demucs_16k/metaData_MagnaTagATune/row15758.csv
Execution time: 26.953317165374756 seconds
metaTables/vocal_music_demucs_16k/metaData_MagnaTagATune/row15759.csv
Execution time: 27.67474937438965 seconds
metaTables/vocal_music_demucs_16k/metaData_MagnaTagATune/row15760.csv
Execution time: 29.091081619262695 seconds
metaTables/vocal_music_demucs_16k/metaData_MagnaTagATune/row15761.csv
Execution time: 27.892001390457153 seconds
metaTables/vocal_music_demucs_16k/metaData_MagnaTagATune/row15762.csv
Execution time: 26.63329529762268 seconds
metaTables/vocal_music_demucs_16k/metaData_MagnaTagATune/row15763.csv
Execution time: 28.129310369491577 seconds
metaTables/vocal_music_demucs_16k/metaData_MagnaTagATune/row15764.csv
Execution time: 27.12183451652527 seconds
metaTables/vocal_music_demucs_16k/metaData_MagnaTagATune/row15765.csv
Execution time: 27.694657564163208 seconds
metaTables/vocal_music_demucs_16k/metaData_MagnaTagATune/row15766.csv
Execution time: 27.67138981819153 seconds
metaTables/vocal_music_demucs_16k/metaData_MagnaTagATune/row15767.csv
Execution time: 27.33835744857788 seconds
metaTables/vocal_music_demucs_16k/metaData_MagnaTagATune/row15768.csv
Execution time: 27.694493532180786 seconds
metaTables/vocal_music_demucs_16k/metaData_MagnaTagATune/row15769.csv
Execution time: 27.4891414642334 seconds
metaTables/vocal_music_demucs_16k/metaData_MagnaTagATune/row15770.csv
Execution time: 27.180657625198364 seconds
metaTables/vocal_music_demucs_16k/metaData_MagnaTagATune/row15771.csv
Execution time: 27.21901226043701 seconds
metaTables/vocal_music_demucs_16k/metaData_MagnaTagATune/row15772.csv
Execution time: 27.47019863128662 seconds
metaTables/vocal_music_demucs_16k/metaData_MagnaTagATune/row15773.csv
Execution time: 27.38832998275757 seconds
metaTables/vocal_music_demucs_16k/metaData_MagnaTagATune/row15774.csv
Execution time: 29.000696897506714 seconds
metaTables/vocal_music_demucs_16k/metaData_MagnaTagATune/row15775.csv
Execution time: 28.23256278038025 seconds
metaTables/vocal_music_demucs_16k/metaData_MagnaTagATune/row15776.csv
Execution time: 26.80139708518982 seconds
metaTables/vocal_music_demucs_16k/metaData_MagnaTagATune/row15777.csv
Execution time: 27.353749752044678 seconds
metaTables/vocal_music_demucs_16k/metaData_MagnaTagATune/row15778.csv
Execution time: 27.016353845596313 seconds
metaTables/vocal_music_demucs_16k/metaData_MagnaTagATune/row15779.csv
Execution time: 27.56316566467285 seconds
metaTables/vocal_music_demucs_16k/metaData_MagnaTagATune/row15780.csv
Execution time: 27.116661071777344 seconds
metaTables/vocal_music_demucs_16k/metaData_MagnaTagATune/row15781.csv
Execution time: 27.868244886398315 seconds
metaTables/vocal_music_demucs_16k/metaData_MagnaTagATune/row15782.csv
Execution time: 27.844859838485718 seconds
metaTables/vocal_music_demucs_16k/metaData_MagnaTagATune/row15783.csv
Execution time: 27.60358476638794 seconds
metaTables/vocal_music_demucs_16k/metaData_MagnaTagATune/row15784.csv
Execution time: 27.215759754180908 seconds
metaTables/vocal_music_demucs_16k/metaData_MagnaTagATune/row15785.csv
Execution time: 27.620993614196777 seconds
metaTables/vocal_music_demucs_16k/metaData_MagnaTagATune/row15786.csv
Execution time: 26.698117971420288 seconds
metaTables/vocal_music_demucs_16k/metaData_MagnaTagATune/row15787.csv
Execution time: 28.05099630355835 seconds
metaTables/vocal_music_demucs_16k/metaData_MagnaTagATune/row15788.csv
Execution time: 26.795757055282593 seconds
metaTables/vocal_music_demucs_16k/metaData_MagnaTagATune/row15789.csv
Execution time: 27.539023637771606 seconds
metaTables/vocal_music_demucs_16k/metaData_MagnaTagATune/row15790.csv
Execution time: 27.4207284450531 seconds
metaTables/vocal_music_demucs_16k/metaData_MagnaTagATune/row15791.csv
Execution time: 26.315216541290283 seconds
metaTables/vocal_music_demucs_16k/metaData_MagnaTagATune/row15792.csv
Execution time: 27.753053665161133 seconds
metaTables/vocal_music_demucs_16k/metaData_MagnaTagATune/row15793.csv
Execution time: 27.909679889678955 seconds
metaTables/vocal_music_demucs_16k/metaData_MagnaTagATune/row15794.csv
Execution time: 27.199381589889526 seconds
metaTables/vocal_music_demucs_16k/metaData_MagnaTagATune/row15795.csv
Execution time: 28.21307611465454 seconds
metaTables/vocal_music_demucs_16k/metaData_MagnaTagATune/row15796.csv
Execution time: 27.296658992767334 seconds
metaTables/vocal_music_demucs_16k/metaData_MagnaTagATune/row15797.csv
Execution time: 27.43775177001953 seconds
metaTables/vocal_music_demucs_16k/metaData_MagnaTagATune/row15798.csv
Execution time: 27.311772346496582 seconds
metaTables/vocal_music_demucs_16k/metaData_MagnaTagATune/row15799.csv
Demucs voice recognition done!
