/ext3/demucs/lib/python3.9/site-packages/demucs/api.py:27: UserWarning: TorchAudio's global backend is now deprecated. Please enable distpatcher by setting `TORCHAUDIO_USE_BACKEND_DISPATCHER=1`, and specify backend when calling load/info/save function.
  import torchaudio as ta
2024-05-09 09:25:23.128594: I tensorflow/core/util/port.cc:113] oneDNN custom operations are on. You may see slightly different numerical results due to floating-point round-off errors from different computation orders. To turn them off, set the environment variable `TF_ENABLE_ONEDNN_OPTS=0`.
2024-05-09 09:25:23.885718: E external/local_xla/xla/stream_executor/cuda/cuda_dnn.cc:9261] Unable to register cuDNN factory: Attempting to register factory for plugin cuDNN when one has already been registered
2024-05-09 09:25:23.885758: E external/local_xla/xla/stream_executor/cuda/cuda_fft.cc:607] Unable to register cuFFT factory: Attempting to register factory for plugin cuFFT when one has already been registered
2024-05-09 09:25:23.992442: E external/local_xla/xla/stream_executor/cuda/cuda_blas.cc:1515] Unable to register cuBLAS factory: Attempting to register factory for plugin cuBLAS when one has already been registered
2024-05-09 09:25:24.052410: I tensorflow/core/platform/cpu_feature_guard.cc:182] This TensorFlow binary is optimized to use available CPU instructions in performance-critical operations.
To enable the following instructions: AVX2 AVX512F AVX512_VNNI FMA, in other operations, rebuild TensorFlow with the appropriate compiler flags.
2024-05-09 09:25:24.974443: W tensorflow/compiler/tf2tensorrt/utils/py_utils.cc:38] TF-TRT Warning: Could not find TensorRT
SKIPPING: metaTables/vocal_music_demucs_16k/metaData_MagnaTagATune/row13700.csv
SKIPPING: metaTables/vocal_music_demucs_16k/metaData_MagnaTagATune/row13701.csv
SKIPPING: metaTables/vocal_music_demucs_16k/metaData_MagnaTagATune/row13702.csv
SKIPPING: metaTables/vocal_music_demucs_16k/metaData_MagnaTagATune/row13703.csv
SKIPPING: metaTables/vocal_music_demucs_16k/metaData_MagnaTagATune/row13704.csv
SKIPPING: metaTables/vocal_music_demucs_16k/metaData_MagnaTagATune/row13705.csv
SKIPPING: metaTables/vocal_music_demucs_16k/metaData_MagnaTagATune/row13706.csv
SKIPPING: metaTables/vocal_music_demucs_16k/metaData_MagnaTagATune/row13707.csv
SKIPPING: metaTables/vocal_music_demucs_16k/metaData_MagnaTagATune/row13708.csv
SKIPPING: metaTables/vocal_music_demucs_16k/metaData_MagnaTagATune/row13709.csv
SKIPPING: metaTables/vocal_music_demucs_16k/metaData_MagnaTagATune/row13710.csv
SKIPPING: metaTables/vocal_music_demucs_16k/metaData_MagnaTagATune/row13711.csv
SKIPPING: metaTables/vocal_music_demucs_16k/metaData_MagnaTagATune/row13712.csv
SKIPPING: metaTables/vocal_music_demucs_16k/metaData_MagnaTagATune/row13713.csv
SKIPPING: metaTables/vocal_music_demucs_16k/metaData_MagnaTagATune/row13714.csv
SKIPPING: metaTables/vocal_music_demucs_16k/metaData_MagnaTagATune/row13715.csv
SKIPPING: metaTables/vocal_music_demucs_16k/metaData_MagnaTagATune/row13716.csv
SKIPPING: metaTables/vocal_music_demucs_16k/metaData_MagnaTagATune/row13717.csv
SKIPPING: metaTables/vocal_music_demucs_16k/metaData_MagnaTagATune/row13718.csv
SKIPPING: metaTables/vocal_music_demucs_16k/metaData_MagnaTagATune/row13719.csv
SKIPPING: metaTables/vocal_music_demucs_16k/metaData_MagnaTagATune/row13720.csv
SKIPPING: metaTables/vocal_music_demucs_16k/metaData_MagnaTagATune/row13721.csv
SKIPPING: metaTables/vocal_music_demucs_16k/metaData_MagnaTagATune/row13722.csv
SKIPPING: metaTables/vocal_music_demucs_16k/metaData_MagnaTagATune/row13723.csv
SKIPPING: metaTables/vocal_music_demucs_16k/metaData_MagnaTagATune/row13724.csv
SKIPPING: metaTables/vocal_music_demucs_16k/metaData_MagnaTagATune/row13725.csv
SKIPPING: metaTables/vocal_music_demucs_16k/metaData_MagnaTagATune/row13726.csv
SKIPPING: metaTables/vocal_music_demucs_16k/metaData_MagnaTagATune/row13727.csv
SKIPPING: metaTables/vocal_music_demucs_16k/metaData_MagnaTagATune/row13728.csv
SKIPPING: metaTables/vocal_music_demucs_16k/metaData_MagnaTagATune/row13729.csv
SKIPPING: metaTables/vocal_music_demucs_16k/metaData_MagnaTagATune/row13730.csv
SKIPPING: metaTables/vocal_music_demucs_16k/metaData_MagnaTagATune/row13731.csv
SKIPPING: metaTables/vocal_music_demucs_16k/metaData_MagnaTagATune/row13732.csv
SKIPPING: metaTables/vocal_music_demucs_16k/metaData_MagnaTagATune/row13733.csv
SKIPPING: metaTables/vocal_music_demucs_16k/metaData_MagnaTagATune/row13734.csv
SKIPPING: metaTables/vocal_music_demucs_16k/metaData_MagnaTagATune/row13735.csv
SKIPPING: metaTables/vocal_music_demucs_16k/metaData_MagnaTagATune/row13736.csv
SKIPPING: metaTables/vocal_music_demucs_16k/metaData_MagnaTagATune/row13737.csv
SKIPPING: metaTables/vocal_music_demucs_16k/metaData_MagnaTagATune/row13738.csv
SKIPPING: metaTables/vocal_music_demucs_16k/metaData_MagnaTagATune/row13739.csv
SKIPPING: metaTables/vocal_music_demucs_16k/metaData_MagnaTagATune/row13740.csv
SKIPPING: metaTables/vocal_music_demucs_16k/metaData_MagnaTagATune/row13741.csv
SKIPPING: metaTables/vocal_music_demucs_16k/metaData_MagnaTagATune/row13742.csv
SKIPPING: metaTables/vocal_music_demucs_16k/metaData_MagnaTagATune/row13743.csv
SKIPPING: metaTables/vocal_music_demucs_16k/metaData_MagnaTagATune/row13744.csv
SKIPPING: metaTables/vocal_music_demucs_16k/metaData_MagnaTagATune/row13745.csv
SKIPPING: metaTables/vocal_music_demucs_16k/metaData_MagnaTagATune/row13746.csv
SKIPPING: metaTables/vocal_music_demucs_16k/metaData_MagnaTagATune/row13747.csv
SKIPPING: metaTables/vocal_music_demucs_16k/metaData_MagnaTagATune/row13748.csv
SKIPPING: metaTables/vocal_music_demucs_16k/metaData_MagnaTagATune/row13749.csv
SKIPPING: metaTables/vocal_music_demucs_16k/metaData_MagnaTagATune/row13750.csv
SKIPPING: metaTables/vocal_music_demucs_16k/metaData_MagnaTagATune/row13751.csv
SKIPPING: metaTables/vocal_music_demucs_16k/metaData_MagnaTagATune/row13752.csv
SKIPPING: metaTables/vocal_music_demucs_16k/metaData_MagnaTagATune/row13753.csv
SKIPPING: metaTables/vocal_music_demucs_16k/metaData_MagnaTagATune/row13754.csv
SKIPPING: metaTables/vocal_music_demucs_16k/metaData_MagnaTagATune/row13755.csv
SKIPPING: metaTables/vocal_music_demucs_16k/metaData_MagnaTagATune/row13756.csv
SKIPPING: metaTables/vocal_music_demucs_16k/metaData_MagnaTagATune/row13757.csv
SKIPPING: metaTables/vocal_music_demucs_16k/metaData_MagnaTagATune/row13758.csv
SKIPPING: metaTables/vocal_music_demucs_16k/metaData_MagnaTagATune/row13759.csv
SKIPPING: metaTables/vocal_music_demucs_16k/metaData_MagnaTagATune/row13760.csv
SKIPPING: metaTables/vocal_music_demucs_16k/metaData_MagnaTagATune/row13761.csv
SKIPPING: metaTables/vocal_music_demucs_16k/metaData_MagnaTagATune/row13762.csv
SKIPPING: metaTables/vocal_music_demucs_16k/metaData_MagnaTagATune/row13763.csv
SKIPPING: metaTables/vocal_music_demucs_16k/metaData_MagnaTagATune/row13764.csv
SKIPPING: metaTables/vocal_music_demucs_16k/metaData_MagnaTagATune/row13765.csv
SKIPPING: metaTables/vocal_music_demucs_16k/metaData_MagnaTagATune/row13766.csv
SKIPPING: metaTables/vocal_music_demucs_16k/metaData_MagnaTagATune/row13767.csv
SKIPPING: metaTables/vocal_music_demucs_16k/metaData_MagnaTagATune/row13768.csv
SKIPPING: metaTables/vocal_music_demucs_16k/metaData_MagnaTagATune/row13769.csv
SKIPPING: metaTables/vocal_music_demucs_16k/metaData_MagnaTagATune/row13770.csv
SKIPPING: metaTables/vocal_music_demucs_16k/metaData_MagnaTagATune/row13771.csv
SKIPPING: metaTables/vocal_music_demucs_16k/metaData_MagnaTagATune/row13772.csv
SKIPPING: metaTables/vocal_music_demucs_16k/metaData_MagnaTagATune/row13773.csv
SKIPPING: metaTables/vocal_music_demucs_16k/metaData_MagnaTagATune/row13774.csv
SKIPPING: metaTables/vocal_music_demucs_16k/metaData_MagnaTagATune/row13775.csv
SKIPPING: metaTables/vocal_music_demucs_16k/metaData_MagnaTagATune/row13776.csv
SKIPPING: metaTables/vocal_music_demucs_16k/metaData_MagnaTagATune/row13777.csv
SKIPPING: metaTables/vocal_music_demucs_16k/metaData_MagnaTagATune/row13778.csv
SKIPPING: metaTables/vocal_music_demucs_16k/metaData_MagnaTagATune/row13779.csv
SKIPPING: metaTables/vocal_music_demucs_16k/metaData_MagnaTagATune/row13780.csv
SKIPPING: metaTables/vocal_music_demucs_16k/metaData_MagnaTagATune/row13781.csv
SKIPPING: metaTables/vocal_music_demucs_16k/metaData_MagnaTagATune/row13782.csv
SKIPPING: metaTables/vocal_music_demucs_16k/metaData_MagnaTagATune/row13783.csv
SKIPPING: metaTables/vocal_music_demucs_16k/metaData_MagnaTagATune/row13784.csv
SKIPPING: metaTables/vocal_music_demucs_16k/metaData_MagnaTagATune/row13785.csv
SKIPPING: metaTables/vocal_music_demucs_16k/metaData_MagnaTagATune/row13786.csv
SKIPPING: metaTables/vocal_music_demucs_16k/metaData_MagnaTagATune/row13787.csv
SKIPPING: metaTables/vocal_music_demucs_16k/metaData_MagnaTagATune/row13788.csv
SKIPPING: metaTables/vocal_music_demucs_16k/metaData_MagnaTagATune/row13789.csv
SKIPPING: metaTables/vocal_music_demucs_16k/metaData_MagnaTagATune/row13790.csv
SKIPPING: metaTables/vocal_music_demucs_16k/metaData_MagnaTagATune/row13791.csv
SKIPPING: metaTables/vocal_music_demucs_16k/metaData_MagnaTagATune/row13792.csv
SKIPPING: metaTables/vocal_music_demucs_16k/metaData_MagnaTagATune/row13793.csv
SKIPPING: metaTables/vocal_music_demucs_16k/metaData_MagnaTagATune/row13794.csv
SKIPPING: metaTables/vocal_music_demucs_16k/metaData_MagnaTagATune/row13795.csv
SKIPPING: metaTables/vocal_music_demucs_16k/metaData_MagnaTagATune/row13796.csv
SKIPPING: metaTables/vocal_music_demucs_16k/metaData_MagnaTagATune/row13797.csv
SKIPPING: metaTables/vocal_music_demucs_16k/metaData_MagnaTagATune/row13798.csv
SKIPPING: metaTables/vocal_music_demucs_16k/metaData_MagnaTagATune/row13799.csv
Demucs voice recognition done!
