/ext3/demucs/lib/python3.9/site-packages/demucs/api.py:27: UserWarning: TorchAudio's global backend is now deprecated. Please enable distpatcher by setting `TORCHAUDIO_USE_BACKEND_DISPATCHER=1`, and specify backend when calling load/info/save function.
  import torchaudio as ta
2024-05-09 00:22:12.604704: I tensorflow/core/util/port.cc:113] oneDNN custom operations are on. You may see slightly different numerical results due to floating-point round-off errors from different computation orders. To turn them off, set the environment variable `TF_ENABLE_ONEDNN_OPTS=0`.
2024-05-09 00:22:13.363854: E external/local_xla/xla/stream_executor/cuda/cuda_dnn.cc:9261] Unable to register cuDNN factory: Attempting to register factory for plugin cuDNN when one has already been registered
2024-05-09 00:22:13.363890: E external/local_xla/xla/stream_executor/cuda/cuda_fft.cc:607] Unable to register cuFFT factory: Attempting to register factory for plugin cuFFT when one has already been registered
2024-05-09 00:22:13.440021: E external/local_xla/xla/stream_executor/cuda/cuda_blas.cc:1515] Unable to register cuBLAS factory: Attempting to register factory for plugin cuBLAS when one has already been registered
2024-05-09 00:22:13.759174: I tensorflow/core/platform/cpu_feature_guard.cc:182] This TensorFlow binary is optimized to use available CPU instructions in performance-critical operations.
To enable the following instructions: AVX2 AVX512F AVX512_VNNI FMA, in other operations, rebuild TensorFlow with the appropriate compiler flags.
2024-05-09 00:22:14.692061: W tensorflow/compiler/tf2tensorrt/utils/py_utils.cc:38] TF-TRT Warning: Could not find TensorRT
Execution time: 28.494260549545288 seconds
metaTables/vocal_music_demucs_16k/metaData_MagnaTagATune/row10700.csv
Execution time: 26.949676036834717 seconds
metaTables/vocal_music_demucs_16k/metaData_MagnaTagATune/row10701.csv
Execution time: 26.95938801765442 seconds
metaTables/vocal_music_demucs_16k/metaData_MagnaTagATune/row10702.csv
Execution time: 26.370561838150024 seconds
metaTables/vocal_music_demucs_16k/metaData_MagnaTagATune/row10703.csv
Execution time: 25.745540142059326 seconds
metaTables/vocal_music_demucs_16k/metaData_MagnaTagATune/row10704.csv
Execution time: 26.899458169937134 seconds
metaTables/vocal_music_demucs_16k/metaData_MagnaTagATune/row10705.csv
Execution time: 26.48863172531128 seconds
metaTables/vocal_music_demucs_16k/metaData_MagnaTagATune/row10706.csv
Execution time: 27.860950231552124 seconds
metaTables/vocal_music_demucs_16k/metaData_MagnaTagATune/row10707.csv
Execution time: 27.205734968185425 seconds
metaTables/vocal_music_demucs_16k/metaData_MagnaTagATune/row10708.csv
Execution time: 26.975807189941406 seconds
metaTables/vocal_music_demucs_16k/metaData_MagnaTagATune/row10709.csv
Execution time: 26.124916553497314 seconds
metaTables/vocal_music_demucs_16k/metaData_MagnaTagATune/row10710.csv
Execution time: 27.087953090667725 seconds
metaTables/vocal_music_demucs_16k/metaData_MagnaTagATune/row10711.csv
Execution time: 26.69460701942444 seconds
metaTables/vocal_music_demucs_16k/metaData_MagnaTagATune/row10712.csv
Execution time: 27.305543661117554 seconds
metaTables/vocal_music_demucs_16k/metaData_MagnaTagATune/row10713.csv
Execution time: 26.55272340774536 seconds
metaTables/vocal_music_demucs_16k/metaData_MagnaTagATune/row10714.csv
Execution time: 26.19528579711914 seconds
metaTables/vocal_music_demucs_16k/metaData_MagnaTagATune/row10715.csv
Execution time: 26.78827142715454 seconds
metaTables/vocal_music_demucs_16k/metaData_MagnaTagATune/row10716.csv
Execution time: 26.89995765686035 seconds
metaTables/vocal_music_demucs_16k/metaData_MagnaTagATune/row10717.csv
Execution time: 27.386205434799194 seconds
metaTables/vocal_music_demucs_16k/metaData_MagnaTagATune/row10718.csv
Execution time: 26.995723724365234 seconds
metaTables/vocal_music_demucs_16k/metaData_MagnaTagATune/row10719.csv
Execution time: 26.49772357940674 seconds
metaTables/vocal_music_demucs_16k/metaData_MagnaTagATune/row10720.csv
Execution time: 27.836433172225952 seconds
metaTables/vocal_music_demucs_16k/metaData_MagnaTagATune/row10721.csv
Execution time: 28.41637134552002 seconds
metaTables/vocal_music_demucs_16k/metaData_MagnaTagATune/row10722.csv
Execution time: 26.146585941314697 seconds
metaTables/vocal_music_demucs_16k/metaData_MagnaTagATune/row10723.csv
Execution time: 26.63360571861267 seconds
metaTables/vocal_music_demucs_16k/metaData_MagnaTagATune/row10724.csv
Execution time: 27.19270944595337 seconds
metaTables/vocal_music_demucs_16k/metaData_MagnaTagATune/row10725.csv
Execution time: 26.567762851715088 seconds
metaTables/vocal_music_demucs_16k/metaData_MagnaTagATune/row10726.csv
Execution time: 26.589210033416748 seconds
metaTables/vocal_music_demucs_16k/metaData_MagnaTagATune/row10727.csv
Execution time: 26.508221864700317 seconds
metaTables/vocal_music_demucs_16k/metaData_MagnaTagATune/row10728.csv
Execution time: 27.11957311630249 seconds
metaTables/vocal_music_demucs_16k/metaData_MagnaTagATune/row10729.csv
Execution time: 27.505248308181763 seconds
metaTables/vocal_music_demucs_16k/metaData_MagnaTagATune/row10730.csv
Execution time: 27.408368349075317 seconds
metaTables/vocal_music_demucs_16k/metaData_MagnaTagATune/row10731.csv
Execution time: 26.89486312866211 seconds
metaTables/vocal_music_demucs_16k/metaData_MagnaTagATune/row10732.csv
Execution time: 26.533310651779175 seconds
metaTables/vocal_music_demucs_16k/metaData_MagnaTagATune/row10733.csv
Execution time: 26.774841785430908 seconds
metaTables/vocal_music_demucs_16k/metaData_MagnaTagATune/row10734.csv
Execution time: 26.264583110809326 seconds
metaTables/vocal_music_demucs_16k/metaData_MagnaTagATune/row10735.csv
Execution time: 27.550212144851685 seconds
metaTables/vocal_music_demucs_16k/metaData_MagnaTagATune/row10736.csv
Execution time: 28.31731915473938 seconds
metaTables/vocal_music_demucs_16k/metaData_MagnaTagATune/row10737.csv
Execution time: 26.332728624343872 seconds
metaTables/vocal_music_demucs_16k/metaData_MagnaTagATune/row10738.csv
Execution time: 27.514323711395264 seconds
metaTables/vocal_music_demucs_16k/metaData_MagnaTagATune/row10739.csv
Execution time: 26.734561443328857 seconds
metaTables/vocal_music_demucs_16k/metaData_MagnaTagATune/row10740.csv
Execution time: 26.02560329437256 seconds
metaTables/vocal_music_demucs_16k/metaData_MagnaTagATune/row10741.csv
Execution time: 27.506688833236694 seconds
metaTables/vocal_music_demucs_16k/metaData_MagnaTagATune/row10742.csv
Execution time: 27.366170406341553 seconds
metaTables/vocal_music_demucs_16k/metaData_MagnaTagATune/row10743.csv
Execution time: 27.378365516662598 seconds
metaTables/vocal_music_demucs_16k/metaData_MagnaTagATune/row10744.csv
Execution time: 27.29535222053528 seconds
metaTables/vocal_music_demucs_16k/metaData_MagnaTagATune/row10745.csv
Execution time: 25.91753911972046 seconds
metaTables/vocal_music_demucs_16k/metaData_MagnaTagATune/row10746.csv
Execution time: 26.185063362121582 seconds
metaTables/vocal_music_demucs_16k/metaData_MagnaTagATune/row10747.csv
Execution time: 25.964193105697632 seconds
metaTables/vocal_music_demucs_16k/metaData_MagnaTagATune/row10748.csv
Execution time: 26.982226610183716 seconds
metaTables/vocal_music_demucs_16k/metaData_MagnaTagATune/row10749.csv
Execution time: 26.730926752090454 seconds
metaTables/vocal_music_demucs_16k/metaData_MagnaTagATune/row10750.csv
Execution time: 28.317793130874634 seconds
metaTables/vocal_music_demucs_16k/metaData_MagnaTagATune/row10751.csv
Execution time: 27.264734268188477 seconds
metaTables/vocal_music_demucs_16k/metaData_MagnaTagATune/row10752.csv
Execution time: 26.484159469604492 seconds
metaTables/vocal_music_demucs_16k/metaData_MagnaTagATune/row10753.csv
Execution time: 27.20556950569153 seconds
metaTables/vocal_music_demucs_16k/metaData_MagnaTagATune/row10754.csv
Execution time: 27.08116364479065 seconds
metaTables/vocal_music_demucs_16k/metaData_MagnaTagATune/row10755.csv
Execution time: 27.16411280632019 seconds
metaTables/vocal_music_demucs_16k/metaData_MagnaTagATune/row10756.csv
Execution time: 27.31827712059021 seconds
metaTables/vocal_music_demucs_16k/metaData_MagnaTagATune/row10757.csv
Execution time: 27.008384704589844 seconds
metaTables/vocal_music_demucs_16k/metaData_MagnaTagATune/row10758.csv
Execution time: 27.018044233322144 seconds
metaTables/vocal_music_demucs_16k/metaData_MagnaTagATune/row10759.csv
Execution time: 26.723384618759155 seconds
metaTables/vocal_music_demucs_16k/metaData_MagnaTagATune/row10760.csv
Execution time: 26.57453751564026 seconds
metaTables/vocal_music_demucs_16k/metaData_MagnaTagATune/row10761.csv
Execution time: 26.728153467178345 seconds
metaTables/vocal_music_demucs_16k/metaData_MagnaTagATune/row10762.csv
Execution time: 25.81622552871704 seconds
metaTables/vocal_music_demucs_16k/metaData_MagnaTagATune/row10763.csv
Execution time: 26.882800817489624 seconds
metaTables/vocal_music_demucs_16k/metaData_MagnaTagATune/row10764.csv
Execution time: 27.21486210823059 seconds
metaTables/vocal_music_demucs_16k/metaData_MagnaTagATune/row10765.csv
Execution time: 28.487164974212646 seconds
metaTables/vocal_music_demucs_16k/metaData_MagnaTagATune/row10766.csv
Execution time: 28.455211639404297 seconds
metaTables/vocal_music_demucs_16k/metaData_MagnaTagATune/row10767.csv
Execution time: 27.163118362426758 seconds
metaTables/vocal_music_demucs_16k/metaData_MagnaTagATune/row10768.csv
Execution time: 26.724705934524536 seconds
metaTables/vocal_music_demucs_16k/metaData_MagnaTagATune/row10769.csv
Execution time: 26.22468662261963 seconds
metaTables/vocal_music_demucs_16k/metaData_MagnaTagATune/row10770.csv
Execution time: 26.769770622253418 seconds
metaTables/vocal_music_demucs_16k/metaData_MagnaTagATune/row10771.csv
Execution time: 27.974976778030396 seconds
metaTables/vocal_music_demucs_16k/metaData_MagnaTagATune/row10772.csv
Execution time: 26.07828640937805 seconds
metaTables/vocal_music_demucs_16k/metaData_MagnaTagATune/row10773.csv
Execution time: 27.17467427253723 seconds
metaTables/vocal_music_demucs_16k/metaData_MagnaTagATune/row10774.csv
Execution time: 26.639479637145996 seconds
metaTables/vocal_music_demucs_16k/metaData_MagnaTagATune/row10775.csv
Execution time: 26.694694757461548 seconds
metaTables/vocal_music_demucs_16k/metaData_MagnaTagATune/row10776.csv
Execution time: 26.921064376831055 seconds
metaTables/vocal_music_demucs_16k/metaData_MagnaTagATune/row10777.csv
Execution time: 27.18294620513916 seconds
metaTables/vocal_music_demucs_16k/metaData_MagnaTagATune/row10778.csv
Execution time: 27.106842279434204 seconds
metaTables/vocal_music_demucs_16k/metaData_MagnaTagATune/row10779.csv
Execution time: 26.60916256904602 seconds
metaTables/vocal_music_demucs_16k/metaData_MagnaTagATune/row10780.csv
Execution time: 25.181694269180298 seconds
metaTables/vocal_music_demucs_16k/metaData_MagnaTagATune/row10781.csv
Execution time: 26.078723669052124 seconds
metaTables/vocal_music_demucs_16k/metaData_MagnaTagATune/row10782.csv
Execution time: 26.43043065071106 seconds
metaTables/vocal_music_demucs_16k/metaData_MagnaTagATune/row10783.csv
Execution time: 29.522034168243408 seconds
metaTables/vocal_music_demucs_16k/metaData_MagnaTagATune/row10784.csv
Execution time: 27.164835214614868 seconds
metaTables/vocal_music_demucs_16k/metaData_MagnaTagATune/row10785.csv
Execution time: 26.375632524490356 seconds
metaTables/vocal_music_demucs_16k/metaData_MagnaTagATune/row10786.csv
Execution time: 26.272400379180908 seconds
metaTables/vocal_music_demucs_16k/metaData_MagnaTagATune/row10787.csv
Execution time: 27.095134973526 seconds
metaTables/vocal_music_demucs_16k/metaData_MagnaTagATune/row10788.csv
Execution time: 26.58545160293579 seconds
metaTables/vocal_music_demucs_16k/metaData_MagnaTagATune/row10789.csv
Execution time: 26.91133427619934 seconds
metaTables/vocal_music_demucs_16k/metaData_MagnaTagATune/row10790.csv
Execution time: 27.03571081161499 seconds
metaTables/vocal_music_demucs_16k/metaData_MagnaTagATune/row10791.csv
Execution time: 26.170076370239258 seconds
metaTables/vocal_music_demucs_16k/metaData_MagnaTagATune/row10792.csv
Execution time: 27.07301902770996 seconds
metaTables/vocal_music_demucs_16k/metaData_MagnaTagATune/row10793.csv
Execution time: 26.74295163154602 seconds
metaTables/vocal_music_demucs_16k/metaData_MagnaTagATune/row10794.csv
Execution time: 25.856372594833374 seconds
metaTables/vocal_music_demucs_16k/metaData_MagnaTagATune/row10795.csv
Execution time: 25.435236930847168 seconds
metaTables/vocal_music_demucs_16k/metaData_MagnaTagATune/row10796.csv
Execution time: 26.382462978363037 seconds
metaTables/vocal_music_demucs_16k/metaData_MagnaTagATune/row10797.csv
Execution time: 26.6989107131958 seconds
metaTables/vocal_music_demucs_16k/metaData_MagnaTagATune/row10798.csv
Execution time: 25.15040636062622 seconds
metaTables/vocal_music_demucs_16k/metaData_MagnaTagATune/row10799.csv
Demucs voice recognition done!
