/ext3/demucs/lib/python3.9/site-packages/demucs/api.py:27: UserWarning: TorchAudio's global backend is now deprecated. Please enable distpatcher by setting `TORCHAUDIO_USE_BACKEND_DISPATCHER=1`, and specify backend when calling load/info/save function.
  import torchaudio as ta
2024-05-09 00:22:12.327536: I tensorflow/core/util/port.cc:113] oneDNN custom operations are on. You may see slightly different numerical results due to floating-point round-off errors from different computation orders. To turn them off, set the environment variable `TF_ENABLE_ONEDNN_OPTS=0`.
2024-05-09 00:22:12.557964: E external/local_xla/xla/stream_executor/cuda/cuda_dnn.cc:9261] Unable to register cuDNN factory: Attempting to register factory for plugin cuDNN when one has already been registered
2024-05-09 00:22:12.558007: E external/local_xla/xla/stream_executor/cuda/cuda_fft.cc:607] Unable to register cuFFT factory: Attempting to register factory for plugin cuFFT when one has already been registered
2024-05-09 00:22:12.577559: E external/local_xla/xla/stream_executor/cuda/cuda_blas.cc:1515] Unable to register cuBLAS factory: Attempting to register factory for plugin cuBLAS when one has already been registered
2024-05-09 00:22:12.620160: I tensorflow/core/platform/cpu_feature_guard.cc:182] This TensorFlow binary is optimized to use available CPU instructions in performance-critical operations.
To enable the following instructions: AVX2 AVX512F AVX512_VNNI FMA, in other operations, rebuild TensorFlow with the appropriate compiler flags.
2024-05-09 00:22:13.549841: W tensorflow/compiler/tf2tensorrt/utils/py_utils.cc:38] TF-TRT Warning: Could not find TensorRT
Execution time: 27.390504598617554 seconds
metaTables/vocal_music_demucs_16k/metaData_MagnaTagATune/row12600.csv
Execution time: 26.724838733673096 seconds
metaTables/vocal_music_demucs_16k/metaData_MagnaTagATune/row12601.csv
Execution time: 27.491912603378296 seconds
metaTables/vocal_music_demucs_16k/metaData_MagnaTagATune/row12602.csv
Execution time: 26.468135356903076 seconds
metaTables/vocal_music_demucs_16k/metaData_MagnaTagATune/row12603.csv
Execution time: 26.746713638305664 seconds
metaTables/vocal_music_demucs_16k/metaData_MagnaTagATune/row12604.csv
Execution time: 26.465802907943726 seconds
metaTables/vocal_music_demucs_16k/metaData_MagnaTagATune/row12605.csv
Execution time: 27.04870867729187 seconds
metaTables/vocal_music_demucs_16k/metaData_MagnaTagATune/row12606.csv
Execution time: 26.315600633621216 seconds
metaTables/vocal_music_demucs_16k/metaData_MagnaTagATune/row12607.csv
Execution time: 26.20904803276062 seconds
metaTables/vocal_music_demucs_16k/metaData_MagnaTagATune/row12608.csv
Execution time: 26.003211498260498 seconds
metaTables/vocal_music_demucs_16k/metaData_MagnaTagATune/row12609.csv
Execution time: 25.929784059524536 seconds
metaTables/vocal_music_demucs_16k/metaData_MagnaTagATune/row12610.csv
Execution time: 26.03978729248047 seconds
metaTables/vocal_music_demucs_16k/metaData_MagnaTagATune/row12611.csv
Execution time: 26.425519227981567 seconds
metaTables/vocal_music_demucs_16k/metaData_MagnaTagATune/row12612.csv
Execution time: 27.717727184295654 seconds
metaTables/vocal_music_demucs_16k/metaData_MagnaTagATune/row12613.csv
Execution time: 25.894187450408936 seconds
metaTables/vocal_music_demucs_16k/metaData_MagnaTagATune/row12614.csv
Execution time: 26.190264225006104 seconds
metaTables/vocal_music_demucs_16k/metaData_MagnaTagATune/row12615.csv
Execution time: 27.197285652160645 seconds
metaTables/vocal_music_demucs_16k/metaData_MagnaTagATune/row12616.csv
Execution time: 26.026873111724854 seconds
metaTables/vocal_music_demucs_16k/metaData_MagnaTagATune/row12617.csv
Execution time: 27.002967834472656 seconds
metaTables/vocal_music_demucs_16k/metaData_MagnaTagATune/row12618.csv
Execution time: 26.84091281890869 seconds
metaTables/vocal_music_demucs_16k/metaData_MagnaTagATune/row12619.csv
Execution time: 27.032626390457153 seconds
metaTables/vocal_music_demucs_16k/metaData_MagnaTagATune/row12620.csv
Execution time: 27.198960304260254 seconds
metaTables/vocal_music_demucs_16k/metaData_MagnaTagATune/row12621.csv
Execution time: 25.344216346740723 seconds
metaTables/vocal_music_demucs_16k/metaData_MagnaTagATune/row12622.csv
Execution time: 26.27944302558899 seconds
metaTables/vocal_music_demucs_16k/metaData_MagnaTagATune/row12623.csv
Execution time: 26.406264543533325 seconds
metaTables/vocal_music_demucs_16k/metaData_MagnaTagATune/row12624.csv
Execution time: 28.020577430725098 seconds
metaTables/vocal_music_demucs_16k/metaData_MagnaTagATune/row12625.csv
Execution time: 25.587666511535645 seconds
metaTables/vocal_music_demucs_16k/metaData_MagnaTagATune/row12626.csv
Execution time: 27.263908624649048 seconds
metaTables/vocal_music_demucs_16k/metaData_MagnaTagATune/row12627.csv
Execution time: 26.866325616836548 seconds
metaTables/vocal_music_demucs_16k/metaData_MagnaTagATune/row12628.csv
Execution time: 26.68808650970459 seconds
metaTables/vocal_music_demucs_16k/metaData_MagnaTagATune/row12629.csv
Execution time: 26.11105442047119 seconds
metaTables/vocal_music_demucs_16k/metaData_MagnaTagATune/row12630.csv
Execution time: 26.151503324508667 seconds
metaTables/vocal_music_demucs_16k/metaData_MagnaTagATune/row12631.csv
Execution time: 26.28069281578064 seconds
metaTables/vocal_music_demucs_16k/metaData_MagnaTagATune/row12632.csv
Execution time: 25.734328269958496 seconds
metaTables/vocal_music_demucs_16k/metaData_MagnaTagATune/row12633.csv
Execution time: 26.255774974822998 seconds
metaTables/vocal_music_demucs_16k/metaData_MagnaTagATune/row12634.csv
Execution time: 26.388777017593384 seconds
metaTables/vocal_music_demucs_16k/metaData_MagnaTagATune/row12635.csv
Execution time: 25.06188726425171 seconds
metaTables/vocal_music_demucs_16k/metaData_MagnaTagATune/row12636.csv
Execution time: 26.032591342926025 seconds
metaTables/vocal_music_demucs_16k/metaData_MagnaTagATune/row12637.csv
Execution time: 26.802316188812256 seconds
metaTables/vocal_music_demucs_16k/metaData_MagnaTagATune/row12638.csv
Execution time: 26.570441961288452 seconds
metaTables/vocal_music_demucs_16k/metaData_MagnaTagATune/row12639.csv
Execution time: 26.792962074279785 seconds
metaTables/vocal_music_demucs_16k/metaData_MagnaTagATune/row12640.csv
Execution time: 26.421422243118286 seconds
metaTables/vocal_music_demucs_16k/metaData_MagnaTagATune/row12641.csv
Execution time: 25.900089740753174 seconds
metaTables/vocal_music_demucs_16k/metaData_MagnaTagATune/row12642.csv
Execution time: 26.108156442642212 seconds
metaTables/vocal_music_demucs_16k/metaData_MagnaTagATune/row12643.csv
Execution time: 26.570285320281982 seconds
metaTables/vocal_music_demucs_16k/metaData_MagnaTagATune/row12644.csv
Execution time: 26.294452905654907 seconds
metaTables/vocal_music_demucs_16k/metaData_MagnaTagATune/row12645.csv
Execution time: 27.400362014770508 seconds
metaTables/vocal_music_demucs_16k/metaData_MagnaTagATune/row12646.csv
Execution time: 27.271878719329834 seconds
metaTables/vocal_music_demucs_16k/metaData_MagnaTagATune/row12647.csv
Execution time: 26.334044694900513 seconds
metaTables/vocal_music_demucs_16k/metaData_MagnaTagATune/row12648.csv
Execution time: 26.959978342056274 seconds
metaTables/vocal_music_demucs_16k/metaData_MagnaTagATune/row12649.csv
Execution time: 26.007723093032837 seconds
metaTables/vocal_music_demucs_16k/metaData_MagnaTagATune/row12650.csv
Execution time: 26.346818447113037 seconds
metaTables/vocal_music_demucs_16k/metaData_MagnaTagATune/row12651.csv
Execution time: 26.308310508728027 seconds
metaTables/vocal_music_demucs_16k/metaData_MagnaTagATune/row12652.csv
Execution time: 26.584102869033813 seconds
metaTables/vocal_music_demucs_16k/metaData_MagnaTagATune/row12653.csv
Execution time: 26.67518973350525 seconds
metaTables/vocal_music_demucs_16k/metaData_MagnaTagATune/row12654.csv
Execution time: 27.740150451660156 seconds
metaTables/vocal_music_demucs_16k/metaData_MagnaTagATune/row12655.csv
Execution time: 26.23675537109375 seconds
metaTables/vocal_music_demucs_16k/metaData_MagnaTagATune/row12656.csv
Execution time: 25.9745614528656 seconds
metaTables/vocal_music_demucs_16k/metaData_MagnaTagATune/row12657.csv
Execution time: 26.546791315078735 seconds
metaTables/vocal_music_demucs_16k/metaData_MagnaTagATune/row12658.csv
Execution time: 26.62039566040039 seconds
metaTables/vocal_music_demucs_16k/metaData_MagnaTagATune/row12659.csv
Execution time: 27.109897136688232 seconds
metaTables/vocal_music_demucs_16k/metaData_MagnaTagATune/row12660.csv
Execution time: 26.604745626449585 seconds
metaTables/vocal_music_demucs_16k/metaData_MagnaTagATune/row12661.csv
Execution time: 26.310067653656006 seconds
metaTables/vocal_music_demucs_16k/metaData_MagnaTagATune/row12662.csv
Execution time: 26.500537872314453 seconds
metaTables/vocal_music_demucs_16k/metaData_MagnaTagATune/row12663.csv
Execution time: 27.30989170074463 seconds
metaTables/vocal_music_demucs_16k/metaData_MagnaTagATune/row12664.csv
Execution time: 27.54990553855896 seconds
metaTables/vocal_music_demucs_16k/metaData_MagnaTagATune/row12665.csv
Execution time: 26.658071041107178 seconds
metaTables/vocal_music_demucs_16k/metaData_MagnaTagATune/row12666.csv
Execution time: 26.71748375892639 seconds
metaTables/vocal_music_demucs_16k/metaData_MagnaTagATune/row12667.csv
Execution time: 26.28515386581421 seconds
metaTables/vocal_music_demucs_16k/metaData_MagnaTagATune/row12668.csv
Execution time: 27.327874660491943 seconds
metaTables/vocal_music_demucs_16k/metaData_MagnaTagATune/row12669.csv
Execution time: 27.10189437866211 seconds
metaTables/vocal_music_demucs_16k/metaData_MagnaTagATune/row12670.csv
Execution time: 26.921622276306152 seconds
metaTables/vocal_music_demucs_16k/metaData_MagnaTagATune/row12671.csv
Execution time: 25.9937641620636 seconds
metaTables/vocal_music_demucs_16k/metaData_MagnaTagATune/row12672.csv
Execution time: 26.29677677154541 seconds
metaTables/vocal_music_demucs_16k/metaData_MagnaTagATune/row12673.csv
Execution time: 26.885132551193237 seconds
metaTables/vocal_music_demucs_16k/metaData_MagnaTagATune/row12674.csv
Execution time: 28.56499195098877 seconds
metaTables/vocal_music_demucs_16k/metaData_MagnaTagATune/row12675.csv
Execution time: 26.583133697509766 seconds
metaTables/vocal_music_demucs_16k/metaData_MagnaTagATune/row12676.csv
Execution time: 26.500253200531006 seconds
metaTables/vocal_music_demucs_16k/metaData_MagnaTagATune/row12677.csv
Execution time: 26.68172812461853 seconds
metaTables/vocal_music_demucs_16k/metaData_MagnaTagATune/row12678.csv
Execution time: 27.41492486000061 seconds
metaTables/vocal_music_demucs_16k/metaData_MagnaTagATune/row12679.csv
Execution time: 27.16035485267639 seconds
metaTables/vocal_music_demucs_16k/metaData_MagnaTagATune/row12680.csv
Execution time: 27.175100088119507 seconds
metaTables/vocal_music_demucs_16k/metaData_MagnaTagATune/row12681.csv
Execution time: 26.770176887512207 seconds
metaTables/vocal_music_demucs_16k/metaData_MagnaTagATune/row12682.csv
Execution time: 26.80476951599121 seconds
metaTables/vocal_music_demucs_16k/metaData_MagnaTagATune/row12683.csv
Execution time: 27.483925104141235 seconds
metaTables/vocal_music_demucs_16k/metaData_MagnaTagATune/row12684.csv
Execution time: 26.682862043380737 seconds
metaTables/vocal_music_demucs_16k/metaData_MagnaTagATune/row12685.csv
Execution time: 26.828547954559326 seconds
metaTables/vocal_music_demucs_16k/metaData_MagnaTagATune/row12686.csv
Execution time: 26.911669969558716 seconds
metaTables/vocal_music_demucs_16k/metaData_MagnaTagATune/row12687.csv
Execution time: 26.38927698135376 seconds
metaTables/vocal_music_demucs_16k/metaData_MagnaTagATune/row12688.csv
Execution time: 26.59902310371399 seconds
metaTables/vocal_music_demucs_16k/metaData_MagnaTagATune/row12689.csv
Execution time: 27.075584173202515 seconds
metaTables/vocal_music_demucs_16k/metaData_MagnaTagATune/row12690.csv
Execution time: 27.328026056289673 seconds
metaTables/vocal_music_demucs_16k/metaData_MagnaTagATune/row12691.csv
Execution time: 27.271219730377197 seconds
metaTables/vocal_music_demucs_16k/metaData_MagnaTagATune/row12692.csv
Execution time: 26.6633780002594 seconds
metaTables/vocal_music_demucs_16k/metaData_MagnaTagATune/row12693.csv
Execution time: 26.917823791503906 seconds
metaTables/vocal_music_demucs_16k/metaData_MagnaTagATune/row12694.csv
Execution time: 26.477448225021362 seconds
metaTables/vocal_music_demucs_16k/metaData_MagnaTagATune/row12695.csv
Execution time: 25.315582275390625 seconds
metaTables/vocal_music_demucs_16k/metaData_MagnaTagATune/row12696.csv
Execution time: 26.591583013534546 seconds
metaTables/vocal_music_demucs_16k/metaData_MagnaTagATune/row12697.csv
Execution time: 25.857868194580078 seconds
metaTables/vocal_music_demucs_16k/metaData_MagnaTagATune/row12698.csv
Execution time: 25.91223430633545 seconds
metaTables/vocal_music_demucs_16k/metaData_MagnaTagATune/row12699.csv
Demucs voice recognition done!
