/ext3/demucs/lib/python3.9/site-packages/demucs/api.py:27: UserWarning: TorchAudio's global backend is now deprecated. Please enable distpatcher by setting `TORCHAUDIO_USE_BACKEND_DISPATCHER=1`, and specify backend when calling load/info/save function.
  import torchaudio as ta
2024-05-09 00:24:59.222619: I tensorflow/core/util/port.cc:113] oneDNN custom operations are on. You may see slightly different numerical results due to floating-point round-off errors from different computation orders. To turn them off, set the environment variable `TF_ENABLE_ONEDNN_OPTS=0`.
2024-05-09 00:25:03.550443: E external/local_xla/xla/stream_executor/cuda/cuda_dnn.cc:9261] Unable to register cuDNN factory: Attempting to register factory for plugin cuDNN when one has already been registered
2024-05-09 00:25:03.550488: E external/local_xla/xla/stream_executor/cuda/cuda_fft.cc:607] Unable to register cuFFT factory: Attempting to register factory for plugin cuFFT when one has already been registered
2024-05-09 00:25:03.962703: E external/local_xla/xla/stream_executor/cuda/cuda_blas.cc:1515] Unable to register cuBLAS factory: Attempting to register factory for plugin cuBLAS when one has already been registered
2024-05-09 00:25:04.396482: I tensorflow/core/platform/cpu_feature_guard.cc:182] This TensorFlow binary is optimized to use available CPU instructions in performance-critical operations.
To enable the following instructions: AVX2 AVX512F AVX512_VNNI FMA, in other operations, rebuild TensorFlow with the appropriate compiler flags.
2024-05-09 00:25:10.828557: W tensorflow/compiler/tf2tensorrt/utils/py_utils.cc:38] TF-TRT Warning: Could not find TensorRT
Execution time: 40.66210603713989 seconds
metaTables/vocal_music_demucs_16k/metaData_MagnaTagATune/row21100.csv
Execution time: 25.01996898651123 seconds
metaTables/vocal_music_demucs_16k/metaData_MagnaTagATune/row21101.csv
Execution time: 25.167749404907227 seconds
metaTables/vocal_music_demucs_16k/metaData_MagnaTagATune/row21102.csv
Execution time: 24.897436380386353 seconds
metaTables/vocal_music_demucs_16k/metaData_MagnaTagATune/row21103.csv
Execution time: 26.8812735080719 seconds
metaTables/vocal_music_demucs_16k/metaData_MagnaTagATune/row21104.csv
Execution time: 25.21193814277649 seconds
metaTables/vocal_music_demucs_16k/metaData_MagnaTagATune/row21105.csv
Execution time: 24.556841611862183 seconds
metaTables/vocal_music_demucs_16k/metaData_MagnaTagATune/row21106.csv
Execution time: 25.30492377281189 seconds
metaTables/vocal_music_demucs_16k/metaData_MagnaTagATune/row21107.csv
Execution time: 25.07318425178528 seconds
metaTables/vocal_music_demucs_16k/metaData_MagnaTagATune/row21108.csv
Execution time: 25.22677779197693 seconds
metaTables/vocal_music_demucs_16k/metaData_MagnaTagATune/row21109.csv
Execution time: 25.07783532142639 seconds
metaTables/vocal_music_demucs_16k/metaData_MagnaTagATune/row21110.csv
Execution time: 25.481708765029907 seconds
metaTables/vocal_music_demucs_16k/metaData_MagnaTagATune/row21111.csv
Execution time: 25.687047958374023 seconds
metaTables/vocal_music_demucs_16k/metaData_MagnaTagATune/row21112.csv
Execution time: 25.329947471618652 seconds
metaTables/vocal_music_demucs_16k/metaData_MagnaTagATune/row21113.csv
Execution time: 25.635321378707886 seconds
metaTables/vocal_music_demucs_16k/metaData_MagnaTagATune/row21114.csv
Execution time: 25.205760955810547 seconds
metaTables/vocal_music_demucs_16k/metaData_MagnaTagATune/row21115.csv
Execution time: 25.15516972541809 seconds
metaTables/vocal_music_demucs_16k/metaData_MagnaTagATune/row21116.csv
Execution time: 26.415616512298584 seconds
metaTables/vocal_music_demucs_16k/metaData_MagnaTagATune/row21117.csv
Execution time: 25.467869758605957 seconds
metaTables/vocal_music_demucs_16k/metaData_MagnaTagATune/row21118.csv
Execution time: 25.319819688796997 seconds
metaTables/vocal_music_demucs_16k/metaData_MagnaTagATune/row21119.csv
Execution time: 26.039900541305542 seconds
metaTables/vocal_music_demucs_16k/metaData_MagnaTagATune/row21120.csv
Execution time: 26.140138387680054 seconds
metaTables/vocal_music_demucs_16k/metaData_MagnaTagATune/row21121.csv
Execution time: 25.729291200637817 seconds
metaTables/vocal_music_demucs_16k/metaData_MagnaTagATune/row21122.csv
Execution time: 25.67052721977234 seconds
metaTables/vocal_music_demucs_16k/metaData_MagnaTagATune/row21123.csv
Execution time: 25.82961654663086 seconds
metaTables/vocal_music_demucs_16k/metaData_MagnaTagATune/row21124.csv
Execution time: 25.684695720672607 seconds
metaTables/vocal_music_demucs_16k/metaData_MagnaTagATune/row21125.csv
Execution time: 25.254812955856323 seconds
metaTables/vocal_music_demucs_16k/metaData_MagnaTagATune/row21126.csv
Execution time: 25.261425256729126 seconds
metaTables/vocal_music_demucs_16k/metaData_MagnaTagATune/row21127.csv
Execution time: 26.13456082344055 seconds
metaTables/vocal_music_demucs_16k/metaData_MagnaTagATune/row21128.csv
Execution time: 25.326650142669678 seconds
metaTables/vocal_music_demucs_16k/metaData_MagnaTagATune/row21129.csv
Execution time: 25.2331120967865 seconds
metaTables/vocal_music_demucs_16k/metaData_MagnaTagATune/row21130.csv
Execution time: 26.09166431427002 seconds
metaTables/vocal_music_demucs_16k/metaData_MagnaTagATune/row21131.csv
Execution time: 24.904175758361816 seconds
metaTables/vocal_music_demucs_16k/metaData_MagnaTagATune/row21132.csv
Execution time: 25.23537254333496 seconds
metaTables/vocal_music_demucs_16k/metaData_MagnaTagATune/row21133.csv
Execution time: 25.289008855819702 seconds
metaTables/vocal_music_demucs_16k/metaData_MagnaTagATune/row21134.csv
Execution time: 24.868200063705444 seconds
metaTables/vocal_music_demucs_16k/metaData_MagnaTagATune/row21135.csv
Execution time: 24.97391653060913 seconds
metaTables/vocal_music_demucs_16k/metaData_MagnaTagATune/row21136.csv
Execution time: 25.876025676727295 seconds
metaTables/vocal_music_demucs_16k/metaData_MagnaTagATune/row21137.csv
Execution time: 26.12493634223938 seconds
metaTables/vocal_music_demucs_16k/metaData_MagnaTagATune/row21138.csv
Execution time: 25.44074821472168 seconds
metaTables/vocal_music_demucs_16k/metaData_MagnaTagATune/row21139.csv
Execution time: 25.837820529937744 seconds
metaTables/vocal_music_demucs_16k/metaData_MagnaTagATune/row21140.csv
Execution time: 25.135263919830322 seconds
metaTables/vocal_music_demucs_16k/metaData_MagnaTagATune/row21141.csv
Execution time: 25.143843173980713 seconds
metaTables/vocal_music_demucs_16k/metaData_MagnaTagATune/row21142.csv
Execution time: 25.13738203048706 seconds
metaTables/vocal_music_demucs_16k/metaData_MagnaTagATune/row21143.csv
Execution time: 26.82336401939392 seconds
metaTables/vocal_music_demucs_16k/metaData_MagnaTagATune/row21144.csv
Execution time: 26.46107840538025 seconds
metaTables/vocal_music_demucs_16k/metaData_MagnaTagATune/row21145.csv
Execution time: 25.469545125961304 seconds
metaTables/vocal_music_demucs_16k/metaData_MagnaTagATune/row21146.csv
Execution time: 25.594633102416992 seconds
metaTables/vocal_music_demucs_16k/metaData_MagnaTagATune/row21147.csv
Execution time: 26.056094884872437 seconds
metaTables/vocal_music_demucs_16k/metaData_MagnaTagATune/row21148.csv
Execution time: 25.40516495704651 seconds
metaTables/vocal_music_demucs_16k/metaData_MagnaTagATune/row21149.csv
Execution time: 25.105937242507935 seconds
metaTables/vocal_music_demucs_16k/metaData_MagnaTagATune/row21150.csv
Execution time: 24.18940544128418 seconds
metaTables/vocal_music_demucs_16k/metaData_MagnaTagATune/row21151.csv
Execution time: 25.844534397125244 seconds
metaTables/vocal_music_demucs_16k/metaData_MagnaTagATune/row21152.csv
Execution time: 25.240614414215088 seconds
metaTables/vocal_music_demucs_16k/metaData_MagnaTagATune/row21153.csv
Execution time: 25.948442935943604 seconds
metaTables/vocal_music_demucs_16k/metaData_MagnaTagATune/row21154.csv
Execution time: 25.604341745376587 seconds
metaTables/vocal_music_demucs_16k/metaData_MagnaTagATune/row21155.csv
Execution time: 25.898010730743408 seconds
metaTables/vocal_music_demucs_16k/metaData_MagnaTagATune/row21156.csv
Execution time: 25.96110248565674 seconds
metaTables/vocal_music_demucs_16k/metaData_MagnaTagATune/row21157.csv
Execution time: 25.607645511627197 seconds
metaTables/vocal_music_demucs_16k/metaData_MagnaTagATune/row21158.csv
Execution time: 26.401178121566772 seconds
metaTables/vocal_music_demucs_16k/metaData_MagnaTagATune/row21159.csv
Execution time: 24.759426593780518 seconds
metaTables/vocal_music_demucs_16k/metaData_MagnaTagATune/row21160.csv
Execution time: 25.89667797088623 seconds
metaTables/vocal_music_demucs_16k/metaData_MagnaTagATune/row21161.csv
Execution time: 25.781158924102783 seconds
metaTables/vocal_music_demucs_16k/metaData_MagnaTagATune/row21162.csv
Execution time: 25.45053267478943 seconds
metaTables/vocal_music_demucs_16k/metaData_MagnaTagATune/row21163.csv
Execution time: 25.879911422729492 seconds
metaTables/vocal_music_demucs_16k/metaData_MagnaTagATune/row21164.csv
Execution time: 25.110265254974365 seconds
metaTables/vocal_music_demucs_16k/metaData_MagnaTagATune/row21165.csv
Execution time: 25.39261507987976 seconds
metaTables/vocal_music_demucs_16k/metaData_MagnaTagATune/row21166.csv
Execution time: 25.105801343917847 seconds
metaTables/vocal_music_demucs_16k/metaData_MagnaTagATune/row21167.csv
Execution time: 25.563719749450684 seconds
metaTables/vocal_music_demucs_16k/metaData_MagnaTagATune/row21168.csv
Execution time: 25.61949324607849 seconds
metaTables/vocal_music_demucs_16k/metaData_MagnaTagATune/row21169.csv
Execution time: 25.338157415390015 seconds
metaTables/vocal_music_demucs_16k/metaData_MagnaTagATune/row21170.csv
Execution time: 25.51587462425232 seconds
metaTables/vocal_music_demucs_16k/metaData_MagnaTagATune/row21171.csv
Execution time: 25.590791702270508 seconds
metaTables/vocal_music_demucs_16k/metaData_MagnaTagATune/row21172.csv
Execution time: 24.96907877922058 seconds
metaTables/vocal_music_demucs_16k/metaData_MagnaTagATune/row21173.csv
Execution time: 26.362088680267334 seconds
metaTables/vocal_music_demucs_16k/metaData_MagnaTagATune/row21174.csv
Execution time: 26.350000381469727 seconds
metaTables/vocal_music_demucs_16k/metaData_MagnaTagATune/row21175.csv
Execution time: 26.486435890197754 seconds
metaTables/vocal_music_demucs_16k/metaData_MagnaTagATune/row21176.csv
Execution time: 25.78195071220398 seconds
metaTables/vocal_music_demucs_16k/metaData_MagnaTagATune/row21177.csv
Execution time: 25.7451171875 seconds
metaTables/vocal_music_demucs_16k/metaData_MagnaTagATune/row21178.csv
Execution time: 25.555969715118408 seconds
metaTables/vocal_music_demucs_16k/metaData_MagnaTagATune/row21179.csv
Execution time: 26.41745901107788 seconds
metaTables/vocal_music_demucs_16k/metaData_MagnaTagATune/row21180.csv
Execution time: 25.602072954177856 seconds
metaTables/vocal_music_demucs_16k/metaData_MagnaTagATune/row21181.csv
Execution time: 25.927339553833008 seconds
metaTables/vocal_music_demucs_16k/metaData_MagnaTagATune/row21182.csv
Execution time: 26.690973043441772 seconds
metaTables/vocal_music_demucs_16k/metaData_MagnaTagATune/row21183.csv
Execution time: 25.590826749801636 seconds
metaTables/vocal_music_demucs_16k/metaData_MagnaTagATune/row21184.csv
Execution time: 25.909371376037598 seconds
metaTables/vocal_music_demucs_16k/metaData_MagnaTagATune/row21185.csv
Execution time: 26.71232509613037 seconds
metaTables/vocal_music_demucs_16k/metaData_MagnaTagATune/row21186.csv
Execution time: 25.593655347824097 seconds
metaTables/vocal_music_demucs_16k/metaData_MagnaTagATune/row21187.csv
Execution time: 26.007204294204712 seconds
metaTables/vocal_music_demucs_16k/metaData_MagnaTagATune/row21188.csv
Execution time: 26.69398856163025 seconds
metaTables/vocal_music_demucs_16k/metaData_MagnaTagATune/row21189.csv
Execution time: 25.61054277420044 seconds
metaTables/vocal_music_demucs_16k/metaData_MagnaTagATune/row21190.csv
Execution time: 25.746859312057495 seconds
metaTables/vocal_music_demucs_16k/metaData_MagnaTagATune/row21191.csv
Execution time: 26.222345113754272 seconds
metaTables/vocal_music_demucs_16k/metaData_MagnaTagATune/row21192.csv
Execution time: 26.39960813522339 seconds
metaTables/vocal_music_demucs_16k/metaData_MagnaTagATune/row21193.csv
Execution time: 25.416094541549683 seconds
metaTables/vocal_music_demucs_16k/metaData_MagnaTagATune/row21194.csv
Execution time: 25.997485637664795 seconds
metaTables/vocal_music_demucs_16k/metaData_MagnaTagATune/row21195.csv
Execution time: 26.13349437713623 seconds
metaTables/vocal_music_demucs_16k/metaData_MagnaTagATune/row21196.csv
Execution time: 26.03055191040039 seconds
metaTables/vocal_music_demucs_16k/metaData_MagnaTagATune/row21197.csv
Execution time: 26.399330854415894 seconds
metaTables/vocal_music_demucs_16k/metaData_MagnaTagATune/row21198.csv
Execution time: 25.68773603439331 seconds
metaTables/vocal_music_demucs_16k/metaData_MagnaTagATune/row21199.csv
Demucs voice recognition done!
