/ext3/demucs/lib/python3.9/site-packages/demucs/api.py:27: UserWarning: TorchAudio's global backend is now deprecated. Please enable distpatcher by setting `TORCHAUDIO_USE_BACKEND_DISPATCHER=1`, and specify backend when calling load/info/save function.
  import torchaudio as ta
2024-05-09 00:23:12.707032: I tensorflow/core/util/port.cc:113] oneDNN custom operations are on. You may see slightly different numerical results due to floating-point round-off errors from different computation orders. To turn them off, set the environment variable `TF_ENABLE_ONEDNN_OPTS=0`.
2024-05-09 00:23:14.111124: E external/local_xla/xla/stream_executor/cuda/cuda_dnn.cc:9261] Unable to register cuDNN factory: Attempting to register factory for plugin cuDNN when one has already been registered
2024-05-09 00:23:14.111166: E external/local_xla/xla/stream_executor/cuda/cuda_fft.cc:607] Unable to register cuFFT factory: Attempting to register factory for plugin cuFFT when one has already been registered
2024-05-09 00:23:14.236843: E external/local_xla/xla/stream_executor/cuda/cuda_blas.cc:1515] Unable to register cuBLAS factory: Attempting to register factory for plugin cuBLAS when one has already been registered
2024-05-09 00:23:14.307863: I tensorflow/core/platform/cpu_feature_guard.cc:182] This TensorFlow binary is optimized to use available CPU instructions in performance-critical operations.
To enable the following instructions: AVX2 AVX512F AVX512_VNNI FMA, in other operations, rebuild TensorFlow with the appropriate compiler flags.
2024-05-09 00:23:15.229418: W tensorflow/compiler/tf2tensorrt/utils/py_utils.cc:38] TF-TRT Warning: Could not find TensorRT
Execution time: 29.258463144302368 seconds
metaTables/vocal_music_demucs_16k/metaData_MagnaTagATune/row16100.csv
Execution time: 27.886632442474365 seconds
metaTables/vocal_music_demucs_16k/metaData_MagnaTagATune/row16101.csv
Execution time: 30.06586980819702 seconds
metaTables/vocal_music_demucs_16k/metaData_MagnaTagATune/row16102.csv
Execution time: 28.17376732826233 seconds
metaTables/vocal_music_demucs_16k/metaData_MagnaTagATune/row16103.csv
Execution time: 27.62826442718506 seconds
metaTables/vocal_music_demucs_16k/metaData_MagnaTagATune/row16104.csv
Execution time: 28.493653059005737 seconds
metaTables/vocal_music_demucs_16k/metaData_MagnaTagATune/row16105.csv
Execution time: 27.721118688583374 seconds
metaTables/vocal_music_demucs_16k/metaData_MagnaTagATune/row16106.csv
Execution time: 28.226234197616577 seconds
metaTables/vocal_music_demucs_16k/metaData_MagnaTagATune/row16107.csv
Execution time: 27.29364538192749 seconds
metaTables/vocal_music_demucs_16k/metaData_MagnaTagATune/row16108.csv
Execution time: 27.807661294937134 seconds
metaTables/vocal_music_demucs_16k/metaData_MagnaTagATune/row16109.csv
Execution time: 28.34341859817505 seconds
metaTables/vocal_music_demucs_16k/metaData_MagnaTagATune/row16110.csv
Execution time: 27.83798384666443 seconds
metaTables/vocal_music_demucs_16k/metaData_MagnaTagATune/row16111.csv
Execution time: 27.39831256866455 seconds
metaTables/vocal_music_demucs_16k/metaData_MagnaTagATune/row16112.csv
Execution time: 27.033759117126465 seconds
metaTables/vocal_music_demucs_16k/metaData_MagnaTagATune/row16113.csv
Execution time: 28.2380588054657 seconds
metaTables/vocal_music_demucs_16k/metaData_MagnaTagATune/row16114.csv
Execution time: 27.74201536178589 seconds
metaTables/vocal_music_demucs_16k/metaData_MagnaTagATune/row16115.csv
Execution time: 28.852660179138184 seconds
metaTables/vocal_music_demucs_16k/metaData_MagnaTagATune/row16116.csv
Execution time: 27.94518542289734 seconds
metaTables/vocal_music_demucs_16k/metaData_MagnaTagATune/row16117.csv
Execution time: 27.538727283477783 seconds
metaTables/vocal_music_demucs_16k/metaData_MagnaTagATune/row16118.csv
Execution time: 27.831382513046265 seconds
metaTables/vocal_music_demucs_16k/metaData_MagnaTagATune/row16119.csv
Execution time: 27.860536336898804 seconds
metaTables/vocal_music_demucs_16k/metaData_MagnaTagATune/row16120.csv
Execution time: 27.671231746673584 seconds
metaTables/vocal_music_demucs_16k/metaData_MagnaTagATune/row16121.csv
Execution time: 27.786173343658447 seconds
metaTables/vocal_music_demucs_16k/metaData_MagnaTagATune/row16122.csv
Execution time: 27.473403692245483 seconds
metaTables/vocal_music_demucs_16k/metaData_MagnaTagATune/row16123.csv
Execution time: 28.726953268051147 seconds
metaTables/vocal_music_demucs_16k/metaData_MagnaTagATune/row16124.csv
Execution time: 28.06385636329651 seconds
metaTables/vocal_music_demucs_16k/metaData_MagnaTagATune/row16125.csv
Execution time: 27.442233562469482 seconds
metaTables/vocal_music_demucs_16k/metaData_MagnaTagATune/row16126.csv
Execution time: 27.8865749835968 seconds
metaTables/vocal_music_demucs_16k/metaData_MagnaTagATune/row16127.csv
Execution time: 27.867786169052124 seconds
metaTables/vocal_music_demucs_16k/metaData_MagnaTagATune/row16128.csv
Execution time: 26.511086463928223 seconds
metaTables/vocal_music_demucs_16k/metaData_MagnaTagATune/row16129.csv
Execution time: 28.054654121398926 seconds
metaTables/vocal_music_demucs_16k/metaData_MagnaTagATune/row16130.csv
Execution time: 27.59037470817566 seconds
metaTables/vocal_music_demucs_16k/metaData_MagnaTagATune/row16131.csv
Execution time: 27.251710891723633 seconds
metaTables/vocal_music_demucs_16k/metaData_MagnaTagATune/row16132.csv
Execution time: 28.725773334503174 seconds
metaTables/vocal_music_demucs_16k/metaData_MagnaTagATune/row16133.csv
Execution time: 27.059115648269653 seconds
metaTables/vocal_music_demucs_16k/metaData_MagnaTagATune/row16134.csv
Execution time: 27.516112804412842 seconds
metaTables/vocal_music_demucs_16k/metaData_MagnaTagATune/row16135.csv
Execution time: 26.86493682861328 seconds
metaTables/vocal_music_demucs_16k/metaData_MagnaTagATune/row16136.csv
Execution time: 27.70164942741394 seconds
metaTables/vocal_music_demucs_16k/metaData_MagnaTagATune/row16137.csv
Execution time: 27.863596200942993 seconds
metaTables/vocal_music_demucs_16k/metaData_MagnaTagATune/row16138.csv
Execution time: 27.273202657699585 seconds
metaTables/vocal_music_demucs_16k/metaData_MagnaTagATune/row16139.csv
Execution time: 27.48182964324951 seconds
metaTables/vocal_music_demucs_16k/metaData_MagnaTagATune/row16140.csv
Execution time: 26.483054399490356 seconds
metaTables/vocal_music_demucs_16k/metaData_MagnaTagATune/row16141.csv
Execution time: 27.76083540916443 seconds
metaTables/vocal_music_demucs_16k/metaData_MagnaTagATune/row16142.csv
Execution time: 29.39184021949768 seconds
metaTables/vocal_music_demucs_16k/metaData_MagnaTagATune/row16143.csv
Execution time: 27.87024474143982 seconds
metaTables/vocal_music_demucs_16k/metaData_MagnaTagATune/row16144.csv
Execution time: 29.310852766036987 seconds
metaTables/vocal_music_demucs_16k/metaData_MagnaTagATune/row16145.csv
Execution time: 28.918776988983154 seconds
metaTables/vocal_music_demucs_16k/metaData_MagnaTagATune/row16146.csv
Execution time: 29.249781608581543 seconds
metaTables/vocal_music_demucs_16k/metaData_MagnaTagATune/row16147.csv
Execution time: 27.946427822113037 seconds
metaTables/vocal_music_demucs_16k/metaData_MagnaTagATune/row16148.csv
Execution time: 27.22693705558777 seconds
metaTables/vocal_music_demucs_16k/metaData_MagnaTagATune/row16149.csv
Execution time: 27.594740867614746 seconds
metaTables/vocal_music_demucs_16k/metaData_MagnaTagATune/row16150.csv
Execution time: 28.02256941795349 seconds
metaTables/vocal_music_demucs_16k/metaData_MagnaTagATune/row16151.csv
Execution time: 27.641776084899902 seconds
metaTables/vocal_music_demucs_16k/metaData_MagnaTagATune/row16152.csv
Execution time: 26.248501539230347 seconds
metaTables/vocal_music_demucs_16k/metaData_MagnaTagATune/row16153.csv
Execution time: 27.0126314163208 seconds
metaTables/vocal_music_demucs_16k/metaData_MagnaTagATune/row16154.csv
Execution time: 26.642157077789307 seconds
metaTables/vocal_music_demucs_16k/metaData_MagnaTagATune/row16155.csv
Execution time: 27.87401032447815 seconds
metaTables/vocal_music_demucs_16k/metaData_MagnaTagATune/row16156.csv
Execution time: 27.56265616416931 seconds
metaTables/vocal_music_demucs_16k/metaData_MagnaTagATune/row16157.csv
Execution time: 28.202162742614746 seconds
metaTables/vocal_music_demucs_16k/metaData_MagnaTagATune/row16158.csv
Execution time: 26.529873847961426 seconds
metaTables/vocal_music_demucs_16k/metaData_MagnaTagATune/row16159.csv
Execution time: 27.06169557571411 seconds
metaTables/vocal_music_demucs_16k/metaData_MagnaTagATune/row16160.csv
Execution time: 26.486565351486206 seconds
metaTables/vocal_music_demucs_16k/metaData_MagnaTagATune/row16161.csv
Execution time: 27.489933252334595 seconds
metaTables/vocal_music_demucs_16k/metaData_MagnaTagATune/row16162.csv
Execution time: 26.971519947052002 seconds
metaTables/vocal_music_demucs_16k/metaData_MagnaTagATune/row16163.csv
Execution time: 27.64217782020569 seconds
metaTables/vocal_music_demucs_16k/metaData_MagnaTagATune/row16164.csv
Execution time: 27.50192904472351 seconds
metaTables/vocal_music_demucs_16k/metaData_MagnaTagATune/row16165.csv
Execution time: 27.96934413909912 seconds
metaTables/vocal_music_demucs_16k/metaData_MagnaTagATune/row16166.csv
Execution time: 27.30076503753662 seconds
metaTables/vocal_music_demucs_16k/metaData_MagnaTagATune/row16167.csv
Execution time: 28.290581464767456 seconds
metaTables/vocal_music_demucs_16k/metaData_MagnaTagATune/row16168.csv
Execution time: 27.266903162002563 seconds
metaTables/vocal_music_demucs_16k/metaData_MagnaTagATune/row16169.csv
Execution time: 26.29876685142517 seconds
metaTables/vocal_music_demucs_16k/metaData_MagnaTagATune/row16170.csv
Execution time: 26.4478862285614 seconds
metaTables/vocal_music_demucs_16k/metaData_MagnaTagATune/row16171.csv
Execution time: 27.517088413238525 seconds
metaTables/vocal_music_demucs_16k/metaData_MagnaTagATune/row16172.csv
Execution time: 27.018558740615845 seconds
metaTables/vocal_music_demucs_16k/metaData_MagnaTagATune/row16173.csv
Execution time: 28.539838075637817 seconds
metaTables/vocal_music_demucs_16k/metaData_MagnaTagATune/row16174.csv
Execution time: 28.22460651397705 seconds
metaTables/vocal_music_demucs_16k/metaData_MagnaTagATune/row16175.csv
Execution time: 28.043763875961304 seconds
metaTables/vocal_music_demucs_16k/metaData_MagnaTagATune/row16176.csv
Execution time: 27.060165405273438 seconds
metaTables/vocal_music_demucs_16k/metaData_MagnaTagATune/row16177.csv
Execution time: 27.426937580108643 seconds
metaTables/vocal_music_demucs_16k/metaData_MagnaTagATune/row16178.csv
Execution time: 28.357383728027344 seconds
metaTables/vocal_music_demucs_16k/metaData_MagnaTagATune/row16179.csv
Execution time: 28.027196168899536 seconds
metaTables/vocal_music_demucs_16k/metaData_MagnaTagATune/row16180.csv
Execution time: 26.70260500907898 seconds
metaTables/vocal_music_demucs_16k/metaData_MagnaTagATune/row16181.csv
Execution time: 27.83356785774231 seconds
metaTables/vocal_music_demucs_16k/metaData_MagnaTagATune/row16182.csv
Execution time: 27.22075128555298 seconds
metaTables/vocal_music_demucs_16k/metaData_MagnaTagATune/row16183.csv
Execution time: 27.311458110809326 seconds
metaTables/vocal_music_demucs_16k/metaData_MagnaTagATune/row16184.csv
Execution time: 27.85077953338623 seconds
metaTables/vocal_music_demucs_16k/metaData_MagnaTagATune/row16185.csv
Execution time: 27.37979507446289 seconds
metaTables/vocal_music_demucs_16k/metaData_MagnaTagATune/row16186.csv
Execution time: 28.527485609054565 seconds
metaTables/vocal_music_demucs_16k/metaData_MagnaTagATune/row16187.csv
Execution time: 27.3688702583313 seconds
metaTables/vocal_music_demucs_16k/metaData_MagnaTagATune/row16188.csv
Execution time: 27.055346727371216 seconds
metaTables/vocal_music_demucs_16k/metaData_MagnaTagATune/row16189.csv
Execution time: 28.15177893638611 seconds
metaTables/vocal_music_demucs_16k/metaData_MagnaTagATune/row16190.csv
Execution time: 26.858311414718628 seconds
metaTables/vocal_music_demucs_16k/metaData_MagnaTagATune/row16191.csv
Execution time: 27.83347773551941 seconds
metaTables/vocal_music_demucs_16k/metaData_MagnaTagATune/row16192.csv
Execution time: 27.30340552330017 seconds
metaTables/vocal_music_demucs_16k/metaData_MagnaTagATune/row16193.csv
Execution time: 28.180503606796265 seconds
metaTables/vocal_music_demucs_16k/metaData_MagnaTagATune/row16194.csv
Execution time: 26.632894039154053 seconds
metaTables/vocal_music_demucs_16k/metaData_MagnaTagATune/row16195.csv
Execution time: 27.142259120941162 seconds
metaTables/vocal_music_demucs_16k/metaData_MagnaTagATune/row16196.csv
Execution time: 27.807010412216187 seconds
metaTables/vocal_music_demucs_16k/metaData_MagnaTagATune/row16197.csv
Execution time: 26.682769060134888 seconds
metaTables/vocal_music_demucs_16k/metaData_MagnaTagATune/row16198.csv
Execution time: 25.746275901794434 seconds
metaTables/vocal_music_demucs_16k/metaData_MagnaTagATune/row16199.csv
Demucs voice recognition done!
