/ext3/demucs/lib/python3.9/site-packages/demucs/api.py:27: UserWarning: TorchAudio's global backend is now deprecated. Please enable distpatcher by setting `TORCHAUDIO_USE_BACKEND_DISPATCHER=1`, and specify backend when calling load/info/save function.
  import torchaudio as ta
2024-05-09 09:25:44.480826: I tensorflow/core/util/port.cc:113] oneDNN custom operations are on. You may see slightly different numerical results due to floating-point round-off errors from different computation orders. To turn them off, set the environment variable `TF_ENABLE_ONEDNN_OPTS=0`.
2024-05-09 09:25:47.250563: E external/local_xla/xla/stream_executor/cuda/cuda_dnn.cc:9261] Unable to register cuDNN factory: Attempting to register factory for plugin cuDNN when one has already been registered
2024-05-09 09:25:47.250614: E external/local_xla/xla/stream_executor/cuda/cuda_fft.cc:607] Unable to register cuFFT factory: Attempting to register factory for plugin cuFFT when one has already been registered
2024-05-09 09:25:47.638671: E external/local_xla/xla/stream_executor/cuda/cuda_blas.cc:1515] Unable to register cuBLAS factory: Attempting to register factory for plugin cuBLAS when one has already been registered
2024-05-09 09:25:47.903427: I tensorflow/core/platform/cpu_feature_guard.cc:182] This TensorFlow binary is optimized to use available CPU instructions in performance-critical operations.
To enable the following instructions: AVX2 AVX512F AVX512_VNNI FMA, in other operations, rebuild TensorFlow with the appropriate compiler flags.
2024-05-09 09:25:50.921721: W tensorflow/compiler/tf2tensorrt/utils/py_utils.cc:38] TF-TRT Warning: Could not find TensorRT
SKIPPING: metaTables/vocal_music_demucs_16k/metaData_MagnaTagATune/row900.csv
SKIPPING: metaTables/vocal_music_demucs_16k/metaData_MagnaTagATune/row901.csv
SKIPPING: metaTables/vocal_music_demucs_16k/metaData_MagnaTagATune/row902.csv
SKIPPING: metaTables/vocal_music_demucs_16k/metaData_MagnaTagATune/row903.csv
SKIPPING: metaTables/vocal_music_demucs_16k/metaData_MagnaTagATune/row904.csv
SKIPPING: metaTables/vocal_music_demucs_16k/metaData_MagnaTagATune/row905.csv
SKIPPING: metaTables/vocal_music_demucs_16k/metaData_MagnaTagATune/row906.csv
SKIPPING: metaTables/vocal_music_demucs_16k/metaData_MagnaTagATune/row907.csv
SKIPPING: metaTables/vocal_music_demucs_16k/metaData_MagnaTagATune/row908.csv
SKIPPING: metaTables/vocal_music_demucs_16k/metaData_MagnaTagATune/row909.csv
SKIPPING: metaTables/vocal_music_demucs_16k/metaData_MagnaTagATune/row910.csv
SKIPPING: metaTables/vocal_music_demucs_16k/metaData_MagnaTagATune/row911.csv
SKIPPING: metaTables/vocal_music_demucs_16k/metaData_MagnaTagATune/row912.csv
SKIPPING: metaTables/vocal_music_demucs_16k/metaData_MagnaTagATune/row913.csv
SKIPPING: metaTables/vocal_music_demucs_16k/metaData_MagnaTagATune/row914.csv
SKIPPING: metaTables/vocal_music_demucs_16k/metaData_MagnaTagATune/row915.csv
SKIPPING: metaTables/vocal_music_demucs_16k/metaData_MagnaTagATune/row916.csv
SKIPPING: metaTables/vocal_music_demucs_16k/metaData_MagnaTagATune/row917.csv
SKIPPING: metaTables/vocal_music_demucs_16k/metaData_MagnaTagATune/row918.csv
SKIPPING: metaTables/vocal_music_demucs_16k/metaData_MagnaTagATune/row919.csv
SKIPPING: metaTables/vocal_music_demucs_16k/metaData_MagnaTagATune/row920.csv
SKIPPING: metaTables/vocal_music_demucs_16k/metaData_MagnaTagATune/row921.csv
SKIPPING: metaTables/vocal_music_demucs_16k/metaData_MagnaTagATune/row922.csv
SKIPPING: metaTables/vocal_music_demucs_16k/metaData_MagnaTagATune/row923.csv
SKIPPING: metaTables/vocal_music_demucs_16k/metaData_MagnaTagATune/row924.csv
SKIPPING: metaTables/vocal_music_demucs_16k/metaData_MagnaTagATune/row925.csv
SKIPPING: metaTables/vocal_music_demucs_16k/metaData_MagnaTagATune/row926.csv
SKIPPING: metaTables/vocal_music_demucs_16k/metaData_MagnaTagATune/row927.csv
SKIPPING: metaTables/vocal_music_demucs_16k/metaData_MagnaTagATune/row928.csv
SKIPPING: metaTables/vocal_music_demucs_16k/metaData_MagnaTagATune/row929.csv
SKIPPING: metaTables/vocal_music_demucs_16k/metaData_MagnaTagATune/row930.csv
SKIPPING: metaTables/vocal_music_demucs_16k/metaData_MagnaTagATune/row931.csv
SKIPPING: metaTables/vocal_music_demucs_16k/metaData_MagnaTagATune/row932.csv
SKIPPING: metaTables/vocal_music_demucs_16k/metaData_MagnaTagATune/row933.csv
SKIPPING: metaTables/vocal_music_demucs_16k/metaData_MagnaTagATune/row934.csv
SKIPPING: metaTables/vocal_music_demucs_16k/metaData_MagnaTagATune/row935.csv
SKIPPING: metaTables/vocal_music_demucs_16k/metaData_MagnaTagATune/row936.csv
SKIPPING: metaTables/vocal_music_demucs_16k/metaData_MagnaTagATune/row937.csv
SKIPPING: metaTables/vocal_music_demucs_16k/metaData_MagnaTagATune/row938.csv
SKIPPING: metaTables/vocal_music_demucs_16k/metaData_MagnaTagATune/row939.csv
SKIPPING: metaTables/vocal_music_demucs_16k/metaData_MagnaTagATune/row940.csv
SKIPPING: metaTables/vocal_music_demucs_16k/metaData_MagnaTagATune/row941.csv
SKIPPING: metaTables/vocal_music_demucs_16k/metaData_MagnaTagATune/row942.csv
SKIPPING: metaTables/vocal_music_demucs_16k/metaData_MagnaTagATune/row943.csv
SKIPPING: metaTables/vocal_music_demucs_16k/metaData_MagnaTagATune/row944.csv
SKIPPING: metaTables/vocal_music_demucs_16k/metaData_MagnaTagATune/row945.csv
SKIPPING: metaTables/vocal_music_demucs_16k/metaData_MagnaTagATune/row946.csv
SKIPPING: metaTables/vocal_music_demucs_16k/metaData_MagnaTagATune/row947.csv
SKIPPING: metaTables/vocal_music_demucs_16k/metaData_MagnaTagATune/row948.csv
SKIPPING: metaTables/vocal_music_demucs_16k/metaData_MagnaTagATune/row949.csv
SKIPPING: metaTables/vocal_music_demucs_16k/metaData_MagnaTagATune/row950.csv
SKIPPING: metaTables/vocal_music_demucs_16k/metaData_MagnaTagATune/row951.csv
SKIPPING: metaTables/vocal_music_demucs_16k/metaData_MagnaTagATune/row952.csv
SKIPPING: metaTables/vocal_music_demucs_16k/metaData_MagnaTagATune/row953.csv
SKIPPING: metaTables/vocal_music_demucs_16k/metaData_MagnaTagATune/row954.csv
SKIPPING: metaTables/vocal_music_demucs_16k/metaData_MagnaTagATune/row955.csv
SKIPPING: metaTables/vocal_music_demucs_16k/metaData_MagnaTagATune/row956.csv
SKIPPING: metaTables/vocal_music_demucs_16k/metaData_MagnaTagATune/row957.csv
SKIPPING: metaTables/vocal_music_demucs_16k/metaData_MagnaTagATune/row958.csv
SKIPPING: metaTables/vocal_music_demucs_16k/metaData_MagnaTagATune/row959.csv
SKIPPING: metaTables/vocal_music_demucs_16k/metaData_MagnaTagATune/row960.csv
SKIPPING: metaTables/vocal_music_demucs_16k/metaData_MagnaTagATune/row961.csv
SKIPPING: metaTables/vocal_music_demucs_16k/metaData_MagnaTagATune/row962.csv
SKIPPING: metaTables/vocal_music_demucs_16k/metaData_MagnaTagATune/row963.csv
SKIPPING: metaTables/vocal_music_demucs_16k/metaData_MagnaTagATune/row964.csv
SKIPPING: metaTables/vocal_music_demucs_16k/metaData_MagnaTagATune/row965.csv
SKIPPING: metaTables/vocal_music_demucs_16k/metaData_MagnaTagATune/row966.csv
SKIPPING: metaTables/vocal_music_demucs_16k/metaData_MagnaTagATune/row967.csv
SKIPPING: metaTables/vocal_music_demucs_16k/metaData_MagnaTagATune/row968.csv
SKIPPING: metaTables/vocal_music_demucs_16k/metaData_MagnaTagATune/row969.csv
SKIPPING: metaTables/vocal_music_demucs_16k/metaData_MagnaTagATune/row970.csv
SKIPPING: metaTables/vocal_music_demucs_16k/metaData_MagnaTagATune/row971.csv
SKIPPING: metaTables/vocal_music_demucs_16k/metaData_MagnaTagATune/row972.csv
SKIPPING: metaTables/vocal_music_demucs_16k/metaData_MagnaTagATune/row973.csv
SKIPPING: metaTables/vocal_music_demucs_16k/metaData_MagnaTagATune/row974.csv
SKIPPING: metaTables/vocal_music_demucs_16k/metaData_MagnaTagATune/row975.csv
SKIPPING: metaTables/vocal_music_demucs_16k/metaData_MagnaTagATune/row976.csv
SKIPPING: metaTables/vocal_music_demucs_16k/metaData_MagnaTagATune/row977.csv
SKIPPING: metaTables/vocal_music_demucs_16k/metaData_MagnaTagATune/row978.csv
SKIPPING: metaTables/vocal_music_demucs_16k/metaData_MagnaTagATune/row979.csv
SKIPPING: metaTables/vocal_music_demucs_16k/metaData_MagnaTagATune/row980.csv
SKIPPING: metaTables/vocal_music_demucs_16k/metaData_MagnaTagATune/row981.csv
SKIPPING: metaTables/vocal_music_demucs_16k/metaData_MagnaTagATune/row982.csv
SKIPPING: metaTables/vocal_music_demucs_16k/metaData_MagnaTagATune/row983.csv
SKIPPING: metaTables/vocal_music_demucs_16k/metaData_MagnaTagATune/row984.csv
SKIPPING: metaTables/vocal_music_demucs_16k/metaData_MagnaTagATune/row985.csv
SKIPPING: metaTables/vocal_music_demucs_16k/metaData_MagnaTagATune/row986.csv
SKIPPING: metaTables/vocal_music_demucs_16k/metaData_MagnaTagATune/row987.csv
SKIPPING: metaTables/vocal_music_demucs_16k/metaData_MagnaTagATune/row988.csv
SKIPPING: metaTables/vocal_music_demucs_16k/metaData_MagnaTagATune/row989.csv
SKIPPING: metaTables/vocal_music_demucs_16k/metaData_MagnaTagATune/row990.csv
SKIPPING: metaTables/vocal_music_demucs_16k/metaData_MagnaTagATune/row991.csv
SKIPPING: metaTables/vocal_music_demucs_16k/metaData_MagnaTagATune/row992.csv
SKIPPING: metaTables/vocal_music_demucs_16k/metaData_MagnaTagATune/row993.csv
SKIPPING: metaTables/vocal_music_demucs_16k/metaData_MagnaTagATune/row994.csv
SKIPPING: metaTables/vocal_music_demucs_16k/metaData_MagnaTagATune/row995.csv
SKIPPING: metaTables/vocal_music_demucs_16k/metaData_MagnaTagATune/row996.csv
SKIPPING: metaTables/vocal_music_demucs_16k/metaData_MagnaTagATune/row997.csv
SKIPPING: metaTables/vocal_music_demucs_16k/metaData_MagnaTagATune/row998.csv
SKIPPING: metaTables/vocal_music_demucs_16k/metaData_MagnaTagATune/row999.csv
Demucs voice recognition done!
