/ext3/demucs/lib/python3.9/site-packages/demucs/api.py:27: UserWarning: TorchAudio's global backend is now deprecated. Please enable distpatcher by setting `TORCHAUDIO_USE_BACKEND_DISPATCHER=1`, and specify backend when calling load/info/save function.
  import torchaudio as ta
2024-05-09 09:25:23.355967: I tensorflow/core/util/port.cc:113] oneDNN custom operations are on. You may see slightly different numerical results due to floating-point round-off errors from different computation orders. To turn them off, set the environment variable `TF_ENABLE_ONEDNN_OPTS=0`.
2024-05-09 09:25:23.779101: E external/local_xla/xla/stream_executor/cuda/cuda_dnn.cc:9261] Unable to register cuDNN factory: Attempting to register factory for plugin cuDNN when one has already been registered
2024-05-09 09:25:23.779141: E external/local_xla/xla/stream_executor/cuda/cuda_fft.cc:607] Unable to register cuFFT factory: Attempting to register factory for plugin cuFFT when one has already been registered
2024-05-09 09:25:23.813491: E external/local_xla/xla/stream_executor/cuda/cuda_blas.cc:1515] Unable to register cuBLAS factory: Attempting to register factory for plugin cuBLAS when one has already been registered
2024-05-09 09:25:23.867994: I tensorflow/core/platform/cpu_feature_guard.cc:182] This TensorFlow binary is optimized to use available CPU instructions in performance-critical operations.
To enable the following instructions: AVX2 AVX512F AVX512_VNNI FMA, in other operations, rebuild TensorFlow with the appropriate compiler flags.
2024-05-09 09:25:24.745364: W tensorflow/compiler/tf2tensorrt/utils/py_utils.cc:38] TF-TRT Warning: Could not find TensorRT
SKIPPING: metaTables/vocal_music_demucs_16k/metaData_MagnaTagATune/row15600.csv
SKIPPING: metaTables/vocal_music_demucs_16k/metaData_MagnaTagATune/row15601.csv
SKIPPING: metaTables/vocal_music_demucs_16k/metaData_MagnaTagATune/row15602.csv
SKIPPING: metaTables/vocal_music_demucs_16k/metaData_MagnaTagATune/row15603.csv
SKIPPING: metaTables/vocal_music_demucs_16k/metaData_MagnaTagATune/row15604.csv
SKIPPING: metaTables/vocal_music_demucs_16k/metaData_MagnaTagATune/row15605.csv
SKIPPING: metaTables/vocal_music_demucs_16k/metaData_MagnaTagATune/row15606.csv
SKIPPING: metaTables/vocal_music_demucs_16k/metaData_MagnaTagATune/row15607.csv
SKIPPING: metaTables/vocal_music_demucs_16k/metaData_MagnaTagATune/row15608.csv
SKIPPING: metaTables/vocal_music_demucs_16k/metaData_MagnaTagATune/row15609.csv
SKIPPING: metaTables/vocal_music_demucs_16k/metaData_MagnaTagATune/row15610.csv
SKIPPING: metaTables/vocal_music_demucs_16k/metaData_MagnaTagATune/row15611.csv
SKIPPING: metaTables/vocal_music_demucs_16k/metaData_MagnaTagATune/row15612.csv
SKIPPING: metaTables/vocal_music_demucs_16k/metaData_MagnaTagATune/row15613.csv
SKIPPING: metaTables/vocal_music_demucs_16k/metaData_MagnaTagATune/row15614.csv
SKIPPING: metaTables/vocal_music_demucs_16k/metaData_MagnaTagATune/row15615.csv
SKIPPING: metaTables/vocal_music_demucs_16k/metaData_MagnaTagATune/row15616.csv
SKIPPING: metaTables/vocal_music_demucs_16k/metaData_MagnaTagATune/row15617.csv
SKIPPING: metaTables/vocal_music_demucs_16k/metaData_MagnaTagATune/row15618.csv
SKIPPING: metaTables/vocal_music_demucs_16k/metaData_MagnaTagATune/row15619.csv
SKIPPING: metaTables/vocal_music_demucs_16k/metaData_MagnaTagATune/row15620.csv
SKIPPING: metaTables/vocal_music_demucs_16k/metaData_MagnaTagATune/row15621.csv
SKIPPING: metaTables/vocal_music_demucs_16k/metaData_MagnaTagATune/row15622.csv
SKIPPING: metaTables/vocal_music_demucs_16k/metaData_MagnaTagATune/row15623.csv
SKIPPING: metaTables/vocal_music_demucs_16k/metaData_MagnaTagATune/row15624.csv
SKIPPING: metaTables/vocal_music_demucs_16k/metaData_MagnaTagATune/row15625.csv
SKIPPING: metaTables/vocal_music_demucs_16k/metaData_MagnaTagATune/row15626.csv
SKIPPING: metaTables/vocal_music_demucs_16k/metaData_MagnaTagATune/row15627.csv
SKIPPING: metaTables/vocal_music_demucs_16k/metaData_MagnaTagATune/row15628.csv
SKIPPING: metaTables/vocal_music_demucs_16k/metaData_MagnaTagATune/row15629.csv
SKIPPING: metaTables/vocal_music_demucs_16k/metaData_MagnaTagATune/row15630.csv
SKIPPING: metaTables/vocal_music_demucs_16k/metaData_MagnaTagATune/row15631.csv
SKIPPING: metaTables/vocal_music_demucs_16k/metaData_MagnaTagATune/row15632.csv
SKIPPING: metaTables/vocal_music_demucs_16k/metaData_MagnaTagATune/row15633.csv
SKIPPING: metaTables/vocal_music_demucs_16k/metaData_MagnaTagATune/row15634.csv
SKIPPING: metaTables/vocal_music_demucs_16k/metaData_MagnaTagATune/row15635.csv
SKIPPING: metaTables/vocal_music_demucs_16k/metaData_MagnaTagATune/row15636.csv
SKIPPING: metaTables/vocal_music_demucs_16k/metaData_MagnaTagATune/row15637.csv
SKIPPING: metaTables/vocal_music_demucs_16k/metaData_MagnaTagATune/row15638.csv
SKIPPING: metaTables/vocal_music_demucs_16k/metaData_MagnaTagATune/row15639.csv
SKIPPING: metaTables/vocal_music_demucs_16k/metaData_MagnaTagATune/row15640.csv
SKIPPING: metaTables/vocal_music_demucs_16k/metaData_MagnaTagATune/row15641.csv
SKIPPING: metaTables/vocal_music_demucs_16k/metaData_MagnaTagATune/row15642.csv
SKIPPING: metaTables/vocal_music_demucs_16k/metaData_MagnaTagATune/row15643.csv
SKIPPING: metaTables/vocal_music_demucs_16k/metaData_MagnaTagATune/row15644.csv
SKIPPING: metaTables/vocal_music_demucs_16k/metaData_MagnaTagATune/row15645.csv
SKIPPING: metaTables/vocal_music_demucs_16k/metaData_MagnaTagATune/row15646.csv
SKIPPING: metaTables/vocal_music_demucs_16k/metaData_MagnaTagATune/row15647.csv
SKIPPING: metaTables/vocal_music_demucs_16k/metaData_MagnaTagATune/row15648.csv
SKIPPING: metaTables/vocal_music_demucs_16k/metaData_MagnaTagATune/row15649.csv
SKIPPING: metaTables/vocal_music_demucs_16k/metaData_MagnaTagATune/row15650.csv
SKIPPING: metaTables/vocal_music_demucs_16k/metaData_MagnaTagATune/row15651.csv
SKIPPING: metaTables/vocal_music_demucs_16k/metaData_MagnaTagATune/row15652.csv
SKIPPING: metaTables/vocal_music_demucs_16k/metaData_MagnaTagATune/row15653.csv
SKIPPING: metaTables/vocal_music_demucs_16k/metaData_MagnaTagATune/row15654.csv
SKIPPING: metaTables/vocal_music_demucs_16k/metaData_MagnaTagATune/row15655.csv
SKIPPING: metaTables/vocal_music_demucs_16k/metaData_MagnaTagATune/row15656.csv
SKIPPING: metaTables/vocal_music_demucs_16k/metaData_MagnaTagATune/row15657.csv
SKIPPING: metaTables/vocal_music_demucs_16k/metaData_MagnaTagATune/row15658.csv
SKIPPING: metaTables/vocal_music_demucs_16k/metaData_MagnaTagATune/row15659.csv
SKIPPING: metaTables/vocal_music_demucs_16k/metaData_MagnaTagATune/row15660.csv
SKIPPING: metaTables/vocal_music_demucs_16k/metaData_MagnaTagATune/row15661.csv
SKIPPING: metaTables/vocal_music_demucs_16k/metaData_MagnaTagATune/row15662.csv
SKIPPING: metaTables/vocal_music_demucs_16k/metaData_MagnaTagATune/row15663.csv
SKIPPING: metaTables/vocal_music_demucs_16k/metaData_MagnaTagATune/row15664.csv
SKIPPING: metaTables/vocal_music_demucs_16k/metaData_MagnaTagATune/row15665.csv
SKIPPING: metaTables/vocal_music_demucs_16k/metaData_MagnaTagATune/row15666.csv
SKIPPING: metaTables/vocal_music_demucs_16k/metaData_MagnaTagATune/row15667.csv
SKIPPING: metaTables/vocal_music_demucs_16k/metaData_MagnaTagATune/row15668.csv
SKIPPING: metaTables/vocal_music_demucs_16k/metaData_MagnaTagATune/row15669.csv
SKIPPING: metaTables/vocal_music_demucs_16k/metaData_MagnaTagATune/row15670.csv
SKIPPING: metaTables/vocal_music_demucs_16k/metaData_MagnaTagATune/row15671.csv
SKIPPING: metaTables/vocal_music_demucs_16k/metaData_MagnaTagATune/row15672.csv
SKIPPING: metaTables/vocal_music_demucs_16k/metaData_MagnaTagATune/row15673.csv
SKIPPING: metaTables/vocal_music_demucs_16k/metaData_MagnaTagATune/row15674.csv
SKIPPING: metaTables/vocal_music_demucs_16k/metaData_MagnaTagATune/row15675.csv
SKIPPING: metaTables/vocal_music_demucs_16k/metaData_MagnaTagATune/row15676.csv
SKIPPING: metaTables/vocal_music_demucs_16k/metaData_MagnaTagATune/row15677.csv
SKIPPING: metaTables/vocal_music_demucs_16k/metaData_MagnaTagATune/row15678.csv
SKIPPING: metaTables/vocal_music_demucs_16k/metaData_MagnaTagATune/row15679.csv
SKIPPING: metaTables/vocal_music_demucs_16k/metaData_MagnaTagATune/row15680.csv
SKIPPING: metaTables/vocal_music_demucs_16k/metaData_MagnaTagATune/row15681.csv
SKIPPING: metaTables/vocal_music_demucs_16k/metaData_MagnaTagATune/row15682.csv
SKIPPING: metaTables/vocal_music_demucs_16k/metaData_MagnaTagATune/row15683.csv
SKIPPING: metaTables/vocal_music_demucs_16k/metaData_MagnaTagATune/row15684.csv
SKIPPING: metaTables/vocal_music_demucs_16k/metaData_MagnaTagATune/row15685.csv
SKIPPING: metaTables/vocal_music_demucs_16k/metaData_MagnaTagATune/row15686.csv
SKIPPING: metaTables/vocal_music_demucs_16k/metaData_MagnaTagATune/row15687.csv
SKIPPING: metaTables/vocal_music_demucs_16k/metaData_MagnaTagATune/row15688.csv
SKIPPING: metaTables/vocal_music_demucs_16k/metaData_MagnaTagATune/row15689.csv
SKIPPING: metaTables/vocal_music_demucs_16k/metaData_MagnaTagATune/row15690.csv
SKIPPING: metaTables/vocal_music_demucs_16k/metaData_MagnaTagATune/row15691.csv
SKIPPING: metaTables/vocal_music_demucs_16k/metaData_MagnaTagATune/row15692.csv
SKIPPING: metaTables/vocal_music_demucs_16k/metaData_MagnaTagATune/row15693.csv
SKIPPING: metaTables/vocal_music_demucs_16k/metaData_MagnaTagATune/row15694.csv
SKIPPING: metaTables/vocal_music_demucs_16k/metaData_MagnaTagATune/row15695.csv
SKIPPING: metaTables/vocal_music_demucs_16k/metaData_MagnaTagATune/row15696.csv
SKIPPING: metaTables/vocal_music_demucs_16k/metaData_MagnaTagATune/row15697.csv
SKIPPING: metaTables/vocal_music_demucs_16k/metaData_MagnaTagATune/row15698.csv
SKIPPING: metaTables/vocal_music_demucs_16k/metaData_MagnaTagATune/row15699.csv
Demucs voice recognition done!
