/ext3/demucs/lib/python3.9/site-packages/demucs/api.py:27: UserWarning: TorchAudio's global backend is now deprecated. Please enable distpatcher by setting `TORCHAUDIO_USE_BACKEND_DISPATCHER=1`, and specify backend when calling load/info/save function.
  import torchaudio as ta
2024-05-09 09:25:22.307791: I tensorflow/core/util/port.cc:113] oneDNN custom operations are on. You may see slightly different numerical results due to floating-point round-off errors from different computation orders. To turn them off, set the environment variable `TF_ENABLE_ONEDNN_OPTS=0`.
2024-05-09 09:25:23.795319: E external/local_xla/xla/stream_executor/cuda/cuda_dnn.cc:9261] Unable to register cuDNN factory: Attempting to register factory for plugin cuDNN when one has already been registered
2024-05-09 09:25:23.795357: E external/local_xla/xla/stream_executor/cuda/cuda_fft.cc:607] Unable to register cuFFT factory: Attempting to register factory for plugin cuFFT when one has already been registered
2024-05-09 09:25:23.832270: E external/local_xla/xla/stream_executor/cuda/cuda_blas.cc:1515] Unable to register cuBLAS factory: Attempting to register factory for plugin cuBLAS when one has already been registered
2024-05-09 09:25:23.881807: I tensorflow/core/platform/cpu_feature_guard.cc:182] This TensorFlow binary is optimized to use available CPU instructions in performance-critical operations.
To enable the following instructions: AVX2 AVX512F AVX512_VNNI FMA, in other operations, rebuild TensorFlow with the appropriate compiler flags.
2024-05-09 09:25:24.799728: W tensorflow/compiler/tf2tensorrt/utils/py_utils.cc:38] TF-TRT Warning: Could not find TensorRT
SKIPPING: metaTables/vocal_music_demucs_16k/metaData_MagnaTagATune/row7300.csv
SKIPPING: metaTables/vocal_music_demucs_16k/metaData_MagnaTagATune/row7301.csv
SKIPPING: metaTables/vocal_music_demucs_16k/metaData_MagnaTagATune/row7302.csv
SKIPPING: metaTables/vocal_music_demucs_16k/metaData_MagnaTagATune/row7303.csv
SKIPPING: metaTables/vocal_music_demucs_16k/metaData_MagnaTagATune/row7304.csv
SKIPPING: metaTables/vocal_music_demucs_16k/metaData_MagnaTagATune/row7305.csv
SKIPPING: metaTables/vocal_music_demucs_16k/metaData_MagnaTagATune/row7306.csv
SKIPPING: metaTables/vocal_music_demucs_16k/metaData_MagnaTagATune/row7307.csv
SKIPPING: metaTables/vocal_music_demucs_16k/metaData_MagnaTagATune/row7308.csv
SKIPPING: metaTables/vocal_music_demucs_16k/metaData_MagnaTagATune/row7309.csv
SKIPPING: metaTables/vocal_music_demucs_16k/metaData_MagnaTagATune/row7310.csv
SKIPPING: metaTables/vocal_music_demucs_16k/metaData_MagnaTagATune/row7311.csv
SKIPPING: metaTables/vocal_music_demucs_16k/metaData_MagnaTagATune/row7312.csv
SKIPPING: metaTables/vocal_music_demucs_16k/metaData_MagnaTagATune/row7313.csv
SKIPPING: metaTables/vocal_music_demucs_16k/metaData_MagnaTagATune/row7314.csv
SKIPPING: metaTables/vocal_music_demucs_16k/metaData_MagnaTagATune/row7315.csv
SKIPPING: metaTables/vocal_music_demucs_16k/metaData_MagnaTagATune/row7316.csv
SKIPPING: metaTables/vocal_music_demucs_16k/metaData_MagnaTagATune/row7317.csv
SKIPPING: metaTables/vocal_music_demucs_16k/metaData_MagnaTagATune/row7318.csv
SKIPPING: metaTables/vocal_music_demucs_16k/metaData_MagnaTagATune/row7319.csv
SKIPPING: metaTables/vocal_music_demucs_16k/metaData_MagnaTagATune/row7320.csv
SKIPPING: metaTables/vocal_music_demucs_16k/metaData_MagnaTagATune/row7321.csv
SKIPPING: metaTables/vocal_music_demucs_16k/metaData_MagnaTagATune/row7322.csv
SKIPPING: metaTables/vocal_music_demucs_16k/metaData_MagnaTagATune/row7323.csv
SKIPPING: metaTables/vocal_music_demucs_16k/metaData_MagnaTagATune/row7324.csv
SKIPPING: metaTables/vocal_music_demucs_16k/metaData_MagnaTagATune/row7325.csv
SKIPPING: metaTables/vocal_music_demucs_16k/metaData_MagnaTagATune/row7326.csv
SKIPPING: metaTables/vocal_music_demucs_16k/metaData_MagnaTagATune/row7327.csv
SKIPPING: metaTables/vocal_music_demucs_16k/metaData_MagnaTagATune/row7328.csv
SKIPPING: metaTables/vocal_music_demucs_16k/metaData_MagnaTagATune/row7329.csv
SKIPPING: metaTables/vocal_music_demucs_16k/metaData_MagnaTagATune/row7330.csv
SKIPPING: metaTables/vocal_music_demucs_16k/metaData_MagnaTagATune/row7331.csv
SKIPPING: metaTables/vocal_music_demucs_16k/metaData_MagnaTagATune/row7332.csv
SKIPPING: metaTables/vocal_music_demucs_16k/metaData_MagnaTagATune/row7333.csv
SKIPPING: metaTables/vocal_music_demucs_16k/metaData_MagnaTagATune/row7334.csv
SKIPPING: metaTables/vocal_music_demucs_16k/metaData_MagnaTagATune/row7335.csv
SKIPPING: metaTables/vocal_music_demucs_16k/metaData_MagnaTagATune/row7336.csv
SKIPPING: metaTables/vocal_music_demucs_16k/metaData_MagnaTagATune/row7337.csv
SKIPPING: metaTables/vocal_music_demucs_16k/metaData_MagnaTagATune/row7338.csv
SKIPPING: metaTables/vocal_music_demucs_16k/metaData_MagnaTagATune/row7339.csv
SKIPPING: metaTables/vocal_music_demucs_16k/metaData_MagnaTagATune/row7340.csv
SKIPPING: metaTables/vocal_music_demucs_16k/metaData_MagnaTagATune/row7341.csv
SKIPPING: metaTables/vocal_music_demucs_16k/metaData_MagnaTagATune/row7342.csv
SKIPPING: metaTables/vocal_music_demucs_16k/metaData_MagnaTagATune/row7343.csv
SKIPPING: metaTables/vocal_music_demucs_16k/metaData_MagnaTagATune/row7344.csv
SKIPPING: metaTables/vocal_music_demucs_16k/metaData_MagnaTagATune/row7345.csv
SKIPPING: metaTables/vocal_music_demucs_16k/metaData_MagnaTagATune/row7346.csv
SKIPPING: metaTables/vocal_music_demucs_16k/metaData_MagnaTagATune/row7347.csv
SKIPPING: metaTables/vocal_music_demucs_16k/metaData_MagnaTagATune/row7348.csv
SKIPPING: metaTables/vocal_music_demucs_16k/metaData_MagnaTagATune/row7349.csv
SKIPPING: metaTables/vocal_music_demucs_16k/metaData_MagnaTagATune/row7350.csv
SKIPPING: metaTables/vocal_music_demucs_16k/metaData_MagnaTagATune/row7351.csv
SKIPPING: metaTables/vocal_music_demucs_16k/metaData_MagnaTagATune/row7352.csv
SKIPPING: metaTables/vocal_music_demucs_16k/metaData_MagnaTagATune/row7353.csv
SKIPPING: metaTables/vocal_music_demucs_16k/metaData_MagnaTagATune/row7354.csv
SKIPPING: metaTables/vocal_music_demucs_16k/metaData_MagnaTagATune/row7355.csv
SKIPPING: metaTables/vocal_music_demucs_16k/metaData_MagnaTagATune/row7356.csv
SKIPPING: metaTables/vocal_music_demucs_16k/metaData_MagnaTagATune/row7357.csv
SKIPPING: metaTables/vocal_music_demucs_16k/metaData_MagnaTagATune/row7358.csv
SKIPPING: metaTables/vocal_music_demucs_16k/metaData_MagnaTagATune/row7359.csv
SKIPPING: metaTables/vocal_music_demucs_16k/metaData_MagnaTagATune/row7360.csv
SKIPPING: metaTables/vocal_music_demucs_16k/metaData_MagnaTagATune/row7361.csv
SKIPPING: metaTables/vocal_music_demucs_16k/metaData_MagnaTagATune/row7362.csv
SKIPPING: metaTables/vocal_music_demucs_16k/metaData_MagnaTagATune/row7363.csv
SKIPPING: metaTables/vocal_music_demucs_16k/metaData_MagnaTagATune/row7364.csv
SKIPPING: metaTables/vocal_music_demucs_16k/metaData_MagnaTagATune/row7365.csv
SKIPPING: metaTables/vocal_music_demucs_16k/metaData_MagnaTagATune/row7366.csv
SKIPPING: metaTables/vocal_music_demucs_16k/metaData_MagnaTagATune/row7367.csv
SKIPPING: metaTables/vocal_music_demucs_16k/metaData_MagnaTagATune/row7368.csv
SKIPPING: metaTables/vocal_music_demucs_16k/metaData_MagnaTagATune/row7369.csv
SKIPPING: metaTables/vocal_music_demucs_16k/metaData_MagnaTagATune/row7370.csv
SKIPPING: metaTables/vocal_music_demucs_16k/metaData_MagnaTagATune/row7371.csv
SKIPPING: metaTables/vocal_music_demucs_16k/metaData_MagnaTagATune/row7372.csv
SKIPPING: metaTables/vocal_music_demucs_16k/metaData_MagnaTagATune/row7373.csv
SKIPPING: metaTables/vocal_music_demucs_16k/metaData_MagnaTagATune/row7374.csv
SKIPPING: metaTables/vocal_music_demucs_16k/metaData_MagnaTagATune/row7375.csv
SKIPPING: metaTables/vocal_music_demucs_16k/metaData_MagnaTagATune/row7376.csv
SKIPPING: metaTables/vocal_music_demucs_16k/metaData_MagnaTagATune/row7377.csv
SKIPPING: metaTables/vocal_music_demucs_16k/metaData_MagnaTagATune/row7378.csv
SKIPPING: metaTables/vocal_music_demucs_16k/metaData_MagnaTagATune/row7379.csv
SKIPPING: metaTables/vocal_music_demucs_16k/metaData_MagnaTagATune/row7380.csv
SKIPPING: metaTables/vocal_music_demucs_16k/metaData_MagnaTagATune/row7381.csv
SKIPPING: metaTables/vocal_music_demucs_16k/metaData_MagnaTagATune/row7382.csv
SKIPPING: metaTables/vocal_music_demucs_16k/metaData_MagnaTagATune/row7383.csv
SKIPPING: metaTables/vocal_music_demucs_16k/metaData_MagnaTagATune/row7384.csv
SKIPPING: metaTables/vocal_music_demucs_16k/metaData_MagnaTagATune/row7385.csv
SKIPPING: metaTables/vocal_music_demucs_16k/metaData_MagnaTagATune/row7386.csv
SKIPPING: metaTables/vocal_music_demucs_16k/metaData_MagnaTagATune/row7387.csv
SKIPPING: metaTables/vocal_music_demucs_16k/metaData_MagnaTagATune/row7388.csv
SKIPPING: metaTables/vocal_music_demucs_16k/metaData_MagnaTagATune/row7389.csv
SKIPPING: metaTables/vocal_music_demucs_16k/metaData_MagnaTagATune/row7390.csv
SKIPPING: metaTables/vocal_music_demucs_16k/metaData_MagnaTagATune/row7391.csv
SKIPPING: metaTables/vocal_music_demucs_16k/metaData_MagnaTagATune/row7392.csv
SKIPPING: metaTables/vocal_music_demucs_16k/metaData_MagnaTagATune/row7393.csv
SKIPPING: metaTables/vocal_music_demucs_16k/metaData_MagnaTagATune/row7394.csv
SKIPPING: metaTables/vocal_music_demucs_16k/metaData_MagnaTagATune/row7395.csv
SKIPPING: metaTables/vocal_music_demucs_16k/metaData_MagnaTagATune/row7396.csv
SKIPPING: metaTables/vocal_music_demucs_16k/metaData_MagnaTagATune/row7397.csv
SKIPPING: metaTables/vocal_music_demucs_16k/metaData_MagnaTagATune/row7398.csv
SKIPPING: metaTables/vocal_music_demucs_16k/metaData_MagnaTagATune/row7399.csv
Demucs voice recognition done!
