/ext3/demucs/lib/python3.9/site-packages/demucs/api.py:27: UserWarning: TorchAudio's global backend is now deprecated. Please enable distpatcher by setting `TORCHAUDIO_USE_BACKEND_DISPATCHER=1`, and specify backend when calling load/info/save function.
  import torchaudio as ta
2024-05-09 09:25:44.485712: I tensorflow/core/util/port.cc:113] oneDNN custom operations are on. You may see slightly different numerical results due to floating-point round-off errors from different computation orders. To turn them off, set the environment variable `TF_ENABLE_ONEDNN_OPTS=0`.
2024-05-09 09:25:47.250567: E external/local_xla/xla/stream_executor/cuda/cuda_dnn.cc:9261] Unable to register cuDNN factory: Attempting to register factory for plugin cuDNN when one has already been registered
2024-05-09 09:25:47.250618: E external/local_xla/xla/stream_executor/cuda/cuda_fft.cc:607] Unable to register cuFFT factory: Attempting to register factory for plugin cuFFT when one has already been registered
2024-05-09 09:25:47.638818: E external/local_xla/xla/stream_executor/cuda/cuda_blas.cc:1515] Unable to register cuBLAS factory: Attempting to register factory for plugin cuBLAS when one has already been registered
2024-05-09 09:25:47.895320: I tensorflow/core/platform/cpu_feature_guard.cc:182] This TensorFlow binary is optimized to use available CPU instructions in performance-critical operations.
To enable the following instructions: AVX2 AVX512F AVX512_VNNI FMA, in other operations, rebuild TensorFlow with the appropriate compiler flags.
2024-05-09 09:25:50.921709: W tensorflow/compiler/tf2tensorrt/utils/py_utils.cc:38] TF-TRT Warning: Could not find TensorRT
SKIPPING: metaTables/vocal_music_demucs_16k/metaData_MagnaTagATune/row800.csv
SKIPPING: metaTables/vocal_music_demucs_16k/metaData_MagnaTagATune/row801.csv
SKIPPING: metaTables/vocal_music_demucs_16k/metaData_MagnaTagATune/row802.csv
SKIPPING: metaTables/vocal_music_demucs_16k/metaData_MagnaTagATune/row803.csv
SKIPPING: metaTables/vocal_music_demucs_16k/metaData_MagnaTagATune/row804.csv
SKIPPING: metaTables/vocal_music_demucs_16k/metaData_MagnaTagATune/row805.csv
SKIPPING: metaTables/vocal_music_demucs_16k/metaData_MagnaTagATune/row806.csv
SKIPPING: metaTables/vocal_music_demucs_16k/metaData_MagnaTagATune/row807.csv
SKIPPING: metaTables/vocal_music_demucs_16k/metaData_MagnaTagATune/row808.csv
SKIPPING: metaTables/vocal_music_demucs_16k/metaData_MagnaTagATune/row809.csv
SKIPPING: metaTables/vocal_music_demucs_16k/metaData_MagnaTagATune/row810.csv
SKIPPING: metaTables/vocal_music_demucs_16k/metaData_MagnaTagATune/row811.csv
SKIPPING: metaTables/vocal_music_demucs_16k/metaData_MagnaTagATune/row812.csv
SKIPPING: metaTables/vocal_music_demucs_16k/metaData_MagnaTagATune/row813.csv
SKIPPING: metaTables/vocal_music_demucs_16k/metaData_MagnaTagATune/row814.csv
SKIPPING: metaTables/vocal_music_demucs_16k/metaData_MagnaTagATune/row815.csv
SKIPPING: metaTables/vocal_music_demucs_16k/metaData_MagnaTagATune/row816.csv
SKIPPING: metaTables/vocal_music_demucs_16k/metaData_MagnaTagATune/row817.csv
SKIPPING: metaTables/vocal_music_demucs_16k/metaData_MagnaTagATune/row818.csv
SKIPPING: metaTables/vocal_music_demucs_16k/metaData_MagnaTagATune/row819.csv
SKIPPING: metaTables/vocal_music_demucs_16k/metaData_MagnaTagATune/row820.csv
SKIPPING: metaTables/vocal_music_demucs_16k/metaData_MagnaTagATune/row821.csv
SKIPPING: metaTables/vocal_music_demucs_16k/metaData_MagnaTagATune/row822.csv
SKIPPING: metaTables/vocal_music_demucs_16k/metaData_MagnaTagATune/row823.csv
SKIPPING: metaTables/vocal_music_demucs_16k/metaData_MagnaTagATune/row824.csv
SKIPPING: metaTables/vocal_music_demucs_16k/metaData_MagnaTagATune/row825.csv
SKIPPING: metaTables/vocal_music_demucs_16k/metaData_MagnaTagATune/row826.csv
SKIPPING: metaTables/vocal_music_demucs_16k/metaData_MagnaTagATune/row827.csv
SKIPPING: metaTables/vocal_music_demucs_16k/metaData_MagnaTagATune/row828.csv
SKIPPING: metaTables/vocal_music_demucs_16k/metaData_MagnaTagATune/row829.csv
SKIPPING: metaTables/vocal_music_demucs_16k/metaData_MagnaTagATune/row830.csv
SKIPPING: metaTables/vocal_music_demucs_16k/metaData_MagnaTagATune/row831.csv
SKIPPING: metaTables/vocal_music_demucs_16k/metaData_MagnaTagATune/row832.csv
SKIPPING: metaTables/vocal_music_demucs_16k/metaData_MagnaTagATune/row833.csv
SKIPPING: metaTables/vocal_music_demucs_16k/metaData_MagnaTagATune/row834.csv
SKIPPING: metaTables/vocal_music_demucs_16k/metaData_MagnaTagATune/row835.csv
SKIPPING: metaTables/vocal_music_demucs_16k/metaData_MagnaTagATune/row836.csv
SKIPPING: metaTables/vocal_music_demucs_16k/metaData_MagnaTagATune/row837.csv
SKIPPING: metaTables/vocal_music_demucs_16k/metaData_MagnaTagATune/row838.csv
SKIPPING: metaTables/vocal_music_demucs_16k/metaData_MagnaTagATune/row839.csv
SKIPPING: metaTables/vocal_music_demucs_16k/metaData_MagnaTagATune/row840.csv
SKIPPING: metaTables/vocal_music_demucs_16k/metaData_MagnaTagATune/row841.csv
SKIPPING: metaTables/vocal_music_demucs_16k/metaData_MagnaTagATune/row842.csv
SKIPPING: metaTables/vocal_music_demucs_16k/metaData_MagnaTagATune/row843.csv
SKIPPING: metaTables/vocal_music_demucs_16k/metaData_MagnaTagATune/row844.csv
SKIPPING: metaTables/vocal_music_demucs_16k/metaData_MagnaTagATune/row845.csv
SKIPPING: metaTables/vocal_music_demucs_16k/metaData_MagnaTagATune/row846.csv
SKIPPING: metaTables/vocal_music_demucs_16k/metaData_MagnaTagATune/row847.csv
SKIPPING: metaTables/vocal_music_demucs_16k/metaData_MagnaTagATune/row848.csv
SKIPPING: metaTables/vocal_music_demucs_16k/metaData_MagnaTagATune/row849.csv
SKIPPING: metaTables/vocal_music_demucs_16k/metaData_MagnaTagATune/row850.csv
SKIPPING: metaTables/vocal_music_demucs_16k/metaData_MagnaTagATune/row851.csv
SKIPPING: metaTables/vocal_music_demucs_16k/metaData_MagnaTagATune/row852.csv
SKIPPING: metaTables/vocal_music_demucs_16k/metaData_MagnaTagATune/row853.csv
SKIPPING: metaTables/vocal_music_demucs_16k/metaData_MagnaTagATune/row854.csv
SKIPPING: metaTables/vocal_music_demucs_16k/metaData_MagnaTagATune/row855.csv
SKIPPING: metaTables/vocal_music_demucs_16k/metaData_MagnaTagATune/row856.csv
SKIPPING: metaTables/vocal_music_demucs_16k/metaData_MagnaTagATune/row857.csv
SKIPPING: metaTables/vocal_music_demucs_16k/metaData_MagnaTagATune/row858.csv
SKIPPING: metaTables/vocal_music_demucs_16k/metaData_MagnaTagATune/row859.csv
SKIPPING: metaTables/vocal_music_demucs_16k/metaData_MagnaTagATune/row860.csv
SKIPPING: metaTables/vocal_music_demucs_16k/metaData_MagnaTagATune/row861.csv
SKIPPING: metaTables/vocal_music_demucs_16k/metaData_MagnaTagATune/row862.csv
SKIPPING: metaTables/vocal_music_demucs_16k/metaData_MagnaTagATune/row863.csv
SKIPPING: metaTables/vocal_music_demucs_16k/metaData_MagnaTagATune/row864.csv
SKIPPING: metaTables/vocal_music_demucs_16k/metaData_MagnaTagATune/row865.csv
SKIPPING: metaTables/vocal_music_demucs_16k/metaData_MagnaTagATune/row866.csv
SKIPPING: metaTables/vocal_music_demucs_16k/metaData_MagnaTagATune/row867.csv
SKIPPING: metaTables/vocal_music_demucs_16k/metaData_MagnaTagATune/row868.csv
SKIPPING: metaTables/vocal_music_demucs_16k/metaData_MagnaTagATune/row869.csv
SKIPPING: metaTables/vocal_music_demucs_16k/metaData_MagnaTagATune/row870.csv
SKIPPING: metaTables/vocal_music_demucs_16k/metaData_MagnaTagATune/row871.csv
SKIPPING: metaTables/vocal_music_demucs_16k/metaData_MagnaTagATune/row872.csv
SKIPPING: metaTables/vocal_music_demucs_16k/metaData_MagnaTagATune/row873.csv
SKIPPING: metaTables/vocal_music_demucs_16k/metaData_MagnaTagATune/row874.csv
SKIPPING: metaTables/vocal_music_demucs_16k/metaData_MagnaTagATune/row875.csv
SKIPPING: metaTables/vocal_music_demucs_16k/metaData_MagnaTagATune/row876.csv
SKIPPING: metaTables/vocal_music_demucs_16k/metaData_MagnaTagATune/row877.csv
SKIPPING: metaTables/vocal_music_demucs_16k/metaData_MagnaTagATune/row878.csv
SKIPPING: metaTables/vocal_music_demucs_16k/metaData_MagnaTagATune/row879.csv
SKIPPING: metaTables/vocal_music_demucs_16k/metaData_MagnaTagATune/row880.csv
SKIPPING: metaTables/vocal_music_demucs_16k/metaData_MagnaTagATune/row881.csv
SKIPPING: metaTables/vocal_music_demucs_16k/metaData_MagnaTagATune/row882.csv
SKIPPING: metaTables/vocal_music_demucs_16k/metaData_MagnaTagATune/row883.csv
SKIPPING: metaTables/vocal_music_demucs_16k/metaData_MagnaTagATune/row884.csv
SKIPPING: metaTables/vocal_music_demucs_16k/metaData_MagnaTagATune/row885.csv
SKIPPING: metaTables/vocal_music_demucs_16k/metaData_MagnaTagATune/row886.csv
SKIPPING: metaTables/vocal_music_demucs_16k/metaData_MagnaTagATune/row887.csv
SKIPPING: metaTables/vocal_music_demucs_16k/metaData_MagnaTagATune/row888.csv
SKIPPING: metaTables/vocal_music_demucs_16k/metaData_MagnaTagATune/row889.csv
SKIPPING: metaTables/vocal_music_demucs_16k/metaData_MagnaTagATune/row890.csv
SKIPPING: metaTables/vocal_music_demucs_16k/metaData_MagnaTagATune/row891.csv
SKIPPING: metaTables/vocal_music_demucs_16k/metaData_MagnaTagATune/row892.csv
SKIPPING: metaTables/vocal_music_demucs_16k/metaData_MagnaTagATune/row893.csv
SKIPPING: metaTables/vocal_music_demucs_16k/metaData_MagnaTagATune/row894.csv
SKIPPING: metaTables/vocal_music_demucs_16k/metaData_MagnaTagATune/row895.csv
SKIPPING: metaTables/vocal_music_demucs_16k/metaData_MagnaTagATune/row896.csv
SKIPPING: metaTables/vocal_music_demucs_16k/metaData_MagnaTagATune/row897.csv
SKIPPING: metaTables/vocal_music_demucs_16k/metaData_MagnaTagATune/row898.csv
SKIPPING: metaTables/vocal_music_demucs_16k/metaData_MagnaTagATune/row899.csv
Demucs voice recognition done!
