/ext3/demucs/lib/python3.9/site-packages/demucs/api.py:27: UserWarning: TorchAudio's global backend is now deprecated. Please enable distpatcher by setting `TORCHAUDIO_USE_BACKEND_DISPATCHER=1`, and specify backend when calling load/info/save function.
  import torchaudio as ta
2024-05-09 00:22:34.032148: I tensorflow/core/util/port.cc:113] oneDNN custom operations are on. You may see slightly different numerical results due to floating-point round-off errors from different computation orders. To turn them off, set the environment variable `TF_ENABLE_ONEDNN_OPTS=0`.
2024-05-09 00:22:36.594568: E external/local_xla/xla/stream_executor/cuda/cuda_dnn.cc:9261] Unable to register cuDNN factory: Attempting to register factory for plugin cuDNN when one has already been registered
2024-05-09 00:22:36.594612: E external/local_xla/xla/stream_executor/cuda/cuda_fft.cc:607] Unable to register cuFFT factory: Attempting to register factory for plugin cuFFT when one has already been registered
2024-05-09 00:22:36.758194: E external/local_xla/xla/stream_executor/cuda/cuda_blas.cc:1515] Unable to register cuBLAS factory: Attempting to register factory for plugin cuBLAS when one has already been registered
2024-05-09 00:22:37.050337: I tensorflow/core/platform/cpu_feature_guard.cc:182] This TensorFlow binary is optimized to use available CPU instructions in performance-critical operations.
To enable the following instructions: AVX2 AVX512F AVX512_VNNI FMA, in other operations, rebuild TensorFlow with the appropriate compiler flags.
2024-05-09 00:22:40.495825: W tensorflow/compiler/tf2tensorrt/utils/py_utils.cc:38] TF-TRT Warning: Could not find TensorRT
Execution time: 30.620349884033203 seconds
metaTables/vocal_music_demucs_16k/metaData_MagnaTagATune/row6600.csv
Execution time: 26.452609062194824 seconds
metaTables/vocal_music_demucs_16k/metaData_MagnaTagATune/row6601.csv
Execution time: 26.57111692428589 seconds
metaTables/vocal_music_demucs_16k/metaData_MagnaTagATune/row6602.csv
Execution time: 29.01471257209778 seconds
metaTables/vocal_music_demucs_16k/metaData_MagnaTagATune/row6603.csv
Execution time: 30.204546451568604 seconds
metaTables/vocal_music_demucs_16k/metaData_MagnaTagATune/row6604.csv
Execution time: 30.42015504837036 seconds
metaTables/vocal_music_demucs_16k/metaData_MagnaTagATune/row6605.csv
Execution time: 28.67778992652893 seconds
metaTables/vocal_music_demucs_16k/metaData_MagnaTagATune/row6606.csv
Execution time: 29.54167366027832 seconds
metaTables/vocal_music_demucs_16k/metaData_MagnaTagATune/row6607.csv
Execution time: 28.568206310272217 seconds
metaTables/vocal_music_demucs_16k/metaData_MagnaTagATune/row6608.csv
Execution time: 28.323965311050415 seconds
metaTables/vocal_music_demucs_16k/metaData_MagnaTagATune/row6609.csv
Execution time: 33.08482885360718 seconds
metaTables/vocal_music_demucs_16k/metaData_MagnaTagATune/row6610.csv
Execution time: 30.726884841918945 seconds
metaTables/vocal_music_demucs_16k/metaData_MagnaTagATune/row6611.csv
Execution time: 28.855805158615112 seconds
metaTables/vocal_music_demucs_16k/metaData_MagnaTagATune/row6612.csv
Execution time: 29.45300841331482 seconds
metaTables/vocal_music_demucs_16k/metaData_MagnaTagATune/row6613.csv
Execution time: 29.44357419013977 seconds
metaTables/vocal_music_demucs_16k/metaData_MagnaTagATune/row6614.csv
Execution time: 28.686275005340576 seconds
metaTables/vocal_music_demucs_16k/metaData_MagnaTagATune/row6615.csv
Execution time: 29.979734897613525 seconds
metaTables/vocal_music_demucs_16k/metaData_MagnaTagATune/row6616.csv
Execution time: 29.49545192718506 seconds
metaTables/vocal_music_demucs_16k/metaData_MagnaTagATune/row6617.csv
Execution time: 29.83746361732483 seconds
metaTables/vocal_music_demucs_16k/metaData_MagnaTagATune/row6618.csv
Execution time: 28.548483848571777 seconds
metaTables/vocal_music_demucs_16k/metaData_MagnaTagATune/row6619.csv
Execution time: 29.215411901474 seconds
metaTables/vocal_music_demucs_16k/metaData_MagnaTagATune/row6620.csv
Execution time: 28.574392318725586 seconds
metaTables/vocal_music_demucs_16k/metaData_MagnaTagATune/row6621.csv
Execution time: 28.97674822807312 seconds
metaTables/vocal_music_demucs_16k/metaData_MagnaTagATune/row6622.csv
Execution time: 28.869788646697998 seconds
metaTables/vocal_music_demucs_16k/metaData_MagnaTagATune/row6623.csv
Execution time: 29.303374528884888 seconds
metaTables/vocal_music_demucs_16k/metaData_MagnaTagATune/row6624.csv
Execution time: 29.880690336227417 seconds
metaTables/vocal_music_demucs_16k/metaData_MagnaTagATune/row6625.csv
Execution time: 29.672480821609497 seconds
metaTables/vocal_music_demucs_16k/metaData_MagnaTagATune/row6626.csv
Execution time: 29.683857679367065 seconds
metaTables/vocal_music_demucs_16k/metaData_MagnaTagATune/row6627.csv
Execution time: 28.736475467681885 seconds
metaTables/vocal_music_demucs_16k/metaData_MagnaTagATune/row6628.csv
Execution time: 28.824918031692505 seconds
metaTables/vocal_music_demucs_16k/metaData_MagnaTagATune/row6629.csv
Execution time: 29.725422382354736 seconds
metaTables/vocal_music_demucs_16k/metaData_MagnaTagATune/row6630.csv
Execution time: 29.164419412612915 seconds
metaTables/vocal_music_demucs_16k/metaData_MagnaTagATune/row6631.csv
Execution time: 28.78015160560608 seconds
metaTables/vocal_music_demucs_16k/metaData_MagnaTagATune/row6632.csv
Execution time: 30.8450984954834 seconds
metaTables/vocal_music_demucs_16k/metaData_MagnaTagATune/row6633.csv
Execution time: 29.881492137908936 seconds
metaTables/vocal_music_demucs_16k/metaData_MagnaTagATune/row6634.csv
Execution time: 28.504995584487915 seconds
metaTables/vocal_music_demucs_16k/metaData_MagnaTagATune/row6635.csv
Execution time: 30.555447340011597 seconds
metaTables/vocal_music_demucs_16k/metaData_MagnaTagATune/row6636.csv
Execution time: 29.51126265525818 seconds
metaTables/vocal_music_demucs_16k/metaData_MagnaTagATune/row6637.csv
Execution time: 29.770129203796387 seconds
metaTables/vocal_music_demucs_16k/metaData_MagnaTagATune/row6638.csv
Execution time: 29.18038272857666 seconds
metaTables/vocal_music_demucs_16k/metaData_MagnaTagATune/row6639.csv
Execution time: 29.619750261306763 seconds
metaTables/vocal_music_demucs_16k/metaData_MagnaTagATune/row6640.csv
Execution time: 29.04002547264099 seconds
metaTables/vocal_music_demucs_16k/metaData_MagnaTagATune/row6641.csv
Execution time: 30.53045082092285 seconds
metaTables/vocal_music_demucs_16k/metaData_MagnaTagATune/row6642.csv
Execution time: 29.32994532585144 seconds
metaTables/vocal_music_demucs_16k/metaData_MagnaTagATune/row6643.csv
Execution time: 29.262704133987427 seconds
metaTables/vocal_music_demucs_16k/metaData_MagnaTagATune/row6644.csv
Execution time: 28.522136926651 seconds
metaTables/vocal_music_demucs_16k/metaData_MagnaTagATune/row6645.csv
Execution time: 30.357995986938477 seconds
metaTables/vocal_music_demucs_16k/metaData_MagnaTagATune/row6646.csv
Execution time: 28.96443462371826 seconds
metaTables/vocal_music_demucs_16k/metaData_MagnaTagATune/row6647.csv
Execution time: 29.103851795196533 seconds
metaTables/vocal_music_demucs_16k/metaData_MagnaTagATune/row6648.csv
Execution time: 29.483156442642212 seconds
metaTables/vocal_music_demucs_16k/metaData_MagnaTagATune/row6649.csv
Execution time: 29.82288360595703 seconds
metaTables/vocal_music_demucs_16k/metaData_MagnaTagATune/row6650.csv
Execution time: 31.08052134513855 seconds
metaTables/vocal_music_demucs_16k/metaData_MagnaTagATune/row6651.csv
Execution time: 28.23422861099243 seconds
metaTables/vocal_music_demucs_16k/metaData_MagnaTagATune/row6652.csv
Execution time: 30.165217876434326 seconds
metaTables/vocal_music_demucs_16k/metaData_MagnaTagATune/row6653.csv
Execution time: 29.51840877532959 seconds
metaTables/vocal_music_demucs_16k/metaData_MagnaTagATune/row6654.csv
Execution time: 28.90369486808777 seconds
metaTables/vocal_music_demucs_16k/metaData_MagnaTagATune/row6655.csv
Execution time: 29.77163076400757 seconds
metaTables/vocal_music_demucs_16k/metaData_MagnaTagATune/row6656.csv
Execution time: 29.690321445465088 seconds
metaTables/vocal_music_demucs_16k/metaData_MagnaTagATune/row6657.csv
Execution time: 29.11726665496826 seconds
metaTables/vocal_music_demucs_16k/metaData_MagnaTagATune/row6658.csv
Execution time: 30.046704053878784 seconds
metaTables/vocal_music_demucs_16k/metaData_MagnaTagATune/row6659.csv
Execution time: 29.852354288101196 seconds
metaTables/vocal_music_demucs_16k/metaData_MagnaTagATune/row6660.csv
Execution time: 29.49262809753418 seconds
metaTables/vocal_music_demucs_16k/metaData_MagnaTagATune/row6661.csv
Execution time: 29.593105792999268 seconds
metaTables/vocal_music_demucs_16k/metaData_MagnaTagATune/row6662.csv
Execution time: 29.285684823989868 seconds
metaTables/vocal_music_demucs_16k/metaData_MagnaTagATune/row6663.csv
Execution time: 29.415693998336792 seconds
metaTables/vocal_music_demucs_16k/metaData_MagnaTagATune/row6664.csv
Execution time: 28.99018359184265 seconds
metaTables/vocal_music_demucs_16k/metaData_MagnaTagATune/row6665.csv
Execution time: 28.87499690055847 seconds
metaTables/vocal_music_demucs_16k/metaData_MagnaTagATune/row6666.csv
Execution time: 29.73227572441101 seconds
metaTables/vocal_music_demucs_16k/metaData_MagnaTagATune/row6667.csv
Execution time: 29.40460443496704 seconds
metaTables/vocal_music_demucs_16k/metaData_MagnaTagATune/row6668.csv
Execution time: 29.45375370979309 seconds
metaTables/vocal_music_demucs_16k/metaData_MagnaTagATune/row6669.csv
Execution time: 29.523069381713867 seconds
metaTables/vocal_music_demucs_16k/metaData_MagnaTagATune/row6670.csv
Execution time: 30.37034773826599 seconds
metaTables/vocal_music_demucs_16k/metaData_MagnaTagATune/row6671.csv
Execution time: 29.36133861541748 seconds
metaTables/vocal_music_demucs_16k/metaData_MagnaTagATune/row6672.csv
Execution time: 29.35517430305481 seconds
metaTables/vocal_music_demucs_16k/metaData_MagnaTagATune/row6673.csv
Execution time: 29.857232093811035 seconds
metaTables/vocal_music_demucs_16k/metaData_MagnaTagATune/row6674.csv
Execution time: 28.507384538650513 seconds
metaTables/vocal_music_demucs_16k/metaData_MagnaTagATune/row6675.csv
Execution time: 29.43270492553711 seconds
metaTables/vocal_music_demucs_16k/metaData_MagnaTagATune/row6676.csv
Execution time: 27.980795860290527 seconds
metaTables/vocal_music_demucs_16k/metaData_MagnaTagATune/row6677.csv
Execution time: 29.821738481521606 seconds
metaTables/vocal_music_demucs_16k/metaData_MagnaTagATune/row6678.csv
Execution time: 30.298526763916016 seconds
metaTables/vocal_music_demucs_16k/metaData_MagnaTagATune/row6679.csv
Execution time: 28.382862329483032 seconds
metaTables/vocal_music_demucs_16k/metaData_MagnaTagATune/row6680.csv
Execution time: 28.984108448028564 seconds
metaTables/vocal_music_demucs_16k/metaData_MagnaTagATune/row6681.csv
Execution time: 29.12681221961975 seconds
metaTables/vocal_music_demucs_16k/metaData_MagnaTagATune/row6682.csv
Execution time: 30.197309255599976 seconds
metaTables/vocal_music_demucs_16k/metaData_MagnaTagATune/row6683.csv
Execution time: 28.407411575317383 seconds
metaTables/vocal_music_demucs_16k/metaData_MagnaTagATune/row6684.csv
Execution time: 28.47746777534485 seconds
metaTables/vocal_music_demucs_16k/metaData_MagnaTagATune/row6685.csv
Execution time: 29.564146518707275 seconds
metaTables/vocal_music_demucs_16k/metaData_MagnaTagATune/row6686.csv
Execution time: 29.036625385284424 seconds
metaTables/vocal_music_demucs_16k/metaData_MagnaTagATune/row6687.csv
Execution time: 29.51004195213318 seconds
metaTables/vocal_music_demucs_16k/metaData_MagnaTagATune/row6688.csv
Execution time: 29.535994052886963 seconds
metaTables/vocal_music_demucs_16k/metaData_MagnaTagATune/row6689.csv
Execution time: 28.25930619239807 seconds
metaTables/vocal_music_demucs_16k/metaData_MagnaTagATune/row6690.csv
Execution time: 27.444902181625366 seconds
metaTables/vocal_music_demucs_16k/metaData_MagnaTagATune/row6691.csv
Execution time: 27.20981740951538 seconds
metaTables/vocal_music_demucs_16k/metaData_MagnaTagATune/row6692.csv
Execution time: 27.78894281387329 seconds
metaTables/vocal_music_demucs_16k/metaData_MagnaTagATune/row6693.csv
Execution time: 27.451597690582275 seconds
metaTables/vocal_music_demucs_16k/metaData_MagnaTagATune/row6694.csv
Execution time: 26.18425703048706 seconds
metaTables/vocal_music_demucs_16k/metaData_MagnaTagATune/row6695.csv
Execution time: 26.513954162597656 seconds
metaTables/vocal_music_demucs_16k/metaData_MagnaTagATune/row6696.csv
Execution time: 27.85746955871582 seconds
metaTables/vocal_music_demucs_16k/metaData_MagnaTagATune/row6697.csv
Execution time: 28.578035354614258 seconds
metaTables/vocal_music_demucs_16k/metaData_MagnaTagATune/row6698.csv
Execution time: 27.532823085784912 seconds
metaTables/vocal_music_demucs_16k/metaData_MagnaTagATune/row6699.csv
Demucs voice recognition done!
