/ext3/demucs/lib/python3.9/site-packages/demucs/api.py:27: UserWarning: TorchAudio's global backend is now deprecated. Please enable distpatcher by setting `TORCHAUDIO_USE_BACKEND_DISPATCHER=1`, and specify backend when calling load/info/save function.
  import torchaudio as ta
2024-05-09 09:25:22.913506: I tensorflow/core/util/port.cc:113] oneDNN custom operations are on. You may see slightly different numerical results due to floating-point round-off errors from different computation orders. To turn them off, set the environment variable `TF_ENABLE_ONEDNN_OPTS=0`.
2024-05-09 09:25:23.516723: E external/local_xla/xla/stream_executor/cuda/cuda_dnn.cc:9261] Unable to register cuDNN factory: Attempting to register factory for plugin cuDNN when one has already been registered
2024-05-09 09:25:23.516766: E external/local_xla/xla/stream_executor/cuda/cuda_fft.cc:607] Unable to register cuFFT factory: Attempting to register factory for plugin cuFFT when one has already been registered
2024-05-09 09:25:23.551230: E external/local_xla/xla/stream_executor/cuda/cuda_blas.cc:1515] Unable to register cuBLAS factory: Attempting to register factory for plugin cuBLAS when one has already been registered
2024-05-09 09:25:23.611645: I tensorflow/core/platform/cpu_feature_guard.cc:182] This TensorFlow binary is optimized to use available CPU instructions in performance-critical operations.
To enable the following instructions: AVX2 AVX512F AVX512_VNNI FMA, in other operations, rebuild TensorFlow with the appropriate compiler flags.
2024-05-09 09:25:24.520162: W tensorflow/compiler/tf2tensorrt/utils/py_utils.cc:38] TF-TRT Warning: Could not find TensorRT
SKIPPING: metaTables/vocal_music_demucs_16k/metaData_MagnaTagATune/row10200.csv
SKIPPING: metaTables/vocal_music_demucs_16k/metaData_MagnaTagATune/row10201.csv
SKIPPING: metaTables/vocal_music_demucs_16k/metaData_MagnaTagATune/row10202.csv
SKIPPING: metaTables/vocal_music_demucs_16k/metaData_MagnaTagATune/row10203.csv
SKIPPING: metaTables/vocal_music_demucs_16k/metaData_MagnaTagATune/row10204.csv
SKIPPING: metaTables/vocal_music_demucs_16k/metaData_MagnaTagATune/row10205.csv
SKIPPING: metaTables/vocal_music_demucs_16k/metaData_MagnaTagATune/row10206.csv
SKIPPING: metaTables/vocal_music_demucs_16k/metaData_MagnaTagATune/row10207.csv
SKIPPING: metaTables/vocal_music_demucs_16k/metaData_MagnaTagATune/row10208.csv
SKIPPING: metaTables/vocal_music_demucs_16k/metaData_MagnaTagATune/row10209.csv
SKIPPING: metaTables/vocal_music_demucs_16k/metaData_MagnaTagATune/row10210.csv
SKIPPING: metaTables/vocal_music_demucs_16k/metaData_MagnaTagATune/row10211.csv
SKIPPING: metaTables/vocal_music_demucs_16k/metaData_MagnaTagATune/row10212.csv
SKIPPING: metaTables/vocal_music_demucs_16k/metaData_MagnaTagATune/row10213.csv
SKIPPING: metaTables/vocal_music_demucs_16k/metaData_MagnaTagATune/row10214.csv
SKIPPING: metaTables/vocal_music_demucs_16k/metaData_MagnaTagATune/row10215.csv
SKIPPING: metaTables/vocal_music_demucs_16k/metaData_MagnaTagATune/row10216.csv
SKIPPING: metaTables/vocal_music_demucs_16k/metaData_MagnaTagATune/row10217.csv
SKIPPING: metaTables/vocal_music_demucs_16k/metaData_MagnaTagATune/row10218.csv
SKIPPING: metaTables/vocal_music_demucs_16k/metaData_MagnaTagATune/row10219.csv
SKIPPING: metaTables/vocal_music_demucs_16k/metaData_MagnaTagATune/row10220.csv
SKIPPING: metaTables/vocal_music_demucs_16k/metaData_MagnaTagATune/row10221.csv
SKIPPING: metaTables/vocal_music_demucs_16k/metaData_MagnaTagATune/row10222.csv
SKIPPING: metaTables/vocal_music_demucs_16k/metaData_MagnaTagATune/row10223.csv
SKIPPING: metaTables/vocal_music_demucs_16k/metaData_MagnaTagATune/row10224.csv
SKIPPING: metaTables/vocal_music_demucs_16k/metaData_MagnaTagATune/row10225.csv
SKIPPING: metaTables/vocal_music_demucs_16k/metaData_MagnaTagATune/row10226.csv
SKIPPING: metaTables/vocal_music_demucs_16k/metaData_MagnaTagATune/row10227.csv
SKIPPING: metaTables/vocal_music_demucs_16k/metaData_MagnaTagATune/row10228.csv
SKIPPING: metaTables/vocal_music_demucs_16k/metaData_MagnaTagATune/row10229.csv
SKIPPING: metaTables/vocal_music_demucs_16k/metaData_MagnaTagATune/row10230.csv
SKIPPING: metaTables/vocal_music_demucs_16k/metaData_MagnaTagATune/row10231.csv
SKIPPING: metaTables/vocal_music_demucs_16k/metaData_MagnaTagATune/row10232.csv
SKIPPING: metaTables/vocal_music_demucs_16k/metaData_MagnaTagATune/row10233.csv
SKIPPING: metaTables/vocal_music_demucs_16k/metaData_MagnaTagATune/row10234.csv
SKIPPING: metaTables/vocal_music_demucs_16k/metaData_MagnaTagATune/row10235.csv
SKIPPING: metaTables/vocal_music_demucs_16k/metaData_MagnaTagATune/row10236.csv
SKIPPING: metaTables/vocal_music_demucs_16k/metaData_MagnaTagATune/row10237.csv
SKIPPING: metaTables/vocal_music_demucs_16k/metaData_MagnaTagATune/row10238.csv
SKIPPING: metaTables/vocal_music_demucs_16k/metaData_MagnaTagATune/row10239.csv
SKIPPING: metaTables/vocal_music_demucs_16k/metaData_MagnaTagATune/row10240.csv
SKIPPING: metaTables/vocal_music_demucs_16k/metaData_MagnaTagATune/row10241.csv
SKIPPING: metaTables/vocal_music_demucs_16k/metaData_MagnaTagATune/row10242.csv
SKIPPING: metaTables/vocal_music_demucs_16k/metaData_MagnaTagATune/row10243.csv
SKIPPING: metaTables/vocal_music_demucs_16k/metaData_MagnaTagATune/row10244.csv
SKIPPING: metaTables/vocal_music_demucs_16k/metaData_MagnaTagATune/row10245.csv
SKIPPING: metaTables/vocal_music_demucs_16k/metaData_MagnaTagATune/row10246.csv
SKIPPING: metaTables/vocal_music_demucs_16k/metaData_MagnaTagATune/row10247.csv
SKIPPING: metaTables/vocal_music_demucs_16k/metaData_MagnaTagATune/row10248.csv
SKIPPING: metaTables/vocal_music_demucs_16k/metaData_MagnaTagATune/row10249.csv
SKIPPING: metaTables/vocal_music_demucs_16k/metaData_MagnaTagATune/row10250.csv
SKIPPING: metaTables/vocal_music_demucs_16k/metaData_MagnaTagATune/row10251.csv
SKIPPING: metaTables/vocal_music_demucs_16k/metaData_MagnaTagATune/row10252.csv
SKIPPING: metaTables/vocal_music_demucs_16k/metaData_MagnaTagATune/row10253.csv
SKIPPING: metaTables/vocal_music_demucs_16k/metaData_MagnaTagATune/row10254.csv
SKIPPING: metaTables/vocal_music_demucs_16k/metaData_MagnaTagATune/row10255.csv
SKIPPING: metaTables/vocal_music_demucs_16k/metaData_MagnaTagATune/row10256.csv
SKIPPING: metaTables/vocal_music_demucs_16k/metaData_MagnaTagATune/row10257.csv
SKIPPING: metaTables/vocal_music_demucs_16k/metaData_MagnaTagATune/row10258.csv
SKIPPING: metaTables/vocal_music_demucs_16k/metaData_MagnaTagATune/row10259.csv
SKIPPING: metaTables/vocal_music_demucs_16k/metaData_MagnaTagATune/row10260.csv
SKIPPING: metaTables/vocal_music_demucs_16k/metaData_MagnaTagATune/row10261.csv
SKIPPING: metaTables/vocal_music_demucs_16k/metaData_MagnaTagATune/row10262.csv
SKIPPING: metaTables/vocal_music_demucs_16k/metaData_MagnaTagATune/row10263.csv
SKIPPING: metaTables/vocal_music_demucs_16k/metaData_MagnaTagATune/row10264.csv
SKIPPING: metaTables/vocal_music_demucs_16k/metaData_MagnaTagATune/row10265.csv
SKIPPING: metaTables/vocal_music_demucs_16k/metaData_MagnaTagATune/row10266.csv
SKIPPING: metaTables/vocal_music_demucs_16k/metaData_MagnaTagATune/row10267.csv
SKIPPING: metaTables/vocal_music_demucs_16k/metaData_MagnaTagATune/row10268.csv
SKIPPING: metaTables/vocal_music_demucs_16k/metaData_MagnaTagATune/row10269.csv
SKIPPING: metaTables/vocal_music_demucs_16k/metaData_MagnaTagATune/row10270.csv
SKIPPING: metaTables/vocal_music_demucs_16k/metaData_MagnaTagATune/row10271.csv
SKIPPING: metaTables/vocal_music_demucs_16k/metaData_MagnaTagATune/row10272.csv
SKIPPING: metaTables/vocal_music_demucs_16k/metaData_MagnaTagATune/row10273.csv
SKIPPING: metaTables/vocal_music_demucs_16k/metaData_MagnaTagATune/row10274.csv
SKIPPING: metaTables/vocal_music_demucs_16k/metaData_MagnaTagATune/row10275.csv
SKIPPING: metaTables/vocal_music_demucs_16k/metaData_MagnaTagATune/row10276.csv
SKIPPING: metaTables/vocal_music_demucs_16k/metaData_MagnaTagATune/row10277.csv
SKIPPING: metaTables/vocal_music_demucs_16k/metaData_MagnaTagATune/row10278.csv
SKIPPING: metaTables/vocal_music_demucs_16k/metaData_MagnaTagATune/row10279.csv
SKIPPING: metaTables/vocal_music_demucs_16k/metaData_MagnaTagATune/row10280.csv
SKIPPING: metaTables/vocal_music_demucs_16k/metaData_MagnaTagATune/row10281.csv
SKIPPING: metaTables/vocal_music_demucs_16k/metaData_MagnaTagATune/row10282.csv
SKIPPING: metaTables/vocal_music_demucs_16k/metaData_MagnaTagATune/row10283.csv
SKIPPING: metaTables/vocal_music_demucs_16k/metaData_MagnaTagATune/row10284.csv
SKIPPING: metaTables/vocal_music_demucs_16k/metaData_MagnaTagATune/row10285.csv
SKIPPING: metaTables/vocal_music_demucs_16k/metaData_MagnaTagATune/row10286.csv
SKIPPING: metaTables/vocal_music_demucs_16k/metaData_MagnaTagATune/row10287.csv
SKIPPING: metaTables/vocal_music_demucs_16k/metaData_MagnaTagATune/row10288.csv
SKIPPING: metaTables/vocal_music_demucs_16k/metaData_MagnaTagATune/row10289.csv
SKIPPING: metaTables/vocal_music_demucs_16k/metaData_MagnaTagATune/row10290.csv
SKIPPING: metaTables/vocal_music_demucs_16k/metaData_MagnaTagATune/row10291.csv
SKIPPING: metaTables/vocal_music_demucs_16k/metaData_MagnaTagATune/row10292.csv
SKIPPING: metaTables/vocal_music_demucs_16k/metaData_MagnaTagATune/row10293.csv
SKIPPING: metaTables/vocal_music_demucs_16k/metaData_MagnaTagATune/row10294.csv
SKIPPING: metaTables/vocal_music_demucs_16k/metaData_MagnaTagATune/row10295.csv
SKIPPING: metaTables/vocal_music_demucs_16k/metaData_MagnaTagATune/row10296.csv
SKIPPING: metaTables/vocal_music_demucs_16k/metaData_MagnaTagATune/row10297.csv
SKIPPING: metaTables/vocal_music_demucs_16k/metaData_MagnaTagATune/row10298.csv
SKIPPING: metaTables/vocal_music_demucs_16k/metaData_MagnaTagATune/row10299.csv
Demucs voice recognition done!
