/ext3/demucs/lib/python3.9/site-packages/demucs/api.py:27: UserWarning: TorchAudio's global backend is now deprecated. Please enable distpatcher by setting `TORCHAUDIO_USE_BACKEND_DISPATCHER=1`, and specify backend when calling load/info/save function.
  import torchaudio as ta
2024-05-09 09:25:23.982454: I tensorflow/core/util/port.cc:113] oneDNN custom operations are on. You may see slightly different numerical results due to floating-point round-off errors from different computation orders. To turn them off, set the environment variable `TF_ENABLE_ONEDNN_OPTS=0`.
2024-05-09 09:25:24.390889: E external/local_xla/xla/stream_executor/cuda/cuda_dnn.cc:9261] Unable to register cuDNN factory: Attempting to register factory for plugin cuDNN when one has already been registered
2024-05-09 09:25:24.390934: E external/local_xla/xla/stream_executor/cuda/cuda_fft.cc:607] Unable to register cuFFT factory: Attempting to register factory for plugin cuFFT when one has already been registered
2024-05-09 09:25:24.436685: E external/local_xla/xla/stream_executor/cuda/cuda_blas.cc:1515] Unable to register cuBLAS factory: Attempting to register factory for plugin cuBLAS when one has already been registered
2024-05-09 09:25:24.505428: I tensorflow/core/platform/cpu_feature_guard.cc:182] This TensorFlow binary is optimized to use available CPU instructions in performance-critical operations.
To enable the following instructions: AVX2 AVX512F AVX512_VNNI FMA, in other operations, rebuild TensorFlow with the appropriate compiler flags.
2024-05-09 09:25:25.419340: W tensorflow/compiler/tf2tensorrt/utils/py_utils.cc:38] TF-TRT Warning: Could not find TensorRT
SKIPPING: metaTables/vocal_music_demucs_16k/metaData_MagnaTagATune/row21400.csv
SKIPPING: metaTables/vocal_music_demucs_16k/metaData_MagnaTagATune/row21401.csv
SKIPPING: metaTables/vocal_music_demucs_16k/metaData_MagnaTagATune/row21402.csv
SKIPPING: metaTables/vocal_music_demucs_16k/metaData_MagnaTagATune/row21403.csv
SKIPPING: metaTables/vocal_music_demucs_16k/metaData_MagnaTagATune/row21404.csv
SKIPPING: metaTables/vocal_music_demucs_16k/metaData_MagnaTagATune/row21405.csv
SKIPPING: metaTables/vocal_music_demucs_16k/metaData_MagnaTagATune/row21406.csv
SKIPPING: metaTables/vocal_music_demucs_16k/metaData_MagnaTagATune/row21407.csv
SKIPPING: metaTables/vocal_music_demucs_16k/metaData_MagnaTagATune/row21408.csv
SKIPPING: metaTables/vocal_music_demucs_16k/metaData_MagnaTagATune/row21409.csv
SKIPPING: metaTables/vocal_music_demucs_16k/metaData_MagnaTagATune/row21410.csv
SKIPPING: metaTables/vocal_music_demucs_16k/metaData_MagnaTagATune/row21411.csv
SKIPPING: metaTables/vocal_music_demucs_16k/metaData_MagnaTagATune/row21412.csv
SKIPPING: metaTables/vocal_music_demucs_16k/metaData_MagnaTagATune/row21413.csv
SKIPPING: metaTables/vocal_music_demucs_16k/metaData_MagnaTagATune/row21414.csv
SKIPPING: metaTables/vocal_music_demucs_16k/metaData_MagnaTagATune/row21415.csv
SKIPPING: metaTables/vocal_music_demucs_16k/metaData_MagnaTagATune/row21416.csv
SKIPPING: metaTables/vocal_music_demucs_16k/metaData_MagnaTagATune/row21417.csv
SKIPPING: metaTables/vocal_music_demucs_16k/metaData_MagnaTagATune/row21418.csv
SKIPPING: metaTables/vocal_music_demucs_16k/metaData_MagnaTagATune/row21419.csv
SKIPPING: metaTables/vocal_music_demucs_16k/metaData_MagnaTagATune/row21420.csv
SKIPPING: metaTables/vocal_music_demucs_16k/metaData_MagnaTagATune/row21421.csv
SKIPPING: metaTables/vocal_music_demucs_16k/metaData_MagnaTagATune/row21422.csv
SKIPPING: metaTables/vocal_music_demucs_16k/metaData_MagnaTagATune/row21423.csv
SKIPPING: metaTables/vocal_music_demucs_16k/metaData_MagnaTagATune/row21424.csv
SKIPPING: metaTables/vocal_music_demucs_16k/metaData_MagnaTagATune/row21425.csv
SKIPPING: metaTables/vocal_music_demucs_16k/metaData_MagnaTagATune/row21426.csv
SKIPPING: metaTables/vocal_music_demucs_16k/metaData_MagnaTagATune/row21427.csv
SKIPPING: metaTables/vocal_music_demucs_16k/metaData_MagnaTagATune/row21428.csv
SKIPPING: metaTables/vocal_music_demucs_16k/metaData_MagnaTagATune/row21429.csv
SKIPPING: metaTables/vocal_music_demucs_16k/metaData_MagnaTagATune/row21430.csv
SKIPPING: metaTables/vocal_music_demucs_16k/metaData_MagnaTagATune/row21431.csv
SKIPPING: metaTables/vocal_music_demucs_16k/metaData_MagnaTagATune/row21432.csv
SKIPPING: metaTables/vocal_music_demucs_16k/metaData_MagnaTagATune/row21433.csv
SKIPPING: metaTables/vocal_music_demucs_16k/metaData_MagnaTagATune/row21434.csv
SKIPPING: metaTables/vocal_music_demucs_16k/metaData_MagnaTagATune/row21435.csv
SKIPPING: metaTables/vocal_music_demucs_16k/metaData_MagnaTagATune/row21436.csv
SKIPPING: metaTables/vocal_music_demucs_16k/metaData_MagnaTagATune/row21437.csv
SKIPPING: metaTables/vocal_music_demucs_16k/metaData_MagnaTagATune/row21438.csv
SKIPPING: metaTables/vocal_music_demucs_16k/metaData_MagnaTagATune/row21439.csv
SKIPPING: metaTables/vocal_music_demucs_16k/metaData_MagnaTagATune/row21440.csv
SKIPPING: metaTables/vocal_music_demucs_16k/metaData_MagnaTagATune/row21441.csv
SKIPPING: metaTables/vocal_music_demucs_16k/metaData_MagnaTagATune/row21442.csv
SKIPPING: metaTables/vocal_music_demucs_16k/metaData_MagnaTagATune/row21443.csv
SKIPPING: metaTables/vocal_music_demucs_16k/metaData_MagnaTagATune/row21444.csv
SKIPPING: metaTables/vocal_music_demucs_16k/metaData_MagnaTagATune/row21445.csv
SKIPPING: metaTables/vocal_music_demucs_16k/metaData_MagnaTagATune/row21446.csv
SKIPPING: metaTables/vocal_music_demucs_16k/metaData_MagnaTagATune/row21447.csv
SKIPPING: metaTables/vocal_music_demucs_16k/metaData_MagnaTagATune/row21448.csv
SKIPPING: metaTables/vocal_music_demucs_16k/metaData_MagnaTagATune/row21449.csv
SKIPPING: metaTables/vocal_music_demucs_16k/metaData_MagnaTagATune/row21450.csv
SKIPPING: metaTables/vocal_music_demucs_16k/metaData_MagnaTagATune/row21451.csv
SKIPPING: metaTables/vocal_music_demucs_16k/metaData_MagnaTagATune/row21452.csv
SKIPPING: metaTables/vocal_music_demucs_16k/metaData_MagnaTagATune/row21453.csv
SKIPPING: metaTables/vocal_music_demucs_16k/metaData_MagnaTagATune/row21454.csv
SKIPPING: metaTables/vocal_music_demucs_16k/metaData_MagnaTagATune/row21455.csv
SKIPPING: metaTables/vocal_music_demucs_16k/metaData_MagnaTagATune/row21456.csv
SKIPPING: metaTables/vocal_music_demucs_16k/metaData_MagnaTagATune/row21457.csv
SKIPPING: metaTables/vocal_music_demucs_16k/metaData_MagnaTagATune/row21458.csv
SKIPPING: metaTables/vocal_music_demucs_16k/metaData_MagnaTagATune/row21459.csv
SKIPPING: metaTables/vocal_music_demucs_16k/metaData_MagnaTagATune/row21460.csv
SKIPPING: metaTables/vocal_music_demucs_16k/metaData_MagnaTagATune/row21461.csv
SKIPPING: metaTables/vocal_music_demucs_16k/metaData_MagnaTagATune/row21462.csv
SKIPPING: metaTables/vocal_music_demucs_16k/metaData_MagnaTagATune/row21463.csv
SKIPPING: metaTables/vocal_music_demucs_16k/metaData_MagnaTagATune/row21464.csv
SKIPPING: metaTables/vocal_music_demucs_16k/metaData_MagnaTagATune/row21465.csv
SKIPPING: metaTables/vocal_music_demucs_16k/metaData_MagnaTagATune/row21466.csv
SKIPPING: metaTables/vocal_music_demucs_16k/metaData_MagnaTagATune/row21467.csv
SKIPPING: metaTables/vocal_music_demucs_16k/metaData_MagnaTagATune/row21468.csv
SKIPPING: metaTables/vocal_music_demucs_16k/metaData_MagnaTagATune/row21469.csv
SKIPPING: metaTables/vocal_music_demucs_16k/metaData_MagnaTagATune/row21470.csv
SKIPPING: metaTables/vocal_music_demucs_16k/metaData_MagnaTagATune/row21471.csv
SKIPPING: metaTables/vocal_music_demucs_16k/metaData_MagnaTagATune/row21472.csv
SKIPPING: metaTables/vocal_music_demucs_16k/metaData_MagnaTagATune/row21473.csv
SKIPPING: metaTables/vocal_music_demucs_16k/metaData_MagnaTagATune/row21474.csv
SKIPPING: metaTables/vocal_music_demucs_16k/metaData_MagnaTagATune/row21475.csv
SKIPPING: metaTables/vocal_music_demucs_16k/metaData_MagnaTagATune/row21476.csv
SKIPPING: metaTables/vocal_music_demucs_16k/metaData_MagnaTagATune/row21477.csv
SKIPPING: metaTables/vocal_music_demucs_16k/metaData_MagnaTagATune/row21478.csv
SKIPPING: metaTables/vocal_music_demucs_16k/metaData_MagnaTagATune/row21479.csv
SKIPPING: metaTables/vocal_music_demucs_16k/metaData_MagnaTagATune/row21480.csv
SKIPPING: metaTables/vocal_music_demucs_16k/metaData_MagnaTagATune/row21481.csv
SKIPPING: metaTables/vocal_music_demucs_16k/metaData_MagnaTagATune/row21482.csv
SKIPPING: metaTables/vocal_music_demucs_16k/metaData_MagnaTagATune/row21483.csv
SKIPPING: metaTables/vocal_music_demucs_16k/metaData_MagnaTagATune/row21484.csv
SKIPPING: metaTables/vocal_music_demucs_16k/metaData_MagnaTagATune/row21485.csv
SKIPPING: metaTables/vocal_music_demucs_16k/metaData_MagnaTagATune/row21486.csv
SKIPPING: metaTables/vocal_music_demucs_16k/metaData_MagnaTagATune/row21487.csv
SKIPPING: metaTables/vocal_music_demucs_16k/metaData_MagnaTagATune/row21488.csv
SKIPPING: metaTables/vocal_music_demucs_16k/metaData_MagnaTagATune/row21489.csv
SKIPPING: metaTables/vocal_music_demucs_16k/metaData_MagnaTagATune/row21490.csv
SKIPPING: metaTables/vocal_music_demucs_16k/metaData_MagnaTagATune/row21491.csv
SKIPPING: metaTables/vocal_music_demucs_16k/metaData_MagnaTagATune/row21492.csv
SKIPPING: metaTables/vocal_music_demucs_16k/metaData_MagnaTagATune/row21493.csv
SKIPPING: metaTables/vocal_music_demucs_16k/metaData_MagnaTagATune/row21494.csv
SKIPPING: metaTables/vocal_music_demucs_16k/metaData_MagnaTagATune/row21495.csv
SKIPPING: metaTables/vocal_music_demucs_16k/metaData_MagnaTagATune/row21496.csv
SKIPPING: metaTables/vocal_music_demucs_16k/metaData_MagnaTagATune/row21497.csv
SKIPPING: metaTables/vocal_music_demucs_16k/metaData_MagnaTagATune/row21498.csv
SKIPPING: metaTables/vocal_music_demucs_16k/metaData_MagnaTagATune/row21499.csv
Demucs voice recognition done!
