/ext3/demucs/lib/python3.9/site-packages/demucs/api.py:27: UserWarning: TorchAudio's global backend is now deprecated. Please enable distpatcher by setting `TORCHAUDIO_USE_BACKEND_DISPATCHER=1`, and specify backend when calling load/info/save function.
  import torchaudio as ta
2024-05-09 00:24:11.406778: I tensorflow/core/util/port.cc:113] oneDNN custom operations are on. You may see slightly different numerical results due to floating-point round-off errors from different computation orders. To turn them off, set the environment variable `TF_ENABLE_ONEDNN_OPTS=0`.
2024-05-09 00:24:11.543070: E external/local_xla/xla/stream_executor/cuda/cuda_dnn.cc:9261] Unable to register cuDNN factory: Attempting to register factory for plugin cuDNN when one has already been registered
2024-05-09 00:24:11.543120: E external/local_xla/xla/stream_executor/cuda/cuda_fft.cc:607] Unable to register cuFFT factory: Attempting to register factory for plugin cuFFT when one has already been registered
2024-05-09 00:24:11.561145: E external/local_xla/xla/stream_executor/cuda/cuda_blas.cc:1515] Unable to register cuBLAS factory: Attempting to register factory for plugin cuBLAS when one has already been registered
2024-05-09 00:24:11.599265: I tensorflow/core/platform/cpu_feature_guard.cc:182] This TensorFlow binary is optimized to use available CPU instructions in performance-critical operations.
To enable the following instructions: AVX2 AVX512F AVX512_VNNI FMA, in other operations, rebuild TensorFlow with the appropriate compiler flags.
2024-05-09 00:24:12.617157: W tensorflow/compiler/tf2tensorrt/utils/py_utils.cc:38] TF-TRT Warning: Could not find TensorRT
Execution time: 27.873459339141846 seconds
metaTables/vocal_music_demucs_16k/metaData_MagnaTagATune/row23200.csv
Execution time: 25.20166516304016 seconds
metaTables/vocal_music_demucs_16k/metaData_MagnaTagATune/row23201.csv
Execution time: 27.966182470321655 seconds
metaTables/vocal_music_demucs_16k/metaData_MagnaTagATune/row23202.csv
Execution time: 29.91514563560486 seconds
metaTables/vocal_music_demucs_16k/metaData_MagnaTagATune/row23203.csv
Execution time: 30.085919618606567 seconds
metaTables/vocal_music_demucs_16k/metaData_MagnaTagATune/row23204.csv
Execution time: 29.60414457321167 seconds
metaTables/vocal_music_demucs_16k/metaData_MagnaTagATune/row23205.csv
Execution time: 29.296773672103882 seconds
metaTables/vocal_music_demucs_16k/metaData_MagnaTagATune/row23206.csv
Execution time: 29.884129285812378 seconds
metaTables/vocal_music_demucs_16k/metaData_MagnaTagATune/row23207.csv
Execution time: 30.30588722229004 seconds
metaTables/vocal_music_demucs_16k/metaData_MagnaTagATune/row23208.csv
Execution time: 28.98381733894348 seconds
metaTables/vocal_music_demucs_16k/metaData_MagnaTagATune/row23209.csv
Execution time: 30.862454175949097 seconds
metaTables/vocal_music_demucs_16k/metaData_MagnaTagATune/row23210.csv
Execution time: 29.779625177383423 seconds
metaTables/vocal_music_demucs_16k/metaData_MagnaTagATune/row23211.csv
Execution time: 29.19914436340332 seconds
metaTables/vocal_music_demucs_16k/metaData_MagnaTagATune/row23212.csv
Execution time: 29.231153964996338 seconds
metaTables/vocal_music_demucs_16k/metaData_MagnaTagATune/row23213.csv
Execution time: 30.24980592727661 seconds
metaTables/vocal_music_demucs_16k/metaData_MagnaTagATune/row23214.csv
Execution time: 29.19921612739563 seconds
metaTables/vocal_music_demucs_16k/metaData_MagnaTagATune/row23215.csv
Execution time: 29.00510549545288 seconds
metaTables/vocal_music_demucs_16k/metaData_MagnaTagATune/row23216.csv
Execution time: 29.596819162368774 seconds
metaTables/vocal_music_demucs_16k/metaData_MagnaTagATune/row23217.csv
Execution time: 30.285388469696045 seconds
metaTables/vocal_music_demucs_16k/metaData_MagnaTagATune/row23218.csv
Execution time: 30.815720558166504 seconds
metaTables/vocal_music_demucs_16k/metaData_MagnaTagATune/row23219.csv
Execution time: 28.81351375579834 seconds
metaTables/vocal_music_demucs_16k/metaData_MagnaTagATune/row23220.csv
Execution time: 30.64195156097412 seconds
metaTables/vocal_music_demucs_16k/metaData_MagnaTagATune/row23221.csv
Execution time: 30.037323236465454 seconds
metaTables/vocal_music_demucs_16k/metaData_MagnaTagATune/row23222.csv
Execution time: 29.780105590820312 seconds
metaTables/vocal_music_demucs_16k/metaData_MagnaTagATune/row23223.csv
Execution time: 29.097994565963745 seconds
metaTables/vocal_music_demucs_16k/metaData_MagnaTagATune/row23224.csv
Execution time: 29.633694648742676 seconds
metaTables/vocal_music_demucs_16k/metaData_MagnaTagATune/row23225.csv
Execution time: 30.558106660842896 seconds
metaTables/vocal_music_demucs_16k/metaData_MagnaTagATune/row23226.csv
Execution time: 28.88577890396118 seconds
metaTables/vocal_music_demucs_16k/metaData_MagnaTagATune/row23227.csv
Execution time: 29.201992750167847 seconds
metaTables/vocal_music_demucs_16k/metaData_MagnaTagATune/row23228.csv
Execution time: 29.62833309173584 seconds
metaTables/vocal_music_demucs_16k/metaData_MagnaTagATune/row23229.csv
Execution time: 29.9496648311615 seconds
metaTables/vocal_music_demucs_16k/metaData_MagnaTagATune/row23230.csv
Execution time: 29.859060525894165 seconds
metaTables/vocal_music_demucs_16k/metaData_MagnaTagATune/row23231.csv
Execution time: 30.09873127937317 seconds
metaTables/vocal_music_demucs_16k/metaData_MagnaTagATune/row23232.csv
Execution time: 29.671835899353027 seconds
metaTables/vocal_music_demucs_16k/metaData_MagnaTagATune/row23233.csv
Execution time: 29.18718910217285 seconds
metaTables/vocal_music_demucs_16k/metaData_MagnaTagATune/row23234.csv
Execution time: 29.265485286712646 seconds
metaTables/vocal_music_demucs_16k/metaData_MagnaTagATune/row23235.csv
Execution time: 29.058685302734375 seconds
metaTables/vocal_music_demucs_16k/metaData_MagnaTagATune/row23236.csv
Execution time: 30.025529384613037 seconds
metaTables/vocal_music_demucs_16k/metaData_MagnaTagATune/row23237.csv
Execution time: 30.211252689361572 seconds
metaTables/vocal_music_demucs_16k/metaData_MagnaTagATune/row23238.csv
Execution time: 29.800005674362183 seconds
metaTables/vocal_music_demucs_16k/metaData_MagnaTagATune/row23239.csv
Execution time: 30.54721426963806 seconds
metaTables/vocal_music_demucs_16k/metaData_MagnaTagATune/row23240.csv
Execution time: 29.072919845581055 seconds
metaTables/vocal_music_demucs_16k/metaData_MagnaTagATune/row23241.csv
Execution time: 29.469123601913452 seconds
metaTables/vocal_music_demucs_16k/metaData_MagnaTagATune/row23242.csv
Execution time: 29.54715871810913 seconds
metaTables/vocal_music_demucs_16k/metaData_MagnaTagATune/row23243.csv
Execution time: 30.71392059326172 seconds
metaTables/vocal_music_demucs_16k/metaData_MagnaTagATune/row23244.csv
Execution time: 29.974044799804688 seconds
metaTables/vocal_music_demucs_16k/metaData_MagnaTagATune/row23245.csv
Execution time: 29.667755603790283 seconds
metaTables/vocal_music_demucs_16k/metaData_MagnaTagATune/row23246.csv
Execution time: 29.680095195770264 seconds
metaTables/vocal_music_demucs_16k/metaData_MagnaTagATune/row23247.csv
Execution time: 29.882147312164307 seconds
metaTables/vocal_music_demucs_16k/metaData_MagnaTagATune/row23248.csv
Execution time: 29.99624538421631 seconds
metaTables/vocal_music_demucs_16k/metaData_MagnaTagATune/row23249.csv
Execution time: 29.65555500984192 seconds
metaTables/vocal_music_demucs_16k/metaData_MagnaTagATune/row23250.csv
Execution time: 30.879968881607056 seconds
metaTables/vocal_music_demucs_16k/metaData_MagnaTagATune/row23251.csv
Execution time: 30.363991022109985 seconds
metaTables/vocal_music_demucs_16k/metaData_MagnaTagATune/row23252.csv
Execution time: 29.975409746170044 seconds
metaTables/vocal_music_demucs_16k/metaData_MagnaTagATune/row23253.csv
Execution time: 29.774198293685913 seconds
metaTables/vocal_music_demucs_16k/metaData_MagnaTagATune/row23254.csv
Execution time: 29.588014602661133 seconds
metaTables/vocal_music_demucs_16k/metaData_MagnaTagATune/row23255.csv
Execution time: 30.757153272628784 seconds
metaTables/vocal_music_demucs_16k/metaData_MagnaTagATune/row23256.csv
Execution time: 29.62013292312622 seconds
metaTables/vocal_music_demucs_16k/metaData_MagnaTagATune/row23257.csv
Execution time: 29.859020709991455 seconds
metaTables/vocal_music_demucs_16k/metaData_MagnaTagATune/row23258.csv
Execution time: 30.021280527114868 seconds
metaTables/vocal_music_demucs_16k/metaData_MagnaTagATune/row23259.csv
Execution time: 26.94163489341736 seconds
metaTables/vocal_music_demucs_16k/metaData_MagnaTagATune/row23260.csv
Execution time: 29.690088272094727 seconds
metaTables/vocal_music_demucs_16k/metaData_MagnaTagATune/row23261.csv
Execution time: 29.665059328079224 seconds
metaTables/vocal_music_demucs_16k/metaData_MagnaTagATune/row23262.csv
Execution time: 30.043436527252197 seconds
metaTables/vocal_music_demucs_16k/metaData_MagnaTagATune/row23263.csv
Execution time: 28.12275791168213 seconds
metaTables/vocal_music_demucs_16k/metaData_MagnaTagATune/row23264.csv
Execution time: 29.94879651069641 seconds
metaTables/vocal_music_demucs_16k/metaData_MagnaTagATune/row23265.csv
Execution time: 29.15036153793335 seconds
metaTables/vocal_music_demucs_16k/metaData_MagnaTagATune/row23266.csv
Execution time: 30.14215111732483 seconds
metaTables/vocal_music_demucs_16k/metaData_MagnaTagATune/row23267.csv
Execution time: 30.093458890914917 seconds
metaTables/vocal_music_demucs_16k/metaData_MagnaTagATune/row23268.csv
Execution time: 29.231498956680298 seconds
metaTables/vocal_music_demucs_16k/metaData_MagnaTagATune/row23269.csv
Execution time: 30.242271423339844 seconds
metaTables/vocal_music_demucs_16k/metaData_MagnaTagATune/row23270.csv
Execution time: 30.316843509674072 seconds
metaTables/vocal_music_demucs_16k/metaData_MagnaTagATune/row23271.csv
Execution time: 29.740885972976685 seconds
metaTables/vocal_music_demucs_16k/metaData_MagnaTagATune/row23272.csv
Execution time: 29.980558156967163 seconds
metaTables/vocal_music_demucs_16k/metaData_MagnaTagATune/row23273.csv
Execution time: 29.121339082717896 seconds
metaTables/vocal_music_demucs_16k/metaData_MagnaTagATune/row23274.csv
Execution time: 30.299713134765625 seconds
metaTables/vocal_music_demucs_16k/metaData_MagnaTagATune/row23275.csv
Execution time: 30.259354829788208 seconds
metaTables/vocal_music_demucs_16k/metaData_MagnaTagATune/row23276.csv
Execution time: 29.38179636001587 seconds
metaTables/vocal_music_demucs_16k/metaData_MagnaTagATune/row23277.csv
Execution time: 29.910318613052368 seconds
metaTables/vocal_music_demucs_16k/metaData_MagnaTagATune/row23278.csv
Execution time: 29.518901824951172 seconds
metaTables/vocal_music_demucs_16k/metaData_MagnaTagATune/row23279.csv
Execution time: 29.801677227020264 seconds
metaTables/vocal_music_demucs_16k/metaData_MagnaTagATune/row23280.csv
Execution time: 29.051661014556885 seconds
metaTables/vocal_music_demucs_16k/metaData_MagnaTagATune/row23281.csv
Execution time: 30.188550233840942 seconds
metaTables/vocal_music_demucs_16k/metaData_MagnaTagATune/row23282.csv
Execution time: 30.195797443389893 seconds
metaTables/vocal_music_demucs_16k/metaData_MagnaTagATune/row23283.csv
Execution time: 30.631529331207275 seconds
metaTables/vocal_music_demucs_16k/metaData_MagnaTagATune/row23284.csv
Execution time: 30.075828552246094 seconds
metaTables/vocal_music_demucs_16k/metaData_MagnaTagATune/row23285.csv
Execution time: 29.812891721725464 seconds
metaTables/vocal_music_demucs_16k/metaData_MagnaTagATune/row23286.csv
Execution time: 29.72695517539978 seconds
metaTables/vocal_music_demucs_16k/metaData_MagnaTagATune/row23287.csv
Execution time: 30.624810218811035 seconds
metaTables/vocal_music_demucs_16k/metaData_MagnaTagATune/row23288.csv
Execution time: 29.18085527420044 seconds
metaTables/vocal_music_demucs_16k/metaData_MagnaTagATune/row23289.csv
Execution time: 29.424978256225586 seconds
metaTables/vocal_music_demucs_16k/metaData_MagnaTagATune/row23290.csv
Execution time: 29.232486963272095 seconds
metaTables/vocal_music_demucs_16k/metaData_MagnaTagATune/row23291.csv
Execution time: 29.836750745773315 seconds
metaTables/vocal_music_demucs_16k/metaData_MagnaTagATune/row23292.csv
Execution time: 28.47290873527527 seconds
metaTables/vocal_music_demucs_16k/metaData_MagnaTagATune/row23293.csv
Execution time: 29.13307023048401 seconds
metaTables/vocal_music_demucs_16k/metaData_MagnaTagATune/row23294.csv
Execution time: 31.172215700149536 seconds
metaTables/vocal_music_demucs_16k/metaData_MagnaTagATune/row23295.csv
Execution time: 30.25626850128174 seconds
metaTables/vocal_music_demucs_16k/metaData_MagnaTagATune/row23296.csv
Execution time: 28.77622389793396 seconds
metaTables/vocal_music_demucs_16k/metaData_MagnaTagATune/row23297.csv
Execution time: 29.698802709579468 seconds
metaTables/vocal_music_demucs_16k/metaData_MagnaTagATune/row23298.csv
Execution time: 27.857258796691895 seconds
metaTables/vocal_music_demucs_16k/metaData_MagnaTagATune/row23299.csv
Demucs voice recognition done!
