/ext3/demucs/lib/python3.9/site-packages/demucs/api.py:27: UserWarning: TorchAudio's global backend is now deprecated. Please enable distpatcher by setting `TORCHAUDIO_USE_BACKEND_DISPATCHER=1`, and specify backend when calling load/info/save function.
  import torchaudio as ta
2024-05-09 00:23:14.153454: I tensorflow/core/util/port.cc:113] oneDNN custom operations are on. You may see slightly different numerical results due to floating-point round-off errors from different computation orders. To turn them off, set the environment variable `TF_ENABLE_ONEDNN_OPTS=0`.
2024-05-09 00:23:14.617944: E external/local_xla/xla/stream_executor/cuda/cuda_dnn.cc:9261] Unable to register cuDNN factory: Attempting to register factory for plugin cuDNN when one has already been registered
2024-05-09 00:23:14.617990: E external/local_xla/xla/stream_executor/cuda/cuda_fft.cc:607] Unable to register cuFFT factory: Attempting to register factory for plugin cuFFT when one has already been registered
2024-05-09 00:23:14.638257: E external/local_xla/xla/stream_executor/cuda/cuda_blas.cc:1515] Unable to register cuBLAS factory: Attempting to register factory for plugin cuBLAS when one has already been registered
2024-05-09 00:23:14.680147: I tensorflow/core/platform/cpu_feature_guard.cc:182] This TensorFlow binary is optimized to use available CPU instructions in performance-critical operations.
To enable the following instructions: AVX2 AVX512F AVX512_VNNI FMA, in other operations, rebuild TensorFlow with the appropriate compiler flags.
2024-05-09 00:23:15.581904: W tensorflow/compiler/tf2tensorrt/utils/py_utils.cc:38] TF-TRT Warning: Could not find TensorRT
Execution time: 28.00311779975891 seconds
metaTables/vocal_music_demucs_16k/metaData_MagnaTagATune/row19200.csv
Execution time: 26.503149271011353 seconds
metaTables/vocal_music_demucs_16k/metaData_MagnaTagATune/row19201.csv
Execution time: 27.79436755180359 seconds
metaTables/vocal_music_demucs_16k/metaData_MagnaTagATune/row19202.csv
Execution time: 25.849425554275513 seconds
metaTables/vocal_music_demucs_16k/metaData_MagnaTagATune/row19203.csv
Execution time: 27.47859477996826 seconds
metaTables/vocal_music_demucs_16k/metaData_MagnaTagATune/row19204.csv
Execution time: 27.975245714187622 seconds
metaTables/vocal_music_demucs_16k/metaData_MagnaTagATune/row19205.csv
Execution time: 28.364771604537964 seconds
metaTables/vocal_music_demucs_16k/metaData_MagnaTagATune/row19206.csv
Execution time: 27.971186637878418 seconds
metaTables/vocal_music_demucs_16k/metaData_MagnaTagATune/row19207.csv
Execution time: 27.888575792312622 seconds
metaTables/vocal_music_demucs_16k/metaData_MagnaTagATune/row19208.csv
Execution time: 27.51778554916382 seconds
metaTables/vocal_music_demucs_16k/metaData_MagnaTagATune/row19209.csv
Execution time: 27.353508472442627 seconds
metaTables/vocal_music_demucs_16k/metaData_MagnaTagATune/row19210.csv
Execution time: 27.765084981918335 seconds
metaTables/vocal_music_demucs_16k/metaData_MagnaTagATune/row19211.csv
Execution time: 27.047464847564697 seconds
metaTables/vocal_music_demucs_16k/metaData_MagnaTagATune/row19212.csv
Execution time: 28.352744340896606 seconds
metaTables/vocal_music_demucs_16k/metaData_MagnaTagATune/row19213.csv
Execution time: 28.125469207763672 seconds
metaTables/vocal_music_demucs_16k/metaData_MagnaTagATune/row19214.csv
Execution time: 26.96275281906128 seconds
metaTables/vocal_music_demucs_16k/metaData_MagnaTagATune/row19215.csv
Execution time: 27.31437039375305 seconds
metaTables/vocal_music_demucs_16k/metaData_MagnaTagATune/row19216.csv
Execution time: 27.223334312438965 seconds
metaTables/vocal_music_demucs_16k/metaData_MagnaTagATune/row19217.csv
Execution time: 27.315124034881592 seconds
metaTables/vocal_music_demucs_16k/metaData_MagnaTagATune/row19218.csv
Execution time: 27.952794313430786 seconds
metaTables/vocal_music_demucs_16k/metaData_MagnaTagATune/row19219.csv
Execution time: 30.058719873428345 seconds
metaTables/vocal_music_demucs_16k/metaData_MagnaTagATune/row19220.csv
Execution time: 28.114392042160034 seconds
metaTables/vocal_music_demucs_16k/metaData_MagnaTagATune/row19221.csv
Execution time: 26.339603662490845 seconds
metaTables/vocal_music_demucs_16k/metaData_MagnaTagATune/row19222.csv
Execution time: 26.981879234313965 seconds
metaTables/vocal_music_demucs_16k/metaData_MagnaTagATune/row19223.csv
Execution time: 26.458320379257202 seconds
metaTables/vocal_music_demucs_16k/metaData_MagnaTagATune/row19224.csv
Execution time: 27.86715078353882 seconds
metaTables/vocal_music_demucs_16k/metaData_MagnaTagATune/row19225.csv
Execution time: 27.426671981811523 seconds
metaTables/vocal_music_demucs_16k/metaData_MagnaTagATune/row19226.csv
Execution time: 27.430984258651733 seconds
metaTables/vocal_music_demucs_16k/metaData_MagnaTagATune/row19227.csv
Execution time: 27.634034395217896 seconds
metaTables/vocal_music_demucs_16k/metaData_MagnaTagATune/row19228.csv
Execution time: 28.19712519645691 seconds
metaTables/vocal_music_demucs_16k/metaData_MagnaTagATune/row19229.csv
Execution time: 28.292166233062744 seconds
metaTables/vocal_music_demucs_16k/metaData_MagnaTagATune/row19230.csv
Execution time: 27.172403812408447 seconds
metaTables/vocal_music_demucs_16k/metaData_MagnaTagATune/row19231.csv
Execution time: 27.958415031433105 seconds
metaTables/vocal_music_demucs_16k/metaData_MagnaTagATune/row19232.csv
Execution time: 27.062019109725952 seconds
metaTables/vocal_music_demucs_16k/metaData_MagnaTagATune/row19233.csv
Execution time: 27.503756523132324 seconds
metaTables/vocal_music_demucs_16k/metaData_MagnaTagATune/row19234.csv
Execution time: 27.918944358825684 seconds
metaTables/vocal_music_demucs_16k/metaData_MagnaTagATune/row19235.csv
Execution time: 28.659530878067017 seconds
metaTables/vocal_music_demucs_16k/metaData_MagnaTagATune/row19236.csv
Execution time: 27.103105783462524 seconds
metaTables/vocal_music_demucs_16k/metaData_MagnaTagATune/row19237.csv
Execution time: 28.124833583831787 seconds
metaTables/vocal_music_demucs_16k/metaData_MagnaTagATune/row19238.csv
Execution time: 28.23994779586792 seconds
metaTables/vocal_music_demucs_16k/metaData_MagnaTagATune/row19239.csv
Execution time: 27.853522539138794 seconds
metaTables/vocal_music_demucs_16k/metaData_MagnaTagATune/row19240.csv
Execution time: 27.225961446762085 seconds
metaTables/vocal_music_demucs_16k/metaData_MagnaTagATune/row19241.csv
Execution time: 28.00639319419861 seconds
metaTables/vocal_music_demucs_16k/metaData_MagnaTagATune/row19242.csv
Execution time: 28.52090358734131 seconds
metaTables/vocal_music_demucs_16k/metaData_MagnaTagATune/row19243.csv
Execution time: 27.679993152618408 seconds
metaTables/vocal_music_demucs_16k/metaData_MagnaTagATune/row19244.csv
Execution time: 27.198761701583862 seconds
metaTables/vocal_music_demucs_16k/metaData_MagnaTagATune/row19245.csv
Execution time: 27.654858350753784 seconds
metaTables/vocal_music_demucs_16k/metaData_MagnaTagATune/row19246.csv
Execution time: 27.289260149002075 seconds
metaTables/vocal_music_demucs_16k/metaData_MagnaTagATune/row19247.csv
Execution time: 27.237354516983032 seconds
metaTables/vocal_music_demucs_16k/metaData_MagnaTagATune/row19248.csv
Execution time: 26.645294189453125 seconds
metaTables/vocal_music_demucs_16k/metaData_MagnaTagATune/row19249.csv
Execution time: 27.027026176452637 seconds
metaTables/vocal_music_demucs_16k/metaData_MagnaTagATune/row19250.csv
Execution time: 26.72414231300354 seconds
metaTables/vocal_music_demucs_16k/metaData_MagnaTagATune/row19251.csv
Execution time: 27.400559902191162 seconds
metaTables/vocal_music_demucs_16k/metaData_MagnaTagATune/row19252.csv
Execution time: 29.644731044769287 seconds
metaTables/vocal_music_demucs_16k/metaData_MagnaTagATune/row19253.csv
Execution time: 27.502300024032593 seconds
metaTables/vocal_music_demucs_16k/metaData_MagnaTagATune/row19254.csv
Execution time: 27.65894842147827 seconds
metaTables/vocal_music_demucs_16k/metaData_MagnaTagATune/row19255.csv
Execution time: 28.049861192703247 seconds
metaTables/vocal_music_demucs_16k/metaData_MagnaTagATune/row19256.csv
Execution time: 27.294804334640503 seconds
metaTables/vocal_music_demucs_16k/metaData_MagnaTagATune/row19257.csv
Execution time: 27.44882607460022 seconds
metaTables/vocal_music_demucs_16k/metaData_MagnaTagATune/row19258.csv
Execution time: 26.96100926399231 seconds
metaTables/vocal_music_demucs_16k/metaData_MagnaTagATune/row19259.csv
Execution time: 27.64872145652771 seconds
metaTables/vocal_music_demucs_16k/metaData_MagnaTagATune/row19260.csv
Execution time: 27.804667472839355 seconds
metaTables/vocal_music_demucs_16k/metaData_MagnaTagATune/row19261.csv
Execution time: 28.118146181106567 seconds
metaTables/vocal_music_demucs_16k/metaData_MagnaTagATune/row19262.csv
Execution time: 27.6257643699646 seconds
metaTables/vocal_music_demucs_16k/metaData_MagnaTagATune/row19263.csv
Execution time: 27.38370418548584 seconds
metaTables/vocal_music_demucs_16k/metaData_MagnaTagATune/row19264.csv
Execution time: 27.51403307914734 seconds
metaTables/vocal_music_demucs_16k/metaData_MagnaTagATune/row19265.csv
Execution time: 27.251930952072144 seconds
metaTables/vocal_music_demucs_16k/metaData_MagnaTagATune/row19266.csv
Execution time: 27.728254556655884 seconds
metaTables/vocal_music_demucs_16k/metaData_MagnaTagATune/row19267.csv
Execution time: 26.926697492599487 seconds
metaTables/vocal_music_demucs_16k/metaData_MagnaTagATune/row19268.csv
Execution time: 27.35234570503235 seconds
metaTables/vocal_music_demucs_16k/metaData_MagnaTagATune/row19269.csv
Execution time: 28.533663511276245 seconds
metaTables/vocal_music_demucs_16k/metaData_MagnaTagATune/row19270.csv
Execution time: 27.54245400428772 seconds
metaTables/vocal_music_demucs_16k/metaData_MagnaTagATune/row19271.csv
Execution time: 27.121713399887085 seconds
metaTables/vocal_music_demucs_16k/metaData_MagnaTagATune/row19272.csv
Execution time: 27.07650375366211 seconds
metaTables/vocal_music_demucs_16k/metaData_MagnaTagATune/row19273.csv
Execution time: 27.518370151519775 seconds
metaTables/vocal_music_demucs_16k/metaData_MagnaTagATune/row19274.csv
Execution time: 27.764728546142578 seconds
metaTables/vocal_music_demucs_16k/metaData_MagnaTagATune/row19275.csv
Execution time: 26.75160312652588 seconds
metaTables/vocal_music_demucs_16k/metaData_MagnaTagATune/row19276.csv
Execution time: 27.151600122451782 seconds
metaTables/vocal_music_demucs_16k/metaData_MagnaTagATune/row19277.csv
Execution time: 27.744346618652344 seconds
metaTables/vocal_music_demucs_16k/metaData_MagnaTagATune/row19278.csv
Execution time: 27.424903869628906 seconds
metaTables/vocal_music_demucs_16k/metaData_MagnaTagATune/row19279.csv
Execution time: 27.479495763778687 seconds
metaTables/vocal_music_demucs_16k/metaData_MagnaTagATune/row19280.csv
Execution time: 27.216742753982544 seconds
metaTables/vocal_music_demucs_16k/metaData_MagnaTagATune/row19281.csv
Execution time: 27.176318645477295 seconds
metaTables/vocal_music_demucs_16k/metaData_MagnaTagATune/row19282.csv
Execution time: 27.501075983047485 seconds
metaTables/vocal_music_demucs_16k/metaData_MagnaTagATune/row19283.csv
Execution time: 26.520443201065063 seconds
metaTables/vocal_music_demucs_16k/metaData_MagnaTagATune/row19284.csv
Execution time: 27.715900421142578 seconds
metaTables/vocal_music_demucs_16k/metaData_MagnaTagATune/row19285.csv
Execution time: 27.197704076766968 seconds
metaTables/vocal_music_demucs_16k/metaData_MagnaTagATune/row19286.csv
Execution time: 26.99534821510315 seconds
metaTables/vocal_music_demucs_16k/metaData_MagnaTagATune/row19287.csv
Execution time: 28.25085473060608 seconds
metaTables/vocal_music_demucs_16k/metaData_MagnaTagATune/row19288.csv
Execution time: 27.14193820953369 seconds
metaTables/vocal_music_demucs_16k/metaData_MagnaTagATune/row19289.csv
Execution time: 26.974090814590454 seconds
metaTables/vocal_music_demucs_16k/metaData_MagnaTagATune/row19290.csv
Execution time: 27.473488807678223 seconds
metaTables/vocal_music_demucs_16k/metaData_MagnaTagATune/row19291.csv
Execution time: 27.467843532562256 seconds
metaTables/vocal_music_demucs_16k/metaData_MagnaTagATune/row19292.csv
Execution time: 28.244881629943848 seconds
metaTables/vocal_music_demucs_16k/metaData_MagnaTagATune/row19293.csv
Execution time: 27.38015913963318 seconds
metaTables/vocal_music_demucs_16k/metaData_MagnaTagATune/row19294.csv
Execution time: 26.663381338119507 seconds
metaTables/vocal_music_demucs_16k/metaData_MagnaTagATune/row19295.csv
Execution time: 27.723000288009644 seconds
metaTables/vocal_music_demucs_16k/metaData_MagnaTagATune/row19296.csv
Execution time: 27.513436794281006 seconds
metaTables/vocal_music_demucs_16k/metaData_MagnaTagATune/row19297.csv
Execution time: 27.65008854866028 seconds
metaTables/vocal_music_demucs_16k/metaData_MagnaTagATune/row19298.csv
Execution time: 26.81638789176941 seconds
metaTables/vocal_music_demucs_16k/metaData_MagnaTagATune/row19299.csv
Demucs voice recognition done!
