/ext3/demucs/lib/python3.9/site-packages/demucs/api.py:27: UserWarning: TorchAudio's global backend is now deprecated. Please enable distpatcher by setting `TORCHAUDIO_USE_BACKEND_DISPATCHER=1`, and specify backend when calling load/info/save function.
  import torchaudio as ta
2024-05-09 09:25:23.144183: I tensorflow/core/util/port.cc:113] oneDNN custom operations are on. You may see slightly different numerical results due to floating-point round-off errors from different computation orders. To turn them off, set the environment variable `TF_ENABLE_ONEDNN_OPTS=0`.
2024-05-09 09:25:23.434909: E external/local_xla/xla/stream_executor/cuda/cuda_dnn.cc:9261] Unable to register cuDNN factory: Attempting to register factory for plugin cuDNN when one has already been registered
2024-05-09 09:25:23.434955: E external/local_xla/xla/stream_executor/cuda/cuda_fft.cc:607] Unable to register cuFFT factory: Attempting to register factory for plugin cuFFT when one has already been registered
2024-05-09 09:25:23.520603: E external/local_xla/xla/stream_executor/cuda/cuda_blas.cc:1515] Unable to register cuBLAS factory: Attempting to register factory for plugin cuBLAS when one has already been registered
2024-05-09 09:25:23.635616: I tensorflow/core/platform/cpu_feature_guard.cc:182] This TensorFlow binary is optimized to use available CPU instructions in performance-critical operations.
To enable the following instructions: AVX2 AVX512F AVX512_VNNI FMA, in other operations, rebuild TensorFlow with the appropriate compiler flags.
2024-05-09 09:25:24.581286: W tensorflow/compiler/tf2tensorrt/utils/py_utils.cc:38] TF-TRT Warning: Could not find TensorRT
SKIPPING: metaTables/vocal_music_demucs_16k/metaData_MagnaTagATune/row200.csv
SKIPPING: metaTables/vocal_music_demucs_16k/metaData_MagnaTagATune/row201.csv
SKIPPING: metaTables/vocal_music_demucs_16k/metaData_MagnaTagATune/row202.csv
SKIPPING: metaTables/vocal_music_demucs_16k/metaData_MagnaTagATune/row203.csv
SKIPPING: metaTables/vocal_music_demucs_16k/metaData_MagnaTagATune/row204.csv
SKIPPING: metaTables/vocal_music_demucs_16k/metaData_MagnaTagATune/row205.csv
SKIPPING: metaTables/vocal_music_demucs_16k/metaData_MagnaTagATune/row206.csv
SKIPPING: metaTables/vocal_music_demucs_16k/metaData_MagnaTagATune/row207.csv
SKIPPING: metaTables/vocal_music_demucs_16k/metaData_MagnaTagATune/row208.csv
SKIPPING: metaTables/vocal_music_demucs_16k/metaData_MagnaTagATune/row209.csv
SKIPPING: metaTables/vocal_music_demucs_16k/metaData_MagnaTagATune/row210.csv
SKIPPING: metaTables/vocal_music_demucs_16k/metaData_MagnaTagATune/row211.csv
SKIPPING: metaTables/vocal_music_demucs_16k/metaData_MagnaTagATune/row212.csv
SKIPPING: metaTables/vocal_music_demucs_16k/metaData_MagnaTagATune/row213.csv
SKIPPING: metaTables/vocal_music_demucs_16k/metaData_MagnaTagATune/row214.csv
SKIPPING: metaTables/vocal_music_demucs_16k/metaData_MagnaTagATune/row215.csv
SKIPPING: metaTables/vocal_music_demucs_16k/metaData_MagnaTagATune/row216.csv
SKIPPING: metaTables/vocal_music_demucs_16k/metaData_MagnaTagATune/row217.csv
SKIPPING: metaTables/vocal_music_demucs_16k/metaData_MagnaTagATune/row218.csv
SKIPPING: metaTables/vocal_music_demucs_16k/metaData_MagnaTagATune/row219.csv
SKIPPING: metaTables/vocal_music_demucs_16k/metaData_MagnaTagATune/row220.csv
SKIPPING: metaTables/vocal_music_demucs_16k/metaData_MagnaTagATune/row221.csv
SKIPPING: metaTables/vocal_music_demucs_16k/metaData_MagnaTagATune/row222.csv
SKIPPING: metaTables/vocal_music_demucs_16k/metaData_MagnaTagATune/row223.csv
SKIPPING: metaTables/vocal_music_demucs_16k/metaData_MagnaTagATune/row224.csv
SKIPPING: metaTables/vocal_music_demucs_16k/metaData_MagnaTagATune/row225.csv
SKIPPING: metaTables/vocal_music_demucs_16k/metaData_MagnaTagATune/row226.csv
SKIPPING: metaTables/vocal_music_demucs_16k/metaData_MagnaTagATune/row227.csv
SKIPPING: metaTables/vocal_music_demucs_16k/metaData_MagnaTagATune/row228.csv
SKIPPING: metaTables/vocal_music_demucs_16k/metaData_MagnaTagATune/row229.csv
SKIPPING: metaTables/vocal_music_demucs_16k/metaData_MagnaTagATune/row230.csv
SKIPPING: metaTables/vocal_music_demucs_16k/metaData_MagnaTagATune/row231.csv
SKIPPING: metaTables/vocal_music_demucs_16k/metaData_MagnaTagATune/row232.csv
SKIPPING: metaTables/vocal_music_demucs_16k/metaData_MagnaTagATune/row233.csv
SKIPPING: metaTables/vocal_music_demucs_16k/metaData_MagnaTagATune/row234.csv
SKIPPING: metaTables/vocal_music_demucs_16k/metaData_MagnaTagATune/row235.csv
SKIPPING: metaTables/vocal_music_demucs_16k/metaData_MagnaTagATune/row236.csv
SKIPPING: metaTables/vocal_music_demucs_16k/metaData_MagnaTagATune/row237.csv
SKIPPING: metaTables/vocal_music_demucs_16k/metaData_MagnaTagATune/row238.csv
SKIPPING: metaTables/vocal_music_demucs_16k/metaData_MagnaTagATune/row239.csv
SKIPPING: metaTables/vocal_music_demucs_16k/metaData_MagnaTagATune/row240.csv
SKIPPING: metaTables/vocal_music_demucs_16k/metaData_MagnaTagATune/row241.csv
SKIPPING: metaTables/vocal_music_demucs_16k/metaData_MagnaTagATune/row242.csv
SKIPPING: metaTables/vocal_music_demucs_16k/metaData_MagnaTagATune/row243.csv
SKIPPING: metaTables/vocal_music_demucs_16k/metaData_MagnaTagATune/row244.csv
SKIPPING: metaTables/vocal_music_demucs_16k/metaData_MagnaTagATune/row245.csv
SKIPPING: metaTables/vocal_music_demucs_16k/metaData_MagnaTagATune/row246.csv
SKIPPING: metaTables/vocal_music_demucs_16k/metaData_MagnaTagATune/row247.csv
SKIPPING: metaTables/vocal_music_demucs_16k/metaData_MagnaTagATune/row248.csv
SKIPPING: metaTables/vocal_music_demucs_16k/metaData_MagnaTagATune/row249.csv
SKIPPING: metaTables/vocal_music_demucs_16k/metaData_MagnaTagATune/row250.csv
SKIPPING: metaTables/vocal_music_demucs_16k/metaData_MagnaTagATune/row251.csv
SKIPPING: metaTables/vocal_music_demucs_16k/metaData_MagnaTagATune/row252.csv
SKIPPING: metaTables/vocal_music_demucs_16k/metaData_MagnaTagATune/row253.csv
SKIPPING: metaTables/vocal_music_demucs_16k/metaData_MagnaTagATune/row254.csv
SKIPPING: metaTables/vocal_music_demucs_16k/metaData_MagnaTagATune/row255.csv
SKIPPING: metaTables/vocal_music_demucs_16k/metaData_MagnaTagATune/row256.csv
SKIPPING: metaTables/vocal_music_demucs_16k/metaData_MagnaTagATune/row257.csv
SKIPPING: metaTables/vocal_music_demucs_16k/metaData_MagnaTagATune/row258.csv
SKIPPING: metaTables/vocal_music_demucs_16k/metaData_MagnaTagATune/row259.csv
SKIPPING: metaTables/vocal_music_demucs_16k/metaData_MagnaTagATune/row260.csv
SKIPPING: metaTables/vocal_music_demucs_16k/metaData_MagnaTagATune/row261.csv
SKIPPING: metaTables/vocal_music_demucs_16k/metaData_MagnaTagATune/row262.csv
SKIPPING: metaTables/vocal_music_demucs_16k/metaData_MagnaTagATune/row263.csv
SKIPPING: metaTables/vocal_music_demucs_16k/metaData_MagnaTagATune/row264.csv
SKIPPING: metaTables/vocal_music_demucs_16k/metaData_MagnaTagATune/row265.csv
SKIPPING: metaTables/vocal_music_demucs_16k/metaData_MagnaTagATune/row266.csv
SKIPPING: metaTables/vocal_music_demucs_16k/metaData_MagnaTagATune/row267.csv
SKIPPING: metaTables/vocal_music_demucs_16k/metaData_MagnaTagATune/row268.csv
SKIPPING: metaTables/vocal_music_demucs_16k/metaData_MagnaTagATune/row269.csv
SKIPPING: metaTables/vocal_music_demucs_16k/metaData_MagnaTagATune/row270.csv
SKIPPING: metaTables/vocal_music_demucs_16k/metaData_MagnaTagATune/row271.csv
SKIPPING: metaTables/vocal_music_demucs_16k/metaData_MagnaTagATune/row272.csv
SKIPPING: metaTables/vocal_music_demucs_16k/metaData_MagnaTagATune/row273.csv
SKIPPING: metaTables/vocal_music_demucs_16k/metaData_MagnaTagATune/row274.csv
SKIPPING: metaTables/vocal_music_demucs_16k/metaData_MagnaTagATune/row275.csv
SKIPPING: metaTables/vocal_music_demucs_16k/metaData_MagnaTagATune/row276.csv
SKIPPING: metaTables/vocal_music_demucs_16k/metaData_MagnaTagATune/row277.csv
SKIPPING: metaTables/vocal_music_demucs_16k/metaData_MagnaTagATune/row278.csv
SKIPPING: metaTables/vocal_music_demucs_16k/metaData_MagnaTagATune/row279.csv
SKIPPING: metaTables/vocal_music_demucs_16k/metaData_MagnaTagATune/row280.csv
SKIPPING: metaTables/vocal_music_demucs_16k/metaData_MagnaTagATune/row281.csv
SKIPPING: metaTables/vocal_music_demucs_16k/metaData_MagnaTagATune/row282.csv
SKIPPING: metaTables/vocal_music_demucs_16k/metaData_MagnaTagATune/row283.csv
SKIPPING: metaTables/vocal_music_demucs_16k/metaData_MagnaTagATune/row284.csv
SKIPPING: metaTables/vocal_music_demucs_16k/metaData_MagnaTagATune/row285.csv
SKIPPING: metaTables/vocal_music_demucs_16k/metaData_MagnaTagATune/row286.csv
SKIPPING: metaTables/vocal_music_demucs_16k/metaData_MagnaTagATune/row287.csv
SKIPPING: metaTables/vocal_music_demucs_16k/metaData_MagnaTagATune/row288.csv
SKIPPING: metaTables/vocal_music_demucs_16k/metaData_MagnaTagATune/row289.csv
SKIPPING: metaTables/vocal_music_demucs_16k/metaData_MagnaTagATune/row290.csv
SKIPPING: metaTables/vocal_music_demucs_16k/metaData_MagnaTagATune/row291.csv
SKIPPING: metaTables/vocal_music_demucs_16k/metaData_MagnaTagATune/row292.csv
SKIPPING: metaTables/vocal_music_demucs_16k/metaData_MagnaTagATune/row293.csv
SKIPPING: metaTables/vocal_music_demucs_16k/metaData_MagnaTagATune/row294.csv
SKIPPING: metaTables/vocal_music_demucs_16k/metaData_MagnaTagATune/row295.csv
SKIPPING: metaTables/vocal_music_demucs_16k/metaData_MagnaTagATune/row296.csv
SKIPPING: metaTables/vocal_music_demucs_16k/metaData_MagnaTagATune/row297.csv
SKIPPING: metaTables/vocal_music_demucs_16k/metaData_MagnaTagATune/row298.csv
SKIPPING: metaTables/vocal_music_demucs_16k/metaData_MagnaTagATune/row299.csv
Demucs voice recognition done!
