/ext3/demucs/lib/python3.9/site-packages/demucs/api.py:27: UserWarning: TorchAudio's global backend is now deprecated. Please enable distpatcher by setting `TORCHAUDIO_USE_BACKEND_DISPATCHER=1`, and specify backend when calling load/info/save function.
  import torchaudio as ta
2024-05-09 09:25:22.973942: I tensorflow/core/util/port.cc:113] oneDNN custom operations are on. You may see slightly different numerical results due to floating-point round-off errors from different computation orders. To turn them off, set the environment variable `TF_ENABLE_ONEDNN_OPTS=0`.
2024-05-09 09:25:23.491020: E external/local_xla/xla/stream_executor/cuda/cuda_dnn.cc:9261] Unable to register cuDNN factory: Attempting to register factory for plugin cuDNN when one has already been registered
2024-05-09 09:25:23.491070: E external/local_xla/xla/stream_executor/cuda/cuda_fft.cc:607] Unable to register cuFFT factory: Attempting to register factory for plugin cuFFT when one has already been registered
2024-05-09 09:25:23.510644: E external/local_xla/xla/stream_executor/cuda/cuda_blas.cc:1515] Unable to register cuBLAS factory: Attempting to register factory for plugin cuBLAS when one has already been registered
2024-05-09 09:25:23.559235: I tensorflow/core/platform/cpu_feature_guard.cc:182] This TensorFlow binary is optimized to use available CPU instructions in performance-critical operations.
To enable the following instructions: AVX2 AVX512F AVX512_VNNI FMA, in other operations, rebuild TensorFlow with the appropriate compiler flags.
2024-05-09 09:25:24.438520: W tensorflow/compiler/tf2tensorrt/utils/py_utils.cc:38] TF-TRT Warning: Could not find TensorRT
SKIPPING: metaTables/vocal_music_demucs_16k/metaData_MagnaTagATune/row21200.csv
SKIPPING: metaTables/vocal_music_demucs_16k/metaData_MagnaTagATune/row21201.csv
SKIPPING: metaTables/vocal_music_demucs_16k/metaData_MagnaTagATune/row21202.csv
SKIPPING: metaTables/vocal_music_demucs_16k/metaData_MagnaTagATune/row21203.csv
SKIPPING: metaTables/vocal_music_demucs_16k/metaData_MagnaTagATune/row21204.csv
SKIPPING: metaTables/vocal_music_demucs_16k/metaData_MagnaTagATune/row21205.csv
SKIPPING: metaTables/vocal_music_demucs_16k/metaData_MagnaTagATune/row21206.csv
SKIPPING: metaTables/vocal_music_demucs_16k/metaData_MagnaTagATune/row21207.csv
SKIPPING: metaTables/vocal_music_demucs_16k/metaData_MagnaTagATune/row21208.csv
SKIPPING: metaTables/vocal_music_demucs_16k/metaData_MagnaTagATune/row21209.csv
SKIPPING: metaTables/vocal_music_demucs_16k/metaData_MagnaTagATune/row21210.csv
SKIPPING: metaTables/vocal_music_demucs_16k/metaData_MagnaTagATune/row21211.csv
SKIPPING: metaTables/vocal_music_demucs_16k/metaData_MagnaTagATune/row21212.csv
SKIPPING: metaTables/vocal_music_demucs_16k/metaData_MagnaTagATune/row21213.csv
SKIPPING: metaTables/vocal_music_demucs_16k/metaData_MagnaTagATune/row21214.csv
SKIPPING: metaTables/vocal_music_demucs_16k/metaData_MagnaTagATune/row21215.csv
SKIPPING: metaTables/vocal_music_demucs_16k/metaData_MagnaTagATune/row21216.csv
SKIPPING: metaTables/vocal_music_demucs_16k/metaData_MagnaTagATune/row21217.csv
SKIPPING: metaTables/vocal_music_demucs_16k/metaData_MagnaTagATune/row21218.csv
SKIPPING: metaTables/vocal_music_demucs_16k/metaData_MagnaTagATune/row21219.csv
SKIPPING: metaTables/vocal_music_demucs_16k/metaData_MagnaTagATune/row21220.csv
SKIPPING: metaTables/vocal_music_demucs_16k/metaData_MagnaTagATune/row21221.csv
SKIPPING: metaTables/vocal_music_demucs_16k/metaData_MagnaTagATune/row21222.csv
SKIPPING: metaTables/vocal_music_demucs_16k/metaData_MagnaTagATune/row21223.csv
SKIPPING: metaTables/vocal_music_demucs_16k/metaData_MagnaTagATune/row21224.csv
SKIPPING: metaTables/vocal_music_demucs_16k/metaData_MagnaTagATune/row21225.csv
SKIPPING: metaTables/vocal_music_demucs_16k/metaData_MagnaTagATune/row21226.csv
SKIPPING: metaTables/vocal_music_demucs_16k/metaData_MagnaTagATune/row21227.csv
SKIPPING: metaTables/vocal_music_demucs_16k/metaData_MagnaTagATune/row21228.csv
SKIPPING: metaTables/vocal_music_demucs_16k/metaData_MagnaTagATune/row21229.csv
SKIPPING: metaTables/vocal_music_demucs_16k/metaData_MagnaTagATune/row21230.csv
SKIPPING: metaTables/vocal_music_demucs_16k/metaData_MagnaTagATune/row21231.csv
SKIPPING: metaTables/vocal_music_demucs_16k/metaData_MagnaTagATune/row21232.csv
SKIPPING: metaTables/vocal_music_demucs_16k/metaData_MagnaTagATune/row21233.csv
SKIPPING: metaTables/vocal_music_demucs_16k/metaData_MagnaTagATune/row21234.csv
SKIPPING: metaTables/vocal_music_demucs_16k/metaData_MagnaTagATune/row21235.csv
SKIPPING: metaTables/vocal_music_demucs_16k/metaData_MagnaTagATune/row21236.csv
SKIPPING: metaTables/vocal_music_demucs_16k/metaData_MagnaTagATune/row21237.csv
SKIPPING: metaTables/vocal_music_demucs_16k/metaData_MagnaTagATune/row21238.csv
SKIPPING: metaTables/vocal_music_demucs_16k/metaData_MagnaTagATune/row21239.csv
SKIPPING: metaTables/vocal_music_demucs_16k/metaData_MagnaTagATune/row21240.csv
SKIPPING: metaTables/vocal_music_demucs_16k/metaData_MagnaTagATune/row21241.csv
SKIPPING: metaTables/vocal_music_demucs_16k/metaData_MagnaTagATune/row21242.csv
SKIPPING: metaTables/vocal_music_demucs_16k/metaData_MagnaTagATune/row21243.csv
SKIPPING: metaTables/vocal_music_demucs_16k/metaData_MagnaTagATune/row21244.csv
SKIPPING: metaTables/vocal_music_demucs_16k/metaData_MagnaTagATune/row21245.csv
SKIPPING: metaTables/vocal_music_demucs_16k/metaData_MagnaTagATune/row21246.csv
SKIPPING: metaTables/vocal_music_demucs_16k/metaData_MagnaTagATune/row21247.csv
SKIPPING: metaTables/vocal_music_demucs_16k/metaData_MagnaTagATune/row21248.csv
SKIPPING: metaTables/vocal_music_demucs_16k/metaData_MagnaTagATune/row21249.csv
SKIPPING: metaTables/vocal_music_demucs_16k/metaData_MagnaTagATune/row21250.csv
SKIPPING: metaTables/vocal_music_demucs_16k/metaData_MagnaTagATune/row21251.csv
SKIPPING: metaTables/vocal_music_demucs_16k/metaData_MagnaTagATune/row21252.csv
SKIPPING: metaTables/vocal_music_demucs_16k/metaData_MagnaTagATune/row21253.csv
SKIPPING: metaTables/vocal_music_demucs_16k/metaData_MagnaTagATune/row21254.csv
SKIPPING: metaTables/vocal_music_demucs_16k/metaData_MagnaTagATune/row21255.csv
SKIPPING: metaTables/vocal_music_demucs_16k/metaData_MagnaTagATune/row21256.csv
SKIPPING: metaTables/vocal_music_demucs_16k/metaData_MagnaTagATune/row21257.csv
SKIPPING: metaTables/vocal_music_demucs_16k/metaData_MagnaTagATune/row21258.csv
SKIPPING: metaTables/vocal_music_demucs_16k/metaData_MagnaTagATune/row21259.csv
SKIPPING: metaTables/vocal_music_demucs_16k/metaData_MagnaTagATune/row21260.csv
SKIPPING: metaTables/vocal_music_demucs_16k/metaData_MagnaTagATune/row21261.csv
SKIPPING: metaTables/vocal_music_demucs_16k/metaData_MagnaTagATune/row21262.csv
SKIPPING: metaTables/vocal_music_demucs_16k/metaData_MagnaTagATune/row21263.csv
SKIPPING: metaTables/vocal_music_demucs_16k/metaData_MagnaTagATune/row21264.csv
SKIPPING: metaTables/vocal_music_demucs_16k/metaData_MagnaTagATune/row21265.csv
SKIPPING: metaTables/vocal_music_demucs_16k/metaData_MagnaTagATune/row21266.csv
SKIPPING: metaTables/vocal_music_demucs_16k/metaData_MagnaTagATune/row21267.csv
SKIPPING: metaTables/vocal_music_demucs_16k/metaData_MagnaTagATune/row21268.csv
SKIPPING: metaTables/vocal_music_demucs_16k/metaData_MagnaTagATune/row21269.csv
SKIPPING: metaTables/vocal_music_demucs_16k/metaData_MagnaTagATune/row21270.csv
SKIPPING: metaTables/vocal_music_demucs_16k/metaData_MagnaTagATune/row21271.csv
SKIPPING: metaTables/vocal_music_demucs_16k/metaData_MagnaTagATune/row21272.csv
SKIPPING: metaTables/vocal_music_demucs_16k/metaData_MagnaTagATune/row21273.csv
SKIPPING: metaTables/vocal_music_demucs_16k/metaData_MagnaTagATune/row21274.csv
SKIPPING: metaTables/vocal_music_demucs_16k/metaData_MagnaTagATune/row21275.csv
SKIPPING: metaTables/vocal_music_demucs_16k/metaData_MagnaTagATune/row21276.csv
SKIPPING: metaTables/vocal_music_demucs_16k/metaData_MagnaTagATune/row21277.csv
SKIPPING: metaTables/vocal_music_demucs_16k/metaData_MagnaTagATune/row21278.csv
SKIPPING: metaTables/vocal_music_demucs_16k/metaData_MagnaTagATune/row21279.csv
SKIPPING: metaTables/vocal_music_demucs_16k/metaData_MagnaTagATune/row21280.csv
SKIPPING: metaTables/vocal_music_demucs_16k/metaData_MagnaTagATune/row21281.csv
SKIPPING: metaTables/vocal_music_demucs_16k/metaData_MagnaTagATune/row21282.csv
SKIPPING: metaTables/vocal_music_demucs_16k/metaData_MagnaTagATune/row21283.csv
SKIPPING: metaTables/vocal_music_demucs_16k/metaData_MagnaTagATune/row21284.csv
SKIPPING: metaTables/vocal_music_demucs_16k/metaData_MagnaTagATune/row21285.csv
SKIPPING: metaTables/vocal_music_demucs_16k/metaData_MagnaTagATune/row21286.csv
SKIPPING: metaTables/vocal_music_demucs_16k/metaData_MagnaTagATune/row21287.csv
SKIPPING: metaTables/vocal_music_demucs_16k/metaData_MagnaTagATune/row21288.csv
SKIPPING: metaTables/vocal_music_demucs_16k/metaData_MagnaTagATune/row21289.csv
SKIPPING: metaTables/vocal_music_demucs_16k/metaData_MagnaTagATune/row21290.csv
SKIPPING: metaTables/vocal_music_demucs_16k/metaData_MagnaTagATune/row21291.csv
SKIPPING: metaTables/vocal_music_demucs_16k/metaData_MagnaTagATune/row21292.csv
SKIPPING: metaTables/vocal_music_demucs_16k/metaData_MagnaTagATune/row21293.csv
SKIPPING: metaTables/vocal_music_demucs_16k/metaData_MagnaTagATune/row21294.csv
SKIPPING: metaTables/vocal_music_demucs_16k/metaData_MagnaTagATune/row21295.csv
SKIPPING: metaTables/vocal_music_demucs_16k/metaData_MagnaTagATune/row21296.csv
SKIPPING: metaTables/vocal_music_demucs_16k/metaData_MagnaTagATune/row21297.csv
SKIPPING: metaTables/vocal_music_demucs_16k/metaData_MagnaTagATune/row21298.csv
SKIPPING: metaTables/vocal_music_demucs_16k/metaData_MagnaTagATune/row21299.csv
Demucs voice recognition done!
