/ext3/demucs/lib/python3.9/site-packages/demucs/api.py:27: UserWarning: TorchAudio's global backend is now deprecated. Please enable distpatcher by setting `TORCHAUDIO_USE_BACKEND_DISPATCHER=1`, and specify backend when calling load/info/save function.
  import torchaudio as ta
2024-05-09 00:21:14.617735: I tensorflow/core/util/port.cc:113] oneDNN custom operations are on. You may see slightly different numerical results due to floating-point round-off errors from different computation orders. To turn them off, set the environment variable `TF_ENABLE_ONEDNN_OPTS=0`.
2024-05-09 00:21:14.889880: E external/local_xla/xla/stream_executor/cuda/cuda_dnn.cc:9261] Unable to register cuDNN factory: Attempting to register factory for plugin cuDNN when one has already been registered
2024-05-09 00:21:14.889918: E external/local_xla/xla/stream_executor/cuda/cuda_fft.cc:607] Unable to register cuFFT factory: Attempting to register factory for plugin cuFFT when one has already been registered
2024-05-09 00:21:14.908420: E external/local_xla/xla/stream_executor/cuda/cuda_blas.cc:1515] Unable to register cuBLAS factory: Attempting to register factory for plugin cuBLAS when one has already been registered
2024-05-09 00:21:14.983378: I tensorflow/core/platform/cpu_feature_guard.cc:182] This TensorFlow binary is optimized to use available CPU instructions in performance-critical operations.
To enable the following instructions: AVX2 AVX512F AVX512_VNNI FMA, in other operations, rebuild TensorFlow with the appropriate compiler flags.
2024-05-09 00:21:16.266060: W tensorflow/compiler/tf2tensorrt/utils/py_utils.cc:38] TF-TRT Warning: Could not find TensorRT
Execution time: 28.120754718780518 seconds
metaTables/vocal_music_demucs_16k/metaData_MagnaTagATune/row4000.csv
Execution time: 25.695590496063232 seconds
metaTables/vocal_music_demucs_16k/metaData_MagnaTagATune/row4001.csv
Execution time: 25.76038408279419 seconds
metaTables/vocal_music_demucs_16k/metaData_MagnaTagATune/row4002.csv
Execution time: 26.511407136917114 seconds
metaTables/vocal_music_demucs_16k/metaData_MagnaTagATune/row4003.csv
Execution time: 27.75548505783081 seconds
metaTables/vocal_music_demucs_16k/metaData_MagnaTagATune/row4004.csv
Execution time: 26.385205268859863 seconds
metaTables/vocal_music_demucs_16k/metaData_MagnaTagATune/row4005.csv
Execution time: 26.88588523864746 seconds
metaTables/vocal_music_demucs_16k/metaData_MagnaTagATune/row4006.csv
Execution time: 25.98493218421936 seconds
metaTables/vocal_music_demucs_16k/metaData_MagnaTagATune/row4007.csv
Execution time: 24.61827063560486 seconds
metaTables/vocal_music_demucs_16k/metaData_MagnaTagATune/row4008.csv
Execution time: 26.166022300720215 seconds
metaTables/vocal_music_demucs_16k/metaData_MagnaTagATune/row4009.csv
Execution time: 25.704755306243896 seconds
metaTables/vocal_music_demucs_16k/metaData_MagnaTagATune/row4010.csv
Execution time: 25.097270965576172 seconds
metaTables/vocal_music_demucs_16k/metaData_MagnaTagATune/row4011.csv
Execution time: 26.095329523086548 seconds
metaTables/vocal_music_demucs_16k/metaData_MagnaTagATune/row4012.csv
Execution time: 26.29884624481201 seconds
metaTables/vocal_music_demucs_16k/metaData_MagnaTagATune/row4013.csv
Execution time: 25.784672737121582 seconds
metaTables/vocal_music_demucs_16k/metaData_MagnaTagATune/row4014.csv
Execution time: 25.132564067840576 seconds
metaTables/vocal_music_demucs_16k/metaData_MagnaTagATune/row4015.csv
Execution time: 26.976114988327026 seconds
metaTables/vocal_music_demucs_16k/metaData_MagnaTagATune/row4016.csv
Execution time: 25.530073165893555 seconds
metaTables/vocal_music_demucs_16k/metaData_MagnaTagATune/row4017.csv
Execution time: 26.949949264526367 seconds
metaTables/vocal_music_demucs_16k/metaData_MagnaTagATune/row4018.csv
Execution time: 26.650747537612915 seconds
metaTables/vocal_music_demucs_16k/metaData_MagnaTagATune/row4019.csv
Execution time: 25.85646414756775 seconds
metaTables/vocal_music_demucs_16k/metaData_MagnaTagATune/row4020.csv
Execution time: 27.382973194122314 seconds
metaTables/vocal_music_demucs_16k/metaData_MagnaTagATune/row4021.csv
Execution time: 25.846234560012817 seconds
metaTables/vocal_music_demucs_16k/metaData_MagnaTagATune/row4022.csv
Execution time: 25.60715913772583 seconds
metaTables/vocal_music_demucs_16k/metaData_MagnaTagATune/row4023.csv
Execution time: 26.499530792236328 seconds
metaTables/vocal_music_demucs_16k/metaData_MagnaTagATune/row4024.csv
Execution time: 26.61076283454895 seconds
metaTables/vocal_music_demucs_16k/metaData_MagnaTagATune/row4025.csv
Execution time: 25.95582127571106 seconds
metaTables/vocal_music_demucs_16k/metaData_MagnaTagATune/row4026.csv
Execution time: 25.381388187408447 seconds
metaTables/vocal_music_demucs_16k/metaData_MagnaTagATune/row4027.csv
Execution time: 25.66971182823181 seconds
metaTables/vocal_music_demucs_16k/metaData_MagnaTagATune/row4028.csv
Execution time: 25.77840518951416 seconds
metaTables/vocal_music_demucs_16k/metaData_MagnaTagATune/row4029.csv
Execution time: 26.523302793502808 seconds
metaTables/vocal_music_demucs_16k/metaData_MagnaTagATune/row4030.csv
Execution time: 26.92631483078003 seconds
metaTables/vocal_music_demucs_16k/metaData_MagnaTagATune/row4031.csv
Execution time: 25.574638605117798 seconds
metaTables/vocal_music_demucs_16k/metaData_MagnaTagATune/row4032.csv
Execution time: 26.286118507385254 seconds
metaTables/vocal_music_demucs_16k/metaData_MagnaTagATune/row4033.csv
Execution time: 27.077003479003906 seconds
metaTables/vocal_music_demucs_16k/metaData_MagnaTagATune/row4034.csv
Execution time: 25.61180281639099 seconds
metaTables/vocal_music_demucs_16k/metaData_MagnaTagATune/row4035.csv
Execution time: 25.409550428390503 seconds
metaTables/vocal_music_demucs_16k/metaData_MagnaTagATune/row4036.csv
Execution time: 25.89858651161194 seconds
metaTables/vocal_music_demucs_16k/metaData_MagnaTagATune/row4037.csv
Execution time: 25.91629457473755 seconds
metaTables/vocal_music_demucs_16k/metaData_MagnaTagATune/row4038.csv
Execution time: 26.71612048149109 seconds
metaTables/vocal_music_demucs_16k/metaData_MagnaTagATune/row4039.csv
Execution time: 26.517340898513794 seconds
metaTables/vocal_music_demucs_16k/metaData_MagnaTagATune/row4040.csv
Execution time: 25.89260244369507 seconds
metaTables/vocal_music_demucs_16k/metaData_MagnaTagATune/row4041.csv
Execution time: 26.16095232963562 seconds
metaTables/vocal_music_demucs_16k/metaData_MagnaTagATune/row4042.csv
Execution time: 25.870333194732666 seconds
metaTables/vocal_music_demucs_16k/metaData_MagnaTagATune/row4043.csv
Execution time: 26.28671145439148 seconds
metaTables/vocal_music_demucs_16k/metaData_MagnaTagATune/row4044.csv
Execution time: 26.395524501800537 seconds
metaTables/vocal_music_demucs_16k/metaData_MagnaTagATune/row4045.csv
Execution time: 26.05927014350891 seconds
metaTables/vocal_music_demucs_16k/metaData_MagnaTagATune/row4046.csv
Execution time: 27.454500198364258 seconds
metaTables/vocal_music_demucs_16k/metaData_MagnaTagATune/row4047.csv
Execution time: 25.935735940933228 seconds
metaTables/vocal_music_demucs_16k/metaData_MagnaTagATune/row4048.csv
Execution time: 27.05823516845703 seconds
metaTables/vocal_music_demucs_16k/metaData_MagnaTagATune/row4049.csv
Execution time: 25.82754397392273 seconds
metaTables/vocal_music_demucs_16k/metaData_MagnaTagATune/row4050.csv
Execution time: 26.05969262123108 seconds
metaTables/vocal_music_demucs_16k/metaData_MagnaTagATune/row4051.csv
Execution time: 26.358283758163452 seconds
metaTables/vocal_music_demucs_16k/metaData_MagnaTagATune/row4052.csv
Execution time: 26.377483129501343 seconds
metaTables/vocal_music_demucs_16k/metaData_MagnaTagATune/row4053.csv
Execution time: 26.081979751586914 seconds
metaTables/vocal_music_demucs_16k/metaData_MagnaTagATune/row4054.csv
Execution time: 25.60304856300354 seconds
metaTables/vocal_music_demucs_16k/metaData_MagnaTagATune/row4055.csv
Execution time: 25.962220191955566 seconds
metaTables/vocal_music_demucs_16k/metaData_MagnaTagATune/row4056.csv
Execution time: 28.87545394897461 seconds
metaTables/vocal_music_demucs_16k/metaData_MagnaTagATune/row4057.csv
Execution time: 25.84332299232483 seconds
metaTables/vocal_music_demucs_16k/metaData_MagnaTagATune/row4058.csv
Execution time: 25.639978647232056 seconds
metaTables/vocal_music_demucs_16k/metaData_MagnaTagATune/row4059.csv
Execution time: 26.338863849639893 seconds
metaTables/vocal_music_demucs_16k/metaData_MagnaTagATune/row4060.csv
Execution time: 25.847004413604736 seconds
metaTables/vocal_music_demucs_16k/metaData_MagnaTagATune/row4061.csv
Execution time: 25.659992456436157 seconds
metaTables/vocal_music_demucs_16k/metaData_MagnaTagATune/row4062.csv
Execution time: 25.75862145423889 seconds
metaTables/vocal_music_demucs_16k/metaData_MagnaTagATune/row4063.csv
Execution time: 25.9701087474823 seconds
metaTables/vocal_music_demucs_16k/metaData_MagnaTagATune/row4064.csv
Execution time: 26.29581308364868 seconds
metaTables/vocal_music_demucs_16k/metaData_MagnaTagATune/row4065.csv
Execution time: 28.030932188034058 seconds
metaTables/vocal_music_demucs_16k/metaData_MagnaTagATune/row4066.csv
Execution time: 26.758299350738525 seconds
metaTables/vocal_music_demucs_16k/metaData_MagnaTagATune/row4067.csv
Execution time: 26.246905088424683 seconds
metaTables/vocal_music_demucs_16k/metaData_MagnaTagATune/row4068.csv
Execution time: 26.404966592788696 seconds
metaTables/vocal_music_demucs_16k/metaData_MagnaTagATune/row4069.csv
Execution time: 26.17351722717285 seconds
metaTables/vocal_music_demucs_16k/metaData_MagnaTagATune/row4070.csv
Execution time: 25.427958965301514 seconds
metaTables/vocal_music_demucs_16k/metaData_MagnaTagATune/row4071.csv
Execution time: 26.705610752105713 seconds
metaTables/vocal_music_demucs_16k/metaData_MagnaTagATune/row4072.csv
Execution time: 25.783120155334473 seconds
metaTables/vocal_music_demucs_16k/metaData_MagnaTagATune/row4073.csv
Execution time: 26.326822519302368 seconds
metaTables/vocal_music_demucs_16k/metaData_MagnaTagATune/row4074.csv
Execution time: 26.041980981826782 seconds
metaTables/vocal_music_demucs_16k/metaData_MagnaTagATune/row4075.csv
Execution time: 26.376848459243774 seconds
metaTables/vocal_music_demucs_16k/metaData_MagnaTagATune/row4076.csv
Execution time: 25.847607612609863 seconds
metaTables/vocal_music_demucs_16k/metaData_MagnaTagATune/row4077.csv
Execution time: 25.935760498046875 seconds
metaTables/vocal_music_demucs_16k/metaData_MagnaTagATune/row4078.csv
Execution time: 25.44571304321289 seconds
metaTables/vocal_music_demucs_16k/metaData_MagnaTagATune/row4079.csv
Execution time: 26.95718288421631 seconds
metaTables/vocal_music_demucs_16k/metaData_MagnaTagATune/row4080.csv
Execution time: 25.599220275878906 seconds
metaTables/vocal_music_demucs_16k/metaData_MagnaTagATune/row4081.csv
Execution time: 26.12898302078247 seconds
metaTables/vocal_music_demucs_16k/metaData_MagnaTagATune/row4082.csv
Execution time: 25.610239028930664 seconds
metaTables/vocal_music_demucs_16k/metaData_MagnaTagATune/row4083.csv
Execution time: 26.133540391921997 seconds
metaTables/vocal_music_demucs_16k/metaData_MagnaTagATune/row4084.csv
Execution time: 26.089538097381592 seconds
metaTables/vocal_music_demucs_16k/metaData_MagnaTagATune/row4085.csv
Execution time: 26.321593046188354 seconds
metaTables/vocal_music_demucs_16k/metaData_MagnaTagATune/row4086.csv
Execution time: 24.999651193618774 seconds
metaTables/vocal_music_demucs_16k/metaData_MagnaTagATune/row4087.csv
Execution time: 26.401207447052002 seconds
metaTables/vocal_music_demucs_16k/metaData_MagnaTagATune/row4088.csv
Execution time: 25.895652532577515 seconds
metaTables/vocal_music_demucs_16k/metaData_MagnaTagATune/row4089.csv
Execution time: 26.143329858779907 seconds
metaTables/vocal_music_demucs_16k/metaData_MagnaTagATune/row4090.csv
Execution time: 25.770414113998413 seconds
metaTables/vocal_music_demucs_16k/metaData_MagnaTagATune/row4091.csv
Execution time: 26.065427541732788 seconds
metaTables/vocal_music_demucs_16k/metaData_MagnaTagATune/row4092.csv
Execution time: 26.69830060005188 seconds
metaTables/vocal_music_demucs_16k/metaData_MagnaTagATune/row4093.csv
Execution time: 26.66646909713745 seconds
metaTables/vocal_music_demucs_16k/metaData_MagnaTagATune/row4094.csv
Execution time: 25.640888214111328 seconds
metaTables/vocal_music_demucs_16k/metaData_MagnaTagATune/row4095.csv
Execution time: 26.596062421798706 seconds
metaTables/vocal_music_demucs_16k/metaData_MagnaTagATune/row4096.csv
Execution time: 27.491384744644165 seconds
metaTables/vocal_music_demucs_16k/metaData_MagnaTagATune/row4097.csv
Execution time: 25.868024826049805 seconds
metaTables/vocal_music_demucs_16k/metaData_MagnaTagATune/row4098.csv
Execution time: 24.60607385635376 seconds
metaTables/vocal_music_demucs_16k/metaData_MagnaTagATune/row4099.csv
Demucs voice recognition done!
