/ext3/demucs/lib/python3.9/site-packages/demucs/api.py:27: UserWarning: TorchAudio's global backend is now deprecated. Please enable distpatcher by setting `TORCHAUDIO_USE_BACKEND_DISPATCHER=1`, and specify backend when calling load/info/save function.
  import torchaudio as ta
2024-05-09 09:25:23.916888: I tensorflow/core/util/port.cc:113] oneDNN custom operations are on. You may see slightly different numerical results due to floating-point round-off errors from different computation orders. To turn them off, set the environment variable `TF_ENABLE_ONEDNN_OPTS=0`.
2024-05-09 09:25:24.301562: E external/local_xla/xla/stream_executor/cuda/cuda_dnn.cc:9261] Unable to register cuDNN factory: Attempting to register factory for plugin cuDNN when one has already been registered
2024-05-09 09:25:24.301602: E external/local_xla/xla/stream_executor/cuda/cuda_fft.cc:607] Unable to register cuFFT factory: Attempting to register factory for plugin cuFFT when one has already been registered
2024-05-09 09:25:24.343542: E external/local_xla/xla/stream_executor/cuda/cuda_blas.cc:1515] Unable to register cuBLAS factory: Attempting to register factory for plugin cuBLAS when one has already been registered
2024-05-09 09:25:24.420469: I tensorflow/core/platform/cpu_feature_guard.cc:182] This TensorFlow binary is optimized to use available CPU instructions in performance-critical operations.
To enable the following instructions: AVX2 AVX512F AVX512_VNNI FMA, in other operations, rebuild TensorFlow with the appropriate compiler flags.
2024-05-09 09:25:25.327630: W tensorflow/compiler/tf2tensorrt/utils/py_utils.cc:38] TF-TRT Warning: Could not find TensorRT
SKIPPING: metaTables/vocal_music_demucs_16k/metaData_MagnaTagATune/row22600.csv
SKIPPING: metaTables/vocal_music_demucs_16k/metaData_MagnaTagATune/row22601.csv
SKIPPING: metaTables/vocal_music_demucs_16k/metaData_MagnaTagATune/row22602.csv
SKIPPING: metaTables/vocal_music_demucs_16k/metaData_MagnaTagATune/row22603.csv
SKIPPING: metaTables/vocal_music_demucs_16k/metaData_MagnaTagATune/row22604.csv
SKIPPING: metaTables/vocal_music_demucs_16k/metaData_MagnaTagATune/row22605.csv
SKIPPING: metaTables/vocal_music_demucs_16k/metaData_MagnaTagATune/row22606.csv
SKIPPING: metaTables/vocal_music_demucs_16k/metaData_MagnaTagATune/row22607.csv
SKIPPING: metaTables/vocal_music_demucs_16k/metaData_MagnaTagATune/row22608.csv
SKIPPING: metaTables/vocal_music_demucs_16k/metaData_MagnaTagATune/row22609.csv
SKIPPING: metaTables/vocal_music_demucs_16k/metaData_MagnaTagATune/row22610.csv
SKIPPING: metaTables/vocal_music_demucs_16k/metaData_MagnaTagATune/row22611.csv
SKIPPING: metaTables/vocal_music_demucs_16k/metaData_MagnaTagATune/row22612.csv
SKIPPING: metaTables/vocal_music_demucs_16k/metaData_MagnaTagATune/row22613.csv
SKIPPING: metaTables/vocal_music_demucs_16k/metaData_MagnaTagATune/row22614.csv
SKIPPING: metaTables/vocal_music_demucs_16k/metaData_MagnaTagATune/row22615.csv
SKIPPING: metaTables/vocal_music_demucs_16k/metaData_MagnaTagATune/row22616.csv
SKIPPING: metaTables/vocal_music_demucs_16k/metaData_MagnaTagATune/row22617.csv
SKIPPING: metaTables/vocal_music_demucs_16k/metaData_MagnaTagATune/row22618.csv
SKIPPING: metaTables/vocal_music_demucs_16k/metaData_MagnaTagATune/row22619.csv
SKIPPING: metaTables/vocal_music_demucs_16k/metaData_MagnaTagATune/row22620.csv
SKIPPING: metaTables/vocal_music_demucs_16k/metaData_MagnaTagATune/row22621.csv
SKIPPING: metaTables/vocal_music_demucs_16k/metaData_MagnaTagATune/row22622.csv
SKIPPING: metaTables/vocal_music_demucs_16k/metaData_MagnaTagATune/row22623.csv
SKIPPING: metaTables/vocal_music_demucs_16k/metaData_MagnaTagATune/row22624.csv
SKIPPING: metaTables/vocal_music_demucs_16k/metaData_MagnaTagATune/row22625.csv
SKIPPING: metaTables/vocal_music_demucs_16k/metaData_MagnaTagATune/row22626.csv
SKIPPING: metaTables/vocal_music_demucs_16k/metaData_MagnaTagATune/row22627.csv
SKIPPING: metaTables/vocal_music_demucs_16k/metaData_MagnaTagATune/row22628.csv
SKIPPING: metaTables/vocal_music_demucs_16k/metaData_MagnaTagATune/row22629.csv
SKIPPING: metaTables/vocal_music_demucs_16k/metaData_MagnaTagATune/row22630.csv
SKIPPING: metaTables/vocal_music_demucs_16k/metaData_MagnaTagATune/row22631.csv
SKIPPING: metaTables/vocal_music_demucs_16k/metaData_MagnaTagATune/row22632.csv
SKIPPING: metaTables/vocal_music_demucs_16k/metaData_MagnaTagATune/row22633.csv
SKIPPING: metaTables/vocal_music_demucs_16k/metaData_MagnaTagATune/row22634.csv
SKIPPING: metaTables/vocal_music_demucs_16k/metaData_MagnaTagATune/row22635.csv
SKIPPING: metaTables/vocal_music_demucs_16k/metaData_MagnaTagATune/row22636.csv
SKIPPING: metaTables/vocal_music_demucs_16k/metaData_MagnaTagATune/row22637.csv
SKIPPING: metaTables/vocal_music_demucs_16k/metaData_MagnaTagATune/row22638.csv
SKIPPING: metaTables/vocal_music_demucs_16k/metaData_MagnaTagATune/row22639.csv
SKIPPING: metaTables/vocal_music_demucs_16k/metaData_MagnaTagATune/row22640.csv
SKIPPING: metaTables/vocal_music_demucs_16k/metaData_MagnaTagATune/row22641.csv
SKIPPING: metaTables/vocal_music_demucs_16k/metaData_MagnaTagATune/row22642.csv
SKIPPING: metaTables/vocal_music_demucs_16k/metaData_MagnaTagATune/row22643.csv
SKIPPING: metaTables/vocal_music_demucs_16k/metaData_MagnaTagATune/row22644.csv
SKIPPING: metaTables/vocal_music_demucs_16k/metaData_MagnaTagATune/row22645.csv
SKIPPING: metaTables/vocal_music_demucs_16k/metaData_MagnaTagATune/row22646.csv
SKIPPING: metaTables/vocal_music_demucs_16k/metaData_MagnaTagATune/row22647.csv
SKIPPING: metaTables/vocal_music_demucs_16k/metaData_MagnaTagATune/row22648.csv
SKIPPING: metaTables/vocal_music_demucs_16k/metaData_MagnaTagATune/row22649.csv
SKIPPING: metaTables/vocal_music_demucs_16k/metaData_MagnaTagATune/row22650.csv
SKIPPING: metaTables/vocal_music_demucs_16k/metaData_MagnaTagATune/row22651.csv
SKIPPING: metaTables/vocal_music_demucs_16k/metaData_MagnaTagATune/row22652.csv
SKIPPING: metaTables/vocal_music_demucs_16k/metaData_MagnaTagATune/row22653.csv
SKIPPING: metaTables/vocal_music_demucs_16k/metaData_MagnaTagATune/row22654.csv
SKIPPING: metaTables/vocal_music_demucs_16k/metaData_MagnaTagATune/row22655.csv
SKIPPING: metaTables/vocal_music_demucs_16k/metaData_MagnaTagATune/row22656.csv
SKIPPING: metaTables/vocal_music_demucs_16k/metaData_MagnaTagATune/row22657.csv
SKIPPING: metaTables/vocal_music_demucs_16k/metaData_MagnaTagATune/row22658.csv
SKIPPING: metaTables/vocal_music_demucs_16k/metaData_MagnaTagATune/row22659.csv
SKIPPING: metaTables/vocal_music_demucs_16k/metaData_MagnaTagATune/row22660.csv
SKIPPING: metaTables/vocal_music_demucs_16k/metaData_MagnaTagATune/row22661.csv
SKIPPING: metaTables/vocal_music_demucs_16k/metaData_MagnaTagATune/row22662.csv
SKIPPING: metaTables/vocal_music_demucs_16k/metaData_MagnaTagATune/row22663.csv
SKIPPING: metaTables/vocal_music_demucs_16k/metaData_MagnaTagATune/row22664.csv
SKIPPING: metaTables/vocal_music_demucs_16k/metaData_MagnaTagATune/row22665.csv
SKIPPING: metaTables/vocal_music_demucs_16k/metaData_MagnaTagATune/row22666.csv
SKIPPING: metaTables/vocal_music_demucs_16k/metaData_MagnaTagATune/row22667.csv
SKIPPING: metaTables/vocal_music_demucs_16k/metaData_MagnaTagATune/row22668.csv
SKIPPING: metaTables/vocal_music_demucs_16k/metaData_MagnaTagATune/row22669.csv
SKIPPING: metaTables/vocal_music_demucs_16k/metaData_MagnaTagATune/row22670.csv
SKIPPING: metaTables/vocal_music_demucs_16k/metaData_MagnaTagATune/row22671.csv
SKIPPING: metaTables/vocal_music_demucs_16k/metaData_MagnaTagATune/row22672.csv
SKIPPING: metaTables/vocal_music_demucs_16k/metaData_MagnaTagATune/row22673.csv
SKIPPING: metaTables/vocal_music_demucs_16k/metaData_MagnaTagATune/row22674.csv
SKIPPING: metaTables/vocal_music_demucs_16k/metaData_MagnaTagATune/row22675.csv
SKIPPING: metaTables/vocal_music_demucs_16k/metaData_MagnaTagATune/row22676.csv
SKIPPING: metaTables/vocal_music_demucs_16k/metaData_MagnaTagATune/row22677.csv
SKIPPING: metaTables/vocal_music_demucs_16k/metaData_MagnaTagATune/row22678.csv
SKIPPING: metaTables/vocal_music_demucs_16k/metaData_MagnaTagATune/row22679.csv
SKIPPING: metaTables/vocal_music_demucs_16k/metaData_MagnaTagATune/row22680.csv
SKIPPING: metaTables/vocal_music_demucs_16k/metaData_MagnaTagATune/row22681.csv
SKIPPING: metaTables/vocal_music_demucs_16k/metaData_MagnaTagATune/row22682.csv
SKIPPING: metaTables/vocal_music_demucs_16k/metaData_MagnaTagATune/row22683.csv
SKIPPING: metaTables/vocal_music_demucs_16k/metaData_MagnaTagATune/row22684.csv
SKIPPING: metaTables/vocal_music_demucs_16k/metaData_MagnaTagATune/row22685.csv
SKIPPING: metaTables/vocal_music_demucs_16k/metaData_MagnaTagATune/row22686.csv
SKIPPING: metaTables/vocal_music_demucs_16k/metaData_MagnaTagATune/row22687.csv
SKIPPING: metaTables/vocal_music_demucs_16k/metaData_MagnaTagATune/row22688.csv
SKIPPING: metaTables/vocal_music_demucs_16k/metaData_MagnaTagATune/row22689.csv
SKIPPING: metaTables/vocal_music_demucs_16k/metaData_MagnaTagATune/row22690.csv
SKIPPING: metaTables/vocal_music_demucs_16k/metaData_MagnaTagATune/row22691.csv
SKIPPING: metaTables/vocal_music_demucs_16k/metaData_MagnaTagATune/row22692.csv
SKIPPING: metaTables/vocal_music_demucs_16k/metaData_MagnaTagATune/row22693.csv
SKIPPING: metaTables/vocal_music_demucs_16k/metaData_MagnaTagATune/row22694.csv
SKIPPING: metaTables/vocal_music_demucs_16k/metaData_MagnaTagATune/row22695.csv
SKIPPING: metaTables/vocal_music_demucs_16k/metaData_MagnaTagATune/row22696.csv
SKIPPING: metaTables/vocal_music_demucs_16k/metaData_MagnaTagATune/row22697.csv
SKIPPING: metaTables/vocal_music_demucs_16k/metaData_MagnaTagATune/row22698.csv
SKIPPING: metaTables/vocal_music_demucs_16k/metaData_MagnaTagATune/row22699.csv
Demucs voice recognition done!
