/ext3/demucs/lib/python3.9/site-packages/demucs/api.py:27: UserWarning: TorchAudio's global backend is now deprecated. Please enable distpatcher by setting `TORCHAUDIO_USE_BACKEND_DISPATCHER=1`, and specify backend when calling load/info/save function.
  import torchaudio as ta
2024-05-09 00:24:15.039141: I tensorflow/core/util/port.cc:113] oneDNN custom operations are on. You may see slightly different numerical results due to floating-point round-off errors from different computation orders. To turn them off, set the environment variable `TF_ENABLE_ONEDNN_OPTS=0`.
2024-05-09 00:24:15.210951: E external/local_xla/xla/stream_executor/cuda/cuda_dnn.cc:9261] Unable to register cuDNN factory: Attempting to register factory for plugin cuDNN when one has already been registered
2024-05-09 00:24:15.210989: E external/local_xla/xla/stream_executor/cuda/cuda_fft.cc:607] Unable to register cuFFT factory: Attempting to register factory for plugin cuFFT when one has already been registered
2024-05-09 00:24:15.248651: E external/local_xla/xla/stream_executor/cuda/cuda_blas.cc:1515] Unable to register cuBLAS factory: Attempting to register factory for plugin cuBLAS when one has already been registered
2024-05-09 00:24:15.289831: I tensorflow/core/platform/cpu_feature_guard.cc:182] This TensorFlow binary is optimized to use available CPU instructions in performance-critical operations.
To enable the following instructions: AVX2 AVX512F AVX512_VNNI FMA, in other operations, rebuild TensorFlow with the appropriate compiler flags.
2024-05-09 00:24:16.138601: W tensorflow/compiler/tf2tensorrt/utils/py_utils.cc:38] TF-TRT Warning: Could not find TensorRT
Execution time: 26.379202127456665 seconds
metaTables/vocal_music_demucs_16k/metaData_MagnaTagATune/row25400.csv
Execution time: 24.54175329208374 seconds
metaTables/vocal_music_demucs_16k/metaData_MagnaTagATune/row25401.csv
Execution time: 25.000723361968994 seconds
metaTables/vocal_music_demucs_16k/metaData_MagnaTagATune/row25402.csv
Execution time: 26.066611766815186 seconds
metaTables/vocal_music_demucs_16k/metaData_MagnaTagATune/row25403.csv
Execution time: 24.800516843795776 seconds
metaTables/vocal_music_demucs_16k/metaData_MagnaTagATune/row25404.csv
Execution time: 24.857695817947388 seconds
metaTables/vocal_music_demucs_16k/metaData_MagnaTagATune/row25405.csv
Execution time: 26.183008193969727 seconds
metaTables/vocal_music_demucs_16k/metaData_MagnaTagATune/row25406.csv
Execution time: 25.246440887451172 seconds
metaTables/vocal_music_demucs_16k/metaData_MagnaTagATune/row25407.csv
Execution time: 24.941211462020874 seconds
metaTables/vocal_music_demucs_16k/metaData_MagnaTagATune/row25408.csv
Execution time: 24.431852102279663 seconds
metaTables/vocal_music_demucs_16k/metaData_MagnaTagATune/row25409.csv
Execution time: 24.561049938201904 seconds
metaTables/vocal_music_demucs_16k/metaData_MagnaTagATune/row25410.csv
Execution time: 25.222766160964966 seconds
metaTables/vocal_music_demucs_16k/metaData_MagnaTagATune/row25411.csv
Execution time: 24.796430826187134 seconds
metaTables/vocal_music_demucs_16k/metaData_MagnaTagATune/row25412.csv
Execution time: 25.094010829925537 seconds
metaTables/vocal_music_demucs_16k/metaData_MagnaTagATune/row25413.csv
Execution time: 23.940096616744995 seconds
metaTables/vocal_music_demucs_16k/metaData_MagnaTagATune/row25414.csv
Execution time: 24.888463020324707 seconds
metaTables/vocal_music_demucs_16k/metaData_MagnaTagATune/row25415.csv
Execution time: 25.205360174179077 seconds
metaTables/vocal_music_demucs_16k/metaData_MagnaTagATune/row25416.csv
Execution time: 24.579918146133423 seconds
metaTables/vocal_music_demucs_16k/metaData_MagnaTagATune/row25417.csv
Execution time: 25.17179036140442 seconds
metaTables/vocal_music_demucs_16k/metaData_MagnaTagATune/row25418.csv
Execution time: 24.24788761138916 seconds
metaTables/vocal_music_demucs_16k/metaData_MagnaTagATune/row25419.csv
Execution time: 24.960071563720703 seconds
metaTables/vocal_music_demucs_16k/metaData_MagnaTagATune/row25420.csv
Execution time: 24.725419521331787 seconds
metaTables/vocal_music_demucs_16k/metaData_MagnaTagATune/row25421.csv
Execution time: 25.131134033203125 seconds
metaTables/vocal_music_demucs_16k/metaData_MagnaTagATune/row25422.csv
Execution time: 24.495537281036377 seconds
metaTables/vocal_music_demucs_16k/metaData_MagnaTagATune/row25423.csv
Execution time: 26.553616523742676 seconds
metaTables/vocal_music_demucs_16k/metaData_MagnaTagATune/row25424.csv
Execution time: 24.601598739624023 seconds
metaTables/vocal_music_demucs_16k/metaData_MagnaTagATune/row25425.csv
Execution time: 24.577571868896484 seconds
metaTables/vocal_music_demucs_16k/metaData_MagnaTagATune/row25426.csv
Execution time: 25.01547145843506 seconds
metaTables/vocal_music_demucs_16k/metaData_MagnaTagATune/row25427.csv
Execution time: 25.48570418357849 seconds
metaTables/vocal_music_demucs_16k/metaData_MagnaTagATune/row25428.csv
Execution time: 25.3883216381073 seconds
metaTables/vocal_music_demucs_16k/metaData_MagnaTagATune/row25429.csv
Execution time: 25.12333345413208 seconds
metaTables/vocal_music_demucs_16k/metaData_MagnaTagATune/row25430.csv
Execution time: 25.220533847808838 seconds
metaTables/vocal_music_demucs_16k/metaData_MagnaTagATune/row25431.csv
Execution time: 25.825819492340088 seconds
metaTables/vocal_music_demucs_16k/metaData_MagnaTagATune/row25432.csv
Execution time: 25.129723072052002 seconds
metaTables/vocal_music_demucs_16k/metaData_MagnaTagATune/row25433.csv
Execution time: 24.99220871925354 seconds
metaTables/vocal_music_demucs_16k/metaData_MagnaTagATune/row25434.csv
Execution time: 24.604760885238647 seconds
metaTables/vocal_music_demucs_16k/metaData_MagnaTagATune/row25435.csv
Execution time: 25.102946758270264 seconds
metaTables/vocal_music_demucs_16k/metaData_MagnaTagATune/row25436.csv
Execution time: 24.40509819984436 seconds
metaTables/vocal_music_demucs_16k/metaData_MagnaTagATune/row25437.csv
Execution time: 23.319251537322998 seconds
metaTables/vocal_music_demucs_16k/metaData_MagnaTagATune/row25438.csv
Execution time: 25.537102222442627 seconds
metaTables/vocal_music_demucs_16k/metaData_MagnaTagATune/row25439.csv
Execution time: 24.83360743522644 seconds
metaTables/vocal_music_demucs_16k/metaData_MagnaTagATune/row25440.csv
Execution time: 24.770620822906494 seconds
metaTables/vocal_music_demucs_16k/metaData_MagnaTagATune/row25441.csv
Execution time: 23.89446711540222 seconds
metaTables/vocal_music_demucs_16k/metaData_MagnaTagATune/row25442.csv
Execution time: 25.9454824924469 seconds
metaTables/vocal_music_demucs_16k/metaData_MagnaTagATune/row25443.csv
Execution time: 25.205151081085205 seconds
metaTables/vocal_music_demucs_16k/metaData_MagnaTagATune/row25444.csv
Execution time: 25.22855520248413 seconds
metaTables/vocal_music_demucs_16k/metaData_MagnaTagATune/row25445.csv
Execution time: 25.220306158065796 seconds
metaTables/vocal_music_demucs_16k/metaData_MagnaTagATune/row25446.csv
Execution time: 25.425085067749023 seconds
metaTables/vocal_music_demucs_16k/metaData_MagnaTagATune/row25447.csv
Execution time: 24.766201734542847 seconds
metaTables/vocal_music_demucs_16k/metaData_MagnaTagATune/row25448.csv
Execution time: 24.936251401901245 seconds
metaTables/vocal_music_demucs_16k/metaData_MagnaTagATune/row25449.csv
Execution time: 25.901377201080322 seconds
metaTables/vocal_music_demucs_16k/metaData_MagnaTagATune/row25450.csv
Execution time: 24.56045889854431 seconds
metaTables/vocal_music_demucs_16k/metaData_MagnaTagATune/row25451.csv
Execution time: 24.96865725517273 seconds
metaTables/vocal_music_demucs_16k/metaData_MagnaTagATune/row25452.csv
Execution time: 24.510507822036743 seconds
metaTables/vocal_music_demucs_16k/metaData_MagnaTagATune/row25453.csv
Execution time: 25.388757944107056 seconds
metaTables/vocal_music_demucs_16k/metaData_MagnaTagATune/row25454.csv
Execution time: 24.68422818183899 seconds
metaTables/vocal_music_demucs_16k/metaData_MagnaTagATune/row25455.csv
Execution time: 25.243853092193604 seconds
metaTables/vocal_music_demucs_16k/metaData_MagnaTagATune/row25456.csv
Execution time: 26.439034938812256 seconds
metaTables/vocal_music_demucs_16k/metaData_MagnaTagATune/row25457.csv
Execution time: 25.52151083946228 seconds
metaTables/vocal_music_demucs_16k/metaData_MagnaTagATune/row25458.csv
Execution time: 24.296632528305054 seconds
metaTables/vocal_music_demucs_16k/metaData_MagnaTagATune/row25459.csv
Execution time: 24.931692361831665 seconds
metaTables/vocal_music_demucs_16k/metaData_MagnaTagATune/row25460.csv
Execution time: 24.79305601119995 seconds
metaTables/vocal_music_demucs_16k/metaData_MagnaTagATune/row25461.csv
Execution time: 24.60503125190735 seconds
metaTables/vocal_music_demucs_16k/metaData_MagnaTagATune/row25462.csv
Execution time: 25.111722230911255 seconds
metaTables/vocal_music_demucs_16k/metaData_MagnaTagATune/row25463.csv
Execution time: 24.481080055236816 seconds
metaTables/vocal_music_demucs_16k/metaData_MagnaTagATune/row25464.csv
Execution time: 25.72030782699585 seconds
metaTables/vocal_music_demucs_16k/metaData_MagnaTagATune/row25465.csv
Execution time: 25.852330207824707 seconds
metaTables/vocal_music_demucs_16k/metaData_MagnaTagATune/row25466.csv
Execution time: 26.091068267822266 seconds
metaTables/vocal_music_demucs_16k/metaData_MagnaTagATune/row25467.csv
Execution time: 25.78767490386963 seconds
metaTables/vocal_music_demucs_16k/metaData_MagnaTagATune/row25468.csv
Execution time: 24.790385007858276 seconds
metaTables/vocal_music_demucs_16k/metaData_MagnaTagATune/row25469.csv
Execution time: 25.11548948287964 seconds
metaTables/vocal_music_demucs_16k/metaData_MagnaTagATune/row25470.csv
Execution time: 25.197863340377808 seconds
metaTables/vocal_music_demucs_16k/metaData_MagnaTagATune/row25471.csv
Execution time: 25.332449197769165 seconds
metaTables/vocal_music_demucs_16k/metaData_MagnaTagATune/row25472.csv
Execution time: 24.99472999572754 seconds
metaTables/vocal_music_demucs_16k/metaData_MagnaTagATune/row25473.csv
Execution time: 25.222495794296265 seconds
metaTables/vocal_music_demucs_16k/metaData_MagnaTagATune/row25474.csv
Execution time: 25.39534282684326 seconds
metaTables/vocal_music_demucs_16k/metaData_MagnaTagATune/row25475.csv
Execution time: 24.36609125137329 seconds
metaTables/vocal_music_demucs_16k/metaData_MagnaTagATune/row25476.csv
Execution time: 25.001713514328003 seconds
metaTables/vocal_music_demucs_16k/metaData_MagnaTagATune/row25477.csv
Execution time: 25.213265419006348 seconds
metaTables/vocal_music_demucs_16k/metaData_MagnaTagATune/row25478.csv
Execution time: 25.830312490463257 seconds
metaTables/vocal_music_demucs_16k/metaData_MagnaTagATune/row25479.csv
Execution time: 25.031188249588013 seconds
metaTables/vocal_music_demucs_16k/metaData_MagnaTagATune/row25480.csv
Execution time: 24.258424043655396 seconds
metaTables/vocal_music_demucs_16k/metaData_MagnaTagATune/row25481.csv
Execution time: 25.17996907234192 seconds
metaTables/vocal_music_demucs_16k/metaData_MagnaTagATune/row25482.csv
Execution time: 26.92756724357605 seconds
metaTables/vocal_music_demucs_16k/metaData_MagnaTagATune/row25483.csv
Execution time: 25.0413498878479 seconds
metaTables/vocal_music_demucs_16k/metaData_MagnaTagATune/row25484.csv
Execution time: 26.75160002708435 seconds
metaTables/vocal_music_demucs_16k/metaData_MagnaTagATune/row25485.csv
Execution time: 25.590559482574463 seconds
metaTables/vocal_music_demucs_16k/metaData_MagnaTagATune/row25486.csv
Execution time: 25.477998971939087 seconds
metaTables/vocal_music_demucs_16k/metaData_MagnaTagATune/row25487.csv
Execution time: 24.97789740562439 seconds
metaTables/vocal_music_demucs_16k/metaData_MagnaTagATune/row25488.csv
Execution time: 24.97961401939392 seconds
metaTables/vocal_music_demucs_16k/metaData_MagnaTagATune/row25489.csv
Execution time: 24.30015540122986 seconds
metaTables/vocal_music_demucs_16k/metaData_MagnaTagATune/row25490.csv
Execution time: 26.78453779220581 seconds
metaTables/vocal_music_demucs_16k/metaData_MagnaTagATune/row25491.csv
Execution time: 25.1136736869812 seconds
metaTables/vocal_music_demucs_16k/metaData_MagnaTagATune/row25492.csv
Execution time: 24.98420763015747 seconds
metaTables/vocal_music_demucs_16k/metaData_MagnaTagATune/row25493.csv
Execution time: 24.745343685150146 seconds
metaTables/vocal_music_demucs_16k/metaData_MagnaTagATune/row25494.csv
Execution time: 24.829545259475708 seconds
metaTables/vocal_music_demucs_16k/metaData_MagnaTagATune/row25495.csv
Execution time: 24.372307062149048 seconds
metaTables/vocal_music_demucs_16k/metaData_MagnaTagATune/row25496.csv
Execution time: 24.896424770355225 seconds
metaTables/vocal_music_demucs_16k/metaData_MagnaTagATune/row25497.csv
Execution time: 24.35362434387207 seconds
metaTables/vocal_music_demucs_16k/metaData_MagnaTagATune/row25498.csv
Execution time: 24.943527936935425 seconds
metaTables/vocal_music_demucs_16k/metaData_MagnaTagATune/row25499.csv
Demucs voice recognition done!
