/ext3/demucs/lib/python3.9/site-packages/demucs/api.py:27: UserWarning: TorchAudio's global backend is now deprecated. Please enable distpatcher by setting `TORCHAUDIO_USE_BACKEND_DISPATCHER=1`, and specify backend when calling load/info/save function.
  import torchaudio as ta
2024-05-09 09:25:23.384152: I tensorflow/core/util/port.cc:113] oneDNN custom operations are on. You may see slightly different numerical results due to floating-point round-off errors from different computation orders. To turn them off, set the environment variable `TF_ENABLE_ONEDNN_OPTS=0`.
2024-05-09 09:25:23.951731: E external/local_xla/xla/stream_executor/cuda/cuda_dnn.cc:9261] Unable to register cuDNN factory: Attempting to register factory for plugin cuDNN when one has already been registered
2024-05-09 09:25:23.951776: E external/local_xla/xla/stream_executor/cuda/cuda_fft.cc:607] Unable to register cuFFT factory: Attempting to register factory for plugin cuFFT when one has already been registered
2024-05-09 09:25:24.090172: E external/local_xla/xla/stream_executor/cuda/cuda_blas.cc:1515] Unable to register cuBLAS factory: Attempting to register factory for plugin cuBLAS when one has already been registered
2024-05-09 09:25:24.147600: I tensorflow/core/platform/cpu_feature_guard.cc:182] This TensorFlow binary is optimized to use available CPU instructions in performance-critical operations.
To enable the following instructions: AVX2 AVX512F AVX512_VNNI FMA, in other operations, rebuild TensorFlow with the appropriate compiler flags.
2024-05-09 09:25:25.129070: W tensorflow/compiler/tf2tensorrt/utils/py_utils.cc:38] TF-TRT Warning: Could not find TensorRT
SKIPPING: metaTables/vocal_music_demucs_16k/metaData_MagnaTagATune/row3700.csv
SKIPPING: metaTables/vocal_music_demucs_16k/metaData_MagnaTagATune/row3701.csv
SKIPPING: metaTables/vocal_music_demucs_16k/metaData_MagnaTagATune/row3702.csv
SKIPPING: metaTables/vocal_music_demucs_16k/metaData_MagnaTagATune/row3703.csv
SKIPPING: metaTables/vocal_music_demucs_16k/metaData_MagnaTagATune/row3704.csv
SKIPPING: metaTables/vocal_music_demucs_16k/metaData_MagnaTagATune/row3705.csv
SKIPPING: metaTables/vocal_music_demucs_16k/metaData_MagnaTagATune/row3706.csv
SKIPPING: metaTables/vocal_music_demucs_16k/metaData_MagnaTagATune/row3707.csv
SKIPPING: metaTables/vocal_music_demucs_16k/metaData_MagnaTagATune/row3708.csv
SKIPPING: metaTables/vocal_music_demucs_16k/metaData_MagnaTagATune/row3709.csv
SKIPPING: metaTables/vocal_music_demucs_16k/metaData_MagnaTagATune/row3710.csv
SKIPPING: metaTables/vocal_music_demucs_16k/metaData_MagnaTagATune/row3711.csv
SKIPPING: metaTables/vocal_music_demucs_16k/metaData_MagnaTagATune/row3712.csv
SKIPPING: metaTables/vocal_music_demucs_16k/metaData_MagnaTagATune/row3713.csv
SKIPPING: metaTables/vocal_music_demucs_16k/metaData_MagnaTagATune/row3714.csv
SKIPPING: metaTables/vocal_music_demucs_16k/metaData_MagnaTagATune/row3715.csv
SKIPPING: metaTables/vocal_music_demucs_16k/metaData_MagnaTagATune/row3716.csv
SKIPPING: metaTables/vocal_music_demucs_16k/metaData_MagnaTagATune/row3717.csv
SKIPPING: metaTables/vocal_music_demucs_16k/metaData_MagnaTagATune/row3718.csv
SKIPPING: metaTables/vocal_music_demucs_16k/metaData_MagnaTagATune/row3719.csv
SKIPPING: metaTables/vocal_music_demucs_16k/metaData_MagnaTagATune/row3720.csv
SKIPPING: metaTables/vocal_music_demucs_16k/metaData_MagnaTagATune/row3721.csv
SKIPPING: metaTables/vocal_music_demucs_16k/metaData_MagnaTagATune/row3722.csv
SKIPPING: metaTables/vocal_music_demucs_16k/metaData_MagnaTagATune/row3723.csv
SKIPPING: metaTables/vocal_music_demucs_16k/metaData_MagnaTagATune/row3724.csv
SKIPPING: metaTables/vocal_music_demucs_16k/metaData_MagnaTagATune/row3725.csv
SKIPPING: metaTables/vocal_music_demucs_16k/metaData_MagnaTagATune/row3726.csv
SKIPPING: metaTables/vocal_music_demucs_16k/metaData_MagnaTagATune/row3727.csv
SKIPPING: metaTables/vocal_music_demucs_16k/metaData_MagnaTagATune/row3728.csv
SKIPPING: metaTables/vocal_music_demucs_16k/metaData_MagnaTagATune/row3729.csv
SKIPPING: metaTables/vocal_music_demucs_16k/metaData_MagnaTagATune/row3730.csv
SKIPPING: metaTables/vocal_music_demucs_16k/metaData_MagnaTagATune/row3731.csv
SKIPPING: metaTables/vocal_music_demucs_16k/metaData_MagnaTagATune/row3732.csv
SKIPPING: metaTables/vocal_music_demucs_16k/metaData_MagnaTagATune/row3733.csv
SKIPPING: metaTables/vocal_music_demucs_16k/metaData_MagnaTagATune/row3734.csv
SKIPPING: metaTables/vocal_music_demucs_16k/metaData_MagnaTagATune/row3735.csv
SKIPPING: metaTables/vocal_music_demucs_16k/metaData_MagnaTagATune/row3736.csv
SKIPPING: metaTables/vocal_music_demucs_16k/metaData_MagnaTagATune/row3737.csv
SKIPPING: metaTables/vocal_music_demucs_16k/metaData_MagnaTagATune/row3738.csv
SKIPPING: metaTables/vocal_music_demucs_16k/metaData_MagnaTagATune/row3739.csv
SKIPPING: metaTables/vocal_music_demucs_16k/metaData_MagnaTagATune/row3740.csv
SKIPPING: metaTables/vocal_music_demucs_16k/metaData_MagnaTagATune/row3741.csv
SKIPPING: metaTables/vocal_music_demucs_16k/metaData_MagnaTagATune/row3742.csv
SKIPPING: metaTables/vocal_music_demucs_16k/metaData_MagnaTagATune/row3743.csv
SKIPPING: metaTables/vocal_music_demucs_16k/metaData_MagnaTagATune/row3744.csv
SKIPPING: metaTables/vocal_music_demucs_16k/metaData_MagnaTagATune/row3745.csv
SKIPPING: metaTables/vocal_music_demucs_16k/metaData_MagnaTagATune/row3746.csv
SKIPPING: metaTables/vocal_music_demucs_16k/metaData_MagnaTagATune/row3747.csv
SKIPPING: metaTables/vocal_music_demucs_16k/metaData_MagnaTagATune/row3748.csv
SKIPPING: metaTables/vocal_music_demucs_16k/metaData_MagnaTagATune/row3749.csv
SKIPPING: metaTables/vocal_music_demucs_16k/metaData_MagnaTagATune/row3750.csv
SKIPPING: metaTables/vocal_music_demucs_16k/metaData_MagnaTagATune/row3751.csv
SKIPPING: metaTables/vocal_music_demucs_16k/metaData_MagnaTagATune/row3752.csv
SKIPPING: metaTables/vocal_music_demucs_16k/metaData_MagnaTagATune/row3753.csv
SKIPPING: metaTables/vocal_music_demucs_16k/metaData_MagnaTagATune/row3754.csv
SKIPPING: metaTables/vocal_music_demucs_16k/metaData_MagnaTagATune/row3755.csv
SKIPPING: metaTables/vocal_music_demucs_16k/metaData_MagnaTagATune/row3756.csv
SKIPPING: metaTables/vocal_music_demucs_16k/metaData_MagnaTagATune/row3757.csv
SKIPPING: metaTables/vocal_music_demucs_16k/metaData_MagnaTagATune/row3758.csv
SKIPPING: metaTables/vocal_music_demucs_16k/metaData_MagnaTagATune/row3759.csv
SKIPPING: metaTables/vocal_music_demucs_16k/metaData_MagnaTagATune/row3760.csv
SKIPPING: metaTables/vocal_music_demucs_16k/metaData_MagnaTagATune/row3761.csv
SKIPPING: metaTables/vocal_music_demucs_16k/metaData_MagnaTagATune/row3762.csv
SKIPPING: metaTables/vocal_music_demucs_16k/metaData_MagnaTagATune/row3763.csv
SKIPPING: metaTables/vocal_music_demucs_16k/metaData_MagnaTagATune/row3764.csv
SKIPPING: metaTables/vocal_music_demucs_16k/metaData_MagnaTagATune/row3765.csv
SKIPPING: metaTables/vocal_music_demucs_16k/metaData_MagnaTagATune/row3766.csv
SKIPPING: metaTables/vocal_music_demucs_16k/metaData_MagnaTagATune/row3767.csv
SKIPPING: metaTables/vocal_music_demucs_16k/metaData_MagnaTagATune/row3768.csv
SKIPPING: metaTables/vocal_music_demucs_16k/metaData_MagnaTagATune/row3769.csv
SKIPPING: metaTables/vocal_music_demucs_16k/metaData_MagnaTagATune/row3770.csv
SKIPPING: metaTables/vocal_music_demucs_16k/metaData_MagnaTagATune/row3771.csv
SKIPPING: metaTables/vocal_music_demucs_16k/metaData_MagnaTagATune/row3772.csv
SKIPPING: metaTables/vocal_music_demucs_16k/metaData_MagnaTagATune/row3773.csv
SKIPPING: metaTables/vocal_music_demucs_16k/metaData_MagnaTagATune/row3774.csv
SKIPPING: metaTables/vocal_music_demucs_16k/metaData_MagnaTagATune/row3775.csv
SKIPPING: metaTables/vocal_music_demucs_16k/metaData_MagnaTagATune/row3776.csv
SKIPPING: metaTables/vocal_music_demucs_16k/metaData_MagnaTagATune/row3777.csv
SKIPPING: metaTables/vocal_music_demucs_16k/metaData_MagnaTagATune/row3778.csv
SKIPPING: metaTables/vocal_music_demucs_16k/metaData_MagnaTagATune/row3779.csv
SKIPPING: metaTables/vocal_music_demucs_16k/metaData_MagnaTagATune/row3780.csv
SKIPPING: metaTables/vocal_music_demucs_16k/metaData_MagnaTagATune/row3781.csv
SKIPPING: metaTables/vocal_music_demucs_16k/metaData_MagnaTagATune/row3782.csv
SKIPPING: metaTables/vocal_music_demucs_16k/metaData_MagnaTagATune/row3783.csv
SKIPPING: metaTables/vocal_music_demucs_16k/metaData_MagnaTagATune/row3784.csv
SKIPPING: metaTables/vocal_music_demucs_16k/metaData_MagnaTagATune/row3785.csv
SKIPPING: metaTables/vocal_music_demucs_16k/metaData_MagnaTagATune/row3786.csv
SKIPPING: metaTables/vocal_music_demucs_16k/metaData_MagnaTagATune/row3787.csv
SKIPPING: metaTables/vocal_music_demucs_16k/metaData_MagnaTagATune/row3788.csv
SKIPPING: metaTables/vocal_music_demucs_16k/metaData_MagnaTagATune/row3789.csv
SKIPPING: metaTables/vocal_music_demucs_16k/metaData_MagnaTagATune/row3790.csv
SKIPPING: metaTables/vocal_music_demucs_16k/metaData_MagnaTagATune/row3791.csv
SKIPPING: metaTables/vocal_music_demucs_16k/metaData_MagnaTagATune/row3792.csv
SKIPPING: metaTables/vocal_music_demucs_16k/metaData_MagnaTagATune/row3793.csv
SKIPPING: metaTables/vocal_music_demucs_16k/metaData_MagnaTagATune/row3794.csv
SKIPPING: metaTables/vocal_music_demucs_16k/metaData_MagnaTagATune/row3795.csv
SKIPPING: metaTables/vocal_music_demucs_16k/metaData_MagnaTagATune/row3796.csv
SKIPPING: metaTables/vocal_music_demucs_16k/metaData_MagnaTagATune/row3797.csv
SKIPPING: metaTables/vocal_music_demucs_16k/metaData_MagnaTagATune/row3798.csv
SKIPPING: metaTables/vocal_music_demucs_16k/metaData_MagnaTagATune/row3799.csv
Demucs voice recognition done!
