/ext3/demucs/lib/python3.9/site-packages/demucs/api.py:27: UserWarning: TorchAudio's global backend is now deprecated. Please enable distpatcher by setting `TORCHAUDIO_USE_BACKEND_DISPATCHER=1`, and specify backend when calling load/info/save function.
  import torchaudio as ta
2024-05-09 00:22:33.966745: I tensorflow/core/util/port.cc:113] oneDNN custom operations are on. You may see slightly different numerical results due to floating-point round-off errors from different computation orders. To turn them off, set the environment variable `TF_ENABLE_ONEDNN_OPTS=0`.
2024-05-09 00:22:36.594052: E external/local_xla/xla/stream_executor/cuda/cuda_dnn.cc:9261] Unable to register cuDNN factory: Attempting to register factory for plugin cuDNN when one has already been registered
2024-05-09 00:22:36.594116: E external/local_xla/xla/stream_executor/cuda/cuda_fft.cc:607] Unable to register cuFFT factory: Attempting to register factory for plugin cuFFT when one has already been registered
2024-05-09 00:22:36.779616: E external/local_xla/xla/stream_executor/cuda/cuda_blas.cc:1515] Unable to register cuBLAS factory: Attempting to register factory for plugin cuBLAS when one has already been registered
2024-05-09 00:22:37.037732: I tensorflow/core/platform/cpu_feature_guard.cc:182] This TensorFlow binary is optimized to use available CPU instructions in performance-critical operations.
To enable the following instructions: AVX2 AVX512F AVX512_VNNI FMA, in other operations, rebuild TensorFlow with the appropriate compiler flags.
2024-05-09 00:22:40.497441: W tensorflow/compiler/tf2tensorrt/utils/py_utils.cc:38] TF-TRT Warning: Could not find TensorRT
Execution time: 32.560831785202026 seconds
metaTables/vocal_music_demucs_16k/metaData_MagnaTagATune/row7800.csv
Execution time: 25.50878143310547 seconds
metaTables/vocal_music_demucs_16k/metaData_MagnaTagATune/row7801.csv
Execution time: 26.034140825271606 seconds
metaTables/vocal_music_demucs_16k/metaData_MagnaTagATune/row7802.csv
Execution time: 25.577663898468018 seconds
metaTables/vocal_music_demucs_16k/metaData_MagnaTagATune/row7803.csv
Execution time: 25.951523303985596 seconds
metaTables/vocal_music_demucs_16k/metaData_MagnaTagATune/row7804.csv
Execution time: 25.587761402130127 seconds
metaTables/vocal_music_demucs_16k/metaData_MagnaTagATune/row7805.csv
Execution time: 24.92947030067444 seconds
metaTables/vocal_music_demucs_16k/metaData_MagnaTagATune/row7806.csv
Execution time: 25.51818323135376 seconds
metaTables/vocal_music_demucs_16k/metaData_MagnaTagATune/row7807.csv
Execution time: 26.20656108856201 seconds
metaTables/vocal_music_demucs_16k/metaData_MagnaTagATune/row7808.csv
Execution time: 25.233705282211304 seconds
metaTables/vocal_music_demucs_16k/metaData_MagnaTagATune/row7809.csv
Execution time: 25.841787099838257 seconds
metaTables/vocal_music_demucs_16k/metaData_MagnaTagATune/row7810.csv
Execution time: 25.6071994304657 seconds
metaTables/vocal_music_demucs_16k/metaData_MagnaTagATune/row7811.csv
Execution time: 25.88418936729431 seconds
metaTables/vocal_music_demucs_16k/metaData_MagnaTagATune/row7812.csv
Execution time: 26.159130811691284 seconds
metaTables/vocal_music_demucs_16k/metaData_MagnaTagATune/row7813.csv
Execution time: 25.553632259368896 seconds
metaTables/vocal_music_demucs_16k/metaData_MagnaTagATune/row7814.csv
Execution time: 25.08714771270752 seconds
metaTables/vocal_music_demucs_16k/metaData_MagnaTagATune/row7815.csv
Execution time: 24.95243239402771 seconds
metaTables/vocal_music_demucs_16k/metaData_MagnaTagATune/row7816.csv
Execution time: 25.44539523124695 seconds
metaTables/vocal_music_demucs_16k/metaData_MagnaTagATune/row7817.csv
Execution time: 26.940772533416748 seconds
metaTables/vocal_music_demucs_16k/metaData_MagnaTagATune/row7818.csv
Execution time: 26.198420763015747 seconds
metaTables/vocal_music_demucs_16k/metaData_MagnaTagATune/row7819.csv
Execution time: 25.9229953289032 seconds
metaTables/vocal_music_demucs_16k/metaData_MagnaTagATune/row7820.csv
Execution time: 25.82908797264099 seconds
metaTables/vocal_music_demucs_16k/metaData_MagnaTagATune/row7821.csv
Execution time: 25.59074115753174 seconds
metaTables/vocal_music_demucs_16k/metaData_MagnaTagATune/row7822.csv
Execution time: 25.61726212501526 seconds
metaTables/vocal_music_demucs_16k/metaData_MagnaTagATune/row7823.csv
Execution time: 25.986783504486084 seconds
metaTables/vocal_music_demucs_16k/metaData_MagnaTagATune/row7824.csv
Execution time: 26.040743589401245 seconds
metaTables/vocal_music_demucs_16k/metaData_MagnaTagATune/row7825.csv
Execution time: 26.36050820350647 seconds
metaTables/vocal_music_demucs_16k/metaData_MagnaTagATune/row7826.csv
Execution time: 25.603796005249023 seconds
metaTables/vocal_music_demucs_16k/metaData_MagnaTagATune/row7827.csv
Execution time: 25.529812812805176 seconds
metaTables/vocal_music_demucs_16k/metaData_MagnaTagATune/row7828.csv
Execution time: 27.784809350967407 seconds
metaTables/vocal_music_demucs_16k/metaData_MagnaTagATune/row7829.csv
Execution time: 24.971702337265015 seconds
metaTables/vocal_music_demucs_16k/metaData_MagnaTagATune/row7830.csv
Execution time: 26.284486770629883 seconds
metaTables/vocal_music_demucs_16k/metaData_MagnaTagATune/row7831.csv
Execution time: 25.15338110923767 seconds
metaTables/vocal_music_demucs_16k/metaData_MagnaTagATune/row7832.csv
Execution time: 24.813918828964233 seconds
metaTables/vocal_music_demucs_16k/metaData_MagnaTagATune/row7833.csv
Execution time: 25.85767149925232 seconds
metaTables/vocal_music_demucs_16k/metaData_MagnaTagATune/row7834.csv
Execution time: 24.523681640625 seconds
metaTables/vocal_music_demucs_16k/metaData_MagnaTagATune/row7835.csv
Execution time: 25.19263195991516 seconds
metaTables/vocal_music_demucs_16k/metaData_MagnaTagATune/row7836.csv
Execution time: 25.596728086471558 seconds
metaTables/vocal_music_demucs_16k/metaData_MagnaTagATune/row7837.csv
Execution time: 27.987565994262695 seconds
metaTables/vocal_music_demucs_16k/metaData_MagnaTagATune/row7838.csv
Execution time: 25.82906985282898 seconds
metaTables/vocal_music_demucs_16k/metaData_MagnaTagATune/row7839.csv
Execution time: 26.78658390045166 seconds
metaTables/vocal_music_demucs_16k/metaData_MagnaTagATune/row7840.csv
Execution time: 27.04163694381714 seconds
metaTables/vocal_music_demucs_16k/metaData_MagnaTagATune/row7841.csv
Execution time: 26.01637029647827 seconds
metaTables/vocal_music_demucs_16k/metaData_MagnaTagATune/row7842.csv
Execution time: 25.306626558303833 seconds
metaTables/vocal_music_demucs_16k/metaData_MagnaTagATune/row7843.csv
Execution time: 26.423550844192505 seconds
metaTables/vocal_music_demucs_16k/metaData_MagnaTagATune/row7844.csv
Execution time: 25.327748775482178 seconds
metaTables/vocal_music_demucs_16k/metaData_MagnaTagATune/row7845.csv
Execution time: 25.594726085662842 seconds
metaTables/vocal_music_demucs_16k/metaData_MagnaTagATune/row7846.csv
Execution time: 25.128536224365234 seconds
metaTables/vocal_music_demucs_16k/metaData_MagnaTagATune/row7847.csv
Execution time: 25.38625717163086 seconds
metaTables/vocal_music_demucs_16k/metaData_MagnaTagATune/row7848.csv
Execution time: 25.646941423416138 seconds
metaTables/vocal_music_demucs_16k/metaData_MagnaTagATune/row7849.csv
Execution time: 25.663155555725098 seconds
metaTables/vocal_music_demucs_16k/metaData_MagnaTagATune/row7850.csv
Execution time: 25.994662523269653 seconds
metaTables/vocal_music_demucs_16k/metaData_MagnaTagATune/row7851.csv
Execution time: 24.66099739074707 seconds
metaTables/vocal_music_demucs_16k/metaData_MagnaTagATune/row7852.csv
Execution time: 25.686888694763184 seconds
metaTables/vocal_music_demucs_16k/metaData_MagnaTagATune/row7853.csv
Execution time: 25.563369512557983 seconds
metaTables/vocal_music_demucs_16k/metaData_MagnaTagATune/row7854.csv
Execution time: 25.92808723449707 seconds
metaTables/vocal_music_demucs_16k/metaData_MagnaTagATune/row7855.csv
Execution time: 25.4117169380188 seconds
metaTables/vocal_music_demucs_16k/metaData_MagnaTagATune/row7856.csv
Execution time: 26.581461429595947 seconds
metaTables/vocal_music_demucs_16k/metaData_MagnaTagATune/row7857.csv
Execution time: 26.464799404144287 seconds
metaTables/vocal_music_demucs_16k/metaData_MagnaTagATune/row7858.csv
Execution time: 25.388952016830444 seconds
metaTables/vocal_music_demucs_16k/metaData_MagnaTagATune/row7859.csv
Execution time: 26.211610555648804 seconds
metaTables/vocal_music_demucs_16k/metaData_MagnaTagATune/row7860.csv
Execution time: 25.93775224685669 seconds
metaTables/vocal_music_demucs_16k/metaData_MagnaTagATune/row7861.csv
Execution time: 25.923280000686646 seconds
metaTables/vocal_music_demucs_16k/metaData_MagnaTagATune/row7862.csv
Execution time: 24.96980357170105 seconds
metaTables/vocal_music_demucs_16k/metaData_MagnaTagATune/row7863.csv
Execution time: 25.13844609260559 seconds
metaTables/vocal_music_demucs_16k/metaData_MagnaTagATune/row7864.csv
Execution time: 25.31228733062744 seconds
metaTables/vocal_music_demucs_16k/metaData_MagnaTagATune/row7865.csv
Execution time: 25.17268681526184 seconds
metaTables/vocal_music_demucs_16k/metaData_MagnaTagATune/row7866.csv
Execution time: 25.74718976020813 seconds
metaTables/vocal_music_demucs_16k/metaData_MagnaTagATune/row7867.csv
Execution time: 25.661361694335938 seconds
metaTables/vocal_music_demucs_16k/metaData_MagnaTagATune/row7868.csv
Execution time: 25.572147130966187 seconds
metaTables/vocal_music_demucs_16k/metaData_MagnaTagATune/row7869.csv
Execution time: 24.972757577896118 seconds
metaTables/vocal_music_demucs_16k/metaData_MagnaTagATune/row7870.csv
Execution time: 23.893439769744873 seconds
metaTables/vocal_music_demucs_16k/metaData_MagnaTagATune/row7871.csv
Execution time: 24.546807765960693 seconds
metaTables/vocal_music_demucs_16k/metaData_MagnaTagATune/row7872.csv
Execution time: 25.759230136871338 seconds
metaTables/vocal_music_demucs_16k/metaData_MagnaTagATune/row7873.csv
Execution time: 25.838873147964478 seconds
metaTables/vocal_music_demucs_16k/metaData_MagnaTagATune/row7874.csv
Execution time: 26.08627724647522 seconds
metaTables/vocal_music_demucs_16k/metaData_MagnaTagATune/row7875.csv
Execution time: 25.50576615333557 seconds
metaTables/vocal_music_demucs_16k/metaData_MagnaTagATune/row7876.csv
Execution time: 25.635054349899292 seconds
metaTables/vocal_music_demucs_16k/metaData_MagnaTagATune/row7877.csv
Execution time: 24.953710556030273 seconds
metaTables/vocal_music_demucs_16k/metaData_MagnaTagATune/row7878.csv
Execution time: 25.841262340545654 seconds
metaTables/vocal_music_demucs_16k/metaData_MagnaTagATune/row7879.csv
Execution time: 26.22955894470215 seconds
metaTables/vocal_music_demucs_16k/metaData_MagnaTagATune/row7880.csv
Execution time: 24.57254958152771 seconds
metaTables/vocal_music_demucs_16k/metaData_MagnaTagATune/row7881.csv
Execution time: 24.627386331558228 seconds
metaTables/vocal_music_demucs_16k/metaData_MagnaTagATune/row7882.csv
Execution time: 24.727912187576294 seconds
metaTables/vocal_music_demucs_16k/metaData_MagnaTagATune/row7883.csv
Execution time: 25.59908390045166 seconds
metaTables/vocal_music_demucs_16k/metaData_MagnaTagATune/row7884.csv
Execution time: 25.360585689544678 seconds
metaTables/vocal_music_demucs_16k/metaData_MagnaTagATune/row7885.csv
Execution time: 25.202182054519653 seconds
metaTables/vocal_music_demucs_16k/metaData_MagnaTagATune/row7886.csv
Execution time: 25.596238374710083 seconds
metaTables/vocal_music_demucs_16k/metaData_MagnaTagATune/row7887.csv
Execution time: 25.803268671035767 seconds
metaTables/vocal_music_demucs_16k/metaData_MagnaTagATune/row7888.csv
Execution time: 25.08627414703369 seconds
metaTables/vocal_music_demucs_16k/metaData_MagnaTagATune/row7889.csv
Execution time: 25.486838817596436 seconds
metaTables/vocal_music_demucs_16k/metaData_MagnaTagATune/row7890.csv
Execution time: 25.93545627593994 seconds
metaTables/vocal_music_demucs_16k/metaData_MagnaTagATune/row7891.csv
Execution time: 26.064465761184692 seconds
metaTables/vocal_music_demucs_16k/metaData_MagnaTagATune/row7892.csv
Execution time: 24.40592360496521 seconds
metaTables/vocal_music_demucs_16k/metaData_MagnaTagATune/row7893.csv
Execution time: 24.638885259628296 seconds
metaTables/vocal_music_demucs_16k/metaData_MagnaTagATune/row7894.csv
Execution time: 25.42818284034729 seconds
metaTables/vocal_music_demucs_16k/metaData_MagnaTagATune/row7895.csv
Execution time: 24.26256227493286 seconds
metaTables/vocal_music_demucs_16k/metaData_MagnaTagATune/row7896.csv
Execution time: 25.74096918106079 seconds
metaTables/vocal_music_demucs_16k/metaData_MagnaTagATune/row7897.csv
Execution time: 25.930806398391724 seconds
metaTables/vocal_music_demucs_16k/metaData_MagnaTagATune/row7898.csv
Execution time: 25.048038959503174 seconds
metaTables/vocal_music_demucs_16k/metaData_MagnaTagATune/row7899.csv
Demucs voice recognition done!
