
                            < M A T L A B (R) >
                  Copyright 1984-2023 The MathWorks, Inc.
                  R2023b (23.2.0.2365128) 64-bit (glnxa64)
                              August 23, 2023

 
To get started, type doc.
For product information, visit www.mathworks.com.
 
data/envCorp/MacaulayLibrary/198256271.wav
Total loop time: 26.508 sec
data/envCorp/MacaulayLibrary/198290281.wav
Total loop time: 6.251 sec
data/envCorp/MacaulayLibrary/198292631.wav
Total loop time: 3.968 sec
data/envCorp/MacaulayLibrary/1984.wav
Total loop time: 23.445 sec
data/envCorp/MacaulayLibrary/198463241.wav
Total loop time: 9.551 sec
data/envCorp/MacaulayLibrary/198465821.wav
Total loop time: 1.639 sec
data/envCorp/MacaulayLibrary/198478781.wav
Total loop time: 23.236 sec
data/envCorp/MacaulayLibrary/198496211.wav
Total loop time: 23.521 sec
data/envCorp/MacaulayLibrary/198517841.mp3

(MATLAB:1378665): GStreamer-CRITICAL **: 10:09:01.265: gst_mini_object_unref: assertion 'mini_object != NULL' failed

(MATLAB:1378665): GStreamer-CRITICAL **: 10:09:02.191: gst_mini_object_unref: assertion 'mini_object != NULL' failed

(MATLAB:1378665): GStreamer-CRITICAL **: 10:09:03.109: gst_mini_object_unref: assertion 'mini_object != NULL' failed

(MATLAB:1378665): GStreamer-CRITICAL **: 10:09:04.014: gst_mini_object_unref: assertion 'mini_object != NULL' failed

(MATLAB:1378665): GStreamer-CRITICAL **: 10:09:04.926: gst_mini_object_unref: assertion 'mini_object != NULL' failed

(MATLAB:1378665): GStreamer-CRITICAL **: 10:09:05.825: gst_mini_object_unref: assertion 'mini_object != NULL' failed

(MATLAB:1378665): GStreamer-CRITICAL **: 10:09:06.721: gst_mini_object_unref: assertion 'mini_object != NULL' failed

(MATLAB:1378665): GStreamer-CRITICAL **: 10:09:07.620: gst_mini_object_unref: assertion 'mini_object != NULL' failed
Total loop time: 7.528 sec
data/envCorp/MacaulayLibrary/198534391.wav
Total loop time: 15.475 sec
data/envCorp/MacaulayLibrary/1986.wav
Total loop time: 3.878 sec
data/envCorp/MacaulayLibrary/198642761.mp3

(MATLAB:1378665): GStreamer-CRITICAL **: 10:09:27.990: gst_mini_object_unref: assertion 'mini_object != NULL' failed

(MATLAB:1378665): GStreamer-CRITICAL **: 10:09:28.899: gst_mini_object_unref: assertion 'mini_object != NULL' failed

(MATLAB:1378665): GStreamer-CRITICAL **: 10:09:29.799: gst_mini_object_unref: assertion 'mini_object != NULL' failed

(MATLAB:1378665): GStreamer-CRITICAL **: 10:09:30.689: gst_mini_object_unref: assertion 'mini_object != NULL' failed

(MATLAB:1378665): GStreamer-CRITICAL **: 10:09:31.587: gst_mini_object_unref: assertion 'mini_object != NULL' failed

(MATLAB:1378665): GStreamer-CRITICAL **: 10:09:32.495: gst_mini_object_unref: assertion 'mini_object != NULL' failed
Total loop time: 5.491 sec
data/envCorp/MacaulayLibrary/198642781.mp3

(MATLAB:1378665): GStreamer-CRITICAL **: 10:09:33.473: gst_mini_object_unref: assertion 'mini_object != NULL' failed

(MATLAB:1378665): GStreamer-CRITICAL **: 10:09:34.379: gst_mini_object_unref: assertion 'mini_object != NULL' failed

(MATLAB:1378665): GStreamer-CRITICAL **: 10:09:35.274: gst_mini_object_unref: assertion 'mini_object != NULL' failed

(MATLAB:1378665): GStreamer-CRITICAL **: 10:09:36.155: gst_mini_object_unref: assertion 'mini_object != NULL' failed
Total loop time: 3.611 sec
data/envCorp/MacaulayLibrary/19866.wav
Total loop time: 5.373 sec
data/envCorp/MacaulayLibrary/198720081.wav
Total loop time: 6.147 sec
data/envCorp/MacaulayLibrary/198732361.wav
Total loop time: 22.939 sec
data/envCorp/MacaulayLibrary/198734581.wav
Total loop time: 0.807 sec
data/envCorp/MacaulayLibrary/198742251.wav
Total loop time: 11.533 sec
data/envCorp/MacaulayLibrary/198748961.wav
Total loop time: 10.865 sec
data/envCorp/MacaulayLibrary/198763.wav
Total loop time: 23.419 sec
data/envCorp/MacaulayLibrary/198764.wav
Total loop time: 23.303 sec
data/envCorp/MacaulayLibrary/198775.wav
Total loop time: 23.417 sec
data/envCorp/MacaulayLibrary/198783.wav
Total loop time: 3.183 sec
data/envCorp/MacaulayLibrary/1988.wav
Total loop time: 9.339 sec
data/envCorp/MacaulayLibrary/198852181.m4a

(MATLAB:1378665): GStreamer-CRITICAL **: 10:11:57.368: gst_mini_object_unref: assertion 'mini_object != NULL' failed

(MATLAB:1378665): GStreamer-CRITICAL **: 10:11:58.142: gst_mini_object_unref: assertion 'mini_object != NULL' failed

(MATLAB:1378665): GStreamer-CRITICAL **: 10:11:58.911: gst_mini_object_unref: assertion 'mini_object != NULL' failed
Total loop time: 2.400 sec
data/envCorp/MacaulayLibrary/198897921.mp3

(MATLAB:1378665): GStreamer-CRITICAL **: 10:11:59.878: gst_mini_object_unref: assertion 'mini_object != NULL' failed

(MATLAB:1378665): GStreamer-CRITICAL **: 10:12:00.802: gst_mini_object_unref: assertion 'mini_object != NULL' failed
Total loop time: 1.900 sec
data/envCorp/MacaulayLibrary/198964.wav
Total loop time: 5.360 sec
data/envCorp/MacaulayLibrary/198968541.wav
Total loop time: 21.586 sec
data/envCorp/MacaulayLibrary/199059411.mp3

(MATLAB:1378665): GStreamer-CRITICAL **: 10:12:28.730: gst_mini_object_unref: assertion 'mini_object != NULL' failed

(MATLAB:1378665): GStreamer-CRITICAL **: 10:12:29.664: gst_mini_object_unref: assertion 'mini_object != NULL' failed
Total loop time: 1.894 sec
data/envCorp/MacaulayLibrary/199109.wav
Total loop time: 19.967 sec
data/envCorp/MacaulayLibrary/199156611.wav
Total loop time: 18.591 sec
data/envCorp/MacaulayLibrary/199158.wav
Total loop time: 23.706 sec
data/envCorp/MacaulayLibrary/199166541.wav
Total loop time: 24.125 sec
data/envCorp/MacaulayLibrary/199167541.wav
Total loop time: 8.715 sec
data/envCorp/MacaulayLibrary/199178.wav
Total loop time: 23.356 sec
data/envCorp/MacaulayLibrary/199183591.wav
Total loop time: 23.267 sec
data/envCorp/MacaulayLibrary/199187561.wav
Total loop time: 2.376 sec
data/envCorp/MacaulayLibrary/199210631.wav
Total loop time: 22.557 sec
data/envCorp/MacaulayLibrary/199212441.wav
Total loop time: 23.260 sec
data/envCorp/MacaulayLibrary/199263341.wav
Total loop time: 12.196 sec
data/envCorp/MacaulayLibrary/199272111.wav
Total loop time: 23.506 sec
data/envCorp/MacaulayLibrary/199339151.wav
Total loop time: 8.609 sec
data/envCorp/MacaulayLibrary/199362.wav
Total loop time: 3.134 sec
data/envCorp/MacaulayLibrary/199364.wav
Total loop time: 3.154 sec
data/envCorp/MacaulayLibrary/19941.wav
Total loop time: 23.325 sec
data/envCorp/MacaulayLibrary/19943.wav
Total loop time: 20.309 sec
data/envCorp/MacaulayLibrary/199438.wav
Total loop time: 18.979 sec
data/envCorp/MacaulayLibrary/199440.wav
Total loop time: 16.027 sec
data/envCorp/MacaulayLibrary/199449.wav
Total loop time: 2.381 sec
data/envCorp/MacaulayLibrary/199464.wav
Total loop time: 23.420 sec
data/envCorp/MacaulayLibrary/199471561.wav
Total loop time: 3.182 sec
data/envCorp/MacaulayLibrary/199493111.wav
Total loop time: 2.400 sec
data/envCorp/MacaulayLibrary/199518.wav
Total loop time: 13.000 sec
data/envCorp/MacaulayLibrary/199530.wav
Total loop time: 23.512 sec
data/envCorp/MacaulayLibrary/199535.wav
Total loop time: 20.505 sec
data/envCorp/MacaulayLibrary/199538.wav
Total loop time: 23.575 sec
data/envCorp/MacaulayLibrary/19956.wav
Total loop time: 9.490 sec
data/envCorp/MacaulayLibrary/199561.wav
Total loop time: 5.596 sec
data/envCorp/MacaulayLibrary/199564.wav
Total loop time: 20.729 sec
data/envCorp/MacaulayLibrary/199575.wav
Total loop time: 17.822 sec
data/envCorp/MacaulayLibrary/199580.wav
Total loop time: 23.416 sec
data/envCorp/MacaulayLibrary/199582.wav
Total loop time: 23.231 sec
data/envCorp/MacaulayLibrary/199587.wav
Total loop time: 7.017 sec
data/envCorp/MacaulayLibrary/199590.wav
Total loop time: 19.670 sec
data/envCorp/MacaulayLibrary/199637051.mp3

(MATLAB:1378665): GStreamer-CRITICAL **: 10:21:48.837: gst_mini_object_unref: assertion 'mini_object != NULL' failed

(MATLAB:1378665): GStreamer-CRITICAL **: 10:21:49.768: gst_mini_object_unref: assertion 'mini_object != NULL' failed
Total loop time: 2.841 sec
data/envCorp/MacaulayLibrary/199644.wav
Total loop time: 23.194 sec
data/envCorp/MacaulayLibrary/199679851.wav
Total loop time: 11.655 sec
data/envCorp/MacaulayLibrary/199705931.wav
Total loop time: 1.581 sec
data/envCorp/MacaulayLibrary/199706141.wav
Total loop time: 9.396 sec
data/envCorp/MacaulayLibrary/199712731.wav
Total loop time: 4.714 sec
data/envCorp/MacaulayLibrary/199735001.wav
Total loop time: 17.923 sec
data/envCorp/MacaulayLibrary/199784221.mp3

(MATLAB:1378665): GStreamer-CRITICAL **: 10:23:00.259: gst_mini_object_unref: assertion 'mini_object != NULL' failed

(MATLAB:1378665): GStreamer-CRITICAL **: 10:23:01.300: gst_mini_object_unref: assertion 'mini_object != NULL' failed

(MATLAB:1378665): GStreamer-CRITICAL **: 10:23:02.335: gst_mini_object_unref: assertion 'mini_object != NULL' failed

(MATLAB:1378665): GStreamer-CRITICAL **: 10:23:03.381: gst_mini_object_unref: assertion 'mini_object != NULL' failed

(MATLAB:1378665): GStreamer-CRITICAL **: 10:23:04.414: gst_mini_object_unref: assertion 'mini_object != NULL' failed

(MATLAB:1378665): GStreamer-CRITICAL **: 10:23:05.428: gst_mini_object_unref: assertion 'mini_object != NULL' failed

(MATLAB:1378665): GStreamer-CRITICAL **: 10:23:06.449: gst_mini_object_unref: assertion 'mini_object != NULL' failed

(MATLAB:1378665): GStreamer-CRITICAL **: 10:23:07.460: gst_mini_object_unref: assertion 'mini_object != NULL' failed

(MATLAB:1378665): GStreamer-CRITICAL **: 10:23:08.454: gst_mini_object_unref: assertion 'mini_object != NULL' failed

(MATLAB:1378665): GStreamer-CRITICAL **: 10:23:09.452: gst_mini_object_unref: assertion 'mini_object != NULL' failed

(MATLAB:1378665): GStreamer-CRITICAL **: 10:23:10.451: gst_mini_object_unref: assertion 'mini_object != NULL' failed

(MATLAB:1378665): GStreamer-CRITICAL **: 10:23:11.439: gst_mini_object_unref: assertion 'mini_object != NULL' failed

(MATLAB:1378665): GStreamer-CRITICAL **: 10:23:12.415: gst_mini_object_unref: assertion 'mini_object != NULL' failed

(MATLAB:1378665): GStreamer-CRITICAL **: 10:23:13.392: gst_mini_object_unref: assertion 'mini_object != NULL' failed

(MATLAB:1378665): GStreamer-CRITICAL **: 10:23:14.362: gst_mini_object_unref: assertion 'mini_object != NULL' failed

(MATLAB:1378665): GStreamer-CRITICAL **: 10:23:15.328: gst_mini_object_unref: assertion 'mini_object != NULL' failed

(MATLAB:1378665): GStreamer-CRITICAL **: 10:23:15.528: gst_mini_object_unref: assertion 'mini_object != NULL' failed

(MATLAB:1378665): GStreamer-CRITICAL **: 10:23:16.484: gst_mini_object_unref: assertion 'mini_object != NULL' failed
Total loop time: 18.259 sec
data/envCorp/MacaulayLibrary/199785161.wav
Total loop time: 1.572 sec
data/envCorp/MacaulayLibrary/199785181.wav
Total loop time: 1.712 sec
data/envCorp/MacaulayLibrary/199785201.wav
Total loop time: 1.629 sec
data/envCorp/MacaulayLibrary/199785231.wav
Total loop time: 3.959 sec
data/envCorp/MacaulayLibrary/199785251.wav
Total loop time: 5.471 sec
data/envCorp/MacaulayLibrary/199785271.wav
Total loop time: 0.972 sec
data/envCorp/MacaulayLibrary/199785341.wav
Total loop time: 1.581 sec
data/envCorp/MacaulayLibrary/199785351.wav
Total loop time: 3.866 sec
data/envCorp/MacaulayLibrary/199785361.wav
Total loop time: 3.194 sec
data/envCorp/MacaulayLibrary/199785401.wav
Total loop time: 0.856 sec
data/envCorp/MacaulayLibrary/199785431.wav
Total loop time: 0.809 sec
data/envCorp/MacaulayLibrary/199785711.wav
Total loop time: 2.369 sec
data/envCorp/MacaulayLibrary/199785721.wav
Total loop time: 12.318 sec
data/envCorp/MacaulayLibrary/199785871.wav
Total loop time: 7.762 sec
data/envCorp/MacaulayLibrary/199785881.wav
Total loop time: 8.529 sec
data/envCorp/MacaulayLibrary/199793801.wav
Total loop time: 1.603 sec
data/envCorp/MacaulayLibrary/199793871.wav
Total loop time: 1.597 sec
data/envCorp/MacaulayLibrary/199794041.wav
Total loop time: 1.598 sec
data/envCorp/MacaulayLibrary/199794061.wav
Total loop time: 3.211 sec
data/envCorp/MacaulayLibrary/199794071.wav
Total loop time: 0.830 sec
data/envCorp/MacaulayLibrary/199794101.wav
Total loop time: 2.410 sec
data/envCorp/MacaulayLibrary/199806331.wav
Total loop time: 10.932 sec
data/envCorp/MacaulayLibrary/199814811.wav
Total loop time: 11.520 sec
data/envCorp/MacaulayLibrary/199815131.wav
Total loop time: 2.452 sec
data/envCorp/MacaulayLibrary/199818931.wav
Total loop time: 6.973 sec
data/envCorp/MacaulayLibrary/199831351.wav
Total loop time: 2.355 sec
data/envCorp/MacaulayLibrary/199846071.wav
Total loop time: 23.139 sec
data/envCorp/MacaulayLibrary/19988.wav
Total loop time: 15.176 sec
Successful STM!
Elapsed time is 1120.843694 seconds.
