
                            < M A T L A B (R) >
                  Copyright 1984-2023 The MathWorks, Inc.
                  R2023b (23.2.0.2365128) 64-bit (glnxa64)
                              August 23, 2023

 
To get started, type doc.
For product information, visit www.mathworks.com.
 
**skip** data/envCorp/MacaulayLibrary/1377.wav
**skip** data/envCorp/MacaulayLibrary/13771.wav
**skip** data/envCorp/MacaulayLibrary/13772.wav
**skip** data/envCorp/MacaulayLibrary/137722181.wav
**skip** data/envCorp/MacaulayLibrary/13773.wav
**skip** data/envCorp/MacaulayLibrary/137762601.m4a
**skip** data/envCorp/MacaulayLibrary/137793601.mp3
**skip** data/envCorp/MacaulayLibrary/1378.wav
**skip** data/envCorp/MacaulayLibrary/137825.wav
**skip** data/envCorp/MacaulayLibrary/137826.wav
**skip** data/envCorp/MacaulayLibrary/137840.wav
**skip** data/envCorp/MacaulayLibrary/137849.wav
**skip** data/envCorp/MacaulayLibrary/137859.wav
**skip** data/envCorp/MacaulayLibrary/137860.wav
**skip** data/envCorp/MacaulayLibrary/137864.wav
**skip** data/envCorp/MacaulayLibrary/137867.wav
**skip** data/envCorp/MacaulayLibrary/137869.wav
**skip** data/envCorp/MacaulayLibrary/137870.wav
**skip** data/envCorp/MacaulayLibrary/137873.wav
**skip** data/envCorp/MacaulayLibrary/137874.wav
**skip** data/envCorp/MacaulayLibrary/137889.wav
**skip** data/envCorp/MacaulayLibrary/137921421.mp3
**skip** data/envCorp/MacaulayLibrary/137954981.wav
**skip** data/envCorp/MacaulayLibrary/138087301.m4a
**skip** data/envCorp/MacaulayLibrary/138087531.mp3
**skip** data/envCorp/MacaulayLibrary/138088501.m4a
**skip** data/envCorp/MacaulayLibrary/138117.wav
**skip** data/envCorp/MacaulayLibrary/138118.wav
**skip** data/envCorp/MacaulayLibrary/138120.wav
**skip** data/envCorp/MacaulayLibrary/138122.wav
**skip** data/envCorp/MacaulayLibrary/138128.wav
**skip** data/envCorp/MacaulayLibrary/138130.wav
**skip** data/envCorp/MacaulayLibrary/138130811.wav
**skip** data/envCorp/MacaulayLibrary/138131.wav
**skip** data/envCorp/MacaulayLibrary/138132.wav
**skip** data/envCorp/MacaulayLibrary/138133.wav
**skip** data/envCorp/MacaulayLibrary/138134.wav
**skip** data/envCorp/MacaulayLibrary/138136.wav
**skip** data/envCorp/MacaulayLibrary/138140.wav
**skip** data/envCorp/MacaulayLibrary/138146.wav
**skip** data/envCorp/MacaulayLibrary/13815.wav
**skip** data/envCorp/MacaulayLibrary/138200.wav
**skip** data/envCorp/MacaulayLibrary/138205.wav
**skip** data/envCorp/MacaulayLibrary/138207.wav
**skip** data/envCorp/MacaulayLibrary/138213.wav
**skip** data/envCorp/MacaulayLibrary/138216.wav
**skip** data/envCorp/MacaulayLibrary/138218.wav
**skip** data/envCorp/MacaulayLibrary/138219451.wav
**skip** data/envCorp/MacaulayLibrary/138223.wav
**skip** data/envCorp/MacaulayLibrary/138225.wav
**skip** data/envCorp/MacaulayLibrary/138232.wav
**skip** data/envCorp/MacaulayLibrary/138234.wav
**skip** data/envCorp/MacaulayLibrary/138240.wav
**skip** data/envCorp/MacaulayLibrary/138244.wav
**skip** data/envCorp/MacaulayLibrary/138245.wav
**skip** data/envCorp/MacaulayLibrary/138252.wav
**skip** data/envCorp/MacaulayLibrary/138255.wav
**skip** data/envCorp/MacaulayLibrary/138256.wav
**skip** data/envCorp/MacaulayLibrary/138266.wav
**skip** data/envCorp/MacaulayLibrary/138269.wav
**skip** data/envCorp/MacaulayLibrary/138286.wav
**skip** data/envCorp/MacaulayLibrary/138288.wav
**skip** data/envCorp/MacaulayLibrary/138333.wav
**skip** data/envCorp/MacaulayLibrary/138336.wav
**skip** data/envCorp/MacaulayLibrary/138340.wav
**skip** data/envCorp/MacaulayLibrary/138347.wav
**skip** data/envCorp/MacaulayLibrary/138352.wav
**skip** data/envCorp/MacaulayLibrary/138358.wav
**skip** data/envCorp/MacaulayLibrary/138359.wav
**skip** data/envCorp/MacaulayLibrary/138391451.wav
**skip** data/envCorp/MacaulayLibrary/138391471.wav
**skip** data/envCorp/MacaulayLibrary/1384.wav
**skip** data/envCorp/MacaulayLibrary/13840.wav
**skip** data/envCorp/MacaulayLibrary/138403071.wav
**skip** data/envCorp/MacaulayLibrary/138404081.wav
**skip** data/envCorp/MacaulayLibrary/138404221.wav
**skip** data/envCorp/MacaulayLibrary/138404711.wav
**skip** data/envCorp/MacaulayLibrary/13842.wav
**skip** data/envCorp/MacaulayLibrary/138466241.wav
**skip** data/envCorp/MacaulayLibrary/13848.wav
**skip** data/envCorp/MacaulayLibrary/1385.wav
**skip** data/envCorp/MacaulayLibrary/138515691.wav
**skip** data/envCorp/MacaulayLibrary/13852.wav
**skip** data/envCorp/MacaulayLibrary/138547841.wav
**skip** data/envCorp/MacaulayLibrary/138549521.wav
**skip** data/envCorp/MacaulayLibrary/138549961.wav
**skip** data/envCorp/MacaulayLibrary/138551921.wav
**skip** data/envCorp/MacaulayLibrary/138551941.wav
**skip** data/envCorp/MacaulayLibrary/138552431.wav
**skip** data/envCorp/MacaulayLibrary/138552601.wav
**skip** data/envCorp/MacaulayLibrary/138552781.wav
**skip** data/envCorp/MacaulayLibrary/138555611.wav
**skip** data/envCorp/MacaulayLibrary/138556191.wav
**skip** data/envCorp/MacaulayLibrary/138556341.wav
**skip** data/envCorp/MacaulayLibrary/138557011.wav
**skip** data/envCorp/MacaulayLibrary/138588.wav
**skip** data/envCorp/MacaulayLibrary/13864.wav
**skip** data/envCorp/MacaulayLibrary/13869.wav
**skip** data/envCorp/MacaulayLibrary/138775.wav
**skip** data/envCorp/MacaulayLibrary/138818571.wav
Successful STM!
Elapsed time is 4.608448 seconds.
