
                            < M A T L A B (R) >
                  Copyright 1984-2023 The MathWorks, Inc.
                  R2023b (23.2.0.2365128) 64-bit (glnxa64)
                              August 23, 2023

 
To get started, type doc.
For product information, visit www.mathworks.com.
 
**skip** data/envCorp/MacaulayLibrary/203889381.mp3
**skip** data/envCorp/MacaulayLibrary/203889411.mp3
**skip** data/envCorp/MacaulayLibrary/203889451.mp3
**skip** data/envCorp/MacaulayLibrary/203889471.mp3
**skip** data/envCorp/MacaulayLibrary/203889491.mp3
**skip** data/envCorp/MacaulayLibrary/203889901.mp3
**skip** data/envCorp/MacaulayLibrary/203889941.mp3
**skip** data/envCorp/MacaulayLibrary/203890151.mp3
**skip** data/envCorp/MacaulayLibrary/203890321.mp3
**skip** data/envCorp/MacaulayLibrary/203890351.mp3
**skip** data/envCorp/MacaulayLibrary/203890391.mp3
**skip** data/envCorp/MacaulayLibrary/203890401.mp3
**skip** data/envCorp/MacaulayLibrary/203890421.mp3
**skip** data/envCorp/MacaulayLibrary/203890521.mp3
**skip** data/envCorp/MacaulayLibrary/203890581.mp3
**skip** data/envCorp/MacaulayLibrary/203890591.mp3
**skip** data/envCorp/MacaulayLibrary/203890601.mp3
**skip** data/envCorp/MacaulayLibrary/203890611.mp3
**skip** data/envCorp/MacaulayLibrary/203890631.mp3
**skip** data/envCorp/MacaulayLibrary/203890641.mp3
**skip** data/envCorp/MacaulayLibrary/203890651.mp3
**skip** data/envCorp/MacaulayLibrary/203890841.mp3
**skip** data/envCorp/MacaulayLibrary/203890851.mp3
**skip** data/envCorp/MacaulayLibrary/203890961.mp3
**skip** data/envCorp/MacaulayLibrary/203890991.mp3
**skip** data/envCorp/MacaulayLibrary/203891051.mp3
**skip** data/envCorp/MacaulayLibrary/203891091.mp3
**skip** data/envCorp/MacaulayLibrary/203891191.mp3
**skip** data/envCorp/MacaulayLibrary/203891351.mp3
**skip** data/envCorp/MacaulayLibrary/203891531.mp3
**skip** data/envCorp/MacaulayLibrary/203891541.mp3
**skip** data/envCorp/MacaulayLibrary/203891571.mp3
**skip** data/envCorp/MacaulayLibrary/203891601.mp3
**skip** data/envCorp/MacaulayLibrary/203891831.mp3
**skip** data/envCorp/MacaulayLibrary/203891841.mp3
**skip** data/envCorp/MacaulayLibrary/203891861.mp3
**skip** data/envCorp/MacaulayLibrary/203891951.mp3
**skip** data/envCorp/MacaulayLibrary/203892141.mp3
**skip** data/envCorp/MacaulayLibrary/203892151.mp3
**skip** data/envCorp/MacaulayLibrary/203892161.mp3
**skip** data/envCorp/MacaulayLibrary/203892171.mp3
**skip** data/envCorp/MacaulayLibrary/203892181.mp3
**skip** data/envCorp/MacaulayLibrary/203892271.mp3
**skip** data/envCorp/MacaulayLibrary/203892281.mp3
**skip** data/envCorp/MacaulayLibrary/203892301.mp3
**skip** data/envCorp/MacaulayLibrary/203892321.mp3
**skip** data/envCorp/MacaulayLibrary/203892411.mp3
**skip** data/envCorp/MacaulayLibrary/203892471.mp3
**skip** data/envCorp/MacaulayLibrary/203892511.mp3
**skip** data/envCorp/MacaulayLibrary/203892541.mp3
**skip** data/envCorp/MacaulayLibrary/203892611.mp3
**skip** data/envCorp/MacaulayLibrary/203892681.mp3
**skip** data/envCorp/MacaulayLibrary/203892731.mp3
**skip** data/envCorp/MacaulayLibrary/203892741.mp3
**skip** data/envCorp/MacaulayLibrary/203892771.mp3
**skip** data/envCorp/MacaulayLibrary/203892801.mp3
**skip** data/envCorp/MacaulayLibrary/203892831.mp3
**skip** data/envCorp/MacaulayLibrary/203892841.mp3
**skip** data/envCorp/MacaulayLibrary/203892881.mp3
**skip** data/envCorp/MacaulayLibrary/203892891.mp3
**skip** data/envCorp/MacaulayLibrary/203892901.mp3
**skip** data/envCorp/MacaulayLibrary/203892911.mp3
**skip** data/envCorp/MacaulayLibrary/203892951.mp3
**skip** data/envCorp/MacaulayLibrary/203892981.mp3
**skip** data/envCorp/MacaulayLibrary/203892991.mp3
**skip** data/envCorp/MacaulayLibrary/203893011.mp3
**skip** data/envCorp/MacaulayLibrary/203893071.mp3
**skip** data/envCorp/MacaulayLibrary/203893081.mp3
**skip** data/envCorp/MacaulayLibrary/203893091.mp3
**skip** data/envCorp/MacaulayLibrary/203893191.mp3
**skip** data/envCorp/MacaulayLibrary/203893251.mp3
**skip** data/envCorp/MacaulayLibrary/203893261.mp3
**skip** data/envCorp/MacaulayLibrary/203893271.mp3
**skip** data/envCorp/MacaulayLibrary/203893281.mp3
**skip** data/envCorp/MacaulayLibrary/203893301.mp3
**skip** data/envCorp/MacaulayLibrary/203893311.mp3
**skip** data/envCorp/MacaulayLibrary/203893331.mp3
**skip** data/envCorp/MacaulayLibrary/203893391.mp3
**skip** data/envCorp/MacaulayLibrary/203893501.mp3
**skip** data/envCorp/MacaulayLibrary/203893561.mp3
**skip** data/envCorp/MacaulayLibrary/203893791.mp3
**skip** data/envCorp/MacaulayLibrary/203893801.mp3
**skip** data/envCorp/MacaulayLibrary/203893841.mp3
**skip** data/envCorp/MacaulayLibrary/203893861.mp3
**skip** data/envCorp/MacaulayLibrary/203893891.mp3
data/envCorp/MacaulayLibrary/203893931.mp3

(MATLAB:1798781): GStreamer-CRITICAL **: 11:57:10.726: gst_mini_object_unref: assertion 'mini_object != NULL' failed
Total loop time: 2.203 sec
**skip** data/envCorp/MacaulayLibrary/203893951.mp3
**skip** data/envCorp/MacaulayLibrary/203893961.mp3
**skip** data/envCorp/MacaulayLibrary/203893981.mp3
**skip** data/envCorp/MacaulayLibrary/203893991.mp3
**skip** data/envCorp/MacaulayLibrary/203894001.mp3
**skip** data/envCorp/MacaulayLibrary/203894011.mp3
**skip** data/envCorp/MacaulayLibrary/203894051.mp3
**skip** data/envCorp/MacaulayLibrary/203894061.mp3
**skip** data/envCorp/MacaulayLibrary/203894071.mp3
**skip** data/envCorp/MacaulayLibrary/203894081.mp3
**skip** data/envCorp/MacaulayLibrary/203894091.mp3
**skip** data/envCorp/MacaulayLibrary/203894111.mp3
**skip** data/envCorp/MacaulayLibrary/203894121.mp3
**skip** data/envCorp/MacaulayLibrary/203894131.mp3
Successful STM!
Elapsed time is 7.071738 seconds.
