
                            < M A T L A B (R) >
                  Copyright 1984-2023 The MathWorks, Inc.
                  R2023b (23.2.0.2365128) 64-bit (glnxa64)
                              August 23, 2023

 
To get started, type doc.
For product information, visit www.mathworks.com.
 
**skip** data/envCorp/MacaulayLibrary/586901541.wav
**skip** data/envCorp/MacaulayLibrary/586905901.wav
**skip** data/envCorp/MacaulayLibrary/586908591.wav
**skip** data/envCorp/MacaulayLibrary/586913181.wav
**skip** data/envCorp/MacaulayLibrary/586928581.wav
**skip** data/envCorp/MacaulayLibrary/586936961.wav
**skip** data/envCorp/MacaulayLibrary/586937891.wav
**skip** data/envCorp/MacaulayLibrary/586939651.wav
**skip** data/envCorp/MacaulayLibrary/58694.wav
**skip** data/envCorp/MacaulayLibrary/586940211.wav
**skip** data/envCorp/MacaulayLibrary/586942561.wav
**skip** data/envCorp/MacaulayLibrary/586943091.mp3
**skip** data/envCorp/MacaulayLibrary/586943271.m4a
**skip** data/envCorp/MacaulayLibrary/586943751.wav
**skip** data/envCorp/MacaulayLibrary/586944641.wav
**skip** data/envCorp/MacaulayLibrary/586945401.wav
**skip** data/envCorp/MacaulayLibrary/586946631.wav
**skip** data/envCorp/MacaulayLibrary/586946941.wav
**skip** data/envCorp/MacaulayLibrary/586947241.wav
**skip** data/envCorp/MacaulayLibrary/586948531.wav
**skip** data/envCorp/MacaulayLibrary/586970791.mp3
**skip** data/envCorp/MacaulayLibrary/586981281.mp3
**skip** data/envCorp/MacaulayLibrary/587019501.wav
**skip** data/envCorp/MacaulayLibrary/58702.wav
**skip** data/envCorp/MacaulayLibrary/587045461.mp3
**skip** data/envCorp/MacaulayLibrary/587092681.mp3
**skip** data/envCorp/MacaulayLibrary/587102101.wav
**skip** data/envCorp/MacaulayLibrary/587117191.mp3
**skip** data/envCorp/MacaulayLibrary/587117201.mp3
**skip** data/envCorp/MacaulayLibrary/587117211.mp3
**skip** data/envCorp/MacaulayLibrary/587149521.wav
**skip** data/envCorp/MacaulayLibrary/587157731.wav
**skip** data/envCorp/MacaulayLibrary/587168481.wav
**skip** data/envCorp/MacaulayLibrary/587298561.wav
**skip** data/envCorp/MacaulayLibrary/587298881.wav
**skip** data/envCorp/MacaulayLibrary/587376321.wav
**skip** data/envCorp/MacaulayLibrary/587493441.wav
**skip** data/envCorp/MacaulayLibrary/587516501.wav
**skip** data/envCorp/MacaulayLibrary/587569981.m4a
**skip** data/envCorp/MacaulayLibrary/5876.wav
**skip** data/envCorp/MacaulayLibrary/587644781.wav
**skip** data/envCorp/MacaulayLibrary/587646681.wav
**skip** data/envCorp/MacaulayLibrary/587703841.mp3
**skip** data/envCorp/MacaulayLibrary/587726741.m4a
**skip** data/envCorp/MacaulayLibrary/587739881.wav
**skip** data/envCorp/MacaulayLibrary/587739891.wav
**skip** data/envCorp/MacaulayLibrary/587740121.wav
**skip** data/envCorp/MacaulayLibrary/587758531.wav
**skip** data/envCorp/MacaulayLibrary/587775311.wav
**skip** data/envCorp/MacaulayLibrary/587775351.wav
**skip** data/envCorp/MacaulayLibrary/587812141.wav
data/envCorp/MacaulayLibrary/587817441.wav
Total loop time: 1.196 sec
**skip** data/envCorp/MacaulayLibrary/587822231.wav
**skip** data/envCorp/MacaulayLibrary/587851401.wav
**skip** data/envCorp/MacaulayLibrary/587891081.wav
**skip** data/envCorp/MacaulayLibrary/587912691.wav
**skip** data/envCorp/MacaulayLibrary/588029431.wav
**skip** data/envCorp/MacaulayLibrary/588083461.wav
**skip** data/envCorp/MacaulayLibrary/588083501.mp3
**skip** data/envCorp/MacaulayLibrary/588083521.wav
**skip** data/envCorp/MacaulayLibrary/588106011.wav
**skip** data/envCorp/MacaulayLibrary/588106801.mp3
**skip** data/envCorp/MacaulayLibrary/588110671.wav
**skip** data/envCorp/MacaulayLibrary/588184241.mp3
**skip** data/envCorp/MacaulayLibrary/588192431.wav
**skip** data/envCorp/MacaulayLibrary/588192451.wav
**skip** data/envCorp/MacaulayLibrary/588224261.wav
**skip** data/envCorp/MacaulayLibrary/588341911.m4a
**skip** data/envCorp/MacaulayLibrary/58835.wav
**skip** data/envCorp/MacaulayLibrary/588371601.wav
**skip** data/envCorp/MacaulayLibrary/588399931.wav
**skip** data/envCorp/MacaulayLibrary/588420051.mp3
**skip** data/envCorp/MacaulayLibrary/588435921.wav
**skip** data/envCorp/MacaulayLibrary/588444091.wav
**skip** data/envCorp/MacaulayLibrary/588446281.wav
**skip** data/envCorp/MacaulayLibrary/588457771.wav
**skip** data/envCorp/MacaulayLibrary/588457781.wav
**skip** data/envCorp/MacaulayLibrary/588457791.wav
**skip** data/envCorp/MacaulayLibrary/588457821.wav
**skip** data/envCorp/MacaulayLibrary/588459761.wav
**skip** data/envCorp/MacaulayLibrary/588459801.wav
**skip** data/envCorp/MacaulayLibrary/588464141.wav
**skip** data/envCorp/MacaulayLibrary/588464221.wav
**skip** data/envCorp/MacaulayLibrary/588473791.wav
**skip** data/envCorp/MacaulayLibrary/588488481.m4a
**skip** data/envCorp/MacaulayLibrary/588488581.m4a
**skip** data/envCorp/MacaulayLibrary/588490631.wav
**skip** data/envCorp/MacaulayLibrary/588539551.wav
**skip** data/envCorp/MacaulayLibrary/588558681.wav
**skip** data/envCorp/MacaulayLibrary/588559161.wav
**skip** data/envCorp/MacaulayLibrary/588594671.m4a
**skip** data/envCorp/MacaulayLibrary/588606541.m4a
**skip** data/envCorp/MacaulayLibrary/588625711.wav
**skip** data/envCorp/MacaulayLibrary/58863071.mp3
**skip** data/envCorp/MacaulayLibrary/58863091.mp3
**skip** data/envCorp/MacaulayLibrary/588637711.wav
**skip** data/envCorp/MacaulayLibrary/588655361.wav
**skip** data/envCorp/MacaulayLibrary/58866091.wav
**skip** data/envCorp/MacaulayLibrary/588684371.wav
**skip** data/envCorp/MacaulayLibrary/58872.wav
Successful STM!
Elapsed time is 6.115856 seconds.
