
                            < M A T L A B (R) >
                  Copyright 1984-2023 The MathWorks, Inc.
                  R2023b (23.2.0.2365128) 64-bit (glnxa64)
                              August 23, 2023

 
To get started, type doc.
For product information, visit www.mathworks.com.
 
data/envCorp/MacaulayLibrary/203696051.mp3

(MATLAB:1378684): GStreamer-CRITICAL **: 10:07:04.169: gst_mini_object_unref: assertion 'mini_object != NULL' failed

(MATLAB:1378684): GStreamer-CRITICAL **: 10:07:06.162: gst_mini_object_unref: assertion 'mini_object != NULL' failed

(MATLAB:1378684): GStreamer-CRITICAL **: 10:07:06.330: gst_mini_object_unref: assertion 'mini_object != NULL' failed

(MATLAB:1378684): GStreamer-CRITICAL **: 10:07:07.464: gst_mini_object_unref: assertion 'mini_object != NULL' failed
Total loop time: 6.928 sec
data/envCorp/MacaulayLibrary/203696071.mp3

(MATLAB:1378684): GStreamer-CRITICAL **: 10:07:09.863: gst_mini_object_unref: assertion 'mini_object != NULL' failed

(MATLAB:1378684): GStreamer-CRITICAL **: 10:07:10.011: gst_mini_object_unref: assertion 'mini_object != NULL' failed

(MATLAB:1378684): GStreamer-CRITICAL **: 10:07:11.002: gst_mini_object_unref: assertion 'mini_object != NULL' failed

(MATLAB:1378684): GStreamer-CRITICAL **: 10:07:11.970: gst_mini_object_unref: assertion 'mini_object != NULL' failed

(MATLAB:1378684): GStreamer-CRITICAL **: 10:07:13.100: gst_mini_object_unref: assertion 'mini_object != NULL' failed
Total loop time: 4.379 sec
data/envCorp/MacaulayLibrary/203696081.mp3

(MATLAB:1378684): GStreamer-CRITICAL **: 10:07:14.245: gst_mini_object_unref: assertion 'mini_object != NULL' failed

(MATLAB:1378684): GStreamer-CRITICAL **: 10:07:15.172: gst_mini_object_unref: assertion 'mini_object != NULL' failed

(MATLAB:1378684): GStreamer-CRITICAL **: 10:07:16.098: gst_mini_object_unref: assertion 'mini_object != NULL' failed

(MATLAB:1378684): GStreamer-CRITICAL **: 10:07:17.011: gst_mini_object_unref: assertion 'mini_object != NULL' failed

(MATLAB:1378684): GStreamer-CRITICAL **: 10:07:17.914: gst_mini_object_unref: assertion 'mini_object != NULL' failed

(MATLAB:1378684): GStreamer-CRITICAL **: 10:07:18.829: gst_mini_object_unref: assertion 'mini_object != NULL' failed

(MATLAB:1378684): GStreamer-CRITICAL **: 10:07:19.741: gst_mini_object_unref: assertion 'mini_object != NULL' failed

(MATLAB:1378684): GStreamer-CRITICAL **: 10:07:20.672: gst_mini_object_unref: assertion 'mini_object != NULL' failed

(MATLAB:1378684): GStreamer-CRITICAL **: 10:07:21.609: gst_mini_object_unref: assertion 'mini_object != NULL' failed
Total loop time: 8.387 sec
data/envCorp/MacaulayLibrary/203696191.mp3

(MATLAB:1378684): GStreamer-CRITICAL **: 10:07:22.615: gst_mini_object_unref: assertion 'mini_object != NULL' failed
Total loop time: 0.997 sec
data/envCorp/MacaulayLibrary/203696241.mp3

(MATLAB:1378684): GStreamer-CRITICAL **: 10:07:23.659: gst_mini_object_unref: assertion 'mini_object != NULL' failed

(MATLAB:1378684): GStreamer-CRITICAL **: 10:07:24.621: gst_mini_object_unref: assertion 'mini_object != NULL' failed

(MATLAB:1378684): GStreamer-CRITICAL **: 10:07:25.639: gst_mini_object_unref: assertion 'mini_object != NULL' failed

(MATLAB:1378684): GStreamer-CRITICAL **: 10:07:26.589: gst_mini_object_unref: assertion 'mini_object != NULL' failed

(MATLAB:1378684): GStreamer-CRITICAL **: 10:07:27.544: gst_mini_object_unref: assertion 'mini_object != NULL' failed

(MATLAB:1378684): GStreamer-CRITICAL **: 10:07:28.496: gst_mini_object_unref: assertion 'mini_object != NULL' failed

(MATLAB:1378684): GStreamer-CRITICAL **: 10:07:29.453: gst_mini_object_unref: assertion 'mini_object != NULL' failed

(MATLAB:1378684): GStreamer-CRITICAL **: 10:07:30.405: gst_mini_object_unref: assertion 'mini_object != NULL' failed
Total loop time: 8.688 sec
data/envCorp/MacaulayLibrary/203696311.mp3

(MATLAB:1378684): GStreamer-CRITICAL **: 10:07:32.347: gst_mini_object_unref: assertion 'mini_object != NULL' failed

(MATLAB:1378684): GStreamer-CRITICAL **: 10:07:33.302: gst_mini_object_unref: assertion 'mini_object != NULL' failed

(MATLAB:1378684): GStreamer-CRITICAL **: 10:07:34.244: gst_mini_object_unref: assertion 'mini_object != NULL' failed

(MATLAB:1378684): GStreamer-CRITICAL **: 10:07:34.396: gst_mini_object_unref: assertion 'mini_object != NULL' failed

(MATLAB:1378684): GStreamer-CRITICAL **: 10:07:34.544: gst_mini_object_unref: assertion 'mini_object != NULL' failed

(MATLAB:1378684): GStreamer-CRITICAL **: 10:07:35.507: gst_mini_object_unref: assertion 'mini_object != NULL' failed

(MATLAB:1378684): GStreamer-CRITICAL **: 10:07:36.439: gst_mini_object_unref: assertion 'mini_object != NULL' failed

(MATLAB:1378684): GStreamer-CRITICAL **: 10:07:37.362: gst_mini_object_unref: assertion 'mini_object != NULL' failed

(MATLAB:1378684): GStreamer-CRITICAL **: 10:07:38.294: gst_mini_object_unref: assertion 'mini_object != NULL' failed
Total loop time: 6.148 sec
data/envCorp/MacaulayLibrary/203696341.mp3

(MATLAB:1378684): GStreamer-CRITICAL **: 10:07:38.596: gst_mini_object_unref: assertion 'mini_object != NULL' failed

(MATLAB:1378684): GStreamer-CRITICAL **: 10:07:39.643: gst_mini_object_unref: assertion 'mini_object != NULL' failed

(MATLAB:1378684): GStreamer-CRITICAL **: 10:07:40.696: gst_mini_object_unref: assertion 'mini_object != NULL' failed

(MATLAB:1378684): GStreamer-CRITICAL **: 10:07:41.750: gst_mini_object_unref: assertion 'mini_object != NULL' failed

(MATLAB:1378684): GStreamer-CRITICAL **: 10:07:42.790: gst_mini_object_unref: assertion 'mini_object != NULL' failed

(MATLAB:1378684): GStreamer-CRITICAL **: 10:07:43.829: gst_mini_object_unref: assertion 'mini_object != NULL' failed

(MATLAB:1378684): GStreamer-CRITICAL **: 10:07:44.872: gst_mini_object_unref: assertion 'mini_object != NULL' failed

(MATLAB:1378684): GStreamer-CRITICAL **: 10:07:45.900: gst_mini_object_unref: assertion 'mini_object != NULL' failed

(MATLAB:1378684): GStreamer-CRITICAL **: 10:07:46.924: gst_mini_object_unref: assertion 'mini_object != NULL' failed

(MATLAB:1378684): GStreamer-CRITICAL **: 10:07:47.943: gst_mini_object_unref: assertion 'mini_object != NULL' failed

(MATLAB:1378684): GStreamer-CRITICAL **: 10:07:48.952: gst_mini_object_unref: assertion 'mini_object != NULL' failed

(MATLAB:1378684): GStreamer-CRITICAL **: 10:07:49.956: gst_mini_object_unref: assertion 'mini_object != NULL' failed

(MATLAB:1378684): GStreamer-CRITICAL **: 10:07:50.950: gst_mini_object_unref: assertion 'mini_object != NULL' failed

(MATLAB:1378684): GStreamer-CRITICAL **: 10:07:51.934: gst_mini_object_unref: assertion 'mini_object != NULL' failed

(MATLAB:1378684): GStreamer-CRITICAL **: 10:07:52.931: gst_mini_object_unref: assertion 'mini_object != NULL' failed

(MATLAB:1378684): GStreamer-CRITICAL **: 10:07:53.910: gst_mini_object_unref: assertion 'mini_object != NULL' failed

(MATLAB:1378684): GStreamer-CRITICAL **: 10:07:54.895: gst_mini_object_unref: assertion 'mini_object != NULL' failed

(MATLAB:1378684): GStreamer-CRITICAL **: 10:07:55.883: gst_mini_object_unref: assertion 'mini_object != NULL' failed

(MATLAB:1378684): GStreamer-CRITICAL **: 10:07:56.884: gst_mini_object_unref: assertion 'mini_object != NULL' failed

(MATLAB:1378684): GStreamer-CRITICAL **: 10:07:57.867: gst_mini_object_unref: assertion 'mini_object != NULL' failed

(MATLAB:1378684): GStreamer-CRITICAL **: 10:07:58.884: gst_mini_object_unref: assertion 'mini_object != NULL' failed

(MATLAB:1378684): GStreamer-CRITICAL **: 10:07:59.875: gst_mini_object_unref: assertion 'mini_object != NULL' failed

(MATLAB:1378684): GStreamer-CRITICAL **: 10:08:00.864: gst_mini_object_unref: assertion 'mini_object != NULL' failed

(MATLAB:1378684): GStreamer-CRITICAL **: 10:08:01.857: gst_mini_object_unref: assertion 'mini_object != NULL' failed

(MATLAB:1378684): GStreamer-CRITICAL **: 10:08:02.869: gst_mini_object_unref: assertion 'mini_object != NULL' failed

(MATLAB:1378684): GStreamer-CRITICAL **: 10:08:03.852: gst_mini_object_unref: assertion 'mini_object != NULL' failed

(MATLAB:1378684): GStreamer-CRITICAL **: 10:08:04.831: gst_mini_object_unref: assertion 'mini_object != NULL' failed

(MATLAB:1378684): GStreamer-CRITICAL **: 10:08:05.806: gst_mini_object_unref: assertion 'mini_object != NULL' failed

(MATLAB:1378684): GStreamer-CRITICAL **: 10:08:06.784: gst_mini_object_unref: assertion 'mini_object != NULL' failed

(MATLAB:1378684): GStreamer-CRITICAL **: 10:08:07.740: gst_mini_object_unref: assertion 'mini_object != NULL' failed
Total loop time: 30.225 sec
data/envCorp/MacaulayLibrary/203696371.mp3

(MATLAB:1378684): GStreamer-CRITICAL **: 10:08:08.693: gst_mini_object_unref: assertion 'mini_object != NULL' failed
Total loop time: 0.971 sec
data/envCorp/MacaulayLibrary/203696391.mp3

(MATLAB:1378684): GStreamer-CRITICAL **: 10:08:09.701: gst_mini_object_unref: assertion 'mini_object != NULL' failed

(MATLAB:1378684): GStreamer-CRITICAL **: 10:08:10.643: gst_mini_object_unref: assertion 'mini_object != NULL' failed

(MATLAB:1378684): GStreamer-CRITICAL **: 10:08:11.582: gst_mini_object_unref: assertion 'mini_object != NULL' failed

(MATLAB:1378684): GStreamer-CRITICAL **: 10:08:12.526: gst_mini_object_unref: assertion 'mini_object != NULL' failed

(MATLAB:1378684): GStreamer-CRITICAL **: 10:08:13.463: gst_mini_object_unref: assertion 'mini_object != NULL' failed

(MATLAB:1378684): GStreamer-CRITICAL **: 10:08:14.395: gst_mini_object_unref: assertion 'mini_object != NULL' failed

(MATLAB:1378684): GStreamer-CRITICAL **: 10:08:15.304: gst_mini_object_unref: assertion 'mini_object != NULL' failed

(MATLAB:1378684): GStreamer-CRITICAL **: 10:08:16.205: gst_mini_object_unref: assertion 'mini_object != NULL' failed

(MATLAB:1378684): GStreamer-CRITICAL **: 10:08:17.098: gst_mini_object_unref: assertion 'mini_object != NULL' failed

(MATLAB:1378684): GStreamer-CRITICAL **: 10:08:18.000: gst_mini_object_unref: assertion 'mini_object != NULL' failed
Total loop time: 9.261 sec
data/envCorp/MacaulayLibrary/203696401.mp3

(MATLAB:1378684): GStreamer-CRITICAL **: 10:08:18.943: gst_mini_object_unref: assertion 'mini_object != NULL' failed

(MATLAB:1378684): GStreamer-CRITICAL **: 10:08:19.879: gst_mini_object_unref: assertion 'mini_object != NULL' failed

(MATLAB:1378684): GStreamer-CRITICAL **: 10:08:20.805: gst_mini_object_unref: assertion 'mini_object != NULL' failed
Total loop time: 2.831 sec
data/envCorp/MacaulayLibrary/203696441.mp3

(MATLAB:1378684): GStreamer-CRITICAL **: 10:08:21.804: gst_mini_object_unref: assertion 'mini_object != NULL' failed

(MATLAB:1378684): GStreamer-CRITICAL **: 10:08:22.754: gst_mini_object_unref: assertion 'mini_object != NULL' failed

(MATLAB:1378684): GStreamer-CRITICAL **: 10:08:23.715: gst_mini_object_unref: assertion 'mini_object != NULL' failed

(MATLAB:1378684): GStreamer-CRITICAL **: 10:08:24.659: gst_mini_object_unref: assertion 'mini_object != NULL' failed

(MATLAB:1378684): GStreamer-CRITICAL **: 10:08:25.585: gst_mini_object_unref: assertion 'mini_object != NULL' failed

(MATLAB:1378684): GStreamer-CRITICAL **: 10:08:26.488: gst_mini_object_unref: assertion 'mini_object != NULL' failed

(MATLAB:1378684): GStreamer-CRITICAL **: 10:08:27.400: gst_mini_object_unref: assertion 'mini_object != NULL' failed

(MATLAB:1378684): GStreamer-CRITICAL **: 10:08:28.324: gst_mini_object_unref: assertion 'mini_object != NULL' failed

(MATLAB:1378684): GStreamer-CRITICAL **: 10:08:29.243: gst_mini_object_unref: assertion 'mini_object != NULL' failed

(MATLAB:1378684): GStreamer-CRITICAL **: 10:08:30.162: gst_mini_object_unref: assertion 'mini_object != NULL' failed

(MATLAB:1378684): GStreamer-CRITICAL **: 10:08:31.092: gst_mini_object_unref: assertion 'mini_object != NULL' failed
Total loop time: 10.286 sec
data/envCorp/MacaulayLibrary/203696471.mp3

(MATLAB:1378684): GStreamer-CRITICAL **: 10:08:32.095: gst_mini_object_unref: assertion 'mini_object != NULL' failed

(MATLAB:1378684): GStreamer-CRITICAL **: 10:08:33.048: gst_mini_object_unref: assertion 'mini_object != NULL' failed

(MATLAB:1378684): GStreamer-CRITICAL **: 10:08:33.989: gst_mini_object_unref: assertion 'mini_object != NULL' failed

(MATLAB:1378684): GStreamer-CRITICAL **: 10:08:34.918: gst_mini_object_unref: assertion 'mini_object != NULL' failed

(MATLAB:1378684): GStreamer-CRITICAL **: 10:08:35.841: gst_mini_object_unref: assertion 'mini_object != NULL' failed

(MATLAB:1378684): GStreamer-CRITICAL **: 10:08:36.760: gst_mini_object_unref: assertion 'mini_object != NULL' failed

(MATLAB:1378684): GStreamer-CRITICAL **: 10:08:37.678: gst_mini_object_unref: assertion 'mini_object != NULL' failed

(MATLAB:1378684): GStreamer-CRITICAL **: 10:08:38.603: gst_mini_object_unref: assertion 'mini_object != NULL' failed

(MATLAB:1378684): GStreamer-CRITICAL **: 10:08:39.512: gst_mini_object_unref: assertion 'mini_object != NULL' failed

(MATLAB:1378684): GStreamer-CRITICAL **: 10:08:40.420: gst_mini_object_unref: assertion 'mini_object != NULL' failed

(MATLAB:1378684): GStreamer-CRITICAL **: 10:08:41.329: gst_mini_object_unref: assertion 'mini_object != NULL' failed
Total loop time: 10.219 sec
data/envCorp/MacaulayLibrary/203696481.mp3

(MATLAB:1378684): GStreamer-CRITICAL **: 10:08:42.287: gst_mini_object_unref: assertion 'mini_object != NULL' failed

(MATLAB:1378684): GStreamer-CRITICAL **: 10:08:43.192: gst_mini_object_unref: assertion 'mini_object != NULL' failed

(MATLAB:1378684): GStreamer-CRITICAL **: 10:08:44.097: gst_mini_object_unref: assertion 'mini_object != NULL' failed
Total loop time: 3.681 sec
data/envCorp/MacaulayLibrary/203696521.mp3

(MATLAB:1378684): GStreamer-CRITICAL **: 10:08:45.963: gst_mini_object_unref: assertion 'mini_object != NULL' failed

(MATLAB:1378684): GStreamer-CRITICAL **: 10:08:46.876: gst_mini_object_unref: assertion 'mini_object != NULL' failed
Total loop time: 1.857 sec
data/envCorp/MacaulayLibrary/203696801.mp3

(MATLAB:1378684): GStreamer-CRITICAL **: 10:08:47.821: gst_mini_object_unref: assertion 'mini_object != NULL' failed

(MATLAB:1378684): GStreamer-CRITICAL **: 10:08:48.730: gst_mini_object_unref: assertion 'mini_object != NULL' failed
Total loop time: 1.859 sec
data/envCorp/MacaulayLibrary/203697041.mp3

(MATLAB:1378684): GStreamer-CRITICAL **: 10:08:49.746: gst_mini_object_unref: assertion 'mini_object != NULL' failed

(MATLAB:1378684): GStreamer-CRITICAL **: 10:08:50.714: gst_mini_object_unref: assertion 'mini_object != NULL' failed

(MATLAB:1378684): GStreamer-CRITICAL **: 10:08:51.686: gst_mini_object_unref: assertion 'mini_object != NULL' failed

(MATLAB:1378684): GStreamer-CRITICAL **: 10:08:52.653: gst_mini_object_unref: assertion 'mini_object != NULL' failed

(MATLAB:1378684): GStreamer-CRITICAL **: 10:08:53.616: gst_mini_object_unref: assertion 'mini_object != NULL' failed

(MATLAB:1378684): GStreamer-CRITICAL **: 10:08:54.572: gst_mini_object_unref: assertion 'mini_object != NULL' failed

(MATLAB:1378684): GStreamer-CRITICAL **: 10:08:55.537: gst_mini_object_unref: assertion 'mini_object != NULL' failed

(MATLAB:1378684): GStreamer-CRITICAL **: 10:08:56.491: gst_mini_object_unref: assertion 'mini_object != NULL' failed

(MATLAB:1378684): GStreamer-CRITICAL **: 10:08:57.439: gst_mini_object_unref: assertion 'mini_object != NULL' failed

(MATLAB:1378684): GStreamer-CRITICAL **: 10:08:58.384: gst_mini_object_unref: assertion 'mini_object != NULL' failed

(MATLAB:1378684): GStreamer-CRITICAL **: 10:08:59.310: gst_mini_object_unref: assertion 'mini_object != NULL' failed

(MATLAB:1378684): GStreamer-CRITICAL **: 10:09:00.278: gst_mini_object_unref: assertion 'mini_object != NULL' failed

(MATLAB:1378684): GStreamer-CRITICAL **: 10:09:01.219: gst_mini_object_unref: assertion 'mini_object != NULL' failed

(MATLAB:1378684): GStreamer-CRITICAL **: 10:09:02.164: gst_mini_object_unref: assertion 'mini_object != NULL' failed

(MATLAB:1378684): GStreamer-CRITICAL **: 10:09:03.118: gst_mini_object_unref: assertion 'mini_object != NULL' failed

(MATLAB:1378684): GStreamer-CRITICAL **: 10:09:04.069: gst_mini_object_unref: assertion 'mini_object != NULL' failed

(MATLAB:1378684): GStreamer-CRITICAL **: 10:09:05.015: gst_mini_object_unref: assertion 'mini_object != NULL' failed

(MATLAB:1378684): GStreamer-CRITICAL **: 10:09:05.948: gst_mini_object_unref: assertion 'mini_object != NULL' failed

(MATLAB:1378684): GStreamer-CRITICAL **: 10:09:06.874: gst_mini_object_unref: assertion 'mini_object != NULL' failed

(MATLAB:1378684): GStreamer-CRITICAL **: 10:09:07.785: gst_mini_object_unref: assertion 'mini_object != NULL' failed
Total loop time: 19.093 sec
data/envCorp/MacaulayLibrary/203697841.mp3

(MATLAB:1378684): GStreamer-CRITICAL **: 10:09:08.781: gst_mini_object_unref: assertion 'mini_object != NULL' failed
Total loop time: 0.948 sec
data/envCorp/MacaulayLibrary/203697921.mp3

(MATLAB:1378684): GStreamer-CRITICAL **: 10:09:09.725: gst_mini_object_unref: assertion 'mini_object != NULL' failed
Total loop time: 1.843 sec
data/envCorp/MacaulayLibrary/203697931.mp3

(MATLAB:1378684): GStreamer-CRITICAL **: 10:09:11.579: gst_mini_object_unref: assertion 'mini_object != NULL' failed

(MATLAB:1378684): GStreamer-CRITICAL **: 10:09:12.484: gst_mini_object_unref: assertion 'mini_object != NULL' failed

(MATLAB:1378684): GStreamer-CRITICAL **: 10:09:13.392: gst_mini_object_unref: assertion 'mini_object != NULL' failed
Total loop time: 3.686 sec
data/envCorp/MacaulayLibrary/203697941.mp3

(MATLAB:1378684): GStreamer-CRITICAL **: 10:09:15.281: gst_mini_object_unref: assertion 'mini_object != NULL' failed

(MATLAB:1378684): GStreamer-CRITICAL **: 10:09:16.216: gst_mini_object_unref: assertion 'mini_object != NULL' failed

(MATLAB:1378684): GStreamer-CRITICAL **: 10:09:17.141: gst_mini_object_unref: assertion 'mini_object != NULL' failed

(MATLAB:1378684): GStreamer-CRITICAL **: 10:09:18.070: gst_mini_object_unref: assertion 'mini_object != NULL' failed

(MATLAB:1378684): GStreamer-CRITICAL **: 10:09:19.003: gst_mini_object_unref: assertion 'mini_object != NULL' failed

(MATLAB:1378684): GStreamer-CRITICAL **: 10:09:19.926: gst_mini_object_unref: assertion 'mini_object != NULL' failed

(MATLAB:1378684): GStreamer-CRITICAL **: 10:09:20.864: gst_mini_object_unref: assertion 'mini_object != NULL' failed

(MATLAB:1378684): GStreamer-CRITICAL **: 10:09:21.784: gst_mini_object_unref: assertion 'mini_object != NULL' failed

(MATLAB:1378684): GStreamer-CRITICAL **: 10:09:22.694: gst_mini_object_unref: assertion 'mini_object != NULL' failed

(MATLAB:1378684): GStreamer-CRITICAL **: 10:09:23.594: gst_mini_object_unref: assertion 'mini_object != NULL' failed
Total loop time: 9.273 sec
data/envCorp/MacaulayLibrary/203698101.mp3

(MATLAB:1378684): GStreamer-CRITICAL **: 10:09:24.539: gst_mini_object_unref: assertion 'mini_object != NULL' failed

(MATLAB:1378684): GStreamer-CRITICAL **: 10:09:25.455: gst_mini_object_unref: assertion 'mini_object != NULL' failed

(MATLAB:1378684): GStreamer-CRITICAL **: 10:09:26.369: gst_mini_object_unref: assertion 'mini_object != NULL' failed

(MATLAB:1378684): GStreamer-CRITICAL **: 10:09:27.277: gst_mini_object_unref: assertion 'mini_object != NULL' failed
Total loop time: 3.698 sec
data/envCorp/MacaulayLibrary/203698121.mp3

(MATLAB:1378684): GStreamer-CRITICAL **: 10:09:28.240: gst_mini_object_unref: assertion 'mini_object != NULL' failed

(MATLAB:1378684): GStreamer-CRITICAL **: 10:09:29.160: gst_mini_object_unref: assertion 'mini_object != NULL' failed

(MATLAB:1378684): GStreamer-CRITICAL **: 10:09:30.080: gst_mini_object_unref: assertion 'mini_object != NULL' failed
Total loop time: 2.935 sec
data/envCorp/MacaulayLibrary/203698241.mp3

(MATLAB:1378684): GStreamer-CRITICAL **: 10:09:31.172: gst_mini_object_unref: assertion 'mini_object != NULL' failed

(MATLAB:1378684): GStreamer-CRITICAL **: 10:09:32.078: gst_mini_object_unref: assertion 'mini_object != NULL' failed

(MATLAB:1378684): GStreamer-CRITICAL **: 10:09:32.984: gst_mini_object_unref: assertion 'mini_object != NULL' failed
Total loop time: 2.802 sec
data/envCorp/MacaulayLibrary/203698251.mp3

(MATLAB:1378684): GStreamer-CRITICAL **: 10:09:33.968: gst_mini_object_unref: assertion 'mini_object != NULL' failed
Total loop time: 0.955 sec
data/envCorp/MacaulayLibrary/203698271.mp3

(MATLAB:1378684): GStreamer-CRITICAL **: 10:09:34.934: gst_mini_object_unref: assertion 'mini_object != NULL' failed

(MATLAB:1378684): GStreamer-CRITICAL **: 10:09:35.873: gst_mini_object_unref: assertion 'mini_object != NULL' failed

(MATLAB:1378684): GStreamer-CRITICAL **: 10:09:36.807: gst_mini_object_unref: assertion 'mini_object != NULL' failed

(MATLAB:1378684): GStreamer-CRITICAL **: 10:09:37.730: gst_mini_object_unref: assertion 'mini_object != NULL' failed
Total loop time: 3.772 sec
data/envCorp/MacaulayLibrary/203698321.mp3

(MATLAB:1378684): GStreamer-CRITICAL **: 10:09:38.723: gst_mini_object_unref: assertion 'mini_object != NULL' failed

(MATLAB:1378684): GStreamer-CRITICAL **: 10:09:39.668: gst_mini_object_unref: assertion 'mini_object != NULL' failed

(MATLAB:1378684): GStreamer-CRITICAL **: 10:09:40.597: gst_mini_object_unref: assertion 'mini_object != NULL' failed

(MATLAB:1378684): GStreamer-CRITICAL **: 10:09:41.518: gst_mini_object_unref: assertion 'mini_object != NULL' failed

(MATLAB:1378684): GStreamer-CRITICAL **: 10:09:42.455: gst_mini_object_unref: assertion 'mini_object != NULL' failed
Total loop time: 5.624 sec
data/envCorp/MacaulayLibrary/203698371.mp3

(MATLAB:1378684): GStreamer-CRITICAL **: 10:09:44.330: gst_mini_object_unref: assertion 'mini_object != NULL' failed

(MATLAB:1378684): GStreamer-CRITICAL **: 10:09:45.241: gst_mini_object_unref: assertion 'mini_object != NULL' failed
Total loop time: 1.859 sec
data/envCorp/MacaulayLibrary/203698471.mp3

(MATLAB:1378684): GStreamer-CRITICAL **: 10:09:46.205: gst_mini_object_unref: assertion 'mini_object != NULL' failed

(MATLAB:1378684): GStreamer-CRITICAL **: 10:09:47.160: gst_mini_object_unref: assertion 'mini_object != NULL' failed

(MATLAB:1378684): GStreamer-CRITICAL **: 10:09:48.084: gst_mini_object_unref: assertion 'mini_object != NULL' failed

(MATLAB:1378684): GStreamer-CRITICAL **: 10:09:49.001: gst_mini_object_unref: assertion 'mini_object != NULL' failed

(MATLAB:1378684): GStreamer-CRITICAL **: 10:09:49.933: gst_mini_object_unref: assertion 'mini_object != NULL' failed

(MATLAB:1378684): GStreamer-CRITICAL **: 10:09:50.844: gst_mini_object_unref: assertion 'mini_object != NULL' failed

(MATLAB:1378684): GStreamer-CRITICAL **: 10:09:51.762: gst_mini_object_unref: assertion 'mini_object != NULL' failed
Total loop time: 6.532 sec
data/envCorp/MacaulayLibrary/203698651.mp3

(MATLAB:1378684): GStreamer-CRITICAL **: 10:09:52.739: gst_mini_object_unref: assertion 'mini_object != NULL' failed

(MATLAB:1378684): GStreamer-CRITICAL **: 10:09:53.680: gst_mini_object_unref: assertion 'mini_object != NULL' failed

(MATLAB:1378684): GStreamer-CRITICAL **: 10:09:54.611: gst_mini_object_unref: assertion 'mini_object != NULL' failed

(MATLAB:1378684): GStreamer-CRITICAL **: 10:09:55.529: gst_mini_object_unref: assertion 'mini_object != NULL' failed

(MATLAB:1378684): GStreamer-CRITICAL **: 10:09:56.445: gst_mini_object_unref: assertion 'mini_object != NULL' failed

(MATLAB:1378684): GStreamer-CRITICAL **: 10:09:57.352: gst_mini_object_unref: assertion 'mini_object != NULL' failed

(MATLAB:1378684): GStreamer-CRITICAL **: 10:09:58.240: gst_mini_object_unref: assertion 'mini_object != NULL' failed
Total loop time: 6.454 sec
data/envCorp/MacaulayLibrary/203698851.mp3

(MATLAB:1378684): GStreamer-CRITICAL **: 10:09:59.242: gst_mini_object_unref: assertion 'mini_object != NULL' failed

(MATLAB:1378684): GStreamer-CRITICAL **: 10:10:00.181: gst_mini_object_unref: assertion 'mini_object != NULL' failed

(MATLAB:1378684): GStreamer-CRITICAL **: 10:10:01.131: gst_mini_object_unref: assertion 'mini_object != NULL' failed

(MATLAB:1378684): GStreamer-CRITICAL **: 10:10:02.078: gst_mini_object_unref: assertion 'mini_object != NULL' failed

(MATLAB:1378684): GStreamer-CRITICAL **: 10:10:03.035: gst_mini_object_unref: assertion 'mini_object != NULL' failed

(MATLAB:1378684): GStreamer-CRITICAL **: 10:10:04.016: gst_mini_object_unref: assertion 'mini_object != NULL' failed

(MATLAB:1378684): GStreamer-CRITICAL **: 10:10:04.958: gst_mini_object_unref: assertion 'mini_object != NULL' failed

(MATLAB:1378684): GStreamer-CRITICAL **: 10:10:05.897: gst_mini_object_unref: assertion 'mini_object != NULL' failed

(MATLAB:1378684): GStreamer-CRITICAL **: 10:10:06.850: gst_mini_object_unref: assertion 'mini_object != NULL' failed

(MATLAB:1378684): GStreamer-CRITICAL **: 10:10:07.796: gst_mini_object_unref: assertion 'mini_object != NULL' failed

(MATLAB:1378684): GStreamer-CRITICAL **: 10:10:08.740: gst_mini_object_unref: assertion 'mini_object != NULL' failed

(MATLAB:1378684): GStreamer-CRITICAL **: 10:10:09.671: gst_mini_object_unref: assertion 'mini_object != NULL' failed

(MATLAB:1378684): GStreamer-CRITICAL **: 10:10:10.593: gst_mini_object_unref: assertion 'mini_object != NULL' failed

(MATLAB:1378684): GStreamer-CRITICAL **: 10:10:11.508: gst_mini_object_unref: assertion 'mini_object != NULL' failed

(MATLAB:1378684): GStreamer-CRITICAL **: 10:10:12.448: gst_mini_object_unref: assertion 'mini_object != NULL' failed

(MATLAB:1378684): GStreamer-CRITICAL **: 10:10:13.363: gst_mini_object_unref: assertion 'mini_object != NULL' failed

(MATLAB:1378684): GStreamer-CRITICAL **: 10:10:14.271: gst_mini_object_unref: assertion 'mini_object != NULL' failed
Total loop time: 16.036 sec
data/envCorp/MacaulayLibrary/203698941.mp3

(MATLAB:1378684): GStreamer-CRITICAL **: 10:10:15.234: gst_mini_object_unref: assertion 'mini_object != NULL' failed

(MATLAB:1378684): GStreamer-CRITICAL **: 10:10:16.144: gst_mini_object_unref: assertion 'mini_object != NULL' failed

(MATLAB:1378684): GStreamer-CRITICAL **: 10:10:17.067: gst_mini_object_unref: assertion 'mini_object != NULL' failed

(MATLAB:1378684): GStreamer-CRITICAL **: 10:10:17.985: gst_mini_object_unref: assertion 'mini_object != NULL' failed

(MATLAB:1378684): GStreamer-CRITICAL **: 10:10:18.911: gst_mini_object_unref: assertion 'mini_object != NULL' failed

(MATLAB:1378684): GStreamer-CRITICAL **: 10:10:19.841: gst_mini_object_unref: assertion 'mini_object != NULL' failed
Total loop time: 5.583 sec
data/envCorp/MacaulayLibrary/203699091.mp3

(MATLAB:1378684): GStreamer-CRITICAL **: 10:10:20.795: gst_mini_object_unref: assertion 'mini_object != NULL' failed
Total loop time: 0.953 sec
data/envCorp/MacaulayLibrary/203699331.mp3

(MATLAB:1378684): GStreamer-CRITICAL **: 10:10:21.752: gst_mini_object_unref: assertion 'mini_object != NULL' failed

(MATLAB:1378684): GStreamer-CRITICAL **: 10:10:22.676: gst_mini_object_unref: assertion 'mini_object != NULL' failed
Total loop time: 1.915 sec
data/envCorp/MacaulayLibrary/203699401.mp3

(MATLAB:1378684): GStreamer-CRITICAL **: 10:10:23.746: gst_mini_object_unref: assertion 'mini_object != NULL' failed

(MATLAB:1378684): GStreamer-CRITICAL **: 10:10:24.751: gst_mini_object_unref: assertion 'mini_object != NULL' failed

(MATLAB:1378684): GStreamer-CRITICAL **: 10:10:25.743: gst_mini_object_unref: assertion 'mini_object != NULL' failed

(MATLAB:1378684): GStreamer-CRITICAL **: 10:10:26.733: gst_mini_object_unref: assertion 'mini_object != NULL' failed

(MATLAB:1378684): GStreamer-CRITICAL **: 10:10:27.725: gst_mini_object_unref: assertion 'mini_object != NULL' failed

(MATLAB:1378684): GStreamer-CRITICAL **: 10:10:28.713: gst_mini_object_unref: assertion 'mini_object != NULL' failed

(MATLAB:1378684): GStreamer-CRITICAL **: 10:10:29.693: gst_mini_object_unref: assertion 'mini_object != NULL' failed

(MATLAB:1378684): GStreamer-CRITICAL **: 10:10:30.669: gst_mini_object_unref: assertion 'mini_object != NULL' failed

(MATLAB:1378684): GStreamer-CRITICAL **: 10:10:31.640: gst_mini_object_unref: assertion 'mini_object != NULL' failed

(MATLAB:1378684): GStreamer-CRITICAL **: 10:10:32.612: gst_mini_object_unref: assertion 'mini_object != NULL' failed

(MATLAB:1378684): GStreamer-CRITICAL **: 10:10:33.576: gst_mini_object_unref: assertion 'mini_object != NULL' failed

(MATLAB:1378684): GStreamer-CRITICAL **: 10:10:34.534: gst_mini_object_unref: assertion 'mini_object != NULL' failed

(MATLAB:1378684): GStreamer-CRITICAL **: 10:10:35.482: gst_mini_object_unref: assertion 'mini_object != NULL' failed

(MATLAB:1378684): GStreamer-CRITICAL **: 10:10:36.434: gst_mini_object_unref: assertion 'mini_object != NULL' failed

(MATLAB:1378684): GStreamer-CRITICAL **: 10:10:37.388: gst_mini_object_unref: assertion 'mini_object != NULL' failed

(MATLAB:1378684): GStreamer-CRITICAL **: 10:10:38.334: gst_mini_object_unref: assertion 'mini_object != NULL' failed

(MATLAB:1378684): GStreamer-CRITICAL **: 10:10:39.282: gst_mini_object_unref: assertion 'mini_object != NULL' failed

(MATLAB:1378684): GStreamer-CRITICAL **: 10:10:40.230: gst_mini_object_unref: assertion 'mini_object != NULL' failed

(MATLAB:1378684): GStreamer-CRITICAL **: 10:10:41.177: gst_mini_object_unref: assertion 'mini_object != NULL' failed

(MATLAB:1378684): GStreamer-CRITICAL **: 10:10:42.124: gst_mini_object_unref: assertion 'mini_object != NULL' failed

(MATLAB:1378684): GStreamer-CRITICAL **: 10:10:43.065: gst_mini_object_unref: assertion 'mini_object != NULL' failed

(MATLAB:1378684): GStreamer-CRITICAL **: 10:10:43.983: gst_mini_object_unref: assertion 'mini_object != NULL' failed

(MATLAB:1378684): GStreamer-CRITICAL **: 10:10:44.899: gst_mini_object_unref: assertion 'mini_object != NULL' failed
Total loop time: 22.187 sec
data/envCorp/MacaulayLibrary/203699661.mp3

(MATLAB:1378684): GStreamer-CRITICAL **: 10:10:45.884: gst_mini_object_unref: assertion 'mini_object != NULL' failed

(MATLAB:1378684): GStreamer-CRITICAL **: 10:10:46.841: gst_mini_object_unref: assertion 'mini_object != NULL' failed

(MATLAB:1378684): GStreamer-CRITICAL **: 10:10:47.769: gst_mini_object_unref: assertion 'mini_object != NULL' failed

(MATLAB:1378684): GStreamer-CRITICAL **: 10:10:48.697: gst_mini_object_unref: assertion 'mini_object != NULL' failed

(MATLAB:1378684): GStreamer-CRITICAL **: 10:10:49.621: gst_mini_object_unref: assertion 'mini_object != NULL' failed

(MATLAB:1378684): GStreamer-CRITICAL **: 10:10:50.534: gst_mini_object_unref: assertion 'mini_object != NULL' failed

(MATLAB:1378684): GStreamer-CRITICAL **: 10:10:51.451: gst_mini_object_unref: assertion 'mini_object != NULL' failed

(MATLAB:1378684): GStreamer-CRITICAL **: 10:10:52.363: gst_mini_object_unref: assertion 'mini_object != NULL' failed
Total loop time: 7.463 sec
data/envCorp/MacaulayLibrary/203699691.mp3

(MATLAB:1378684): GStreamer-CRITICAL **: 10:10:53.397: gst_mini_object_unref: assertion 'mini_object != NULL' failed

(MATLAB:1378684): GStreamer-CRITICAL **: 10:10:54.380: gst_mini_object_unref: assertion 'mini_object != NULL' failed

(MATLAB:1378684): GStreamer-CRITICAL **: 10:10:55.359: gst_mini_object_unref: assertion 'mini_object != NULL' failed

(MATLAB:1378684): GStreamer-CRITICAL **: 10:10:56.357: gst_mini_object_unref: assertion 'mini_object != NULL' failed

(MATLAB:1378684): GStreamer-CRITICAL **: 10:10:57.359: gst_mini_object_unref: assertion 'mini_object != NULL' failed

(MATLAB:1378684): GStreamer-CRITICAL **: 10:10:58.332: gst_mini_object_unref: assertion 'mini_object != NULL' failed

(MATLAB:1378684): GStreamer-CRITICAL **: 10:10:59.295: gst_mini_object_unref: assertion 'mini_object != NULL' failed

(MATLAB:1378684): GStreamer-CRITICAL **: 10:11:00.261: gst_mini_object_unref: assertion 'mini_object != NULL' failed

(MATLAB:1378684): GStreamer-CRITICAL **: 10:11:01.220: gst_mini_object_unref: assertion 'mini_object != NULL' failed

(MATLAB:1378684): GStreamer-CRITICAL **: 10:11:02.186: gst_mini_object_unref: assertion 'mini_object != NULL' failed

(MATLAB:1378684): GStreamer-CRITICAL **: 10:11:03.161: gst_mini_object_unref: assertion 'mini_object != NULL' failed

(MATLAB:1378684): GStreamer-CRITICAL **: 10:11:04.117: gst_mini_object_unref: assertion 'mini_object != NULL' failed

(MATLAB:1378684): GStreamer-CRITICAL **: 10:11:05.055: gst_mini_object_unref: assertion 'mini_object != NULL' failed

(MATLAB:1378684): GStreamer-CRITICAL **: 10:11:05.987: gst_mini_object_unref: assertion 'mini_object != NULL' failed

(MATLAB:1378684): GStreamer-CRITICAL **: 10:11:06.922: gst_mini_object_unref: assertion 'mini_object != NULL' failed

(MATLAB:1378684): GStreamer-CRITICAL **: 10:11:07.857: gst_mini_object_unref: assertion 'mini_object != NULL' failed

(MATLAB:1378684): GStreamer-CRITICAL **: 10:11:08.797: gst_mini_object_unref: assertion 'mini_object != NULL' failed

(MATLAB:1378684): GStreamer-CRITICAL **: 10:11:09.722: gst_mini_object_unref: assertion 'mini_object != NULL' failed

(MATLAB:1378684): GStreamer-CRITICAL **: 10:11:10.630: gst_mini_object_unref: assertion 'mini_object != NULL' failed
Total loop time: 18.241 sec
data/envCorp/MacaulayLibrary/203699811.mp3

(MATLAB:1378684): GStreamer-CRITICAL **: 10:11:11.589: gst_mini_object_unref: assertion 'mini_object != NULL' failed

(MATLAB:1378684): GStreamer-CRITICAL **: 10:11:12.519: gst_mini_object_unref: assertion 'mini_object != NULL' failed

(MATLAB:1378684): GStreamer-CRITICAL **: 10:11:13.459: gst_mini_object_unref: assertion 'mini_object != NULL' failed

(MATLAB:1378684): GStreamer-CRITICAL **: 10:11:14.403: gst_mini_object_unref: assertion 'mini_object != NULL' failed

(MATLAB:1378684): GStreamer-CRITICAL **: 10:11:15.339: gst_mini_object_unref: assertion 'mini_object != NULL' failed

(MATLAB:1378684): GStreamer-CRITICAL **: 10:11:16.263: gst_mini_object_unref: assertion 'mini_object != NULL' failed

(MATLAB:1378684): GStreamer-CRITICAL **: 10:11:17.173: gst_mini_object_unref: assertion 'mini_object != NULL' failed

(MATLAB:1378684): GStreamer-CRITICAL **: 10:11:18.086: gst_mini_object_unref: assertion 'mini_object != NULL' failed
Total loop time: 7.467 sec
data/envCorp/MacaulayLibrary/203699861.mp3

(MATLAB:1378684): GStreamer-CRITICAL **: 10:11:19.055: gst_mini_object_unref: assertion 'mini_object != NULL' failed

(MATLAB:1378684): GStreamer-CRITICAL **: 10:11:19.993: gst_mini_object_unref: assertion 'mini_object != NULL' failed

(MATLAB:1378684): GStreamer-CRITICAL **: 10:11:20.929: gst_mini_object_unref: assertion 'mini_object != NULL' failed

(MATLAB:1378684): GStreamer-CRITICAL **: 10:11:21.868: gst_mini_object_unref: assertion 'mini_object != NULL' failed

(MATLAB:1378684): GStreamer-CRITICAL **: 10:11:22.795: gst_mini_object_unref: assertion 'mini_object != NULL' failed

(MATLAB:1378684): GStreamer-CRITICAL **: 10:11:23.702: gst_mini_object_unref: assertion 'mini_object != NULL' failed

(MATLAB:1378684): GStreamer-CRITICAL **: 10:11:24.593: gst_mini_object_unref: assertion 'mini_object != NULL' failed

(MATLAB:1378684): GStreamer-CRITICAL **: 10:11:25.479: gst_mini_object_unref: assertion 'mini_object != NULL' failed
Total loop time: 7.363 sec
data/envCorp/MacaulayLibrary/203699871.mp3

(MATLAB:1378684): GStreamer-CRITICAL **: 10:11:26.402: gst_mini_object_unref: assertion 'mini_object != NULL' failed

(MATLAB:1378684): GStreamer-CRITICAL **: 10:11:27.307: gst_mini_object_unref: assertion 'mini_object != NULL' failed
Total loop time: 1.863 sec
data/envCorp/MacaulayLibrary/203699971.mp3

(MATLAB:1378684): GStreamer-CRITICAL **: 10:11:28.285: gst_mini_object_unref: assertion 'mini_object != NULL' failed

(MATLAB:1378684): GStreamer-CRITICAL **: 10:11:29.229: gst_mini_object_unref: assertion 'mini_object != NULL' failed

(MATLAB:1378684): GStreamer-CRITICAL **: 10:11:30.175: gst_mini_object_unref: assertion 'mini_object != NULL' failed

(MATLAB:1378684): GStreamer-CRITICAL **: 10:11:31.130: gst_mini_object_unref: assertion 'mini_object != NULL' failed

(MATLAB:1378684): GStreamer-CRITICAL **: 10:11:32.074: gst_mini_object_unref: assertion 'mini_object != NULL' failed

(MATLAB:1378684): GStreamer-CRITICAL **: 10:11:33.013: gst_mini_object_unref: assertion 'mini_object != NULL' failed

(MATLAB:1378684): GStreamer-CRITICAL **: 10:11:33.932: gst_mini_object_unref: assertion 'mini_object != NULL' failed
Total loop time: 6.650 sec
data/envCorp/MacaulayLibrary/203700031.mp3

(MATLAB:1378684): GStreamer-CRITICAL **: 10:11:34.955: gst_mini_object_unref: assertion 'mini_object != NULL' failed

(MATLAB:1378684): GStreamer-CRITICAL **: 10:11:35.903: gst_mini_object_unref: assertion 'mini_object != NULL' failed

(MATLAB:1378684): GStreamer-CRITICAL **: 10:11:36.845: gst_mini_object_unref: assertion 'mini_object != NULL' failed

(MATLAB:1378684): GStreamer-CRITICAL **: 10:11:37.790: gst_mini_object_unref: assertion 'mini_object != NULL' failed

(MATLAB:1378684): GStreamer-CRITICAL **: 10:11:38.739: gst_mini_object_unref: assertion 'mini_object != NULL' failed

(MATLAB:1378684): GStreamer-CRITICAL **: 10:11:39.672: gst_mini_object_unref: assertion 'mini_object != NULL' failed

(MATLAB:1378684): GStreamer-CRITICAL **: 10:11:40.608: gst_mini_object_unref: assertion 'mini_object != NULL' failed

(MATLAB:1378684): GStreamer-CRITICAL **: 10:11:41.530: gst_mini_object_unref: assertion 'mini_object != NULL' failed

(MATLAB:1378684): GStreamer-CRITICAL **: 10:11:42.454: gst_mini_object_unref: assertion 'mini_object != NULL' failed

(MATLAB:1378684): GStreamer-CRITICAL **: 10:11:43.382: gst_mini_object_unref: assertion 'mini_object != NULL' failed

(MATLAB:1378684): GStreamer-CRITICAL **: 10:11:44.301: gst_mini_object_unref: assertion 'mini_object != NULL' failed

(MATLAB:1378684): GStreamer-CRITICAL **: 10:11:45.212: gst_mini_object_unref: assertion 'mini_object != NULL' failed
Total loop time: 12.150 sec
data/envCorp/MacaulayLibrary/203700351.mp3

(MATLAB:1378684): GStreamer-CRITICAL **: 10:11:47.069: gst_mini_object_unref: assertion 'mini_object != NULL' failed

(MATLAB:1378684): GStreamer-CRITICAL **: 10:11:47.977: gst_mini_object_unref: assertion 'mini_object != NULL' failed
Total loop time: 1.851 sec
data/envCorp/MacaulayLibrary/203700371.mp3

(MATLAB:1378684): GStreamer-CRITICAL **: 10:11:48.922: gst_mini_object_unref: assertion 'mini_object != NULL' failed

(MATLAB:1378684): GStreamer-CRITICAL **: 10:11:49.830: gst_mini_object_unref: assertion 'mini_object != NULL' failed
Total loop time: 1.851 sec
data/envCorp/MacaulayLibrary/203700671.mp3

(MATLAB:1378684): GStreamer-CRITICAL **: 10:11:50.776: gst_mini_object_unref: assertion 'mini_object != NULL' failed

(MATLAB:1378684): GStreamer-CRITICAL **: 10:11:51.678: gst_mini_object_unref: assertion 'mini_object != NULL' failed
Total loop time: 2.758 sec
data/envCorp/MacaulayLibrary/203700921.mp3
Total loop time: 0.921 sec
data/envCorp/MacaulayLibrary/203700981.mp3

(MATLAB:1378684): GStreamer-CRITICAL **: 10:11:54.461: gst_mini_object_unref: assertion 'mini_object != NULL' failed
Total loop time: 0.954 sec
data/envCorp/MacaulayLibrary/203701001.mp3

(MATLAB:1378684): GStreamer-CRITICAL **: 10:11:55.405: gst_mini_object_unref: assertion 'mini_object != NULL' failed
Total loop time: 0.947 sec
data/envCorp/MacaulayLibrary/203701101.mp3
Total loop time: 0.956 sec
data/envCorp/MacaulayLibrary/203701291.mp3

(MATLAB:1378684): GStreamer-CRITICAL **: 10:11:57.346: gst_mini_object_unref: assertion 'mini_object != NULL' failed

(MATLAB:1378684): GStreamer-CRITICAL **: 10:11:58.265: gst_mini_object_unref: assertion 'mini_object != NULL' failed
Total loop time: 2.856 sec
data/envCorp/MacaulayLibrary/203701391.mp3

(MATLAB:1378684): GStreamer-CRITICAL **: 10:12:00.205: gst_mini_object_unref: assertion 'mini_object != NULL' failed

(MATLAB:1378684): GStreamer-CRITICAL **: 10:12:01.101: gst_mini_object_unref: assertion 'mini_object != NULL' failed

(MATLAB:1378684): GStreamer-CRITICAL **: 10:12:02.007: gst_mini_object_unref: assertion 'mini_object != NULL' failed

(MATLAB:1378684): GStreamer-CRITICAL **: 10:12:02.932: gst_mini_object_unref: assertion 'mini_object != NULL' failed

(MATLAB:1378684): GStreamer-CRITICAL **: 10:12:03.866: gst_mini_object_unref: assertion 'mini_object != NULL' failed

(MATLAB:1378684): GStreamer-CRITICAL **: 10:12:04.804: gst_mini_object_unref: assertion 'mini_object != NULL' failed

(MATLAB:1378684): GStreamer-CRITICAL **: 10:12:05.731: gst_mini_object_unref: assertion 'mini_object != NULL' failed
Total loop time: 6.515 sec
data/envCorp/MacaulayLibrary/203701471.mp3

(MATLAB:1378684): GStreamer-CRITICAL **: 10:12:06.774: gst_mini_object_unref: assertion 'mini_object != NULL' failed

(MATLAB:1378684): GStreamer-CRITICAL **: 10:12:07.766: gst_mini_object_unref: assertion 'mini_object != NULL' failed

(MATLAB:1378684): GStreamer-CRITICAL **: 10:12:08.745: gst_mini_object_unref: assertion 'mini_object != NULL' failed

(MATLAB:1378684): GStreamer-CRITICAL **: 10:12:09.716: gst_mini_object_unref: assertion 'mini_object != NULL' failed

(MATLAB:1378684): GStreamer-CRITICAL **: 10:12:10.688: gst_mini_object_unref: assertion 'mini_object != NULL' failed

(MATLAB:1378684): GStreamer-CRITICAL **: 10:12:11.641: gst_mini_object_unref: assertion 'mini_object != NULL' failed

(MATLAB:1378684): GStreamer-CRITICAL **: 10:12:12.596: gst_mini_object_unref: assertion 'mini_object != NULL' failed

(MATLAB:1378684): GStreamer-CRITICAL **: 10:12:13.550: gst_mini_object_unref: assertion 'mini_object != NULL' failed

(MATLAB:1378684): GStreamer-CRITICAL **: 10:12:14.504: gst_mini_object_unref: assertion 'mini_object != NULL' failed

(MATLAB:1378684): GStreamer-CRITICAL **: 10:12:15.468: gst_mini_object_unref: assertion 'mini_object != NULL' failed

(MATLAB:1378684): GStreamer-CRITICAL **: 10:12:16.417: gst_mini_object_unref: assertion 'mini_object != NULL' failed

(MATLAB:1378684): GStreamer-CRITICAL **: 10:12:17.365: gst_mini_object_unref: assertion 'mini_object != NULL' failed

(MATLAB:1378684): GStreamer-CRITICAL **: 10:12:18.294: gst_mini_object_unref: assertion 'mini_object != NULL' failed

(MATLAB:1378684): GStreamer-CRITICAL **: 10:12:19.248: gst_mini_object_unref: assertion 'mini_object != NULL' failed

(MATLAB:1378684): GStreamer-CRITICAL **: 10:12:20.209: gst_mini_object_unref: assertion 'mini_object != NULL' failed

(MATLAB:1378684): GStreamer-CRITICAL **: 10:12:21.163: gst_mini_object_unref: assertion 'mini_object != NULL' failed

(MATLAB:1378684): GStreamer-CRITICAL **: 10:12:22.112: gst_mini_object_unref: assertion 'mini_object != NULL' failed

(MATLAB:1378684): GStreamer-CRITICAL **: 10:12:23.060: gst_mini_object_unref: assertion 'mini_object != NULL' failed

(MATLAB:1378684): GStreamer-CRITICAL **: 10:12:24.001: gst_mini_object_unref: assertion 'mini_object != NULL' failed

(MATLAB:1378684): GStreamer-CRITICAL **: 10:12:24.942: gst_mini_object_unref: assertion 'mini_object != NULL' failed

(MATLAB:1378684): GStreamer-CRITICAL **: 10:12:25.873: gst_mini_object_unref: assertion 'mini_object != NULL' failed

(MATLAB:1378684): GStreamer-CRITICAL **: 10:12:26.789: gst_mini_object_unref: assertion 'mini_object != NULL' failed

(MATLAB:1378684): GStreamer-CRITICAL **: 10:12:27.678: gst_mini_object_unref: assertion 'mini_object != NULL' failed
Total loop time: 21.930 sec
data/envCorp/MacaulayLibrary/203701501.mp3

(MATLAB:1378684): GStreamer-CRITICAL **: 10:12:28.636: gst_mini_object_unref: assertion 'mini_object != NULL' failed

(MATLAB:1378684): GStreamer-CRITICAL **: 10:12:29.558: gst_mini_object_unref: assertion 'mini_object != NULL' failed

(MATLAB:1378684): GStreamer-CRITICAL **: 10:12:30.441: gst_mini_object_unref: assertion 'mini_object != NULL' failed

(MATLAB:1378684): GStreamer-CRITICAL **: 10:12:31.352: gst_mini_object_unref: assertion 'mini_object != NULL' failed

(MATLAB:1378684): GStreamer-CRITICAL **: 10:12:32.269: gst_mini_object_unref: assertion 'mini_object != NULL' failed
Total loop time: 4.606 sec
data/envCorp/MacaulayLibrary/203748141.wav
Total loop time: 9.699 sec
data/envCorp/MacaulayLibrary/203748161.wav
Total loop time: 11.286 sec
data/envCorp/MacaulayLibrary/203748231.wav
Total loop time: 22.583 sec
data/envCorp/MacaulayLibrary/20375.wav
Total loop time: 23.873 sec
data/envCorp/MacaulayLibrary/203750431.wav
Total loop time: 1.718 sec
data/envCorp/MacaulayLibrary/203758701.wav
Total loop time: 13.603 sec
data/envCorp/MacaulayLibrary/203773271.wav
Total loop time: 23.463 sec
data/envCorp/MacaulayLibrary/203782841.wav
Total loop time: 0.852 sec
data/envCorp/MacaulayLibrary/20380691.wav
Total loop time: 0.850 sec
data/envCorp/MacaulayLibrary/20380981.wav
Total loop time: 5.526 sec
data/envCorp/MacaulayLibrary/203862711.mp3

(MATLAB:1378684): GStreamer-CRITICAL **: 10:14:26.756: gst_mini_object_unref: assertion 'mini_object != NULL' failed
Total loop time: 1.004 sec
data/envCorp/MacaulayLibrary/203867601.wav
Total loop time: 14.706 sec
data/envCorp/MacaulayLibrary/203868911.wav
Total loop time: 10.101 sec
data/envCorp/MacaulayLibrary/203868951.wav
Total loop time: 3.927 sec
data/envCorp/MacaulayLibrary/203883151.mp3

(MATLAB:1378684): GStreamer-CRITICAL **: 10:14:56.518: gst_mini_object_unref: assertion 'mini_object != NULL' failed

(MATLAB:1378684): GStreamer-CRITICAL **: 10:14:57.473: gst_mini_object_unref: assertion 'mini_object != NULL' failed

(MATLAB:1378684): GStreamer-CRITICAL **: 10:14:58.424: gst_mini_object_unref: assertion 'mini_object != NULL' failed

(MATLAB:1378684): GStreamer-CRITICAL **: 10:14:59.404: gst_mini_object_unref: assertion 'mini_object != NULL' failed

(MATLAB:1378684): GStreamer-CRITICAL **: 10:15:00.355: gst_mini_object_unref: assertion 'mini_object != NULL' failed

(MATLAB:1378684): GStreamer-CRITICAL **: 10:15:01.307: gst_mini_object_unref: assertion 'mini_object != NULL' failed

(MATLAB:1378684): GStreamer-CRITICAL **: 10:15:02.264: gst_mini_object_unref: assertion 'mini_object != NULL' failed
Total loop time: 6.773 sec
data/envCorp/MacaulayLibrary/203883161.mp3

(MATLAB:1378684): GStreamer-CRITICAL **: 10:15:03.285: gst_mini_object_unref: assertion 'mini_object != NULL' failed

(MATLAB:1378684): GStreamer-CRITICAL **: 10:15:04.259: gst_mini_object_unref: assertion 'mini_object != NULL' failed

(MATLAB:1378684): GStreamer-CRITICAL **: 10:15:05.234: gst_mini_object_unref: assertion 'mini_object != NULL' failed

(MATLAB:1378684): GStreamer-CRITICAL **: 10:15:06.196: gst_mini_object_unref: assertion 'mini_object != NULL' failed

(MATLAB:1378684): GStreamer-CRITICAL **: 10:15:07.161: gst_mini_object_unref: assertion 'mini_object != NULL' failed
Total loop time: 4.895 sec
data/envCorp/MacaulayLibrary/203883171.mp3

(MATLAB:1378684): GStreamer-CRITICAL **: 10:15:08.208: gst_mini_object_unref: assertion 'mini_object != NULL' failed

(MATLAB:1378684): GStreamer-CRITICAL **: 10:15:09.208: gst_mini_object_unref: assertion 'mini_object != NULL' failed

(MATLAB:1378684): GStreamer-CRITICAL **: 10:15:10.207: gst_mini_object_unref: assertion 'mini_object != NULL' failed

(MATLAB:1378684): GStreamer-CRITICAL **: 10:15:11.195: gst_mini_object_unref: assertion 'mini_object != NULL' failed

(MATLAB:1378684): GStreamer-CRITICAL **: 10:15:12.181: gst_mini_object_unref: assertion 'mini_object != NULL' failed

(MATLAB:1378684): GStreamer-CRITICAL **: 10:15:13.181: gst_mini_object_unref: assertion 'mini_object != NULL' failed

(MATLAB:1378684): GStreamer-CRITICAL **: 10:15:14.172: gst_mini_object_unref: assertion 'mini_object != NULL' failed

(MATLAB:1378684): GStreamer-CRITICAL **: 10:15:15.149: gst_mini_object_unref: assertion 'mini_object != NULL' failed

(MATLAB:1378684): GStreamer-CRITICAL **: 10:15:16.113: gst_mini_object_unref: assertion 'mini_object != NULL' failed

(MATLAB:1378684): GStreamer-CRITICAL **: 10:15:17.071: gst_mini_object_unref: assertion 'mini_object != NULL' failed

(MATLAB:1378684): GStreamer-CRITICAL **: 10:15:18.037: gst_mini_object_unref: assertion 'mini_object != NULL' failed

(MATLAB:1378684): GStreamer-CRITICAL **: 10:15:18.983: gst_mini_object_unref: assertion 'mini_object != NULL' failed
Total loop time: 11.805 sec
data/envCorp/MacaulayLibrary/203883181.mp3

(MATLAB:1378684): GStreamer-CRITICAL **: 10:15:20.010: gst_mini_object_unref: assertion 'mini_object != NULL' failed

(MATLAB:1378684): GStreamer-CRITICAL **: 10:15:20.998: gst_mini_object_unref: assertion 'mini_object != NULL' failed

(MATLAB:1378684): GStreamer-CRITICAL **: 10:15:21.993: gst_mini_object_unref: assertion 'mini_object != NULL' failed

(MATLAB:1378684): GStreamer-CRITICAL **: 10:15:22.992: gst_mini_object_unref: assertion 'mini_object != NULL' failed

(MATLAB:1378684): GStreamer-CRITICAL **: 10:15:23.981: gst_mini_object_unref: assertion 'mini_object != NULL' failed

(MATLAB:1378684): GStreamer-CRITICAL **: 10:15:24.959: gst_mini_object_unref: assertion 'mini_object != NULL' failed

(MATLAB:1378684): GStreamer-CRITICAL **: 10:15:25.933: gst_mini_object_unref: assertion 'mini_object != NULL' failed

(MATLAB:1378684): GStreamer-CRITICAL **: 10:15:26.898: gst_mini_object_unref: assertion 'mini_object != NULL' failed

(MATLAB:1378684): GStreamer-CRITICAL **: 10:15:27.857: gst_mini_object_unref: assertion 'mini_object != NULL' failed

(MATLAB:1378684): GStreamer-CRITICAL **: 10:15:28.798: gst_mini_object_unref: assertion 'mini_object != NULL' failed
Total loop time: 10.734 sec
data/envCorp/MacaulayLibrary/203883231.mp3

(MATLAB:1378684): GStreamer-CRITICAL **: 10:15:30.728: gst_mini_object_unref: assertion 'mini_object != NULL' failed
Total loop time: 1.917 sec
data/envCorp/MacaulayLibrary/203883241.mp3

(MATLAB:1378684): GStreamer-CRITICAL **: 10:15:32.665: gst_mini_object_unref: assertion 'mini_object != NULL' failed

(MATLAB:1378684): GStreamer-CRITICAL **: 10:15:33.625: gst_mini_object_unref: assertion 'mini_object != NULL' failed

(MATLAB:1378684): GStreamer-CRITICAL **: 10:15:34.580: gst_mini_object_unref: assertion 'mini_object != NULL' failed

(MATLAB:1378684): GStreamer-CRITICAL **: 10:15:35.534: gst_mini_object_unref: assertion 'mini_object != NULL' failed

(MATLAB:1378684): GStreamer-CRITICAL **: 10:15:36.475: gst_mini_object_unref: assertion 'mini_object != NULL' failed

(MATLAB:1378684): GStreamer-CRITICAL **: 10:15:37.416: gst_mini_object_unref: assertion 'mini_object != NULL' failed

(MATLAB:1378684): GStreamer-CRITICAL **: 10:15:38.360: gst_mini_object_unref: assertion 'mini_object != NULL' failed

(MATLAB:1378684): GStreamer-CRITICAL **: 10:15:39.299: gst_mini_object_unref: assertion 'mini_object != NULL' failed
Total loop time: 7.637 sec
data/envCorp/MacaulayLibrary/203883271.mp3

(MATLAB:1378684): GStreamer-CRITICAL **: 10:15:40.304: gst_mini_object_unref: assertion 'mini_object != NULL' failed

(MATLAB:1378684): GStreamer-CRITICAL **: 10:15:41.275: gst_mini_object_unref: assertion 'mini_object != NULL' failed

(MATLAB:1378684): GStreamer-CRITICAL **: 10:15:42.254: gst_mini_object_unref: assertion 'mini_object != NULL' failed

(MATLAB:1378684): GStreamer-CRITICAL **: 10:15:43.213: gst_mini_object_unref: assertion 'mini_object != NULL' failed

(MATLAB:1378684): GStreamer-CRITICAL **: 10:15:44.160: gst_mini_object_unref: assertion 'mini_object != NULL' failed

(MATLAB:1378684): GStreamer-CRITICAL **: 10:15:45.102: gst_mini_object_unref: assertion 'mini_object != NULL' failed

(MATLAB:1378684): GStreamer-CRITICAL **: 10:15:46.059: gst_mini_object_unref: assertion 'mini_object != NULL' failed

(MATLAB:1378684): GStreamer-CRITICAL **: 10:15:47.006: gst_mini_object_unref: assertion 'mini_object != NULL' failed

(MATLAB:1378684): GStreamer-CRITICAL **: 10:15:47.927: gst_mini_object_unref: assertion 'mini_object != NULL' failed

(MATLAB:1378684): GStreamer-CRITICAL **: 10:15:48.851: gst_mini_object_unref: assertion 'mini_object != NULL' failed

(MATLAB:1378684): GStreamer-CRITICAL **: 10:15:49.764: gst_mini_object_unref: assertion 'mini_object != NULL' failed
Total loop time: 10.470 sec
data/envCorp/MacaulayLibrary/203883281.mp3

(MATLAB:1378684): GStreamer-CRITICAL **: 10:15:50.756: gst_mini_object_unref: assertion 'mini_object != NULL' failed

(MATLAB:1378684): GStreamer-CRITICAL **: 10:15:51.677: gst_mini_object_unref: assertion 'mini_object != NULL' failed

(MATLAB:1378684): GStreamer-CRITICAL **: 10:15:52.589: gst_mini_object_unref: assertion 'mini_object != NULL' failed
Total loop time: 2.800 sec
data/envCorp/MacaulayLibrary/203883291.mp3

(MATLAB:1378684): GStreamer-CRITICAL **: 10:15:53.556: gst_mini_object_unref: assertion 'mini_object != NULL' failed

(MATLAB:1378684): GStreamer-CRITICAL **: 10:15:54.474: gst_mini_object_unref: assertion 'mini_object != NULL' failed

(MATLAB:1378684): GStreamer-CRITICAL **: 10:15:55.394: gst_mini_object_unref: assertion 'mini_object != NULL' failed

(MATLAB:1378684): GStreamer-CRITICAL **: 10:15:56.303: gst_mini_object_unref: assertion 'mini_object != NULL' failed
Total loop time: 3.705 sec
data/envCorp/MacaulayLibrary/203883301.mp3

(MATLAB:1378684): GStreamer-CRITICAL **: 10:15:57.274: gst_mini_object_unref: assertion 'mini_object != NULL' failed

(MATLAB:1378684): GStreamer-CRITICAL **: 10:15:58.202: gst_mini_object_unref: assertion 'mini_object != NULL' failed

(MATLAB:1378684): GStreamer-CRITICAL **: 10:15:59.137: gst_mini_object_unref: assertion 'mini_object != NULL' failed

(MATLAB:1378684): GStreamer-CRITICAL **: 10:16:00.063: gst_mini_object_unref: assertion 'mini_object != NULL' failed

(MATLAB:1378684): GStreamer-CRITICAL **: 10:16:00.985: gst_mini_object_unref: assertion 'mini_object != NULL' failed

(MATLAB:1378684): GStreamer-CRITICAL **: 10:16:01.908: gst_mini_object_unref: assertion 'mini_object != NULL' failed

(MATLAB:1378684): GStreamer-CRITICAL **: 10:16:02.833: gst_mini_object_unref: assertion 'mini_object != NULL' failed
Total loop time: 6.539 sec
data/envCorp/MacaulayLibrary/203883311.mp3

(MATLAB:1378684): GStreamer-CRITICAL **: 10:16:03.827: gst_mini_object_unref: assertion 'mini_object != NULL' failed

(MATLAB:1378684): GStreamer-CRITICAL **: 10:16:04.751: gst_mini_object_unref: assertion 'mini_object != NULL' failed

(MATLAB:1378684): GStreamer-CRITICAL **: 10:16:05.671: gst_mini_object_unref: assertion 'mini_object != NULL' failed

(MATLAB:1378684): GStreamer-CRITICAL **: 10:16:06.587: gst_mini_object_unref: assertion 'mini_object != NULL' failed

(MATLAB:1378684): GStreamer-CRITICAL **: 10:16:07.503: gst_mini_object_unref: assertion 'mini_object != NULL' failed
Total loop time: 4.659 sec
data/envCorp/MacaulayLibrary/203883321.mp3

(MATLAB:1378684): GStreamer-CRITICAL **: 10:16:08.462: gst_mini_object_unref: assertion 'mini_object != NULL' failed

(MATLAB:1378684): GStreamer-CRITICAL **: 10:16:09.386: gst_mini_object_unref: assertion 'mini_object != NULL' failed

(MATLAB:1378684): GStreamer-CRITICAL **: 10:16:10.315: gst_mini_object_unref: assertion 'mini_object != NULL' failed

(MATLAB:1378684): GStreamer-CRITICAL **: 10:16:11.227: gst_mini_object_unref: assertion 'mini_object != NULL' failed
Total loop time: 3.720 sec
data/envCorp/MacaulayLibrary/203883341.mp3

(MATLAB:1378684): GStreamer-CRITICAL **: 10:16:12.135: gst_mini_object_unref: assertion 'mini_object != NULL' failed

(MATLAB:1378684): GStreamer-CRITICAL **: 10:16:13.015: gst_mini_object_unref: assertion 'mini_object != NULL' failed
Total loop time: 2.670 sec
data/envCorp/MacaulayLibrary/203883371.mp3

(MATLAB:1378684): GStreamer-CRITICAL **: 10:16:14.817: gst_mini_object_unref: assertion 'mini_object != NULL' failed

(MATLAB:1378684): GStreamer-CRITICAL **: 10:16:15.692: gst_mini_object_unref: assertion 'mini_object != NULL' failed

(MATLAB:1378684): GStreamer-CRITICAL **: 10:16:16.557: gst_mini_object_unref: assertion 'mini_object != NULL' failed

(MATLAB:1378684): GStreamer-CRITICAL **: 10:16:17.415: gst_mini_object_unref: assertion 'mini_object != NULL' failed
Total loop time: 3.511 sec
data/envCorp/MacaulayLibrary/203883381.mp3

(MATLAB:1378684): GStreamer-CRITICAL **: 10:16:18.433: gst_mini_object_unref: assertion 'mini_object != NULL' failed

(MATLAB:1378684): GStreamer-CRITICAL **: 10:16:19.410: gst_mini_object_unref: assertion 'mini_object != NULL' failed

(MATLAB:1378684): GStreamer-CRITICAL **: 10:16:20.393: gst_mini_object_unref: assertion 'mini_object != NULL' failed

(MATLAB:1378684): GStreamer-CRITICAL **: 10:16:21.364: gst_mini_object_unref: assertion 'mini_object != NULL' failed

(MATLAB:1378684): GStreamer-CRITICAL **: 10:16:22.328: gst_mini_object_unref: assertion 'mini_object != NULL' failed

(MATLAB:1378684): GStreamer-CRITICAL **: 10:16:23.287: gst_mini_object_unref: assertion 'mini_object != NULL' failed

(MATLAB:1378684): GStreamer-CRITICAL **: 10:16:24.258: gst_mini_object_unref: assertion 'mini_object != NULL' failed

(MATLAB:1378684): GStreamer-CRITICAL **: 10:16:25.215: gst_mini_object_unref: assertion 'mini_object != NULL' failed

(MATLAB:1378684): GStreamer-CRITICAL **: 10:16:26.171: gst_mini_object_unref: assertion 'mini_object != NULL' failed

(MATLAB:1378684): GStreamer-CRITICAL **: 10:16:27.118: gst_mini_object_unref: assertion 'mini_object != NULL' failed

(MATLAB:1378684): GStreamer-CRITICAL **: 10:16:27.314: gst_mini_object_unref: assertion 'mini_object != NULL' failed

(MATLAB:1378684): GStreamer-CRITICAL **: 10:16:27.503: gst_mini_object_unref: assertion 'mini_object != NULL' failed

(MATLAB:1378684): GStreamer-CRITICAL **: 10:16:28.437: gst_mini_object_unref: assertion 'mini_object != NULL' failed

(MATLAB:1378684): GStreamer-CRITICAL **: 10:16:29.364: gst_mini_object_unref: assertion 'mini_object != NULL' failed

(MATLAB:1378684): GStreamer-CRITICAL **: 10:16:29.536: gst_mini_object_unref: assertion 'mini_object != NULL' failed

(MATLAB:1378684): GStreamer-CRITICAL **: 10:16:30.438: gst_mini_object_unref: assertion 'mini_object != NULL' failed

(MATLAB:1378684): GStreamer-CRITICAL **: 10:16:31.343: gst_mini_object_unref: assertion 'mini_object != NULL' failed

(MATLAB:1378684): GStreamer-CRITICAL **: 10:16:32.244: gst_mini_object_unref: assertion 'mini_object != NULL' failed

(MATLAB:1378684): GStreamer-CRITICAL **: 10:16:33.133: gst_mini_object_unref: assertion 'mini_object != NULL' failed

(MATLAB:1378684): GStreamer-CRITICAL **: 10:16:34.009: gst_mini_object_unref: assertion 'mini_object != NULL' failed
Total loop time: 16.612 sec
data/envCorp/MacaulayLibrary/203883401.mp3

(MATLAB:1378684): GStreamer-CRITICAL **: 10:16:35.014: gst_mini_object_unref: assertion 'mini_object != NULL' failed

(MATLAB:1378684): GStreamer-CRITICAL **: 10:16:35.974: gst_mini_object_unref: assertion 'mini_object != NULL' failed

(MATLAB:1378684): GStreamer-CRITICAL **: 10:16:36.923: gst_mini_object_unref: assertion 'mini_object != NULL' failed

(MATLAB:1378684): GStreamer-CRITICAL **: 10:16:37.864: gst_mini_object_unref: assertion 'mini_object != NULL' failed

(MATLAB:1378684): GStreamer-CRITICAL **: 10:16:38.803: gst_mini_object_unref: assertion 'mini_object != NULL' failed

(MATLAB:1378684): GStreamer-CRITICAL **: 10:16:39.735: gst_mini_object_unref: assertion 'mini_object != NULL' failed

(MATLAB:1378684): GStreamer-CRITICAL **: 10:16:40.659: gst_mini_object_unref: assertion 'mini_object != NULL' failed

(MATLAB:1378684): GStreamer-CRITICAL **: 10:16:41.585: gst_mini_object_unref: assertion 'mini_object != NULL' failed

(MATLAB:1378684): GStreamer-CRITICAL **: 10:16:42.495: gst_mini_object_unref: assertion 'mini_object != NULL' failed

(MATLAB:1378684): GStreamer-CRITICAL **: 10:16:43.406: gst_mini_object_unref: assertion 'mini_object != NULL' failed

(MATLAB:1378684): GStreamer-CRITICAL **: 10:16:44.310: gst_mini_object_unref: assertion 'mini_object != NULL' failed

(MATLAB:1378684): GStreamer-CRITICAL **: 10:16:45.220: gst_mini_object_unref: assertion 'mini_object != NULL' failed

(MATLAB:1378684): GStreamer-CRITICAL **: 10:16:46.113: gst_mini_object_unref: assertion 'mini_object != NULL' failed

(MATLAB:1378684): GStreamer-CRITICAL **: 10:16:46.992: gst_mini_object_unref: assertion 'mini_object != NULL' failed

(MATLAB:1378684): GStreamer-CRITICAL **: 10:16:47.865: gst_mini_object_unref: assertion 'mini_object != NULL' failed
Total loop time: 13.833 sec
data/envCorp/MacaulayLibrary/203883421.mp3

(MATLAB:1378684): GStreamer-CRITICAL **: 10:16:48.850: gst_mini_object_unref: assertion 'mini_object != NULL' failed

(MATLAB:1378684): GStreamer-CRITICAL **: 10:16:49.800: gst_mini_object_unref: assertion 'mini_object != NULL' failed

(MATLAB:1378684): GStreamer-CRITICAL **: 10:16:50.747: gst_mini_object_unref: assertion 'mini_object != NULL' failed

(MATLAB:1378684): GStreamer-CRITICAL **: 10:16:51.684: gst_mini_object_unref: assertion 'mini_object != NULL' failed

(MATLAB:1378684): GStreamer-CRITICAL **: 10:16:52.619: gst_mini_object_unref: assertion 'mini_object != NULL' failed

(MATLAB:1378684): GStreamer-CRITICAL **: 10:16:53.542: gst_mini_object_unref: assertion 'mini_object != NULL' failed

(MATLAB:1378684): GStreamer-CRITICAL **: 10:16:54.460: gst_mini_object_unref: assertion 'mini_object != NULL' failed

(MATLAB:1378684): GStreamer-CRITICAL **: 10:16:55.376: gst_mini_object_unref: assertion 'mini_object != NULL' failed

(MATLAB:1378684): GStreamer-CRITICAL **: 10:16:56.280: gst_mini_object_unref: assertion 'mini_object != NULL' failed

(MATLAB:1378684): GStreamer-CRITICAL **: 10:16:57.175: gst_mini_object_unref: assertion 'mini_object != NULL' failed

(MATLAB:1378684): GStreamer-CRITICAL **: 10:16:58.058: gst_mini_object_unref: assertion 'mini_object != NULL' failed

(MATLAB:1378684): GStreamer-CRITICAL **: 10:16:58.934: gst_mini_object_unref: assertion 'mini_object != NULL' failed

(MATLAB:1378684): GStreamer-CRITICAL **: 10:16:59.809: gst_mini_object_unref: assertion 'mini_object != NULL' failed

(MATLAB:1378684): GStreamer-CRITICAL **: 10:17:00.683: gst_mini_object_unref: assertion 'mini_object != NULL' failed

(MATLAB:1378684): GStreamer-CRITICAL **: 10:17:01.554: gst_mini_object_unref: assertion 'mini_object != NULL' failed
Total loop time: 13.705 sec
data/envCorp/MacaulayLibrary/203883471.mp3

(MATLAB:1378684): GStreamer-CRITICAL **: 10:17:02.566: gst_mini_object_unref: assertion 'mini_object != NULL' failed

(MATLAB:1378684): GStreamer-CRITICAL **: 10:17:03.532: gst_mini_object_unref: assertion 'mini_object != NULL' failed

(MATLAB:1378684): GStreamer-CRITICAL **: 10:17:04.495: gst_mini_object_unref: assertion 'mini_object != NULL' failed

(MATLAB:1378684): GStreamer-CRITICAL **: 10:17:05.451: gst_mini_object_unref: assertion 'mini_object != NULL' failed

(MATLAB:1378684): GStreamer-CRITICAL **: 10:17:06.403: gst_mini_object_unref: assertion 'mini_object != NULL' failed

(MATLAB:1378684): GStreamer-CRITICAL **: 10:17:07.345: gst_mini_object_unref: assertion 'mini_object != NULL' failed

(MATLAB:1378684): GStreamer-CRITICAL **: 10:17:08.279: gst_mini_object_unref: assertion 'mini_object != NULL' failed

(MATLAB:1378684): GStreamer-CRITICAL **: 10:17:09.217: gst_mini_object_unref: assertion 'mini_object != NULL' failed

(MATLAB:1378684): GStreamer-CRITICAL **: 10:17:10.146: gst_mini_object_unref: assertion 'mini_object != NULL' failed

(MATLAB:1378684): GStreamer-CRITICAL **: 10:17:11.070: gst_mini_object_unref: assertion 'mini_object != NULL' failed

(MATLAB:1378684): GStreamer-CRITICAL **: 10:17:11.993: gst_mini_object_unref: assertion 'mini_object != NULL' failed

(MATLAB:1378684): GStreamer-CRITICAL **: 10:17:12.916: gst_mini_object_unref: assertion 'mini_object != NULL' failed

(MATLAB:1378684): GStreamer-CRITICAL **: 10:17:13.839: gst_mini_object_unref: assertion 'mini_object != NULL' failed

(MATLAB:1378684): GStreamer-CRITICAL **: 10:17:14.759: gst_mini_object_unref: assertion 'mini_object != NULL' failed

(MATLAB:1378684): GStreamer-CRITICAL **: 10:17:15.671: gst_mini_object_unref: assertion 'mini_object != NULL' failed
Total loop time: 14.112 sec
data/envCorp/MacaulayLibrary/203883541.mp3

(MATLAB:1378684): GStreamer-CRITICAL **: 10:17:16.583: gst_mini_object_unref: assertion 'mini_object != NULL' failed

(MATLAB:1378684): GStreamer-CRITICAL **: 10:17:17.439: gst_mini_object_unref: assertion 'mini_object != NULL' failed
Total loop time: 2.627 sec
data/envCorp/MacaulayLibrary/203883551.mp3

(MATLAB:1378684): GStreamer-CRITICAL **: 10:17:19.204: gst_mini_object_unref: assertion 'mini_object != NULL' failed
Total loop time: 0.889 sec
data/envCorp/MacaulayLibrary/203883981.mp3

(MATLAB:1378684): GStreamer-CRITICAL **: 10:17:20.100: gst_mini_object_unref: assertion 'mini_object != NULL' failed
Total loop time: 0.899 sec
data/envCorp/MacaulayLibrary/203884091.mp3

(MATLAB:1378684): GStreamer-CRITICAL **: 10:17:21.001: gst_mini_object_unref: assertion 'mini_object != NULL' failed

(MATLAB:1378684): GStreamer-CRITICAL **: 10:17:21.860: gst_mini_object_unref: assertion 'mini_object != NULL' failed
Total loop time: 1.810 sec
data/envCorp/MacaulayLibrary/203884111.mp3

(MATLAB:1378684): GStreamer-CRITICAL **: 10:17:22.843: gst_mini_object_unref: assertion 'mini_object != NULL' failed

(MATLAB:1378684): GStreamer-CRITICAL **: 10:17:23.739: gst_mini_object_unref: assertion 'mini_object != NULL' failed

(MATLAB:1378684): GStreamer-CRITICAL **: 10:17:24.661: gst_mini_object_unref: assertion 'mini_object != NULL' failed

(MATLAB:1378684): GStreamer-CRITICAL **: 10:17:25.552: gst_mini_object_unref: assertion 'mini_object != NULL' failed

(MATLAB:1378684): GStreamer-CRITICAL **: 10:17:26.440: gst_mini_object_unref: assertion 'mini_object != NULL' failed

(MATLAB:1378684): GStreamer-CRITICAL **: 10:17:27.326: gst_mini_object_unref: assertion 'mini_object != NULL' failed

(MATLAB:1378684): GStreamer-CRITICAL **: 10:17:28.208: gst_mini_object_unref: assertion 'mini_object != NULL' failed
Total loop time: 6.311 sec
data/envCorp/MacaulayLibrary/203884121.mp3

(MATLAB:1378684): GStreamer-CRITICAL **: 10:17:29.138: gst_mini_object_unref: assertion 'mini_object != NULL' failed

(MATLAB:1378684): GStreamer-CRITICAL **: 10:17:30.021: gst_mini_object_unref: assertion 'mini_object != NULL' failed

(MATLAB:1378684): GStreamer-CRITICAL **: 10:17:30.896: gst_mini_object_unref: assertion 'mini_object != NULL' failed
Total loop time: 2.694 sec
data/envCorp/MacaulayLibrary/203884451.mp3

(MATLAB:1378684): GStreamer-CRITICAL **: 10:17:31.824: gst_mini_object_unref: assertion 'mini_object != NULL' failed

(MATLAB:1378684): GStreamer-CRITICAL **: 10:17:32.698: gst_mini_object_unref: assertion 'mini_object != NULL' failed
Total loop time: 1.771 sec
data/envCorp/MacaulayLibrary/203884761.mp3

(MATLAB:1378684): GStreamer-CRITICAL **: 10:17:33.685: gst_mini_object_unref: assertion 'mini_object != NULL' failed

(MATLAB:1378684): GStreamer-CRITICAL **: 10:17:34.628: gst_mini_object_unref: assertion 'mini_object != NULL' failed

(MATLAB:1378684): GStreamer-CRITICAL **: 10:17:35.564: gst_mini_object_unref: assertion 'mini_object != NULL' failed

(MATLAB:1378684): GStreamer-CRITICAL **: 10:17:36.508: gst_mini_object_unref: assertion 'mini_object != NULL' failed

(MATLAB:1378684): GStreamer-CRITICAL **: 10:17:37.436: gst_mini_object_unref: assertion 'mini_object != NULL' failed

(MATLAB:1378684): GStreamer-CRITICAL **: 10:17:38.339: gst_mini_object_unref: assertion 'mini_object != NULL' failed

(MATLAB:1378684): GStreamer-CRITICAL **: 10:17:39.243: gst_mini_object_unref: assertion 'mini_object != NULL' failed

(MATLAB:1378684): GStreamer-CRITICAL **: 10:17:40.142: gst_mini_object_unref: assertion 'mini_object != NULL' failed

(MATLAB:1378684): GStreamer-CRITICAL **: 10:17:41.030: gst_mini_object_unref: assertion 'mini_object != NULL' failed

(MATLAB:1378684): GStreamer-CRITICAL **: 10:17:41.911: gst_mini_object_unref: assertion 'mini_object != NULL' failed

(MATLAB:1378684): GStreamer-CRITICAL **: 10:17:42.791: gst_mini_object_unref: assertion 'mini_object != NULL' failed

(MATLAB:1378684): GStreamer-CRITICAL **: 10:17:43.658: gst_mini_object_unref: assertion 'mini_object != NULL' failed

(MATLAB:1378684): GStreamer-CRITICAL **: 10:17:44.521: gst_mini_object_unref: assertion 'mini_object != NULL' failed

(MATLAB:1378684): GStreamer-CRITICAL **: 10:17:45.380: gst_mini_object_unref: assertion 'mini_object != NULL' failed
Total loop time: 12.676 sec
data/envCorp/MacaulayLibrary/203884771.mp3

(MATLAB:1378684): GStreamer-CRITICAL **: 10:17:46.290: gst_mini_object_unref: assertion 'mini_object != NULL' failed

(MATLAB:1378684): GStreamer-CRITICAL **: 10:17:47.160: gst_mini_object_unref: assertion 'mini_object != NULL' failed

(MATLAB:1378684): GStreamer-CRITICAL **: 10:17:48.021: gst_mini_object_unref: assertion 'mini_object != NULL' failed

(MATLAB:1378684): GStreamer-CRITICAL **: 10:17:48.875: gst_mini_object_unref: assertion 'mini_object != NULL' failed
Total loop time: 3.489 sec
data/envCorp/MacaulayLibrary/203885091.mp3

(MATLAB:1378684): GStreamer-CRITICAL **: 10:17:49.765: gst_mini_object_unref: assertion 'mini_object != NULL' failed

(MATLAB:1378684): GStreamer-CRITICAL **: 10:17:50.603: gst_mini_object_unref: assertion 'mini_object != NULL' failed
Total loop time: 1.814 sec
data/envCorp/MacaulayLibrary/203885181.mp3

(MATLAB:1378684): GStreamer-CRITICAL **: 10:17:51.593: gst_mini_object_unref: assertion 'mini_object != NULL' failed

(MATLAB:1378684): GStreamer-CRITICAL **: 10:17:52.455: gst_mini_object_unref: assertion 'mini_object != NULL' failed

(MATLAB:1378684): GStreamer-CRITICAL **: 10:17:53.308: gst_mini_object_unref: assertion 'mini_object != NULL' failed
Total loop time: 2.620 sec
data/envCorp/MacaulayLibrary/203885231.mp3

(MATLAB:1378684): GStreamer-CRITICAL **: 10:17:54.203: gst_mini_object_unref: assertion 'mini_object != NULL' failed
Total loop time: 0.892 sec
data/envCorp/MacaulayLibrary/203885271.mp3

(MATLAB:1378684): GStreamer-CRITICAL **: 10:17:55.094: gst_mini_object_unref: assertion 'mini_object != NULL' failed
Total loop time: 1.744 sec
data/envCorp/MacaulayLibrary/203885281.mp3

(MATLAB:1378684): GStreamer-CRITICAL **: 10:17:56.897: gst_mini_object_unref: assertion 'mini_object != NULL' failed

(MATLAB:1378684): GStreamer-CRITICAL **: 10:17:57.802: gst_mini_object_unref: assertion 'mini_object != NULL' failed

(MATLAB:1378684): GStreamer-CRITICAL **: 10:17:58.701: gst_mini_object_unref: assertion 'mini_object != NULL' failed

(MATLAB:1378684): GStreamer-CRITICAL **: 10:17:59.597: gst_mini_object_unref: assertion 'mini_object != NULL' failed

(MATLAB:1378684): GStreamer-CRITICAL **: 10:18:00.491: gst_mini_object_unref: assertion 'mini_object != NULL' failed

(MATLAB:1378684): GStreamer-CRITICAL **: 10:18:01.379: gst_mini_object_unref: assertion 'mini_object != NULL' failed

(MATLAB:1378684): GStreamer-CRITICAL **: 10:18:02.264: gst_mini_object_unref: assertion 'mini_object != NULL' failed

(MATLAB:1378684): GStreamer-CRITICAL **: 10:18:03.137: gst_mini_object_unref: assertion 'mini_object != NULL' failed

(MATLAB:1378684): GStreamer-CRITICAL **: 10:18:04.005: gst_mini_object_unref: assertion 'mini_object != NULL' failed

(MATLAB:1378684): GStreamer-CRITICAL **: 10:18:04.869: gst_mini_object_unref: assertion 'mini_object != NULL' failed

(MATLAB:1378684): GStreamer-CRITICAL **: 10:18:05.723: gst_mini_object_unref: assertion 'mini_object != NULL' failed

(MATLAB:1378684): GStreamer-CRITICAL **: 10:18:06.565: gst_mini_object_unref: assertion 'mini_object != NULL' failed
Total loop time: 11.439 sec
data/envCorp/MacaulayLibrary/203885311.mp3

(MATLAB:1378684): GStreamer-CRITICAL **: 10:18:08.274: gst_mini_object_unref: assertion 'mini_object != NULL' failed
Total loop time: 0.876 sec
data/envCorp/MacaulayLibrary/203885361.mp3

(MATLAB:1378684): GStreamer-CRITICAL **: 10:18:09.162: gst_mini_object_unref: assertion 'mini_object != NULL' failed

(MATLAB:1378684): GStreamer-CRITICAL **: 10:18:10.006: gst_mini_object_unref: assertion 'mini_object != NULL' failed

(MATLAB:1378684): GStreamer-CRITICAL **: 10:18:10.854: gst_mini_object_unref: assertion 'mini_object != NULL' failed
Total loop time: 2.634 sec
Successful STM!
Elapsed time is 673.826519 seconds.
