
                            < M A T L A B (R) >
                  Copyright 1984-2023 The MathWorks, Inc.
                  R2023b (23.2.0.2365128) 64-bit (glnxa64)
                              August 23, 2023

 
To get started, type doc.
For product information, visit www.mathworks.com.
 
**skip** data/envCorp/MacaulayLibrary/15149.wav
**skip** data/envCorp/MacaulayLibrary/151510731.mp3
**skip** data/envCorp/MacaulayLibrary/151512561.wav
**skip** data/envCorp/MacaulayLibrary/151537841.wav
**skip** data/envCorp/MacaulayLibrary/151581861.m4a
**skip** data/envCorp/MacaulayLibrary/1516.wav
**skip** data/envCorp/MacaulayLibrary/151611801.wav
**skip** data/envCorp/MacaulayLibrary/151625201.wav
**skip** data/envCorp/MacaulayLibrary/151625211.wav
**skip** data/envCorp/MacaulayLibrary/151625241.wav
**skip** data/envCorp/MacaulayLibrary/151625301.wav
**skip** data/envCorp/MacaulayLibrary/151626521.wav
**skip** data/envCorp/MacaulayLibrary/151627971.wav
**skip** data/envCorp/MacaulayLibrary/151630521.wav
**skip** data/envCorp/MacaulayLibrary/151631511.wav
**skip** data/envCorp/MacaulayLibrary/151641851.wav
**skip** data/envCorp/MacaulayLibrary/151675031.mp3
**skip** data/envCorp/MacaulayLibrary/15169.wav
**skip** data/envCorp/MacaulayLibrary/1517.wav
**skip** data/envCorp/MacaulayLibrary/15172.wav
**skip** data/envCorp/MacaulayLibrary/151780351.mp3
**skip** data/envCorp/MacaulayLibrary/151836521.m4a
**skip** data/envCorp/MacaulayLibrary/15185.wav
**skip** data/envCorp/MacaulayLibrary/151906341.mp3
**skip** data/envCorp/MacaulayLibrary/151907461.mp3
**skip** data/envCorp/MacaulayLibrary/151907521.mp3
**skip** data/envCorp/MacaulayLibrary/151910301.wav
**skip** data/envCorp/MacaulayLibrary/151922331.wav
**skip** data/envCorp/MacaulayLibrary/151931511.wav
**skip** data/envCorp/MacaulayLibrary/151950791.wav
**skip** data/envCorp/MacaulayLibrary/151956861.mp3
**skip** data/envCorp/MacaulayLibrary/151963701.mp3
**skip** data/envCorp/MacaulayLibrary/152016681.wav
**skip** data/envCorp/MacaulayLibrary/152016741.wav
**skip** data/envCorp/MacaulayLibrary/15203.wav
**skip** data/envCorp/MacaulayLibrary/152077201.wav
**skip** data/envCorp/MacaulayLibrary/15213.wav
**skip** data/envCorp/MacaulayLibrary/15214.wav
**skip** data/envCorp/MacaulayLibrary/152214621.wav
**skip** data/envCorp/MacaulayLibrary/152239781.wav
**skip** data/envCorp/MacaulayLibrary/152253541.wav
**skip** data/envCorp/MacaulayLibrary/152263761.wav
**skip** data/envCorp/MacaulayLibrary/1523.wav
**skip** data/envCorp/MacaulayLibrary/152477631.m4a
**skip** data/envCorp/MacaulayLibrary/152517281.m4a
**skip** data/envCorp/MacaulayLibrary/152538051.wav
**skip** data/envCorp/MacaulayLibrary/15259.wav
**skip** data/envCorp/MacaulayLibrary/15263.wav
**skip** data/envCorp/MacaulayLibrary/152657871.wav
**skip** data/envCorp/MacaulayLibrary/152870751.wav
**skip** data/envCorp/MacaulayLibrary/152957401.wav
**skip** data/envCorp/MacaulayLibrary/152992761.wav
**skip** data/envCorp/MacaulayLibrary/152994411.wav
**skip** data/envCorp/MacaulayLibrary/152994551.wav
**skip** data/envCorp/MacaulayLibrary/1530.wav
**skip** data/envCorp/MacaulayLibrary/153072731.wav
**skip** data/envCorp/MacaulayLibrary/153248251.wav
**skip** data/envCorp/MacaulayLibrary/153248731.wav
**skip** data/envCorp/MacaulayLibrary/153249341.wav
**skip** data/envCorp/MacaulayLibrary/153251351.wav
**skip** data/envCorp/MacaulayLibrary/153252321.wav
**skip** data/envCorp/MacaulayLibrary/153253401.wav
**skip** data/envCorp/MacaulayLibrary/153338371.mp3
**skip** data/envCorp/MacaulayLibrary/153549941.mp3
**skip** data/envCorp/MacaulayLibrary/153683561.wav
**skip** data/envCorp/MacaulayLibrary/153684381.mp3
**skip** data/envCorp/MacaulayLibrary/1537.wav
**skip** data/envCorp/MacaulayLibrary/153841911.m4a
**skip** data/envCorp/MacaulayLibrary/153842451.m4a
**skip** data/envCorp/MacaulayLibrary/153845091.m4a
**skip** data/envCorp/MacaulayLibrary/153845441.wav
**skip** data/envCorp/MacaulayLibrary/153845841.m4a
**skip** data/envCorp/MacaulayLibrary/153846261.wav
**skip** data/envCorp/MacaulayLibrary/153846431.wav
**skip** data/envCorp/MacaulayLibrary/153847771.wav
**skip** data/envCorp/MacaulayLibrary/153848781.wav
**skip** data/envCorp/MacaulayLibrary/154010391.wav
**skip** data/envCorp/MacaulayLibrary/154150311.m4a
**skip** data/envCorp/MacaulayLibrary/154167051.wav
**skip** data/envCorp/MacaulayLibrary/154177861.wav
**skip** data/envCorp/MacaulayLibrary/154254461.m4a
**skip** data/envCorp/MacaulayLibrary/154275511.wav
**skip** data/envCorp/MacaulayLibrary/154341741.wav
data/envCorp/MacaulayLibrary/154398151.wav
Total loop time: 1.487 sec
**skip** data/envCorp/MacaulayLibrary/154398751.wav
**skip** data/envCorp/MacaulayLibrary/154399191.wav
**skip** data/envCorp/MacaulayLibrary/1544.wav
**skip** data/envCorp/MacaulayLibrary/1545.wav
**skip** data/envCorp/MacaulayLibrary/154523181.wav
**skip** data/envCorp/MacaulayLibrary/154523581.wav
**skip** data/envCorp/MacaulayLibrary/154535801.wav
**skip** data/envCorp/MacaulayLibrary/154701961.wav
**skip** data/envCorp/MacaulayLibrary/154740291.wav
**skip** data/envCorp/MacaulayLibrary/154806951.wav
**skip** data/envCorp/MacaulayLibrary/15481.wav
**skip** data/envCorp/MacaulayLibrary/154833621.mp3
**skip** data/envCorp/MacaulayLibrary/15484.wav
**skip** data/envCorp/MacaulayLibrary/154904331.wav
**skip** data/envCorp/MacaulayLibrary/154906061.mp3
**skip** data/envCorp/MacaulayLibrary/154906731.wav
Successful STM!
Elapsed time is 6.380369 seconds.
