
                            < M A T L A B (R) >
                  Copyright 1984-2023 The MathWorks, Inc.
                  R2023b (23.2.0.2365128) 64-bit (glnxa64)
                              August 23, 2023

 
To get started, type doc.
For product information, visit www.mathworks.com.
 
data/envCorp/MacaulayLibrary/94479.wav
Total loop time: 22.594 sec
data/envCorp/MacaulayLibrary/94509901.mp3

(MATLAB:3626650): GStreamer-CRITICAL **: 13:29:56.791: gst_mini_object_unref: assertion 'mini_object != NULL' failed

(MATLAB:3626650): GStreamer-CRITICAL **: 13:29:56.996: gst_mini_object_unref: assertion 'mini_object != NULL' failed
Total loop time: 0.997 sec
data/envCorp/MacaulayLibrary/94535.wav
Total loop time: 15.162 sec
data/envCorp/MacaulayLibrary/94564721.wav
Total loop time: 0.774 sec
data/envCorp/MacaulayLibrary/94606.wav
Total loop time: 22.433 sec
data/envCorp/MacaulayLibrary/94607.wav
Total loop time: 22.925 sec
data/envCorp/MacaulayLibrary/94627.wav
Total loop time: 22.701 sec
data/envCorp/MacaulayLibrary/94631.wav
Total loop time: 22.600 sec
data/envCorp/MacaulayLibrary/94633.wav
Total loop time: 22.809 sec
data/envCorp/MacaulayLibrary/94636.wav
Total loop time: 10.115 sec
data/envCorp/MacaulayLibrary/94640.wav
Total loop time: 17.355 sec
data/envCorp/MacaulayLibrary/94644.wav
Total loop time: 22.638 sec
data/envCorp/MacaulayLibrary/94648.wav
Total loop time: 22.660 sec
data/envCorp/MacaulayLibrary/94650.wav
Total loop time: 22.010 sec
data/envCorp/MacaulayLibrary/94660.wav
Total loop time: 22.741 sec
data/envCorp/MacaulayLibrary/94668.wav
Total loop time: 9.511 sec
data/envCorp/MacaulayLibrary/94684.wav
Total loop time: 22.658 sec
data/envCorp/MacaulayLibrary/94710.wav
Total loop time: 20.173 sec
data/envCorp/MacaulayLibrary/94712.wav
Total loop time: 13.143 sec
data/envCorp/MacaulayLibrary/94713.wav
Total loop time: 22.626 sec
data/envCorp/MacaulayLibrary/94727341.mp3

(MATLAB:3626650): GStreamer-CRITICAL **: 13:35:32.548: gst_mini_object_unref: assertion 'mini_object != NULL' failed

(MATLAB:3626650): GStreamer-CRITICAL **: 13:35:33.512: gst_mini_object_unref: assertion 'mini_object != NULL' failed

(MATLAB:3626650): GStreamer-CRITICAL **: 13:35:34.467: gst_mini_object_unref: assertion 'mini_object != NULL' failed

(MATLAB:3626650): GStreamer-CRITICAL **: 13:35:35.397: gst_mini_object_unref: assertion 'mini_object != NULL' failed

(MATLAB:3626650): GStreamer-CRITICAL **: 13:35:36.321: gst_mini_object_unref: assertion 'mini_object != NULL' failed
Total loop time: 5.741 sec
data/envCorp/MacaulayLibrary/94829.wav
Total loop time: 13.041 sec
data/envCorp/MacaulayLibrary/94834.wav
Total loop time: 23.047 sec
data/envCorp/MacaulayLibrary/94886.wav
Total loop time: 4.666 sec
data/envCorp/MacaulayLibrary/94888.wav
Total loop time: 15.372 sec
data/envCorp/MacaulayLibrary/94980.wav
Total loop time: 22.981 sec
data/envCorp/MacaulayLibrary/94983.wav
Total loop time: 22.966 sec
data/envCorp/MacaulayLibrary/94993.wav
Total loop time: 1.581 sec
data/envCorp/MacaulayLibrary/94994.wav
Total loop time: 22.934 sec
data/envCorp/MacaulayLibrary/95061.wav
Total loop time: 5.328 sec
data/envCorp/MacaulayLibrary/95062.wav
Total loop time: 2.301 sec
data/envCorp/MacaulayLibrary/95107.wav
Total loop time: 22.285 sec
data/envCorp/MacaulayLibrary/95111431.wav
Total loop time: 21.101 sec
data/envCorp/MacaulayLibrary/95116321.mp3

(MATLAB:3626650): GStreamer-CRITICAL **: 13:38:35.959: gst_mini_object_unref: assertion 'mini_object != NULL' failed

(MATLAB:3626650): GStreamer-CRITICAL **: 13:38:36.948: gst_mini_object_unref: assertion 'mini_object != NULL' failed

(MATLAB:3626650): GStreamer-CRITICAL **: 13:38:37.914: gst_mini_object_unref: assertion 'mini_object != NULL' failed

(MATLAB:3626650): GStreamer-CRITICAL **: 13:38:38.889: gst_mini_object_unref: assertion 'mini_object != NULL' failed

(MATLAB:3626650): GStreamer-CRITICAL **: 13:38:39.881: gst_mini_object_unref: assertion 'mini_object != NULL' failed

(MATLAB:3626650): GStreamer-CRITICAL **: 13:38:40.833: gst_mini_object_unref: assertion 'mini_object != NULL' failed

(MATLAB:3626650): GStreamer-CRITICAL **: 13:38:41.783: gst_mini_object_unref: assertion 'mini_object != NULL' failed

(MATLAB:3626650): GStreamer-CRITICAL **: 13:38:42.774: gst_mini_object_unref: assertion 'mini_object != NULL' failed

(MATLAB:3626650): GStreamer-CRITICAL **: 13:38:43.747: gst_mini_object_unref: assertion 'mini_object != NULL' failed

(MATLAB:3626650): GStreamer-CRITICAL **: 13:38:44.713: gst_mini_object_unref: assertion 'mini_object != NULL' failed

(MATLAB:3626650): GStreamer-CRITICAL **: 13:38:45.671: gst_mini_object_unref: assertion 'mini_object != NULL' failed

(MATLAB:3626650): GStreamer-CRITICAL **: 13:38:46.634: gst_mini_object_unref: assertion 'mini_object != NULL' failed

(MATLAB:3626650): GStreamer-CRITICAL **: 13:38:47.573: gst_mini_object_unref: assertion 'mini_object != NULL' failed

(MATLAB:3626650): GStreamer-CRITICAL **: 13:38:48.509: gst_mini_object_unref: assertion 'mini_object != NULL' failed

(MATLAB:3626650): GStreamer-CRITICAL **: 13:38:49.455: gst_mini_object_unref: assertion 'mini_object != NULL' failed

(MATLAB:3626650): GStreamer-CRITICAL **: 13:38:50.417: gst_mini_object_unref: assertion 'mini_object != NULL' failed
Total loop time: 16.424 sec
data/envCorp/MacaulayLibrary/95125.wav
Total loop time: 13.463 sec
data/envCorp/MacaulayLibrary/95130.wav
Total loop time: 3.789 sec
data/envCorp/MacaulayLibrary/95133151.wav
Total loop time: 13.632 sec
data/envCorp/MacaulayLibrary/95141101.wav
Total loop time: 0.783 sec
data/envCorp/MacaulayLibrary/95142351.wav
Total loop time: 18.160 sec
data/envCorp/MacaulayLibrary/95148.wav
Total loop time: 9.942 sec
data/envCorp/MacaulayLibrary/95148061.mp3

(MATLAB:3626650): GStreamer-CRITICAL **: 13:39:52.119: gst_mini_object_unref: assertion 'mini_object != NULL' failed
Total loop time: 0.959 sec
data/envCorp/MacaulayLibrary/95149.wav
Total loop time: 22.380 sec
data/envCorp/MacaulayLibrary/95167.wav
Total loop time: 14.448 sec
data/envCorp/MacaulayLibrary/95180.wav
Total loop time: 9.070 sec
data/envCorp/MacaulayLibrary/95182.wav
Total loop time: 5.312 sec
data/envCorp/MacaulayLibrary/95183.wav
Total loop time: 22.955 sec
data/envCorp/MacaulayLibrary/95200761.wav
Total loop time: 5.322 sec
data/envCorp/MacaulayLibrary/95204.wav
Total loop time: 6.088 sec
data/envCorp/MacaulayLibrary/95205.wav
Total loop time: 13.021 sec
data/envCorp/MacaulayLibrary/95207.wav
Total loop time: 1.547 sec
data/envCorp/MacaulayLibrary/95208.wav
Total loop time: 22.391 sec
data/envCorp/MacaulayLibrary/95209.wav
Total loop time: 17.206 sec
data/envCorp/MacaulayLibrary/95210.wav
Total loop time: 9.105 sec
data/envCorp/MacaulayLibrary/95211.wav
Total loop time: 18.686 sec
data/envCorp/MacaulayLibrary/95212.wav
Total loop time: 6.703 sec
data/envCorp/MacaulayLibrary/95216.wav
Total loop time: 3.763 sec
data/envCorp/MacaulayLibrary/95217.wav
Total loop time: 4.467 sec
data/envCorp/MacaulayLibrary/95219.wav
Total loop time: 8.128 sec
data/envCorp/MacaulayLibrary/95220.wav
Total loop time: 22.416 sec
data/envCorp/MacaulayLibrary/95224.wav
Total loop time: 15.660 sec
data/envCorp/MacaulayLibrary/95232.wav
Total loop time: 22.387 sec
data/envCorp/MacaulayLibrary/95261.wav
Total loop time: 22.433 sec
data/envCorp/MacaulayLibrary/95269.wav
Total loop time: 19.478 sec
data/envCorp/MacaulayLibrary/95283.wav
Total loop time: 11.404 sec
data/envCorp/MacaulayLibrary/95290.wav
Total loop time: 22.893 sec
data/envCorp/MacaulayLibrary/95294.wav
Total loop time: 22.543 sec
data/envCorp/MacaulayLibrary/95295.wav
Total loop time: 9.449 sec
data/envCorp/MacaulayLibrary/95312781.wav
Total loop time: 6.494 sec
data/envCorp/MacaulayLibrary/95314.wav
Total loop time: 21.747 sec
data/envCorp/MacaulayLibrary/95336.wav
Total loop time: 18.914 sec
data/envCorp/MacaulayLibrary/95341501.wav
Total loop time: 21.688 sec
data/envCorp/MacaulayLibrary/95349611.wav
Total loop time: 2.222 sec
data/envCorp/MacaulayLibrary/95355.wav
Total loop time: 21.876 sec
data/envCorp/MacaulayLibrary/95361.wav
Total loop time: 21.953 sec
data/envCorp/MacaulayLibrary/95364.wav
Total loop time: 21.821 sec
data/envCorp/MacaulayLibrary/95388.wav
Total loop time: 10.110 sec
data/envCorp/MacaulayLibrary/95408.wav
Total loop time: 21.733 sec
data/envCorp/MacaulayLibrary/95413.wav
Total loop time: 4.358 sec
data/envCorp/MacaulayLibrary/95415.wav
Total loop time: 15.171 sec
data/envCorp/MacaulayLibrary/95420.wav
Total loop time: 18.596 sec
data/envCorp/MacaulayLibrary/95421.wav
Total loop time: 21.024 sec
data/envCorp/MacaulayLibrary/95423.wav
Total loop time: 6.401 sec
data/envCorp/MacaulayLibrary/95439.wav
Total loop time: 12.024 sec
data/envCorp/MacaulayLibrary/95442021.wav
Total loop time: 7.073 sec
data/envCorp/MacaulayLibrary/95455.wav
Total loop time: 21.215 sec
data/envCorp/MacaulayLibrary/95462181.mp3

(MATLAB:3626650): GStreamer-CRITICAL **: 13:50:26.904: gst_mini_object_unref: assertion 'mini_object != NULL' failed

(MATLAB:3626650): GStreamer-CRITICAL **: 13:50:27.821: gst_mini_object_unref: assertion 'mini_object != NULL' failed

(MATLAB:3626650): GStreamer-CRITICAL **: 13:50:28.728: gst_mini_object_unref: assertion 'mini_object != NULL' failed

(MATLAB:3626650): GStreamer-CRITICAL **: 13:50:29.633: gst_mini_object_unref: assertion 'mini_object != NULL' failed

(MATLAB:3626650): GStreamer-CRITICAL **: 13:50:30.542: gst_mini_object_unref: assertion 'mini_object != NULL' failed

(MATLAB:3626650): GStreamer-CRITICAL **: 13:50:31.448: gst_mini_object_unref: assertion 'mini_object != NULL' failed

(MATLAB:3626650): GStreamer-CRITICAL **: 13:50:32.347: gst_mini_object_unref: assertion 'mini_object != NULL' failed

(MATLAB:3626650): GStreamer-CRITICAL **: 13:50:33.243: gst_mini_object_unref: assertion 'mini_object != NULL' failed

(MATLAB:3626650): GStreamer-CRITICAL **: 13:50:34.131: gst_mini_object_unref: assertion 'mini_object != NULL' failed

(MATLAB:3626650): GStreamer-CRITICAL **: 13:50:35.022: gst_mini_object_unref: assertion 'mini_object != NULL' failed

(MATLAB:3626650): GStreamer-CRITICAL **: 13:50:35.910: gst_mini_object_unref: assertion 'mini_object != NULL' failed

(MATLAB:3626650): GStreamer-CRITICAL **: 13:50:36.808: gst_mini_object_unref: assertion 'mini_object != NULL' failed

(MATLAB:3626650): GStreamer-CRITICAL **: 13:50:37.694: gst_mini_object_unref: assertion 'mini_object != NULL' failed

(MATLAB:3626650): GStreamer-CRITICAL **: 13:50:38.572: gst_mini_object_unref: assertion 'mini_object != NULL' failed
Total loop time: 13.504 sec
data/envCorp/MacaulayLibrary/95476.wav
Total loop time: 19.893 sec
data/envCorp/MacaulayLibrary/95489.wav
Total loop time: 10.551 sec
data/envCorp/MacaulayLibrary/95501.wav
Total loop time: 21.093 sec
data/envCorp/MacaulayLibrary/95570.wav
Total loop time: 16.865 sec
data/envCorp/MacaulayLibrary/95571.wav
Total loop time: 7.807 sec
data/envCorp/MacaulayLibrary/95586.wav
Total loop time: 21.031 sec
data/envCorp/MacaulayLibrary/95630431.mp3

(MATLAB:3626650): GStreamer-CRITICAL **: 13:52:17.634: gst_mini_object_unref: assertion 'mini_object != NULL' failed
Total loop time: 0.920 sec
data/envCorp/MacaulayLibrary/95690.wav
Total loop time: 21.032 sec
data/envCorp/MacaulayLibrary/95699.wav
Total loop time: 5.005 sec
data/envCorp/MacaulayLibrary/95701.wav
Total loop time: 2.914 sec
data/envCorp/MacaulayLibrary/95712.wav
Total loop time: 21.063 sec
data/envCorp/MacaulayLibrary/95724.wav
Total loop time: 10.576 sec
data/envCorp/MacaulayLibrary/95729.wav
Total loop time: 20.910 sec
data/envCorp/MacaulayLibrary/95730.wav
Total loop time: 4.193 sec
Successful STM!
Elapsed time is 1455.193947 seconds.
