
                            < M A T L A B (R) >
                  Copyright 1984-2023 The MathWorks, Inc.
                  R2023b (23.2.0.2365128) 64-bit (glnxa64)
                              August 23, 2023

 
To get started, type doc.
For product information, visit www.mathworks.com.
 
data/envCorp/MacaulayLibrary/438171971.wav
Total loop time: 3.737 sec
data/envCorp/MacaulayLibrary/438172921.wav
Total loop time: 9.257 sec
data/envCorp/MacaulayLibrary/438172971.wav
Total loop time: 0.858 sec
data/envCorp/MacaulayLibrary/438173031.wav
Total loop time: 0.842 sec
data/envCorp/MacaulayLibrary/438173451.wav
Total loop time: 0.861 sec
data/envCorp/MacaulayLibrary/438182301.wav
Total loop time: 6.544 sec
data/envCorp/MacaulayLibrary/438187741.wav
Total loop time: 1.651 sec
data/envCorp/MacaulayLibrary/438187781.wav
Total loop time: 2.503 sec
data/envCorp/MacaulayLibrary/438249091.wav
Total loop time: 12.132 sec
data/envCorp/MacaulayLibrary/438249341.wav
Total loop time: 14.799 sec
data/envCorp/MacaulayLibrary/438249621.wav
Total loop time: 9.866 sec
data/envCorp/MacaulayLibrary/438397251.wav
Total loop time: 8.120 sec
data/envCorp/MacaulayLibrary/438452871.wav
Total loop time: 0.840 sec
data/envCorp/MacaulayLibrary/438463091.m4a

(MATLAB:3891578): GStreamer-CRITICAL **: 10:08:15.501: gst_mini_object_unref: assertion 'mini_object != NULL' failed

(MATLAB:3891578): GStreamer-CRITICAL **: 10:08:16.354: gst_mini_object_unref: assertion 'mini_object != NULL' failed
Total loop time: 2.111 sec
data/envCorp/MacaulayLibrary/438463741.m4a
Total loop time: 0.844 sec
data/envCorp/MacaulayLibrary/438464221.m4a

(MATLAB:3891578): GStreamer-CRITICAL **: 10:08:18.123: gst_mini_object_unref: assertion 'mini_object != NULL' failed

(MATLAB:3891578): GStreamer-CRITICAL **: 10:08:18.988: gst_mini_object_unref: assertion 'mini_object != NULL' failed

(MATLAB:3891578): GStreamer-CRITICAL **: 10:08:19.831: gst_mini_object_unref: assertion 'mini_object != NULL' failed

(MATLAB:3891578): GStreamer-CRITICAL **: 10:08:20.677: gst_mini_object_unref: assertion 'mini_object != NULL' failed

(MATLAB:3891578): GStreamer-CRITICAL **: 10:08:21.519: gst_mini_object_unref: assertion 'mini_object != NULL' failed

(MATLAB:3891578): GStreamer-CRITICAL **: 10:08:22.350: gst_mini_object_unref: assertion 'mini_object != NULL' failed

(MATLAB:3891578): GStreamer-CRITICAL **: 10:08:23.178: gst_mini_object_unref: assertion 'mini_object != NULL' failed
Total loop time: 5.982 sec
data/envCorp/MacaulayLibrary/438465081.wav
Total loop time: 2.454 sec
data/envCorp/MacaulayLibrary/438465191.wav
Total loop time: 21.873 sec
data/envCorp/MacaulayLibrary/438465291.wav
Total loop time: 24.258 sec
data/envCorp/MacaulayLibrary/438489981.wav
Total loop time: 0.874 sec
data/envCorp/MacaulayLibrary/438489991.wav
Total loop time: 0.883 sec
data/envCorp/MacaulayLibrary/438490011.wav
Total loop time: 6.718 sec
data/envCorp/MacaulayLibrary/438498681.wav
Total loop time: 4.141 sec
data/envCorp/MacaulayLibrary/438498771.wav
Total loop time: 9.119 sec
data/envCorp/MacaulayLibrary/438499031.wav
Total loop time: 2.500 sec
data/envCorp/MacaulayLibrary/438533401.wav
Total loop time: 1.654 sec
data/envCorp/MacaulayLibrary/43856331.mp3

(MATLAB:3891578): GStreamer-CRITICAL **: 10:09:38.772: gst_mini_object_unref: assertion 'mini_object != NULL' failed

(MATLAB:3891578): GStreamer-CRITICAL **: 10:09:39.787: gst_mini_object_unref: assertion 'mini_object != NULL' failed

(MATLAB:3891578): GStreamer-CRITICAL **: 10:09:40.792: gst_mini_object_unref: assertion 'mini_object != NULL' failed

(MATLAB:3891578): GStreamer-CRITICAL **: 10:09:41.809: gst_mini_object_unref: assertion 'mini_object != NULL' failed

(MATLAB:3891578): GStreamer-CRITICAL **: 10:09:42.802: gst_mini_object_unref: assertion 'mini_object != NULL' failed

(MATLAB:3891578): GStreamer-CRITICAL **: 10:09:43.796: gst_mini_object_unref: assertion 'mini_object != NULL' failed

(MATLAB:3891578): GStreamer-CRITICAL **: 10:09:44.804: gst_mini_object_unref: assertion 'mini_object != NULL' failed

(MATLAB:3891578): GStreamer-CRITICAL **: 10:09:45.810: gst_mini_object_unref: assertion 'mini_object != NULL' failed

(MATLAB:3891578): GStreamer-CRITICAL **: 10:09:46.814: gst_mini_object_unref: assertion 'mini_object != NULL' failed

(MATLAB:3891578): GStreamer-CRITICAL **: 10:09:47.815: gst_mini_object_unref: assertion 'mini_object != NULL' failed

(MATLAB:3891578): GStreamer-CRITICAL **: 10:09:48.814: gst_mini_object_unref: assertion 'mini_object != NULL' failed

(MATLAB:3891578): GStreamer-CRITICAL **: 10:09:49.812: gst_mini_object_unref: assertion 'mini_object != NULL' failed

(MATLAB:3891578): GStreamer-CRITICAL **: 10:09:50.793: gst_mini_object_unref: assertion 'mini_object != NULL' failed

(MATLAB:3891578): GStreamer-CRITICAL **: 10:09:51.778: gst_mini_object_unref: assertion 'mini_object != NULL' failed
Total loop time: 14.083 sec
data/envCorp/MacaulayLibrary/438571891.wav
Total loop time: 10.477 sec
data/envCorp/MacaulayLibrary/43865591.wav
Total loop time: 8.208 sec
data/envCorp/MacaulayLibrary/43871551.wav
Total loop time: 4.153 sec
data/envCorp/MacaulayLibrary/43871591.wav
Total loop time: 20.566 sec
data/envCorp/MacaulayLibrary/43874181.wav
Total loop time: 8.231 sec
data/envCorp/MacaulayLibrary/438817961.wav
Total loop time: 5.777 sec
data/envCorp/MacaulayLibrary/438819201.wav
Total loop time: 4.114 sec
data/envCorp/MacaulayLibrary/438819551.wav
Total loop time: 2.494 sec
data/envCorp/MacaulayLibrary/438819811.wav
Total loop time: 4.946 sec
data/envCorp/MacaulayLibrary/438820961.m4a

(MATLAB:3891578): GStreamer-CRITICAL **: 10:11:01.678: gst_mini_object_unref: assertion 'mini_object != NULL' failed

(MATLAB:3891578): GStreamer-CRITICAL **: 10:11:02.560: gst_mini_object_unref: assertion 'mini_object != NULL' failed

(MATLAB:3891578): GStreamer-CRITICAL **: 10:11:03.428: gst_mini_object_unref: assertion 'mini_object != NULL' failed

(MATLAB:3891578): GStreamer-CRITICAL **: 10:11:04.324: gst_mini_object_unref: assertion 'mini_object != NULL' failed
Total loop time: 3.601 sec
data/envCorp/MacaulayLibrary/438880091.wav
Total loop time: 5.152 sec
data/envCorp/MacaulayLibrary/438910321.wav
Total loop time: 3.217 sec
data/envCorp/MacaulayLibrary/438910711.wav
Total loop time: 1.658 sec
data/envCorp/MacaulayLibrary/438914331.wav
Total loop time: 2.414 sec
data/envCorp/MacaulayLibrary/438916521.wav
Total loop time: 2.523 sec
data/envCorp/MacaulayLibrary/438918901.wav
Total loop time: 24.133 sec
data/envCorp/MacaulayLibrary/438921311.wav
Total loop time: 8.314 sec
data/envCorp/MacaulayLibrary/438940621.wav
Total loop time: 19.534 sec
data/envCorp/MacaulayLibrary/438946381.wav
Total loop time: 8.174 sec
data/envCorp/MacaulayLibrary/438967991.m4a

(MATLAB:3891578): GStreamer-CRITICAL **: 10:12:20.392: gst_mini_object_unref: assertion 'mini_object != NULL' failed

(MATLAB:3891578): GStreamer-CRITICAL **: 10:12:21.275: gst_mini_object_unref: assertion 'mini_object != NULL' failed

(MATLAB:3891578): GStreamer-CRITICAL **: 10:12:22.148: gst_mini_object_unref: assertion 'mini_object != NULL' failed

(MATLAB:3891578): GStreamer-CRITICAL **: 10:12:23.004: gst_mini_object_unref: assertion 'mini_object != NULL' failed
Total loop time: 4.398 sec
data/envCorp/MacaulayLibrary/439074551.wav
Total loop time: 8.499 sec
data/envCorp/MacaulayLibrary/439251711.wav
Total loop time: 19.417 sec
data/envCorp/MacaulayLibrary/439271111.mp3
Total loop time: 1.019 sec
data/envCorp/MacaulayLibrary/439528441.wav
Total loop time: 6.382 sec
data/envCorp/MacaulayLibrary/439563731.mp3

(MATLAB:3891578): GStreamer-CRITICAL **: 10:13:00.326: gst_mini_object_unref: assertion 'mini_object != NULL' failed

(MATLAB:3891578): GStreamer-CRITICAL **: 10:13:01.342: gst_mini_object_unref: assertion 'mini_object != NULL' failed

(MATLAB:3891578): GStreamer-CRITICAL **: 10:13:02.377: gst_mini_object_unref: assertion 'mini_object != NULL' failed

(MATLAB:3891578): GStreamer-CRITICAL **: 10:13:03.407: gst_mini_object_unref: assertion 'mini_object != NULL' failed

(MATLAB:3891578): GStreamer-CRITICAL **: 10:13:04.421: gst_mini_object_unref: assertion 'mini_object != NULL' failed

(MATLAB:3891578): GStreamer-CRITICAL **: 10:13:05.422: gst_mini_object_unref: assertion 'mini_object != NULL' failed

(MATLAB:3891578): GStreamer-CRITICAL **: 10:13:06.446: gst_mini_object_unref: assertion 'mini_object != NULL' failed

(MATLAB:3891578): GStreamer-CRITICAL **: 10:13:07.458: gst_mini_object_unref: assertion 'mini_object != NULL' failed

(MATLAB:3891578): GStreamer-CRITICAL **: 10:13:08.460: gst_mini_object_unref: assertion 'mini_object != NULL' failed

(MATLAB:3891578): GStreamer-CRITICAL **: 10:13:09.451: gst_mini_object_unref: assertion 'mini_object != NULL' failed

(MATLAB:3891578): GStreamer-CRITICAL **: 10:13:10.450: gst_mini_object_unref: assertion 'mini_object != NULL' failed

(MATLAB:3891578): GStreamer-CRITICAL **: 10:13:11.443: gst_mini_object_unref: assertion 'mini_object != NULL' failed
Total loop time: 12.202 sec
data/envCorp/MacaulayLibrary/439569821.mp3

(MATLAB:3891578): GStreamer-CRITICAL **: 10:13:12.471: gst_mini_object_unref: assertion 'mini_object != NULL' failed

(MATLAB:3891578): GStreamer-CRITICAL **: 10:13:12.665: gst_mini_object_unref: assertion 'mini_object != NULL' failed

(MATLAB:3891578): GStreamer-CRITICAL **: 10:13:13.648: gst_mini_object_unref: assertion 'mini_object != NULL' failed
Total loop time: 2.228 sec
data/envCorp/MacaulayLibrary/439637501.wav
Total loop time: 3.336 sec
data/envCorp/MacaulayLibrary/439639271.wav
Total loop time: 24.077 sec
data/envCorp/MacaulayLibrary/439660181.wav
Total loop time: 7.823 sec
data/envCorp/MacaulayLibrary/439693061.wav
Total loop time: 1.594 sec
data/envCorp/MacaulayLibrary/439693191.wav
Total loop time: 3.995 sec
data/envCorp/MacaulayLibrary/439693331.wav
Total loop time: 0.846 sec
data/envCorp/MacaulayLibrary/439693381.wav
Total loop time: 3.999 sec
data/envCorp/MacaulayLibrary/439696041.wav
Total loop time: 0.825 sec
data/envCorp/MacaulayLibrary/439707201.wav
Total loop time: 2.404 sec
data/envCorp/MacaulayLibrary/439707301.wav
Total loop time: 0.813 sec
data/envCorp/MacaulayLibrary/439707311.wav
Total loop time: 2.374 sec
data/envCorp/MacaulayLibrary/439731031.m4a

(MATLAB:3891578): GStreamer-CRITICAL **: 10:14:06.651: gst_mini_object_unref: assertion 'mini_object != NULL' failed
Total loop time: 0.839 sec
data/envCorp/MacaulayLibrary/439744891.wav
Total loop time: 0.843 sec
data/envCorp/MacaulayLibrary/439745401.wav
Total loop time: 1.746 sec
data/envCorp/MacaulayLibrary/439745441.wav
Total loop time: 11.946 sec
data/envCorp/MacaulayLibrary/439745641.wav
Total loop time: 0.849 sec
data/envCorp/MacaulayLibrary/439745651.wav
Total loop time: 3.223 sec
data/envCorp/MacaulayLibrary/439751091.wav
Total loop time: 0.856 sec
data/envCorp/MacaulayLibrary/439751101.wav
Total loop time: 0.836 sec
data/envCorp/MacaulayLibrary/439759721.wav
Total loop time: 4.782 sec
data/envCorp/MacaulayLibrary/439764921.wav
Total loop time: 23.410 sec
data/envCorp/MacaulayLibrary/439808581.m4a

(MATLAB:3891578): GStreamer-CRITICAL **: 10:14:56.025: gst_mini_object_unref: assertion 'mini_object != NULL' failed

(MATLAB:3891578): GStreamer-CRITICAL **: 10:14:56.834: gst_mini_object_unref: assertion 'mini_object != NULL' failed
Total loop time: 0.931 sec
data/envCorp/MacaulayLibrary/439844851.mp3

(MATLAB:3891578): GStreamer-CRITICAL **: 10:14:57.054: gst_mini_object_unref: assertion 'mini_object != NULL' failed

(MATLAB:3891578): GStreamer-CRITICAL **: 10:14:57.200: gst_mini_object_unref: assertion 'mini_object != NULL' failed

(MATLAB:3891578): GStreamer-CRITICAL **: 10:14:57.347: gst_mini_object_unref: assertion 'mini_object != NULL' failed

(MATLAB:3891578): GStreamer-CRITICAL **: 10:14:58.291: gst_mini_object_unref: assertion 'mini_object != NULL' failed

(MATLAB:3891578): GStreamer-CRITICAL **: 10:14:59.233: gst_mini_object_unref: assertion 'mini_object != NULL' failed
Total loop time: 4.115 sec
data/envCorp/MacaulayLibrary/439845371.mp3

(MATLAB:3891578): GStreamer-CRITICAL **: 10:15:01.145: gst_mini_object_unref: assertion 'mini_object != NULL' failed
Total loop time: 0.275 sec
data/envCorp/MacaulayLibrary/439845461.mp3

(MATLAB:3891578): GStreamer-CRITICAL **: 10:15:01.445: gst_mini_object_unref: assertion 'mini_object != NULL' failed

(MATLAB:3891578): GStreamer-CRITICAL **: 10:15:01.596: gst_mini_object_unref: assertion 'mini_object != NULL' failed

(MATLAB:3891578): GStreamer-CRITICAL **: 10:15:01.743: gst_mini_object_unref: assertion 'mini_object != NULL' failed

(MATLAB:3891578): GStreamer-CRITICAL **: 10:15:01.888: gst_mini_object_unref: assertion 'mini_object != NULL' failed

(MATLAB:3891578): GStreamer-CRITICAL **: 10:15:02.030: gst_mini_object_unref: assertion 'mini_object != NULL' failed

(MATLAB:3891578): GStreamer-CRITICAL **: 10:15:02.169: gst_mini_object_unref: assertion 'mini_object != NULL' failed

(MATLAB:3891578): GStreamer-CRITICAL **: 10:15:03.088: gst_mini_object_unref: assertion 'mini_object != NULL' failed
Total loop time: 1.834 sec
data/envCorp/MacaulayLibrary/439846101.mp3

(MATLAB:3891578): GStreamer-CRITICAL **: 10:15:03.282: gst_mini_object_unref: assertion 'mini_object != NULL' failed

(MATLAB:3891578): GStreamer-CRITICAL **: 10:15:04.199: gst_mini_object_unref: assertion 'mini_object != NULL' failed

(MATLAB:3891578): GStreamer-CRITICAL **: 10:15:05.117: gst_mini_object_unref: assertion 'mini_object != NULL' failed

(MATLAB:3891578): GStreamer-CRITICAL **: 10:15:06.013: gst_mini_object_unref: assertion 'mini_object != NULL' failed

(MATLAB:3891578): GStreamer-CRITICAL **: 10:15:06.903: gst_mini_object_unref: assertion 'mini_object != NULL' failed

(MATLAB:3891578): GStreamer-CRITICAL **: 10:15:07.792: gst_mini_object_unref: assertion 'mini_object != NULL' failed
Total loop time: 5.473 sec
data/envCorp/MacaulayLibrary/439849811.mp3

(MATLAB:3891578): GStreamer-CRITICAL **: 10:15:08.754: gst_mini_object_unref: assertion 'mini_object != NULL' failed

(MATLAB:3891578): GStreamer-CRITICAL **: 10:15:08.889: gst_mini_object_unref: assertion 'mini_object != NULL' failed
Total loop time: 0.293 sec
data/envCorp/MacaulayLibrary/439850551.mp3

(MATLAB:3891578): GStreamer-CRITICAL **: 10:15:09.062: gst_mini_object_unref: assertion 'mini_object != NULL' failed

(MATLAB:3891578): GStreamer-CRITICAL **: 10:15:09.991: gst_mini_object_unref: assertion 'mini_object != NULL' failed

(MATLAB:3891578): GStreamer-CRITICAL **: 10:15:10.139: gst_mini_object_unref: assertion 'mini_object != NULL' failed

(MATLAB:3891578): GStreamer-CRITICAL **: 10:15:10.284: gst_mini_object_unref: assertion 'mini_object != NULL' failed

(MATLAB:3891578): GStreamer-CRITICAL **: 10:15:10.425: gst_mini_object_unref: assertion 'mini_object != NULL' failed

(MATLAB:3891578): GStreamer-CRITICAL **: 10:15:11.311: gst_mini_object_unref: assertion 'mini_object != NULL' failed
Total loop time: 2.472 sec
data/envCorp/MacaulayLibrary/439850921.mp3

(MATLAB:3891578): GStreamer-CRITICAL **: 10:15:11.513: gst_mini_object_unref: assertion 'mini_object != NULL' failed
Total loop time: 0.140 sec
data/envCorp/MacaulayLibrary/439851311.mp3

(MATLAB:3891578): GStreamer-CRITICAL **: 10:15:11.668: gst_mini_object_unref: assertion 'mini_object != NULL' failed

(MATLAB:3891578): GStreamer-CRITICAL **: 10:15:11.814: gst_mini_object_unref: assertion 'mini_object != NULL' failed

(MATLAB:3891578): GStreamer-CRITICAL **: 10:15:12.761: gst_mini_object_unref: assertion 'mini_object != NULL' failed

(MATLAB:3891578): GStreamer-CRITICAL **: 10:15:12.900: gst_mini_object_unref: assertion 'mini_object != NULL' failed
Total loop time: 1.418 sec
data/envCorp/MacaulayLibrary/439851931.mp3

(MATLAB:3891578): GStreamer-CRITICAL **: 10:15:13.084: gst_mini_object_unref: assertion 'mini_object != NULL' failed
Total loop time: 0.952 sec
data/envCorp/MacaulayLibrary/439853771.mp3

(MATLAB:3891578): GStreamer-CRITICAL **: 10:15:14.030: gst_mini_object_unref: assertion 'mini_object != NULL' failed
Total loop time: 0.143 sec
data/envCorp/MacaulayLibrary/439855561.mp3

(MATLAB:3891578): GStreamer-CRITICAL **: 10:15:14.168: gst_mini_object_unref: assertion 'mini_object != NULL' failed
Total loop time: 0.137 sec
data/envCorp/MacaulayLibrary/439863231.wav
Total loop time: 0.840 sec
data/envCorp/MacaulayLibrary/439883481.wav
Total loop time: 6.336 sec
data/envCorp/MacaulayLibrary/439892281.wav
Total loop time: 4.052 sec
data/envCorp/MacaulayLibrary/439904091.wav
Total loop time: 3.331 sec
data/envCorp/MacaulayLibrary/439906251.wav
Total loop time: 3.373 sec
data/envCorp/MacaulayLibrary/439913591.wav
Total loop time: 1.669 sec
data/envCorp/MacaulayLibrary/440009331.mp3

(MATLAB:3891578): GStreamer-CRITICAL **: 10:15:33.991: gst_mini_object_unref: assertion 'mini_object != NULL' failed

(MATLAB:3891578): GStreamer-CRITICAL **: 10:15:34.983: gst_mini_object_unref: assertion 'mini_object != NULL' failed

(MATLAB:3891578): GStreamer-CRITICAL **: 10:15:35.967: gst_mini_object_unref: assertion 'mini_object != NULL' failed

(MATLAB:3891578): GStreamer-CRITICAL **: 10:15:36.961: gst_mini_object_unref: assertion 'mini_object != NULL' failed
Total loop time: 3.999 sec
data/envCorp/MacaulayLibrary/440092091.wav
Total loop time: 5.704 sec
data/envCorp/MacaulayLibrary/440092611.wav
Total loop time: 10.765 sec
data/envCorp/MacaulayLibrary/44011.wav
Total loop time: 24.220 sec
data/envCorp/MacaulayLibrary/44012.wav
Total loop time: 10.712 sec
data/envCorp/MacaulayLibrary/44016.wav
Total loop time: 24.564 sec
data/envCorp/MacaulayLibrary/44017.wav
Total loop time: 24.426 sec
data/envCorp/MacaulayLibrary/440203971.wav
Total loop time: 4.908 sec
Successful STM!
Elapsed time is 624.886268 seconds.
