
                            < M A T L A B (R) >
                  Copyright 1984-2023 The MathWorks, Inc.
                  R2023b (23.2.0.2365128) 64-bit (glnxa64)
                              August 23, 2023

 
To get started, type doc.
For product information, visit www.mathworks.com.
 
data/envCorp/MacaulayLibrary/420421731.wav
Total loop time: 10.274 sec
data/envCorp/MacaulayLibrary/420422531.wav
Total loop time: 10.751 sec
data/envCorp/MacaulayLibrary/420429651.wav
Total loop time: 2.837 sec
data/envCorp/MacaulayLibrary/420498781.wav
Total loop time: 10.794 sec
data/envCorp/MacaulayLibrary/420510921.wav
Total loop time: 8.503 sec
data/envCorp/MacaulayLibrary/420515411.wav
Total loop time: 1.573 sec
data/envCorp/MacaulayLibrary/420518021.wav
Total loop time: 12.493 sec
data/envCorp/MacaulayLibrary/420833891.wav
Total loop time: 6.331 sec
data/envCorp/MacaulayLibrary/420869001.wav
Total loop time: 5.531 sec
data/envCorp/MacaulayLibrary/420870291.mp3

(MATLAB:3484935): GStreamer-CRITICAL **: 10:08:17.021: gst_mini_object_unref: assertion 'mini_object != NULL' failed

(MATLAB:3484935): GStreamer-CRITICAL **: 10:08:17.929: gst_mini_object_unref: assertion 'mini_object != NULL' failed
Total loop time: 2.208 sec
data/envCorp/MacaulayLibrary/420870301.mp3

(MATLAB:3484935): GStreamer-CRITICAL **: 10:08:18.877: gst_mini_object_unref: assertion 'mini_object != NULL' failed
Total loop time: 0.950 sec
data/envCorp/MacaulayLibrary/420980621.wav
Total loop time: 0.032 sec
data/envCorp/MacaulayLibrary/42104861.m4a

(MATLAB:3484935): GStreamer-CRITICAL **: 10:08:19.939: gst_mini_object_unref: assertion 'mini_object != NULL' failed

(MATLAB:3484935): GStreamer-CRITICAL **: 10:08:20.897: gst_mini_object_unref: assertion 'mini_object != NULL' failed

(MATLAB:3484935): GStreamer-CRITICAL **: 10:08:21.847: gst_mini_object_unref: assertion 'mini_object != NULL' failed

(MATLAB:3484935): GStreamer-CRITICAL **: 10:08:22.780: gst_mini_object_unref: assertion 'mini_object != NULL' failed

(MATLAB:3484935): GStreamer-CRITICAL **: 10:08:23.690: gst_mini_object_unref: assertion 'mini_object != NULL' failed

(MATLAB:3484935): GStreamer-CRITICAL **: 10:08:24.598: gst_mini_object_unref: assertion 'mini_object != NULL' failed

(MATLAB:3484935): GStreamer-CRITICAL **: 10:08:25.506: gst_mini_object_unref: assertion 'mini_object != NULL' failed

(MATLAB:3484935): GStreamer-CRITICAL **: 10:08:26.401: gst_mini_object_unref: assertion 'mini_object != NULL' failed

(MATLAB:3484935): GStreamer-CRITICAL **: 10:08:27.290: gst_mini_object_unref: assertion 'mini_object != NULL' failed

(MATLAB:3484935): GStreamer-CRITICAL **: 10:08:28.165: gst_mini_object_unref: assertion 'mini_object != NULL' failed

(MATLAB:3484935): GStreamer-CRITICAL **: 10:08:29.027: gst_mini_object_unref: assertion 'mini_object != NULL' failed

(MATLAB:3484935): GStreamer-CRITICAL **: 10:08:29.884: gst_mini_object_unref: assertion 'mini_object != NULL' failed

(MATLAB:3484935): GStreamer-CRITICAL **: 10:08:30.741: gst_mini_object_unref: assertion 'mini_object != NULL' failed

(MATLAB:3484935): GStreamer-CRITICAL **: 10:08:31.598: gst_mini_object_unref: assertion 'mini_object != NULL' failed

(MATLAB:3484935): GStreamer-CRITICAL **: 10:08:32.460: gst_mini_object_unref: assertion 'mini_object != NULL' failed

(MATLAB:3484935): GStreamer-CRITICAL **: 10:08:33.321: gst_mini_object_unref: assertion 'mini_object != NULL' failed

(MATLAB:3484935): GStreamer-CRITICAL **: 10:08:34.165: gst_mini_object_unref: assertion 'mini_object != NULL' failed

(MATLAB:3484935): GStreamer-CRITICAL **: 10:08:34.997: gst_mini_object_unref: assertion 'mini_object != NULL' failed

(MATLAB:3484935): GStreamer-CRITICAL **: 10:08:35.824: gst_mini_object_unref: assertion 'mini_object != NULL' failed

(MATLAB:3484935): GStreamer-CRITICAL **: 10:08:36.665: gst_mini_object_unref: assertion 'mini_object != NULL' failed

(MATLAB:3484935): GStreamer-CRITICAL **: 10:08:37.477: gst_mini_object_unref: assertion 'mini_object != NULL' failed

(MATLAB:3484935): GStreamer-CRITICAL **: 10:08:38.270: gst_mini_object_unref: assertion 'mini_object != NULL' failed

(MATLAB:3484935): GStreamer-CRITICAL **: 10:08:39.053: gst_mini_object_unref: assertion 'mini_object != NULL' failed

(MATLAB:3484935): GStreamer-CRITICAL **: 10:08:39.852: gst_mini_object_unref: assertion 'mini_object != NULL' failed

(MATLAB:3484935): GStreamer-CRITICAL **: 10:08:40.650: gst_mini_object_unref: assertion 'mini_object != NULL' failed

(MATLAB:3484935): GStreamer-CRITICAL **: 10:08:41.428: gst_mini_object_unref: assertion 'mini_object != NULL' failed
Total loop time: 22.483 sec
data/envCorp/MacaulayLibrary/421055561.wav
Total loop time: 2.363 sec
data/envCorp/MacaulayLibrary/421059261.mp3

(MATLAB:3484935): GStreamer-CRITICAL **: 10:08:44.855: gst_mini_object_unref: assertion 'mini_object != NULL' failed

(MATLAB:3484935): GStreamer-CRITICAL **: 10:08:45.874: gst_mini_object_unref: assertion 'mini_object != NULL' failed

(MATLAB:3484935): GStreamer-CRITICAL **: 10:08:46.891: gst_mini_object_unref: assertion 'mini_object != NULL' failed

(MATLAB:3484935): GStreamer-CRITICAL **: 10:08:47.900: gst_mini_object_unref: assertion 'mini_object != NULL' failed

(MATLAB:3484935): GStreamer-CRITICAL **: 10:08:48.911: gst_mini_object_unref: assertion 'mini_object != NULL' failed

(MATLAB:3484935): GStreamer-CRITICAL **: 10:08:49.912: gst_mini_object_unref: assertion 'mini_object != NULL' failed

(MATLAB:3484935): GStreamer-CRITICAL **: 10:08:50.937: gst_mini_object_unref: assertion 'mini_object != NULL' failed

(MATLAB:3484935): GStreamer-CRITICAL **: 10:08:51.943: gst_mini_object_unref: assertion 'mini_object != NULL' failed

(MATLAB:3484935): GStreamer-CRITICAL **: 10:08:52.923: gst_mini_object_unref: assertion 'mini_object != NULL' failed

(MATLAB:3484935): GStreamer-CRITICAL **: 10:08:53.902: gst_mini_object_unref: assertion 'mini_object != NULL' failed

(MATLAB:3484935): GStreamer-CRITICAL **: 10:08:54.887: gst_mini_object_unref: assertion 'mini_object != NULL' failed

(MATLAB:3484935): GStreamer-CRITICAL **: 10:08:55.870: gst_mini_object_unref: assertion 'mini_object != NULL' failed

(MATLAB:3484935): GStreamer-CRITICAL **: 10:08:56.816: gst_mini_object_unref: assertion 'mini_object != NULL' failed

(MATLAB:3484935): GStreamer-CRITICAL **: 10:08:57.763: gst_mini_object_unref: assertion 'mini_object != NULL' failed

(MATLAB:3484935): GStreamer-CRITICAL **: 10:08:58.708: gst_mini_object_unref: assertion 'mini_object != NULL' failed

(MATLAB:3484935): GStreamer-CRITICAL **: 10:08:59.661: gst_mini_object_unref: assertion 'mini_object != NULL' failed

(MATLAB:3484935): GStreamer-CRITICAL **: 10:09:00.615: gst_mini_object_unref: assertion 'mini_object != NULL' failed

(MATLAB:3484935): GStreamer-CRITICAL **: 10:09:01.550: gst_mini_object_unref: assertion 'mini_object != NULL' failed

(MATLAB:3484935): GStreamer-CRITICAL **: 10:09:02.455: gst_mini_object_unref: assertion 'mini_object != NULL' failed

(MATLAB:3484935): GStreamer-CRITICAL **: 10:09:03.396: gst_mini_object_unref: assertion 'mini_object != NULL' failed

(MATLAB:3484935): GStreamer-CRITICAL **: 10:09:04.317: gst_mini_object_unref: assertion 'mini_object != NULL' failed

(MATLAB:3484935): GStreamer-CRITICAL **: 10:09:05.233: gst_mini_object_unref: assertion 'mini_object != NULL' failed

(MATLAB:3484935): GStreamer-CRITICAL **: 10:09:06.142: gst_mini_object_unref: assertion 'mini_object != NULL' failed

(MATLAB:3484935): GStreamer-CRITICAL **: 10:09:07.052: gst_mini_object_unref: assertion 'mini_object != NULL' failed

(MATLAB:3484935): GStreamer-CRITICAL **: 10:09:07.962: gst_mini_object_unref: assertion 'mini_object != NULL' failed

(MATLAB:3484935): GStreamer-CRITICAL **: 10:09:08.868: gst_mini_object_unref: assertion 'mini_object != NULL' failed

(MATLAB:3484935): GStreamer-CRITICAL **: 10:09:09.763: gst_mini_object_unref: assertion 'mini_object != NULL' failed
Total loop time: 25.969 sec
data/envCorp/MacaulayLibrary/421069791.m4a

(MATLAB:3484935): GStreamer-CRITICAL **: 10:09:10.638: gst_mini_object_unref: assertion 'mini_object != NULL' failed

(MATLAB:3484935): GStreamer-CRITICAL **: 10:09:11.466: gst_mini_object_unref: assertion 'mini_object != NULL' failed

(MATLAB:3484935): GStreamer-CRITICAL **: 10:09:12.288: gst_mini_object_unref: assertion 'mini_object != NULL' failed

(MATLAB:3484935): GStreamer-CRITICAL **: 10:09:13.109: gst_mini_object_unref: assertion 'mini_object != NULL' failed

(MATLAB:3484935): GStreamer-CRITICAL **: 10:09:13.929: gst_mini_object_unref: assertion 'mini_object != NULL' failed

(MATLAB:3484935): GStreamer-CRITICAL **: 10:09:14.753: gst_mini_object_unref: assertion 'mini_object != NULL' failed

(MATLAB:3484935): GStreamer-CRITICAL **: 10:09:15.526: gst_mini_object_unref: assertion 'mini_object != NULL' failed

(MATLAB:3484935): GStreamer-CRITICAL **: 10:09:16.330: gst_mini_object_unref: assertion 'mini_object != NULL' failed

(MATLAB:3484935): GStreamer-CRITICAL **: 10:09:17.146: gst_mini_object_unref: assertion 'mini_object != NULL' failed

(MATLAB:3484935): GStreamer-CRITICAL **: 10:09:17.930: gst_mini_object_unref: assertion 'mini_object != NULL' failed
Total loop time: 8.162 sec
data/envCorp/MacaulayLibrary/421257941.wav
Total loop time: 3.881 sec
data/envCorp/MacaulayLibrary/421402471.mp3
Total loop time: 0.968 sec
data/envCorp/MacaulayLibrary/421447841.wav
Total loop time: 4.727 sec
data/envCorp/MacaulayLibrary/42149321.wav
Total loop time: 8.539 sec
data/envCorp/MacaulayLibrary/421517981.wav
Total loop time: 0.051 sec
data/envCorp/MacaulayLibrary/421570021.wav
Total loop time: 8.601 sec
data/envCorp/MacaulayLibrary/421603721.wav
Total loop time: 7.738 sec
data/envCorp/MacaulayLibrary/421693041.wav
Total loop time: 2.405 sec
data/envCorp/MacaulayLibrary/421776911.wav
Total loop time: 23.164 sec
data/envCorp/MacaulayLibrary/421782681.wav
Total loop time: 5.316 sec
data/envCorp/MacaulayLibrary/421832151.m4a

(MATLAB:3484935): GStreamer-CRITICAL **: 10:10:24.241: gst_mini_object_unref: assertion 'mini_object != NULL' failed

(MATLAB:3484935): GStreamer-CRITICAL **: 10:10:25.055: gst_mini_object_unref: assertion 'mini_object != NULL' failed

(MATLAB:3484935): GStreamer-CRITICAL **: 10:10:25.856: gst_mini_object_unref: assertion 'mini_object != NULL' failed

(MATLAB:3484935): GStreamer-CRITICAL **: 10:10:26.651: gst_mini_object_unref: assertion 'mini_object != NULL' failed

(MATLAB:3484935): GStreamer-CRITICAL **: 10:10:27.430: gst_mini_object_unref: assertion 'mini_object != NULL' failed

(MATLAB:3484935): GStreamer-CRITICAL **: 10:10:28.197: gst_mini_object_unref: assertion 'mini_object != NULL' failed
Total loop time: 4.844 sec
data/envCorp/MacaulayLibrary/421891901.wav
Total loop time: 9.812 sec
data/envCorp/MacaulayLibrary/42192.wav
Total loop time: 22.855 sec
data/envCorp/MacaulayLibrary/421933391.wav
Total loop time: 11.552 sec
data/envCorp/MacaulayLibrary/421933441.wav
Total loop time: 19.762 sec
data/envCorp/MacaulayLibrary/421946131.wav
Total loop time: 1.858 sec
data/envCorp/MacaulayLibrary/421946151.wav
Total loop time: 4.064 sec
data/envCorp/MacaulayLibrary/421951421.m4a

(MATLAB:3484935): GStreamer-CRITICAL **: 10:11:38.918: gst_mini_object_unref: assertion 'mini_object != NULL' failed
Total loop time: 0.846 sec
data/envCorp/MacaulayLibrary/421966851.wav
Total loop time: 17.722 sec
data/envCorp/MacaulayLibrary/42204.wav
Total loop time: 2.485 sec
data/envCorp/MacaulayLibrary/42207.wav
Total loop time: 13.381 sec
data/envCorp/MacaulayLibrary/422084181.wav
Total loop time: 18.909 sec
data/envCorp/MacaulayLibrary/422132221.wav
Total loop time: 22.670 sec
data/envCorp/MacaulayLibrary/422156831.mp3

(MATLAB:3484935): GStreamer-CRITICAL **: 10:12:55.042: gst_mini_object_unref: assertion 'mini_object != NULL' failed
Total loop time: 0.898 sec
data/envCorp/MacaulayLibrary/422156851.mp3

(MATLAB:3484935): GStreamer-CRITICAL **: 10:12:55.946: gst_mini_object_unref: assertion 'mini_object != NULL' failed
Total loop time: 0.886 sec
data/envCorp/MacaulayLibrary/422157531.wav
Total loop time: 22.399 sec
data/envCorp/MacaulayLibrary/422176831.wav
Total loop time: 0.814 sec
data/envCorp/MacaulayLibrary/422180311.mp3

(MATLAB:3484935): GStreamer-CRITICAL **: 10:13:20.110: gst_mini_object_unref: assertion 'mini_object != NULL' failed
Total loop time: 0.967 sec
data/envCorp/MacaulayLibrary/422229031.wav
Total loop time: 12.121 sec
data/envCorp/MacaulayLibrary/422236321.mp3

(MATLAB:3484935): GStreamer-CRITICAL **: 10:13:33.245: gst_mini_object_unref: assertion 'mini_object != NULL' failed

(MATLAB:3484935): GStreamer-CRITICAL **: 10:13:34.209: gst_mini_object_unref: assertion 'mini_object != NULL' failed

(MATLAB:3484935): GStreamer-CRITICAL **: 10:13:35.170: gst_mini_object_unref: assertion 'mini_object != NULL' failed

(MATLAB:3484935): GStreamer-CRITICAL **: 10:13:36.143: gst_mini_object_unref: assertion 'mini_object != NULL' failed

(MATLAB:3484935): GStreamer-CRITICAL **: 10:13:37.098: gst_mini_object_unref: assertion 'mini_object != NULL' failed

(MATLAB:3484935): GStreamer-CRITICAL **: 10:13:38.037: gst_mini_object_unref: assertion 'mini_object != NULL' failed

(MATLAB:3484935): GStreamer-CRITICAL **: 10:13:38.960: gst_mini_object_unref: assertion 'mini_object != NULL' failed

(MATLAB:3484935): GStreamer-CRITICAL **: 10:13:39.886: gst_mini_object_unref: assertion 'mini_object != NULL' failed

(MATLAB:3484935): GStreamer-CRITICAL **: 10:13:40.814: gst_mini_object_unref: assertion 'mini_object != NULL' failed

(MATLAB:3484935): GStreamer-CRITICAL **: 10:13:41.726: gst_mini_object_unref: assertion 'mini_object != NULL' failed

(MATLAB:3484935): GStreamer-CRITICAL **: 10:13:42.625: gst_mini_object_unref: assertion 'mini_object != NULL' failed

(MATLAB:3484935): GStreamer-CRITICAL **: 10:13:43.510: gst_mini_object_unref: assertion 'mini_object != NULL' failed

(MATLAB:3484935): GStreamer-CRITICAL **: 10:13:44.389: gst_mini_object_unref: assertion 'mini_object != NULL' failed

(MATLAB:3484935): GStreamer-CRITICAL **: 10:13:45.259: gst_mini_object_unref: assertion 'mini_object != NULL' failed

(MATLAB:3484935): GStreamer-CRITICAL **: 10:13:46.126: gst_mini_object_unref: assertion 'mini_object != NULL' failed

(MATLAB:3484935): GStreamer-CRITICAL **: 10:13:46.997: gst_mini_object_unref: assertion 'mini_object != NULL' failed
Total loop time: 14.751 sec
data/envCorp/MacaulayLibrary/42226.wav
Total loop time: 18.513 sec
data/envCorp/MacaulayLibrary/42229.wav
Total loop time: 13.946 sec
data/envCorp/MacaulayLibrary/422296521.mp3

(MATLAB:3484935): GStreamer-CRITICAL **: 10:14:20.390: gst_mini_object_unref: assertion 'mini_object != NULL' failed

(MATLAB:3484935): GStreamer-CRITICAL **: 10:14:21.276: gst_mini_object_unref: assertion 'mini_object != NULL' failed
Total loop time: 1.891 sec
data/envCorp/MacaulayLibrary/422296531.mp3

(MATLAB:3484935): GStreamer-CRITICAL **: 10:14:22.332: gst_mini_object_unref: assertion 'mini_object != NULL' failed

(MATLAB:3484935): GStreamer-CRITICAL **: 10:14:23.278: gst_mini_object_unref: assertion 'mini_object != NULL' failed

(MATLAB:3484935): GStreamer-CRITICAL **: 10:14:24.215: gst_mini_object_unref: assertion 'mini_object != NULL' failed

(MATLAB:3484935): GStreamer-CRITICAL **: 10:14:25.146: gst_mini_object_unref: assertion 'mini_object != NULL' failed

(MATLAB:3484935): GStreamer-CRITICAL **: 10:14:26.065: gst_mini_object_unref: assertion 'mini_object != NULL' failed

(MATLAB:3484935): GStreamer-CRITICAL **: 10:14:26.989: gst_mini_object_unref: assertion 'mini_object != NULL' failed

(MATLAB:3484935): GStreamer-CRITICAL **: 10:14:27.921: gst_mini_object_unref: assertion 'mini_object != NULL' failed

(MATLAB:3484935): GStreamer-CRITICAL **: 10:14:28.837: gst_mini_object_unref: assertion 'mini_object != NULL' failed

(MATLAB:3484935): GStreamer-CRITICAL **: 10:14:29.741: gst_mini_object_unref: assertion 'mini_object != NULL' failed

(MATLAB:3484935): GStreamer-CRITICAL **: 10:14:30.631: gst_mini_object_unref: assertion 'mini_object != NULL' failed

(MATLAB:3484935): GStreamer-CRITICAL **: 10:14:31.512: gst_mini_object_unref: assertion 'mini_object != NULL' failed

(MATLAB:3484935): GStreamer-CRITICAL **: 10:14:32.399: gst_mini_object_unref: assertion 'mini_object != NULL' failed
Total loop time: 11.972 sec
data/envCorp/MacaulayLibrary/422410251.mp3

(MATLAB:3484935): GStreamer-CRITICAL **: 10:14:34.249: gst_mini_object_unref: assertion 'mini_object != NULL' failed

(MATLAB:3484935): GStreamer-CRITICAL **: 10:14:35.135: gst_mini_object_unref: assertion 'mini_object != NULL' failed

(MATLAB:3484935): GStreamer-CRITICAL **: 10:14:36.008: gst_mini_object_unref: assertion 'mini_object != NULL' failed
Total loop time: 2.677 sec
data/envCorp/MacaulayLibrary/422430911.wav
Total loop time: 4.560 sec
data/envCorp/MacaulayLibrary/422432781.wav
Total loop time: 8.511 sec
data/envCorp/MacaulayLibrary/422433521.wav
Total loop time: 6.886 sec
data/envCorp/MacaulayLibrary/422439191.mp3

(MATLAB:3484935): GStreamer-CRITICAL **: 10:14:56.946: gst_mini_object_unref: assertion 'mini_object != NULL' failed

(MATLAB:3484935): GStreamer-CRITICAL **: 10:14:57.893: gst_mini_object_unref: assertion 'mini_object != NULL' failed

(MATLAB:3484935): GStreamer-CRITICAL **: 10:14:58.841: gst_mini_object_unref: assertion 'mini_object != NULL' failed

(MATLAB:3484935): GStreamer-CRITICAL **: 10:14:59.771: gst_mini_object_unref: assertion 'mini_object != NULL' failed

(MATLAB:3484935): GStreamer-CRITICAL **: 10:15:00.687: gst_mini_object_unref: assertion 'mini_object != NULL' failed

(MATLAB:3484935): GStreamer-CRITICAL **: 10:15:01.605: gst_mini_object_unref: assertion 'mini_object != NULL' failed

(MATLAB:3484935): GStreamer-CRITICAL **: 10:15:02.522: gst_mini_object_unref: assertion 'mini_object != NULL' failed

(MATLAB:3484935): GStreamer-CRITICAL **: 10:15:03.441: gst_mini_object_unref: assertion 'mini_object != NULL' failed

(MATLAB:3484935): GStreamer-CRITICAL **: 10:15:04.331: gst_mini_object_unref: assertion 'mini_object != NULL' failed

(MATLAB:3484935): GStreamer-CRITICAL **: 10:15:05.225: gst_mini_object_unref: assertion 'mini_object != NULL' failed

(MATLAB:3484935): GStreamer-CRITICAL **: 10:15:06.132: gst_mini_object_unref: assertion 'mini_object != NULL' failed

(MATLAB:3484935): GStreamer-CRITICAL **: 10:15:07.011: gst_mini_object_unref: assertion 'mini_object != NULL' failed
Total loop time: 11.043 sec
data/envCorp/MacaulayLibrary/42244701.mp3

(MATLAB:3484935): GStreamer-CRITICAL **: 10:15:07.995: gst_mini_object_unref: assertion 'mini_object != NULL' failed

(MATLAB:3484935): GStreamer-CRITICAL **: 10:15:08.922: gst_mini_object_unref: assertion 'mini_object != NULL' failed

(MATLAB:3484935): GStreamer-CRITICAL **: 10:15:09.861: gst_mini_object_unref: assertion 'mini_object != NULL' failed

(MATLAB:3484935): GStreamer-CRITICAL **: 10:15:10.783: gst_mini_object_unref: assertion 'mini_object != NULL' failed

(MATLAB:3484935): GStreamer-CRITICAL **: 10:15:11.707: gst_mini_object_unref: assertion 'mini_object != NULL' failed
Total loop time: 4.704 sec
data/envCorp/MacaulayLibrary/422457091.wav
Total loop time: 19.242 sec
data/envCorp/MacaulayLibrary/422468881.wav
Total loop time: 3.951 sec
data/envCorp/MacaulayLibrary/42247.wav
Total loop time: 17.205 sec
data/envCorp/MacaulayLibrary/42249.wav
Total loop time: 6.691 sec
data/envCorp/MacaulayLibrary/42250.wav
Total loop time: 9.622 sec
data/envCorp/MacaulayLibrary/422519061.wav
Total loop time: 22.606 sec
data/envCorp/MacaulayLibrary/42252.wav
Total loop time: 16.069 sec
data/envCorp/MacaulayLibrary/422554021.wav
Total loop time: 5.679 sec
data/envCorp/MacaulayLibrary/422554661.m4a

(MATLAB:3484935): GStreamer-CRITICAL **: 10:16:53.618: gst_mini_object_unref: assertion 'mini_object != NULL' failed
Total loop time: 0.824 sec
data/envCorp/MacaulayLibrary/422558631.wav
Total loop time: 5.469 sec
data/envCorp/MacaulayLibrary/42263.wav
Total loop time: 23.190 sec
data/envCorp/MacaulayLibrary/42266.wav
Total loop time: 11.098 sec
data/envCorp/MacaulayLibrary/42267.wav
Total loop time: 5.072 sec
data/envCorp/MacaulayLibrary/422673721.wav
Total loop time: 1.532 sec
data/envCorp/MacaulayLibrary/42268.wav
Total loop time: 20.525 sec
data/envCorp/MacaulayLibrary/422690531.wav
Total loop time: 0.801 sec
data/envCorp/MacaulayLibrary/422692701.wav
Total loop time: 7.591 sec
data/envCorp/MacaulayLibrary/422696291.wav
Total loop time: 11.421 sec
data/envCorp/MacaulayLibrary/422696451.wav
Total loop time: 13.225 sec
data/envCorp/MacaulayLibrary/422732661.mp3

(MATLAB:3484935): GStreamer-CRITICAL **: 10:18:34.616: gst_mini_object_unref: assertion 'mini_object != NULL' failed
Total loop time: 1.061 sec
data/envCorp/MacaulayLibrary/422787761.mp3

(MATLAB:3484935): GStreamer-CRITICAL **: 10:18:35.637: gst_mini_object_unref: assertion 'mini_object != NULL' failed

(MATLAB:3484935): GStreamer-CRITICAL **: 10:18:36.612: gst_mini_object_unref: assertion 'mini_object != NULL' failed

(MATLAB:3484935): GStreamer-CRITICAL **: 10:18:37.546: gst_mini_object_unref: assertion 'mini_object != NULL' failed
Total loop time: 2.935 sec
data/envCorp/MacaulayLibrary/422789701.wav
Total loop time: 5.956 sec
data/envCorp/MacaulayLibrary/422855281.m4a

(MATLAB:3484935): GStreamer-CRITICAL **: 10:18:44.534: gst_mini_object_unref: assertion 'mini_object != NULL' failed

(MATLAB:3484935): GStreamer-CRITICAL **: 10:18:45.425: gst_mini_object_unref: assertion 'mini_object != NULL' failed

(MATLAB:3484935): GStreamer-CRITICAL **: 10:18:46.331: gst_mini_object_unref: assertion 'mini_object != NULL' failed

(MATLAB:3484935): GStreamer-CRITICAL **: 10:18:47.171: gst_mini_object_unref: assertion 'mini_object != NULL' failed

(MATLAB:3484935): GStreamer-CRITICAL **: 10:18:47.994: gst_mini_object_unref: assertion 'mini_object != NULL' failed

(MATLAB:3484935): GStreamer-CRITICAL **: 10:18:48.820: gst_mini_object_unref: assertion 'mini_object != NULL' failed

(MATLAB:3484935): GStreamer-CRITICAL **: 10:18:49.631: gst_mini_object_unref: assertion 'mini_object != NULL' failed

(MATLAB:3484935): GStreamer-CRITICAL **: 10:18:50.455: gst_mini_object_unref: assertion 'mini_object != NULL' failed

(MATLAB:3484935): GStreamer-CRITICAL **: 10:18:51.265: gst_mini_object_unref: assertion 'mini_object != NULL' failed
Total loop time: 7.780 sec
data/envCorp/MacaulayLibrary/422855641.wav
Total loop time: 1.511 sec
data/envCorp/MacaulayLibrary/422855741.wav
Total loop time: 2.946 sec
data/envCorp/MacaulayLibrary/422913261.wav
Total loop time: 0.894 sec
data/envCorp/MacaulayLibrary/422977581.wav
Total loop time: 10.756 sec
data/envCorp/MacaulayLibrary/422987911.mp3
Total loop time: 0.957 sec
data/envCorp/MacaulayLibrary/423003641.mp3

(MATLAB:3484935): GStreamer-CRITICAL **: 10:19:09.385: gst_mini_object_unref: assertion 'mini_object != NULL' failed

(MATLAB:3484935): GStreamer-CRITICAL **: 10:19:10.345: gst_mini_object_unref: assertion 'mini_object != NULL' failed

(MATLAB:3484935): GStreamer-CRITICAL **: 10:19:10.560: gst_mini_object_unref: assertion 'mini_object != NULL' failed

(MATLAB:3484935): GStreamer-CRITICAL **: 10:19:11.508: gst_mini_object_unref: assertion 'mini_object != NULL' failed

(MATLAB:3484935): GStreamer-CRITICAL **: 10:19:12.465: gst_mini_object_unref: assertion 'mini_object != NULL' failed

(MATLAB:3484935): GStreamer-CRITICAL **: 10:19:13.414: gst_mini_object_unref: assertion 'mini_object != NULL' failed

(MATLAB:3484935): GStreamer-CRITICAL **: 10:19:14.356: gst_mini_object_unref: assertion 'mini_object != NULL' failed

(MATLAB:3484935): GStreamer-CRITICAL **: 10:19:15.293: gst_mini_object_unref: assertion 'mini_object != NULL' failed

(MATLAB:3484935): GStreamer-CRITICAL **: 10:19:16.227: gst_mini_object_unref: assertion 'mini_object != NULL' failed
Total loop time: 7.104 sec
data/envCorp/MacaulayLibrary/423023631.mp3

(MATLAB:3484935): GStreamer-CRITICAL **: 10:19:16.493: gst_mini_object_unref: assertion 'mini_object != NULL' failed

(MATLAB:3484935): GStreamer-CRITICAL **: 10:19:17.449: gst_mini_object_unref: assertion 'mini_object != NULL' failed

(MATLAB:3484935): GStreamer-CRITICAL **: 10:19:18.401: gst_mini_object_unref: assertion 'mini_object != NULL' failed

(MATLAB:3484935): GStreamer-CRITICAL **: 10:19:19.353: gst_mini_object_unref: assertion 'mini_object != NULL' failed

(MATLAB:3484935): GStreamer-CRITICAL **: 10:19:20.297: gst_mini_object_unref: assertion 'mini_object != NULL' failed

(MATLAB:3484935): GStreamer-CRITICAL **: 10:19:21.228: gst_mini_object_unref: assertion 'mini_object != NULL' failed

(MATLAB:3484935): GStreamer-CRITICAL **: 10:19:22.159: gst_mini_object_unref: assertion 'mini_object != NULL' failed

(MATLAB:3484935): GStreamer-CRITICAL **: 10:19:23.092: gst_mini_object_unref: assertion 'mini_object != NULL' failed

(MATLAB:3484935): GStreamer-CRITICAL **: 10:19:24.021: gst_mini_object_unref: assertion 'mini_object != NULL' failed
Total loop time: 8.536 sec
data/envCorp/MacaulayLibrary/423052011.wav
Total loop time: 1.543 sec
data/envCorp/MacaulayLibrary/423052031.wav
Total loop time: 3.756 sec
data/envCorp/MacaulayLibrary/423052071.wav
Total loop time: 8.997 sec
data/envCorp/MacaulayLibrary/423052081.wav
Total loop time: 6.037 sec
data/envCorp/MacaulayLibrary/42306.wav
Total loop time: 22.866 sec
data/envCorp/MacaulayLibrary/423118371.m4a

(MATLAB:3484935): GStreamer-CRITICAL **: 10:20:08.096: gst_mini_object_unref: assertion 'mini_object != NULL' failed

(MATLAB:3484935): GStreamer-CRITICAL **: 10:20:08.897: gst_mini_object_unref: assertion 'mini_object != NULL' failed

(MATLAB:3484935): GStreamer-CRITICAL **: 10:20:09.695: gst_mini_object_unref: assertion 'mini_object != NULL' failed

(MATLAB:3484935): GStreamer-CRITICAL **: 10:20:10.491: gst_mini_object_unref: assertion 'mini_object != NULL' failed
Total loop time: 3.282 sec
data/envCorp/MacaulayLibrary/423123551.wav
Total loop time: 23.094 sec
data/envCorp/MacaulayLibrary/42315.wav
Total loop time: 22.235 sec
data/envCorp/MacaulayLibrary/423156131.wav
Total loop time: 5.129 sec
data/envCorp/MacaulayLibrary/423174491.wav
Total loop time: 0.883 sec
data/envCorp/MacaulayLibrary/423174651.wav
Total loop time: 0.785 sec
data/envCorp/MacaulayLibrary/423176391.wav
Total loop time: 5.895 sec
data/envCorp/MacaulayLibrary/4232.wav
Total loop time: 21.716 sec
data/envCorp/MacaulayLibrary/423257241.wav
Total loop time: 0.027 sec
Successful STM!
Elapsed time is 868.615102 seconds.
