
                            < M A T L A B (R) >
                  Copyright 1984-2023 The MathWorks, Inc.
                  R2023b (23.2.0.2365128) 64-bit (glnxa64)
                              August 23, 2023

 
To get started, type doc.
For product information, visit www.mathworks.com.
 
data/envCorp/MacaulayLibrary/32740851.wav
Total loop time: 29.965 sec
data/envCorp/MacaulayLibrary/32740861.wav
Total loop time: 27.763 sec
data/envCorp/MacaulayLibrary/32740871.wav
Total loop time: 29.654 sec
data/envCorp/MacaulayLibrary/32740891.wav
Total loop time: 27.209 sec
data/envCorp/MacaulayLibrary/32741081.wav
Total loop time: 1.766 sec
data/envCorp/MacaulayLibrary/327410841.wav
Total loop time: 6.828 sec
data/envCorp/MacaulayLibrary/32741101.wav
Total loop time: 5.292 sec
data/envCorp/MacaulayLibrary/32742.wav
Total loop time: 25.325 sec
data/envCorp/MacaulayLibrary/327422111.wav
Total loop time: 11.132 sec
data/envCorp/MacaulayLibrary/327433491.wav
Total loop time: 4.251 sec
data/envCorp/MacaulayLibrary/327445841.wav
Total loop time: 1.748 sec
data/envCorp/MacaulayLibrary/327456171.mp3

(MATLAB:1378693): GStreamer-CRITICAL **: 10:09:52.268: gst_mini_object_unref: assertion 'mini_object != NULL' failed
Total loop time: 3.384 sec
data/envCorp/MacaulayLibrary/327478921.mp3

(MATLAB:1378693): GStreamer-CRITICAL **: 10:09:55.311: gst_mini_object_unref: assertion 'mini_object != NULL' failed
Total loop time: 2.066 sec
data/envCorp/MacaulayLibrary/327489001.wav
Total loop time: 4.386 sec
data/envCorp/MacaulayLibrary/327494521.mp3

(MATLAB:1378693): GStreamer-CRITICAL **: 10:10:01.816: gst_mini_object_unref: assertion 'mini_object != NULL' failed

(MATLAB:1378693): GStreamer-CRITICAL **: 10:10:02.838: gst_mini_object_unref: assertion 'mini_object != NULL' failed

(MATLAB:1378693): GStreamer-CRITICAL **: 10:10:03.904: gst_mini_object_unref: assertion 'mini_object != NULL' failed
Total loop time: 5.201 sec
data/envCorp/MacaulayLibrary/327508071.mp3
Total loop time: 1.995 sec
data/envCorp/MacaulayLibrary/327519511.wav
Total loop time: 6.155 sec
data/envCorp/MacaulayLibrary/32754.wav
Total loop time: 25.635 sec
data/envCorp/MacaulayLibrary/327540031.wav
Total loop time: 1.787 sec
data/envCorp/MacaulayLibrary/327558561.mp3

(MATLAB:1378693): GStreamer-CRITICAL **: 10:10:42.631: gst_mini_object_unref: assertion 'mini_object != NULL' failed

(MATLAB:1378693): GStreamer-CRITICAL **: 10:10:43.685: gst_mini_object_unref: assertion 'mini_object != NULL' failed

(MATLAB:1378693): GStreamer-CRITICAL **: 10:10:44.768: gst_mini_object_unref: assertion 'mini_object != NULL' failed

(MATLAB:1378693): GStreamer-CRITICAL **: 10:10:46.895: gst_mini_object_unref: assertion 'mini_object != NULL' failed

(MATLAB:1378693): GStreamer-CRITICAL **: 10:10:47.986: gst_mini_object_unref: assertion 'mini_object != NULL' failed

(MATLAB:1378693): GStreamer-CRITICAL **: 10:10:49.029: gst_mini_object_unref: assertion 'mini_object != NULL' failed

(MATLAB:1378693): GStreamer-CRITICAL **: 10:10:50.065: gst_mini_object_unref: assertion 'mini_object != NULL' failed

(MATLAB:1378693): GStreamer-CRITICAL **: 10:10:51.087: gst_mini_object_unref: assertion 'mini_object != NULL' failed

(MATLAB:1378693): GStreamer-CRITICAL **: 10:10:52.113: gst_mini_object_unref: assertion 'mini_object != NULL' failed

(MATLAB:1378693): GStreamer-CRITICAL **: 10:10:53.133: gst_mini_object_unref: assertion 'mini_object != NULL' failed

(MATLAB:1378693): GStreamer-CRITICAL **: 10:10:54.224: gst_mini_object_unref: assertion 'mini_object != NULL' failed

(MATLAB:1378693): GStreamer-CRITICAL **: 10:10:56.245: gst_mini_object_unref: assertion 'mini_object != NULL' failed
Total loop time: 14.714 sec
data/envCorp/MacaulayLibrary/327558611.mp3

(MATLAB:1378693): GStreamer-CRITICAL **: 10:10:57.349: gst_mini_object_unref: assertion 'mini_object != NULL' failed

(MATLAB:1378693): GStreamer-CRITICAL **: 10:10:58.467: gst_mini_object_unref: assertion 'mini_object != NULL' failed

(MATLAB:1378693): GStreamer-CRITICAL **: 10:10:59.523: gst_mini_object_unref: assertion 'mini_object != NULL' failed

(MATLAB:1378693): GStreamer-CRITICAL **: 10:11:00.572: gst_mini_object_unref: assertion 'mini_object != NULL' failed

(MATLAB:1378693): GStreamer-CRITICAL **: 10:11:01.619: gst_mini_object_unref: assertion 'mini_object != NULL' failed

(MATLAB:1378693): GStreamer-CRITICAL **: 10:11:02.655: gst_mini_object_unref: assertion 'mini_object != NULL' failed

(MATLAB:1378693): GStreamer-CRITICAL **: 10:11:03.736: gst_mini_object_unref: assertion 'mini_object != NULL' failed

(MATLAB:1378693): GStreamer-CRITICAL **: 10:11:04.813: gst_mini_object_unref: assertion 'mini_object != NULL' failed

(MATLAB:1378693): GStreamer-CRITICAL **: 10:11:05.848: gst_mini_object_unref: assertion 'mini_object != NULL' failed

(MATLAB:1378693): GStreamer-CRITICAL **: 10:11:06.872: gst_mini_object_unref: assertion 'mini_object != NULL' failed

(MATLAB:1378693): GStreamer-CRITICAL **: 10:11:07.927: gst_mini_object_unref: assertion 'mini_object != NULL' failed

(MATLAB:1378693): GStreamer-CRITICAL **: 10:11:08.958: gst_mini_object_unref: assertion 'mini_object != NULL' failed

(MATLAB:1378693): GStreamer-CRITICAL **: 10:11:10.007: gst_mini_object_unref: assertion 'mini_object != NULL' failed
Total loop time: 14.816 sec
data/envCorp/MacaulayLibrary/32757.wav
Total loop time: 25.522 sec
data/envCorp/MacaulayLibrary/32758.wav
Total loop time: 6.817 sec
data/envCorp/MacaulayLibrary/32760.wav
Total loop time: 5.953 sec
data/envCorp/MacaulayLibrary/32762.wav
Total loop time: 23.798 sec
data/envCorp/MacaulayLibrary/327641441.mp3

(MATLAB:1378693): GStreamer-CRITICAL **: 10:12:14.258: gst_mini_object_unref: assertion 'mini_object != NULL' failed

(MATLAB:1378693): GStreamer-CRITICAL **: 10:12:15.286: gst_mini_object_unref: assertion 'mini_object != NULL' failed

(MATLAB:1378693): GStreamer-CRITICAL **: 10:12:16.309: gst_mini_object_unref: assertion 'mini_object != NULL' failed

(MATLAB:1378693): GStreamer-CRITICAL **: 10:12:17.325: gst_mini_object_unref: assertion 'mini_object != NULL' failed
Total loop time: 6.238 sec
data/envCorp/MacaulayLibrary/32770.wav
Total loop time: 22.943 sec
data/envCorp/MacaulayLibrary/32771.wav
Total loop time: 8.412 sec
data/envCorp/MacaulayLibrary/327732111.mp3

(MATLAB:1378693): GStreamer-CRITICAL **: 10:12:51.852: gst_mini_object_unref: assertion 'mini_object != NULL' failed

(MATLAB:1378693): GStreamer-CRITICAL **: 10:12:52.881: gst_mini_object_unref: assertion 'mini_object != NULL' failed

(MATLAB:1378693): GStreamer-CRITICAL **: 10:12:53.932: gst_mini_object_unref: assertion 'mini_object != NULL' failed
Total loop time: 4.191 sec
data/envCorp/MacaulayLibrary/32775.wav
Total loop time: 19.491 sec
data/envCorp/MacaulayLibrary/32776.wav
Total loop time: 23.801 sec
data/envCorp/MacaulayLibrary/32779.wav
Total loop time: 3.434 sec
data/envCorp/MacaulayLibrary/327809091.wav
Total loop time: 1.716 sec
data/envCorp/MacaulayLibrary/32784.wav
Total loop time: 11.853 sec
data/envCorp/MacaulayLibrary/327857621.wav
Total loop time: 1.724 sec
data/envCorp/MacaulayLibrary/32791.wav
Total loop time: 17.786 sec
data/envCorp/MacaulayLibrary/32792.wav
Total loop time: 25.468 sec
data/envCorp/MacaulayLibrary/327932261.mp3

(MATLAB:1378693): GStreamer-CRITICAL **: 10:14:41.264: gst_mini_object_unref: assertion 'mini_object != NULL' failed
Total loop time: 1.026 sec
data/envCorp/MacaulayLibrary/32796.wav
Total loop time: 25.418 sec
data/envCorp/MacaulayLibrary/32797051.wav
Total loop time: 9.700 sec
data/envCorp/MacaulayLibrary/32797351.wav
Total loop time: 16.745 sec
data/envCorp/MacaulayLibrary/32797411.wav
Total loop time: 0.066 sec
data/envCorp/MacaulayLibrary/32797461.wav
Total loop time: 24.967 sec
data/envCorp/MacaulayLibrary/327997451.wav
Total loop time: 8.471 sec
data/envCorp/MacaulayLibrary/32806.wav
Total loop time: 25.381 sec
data/envCorp/MacaulayLibrary/328108391.m4a

(MATLAB:1378693): GStreamer-CRITICAL **: 10:16:32.988: gst_mini_object_unref: assertion 'mini_object != NULL' failed
Total loop time: 0.928 sec
data/envCorp/MacaulayLibrary/328108421.wav
Total loop time: 1.810 sec
data/envCorp/MacaulayLibrary/32821.wav
Total loop time: 25.241 sec
data/envCorp/MacaulayLibrary/328218521.wav
Total loop time: 8.670 sec
data/envCorp/MacaulayLibrary/328221041.wav
Total loop time: 1.722 sec
data/envCorp/MacaulayLibrary/32824.wav
Total loop time: 25.376 sec
data/envCorp/MacaulayLibrary/32825.wav
Total loop time: 25.593 sec
data/envCorp/MacaulayLibrary/328253201.wav
Total loop time: 0.896 sec
data/envCorp/MacaulayLibrary/328297501.wav
Total loop time: 8.550 sec
data/envCorp/MacaulayLibrary/328308401.mp3

(MATLAB:1378693): GStreamer-CRITICAL **: 10:18:11.941: gst_mini_object_unref: assertion 'mini_object != NULL' failed

(MATLAB:1378693): GStreamer-CRITICAL **: 10:18:12.978: gst_mini_object_unref: assertion 'mini_object != NULL' failed

(MATLAB:1378693): GStreamer-CRITICAL **: 10:18:14.020: gst_mini_object_unref: assertion 'mini_object != NULL' failed
Total loop time: 4.209 sec
data/envCorp/MacaulayLibrary/328308711.mp3

(MATLAB:1378693): GStreamer-CRITICAL **: 10:18:16.160: gst_mini_object_unref: assertion 'mini_object != NULL' failed

(MATLAB:1378693): GStreamer-CRITICAL **: 10:18:17.199: gst_mini_object_unref: assertion 'mini_object != NULL' failed

(MATLAB:1378693): GStreamer-CRITICAL **: 10:18:18.323: gst_mini_object_unref: assertion 'mini_object != NULL' failed

(MATLAB:1378693): GStreamer-CRITICAL **: 10:18:19.382: gst_mini_object_unref: assertion 'mini_object != NULL' failed

(MATLAB:1378693): GStreamer-CRITICAL **: 10:18:20.452: gst_mini_object_unref: assertion 'mini_object != NULL' failed

(MATLAB:1378693): GStreamer-CRITICAL **: 10:18:22.501: gst_mini_object_unref: assertion 'mini_object != NULL' failed
Total loop time: 8.487 sec
data/envCorp/MacaulayLibrary/32831.wav
Total loop time: 1.877 sec
data/envCorp/MacaulayLibrary/328316751.wav
Total loop time: 14.644 sec
data/envCorp/MacaulayLibrary/328316791.wav
Total loop time: 25.703 sec
data/envCorp/MacaulayLibrary/328317031.m4a
Total loop time: 0.912 sec
data/envCorp/MacaulayLibrary/328320911.wav
Total loop time: 25.705 sec
data/envCorp/MacaulayLibrary/328326871.wav
Total loop time: 5.988 sec
data/envCorp/MacaulayLibrary/32834.wav
Total loop time: 14.465 sec
data/envCorp/MacaulayLibrary/328362831.wav
Total loop time: 7.727 sec
data/envCorp/MacaulayLibrary/328372071.mp3

(MATLAB:1378693): GStreamer-CRITICAL **: 10:20:01.635: gst_mini_object_unref: assertion 'mini_object != NULL' failed

(MATLAB:1378693): GStreamer-CRITICAL **: 10:20:02.597: gst_mini_object_unref: assertion 'mini_object != NULL' failed
Total loop time: 1.972 sec
data/envCorp/MacaulayLibrary/328380711.wav
Total loop time: 9.507 sec
data/envCorp/MacaulayLibrary/328383261.wav
Total loop time: 25.969 sec
data/envCorp/MacaulayLibrary/328387071.wav
Total loop time: 2.666 sec
data/envCorp/MacaulayLibrary/328400521.wav
Total loop time: 3.420 sec
data/envCorp/MacaulayLibrary/328402161.wav
Total loop time: 2.583 sec
data/envCorp/MacaulayLibrary/32842.wav
Total loop time: 2.548 sec
data/envCorp/MacaulayLibrary/32847.wav
Total loop time: 0.978 sec
data/envCorp/MacaulayLibrary/328471671.wav
Total loop time: 8.609 sec
data/envCorp/MacaulayLibrary/32848.wav
Total loop time: 19.507 sec
data/envCorp/MacaulayLibrary/32849.wav
Total loop time: 6.766 sec
data/envCorp/MacaulayLibrary/32850.wav
Total loop time: 5.963 sec
data/envCorp/MacaulayLibrary/32852761.wav
Total loop time: 8.463 sec
data/envCorp/MacaulayLibrary/32858.wav
Total loop time: 0.878 sec
data/envCorp/MacaulayLibrary/32861.wav
Total loop time: 25.817 sec
data/envCorp/MacaulayLibrary/328611751.wav
Total loop time: 16.352 sec
data/envCorp/MacaulayLibrary/328620551.wav
Total loop time: 10.320 sec
data/envCorp/MacaulayLibrary/32868.wav
Total loop time: 25.528 sec
data/envCorp/MacaulayLibrary/32870.wav
Total loop time: 10.858 sec
data/envCorp/MacaulayLibrary/32872351.wav
Total loop time: 22.819 sec
data/envCorp/MacaulayLibrary/32872521.wav
Total loop time: 9.516 sec
data/envCorp/MacaulayLibrary/32872611.wav
Total loop time: 9.884 sec
data/envCorp/MacaulayLibrary/32872671.wav
Total loop time: 5.183 sec
data/envCorp/MacaulayLibrary/32872681.wav
Total loop time: 6.825 sec
data/envCorp/MacaulayLibrary/32872721.wav
Total loop time: 0.027 sec
data/envCorp/MacaulayLibrary/32872771.wav
Total loop time: 2.607 sec
data/envCorp/MacaulayLibrary/32872851.wav
Total loop time: 8.133 sec
data/envCorp/MacaulayLibrary/32873351.wav
Total loop time: 1.145 sec
data/envCorp/MacaulayLibrary/32873421.wav
Total loop time: 7.008 sec
data/envCorp/MacaulayLibrary/32873861.wav
Total loop time: 11.007 sec
data/envCorp/MacaulayLibrary/32873931.wav
Total loop time: 3.538 sec
data/envCorp/MacaulayLibrary/328745181.wav
Total loop time: 9.194 sec
data/envCorp/MacaulayLibrary/328747191.wav
Total loop time: 5.904 sec
data/envCorp/MacaulayLibrary/32876.wav
Total loop time: 7.534 sec
data/envCorp/MacaulayLibrary/32878.wav
Total loop time: 22.401 sec
data/envCorp/MacaulayLibrary/32880.wav
Total loop time: 24.928 sec
Successful STM!
Elapsed time is 1131.973133 seconds.
