
                            < M A T L A B (R) >
                  Copyright 1984-2023 The MathWorks, Inc.
                  R2023b (23.2.0.2365128) 64-bit (glnxa64)
                              August 23, 2023

 
To get started, type doc.
For product information, visit www.mathworks.com.
 
data/envCorp/MacaulayLibrary/485521631.wav
Total loop time: 6.227 sec
data/envCorp/MacaulayLibrary/485523071.wav
Total loop time: 11.899 sec
data/envCorp/MacaulayLibrary/485550991.wav
Total loop time: 7.023 sec
data/envCorp/MacaulayLibrary/485560231.mp3

(MATLAB:616299): GStreamer-CRITICAL **: 13:29:15.711: gst_mini_object_unref: assertion 'mini_object != NULL' failed

(MATLAB:616299): GStreamer-CRITICAL **: 13:29:16.830: gst_mini_object_unref: assertion 'mini_object != NULL' failed

(MATLAB:616299): GStreamer-CRITICAL **: 13:29:17.945: gst_mini_object_unref: assertion 'mini_object != NULL' failed

(MATLAB:616299): GStreamer-CRITICAL **: 13:29:19.103: gst_mini_object_unref: assertion 'mini_object != NULL' failed

(MATLAB:616299): GStreamer-CRITICAL **: 13:29:20.216: gst_mini_object_unref: assertion 'mini_object != NULL' failed
Total loop time: 7.349 sec
data/envCorp/MacaulayLibrary/485571991.mp3

(MATLAB:616299): GStreamer-CRITICAL **: 13:29:22.534: gst_mini_object_unref: assertion 'mini_object != NULL' failed

(MATLAB:616299): GStreamer-CRITICAL **: 13:29:23.662: gst_mini_object_unref: assertion 'mini_object != NULL' failed

(MATLAB:616299): GStreamer-CRITICAL **: 13:29:24.825: gst_mini_object_unref: assertion 'mini_object != NULL' failed

(MATLAB:616299): GStreamer-CRITICAL **: 13:29:25.952: gst_mini_object_unref: assertion 'mini_object != NULL' failed

(MATLAB:616299): GStreamer-CRITICAL **: 13:29:27.112: gst_mini_object_unref: assertion 'mini_object != NULL' failed

(MATLAB:616299): GStreamer-CRITICAL **: 13:29:28.280: gst_mini_object_unref: assertion 'mini_object != NULL' failed

(MATLAB:616299): GStreamer-CRITICAL **: 13:29:29.425: gst_mini_object_unref: assertion 'mini_object != NULL' failed

(MATLAB:616299): GStreamer-CRITICAL **: 13:29:30.551: gst_mini_object_unref: assertion 'mini_object != NULL' failed

(MATLAB:616299): GStreamer-CRITICAL **: 13:29:31.689: gst_mini_object_unref: assertion 'mini_object != NULL' failed

(MATLAB:616299): GStreamer-CRITICAL **: 13:29:32.847: gst_mini_object_unref: assertion 'mini_object != NULL' failed

(MATLAB:616299): GStreamer-CRITICAL **: 13:29:33.984: gst_mini_object_unref: assertion 'mini_object != NULL' failed

(MATLAB:616299): GStreamer-CRITICAL **: 13:29:35.136: gst_mini_object_unref: assertion 'mini_object != NULL' failed

(MATLAB:616299): GStreamer-CRITICAL **: 13:29:36.262: gst_mini_object_unref: assertion 'mini_object != NULL' failed

(MATLAB:616299): GStreamer-CRITICAL **: 13:29:37.392: gst_mini_object_unref: assertion 'mini_object != NULL' failed

(MATLAB:616299): GStreamer-CRITICAL **: 13:29:38.519: gst_mini_object_unref: assertion 'mini_object != NULL' failed

(MATLAB:616299): GStreamer-CRITICAL **: 13:29:39.665: gst_mini_object_unref: assertion 'mini_object != NULL' failed
Total loop time: 18.436 sec
data/envCorp/MacaulayLibrary/485572811.mp3

(MATLAB:616299): GStreamer-CRITICAL **: 13:29:40.941: gst_mini_object_unref: assertion 'mini_object != NULL' failed

(MATLAB:616299): GStreamer-CRITICAL **: 13:29:42.142: gst_mini_object_unref: assertion 'mini_object != NULL' failed

(MATLAB:616299): GStreamer-CRITICAL **: 13:29:43.382: gst_mini_object_unref: assertion 'mini_object != NULL' failed

(MATLAB:616299): GStreamer-CRITICAL **: 13:29:44.547: gst_mini_object_unref: assertion 'mini_object != NULL' failed

(MATLAB:616299): GStreamer-CRITICAL **: 13:29:45.771: gst_mini_object_unref: assertion 'mini_object != NULL' failed

(MATLAB:616299): GStreamer-CRITICAL **: 13:29:46.917: gst_mini_object_unref: assertion 'mini_object != NULL' failed

(MATLAB:616299): GStreamer-CRITICAL **: 13:29:48.031: gst_mini_object_unref: assertion 'mini_object != NULL' failed
Total loop time: 8.321 sec
data/envCorp/MacaulayLibrary/485633091.wav
Total loop time: 4.766 sec
data/envCorp/MacaulayLibrary/485635031.wav
Total loop time: 2.883 sec
data/envCorp/MacaulayLibrary/485635051.wav
Total loop time: 9.280 sec
data/envCorp/MacaulayLibrary/485683691.wav
Total loop time: 1.072 sec
data/envCorp/MacaulayLibrary/485699931.wav
Total loop time: 2.866 sec
data/envCorp/MacaulayLibrary/485732601.wav
Total loop time: 22.335 sec
data/envCorp/MacaulayLibrary/485732931.wav
Total loop time: 12.543 sec
data/envCorp/MacaulayLibrary/485775641.wav
Total loop time: 3.342 sec
data/envCorp/MacaulayLibrary/485824721.mp3

(MATLAB:616299): GStreamer-CRITICAL **: 13:30:48.361: gst_mini_object_unref: assertion 'mini_object != NULL' failed

(MATLAB:616299): GStreamer-CRITICAL **: 13:30:49.425: gst_mini_object_unref: assertion 'mini_object != NULL' failed

(MATLAB:616299): GStreamer-CRITICAL **: 13:30:50.464: gst_mini_object_unref: assertion 'mini_object != NULL' failed

(MATLAB:616299): GStreamer-CRITICAL **: 13:30:51.505: gst_mini_object_unref: assertion 'mini_object != NULL' failed
Total loop time: 5.181 sec
data/envCorp/MacaulayLibrary/485875681.wav
Total loop time: 5.499 sec
data/envCorp/MacaulayLibrary/48591671.wav
Total loop time: 2.405 sec
data/envCorp/MacaulayLibrary/485930921.wav
Total loop time: 4.734 sec
data/envCorp/MacaulayLibrary/485939951.wav
Total loop time: 3.897 sec
data/envCorp/MacaulayLibrary/485942871.mp3

(MATLAB:616299): GStreamer-CRITICAL **: 13:31:10.089: gst_mini_object_unref: assertion 'mini_object != NULL' failed

(MATLAB:616299): GStreamer-CRITICAL **: 13:31:10.341: gst_mini_object_unref: assertion 'mini_object != NULL' failed

(MATLAB:616299): GStreamer-CRITICAL **: 13:31:11.412: gst_mini_object_unref: assertion 'mini_object != NULL' failed

(MATLAB:616299): GStreamer-CRITICAL **: 13:31:11.659: gst_mini_object_unref: assertion 'mini_object != NULL' failed

(MATLAB:616299): GStreamer-CRITICAL **: 13:31:12.707: gst_mini_object_unref: assertion 'mini_object != NULL' failed

(MATLAB:616299): GStreamer-CRITICAL **: 13:31:12.942: gst_mini_object_unref: assertion 'mini_object != NULL' failed

(MATLAB:616299): GStreamer-CRITICAL **: 13:31:13.989: gst_mini_object_unref: assertion 'mini_object != NULL' failed

(MATLAB:616299): GStreamer-CRITICAL **: 13:31:14.219: gst_mini_object_unref: assertion 'mini_object != NULL' failed

(MATLAB:616299): GStreamer-CRITICAL **: 13:31:14.444: gst_mini_object_unref: assertion 'mini_object != NULL' failed
Total loop time: 4.638 sec
data/envCorp/MacaulayLibrary/48594391.wav
Total loop time: 5.595 sec
data/envCorp/MacaulayLibrary/48595061.wav
Total loop time: 4.703 sec
data/envCorp/MacaulayLibrary/48595071.wav
Total loop time: 2.478 sec
data/envCorp/MacaulayLibrary/485975351.wav
Total loop time: 1.648 sec
data/envCorp/MacaulayLibrary/486.wav
Total loop time: 4.917 sec
data/envCorp/MacaulayLibrary/486045921.mp3

(MATLAB:616299): GStreamer-CRITICAL **: 13:31:34.072: gst_mini_object_unref: assertion 'mini_object != NULL' failed

(MATLAB:616299): GStreamer-CRITICAL **: 13:31:35.196: gst_mini_object_unref: assertion 'mini_object != NULL' failed

(MATLAB:616299): GStreamer-CRITICAL **: 13:31:36.333: gst_mini_object_unref: assertion 'mini_object != NULL' failed

(MATLAB:616299): GStreamer-CRITICAL **: 13:31:37.453: gst_mini_object_unref: assertion 'mini_object != NULL' failed
Total loop time: 5.610 sec
data/envCorp/MacaulayLibrary/486050571.mp3

(MATLAB:616299): GStreamer-CRITICAL **: 13:31:39.660: gst_mini_object_unref: assertion 'mini_object != NULL' failed
Total loop time: 1.111 sec
data/envCorp/MacaulayLibrary/486068291.wav
Total loop time: 15.638 sec
data/envCorp/MacaulayLibrary/486074641.wav
Total loop time: 5.385 sec
data/envCorp/MacaulayLibrary/486076821.wav
Total loop time: 10.215 sec
data/envCorp/MacaulayLibrary/486083431.wav
Total loop time: 10.664 sec
data/envCorp/MacaulayLibrary/486084221.mp3

(MATLAB:616299): GStreamer-CRITICAL **: 13:32:22.688: gst_mini_object_unref: assertion 'mini_object != NULL' failed

(MATLAB:616299): GStreamer-CRITICAL **: 13:32:23.820: gst_mini_object_unref: assertion 'mini_object != NULL' failed
Total loop time: 2.308 sec
data/envCorp/MacaulayLibrary/486085071.wav
Total loop time: 9.633 sec
data/envCorp/MacaulayLibrary/486087701.wav
Total loop time: 5.607 sec
data/envCorp/MacaulayLibrary/486109491.wav
Total loop time: 11.062 sec
data/envCorp/MacaulayLibrary/486128121.mp3

(MATLAB:616299): GStreamer-CRITICAL **: 13:32:51.343: gst_mini_object_unref: assertion 'mini_object != NULL' failed

(MATLAB:616299): GStreamer-CRITICAL **: 13:32:52.391: gst_mini_object_unref: assertion 'mini_object != NULL' failed

(MATLAB:616299): GStreamer-CRITICAL **: 13:32:53.412: gst_mini_object_unref: assertion 'mini_object != NULL' failed

(MATLAB:616299): GStreamer-CRITICAL **: 13:32:54.444: gst_mini_object_unref: assertion 'mini_object != NULL' failed

(MATLAB:616299): GStreamer-CRITICAL **: 13:32:55.474: gst_mini_object_unref: assertion 'mini_object != NULL' failed

(MATLAB:616299): GStreamer-CRITICAL **: 13:32:56.618: gst_mini_object_unref: assertion 'mini_object != NULL' failed

(MATLAB:616299): GStreamer-CRITICAL **: 13:32:57.706: gst_mini_object_unref: assertion 'mini_object != NULL' failed

(MATLAB:616299): GStreamer-CRITICAL **: 13:32:58.677: gst_mini_object_unref: assertion 'mini_object != NULL' failed
Total loop time: 8.364 sec
data/envCorp/MacaulayLibrary/486149511.wav
Total loop time: 4.022 sec
data/envCorp/MacaulayLibrary/486167771.wav
Total loop time: 13.356 sec
data/envCorp/MacaulayLibrary/486168571.wav
Total loop time: 12.993 sec
data/envCorp/MacaulayLibrary/486177131.wav
Total loop time: 11.504 sec
data/envCorp/MacaulayLibrary/486178301.wav
Total loop time: 14.060 sec
data/envCorp/MacaulayLibrary/486345111.wav
Total loop time: 7.530 sec
data/envCorp/MacaulayLibrary/486345461.wav
Total loop time: 11.622 sec
data/envCorp/MacaulayLibrary/486349651.wav
Total loop time: 6.556 sec
data/envCorp/MacaulayLibrary/486349691.mp3

(MATLAB:616299): GStreamer-CRITICAL **: 13:34:21.358: gst_mini_object_unref: assertion 'mini_object != NULL' failed

(MATLAB:616299): GStreamer-CRITICAL **: 13:34:22.382: gst_mini_object_unref: assertion 'mini_object != NULL' failed

(MATLAB:616299): GStreamer-CRITICAL **: 13:34:23.444: gst_mini_object_unref: assertion 'mini_object != NULL' failed

(MATLAB:616299): GStreamer-CRITICAL **: 13:34:24.487: gst_mini_object_unref: assertion 'mini_object != NULL' failed

(MATLAB:616299): GStreamer-CRITICAL **: 13:34:25.549: gst_mini_object_unref: assertion 'mini_object != NULL' failed

(MATLAB:616299): GStreamer-CRITICAL **: 13:34:26.592: gst_mini_object_unref: assertion 'mini_object != NULL' failed

(MATLAB:616299): GStreamer-CRITICAL **: 13:34:27.753: gst_mini_object_unref: assertion 'mini_object != NULL' failed
Total loop time: 8.819 sec
data/envCorp/MacaulayLibrary/486391291.wav
Total loop time: 1.967 sec
data/envCorp/MacaulayLibrary/486428211.wav
Total loop time: 2.876 sec
data/envCorp/MacaulayLibrary/486472831.wav
Total loop time: 8.425 sec
data/envCorp/MacaulayLibrary/486472841.wav
Total loop time: 6.686 sec
data/envCorp/MacaulayLibrary/486472851.wav
Total loop time: 9.485 sec
data/envCorp/MacaulayLibrary/486472981.wav
Total loop time: 12.328 sec
data/envCorp/MacaulayLibrary/486619301.wav
Total loop time: 22.480 sec
data/envCorp/MacaulayLibrary/486663621.mp3

(MATLAB:616299): GStreamer-CRITICAL **: 13:35:34.461: gst_mini_object_unref: assertion 'mini_object != NULL' failed

(MATLAB:616299): GStreamer-CRITICAL **: 13:35:35.615: gst_mini_object_unref: assertion 'mini_object != NULL' failed

(MATLAB:616299): GStreamer-CRITICAL **: 13:35:36.785: gst_mini_object_unref: assertion 'mini_object != NULL' failed

(MATLAB:616299): GStreamer-CRITICAL **: 13:35:37.920: gst_mini_object_unref: assertion 'mini_object != NULL' failed

(MATLAB:616299): GStreamer-CRITICAL **: 13:35:39.058: gst_mini_object_unref: assertion 'mini_object != NULL' failed

(MATLAB:616299): GStreamer-CRITICAL **: 13:35:40.195: gst_mini_object_unref: assertion 'mini_object != NULL' failed

(MATLAB:616299): GStreamer-CRITICAL **: 13:35:41.338: gst_mini_object_unref: assertion 'mini_object != NULL' failed

(MATLAB:616299): GStreamer-CRITICAL **: 13:35:42.511: gst_mini_object_unref: assertion 'mini_object != NULL' failed

(MATLAB:616299): GStreamer-CRITICAL **: 13:35:43.660: gst_mini_object_unref: assertion 'mini_object != NULL' failed
Total loop time: 11.563 sec
data/envCorp/MacaulayLibrary/486798731.mp3

(MATLAB:616299): GStreamer-CRITICAL **: 13:35:46.014: gst_mini_object_unref: assertion 'mini_object != NULL' failed

(MATLAB:616299): GStreamer-CRITICAL **: 13:35:47.199: gst_mini_object_unref: assertion 'mini_object != NULL' failed

(MATLAB:616299): GStreamer-CRITICAL **: 13:35:48.429: gst_mini_object_unref: assertion 'mini_object != NULL' failed

(MATLAB:616299): GStreamer-CRITICAL **: 13:35:49.584: gst_mini_object_unref: assertion 'mini_object != NULL' failed

(MATLAB:616299): GStreamer-CRITICAL **: 13:35:50.743: gst_mini_object_unref: assertion 'mini_object != NULL' failed

(MATLAB:616299): GStreamer-CRITICAL **: 13:35:51.961: gst_mini_object_unref: assertion 'mini_object != NULL' failed

(MATLAB:616299): GStreamer-CRITICAL **: 13:35:53.152: gst_mini_object_unref: assertion 'mini_object != NULL' failed

(MATLAB:616299): GStreamer-CRITICAL **: 13:35:54.331: gst_mini_object_unref: assertion 'mini_object != NULL' failed
Total loop time: 10.624 sec
data/envCorp/MacaulayLibrary/486813261.mp3

(MATLAB:616299): GStreamer-CRITICAL **: 13:35:56.629: gst_mini_object_unref: assertion 'mini_object != NULL' failed

(MATLAB:616299): GStreamer-CRITICAL **: 13:35:57.795: gst_mini_object_unref: assertion 'mini_object != NULL' failed

(MATLAB:616299): GStreamer-CRITICAL **: 13:35:58.974: gst_mini_object_unref: assertion 'mini_object != NULL' failed

(MATLAB:616299): GStreamer-CRITICAL **: 13:36:00.135: gst_mini_object_unref: assertion 'mini_object != NULL' failed
Total loop time: 4.691 sec
data/envCorp/MacaulayLibrary/486929031.wav
Total loop time: 8.164 sec
data/envCorp/MacaulayLibrary/48693041.wav
Total loop time: 5.539 sec
data/envCorp/MacaulayLibrary/48693081.wav
Total loop time: 1.882 sec
data/envCorp/MacaulayLibrary/48693361.mp3

(MATLAB:616299): GStreamer-CRITICAL **: 13:36:16.911: gst_mini_object_unref: assertion 'mini_object != NULL' failed

(MATLAB:616299): GStreamer-CRITICAL **: 13:36:18.086: gst_mini_object_unref: assertion 'mini_object != NULL' failed

(MATLAB:616299): GStreamer-CRITICAL **: 13:36:19.221: gst_mini_object_unref: assertion 'mini_object != NULL' failed

(MATLAB:616299): GStreamer-CRITICAL **: 13:36:20.333: gst_mini_object_unref: assertion 'mini_object != NULL' failed
Total loop time: 5.646 sec
data/envCorp/MacaulayLibrary/486937221.wav
Total loop time: 5.737 sec
data/envCorp/MacaulayLibrary/48693791.wav
Total loop time: 1.921 sec
data/envCorp/MacaulayLibrary/486955471.wav
Total loop time: 11.610 sec
data/envCorp/MacaulayLibrary/486956301.wav
Total loop time: 8.425 sec
data/envCorp/MacaulayLibrary/486957981.wav
Total loop time: 0.915 sec
data/envCorp/MacaulayLibrary/486957991.wav
Total loop time: 17.229 sec
data/envCorp/MacaulayLibrary/486958001.wav
Total loop time: 24.481 sec
data/envCorp/MacaulayLibrary/486964141.wav
Total loop time: 12.630 sec
data/envCorp/MacaulayLibrary/487212721.wav
Total loop time: 1.770 sec
data/envCorp/MacaulayLibrary/487218911.mp3

(MATLAB:616299): GStreamer-CRITICAL **: 13:37:47.299: gst_mini_object_unref: assertion 'mini_object != NULL' failed

(MATLAB:616299): GStreamer-CRITICAL **: 13:37:48.403: gst_mini_object_unref: assertion 'mini_object != NULL' failed

(MATLAB:616299): GStreamer-CRITICAL **: 13:37:49.499: gst_mini_object_unref: assertion 'mini_object != NULL' failed
Total loop time: 4.470 sec
data/envCorp/MacaulayLibrary/487252401.mp3

(MATLAB:616299): GStreamer-CRITICAL **: 13:37:51.796: gst_mini_object_unref: assertion 'mini_object != NULL' failed

(MATLAB:616299): GStreamer-CRITICAL **: 13:37:52.063: gst_mini_object_unref: assertion 'mini_object != NULL' failed

(MATLAB:616299): GStreamer-CRITICAL **: 13:37:52.329: gst_mini_object_unref: assertion 'mini_object != NULL' failed

(MATLAB:616299): GStreamer-CRITICAL **: 13:37:52.586: gst_mini_object_unref: assertion 'mini_object != NULL' failed

(MATLAB:616299): GStreamer-CRITICAL **: 13:37:52.842: gst_mini_object_unref: assertion 'mini_object != NULL' failed

(MATLAB:616299): GStreamer-CRITICAL **: 13:37:53.091: gst_mini_object_unref: assertion 'mini_object != NULL' failed

(MATLAB:616299): GStreamer-CRITICAL **: 13:37:53.338: gst_mini_object_unref: assertion 'mini_object != NULL' failed

(MATLAB:616299): GStreamer-CRITICAL **: 13:37:53.581: gst_mini_object_unref: assertion 'mini_object != NULL' failed

(MATLAB:616299): GStreamer-CRITICAL **: 13:37:53.820: gst_mini_object_unref: assertion 'mini_object != NULL' failed

(MATLAB:616299): GStreamer-CRITICAL **: 13:37:54.053: gst_mini_object_unref: assertion 'mini_object != NULL' failed
Total loop time: 2.757 sec
data/envCorp/MacaulayLibrary/487271131.wav
Total loop time: 1.843 sec
data/envCorp/MacaulayLibrary/487293741.wav
Total loop time: 0.955 sec
data/envCorp/MacaulayLibrary/487297781.mp3

(MATLAB:616299): GStreamer-CRITICAL **: 13:37:57.314: gst_mini_object_unref: assertion 'mini_object != NULL' failed

(MATLAB:616299): GStreamer-CRITICAL **: 13:37:58.439: gst_mini_object_unref: assertion 'mini_object != NULL' failed
Total loop time: 2.291 sec
data/envCorp/MacaulayLibrary/487371231.mp3

(MATLAB:616299): GStreamer-CRITICAL **: 13:37:59.640: gst_mini_object_unref: assertion 'mini_object != NULL' failed

(MATLAB:616299): GStreamer-CRITICAL **: 13:38:00.804: gst_mini_object_unref: assertion 'mini_object != NULL' failed

(MATLAB:616299): GStreamer-CRITICAL **: 13:38:02.010: gst_mini_object_unref: assertion 'mini_object != NULL' failed

(MATLAB:616299): GStreamer-CRITICAL **: 13:38:03.161: gst_mini_object_unref: assertion 'mini_object != NULL' failed

(MATLAB:616299): GStreamer-CRITICAL **: 13:38:04.283: gst_mini_object_unref: assertion 'mini_object != NULL' failed

(MATLAB:616299): GStreamer-CRITICAL **: 13:38:05.385: gst_mini_object_unref: assertion 'mini_object != NULL' failed

(MATLAB:616299): GStreamer-CRITICAL **: 13:38:06.519: gst_mini_object_unref: assertion 'mini_object != NULL' failed

(MATLAB:616299): GStreamer-CRITICAL **: 13:38:07.638: gst_mini_object_unref: assertion 'mini_object != NULL' failed
Total loop time: 9.153 sec
data/envCorp/MacaulayLibrary/487486991.mp3

(MATLAB:616299): GStreamer-CRITICAL **: 13:38:08.843: gst_mini_object_unref: assertion 'mini_object != NULL' failed

(MATLAB:616299): GStreamer-CRITICAL **: 13:38:10.007: gst_mini_object_unref: assertion 'mini_object != NULL' failed

(MATLAB:616299): GStreamer-CRITICAL **: 13:38:11.212: gst_mini_object_unref: assertion 'mini_object != NULL' failed

(MATLAB:616299): GStreamer-CRITICAL **: 13:38:12.419: gst_mini_object_unref: assertion 'mini_object != NULL' failed

(MATLAB:616299): GStreamer-CRITICAL **: 13:38:13.601: gst_mini_object_unref: assertion 'mini_object != NULL' failed

(MATLAB:616299): GStreamer-CRITICAL **: 13:38:14.783: gst_mini_object_unref: assertion 'mini_object != NULL' failed

(MATLAB:616299): GStreamer-CRITICAL **: 13:38:15.981: gst_mini_object_unref: assertion 'mini_object != NULL' failed

(MATLAB:616299): GStreamer-CRITICAL **: 13:38:17.150: gst_mini_object_unref: assertion 'mini_object != NULL' failed

(MATLAB:616299): GStreamer-CRITICAL **: 13:38:18.279: gst_mini_object_unref: assertion 'mini_object != NULL' failed

(MATLAB:616299): GStreamer-CRITICAL **: 13:38:19.458: gst_mini_object_unref: assertion 'mini_object != NULL' failed

(MATLAB:616299): GStreamer-CRITICAL **: 13:38:20.591: gst_mini_object_unref: assertion 'mini_object != NULL' failed

(MATLAB:616299): GStreamer-CRITICAL **: 13:38:21.717: gst_mini_object_unref: assertion 'mini_object != NULL' failed

(MATLAB:616299): GStreamer-CRITICAL **: 13:38:21.989: gst_mini_object_unref: assertion 'mini_object != NULL' failed

(MATLAB:616299): GStreamer-CRITICAL **: 13:38:23.124: gst_mini_object_unref: assertion 'mini_object != NULL' failed

(MATLAB:616299): GStreamer-CRITICAL **: 13:38:24.241: gst_mini_object_unref: assertion 'mini_object != NULL' failed

(MATLAB:616299): GStreamer-CRITICAL **: 13:38:24.491: gst_mini_object_unref: assertion 'mini_object != NULL' failed

(MATLAB:616299): GStreamer-CRITICAL **: 13:38:25.615: gst_mini_object_unref: assertion 'mini_object != NULL' failed

(MATLAB:616299): GStreamer-CRITICAL **: 13:38:26.727: gst_mini_object_unref: assertion 'mini_object != NULL' failed

(MATLAB:616299): GStreamer-CRITICAL **: 13:38:27.821: gst_mini_object_unref: assertion 'mini_object != NULL' failed

(MATLAB:616299): GStreamer-CRITICAL **: 13:38:28.933: gst_mini_object_unref: assertion 'mini_object != NULL' failed
Total loop time: 21.303 sec
data/envCorp/MacaulayLibrary/487509901.wav
Total loop time: 6.139 sec
data/envCorp/MacaulayLibrary/487550941.wav
Total loop time: 1.545 sec
data/envCorp/MacaulayLibrary/487554431.wav
Total loop time: 3.893 sec
data/envCorp/MacaulayLibrary/487564331.wav
Total loop time: 0.810 sec
data/envCorp/MacaulayLibrary/487615501.mp3

(MATLAB:616299): GStreamer-CRITICAL **: 13:38:42.461: gst_mini_object_unref: assertion 'mini_object != NULL' failed

(MATLAB:616299): GStreamer-CRITICAL **: 13:38:43.450: gst_mini_object_unref: assertion 'mini_object != NULL' failed
Total loop time: 2.018 sec
data/envCorp/MacaulayLibrary/487620701.wav
Total loop time: 23.224 sec
data/envCorp/MacaulayLibrary/487652401.wav
Total loop time: 2.359 sec
data/envCorp/MacaulayLibrary/487653791.wav
Total loop time: 4.021 sec
data/envCorp/MacaulayLibrary/487658371.wav
Total loop time: 1.661 sec
data/envCorp/MacaulayLibrary/487663401.wav
Total loop time: 6.299 sec
data/envCorp/MacaulayLibrary/487663701.wav
Total loop time: 15.418 sec
data/envCorp/MacaulayLibrary/487680371.mp3
Total loop time: 0.978 sec
data/envCorp/MacaulayLibrary/487681751.mp3

(MATLAB:616299): GStreamer-CRITICAL **: 13:39:38.456: gst_mini_object_unref: assertion 'mini_object != NULL' failed

(MATLAB:616299): GStreamer-CRITICAL **: 13:39:39.461: gst_mini_object_unref: assertion 'mini_object != NULL' failed
Total loop time: 2.002 sec
data/envCorp/MacaulayLibrary/487833431.mp3

(MATLAB:616299): GStreamer-CRITICAL **: 13:39:40.481: gst_mini_object_unref: assertion 'mini_object != NULL' failed

(MATLAB:616299): GStreamer-CRITICAL **: 13:39:41.474: gst_mini_object_unref: assertion 'mini_object != NULL' failed

(MATLAB:616299): GStreamer-CRITICAL **: 13:39:42.499: gst_mini_object_unref: assertion 'mini_object != NULL' failed

(MATLAB:616299): GStreamer-CRITICAL **: 13:39:43.499: gst_mini_object_unref: assertion 'mini_object != NULL' failed

(MATLAB:616299): GStreamer-CRITICAL **: 13:39:44.513: gst_mini_object_unref: assertion 'mini_object != NULL' failed
Total loop time: 5.963 sec
data/envCorp/MacaulayLibrary/487954421.wav
Total loop time: 3.083 sec
data/envCorp/MacaulayLibrary/487955951.wav
Total loop time: 6.039 sec
data/envCorp/MacaulayLibrary/487957771.wav
Total loop time: 3.732 sec
data/envCorp/MacaulayLibrary/487966111.mp3

(MATLAB:616299): GStreamer-CRITICAL **: 13:39:59.294: gst_mini_object_unref: assertion 'mini_object != NULL' failed

(MATLAB:616299): GStreamer-CRITICAL **: 13:40:00.371: gst_mini_object_unref: assertion 'mini_object != NULL' failed
Total loop time: 3.320 sec
data/envCorp/MacaulayLibrary/487967281.mp3
Total loop time: 1.117 sec
data/envCorp/MacaulayLibrary/487983621.wav
Total loop time: 0.965 sec
data/envCorp/MacaulayLibrary/487996541.wav
Total loop time: 25.789 sec
data/envCorp/MacaulayLibrary/488030381.wav
Total loop time: 11.140 sec
data/envCorp/MacaulayLibrary/488058761.wav
Total loop time: 4.436 sec
data/envCorp/MacaulayLibrary/48807.wav
Total loop time: 6.852 sec
data/envCorp/MacaulayLibrary/48808.wav
Total loop time: 13.877 sec
Successful STM!
Elapsed time is 742.772866 seconds.
