
                            < M A T L A B (R) >
                  Copyright 1984-2023 The MathWorks, Inc.
                  R2023b (23.2.0.2365128) 64-bit (glnxa64)
                              August 23, 2023

[Warning: Unable to load Toolbox Path Cache
/home/ac8888/.matlab/R2023b/toolbox_cache-23.2.0-3137108227-glnxa64.xml. The
cache file is not in the correct format. It will be regenerated upon quitting
MATLAB.] 
 
To get started, type doc.
For product information, visit www.mathworks.com.
 
**skip** data/envCorp/MacaulayLibrary/85910.wav
**skip** data/envCorp/MacaulayLibrary/85912.wav
**skip** data/envCorp/MacaulayLibrary/85913.wav
**skip** data/envCorp/MacaulayLibrary/85914.wav
**skip** data/envCorp/MacaulayLibrary/85919.wav
**skip** data/envCorp/MacaulayLibrary/85925.wav
**skip** data/envCorp/MacaulayLibrary/8593.wav
**skip** data/envCorp/MacaulayLibrary/85930891.mp3
**skip** data/envCorp/MacaulayLibrary/85932.wav
**skip** data/envCorp/MacaulayLibrary/85937.wav
**skip** data/envCorp/MacaulayLibrary/85972.wav
**skip** data/envCorp/MacaulayLibrary/85996341.mp3
**skip** data/envCorp/MacaulayLibrary/85997.wav
**skip** data/envCorp/MacaulayLibrary/85998.wav
**skip** data/envCorp/MacaulayLibrary/86008171.wav
**skip** data/envCorp/MacaulayLibrary/86010661.wav
**skip** data/envCorp/MacaulayLibrary/86011591.wav
**skip** data/envCorp/MacaulayLibrary/86105.wav
**skip** data/envCorp/MacaulayLibrary/86110.wav
**skip** data/envCorp/MacaulayLibrary/86113.wav
**skip** data/envCorp/MacaulayLibrary/86114.wav
**skip** data/envCorp/MacaulayLibrary/86117.wav
**skip** data/envCorp/MacaulayLibrary/86118.wav
**skip** data/envCorp/MacaulayLibrary/86119.wav
**skip** data/envCorp/MacaulayLibrary/86119471.wav
**skip** data/envCorp/MacaulayLibrary/86126.wav
**skip** data/envCorp/MacaulayLibrary/86131.wav
**skip** data/envCorp/MacaulayLibrary/86136.wav
**skip** data/envCorp/MacaulayLibrary/86178.wav
**skip** data/envCorp/MacaulayLibrary/86179.wav
**skip** data/envCorp/MacaulayLibrary/86192281.m4a
**skip** data/envCorp/MacaulayLibrary/86196.wav
data/envCorp/MacaulayLibrary/86223461.mp3

(MATLAB:763130): GStreamer-CRITICAL **: 11:58:42.891: gst_mini_object_unref: assertion 'mini_object != NULL' failed

(MATLAB:763130): GStreamer-CRITICAL **: 11:58:44.834: gst_mini_object_unref: assertion 'mini_object != NULL' failed

(MATLAB:763130): GStreamer-CRITICAL **: 11:58:45.890: gst_mini_object_unref: assertion 'mini_object != NULL' failed

(MATLAB:763130): GStreamer-CRITICAL **: 11:58:46.810: gst_mini_object_unref: assertion 'mini_object != NULL' failed

(MATLAB:763130): GStreamer-CRITICAL **: 11:58:47.807: gst_mini_object_unref: assertion 'mini_object != NULL' failed

(MATLAB:763130): GStreamer-CRITICAL **: 11:58:48.784: gst_mini_object_unref: assertion 'mini_object != NULL' failed

(MATLAB:763130): GStreamer-CRITICAL **: 11:58:49.687: gst_mini_object_unref: assertion 'mini_object != NULL' failed

(MATLAB:763130): GStreamer-CRITICAL **: 11:58:51.679: gst_mini_object_unref: assertion 'mini_object != NULL' failed

(MATLAB:763130): GStreamer-CRITICAL **: 11:58:52.569: gst_mini_object_unref: assertion 'mini_object != NULL' failed

(MATLAB:763130): GStreamer-CRITICAL **: 11:58:53.461: gst_mini_object_unref: assertion 'mini_object != NULL' failed
Total loop time: 13.453 sec
data/envCorp/MacaulayLibrary/86303.wav
Total loop time: 19.016 sec
data/envCorp/MacaulayLibrary/86304.wav
Total loop time: 21.594 sec
data/envCorp/MacaulayLibrary/86317.wav
Total loop time: 21.542 sec
data/envCorp/MacaulayLibrary/86320.wav
Total loop time: 21.627 sec
data/envCorp/MacaulayLibrary/86322.wav
Total loop time: 21.591 sec
data/envCorp/MacaulayLibrary/86323.wav
Total loop time: 11.481 sec
data/envCorp/MacaulayLibrary/86343.wav
Total loop time: 21.746 sec
data/envCorp/MacaulayLibrary/8637.wav
Total loop time: 21.386 sec
data/envCorp/MacaulayLibrary/86373.wav
Total loop time: 20.955 sec
data/envCorp/MacaulayLibrary/8639.wav
Total loop time: 16.135 sec
data/envCorp/MacaulayLibrary/86394711.m4a

(MATLAB:763130): GStreamer-CRITICAL **: 12:02:12.582: gst_mini_object_unref: assertion 'mini_object != NULL' failed

(MATLAB:763130): GStreamer-CRITICAL **: 12:02:13.327: gst_mini_object_unref: assertion 'mini_object != NULL' failed

(MATLAB:763130): GStreamer-CRITICAL **: 12:02:14.065: gst_mini_object_unref: assertion 'mini_object != NULL' failed

(MATLAB:763130): GStreamer-CRITICAL **: 12:02:14.800: gst_mini_object_unref: assertion 'mini_object != NULL' failed

(MATLAB:763130): GStreamer-CRITICAL **: 12:02:15.538: gst_mini_object_unref: assertion 'mini_object != NULL' failed
Total loop time: 4.048 sec
data/envCorp/MacaulayLibrary/8640.wav
Total loop time: 5.733 sec
data/envCorp/MacaulayLibrary/8644.wav
Total loop time: 21.436 sec
data/envCorp/MacaulayLibrary/86455501.wav
Total loop time: 3.728 sec
data/envCorp/MacaulayLibrary/86460.wav
Total loop time: 11.668 sec
data/envCorp/MacaulayLibrary/86473.wav
Total loop time: 21.875 sec
data/envCorp/MacaulayLibrary/8648.wav
Total loop time: 14.312 sec
data/envCorp/MacaulayLibrary/86502691.mp3

(MATLAB:763130): GStreamer-CRITICAL **: 12:03:35.203: gst_mini_object_unref: assertion 'mini_object != NULL' failed

(MATLAB:763130): GStreamer-CRITICAL **: 12:03:36.067: gst_mini_object_unref: assertion 'mini_object != NULL' failed

(MATLAB:763130): GStreamer-CRITICAL **: 12:03:36.915: gst_mini_object_unref: assertion 'mini_object != NULL' failed

(MATLAB:763130): GStreamer-CRITICAL **: 12:03:37.767: gst_mini_object_unref: assertion 'mini_object != NULL' failed

(MATLAB:763130): GStreamer-CRITICAL **: 12:03:38.604: gst_mini_object_unref: assertion 'mini_object != NULL' failed
Total loop time: 4.312 sec
data/envCorp/MacaulayLibrary/86508.wav
Total loop time: 9.759 sec
data/envCorp/MacaulayLibrary/8654.wav
Total loop time: 21.153 sec
data/envCorp/MacaulayLibrary/86541.wav
Total loop time: 21.452 sec
data/envCorp/MacaulayLibrary/86544.wav
Total loop time: 21.637 sec
data/envCorp/MacaulayLibrary/86557.wav
Total loop time: 21.891 sec
data/envCorp/MacaulayLibrary/86558.wav
Total loop time: 21.590 sec
data/envCorp/MacaulayLibrary/86572361.wav
Total loop time: 7.864 sec
data/envCorp/MacaulayLibrary/86600011.wav
Total loop time: 11.443 sec
data/envCorp/MacaulayLibrary/86607.wav
Total loop time: 19.429 sec
data/envCorp/MacaulayLibrary/86608.wav
Total loop time: 21.433 sec
data/envCorp/MacaulayLibrary/86679.wav
Total loop time: 20.101 sec
data/envCorp/MacaulayLibrary/86685.wav
Total loop time: 21.394 sec
data/envCorp/MacaulayLibrary/86706651.wav
Total loop time: 15.707 sec
data/envCorp/MacaulayLibrary/86735.wav
Total loop time: 15.756 sec
data/envCorp/MacaulayLibrary/86738.wav
Total loop time: 6.506 sec
data/envCorp/MacaulayLibrary/86755.wav
Total loop time: 21.479 sec
data/envCorp/MacaulayLibrary/86756.wav
Total loop time: 12.212 sec
data/envCorp/MacaulayLibrary/86762.wav
Total loop time: 21.467 sec
data/envCorp/MacaulayLibrary/86764.wav
Total loop time: 17.521 sec
data/envCorp/MacaulayLibrary/86788.wav
Total loop time: 5.169 sec
data/envCorp/MacaulayLibrary/86792.wav
Total loop time: 13.655 sec
data/envCorp/MacaulayLibrary/86793.wav
Total loop time: 10.708 sec
data/envCorp/MacaulayLibrary/86809181.m4a
Total loop time: 0.787 sec
data/envCorp/MacaulayLibrary/86833.wav
Total loop time: 21.568 sec
data/envCorp/MacaulayLibrary/86838221.wav
Total loop time: 5.803 sec
data/envCorp/MacaulayLibrary/86854151.wav
Total loop time: 3.648 sec
data/envCorp/MacaulayLibrary/86855.wav
Total loop time: 21.421 sec
data/envCorp/MacaulayLibrary/86860.wav
Total loop time: 12.199 sec
data/envCorp/MacaulayLibrary/86884.wav
Total loop time: 11.560 sec
data/envCorp/MacaulayLibrary/86887.wav
Total loop time: 16.413 sec
data/envCorp/MacaulayLibrary/86905941.m4a

(MATLAB:763130): GStreamer-CRITICAL **: 12:11:12.198: gst_mini_object_unref: assertion 'mini_object != NULL' failed

(MATLAB:763130): GStreamer-CRITICAL **: 12:11:12.947: gst_mini_object_unref: assertion 'mini_object != NULL' failed

(MATLAB:763130): GStreamer-CRITICAL **: 12:11:13.688: gst_mini_object_unref: assertion 'mini_object != NULL' failed

(MATLAB:763130): GStreamer-CRITICAL **: 12:11:14.433: gst_mini_object_unref: assertion 'mini_object != NULL' failed

(MATLAB:763130): GStreamer-CRITICAL **: 12:11:15.167: gst_mini_object_unref: assertion 'mini_object != NULL' failed

(MATLAB:763130): GStreamer-CRITICAL **: 12:11:15.898: gst_mini_object_unref: assertion 'mini_object != NULL' failed
Total loop time: 4.499 sec
data/envCorp/MacaulayLibrary/86906561.m4a

(MATLAB:763130): GStreamer-CRITICAL **: 12:11:16.707: gst_mini_object_unref: assertion 'mini_object != NULL' failed

(MATLAB:763130): GStreamer-CRITICAL **: 12:11:17.467: gst_mini_object_unref: assertion 'mini_object != NULL' failed

(MATLAB:763130): GStreamer-CRITICAL **: 12:11:18.230: gst_mini_object_unref: assertion 'mini_object != NULL' failed

(MATLAB:763130): GStreamer-CRITICAL **: 12:11:18.993: gst_mini_object_unref: assertion 'mini_object != NULL' failed

(MATLAB:763130): GStreamer-CRITICAL **: 12:11:19.747: gst_mini_object_unref: assertion 'mini_object != NULL' failed

(MATLAB:763130): GStreamer-CRITICAL **: 12:11:20.490: gst_mini_object_unref: assertion 'mini_object != NULL' failed

(MATLAB:763130): GStreamer-CRITICAL **: 12:11:21.245: gst_mini_object_unref: assertion 'mini_object != NULL' failed

(MATLAB:763130): GStreamer-CRITICAL **: 12:11:21.989: gst_mini_object_unref: assertion 'mini_object != NULL' failed
Total loop time: 6.096 sec
data/envCorp/MacaulayLibrary/86906781.m4a

(MATLAB:763130): GStreamer-CRITICAL **: 12:11:22.773: gst_mini_object_unref: assertion 'mini_object != NULL' failed

(MATLAB:763130): GStreamer-CRITICAL **: 12:11:23.505: gst_mini_object_unref: assertion 'mini_object != NULL' failed
Total loop time: 1.510 sec
data/envCorp/MacaulayLibrary/86915.wav
Total loop time: 8.697 sec
data/envCorp/MacaulayLibrary/86919.wav
Total loop time: 13.735 sec
data/envCorp/MacaulayLibrary/86944.wav
Total loop time: 6.530 sec
data/envCorp/MacaulayLibrary/86966391.wav
Total loop time: 14.395 sec
data/envCorp/MacaulayLibrary/86977.wav
Total loop time: 21.639 sec
data/envCorp/MacaulayLibrary/86981.wav
Total loop time: 21.627 sec
data/envCorp/MacaulayLibrary/87000.wav
Total loop time: 16.625 sec
data/envCorp/MacaulayLibrary/87013.wav
Total loop time: 20.240 sec
data/envCorp/MacaulayLibrary/87018.wav
Total loop time: 9.430 sec
data/envCorp/MacaulayLibrary/87039.wav
Total loop time: 15.940 sec
data/envCorp/MacaulayLibrary/87042.wav
Total loop time: 21.691 sec
data/envCorp/MacaulayLibrary/87048.wav
Total loop time: 21.605 sec
data/envCorp/MacaulayLibrary/87064.wav
Total loop time: 12.381 sec
data/envCorp/MacaulayLibrary/87068.wav
Total loop time: 21.710 sec
data/envCorp/MacaulayLibrary/87069.wav
Total loop time: 21.616 sec
data/envCorp/MacaulayLibrary/8708.wav
Total loop time: 21.640 sec
Successful STM!
Elapsed time is 1037.022522 seconds.
