
                            < M A T L A B (R) >
                  Copyright 1984-2023 The MathWorks, Inc.
                  R2023b (23.2.0.2365128) 64-bit (glnxa64)
                              August 23, 2023

 
To get started, type doc.
For product information, visit www.mathworks.com.
 
data/envCorp/MacaulayLibrary/518055471.wav
Total loop time: 15.632 sec
data/envCorp/MacaulayLibrary/518055641.wav
Total loop time: 4.034 sec
data/envCorp/MacaulayLibrary/518055871.wav
Total loop time: 11.261 sec
data/envCorp/MacaulayLibrary/518060.wav
Total loop time: 11.273 sec
data/envCorp/MacaulayLibrary/518062.wav
Total loop time: 12.945 sec
data/envCorp/MacaulayLibrary/518064.wav
Total loop time: 24.051 sec
data/envCorp/MacaulayLibrary/518065.wav
Total loop time: 22.607 sec
data/envCorp/MacaulayLibrary/518069.wav
Total loop time: 13.060 sec
data/envCorp/MacaulayLibrary/518070.wav
Total loop time: 2.494 sec
data/envCorp/MacaulayLibrary/518074.wav
Total loop time: 19.452 sec
data/envCorp/MacaulayLibrary/518095.wav
Total loop time: 9.605 sec
data/envCorp/MacaulayLibrary/518097.wav
Total loop time: 11.816 sec
data/envCorp/MacaulayLibrary/518099.wav
Total loop time: 11.873 sec
data/envCorp/MacaulayLibrary/518104.wav
Total loop time: 23.682 sec
data/envCorp/MacaulayLibrary/518107.wav
Total loop time: 0.850 sec
data/envCorp/MacaulayLibrary/518109.wav
Total loop time: 12.623 sec
data/envCorp/MacaulayLibrary/518111.wav
Total loop time: 0.893 sec
data/envCorp/MacaulayLibrary/518112.wav
Total loop time: 23.649 sec
data/envCorp/MacaulayLibrary/518114.wav
Total loop time: 8.699 sec
data/envCorp/MacaulayLibrary/518117721.mp3

(MATLAB:1627214): GStreamer-CRITICAL **: 10:11:09.952: gst_mini_object_unref: assertion 'mini_object != NULL' failed

(MATLAB:1627214): GStreamer-CRITICAL **: 10:11:10.927: gst_mini_object_unref: assertion 'mini_object != NULL' failed

(MATLAB:1627214): GStreamer-CRITICAL **: 10:11:11.894: gst_mini_object_unref: assertion 'mini_object != NULL' failed

(MATLAB:1627214): GStreamer-CRITICAL **: 10:11:12.850: gst_mini_object_unref: assertion 'mini_object != NULL' failed

(MATLAB:1627214): GStreamer-CRITICAL **: 10:11:13.808: gst_mini_object_unref: assertion 'mini_object != NULL' failed
Total loop time: 5.250 sec
data/envCorp/MacaulayLibrary/518119.wav
Total loop time: 23.385 sec
data/envCorp/MacaulayLibrary/518120921.wav
Total loop time: 15.677 sec
data/envCorp/MacaulayLibrary/518124.wav
Total loop time: 10.137 sec
data/envCorp/MacaulayLibrary/518140.wav
Total loop time: 2.401 sec
data/envCorp/MacaulayLibrary/518159.wav
Total loop time: 14.884 sec
data/envCorp/MacaulayLibrary/518166.wav
Total loop time: 22.663 sec
data/envCorp/MacaulayLibrary/518167.wav
Total loop time: 0.817 sec
data/envCorp/MacaulayLibrary/518176241.wav
Total loop time: 13.453 sec
data/envCorp/MacaulayLibrary/518181.wav
Total loop time: 15.869 sec
data/envCorp/MacaulayLibrary/518183.wav
Total loop time: 12.552 sec
data/envCorp/MacaulayLibrary/518185.wav
Total loop time: 11.005 sec
data/envCorp/MacaulayLibrary/518190.wav
Total loop time: 7.037 sec
data/envCorp/MacaulayLibrary/518191.wav
Total loop time: 23.580 sec
data/envCorp/MacaulayLibrary/518193.wav
Total loop time: 8.697 sec
data/envCorp/MacaulayLibrary/518196.wav
Total loop time: 4.785 sec
data/envCorp/MacaulayLibrary/518197.wav
Total loop time: 23.933 sec
data/envCorp/MacaulayLibrary/518202.wav
Total loop time: 19.695 sec
data/envCorp/MacaulayLibrary/518205.wav
Total loop time: 15.723 sec
data/envCorp/MacaulayLibrary/518210.wav
Total loop time: 19.911 sec
data/envCorp/MacaulayLibrary/518213.wav
Total loop time: 17.263 sec
data/envCorp/MacaulayLibrary/518214.wav
Total loop time: 12.560 sec
data/envCorp/MacaulayLibrary/518219.wav
Total loop time: 12.453 sec
data/envCorp/MacaulayLibrary/518222.wav
Total loop time: 1.588 sec
data/envCorp/MacaulayLibrary/51823471.wav
Total loop time: 1.606 sec
data/envCorp/MacaulayLibrary/518297361.wav
Total loop time: 12.528 sec
data/envCorp/MacaulayLibrary/518320171.wav
Total loop time: 4.723 sec
data/envCorp/MacaulayLibrary/5184.wav
Total loop time: 23.679 sec
data/envCorp/MacaulayLibrary/518467.wav
Total loop time: 23.342 sec
data/envCorp/MacaulayLibrary/518470111.wav
Total loop time: 2.357 sec
data/envCorp/MacaulayLibrary/518471841.m4a

(MATLAB:1627214): GStreamer-CRITICAL **: 10:17:33.162: gst_mini_object_unref: assertion 'mini_object != NULL' failed

(MATLAB:1627214): GStreamer-CRITICAL **: 10:17:34.016: gst_mini_object_unref: assertion 'mini_object != NULL' failed

(MATLAB:1627214): GStreamer-CRITICAL **: 10:17:34.878: gst_mini_object_unref: assertion 'mini_object != NULL' failed

(MATLAB:1627214): GStreamer-CRITICAL **: 10:17:35.726: gst_mini_object_unref: assertion 'mini_object != NULL' failed

(MATLAB:1627214): GStreamer-CRITICAL **: 10:17:36.566: gst_mini_object_unref: assertion 'mini_object != NULL' failed

(MATLAB:1627214): GStreamer-CRITICAL **: 10:17:37.400: gst_mini_object_unref: assertion 'mini_object != NULL' failed

(MATLAB:1627214): GStreamer-CRITICAL **: 10:17:38.227: gst_mini_object_unref: assertion 'mini_object != NULL' failed

(MATLAB:1627214): GStreamer-CRITICAL **: 10:17:39.044: gst_mini_object_unref: assertion 'mini_object != NULL' failed

(MATLAB:1627214): GStreamer-CRITICAL **: 10:17:39.851: gst_mini_object_unref: assertion 'mini_object != NULL' failed

(MATLAB:1627214): GStreamer-CRITICAL **: 10:17:40.639: gst_mini_object_unref: assertion 'mini_object != NULL' failed

(MATLAB:1627214): GStreamer-CRITICAL **: 10:17:41.423: gst_mini_object_unref: assertion 'mini_object != NULL' failed
Total loop time: 9.180 sec
data/envCorp/MacaulayLibrary/518480091.mp3

(MATLAB:1627214): GStreamer-CRITICAL **: 10:17:42.426: gst_mini_object_unref: assertion 'mini_object != NULL' failed

(MATLAB:1627214): GStreamer-CRITICAL **: 10:17:43.384: gst_mini_object_unref: assertion 'mini_object != NULL' failed

(MATLAB:1627214): GStreamer-CRITICAL **: 10:17:44.346: gst_mini_object_unref: assertion 'mini_object != NULL' failed

(MATLAB:1627214): GStreamer-CRITICAL **: 10:17:45.298: gst_mini_object_unref: assertion 'mini_object != NULL' failed

(MATLAB:1627214): GStreamer-CRITICAL **: 10:17:46.237: gst_mini_object_unref: assertion 'mini_object != NULL' failed

(MATLAB:1627214): GStreamer-CRITICAL **: 10:17:47.177: gst_mini_object_unref: assertion 'mini_object != NULL' failed

(MATLAB:1627214): GStreamer-CRITICAL **: 10:17:48.108: gst_mini_object_unref: assertion 'mini_object != NULL' failed

(MATLAB:1627214): GStreamer-CRITICAL **: 10:17:49.044: gst_mini_object_unref: assertion 'mini_object != NULL' failed

(MATLAB:1627214): GStreamer-CRITICAL **: 10:17:49.966: gst_mini_object_unref: assertion 'mini_object != NULL' failed

(MATLAB:1627214): GStreamer-CRITICAL **: 10:17:50.865: gst_mini_object_unref: assertion 'mini_object != NULL' failed

(MATLAB:1627214): GStreamer-CRITICAL **: 10:17:51.773: gst_mini_object_unref: assertion 'mini_object != NULL' failed

(MATLAB:1627214): GStreamer-CRITICAL **: 10:17:52.671: gst_mini_object_unref: assertion 'mini_object != NULL' failed

(MATLAB:1627214): GStreamer-CRITICAL **: 10:17:53.556: gst_mini_object_unref: assertion 'mini_object != NULL' failed
Total loop time: 12.150 sec
data/envCorp/MacaulayLibrary/518509511.wav
Total loop time: 0.827 sec
data/envCorp/MacaulayLibrary/518524151.wav
Total loop time: 1.599 sec
data/envCorp/MacaulayLibrary/518543631.mp3

(MATLAB:1627214): GStreamer-CRITICAL **: 10:17:56.951: gst_mini_object_unref: assertion 'mini_object != NULL' failed

(MATLAB:1627214): GStreamer-CRITICAL **: 10:17:57.973: gst_mini_object_unref: assertion 'mini_object != NULL' failed

(MATLAB:1627214): GStreamer-CRITICAL **: 10:17:58.881: gst_mini_object_unref: assertion 'mini_object != NULL' failed

(MATLAB:1627214): GStreamer-CRITICAL **: 10:17:59.789: gst_mini_object_unref: assertion 'mini_object != NULL' failed

(MATLAB:1627214): GStreamer-CRITICAL **: 10:18:00.695: gst_mini_object_unref: assertion 'mini_object != NULL' failed

(MATLAB:1627214): GStreamer-CRITICAL **: 10:18:01.601: gst_mini_object_unref: assertion 'mini_object != NULL' failed

(MATLAB:1627214): GStreamer-CRITICAL **: 10:18:02.495: gst_mini_object_unref: assertion 'mini_object != NULL' failed

(MATLAB:1627214): GStreamer-CRITICAL **: 10:18:03.388: gst_mini_object_unref: assertion 'mini_object != NULL' failed

(MATLAB:1627214): GStreamer-CRITICAL **: 10:18:04.258: gst_mini_object_unref: assertion 'mini_object != NULL' failed

(MATLAB:1627214): GStreamer-CRITICAL **: 10:18:05.143: gst_mini_object_unref: assertion 'mini_object != NULL' failed

(MATLAB:1627214): GStreamer-CRITICAL **: 10:18:06.040: gst_mini_object_unref: assertion 'mini_object != NULL' failed

(MATLAB:1627214): GStreamer-CRITICAL **: 10:18:06.934: gst_mini_object_unref: assertion 'mini_object != NULL' failed

(MATLAB:1627214): GStreamer-CRITICAL **: 10:18:07.815: gst_mini_object_unref: assertion 'mini_object != NULL' failed
Total loop time: 11.809 sec
data/envCorp/MacaulayLibrary/518566131.wav
Total loop time: 7.037 sec
data/envCorp/MacaulayLibrary/518566281.wav
Total loop time: 11.540 sec
data/envCorp/MacaulayLibrary/518567101.wav
Total loop time: 7.802 sec
data/envCorp/MacaulayLibrary/518594211.wav
Total loop time: 4.816 sec
data/envCorp/MacaulayLibrary/51869201.mp3

(MATLAB:1627214): GStreamer-CRITICAL **: 10:18:40.063: gst_mini_object_unref: assertion 'mini_object != NULL' failed

(MATLAB:1627214): GStreamer-CRITICAL **: 10:18:41.123: gst_mini_object_unref: assertion 'mini_object != NULL' failed

(MATLAB:1627214): GStreamer-CRITICAL **: 10:18:42.087: gst_mini_object_unref: assertion 'mini_object != NULL' failed

(MATLAB:1627214): GStreamer-CRITICAL **: 10:18:43.023: gst_mini_object_unref: assertion 'mini_object != NULL' failed

(MATLAB:1627214): GStreamer-CRITICAL **: 10:18:43.938: gst_mini_object_unref: assertion 'mini_object != NULL' failed

(MATLAB:1627214): GStreamer-CRITICAL **: 10:18:44.860: gst_mini_object_unref: assertion 'mini_object != NULL' failed

(MATLAB:1627214): GStreamer-CRITICAL **: 10:18:45.771: gst_mini_object_unref: assertion 'mini_object != NULL' failed

(MATLAB:1627214): GStreamer-CRITICAL **: 10:18:46.673: gst_mini_object_unref: assertion 'mini_object != NULL' failed

(MATLAB:1627214): GStreamer-CRITICAL **: 10:18:47.601: gst_mini_object_unref: assertion 'mini_object != NULL' failed

(MATLAB:1627214): GStreamer-CRITICAL **: 10:18:48.512: gst_mini_object_unref: assertion 'mini_object != NULL' failed

(MATLAB:1627214): GStreamer-CRITICAL **: 10:18:49.423: gst_mini_object_unref: assertion 'mini_object != NULL' failed
Total loop time: 10.436 sec
data/envCorp/MacaulayLibrary/5187.wav
Total loop time: 23.110 sec
data/envCorp/MacaulayLibrary/518708101.mp3

(MATLAB:1627214): GStreamer-CRITICAL **: 10:19:13.619: gst_mini_object_unref: assertion 'mini_object != NULL' failed

(MATLAB:1627214): GStreamer-CRITICAL **: 10:19:14.622: gst_mini_object_unref: assertion 'mini_object != NULL' failed

(MATLAB:1627214): GStreamer-CRITICAL **: 10:19:15.630: gst_mini_object_unref: assertion 'mini_object != NULL' failed

(MATLAB:1627214): GStreamer-CRITICAL **: 10:19:16.607: gst_mini_object_unref: assertion 'mini_object != NULL' failed

(MATLAB:1627214): GStreamer-CRITICAL **: 10:19:17.581: gst_mini_object_unref: assertion 'mini_object != NULL' failed

(MATLAB:1627214): GStreamer-CRITICAL **: 10:19:18.576: gst_mini_object_unref: assertion 'mini_object != NULL' failed

(MATLAB:1627214): GStreamer-CRITICAL **: 10:19:19.567: gst_mini_object_unref: assertion 'mini_object != NULL' failed

(MATLAB:1627214): GStreamer-CRITICAL **: 10:19:20.535: gst_mini_object_unref: assertion 'mini_object != NULL' failed

(MATLAB:1627214): GStreamer-CRITICAL **: 10:19:21.475: gst_mini_object_unref: assertion 'mini_object != NULL' failed

(MATLAB:1627214): GStreamer-CRITICAL **: 10:19:22.413: gst_mini_object_unref: assertion 'mini_object != NULL' failed

(MATLAB:1627214): GStreamer-CRITICAL **: 10:19:23.368: gst_mini_object_unref: assertion 'mini_object != NULL' failed

(MATLAB:1627214): GStreamer-CRITICAL **: 10:19:24.317: gst_mini_object_unref: assertion 'mini_object != NULL' failed

(MATLAB:1627214): GStreamer-CRITICAL **: 10:19:25.248: gst_mini_object_unref: assertion 'mini_object != NULL' failed

(MATLAB:1627214): GStreamer-CRITICAL **: 10:19:26.171: gst_mini_object_unref: assertion 'mini_object != NULL' failed

(MATLAB:1627214): GStreamer-CRITICAL **: 10:19:27.091: gst_mini_object_unref: assertion 'mini_object != NULL' failed

(MATLAB:1627214): GStreamer-CRITICAL **: 10:19:28.003: gst_mini_object_unref: assertion 'mini_object != NULL' failed

(MATLAB:1627214): GStreamer-CRITICAL **: 10:19:28.915: gst_mini_object_unref: assertion 'mini_object != NULL' failed
Total loop time: 16.343 sec
data/envCorp/MacaulayLibrary/518746321.wav
Total loop time: 12.137 sec
data/envCorp/MacaulayLibrary/518748481.wav
Total loop time: 6.099 sec
data/envCorp/MacaulayLibrary/518748791.wav
Total loop time: 14.370 sec
data/envCorp/MacaulayLibrary/518748971.wav
Total loop time: 0.787 sec
data/envCorp/MacaulayLibrary/51876.wav
Total loop time: 3.680 sec
data/envCorp/MacaulayLibrary/518765491.wav
Total loop time: 8.112 sec
data/envCorp/MacaulayLibrary/518796801.wav
Total loop time: 1.511 sec
data/envCorp/MacaulayLibrary/518820861.wav
Total loop time: 5.130 sec
data/envCorp/MacaulayLibrary/518821001.wav
Total loop time: 0.784 sec
data/envCorp/MacaulayLibrary/518821071.wav
Total loop time: 1.499 sec
data/envCorp/MacaulayLibrary/518821101.wav
Total loop time: 3.692 sec
data/envCorp/MacaulayLibrary/518821111.wav
Total loop time: 8.255 sec
data/envCorp/MacaulayLibrary/518833321.wav
Total loop time: 6.636 sec
data/envCorp/MacaulayLibrary/518833591.wav
Total loop time: 5.157 sec
data/envCorp/MacaulayLibrary/518854841.wav
Total loop time: 0.782 sec
data/envCorp/MacaulayLibrary/518897111.mp3

(MATLAB:1627214): GStreamer-CRITICAL **: 10:20:48.555: gst_mini_object_unref: assertion 'mini_object != NULL' failed

(MATLAB:1627214): GStreamer-CRITICAL **: 10:20:49.428: gst_mini_object_unref: assertion 'mini_object != NULL' failed

(MATLAB:1627214): GStreamer-CRITICAL **: 10:20:50.301: gst_mini_object_unref: assertion 'mini_object != NULL' failed

(MATLAB:1627214): GStreamer-CRITICAL **: 10:20:51.167: gst_mini_object_unref: assertion 'mini_object != NULL' failed

(MATLAB:1627214): GStreamer-CRITICAL **: 10:20:52.033: gst_mini_object_unref: assertion 'mini_object != NULL' failed

(MATLAB:1627214): GStreamer-CRITICAL **: 10:20:52.892: gst_mini_object_unref: assertion 'mini_object != NULL' failed

(MATLAB:1627214): GStreamer-CRITICAL **: 10:20:53.742: gst_mini_object_unref: assertion 'mini_object != NULL' failed
Total loop time: 6.125 sec
data/envCorp/MacaulayLibrary/518898231.mp3

(MATLAB:1627214): GStreamer-CRITICAL **: 10:20:54.690: gst_mini_object_unref: assertion 'mini_object != NULL' failed

(MATLAB:1627214): GStreamer-CRITICAL **: 10:20:55.555: gst_mini_object_unref: assertion 'mini_object != NULL' failed

(MATLAB:1627214): GStreamer-CRITICAL **: 10:20:56.418: gst_mini_object_unref: assertion 'mini_object != NULL' failed

(MATLAB:1627214): GStreamer-CRITICAL **: 10:20:57.286: gst_mini_object_unref: assertion 'mini_object != NULL' failed
Total loop time: 3.570 sec
data/envCorp/MacaulayLibrary/51891.wav
Total loop time: 22.161 sec
data/envCorp/MacaulayLibrary/518957611.wav
Total loop time: 1.519 sec
data/envCorp/MacaulayLibrary/518969641.mp3

(MATLAB:1627214): GStreamer-CRITICAL **: 10:21:21.978: gst_mini_object_unref: assertion 'mini_object != NULL' failed

(MATLAB:1627214): GStreamer-CRITICAL **: 10:21:22.869: gst_mini_object_unref: assertion 'mini_object != NULL' failed
Total loop time: 1.908 sec
data/envCorp/MacaulayLibrary/518993241.mp3

(MATLAB:1627214): GStreamer-CRITICAL **: 10:21:23.884: gst_mini_object_unref: assertion 'mini_object != NULL' failed
Total loop time: 0.966 sec
data/envCorp/MacaulayLibrary/51900.wav
Total loop time: 4.461 sec
data/envCorp/MacaulayLibrary/519016821.wav
Total loop time: 22.254 sec
data/envCorp/MacaulayLibrary/519020981.wav
Total loop time: 2.275 sec
data/envCorp/MacaulayLibrary/519021071.wav
Total loop time: 1.509 sec
data/envCorp/MacaulayLibrary/519021121.wav
Total loop time: 9.090 sec
data/envCorp/MacaulayLibrary/519031491.wav
Total loop time: 10.957 sec
data/envCorp/MacaulayLibrary/5191.wav
Total loop time: 10.920 sec
data/envCorp/MacaulayLibrary/519139401.wav
Total loop time: 7.384 sec
data/envCorp/MacaulayLibrary/519149711.wav
Total loop time: 18.964 sec
data/envCorp/MacaulayLibrary/519153931.wav
Total loop time: 21.945 sec
data/envCorp/MacaulayLibrary/519154461.wav
Total loop time: 20.465 sec
data/envCorp/MacaulayLibrary/519157271.wav
Total loop time: 13.117 sec
data/envCorp/MacaulayLibrary/519157281.wav
Total loop time: 11.653 sec
data/envCorp/MacaulayLibrary/519157991.wav
Total loop time: 2.943 sec
data/envCorp/MacaulayLibrary/519158001.wav
Total loop time: 4.404 sec
data/envCorp/MacaulayLibrary/519158461.wav
Total loop time: 7.993 sec
data/envCorp/MacaulayLibrary/519158471.wav
Total loop time: 3.739 sec
data/envCorp/MacaulayLibrary/519161041.wav
Total loop time: 15.340 sec
Successful STM!
Elapsed time is 1050.274177 seconds.
