
                            < M A T L A B (R) >
                  Copyright 1984-2023 The MathWorks, Inc.
                  R2023b (23.2.0.2365128) 64-bit (glnxa64)
                              August 23, 2023

 
To get started, type doc.
For product information, visit www.mathworks.com.
 
**skip** data/envCorp/MacaulayLibrary/252976681.wav
**skip** data/envCorp/MacaulayLibrary/252979.wav
**skip** data/envCorp/MacaulayLibrary/252997881.mp3
**skip** data/envCorp/MacaulayLibrary/253006091.mp3
**skip** data/envCorp/MacaulayLibrary/253006201.mp3
**skip** data/envCorp/MacaulayLibrary/253010221.mp3
**skip** data/envCorp/MacaulayLibrary/253018411.mp3
**skip** data/envCorp/MacaulayLibrary/253045971.wav
**skip** data/envCorp/MacaulayLibrary/25305971.wav
**skip** data/envCorp/MacaulayLibrary/25306161.wav
**skip** data/envCorp/MacaulayLibrary/253091761.mp3
**skip** data/envCorp/MacaulayLibrary/253093901.mp3
**skip** data/envCorp/MacaulayLibrary/253174.wav
**skip** data/envCorp/MacaulayLibrary/253188731.wav
**skip** data/envCorp/MacaulayLibrary/2533.wav
**skip** data/envCorp/MacaulayLibrary/253332.wav
**skip** data/envCorp/MacaulayLibrary/253354541.wav
**skip** data/envCorp/MacaulayLibrary/253365651.wav
**skip** data/envCorp/MacaulayLibrary/253374201.wav
**skip** data/envCorp/MacaulayLibrary/25338.wav
**skip** data/envCorp/MacaulayLibrary/25339.wav
**skip** data/envCorp/MacaulayLibrary/25341.wav
**skip** data/envCorp/MacaulayLibrary/253415131.wav
**skip** data/envCorp/MacaulayLibrary/253416161.wav
**skip** data/envCorp/MacaulayLibrary/253443791.mp3
**skip** data/envCorp/MacaulayLibrary/253453711.wav
**skip** data/envCorp/MacaulayLibrary/253454731.wav
**skip** data/envCorp/MacaulayLibrary/253474351.wav
**skip** data/envCorp/MacaulayLibrary/253474361.wav
**skip** data/envCorp/MacaulayLibrary/253474381.wav
**skip** data/envCorp/MacaulayLibrary/253489391.wav
**skip** data/envCorp/MacaulayLibrary/253503731.wav
**skip** data/envCorp/MacaulayLibrary/253538801.wav
data/envCorp/MacaulayLibrary/253538851.wav
Total loop time: 1.105 sec
**skip** data/envCorp/MacaulayLibrary/253538861.wav
**skip** data/envCorp/MacaulayLibrary/253596151.wav
**skip** data/envCorp/MacaulayLibrary/253596591.wav
**skip** data/envCorp/MacaulayLibrary/253613211.mp3
**skip** data/envCorp/MacaulayLibrary/253635921.wav
**skip** data/envCorp/MacaulayLibrary/253674831.wav
**skip** data/envCorp/MacaulayLibrary/253706811.wav
**skip** data/envCorp/MacaulayLibrary/253728.wav
**skip** data/envCorp/MacaulayLibrary/253757381.wav
**skip** data/envCorp/MacaulayLibrary/253776881.wav
**skip** data/envCorp/MacaulayLibrary/253785841.wav
**skip** data/envCorp/MacaulayLibrary/253840331.mp3
**skip** data/envCorp/MacaulayLibrary/253848531.wav
**skip** data/envCorp/MacaulayLibrary/253852381.wav
**skip** data/envCorp/MacaulayLibrary/253852401.wav
**skip** data/envCorp/MacaulayLibrary/253866281.wav
**skip** data/envCorp/MacaulayLibrary/253946.wav
**skip** data/envCorp/MacaulayLibrary/253952231.wav
**skip** data/envCorp/MacaulayLibrary/253952371.wav
**skip** data/envCorp/MacaulayLibrary/253952591.wav
**skip** data/envCorp/MacaulayLibrary/253963761.wav
**skip** data/envCorp/MacaulayLibrary/253965461.wav
**skip** data/envCorp/MacaulayLibrary/253965541.wav
**skip** data/envCorp/MacaulayLibrary/254040.wav
**skip** data/envCorp/MacaulayLibrary/254055231.mp3
**skip** data/envCorp/MacaulayLibrary/254155411.mp3
**skip** data/envCorp/MacaulayLibrary/254173811.wav
**skip** data/envCorp/MacaulayLibrary/254178541.mp3
**skip** data/envCorp/MacaulayLibrary/254184691.mp3
**skip** data/envCorp/MacaulayLibrary/254225311.wav
**skip** data/envCorp/MacaulayLibrary/254284801.wav
**skip** data/envCorp/MacaulayLibrary/254285391.wav
**skip** data/envCorp/MacaulayLibrary/254348381.wav
**skip** data/envCorp/MacaulayLibrary/254405971.wav
**skip** data/envCorp/MacaulayLibrary/254432741.wav
**skip** data/envCorp/MacaulayLibrary/254486881.mp3
**skip** data/envCorp/MacaulayLibrary/254504.wav
**skip** data/envCorp/MacaulayLibrary/254525151.mp3
**skip** data/envCorp/MacaulayLibrary/254546521.wav
**skip** data/envCorp/MacaulayLibrary/254549051.wav
**skip** data/envCorp/MacaulayLibrary/254583101.wav
**skip** data/envCorp/MacaulayLibrary/254632701.wav
**skip** data/envCorp/MacaulayLibrary/254633061.wav
**skip** data/envCorp/MacaulayLibrary/254644601.mp3
**skip** data/envCorp/MacaulayLibrary/254644641.mp3
**skip** data/envCorp/MacaulayLibrary/254668.wav
**skip** data/envCorp/MacaulayLibrary/254692701.m4a
**skip** data/envCorp/MacaulayLibrary/254783281.wav
**skip** data/envCorp/MacaulayLibrary/254783311.wav
**skip** data/envCorp/MacaulayLibrary/254789511.mp3
data/envCorp/MacaulayLibrary/254802381.mp3
Total loop time: 0.000 sec
**skip** data/envCorp/MacaulayLibrary/254815571.wav
**skip** data/envCorp/MacaulayLibrary/25483261.wav
**skip** data/envCorp/MacaulayLibrary/254843701.wav
**skip** data/envCorp/MacaulayLibrary/254845.wav
**skip** data/envCorp/MacaulayLibrary/254857711.wav
**skip** data/envCorp/MacaulayLibrary/254861761.wav
**skip** data/envCorp/MacaulayLibrary/254862221.wav
**skip** data/envCorp/MacaulayLibrary/254862391.mp3
**skip** data/envCorp/MacaulayLibrary/254866341.wav
**skip** data/envCorp/MacaulayLibrary/254871441.mp3
**skip** data/envCorp/MacaulayLibrary/254971331.wav
**skip** data/envCorp/MacaulayLibrary/254999.wav
**skip** data/envCorp/MacaulayLibrary/255017571.mp3
**skip** data/envCorp/MacaulayLibrary/255032631.wav
**skip** data/envCorp/MacaulayLibrary/255032711.wav
Successful STM!
Elapsed time is 6.249932 seconds.
