
                            < M A T L A B (R) >
                  Copyright 1984-2023 The MathWorks, Inc.
                  R2023b (23.2.0.2365128) 64-bit (glnxa64)
                              August 23, 2023

 
To get started, type doc.
For product information, visit www.mathworks.com.
 
**skip** data/envCorp/MacaulayLibrary/420421731.wav
**skip** data/envCorp/MacaulayLibrary/420422531.wav
**skip** data/envCorp/MacaulayLibrary/420429651.wav
**skip** data/envCorp/MacaulayLibrary/420498781.wav
**skip** data/envCorp/MacaulayLibrary/420510921.wav
**skip** data/envCorp/MacaulayLibrary/420515411.wav
**skip** data/envCorp/MacaulayLibrary/420518021.wav
**skip** data/envCorp/MacaulayLibrary/420833891.wav
**skip** data/envCorp/MacaulayLibrary/420869001.wav
**skip** data/envCorp/MacaulayLibrary/420870291.mp3
**skip** data/envCorp/MacaulayLibrary/420870301.mp3
data/envCorp/MacaulayLibrary/420980621.wav
Total loop time: 1.161 sec
**skip** data/envCorp/MacaulayLibrary/42104861.m4a
**skip** data/envCorp/MacaulayLibrary/421055561.wav
**skip** data/envCorp/MacaulayLibrary/421059261.mp3
**skip** data/envCorp/MacaulayLibrary/421069791.m4a
**skip** data/envCorp/MacaulayLibrary/421257941.wav
**skip** data/envCorp/MacaulayLibrary/421402471.mp3
**skip** data/envCorp/MacaulayLibrary/421447841.wav
**skip** data/envCorp/MacaulayLibrary/42149321.wav
data/envCorp/MacaulayLibrary/421517981.wav
Total loop time: 0.110 sec
**skip** data/envCorp/MacaulayLibrary/421570021.wav
**skip** data/envCorp/MacaulayLibrary/421603721.wav
**skip** data/envCorp/MacaulayLibrary/421693041.wav
**skip** data/envCorp/MacaulayLibrary/421776911.wav
**skip** data/envCorp/MacaulayLibrary/421782681.wav
**skip** data/envCorp/MacaulayLibrary/421832151.m4a
**skip** data/envCorp/MacaulayLibrary/421891901.wav
**skip** data/envCorp/MacaulayLibrary/42192.wav
**skip** data/envCorp/MacaulayLibrary/421933391.wav
**skip** data/envCorp/MacaulayLibrary/421933441.wav
**skip** data/envCorp/MacaulayLibrary/421946131.wav
**skip** data/envCorp/MacaulayLibrary/421946151.wav
**skip** data/envCorp/MacaulayLibrary/421951421.m4a
**skip** data/envCorp/MacaulayLibrary/421966851.wav
**skip** data/envCorp/MacaulayLibrary/42204.wav
**skip** data/envCorp/MacaulayLibrary/42207.wav
**skip** data/envCorp/MacaulayLibrary/422084181.wav
**skip** data/envCorp/MacaulayLibrary/422132221.wav
**skip** data/envCorp/MacaulayLibrary/422156831.mp3
**skip** data/envCorp/MacaulayLibrary/422156851.mp3
**skip** data/envCorp/MacaulayLibrary/422157531.wav
**skip** data/envCorp/MacaulayLibrary/422176831.wav
**skip** data/envCorp/MacaulayLibrary/422180311.mp3
**skip** data/envCorp/MacaulayLibrary/422229031.wav
**skip** data/envCorp/MacaulayLibrary/422236321.mp3
**skip** data/envCorp/MacaulayLibrary/42226.wav
**skip** data/envCorp/MacaulayLibrary/42229.wav
**skip** data/envCorp/MacaulayLibrary/422296521.mp3
**skip** data/envCorp/MacaulayLibrary/422296531.mp3
**skip** data/envCorp/MacaulayLibrary/422410251.mp3
**skip** data/envCorp/MacaulayLibrary/422430911.wav
**skip** data/envCorp/MacaulayLibrary/422432781.wav
**skip** data/envCorp/MacaulayLibrary/422433521.wav
**skip** data/envCorp/MacaulayLibrary/422439191.mp3
**skip** data/envCorp/MacaulayLibrary/42244701.mp3
**skip** data/envCorp/MacaulayLibrary/422457091.wav
**skip** data/envCorp/MacaulayLibrary/422468881.wav
**skip** data/envCorp/MacaulayLibrary/42247.wav
**skip** data/envCorp/MacaulayLibrary/42249.wav
**skip** data/envCorp/MacaulayLibrary/42250.wav
**skip** data/envCorp/MacaulayLibrary/422519061.wav
**skip** data/envCorp/MacaulayLibrary/42252.wav
**skip** data/envCorp/MacaulayLibrary/422554021.wav
**skip** data/envCorp/MacaulayLibrary/422554661.m4a
**skip** data/envCorp/MacaulayLibrary/422558631.wav
**skip** data/envCorp/MacaulayLibrary/42263.wav
**skip** data/envCorp/MacaulayLibrary/42266.wav
**skip** data/envCorp/MacaulayLibrary/42267.wav
**skip** data/envCorp/MacaulayLibrary/422673721.wav
**skip** data/envCorp/MacaulayLibrary/42268.wav
**skip** data/envCorp/MacaulayLibrary/422690531.wav
**skip** data/envCorp/MacaulayLibrary/422692701.wav
**skip** data/envCorp/MacaulayLibrary/422696291.wav
**skip** data/envCorp/MacaulayLibrary/422696451.wav
**skip** data/envCorp/MacaulayLibrary/422732661.mp3
**skip** data/envCorp/MacaulayLibrary/422787761.mp3
**skip** data/envCorp/MacaulayLibrary/422789701.wav
**skip** data/envCorp/MacaulayLibrary/422855281.m4a
**skip** data/envCorp/MacaulayLibrary/422855641.wav
**skip** data/envCorp/MacaulayLibrary/422855741.wav
**skip** data/envCorp/MacaulayLibrary/422913261.wav
**skip** data/envCorp/MacaulayLibrary/422977581.wav
**skip** data/envCorp/MacaulayLibrary/422987911.mp3
**skip** data/envCorp/MacaulayLibrary/423003641.mp3
**skip** data/envCorp/MacaulayLibrary/423023631.mp3
**skip** data/envCorp/MacaulayLibrary/423052011.wav
**skip** data/envCorp/MacaulayLibrary/423052031.wav
**skip** data/envCorp/MacaulayLibrary/423052071.wav
**skip** data/envCorp/MacaulayLibrary/423052081.wav
**skip** data/envCorp/MacaulayLibrary/42306.wav
**skip** data/envCorp/MacaulayLibrary/423118371.m4a
**skip** data/envCorp/MacaulayLibrary/423123551.wav
**skip** data/envCorp/MacaulayLibrary/42315.wav
**skip** data/envCorp/MacaulayLibrary/423156131.wav
**skip** data/envCorp/MacaulayLibrary/423174491.wav
**skip** data/envCorp/MacaulayLibrary/423174651.wav
**skip** data/envCorp/MacaulayLibrary/423176391.wav
**skip** data/envCorp/MacaulayLibrary/4232.wav
data/envCorp/MacaulayLibrary/423257241.wav
Total loop time: 0.040 sec
Successful STM!
Elapsed time is 6.095233 seconds.
