
                            < M A T L A B (R) >
                  Copyright 1984-2023 The MathWorks, Inc.
                  R2023b (23.2.0.2365128) 64-bit (glnxa64)
                              August 23, 2023

[Warning: Unable to load Toolbox Path Cache
/home/ac8888/.matlab/R2023b/toolbox_cache-23.2.0-3137108227-glnxa64.xml. The
cache file is not in the correct format. It will be regenerated upon quitting
MATLAB.] 
 
To get started, type doc.
For product information, visit www.mathworks.com.
 
**skip** data/envCorp/MacaulayLibrary/609210970.wav
**skip** data/envCorp/MacaulayLibrary/609218292.wav
**skip** data/envCorp/MacaulayLibrary/609218873.wav
**skip** data/envCorp/MacaulayLibrary/609220575.wav
**skip** data/envCorp/MacaulayLibrary/609226348.wav
**skip** data/envCorp/MacaulayLibrary/609229874.wav
**skip** data/envCorp/MacaulayLibrary/609234886.mp3
**skip** data/envCorp/MacaulayLibrary/609235103.wav
**skip** data/envCorp/MacaulayLibrary/609237632.wav
**skip** data/envCorp/MacaulayLibrary/609237634.wav
**skip** data/envCorp/MacaulayLibrary/609241335.wav
**skip** data/envCorp/MacaulayLibrary/609242877.wav
**skip** data/envCorp/MacaulayLibrary/609247056.wav
**skip** data/envCorp/MacaulayLibrary/609249164.wav
**skip** data/envCorp/MacaulayLibrary/609249297.wav
**skip** data/envCorp/MacaulayLibrary/609249853.wav
**skip** data/envCorp/MacaulayLibrary/609250420.wav
**skip** data/envCorp/MacaulayLibrary/609251388.wav
**skip** data/envCorp/MacaulayLibrary/609252190.wav
**skip** data/envCorp/MacaulayLibrary/609252209.wav
**skip** data/envCorp/MacaulayLibrary/609255383.wav
**skip** data/envCorp/MacaulayLibrary/609255495.wav
**skip** data/envCorp/MacaulayLibrary/609255909.wav
**skip** data/envCorp/MacaulayLibrary/609256900.wav
**skip** data/envCorp/MacaulayLibrary/609257141.wav
**skip** data/envCorp/MacaulayLibrary/609261695.wav
**skip** data/envCorp/MacaulayLibrary/609264208.wav
**skip** data/envCorp/MacaulayLibrary/609264271.m4a
**skip** data/envCorp/MacaulayLibrary/609267412.wav
**skip** data/envCorp/MacaulayLibrary/609275977.wav
**skip** data/envCorp/MacaulayLibrary/609292831.wav
**skip** data/envCorp/MacaulayLibrary/609301413.wav
**skip** data/envCorp/MacaulayLibrary/609305980.wav
**skip** data/envCorp/MacaulayLibrary/609321164.wav
**skip** data/envCorp/MacaulayLibrary/609323839.wav
**skip** data/envCorp/MacaulayLibrary/609328389.wav
**skip** data/envCorp/MacaulayLibrary/609344402.wav
**skip** data/envCorp/MacaulayLibrary/609363933.m4a
**skip** data/envCorp/MacaulayLibrary/609372372.wav
**skip** data/envCorp/MacaulayLibrary/609376693.wav
**skip** data/envCorp/MacaulayLibrary/609378481.wav
**skip** data/envCorp/MacaulayLibrary/609378983.wav
**skip** data/envCorp/MacaulayLibrary/609379419.wav
**skip** data/envCorp/MacaulayLibrary/6094.wav
**skip** data/envCorp/MacaulayLibrary/609406004.wav
**skip** data/envCorp/MacaulayLibrary/609409655.wav
**skip** data/envCorp/MacaulayLibrary/609417579.wav
**skip** data/envCorp/MacaulayLibrary/609439537.wav
**skip** data/envCorp/MacaulayLibrary/609449632.mp3
**skip** data/envCorp/MacaulayLibrary/609449690.m4a
**skip** data/envCorp/MacaulayLibrary/609460251.mp3
**skip** data/envCorp/MacaulayLibrary/609461607.wav
**skip** data/envCorp/MacaulayLibrary/609478960.mp3
**skip** data/envCorp/MacaulayLibrary/609490053.m4a
**skip** data/envCorp/MacaulayLibrary/609490790.mp3
**skip** data/envCorp/MacaulayLibrary/609495952.m4a
**skip** data/envCorp/MacaulayLibrary/609499901.wav
**skip** data/envCorp/MacaulayLibrary/609503995.wav
**skip** data/envCorp/MacaulayLibrary/609504127.wav
**skip** data/envCorp/MacaulayLibrary/609504542.wav
**skip** data/envCorp/MacaulayLibrary/609512806.wav
**skip** data/envCorp/MacaulayLibrary/609524944.wav
**skip** data/envCorp/MacaulayLibrary/609528869.wav
**skip** data/envCorp/MacaulayLibrary/609530102.m4a
**skip** data/envCorp/MacaulayLibrary/609530779.wav
**skip** data/envCorp/MacaulayLibrary/609531838.mp3
**skip** data/envCorp/MacaulayLibrary/609531955.mp3
**skip** data/envCorp/MacaulayLibrary/609532198.mp3
**skip** data/envCorp/MacaulayLibrary/609541017.wav
**skip** data/envCorp/MacaulayLibrary/609542145.wav
**skip** data/envCorp/MacaulayLibrary/609542204.wav
**skip** data/envCorp/MacaulayLibrary/609543648.m4a
**skip** data/envCorp/MacaulayLibrary/609545930.wav
**skip** data/envCorp/MacaulayLibrary/609546812.wav
**skip** data/envCorp/MacaulayLibrary/609552388.wav
**skip** data/envCorp/MacaulayLibrary/609552433.wav
**skip** data/envCorp/MacaulayLibrary/609576867.wav
**skip** data/envCorp/MacaulayLibrary/609579573.wav
**skip** data/envCorp/MacaulayLibrary/609581765.wav
**skip** data/envCorp/MacaulayLibrary/609591836.wav
**skip** data/envCorp/MacaulayLibrary/609594004.wav
**skip** data/envCorp/MacaulayLibrary/609599835.wav
**skip** data/envCorp/MacaulayLibrary/609600740.wav
**skip** data/envCorp/MacaulayLibrary/609605092.wav
**skip** data/envCorp/MacaulayLibrary/609641343.wav
**skip** data/envCorp/MacaulayLibrary/609653227.wav
**skip** data/envCorp/MacaulayLibrary/609656893.mp3
**skip** data/envCorp/MacaulayLibrary/609662370.wav
**skip** data/envCorp/MacaulayLibrary/609665991.wav
**skip** data/envCorp/MacaulayLibrary/609671946.mp3
**skip** data/envCorp/MacaulayLibrary/609671990.mp3
**skip** data/envCorp/MacaulayLibrary/609672152.mp3
**skip** data/envCorp/MacaulayLibrary/609672173.mp3
**skip** data/envCorp/MacaulayLibrary/609672192.mp3
**skip** data/envCorp/MacaulayLibrary/609672243.mp3
**skip** data/envCorp/MacaulayLibrary/609672350.mp3
**skip** data/envCorp/MacaulayLibrary/609672599.mp3
**skip** data/envCorp/MacaulayLibrary/609672824.mp3
**skip** data/envCorp/MacaulayLibrary/609672872.mp3
**skip** data/envCorp/MacaulayLibrary/609673058.mp3
Successful STM!
Elapsed time is 4.723495 seconds.
