
                            < M A T L A B (R) >
                  Copyright 1984-2023 The MathWorks, Inc.
                  R2023b (23.2.0.2365128) 64-bit (glnxa64)
                              August 23, 2023

 
To get started, type doc.
For product information, visit www.mathworks.com.
 
data/envCorp/MacaulayLibrary/32404.wav
Total loop time: 8.902 sec
data/envCorp/MacaulayLibrary/324092151.mp3

(MATLAB:3893931): GStreamer-CRITICAL **: 13:29:05.372: gst_mini_object_unref: assertion 'mini_object != NULL' failed

(MATLAB:3893931): GStreamer-CRITICAL **: 13:29:06.868: gst_mini_object_unref: assertion 'mini_object != NULL' failed
Total loop time: 3.576 sec
data/envCorp/MacaulayLibrary/324107591.wav
Total loop time: 5.574 sec
data/envCorp/MacaulayLibrary/324108111.wav
Total loop time: 7.239 sec
data/envCorp/MacaulayLibrary/324109111.wav
Total loop time: 3.781 sec
data/envCorp/MacaulayLibrary/324109121.wav
Total loop time: 4.865 sec
data/envCorp/MacaulayLibrary/324113301.wav
Total loop time: 14.457 sec
data/envCorp/MacaulayLibrary/324123931.wav
Total loop time: 2.430 sec
data/envCorp/MacaulayLibrary/324123981.wav
Total loop time: 5.987 sec
data/envCorp/MacaulayLibrary/324124031.wav
Total loop time: 8.768 sec
data/envCorp/MacaulayLibrary/324133871.wav
Total loop time: 17.046 sec
data/envCorp/MacaulayLibrary/324139691.wav
Total loop time: 4.410 sec
data/envCorp/MacaulayLibrary/324139951.wav
Total loop time: 8.850 sec
data/envCorp/MacaulayLibrary/324139971.wav
Total loop time: 12.924 sec
data/envCorp/MacaulayLibrary/324239601.wav
Total loop time: 5.173 sec
data/envCorp/MacaulayLibrary/324278751.wav
Total loop time: 6.537 sec
data/envCorp/MacaulayLibrary/324321401.wav
Total loop time: 6.300 sec
data/envCorp/MacaulayLibrary/324336771.wav
Total loop time: 6.515 sec
data/envCorp/MacaulayLibrary/324366571.wav
Total loop time: 7.536 sec
data/envCorp/MacaulayLibrary/324371281.mp3

(MATLAB:3893931): GStreamer-CRITICAL **: 13:31:16.807: gst_mini_object_unref: assertion 'mini_object != NULL' failed

(MATLAB:3893931): GStreamer-CRITICAL **: 13:31:18.119: gst_mini_object_unref: assertion 'mini_object != NULL' failed

(MATLAB:3893931): GStreamer-CRITICAL **: 13:31:19.464: gst_mini_object_unref: assertion 'mini_object != NULL' failed

(MATLAB:3893931): GStreamer-CRITICAL **: 13:31:20.781: gst_mini_object_unref: assertion 'mini_object != NULL' failed

(MATLAB:3893931): GStreamer-CRITICAL **: 13:31:22.196: gst_mini_object_unref: assertion 'mini_object != NULL' failed

(MATLAB:3893931): GStreamer-CRITICAL **: 13:31:23.603: gst_mini_object_unref: assertion 'mini_object != NULL' failed

(MATLAB:3893931): GStreamer-CRITICAL **: 13:31:25.036: gst_mini_object_unref: assertion 'mini_object != NULL' failed

(MATLAB:3893931): GStreamer-CRITICAL **: 13:31:26.471: gst_mini_object_unref: assertion 'mini_object != NULL' failed

(MATLAB:3893931): GStreamer-CRITICAL **: 13:31:27.861: gst_mini_object_unref: assertion 'mini_object != NULL' failed
Total loop time: 13.846 sec
data/envCorp/MacaulayLibrary/324381251.mp3

(MATLAB:3893931): GStreamer-CRITICAL **: 13:31:30.659: gst_mini_object_unref: assertion 'mini_object != NULL' failed

(MATLAB:3893931): GStreamer-CRITICAL **: 13:31:32.101: gst_mini_object_unref: assertion 'mini_object != NULL' failed

(MATLAB:3893931): GStreamer-CRITICAL **: 13:31:33.527: gst_mini_object_unref: assertion 'mini_object != NULL' failed

(MATLAB:3893931): GStreamer-CRITICAL **: 13:31:34.957: gst_mini_object_unref: assertion 'mini_object != NULL' failed

(MATLAB:3893931): GStreamer-CRITICAL **: 13:31:35.224: gst_mini_object_unref: assertion 'mini_object != NULL' failed

(MATLAB:3893931): GStreamer-CRITICAL **: 13:31:36.648: gst_mini_object_unref: assertion 'mini_object != NULL' failed

(MATLAB:3893931): GStreamer-CRITICAL **: 13:31:38.084: gst_mini_object_unref: assertion 'mini_object != NULL' failed

(MATLAB:3893931): GStreamer-CRITICAL **: 13:31:39.556: gst_mini_object_unref: assertion 'mini_object != NULL' failed

(MATLAB:3893931): GStreamer-CRITICAL **: 13:31:41.027: gst_mini_object_unref: assertion 'mini_object != NULL' failed

(MATLAB:3893931): GStreamer-CRITICAL **: 13:31:42.457: gst_mini_object_unref: assertion 'mini_object != NULL' failed

(MATLAB:3893931): GStreamer-CRITICAL **: 13:31:43.876: gst_mini_object_unref: assertion 'mini_object != NULL' failed
Total loop time: 16.173 sec
data/envCorp/MacaulayLibrary/324388911.wav
Total loop time: 8.268 sec
data/envCorp/MacaulayLibrary/324401891.mp3

(MATLAB:3893931): GStreamer-CRITICAL **: 13:31:55.099: gst_mini_object_unref: assertion 'mini_object != NULL' failed

(MATLAB:3893931): GStreamer-CRITICAL **: 13:31:56.591: gst_mini_object_unref: assertion 'mini_object != NULL' failed

(MATLAB:3893931): GStreamer-CRITICAL **: 13:31:58.056: gst_mini_object_unref: assertion 'mini_object != NULL' failed

(MATLAB:3893931): GStreamer-CRITICAL **: 13:31:59.510: gst_mini_object_unref: assertion 'mini_object != NULL' failed

(MATLAB:3893931): GStreamer-CRITICAL **: 13:32:00.955: gst_mini_object_unref: assertion 'mini_object != NULL' failed

(MATLAB:3893931): GStreamer-CRITICAL **: 13:32:02.375: gst_mini_object_unref: assertion 'mini_object != NULL' failed

(MATLAB:3893931): GStreamer-CRITICAL **: 13:32:03.791: gst_mini_object_unref: assertion 'mini_object != NULL' failed

(MATLAB:3893931): GStreamer-CRITICAL **: 13:32:05.233: gst_mini_object_unref: assertion 'mini_object != NULL' failed

(MATLAB:3893931): GStreamer-CRITICAL **: 13:32:06.637: gst_mini_object_unref: assertion 'mini_object != NULL' failed

(MATLAB:3893931): GStreamer-CRITICAL **: 13:32:08.037: gst_mini_object_unref: assertion 'mini_object != NULL' failed
Total loop time: 13.558 sec
data/envCorp/MacaulayLibrary/324414311.wav
Total loop time: 12.073 sec
data/envCorp/MacaulayLibrary/324422681.wav
Total loop time: 22.977 sec
data/envCorp/MacaulayLibrary/324422791.wav
Total loop time: 33.839 sec
data/envCorp/MacaulayLibrary/324426621.wav
Total loop time: 9.776 sec
data/envCorp/MacaulayLibrary/324434691.mp3

(MATLAB:3893931): GStreamer-CRITICAL **: 13:33:27.325: gst_mini_object_unref: assertion 'mini_object != NULL' failed

(MATLAB:3893931): GStreamer-CRITICAL **: 13:33:28.729: gst_mini_object_unref: assertion 'mini_object != NULL' failed

(MATLAB:3893931): GStreamer-CRITICAL **: 13:33:28.983: gst_mini_object_unref: assertion 'mini_object != NULL' failed

(MATLAB:3893931): GStreamer-CRITICAL **: 13:33:29.229: gst_mini_object_unref: assertion 'mini_object != NULL' failed

(MATLAB:3893931): GStreamer-CRITICAL **: 13:33:29.475: gst_mini_object_unref: assertion 'mini_object != NULL' failed

(MATLAB:3893931): GStreamer-CRITICAL **: 13:33:30.864: gst_mini_object_unref: assertion 'mini_object != NULL' failed
Total loop time: 4.951 sec
data/envCorp/MacaulayLibrary/324452771.mp3

(MATLAB:3893931): GStreamer-CRITICAL **: 13:33:32.240: gst_mini_object_unref: assertion 'mini_object != NULL' failed
Total loop time: 1.315 sec
data/envCorp/MacaulayLibrary/324486541.wav
Total loop time: 7.729 sec
data/envCorp/MacaulayLibrary/324501961.wav
Total loop time: 32.528 sec
data/envCorp/MacaulayLibrary/324502121.wav
Total loop time: 34.929 sec
data/envCorp/MacaulayLibrary/324528631.wav
Total loop time: 7.208 sec
data/envCorp/MacaulayLibrary/324631541.wav
Total loop time: 5.476 sec
data/envCorp/MacaulayLibrary/324632661.wav
Total loop time: 2.466 sec
data/envCorp/MacaulayLibrary/324633271.wav
Total loop time: 15.480 sec
data/envCorp/MacaulayLibrary/324642641.wav
Total loop time: 18.436 sec
data/envCorp/MacaulayLibrary/324681691.mp3

(MATLAB:3893931): GStreamer-CRITICAL **: 13:35:37.887: gst_mini_object_unref: assertion 'mini_object != NULL' failed

(MATLAB:3893931): GStreamer-CRITICAL **: 13:35:39.364: gst_mini_object_unref: assertion 'mini_object != NULL' failed

(MATLAB:3893931): GStreamer-CRITICAL **: 13:35:40.785: gst_mini_object_unref: assertion 'mini_object != NULL' failed

(MATLAB:3893931): GStreamer-CRITICAL **: 13:35:42.115: gst_mini_object_unref: assertion 'mini_object != NULL' failed

(MATLAB:3893931): GStreamer-CRITICAL **: 13:35:43.464: gst_mini_object_unref: assertion 'mini_object != NULL' failed

(MATLAB:3893931): GStreamer-CRITICAL **: 13:35:44.809: gst_mini_object_unref: assertion 'mini_object != NULL' failed

(MATLAB:3893931): GStreamer-CRITICAL **: 13:35:46.149: gst_mini_object_unref: assertion 'mini_object != NULL' failed

(MATLAB:3893931): GStreamer-CRITICAL **: 13:35:47.446: gst_mini_object_unref: assertion 'mini_object != NULL' failed

(MATLAB:3893931): GStreamer-CRITICAL **: 13:35:48.842: gst_mini_object_unref: assertion 'mini_object != NULL' failed

(MATLAB:3893931): GStreamer-CRITICAL **: 13:35:50.253: gst_mini_object_unref: assertion 'mini_object != NULL' failed
Total loop time: 13.898 sec
data/envCorp/MacaulayLibrary/324703711.wav
Total loop time: 25.378 sec
data/envCorp/MacaulayLibrary/324736471.mp3

(MATLAB:3893931): GStreamer-CRITICAL **: 13:36:17.158: gst_mini_object_unref: assertion 'mini_object != NULL' failed

(MATLAB:3893931): GStreamer-CRITICAL **: 13:36:18.616: gst_mini_object_unref: assertion 'mini_object != NULL' failed

(MATLAB:3893931): GStreamer-CRITICAL **: 13:36:20.051: gst_mini_object_unref: assertion 'mini_object != NULL' failed

(MATLAB:3893931): GStreamer-CRITICAL **: 13:36:21.486: gst_mini_object_unref: assertion 'mini_object != NULL' failed

(MATLAB:3893931): GStreamer-CRITICAL **: 13:36:22.877: gst_mini_object_unref: assertion 'mini_object != NULL' failed

(MATLAB:3893931): GStreamer-CRITICAL **: 13:36:24.205: gst_mini_object_unref: assertion 'mini_object != NULL' failed

(MATLAB:3893931): GStreamer-CRITICAL **: 13:36:25.519: gst_mini_object_unref: assertion 'mini_object != NULL' failed

(MATLAB:3893931): GStreamer-CRITICAL **: 13:36:26.821: gst_mini_object_unref: assertion 'mini_object != NULL' failed

(MATLAB:3893931): GStreamer-CRITICAL **: 13:36:28.116: gst_mini_object_unref: assertion 'mini_object != NULL' failed

(MATLAB:3893931): GStreamer-CRITICAL **: 13:36:29.414: gst_mini_object_unref: assertion 'mini_object != NULL' failed

(MATLAB:3893931): GStreamer-CRITICAL **: 13:36:30.769: gst_mini_object_unref: assertion 'mini_object != NULL' failed

(MATLAB:3893931): GStreamer-CRITICAL **: 13:36:32.142: gst_mini_object_unref: assertion 'mini_object != NULL' failed
Total loop time: 17.743 sec
data/envCorp/MacaulayLibrary/324740271.wav
Total loop time: 32.984 sec
data/envCorp/MacaulayLibrary/324748731.mp3

(MATLAB:3893931): GStreamer-CRITICAL **: 13:37:07.868: gst_mini_object_unref: assertion 'mini_object != NULL' failed

(MATLAB:3893931): GStreamer-CRITICAL **: 13:37:09.200: gst_mini_object_unref: assertion 'mini_object != NULL' failed

(MATLAB:3893931): GStreamer-CRITICAL **: 13:37:10.504: gst_mini_object_unref: assertion 'mini_object != NULL' failed

(MATLAB:3893931): GStreamer-CRITICAL **: 13:37:11.905: gst_mini_object_unref: assertion 'mini_object != NULL' failed

(MATLAB:3893931): GStreamer-CRITICAL **: 13:37:13.164: gst_mini_object_unref: assertion 'mini_object != NULL' failed
Total loop time: 6.705 sec
data/envCorp/MacaulayLibrary/324770711.mp3

(MATLAB:3893931): GStreamer-CRITICAL **: 13:37:14.556: gst_mini_object_unref: assertion 'mini_object != NULL' failed

(MATLAB:3893931): GStreamer-CRITICAL **: 13:37:15.980: gst_mini_object_unref: assertion 'mini_object != NULL' failed

(MATLAB:3893931): GStreamer-CRITICAL **: 13:37:17.369: gst_mini_object_unref: assertion 'mini_object != NULL' failed
Total loop time: 4.262 sec
data/envCorp/MacaulayLibrary/324776691.wav
Total loop time: 7.285 sec
data/envCorp/MacaulayLibrary/324823721.mp3

(MATLAB:3893931): GStreamer-CRITICAL **: 13:37:26.130: gst_mini_object_unref: assertion 'mini_object != NULL' failed

(MATLAB:3893931): GStreamer-CRITICAL **: 13:37:27.566: gst_mini_object_unref: assertion 'mini_object != NULL' failed

(MATLAB:3893931): GStreamer-CRITICAL **: 13:37:28.990: gst_mini_object_unref: assertion 'mini_object != NULL' failed

(MATLAB:3893931): GStreamer-CRITICAL **: 13:37:30.429: gst_mini_object_unref: assertion 'mini_object != NULL' failed

(MATLAB:3893931): GStreamer-CRITICAL **: 13:37:31.835: gst_mini_object_unref: assertion 'mini_object != NULL' failed
Total loop time: 8.559 sec
data/envCorp/MacaulayLibrary/324823831.mp3

(MATLAB:3893931): GStreamer-CRITICAL **: 13:37:34.670: gst_mini_object_unref: assertion 'mini_object != NULL' failed

(MATLAB:3893931): GStreamer-CRITICAL **: 13:37:36.108: gst_mini_object_unref: assertion 'mini_object != NULL' failed
Total loop time: 2.925 sec
data/envCorp/MacaulayLibrary/324852011.wav
Total loop time: 1.253 sec
data/envCorp/MacaulayLibrary/32488821.mp3

(MATLAB:3893931): GStreamer-CRITICAL **: 13:37:38.875: gst_mini_object_unref: assertion 'mini_object != NULL' failed

(MATLAB:3893931): GStreamer-CRITICAL **: 13:37:40.351: gst_mini_object_unref: assertion 'mini_object != NULL' failed

(MATLAB:3893931): GStreamer-CRITICAL **: 13:37:41.784: gst_mini_object_unref: assertion 'mini_object != NULL' failed

(MATLAB:3893931): GStreamer-CRITICAL **: 13:37:43.197: gst_mini_object_unref: assertion 'mini_object != NULL' failed

(MATLAB:3893931): GStreamer-CRITICAL **: 13:37:44.620: gst_mini_object_unref: assertion 'mini_object != NULL' failed
Total loop time: 8.626 sec
data/envCorp/MacaulayLibrary/325018181.mp3

(MATLAB:3893931): GStreamer-CRITICAL **: 13:37:47.487: gst_mini_object_unref: assertion 'mini_object != NULL' failed

(MATLAB:3893931): GStreamer-CRITICAL **: 13:37:48.899: gst_mini_object_unref: assertion 'mini_object != NULL' failed

(MATLAB:3893931): GStreamer-CRITICAL **: 13:37:50.289: gst_mini_object_unref: assertion 'mini_object != NULL' failed
Total loop time: 4.260 sec
data/envCorp/MacaulayLibrary/325050531.mp3

(MATLAB:3893931): GStreamer-CRITICAL **: 13:37:51.763: gst_mini_object_unref: assertion 'mini_object != NULL' failed

(MATLAB:3893931): GStreamer-CRITICAL **: 13:37:53.121: gst_mini_object_unref: assertion 'mini_object != NULL' failed

(MATLAB:3893931): GStreamer-CRITICAL **: 13:37:54.523: gst_mini_object_unref: assertion 'mini_object != NULL' failed

(MATLAB:3893931): GStreamer-CRITICAL **: 13:37:54.775: gst_mini_object_unref: assertion 'mini_object != NULL' failed

(MATLAB:3893931): GStreamer-CRITICAL **: 13:37:55.027: gst_mini_object_unref: assertion 'mini_object != NULL' failed

(MATLAB:3893931): GStreamer-CRITICAL **: 13:37:55.254: gst_mini_object_unref: assertion 'mini_object != NULL' failed
Total loop time: 3.790 sec
data/envCorp/MacaulayLibrary/325057811.wav
Total loop time: 14.146 sec
data/envCorp/MacaulayLibrary/325059971.mp3

(MATLAB:3893931): GStreamer-CRITICAL **: 13:38:09.693: gst_mini_object_unref: assertion 'mini_object != NULL' failed

(MATLAB:3893931): GStreamer-CRITICAL **: 13:38:11.099: gst_mini_object_unref: assertion 'mini_object != NULL' failed

(MATLAB:3893931): GStreamer-CRITICAL **: 13:38:12.451: gst_mini_object_unref: assertion 'mini_object != NULL' failed

(MATLAB:3893931): GStreamer-CRITICAL **: 13:38:13.845: gst_mini_object_unref: assertion 'mini_object != NULL' failed

(MATLAB:3893931): GStreamer-CRITICAL **: 13:38:15.229: gst_mini_object_unref: assertion 'mini_object != NULL' failed
Total loop time: 8.342 sec
data/envCorp/MacaulayLibrary/325062161.mp3

(MATLAB:3893931): GStreamer-CRITICAL **: 13:38:18.021: gst_mini_object_unref: assertion 'mini_object != NULL' failed
Total loop time: 1.388 sec
data/envCorp/MacaulayLibrary/325119321.wav
Total loop time: 28.060 sec
data/envCorp/MacaulayLibrary/325132461.wav
Total loop time: 11.220 sec
data/envCorp/MacaulayLibrary/325133861.wav
Total loop time: 6.003 sec
data/envCorp/MacaulayLibrary/325134081.wav
Total loop time: 12.093 sec
data/envCorp/MacaulayLibrary/325134411.wav
Total loop time: 6.135 sec
data/envCorp/MacaulayLibrary/325134981.wav
Total loop time: 10.468 sec
data/envCorp/MacaulayLibrary/325149611.wav
Total loop time: 6.347 sec
data/envCorp/MacaulayLibrary/325156101.mp3

(MATLAB:3893931): GStreamer-CRITICAL **: 13:39:39.822: gst_mini_object_unref: assertion 'mini_object != NULL' failed

(MATLAB:3893931): GStreamer-CRITICAL **: 13:39:41.273: gst_mini_object_unref: assertion 'mini_object != NULL' failed

(MATLAB:3893931): GStreamer-CRITICAL **: 13:39:42.716: gst_mini_object_unref: assertion 'mini_object != NULL' failed

(MATLAB:3893931): GStreamer-CRITICAL **: 13:39:44.159: gst_mini_object_unref: assertion 'mini_object != NULL' failed

(MATLAB:3893931): GStreamer-CRITICAL **: 13:39:45.586: gst_mini_object_unref: assertion 'mini_object != NULL' failed

(MATLAB:3893931): GStreamer-CRITICAL **: 13:39:47.022: gst_mini_object_unref: assertion 'mini_object != NULL' failed

(MATLAB:3893931): GStreamer-CRITICAL **: 13:39:48.441: gst_mini_object_unref: assertion 'mini_object != NULL' failed

(MATLAB:3893931): GStreamer-CRITICAL **: 13:39:49.845: gst_mini_object_unref: assertion 'mini_object != NULL' failed

(MATLAB:3893931): GStreamer-CRITICAL **: 13:39:51.242: gst_mini_object_unref: assertion 'mini_object != NULL' failed

(MATLAB:3893931): GStreamer-CRITICAL **: 13:39:52.635: gst_mini_object_unref: assertion 'mini_object != NULL' failed

(MATLAB:3893931): GStreamer-CRITICAL **: 13:39:53.947: gst_mini_object_unref: assertion 'mini_object != NULL' failed

(MATLAB:3893931): GStreamer-CRITICAL **: 13:39:55.320: gst_mini_object_unref: assertion 'mini_object != NULL' failed

(MATLAB:3893931): GStreamer-CRITICAL **: 13:39:56.687: gst_mini_object_unref: assertion 'mini_object != NULL' failed
Total loop time: 18.374 sec
data/envCorp/MacaulayLibrary/325190991.wav
Total loop time: 4.748 sec
data/envCorp/MacaulayLibrary/325191211.wav
Total loop time: 4.859 sec
data/envCorp/MacaulayLibrary/325191931.wav
Total loop time: 11.786 sec
data/envCorp/MacaulayLibrary/325193971.wav
Total loop time: 34.166 sec
data/envCorp/MacaulayLibrary/325197801.wav
Total loop time: 32.477 sec
data/envCorp/MacaulayLibrary/325202311.wav
Total loop time: 4.060 sec
data/envCorp/MacaulayLibrary/32526.wav
Total loop time: 16.039 sec
data/envCorp/MacaulayLibrary/325272171.wav
Total loop time: 17.046 sec
data/envCorp/MacaulayLibrary/325272251.wav
Total loop time: 14.207 sec
data/envCorp/MacaulayLibrary/325275781.wav
Total loop time: 11.566 sec
data/envCorp/MacaulayLibrary/325278091.wav
Total loop time: 33.489 sec
data/envCorp/MacaulayLibrary/32529.wav
Total loop time: 33.659 sec
data/envCorp/MacaulayLibrary/325293311.mp3

(MATLAB:3893931): GStreamer-CRITICAL **: 13:43:36.276: gst_mini_object_unref: assertion 'mini_object != NULL' failed

(MATLAB:3893931): GStreamer-CRITICAL **: 13:43:37.572: gst_mini_object_unref: assertion 'mini_object != NULL' failed

(MATLAB:3893931): GStreamer-CRITICAL **: 13:43:39.020: gst_mini_object_unref: assertion 'mini_object != NULL' failed

(MATLAB:3893931): GStreamer-CRITICAL **: 13:43:40.426: gst_mini_object_unref: assertion 'mini_object != NULL' failed

(MATLAB:3893931): GStreamer-CRITICAL **: 13:43:41.821: gst_mini_object_unref: assertion 'mini_object != NULL' failed
Total loop time: 8.348 sec
data/envCorp/MacaulayLibrary/325304401.wav
Total loop time: 4.740 sec
data/envCorp/MacaulayLibrary/325332551.wav
Total loop time: 5.947 sec
data/envCorp/MacaulayLibrary/325333041.wav
Total loop time: 8.693 sec
data/envCorp/MacaulayLibrary/325342271.wav
Total loop time: 1.090 sec
data/envCorp/MacaulayLibrary/325359421.wav
Total loop time: 8.767 sec
data/envCorp/MacaulayLibrary/32536.wav
Total loop time: 7.782 sec
data/envCorp/MacaulayLibrary/325360351.wav
Total loop time: 4.709 sec
data/envCorp/MacaulayLibrary/32537.wav
Total loop time: 4.770 sec
data/envCorp/MacaulayLibrary/32540.wav
Total loop time: 9.561 sec
data/envCorp/MacaulayLibrary/32540411.wav
Total loop time: 8.713 sec
data/envCorp/MacaulayLibrary/32541661.wav
Total loop time: 29.113 sec
data/envCorp/MacaulayLibrary/325466341.wav
Total loop time: 6.337 sec
data/envCorp/MacaulayLibrary/325477601.mp3

(MATLAB:3893931): GStreamer-CRITICAL **: 13:45:24.847: gst_mini_object_unref: assertion 'mini_object != NULL' failed
Total loop time: 1.308 sec
data/envCorp/MacaulayLibrary/325493341.wav
Total loop time: 3.415 sec
data/envCorp/MacaulayLibrary/325510231.mp3

(MATLAB:3893931): GStreamer-CRITICAL **: 13:45:29.604: gst_mini_object_unref: assertion 'mini_object != NULL' failed

(MATLAB:3893931): GStreamer-CRITICAL **: 13:45:31.023: gst_mini_object_unref: assertion 'mini_object != NULL' failed

(MATLAB:3893931): GStreamer-CRITICAL **: 13:45:32.437: gst_mini_object_unref: assertion 'mini_object != NULL' failed

(MATLAB:3893931): GStreamer-CRITICAL **: 13:45:33.836: gst_mini_object_unref: assertion 'mini_object != NULL' failed

(MATLAB:3893931): GStreamer-CRITICAL **: 13:45:35.226: gst_mini_object_unref: assertion 'mini_object != NULL' failed

(MATLAB:3893931): GStreamer-CRITICAL **: 13:45:36.608: gst_mini_object_unref: assertion 'mini_object != NULL' failed

(MATLAB:3893931): GStreamer-CRITICAL **: 13:45:37.973: gst_mini_object_unref: assertion 'mini_object != NULL' failed
Total loop time: 9.791 sec
data/envCorp/MacaulayLibrary/325521641.wav
Total loop time: 29.883 sec
data/envCorp/MacaulayLibrary/325539071.wav
Total loop time: 11.845 sec
data/envCorp/MacaulayLibrary/325539211.wav
Total loop time: 5.382 sec
data/envCorp/MacaulayLibrary/325610551.wav
Total loop time: 15.638 sec
data/envCorp/MacaulayLibrary/325629531.wav
Total loop time: 1.225 sec
data/envCorp/MacaulayLibrary/32563.wav
Total loop time: 31.809 sec
data/envCorp/MacaulayLibrary/32564.wav
Total loop time: 32.790 sec
data/envCorp/MacaulayLibrary/325686221.wav
Total loop time: 4.453 sec
data/envCorp/MacaulayLibrary/325715981.wav
Total loop time: 34.105 sec
data/envCorp/MacaulayLibrary/325724961.wav
Total loop time: 8.720 sec
data/envCorp/MacaulayLibrary/325725081.wav
Total loop time: 7.164 sec
Successful STM!
Elapsed time is 1193.229465 seconds.
