
                            < M A T L A B (R) >
                  Copyright 1984-2023 The MathWorks, Inc.
                  R2023b (23.2.0.2365128) 64-bit (glnxa64)
                              August 23, 2023

 
To get started, type doc.
For product information, visit www.mathworks.com.
 
data/envCorp/MacaulayLibrary/593808501.wav
Total loop time: 15.954 sec
data/envCorp/MacaulayLibrary/593817961.wav
Total loop time: 10.927 sec
data/envCorp/MacaulayLibrary/593839301.mp3

(MATLAB:125655): GStreamer-CRITICAL **: 13:29:15.013: gst_mini_object_unref: assertion 'mini_object != NULL' failed
Total loop time: 1.718 sec
data/envCorp/MacaulayLibrary/593876031.wav
Total loop time: 3.074 sec
data/envCorp/MacaulayLibrary/593925751.mp3

(MATLAB:125655): GStreamer-CRITICAL **: 13:29:19.344: gst_mini_object_unref: assertion 'mini_object != NULL' failed

(MATLAB:125655): GStreamer-CRITICAL **: 13:29:20.608: gst_mini_object_unref: assertion 'mini_object != NULL' failed

(MATLAB:125655): GStreamer-CRITICAL **: 13:29:21.831: gst_mini_object_unref: assertion 'mini_object != NULL' failed

(MATLAB:125655): GStreamer-CRITICAL **: 13:29:23.078: gst_mini_object_unref: assertion 'mini_object != NULL' failed

(MATLAB:125655): GStreamer-CRITICAL **: 13:29:24.290: gst_mini_object_unref: assertion 'mini_object != NULL' failed
Total loop time: 6.212 sec
data/envCorp/MacaulayLibrary/593948361.wav
Total loop time: 30.135 sec
data/envCorp/MacaulayLibrary/593948441.wav
Total loop time: 6.466 sec
data/envCorp/MacaulayLibrary/593948471.wav
Total loop time: 25.461 sec
data/envCorp/MacaulayLibrary/593966631.wav
Total loop time: 9.392 sec
data/envCorp/MacaulayLibrary/593978931.wav
Total loop time: 2.054 sec
data/envCorp/MacaulayLibrary/593981591.wav
Total loop time: 1.986 sec
data/envCorp/MacaulayLibrary/593988731.wav
Total loop time: 5.022 sec
data/envCorp/MacaulayLibrary/593991331.wav
Total loop time: 2.098 sec
data/envCorp/MacaulayLibrary/593995321.wav
Total loop time: 1.036 sec
data/envCorp/MacaulayLibrary/594014461.wav
Total loop time: 1.052 sec
data/envCorp/MacaulayLibrary/594075391.wav
Total loop time: 9.296 sec
data/envCorp/MacaulayLibrary/594102491.wav
Total loop time: 6.142 sec
data/envCorp/MacaulayLibrary/594102921.wav
Total loop time: 12.785 sec
data/envCorp/MacaulayLibrary/594103181.wav
Total loop time: 0.949 sec
data/envCorp/MacaulayLibrary/594103521.wav
Total loop time: 2.812 sec
data/envCorp/MacaulayLibrary/594104271.wav
Total loop time: 4.695 sec
data/envCorp/MacaulayLibrary/594106611.wav
Total loop time: 23.248 sec
data/envCorp/MacaulayLibrary/594137601.mp3

(MATLAB:125655): GStreamer-CRITICAL **: 13:31:50.411: gst_mini_object_unref: assertion 'mini_object != NULL' failed

(MATLAB:125655): GStreamer-CRITICAL **: 13:31:51.754: gst_mini_object_unref: assertion 'mini_object != NULL' failed

(MATLAB:125655): GStreamer-CRITICAL **: 13:31:53.078: gst_mini_object_unref: assertion 'mini_object != NULL' failed

(MATLAB:125655): GStreamer-CRITICAL **: 13:31:53.491: gst_mini_object_unref: assertion 'mini_object != NULL' failed

(MATLAB:125655): GStreamer-CRITICAL **: 13:31:54.782: gst_mini_object_unref: assertion 'mini_object != NULL' failed

(MATLAB:125655): GStreamer-CRITICAL **: 13:31:56.098: gst_mini_object_unref: assertion 'mini_object != NULL' failed

(MATLAB:125655): GStreamer-CRITICAL **: 13:31:56.470: gst_mini_object_unref: assertion 'mini_object != NULL' failed

(MATLAB:125655): GStreamer-CRITICAL **: 13:31:57.749: gst_mini_object_unref: assertion 'mini_object != NULL' failed

(MATLAB:125655): GStreamer-CRITICAL **: 13:31:59.038: gst_mini_object_unref: assertion 'mini_object != NULL' failed

(MATLAB:125655): GStreamer-CRITICAL **: 13:32:00.323: gst_mini_object_unref: assertion 'mini_object != NULL' failed

(MATLAB:125655): GStreamer-CRITICAL **: 13:32:00.709: gst_mini_object_unref: assertion 'mini_object != NULL' failed

(MATLAB:125655): GStreamer-CRITICAL **: 13:32:01.991: gst_mini_object_unref: assertion 'mini_object != NULL' failed

(MATLAB:125655): GStreamer-CRITICAL **: 13:32:03.351: gst_mini_object_unref: assertion 'mini_object != NULL' failed

(MATLAB:125655): GStreamer-CRITICAL **: 13:32:03.725: gst_mini_object_unref: assertion 'mini_object != NULL' failed

(MATLAB:125655): GStreamer-CRITICAL **: 13:32:04.090: gst_mini_object_unref: assertion 'mini_object != NULL' failed

(MATLAB:125655): GStreamer-CRITICAL **: 13:32:05.514: gst_mini_object_unref: assertion 'mini_object != NULL' failed

(MATLAB:125655): GStreamer-CRITICAL **: 13:32:06.872: gst_mini_object_unref: assertion 'mini_object != NULL' failed

(MATLAB:125655): GStreamer-CRITICAL **: 13:32:08.244: gst_mini_object_unref: assertion 'mini_object != NULL' failed

(MATLAB:125655): GStreamer-CRITICAL **: 13:32:09.623: gst_mini_object_unref: assertion 'mini_object != NULL' failed

(MATLAB:125655): GStreamer-CRITICAL **: 13:32:11.008: gst_mini_object_unref: assertion 'mini_object != NULL' failed

(MATLAB:125655): GStreamer-CRITICAL **: 13:32:11.352: gst_mini_object_unref: assertion 'mini_object != NULL' failed

(MATLAB:125655): GStreamer-CRITICAL **: 13:32:12.665: gst_mini_object_unref: assertion 'mini_object != NULL' failed

(MATLAB:125655): GStreamer-CRITICAL **: 13:32:14.043: gst_mini_object_unref: assertion 'mini_object != NULL' failed

(MATLAB:125655): GStreamer-CRITICAL **: 13:32:15.391: gst_mini_object_unref: assertion 'mini_object != NULL' failed

(MATLAB:125655): GStreamer-CRITICAL **: 13:32:15.717: gst_mini_object_unref: assertion 'mini_object != NULL' failed

(MATLAB:125655): GStreamer-CRITICAL **: 13:32:17.029: gst_mini_object_unref: assertion 'mini_object != NULL' failed

(MATLAB:125655): GStreamer-CRITICAL **: 13:32:18.368: gst_mini_object_unref: assertion 'mini_object != NULL' failed

(MATLAB:125655): GStreamer-CRITICAL **: 13:32:19.676: gst_mini_object_unref: assertion 'mini_object != NULL' failed

(MATLAB:125655): GStreamer-CRITICAL **: 13:32:19.987: gst_mini_object_unref: assertion 'mini_object != NULL' failed

(MATLAB:125655): GStreamer-CRITICAL **: 13:32:21.285: gst_mini_object_unref: assertion 'mini_object != NULL' failed

(MATLAB:125655): GStreamer-CRITICAL **: 13:32:22.566: gst_mini_object_unref: assertion 'mini_object != NULL' failed

(MATLAB:125655): GStreamer-CRITICAL **: 13:32:23.831: gst_mini_object_unref: assertion 'mini_object != NULL' failed

(MATLAB:125655): GStreamer-CRITICAL **: 13:32:24.125: gst_mini_object_unref: assertion 'mini_object != NULL' failed

(MATLAB:125655): GStreamer-CRITICAL **: 13:32:25.325: gst_mini_object_unref: assertion 'mini_object != NULL' failed

(MATLAB:125655): GStreamer-CRITICAL **: 13:32:26.587: gst_mini_object_unref: assertion 'mini_object != NULL' failed

(MATLAB:125655): GStreamer-CRITICAL **: 13:32:26.867: gst_mini_object_unref: assertion 'mini_object != NULL' failed

(MATLAB:125655): GStreamer-CRITICAL **: 13:32:27.144: gst_mini_object_unref: assertion 'mini_object != NULL' failed

(MATLAB:125655): GStreamer-CRITICAL **: 13:32:28.358: gst_mini_object_unref: assertion 'mini_object != NULL' failed

(MATLAB:125655): GStreamer-CRITICAL **: 13:32:29.659: gst_mini_object_unref: assertion 'mini_object != NULL' failed

(MATLAB:125655): GStreamer-CRITICAL **: 13:32:30.915: gst_mini_object_unref: assertion 'mini_object != NULL' failed

(MATLAB:125655): GStreamer-CRITICAL **: 13:32:32.164: gst_mini_object_unref: assertion 'mini_object != NULL' failed
Total loop time: 43.167 sec
data/envCorp/MacaulayLibrary/594154481.wav
Total loop time: 10.538 sec
data/envCorp/MacaulayLibrary/594173531.wav
Total loop time: 0.931 sec
data/envCorp/MacaulayLibrary/594234231.mp3

(MATLAB:125655): GStreamer-CRITICAL **: 13:32:44.870: gst_mini_object_unref: assertion 'mini_object != NULL' failed

(MATLAB:125655): GStreamer-CRITICAL **: 13:32:45.945: gst_mini_object_unref: assertion 'mini_object != NULL' failed

(MATLAB:125655): GStreamer-CRITICAL **: 13:32:47.061: gst_mini_object_unref: assertion 'mini_object != NULL' failed
Total loop time: 3.255 sec
data/envCorp/MacaulayLibrary/594243381.wav
Total loop time: 19.937 sec
data/envCorp/MacaulayLibrary/594258721.wav
Total loop time: 1.848 sec
data/envCorp/MacaulayLibrary/594277401.wav
Total loop time: 0.941 sec
data/envCorp/MacaulayLibrary/594286261.wav
Total loop time: 12.890 sec
data/envCorp/MacaulayLibrary/594289591.wav
Total loop time: 8.371 sec
data/envCorp/MacaulayLibrary/594345181.wav
Total loop time: 3.932 sec
data/envCorp/MacaulayLibrary/594372411.mp3

(MATLAB:125655): GStreamer-CRITICAL **: 13:33:36.063: gst_mini_object_unref: assertion 'mini_object != NULL' failed

(MATLAB:125655): GStreamer-CRITICAL **: 13:33:37.326: gst_mini_object_unref: assertion 'mini_object != NULL' failed

(MATLAB:125655): GStreamer-CRITICAL **: 13:33:38.597: gst_mini_object_unref: assertion 'mini_object != NULL' failed

(MATLAB:125655): GStreamer-CRITICAL **: 13:33:39.852: gst_mini_object_unref: assertion 'mini_object != NULL' failed
Total loop time: 5.103 sec
data/envCorp/MacaulayLibrary/594441491.mp3

(MATLAB:125655): GStreamer-CRITICAL **: 13:33:41.176: gst_mini_object_unref: assertion 'mini_object != NULL' failed

(MATLAB:125655): GStreamer-CRITICAL **: 13:33:42.426: gst_mini_object_unref: assertion 'mini_object != NULL' failed

(MATLAB:125655): GStreamer-CRITICAL **: 13:33:43.630: gst_mini_object_unref: assertion 'mini_object != NULL' failed

(MATLAB:125655): GStreamer-CRITICAL **: 13:33:44.835: gst_mini_object_unref: assertion 'mini_object != NULL' failed

(MATLAB:125655): GStreamer-CRITICAL **: 13:33:46.075: gst_mini_object_unref: assertion 'mini_object != NULL' failed
Total loop time: 7.350 sec
data/envCorp/MacaulayLibrary/594466881.mp3

(MATLAB:125655): GStreamer-CRITICAL **: 13:33:48.545: gst_mini_object_unref: assertion 'mini_object != NULL' failed

(MATLAB:125655): GStreamer-CRITICAL **: 13:33:49.791: gst_mini_object_unref: assertion 'mini_object != NULL' failed

(MATLAB:125655): GStreamer-CRITICAL **: 13:33:51.027: gst_mini_object_unref: assertion 'mini_object != NULL' failed

(MATLAB:125655): GStreamer-CRITICAL **: 13:33:52.273: gst_mini_object_unref: assertion 'mini_object != NULL' failed

(MATLAB:125655): GStreamer-CRITICAL **: 13:33:53.466: gst_mini_object_unref: assertion 'mini_object != NULL' failed

(MATLAB:125655): GStreamer-CRITICAL **: 13:33:54.656: gst_mini_object_unref: assertion 'mini_object != NULL' failed

(MATLAB:125655): GStreamer-CRITICAL **: 13:33:55.830: gst_mini_object_unref: assertion 'mini_object != NULL' failed

(MATLAB:125655): GStreamer-CRITICAL **: 13:33:57.002: gst_mini_object_unref: assertion 'mini_object != NULL' failed

(MATLAB:125655): GStreamer-CRITICAL **: 13:33:58.122: gst_mini_object_unref: assertion 'mini_object != NULL' failed
Total loop time: 11.870 sec
data/envCorp/MacaulayLibrary/59448.wav
Total loop time: 20.888 sec
data/envCorp/MacaulayLibrary/594487931.mp3

(MATLAB:125655): GStreamer-CRITICAL **: 13:34:21.346: gst_mini_object_unref: assertion 'mini_object != NULL' failed

(MATLAB:125655): GStreamer-CRITICAL **: 13:34:22.574: gst_mini_object_unref: assertion 'mini_object != NULL' failed

(MATLAB:125655): GStreamer-CRITICAL **: 13:34:23.841: gst_mini_object_unref: assertion 'mini_object != NULL' failed

(MATLAB:125655): GStreamer-CRITICAL **: 13:34:25.066: gst_mini_object_unref: assertion 'mini_object != NULL' failed

(MATLAB:125655): GStreamer-CRITICAL **: 13:34:26.267: gst_mini_object_unref: assertion 'mini_object != NULL' failed

(MATLAB:125655): GStreamer-CRITICAL **: 13:34:27.485: gst_mini_object_unref: assertion 'mini_object != NULL' failed

(MATLAB:125655): GStreamer-CRITICAL **: 13:34:28.719: gst_mini_object_unref: assertion 'mini_object != NULL' failed

(MATLAB:125655): GStreamer-CRITICAL **: 13:34:29.967: gst_mini_object_unref: assertion 'mini_object != NULL' failed

(MATLAB:125655): GStreamer-CRITICAL **: 13:34:31.236: gst_mini_object_unref: assertion 'mini_object != NULL' failed

(MATLAB:125655): GStreamer-CRITICAL **: 13:34:32.479: gst_mini_object_unref: assertion 'mini_object != NULL' failed

(MATLAB:125655): GStreamer-CRITICAL **: 13:34:33.722: gst_mini_object_unref: assertion 'mini_object != NULL' failed

(MATLAB:125655): GStreamer-CRITICAL **: 13:34:34.988: gst_mini_object_unref: assertion 'mini_object != NULL' failed

(MATLAB:125655): GStreamer-CRITICAL **: 13:34:36.242: gst_mini_object_unref: assertion 'mini_object != NULL' failed

(MATLAB:125655): GStreamer-CRITICAL **: 13:34:37.456: gst_mini_object_unref: assertion 'mini_object != NULL' failed

(MATLAB:125655): GStreamer-CRITICAL **: 13:34:38.701: gst_mini_object_unref: assertion 'mini_object != NULL' failed

(MATLAB:125655): GStreamer-CRITICAL **: 13:34:39.934: gst_mini_object_unref: assertion 'mini_object != NULL' failed

(MATLAB:125655): GStreamer-CRITICAL **: 13:34:41.131: gst_mini_object_unref: assertion 'mini_object != NULL' failed
Total loop time: 21.118 sec
data/envCorp/MacaulayLibrary/594500271.mp3

(MATLAB:125655): GStreamer-CRITICAL **: 13:34:42.431: gst_mini_object_unref: assertion 'mini_object != NULL' failed

(MATLAB:125655): GStreamer-CRITICAL **: 13:34:43.678: gst_mini_object_unref: assertion 'mini_object != NULL' failed

(MATLAB:125655): GStreamer-CRITICAL **: 13:34:44.959: gst_mini_object_unref: assertion 'mini_object != NULL' failed

(MATLAB:125655): GStreamer-CRITICAL **: 13:34:46.200: gst_mini_object_unref: assertion 'mini_object != NULL' failed

(MATLAB:125655): GStreamer-CRITICAL **: 13:34:47.410: gst_mini_object_unref: assertion 'mini_object != NULL' failed

(MATLAB:125655): GStreamer-CRITICAL **: 13:34:48.645: gst_mini_object_unref: assertion 'mini_object != NULL' failed

(MATLAB:125655): GStreamer-CRITICAL **: 13:34:49.908: gst_mini_object_unref: assertion 'mini_object != NULL' failed

(MATLAB:125655): GStreamer-CRITICAL **: 13:34:51.132: gst_mini_object_unref: assertion 'mini_object != NULL' failed

(MATLAB:125655): GStreamer-CRITICAL **: 13:34:52.321: gst_mini_object_unref: assertion 'mini_object != NULL' failed

(MATLAB:125655): GStreamer-CRITICAL **: 13:34:53.493: gst_mini_object_unref: assertion 'mini_object != NULL' failed

(MATLAB:125655): GStreamer-CRITICAL **: 13:34:54.679: gst_mini_object_unref: assertion 'mini_object != NULL' failed
Total loop time: 14.783 sec
data/envCorp/MacaulayLibrary/59451421.mp3

(MATLAB:125655): GStreamer-CRITICAL **: 13:34:57.235: gst_mini_object_unref: assertion 'mini_object != NULL' failed

(MATLAB:125655): GStreamer-CRITICAL **: 13:34:58.534: gst_mini_object_unref: assertion 'mini_object != NULL' failed

(MATLAB:125655): GStreamer-CRITICAL **: 13:34:59.809: gst_mini_object_unref: assertion 'mini_object != NULL' failed

(MATLAB:125655): GStreamer-CRITICAL **: 13:35:01.056: gst_mini_object_unref: assertion 'mini_object != NULL' failed

(MATLAB:125655): GStreamer-CRITICAL **: 13:35:02.263: gst_mini_object_unref: assertion 'mini_object != NULL' failed

(MATLAB:125655): GStreamer-CRITICAL **: 13:35:03.519: gst_mini_object_unref: assertion 'mini_object != NULL' failed

(MATLAB:125655): GStreamer-CRITICAL **: 13:35:04.760: gst_mini_object_unref: assertion 'mini_object != NULL' failed

(MATLAB:125655): GStreamer-CRITICAL **: 13:35:05.995: gst_mini_object_unref: assertion 'mini_object != NULL' failed

(MATLAB:125655): GStreamer-CRITICAL **: 13:35:07.281: gst_mini_object_unref: assertion 'mini_object != NULL' failed

(MATLAB:125655): GStreamer-CRITICAL **: 13:35:08.532: gst_mini_object_unref: assertion 'mini_object != NULL' failed

(MATLAB:125655): GStreamer-CRITICAL **: 13:35:09.802: gst_mini_object_unref: assertion 'mini_object != NULL' failed

(MATLAB:125655): GStreamer-CRITICAL **: 13:35:11.041: gst_mini_object_unref: assertion 'mini_object != NULL' failed

(MATLAB:125655): GStreamer-CRITICAL **: 13:35:12.248: gst_mini_object_unref: assertion 'mini_object != NULL' failed
Total loop time: 17.554 sec
data/envCorp/MacaulayLibrary/594554051.wav
Total loop time: 3.977 sec
data/envCorp/MacaulayLibrary/594602261.mp3

(MATLAB:125655): GStreamer-CRITICAL **: 13:35:18.713: gst_mini_object_unref: assertion 'mini_object != NULL' failed

(MATLAB:125655): GStreamer-CRITICAL **: 13:35:19.937: gst_mini_object_unref: assertion 'mini_object != NULL' failed

(MATLAB:125655): GStreamer-CRITICAL **: 13:35:21.102: gst_mini_object_unref: assertion 'mini_object != NULL' failed
Total loop time: 3.620 sec
data/envCorp/MacaulayLibrary/594630381.wav
Total loop time: 9.022 sec
data/envCorp/MacaulayLibrary/594637301.wav
Total loop time: 3.037 sec
data/envCorp/MacaulayLibrary/594670151.wav
Total loop time: 7.070 sec
data/envCorp/MacaulayLibrary/594674921.wav
Total loop time: 2.755 sec
data/envCorp/MacaulayLibrary/594675671.wav
Total loop time: 13.203 sec
data/envCorp/MacaulayLibrary/594677471.wav
Total loop time: 1.769 sec
data/envCorp/MacaulayLibrary/594678471.wav
Total loop time: 25.986 sec
data/envCorp/MacaulayLibrary/594678601.wav
Total loop time: 17.538 sec
data/envCorp/MacaulayLibrary/594701731.wav
Total loop time: 7.289 sec
data/envCorp/MacaulayLibrary/594742111.wav
Total loop time: 2.678 sec
data/envCorp/MacaulayLibrary/594767201.mp3

(MATLAB:125655): GStreamer-CRITICAL **: 13:36:52.699: gst_mini_object_unref: assertion 'mini_object != NULL' failed
Total loop time: 1.336 sec
data/envCorp/MacaulayLibrary/594767211.mp3

(MATLAB:125655): GStreamer-CRITICAL **: 13:36:54.041: gst_mini_object_unref: assertion 'mini_object != NULL' failed

(MATLAB:125655): GStreamer-CRITICAL **: 13:36:55.218: gst_mini_object_unref: assertion 'mini_object != NULL' failed

(MATLAB:125655): GStreamer-CRITICAL **: 13:36:56.373: gst_mini_object_unref: assertion 'mini_object != NULL' failed
Total loop time: 3.572 sec
data/envCorp/MacaulayLibrary/594799601.wav
Total loop time: 1.993 sec
data/envCorp/MacaulayLibrary/594843181.wav
Total loop time: 29.757 sec
data/envCorp/MacaulayLibrary/594844381.wav
Total loop time: 19.698 sec
data/envCorp/MacaulayLibrary/594844831.wav
Total loop time: 16.045 sec
data/envCorp/MacaulayLibrary/594845081.wav
Total loop time: 7.207 sec
data/envCorp/MacaulayLibrary/594845371.wav
Total loop time: 0.868 sec
data/envCorp/MacaulayLibrary/594845531.wav
Total loop time: 2.877 sec
data/envCorp/MacaulayLibrary/594845601.wav
Total loop time: 13.951 sec
data/envCorp/MacaulayLibrary/594927371.wav
Total loop time: 9.760 sec
data/envCorp/MacaulayLibrary/594931231.mp3

(MATLAB:125655): GStreamer-CRITICAL **: 13:38:39.789: gst_mini_object_unref: assertion 'mini_object != NULL' failed
Total loop time: 1.059 sec
data/envCorp/MacaulayLibrary/594985681.wav
Total loop time: 5.174 sec
data/envCorp/MacaulayLibrary/594993491.wav
Total loop time: 14.375 sec
data/envCorp/MacaulayLibrary/595002101.wav
Total loop time: 1.003 sec
data/envCorp/MacaulayLibrary/595113821.wav
Total loop time: 1.821 sec
data/envCorp/MacaulayLibrary/595113971.wav
Total loop time: 3.640 sec
data/envCorp/MacaulayLibrary/595114151.wav
Total loop time: 1.858 sec
data/envCorp/MacaulayLibrary/595114161.wav
Total loop time: 10.625 sec
data/envCorp/MacaulayLibrary/595132211.wav
Total loop time: 8.725 sec
data/envCorp/MacaulayLibrary/595132611.wav
Total loop time: 26.124 sec
data/envCorp/MacaulayLibrary/595144021.wav
Total loop time: 1.904 sec
data/envCorp/MacaulayLibrary/595176811.mp3

(MATLAB:125655): GStreamer-CRITICAL **: 13:39:56.129: gst_mini_object_unref: assertion 'mini_object != NULL' failed
Total loop time: 2.218 sec
data/envCorp/MacaulayLibrary/595189741.wav
Total loop time: 1.779 sec
data/envCorp/MacaulayLibrary/595197281.wav
Total loop time: 1.800 sec
data/envCorp/MacaulayLibrary/595207191.wav
Total loop time: 28.669 sec
data/envCorp/MacaulayLibrary/595255111.wav
Total loop time: 20.138 sec
data/envCorp/MacaulayLibrary/595331921.wav
Total loop time: 6.180 sec
data/envCorp/MacaulayLibrary/595404501.wav
Total loop time: 5.985 sec
data/envCorp/MacaulayLibrary/595560261.wav
Total loop time: 8.966 sec
data/envCorp/MacaulayLibrary/595623881.wav
Total loop time: 1.019 sec
data/envCorp/MacaulayLibrary/595640121.mp3

(MATLAB:125655): GStreamer-CRITICAL **: 13:41:12.931: gst_mini_object_unref: assertion 'mini_object != NULL' failed

(MATLAB:125655): GStreamer-CRITICAL **: 13:41:14.172: gst_mini_object_unref: assertion 'mini_object != NULL' failed

(MATLAB:125655): GStreamer-CRITICAL **: 13:41:15.350: gst_mini_object_unref: assertion 'mini_object != NULL' failed

(MATLAB:125655): GStreamer-CRITICAL **: 13:41:16.574: gst_mini_object_unref: assertion 'mini_object != NULL' failed

(MATLAB:125655): GStreamer-CRITICAL **: 13:41:17.799: gst_mini_object_unref: assertion 'mini_object != NULL' failed

(MATLAB:125655): GStreamer-CRITICAL **: 13:41:18.991: gst_mini_object_unref: assertion 'mini_object != NULL' failed

(MATLAB:125655): GStreamer-CRITICAL **: 13:41:20.181: gst_mini_object_unref: assertion 'mini_object != NULL' failed

(MATLAB:125655): GStreamer-CRITICAL **: 13:41:21.374: gst_mini_object_unref: assertion 'mini_object != NULL' failed
Total loop time: 9.740 sec
data/envCorp/MacaulayLibrary/595721811.mp3

(MATLAB:125655): GStreamer-CRITICAL **: 13:41:22.642: gst_mini_object_unref: assertion 'mini_object != NULL' failed

(MATLAB:125655): GStreamer-CRITICAL **: 13:41:23.850: gst_mini_object_unref: assertion 'mini_object != NULL' failed

(MATLAB:125655): GStreamer-CRITICAL **: 13:41:25.037: gst_mini_object_unref: assertion 'mini_object != NULL' failed
Total loop time: 3.628 sec
data/envCorp/MacaulayLibrary/595738821.wav
Total loop time: 6.901 sec
data/envCorp/MacaulayLibrary/595837141.wav
Total loop time: 6.224 sec
data/envCorp/MacaulayLibrary/595841161.wav
Total loop time: 11.682 sec
data/envCorp/MacaulayLibrary/595866041.wav
Total loop time: 1.785 sec
data/envCorp/MacaulayLibrary/59588981.wav
Total loop time: 18.777 sec
data/envCorp/MacaulayLibrary/595942181.wav
Total loop time: 1.005 sec
data/envCorp/MacaulayLibrary/595942191.wav
Total loop time: 1.957 sec
data/envCorp/MacaulayLibrary/595945881.mp3

(MATLAB:125655): GStreamer-CRITICAL **: 13:42:14.636: gst_mini_object_unref: assertion 'mini_object != NULL' failed

(MATLAB:125655): GStreamer-CRITICAL **: 13:42:15.793: gst_mini_object_unref: assertion 'mini_object != NULL' failed

(MATLAB:125655): GStreamer-CRITICAL **: 13:42:16.935: gst_mini_object_unref: assertion 'mini_object != NULL' failed

(MATLAB:125655): GStreamer-CRITICAL **: 13:42:18.035: gst_mini_object_unref: assertion 'mini_object != NULL' failed

(MATLAB:125655): GStreamer-CRITICAL **: 13:42:19.161: gst_mini_object_unref: assertion 'mini_object != NULL' failed

(MATLAB:125655): GStreamer-CRITICAL **: 13:42:20.332: gst_mini_object_unref: assertion 'mini_object != NULL' failed

(MATLAB:125655): GStreamer-CRITICAL **: 13:42:21.482: gst_mini_object_unref: assertion 'mini_object != NULL' failed
Total loop time: 9.164 sec
data/envCorp/MacaulayLibrary/595974971.wav
Total loop time: 6.636 sec
data/envCorp/MacaulayLibrary/595975851.wav
Total loop time: 8.155 sec
data/envCorp/MacaulayLibrary/595975891.wav
Total loop time: 8.776 sec
data/envCorp/MacaulayLibrary/595993311.wav
Total loop time: 16.156 sec
data/envCorp/MacaulayLibrary/595998171.wav
Total loop time: 3.696 sec
data/envCorp/MacaulayLibrary/596027351.wav
Total loop time: 10.558 sec
data/envCorp/MacaulayLibrary/596045231.wav
Total loop time: 6.956 sec
data/envCorp/MacaulayLibrary/596080661.wav
Total loop time: 1.496 sec
Successful STM!
Elapsed time is 884.583853 seconds.
