
                            < M A T L A B (R) >
                  Copyright 1984-2023 The MathWorks, Inc.
                  R2023b (23.2.0.2365128) 64-bit (glnxa64)
                              August 23, 2023

 
To get started, type doc.
For product information, visit www.mathworks.com.
 
**skip** data/envCorp/MacaulayLibrary/218902801.wav
**skip** data/envCorp/MacaulayLibrary/218926471.wav
**skip** data/envCorp/MacaulayLibrary/218931731.wav
**skip** data/envCorp/MacaulayLibrary/218939041.mp3
**skip** data/envCorp/MacaulayLibrary/218939171.mp3
**skip** data/envCorp/MacaulayLibrary/218939211.mp3
**skip** data/envCorp/MacaulayLibrary/218939931.mp3
**skip** data/envCorp/MacaulayLibrary/218943401.mp3
**skip** data/envCorp/MacaulayLibrary/218943421.mp3
**skip** data/envCorp/MacaulayLibrary/218972271.wav
**skip** data/envCorp/MacaulayLibrary/218988931.wav
**skip** data/envCorp/MacaulayLibrary/21899.wav
**skip** data/envCorp/MacaulayLibrary/218990281.mp3
**skip** data/envCorp/MacaulayLibrary/21900.wav
**skip** data/envCorp/MacaulayLibrary/219003081.m4a
**skip** data/envCorp/MacaulayLibrary/219014.wav
**skip** data/envCorp/MacaulayLibrary/219057791.wav
**skip** data/envCorp/MacaulayLibrary/219060831.wav
**skip** data/envCorp/MacaulayLibrary/219062171.wav
**skip** data/envCorp/MacaulayLibrary/219067551.wav
**skip** data/envCorp/MacaulayLibrary/219075.wav
**skip** data/envCorp/MacaulayLibrary/219076.wav
**skip** data/envCorp/MacaulayLibrary/219091421.wav
**skip** data/envCorp/MacaulayLibrary/219092031.wav
**skip** data/envCorp/MacaulayLibrary/219096981.mp3
**skip** data/envCorp/MacaulayLibrary/219097071.mp3
**skip** data/envCorp/MacaulayLibrary/219105541.mp3
**skip** data/envCorp/MacaulayLibrary/219106351.mp3
**skip** data/envCorp/MacaulayLibrary/219106901.mp3
**skip** data/envCorp/MacaulayLibrary/219138941.wav
**skip** data/envCorp/MacaulayLibrary/21914.wav
**skip** data/envCorp/MacaulayLibrary/219159161.wav
**skip** data/envCorp/MacaulayLibrary/219170961.m4a
**skip** data/envCorp/MacaulayLibrary/219189181.wav
**skip** data/envCorp/MacaulayLibrary/219190621.wav
**skip** data/envCorp/MacaulayLibrary/219210891.wav
**skip** data/envCorp/MacaulayLibrary/219211741.wav
**skip** data/envCorp/MacaulayLibrary/219211921.wav
**skip** data/envCorp/MacaulayLibrary/219212311.wav
**skip** data/envCorp/MacaulayLibrary/219212501.wav
**skip** data/envCorp/MacaulayLibrary/219212531.wav
**skip** data/envCorp/MacaulayLibrary/219214141.wav
**skip** data/envCorp/MacaulayLibrary/219214171.wav
**skip** data/envCorp/MacaulayLibrary/219214811.wav
**skip** data/envCorp/MacaulayLibrary/219214861.wav
**skip** data/envCorp/MacaulayLibrary/219214941.wav
**skip** data/envCorp/MacaulayLibrary/219215921.wav
**skip** data/envCorp/MacaulayLibrary/219215961.wav
**skip** data/envCorp/MacaulayLibrary/219216061.wav
**skip** data/envCorp/MacaulayLibrary/219216091.wav
**skip** data/envCorp/MacaulayLibrary/219216111.wav
**skip** data/envCorp/MacaulayLibrary/219216251.wav
data/envCorp/MacaulayLibrary/219216281.wav
Total loop time: 1.024 sec
**skip** data/envCorp/MacaulayLibrary/219216931.wav
**skip** data/envCorp/MacaulayLibrary/219217021.wav
**skip** data/envCorp/MacaulayLibrary/219217231.wav
**skip** data/envCorp/MacaulayLibrary/219264401.mp3
**skip** data/envCorp/MacaulayLibrary/219275391.wav
**skip** data/envCorp/MacaulayLibrary/219287251.wav
**skip** data/envCorp/MacaulayLibrary/219295981.m4a
**skip** data/envCorp/MacaulayLibrary/219349221.wav
**skip** data/envCorp/MacaulayLibrary/219370941.m4a
**skip** data/envCorp/MacaulayLibrary/219400701.mp3
**skip** data/envCorp/MacaulayLibrary/219441011.wav
**skip** data/envCorp/MacaulayLibrary/21945.wav
**skip** data/envCorp/MacaulayLibrary/21947381.wav
**skip** data/envCorp/MacaulayLibrary/219496571.wav
**skip** data/envCorp/MacaulayLibrary/219499601.wav
**skip** data/envCorp/MacaulayLibrary/219529.wav
**skip** data/envCorp/MacaulayLibrary/219553841.mp3
**skip** data/envCorp/MacaulayLibrary/219586891.wav
**skip** data/envCorp/MacaulayLibrary/219587361.wav
**skip** data/envCorp/MacaulayLibrary/219609981.mp3
**skip** data/envCorp/MacaulayLibrary/219618171.wav
**skip** data/envCorp/MacaulayLibrary/219640771.wav
**skip** data/envCorp/MacaulayLibrary/219641141.wav
**skip** data/envCorp/MacaulayLibrary/219641571.wav
**skip** data/envCorp/MacaulayLibrary/219677381.wav
**skip** data/envCorp/MacaulayLibrary/219701141.wav
**skip** data/envCorp/MacaulayLibrary/219762.wav
**skip** data/envCorp/MacaulayLibrary/219796651.m4a
**skip** data/envCorp/MacaulayLibrary/219799611.m4a
**skip** data/envCorp/MacaulayLibrary/219822951.wav
**skip** data/envCorp/MacaulayLibrary/219829.wav
**skip** data/envCorp/MacaulayLibrary/21984.wav
**skip** data/envCorp/MacaulayLibrary/219855621.mp3
**skip** data/envCorp/MacaulayLibrary/219855631.mp3
**skip** data/envCorp/MacaulayLibrary/219893791.wav
**skip** data/envCorp/MacaulayLibrary/219895.wav
**skip** data/envCorp/MacaulayLibrary/219920561.wav
**skip** data/envCorp/MacaulayLibrary/219943441.mp3
**skip** data/envCorp/MacaulayLibrary/219945081.mp3
**skip** data/envCorp/MacaulayLibrary/220005761.mp3
**skip** data/envCorp/MacaulayLibrary/22002.wav
**skip** data/envCorp/MacaulayLibrary/22006.wav
**skip** data/envCorp/MacaulayLibrary/22007.wav
**skip** data/envCorp/MacaulayLibrary/220094941.wav
**skip** data/envCorp/MacaulayLibrary/220144.wav
**skip** data/envCorp/MacaulayLibrary/220146501.m4a
**skip** data/envCorp/MacaulayLibrary/220187.wav
Successful STM!
Elapsed time is 6.517359 seconds.
