
                            < M A T L A B (R) >
                  Copyright 1984-2023 The MathWorks, Inc.
                  R2023b (23.2.0.2365128) 64-bit (glnxa64)
                              August 23, 2023

 
To get started, type doc.
For product information, visit www.mathworks.com.
 
data/envCorp/MacaulayLibrary/120245.wav
Total loop time: 26.830 sec
data/envCorp/MacaulayLibrary/120251.wav
Total loop time: 23.875 sec
data/envCorp/MacaulayLibrary/120261.wav
Total loop time: 23.314 sec
data/envCorp/MacaulayLibrary/120266.wav
Total loop time: 1.428 sec
data/envCorp/MacaulayLibrary/120271131.wav
Total loop time: 14.176 sec
data/envCorp/MacaulayLibrary/120311871.wav
Total loop time: 0.823 sec
data/envCorp/MacaulayLibrary/120341961.mp3

(MATLAB:3663610): GStreamer-CRITICAL **: 13:30:16.520: gst_mini_object_unref: assertion 'mini_object != NULL' failed

(MATLAB:3663610): GStreamer-CRITICAL **: 13:30:17.486: gst_mini_object_unref: assertion 'mini_object != NULL' failed

(MATLAB:3663610): GStreamer-CRITICAL **: 13:30:17.697: gst_mini_object_unref: assertion 'mini_object != NULL' failed

(MATLAB:3663610): GStreamer-CRITICAL **: 13:30:17.897: gst_mini_object_unref: assertion 'mini_object != NULL' failed

(MATLAB:3663610): GStreamer-CRITICAL **: 13:30:18.096: gst_mini_object_unref: assertion 'mini_object != NULL' failed

(MATLAB:3663610): GStreamer-CRITICAL **: 13:30:18.288: gst_mini_object_unref: assertion 'mini_object != NULL' failed

(MATLAB:3663610): GStreamer-CRITICAL **: 13:30:18.476: gst_mini_object_unref: assertion 'mini_object != NULL' failed

(MATLAB:3663610): GStreamer-CRITICAL **: 13:30:18.665: gst_mini_object_unref: assertion 'mini_object != NULL' failed
Total loop time: 2.730 sec
data/envCorp/MacaulayLibrary/120414.wav
Total loop time: 23.502 sec
data/envCorp/MacaulayLibrary/120415.wav
Total loop time: 19.027 sec
data/envCorp/MacaulayLibrary/120441.wav
Total loop time: 23.452 sec
data/envCorp/MacaulayLibrary/120494.wav
Total loop time: 23.239 sec
data/envCorp/MacaulayLibrary/120504961.wav
Total loop time: 5.356 sec
data/envCorp/MacaulayLibrary/120507231.wav
Total loop time: 7.766 sec
data/envCorp/MacaulayLibrary/120507691.wav
Total loop time: 8.695 sec
data/envCorp/MacaulayLibrary/120512571.wav
Total loop time: 7.888 sec
data/envCorp/MacaulayLibrary/120586691.wav
Total loop time: 9.486 sec
data/envCorp/MacaulayLibrary/120617311.wav
Total loop time: 1.610 sec
data/envCorp/MacaulayLibrary/120617411.wav
Total loop time: 1.621 sec
data/envCorp/MacaulayLibrary/120626521.mp3

(MATLAB:3663610): GStreamer-CRITICAL **: 13:32:30.550: gst_mini_object_unref: assertion 'mini_object != NULL' failed

(MATLAB:3663610): GStreamer-CRITICAL **: 13:32:31.497: gst_mini_object_unref: assertion 'mini_object != NULL' failed
Total loop time: 1.925 sec
data/envCorp/MacaulayLibrary/120634171.wav
Total loop time: 21.237 sec
data/envCorp/MacaulayLibrary/120645551.wav
Total loop time: 3.958 sec
data/envCorp/MacaulayLibrary/1207.wav
Total loop time: 5.543 sec
data/envCorp/MacaulayLibrary/120758621.wav
Total loop time: 3.994 sec
data/envCorp/MacaulayLibrary/120885.wav
Total loop time: 23.510 sec
data/envCorp/MacaulayLibrary/120888.wav
Total loop time: 7.850 sec
data/envCorp/MacaulayLibrary/120905.wav
Total loop time: 23.333 sec
data/envCorp/MacaulayLibrary/120916.wav
Total loop time: 23.149 sec
data/envCorp/MacaulayLibrary/120921261.wav
Total loop time: 4.689 sec
data/envCorp/MacaulayLibrary/120924.wav
Total loop time: 23.563 sec
data/envCorp/MacaulayLibrary/120959.wav
Total loop time: 21.678 sec
data/envCorp/MacaulayLibrary/120960.wav
Total loop time: 23.258 sec
data/envCorp/MacaulayLibrary/120964.wav
Total loop time: 23.480 sec
data/envCorp/MacaulayLibrary/120972.wav
Total loop time: 23.507 sec
data/envCorp/MacaulayLibrary/120977.wav
Total loop time: 23.152 sec
data/envCorp/MacaulayLibrary/120979441.wav
Total loop time: 1.593 sec
data/envCorp/MacaulayLibrary/120982551.mp3

(MATLAB:3663610): GStreamer-CRITICAL **: 13:36:50.029: gst_mini_object_unref: assertion 'mini_object != NULL' failed

(MATLAB:3663610): GStreamer-CRITICAL **: 13:36:50.974: gst_mini_object_unref: assertion 'mini_object != NULL' failed

(MATLAB:3663610): GStreamer-CRITICAL **: 13:36:51.916: gst_mini_object_unref: assertion 'mini_object != NULL' failed

(MATLAB:3663610): GStreamer-CRITICAL **: 13:36:52.871: gst_mini_object_unref: assertion 'mini_object != NULL' failed

(MATLAB:3663610): GStreamer-CRITICAL **: 13:36:53.817: gst_mini_object_unref: assertion 'mini_object != NULL' failed
Total loop time: 4.782 sec
data/envCorp/MacaulayLibrary/120985571.wav
Total loop time: 2.373 sec
data/envCorp/MacaulayLibrary/120986351.wav
Total loop time: 2.355 sec
data/envCorp/MacaulayLibrary/120987.wav
Total loop time: 23.354 sec
data/envCorp/MacaulayLibrary/120987891.wav
Total loop time: 7.722 sec
data/envCorp/MacaulayLibrary/120991531.wav
Total loop time: 3.860 sec
data/envCorp/MacaulayLibrary/120994.wav
Total loop time: 23.464 sec
data/envCorp/MacaulayLibrary/121015961.mp3

(MATLAB:3663610): GStreamer-CRITICAL **: 13:37:57.949: gst_mini_object_unref: assertion 'mini_object != NULL' failed

(MATLAB:3663610): GStreamer-CRITICAL **: 13:37:58.897: gst_mini_object_unref: assertion 'mini_object != NULL' failed

(MATLAB:3663610): GStreamer-CRITICAL **: 13:37:59.842: gst_mini_object_unref: assertion 'mini_object != NULL' failed

(MATLAB:3663610): GStreamer-CRITICAL **: 13:38:00.784: gst_mini_object_unref: assertion 'mini_object != NULL' failed

(MATLAB:3663610): GStreamer-CRITICAL **: 13:38:01.729: gst_mini_object_unref: assertion 'mini_object != NULL' failed
Total loop time: 4.776 sec
data/envCorp/MacaulayLibrary/121170351.wav
Total loop time: 1.593 sec
data/envCorp/MacaulayLibrary/121172451.mp3

(MATLAB:3663610): GStreamer-CRITICAL **: 13:38:04.315: gst_mini_object_unref: assertion 'mini_object != NULL' failed

(MATLAB:3663610): GStreamer-CRITICAL **: 13:38:05.259: gst_mini_object_unref: assertion 'mini_object != NULL' failed

(MATLAB:3663610): GStreamer-CRITICAL **: 13:38:06.202: gst_mini_object_unref: assertion 'mini_object != NULL' failed

(MATLAB:3663610): GStreamer-CRITICAL **: 13:38:07.141: gst_mini_object_unref: assertion 'mini_object != NULL' failed
Total loop time: 3.796 sec
data/envCorp/MacaulayLibrary/1212.wav
Total loop time: 6.996 sec
data/envCorp/MacaulayLibrary/121234871.wav
Total loop time: 2.338 sec
data/envCorp/MacaulayLibrary/121287481.wav
Total loop time: 1.632 sec
data/envCorp/MacaulayLibrary/121287921.wav
Total loop time: 5.444 sec
data/envCorp/MacaulayLibrary/121290911.wav
Total loop time: 20.213 sec
data/envCorp/MacaulayLibrary/121292051.wav
Total loop time: 10.258 sec
data/envCorp/MacaulayLibrary/121300651.wav
Total loop time: 6.372 sec
data/envCorp/MacaulayLibrary/121430321.mp3

(MATLAB:3663610): GStreamer-CRITICAL **: 13:39:01.371: gst_mini_object_unref: assertion 'mini_object != NULL' failed
Total loop time: 0.968 sec
data/envCorp/MacaulayLibrary/121456541.mp3

(MATLAB:3663610): GStreamer-CRITICAL **: 13:39:02.368: gst_mini_object_unref: assertion 'mini_object != NULL' failed

(MATLAB:3663610): GStreamer-CRITICAL **: 13:39:03.335: gst_mini_object_unref: assertion 'mini_object != NULL' failed

(MATLAB:3663610): GStreamer-CRITICAL **: 13:39:04.292: gst_mini_object_unref: assertion 'mini_object != NULL' failed

(MATLAB:3663610): GStreamer-CRITICAL **: 13:39:05.263: gst_mini_object_unref: assertion 'mini_object != NULL' failed

(MATLAB:3663610): GStreamer-CRITICAL **: 13:39:06.209: gst_mini_object_unref: assertion 'mini_object != NULL' failed

(MATLAB:3663610): GStreamer-CRITICAL **: 13:39:07.154: gst_mini_object_unref: assertion 'mini_object != NULL' failed

(MATLAB:3663610): GStreamer-CRITICAL **: 13:39:08.097: gst_mini_object_unref: assertion 'mini_object != NULL' failed

(MATLAB:3663610): GStreamer-CRITICAL **: 13:39:09.051: gst_mini_object_unref: assertion 'mini_object != NULL' failed

(MATLAB:3663610): GStreamer-CRITICAL **: 13:39:09.995: gst_mini_object_unref: assertion 'mini_object != NULL' failed
Total loop time: 8.615 sec
data/envCorp/MacaulayLibrary/121526901.mp3

(MATLAB:3663610): GStreamer-CRITICAL **: 13:39:10.958: gst_mini_object_unref: assertion 'mini_object != NULL' failed

(MATLAB:3663610): GStreamer-CRITICAL **: 13:39:11.880: gst_mini_object_unref: assertion 'mini_object != NULL' failed
Total loop time: 1.886 sec
data/envCorp/MacaulayLibrary/121527531.wav
Total loop time: 1.588 sec
data/envCorp/MacaulayLibrary/121655821.mp3

(MATLAB:3663610): GStreamer-CRITICAL **: 13:39:14.443: gst_mini_object_unref: assertion 'mini_object != NULL' failed

(MATLAB:3663610): GStreamer-CRITICAL **: 13:39:15.385: gst_mini_object_unref: assertion 'mini_object != NULL' failed

(MATLAB:3663610): GStreamer-CRITICAL **: 13:39:16.320: gst_mini_object_unref: assertion 'mini_object != NULL' failed
Total loop time: 2.838 sec
data/envCorp/MacaulayLibrary/121697381.wav
Total loop time: 10.242 sec
data/envCorp/MacaulayLibrary/121704431.wav
Total loop time: 0.845 sec
data/envCorp/MacaulayLibrary/121705.wav
Total loop time: 23.540 sec
data/envCorp/MacaulayLibrary/121707851.wav
Total loop time: 1.603 sec
data/envCorp/MacaulayLibrary/121761.wav
Total loop time: 23.293 sec
data/envCorp/MacaulayLibrary/121775.wav
Total loop time: 23.608 sec
data/envCorp/MacaulayLibrary/121778.wav
Total loop time: 23.615 sec
data/envCorp/MacaulayLibrary/121781.wav
Total loop time: 23.572 sec
data/envCorp/MacaulayLibrary/121793.wav
Total loop time: 23.547 sec
data/envCorp/MacaulayLibrary/1218.wav
Total loop time: 6.208 sec
data/envCorp/MacaulayLibrary/121808.wav
Total loop time: 23.608 sec
data/envCorp/MacaulayLibrary/121827.wav
Total loop time: 23.573 sec
data/envCorp/MacaulayLibrary/121836.wav
Total loop time: 23.434 sec
data/envCorp/MacaulayLibrary/121838.wav
Total loop time: 23.239 sec
data/envCorp/MacaulayLibrary/121860451.mp3

(MATLAB:3663610): GStreamer-CRITICAL **: 13:43:31.250: gst_mini_object_unref: assertion 'mini_object != NULL' failed

(MATLAB:3663610): GStreamer-CRITICAL **: 13:43:32.181: gst_mini_object_unref: assertion 'mini_object != NULL' failed

(MATLAB:3663610): GStreamer-CRITICAL **: 13:43:33.100: gst_mini_object_unref: assertion 'mini_object != NULL' failed
Total loop time: 2.815 sec
data/envCorp/MacaulayLibrary/121882501.wav
Total loop time: 2.310 sec
data/envCorp/MacaulayLibrary/121974101.wav
Total loop time: 2.270 sec
data/envCorp/MacaulayLibrary/121978.wav
Total loop time: 19.877 sec
data/envCorp/MacaulayLibrary/122174591.mp3

(MATLAB:3663610): GStreamer-CRITICAL **: 13:43:58.524: gst_mini_object_unref: assertion 'mini_object != NULL' failed
Total loop time: 1.859 sec
data/envCorp/MacaulayLibrary/122188381.mp3

(MATLAB:3663610): GStreamer-CRITICAL **: 13:44:00.385: gst_mini_object_unref: assertion 'mini_object != NULL' failed

(MATLAB:3663610): GStreamer-CRITICAL **: 13:44:01.296: gst_mini_object_unref: assertion 'mini_object != NULL' failed
Total loop time: 1.871 sec
data/envCorp/MacaulayLibrary/122228521.wav
Total loop time: 4.580 sec
data/envCorp/MacaulayLibrary/122246831.wav
Total loop time: 2.328 sec
data/envCorp/MacaulayLibrary/122283811.wav
Total loop time: 3.834 sec
data/envCorp/MacaulayLibrary/122288211.wav
Total loop time: 3.785 sec
data/envCorp/MacaulayLibrary/122288751.wav
Total loop time: 3.779 sec
data/envCorp/MacaulayLibrary/122295141.wav
Total loop time: 7.654 sec
data/envCorp/MacaulayLibrary/122303401.wav
Total loop time: 4.616 sec
data/envCorp/MacaulayLibrary/122305721.wav
Total loop time: 3.137 sec
data/envCorp/MacaulayLibrary/122324571.wav
Total loop time: 5.326 sec
data/envCorp/MacaulayLibrary/122327421.wav
Total loop time: 3.804 sec
data/envCorp/MacaulayLibrary/122335061.wav
Total loop time: 1.562 sec
data/envCorp/MacaulayLibrary/122352011.wav
Total loop time: 0.774 sec
data/envCorp/MacaulayLibrary/122360481.wav
Total loop time: 6.940 sec
data/envCorp/MacaulayLibrary/1224.wav
Total loop time: 12.766 sec
data/envCorp/MacaulayLibrary/122420031.wav
Total loop time: 2.274 sec
data/envCorp/MacaulayLibrary/1225.wav
Total loop time: 8.286 sec
data/envCorp/MacaulayLibrary/122526431.wav
Total loop time: 3.841 sec
data/envCorp/MacaulayLibrary/122526451.wav
Total loop time: 3.041 sec
data/envCorp/MacaulayLibrary/122531321.wav
Total loop time: 10.725 sec
data/envCorp/MacaulayLibrary/122533371.wav
Total loop time: 3.844 sec
data/envCorp/MacaulayLibrary/122536241.mp3

(MATLAB:3663610): GStreamer-CRITICAL **: 13:45:39.194: gst_mini_object_unref: assertion 'mini_object != NULL' failed

(MATLAB:3663610): GStreamer-CRITICAL **: 13:45:40.112: gst_mini_object_unref: assertion 'mini_object != NULL' failed
Total loop time: 1.867 sec
data/envCorp/MacaulayLibrary/122608821.wav
Total loop time: 2.280 sec
data/envCorp/MacaulayLibrary/122618.wav
Total loop time: 11.427 sec
Successful STM!
Elapsed time is 1033.697945 seconds.
