
                            < M A T L A B (R) >
                  Copyright 1984-2023 The MathWorks, Inc.
                  R2023b (23.2.0.2365128) 64-bit (glnxa64)
                              August 23, 2023

 
To get started, type doc.
For product information, visit www.mathworks.com.
 
data/envCorp/MacaulayLibrary/605629581.mp3

(MATLAB:2816960): GStreamer-CRITICAL **: 13:28:47.664: gst_mini_object_unref: assertion 'mini_object != NULL' failed

(MATLAB:2816960): GStreamer-CRITICAL **: 13:28:49.661: gst_mini_object_unref: assertion 'mini_object != NULL' failed

(MATLAB:2816960): GStreamer-CRITICAL **: 13:28:50.713: gst_mini_object_unref: assertion 'mini_object != NULL' failed

(MATLAB:2816960): GStreamer-CRITICAL **: 13:28:51.737: gst_mini_object_unref: assertion 'mini_object != NULL' failed

(MATLAB:2816960): GStreamer-CRITICAL **: 13:28:52.764: gst_mini_object_unref: assertion 'mini_object != NULL' failed

(MATLAB:2816960): GStreamer-CRITICAL **: 13:28:53.728: gst_mini_object_unref: assertion 'mini_object != NULL' failed
Total loop time: 9.283 sec
data/envCorp/MacaulayLibrary/605787021.wav
Total loop time: 4.013 sec
data/envCorp/MacaulayLibrary/605849431.wav
Total loop time: 12.848 sec
data/envCorp/MacaulayLibrary/605883091.mp3

(MATLAB:2816960): GStreamer-CRITICAL **: 13:29:11.630: gst_mini_object_unref: assertion 'mini_object != NULL' failed

(MATLAB:2816960): GStreamer-CRITICAL **: 13:29:12.549: gst_mini_object_unref: assertion 'mini_object != NULL' failed

(MATLAB:2816960): GStreamer-CRITICAL **: 13:29:13.476: gst_mini_object_unref: assertion 'mini_object != NULL' failed

(MATLAB:2816960): GStreamer-CRITICAL **: 13:29:14.395: gst_mini_object_unref: assertion 'mini_object != NULL' failed

(MATLAB:2816960): GStreamer-CRITICAL **: 13:29:15.308: gst_mini_object_unref: assertion 'mini_object != NULL' failed

(MATLAB:2816960): GStreamer-CRITICAL **: 13:29:16.262: gst_mini_object_unref: assertion 'mini_object != NULL' failed

(MATLAB:2816960): GStreamer-CRITICAL **: 13:29:17.199: gst_mini_object_unref: assertion 'mini_object != NULL' failed

(MATLAB:2816960): GStreamer-CRITICAL **: 13:29:18.108: gst_mini_object_unref: assertion 'mini_object != NULL' failed
Total loop time: 8.366 sec
data/envCorp/MacaulayLibrary/605893811.mp3

(MATLAB:2816960): GStreamer-CRITICAL **: 13:29:19.982: gst_mini_object_unref: assertion 'mini_object != NULL' failed
Total loop time: 1.867 sec
data/envCorp/MacaulayLibrary/605894781.mp3

(MATLAB:2816960): GStreamer-CRITICAL **: 13:29:21.868: gst_mini_object_unref: assertion 'mini_object != NULL' failed

(MATLAB:2816960): GStreamer-CRITICAL **: 13:29:22.809: gst_mini_object_unref: assertion 'mini_object != NULL' failed

(MATLAB:2816960): GStreamer-CRITICAL **: 13:29:23.740: gst_mini_object_unref: assertion 'mini_object != NULL' failed

(MATLAB:2816960): GStreamer-CRITICAL **: 13:29:24.661: gst_mini_object_unref: assertion 'mini_object != NULL' failed

(MATLAB:2816960): GStreamer-CRITICAL **: 13:29:25.558: gst_mini_object_unref: assertion 'mini_object != NULL' failed
Total loop time: 4.605 sec
data/envCorp/MacaulayLibrary/605897501.wav
Total loop time: 22.432 sec
data/envCorp/MacaulayLibrary/606105281.wav
Total loop time: 4.573 sec
data/envCorp/MacaulayLibrary/606108651.mp3
Total loop time: 0.927 sec
data/envCorp/MacaulayLibrary/606129551.wav
Total loop time: 2.257 sec
data/envCorp/MacaulayLibrary/606129561.wav
Total loop time: 0.771 sec
data/envCorp/MacaulayLibrary/606136511.wav
Total loop time: 9.699 sec
data/envCorp/MacaulayLibrary/606137941.wav
Total loop time: 0.783 sec
data/envCorp/MacaulayLibrary/606149501.mp3

(MATLAB:2816960): GStreamer-CRITICAL **: 13:30:07.926: gst_mini_object_unref: assertion 'mini_object != NULL' failed

(MATLAB:2816960): GStreamer-CRITICAL **: 13:30:08.849: gst_mini_object_unref: assertion 'mini_object != NULL' failed

(MATLAB:2816960): GStreamer-CRITICAL **: 13:30:09.764: gst_mini_object_unref: assertion 'mini_object != NULL' failed

(MATLAB:2816960): GStreamer-CRITICAL **: 13:30:10.675: gst_mini_object_unref: assertion 'mini_object != NULL' failed
Total loop time: 4.616 sec
data/envCorp/MacaulayLibrary/606152051.wav
Total loop time: 4.488 sec
data/envCorp/MacaulayLibrary/606162511.wav
Total loop time: 1.545 sec
data/envCorp/MacaulayLibrary/606216951.wav
Total loop time: 22.703 sec
data/envCorp/MacaulayLibrary/606230301.wav
Total loop time: 5.915 sec
data/envCorp/MacaulayLibrary/606233291.wav
Total loop time: 10.664 sec
data/envCorp/MacaulayLibrary/606271061.wav
Total loop time: 5.300 sec
data/envCorp/MacaulayLibrary/606274661.wav
Total loop time: 2.384 sec
data/envCorp/MacaulayLibrary/60635981.wav
Total loop time: 20.467 sec
data/envCorp/MacaulayLibrary/606483261.wav
Total loop time: 1.535 sec
data/envCorp/MacaulayLibrary/606484491.wav
Total loop time: 3.670 sec
data/envCorp/MacaulayLibrary/606484611.wav
Total loop time: 2.231 sec
data/envCorp/MacaulayLibrary/606484661.wav
Total loop time: 3.019 sec
data/envCorp/MacaulayLibrary/606484691.wav
Total loop time: 3.751 sec
data/envCorp/MacaulayLibrary/606492291.wav
Total loop time: 1.568 sec
data/envCorp/MacaulayLibrary/606492301.wav
Total loop time: 2.883 sec
data/envCorp/MacaulayLibrary/606521821.mp3

(MATLAB:2816960): GStreamer-CRITICAL **: 13:31:44.736: gst_mini_object_unref: assertion 'mini_object != NULL' failed

(MATLAB:2816960): GStreamer-CRITICAL **: 13:31:45.695: gst_mini_object_unref: assertion 'mini_object != NULL' failed

(MATLAB:2816960): GStreamer-CRITICAL **: 13:31:46.684: gst_mini_object_unref: assertion 'mini_object != NULL' failed

(MATLAB:2816960): GStreamer-CRITICAL **: 13:31:47.643: gst_mini_object_unref: assertion 'mini_object != NULL' failed

(MATLAB:2816960): GStreamer-CRITICAL **: 13:31:48.578: gst_mini_object_unref: assertion 'mini_object != NULL' failed

(MATLAB:2816960): GStreamer-CRITICAL **: 13:31:49.523: gst_mini_object_unref: assertion 'mini_object != NULL' failed

(MATLAB:2816960): GStreamer-CRITICAL **: 13:31:50.460: gst_mini_object_unref: assertion 'mini_object != NULL' failed

(MATLAB:2816960): GStreamer-CRITICAL **: 13:31:51.408: gst_mini_object_unref: assertion 'mini_object != NULL' failed

(MATLAB:2816960): GStreamer-CRITICAL **: 13:31:52.351: gst_mini_object_unref: assertion 'mini_object != NULL' failed

(MATLAB:2816960): GStreamer-CRITICAL **: 13:31:53.273: gst_mini_object_unref: assertion 'mini_object != NULL' failed

(MATLAB:2816960): GStreamer-CRITICAL **: 13:31:54.204: gst_mini_object_unref: assertion 'mini_object != NULL' failed

(MATLAB:2816960): GStreamer-CRITICAL **: 13:31:55.128: gst_mini_object_unref: assertion 'mini_object != NULL' failed

(MATLAB:2816960): GStreamer-CRITICAL **: 13:31:56.036: gst_mini_object_unref: assertion 'mini_object != NULL' failed

(MATLAB:2816960): GStreamer-CRITICAL **: 13:31:56.972: gst_mini_object_unref: assertion 'mini_object != NULL' failed
Total loop time: 14.114 sec
data/envCorp/MacaulayLibrary/606531541.mp3

(MATLAB:2816960): GStreamer-CRITICAL **: 13:31:58.804: gst_mini_object_unref: assertion 'mini_object != NULL' failed
Total loop time: 1.815 sec
data/envCorp/MacaulayLibrary/606531611.mp3

(MATLAB:2816960): GStreamer-CRITICAL **: 13:32:00.651: gst_mini_object_unref: assertion 'mini_object != NULL' failed

(MATLAB:2816960): GStreamer-CRITICAL **: 13:32:01.588: gst_mini_object_unref: assertion 'mini_object != NULL' failed

(MATLAB:2816960): GStreamer-CRITICAL **: 13:32:02.515: gst_mini_object_unref: assertion 'mini_object != NULL' failed

(MATLAB:2816960): GStreamer-CRITICAL **: 13:32:03.430: gst_mini_object_unref: assertion 'mini_object != NULL' failed

(MATLAB:2816960): GStreamer-CRITICAL **: 13:32:04.332: gst_mini_object_unref: assertion 'mini_object != NULL' failed

(MATLAB:2816960): GStreamer-CRITICAL **: 13:32:05.259: gst_mini_object_unref: assertion 'mini_object != NULL' failed

(MATLAB:2816960): GStreamer-CRITICAL **: 13:32:06.183: gst_mini_object_unref: assertion 'mini_object != NULL' failed

(MATLAB:2816960): GStreamer-CRITICAL **: 13:32:07.116: gst_mini_object_unref: assertion 'mini_object != NULL' failed

(MATLAB:2816960): GStreamer-CRITICAL **: 13:32:08.034: gst_mini_object_unref: assertion 'mini_object != NULL' failed
Total loop time: 8.347 sec
data/envCorp/MacaulayLibrary/606531621.mp3

(MATLAB:2816960): GStreamer-CRITICAL **: 13:32:08.971: gst_mini_object_unref: assertion 'mini_object != NULL' failed

(MATLAB:2816960): GStreamer-CRITICAL **: 13:32:09.882: gst_mini_object_unref: assertion 'mini_object != NULL' failed
Total loop time: 1.841 sec
data/envCorp/MacaulayLibrary/606531631.mp3

(MATLAB:2816960): GStreamer-CRITICAL **: 13:32:10.818: gst_mini_object_unref: assertion 'mini_object != NULL' failed

(MATLAB:2816960): GStreamer-CRITICAL **: 13:32:11.731: gst_mini_object_unref: assertion 'mini_object != NULL' failed
Total loop time: 2.802 sec
data/envCorp/MacaulayLibrary/606531691.mp3

(MATLAB:2816960): GStreamer-CRITICAL **: 13:32:13.756: gst_mini_object_unref: assertion 'mini_object != NULL' failed

(MATLAB:2816960): GStreamer-CRITICAL **: 13:32:14.796: gst_mini_object_unref: assertion 'mini_object != NULL' failed

(MATLAB:2816960): GStreamer-CRITICAL **: 13:32:15.836: gst_mini_object_unref: assertion 'mini_object != NULL' failed

(MATLAB:2816960): GStreamer-CRITICAL **: 13:32:16.805: gst_mini_object_unref: assertion 'mini_object != NULL' failed

(MATLAB:2816960): GStreamer-CRITICAL **: 13:32:17.875: gst_mini_object_unref: assertion 'mini_object != NULL' failed

(MATLAB:2816960): GStreamer-CRITICAL **: 13:32:18.923: gst_mini_object_unref: assertion 'mini_object != NULL' failed

(MATLAB:2816960): GStreamer-CRITICAL **: 13:32:19.959: gst_mini_object_unref: assertion 'mini_object != NULL' failed

(MATLAB:2816960): GStreamer-CRITICAL **: 13:32:20.992: gst_mini_object_unref: assertion 'mini_object != NULL' failed

(MATLAB:2816960): GStreamer-CRITICAL **: 13:32:22.019: gst_mini_object_unref: assertion 'mini_object != NULL' failed

(MATLAB:2816960): GStreamer-CRITICAL **: 13:32:23.059: gst_mini_object_unref: assertion 'mini_object != NULL' failed

(MATLAB:2816960): GStreamer-CRITICAL **: 13:32:24.080: gst_mini_object_unref: assertion 'mini_object != NULL' failed

(MATLAB:2816960): GStreamer-CRITICAL **: 13:32:25.077: gst_mini_object_unref: assertion 'mini_object != NULL' failed

(MATLAB:2816960): GStreamer-CRITICAL **: 13:32:26.085: gst_mini_object_unref: assertion 'mini_object != NULL' failed

(MATLAB:2816960): GStreamer-CRITICAL **: 13:32:27.088: gst_mini_object_unref: assertion 'mini_object != NULL' failed

(MATLAB:2816960): GStreamer-CRITICAL **: 13:32:28.099: gst_mini_object_unref: assertion 'mini_object != NULL' failed

(MATLAB:2816960): GStreamer-CRITICAL **: 13:32:29.105: gst_mini_object_unref: assertion 'mini_object != NULL' failed

(MATLAB:2816960): GStreamer-CRITICAL **: 13:32:30.089: gst_mini_object_unref: assertion 'mini_object != NULL' failed

(MATLAB:2816960): GStreamer-CRITICAL **: 13:32:31.021: gst_mini_object_unref: assertion 'mini_object != NULL' failed

(MATLAB:2816960): GStreamer-CRITICAL **: 13:32:32.021: gst_mini_object_unref: assertion 'mini_object != NULL' failed

(MATLAB:2816960): GStreamer-CRITICAL **: 13:32:33.033: gst_mini_object_unref: assertion 'mini_object != NULL' failed

(MATLAB:2816960): GStreamer-CRITICAL **: 13:32:34.020: gst_mini_object_unref: assertion 'mini_object != NULL' failed

(MATLAB:2816960): GStreamer-CRITICAL **: 13:32:35.003: gst_mini_object_unref: assertion 'mini_object != NULL' failed

(MATLAB:2816960): GStreamer-CRITICAL **: 13:32:35.977: gst_mini_object_unref: assertion 'mini_object != NULL' failed

(MATLAB:2816960): GStreamer-CRITICAL **: 13:32:36.948: gst_mini_object_unref: assertion 'mini_object != NULL' failed

(MATLAB:2816960): GStreamer-CRITICAL **: 13:32:37.947: gst_mini_object_unref: assertion 'mini_object != NULL' failed

(MATLAB:2816960): GStreamer-CRITICAL **: 13:32:38.942: gst_mini_object_unref: assertion 'mini_object != NULL' failed

(MATLAB:2816960): GStreamer-CRITICAL **: 13:32:39.918: gst_mini_object_unref: assertion 'mini_object != NULL' failed

(MATLAB:2816960): GStreamer-CRITICAL **: 13:32:40.890: gst_mini_object_unref: assertion 'mini_object != NULL' failed

(MATLAB:2816960): GStreamer-CRITICAL **: 13:32:41.869: gst_mini_object_unref: assertion 'mini_object != NULL' failed

(MATLAB:2816960): GStreamer-CRITICAL **: 13:32:42.843: gst_mini_object_unref: assertion 'mini_object != NULL' failed
Total loop time: 30.200 sec
data/envCorp/MacaulayLibrary/606610641.wav
Total loop time: 0.753 sec
data/envCorp/MacaulayLibrary/606616731.wav
Total loop time: 5.242 sec
data/envCorp/MacaulayLibrary/606617821.mp3

(MATLAB:2816960): GStreamer-CRITICAL **: 13:32:49.828: gst_mini_object_unref: assertion 'mini_object != NULL' failed

(MATLAB:2816960): GStreamer-CRITICAL **: 13:32:50.735: gst_mini_object_unref: assertion 'mini_object != NULL' failed

(MATLAB:2816960): GStreamer-CRITICAL **: 13:32:51.649: gst_mini_object_unref: assertion 'mini_object != NULL' failed

(MATLAB:2816960): GStreamer-CRITICAL **: 13:32:52.554: gst_mini_object_unref: assertion 'mini_object != NULL' failed
Total loop time: 3.724 sec
data/envCorp/MacaulayLibrary/606617831.mp3

(MATLAB:2816960): GStreamer-CRITICAL **: 13:32:53.598: gst_mini_object_unref: assertion 'mini_object != NULL' failed

(MATLAB:2816960): GStreamer-CRITICAL **: 13:32:54.564: gst_mini_object_unref: assertion 'mini_object != NULL' failed

(MATLAB:2816960): GStreamer-CRITICAL **: 13:32:55.517: gst_mini_object_unref: assertion 'mini_object != NULL' failed

(MATLAB:2816960): GStreamer-CRITICAL **: 13:32:56.457: gst_mini_object_unref: assertion 'mini_object != NULL' failed

(MATLAB:2816960): GStreamer-CRITICAL **: 13:32:57.409: gst_mini_object_unref: assertion 'mini_object != NULL' failed

(MATLAB:2816960): GStreamer-CRITICAL **: 13:32:58.374: gst_mini_object_unref: assertion 'mini_object != NULL' failed

(MATLAB:2816960): GStreamer-CRITICAL **: 13:32:59.270: gst_mini_object_unref: assertion 'mini_object != NULL' failed

(MATLAB:2816960): GStreamer-CRITICAL **: 13:33:00.206: gst_mini_object_unref: assertion 'mini_object != NULL' failed

(MATLAB:2816960): GStreamer-CRITICAL **: 13:33:01.142: gst_mini_object_unref: assertion 'mini_object != NULL' failed

(MATLAB:2816960): GStreamer-CRITICAL **: 13:33:02.070: gst_mini_object_unref: assertion 'mini_object != NULL' failed

(MATLAB:2816960): GStreamer-CRITICAL **: 13:33:03.004: gst_mini_object_unref: assertion 'mini_object != NULL' failed

(MATLAB:2816960): GStreamer-CRITICAL **: 13:33:03.959: gst_mini_object_unref: assertion 'mini_object != NULL' failed

(MATLAB:2816960): GStreamer-CRITICAL **: 13:33:04.909: gst_mini_object_unref: assertion 'mini_object != NULL' failed

(MATLAB:2816960): GStreamer-CRITICAL **: 13:33:05.837: gst_mini_object_unref: assertion 'mini_object != NULL' failed

(MATLAB:2816960): GStreamer-CRITICAL **: 13:33:06.761: gst_mini_object_unref: assertion 'mini_object != NULL' failed

(MATLAB:2816960): GStreamer-CRITICAL **: 13:33:07.672: gst_mini_object_unref: assertion 'mini_object != NULL' failed
Total loop time: 16.040 sec
data/envCorp/MacaulayLibrary/606618331.wav
Total loop time: 4.988 sec
data/envCorp/MacaulayLibrary/60667.wav
Total loop time: 20.736 sec
data/envCorp/MacaulayLibrary/606728451.mp3

(MATLAB:2816960): GStreamer-CRITICAL **: 13:33:35.322: gst_mini_object_unref: assertion 'mini_object != NULL' failed

(MATLAB:2816960): GStreamer-CRITICAL **: 13:33:36.229: gst_mini_object_unref: assertion 'mini_object != NULL' failed

(MATLAB:2816960): GStreamer-CRITICAL **: 13:33:37.143: gst_mini_object_unref: assertion 'mini_object != NULL' failed
Total loop time: 2.763 sec
data/envCorp/MacaulayLibrary/606730861.wav
Total loop time: 0.777 sec
data/envCorp/MacaulayLibrary/606740221.wav
Total loop time: 3.797 sec
data/envCorp/MacaulayLibrary/606759551.wav
Total loop time: 10.467 sec
data/envCorp/MacaulayLibrary/606764421.mp3

(MATLAB:2816960): GStreamer-CRITICAL **: 13:33:53.127: gst_mini_object_unref: assertion 'mini_object != NULL' failed
Total loop time: 0.940 sec
data/envCorp/MacaulayLibrary/606775821.wav
Total loop time: 14.382 sec
data/envCorp/MacaulayLibrary/606827961.wav
Total loop time: 7.478 sec
data/envCorp/MacaulayLibrary/606828091.wav
Total loop time: 6.789 sec
data/envCorp/MacaulayLibrary/606828171.wav
Total loop time: 4.548 sec
data/envCorp/MacaulayLibrary/606829871.wav
Total loop time: 5.885 sec
data/envCorp/MacaulayLibrary/606830521.wav
Total loop time: 5.241 sec
data/envCorp/MacaulayLibrary/60685.wav
Total loop time: 22.364 sec
data/envCorp/MacaulayLibrary/606901801.mp3

(MATLAB:2816960): GStreamer-CRITICAL **: 13:35:00.782: gst_mini_object_unref: assertion 'mini_object != NULL' failed

(MATLAB:2816960): GStreamer-CRITICAL **: 13:35:01.687: gst_mini_object_unref: assertion 'mini_object != NULL' failed

(MATLAB:2816960): GStreamer-CRITICAL **: 13:35:02.590: gst_mini_object_unref: assertion 'mini_object != NULL' failed
Total loop time: 3.590 sec
data/envCorp/MacaulayLibrary/606903341.wav
Total loop time: 1.517 sec
data/envCorp/MacaulayLibrary/606946281.wav
Total loop time: 4.478 sec
data/envCorp/MacaulayLibrary/606958271.wav
Total loop time: 0.754 sec
data/envCorp/MacaulayLibrary/606981611.wav
Total loop time: 3.747 sec
data/envCorp/MacaulayLibrary/606981841.wav
Total loop time: 20.080 sec
data/envCorp/MacaulayLibrary/607046961.wav
Total loop time: 6.024 sec
data/envCorp/MacaulayLibrary/60708.wav
Total loop time: 22.330 sec
data/envCorp/MacaulayLibrary/60710.wav
Total loop time: 13.549 sec
data/envCorp/MacaulayLibrary/60712291.mp3

(MATLAB:2816960): GStreamer-CRITICAL **: 13:36:16.924: gst_mini_object_unref: assertion 'mini_object != NULL' failed

(MATLAB:2816960): GStreamer-CRITICAL **: 13:36:17.868: gst_mini_object_unref: assertion 'mini_object != NULL' failed

(MATLAB:2816960): GStreamer-CRITICAL **: 13:36:18.821: gst_mini_object_unref: assertion 'mini_object != NULL' failed

(MATLAB:2816960): GStreamer-CRITICAL **: 13:36:19.714: gst_mini_object_unref: assertion 'mini_object != NULL' failed

(MATLAB:2816960): GStreamer-CRITICAL **: 13:36:20.667: gst_mini_object_unref: assertion 'mini_object != NULL' failed

(MATLAB:2816960): GStreamer-CRITICAL **: 13:36:21.636: gst_mini_object_unref: assertion 'mini_object != NULL' failed

(MATLAB:2816960): GStreamer-CRITICAL **: 13:36:22.583: gst_mini_object_unref: assertion 'mini_object != NULL' failed

(MATLAB:2816960): GStreamer-CRITICAL **: 13:36:23.523: gst_mini_object_unref: assertion 'mini_object != NULL' failed

(MATLAB:2816960): GStreamer-CRITICAL **: 13:36:24.457: gst_mini_object_unref: assertion 'mini_object != NULL' failed

(MATLAB:2816960): GStreamer-CRITICAL **: 13:36:25.380: gst_mini_object_unref: assertion 'mini_object != NULL' failed

(MATLAB:2816960): GStreamer-CRITICAL **: 13:36:26.330: gst_mini_object_unref: assertion 'mini_object != NULL' failed

(MATLAB:2816960): GStreamer-CRITICAL **: 13:36:27.272: gst_mini_object_unref: assertion 'mini_object != NULL' failed

(MATLAB:2816960): GStreamer-CRITICAL **: 13:36:28.184: gst_mini_object_unref: assertion 'mini_object != NULL' failed

(MATLAB:2816960): GStreamer-CRITICAL **: 13:36:29.095: gst_mini_object_unref: assertion 'mini_object != NULL' failed

(MATLAB:2816960): GStreamer-CRITICAL **: 13:36:30.009: gst_mini_object_unref: assertion 'mini_object != NULL' failed

(MATLAB:2816960): GStreamer-CRITICAL **: 13:36:30.919: gst_mini_object_unref: assertion 'mini_object != NULL' failed

(MATLAB:2816960): GStreamer-CRITICAL **: 13:36:31.845: gst_mini_object_unref: assertion 'mini_object != NULL' failed

(MATLAB:2816960): GStreamer-CRITICAL **: 13:36:32.755: gst_mini_object_unref: assertion 'mini_object != NULL' failed

(MATLAB:2816960): GStreamer-CRITICAL **: 13:36:33.600: gst_mini_object_unref: assertion 'mini_object != NULL' failed
Total loop time: 17.674 sec
data/envCorp/MacaulayLibrary/60718031.wav
Total loop time: 8.273 sec
data/envCorp/MacaulayLibrary/6072.wav
Total loop time: 17.981 sec
data/envCorp/MacaulayLibrary/607236831.mp3

(MATLAB:2816960): GStreamer-CRITICAL **: 13:37:00.881: gst_mini_object_unref: assertion 'mini_object != NULL' failed

(MATLAB:2816960): GStreamer-CRITICAL **: 13:37:01.859: gst_mini_object_unref: assertion 'mini_object != NULL' failed

(MATLAB:2816960): GStreamer-CRITICAL **: 13:37:02.797: gst_mini_object_unref: assertion 'mini_object != NULL' failed

(MATLAB:2816960): GStreamer-CRITICAL **: 13:37:03.779: gst_mini_object_unref: assertion 'mini_object != NULL' failed

(MATLAB:2816960): GStreamer-CRITICAL **: 13:37:04.731: gst_mini_object_unref: assertion 'mini_object != NULL' failed

(MATLAB:2816960): GStreamer-CRITICAL **: 13:37:05.671: gst_mini_object_unref: assertion 'mini_object != NULL' failed

(MATLAB:2816960): GStreamer-CRITICAL **: 13:37:06.573: gst_mini_object_unref: assertion 'mini_object != NULL' failed

(MATLAB:2816960): GStreamer-CRITICAL **: 13:37:07.588: gst_mini_object_unref: assertion 'mini_object != NULL' failed

(MATLAB:2816960): GStreamer-CRITICAL **: 13:37:08.558: gst_mini_object_unref: assertion 'mini_object != NULL' failed

(MATLAB:2816960): GStreamer-CRITICAL **: 13:37:09.503: gst_mini_object_unref: assertion 'mini_object != NULL' failed

(MATLAB:2816960): GStreamer-CRITICAL **: 13:37:10.464: gst_mini_object_unref: assertion 'mini_object != NULL' failed

(MATLAB:2816960): GStreamer-CRITICAL **: 13:37:11.411: gst_mini_object_unref: assertion 'mini_object != NULL' failed

(MATLAB:2816960): GStreamer-CRITICAL **: 13:37:12.357: gst_mini_object_unref: assertion 'mini_object != NULL' failed

(MATLAB:2816960): GStreamer-CRITICAL **: 13:37:13.341: gst_mini_object_unref: assertion 'mini_object != NULL' failed

(MATLAB:2816960): GStreamer-CRITICAL **: 13:37:14.297: gst_mini_object_unref: assertion 'mini_object != NULL' failed

(MATLAB:2816960): GStreamer-CRITICAL **: 13:37:15.236: gst_mini_object_unref: assertion 'mini_object != NULL' failed

(MATLAB:2816960): GStreamer-CRITICAL **: 13:37:16.184: gst_mini_object_unref: assertion 'mini_object != NULL' failed

(MATLAB:2816960): GStreamer-CRITICAL **: 13:37:17.144: gst_mini_object_unref: assertion 'mini_object != NULL' failed

(MATLAB:2816960): GStreamer-CRITICAL **: 13:37:18.109: gst_mini_object_unref: assertion 'mini_object != NULL' failed

(MATLAB:2816960): GStreamer-CRITICAL **: 13:37:19.047: gst_mini_object_unref: assertion 'mini_object != NULL' failed

(MATLAB:2816960): GStreamer-CRITICAL **: 13:37:19.963: gst_mini_object_unref: assertion 'mini_object != NULL' failed

(MATLAB:2816960): GStreamer-CRITICAL **: 13:37:20.839: gst_mini_object_unref: assertion 'mini_object != NULL' failed

(MATLAB:2816960): GStreamer-CRITICAL **: 13:37:21.762: gst_mini_object_unref: assertion 'mini_object != NULL' failed

(MATLAB:2816960): GStreamer-CRITICAL **: 13:37:22.700: gst_mini_object_unref: assertion 'mini_object != NULL' failed

(MATLAB:2816960): GStreamer-CRITICAL **: 13:37:23.642: gst_mini_object_unref: assertion 'mini_object != NULL' failed

(MATLAB:2816960): GStreamer-CRITICAL **: 13:37:24.562: gst_mini_object_unref: assertion 'mini_object != NULL' failed
Total loop time: 25.606 sec
data/envCorp/MacaulayLibrary/607294381.wav
Total loop time: 2.322 sec
data/envCorp/MacaulayLibrary/607299401.wav
Total loop time: 3.014 sec
data/envCorp/MacaulayLibrary/607328981.wav
Total loop time: 0.791 sec
data/envCorp/MacaulayLibrary/6074.wav
Total loop time: 20.025 sec
data/envCorp/MacaulayLibrary/60740.wav
Total loop time: 22.617 sec
data/envCorp/MacaulayLibrary/607424821.wav
Total loop time: 1.497 sec
data/envCorp/MacaulayLibrary/607427061.mp3

(MATLAB:2816960): GStreamer-CRITICAL **: 13:38:16.685: gst_mini_object_unref: assertion 'mini_object != NULL' failed
Total loop time: 0.925 sec
data/envCorp/MacaulayLibrary/607427641.mp3

(MATLAB:2816960): GStreamer-CRITICAL **: 13:38:17.624: gst_mini_object_unref: assertion 'mini_object != NULL' failed

(MATLAB:2816960): GStreamer-CRITICAL **: 13:38:18.487: gst_mini_object_unref: assertion 'mini_object != NULL' failed

(MATLAB:2816960): GStreamer-CRITICAL **: 13:38:19.398: gst_mini_object_unref: assertion 'mini_object != NULL' failed

(MATLAB:2816960): GStreamer-CRITICAL **: 13:38:20.314: gst_mini_object_unref: assertion 'mini_object != NULL' failed

(MATLAB:2816960): GStreamer-CRITICAL **: 13:38:21.186: gst_mini_object_unref: assertion 'mini_object != NULL' failed
Total loop time: 4.449 sec
data/envCorp/MacaulayLibrary/607428461.mp3

(MATLAB:2816960): GStreamer-CRITICAL **: 13:38:22.060: gst_mini_object_unref: assertion 'mini_object != NULL' failed
Total loop time: 1.101 sec
data/envCorp/MacaulayLibrary/607428471.mp3

(MATLAB:2816960): GStreamer-CRITICAL **: 13:38:23.177: gst_mini_object_unref: assertion 'mini_object != NULL' failed

(MATLAB:2816960): GStreamer-CRITICAL **: 13:38:24.088: gst_mini_object_unref: assertion 'mini_object != NULL' failed

(MATLAB:2816960): GStreamer-CRITICAL **: 13:38:25.029: gst_mini_object_unref: assertion 'mini_object != NULL' failed

(MATLAB:2816960): GStreamer-CRITICAL **: 13:38:25.968: gst_mini_object_unref: assertion 'mini_object != NULL' failed

(MATLAB:2816960): GStreamer-CRITICAL **: 13:38:26.882: gst_mini_object_unref: assertion 'mini_object != NULL' failed
Total loop time: 4.651 sec
data/envCorp/MacaulayLibrary/607439231.wav
Total loop time: 15.674 sec
data/envCorp/MacaulayLibrary/607523491.wav
Total loop time: 2.301 sec
data/envCorp/MacaulayLibrary/607525441.mp3

(MATLAB:2816960): GStreamer-CRITICAL **: 13:38:45.813: gst_mini_object_unref: assertion 'mini_object != NULL' failed

(MATLAB:2816960): GStreamer-CRITICAL **: 13:38:46.740: gst_mini_object_unref: assertion 'mini_object != NULL' failed

(MATLAB:2816960): GStreamer-CRITICAL **: 13:38:47.649: gst_mini_object_unref: assertion 'mini_object != NULL' failed

(MATLAB:2816960): GStreamer-CRITICAL **: 13:38:48.554: gst_mini_object_unref: assertion 'mini_object != NULL' failed

(MATLAB:2816960): GStreamer-CRITICAL **: 13:38:49.467: gst_mini_object_unref: assertion 'mini_object != NULL' failed
Total loop time: 4.617 sec
data/envCorp/MacaulayLibrary/607602031.wav
Total loop time: 16.366 sec
data/envCorp/MacaulayLibrary/607727911.mp3

(MATLAB:2816960): GStreamer-CRITICAL **: 13:39:06.805: gst_mini_object_unref: assertion 'mini_object != NULL' failed

(MATLAB:2816960): GStreamer-CRITICAL **: 13:39:07.726: gst_mini_object_unref: assertion 'mini_object != NULL' failed

(MATLAB:2816960): GStreamer-CRITICAL **: 13:39:08.649: gst_mini_object_unref: assertion 'mini_object != NULL' failed

(MATLAB:2816960): GStreamer-CRITICAL **: 13:39:09.553: gst_mini_object_unref: assertion 'mini_object != NULL' failed

(MATLAB:2816960): GStreamer-CRITICAL **: 13:39:10.468: gst_mini_object_unref: assertion 'mini_object != NULL' failed

(MATLAB:2816960): GStreamer-CRITICAL **: 13:39:11.392: gst_mini_object_unref: assertion 'mini_object != NULL' failed

(MATLAB:2816960): GStreamer-CRITICAL **: 13:39:12.301: gst_mini_object_unref: assertion 'mini_object != NULL' failed
Total loop time: 7.329 sec
data/envCorp/MacaulayLibrary/607736841.wav
Total loop time: 3.057 sec
data/envCorp/MacaulayLibrary/607797461.wav
Total loop time: 1.534 sec
data/envCorp/MacaulayLibrary/607797571.wav
Total loop time: 9.726 sec
data/envCorp/MacaulayLibrary/6078.wav
Total loop time: 19.925 sec
data/envCorp/MacaulayLibrary/607815131.wav
Total loop time: 10.559 sec
data/envCorp/MacaulayLibrary/607825411.wav
Total loop time: 0.745 sec
data/envCorp/MacaulayLibrary/60783.wav
Total loop time: 16.935 sec
data/envCorp/MacaulayLibrary/607839191.mp3

(MATLAB:2816960): GStreamer-CRITICAL **: 13:40:16.642: gst_mini_object_unref: assertion 'mini_object != NULL' failed

(MATLAB:2816960): GStreamer-CRITICAL **: 13:40:17.549: gst_mini_object_unref: assertion 'mini_object != NULL' failed

(MATLAB:2816960): GStreamer-CRITICAL **: 13:40:18.460: gst_mini_object_unref: assertion 'mini_object != NULL' failed

(MATLAB:2816960): GStreamer-CRITICAL **: 13:40:19.341: gst_mini_object_unref: assertion 'mini_object != NULL' failed

(MATLAB:2816960): GStreamer-CRITICAL **: 13:40:20.223: gst_mini_object_unref: assertion 'mini_object != NULL' failed

(MATLAB:2816960): GStreamer-CRITICAL **: 13:40:21.107: gst_mini_object_unref: assertion 'mini_object != NULL' failed

(MATLAB:2816960): GStreamer-CRITICAL **: 13:40:21.926: gst_mini_object_unref: assertion 'mini_object != NULL' failed

(MATLAB:2816960): GStreamer-CRITICAL **: 13:40:22.837: gst_mini_object_unref: assertion 'mini_object != NULL' failed

(MATLAB:2816960): GStreamer-CRITICAL **: 13:40:23.735: gst_mini_object_unref: assertion 'mini_object != NULL' failed

(MATLAB:2816960): GStreamer-CRITICAL **: 13:40:24.615: gst_mini_object_unref: assertion 'mini_object != NULL' failed

(MATLAB:2816960): GStreamer-CRITICAL **: 13:40:25.480: gst_mini_object_unref: assertion 'mini_object != NULL' failed
Total loop time: 10.626 sec
data/envCorp/MacaulayLibrary/607839361.mp3

(MATLAB:2816960): GStreamer-CRITICAL **: 13:40:27.368: gst_mini_object_unref: assertion 'mini_object != NULL' failed

(MATLAB:2816960): GStreamer-CRITICAL **: 13:40:28.398: gst_mini_object_unref: assertion 'mini_object != NULL' failed

(MATLAB:2816960): GStreamer-CRITICAL **: 13:40:29.391: gst_mini_object_unref: assertion 'mini_object != NULL' failed

(MATLAB:2816960): GStreamer-CRITICAL **: 13:40:30.370: gst_mini_object_unref: assertion 'mini_object != NULL' failed

(MATLAB:2816960): GStreamer-CRITICAL **: 13:40:31.361: gst_mini_object_unref: assertion 'mini_object != NULL' failed

(MATLAB:2816960): GStreamer-CRITICAL **: 13:40:32.344: gst_mini_object_unref: assertion 'mini_object != NULL' failed

(MATLAB:2816960): GStreamer-CRITICAL **: 13:40:33.347: gst_mini_object_unref: assertion 'mini_object != NULL' failed

(MATLAB:2816960): GStreamer-CRITICAL **: 13:40:34.335: gst_mini_object_unref: assertion 'mini_object != NULL' failed

(MATLAB:2816960): GStreamer-CRITICAL **: 13:40:35.284: gst_mini_object_unref: assertion 'mini_object != NULL' failed

(MATLAB:2816960): GStreamer-CRITICAL **: 13:40:36.218: gst_mini_object_unref: assertion 'mini_object != NULL' failed

(MATLAB:2816960): GStreamer-CRITICAL **: 13:40:37.157: gst_mini_object_unref: assertion 'mini_object != NULL' failed

(MATLAB:2816960): GStreamer-CRITICAL **: 13:40:38.149: gst_mini_object_unref: assertion 'mini_object != NULL' failed

(MATLAB:2816960): GStreamer-CRITICAL **: 13:40:39.133: gst_mini_object_unref: assertion 'mini_object != NULL' failed

(MATLAB:2816960): GStreamer-CRITICAL **: 13:40:40.093: gst_mini_object_unref: assertion 'mini_object != NULL' failed

(MATLAB:2816960): GStreamer-CRITICAL **: 13:40:41.033: gst_mini_object_unref: assertion 'mini_object != NULL' failed

(MATLAB:2816960): GStreamer-CRITICAL **: 13:40:41.970: gst_mini_object_unref: assertion 'mini_object != NULL' failed

(MATLAB:2816960): GStreamer-CRITICAL **: 13:40:42.916: gst_mini_object_unref: assertion 'mini_object != NULL' failed

(MATLAB:2816960): GStreamer-CRITICAL **: 13:40:43.878: gst_mini_object_unref: assertion 'mini_object != NULL' failed

(MATLAB:2816960): GStreamer-CRITICAL **: 13:40:44.805: gst_mini_object_unref: assertion 'mini_object != NULL' failed

(MATLAB:2816960): GStreamer-CRITICAL **: 13:40:45.732: gst_mini_object_unref: assertion 'mini_object != NULL' failed

(MATLAB:2816960): GStreamer-CRITICAL **: 13:40:46.655: gst_mini_object_unref: assertion 'mini_object != NULL' failed

(MATLAB:2816960): GStreamer-CRITICAL **: 13:40:47.587: gst_mini_object_unref: assertion 'mini_object != NULL' failed

(MATLAB:2816960): GStreamer-CRITICAL **: 13:40:48.522: gst_mini_object_unref: assertion 'mini_object != NULL' failed

(MATLAB:2816960): GStreamer-CRITICAL **: 13:40:49.449: gst_mini_object_unref: assertion 'mini_object != NULL' failed

(MATLAB:2816960): GStreamer-CRITICAL **: 13:40:50.320: gst_mini_object_unref: assertion 'mini_object != NULL' failed

(MATLAB:2816960): GStreamer-CRITICAL **: 13:40:51.226: gst_mini_object_unref: assertion 'mini_object != NULL' failed

(MATLAB:2816960): GStreamer-CRITICAL **: 13:40:52.118: gst_mini_object_unref: assertion 'mini_object != NULL' failed

(MATLAB:2816960): GStreamer-CRITICAL **: 13:40:53.019: gst_mini_object_unref: assertion 'mini_object != NULL' failed

(MATLAB:2816960): GStreamer-CRITICAL **: 13:40:53.922: gst_mini_object_unref: assertion 'mini_object != NULL' failed

(MATLAB:2816960): GStreamer-CRITICAL **: 13:40:54.814: gst_mini_object_unref: assertion 'mini_object != NULL' failed
Total loop time: 28.464 sec
data/envCorp/MacaulayLibrary/607864951.wav
Total loop time: 1.433 sec
data/envCorp/MacaulayLibrary/607865351.wav
Total loop time: 20.768 sec
data/envCorp/MacaulayLibrary/607871501.wav
Total loop time: 9.646 sec
data/envCorp/MacaulayLibrary/607887901.wav
Total loop time: 3.542 sec
data/envCorp/MacaulayLibrary/607914401.wav
Total loop time: 14.471 sec
data/envCorp/MacaulayLibrary/607973391.wav
Total loop time: 20.096 sec
data/envCorp/MacaulayLibrary/6080.wav
Total loop time: 7.254 sec
data/envCorp/MacaulayLibrary/608020391.mp3

(MATLAB:2816960): GStreamer-CRITICAL **: 13:42:12.934: gst_mini_object_unref: assertion 'mini_object != NULL' failed

(MATLAB:2816960): GStreamer-CRITICAL **: 13:42:13.761: gst_mini_object_unref: assertion 'mini_object != NULL' failed

(MATLAB:2816960): GStreamer-CRITICAL **: 13:42:14.600: gst_mini_object_unref: assertion 'mini_object != NULL' failed
Total loop time: 3.352 sec
data/envCorp/MacaulayLibrary/608028221.wav
Total loop time: 3.280 sec
data/envCorp/MacaulayLibrary/608112011.wav
Total loop time: 5.828 sec
Successful STM!
Elapsed time is 824.655855 seconds.
