
                            < M A T L A B (R) >
                  Copyright 1984-2023 The MathWorks, Inc.
                  R2023b (23.2.0.2365128) 64-bit (glnxa64)
                              August 23, 2023

 
To get started, type doc.
For product information, visit www.mathworks.com.
 
data/envCorp/MacaulayLibrary/465512641.mp3

(MATLAB:1661679): GStreamer-CRITICAL **: 13:28:50.279: gst_mini_object_unref: assertion 'mini_object != NULL' failed

(MATLAB:1661679): GStreamer-CRITICAL **: 13:28:53.044: gst_mini_object_unref: assertion 'mini_object != NULL' failed

(MATLAB:1661679): GStreamer-CRITICAL **: 13:28:54.464: gst_mini_object_unref: assertion 'mini_object != NULL' failed

(MATLAB:1661679): GStreamer-CRITICAL **: 13:28:55.761: gst_mini_object_unref: assertion 'mini_object != NULL' failed

(MATLAB:1661679): GStreamer-CRITICAL **: 13:28:57.124: gst_mini_object_unref: assertion 'mini_object != NULL' failed

(MATLAB:1661679): GStreamer-CRITICAL **: 13:28:58.443: gst_mini_object_unref: assertion 'mini_object != NULL' failed

(MATLAB:1661679): GStreamer-CRITICAL **: 13:28:59.738: gst_mini_object_unref: assertion 'mini_object != NULL' failed

(MATLAB:1661679): GStreamer-CRITICAL **: 13:29:01.176: gst_mini_object_unref: assertion 'mini_object != NULL' failed

(MATLAB:1661679): GStreamer-CRITICAL **: 13:29:02.729: gst_mini_object_unref: assertion 'mini_object != NULL' failed

(MATLAB:1661679): GStreamer-CRITICAL **: 13:29:03.986: gst_mini_object_unref: assertion 'mini_object != NULL' failed
Total loop time: 18.429 sec
data/envCorp/MacaulayLibrary/465512961.mp3

(MATLAB:1661679): GStreamer-CRITICAL **: 13:29:06.593: gst_mini_object_unref: assertion 'mini_object != NULL' failed

(MATLAB:1661679): GStreamer-CRITICAL **: 13:29:07.872: gst_mini_object_unref: assertion 'mini_object != NULL' failed

(MATLAB:1661679): GStreamer-CRITICAL **: 13:29:08.115: gst_mini_object_unref: assertion 'mini_object != NULL' failed

(MATLAB:1661679): GStreamer-CRITICAL **: 13:29:09.366: gst_mini_object_unref: assertion 'mini_object != NULL' failed

(MATLAB:1661679): GStreamer-CRITICAL **: 13:29:10.624: gst_mini_object_unref: assertion 'mini_object != NULL' failed
Total loop time: 5.360 sec
data/envCorp/MacaulayLibrary/465520811.wav
Total loop time: 9.507 sec
data/envCorp/MacaulayLibrary/465523391.wav
Total loop time: 1.933 sec
data/envCorp/MacaulayLibrary/465549691.wav
Total loop time: 2.017 sec
data/envCorp/MacaulayLibrary/465551521.wav
Total loop time: 9.810 sec
data/envCorp/MacaulayLibrary/465552391.wav
Total loop time: 10.076 sec
data/envCorp/MacaulayLibrary/465556811.wav
Total loop time: 14.332 sec
data/envCorp/MacaulayLibrary/465608901.wav
Total loop time: 8.432 sec
data/envCorp/MacaulayLibrary/465610511.wav
Total loop time: 20.481 sec
data/envCorp/MacaulayLibrary/465610601.wav
Total loop time: 13.095 sec
data/envCorp/MacaulayLibrary/465610701.wav
Total loop time: 2.865 sec
data/envCorp/MacaulayLibrary/465639091.wav
Total loop time: 2.931 sec
data/envCorp/MacaulayLibrary/465644981.wav
Total loop time: 1.115 sec
data/envCorp/MacaulayLibrary/465660841.wav
Total loop time: 2.195 sec
data/envCorp/MacaulayLibrary/465660861.wav
Total loop time: 5.391 sec
data/envCorp/MacaulayLibrary/465661241.wav
Total loop time: 2.160 sec
data/envCorp/MacaulayLibrary/465673891.mp3

(MATLAB:1661679): GStreamer-CRITICAL **: 13:30:58.381: gst_mini_object_unref: assertion 'mini_object != NULL' failed

(MATLAB:1661679): GStreamer-CRITICAL **: 13:30:59.683: gst_mini_object_unref: assertion 'mini_object != NULL' failed

(MATLAB:1661679): GStreamer-CRITICAL **: 13:31:00.979: gst_mini_object_unref: assertion 'mini_object != NULL' failed

(MATLAB:1661679): GStreamer-CRITICAL **: 13:31:02.268: gst_mini_object_unref: assertion 'mini_object != NULL' failed

(MATLAB:1661679): GStreamer-CRITICAL **: 13:31:03.566: gst_mini_object_unref: assertion 'mini_object != NULL' failed

(MATLAB:1661679): GStreamer-CRITICAL **: 13:31:04.881: gst_mini_object_unref: assertion 'mini_object != NULL' failed

(MATLAB:1661679): GStreamer-CRITICAL **: 13:31:06.176: gst_mini_object_unref: assertion 'mini_object != NULL' failed

(MATLAB:1661679): GStreamer-CRITICAL **: 13:31:07.464: gst_mini_object_unref: assertion 'mini_object != NULL' failed

(MATLAB:1661679): GStreamer-CRITICAL **: 13:31:08.751: gst_mini_object_unref: assertion 'mini_object != NULL' failed

(MATLAB:1661679): GStreamer-CRITICAL **: 13:31:10.019: gst_mini_object_unref: assertion 'mini_object != NULL' failed
Total loop time: 12.995 sec
data/envCorp/MacaulayLibrary/465678381.mp3

(MATLAB:1661679): GStreamer-CRITICAL **: 13:31:11.344: gst_mini_object_unref: assertion 'mini_object != NULL' failed

(MATLAB:1661679): GStreamer-CRITICAL **: 13:31:12.657: gst_mini_object_unref: assertion 'mini_object != NULL' failed

(MATLAB:1661679): GStreamer-CRITICAL **: 13:31:13.948: gst_mini_object_unref: assertion 'mini_object != NULL' failed
Total loop time: 3.970 sec
data/envCorp/MacaulayLibrary/465695531.wav
Total loop time: 30.362 sec
data/envCorp/MacaulayLibrary/465698401.mp3

(MATLAB:1661679): GStreamer-CRITICAL **: 13:31:45.672: gst_mini_object_unref: assertion 'mini_object != NULL' failed

(MATLAB:1661679): GStreamer-CRITICAL **: 13:31:47.031: gst_mini_object_unref: assertion 'mini_object != NULL' failed

(MATLAB:1661679): GStreamer-CRITICAL **: 13:31:48.333: gst_mini_object_unref: assertion 'mini_object != NULL' failed
Total loop time: 5.292 sec
data/envCorp/MacaulayLibrary/465698441.mp3
Total loop time: 0.000 sec
data/envCorp/MacaulayLibrary/465698541.mp3
Total loop time: 1.324 sec
data/envCorp/MacaulayLibrary/465699341.mp3

(MATLAB:1661679): GStreamer-CRITICAL **: 13:31:52.288: gst_mini_object_unref: assertion 'mini_object != NULL' failed

(MATLAB:1661679): GStreamer-CRITICAL **: 13:31:53.582: gst_mini_object_unref: assertion 'mini_object != NULL' failed
Total loop time: 5.236 sec
data/envCorp/MacaulayLibrary/465741151.mp3

(MATLAB:1661679): GStreamer-CRITICAL **: 13:31:57.556: gst_mini_object_unref: assertion 'mini_object != NULL' failed

(MATLAB:1661679): GStreamer-CRITICAL **: 13:31:58.886: gst_mini_object_unref: assertion 'mini_object != NULL' failed

(MATLAB:1661679): GStreamer-CRITICAL **: 13:32:00.225: gst_mini_object_unref: assertion 'mini_object != NULL' failed

(MATLAB:1661679): GStreamer-CRITICAL **: 13:32:01.560: gst_mini_object_unref: assertion 'mini_object != NULL' failed

(MATLAB:1661679): GStreamer-CRITICAL **: 13:32:02.870: gst_mini_object_unref: assertion 'mini_object != NULL' failed

(MATLAB:1661679): GStreamer-CRITICAL **: 13:32:04.171: gst_mini_object_unref: assertion 'mini_object != NULL' failed

(MATLAB:1661679): GStreamer-CRITICAL **: 13:32:05.478: gst_mini_object_unref: assertion 'mini_object != NULL' failed
Total loop time: 10.601 sec
data/envCorp/MacaulayLibrary/465745501.wav
Total loop time: 1.148 sec
data/envCorp/MacaulayLibrary/465745511.wav
Total loop time: 1.163 sec
data/envCorp/MacaulayLibrary/465745521.wav
Total loop time: 5.434 sec
data/envCorp/MacaulayLibrary/465745631.wav
Total loop time: 1.109 sec
data/envCorp/MacaulayLibrary/465757001.mp3

(MATLAB:1661679): GStreamer-CRITICAL **: 13:32:17.006: gst_mini_object_unref: assertion 'mini_object != NULL' failed

(MATLAB:1661679): GStreamer-CRITICAL **: 13:32:18.282: gst_mini_object_unref: assertion 'mini_object != NULL' failed

(MATLAB:1661679): GStreamer-CRITICAL **: 13:32:19.583: gst_mini_object_unref: assertion 'mini_object != NULL' failed

(MATLAB:1661679): GStreamer-CRITICAL **: 13:32:20.870: gst_mini_object_unref: assertion 'mini_object != NULL' failed
Total loop time: 6.457 sec
data/envCorp/MacaulayLibrary/465757711.wav
Total loop time: 8.975 sec
data/envCorp/MacaulayLibrary/465757741.wav
Total loop time: 24.752 sec
data/envCorp/MacaulayLibrary/46578.wav
Total loop time: 22.334 sec
data/envCorp/MacaulayLibrary/465805571.wav
Total loop time: 29.198 sec
data/envCorp/MacaulayLibrary/465873181.wav
Total loop time: 4.292 sec
data/envCorp/MacaulayLibrary/465926631.mp3

(MATLAB:1661679): GStreamer-CRITICAL **: 13:33:53.053: gst_mini_object_unref: assertion 'mini_object != NULL' failed

(MATLAB:1661679): GStreamer-CRITICAL **: 13:33:54.106: gst_mini_object_unref: assertion 'mini_object != NULL' failed

(MATLAB:1661679): GStreamer-CRITICAL **: 13:33:55.093: gst_mini_object_unref: assertion 'mini_object != NULL' failed

(MATLAB:1661679): GStreamer-CRITICAL **: 13:33:56.053: gst_mini_object_unref: assertion 'mini_object != NULL' failed

(MATLAB:1661679): GStreamer-CRITICAL **: 13:33:57.000: gst_mini_object_unref: assertion 'mini_object != NULL' failed

(MATLAB:1661679): GStreamer-CRITICAL **: 13:33:57.978: gst_mini_object_unref: assertion 'mini_object != NULL' failed

(MATLAB:1661679): GStreamer-CRITICAL **: 13:33:58.932: gst_mini_object_unref: assertion 'mini_object != NULL' failed

(MATLAB:1661679): GStreamer-CRITICAL **: 13:33:59.876: gst_mini_object_unref: assertion 'mini_object != NULL' failed
Total loop time: 7.865 sec
data/envCorp/MacaulayLibrary/465940061.wav
Total loop time: 3.457 sec
data/envCorp/MacaulayLibrary/465940711.mp3

(MATLAB:1661679): GStreamer-CRITICAL **: 13:34:04.394: gst_mini_object_unref: assertion 'mini_object != NULL' failed

(MATLAB:1661679): GStreamer-CRITICAL **: 13:34:05.478: gst_mini_object_unref: assertion 'mini_object != NULL' failed

(MATLAB:1661679): GStreamer-CRITICAL **: 13:34:06.569: gst_mini_object_unref: assertion 'mini_object != NULL' failed

(MATLAB:1661679): GStreamer-CRITICAL **: 13:34:07.643: gst_mini_object_unref: assertion 'mini_object != NULL' failed

(MATLAB:1661679): GStreamer-CRITICAL **: 13:34:08.726: gst_mini_object_unref: assertion 'mini_object != NULL' failed

(MATLAB:1661679): GStreamer-CRITICAL **: 13:34:09.854: gst_mini_object_unref: assertion 'mini_object != NULL' failed

(MATLAB:1661679): GStreamer-CRITICAL **: 13:34:11.090: gst_mini_object_unref: assertion 'mini_object != NULL' failed

(MATLAB:1661679): GStreamer-CRITICAL **: 13:34:12.344: gst_mini_object_unref: assertion 'mini_object != NULL' failed

(MATLAB:1661679): GStreamer-CRITICAL **: 13:34:13.602: gst_mini_object_unref: assertion 'mini_object != NULL' failed

(MATLAB:1661679): GStreamer-CRITICAL **: 13:34:14.885: gst_mini_object_unref: assertion 'mini_object != NULL' failed

(MATLAB:1661679): GStreamer-CRITICAL **: 13:34:16.138: gst_mini_object_unref: assertion 'mini_object != NULL' failed

(MATLAB:1661679): GStreamer-CRITICAL **: 13:34:17.358: gst_mini_object_unref: assertion 'mini_object != NULL' failed

(MATLAB:1661679): GStreamer-CRITICAL **: 13:34:18.579: gst_mini_object_unref: assertion 'mini_object != NULL' failed

(MATLAB:1661679): GStreamer-CRITICAL **: 13:34:19.787: gst_mini_object_unref: assertion 'mini_object != NULL' failed
Total loop time: 17.929 sec
data/envCorp/MacaulayLibrary/465942251.mp3

(MATLAB:1661679): GStreamer-CRITICAL **: 13:34:22.394: gst_mini_object_unref: assertion 'mini_object != NULL' failed

(MATLAB:1661679): GStreamer-CRITICAL **: 13:34:23.765: gst_mini_object_unref: assertion 'mini_object != NULL' failed

(MATLAB:1661679): GStreamer-CRITICAL **: 13:34:25.139: gst_mini_object_unref: assertion 'mini_object != NULL' failed

(MATLAB:1661679): GStreamer-CRITICAL **: 13:34:26.483: gst_mini_object_unref: assertion 'mini_object != NULL' failed

(MATLAB:1661679): GStreamer-CRITICAL **: 13:34:27.840: gst_mini_object_unref: assertion 'mini_object != NULL' failed

(MATLAB:1661679): GStreamer-CRITICAL **: 13:34:29.223: gst_mini_object_unref: assertion 'mini_object != NULL' failed

(MATLAB:1661679): GStreamer-CRITICAL **: 13:34:30.554: gst_mini_object_unref: assertion 'mini_object != NULL' failed

(MATLAB:1661679): GStreamer-CRITICAL **: 13:34:31.896: gst_mini_object_unref: assertion 'mini_object != NULL' failed

(MATLAB:1661679): GStreamer-CRITICAL **: 13:34:33.257: gst_mini_object_unref: assertion 'mini_object != NULL' failed

(MATLAB:1661679): GStreamer-CRITICAL **: 13:34:34.610: gst_mini_object_unref: assertion 'mini_object != NULL' failed

(MATLAB:1661679): GStreamer-CRITICAL **: 13:34:35.968: gst_mini_object_unref: assertion 'mini_object != NULL' failed

(MATLAB:1661679): GStreamer-CRITICAL **: 13:34:37.311: gst_mini_object_unref: assertion 'mini_object != NULL' failed

(MATLAB:1661679): GStreamer-CRITICAL **: 13:34:38.682: gst_mini_object_unref: assertion 'mini_object != NULL' failed

(MATLAB:1661679): GStreamer-CRITICAL **: 13:34:40.026: gst_mini_object_unref: assertion 'mini_object != NULL' failed

(MATLAB:1661679): GStreamer-CRITICAL **: 13:34:41.335: gst_mini_object_unref: assertion 'mini_object != NULL' failed

(MATLAB:1661679): GStreamer-CRITICAL **: 13:34:42.630: gst_mini_object_unref: assertion 'mini_object != NULL' failed

(MATLAB:1661679): GStreamer-CRITICAL **: 13:34:43.947: gst_mini_object_unref: assertion 'mini_object != NULL' failed

(MATLAB:1661679): GStreamer-CRITICAL **: 13:34:45.285: gst_mini_object_unref: assertion 'mini_object != NULL' failed

(MATLAB:1661679): GStreamer-CRITICAL **: 13:34:46.633: gst_mini_object_unref: assertion 'mini_object != NULL' failed

(MATLAB:1661679): GStreamer-CRITICAL **: 13:34:47.942: gst_mini_object_unref: assertion 'mini_object != NULL' failed

(MATLAB:1661679): GStreamer-CRITICAL **: 13:34:49.235: gst_mini_object_unref: assertion 'mini_object != NULL' failed

(MATLAB:1661679): GStreamer-CRITICAL **: 13:34:50.521: gst_mini_object_unref: assertion 'mini_object != NULL' failed

(MATLAB:1661679): GStreamer-CRITICAL **: 13:34:51.827: gst_mini_object_unref: assertion 'mini_object != NULL' failed

(MATLAB:1661679): GStreamer-CRITICAL **: 13:34:53.124: gst_mini_object_unref: assertion 'mini_object != NULL' failed

(MATLAB:1661679): GStreamer-CRITICAL **: 13:34:54.360: gst_mini_object_unref: assertion 'mini_object != NULL' failed

(MATLAB:1661679): GStreamer-CRITICAL **: 13:34:55.643: gst_mini_object_unref: assertion 'mini_object != NULL' failed

(MATLAB:1661679): GStreamer-CRITICAL **: 13:34:56.919: gst_mini_object_unref: assertion 'mini_object != NULL' failed

(MATLAB:1661679): GStreamer-CRITICAL **: 13:34:58.208: gst_mini_object_unref: assertion 'mini_object != NULL' failed

(MATLAB:1661679): GStreamer-CRITICAL **: 13:34:59.487: gst_mini_object_unref: assertion 'mini_object != NULL' failed

(MATLAB:1661679): GStreamer-CRITICAL **: 13:35:00.735: gst_mini_object_unref: assertion 'mini_object != NULL' failed
Total loop time: 39.759 sec
data/envCorp/MacaulayLibrary/465958391.wav
Total loop time: 6.241 sec
data/envCorp/MacaulayLibrary/466229791.wav
Total loop time: 22.540 sec
data/envCorp/MacaulayLibrary/466229821.wav
Total loop time: 10.361 sec
data/envCorp/MacaulayLibrary/46624.wav
Total loop time: 21.799 sec
data/envCorp/MacaulayLibrary/466250791.wav
Total loop time: 8.247 sec
data/envCorp/MacaulayLibrary/466297521.wav
Total loop time: 3.966 sec
data/envCorp/MacaulayLibrary/466314461.wav
Total loop time: 14.974 sec
data/envCorp/MacaulayLibrary/466315081.mp3

(MATLAB:1661679): GStreamer-CRITICAL **: 13:36:30.208: gst_mini_object_unref: assertion 'mini_object != NULL' failed

(MATLAB:1661679): GStreamer-CRITICAL **: 13:36:31.396: gst_mini_object_unref: assertion 'mini_object != NULL' failed

(MATLAB:1661679): GStreamer-CRITICAL **: 13:36:32.656: gst_mini_object_unref: assertion 'mini_object != NULL' failed

(MATLAB:1661679): GStreamer-CRITICAL **: 13:36:33.907: gst_mini_object_unref: assertion 'mini_object != NULL' failed

(MATLAB:1661679): GStreamer-CRITICAL **: 13:36:35.174: gst_mini_object_unref: assertion 'mini_object != NULL' failed

(MATLAB:1661679): GStreamer-CRITICAL **: 13:36:36.429: gst_mini_object_unref: assertion 'mini_object != NULL' failed

(MATLAB:1661679): GStreamer-CRITICAL **: 13:36:37.700: gst_mini_object_unref: assertion 'mini_object != NULL' failed
Total loop time: 10.075 sec
data/envCorp/MacaulayLibrary/466340181.wav
Total loop time: 31.002 sec
data/envCorp/MacaulayLibrary/466426681.wav
Total loop time: 1.010 sec
data/envCorp/MacaulayLibrary/466426761.wav
Total loop time: 4.949 sec
data/envCorp/MacaulayLibrary/466435211.wav
Total loop time: 4.971 sec
data/envCorp/MacaulayLibrary/466435311.wav
Total loop time: 3.709 sec
data/envCorp/MacaulayLibrary/466436011.wav
Total loop time: 3.569 sec
data/envCorp/MacaulayLibrary/466494921.wav
Total loop time: 22.344 sec
data/envCorp/MacaulayLibrary/466528491.wav
Total loop time: 7.932 sec
data/envCorp/MacaulayLibrary/466554011.wav
Total loop time: 1.025 sec
data/envCorp/MacaulayLibrary/466554111.wav
Total loop time: 4.197 sec
data/envCorp/MacaulayLibrary/466589401.mp3

(MATLAB:1661679): GStreamer-CRITICAL **: 13:38:05.118: gst_mini_object_unref: assertion 'mini_object != NULL' failed

(MATLAB:1661679): GStreamer-CRITICAL **: 13:38:06.538: gst_mini_object_unref: assertion 'mini_object != NULL' failed

(MATLAB:1661679): GStreamer-CRITICAL **: 13:38:07.964: gst_mini_object_unref: assertion 'mini_object != NULL' failed

(MATLAB:1661679): GStreamer-CRITICAL **: 13:38:09.402: gst_mini_object_unref: assertion 'mini_object != NULL' failed

(MATLAB:1661679): GStreamer-CRITICAL **: 13:38:10.822: gst_mini_object_unref: assertion 'mini_object != NULL' failed

(MATLAB:1661679): GStreamer-CRITICAL **: 13:38:12.207: gst_mini_object_unref: assertion 'mini_object != NULL' failed

(MATLAB:1661679): GStreamer-CRITICAL **: 13:38:13.576: gst_mini_object_unref: assertion 'mini_object != NULL' failed

(MATLAB:1661679): GStreamer-CRITICAL **: 13:38:14.956: gst_mini_object_unref: assertion 'mini_object != NULL' failed

(MATLAB:1661679): GStreamer-CRITICAL **: 13:38:16.333: gst_mini_object_unref: assertion 'mini_object != NULL' failed

(MATLAB:1661679): GStreamer-CRITICAL **: 13:38:17.700: gst_mini_object_unref: assertion 'mini_object != NULL' failed

(MATLAB:1661679): GStreamer-CRITICAL **: 13:38:19.060: gst_mini_object_unref: assertion 'mini_object != NULL' failed

(MATLAB:1661679): GStreamer-CRITICAL **: 13:38:20.400: gst_mini_object_unref: assertion 'mini_object != NULL' failed

(MATLAB:1661679): GStreamer-CRITICAL **: 13:38:21.743: gst_mini_object_unref: assertion 'mini_object != NULL' failed

(MATLAB:1661679): GStreamer-CRITICAL **: 13:38:23.094: gst_mini_object_unref: assertion 'mini_object != NULL' failed

(MATLAB:1661679): GStreamer-CRITICAL **: 13:38:24.435: gst_mini_object_unref: assertion 'mini_object != NULL' failed

(MATLAB:1661679): GStreamer-CRITICAL **: 13:38:25.738: gst_mini_object_unref: assertion 'mini_object != NULL' failed

(MATLAB:1661679): GStreamer-CRITICAL **: 13:38:27.055: gst_mini_object_unref: assertion 'mini_object != NULL' failed

(MATLAB:1661679): GStreamer-CRITICAL **: 13:38:28.359: gst_mini_object_unref: assertion 'mini_object != NULL' failed

(MATLAB:1661679): GStreamer-CRITICAL **: 13:38:29.683: gst_mini_object_unref: assertion 'mini_object != NULL' failed

(MATLAB:1661679): GStreamer-CRITICAL **: 13:38:30.990: gst_mini_object_unref: assertion 'mini_object != NULL' failed

(MATLAB:1661679): GStreamer-CRITICAL **: 13:38:32.311: gst_mini_object_unref: assertion 'mini_object != NULL' failed

(MATLAB:1661679): GStreamer-CRITICAL **: 13:38:33.623: gst_mini_object_unref: assertion 'mini_object != NULL' failed

(MATLAB:1661679): GStreamer-CRITICAL **: 13:38:34.960: gst_mini_object_unref: assertion 'mini_object != NULL' failed

(MATLAB:1661679): GStreamer-CRITICAL **: 13:38:36.273: gst_mini_object_unref: assertion 'mini_object != NULL' failed

(MATLAB:1661679): GStreamer-CRITICAL **: 13:38:37.573: gst_mini_object_unref: assertion 'mini_object != NULL' failed

(MATLAB:1661679): GStreamer-CRITICAL **: 13:38:38.884: gst_mini_object_unref: assertion 'mini_object != NULL' failed

(MATLAB:1661679): GStreamer-CRITICAL **: 13:38:40.182: gst_mini_object_unref: assertion 'mini_object != NULL' failed

(MATLAB:1661679): GStreamer-CRITICAL **: 13:38:41.453: gst_mini_object_unref: assertion 'mini_object != NULL' failed

(MATLAB:1661679): GStreamer-CRITICAL **: 13:38:42.747: gst_mini_object_unref: assertion 'mini_object != NULL' failed
Total loop time: 40.393 sec
data/envCorp/MacaulayLibrary/466601861.wav
Total loop time: 3.237 sec
data/envCorp/MacaulayLibrary/466605881.wav
Total loop time: 4.787 sec
data/envCorp/MacaulayLibrary/466605931.wav
Total loop time: 29.446 sec
data/envCorp/MacaulayLibrary/466605971.wav
Total loop time: 29.860 sec
data/envCorp/MacaulayLibrary/466628581.mp3

(MATLAB:1661679): GStreamer-CRITICAL **: 13:39:52.726: gst_mini_object_unref: assertion 'mini_object != NULL' failed

(MATLAB:1661679): GStreamer-CRITICAL **: 13:39:54.028: gst_mini_object_unref: assertion 'mini_object != NULL' failed
Total loop time: 2.600 sec
data/envCorp/MacaulayLibrary/466696991.wav
Total loop time: 9.394 sec
data/envCorp/MacaulayLibrary/466700611.wav
Total loop time: 16.023 sec
data/envCorp/MacaulayLibrary/466723841.wav
Total loop time: 8.011 sec
data/envCorp/MacaulayLibrary/466726911.wav
Total loop time: 4.704 sec
data/envCorp/MacaulayLibrary/466780721.mp3

(MATLAB:1661679): GStreamer-CRITICAL **: 13:40:33.481: gst_mini_object_unref: assertion 'mini_object != NULL' failed

(MATLAB:1661679): GStreamer-CRITICAL **: 13:40:34.477: gst_mini_object_unref: assertion 'mini_object != NULL' failed

(MATLAB:1661679): GStreamer-CRITICAL **: 13:40:35.445: gst_mini_object_unref: assertion 'mini_object != NULL' failed

(MATLAB:1661679): GStreamer-CRITICAL **: 13:40:36.332: gst_mini_object_unref: assertion 'mini_object != NULL' failed

(MATLAB:1661679): GStreamer-CRITICAL **: 13:40:37.234: gst_mini_object_unref: assertion 'mini_object != NULL' failed

(MATLAB:1661679): GStreamer-CRITICAL **: 13:40:38.199: gst_mini_object_unref: assertion 'mini_object != NULL' failed
Total loop time: 6.852 sec
data/envCorp/MacaulayLibrary/466784051.mp3

(MATLAB:1661679): GStreamer-CRITICAL **: 13:40:40.364: gst_mini_object_unref: assertion 'mini_object != NULL' failed

(MATLAB:1661679): GStreamer-CRITICAL **: 13:40:41.599: gst_mini_object_unref: assertion 'mini_object != NULL' failed

(MATLAB:1661679): GStreamer-CRITICAL **: 13:40:42.867: gst_mini_object_unref: assertion 'mini_object != NULL' failed

(MATLAB:1661679): GStreamer-CRITICAL **: 13:40:44.144: gst_mini_object_unref: assertion 'mini_object != NULL' failed

(MATLAB:1661679): GStreamer-CRITICAL **: 13:40:45.422: gst_mini_object_unref: assertion 'mini_object != NULL' failed

(MATLAB:1661679): GStreamer-CRITICAL **: 13:40:46.671: gst_mini_object_unref: assertion 'mini_object != NULL' failed

(MATLAB:1661679): GStreamer-CRITICAL **: 13:40:47.932: gst_mini_object_unref: assertion 'mini_object != NULL' failed

(MATLAB:1661679): GStreamer-CRITICAL **: 13:40:49.211: gst_mini_object_unref: assertion 'mini_object != NULL' failed

(MATLAB:1661679): GStreamer-CRITICAL **: 13:40:50.464: gst_mini_object_unref: assertion 'mini_object != NULL' failed
Total loop time: 11.431 sec
data/envCorp/MacaulayLibrary/466796451.wav
Total loop time: 1.110 sec
data/envCorp/MacaulayLibrary/466806111.wav
Total loop time: 5.204 sec
data/envCorp/MacaulayLibrary/466838551.wav
Total loop time: 10.663 sec
data/envCorp/MacaulayLibrary/466838711.wav
Total loop time: 7.684 sec
data/envCorp/MacaulayLibrary/466838731.wav
Total loop time: 4.459 sec
data/envCorp/MacaulayLibrary/466839131.wav
Total loop time: 2.235 sec
data/envCorp/MacaulayLibrary/466839151.wav
Total loop time: 2.145 sec
data/envCorp/MacaulayLibrary/466839451.mp3

(MATLAB:1661679): GStreamer-CRITICAL **: 13:41:25.294: gst_mini_object_unref: assertion 'mini_object != NULL' failed

(MATLAB:1661679): GStreamer-CRITICAL **: 13:41:26.518: gst_mini_object_unref: assertion 'mini_object != NULL' failed

(MATLAB:1661679): GStreamer-CRITICAL **: 13:41:27.702: gst_mini_object_unref: assertion 'mini_object != NULL' failed

(MATLAB:1661679): GStreamer-CRITICAL **: 13:41:28.902: gst_mini_object_unref: assertion 'mini_object != NULL' failed

(MATLAB:1661679): GStreamer-CRITICAL **: 13:41:30.089: gst_mini_object_unref: assertion 'mini_object != NULL' failed

(MATLAB:1661679): GStreamer-CRITICAL **: 13:41:31.288: gst_mini_object_unref: assertion 'mini_object != NULL' failed

(MATLAB:1661679): GStreamer-CRITICAL **: 13:41:32.481: gst_mini_object_unref: assertion 'mini_object != NULL' failed
Total loop time: 9.711 sec
data/envCorp/MacaulayLibrary/466840091.wav
Total loop time: 7.679 sec
data/envCorp/MacaulayLibrary/466840121.wav
Total loop time: 4.358 sec
data/envCorp/MacaulayLibrary/466840271.wav
Total loop time: 7.785 sec
data/envCorp/MacaulayLibrary/466840431.wav
Total loop time: 2.403 sec
data/envCorp/MacaulayLibrary/466840441.wav
Total loop time: 11.026 sec
data/envCorp/MacaulayLibrary/466848671.wav
Total loop time: 30.308 sec
data/envCorp/MacaulayLibrary/466856091.wav
Total loop time: 4.238 sec
data/envCorp/MacaulayLibrary/466856451.wav
Total loop time: 5.027 sec
data/envCorp/MacaulayLibrary/466856481.wav
Total loop time: 16.970 sec
data/envCorp/MacaulayLibrary/466938731.mp3

(MATLAB:1661679): GStreamer-CRITICAL **: 13:43:04.790: gst_mini_object_unref: assertion 'mini_object != NULL' failed
Total loop time: 1.182 sec
data/envCorp/MacaulayLibrary/466942521.wav
Total loop time: 13.432 sec
data/envCorp/MacaulayLibrary/466977891.mp3

(MATLAB:1661679): GStreamer-CRITICAL **: 13:43:19.445: gst_mini_object_unref: assertion 'mini_object != NULL' failed

(MATLAB:1661679): GStreamer-CRITICAL **: 13:43:20.652: gst_mini_object_unref: assertion 'mini_object != NULL' failed

(MATLAB:1661679): GStreamer-CRITICAL **: 13:43:21.874: gst_mini_object_unref: assertion 'mini_object != NULL' failed

(MATLAB:1661679): GStreamer-CRITICAL **: 13:43:23.088: gst_mini_object_unref: assertion 'mini_object != NULL' failed

(MATLAB:1661679): GStreamer-CRITICAL **: 13:43:24.284: gst_mini_object_unref: assertion 'mini_object != NULL' failed

(MATLAB:1661679): GStreamer-CRITICAL **: 13:43:25.482: gst_mini_object_unref: assertion 'mini_object != NULL' failed

(MATLAB:1661679): GStreamer-CRITICAL **: 13:43:26.665: gst_mini_object_unref: assertion 'mini_object != NULL' failed

(MATLAB:1661679): GStreamer-CRITICAL **: 13:43:27.861: gst_mini_object_unref: assertion 'mini_object != NULL' failed

(MATLAB:1661679): GStreamer-CRITICAL **: 13:43:29.052: gst_mini_object_unref: assertion 'mini_object != NULL' failed

(MATLAB:1661679): GStreamer-CRITICAL **: 13:43:30.252: gst_mini_object_unref: assertion 'mini_object != NULL' failed

(MATLAB:1661679): GStreamer-CRITICAL **: 13:43:30.487: gst_mini_object_unref: assertion 'mini_object != NULL' failed
Total loop time: 13.468 sec
data/envCorp/MacaulayLibrary/467006981.wav
Total loop time: 1.974 sec
data/envCorp/MacaulayLibrary/467006991.wav
Total loop time: 2.958 sec
data/envCorp/MacaulayLibrary/467007011.wav
Total loop time: 3.925 sec
data/envCorp/MacaulayLibrary/467007411.wav
Total loop time: 11.813 sec
data/envCorp/MacaulayLibrary/467014741.wav
Total loop time: 5.891 sec
data/envCorp/MacaulayLibrary/467018711.mp3

(MATLAB:1661679): GStreamer-CRITICAL **: 13:43:59.451: gst_mini_object_unref: assertion 'mini_object != NULL' failed

(MATLAB:1661679): GStreamer-CRITICAL **: 13:44:00.625: gst_mini_object_unref: assertion 'mini_object != NULL' failed

(MATLAB:1661679): GStreamer-CRITICAL **: 13:44:01.795: gst_mini_object_unref: assertion 'mini_object != NULL' failed
Total loop time: 3.563 sec
data/envCorp/MacaulayLibrary/467060501.mp3

(MATLAB:1661679): GStreamer-CRITICAL **: 13:44:03.077: gst_mini_object_unref: assertion 'mini_object != NULL' failed

(MATLAB:1661679): GStreamer-CRITICAL **: 13:44:04.335: gst_mini_object_unref: assertion 'mini_object != NULL' failed

(MATLAB:1661679): GStreamer-CRITICAL **: 13:44:05.575: gst_mini_object_unref: assertion 'mini_object != NULL' failed

(MATLAB:1661679): GStreamer-CRITICAL **: 13:44:06.819: gst_mini_object_unref: assertion 'mini_object != NULL' failed

(MATLAB:1661679): GStreamer-CRITICAL **: 13:44:08.055: gst_mini_object_unref: assertion 'mini_object != NULL' failed

(MATLAB:1661679): GStreamer-CRITICAL **: 13:44:09.267: gst_mini_object_unref: assertion 'mini_object != NULL' failed

(MATLAB:1661679): GStreamer-CRITICAL **: 13:44:10.499: gst_mini_object_unref: assertion 'mini_object != NULL' failed

(MATLAB:1661679): GStreamer-CRITICAL **: 13:44:11.707: gst_mini_object_unref: assertion 'mini_object != NULL' failed

(MATLAB:1661679): GStreamer-CRITICAL **: 13:44:12.921: gst_mini_object_unref: assertion 'mini_object != NULL' failed

(MATLAB:1661679): GStreamer-CRITICAL **: 13:44:14.098: gst_mini_object_unref: assertion 'mini_object != NULL' failed

(MATLAB:1661679): GStreamer-CRITICAL **: 13:44:15.252: gst_mini_object_unref: assertion 'mini_object != NULL' failed

(MATLAB:1661679): GStreamer-CRITICAL **: 13:44:16.381: gst_mini_object_unref: assertion 'mini_object != NULL' failed

(MATLAB:1661679): GStreamer-CRITICAL **: 13:44:17.482: gst_mini_object_unref: assertion 'mini_object != NULL' failed

(MATLAB:1661679): GStreamer-CRITICAL **: 13:44:18.517: gst_mini_object_unref: assertion 'mini_object != NULL' failed
Total loop time: 17.504 sec
data/envCorp/MacaulayLibrary/467060511.wav
Total loop time: 5.483 sec
data/envCorp/MacaulayLibrary/467071531.wav
Total loop time: 10.726 sec
data/envCorp/MacaulayLibrary/467072841.wav
Total loop time: 2.732 sec
data/envCorp/MacaulayLibrary/467072881.wav
Total loop time: 4.121 sec
Successful STM!
Elapsed time is 961.287598 seconds.
