
                            < M A T L A B (R) >
                  Copyright 1984-2023 The MathWorks, Inc.
                  R2023b (23.2.0.2365128) 64-bit (glnxa64)
                              August 23, 2023

 
To get started, type doc.
For product information, visit www.mathworks.com.
 
data/envCorp/MacaulayLibrary/58451.wav
Total loop time: 6.287 sec
data/envCorp/MacaulayLibrary/58458.wav
Total loop time: 25.000 sec
data/envCorp/MacaulayLibrary/584619451.m4a

(MATLAB:1001794): GStreamer-CRITICAL **: 10:07:41.767: gst_mini_object_unref: assertion 'mini_object != NULL' failed

(MATLAB:1001794): GStreamer-CRITICAL **: 10:07:42.608: gst_mini_object_unref: assertion 'mini_object != NULL' failed
Total loop time: 2.084 sec
data/envCorp/MacaulayLibrary/58463.wav
Total loop time: 2.539 sec
data/envCorp/MacaulayLibrary/584678341.wav
Total loop time: 2.521 sec
data/envCorp/MacaulayLibrary/584811001.wav
Total loop time: 4.108 sec
data/envCorp/MacaulayLibrary/584811451.wav
Total loop time: 0.854 sec
data/envCorp/MacaulayLibrary/584819431.wav
Total loop time: 12.205 sec
data/envCorp/MacaulayLibrary/58484.wav
Total loop time: 24.237 sec
data/envCorp/MacaulayLibrary/58485.wav
Total loop time: 20.196 sec
data/envCorp/MacaulayLibrary/584859111.mp3

(MATLAB:1001794): GStreamer-CRITICAL **: 10:08:50.280: gst_mini_object_unref: assertion 'mini_object != NULL' failed
Total loop time: 0.961 sec
data/envCorp/MacaulayLibrary/584860161.wav
Total loop time: 5.620 sec
data/envCorp/MacaulayLibrary/584869951.wav
Total loop time: 1.655 sec
data/envCorp/MacaulayLibrary/58488.wav
Total loop time: 11.437 sec
data/envCorp/MacaulayLibrary/584980231.wav
Total loop time: 1.683 sec
data/envCorp/MacaulayLibrary/584980321.wav
Total loop time: 2.491 sec
data/envCorp/MacaulayLibrary/5850.wav
Total loop time: 24.373 sec
data/envCorp/MacaulayLibrary/585023441.wav
Total loop time: 18.043 sec
data/envCorp/MacaulayLibrary/58506.wav
Total loop time: 10.577 sec
data/envCorp/MacaulayLibrary/585131071.wav
Total loop time: 9.014 sec
data/envCorp/MacaulayLibrary/585145541.wav
Total loop time: 1.683 sec
data/envCorp/MacaulayLibrary/585145971.wav
Total loop time: 0.850 sec
data/envCorp/MacaulayLibrary/585178291.wav
Total loop time: 4.130 sec
data/envCorp/MacaulayLibrary/585204021.wav
Total loop time: 12.247 sec
data/envCorp/MacaulayLibrary/585204041.wav
Total loop time: 1.663 sec
data/envCorp/MacaulayLibrary/585205091.wav
Total loop time: 17.823 sec
data/envCorp/MacaulayLibrary/585264921.wav
Total loop time: 0.869 sec
data/envCorp/MacaulayLibrary/585294691.m4a

(MATLAB:1001794): GStreamer-CRITICAL **: 10:10:55.375: gst_mini_object_unref: assertion 'mini_object != NULL' failed

(MATLAB:1001794): GStreamer-CRITICAL **: 10:10:56.303: gst_mini_object_unref: assertion 'mini_object != NULL' failed

(MATLAB:1001794): GStreamer-CRITICAL **: 10:10:57.178: gst_mini_object_unref: assertion 'mini_object != NULL' failed

(MATLAB:1001794): GStreamer-CRITICAL **: 10:10:58.085: gst_mini_object_unref: assertion 'mini_object != NULL' failed

(MATLAB:1001794): GStreamer-CRITICAL **: 10:10:58.976: gst_mini_object_unref: assertion 'mini_object != NULL' failed

(MATLAB:1001794): GStreamer-CRITICAL **: 10:10:59.858: gst_mini_object_unref: assertion 'mini_object != NULL' failed

(MATLAB:1001794): GStreamer-CRITICAL **: 10:11:00.690: gst_mini_object_unref: assertion 'mini_object != NULL' failed

(MATLAB:1001794): GStreamer-CRITICAL **: 10:11:01.523: gst_mini_object_unref: assertion 'mini_object != NULL' failed

(MATLAB:1001794): GStreamer-CRITICAL **: 10:11:02.345: gst_mini_object_unref: assertion 'mini_object != NULL' failed

(MATLAB:1001794): GStreamer-CRITICAL **: 10:11:03.172: gst_mini_object_unref: assertion 'mini_object != NULL' failed
Total loop time: 8.742 sec
data/envCorp/MacaulayLibrary/585296641.m4a

(MATLAB:1001794): GStreamer-CRITICAL **: 10:11:04.111: gst_mini_object_unref: assertion 'mini_object != NULL' failed

(MATLAB:1001794): GStreamer-CRITICAL **: 10:11:04.979: gst_mini_object_unref: assertion 'mini_object != NULL' failed

(MATLAB:1001794): GStreamer-CRITICAL **: 10:11:05.844: gst_mini_object_unref: assertion 'mini_object != NULL' failed

(MATLAB:1001794): GStreamer-CRITICAL **: 10:11:06.725: gst_mini_object_unref: assertion 'mini_object != NULL' failed

(MATLAB:1001794): GStreamer-CRITICAL **: 10:11:07.566: gst_mini_object_unref: assertion 'mini_object != NULL' failed

(MATLAB:1001794): GStreamer-CRITICAL **: 10:11:07.613: gst_mini_object_unref: assertion 'mini_object != NULL' failed

(MATLAB:1001794): GStreamer-CRITICAL **: 10:11:08.436: gst_mini_object_unref: assertion 'mini_object != NULL' failed

(MATLAB:1001794): GStreamer-CRITICAL **: 10:11:09.252: gst_mini_object_unref: assertion 'mini_object != NULL' failed
Total loop time: 6.046 sec
data/envCorp/MacaulayLibrary/58534101.wav
Total loop time: 14.596 sec
data/envCorp/MacaulayLibrary/585374021.wav
Total loop time: 10.085 sec
data/envCorp/MacaulayLibrary/585434811.wav
Total loop time: 6.711 sec
data/envCorp/MacaulayLibrary/585490911.m4a

(MATLAB:1001794): GStreamer-CRITICAL **: 10:11:41.565: gst_mini_object_unref: assertion 'mini_object != NULL' failed

(MATLAB:1001794): GStreamer-CRITICAL **: 10:11:42.407: gst_mini_object_unref: assertion 'mini_object != NULL' failed

(MATLAB:1001794): GStreamer-CRITICAL **: 10:11:43.255: gst_mini_object_unref: assertion 'mini_object != NULL' failed

(MATLAB:1001794): GStreamer-CRITICAL **: 10:11:44.102: gst_mini_object_unref: assertion 'mini_object != NULL' failed

(MATLAB:1001794): GStreamer-CRITICAL **: 10:11:44.953: gst_mini_object_unref: assertion 'mini_object != NULL' failed

(MATLAB:1001794): GStreamer-CRITICAL **: 10:11:45.805: gst_mini_object_unref: assertion 'mini_object != NULL' failed

(MATLAB:1001794): GStreamer-CRITICAL **: 10:11:46.648: gst_mini_object_unref: assertion 'mini_object != NULL' failed
Total loop time: 6.021 sec
data/envCorp/MacaulayLibrary/585512541.wav
Total loop time: 4.990 sec
data/envCorp/MacaulayLibrary/585529411.wav
Total loop time: 24.607 sec
data/envCorp/MacaulayLibrary/58554.wav
Total loop time: 24.582 sec
data/envCorp/MacaulayLibrary/585551391.wav
Total loop time: 0.873 sec
data/envCorp/MacaulayLibrary/585554131.m4a

(MATLAB:1001794): GStreamer-CRITICAL **: 10:12:42.641: gst_mini_object_unref: assertion 'mini_object != NULL' failed

(MATLAB:1001794): GStreamer-CRITICAL **: 10:12:42.678: gst_mini_object_unref: assertion 'mini_object != NULL' failed
Total loop time: 0.926 sec
data/envCorp/MacaulayLibrary/58579.wav
Total loop time: 24.207 sec
data/envCorp/MacaulayLibrary/585796611.m4a

(MATLAB:1001794): GStreamer-CRITICAL **: 10:13:07.863: gst_mini_object_unref: assertion 'mini_object != NULL' failed
Total loop time: 1.002 sec
data/envCorp/MacaulayLibrary/585806991.wav
Total loop time: 15.548 sec
data/envCorp/MacaulayLibrary/585816211.wav
Total loop time: 24.255 sec
data/envCorp/MacaulayLibrary/585830641.wav
Total loop time: 24.301 sec
data/envCorp/MacaulayLibrary/58588.wav
Total loop time: 24.247 sec
data/envCorp/MacaulayLibrary/58589.wav
Total loop time: 24.253 sec
data/envCorp/MacaulayLibrary/58590.wav
Total loop time: 24.312 sec
data/envCorp/MacaulayLibrary/58594.wav
Total loop time: 12.836 sec
data/envCorp/MacaulayLibrary/58596.wav
Total loop time: 24.463 sec
data/envCorp/MacaulayLibrary/586052281.wav
Total loop time: 2.437 sec
data/envCorp/MacaulayLibrary/586063581.wav
Total loop time: 2.485 sec
data/envCorp/MacaulayLibrary/586068311.wav
Total loop time: 6.526 sec
data/envCorp/MacaulayLibrary/586080261.mp3

(MATLAB:1001794): GStreamer-CRITICAL **: 10:16:14.658: gst_mini_object_unref: assertion 'mini_object != NULL' failed

(MATLAB:1001794): GStreamer-CRITICAL **: 10:16:15.692: gst_mini_object_unref: assertion 'mini_object != NULL' failed

(MATLAB:1001794): GStreamer-CRITICAL **: 10:16:16.705: gst_mini_object_unref: assertion 'mini_object != NULL' failed

(MATLAB:1001794): GStreamer-CRITICAL **: 10:16:17.721: gst_mini_object_unref: assertion 'mini_object != NULL' failed

(MATLAB:1001794): GStreamer-CRITICAL **: 10:16:18.741: gst_mini_object_unref: assertion 'mini_object != NULL' failed

(MATLAB:1001794): GStreamer-CRITICAL **: 10:16:19.747: gst_mini_object_unref: assertion 'mini_object != NULL' failed

(MATLAB:1001794): GStreamer-CRITICAL **: 10:16:20.742: gst_mini_object_unref: assertion 'mini_object != NULL' failed

(MATLAB:1001794): GStreamer-CRITICAL **: 10:16:21.733: gst_mini_object_unref: assertion 'mini_object != NULL' failed

(MATLAB:1001794): GStreamer-CRITICAL **: 10:16:22.727: gst_mini_object_unref: assertion 'mini_object != NULL' failed

(MATLAB:1001794): GStreamer-CRITICAL **: 10:16:23.723: gst_mini_object_unref: assertion 'mini_object != NULL' failed
Total loop time: 10.197 sec
data/envCorp/MacaulayLibrary/586114561.wav
Total loop time: 5.702 sec
data/envCorp/MacaulayLibrary/586194351.wav
Total loop time: 24.719 sec
data/envCorp/MacaulayLibrary/586194911.wav
Total loop time: 4.077 sec
data/envCorp/MacaulayLibrary/586196631.wav
Total loop time: 5.717 sec
data/envCorp/MacaulayLibrary/586201291.wav
Total loop time: 2.459 sec
data/envCorp/MacaulayLibrary/586214211.mp3

(MATLAB:1001794): GStreamer-CRITICAL **: 10:17:07.569: gst_mini_object_unref: assertion 'mini_object != NULL' failed

(MATLAB:1001794): GStreamer-CRITICAL **: 10:17:08.657: gst_mini_object_unref: assertion 'mini_object != NULL' failed

(MATLAB:1001794): GStreamer-CRITICAL **: 10:17:09.742: gst_mini_object_unref: assertion 'mini_object != NULL' failed

(MATLAB:1001794): GStreamer-CRITICAL **: 10:17:10.805: gst_mini_object_unref: assertion 'mini_object != NULL' failed

(MATLAB:1001794): GStreamer-CRITICAL **: 10:17:11.872: gst_mini_object_unref: assertion 'mini_object != NULL' failed

(MATLAB:1001794): GStreamer-CRITICAL **: 10:17:12.943: gst_mini_object_unref: assertion 'mini_object != NULL' failed

(MATLAB:1001794): GStreamer-CRITICAL **: 10:17:13.960: gst_mini_object_unref: assertion 'mini_object != NULL' failed

(MATLAB:1001794): GStreamer-CRITICAL **: 10:17:14.968: gst_mini_object_unref: assertion 'mini_object != NULL' failed

(MATLAB:1001794): GStreamer-CRITICAL **: 10:17:15.974: gst_mini_object_unref: assertion 'mini_object != NULL' failed

(MATLAB:1001794): GStreamer-CRITICAL **: 10:17:17.005: gst_mini_object_unref: assertion 'mini_object != NULL' failed

(MATLAB:1001794): GStreamer-CRITICAL **: 10:17:17.995: gst_mini_object_unref: assertion 'mini_object != NULL' failed

(MATLAB:1001794): GStreamer-CRITICAL **: 10:17:18.978: gst_mini_object_unref: assertion 'mini_object != NULL' failed

(MATLAB:1001794): GStreamer-CRITICAL **: 10:17:19.944: gst_mini_object_unref: assertion 'mini_object != NULL' failed

(MATLAB:1001794): GStreamer-CRITICAL **: 10:17:20.926: gst_mini_object_unref: assertion 'mini_object != NULL' failed
Total loop time: 14.482 sec
data/envCorp/MacaulayLibrary/586214221.mp3

(MATLAB:1001794): GStreamer-CRITICAL **: 10:17:22.026: gst_mini_object_unref: assertion 'mini_object != NULL' failed

(MATLAB:1001794): GStreamer-CRITICAL **: 10:17:23.020: gst_mini_object_unref: assertion 'mini_object != NULL' failed

(MATLAB:1001794): GStreamer-CRITICAL **: 10:17:24.014: gst_mini_object_unref: assertion 'mini_object != NULL' failed

(MATLAB:1001794): GStreamer-CRITICAL **: 10:17:25.012: gst_mini_object_unref: assertion 'mini_object != NULL' failed
Total loop time: 4.055 sec
data/envCorp/MacaulayLibrary/586214231.mp3

(MATLAB:1001794): GStreamer-CRITICAL **: 10:17:26.071: gst_mini_object_unref: assertion 'mini_object != NULL' failed

(MATLAB:1001794): GStreamer-CRITICAL **: 10:17:27.095: gst_mini_object_unref: assertion 'mini_object != NULL' failed

(MATLAB:1001794): GStreamer-CRITICAL **: 10:17:28.118: gst_mini_object_unref: assertion 'mini_object != NULL' failed

(MATLAB:1001794): GStreamer-CRITICAL **: 10:17:29.141: gst_mini_object_unref: assertion 'mini_object != NULL' failed

(MATLAB:1001794): GStreamer-CRITICAL **: 10:17:30.133: gst_mini_object_unref: assertion 'mini_object != NULL' failed

(MATLAB:1001794): GStreamer-CRITICAL **: 10:17:31.121: gst_mini_object_unref: assertion 'mini_object != NULL' failed

(MATLAB:1001794): GStreamer-CRITICAL **: 10:17:32.113: gst_mini_object_unref: assertion 'mini_object != NULL' failed

(MATLAB:1001794): GStreamer-CRITICAL **: 10:17:33.087: gst_mini_object_unref: assertion 'mini_object != NULL' failed
Total loop time: 8.082 sec
data/envCorp/MacaulayLibrary/586216141.wav
Total loop time: 4.843 sec
data/envCorp/MacaulayLibrary/586219121.wav
Total loop time: 4.873 sec
data/envCorp/MacaulayLibrary/586219761.mp3

(MATLAB:1001794): GStreamer-CRITICAL **: 10:17:43.817: gst_mini_object_unref: assertion 'mini_object != NULL' failed
Total loop time: 0.991 sec
data/envCorp/MacaulayLibrary/586220781.wav
Total loop time: 5.635 sec
data/envCorp/MacaulayLibrary/586223141.wav
Total loop time: 15.444 sec
data/envCorp/MacaulayLibrary/586231221.wav
Total loop time: 8.970 sec
data/envCorp/MacaulayLibrary/586231331.wav
Total loop time: 3.335 sec
data/envCorp/MacaulayLibrary/58626.wav
Total loop time: 19.432 sec
data/envCorp/MacaulayLibrary/586272771.wav
Total loop time: 4.891 sec
data/envCorp/MacaulayLibrary/586272811.wav
Total loop time: 4.075 sec
data/envCorp/MacaulayLibrary/586274201.wav
Total loop time: 23.600 sec
data/envCorp/MacaulayLibrary/586274211.wav
Total loop time: 2.474 sec
data/envCorp/MacaulayLibrary/586274301.wav
Total loop time: 3.956 sec
data/envCorp/MacaulayLibrary/586326071.mp3

(MATLAB:1001794): GStreamer-CRITICAL **: 10:19:16.641: gst_mini_object_unref: assertion 'mini_object != NULL' failed

(MATLAB:1001794): GStreamer-CRITICAL **: 10:19:17.590: gst_mini_object_unref: assertion 'mini_object != NULL' failed

(MATLAB:1001794): GStreamer-CRITICAL **: 10:19:18.531: gst_mini_object_unref: assertion 'mini_object != NULL' failed

(MATLAB:1001794): GStreamer-CRITICAL **: 10:19:19.450: gst_mini_object_unref: assertion 'mini_object != NULL' failed

(MATLAB:1001794): GStreamer-CRITICAL **: 10:19:20.359: gst_mini_object_unref: assertion 'mini_object != NULL' failed

(MATLAB:1001794): GStreamer-CRITICAL **: 10:19:21.274: gst_mini_object_unref: assertion 'mini_object != NULL' failed

(MATLAB:1001794): GStreamer-CRITICAL **: 10:19:22.188: gst_mini_object_unref: assertion 'mini_object != NULL' failed

(MATLAB:1001794): GStreamer-CRITICAL **: 10:19:23.105: gst_mini_object_unref: assertion 'mini_object != NULL' failed
Total loop time: 7.455 sec
data/envCorp/MacaulayLibrary/58633841.wav
Total loop time: 4.887 sec
data/envCorp/MacaulayLibrary/58634531.wav
Total loop time: 6.425 sec
data/envCorp/MacaulayLibrary/58634571.wav
Total loop time: 13.485 sec
data/envCorp/MacaulayLibrary/58635171.wav
Total loop time: 19.816 sec
data/envCorp/MacaulayLibrary/58636.wav
Total loop time: 6.265 sec
data/envCorp/MacaulayLibrary/586454491.wav
Total loop time: 13.208 sec
data/envCorp/MacaulayLibrary/58656.wav
Total loop time: 3.711 sec
data/envCorp/MacaulayLibrary/586613431.wav
Total loop time: 11.052 sec
data/envCorp/MacaulayLibrary/586632141.wav
Total loop time: 0.786 sec
data/envCorp/MacaulayLibrary/586633261.wav
Total loop time: 1.511 sec
data/envCorp/MacaulayLibrary/58665.wav
Total loop time: 22.233 sec
data/envCorp/MacaulayLibrary/586658581.wav
Total loop time: 6.703 sec
data/envCorp/MacaulayLibrary/58666.wav
Total loop time: 22.100 sec
data/envCorp/MacaulayLibrary/586665431.wav
Total loop time: 5.189 sec
data/envCorp/MacaulayLibrary/586745041.mp3

(MATLAB:1001794): GStreamer-CRITICAL **: 10:21:41.562: gst_mini_object_unref: assertion 'mini_object != NULL' failed

(MATLAB:1001794): GStreamer-CRITICAL **: 10:21:41.766: gst_mini_object_unref: assertion 'mini_object != NULL' failed

(MATLAB:1001794): GStreamer-CRITICAL **: 10:21:42.659: gst_mini_object_unref: assertion 'mini_object != NULL' failed

(MATLAB:1001794): GStreamer-CRITICAL **: 10:21:43.546: gst_mini_object_unref: assertion 'mini_object != NULL' failed

(MATLAB:1001794): GStreamer-CRITICAL **: 10:21:44.438: gst_mini_object_unref: assertion 'mini_object != NULL' failed
Total loop time: 3.951 sec
data/envCorp/MacaulayLibrary/58675.wav
Total loop time: 2.196 sec
data/envCorp/MacaulayLibrary/586766821.wav
Total loop time: 4.332 sec
data/envCorp/MacaulayLibrary/586857811.wav
Total loop time: 1.491 sec
data/envCorp/MacaulayLibrary/586861531.wav
Total loop time: 5.811 sec
data/envCorp/MacaulayLibrary/586867601.wav
Total loop time: 0.772 sec
data/envCorp/MacaulayLibrary/586868691.wav
Total loop time: 10.842 sec
data/envCorp/MacaulayLibrary/586868851.wav
Total loop time: 7.923 sec
data/envCorp/MacaulayLibrary/586882261.wav
Total loop time: 6.473 sec
data/envCorp/MacaulayLibrary/586882291.wav
Total loop time: 2.891 sec
data/envCorp/MacaulayLibrary/586882401.wav
Total loop time: 4.314 sec
data/envCorp/MacaulayLibrary/586896751.wav
Total loop time: 0.055 sec
Successful STM!
Elapsed time is 927.136512 seconds.
