
                            < M A T L A B (R) >
                  Copyright 1984-2023 The MathWorks, Inc.
                  R2023b (23.2.0.2365128) 64-bit (glnxa64)
                              August 23, 2023

 
To get started, type doc.
For product information, visit www.mathworks.com.
 
data/envCorp/MacaulayLibrary/425723171.wav
Total loop time: 4.581 sec
data/envCorp/MacaulayLibrary/425723191.wav
Total loop time: 2.917 sec
data/envCorp/MacaulayLibrary/425901611.wav
Total loop time: 2.073 sec
data/envCorp/MacaulayLibrary/425903331.wav
Total loop time: 4.918 sec
data/envCorp/MacaulayLibrary/425973001.mp3

(MATLAB:3891582): GStreamer-CRITICAL **: 10:07:18.232: gst_mini_object_unref: assertion 'mini_object != NULL' failed

(MATLAB:3891582): GStreamer-CRITICAL **: 10:07:19.314: gst_mini_object_unref: assertion 'mini_object != NULL' failed

(MATLAB:3891582): GStreamer-CRITICAL **: 10:07:20.378: gst_mini_object_unref: assertion 'mini_object != NULL' failed

(MATLAB:3891582): GStreamer-CRITICAL **: 10:07:21.446: gst_mini_object_unref: assertion 'mini_object != NULL' failed

(MATLAB:3891582): GStreamer-CRITICAL **: 10:07:21.711: gst_mini_object_unref: assertion 'mini_object != NULL' failed

(MATLAB:3891582): GStreamer-CRITICAL **: 10:07:22.768: gst_mini_object_unref: assertion 'mini_object != NULL' failed

(MATLAB:3891582): GStreamer-CRITICAL **: 10:07:23.026: gst_mini_object_unref: assertion 'mini_object != NULL' failed

(MATLAB:3891582): GStreamer-CRITICAL **: 10:07:23.280: gst_mini_object_unref: assertion 'mini_object != NULL' failed

(MATLAB:3891582): GStreamer-CRITICAL **: 10:07:24.320: gst_mini_object_unref: assertion 'mini_object != NULL' failed

(MATLAB:3891582): GStreamer-CRITICAL **: 10:07:25.361: gst_mini_object_unref: assertion 'mini_object != NULL' failed

(MATLAB:3891582): GStreamer-CRITICAL **: 10:07:25.602: gst_mini_object_unref: assertion 'mini_object != NULL' failed

(MATLAB:3891582): GStreamer-CRITICAL **: 10:07:26.640: gst_mini_object_unref: assertion 'mini_object != NULL' failed

(MATLAB:3891582): GStreamer-CRITICAL **: 10:07:27.658: gst_mini_object_unref: assertion 'mini_object != NULL' failed

(MATLAB:3891582): GStreamer-CRITICAL **: 10:07:28.694: gst_mini_object_unref: assertion 'mini_object != NULL' failed

(MATLAB:3891582): GStreamer-CRITICAL **: 10:07:29.701: gst_mini_object_unref: assertion 'mini_object != NULL' failed

(MATLAB:3891582): GStreamer-CRITICAL **: 10:07:29.921: gst_mini_object_unref: assertion 'mini_object != NULL' failed

(MATLAB:3891582): GStreamer-CRITICAL **: 10:07:30.926: gst_mini_object_unref: assertion 'mini_object != NULL' failed

(MATLAB:3891582): GStreamer-CRITICAL **: 10:07:31.140: gst_mini_object_unref: assertion 'mini_object != NULL' failed

(MATLAB:3891582): GStreamer-CRITICAL **: 10:07:32.132: gst_mini_object_unref: assertion 'mini_object != NULL' failed

(MATLAB:3891582): GStreamer-CRITICAL **: 10:07:33.126: gst_mini_object_unref: assertion 'mini_object != NULL' failed

(MATLAB:3891582): GStreamer-CRITICAL **: 10:07:33.328: gst_mini_object_unref: assertion 'mini_object != NULL' failed

(MATLAB:3891582): GStreamer-CRITICAL **: 10:07:34.294: gst_mini_object_unref: assertion 'mini_object != NULL' failed

(MATLAB:3891582): GStreamer-CRITICAL **: 10:07:34.485: gst_mini_object_unref: assertion 'mini_object != NULL' failed
Total loop time: 17.880 sec
data/envCorp/MacaulayLibrary/425975701.wav
Total loop time: 2.454 sec
data/envCorp/MacaulayLibrary/4260.wav
Total loop time: 24.466 sec
data/envCorp/MacaulayLibrary/426123241.mp3

(MATLAB:3891582): GStreamer-CRITICAL **: 10:08:02.640: gst_mini_object_unref: assertion 'mini_object != NULL' failed

(MATLAB:3891582): GStreamer-CRITICAL **: 10:08:03.609: gst_mini_object_unref: assertion 'mini_object != NULL' failed
Total loop time: 1.979 sec
data/envCorp/MacaulayLibrary/4262.wav
Total loop time: 24.296 sec
data/envCorp/MacaulayLibrary/426236601.wav
Total loop time: 7.246 sec
data/envCorp/MacaulayLibrary/426269741.m4a

(MATLAB:3891582): GStreamer-CRITICAL **: 10:08:36.194: gst_mini_object_unref: assertion 'mini_object != NULL' failed

(MATLAB:3891582): GStreamer-CRITICAL **: 10:08:37.143: gst_mini_object_unref: assertion 'mini_object != NULL' failed

(MATLAB:3891582): GStreamer-CRITICAL **: 10:08:38.095: gst_mini_object_unref: assertion 'mini_object != NULL' failed

(MATLAB:3891582): GStreamer-CRITICAL **: 10:08:39.046: gst_mini_object_unref: assertion 'mini_object != NULL' failed

(MATLAB:3891582): GStreamer-CRITICAL **: 10:08:39.998: gst_mini_object_unref: assertion 'mini_object != NULL' failed

(MATLAB:3891582): GStreamer-CRITICAL **: 10:08:40.934: gst_mini_object_unref: assertion 'mini_object != NULL' failed

(MATLAB:3891582): GStreamer-CRITICAL **: 10:08:41.845: gst_mini_object_unref: assertion 'mini_object != NULL' failed

(MATLAB:3891582): GStreamer-CRITICAL **: 10:08:42.743: gst_mini_object_unref: assertion 'mini_object != NULL' failed

(MATLAB:3891582): GStreamer-CRITICAL **: 10:08:43.624: gst_mini_object_unref: assertion 'mini_object != NULL' failed

(MATLAB:3891582): GStreamer-CRITICAL **: 10:08:44.504: gst_mini_object_unref: assertion 'mini_object != NULL' failed

(MATLAB:3891582): GStreamer-CRITICAL **: 10:08:45.378: gst_mini_object_unref: assertion 'mini_object != NULL' failed

(MATLAB:3891582): GStreamer-CRITICAL **: 10:08:46.249: gst_mini_object_unref: assertion 'mini_object != NULL' failed

(MATLAB:3891582): GStreamer-CRITICAL **: 10:08:47.109: gst_mini_object_unref: assertion 'mini_object != NULL' failed

(MATLAB:3891582): GStreamer-CRITICAL **: 10:08:47.973: gst_mini_object_unref: assertion 'mini_object != NULL' failed

(MATLAB:3891582): GStreamer-CRITICAL **: 10:08:48.822: gst_mini_object_unref: assertion 'mini_object != NULL' failed

(MATLAB:3891582): GStreamer-CRITICAL **: 10:08:49.661: gst_mini_object_unref: assertion 'mini_object != NULL' failed

(MATLAB:3891582): GStreamer-CRITICAL **: 10:08:50.522: gst_mini_object_unref: assertion 'mini_object != NULL' failed

(MATLAB:3891582): GStreamer-CRITICAL **: 10:08:51.355: gst_mini_object_unref: assertion 'mini_object != NULL' failed
Total loop time: 16.222 sec
data/envCorp/MacaulayLibrary/426273691.wav
Total loop time: 1.700 sec
data/envCorp/MacaulayLibrary/426276861.m4a

(MATLAB:3891582): GStreamer-CRITICAL **: 10:08:53.975: gst_mini_object_unref: assertion 'mini_object != NULL' failed

(MATLAB:3891582): GStreamer-CRITICAL **: 10:08:54.856: gst_mini_object_unref: assertion 'mini_object != NULL' failed

(MATLAB:3891582): GStreamer-CRITICAL **: 10:08:55.723: gst_mini_object_unref: assertion 'mini_object != NULL' failed

(MATLAB:3891582): GStreamer-CRITICAL **: 10:08:56.579: gst_mini_object_unref: assertion 'mini_object != NULL' failed

(MATLAB:3891582): GStreamer-CRITICAL **: 10:08:57.433: gst_mini_object_unref: assertion 'mini_object != NULL' failed

(MATLAB:3891582): GStreamer-CRITICAL **: 10:08:58.280: gst_mini_object_unref: assertion 'mini_object != NULL' failed

(MATLAB:3891582): GStreamer-CRITICAL **: 10:08:59.109: gst_mini_object_unref: assertion 'mini_object != NULL' failed

(MATLAB:3891582): GStreamer-CRITICAL **: 10:08:59.922: gst_mini_object_unref: assertion 'mini_object != NULL' failed
Total loop time: 7.656 sec
data/envCorp/MacaulayLibrary/426276871.m4a

(MATLAB:3891582): GStreamer-CRITICAL **: 10:09:01.622: gst_mini_object_unref: assertion 'mini_object != NULL' failed

(MATLAB:3891582): GStreamer-CRITICAL **: 10:09:02.463: gst_mini_object_unref: assertion 'mini_object != NULL' failed

(MATLAB:3891582): GStreamer-CRITICAL **: 10:09:03.296: gst_mini_object_unref: assertion 'mini_object != NULL' failed

(MATLAB:3891582): GStreamer-CRITICAL **: 10:09:04.134: gst_mini_object_unref: assertion 'mini_object != NULL' failed

(MATLAB:3891582): GStreamer-CRITICAL **: 10:09:04.966: gst_mini_object_unref: assertion 'mini_object != NULL' failed

(MATLAB:3891582): GStreamer-CRITICAL **: 10:09:05.789: gst_mini_object_unref: assertion 'mini_object != NULL' failed
Total loop time: 5.868 sec
data/envCorp/MacaulayLibrary/426295221.wav
Total loop time: 11.435 sec
data/envCorp/MacaulayLibrary/426295241.wav
Total loop time: 9.093 sec
data/envCorp/MacaulayLibrary/426329461.wav
Total loop time: 0.223 sec
data/envCorp/MacaulayLibrary/426368621.m4a

(MATLAB:3891582): GStreamer-CRITICAL **: 10:09:28.268: gst_mini_object_unref: assertion 'mini_object != NULL' failed

(MATLAB:3891582): GStreamer-CRITICAL **: 10:09:29.127: gst_mini_object_unref: assertion 'mini_object != NULL' failed

(MATLAB:3891582): GStreamer-CRITICAL **: 10:09:29.976: gst_mini_object_unref: assertion 'mini_object != NULL' failed

(MATLAB:3891582): GStreamer-CRITICAL **: 10:09:30.807: gst_mini_object_unref: assertion 'mini_object != NULL' failed
Total loop time: 3.443 sec
data/envCorp/MacaulayLibrary/426438211.wav
Total loop time: 9.009 sec
data/envCorp/MacaulayLibrary/426459081.wav
Total loop time: 12.354 sec
data/envCorp/MacaulayLibrary/426459371.wav
Total loop time: 8.291 sec
data/envCorp/MacaulayLibrary/426459401.wav
Total loop time: 3.349 sec
data/envCorp/MacaulayLibrary/426494491.m4a

(MATLAB:3891582): GStreamer-CRITICAL **: 10:10:04.697: gst_mini_object_unref: assertion 'mini_object != NULL' failed

(MATLAB:3891582): GStreamer-CRITICAL **: 10:10:05.537: gst_mini_object_unref: assertion 'mini_object != NULL' failed

(MATLAB:3891582): GStreamer-CRITICAL **: 10:10:06.372: gst_mini_object_unref: assertion 'mini_object != NULL' failed

(MATLAB:3891582): GStreamer-CRITICAL **: 10:10:07.211: gst_mini_object_unref: assertion 'mini_object != NULL' failed
Total loop time: 3.403 sec
data/envCorp/MacaulayLibrary/426506341.wav
Total loop time: 9.818 sec
data/envCorp/MacaulayLibrary/426531951.wav
Total loop time: 0.879 sec
data/envCorp/MacaulayLibrary/426540231.m4a

(MATLAB:3891582): GStreamer-CRITICAL **: 10:10:18.822: gst_mini_object_unref: assertion 'mini_object != NULL' failed

(MATLAB:3891582): GStreamer-CRITICAL **: 10:10:19.678: gst_mini_object_unref: assertion 'mini_object != NULL' failed

(MATLAB:3891582): GStreamer-CRITICAL **: 10:10:20.526: gst_mini_object_unref: assertion 'mini_object != NULL' failed
Total loop time: 2.622 sec
data/envCorp/MacaulayLibrary/426540681.wav
Total loop time: 9.097 sec
data/envCorp/MacaulayLibrary/426540741.wav
Total loop time: 13.334 sec
data/envCorp/MacaulayLibrary/426542011.wav
Total loop time: 0.896 sec
data/envCorp/MacaulayLibrary/426546581.wav
Total loop time: 0.882 sec
data/envCorp/MacaulayLibrary/426547241.wav
Total loop time: 9.921 sec
data/envCorp/MacaulayLibrary/426551521.wav
Total loop time: 5.798 sec
data/envCorp/MacaulayLibrary/426551581.wav
Total loop time: 18.953 sec
data/envCorp/MacaulayLibrary/426551781.wav
Total loop time: 2.531 sec
data/envCorp/MacaulayLibrary/426559821.wav
Total loop time: 13.261 sec
data/envCorp/MacaulayLibrary/426575991.wav
Total loop time: 7.275 sec
data/envCorp/MacaulayLibrary/426599981.wav
Total loop time: 6.553 sec
data/envCorp/MacaulayLibrary/426600901.wav
Total loop time: 4.072 sec
data/envCorp/MacaulayLibrary/426601831.wav
Total loop time: 10.549 sec
data/envCorp/MacaulayLibrary/426602361.wav
Total loop time: 13.857 sec
data/envCorp/MacaulayLibrary/426671671.wav
Total loop time: 4.897 sec
data/envCorp/MacaulayLibrary/426680201.wav
Total loop time: 9.042 sec
data/envCorp/MacaulayLibrary/426704641.wav
Total loop time: 11.701 sec
data/envCorp/MacaulayLibrary/426705541.wav
Total loop time: 1.683 sec
data/envCorp/MacaulayLibrary/426750951.wav
Total loop time: 0.858 sec
data/envCorp/MacaulayLibrary/426802891.wav
Total loop time: 1.013 sec
data/envCorp/MacaulayLibrary/426834741.wav
Total loop time: 0.862 sec
data/envCorp/MacaulayLibrary/426847291.mp3

(MATLAB:3891582): GStreamer-CRITICAL **: 10:12:48.637: gst_mini_object_unref: assertion 'mini_object != NULL' failed

(MATLAB:3891582): GStreamer-CRITICAL **: 10:12:49.619: gst_mini_object_unref: assertion 'mini_object != NULL' failed
Total loop time: 2.007 sec
data/envCorp/MacaulayLibrary/426850111.mp3

(MATLAB:3891582): GStreamer-CRITICAL **: 10:12:50.671: gst_mini_object_unref: assertion 'mini_object != NULL' failed

(MATLAB:3891582): GStreamer-CRITICAL **: 10:12:51.716: gst_mini_object_unref: assertion 'mini_object != NULL' failed

(MATLAB:3891582): GStreamer-CRITICAL **: 10:12:52.726: gst_mini_object_unref: assertion 'mini_object != NULL' failed

(MATLAB:3891582): GStreamer-CRITICAL **: 10:12:53.712: gst_mini_object_unref: assertion 'mini_object != NULL' failed

(MATLAB:3891582): GStreamer-CRITICAL **: 10:12:54.706: gst_mini_object_unref: assertion 'mini_object != NULL' failed
Total loop time: 6.089 sec
data/envCorp/MacaulayLibrary/426994291.wav
Total loop time: 4.148 sec
data/envCorp/MacaulayLibrary/427.wav
Total loop time: 24.828 sec
data/envCorp/MacaulayLibrary/427297481.wav
Total loop time: 18.774 sec
data/envCorp/MacaulayLibrary/427309011.wav
Total loop time: 2.472 sec
data/envCorp/MacaulayLibrary/427348841.wav
Total loop time: 5.720 sec
data/envCorp/MacaulayLibrary/427363051.wav
Total loop time: 0.853 sec
data/envCorp/MacaulayLibrary/42742291.wav
Total loop time: 4.902 sec
data/envCorp/MacaulayLibrary/42742831.wav
Total loop time: 4.082 sec
data/envCorp/MacaulayLibrary/42742941.wav
Total loop time: 11.365 sec
data/envCorp/MacaulayLibrary/42743121.wav
Total loop time: 3.262 sec
data/envCorp/MacaulayLibrary/42743351.wav
Total loop time: 1.644 sec
data/envCorp/MacaulayLibrary/42744221.wav
Total loop time: 21.731 sec
data/envCorp/MacaulayLibrary/42744391.wav
Total loop time: 4.869 sec
data/envCorp/MacaulayLibrary/42744971.wav
Total loop time: 24.542 sec
data/envCorp/MacaulayLibrary/42745231.wav
Total loop time: 10.698 sec
data/envCorp/MacaulayLibrary/42745381.wav
Total loop time: 5.705 sec
data/envCorp/MacaulayLibrary/42745591.wav
Total loop time: 8.839 sec
data/envCorp/MacaulayLibrary/42745661.wav
Total loop time: 13.751 sec
data/envCorp/MacaulayLibrary/42745741.wav
Total loop time: 2.577 sec
data/envCorp/MacaulayLibrary/42745871.wav
Total loop time: 13.102 sec
data/envCorp/MacaulayLibrary/42745961.wav
Total loop time: 5.786 sec
data/envCorp/MacaulayLibrary/42746821.wav
Total loop time: 12.094 sec
data/envCorp/MacaulayLibrary/42747031.wav
Total loop time: 13.826 sec
data/envCorp/MacaulayLibrary/42747041.wav
Total loop time: 14.811 sec
data/envCorp/MacaulayLibrary/42747441.wav
Total loop time: 9.987 sec
data/envCorp/MacaulayLibrary/42747501.wav
Total loop time: 1.709 sec
data/envCorp/MacaulayLibrary/42747681.wav
Total loop time: 21.282 sec
data/envCorp/MacaulayLibrary/427494301.wav
Total loop time: 13.802 sec
data/envCorp/MacaulayLibrary/42750861.wav
Total loop time: 9.523 sec
data/envCorp/MacaulayLibrary/42750901.wav
Total loop time: 0.834 sec
data/envCorp/MacaulayLibrary/42750931.wav
Total loop time: 3.998 sec
data/envCorp/MacaulayLibrary/42751141.wav
Total loop time: 22.108 sec
data/envCorp/MacaulayLibrary/42751531.wav
Total loop time: 0.982 sec
data/envCorp/MacaulayLibrary/42751591.wav
Total loop time: 1.615 sec
data/envCorp/MacaulayLibrary/42751671.wav
Total loop time: 12.541 sec
data/envCorp/MacaulayLibrary/42751931.wav
Total loop time: 7.136 sec
data/envCorp/MacaulayLibrary/42752251.wav
Total loop time: 3.976 sec
data/envCorp/MacaulayLibrary/42753541.wav
Total loop time: 3.524 sec
data/envCorp/MacaulayLibrary/42754881.wav
Total loop time: 11.250 sec
data/envCorp/MacaulayLibrary/427606231.wav
Total loop time: 1.639 sec
data/envCorp/MacaulayLibrary/427724401.wav
Total loop time: 5.552 sec
data/envCorp/MacaulayLibrary/427726441.wav
Total loop time: 4.767 sec
data/envCorp/MacaulayLibrary/427726691.wav
Total loop time: 4.728 sec
data/envCorp/MacaulayLibrary/427729261.wav
Total loop time: 4.720 sec
data/envCorp/MacaulayLibrary/427846451.wav
Total loop time: 5.501 sec
data/envCorp/MacaulayLibrary/427937281.wav
Total loop time: 7.935 sec
data/envCorp/MacaulayLibrary/42811711.wav
Total loop time: 2.503 sec
data/envCorp/MacaulayLibrary/428166791.mp3

(MATLAB:3891582): GStreamer-CRITICAL **: 10:19:32.821: gst_mini_object_unref: assertion 'mini_object != NULL' failed

(MATLAB:3891582): GStreamer-CRITICAL **: 10:19:33.779: gst_mini_object_unref: assertion 'mini_object != NULL' failed

(MATLAB:3891582): GStreamer-CRITICAL **: 10:19:34.716: gst_mini_object_unref: assertion 'mini_object != NULL' failed
Total loop time: 3.862 sec
data/envCorp/MacaulayLibrary/428176571.wav
Total loop time: 17.640 sec
data/envCorp/MacaulayLibrary/428176641.wav
Total loop time: 12.434 sec
data/envCorp/MacaulayLibrary/428200831.mp3

(MATLAB:3891582): GStreamer-CRITICAL **: 10:20:06.734: gst_mini_object_unref: assertion 'mini_object != NULL' failed
Total loop time: 0.960 sec
Successful STM!
Elapsed time is 789.286962 seconds.
