
                            < M A T L A B (R) >
                  Copyright 1984-2023 The MathWorks, Inc.
                  R2023b (23.2.0.2365128) 64-bit (glnxa64)
                              August 23, 2023

 
To get started, type doc.
For product information, visit www.mathworks.com.
 
**skip** data/envCorp/MacaulayLibrary/508017861.mp3
**skip** data/envCorp/MacaulayLibrary/508018141.mp3
**skip** data/envCorp/MacaulayLibrary/508018551.mp3
**skip** data/envCorp/MacaulayLibrary/508071521.m4a
**skip** data/envCorp/MacaulayLibrary/508093531.m4a
**skip** data/envCorp/MacaulayLibrary/508116781.wav
**skip** data/envCorp/MacaulayLibrary/508123481.m4a
**skip** data/envCorp/MacaulayLibrary/508133011.wav
**skip** data/envCorp/MacaulayLibrary/508174261.wav
**skip** data/envCorp/MacaulayLibrary/508175141.wav
**skip** data/envCorp/MacaulayLibrary/508255901.wav
**skip** data/envCorp/MacaulayLibrary/508330441.wav
**skip** data/envCorp/MacaulayLibrary/508342311.wav
**skip** data/envCorp/MacaulayLibrary/508448341.m4a
**skip** data/envCorp/MacaulayLibrary/508467891.wav
**skip** data/envCorp/MacaulayLibrary/508490351.mp3
**skip** data/envCorp/MacaulayLibrary/508527451.wav
**skip** data/envCorp/MacaulayLibrary/508647801.mp3
**skip** data/envCorp/MacaulayLibrary/508648351.mp3
**skip** data/envCorp/MacaulayLibrary/508687851.mp3
**skip** data/envCorp/MacaulayLibrary/508911351.wav
**skip** data/envCorp/MacaulayLibrary/50897831.mp3
**skip** data/envCorp/MacaulayLibrary/509028031.mp3
**skip** data/envCorp/MacaulayLibrary/509041731.m4a
**skip** data/envCorp/MacaulayLibrary/509118971.wav
**skip** data/envCorp/MacaulayLibrary/509119341.wav
**skip** data/envCorp/MacaulayLibrary/509222711.wav
**skip** data/envCorp/MacaulayLibrary/509223091.wav
**skip** data/envCorp/MacaulayLibrary/509223111.wav
**skip** data/envCorp/MacaulayLibrary/509223121.wav
**skip** data/envCorp/MacaulayLibrary/509223161.wav
**skip** data/envCorp/MacaulayLibrary/509223931.wav
**skip** data/envCorp/MacaulayLibrary/509275751.wav
**skip** data/envCorp/MacaulayLibrary/509275761.wav
**skip** data/envCorp/MacaulayLibrary/509275771.wav
**skip** data/envCorp/MacaulayLibrary/509283151.wav
**skip** data/envCorp/MacaulayLibrary/509283311.wav
**skip** data/envCorp/MacaulayLibrary/509284341.wav
**skip** data/envCorp/MacaulayLibrary/509284351.wav
**skip** data/envCorp/MacaulayLibrary/509284721.wav
**skip** data/envCorp/MacaulayLibrary/509370391.wav
**skip** data/envCorp/MacaulayLibrary/509371071.wav
**skip** data/envCorp/MacaulayLibrary/509373251.wav
**skip** data/envCorp/MacaulayLibrary/509378291.m4a
**skip** data/envCorp/MacaulayLibrary/509400521.m4a
**skip** data/envCorp/MacaulayLibrary/509401521.m4a
**skip** data/envCorp/MacaulayLibrary/509403541.m4a
**skip** data/envCorp/MacaulayLibrary/509478301.wav
**skip** data/envCorp/MacaulayLibrary/509483051.wav
**skip** data/envCorp/MacaulayLibrary/509484551.wav
**skip** data/envCorp/MacaulayLibrary/509484561.wav
**skip** data/envCorp/MacaulayLibrary/509485071.wav
**skip** data/envCorp/MacaulayLibrary/509486861.wav
**skip** data/envCorp/MacaulayLibrary/509488271.wav
**skip** data/envCorp/MacaulayLibrary/509503691.wav
**skip** data/envCorp/MacaulayLibrary/509516761.wav
**skip** data/envCorp/MacaulayLibrary/509528481.wav
**skip** data/envCorp/MacaulayLibrary/509528491.wav
**skip** data/envCorp/MacaulayLibrary/509544911.wav
**skip** data/envCorp/MacaulayLibrary/509555701.m4a
**skip** data/envCorp/MacaulayLibrary/509556351.m4a
**skip** data/envCorp/MacaulayLibrary/509556721.wav
**skip** data/envCorp/MacaulayLibrary/509558671.m4a
**skip** data/envCorp/MacaulayLibrary/509568201.m4a
**skip** data/envCorp/MacaulayLibrary/509575941.m4a
**skip** data/envCorp/MacaulayLibrary/509585721.m4a
**skip** data/envCorp/MacaulayLibrary/509589651.m4a
**skip** data/envCorp/MacaulayLibrary/509600631.wav
**skip** data/envCorp/MacaulayLibrary/509604341.wav
**skip** data/envCorp/MacaulayLibrary/509605791.wav
**skip** data/envCorp/MacaulayLibrary/509606781.wav
**skip** data/envCorp/MacaulayLibrary/509606791.wav
**skip** data/envCorp/MacaulayLibrary/509610931.wav
**skip** data/envCorp/MacaulayLibrary/509610941.wav
**skip** data/envCorp/MacaulayLibrary/509612001.wav
**skip** data/envCorp/MacaulayLibrary/509612841.wav
**skip** data/envCorp/MacaulayLibrary/509626481.wav
**skip** data/envCorp/MacaulayLibrary/509686561.wav
**skip** data/envCorp/MacaulayLibrary/509732491.wav
**skip** data/envCorp/MacaulayLibrary/509796341.wav
**skip** data/envCorp/MacaulayLibrary/509817911.wav
**skip** data/envCorp/MacaulayLibrary/509821781.wav
**skip** data/envCorp/MacaulayLibrary/509821941.wav
**skip** data/envCorp/MacaulayLibrary/509822261.wav
data/envCorp/MacaulayLibrary/509850961.mp3

(MATLAB:1606120): GStreamer-CRITICAL **: 11:57:11.177: gst_mini_object_unref: assertion 'mini_object != NULL' failed
Total loop time: 2.067 sec
**skip** data/envCorp/MacaulayLibrary/509860731.wav
**skip** data/envCorp/MacaulayLibrary/509957401.wav
**skip** data/envCorp/MacaulayLibrary/51003.wav
**skip** data/envCorp/MacaulayLibrary/510043401.m4a
data/envCorp/MacaulayLibrary/510043511.m4a
{Error using audioread>readaudio
Range requested is greater than the total number of samples in the file.
TotalSamples is 455712.

Error in audioread (line 160)
    [y, Fs] = readaudio (filename, range, datatype);

Error in my_stmAna (line 124)
                [sig_excpt,fs]=audioread(curFilePath, sample); % load the current 4s excerpt

Error in STM01_runSTM_HPC (line 10)
        [~, ~, ~, ~, ~] = my_stmAna(curfiles, thisCorpus, fileID);
} 
