
                            < M A T L A B (R) >
                  Copyright 1984-2023 The MathWorks, Inc.
                  R2023b (23.2.0.2365128) 64-bit (glnxa64)
                              August 23, 2023

 
To get started, type doc.
For product information, visit www.mathworks.com.
 
data/envCorp/MacaulayLibrary/21371391.wav
Total loop time: 1.652 sec
data/envCorp/MacaulayLibrary/21371401.wav
Total loop time: 2.719 sec
data/envCorp/MacaulayLibrary/21371411.wav
Total loop time: 2.915 sec
data/envCorp/MacaulayLibrary/213787.wav
Total loop time: 18.681 sec
data/envCorp/MacaulayLibrary/213799.wav
Total loop time: 9.996 sec
data/envCorp/MacaulayLibrary/213806.wav
Total loop time: 24.442 sec
data/envCorp/MacaulayLibrary/213807.wav
Total loop time: 23.787 sec
data/envCorp/MacaulayLibrary/213820.wav
Total loop time: 24.212 sec
data/envCorp/MacaulayLibrary/213838221.wav
Total loop time: 12.080 sec
data/envCorp/MacaulayLibrary/213861.wav
Total loop time: 23.996 sec
data/envCorp/MacaulayLibrary/213864.wav
Total loop time: 11.599 sec
data/envCorp/MacaulayLibrary/213868.wav
Total loop time: 23.847 sec
data/envCorp/MacaulayLibrary/213869191.wav
Total loop time: 2.392 sec
data/envCorp/MacaulayLibrary/213872.wav
Total loop time: 23.569 sec
data/envCorp/MacaulayLibrary/213900641.wav
Total loop time: 11.186 sec
data/envCorp/MacaulayLibrary/213949141.wav
Total loop time: 4.043 sec
data/envCorp/MacaulayLibrary/213960941.wav
Total loop time: 15.153 sec
data/envCorp/MacaulayLibrary/213993031.wav
Total loop time: 19.653 sec
data/envCorp/MacaulayLibrary/214002391.wav
Total loop time: 3.917 sec
data/envCorp/MacaulayLibrary/214133031.mp3

(MATLAB:3325162): GStreamer-CRITICAL **: 10:11:30.297: gst_mini_object_unref: assertion 'mini_object != NULL' failed

(MATLAB:3325162): GStreamer-CRITICAL **: 10:11:31.354: gst_mini_object_unref: assertion 'mini_object != NULL' failed

(MATLAB:3325162): GStreamer-CRITICAL **: 10:11:32.410: gst_mini_object_unref: assertion 'mini_object != NULL' failed

(MATLAB:3325162): GStreamer-CRITICAL **: 10:11:33.436: gst_mini_object_unref: assertion 'mini_object != NULL' failed

(MATLAB:3325162): GStreamer-CRITICAL **: 10:11:34.422: gst_mini_object_unref: assertion 'mini_object != NULL' failed

(MATLAB:3325162): GStreamer-CRITICAL **: 10:11:35.448: gst_mini_object_unref: assertion 'mini_object != NULL' failed

(MATLAB:3325162): GStreamer-CRITICAL **: 10:11:36.469: gst_mini_object_unref: assertion 'mini_object != NULL' failed

(MATLAB:3325162): GStreamer-CRITICAL **: 10:11:37.458: gst_mini_object_unref: assertion 'mini_object != NULL' failed

(MATLAB:3325162): GStreamer-CRITICAL **: 10:11:38.441: gst_mini_object_unref: assertion 'mini_object != NULL' failed

(MATLAB:3325162): GStreamer-CRITICAL **: 10:11:39.442: gst_mini_object_unref: assertion 'mini_object != NULL' failed
Total loop time: 11.840 sec
data/envCorp/MacaulayLibrary/214163611.wav
Total loop time: 18.211 sec
data/envCorp/MacaulayLibrary/214163881.wav
Total loop time: 9.466 sec
data/envCorp/MacaulayLibrary/214222591.wav
Total loop time: 3.168 sec
data/envCorp/MacaulayLibrary/214236881.wav
Total loop time: 6.984 sec
data/envCorp/MacaulayLibrary/214248161.wav
Total loop time: 5.428 sec
data/envCorp/MacaulayLibrary/214248401.wav
Total loop time: 8.460 sec
data/envCorp/MacaulayLibrary/214319841.wav
Total loop time: 2.393 sec
data/envCorp/MacaulayLibrary/214322.wav
Total loop time: 4.729 sec
data/envCorp/MacaulayLibrary/214331.wav
Total loop time: 0.028 sec
data/envCorp/MacaulayLibrary/214333.wav
Total loop time: 23.006 sec
data/envCorp/MacaulayLibrary/214338.wav
Total loop time: 13.537 sec
data/envCorp/MacaulayLibrary/214340.wav
Total loop time: 9.571 sec
data/envCorp/MacaulayLibrary/214346.wav
Total loop time: 6.528 sec
data/envCorp/MacaulayLibrary/214348141.m4a

(MATLAB:3325162): GStreamer-CRITICAL **: 10:13:33.234: gst_mini_object_unref: assertion 'mini_object != NULL' failed

(MATLAB:3325162): GStreamer-CRITICAL **: 10:13:34.388: gst_mini_object_unref: assertion 'mini_object != NULL' failed

(MATLAB:3325162): GStreamer-CRITICAL **: 10:13:35.558: gst_mini_object_unref: assertion 'mini_object != NULL' failed

(MATLAB:3325162): GStreamer-CRITICAL **: 10:13:36.682: gst_mini_object_unref: assertion 'mini_object != NULL' failed

(MATLAB:3325162): GStreamer-CRITICAL **: 10:13:37.808: gst_mini_object_unref: assertion 'mini_object != NULL' failed

(MATLAB:3325162): GStreamer-CRITICAL **: 10:13:38.940: gst_mini_object_unref: assertion 'mini_object != NULL' failed

(MATLAB:3325162): GStreamer-CRITICAL **: 10:13:40.031: gst_mini_object_unref: assertion 'mini_object != NULL' failed

(MATLAB:3325162): GStreamer-CRITICAL **: 10:13:41.153: gst_mini_object_unref: assertion 'mini_object != NULL' failed

(MATLAB:3325162): GStreamer-CRITICAL **: 10:13:42.237: gst_mini_object_unref: assertion 'mini_object != NULL' failed

(MATLAB:3325162): GStreamer-CRITICAL **: 10:13:43.337: gst_mini_object_unref: assertion 'mini_object != NULL' failed

(MATLAB:3325162): GStreamer-CRITICAL **: 10:13:44.468: gst_mini_object_unref: assertion 'mini_object != NULL' failed

(MATLAB:3325162): GStreamer-CRITICAL **: 10:13:45.546: gst_mini_object_unref: assertion 'mini_object != NULL' failed

(MATLAB:3325162): GStreamer-CRITICAL **: 10:13:46.615: gst_mini_object_unref: assertion 'mini_object != NULL' failed

(MATLAB:3325162): GStreamer-CRITICAL **: 10:13:47.697: gst_mini_object_unref: assertion 'mini_object != NULL' failed

(MATLAB:3325162): GStreamer-CRITICAL **: 10:13:48.751: gst_mini_object_unref: assertion 'mini_object != NULL' failed

(MATLAB:3325162): GStreamer-CRITICAL **: 10:13:49.798: gst_mini_object_unref: assertion 'mini_object != NULL' failed

(MATLAB:3325162): GStreamer-CRITICAL **: 10:13:50.845: gst_mini_object_unref: assertion 'mini_object != NULL' failed

(MATLAB:3325162): GStreamer-CRITICAL **: 10:13:51.868: gst_mini_object_unref: assertion 'mini_object != NULL' failed

(MATLAB:3325162): GStreamer-CRITICAL **: 10:13:52.891: gst_mini_object_unref: assertion 'mini_object != NULL' failed

(MATLAB:3325162): GStreamer-CRITICAL **: 10:13:53.915: gst_mini_object_unref: assertion 'mini_object != NULL' failed

(MATLAB:3325162): GStreamer-CRITICAL **: 10:13:54.937: gst_mini_object_unref: assertion 'mini_object != NULL' failed

(MATLAB:3325162): GStreamer-CRITICAL **: 10:13:55.925: gst_mini_object_unref: assertion 'mini_object != NULL' failed

(MATLAB:3325162): GStreamer-CRITICAL **: 10:13:56.927: gst_mini_object_unref: assertion 'mini_object != NULL' failed

(MATLAB:3325162): GStreamer-CRITICAL **: 10:13:57.915: gst_mini_object_unref: assertion 'mini_object != NULL' failed

(MATLAB:3325162): GStreamer-CRITICAL **: 10:13:58.925: gst_mini_object_unref: assertion 'mini_object != NULL' failed

(MATLAB:3325162): GStreamer-CRITICAL **: 10:13:59.891: gst_mini_object_unref: assertion 'mini_object != NULL' failed

(MATLAB:3325162): GStreamer-CRITICAL **: 10:14:00.848: gst_mini_object_unref: assertion 'mini_object != NULL' failed

(MATLAB:3325162): GStreamer-CRITICAL **: 10:14:01.793: gst_mini_object_unref: assertion 'mini_object != NULL' failed

(MATLAB:3325162): GStreamer-CRITICAL **: 10:14:02.774: gst_mini_object_unref: assertion 'mini_object != NULL' failed

(MATLAB:3325162): GStreamer-CRITICAL **: 10:14:03.729: gst_mini_object_unref: assertion 'mini_object != NULL' failed
Total loop time: 31.765 sec
data/envCorp/MacaulayLibrary/214349.wav
Total loop time: 23.963 sec
data/envCorp/MacaulayLibrary/214350.wav
Total loop time: 17.355 sec
data/envCorp/MacaulayLibrary/214352.wav
Total loop time: 24.010 sec
data/envCorp/MacaulayLibrary/214380611.mp3

(MATLAB:3325162): GStreamer-CRITICAL **: 10:15:10.159: gst_mini_object_unref: assertion 'mini_object != NULL' failed

(MATLAB:3325162): GStreamer-CRITICAL **: 10:15:11.175: gst_mini_object_unref: assertion 'mini_object != NULL' failed

(MATLAB:3325162): GStreamer-CRITICAL **: 10:15:12.178: gst_mini_object_unref: assertion 'mini_object != NULL' failed

(MATLAB:3325162): GStreamer-CRITICAL **: 10:15:13.178: gst_mini_object_unref: assertion 'mini_object != NULL' failed

(MATLAB:3325162): GStreamer-CRITICAL **: 10:15:14.158: gst_mini_object_unref: assertion 'mini_object != NULL' failed

(MATLAB:3325162): GStreamer-CRITICAL **: 10:15:15.150: gst_mini_object_unref: assertion 'mini_object != NULL' failed

(MATLAB:3325162): GStreamer-CRITICAL **: 10:15:16.138: gst_mini_object_unref: assertion 'mini_object != NULL' failed

(MATLAB:3325162): GStreamer-CRITICAL **: 10:15:17.132: gst_mini_object_unref: assertion 'mini_object != NULL' failed

(MATLAB:3325162): GStreamer-CRITICAL **: 10:15:18.086: gst_mini_object_unref: assertion 'mini_object != NULL' failed

(MATLAB:3325162): GStreamer-CRITICAL **: 10:15:19.052: gst_mini_object_unref: assertion 'mini_object != NULL' failed

(MATLAB:3325162): GStreamer-CRITICAL **: 10:15:20.013: gst_mini_object_unref: assertion 'mini_object != NULL' failed

(MATLAB:3325162): GStreamer-CRITICAL **: 10:15:20.986: gst_mini_object_unref: assertion 'mini_object != NULL' failed

(MATLAB:3325162): GStreamer-CRITICAL **: 10:15:21.933: gst_mini_object_unref: assertion 'mini_object != NULL' failed

(MATLAB:3325162): GStreamer-CRITICAL **: 10:15:22.860: gst_mini_object_unref: assertion 'mini_object != NULL' failed
Total loop time: 14.717 sec
data/envCorp/MacaulayLibrary/214381141.wav
Total loop time: 8.914 sec
data/envCorp/MacaulayLibrary/214387171.wav
Total loop time: 23.762 sec
data/envCorp/MacaulayLibrary/214390.wav
Total loop time: 4.946 sec
data/envCorp/MacaulayLibrary/214391.wav
Total loop time: 11.989 sec
data/envCorp/MacaulayLibrary/214393541.wav
Total loop time: 8.149 sec
data/envCorp/MacaulayLibrary/214400151.wav
Total loop time: 23.533 sec
data/envCorp/MacaulayLibrary/214415311.mp3

(MATLAB:3325162): GStreamer-CRITICAL **: 10:16:46.182: gst_mini_object_unref: assertion 'mini_object != NULL' failed

(MATLAB:3325162): GStreamer-CRITICAL **: 10:16:47.203: gst_mini_object_unref: assertion 'mini_object != NULL' failed

(MATLAB:3325162): GStreamer-CRITICAL **: 10:16:48.210: gst_mini_object_unref: assertion 'mini_object != NULL' failed

(MATLAB:3325162): GStreamer-CRITICAL **: 10:16:49.223: gst_mini_object_unref: assertion 'mini_object != NULL' failed

(MATLAB:3325162): GStreamer-CRITICAL **: 10:16:50.229: gst_mini_object_unref: assertion 'mini_object != NULL' failed

(MATLAB:3325162): GStreamer-CRITICAL **: 10:16:51.230: gst_mini_object_unref: assertion 'mini_object != NULL' failed

(MATLAB:3325162): GStreamer-CRITICAL **: 10:16:52.247: gst_mini_object_unref: assertion 'mini_object != NULL' failed

(MATLAB:3325162): GStreamer-CRITICAL **: 10:16:53.260: gst_mini_object_unref: assertion 'mini_object != NULL' failed

(MATLAB:3325162): GStreamer-CRITICAL **: 10:16:54.259: gst_mini_object_unref: assertion 'mini_object != NULL' failed

(MATLAB:3325162): GStreamer-CRITICAL **: 10:16:55.255: gst_mini_object_unref: assertion 'mini_object != NULL' failed

(MATLAB:3325162): GStreamer-CRITICAL **: 10:16:56.251: gst_mini_object_unref: assertion 'mini_object != NULL' failed

(MATLAB:3325162): GStreamer-CRITICAL **: 10:16:57.248: gst_mini_object_unref: assertion 'mini_object != NULL' failed

(MATLAB:3325162): GStreamer-CRITICAL **: 10:16:58.213: gst_mini_object_unref: assertion 'mini_object != NULL' failed

(MATLAB:3325162): GStreamer-CRITICAL **: 10:16:59.191: gst_mini_object_unref: assertion 'mini_object != NULL' failed

(MATLAB:3325162): GStreamer-CRITICAL **: 10:17:00.158: gst_mini_object_unref: assertion 'mini_object != NULL' failed
Total loop time: 16.079 sec
data/envCorp/MacaulayLibrary/214421061.mp3

(MATLAB:3325162): GStreamer-CRITICAL **: 10:17:02.228: gst_mini_object_unref: assertion 'mini_object != NULL' failed

(MATLAB:3325162): GStreamer-CRITICAL **: 10:17:03.206: gst_mini_object_unref: assertion 'mini_object != NULL' failed

(MATLAB:3325162): GStreamer-CRITICAL **: 10:17:04.189: gst_mini_object_unref: assertion 'mini_object != NULL' failed

(MATLAB:3325162): GStreamer-CRITICAL **: 10:17:05.178: gst_mini_object_unref: assertion 'mini_object != NULL' failed
Total loop time: 4.946 sec
data/envCorp/MacaulayLibrary/214421761.mp3

(MATLAB:3325162): GStreamer-CRITICAL **: 10:17:07.159: gst_mini_object_unref: assertion 'mini_object != NULL' failed
Total loop time: 1.003 sec
data/envCorp/MacaulayLibrary/214446081.wav
Total loop time: 8.555 sec
data/envCorp/MacaulayLibrary/214447011.wav
Total loop time: 3.936 sec
data/envCorp/MacaulayLibrary/214452601.wav
Total loop time: 0.832 sec
data/envCorp/MacaulayLibrary/214569051.wav
Total loop time: 20.370 sec
data/envCorp/MacaulayLibrary/214573391.wav
Total loop time: 1.610 sec
data/envCorp/MacaulayLibrary/214629441.wav
Total loop time: 7.985 sec
data/envCorp/MacaulayLibrary/214667761.wav
Total loop time: 0.813 sec
data/envCorp/MacaulayLibrary/214668111.wav
Total loop time: 0.083 sec
data/envCorp/MacaulayLibrary/214683951.wav
Total loop time: 8.539 sec
data/envCorp/MacaulayLibrary/214705.wav
Total loop time: 23.894 sec
data/envCorp/MacaulayLibrary/214706.wav
Total loop time: 23.712 sec
data/envCorp/MacaulayLibrary/214709.wav
Total loop time: 23.891 sec
data/envCorp/MacaulayLibrary/214734.wav
Total loop time: 23.944 sec
data/envCorp/MacaulayLibrary/214751.wav
Total loop time: 23.579 sec
data/envCorp/MacaulayLibrary/214791391.wav
Total loop time: 3.271 sec
data/envCorp/MacaulayLibrary/214791831.wav
Total loop time: 1.673 sec
data/envCorp/MacaulayLibrary/214843731.wav
Total loop time: 0.862 sec
data/envCorp/MacaulayLibrary/214891361.wav
Total loop time: 23.808 sec
data/envCorp/MacaulayLibrary/214986581.mp3

(MATLAB:3325162): GStreamer-CRITICAL **: 10:20:29.591: gst_mini_object_unref: assertion 'mini_object != NULL' failed

(MATLAB:3325162): GStreamer-CRITICAL **: 10:20:30.573: gst_mini_object_unref: assertion 'mini_object != NULL' failed

(MATLAB:3325162): GStreamer-CRITICAL **: 10:20:31.530: gst_mini_object_unref: assertion 'mini_object != NULL' failed

(MATLAB:3325162): GStreamer-CRITICAL **: 10:20:32.474: gst_mini_object_unref: assertion 'mini_object != NULL' failed
Total loop time: 4.873 sec
data/envCorp/MacaulayLibrary/214986741.mp3

(MATLAB:3325162): GStreamer-CRITICAL **: 10:20:34.445: gst_mini_object_unref: assertion 'mini_object != NULL' failed
Total loop time: 1.918 sec
data/envCorp/MacaulayLibrary/214987211.mp3

(MATLAB:3325162): GStreamer-CRITICAL **: 10:20:36.375: gst_mini_object_unref: assertion 'mini_object != NULL' failed

(MATLAB:3325162): GStreamer-CRITICAL **: 10:20:37.318: gst_mini_object_unref: assertion 'mini_object != NULL' failed

(MATLAB:3325162): GStreamer-CRITICAL **: 10:20:38.256: gst_mini_object_unref: assertion 'mini_object != NULL' failed
Total loop time: 2.956 sec
data/envCorp/MacaulayLibrary/214987331.mp3

(MATLAB:3325162): GStreamer-CRITICAL **: 10:20:39.332: gst_mini_object_unref: assertion 'mini_object != NULL' failed
Total loop time: 1.012 sec
data/envCorp/MacaulayLibrary/21500.wav
Total loop time: 22.626 sec
data/envCorp/MacaulayLibrary/215008.wav
Total loop time: 22.763 sec
data/envCorp/MacaulayLibrary/215019491.mp3

(MATLAB:3325162): GStreamer-CRITICAL **: 10:21:25.768: gst_mini_object_unref: assertion 'mini_object != NULL' failed

(MATLAB:3325162): GStreamer-CRITICAL **: 10:21:26.700: gst_mini_object_unref: assertion 'mini_object != NULL' failed

(MATLAB:3325162): GStreamer-CRITICAL **: 10:21:27.642: gst_mini_object_unref: assertion 'mini_object != NULL' failed
Total loop time: 2.905 sec
data/envCorp/MacaulayLibrary/215021571.mp3

(MATLAB:3325162): GStreamer-CRITICAL **: 10:21:28.650: gst_mini_object_unref: assertion 'mini_object != NULL' failed

(MATLAB:3325162): GStreamer-CRITICAL **: 10:21:29.591: gst_mini_object_unref: assertion 'mini_object != NULL' failed

(MATLAB:3325162): GStreamer-CRITICAL **: 10:21:30.517: gst_mini_object_unref: assertion 'mini_object != NULL' failed
Total loop time: 3.762 sec
data/envCorp/MacaulayLibrary/215023.wav
Total loop time: 22.781 sec
data/envCorp/MacaulayLibrary/215023921.wav
Total loop time: 7.226 sec
data/envCorp/MacaulayLibrary/215024121.wav
Total loop time: 5.476 sec
data/envCorp/MacaulayLibrary/215024241.wav
Total loop time: 8.486 sec
data/envCorp/MacaulayLibrary/215031.wav
Total loop time: 17.648 sec
data/envCorp/MacaulayLibrary/215032.wav
Total loop time: 22.651 sec
data/envCorp/MacaulayLibrary/215041.wav
Total loop time: 10.882 sec
data/envCorp/MacaulayLibrary/215045.wav
Total loop time: 14.557 sec
data/envCorp/MacaulayLibrary/215048.wav
Total loop time: 22.551 sec
data/envCorp/MacaulayLibrary/215064.wav
Total loop time: 22.202 sec
data/envCorp/MacaulayLibrary/215093141.wav
Total loop time: 2.911 sec
data/envCorp/MacaulayLibrary/215115.wav
Total loop time: 17.875 sec
data/envCorp/MacaulayLibrary/21513.wav
Total loop time: 4.422 sec
data/envCorp/MacaulayLibrary/215147991.wav
Total loop time: 0.048 sec
data/envCorp/MacaulayLibrary/21518.wav
Total loop time: 6.528 sec
data/envCorp/MacaulayLibrary/215208471.mp3

(MATLAB:3325162): GStreamer-CRITICAL **: 10:24:38.691: gst_mini_object_unref: assertion 'mini_object != NULL' failed
Total loop time: 0.956 sec
data/envCorp/MacaulayLibrary/215212491.wav
Total loop time: 7.989 sec
data/envCorp/MacaulayLibrary/21522.wav
Total loop time: 1.489 sec
data/envCorp/MacaulayLibrary/215225581.mp3

(MATLAB:3325162): GStreamer-CRITICAL **: 10:24:49.139: gst_mini_object_unref: assertion 'mini_object != NULL' failed

(MATLAB:3325162): GStreamer-CRITICAL **: 10:24:50.054: gst_mini_object_unref: assertion 'mini_object != NULL' failed

(MATLAB:3325162): GStreamer-CRITICAL **: 10:24:50.953: gst_mini_object_unref: assertion 'mini_object != NULL' failed

(MATLAB:3325162): GStreamer-CRITICAL **: 10:24:51.848: gst_mini_object_unref: assertion 'mini_object != NULL' failed
Total loop time: 4.549 sec
data/envCorp/MacaulayLibrary/21523.wav
Total loop time: 21.775 sec
data/envCorp/MacaulayLibrary/21525.wav
Total loop time: 13.159 sec
data/envCorp/MacaulayLibrary/21530.wav
Total loop time: 21.272 sec
data/envCorp/MacaulayLibrary/21536.wav
Total loop time: 11.785 sec
data/envCorp/MacaulayLibrary/21542.wav
Total loop time: 2.802 sec
data/envCorp/MacaulayLibrary/215421631.wav
Total loop time: 8.387 sec
data/envCorp/MacaulayLibrary/215422021.wav
Total loop time: 4.875 sec
data/envCorp/MacaulayLibrary/215453711.wav
Total loop time: 4.204 sec
Successful STM!
Elapsed time is 1157.072579 seconds.
