
                            < M A T L A B (R) >
                  Copyright 1984-2023 The MathWorks, Inc.
                  R2023b (23.2.0.2365128) 64-bit (glnxa64)
                              August 23, 2023

[Warning: Unable to load Toolbox Path Cache
/home/ac8888/.matlab/R2023b/toolbox_cache-23.2.0-3137108227-glnxa64.xml. The
cache file is not in the correct format. It will be regenerated upon quitting
MATLAB.] 
 
To get started, type doc.
For product information, visit www.mathworks.com.
 
**skip** data/envCorp/MacaulayLibrary/611183189.wav
**skip** data/envCorp/MacaulayLibrary/611191645.wav
**skip** data/envCorp/MacaulayLibrary/611191646.wav
**skip** data/envCorp/MacaulayLibrary/611192841.wav
**skip** data/envCorp/MacaulayLibrary/611192898.wav
**skip** data/envCorp/MacaulayLibrary/611193880.wav
**skip** data/envCorp/MacaulayLibrary/611205841.wav
**skip** data/envCorp/MacaulayLibrary/611206248.wav
**skip** data/envCorp/MacaulayLibrary/611206607.wav
**skip** data/envCorp/MacaulayLibrary/611207599.wav
**skip** data/envCorp/MacaulayLibrary/611209226.m4a
**skip** data/envCorp/MacaulayLibrary/61121.wav
**skip** data/envCorp/MacaulayLibrary/611214290.wav
**skip** data/envCorp/MacaulayLibrary/611221093.mp3
**skip** data/envCorp/MacaulayLibrary/611221508.wav
**skip** data/envCorp/MacaulayLibrary/611222481.wav
**skip** data/envCorp/MacaulayLibrary/611225023.wav
**skip** data/envCorp/MacaulayLibrary/611226571.mp3
**skip** data/envCorp/MacaulayLibrary/611226848.mp3
**skip** data/envCorp/MacaulayLibrary/611234877.mp3
**skip** data/envCorp/MacaulayLibrary/611234994.mp3
**skip** data/envCorp/MacaulayLibrary/61124.wav
**skip** data/envCorp/MacaulayLibrary/611242436.wav
**skip** data/envCorp/MacaulayLibrary/611242773.wav
**skip** data/envCorp/MacaulayLibrary/611243218.wav
**skip** data/envCorp/MacaulayLibrary/611246207.wav
**skip** data/envCorp/MacaulayLibrary/611247837.wav
**skip** data/envCorp/MacaulayLibrary/611248267.wav
**skip** data/envCorp/MacaulayLibrary/611260626.wav
**skip** data/envCorp/MacaulayLibrary/611269167.m4a
**skip** data/envCorp/MacaulayLibrary/611269957.m4a
**skip** data/envCorp/MacaulayLibrary/611270277.wav
**skip** data/envCorp/MacaulayLibrary/611274032.m4a
**skip** data/envCorp/MacaulayLibrary/611278399.wav
**skip** data/envCorp/MacaulayLibrary/611278718.wav
**skip** data/envCorp/MacaulayLibrary/611278827.wav
**skip** data/envCorp/MacaulayLibrary/61128.wav
**skip** data/envCorp/MacaulayLibrary/61128861.m4a
**skip** data/envCorp/MacaulayLibrary/61129.wav
**skip** data/envCorp/MacaulayLibrary/611302437.wav
**skip** data/envCorp/MacaulayLibrary/611302973.wav
**skip** data/envCorp/MacaulayLibrary/611305906.wav
**skip** data/envCorp/MacaulayLibrary/611305907.wav
**skip** data/envCorp/MacaulayLibrary/611305909.wav
**skip** data/envCorp/MacaulayLibrary/611306515.wav
**skip** data/envCorp/MacaulayLibrary/611306847.wav
**skip** data/envCorp/MacaulayLibrary/611316571.mp3
**skip** data/envCorp/MacaulayLibrary/611327805.wav
**skip** data/envCorp/MacaulayLibrary/611327816.wav
**skip** data/envCorp/MacaulayLibrary/611328410.wav
**skip** data/envCorp/MacaulayLibrary/61133.wav
**skip** data/envCorp/MacaulayLibrary/611338774.wav
**skip** data/envCorp/MacaulayLibrary/611342425.wav
**skip** data/envCorp/MacaulayLibrary/611349601.wav
**skip** data/envCorp/MacaulayLibrary/611349697.mp3
**skip** data/envCorp/MacaulayLibrary/61136.wav
**skip** data/envCorp/MacaulayLibrary/611364373.wav
**skip** data/envCorp/MacaulayLibrary/611364623.wav
**skip** data/envCorp/MacaulayLibrary/611370480.wav
**skip** data/envCorp/MacaulayLibrary/611374413.wav
**skip** data/envCorp/MacaulayLibrary/611381508.wav
**skip** data/envCorp/MacaulayLibrary/611382015.wav
**skip** data/envCorp/MacaulayLibrary/611382983.wav
**skip** data/envCorp/MacaulayLibrary/611382984.wav
**skip** data/envCorp/MacaulayLibrary/611383238.wav
**skip** data/envCorp/MacaulayLibrary/611383920.wav
**skip** data/envCorp/MacaulayLibrary/611384155.wav
**skip** data/envCorp/MacaulayLibrary/611385719.wav
**skip** data/envCorp/MacaulayLibrary/611389031.wav
**skip** data/envCorp/MacaulayLibrary/611392096.wav
**skip** data/envCorp/MacaulayLibrary/611401390.wav
**skip** data/envCorp/MacaulayLibrary/611410424.mp3
**skip** data/envCorp/MacaulayLibrary/611415642.m4a
**skip** data/envCorp/MacaulayLibrary/611419518.wav
**skip** data/envCorp/MacaulayLibrary/611420537.wav
**skip** data/envCorp/MacaulayLibrary/611423531.m4a
**skip** data/envCorp/MacaulayLibrary/611432802.wav
**skip** data/envCorp/MacaulayLibrary/611433357.wav
**skip** data/envCorp/MacaulayLibrary/611433758.wav
**skip** data/envCorp/MacaulayLibrary/611442745.wav
**skip** data/envCorp/MacaulayLibrary/611446261.wav
**skip** data/envCorp/MacaulayLibrary/611458333.wav
**skip** data/envCorp/MacaulayLibrary/611458334.wav
**skip** data/envCorp/MacaulayLibrary/61147.wav
**skip** data/envCorp/MacaulayLibrary/611473618.wav
**skip** data/envCorp/MacaulayLibrary/611485701.wav
**skip** data/envCorp/MacaulayLibrary/611485761.wav
**skip** data/envCorp/MacaulayLibrary/611486008.wav
**skip** data/envCorp/MacaulayLibrary/611489190.wav
**skip** data/envCorp/MacaulayLibrary/611489206.wav
**skip** data/envCorp/MacaulayLibrary/611489208.wav
**skip** data/envCorp/MacaulayLibrary/611489246.wav
**skip** data/envCorp/MacaulayLibrary/611489291.wav
**skip** data/envCorp/MacaulayLibrary/611489627.wav
**skip** data/envCorp/MacaulayLibrary/611489648.wav
**skip** data/envCorp/MacaulayLibrary/611489963.wav
**skip** data/envCorp/MacaulayLibrary/611489972.wav
**skip** data/envCorp/MacaulayLibrary/611496148.wav
**skip** data/envCorp/MacaulayLibrary/611498382.wav
**skip** data/envCorp/MacaulayLibrary/611498896.mp3
Successful STM!
Elapsed time is 4.690901 seconds.
