
                            < M A T L A B (R) >
                  Copyright 1984-2023 The MathWorks, Inc.
                  R2023b (23.2.0.2365128) 64-bit (glnxa64)
                              August 23, 2023

 
To get started, type doc.
For product information, visit www.mathworks.com.
 
data/envCorp/MacaulayLibrary/18900.wav
Total loop time: 26.386 sec
data/envCorp/MacaulayLibrary/189004001.wav
Total loop time: 3.472 sec
data/envCorp/MacaulayLibrary/18901.wav
Total loop time: 1.770 sec
data/envCorp/MacaulayLibrary/189010311.wav
Total loop time: 1.747 sec
data/envCorp/MacaulayLibrary/189014841.wav
Total loop time: 10.361 sec
data/envCorp/MacaulayLibrary/189031061.mp3

(MATLAB:436671): GStreamer-CRITICAL **: 10:07:45.654: gst_mini_object_unref: assertion 'mini_object != NULL' failed

(MATLAB:436671): GStreamer-CRITICAL **: 10:07:46.695: gst_mini_object_unref: assertion 'mini_object != NULL' failed

(MATLAB:436671): GStreamer-CRITICAL **: 10:07:47.732: gst_mini_object_unref: assertion 'mini_object != NULL' failed

(MATLAB:436671): GStreamer-CRITICAL **: 10:07:48.773: gst_mini_object_unref: assertion 'mini_object != NULL' failed

(MATLAB:436671): GStreamer-CRITICAL **: 10:07:49.811: gst_mini_object_unref: assertion 'mini_object != NULL' failed

(MATLAB:436671): GStreamer-CRITICAL **: 10:07:50.905: gst_mini_object_unref: assertion 'mini_object != NULL' failed

(MATLAB:436671): GStreamer-CRITICAL **: 10:07:51.902: gst_mini_object_unref: assertion 'mini_object != NULL' failed

(MATLAB:436671): GStreamer-CRITICAL **: 10:07:52.904: gst_mini_object_unref: assertion 'mini_object != NULL' failed

(MATLAB:436671): GStreamer-CRITICAL **: 10:07:53.905: gst_mini_object_unref: assertion 'mini_object != NULL' failed

(MATLAB:436671): GStreamer-CRITICAL **: 10:07:54.884: gst_mini_object_unref: assertion 'mini_object != NULL' failed

(MATLAB:436671): GStreamer-CRITICAL **: 10:07:55.894: gst_mini_object_unref: assertion 'mini_object != NULL' failed

(MATLAB:436671): GStreamer-CRITICAL **: 10:07:56.873: gst_mini_object_unref: assertion 'mini_object != NULL' failed
Total loop time: 12.708 sec
data/envCorp/MacaulayLibrary/189091821.wav
Total loop time: 11.252 sec
data/envCorp/MacaulayLibrary/189093191.wav
Total loop time: 6.885 sec
data/envCorp/MacaulayLibrary/189136181.wav
Total loop time: 6.022 sec
data/envCorp/MacaulayLibrary/189137631.wav
Total loop time: 0.921 sec
data/envCorp/MacaulayLibrary/189325361.wav
Total loop time: 4.344 sec
data/envCorp/MacaulayLibrary/189385631.m4a

(MATLAB:436671): GStreamer-CRITICAL **: 10:08:27.402: gst_mini_object_unref: assertion 'mini_object != NULL' failed

(MATLAB:436671): GStreamer-CRITICAL **: 10:08:28.392: gst_mini_object_unref: assertion 'mini_object != NULL' failed

(MATLAB:436671): GStreamer-CRITICAL **: 10:08:29.364: gst_mini_object_unref: assertion 'mini_object != NULL' failed

(MATLAB:436671): GStreamer-CRITICAL **: 10:08:30.322: gst_mini_object_unref: assertion 'mini_object != NULL' failed

(MATLAB:436671): GStreamer-CRITICAL **: 10:08:31.272: gst_mini_object_unref: assertion 'mini_object != NULL' failed

(MATLAB:436671): GStreamer-CRITICAL **: 10:08:32.227: gst_mini_object_unref: assertion 'mini_object != NULL' failed

(MATLAB:436671): GStreamer-CRITICAL **: 10:08:33.170: gst_mini_object_unref: assertion 'mini_object != NULL' failed

(MATLAB:436671): GStreamer-CRITICAL **: 10:08:34.097: gst_mini_object_unref: assertion 'mini_object != NULL' failed

(MATLAB:436671): GStreamer-CRITICAL **: 10:08:35.010: gst_mini_object_unref: assertion 'mini_object != NULL' failed

(MATLAB:436671): GStreamer-CRITICAL **: 10:08:35.942: gst_mini_object_unref: assertion 'mini_object != NULL' failed

(MATLAB:436671): GStreamer-CRITICAL **: 10:08:36.851: gst_mini_object_unref: assertion 'mini_object != NULL' failed

(MATLAB:436671): GStreamer-CRITICAL **: 10:08:37.769: gst_mini_object_unref: assertion 'mini_object != NULL' failed

(MATLAB:436671): GStreamer-CRITICAL **: 10:08:38.666: gst_mini_object_unref: assertion 'mini_object != NULL' failed

(MATLAB:436671): GStreamer-CRITICAL **: 10:08:39.543: gst_mini_object_unref: assertion 'mini_object != NULL' failed

(MATLAB:436671): GStreamer-CRITICAL **: 10:08:40.442: gst_mini_object_unref: assertion 'mini_object != NULL' failed

(MATLAB:436671): GStreamer-CRITICAL **: 10:08:41.330: gst_mini_object_unref: assertion 'mini_object != NULL' failed

(MATLAB:436671): GStreamer-CRITICAL **: 10:08:42.214: gst_mini_object_unref: assertion 'mini_object != NULL' failed

(MATLAB:436671): GStreamer-CRITICAL **: 10:08:43.096: gst_mini_object_unref: assertion 'mini_object != NULL' failed
Total loop time: 16.764 sec
data/envCorp/MacaulayLibrary/189423741.m4a

(MATLAB:436671): GStreamer-CRITICAL **: 10:08:44.017: gst_mini_object_unref: assertion 'mini_object != NULL' failed

(MATLAB:436671): GStreamer-CRITICAL **: 10:08:44.891: gst_mini_object_unref: assertion 'mini_object != NULL' failed
Total loop time: 1.834 sec
data/envCorp/MacaulayLibrary/189468.wav
Total loop time: 25.966 sec
data/envCorp/MacaulayLibrary/189474.wav
Total loop time: 25.971 sec
data/envCorp/MacaulayLibrary/189477.wav
Total loop time: 25.878 sec
data/envCorp/MacaulayLibrary/189481.wav
Total loop time: 22.363 sec
data/envCorp/MacaulayLibrary/189483.wav
Total loop time: 22.518 sec
data/envCorp/MacaulayLibrary/189483901.wav
Total loop time: 0.896 sec
data/envCorp/MacaulayLibrary/189483951.wav
Total loop time: 1.736 sec
data/envCorp/MacaulayLibrary/189483961.wav
Total loop time: 15.568 sec
data/envCorp/MacaulayLibrary/189483981.wav
Total loop time: 7.726 sec
data/envCorp/MacaulayLibrary/189485511.wav
Total loop time: 3.526 sec
data/envCorp/MacaulayLibrary/189485661.wav
Total loop time: 3.548 sec
data/envCorp/MacaulayLibrary/189485681.wav
Total loop time: 3.509 sec
data/envCorp/MacaulayLibrary/189485761.wav
Total loop time: 0.919 sec
data/envCorp/MacaulayLibrary/189485801.wav
Total loop time: 6.956 sec
data/envCorp/MacaulayLibrary/189485931.wav
Total loop time: 17.320 sec
data/envCorp/MacaulayLibrary/189485971.wav
Total loop time: 21.369 sec
data/envCorp/MacaulayLibrary/189489.wav
Total loop time: 26.023 sec
data/envCorp/MacaulayLibrary/189494.wav
Total loop time: 25.873 sec
data/envCorp/MacaulayLibrary/189501.wav
Total loop time: 13.965 sec
data/envCorp/MacaulayLibrary/189505.wav
Total loop time: 16.459 sec
data/envCorp/MacaulayLibrary/189506.wav
Total loop time: 25.490 sec
data/envCorp/MacaulayLibrary/189509.wav
Total loop time: 12.978 sec
data/envCorp/MacaulayLibrary/189512.wav
Total loop time: 25.977 sec
data/envCorp/MacaulayLibrary/189513.wav
Total loop time: 24.429 sec
data/envCorp/MacaulayLibrary/189515.wav
Total loop time: 13.899 sec
data/envCorp/MacaulayLibrary/189515021.wav
Total loop time: 25.838 sec
data/envCorp/MacaulayLibrary/189516.wav
Total loop time: 25.666 sec
data/envCorp/MacaulayLibrary/189518.wav
Total loop time: 25.690 sec
data/envCorp/MacaulayLibrary/189542.wav
Total loop time: 20.917 sec
data/envCorp/MacaulayLibrary/189547.wav
Total loop time: 13.835 sec
data/envCorp/MacaulayLibrary/189549.wav
Total loop time: 19.302 sec
data/envCorp/MacaulayLibrary/189563.wav
Total loop time: 17.594 sec
data/envCorp/MacaulayLibrary/189564.wav
Total loop time: 15.750 sec
data/envCorp/MacaulayLibrary/189569.wav
Total loop time: 12.573 sec
data/envCorp/MacaulayLibrary/189575251.wav
Total loop time: 1.827 sec
data/envCorp/MacaulayLibrary/189575271.wav
Total loop time: 1.825 sec
data/envCorp/MacaulayLibrary/189575411.wav
Total loop time: 3.573 sec
data/envCorp/MacaulayLibrary/189575431.wav
Total loop time: 2.602 sec
data/envCorp/MacaulayLibrary/189575461.wav
Total loop time: 8.744 sec
data/envCorp/MacaulayLibrary/189575481.wav
Total loop time: 1.779 sec
data/envCorp/MacaulayLibrary/189575521.wav
Total loop time: 2.585 sec
data/envCorp/MacaulayLibrary/189575581.wav
Total loop time: 2.608 sec
data/envCorp/MacaulayLibrary/189575591.wav
Total loop time: 2.625 sec
data/envCorp/MacaulayLibrary/189629381.wav
Total loop time: 7.909 sec
data/envCorp/MacaulayLibrary/18978.wav
Total loop time: 23.885 sec
data/envCorp/MacaulayLibrary/18982.wav
Total loop time: 25.888 sec
data/envCorp/MacaulayLibrary/189879851.wav
Total loop time: 2.567 sec
data/envCorp/MacaulayLibrary/189880561.wav
Total loop time: 14.410 sec
data/envCorp/MacaulayLibrary/189899071.mp3

(MATLAB:436671): GStreamer-CRITICAL **: 10:19:56.981: gst_mini_object_unref: assertion 'mini_object != NULL' failed

(MATLAB:436671): GStreamer-CRITICAL **: 10:19:57.993: gst_mini_object_unref: assertion 'mini_object != NULL' failed
Total loop time: 2.089 sec
data/envCorp/MacaulayLibrary/189914561.wav
Total loop time: 3.475 sec
data/envCorp/MacaulayLibrary/189914581.wav
Total loop time: 4.391 sec
data/envCorp/MacaulayLibrary/189994281.wav
Total loop time: 4.314 sec
data/envCorp/MacaulayLibrary/190034391.wav
Total loop time: 6.330 sec
data/envCorp/MacaulayLibrary/190104061.mp3

(MATLAB:436671): GStreamer-CRITICAL **: 10:20:17.637: gst_mini_object_unref: assertion 'mini_object != NULL' failed

(MATLAB:436671): GStreamer-CRITICAL **: 10:20:18.692: gst_mini_object_unref: assertion 'mini_object != NULL' failed

(MATLAB:436671): GStreamer-CRITICAL **: 10:20:19.722: gst_mini_object_unref: assertion 'mini_object != NULL' failed

(MATLAB:436671): GStreamer-CRITICAL **: 10:20:20.748: gst_mini_object_unref: assertion 'mini_object != NULL' failed

(MATLAB:436671): GStreamer-CRITICAL **: 10:20:21.770: gst_mini_object_unref: assertion 'mini_object != NULL' failed

(MATLAB:436671): GStreamer-CRITICAL **: 10:20:22.794: gst_mini_object_unref: assertion 'mini_object != NULL' failed

(MATLAB:436671): GStreamer-CRITICAL **: 10:20:23.821: gst_mini_object_unref: assertion 'mini_object != NULL' failed
Total loop time: 8.369 sec
data/envCorp/MacaulayLibrary/190110831.mp3

(MATLAB:436671): GStreamer-CRITICAL **: 10:20:25.966: gst_mini_object_unref: assertion 'mini_object != NULL' failed

(MATLAB:436671): GStreamer-CRITICAL **: 10:20:26.993: gst_mini_object_unref: assertion 'mini_object != NULL' failed

(MATLAB:436671): GStreamer-CRITICAL **: 10:20:28.053: gst_mini_object_unref: assertion 'mini_object != NULL' failed
Total loop time: 3.358 sec
data/envCorp/MacaulayLibrary/190119131.wav
Total loop time: 10.248 sec
data/envCorp/MacaulayLibrary/190119461.wav
Total loop time: 2.598 sec
data/envCorp/MacaulayLibrary/190134621.wav
Total loop time: 25.744 sec
data/envCorp/MacaulayLibrary/190134721.wav
Total loop time: 22.272 sec
data/envCorp/MacaulayLibrary/190134901.wav
Total loop time: 25.669 sec
data/envCorp/MacaulayLibrary/190135141.wav
Total loop time: 0.855 sec
data/envCorp/MacaulayLibrary/190140951.wav
Total loop time: 2.603 sec
data/envCorp/MacaulayLibrary/190160601.wav
Total loop time: 2.607 sec
data/envCorp/MacaulayLibrary/190163041.wav
Total loop time: 1.723 sec
data/envCorp/MacaulayLibrary/190194891.m4a

(MATLAB:436671): GStreamer-CRITICAL **: 10:22:03.520: gst_mini_object_unref: assertion 'mini_object != NULL' failed
Total loop time: 0.930 sec
data/envCorp/MacaulayLibrary/190225.wav
Total loop time: 22.997 sec
data/envCorp/MacaulayLibrary/190238.wav
Total loop time: 11.050 sec
data/envCorp/MacaulayLibrary/19024.wav
Total loop time: 16.273 sec
data/envCorp/MacaulayLibrary/190248.wav
Total loop time: 19.773 sec
data/envCorp/MacaulayLibrary/190256351.m4a

(MATLAB:436671): GStreamer-CRITICAL **: 10:23:14.621: gst_mini_object_unref: assertion 'mini_object != NULL' failed

(MATLAB:436671): GStreamer-CRITICAL **: 10:23:15.574: gst_mini_object_unref: assertion 'mini_object != NULL' failed

(MATLAB:436671): GStreamer-CRITICAL **: 10:23:16.519: gst_mini_object_unref: assertion 'mini_object != NULL' failed

(MATLAB:436671): GStreamer-CRITICAL **: 10:23:17.471: gst_mini_object_unref: assertion 'mini_object != NULL' failed

(MATLAB:436671): GStreamer-CRITICAL **: 10:23:18.402: gst_mini_object_unref: assertion 'mini_object != NULL' failed

(MATLAB:436671): GStreamer-CRITICAL **: 10:23:19.313: gst_mini_object_unref: assertion 'mini_object != NULL' failed

(MATLAB:436671): GStreamer-CRITICAL **: 10:23:20.232: gst_mini_object_unref: assertion 'mini_object != NULL' failed

(MATLAB:436671): GStreamer-CRITICAL **: 10:23:21.133: gst_mini_object_unref: assertion 'mini_object != NULL' failed

(MATLAB:436671): GStreamer-CRITICAL **: 10:23:22.032: gst_mini_object_unref: assertion 'mini_object != NULL' failed

(MATLAB:436671): GStreamer-CRITICAL **: 10:23:22.912: gst_mini_object_unref: assertion 'mini_object != NULL' failed
Total loop time: 9.320 sec
data/envCorp/MacaulayLibrary/190264981.mp3

(MATLAB:436671): GStreamer-CRITICAL **: 10:23:24.165: gst_mini_object_unref: assertion 'mini_object != NULL' failed

(MATLAB:436671): GStreamer-CRITICAL **: 10:23:25.325: gst_mini_object_unref: assertion 'mini_object != NULL' failed

(MATLAB:436671): GStreamer-CRITICAL **: 10:23:26.488: gst_mini_object_unref: assertion 'mini_object != NULL' failed

(MATLAB:436671): GStreamer-CRITICAL **: 10:23:27.641: gst_mini_object_unref: assertion 'mini_object != NULL' failed

(MATLAB:436671): GStreamer-CRITICAL **: 10:23:28.801: gst_mini_object_unref: assertion 'mini_object != NULL' failed

(MATLAB:436671): GStreamer-CRITICAL **: 10:23:29.960: gst_mini_object_unref: assertion 'mini_object != NULL' failed

(MATLAB:436671): GStreamer-CRITICAL **: 10:23:31.126: gst_mini_object_unref: assertion 'mini_object != NULL' failed

(MATLAB:436671): GStreamer-CRITICAL **: 10:23:32.270: gst_mini_object_unref: assertion 'mini_object != NULL' failed

(MATLAB:436671): GStreamer-CRITICAL **: 10:23:33.422: gst_mini_object_unref: assertion 'mini_object != NULL' failed

(MATLAB:436671): GStreamer-CRITICAL **: 10:23:34.574: gst_mini_object_unref: assertion 'mini_object != NULL' failed

(MATLAB:436671): GStreamer-CRITICAL **: 10:23:35.710: gst_mini_object_unref: assertion 'mini_object != NULL' failed

(MATLAB:436671): GStreamer-CRITICAL **: 10:23:36.844: gst_mini_object_unref: assertion 'mini_object != NULL' failed

(MATLAB:436671): GStreamer-CRITICAL **: 10:23:37.983: gst_mini_object_unref: assertion 'mini_object != NULL' failed

(MATLAB:436671): GStreamer-CRITICAL **: 10:23:39.098: gst_mini_object_unref: assertion 'mini_object != NULL' failed

(MATLAB:436671): GStreamer-CRITICAL **: 10:23:40.227: gst_mini_object_unref: assertion 'mini_object != NULL' failed

(MATLAB:436671): GStreamer-CRITICAL **: 10:23:41.328: gst_mini_object_unref: assertion 'mini_object != NULL' failed

(MATLAB:436671): GStreamer-CRITICAL **: 10:23:42.417: gst_mini_object_unref: assertion 'mini_object != NULL' failed

(MATLAB:436671): GStreamer-CRITICAL **: 10:23:43.509: gst_mini_object_unref: assertion 'mini_object != NULL' failed

(MATLAB:436671): GStreamer-CRITICAL **: 10:23:44.582: gst_mini_object_unref: assertion 'mini_object != NULL' failed

(MATLAB:436671): GStreamer-CRITICAL **: 10:23:45.679: gst_mini_object_unref: assertion 'mini_object != NULL' failed

(MATLAB:436671): GStreamer-CRITICAL **: 10:23:46.762: gst_mini_object_unref: assertion 'mini_object != NULL' failed

(MATLAB:436671): GStreamer-CRITICAL **: 10:23:47.837: gst_mini_object_unref: assertion 'mini_object != NULL' failed

(MATLAB:436671): GStreamer-CRITICAL **: 10:23:48.897: gst_mini_object_unref: assertion 'mini_object != NULL' failed

(MATLAB:436671): GStreamer-CRITICAL **: 10:23:49.966: gst_mini_object_unref: assertion 'mini_object != NULL' failed

(MATLAB:436671): GStreamer-CRITICAL **: 10:23:51.028: gst_mini_object_unref: assertion 'mini_object != NULL' failed

(MATLAB:436671): GStreamer-CRITICAL **: 10:23:52.091: gst_mini_object_unref: assertion 'mini_object != NULL' failed

(MATLAB:436671): GStreamer-CRITICAL **: 10:23:53.127: gst_mini_object_unref: assertion 'mini_object != NULL' failed

(MATLAB:436671): GStreamer-CRITICAL **: 10:23:54.165: gst_mini_object_unref: assertion 'mini_object != NULL' failed

(MATLAB:436671): GStreamer-CRITICAL **: 10:23:55.222: gst_mini_object_unref: assertion 'mini_object != NULL' failed
Total loop time: 32.300 sec
data/envCorp/MacaulayLibrary/190288771.wav
Total loop time: 10.228 sec
data/envCorp/MacaulayLibrary/190289081.wav
Total loop time: 11.454 sec
data/envCorp/MacaulayLibrary/190292641.wav
Total loop time: 6.848 sec
data/envCorp/MacaulayLibrary/190311061.wav
Total loop time: 1.726 sec
data/envCorp/MacaulayLibrary/190311071.wav
Total loop time: 1.737 sec
data/envCorp/MacaulayLibrary/190311081.wav
Total loop time: 6.652 sec
data/envCorp/MacaulayLibrary/190311181.wav
Total loop time: 9.951 sec
data/envCorp/MacaulayLibrary/190311201.wav
Total loop time: 4.228 sec
data/envCorp/MacaulayLibrary/190311371.wav
Total loop time: 4.169 sec
data/envCorp/MacaulayLibrary/190311391.wav
Total loop time: 11.739 sec
data/envCorp/MacaulayLibrary/190311461.wav
Total loop time: 2.484 sec
data/envCorp/MacaulayLibrary/190311511.wav
Total loop time: 2.498 sec
data/envCorp/MacaulayLibrary/190317801.wav
Total loop time: 0.857 sec
data/envCorp/MacaulayLibrary/190326861.wav
Total loop time: 2.430 sec
data/envCorp/MacaulayLibrary/190327021.wav
Total loop time: 5.756 sec
data/envCorp/MacaulayLibrary/190327151.wav
Total loop time: 3.292 sec
Successful STM!
Elapsed time is 1105.728290 seconds.
