
                            < M A T L A B (R) >
                  Copyright 1984-2023 The MathWorks, Inc.
                  R2023b (23.2.0.2365128) 64-bit (glnxa64)
                              August 23, 2023

 
To get started, type doc.
For product information, visit www.mathworks.com.
 
**skip** data/envCorp/MacaulayLibrary/203984801.mp3
**skip** data/envCorp/MacaulayLibrary/203985011.mp3
**skip** data/envCorp/MacaulayLibrary/203985031.mp3
**skip** data/envCorp/MacaulayLibrary/203985041.mp3
**skip** data/envCorp/MacaulayLibrary/203985081.mp3
**skip** data/envCorp/MacaulayLibrary/203985131.mp3
**skip** data/envCorp/MacaulayLibrary/203985171.mp3
**skip** data/envCorp/MacaulayLibrary/203985241.mp3
**skip** data/envCorp/MacaulayLibrary/203985251.mp3
**skip** data/envCorp/MacaulayLibrary/203985401.mp3
**skip** data/envCorp/MacaulayLibrary/203985631.mp3
**skip** data/envCorp/MacaulayLibrary/203985651.mp3
**skip** data/envCorp/MacaulayLibrary/203985661.mp3
**skip** data/envCorp/MacaulayLibrary/203985771.mp3
**skip** data/envCorp/MacaulayLibrary/203985791.mp3
**skip** data/envCorp/MacaulayLibrary/203985861.mp3
**skip** data/envCorp/MacaulayLibrary/203985871.mp3
**skip** data/envCorp/MacaulayLibrary/203986001.mp3
**skip** data/envCorp/MacaulayLibrary/203986071.mp3
**skip** data/envCorp/MacaulayLibrary/203986081.mp3
**skip** data/envCorp/MacaulayLibrary/203986101.mp3
**skip** data/envCorp/MacaulayLibrary/203986301.mp3
**skip** data/envCorp/MacaulayLibrary/203986421.mp3
**skip** data/envCorp/MacaulayLibrary/203986471.mp3
**skip** data/envCorp/MacaulayLibrary/203986511.mp3
**skip** data/envCorp/MacaulayLibrary/203986541.mp3
**skip** data/envCorp/MacaulayLibrary/203986551.mp3
data/envCorp/MacaulayLibrary/203986821.mp3

(MATLAB:1861425): GStreamer-CRITICAL **: 11:57:12.697: gst_mini_object_unref: assertion 'mini_object != NULL' failed

(MATLAB:1861425): GStreamer-CRITICAL **: 11:57:13.340: gst_mini_object_unref: assertion 'mini_object != NULL' failed

(MATLAB:1861425): GStreamer-CRITICAL **: 11:57:13.507: gst_mini_object_unref: assertion 'mini_object != NULL' failed
Total loop time: 2.571 sec
**skip** data/envCorp/MacaulayLibrary/203986891.mp3
**skip** data/envCorp/MacaulayLibrary/203986921.mp3
**skip** data/envCorp/MacaulayLibrary/203986931.mp3
**skip** data/envCorp/MacaulayLibrary/203987011.mp3
data/envCorp/MacaulayLibrary/203987091.mp3

(MATLAB:1861425): GStreamer-CRITICAL **: 11:57:13.702: gst_mini_object_unref: assertion 'mini_object != NULL' failed
Total loop time: 0.402 sec
data/envCorp/MacaulayLibrary/203987101.mp3
Total loop time: 0.155 sec
**skip** data/envCorp/MacaulayLibrary/203987671.mp3
**skip** data/envCorp/MacaulayLibrary/203987761.mp3
**skip** data/envCorp/MacaulayLibrary/203987791.mp3
**skip** data/envCorp/MacaulayLibrary/203987801.mp3
**skip** data/envCorp/MacaulayLibrary/203987911.mp3
**skip** data/envCorp/MacaulayLibrary/203987941.mp3
**skip** data/envCorp/MacaulayLibrary/203987961.mp3
**skip** data/envCorp/MacaulayLibrary/203987971.mp3
**skip** data/envCorp/MacaulayLibrary/203987981.mp3
**skip** data/envCorp/MacaulayLibrary/203987991.mp3
**skip** data/envCorp/MacaulayLibrary/203988001.mp3
**skip** data/envCorp/MacaulayLibrary/203988011.mp3
**skip** data/envCorp/MacaulayLibrary/203988031.mp3
**skip** data/envCorp/MacaulayLibrary/203988051.mp3
**skip** data/envCorp/MacaulayLibrary/203988061.mp3
**skip** data/envCorp/MacaulayLibrary/203988121.mp3
**skip** data/envCorp/MacaulayLibrary/203988131.mp3
**skip** data/envCorp/MacaulayLibrary/203988211.mp3
**skip** data/envCorp/MacaulayLibrary/203988231.mp3
**skip** data/envCorp/MacaulayLibrary/203988251.mp3
**skip** data/envCorp/MacaulayLibrary/203988261.mp3
**skip** data/envCorp/MacaulayLibrary/203988301.mp3
**skip** data/envCorp/MacaulayLibrary/203988311.mp3
**skip** data/envCorp/MacaulayLibrary/203988321.mp3
**skip** data/envCorp/MacaulayLibrary/203988341.mp3
**skip** data/envCorp/MacaulayLibrary/203988431.mp3
**skip** data/envCorp/MacaulayLibrary/203988441.mp3
data/envCorp/MacaulayLibrary/203988451.mp3

(MATLAB:1861425): GStreamer-CRITICAL **: 11:57:14.451: gst_mini_object_unref: assertion 'mini_object != NULL' failed
Total loop time: 0.315 sec
**skip** data/envCorp/MacaulayLibrary/203988481.mp3
**skip** data/envCorp/MacaulayLibrary/203988631.mp3
**skip** data/envCorp/MacaulayLibrary/203989631.mp3
**skip** data/envCorp/MacaulayLibrary/203989691.mp3
**skip** data/envCorp/MacaulayLibrary/203989711.mp3
**skip** data/envCorp/MacaulayLibrary/203989721.mp3
**skip** data/envCorp/MacaulayLibrary/203989761.mp3
**skip** data/envCorp/MacaulayLibrary/203989781.mp3
**skip** data/envCorp/MacaulayLibrary/203989821.mp3
**skip** data/envCorp/MacaulayLibrary/203989841.mp3
**skip** data/envCorp/MacaulayLibrary/203989911.mp3
**skip** data/envCorp/MacaulayLibrary/203989951.mp3
**skip** data/envCorp/MacaulayLibrary/203989971.mp3
**skip** data/envCorp/MacaulayLibrary/203989991.mp3
**skip** data/envCorp/MacaulayLibrary/203990001.mp3
**skip** data/envCorp/MacaulayLibrary/203990091.mp3
**skip** data/envCorp/MacaulayLibrary/203990101.mp3
**skip** data/envCorp/MacaulayLibrary/203990121.mp3
**skip** data/envCorp/MacaulayLibrary/203990141.mp3
**skip** data/envCorp/MacaulayLibrary/203990161.mp3
**skip** data/envCorp/MacaulayLibrary/203990171.mp3
**skip** data/envCorp/MacaulayLibrary/203990181.mp3
**skip** data/envCorp/MacaulayLibrary/203990191.mp3
**skip** data/envCorp/MacaulayLibrary/203990201.mp3
**skip** data/envCorp/MacaulayLibrary/203990211.mp3
**skip** data/envCorp/MacaulayLibrary/203990271.mp3
**skip** data/envCorp/MacaulayLibrary/203990291.mp3
**skip** data/envCorp/MacaulayLibrary/203990321.mp3
**skip** data/envCorp/MacaulayLibrary/203990351.mp3
**skip** data/envCorp/MacaulayLibrary/203990401.mp3
**skip** data/envCorp/MacaulayLibrary/203990481.mp3
**skip** data/envCorp/MacaulayLibrary/203990491.mp3
**skip** data/envCorp/MacaulayLibrary/203990501.mp3
**skip** data/envCorp/MacaulayLibrary/203990511.mp3
**skip** data/envCorp/MacaulayLibrary/203990571.mp3
**skip** data/envCorp/MacaulayLibrary/203990641.mp3
**skip** data/envCorp/MacaulayLibrary/203990801.mp3
**skip** data/envCorp/MacaulayLibrary/203990841.mp3
Successful STM!
Elapsed time is 8.469358 seconds.
