
                            < M A T L A B (R) >
                  Copyright 1984-2023 The MathWorks, Inc.
                  R2023b (23.2.0.2365128) 64-bit (glnxa64)
                              August 23, 2023

 
To get started, type doc.
For product information, visit www.mathworks.com.
 
data/envCorp/MacaulayLibrary/191894.wav
Total loop time: 11.788 sec
data/envCorp/MacaulayLibrary/191895571.wav
Total loop time: 3.908 sec
data/envCorp/MacaulayLibrary/191897151.wav
Total loop time: 23.470 sec
data/envCorp/MacaulayLibrary/191897231.wav
Total loop time: 13.163 sec
data/envCorp/MacaulayLibrary/191897371.wav
Total loop time: 23.499 sec
data/envCorp/MacaulayLibrary/191952441.wav
Total loop time: 2.360 sec
data/envCorp/MacaulayLibrary/191952461.wav
Total loop time: 0.872 sec
data/envCorp/MacaulayLibrary/191952571.wav
Total loop time: 3.694 sec
data/envCorp/MacaulayLibrary/192211841.wav
Total loop time: 13.180 sec
data/envCorp/MacaulayLibrary/192211941.wav
Total loop time: 10.014 sec
data/envCorp/MacaulayLibrary/192212021.wav
Total loop time: 3.002 sec
data/envCorp/MacaulayLibrary/192214111.wav
Total loop time: 6.983 sec
data/envCorp/MacaulayLibrary/192214511.wav
Total loop time: 5.403 sec
data/envCorp/MacaulayLibrary/192259031.wav
Total loop time: 5.458 sec
data/envCorp/MacaulayLibrary/192259051.wav
Total loop time: 2.389 sec
data/envCorp/MacaulayLibrary/192259111.wav
Total loop time: 4.696 sec
data/envCorp/MacaulayLibrary/192259171.wav
Total loop time: 2.308 sec
data/envCorp/MacaulayLibrary/192259921.wav
Total loop time: 7.716 sec
data/envCorp/MacaulayLibrary/192262411.wav
Total loop time: 8.543 sec
data/envCorp/MacaulayLibrary/192266251.mp3

(MATLAB:2157854): GStreamer-CRITICAL **: 13:31:19.755: gst_mini_object_unref: assertion 'mini_object != NULL' failed

(MATLAB:2157854): GStreamer-CRITICAL **: 13:31:20.747: gst_mini_object_unref: assertion 'mini_object != NULL' failed

(MATLAB:2157854): GStreamer-CRITICAL **: 13:31:21.707: gst_mini_object_unref: assertion 'mini_object != NULL' failed

(MATLAB:2157854): GStreamer-CRITICAL **: 13:31:22.665: gst_mini_object_unref: assertion 'mini_object != NULL' failed

(MATLAB:2157854): GStreamer-CRITICAL **: 13:31:23.633: gst_mini_object_unref: assertion 'mini_object != NULL' failed

(MATLAB:2157854): GStreamer-CRITICAL **: 13:31:24.595: gst_mini_object_unref: assertion 'mini_object != NULL' failed

(MATLAB:2157854): GStreamer-CRITICAL **: 13:31:25.525: gst_mini_object_unref: assertion 'mini_object != NULL' failed

(MATLAB:2157854): GStreamer-CRITICAL **: 13:31:26.471: gst_mini_object_unref: assertion 'mini_object != NULL' failed

(MATLAB:2157854): GStreamer-CRITICAL **: 13:31:27.400: gst_mini_object_unref: assertion 'mini_object != NULL' failed

(MATLAB:2157854): GStreamer-CRITICAL **: 13:31:28.346: gst_mini_object_unref: assertion 'mini_object != NULL' failed

(MATLAB:2157854): GStreamer-CRITICAL **: 13:31:29.283: gst_mini_object_unref: assertion 'mini_object != NULL' failed

(MATLAB:2157854): GStreamer-CRITICAL **: 13:31:30.205: gst_mini_object_unref: assertion 'mini_object != NULL' failed

(MATLAB:2157854): GStreamer-CRITICAL **: 13:31:31.117: gst_mini_object_unref: assertion 'mini_object != NULL' failed
Total loop time: 12.840 sec
data/envCorp/MacaulayLibrary/192274.wav
Total loop time: 23.000 sec
data/envCorp/MacaulayLibrary/192327521.mp3

(MATLAB:2157854): GStreamer-CRITICAL **: 13:31:55.064: gst_mini_object_unref: assertion 'mini_object != NULL' failed

(MATLAB:2157854): GStreamer-CRITICAL **: 13:31:56.026: gst_mini_object_unref: assertion 'mini_object != NULL' failed

(MATLAB:2157854): GStreamer-CRITICAL **: 13:31:56.978: gst_mini_object_unref: assertion 'mini_object != NULL' failed

(MATLAB:2157854): GStreamer-CRITICAL **: 13:31:57.921: gst_mini_object_unref: assertion 'mini_object != NULL' failed

(MATLAB:2157854): GStreamer-CRITICAL **: 13:31:58.875: gst_mini_object_unref: assertion 'mini_object != NULL' failed

(MATLAB:2157854): GStreamer-CRITICAL **: 13:31:59.798: gst_mini_object_unref: assertion 'mini_object != NULL' failed

(MATLAB:2157854): GStreamer-CRITICAL **: 13:32:00.697: gst_mini_object_unref: assertion 'mini_object != NULL' failed

(MATLAB:2157854): GStreamer-CRITICAL **: 13:32:01.607: gst_mini_object_unref: assertion 'mini_object != NULL' failed

(MATLAB:2157854): GStreamer-CRITICAL **: 13:32:02.518: gst_mini_object_unref: assertion 'mini_object != NULL' failed

(MATLAB:2157854): GStreamer-CRITICAL **: 13:32:03.444: gst_mini_object_unref: assertion 'mini_object != NULL' failed

(MATLAB:2157854): GStreamer-CRITICAL **: 13:32:04.404: gst_mini_object_unref: assertion 'mini_object != NULL' failed

(MATLAB:2157854): GStreamer-CRITICAL **: 13:32:05.369: gst_mini_object_unref: assertion 'mini_object != NULL' failed

(MATLAB:2157854): GStreamer-CRITICAL **: 13:32:06.321: gst_mini_object_unref: assertion 'mini_object != NULL' failed
Total loop time: 13.231 sec
data/envCorp/MacaulayLibrary/192426571.wav
Total loop time: 10.901 sec
data/envCorp/MacaulayLibrary/192489551.wav
Total loop time: 0.818 sec
data/envCorp/MacaulayLibrary/192524291.wav
Total loop time: 0.803 sec
data/envCorp/MacaulayLibrary/192628691.wav
Total loop time: 12.360 sec
data/envCorp/MacaulayLibrary/19266.wav
Total loop time: 6.181 sec
data/envCorp/MacaulayLibrary/192715371.wav
Total loop time: 11.764 sec
data/envCorp/MacaulayLibrary/192788351.mp3

(MATLAB:2157854): GStreamer-CRITICAL **: 13:32:51.116: gst_mini_object_unref: assertion 'mini_object != NULL' failed

(MATLAB:2157854): GStreamer-CRITICAL **: 13:32:52.065: gst_mini_object_unref: assertion 'mini_object != NULL' failed

(MATLAB:2157854): GStreamer-CRITICAL **: 13:32:52.999: gst_mini_object_unref: assertion 'mini_object != NULL' failed

(MATLAB:2157854): GStreamer-CRITICAL **: 13:32:53.928: gst_mini_object_unref: assertion 'mini_object != NULL' failed

(MATLAB:2157854): GStreamer-CRITICAL **: 13:32:54.861: gst_mini_object_unref: assertion 'mini_object != NULL' failed
Total loop time: 4.705 sec
data/envCorp/MacaulayLibrary/192850051.mp3
Total loop time: 0.959 sec
data/envCorp/MacaulayLibrary/192898901.wav
Total loop time: 13.047 sec
data/envCorp/MacaulayLibrary/192937841.wav
Total loop time: 9.378 sec
data/envCorp/MacaulayLibrary/192962391.wav
Total loop time: 1.585 sec
data/envCorp/MacaulayLibrary/192970861.wav
Total loop time: 3.893 sec
data/envCorp/MacaulayLibrary/193000541.wav
Total loop time: 13.111 sec
data/envCorp/MacaulayLibrary/193031781.mp3

(MATLAB:2157854): GStreamer-CRITICAL **: 13:33:37.792: gst_mini_object_unref: assertion 'mini_object != NULL' failed
Total loop time: 0.975 sec
data/envCorp/MacaulayLibrary/193037501.wav
Total loop time: 3.816 sec
data/envCorp/MacaulayLibrary/193057121.wav
Total loop time: 0.778 sec
data/envCorp/MacaulayLibrary/193057331.wav
Total loop time: 15.996 sec
data/envCorp/MacaulayLibrary/193057671.wav
Total loop time: 23.138 sec
data/envCorp/MacaulayLibrary/193059871.wav
Total loop time: 3.860 sec
data/envCorp/MacaulayLibrary/193059961.wav
Total loop time: 22.992 sec
data/envCorp/MacaulayLibrary/193060301.wav
Total loop time: 6.277 sec
data/envCorp/MacaulayLibrary/193060451.wav
Total loop time: 2.374 sec
data/envCorp/MacaulayLibrary/193062941.wav
Total loop time: 3.130 sec
data/envCorp/MacaulayLibrary/193068511.wav
Total loop time: 2.349 sec
data/envCorp/MacaulayLibrary/193069931.wav
Total loop time: 10.897 sec
data/envCorp/MacaulayLibrary/193070011.wav
Total loop time: 23.182 sec
data/envCorp/MacaulayLibrary/193070031.wav
Total loop time: 23.453 sec
data/envCorp/MacaulayLibrary/193070221.wav
Total loop time: 1.575 sec
data/envCorp/MacaulayLibrary/193073341.mp3

(MATLAB:2157854): GStreamer-CRITICAL **: 13:36:02.674: gst_mini_object_unref: assertion 'mini_object != NULL' failed

(MATLAB:2157854): GStreamer-CRITICAL **: 13:36:03.633: gst_mini_object_unref: assertion 'mini_object != NULL' failed

(MATLAB:2157854): GStreamer-CRITICAL **: 13:36:04.588: gst_mini_object_unref: assertion 'mini_object != NULL' failed

(MATLAB:2157854): GStreamer-CRITICAL **: 13:36:05.559: gst_mini_object_unref: assertion 'mini_object != NULL' failed

(MATLAB:2157854): GStreamer-CRITICAL **: 13:36:06.558: gst_mini_object_unref: assertion 'mini_object != NULL' failed

(MATLAB:2157854): GStreamer-CRITICAL **: 13:36:07.561: gst_mini_object_unref: assertion 'mini_object != NULL' failed

(MATLAB:2157854): GStreamer-CRITICAL **: 13:36:08.538: gst_mini_object_unref: assertion 'mini_object != NULL' failed

(MATLAB:2157854): GStreamer-CRITICAL **: 13:36:09.511: gst_mini_object_unref: assertion 'mini_object != NULL' failed

(MATLAB:2157854): GStreamer-CRITICAL **: 13:36:10.465: gst_mini_object_unref: assertion 'mini_object != NULL' failed

(MATLAB:2157854): GStreamer-CRITICAL **: 13:36:11.424: gst_mini_object_unref: assertion 'mini_object != NULL' failed

(MATLAB:2157854): GStreamer-CRITICAL **: 13:36:12.375: gst_mini_object_unref: assertion 'mini_object != NULL' failed

(MATLAB:2157854): GStreamer-CRITICAL **: 13:36:13.329: gst_mini_object_unref: assertion 'mini_object != NULL' failed

(MATLAB:2157854): GStreamer-CRITICAL **: 13:36:14.268: gst_mini_object_unref: assertion 'mini_object != NULL' failed

(MATLAB:2157854): GStreamer-CRITICAL **: 13:36:15.209: gst_mini_object_unref: assertion 'mini_object != NULL' failed

(MATLAB:2157854): GStreamer-CRITICAL **: 13:36:16.149: gst_mini_object_unref: assertion 'mini_object != NULL' failed

(MATLAB:2157854): GStreamer-CRITICAL **: 13:36:17.084: gst_mini_object_unref: assertion 'mini_object != NULL' failed

(MATLAB:2157854): GStreamer-CRITICAL **: 13:36:18.017: gst_mini_object_unref: assertion 'mini_object != NULL' failed
Total loop time: 16.359 sec
data/envCorp/MacaulayLibrary/193074271.wav
Total loop time: 3.092 sec
data/envCorp/MacaulayLibrary/193080401.mp3

(MATLAB:2157854): GStreamer-CRITICAL **: 13:36:22.069: gst_mini_object_unref: assertion 'mini_object != NULL' failed
Total loop time: 0.967 sec
data/envCorp/MacaulayLibrary/193118291.wav
Total loop time: 2.348 sec
data/envCorp/MacaulayLibrary/193158.wav
Total loop time: 21.591 sec
data/envCorp/MacaulayLibrary/193190.wav
Total loop time: 23.342 sec
data/envCorp/MacaulayLibrary/193201561.wav
Total loop time: 6.240 sec
data/envCorp/MacaulayLibrary/193219621.wav
Total loop time: 3.142 sec
data/envCorp/MacaulayLibrary/19326.wav
Total loop time: 23.016 sec
data/envCorp/MacaulayLibrary/193266551.wav
Total loop time: 3.487 sec
data/envCorp/MacaulayLibrary/193279741.wav
Total loop time: 6.165 sec
data/envCorp/MacaulayLibrary/193290891.wav
Total loop time: 2.333 sec
data/envCorp/MacaulayLibrary/193301.wav
Total loop time: 23.314 sec
data/envCorp/MacaulayLibrary/193330701.wav
Total loop time: 4.728 sec
data/envCorp/MacaulayLibrary/193474461.wav
Total loop time: 3.138 sec
data/envCorp/MacaulayLibrary/193477261.wav
Total loop time: 3.109 sec
data/envCorp/MacaulayLibrary/193479771.wav
Total loop time: 2.337 sec
data/envCorp/MacaulayLibrary/193480281.wav
Total loop time: 4.498 sec
data/envCorp/MacaulayLibrary/193494631.wav
Total loop time: 5.531 sec
data/envCorp/MacaulayLibrary/193497801.wav
Total loop time: 4.695 sec
data/envCorp/MacaulayLibrary/193498281.wav
Total loop time: 2.352 sec
data/envCorp/MacaulayLibrary/193509391.mp3

(MATLAB:2157854): GStreamer-CRITICAL **: 13:38:48.459: gst_mini_object_unref: assertion 'mini_object != NULL' failed

(MATLAB:2157854): GStreamer-CRITICAL **: 13:38:49.420: gst_mini_object_unref: assertion 'mini_object != NULL' failed

(MATLAB:2157854): GStreamer-CRITICAL **: 13:38:50.367: gst_mini_object_unref: assertion 'mini_object != NULL' failed

(MATLAB:2157854): GStreamer-CRITICAL **: 13:38:51.327: gst_mini_object_unref: assertion 'mini_object != NULL' failed

(MATLAB:2157854): GStreamer-CRITICAL **: 13:38:52.279: gst_mini_object_unref: assertion 'mini_object != NULL' failed

(MATLAB:2157854): GStreamer-CRITICAL **: 13:38:53.218: gst_mini_object_unref: assertion 'mini_object != NULL' failed
Total loop time: 6.679 sec
data/envCorp/MacaulayLibrary/193509691.mp3

(MATLAB:2157854): GStreamer-CRITICAL **: 13:38:55.138: gst_mini_object_unref: assertion 'mini_object != NULL' failed

(MATLAB:2157854): GStreamer-CRITICAL **: 13:38:56.106: gst_mini_object_unref: assertion 'mini_object != NULL' failed

(MATLAB:2157854): GStreamer-CRITICAL **: 13:38:57.070: gst_mini_object_unref: assertion 'mini_object != NULL' failed

(MATLAB:2157854): GStreamer-CRITICAL **: 13:38:58.015: gst_mini_object_unref: assertion 'mini_object != NULL' failed

(MATLAB:2157854): GStreamer-CRITICAL **: 13:38:58.952: gst_mini_object_unref: assertion 'mini_object != NULL' failed

(MATLAB:2157854): GStreamer-CRITICAL **: 13:38:59.875: gst_mini_object_unref: assertion 'mini_object != NULL' failed

(MATLAB:2157854): GStreamer-CRITICAL **: 13:39:00.792: gst_mini_object_unref: assertion 'mini_object != NULL' failed
Total loop time: 6.612 sec
data/envCorp/MacaulayLibrary/193534511.wav
Total loop time: 23.417 sec
data/envCorp/MacaulayLibrary/19354.wav
Total loop time: 19.481 sec
data/envCorp/MacaulayLibrary/193582581.wav
Total loop time: 5.438 sec
data/envCorp/MacaulayLibrary/193621751.wav
Total loop time: 3.886 sec
data/envCorp/MacaulayLibrary/193624401.wav
Total loop time: 2.306 sec
data/envCorp/MacaulayLibrary/193624881.wav
Total loop time: 1.558 sec
data/envCorp/MacaulayLibrary/193678881.wav
Total loop time: 3.040 sec
data/envCorp/MacaulayLibrary/193678891.wav
Total loop time: 8.359 sec
data/envCorp/MacaulayLibrary/193774841.wav
Total loop time: 18.535 sec
data/envCorp/MacaulayLibrary/193775701.wav
Total loop time: 22.980 sec
data/envCorp/MacaulayLibrary/193800811.mp3

(MATLAB:2157854): GStreamer-CRITICAL **: 13:40:50.773: gst_mini_object_unref: assertion 'mini_object != NULL' failed

(MATLAB:2157854): GStreamer-CRITICAL **: 13:40:51.711: gst_mini_object_unref: assertion 'mini_object != NULL' failed

(MATLAB:2157854): GStreamer-CRITICAL **: 13:40:52.637: gst_mini_object_unref: assertion 'mini_object != NULL' failed

(MATLAB:2157854): GStreamer-CRITICAL **: 13:40:53.580: gst_mini_object_unref: assertion 'mini_object != NULL' failed

(MATLAB:2157854): GStreamer-CRITICAL **: 13:40:54.517: gst_mini_object_unref: assertion 'mini_object != NULL' failed

(MATLAB:2157854): GStreamer-CRITICAL **: 13:40:55.451: gst_mini_object_unref: assertion 'mini_object != NULL' failed

(MATLAB:2157854): GStreamer-CRITICAL **: 13:40:56.384: gst_mini_object_unref: assertion 'mini_object != NULL' failed
Total loop time: 6.608 sec
data/envCorp/MacaulayLibrary/193812181.wav
Total loop time: 4.613 sec
data/envCorp/MacaulayLibrary/193812201.wav
Total loop time: 11.769 sec
data/envCorp/MacaulayLibrary/193855221.wav
Total loop time: 6.276 sec
data/envCorp/MacaulayLibrary/193897861.wav
Total loop time: 5.617 sec
data/envCorp/MacaulayLibrary/193939291.wav
Total loop time: 5.943 sec
data/envCorp/MacaulayLibrary/193968011.wav
Total loop time: 0.779 sec
data/envCorp/MacaulayLibrary/193968111.wav
Total loop time: 10.816 sec
data/envCorp/MacaulayLibrary/193982861.wav
Total loop time: 1.579 sec
data/envCorp/MacaulayLibrary/19405.wav
Total loop time: 21.138 sec
data/envCorp/MacaulayLibrary/19406.wav
Total loop time: 13.213 sec
data/envCorp/MacaulayLibrary/19407.wav
Total loop time: 6.903 sec
data/envCorp/MacaulayLibrary/19408.wav
Total loop time: 12.965 sec
data/envCorp/MacaulayLibrary/194095621.wav
Total loop time: 5.381 sec
data/envCorp/MacaulayLibrary/194095631.wav
Total loop time: 7.778 sec
data/envCorp/MacaulayLibrary/194112071.wav
Total loop time: 1.579 sec
data/envCorp/MacaulayLibrary/194113931.wav
Total loop time: 4.755 sec
Successful STM!
Elapsed time is 856.411595 seconds.
