
                            < M A T L A B (R) >
                  Copyright 1984-2023 The MathWorks, Inc.
                  R2023b (23.2.0.2365128) 64-bit (glnxa64)
                              August 23, 2023

[Warning: Unable to load Toolbox Path Cache
/home/ac8888/.matlab/R2023b/toolbox_cache-23.2.0-3137108227-glnxa64.xml. The
cache file is not in the correct format. It will be regenerated upon quitting
MATLAB.] 
 
To get started, type doc.
For product information, visit www.mathworks.com.
 
**skip** data/envCorp/MacaulayLibrary/72983861.wav
**skip** data/envCorp/MacaulayLibrary/72984221.wav
**skip** data/envCorp/MacaulayLibrary/72991391.wav
**skip** data/envCorp/MacaulayLibrary/73008221.wav
**skip** data/envCorp/MacaulayLibrary/73010821.wav
**skip** data/envCorp/MacaulayLibrary/73016521.wav
**skip** data/envCorp/MacaulayLibrary/73023461.wav
**skip** data/envCorp/MacaulayLibrary/73024.wav
**skip** data/envCorp/MacaulayLibrary/73025341.wav
**skip** data/envCorp/MacaulayLibrary/73103.wav
**skip** data/envCorp/MacaulayLibrary/73105.wav
**skip** data/envCorp/MacaulayLibrary/73113.wav
**skip** data/envCorp/MacaulayLibrary/73122.wav
**skip** data/envCorp/MacaulayLibrary/73135.wav
**skip** data/envCorp/MacaulayLibrary/73140.wav
**skip** data/envCorp/MacaulayLibrary/73142.wav
**skip** data/envCorp/MacaulayLibrary/73143.wav
**skip** data/envCorp/MacaulayLibrary/73166.wav
**skip** data/envCorp/MacaulayLibrary/73167.wav
**skip** data/envCorp/MacaulayLibrary/73198.wav
**skip** data/envCorp/MacaulayLibrary/73214481.wav
**skip** data/envCorp/MacaulayLibrary/73243951.wav
**skip** data/envCorp/MacaulayLibrary/73282151.mp3
**skip** data/envCorp/MacaulayLibrary/73315.wav
**skip** data/envCorp/MacaulayLibrary/73338.wav
**skip** data/envCorp/MacaulayLibrary/73339.wav
**skip** data/envCorp/MacaulayLibrary/73341.wav
**skip** data/envCorp/MacaulayLibrary/73342.wav
**skip** data/envCorp/MacaulayLibrary/73366.wav
**skip** data/envCorp/MacaulayLibrary/73374.wav
**skip** data/envCorp/MacaulayLibrary/73379.wav
**skip** data/envCorp/MacaulayLibrary/73395.wav
**skip** data/envCorp/MacaulayLibrary/73399.wav
**skip** data/envCorp/MacaulayLibrary/73412751.mp3
**skip** data/envCorp/MacaulayLibrary/73414041.mp3
**skip** data/envCorp/MacaulayLibrary/73423.wav
**skip** data/envCorp/MacaulayLibrary/73431211.wav
**skip** data/envCorp/MacaulayLibrary/73521.wav
**skip** data/envCorp/MacaulayLibrary/73527.wav
**skip** data/envCorp/MacaulayLibrary/73529.wav
**skip** data/envCorp/MacaulayLibrary/73532.wav
**skip** data/envCorp/MacaulayLibrary/73556.wav
**skip** data/envCorp/MacaulayLibrary/73568.wav
**skip** data/envCorp/MacaulayLibrary/73570.wav
**skip** data/envCorp/MacaulayLibrary/73577.wav
**skip** data/envCorp/MacaulayLibrary/7359.wav
**skip** data/envCorp/MacaulayLibrary/73607.wav
**skip** data/envCorp/MacaulayLibrary/73615.wav
**skip** data/envCorp/MacaulayLibrary/73618.wav
**skip** data/envCorp/MacaulayLibrary/73622.wav
**skip** data/envCorp/MacaulayLibrary/73630.wav
**skip** data/envCorp/MacaulayLibrary/73638.wav
**skip** data/envCorp/MacaulayLibrary/73652.wav
**skip** data/envCorp/MacaulayLibrary/73656.wav
**skip** data/envCorp/MacaulayLibrary/73670.wav
**skip** data/envCorp/MacaulayLibrary/73671.wav
**skip** data/envCorp/MacaulayLibrary/73678.wav
**skip** data/envCorp/MacaulayLibrary/73685.wav
**skip** data/envCorp/MacaulayLibrary/73686.wav
**skip** data/envCorp/MacaulayLibrary/73695.wav
**skip** data/envCorp/MacaulayLibrary/7377.wav
**skip** data/envCorp/MacaulayLibrary/73801.wav
**skip** data/envCorp/MacaulayLibrary/73820.wav
**skip** data/envCorp/MacaulayLibrary/73842.wav
**skip** data/envCorp/MacaulayLibrary/73877.wav
**skip** data/envCorp/MacaulayLibrary/73882.wav
**skip** data/envCorp/MacaulayLibrary/73887.wav
**skip** data/envCorp/MacaulayLibrary/73897.wav
**skip** data/envCorp/MacaulayLibrary/73900.wav
**skip** data/envCorp/MacaulayLibrary/73914.wav
**skip** data/envCorp/MacaulayLibrary/73916.wav
**skip** data/envCorp/MacaulayLibrary/73922.wav
**skip** data/envCorp/MacaulayLibrary/73929.wav
**skip** data/envCorp/MacaulayLibrary/73938.wav
**skip** data/envCorp/MacaulayLibrary/73958.wav
**skip** data/envCorp/MacaulayLibrary/73964.wav
**skip** data/envCorp/MacaulayLibrary/73976.wav
**skip** data/envCorp/MacaulayLibrary/73981811.m4a
**skip** data/envCorp/MacaulayLibrary/73983.wav
**skip** data/envCorp/MacaulayLibrary/73984151.wav
**skip** data/envCorp/MacaulayLibrary/73991211.wav
**skip** data/envCorp/MacaulayLibrary/73994.wav
**skip** data/envCorp/MacaulayLibrary/73995.wav
**skip** data/envCorp/MacaulayLibrary/73997.wav
**skip** data/envCorp/MacaulayLibrary/74002.wav
**skip** data/envCorp/MacaulayLibrary/74089531.m4a
**skip** data/envCorp/MacaulayLibrary/741.wav
**skip** data/envCorp/MacaulayLibrary/74104941.wav
**skip** data/envCorp/MacaulayLibrary/74167.wav
**skip** data/envCorp/MacaulayLibrary/74169.wav
**skip** data/envCorp/MacaulayLibrary/7421.wav
**skip** data/envCorp/MacaulayLibrary/7422.wav
**skip** data/envCorp/MacaulayLibrary/74228.wav
**skip** data/envCorp/MacaulayLibrary/7423.wav
**skip** data/envCorp/MacaulayLibrary/74230.wav
**skip** data/envCorp/MacaulayLibrary/74233.wav
**skip** data/envCorp/MacaulayLibrary/74237.wav
**skip** data/envCorp/MacaulayLibrary/7424.wav
**skip** data/envCorp/MacaulayLibrary/74242.wav
**skip** data/envCorp/MacaulayLibrary/74244.wav
Successful STM!
Elapsed time is 4.948964 seconds.
