
                            < M A T L A B (R) >
                  Copyright 1984-2023 The MathWorks, Inc.
                  R2023b (23.2.0.2365128) 64-bit (glnxa64)
                              August 23, 2023

[Warning: Unable to load Toolbox Path Cache
/home/ac8888/.matlab/R2023b/toolbox_cache-23.2.0-3137108227-glnxa64.xml. The
cache file is not in the correct format. It will be regenerated upon quitting
MATLAB.] 
 
To get started, type doc.
For product information, visit www.mathworks.com.
 
**skip** data/envCorp/MacaulayLibrary/70514.wav
**skip** data/envCorp/MacaulayLibrary/70535.wav
**skip** data/envCorp/MacaulayLibrary/70539.wav
**skip** data/envCorp/MacaulayLibrary/70555.wav
**skip** data/envCorp/MacaulayLibrary/70564.wav
**skip** data/envCorp/MacaulayLibrary/70576.wav
**skip** data/envCorp/MacaulayLibrary/70580.wav
**skip** data/envCorp/MacaulayLibrary/70581.wav
**skip** data/envCorp/MacaulayLibrary/70587.wav
**skip** data/envCorp/MacaulayLibrary/70588.wav
**skip** data/envCorp/MacaulayLibrary/70590.wav
**skip** data/envCorp/MacaulayLibrary/70592.wav
**skip** data/envCorp/MacaulayLibrary/70594.wav
**skip** data/envCorp/MacaulayLibrary/70598.wav
**skip** data/envCorp/MacaulayLibrary/70599.wav
**skip** data/envCorp/MacaulayLibrary/70604.wav
**skip** data/envCorp/MacaulayLibrary/70607251.wav
**skip** data/envCorp/MacaulayLibrary/70608511.wav
**skip** data/envCorp/MacaulayLibrary/70610.wav
**skip** data/envCorp/MacaulayLibrary/70612.wav
**skip** data/envCorp/MacaulayLibrary/70627.wav
**skip** data/envCorp/MacaulayLibrary/70630.wav
**skip** data/envCorp/MacaulayLibrary/70634.wav
**skip** data/envCorp/MacaulayLibrary/70636.wav
**skip** data/envCorp/MacaulayLibrary/70638.wav
**skip** data/envCorp/MacaulayLibrary/70640.wav
**skip** data/envCorp/MacaulayLibrary/70641.wav
**skip** data/envCorp/MacaulayLibrary/70646.wav
**skip** data/envCorp/MacaulayLibrary/70648.wav
**skip** data/envCorp/MacaulayLibrary/70650201.mp3
**skip** data/envCorp/MacaulayLibrary/70656.wav
**skip** data/envCorp/MacaulayLibrary/70665.wav
**skip** data/envCorp/MacaulayLibrary/70666.wav
**skip** data/envCorp/MacaulayLibrary/70669.wav
**skip** data/envCorp/MacaulayLibrary/70671.wav
**skip** data/envCorp/MacaulayLibrary/70678.wav
**skip** data/envCorp/MacaulayLibrary/70680.wav
**skip** data/envCorp/MacaulayLibrary/70684.wav
**skip** data/envCorp/MacaulayLibrary/70685.wav
**skip** data/envCorp/MacaulayLibrary/70687.wav
**skip** data/envCorp/MacaulayLibrary/70689.wav
**skip** data/envCorp/MacaulayLibrary/70690.wav
**skip** data/envCorp/MacaulayLibrary/70693.wav
**skip** data/envCorp/MacaulayLibrary/70747.wav
**skip** data/envCorp/MacaulayLibrary/70749.wav
**skip** data/envCorp/MacaulayLibrary/70753.wav
**skip** data/envCorp/MacaulayLibrary/70754.wav
**skip** data/envCorp/MacaulayLibrary/70755.wav
data/envCorp/MacaulayLibrary/70757.wav
Total loop time: 1.223 sec
**skip** data/envCorp/MacaulayLibrary/70785351.wav
**skip** data/envCorp/MacaulayLibrary/70787301.wav
**skip** data/envCorp/MacaulayLibrary/70794321.wav
**skip** data/envCorp/MacaulayLibrary/70807441.wav
**skip** data/envCorp/MacaulayLibrary/7085.wav
**skip** data/envCorp/MacaulayLibrary/7086.wav
**skip** data/envCorp/MacaulayLibrary/70866471.mp3
**skip** data/envCorp/MacaulayLibrary/7087.wav
**skip** data/envCorp/MacaulayLibrary/70877611.wav
**skip** data/envCorp/MacaulayLibrary/70892941.wav
**skip** data/envCorp/MacaulayLibrary/70904.wav
**skip** data/envCorp/MacaulayLibrary/70972841.wav
**skip** data/envCorp/MacaulayLibrary/70972851.wav
**skip** data/envCorp/MacaulayLibrary/70981931.wav
**skip** data/envCorp/MacaulayLibrary/70981991.wav
**skip** data/envCorp/MacaulayLibrary/71005191.wav
**skip** data/envCorp/MacaulayLibrary/71054391.m4a
**skip** data/envCorp/MacaulayLibrary/71105951.wav
**skip** data/envCorp/MacaulayLibrary/71112.wav
**skip** data/envCorp/MacaulayLibrary/71168.wav
**skip** data/envCorp/MacaulayLibrary/71180.wav
**skip** data/envCorp/MacaulayLibrary/71225.wav
**skip** data/envCorp/MacaulayLibrary/71248.wav
**skip** data/envCorp/MacaulayLibrary/71256.wav
**skip** data/envCorp/MacaulayLibrary/71262.wav
**skip** data/envCorp/MacaulayLibrary/71281.wav
**skip** data/envCorp/MacaulayLibrary/71308.wav
**skip** data/envCorp/MacaulayLibrary/71314.wav
**skip** data/envCorp/MacaulayLibrary/71342.wav
**skip** data/envCorp/MacaulayLibrary/71359.wav
**skip** data/envCorp/MacaulayLibrary/71373.wav
**skip** data/envCorp/MacaulayLibrary/71403.wav
**skip** data/envCorp/MacaulayLibrary/71409.wav
**skip** data/envCorp/MacaulayLibrary/71411.wav
**skip** data/envCorp/MacaulayLibrary/71444011.mp3
**skip** data/envCorp/MacaulayLibrary/71492521.mp3
**skip** data/envCorp/MacaulayLibrary/71529981.wav
**skip** data/envCorp/MacaulayLibrary/71529991.wav
**skip** data/envCorp/MacaulayLibrary/71530081.wav
**skip** data/envCorp/MacaulayLibrary/71533.wav
**skip** data/envCorp/MacaulayLibrary/71534.wav
**skip** data/envCorp/MacaulayLibrary/71561241.wav
**skip** data/envCorp/MacaulayLibrary/71563501.wav
**skip** data/envCorp/MacaulayLibrary/71574.wav
**skip** data/envCorp/MacaulayLibrary/71638.wav
**skip** data/envCorp/MacaulayLibrary/71656.wav
**skip** data/envCorp/MacaulayLibrary/71669.wav
**skip** data/envCorp/MacaulayLibrary/71671.wav
**skip** data/envCorp/MacaulayLibrary/71673.wav
**skip** data/envCorp/MacaulayLibrary/71674481.wav
**skip** data/envCorp/MacaulayLibrary/71696.wav
Successful STM!
Elapsed time is 6.226642 seconds.
