
                            < M A T L A B (R) >
                  Copyright 1984-2023 The MathWorks, Inc.
                  R2023b (23.2.0.2365128) 64-bit (glnxa64)
                              August 23, 2023

 
To get started, type doc.
For product information, visit www.mathworks.com.
 
data/envCorp/MacaulayLibrary/65162.wav
Total loop time: 27.179 sec
data/envCorp/MacaulayLibrary/65169.wav
Total loop time: 14.586 sec
data/envCorp/MacaulayLibrary/65201681.wav
Total loop time: 15.329 sec
data/envCorp/MacaulayLibrary/65208701.wav
Total loop time: 24.215 sec
data/envCorp/MacaulayLibrary/65257741.mp3

(MATLAB:3754520): GStreamer-CRITICAL **: 13:30:56.783: gst_mini_object_unref: assertion 'mini_object != NULL' failed

(MATLAB:3754520): GStreamer-CRITICAL **: 13:30:57.906: gst_mini_object_unref: assertion 'mini_object != NULL' failed
Total loop time: 2.948 sec
data/envCorp/MacaulayLibrary/65351581.wav
Total loop time: 12.513 sec
data/envCorp/MacaulayLibrary/65356001.wav
Total loop time: 18.011 sec
data/envCorp/MacaulayLibrary/65387831.wav
Total loop time: 1.716 sec
data/envCorp/MacaulayLibrary/65388401.wav
Total loop time: 24.175 sec
data/envCorp/MacaulayLibrary/65396531.wav
Total loop time: 6.436 sec
data/envCorp/MacaulayLibrary/65436761.mp3

(MATLAB:3754520): GStreamer-CRITICAL **: 13:32:01.883: gst_mini_object_unref: assertion 'mini_object != NULL' failed
Total loop time: 1.004 sec
data/envCorp/MacaulayLibrary/65444.wav
Total loop time: 24.366 sec
data/envCorp/MacaulayLibrary/65511211.wav
Total loop time: 1.685 sec
data/envCorp/MacaulayLibrary/65511221.wav
Total loop time: 3.221 sec
data/envCorp/MacaulayLibrary/65511481.wav
Total loop time: 23.987 sec
data/envCorp/MacaulayLibrary/65511711.wav
Total loop time: 14.413 sec
data/envCorp/MacaulayLibrary/65512941.wav
Total loop time: 7.273 sec
data/envCorp/MacaulayLibrary/65513151.wav
Total loop time: 7.327 sec
data/envCorp/MacaulayLibrary/65566.wav
Total loop time: 24.222 sec
data/envCorp/MacaulayLibrary/65570541.wav
Total loop time: 0.824 sec
data/envCorp/MacaulayLibrary/65571.wav
Total loop time: 10.416 sec
data/envCorp/MacaulayLibrary/65574.wav
Total loop time: 24.062 sec
data/envCorp/MacaulayLibrary/65585.wav
Total loop time: 1.615 sec
data/envCorp/MacaulayLibrary/65588391.wav
Total loop time: 13.626 sec
data/envCorp/MacaulayLibrary/65626.wav
Total loop time: 24.147 sec
data/envCorp/MacaulayLibrary/65633.wav
Total loop time: 9.669 sec
data/envCorp/MacaulayLibrary/65634.wav
Total loop time: 24.238 sec
data/envCorp/MacaulayLibrary/65634171.wav
Total loop time: 8.172 sec
data/envCorp/MacaulayLibrary/65635.wav
Total loop time: 7.329 sec
data/envCorp/MacaulayLibrary/65637.wav
Total loop time: 9.808 sec
data/envCorp/MacaulayLibrary/65646.wav
Total loop time: 24.447 sec
data/envCorp/MacaulayLibrary/65648.wav
Total loop time: 22.738 sec
data/envCorp/MacaulayLibrary/65650.wav
Total loop time: 13.831 sec
data/envCorp/MacaulayLibrary/65661191.wav
Total loop time: 8.122 sec
data/envCorp/MacaulayLibrary/65684.wav
Total loop time: 24.209 sec
data/envCorp/MacaulayLibrary/65697691.wav
Total loop time: 0.324 sec
data/envCorp/MacaulayLibrary/65700031.wav
Total loop time: 1.642 sec
data/envCorp/MacaulayLibrary/65700041.wav
Total loop time: 24.313 sec
data/envCorp/MacaulayLibrary/65704651.wav
Total loop time: 24.336 sec
data/envCorp/MacaulayLibrary/65707121.wav
Total loop time: 5.713 sec
data/envCorp/MacaulayLibrary/65709111.mp3

(MATLAB:3754520): GStreamer-CRITICAL **: 13:38:33.023: gst_mini_object_unref: assertion 'mini_object != NULL' failed
Total loop time: 1.000 sec
data/envCorp/MacaulayLibrary/65737651.mp3

(MATLAB:3754520): GStreamer-CRITICAL **: 13:38:34.037: gst_mini_object_unref: assertion 'mini_object != NULL' failed

(MATLAB:3754520): GStreamer-CRITICAL **: 13:38:35.005: gst_mini_object_unref: assertion 'mini_object != NULL' failed

(MATLAB:3754520): GStreamer-CRITICAL **: 13:38:35.983: gst_mini_object_unref: assertion 'mini_object != NULL' failed

(MATLAB:3754520): GStreamer-CRITICAL **: 13:38:36.956: gst_mini_object_unref: assertion 'mini_object != NULL' failed
Total loop time: 4.888 sec
data/envCorp/MacaulayLibrary/65738441.mp3

(MATLAB:3754520): GStreamer-CRITICAL **: 13:38:38.912: gst_mini_object_unref: assertion 'mini_object != NULL' failed
Total loop time: 0.988 sec
data/envCorp/MacaulayLibrary/65752.wav
Total loop time: 24.181 sec
data/envCorp/MacaulayLibrary/65782201.wav
Total loop time: 24.333 sec
data/envCorp/MacaulayLibrary/65798.wav
Total loop time: 7.297 sec
data/envCorp/MacaulayLibrary/65799421.mp3

(MATLAB:3754520): GStreamer-CRITICAL **: 13:39:35.732: gst_mini_object_unref: assertion 'mini_object != NULL' failed

(MATLAB:3754520): GStreamer-CRITICAL **: 13:39:36.717: gst_mini_object_unref: assertion 'mini_object != NULL' failed

(MATLAB:3754520): GStreamer-CRITICAL **: 13:39:37.696: gst_mini_object_unref: assertion 'mini_object != NULL' failed
Total loop time: 3.153 sec
data/envCorp/MacaulayLibrary/65807.wav
Total loop time: 12.076 sec
data/envCorp/MacaulayLibrary/65808.wav
Total loop time: 8.043 sec
data/envCorp/MacaulayLibrary/65810.wav
Total loop time: 3.286 sec
data/envCorp/MacaulayLibrary/65810491.mp3

(MATLAB:3754520): GStreamer-CRITICAL **: 13:40:02.290: gst_mini_object_unref: assertion 'mini_object != NULL' failed

(MATLAB:3754520): GStreamer-CRITICAL **: 13:40:03.271: gst_mini_object_unref: assertion 'mini_object != NULL' failed
Total loop time: 2.966 sec
data/envCorp/MacaulayLibrary/65812.wav
Total loop time: 10.533 sec
data/envCorp/MacaulayLibrary/65817.wav
Total loop time: 1.621 sec
data/envCorp/MacaulayLibrary/65818.wav
Total loop time: 3.259 sec
data/envCorp/MacaulayLibrary/65819.wav
Total loop time: 9.646 sec
data/envCorp/MacaulayLibrary/65820.wav
Total loop time: 8.077 sec
data/envCorp/MacaulayLibrary/65821.wav
Total loop time: 11.251 sec
data/envCorp/MacaulayLibrary/65823.wav
Total loop time: 7.191 sec
data/envCorp/MacaulayLibrary/65824121.mp3

(MATLAB:3754520): GStreamer-CRITICAL **: 13:40:56.843: gst_mini_object_unref: assertion 'mini_object != NULL' failed
Total loop time: 2.006 sec
data/envCorp/MacaulayLibrary/65825.wav
Total loop time: 0.841 sec
data/envCorp/MacaulayLibrary/65832.wav
Total loop time: 0.843 sec
data/envCorp/MacaulayLibrary/65836.wav
Total loop time: 1.654 sec
data/envCorp/MacaulayLibrary/65838.wav
Total loop time: 3.286 sec
data/envCorp/MacaulayLibrary/65839.wav
Total loop time: 24.450 sec
data/envCorp/MacaulayLibrary/65845.wav
Total loop time: 2.458 sec
data/envCorp/MacaulayLibrary/65864.wav
Total loop time: 4.071 sec
data/envCorp/MacaulayLibrary/65870.wav
Total loop time: 24.192 sec
data/envCorp/MacaulayLibrary/65877.wav
Total loop time: 5.726 sec
data/envCorp/MacaulayLibrary/65881.wav
Total loop time: 0.973 sec
data/envCorp/MacaulayLibrary/65882.wav
Total loop time: 12.869 sec
data/envCorp/MacaulayLibrary/65891.wav
Total loop time: 6.516 sec
data/envCorp/MacaulayLibrary/65897.wav
Total loop time: 2.458 sec
data/envCorp/MacaulayLibrary/65900.wav
Total loop time: 7.441 sec
data/envCorp/MacaulayLibrary/65902.wav
Total loop time: 5.708 sec
data/envCorp/MacaulayLibrary/6591.wav
Total loop time: 24.022 sec
data/envCorp/MacaulayLibrary/65910.wav
Total loop time: 0.838 sec
data/envCorp/MacaulayLibrary/65912.wav
Total loop time: 6.468 sec
data/envCorp/MacaulayLibrary/65913.wav
Total loop time: 5.719 sec
data/envCorp/MacaulayLibrary/65914.wav
Total loop time: 0.984 sec
data/envCorp/MacaulayLibrary/65916.wav
Total loop time: 9.896 sec
data/envCorp/MacaulayLibrary/65919.wav
Total loop time: 14.486 sec
data/envCorp/MacaulayLibrary/65926.wav
Total loop time: 0.841 sec
data/envCorp/MacaulayLibrary/65927.wav
Total loop time: 10.479 sec
data/envCorp/MacaulayLibrary/65932.wav
Total loop time: 5.696 sec
data/envCorp/MacaulayLibrary/65934.wav
Total loop time: 24.140 sec
data/envCorp/MacaulayLibrary/65938.wav
Total loop time: 3.302 sec
data/envCorp/MacaulayLibrary/65940.wav
Total loop time: 10.436 sec
data/envCorp/MacaulayLibrary/65941.wav
Total loop time: 10.429 sec
data/envCorp/MacaulayLibrary/65944.wav
Total loop time: 0.837 sec
data/envCorp/MacaulayLibrary/65948.wav
Total loop time: 24.118 sec
data/envCorp/MacaulayLibrary/65949.wav
Total loop time: 7.279 sec
data/envCorp/MacaulayLibrary/6595.wav
Total loop time: 8.847 sec
data/envCorp/MacaulayLibrary/65951.wav
Total loop time: 7.256 sec
data/envCorp/MacaulayLibrary/65957.wav
Total loop time: 1.643 sec
data/envCorp/MacaulayLibrary/65958.wav
Total loop time: 3.992 sec
data/envCorp/MacaulayLibrary/65959.wav
Total loop time: 7.177 sec
data/envCorp/MacaulayLibrary/65963.wav
Total loop time: 9.559 sec
data/envCorp/MacaulayLibrary/65991.wav
Total loop time: 1.640 sec
data/envCorp/MacaulayLibrary/65992.wav
Total loop time: 3.272 sec
data/envCorp/MacaulayLibrary/65994.wav
Total loop time: 24.300 sec
Successful STM!
Elapsed time is 1020.076013 seconds.
