
                            < M A T L A B (R) >
                  Copyright 1984-2023 The MathWorks, Inc.
                  R2023b (23.2.0.2365128) 64-bit (glnxa64)
                              August 23, 2023

 
To get started, type doc.
For product information, visit www.mathworks.com.
 
data/envCorp/MacaulayLibrary/287016.wav
Total loop time: 2.608 sec
data/envCorp/MacaulayLibrary/287054551.wav
Total loop time: 10.883 sec
data/envCorp/MacaulayLibrary/287070491.mp3

(MATLAB:631970): GStreamer-CRITICAL **: 10:07:16.280: gst_mini_object_unref: assertion 'mini_object != NULL' failed

(MATLAB:631970): GStreamer-CRITICAL **: 10:07:17.411: gst_mini_object_unref: assertion 'mini_object != NULL' failed

(MATLAB:631970): GStreamer-CRITICAL **: 10:07:18.523: gst_mini_object_unref: assertion 'mini_object != NULL' failed

(MATLAB:631970): GStreamer-CRITICAL **: 10:07:19.610: gst_mini_object_unref: assertion 'mini_object != NULL' failed

(MATLAB:631970): GStreamer-CRITICAL **: 10:07:20.697: gst_mini_object_unref: assertion 'mini_object != NULL' failed

(MATLAB:631970): GStreamer-CRITICAL **: 10:07:21.805: gst_mini_object_unref: assertion 'mini_object != NULL' failed

(MATLAB:631970): GStreamer-CRITICAL **: 10:07:22.906: gst_mini_object_unref: assertion 'mini_object != NULL' failed

(MATLAB:631970): GStreamer-CRITICAL **: 10:07:24.010: gst_mini_object_unref: assertion 'mini_object != NULL' failed

(MATLAB:631970): GStreamer-CRITICAL **: 10:07:25.092: gst_mini_object_unref: assertion 'mini_object != NULL' failed

(MATLAB:631970): GStreamer-CRITICAL **: 10:07:26.167: gst_mini_object_unref: assertion 'mini_object != NULL' failed
Total loop time: 12.488 sec
data/envCorp/MacaulayLibrary/287070501.mp3

(MATLAB:631970): GStreamer-CRITICAL **: 10:07:28.377: gst_mini_object_unref: assertion 'mini_object != NULL' failed

(MATLAB:631970): GStreamer-CRITICAL **: 10:07:29.490: gst_mini_object_unref: assertion 'mini_object != NULL' failed

(MATLAB:631970): GStreamer-CRITICAL **: 10:07:30.614: gst_mini_object_unref: assertion 'mini_object != NULL' failed

(MATLAB:631970): GStreamer-CRITICAL **: 10:07:31.735: gst_mini_object_unref: assertion 'mini_object != NULL' failed

(MATLAB:631970): GStreamer-CRITICAL **: 10:07:32.818: gst_mini_object_unref: assertion 'mini_object != NULL' failed

(MATLAB:631970): GStreamer-CRITICAL **: 10:07:33.899: gst_mini_object_unref: assertion 'mini_object != NULL' failed

(MATLAB:631970): GStreamer-CRITICAL **: 10:07:34.956: gst_mini_object_unref: assertion 'mini_object != NULL' failed

(MATLAB:631970): GStreamer-CRITICAL **: 10:07:36.018: gst_mini_object_unref: assertion 'mini_object != NULL' failed
Total loop time: 8.819 sec
data/envCorp/MacaulayLibrary/28708.wav
Total loop time: 0.968 sec
data/envCorp/MacaulayLibrary/287119791.mp3

(MATLAB:631970): GStreamer-CRITICAL **: 10:07:38.161: gst_mini_object_unref: assertion 'mini_object != NULL' failed

(MATLAB:631970): GStreamer-CRITICAL **: 10:07:39.229: gst_mini_object_unref: assertion 'mini_object != NULL' failed

(MATLAB:631970): GStreamer-CRITICAL **: 10:07:40.289: gst_mini_object_unref: assertion 'mini_object != NULL' failed

(MATLAB:631970): GStreamer-CRITICAL **: 10:07:41.353: gst_mini_object_unref: assertion 'mini_object != NULL' failed
Total loop time: 4.312 sec
data/envCorp/MacaulayLibrary/287122.wav
Total loop time: 2.750 sec
data/envCorp/MacaulayLibrary/287123931.wav
Total loop time: 13.559 sec
data/envCorp/MacaulayLibrary/287127681.wav
Total loop time: 8.153 sec
data/envCorp/MacaulayLibrary/287143091.wav
Total loop time: 17.832 sec
data/envCorp/MacaulayLibrary/287176.wav
Total loop time: 2.710 sec
data/envCorp/MacaulayLibrary/287176871.wav
Total loop time: 8.097 sec
data/envCorp/MacaulayLibrary/287184501.wav
Total loop time: 13.520 sec
data/envCorp/MacaulayLibrary/287185011.mp3

(MATLAB:631970): GStreamer-CRITICAL **: 10:08:49.090: gst_mini_object_unref: assertion 'mini_object != NULL' failed

(MATLAB:631970): GStreamer-CRITICAL **: 10:08:50.156: gst_mini_object_unref: assertion 'mini_object != NULL' failed

(MATLAB:631970): GStreamer-CRITICAL **: 10:08:51.200: gst_mini_object_unref: assertion 'mini_object != NULL' failed

(MATLAB:631970): GStreamer-CRITICAL **: 10:08:52.235: gst_mini_object_unref: assertion 'mini_object != NULL' failed

(MATLAB:631970): GStreamer-CRITICAL **: 10:08:53.261: gst_mini_object_unref: assertion 'mini_object != NULL' failed

(MATLAB:631970): GStreamer-CRITICAL **: 10:08:54.308: gst_mini_object_unref: assertion 'mini_object != NULL' failed

(MATLAB:631970): GStreamer-CRITICAL **: 10:08:55.344: gst_mini_object_unref: assertion 'mini_object != NULL' failed

(MATLAB:631970): GStreamer-CRITICAL **: 10:08:56.362: gst_mini_object_unref: assertion 'mini_object != NULL' failed

(MATLAB:631970): GStreamer-CRITICAL **: 10:08:57.362: gst_mini_object_unref: assertion 'mini_object != NULL' failed
Total loop time: 9.361 sec
data/envCorp/MacaulayLibrary/287185021.mp3

(MATLAB:631970): GStreamer-CRITICAL **: 10:08:58.450: gst_mini_object_unref: assertion 'mini_object != NULL' failed

(MATLAB:631970): GStreamer-CRITICAL **: 10:08:59.510: gst_mini_object_unref: assertion 'mini_object != NULL' failed

(MATLAB:631970): GStreamer-CRITICAL **: 10:09:00.566: gst_mini_object_unref: assertion 'mini_object != NULL' failed

(MATLAB:631970): GStreamer-CRITICAL **: 10:09:01.603: gst_mini_object_unref: assertion 'mini_object != NULL' failed

(MATLAB:631970): GStreamer-CRITICAL **: 10:09:02.643: gst_mini_object_unref: assertion 'mini_object != NULL' failed

(MATLAB:631970): GStreamer-CRITICAL **: 10:09:03.670: gst_mini_object_unref: assertion 'mini_object != NULL' failed

(MATLAB:631970): GStreamer-CRITICAL **: 10:09:04.709: gst_mini_object_unref: assertion 'mini_object != NULL' failed

(MATLAB:631970): GStreamer-CRITICAL **: 10:09:05.741: gst_mini_object_unref: assertion 'mini_object != NULL' failed

(MATLAB:631970): GStreamer-CRITICAL **: 10:09:06.738: gst_mini_object_unref: assertion 'mini_object != NULL' failed
Total loop time: 9.378 sec
data/envCorp/MacaulayLibrary/287187421.mp3

(MATLAB:631970): GStreamer-CRITICAL **: 10:09:07.787: gst_mini_object_unref: assertion 'mini_object != NULL' failed
Total loop time: 2.073 sec
data/envCorp/MacaulayLibrary/287187521.mp3

(MATLAB:631970): GStreamer-CRITICAL **: 10:09:09.893: gst_mini_object_unref: assertion 'mini_object != NULL' failed

(MATLAB:631970): GStreamer-CRITICAL **: 10:09:10.935: gst_mini_object_unref: assertion 'mini_object != NULL' failed

(MATLAB:631970): GStreamer-CRITICAL **: 10:09:11.937: gst_mini_object_unref: assertion 'mini_object != NULL' failed

(MATLAB:631970): GStreamer-CRITICAL **: 10:09:12.939: gst_mini_object_unref: assertion 'mini_object != NULL' failed

(MATLAB:631970): GStreamer-CRITICAL **: 10:09:13.960: gst_mini_object_unref: assertion 'mini_object != NULL' failed

(MATLAB:631970): GStreamer-CRITICAL **: 10:09:14.982: gst_mini_object_unref: assertion 'mini_object != NULL' failed

(MATLAB:631970): GStreamer-CRITICAL **: 10:09:15.980: gst_mini_object_unref: assertion 'mini_object != NULL' failed
Total loop time: 7.154 sec
data/envCorp/MacaulayLibrary/287189551.wav
Total loop time: 26.591 sec
data/envCorp/MacaulayLibrary/287226.wav
Total loop time: 1.812 sec
data/envCorp/MacaulayLibrary/287385.wav
Total loop time: 6.260 sec
data/envCorp/MacaulayLibrary/287417881.wav
Total loop time: 0.952 sec
data/envCorp/MacaulayLibrary/287420.wav
Total loop time: 1.799 sec
data/envCorp/MacaulayLibrary/287421451.wav
Total loop time: 10.771 sec
data/envCorp/MacaulayLibrary/287475.wav
Total loop time: 1.816 sec
data/envCorp/MacaulayLibrary/287501.wav
Total loop time: 1.824 sec
data/envCorp/MacaulayLibrary/287505.wav
Total loop time: 0.927 sec
data/envCorp/MacaulayLibrary/287516801.wav
Total loop time: 8.048 sec
data/envCorp/MacaulayLibrary/287610.wav
Total loop time: 6.281 sec
data/envCorp/MacaulayLibrary/287641.wav
Total loop time: 0.933 sec
data/envCorp/MacaulayLibrary/287643481.wav
Total loop time: 8.145 sec
data/envCorp/MacaulayLibrary/287673141.mp3

(MATLAB:631970): GStreamer-CRITICAL **: 10:10:33.289: gst_mini_object_unref: assertion 'mini_object != NULL' failed

(MATLAB:631970): GStreamer-CRITICAL **: 10:10:34.366: gst_mini_object_unref: assertion 'mini_object != NULL' failed

(MATLAB:631970): GStreamer-CRITICAL **: 10:10:34.575: gst_mini_object_unref: assertion 'mini_object != NULL' failed

(MATLAB:631970): GStreamer-CRITICAL **: 10:10:35.662: gst_mini_object_unref: assertion 'mini_object != NULL' failed
Total loop time: 3.520 sec
data/envCorp/MacaulayLibrary/287768171.wav
Total loop time: 5.464 sec
data/envCorp/MacaulayLibrary/28777121.mp3

(MATLAB:631970): GStreamer-CRITICAL **: 10:10:42.220: gst_mini_object_unref: assertion 'mini_object != NULL' failed
Total loop time: 1.078 sec
data/envCorp/MacaulayLibrary/28779.wav
Total loop time: 25.639 sec
data/envCorp/MacaulayLibrary/28785.wav
Total loop time: 4.129 sec
data/envCorp/MacaulayLibrary/287871.wav
Total loop time: 4.918 sec
data/envCorp/MacaulayLibrary/287881.wav
Total loop time: 0.851 sec
data/envCorp/MacaulayLibrary/287882.wav
Total loop time: 3.362 sec
data/envCorp/MacaulayLibrary/287974221.wav
Total loop time: 24.905 sec
data/envCorp/MacaulayLibrary/287974251.wav
Total loop time: 11.814 sec
data/envCorp/MacaulayLibrary/287996811.wav
Total loop time: 2.656 sec
data/envCorp/MacaulayLibrary/288.wav
Total loop time: 25.443 sec
data/envCorp/MacaulayLibrary/288009361.wav
Total loop time: 0.866 sec
data/envCorp/MacaulayLibrary/288030.wav
Total loop time: 5.202 sec
data/envCorp/MacaulayLibrary/288094351.wav
Total loop time: 3.512 sec
data/envCorp/MacaulayLibrary/288099341.wav
Total loop time: 6.871 sec
data/envCorp/MacaulayLibrary/288099421.wav
Total loop time: 6.839 sec
data/envCorp/MacaulayLibrary/288201981.wav
Total loop time: 11.444 sec
data/envCorp/MacaulayLibrary/288203231.wav
Total loop time: 5.967 sec
data/envCorp/MacaulayLibrary/288203251.wav
Total loop time: 9.361 sec
data/envCorp/MacaulayLibrary/288232011.wav
Total loop time: 26.387 sec
data/envCorp/MacaulayLibrary/288254111.wav
Total loop time: 0.914 sec
data/envCorp/MacaulayLibrary/288258.wav
Total loop time: 0.937 sec
data/envCorp/MacaulayLibrary/288259401.wav
Total loop time: 14.241 sec
data/envCorp/MacaulayLibrary/288281.wav
Total loop time: 1.814 sec
data/envCorp/MacaulayLibrary/288286.wav
Total loop time: 0.962 sec
data/envCorp/MacaulayLibrary/288304.wav
Total loop time: 5.379 sec
data/envCorp/MacaulayLibrary/288359741.wav
Total loop time: 2.772 sec
data/envCorp/MacaulayLibrary/288371451.wav
Total loop time: 6.245 sec
data/envCorp/MacaulayLibrary/288372271.wav
Total loop time: 10.717 sec
data/envCorp/MacaulayLibrary/288373031.wav
Total loop time: 10.818 sec
data/envCorp/MacaulayLibrary/288373331.wav
Total loop time: 25.106 sec
data/envCorp/MacaulayLibrary/288384121.wav
Total loop time: 3.661 sec
data/envCorp/MacaulayLibrary/288384141.wav
Total loop time: 18.584 sec
data/envCorp/MacaulayLibrary/288441121.wav
Total loop time: 9.892 sec
data/envCorp/MacaulayLibrary/288441721.wav
Total loop time: 2.688 sec
data/envCorp/MacaulayLibrary/288480601.wav
Total loop time: 6.316 sec
data/envCorp/MacaulayLibrary/288482371.wav
Total loop time: 3.655 sec
data/envCorp/MacaulayLibrary/288486041.wav
Total loop time: 26.934 sec
data/envCorp/MacaulayLibrary/288489591.wav
Total loop time: 8.061 sec
data/envCorp/MacaulayLibrary/288615981.wav
Total loop time: 2.702 sec
data/envCorp/MacaulayLibrary/288615991.wav
Total loop time: 4.537 sec
data/envCorp/MacaulayLibrary/288624831.mp3
Total loop time: 1.105 sec
data/envCorp/MacaulayLibrary/288671.wav
Total loop time: 2.697 sec
data/envCorp/MacaulayLibrary/288722371.wav
Total loop time: 16.951 sec
data/envCorp/MacaulayLibrary/288735581.wav
Total loop time: 3.582 sec
data/envCorp/MacaulayLibrary/288748081.wav
Total loop time: 17.945 sec
data/envCorp/MacaulayLibrary/288795.wav
Total loop time: 4.409 sec
data/envCorp/MacaulayLibrary/288812441.mp3

(MATLAB:631970): GStreamer-CRITICAL **: 10:17:17.257: gst_mini_object_unref: assertion 'mini_object != NULL' failed
Total loop time: 1.113 sec
data/envCorp/MacaulayLibrary/288813091.wav
Total loop time: 13.362 sec
data/envCorp/MacaulayLibrary/288866301.m4a

(MATLAB:631970): GStreamer-CRITICAL **: 10:17:31.654: gst_mini_object_unref: assertion 'mini_object != NULL' failed

(MATLAB:631970): GStreamer-CRITICAL **: 10:17:32.583: gst_mini_object_unref: assertion 'mini_object != NULL' failed

(MATLAB:631970): GStreamer-CRITICAL **: 10:17:33.487: gst_mini_object_unref: assertion 'mini_object != NULL' failed
Total loop time: 2.851 sec
data/envCorp/MacaulayLibrary/288890621.wav
Total loop time: 6.329 sec
data/envCorp/MacaulayLibrary/288890951.wav
Total loop time: 20.496 sec
data/envCorp/MacaulayLibrary/288929841.wav
Total loop time: 26.823 sec
data/envCorp/MacaulayLibrary/288962571.wav
Total loop time: 25.821 sec
data/envCorp/MacaulayLibrary/289100.wav
Total loop time: 1.816 sec
data/envCorp/MacaulayLibrary/289131.wav
Total loop time: 4.395 sec
data/envCorp/MacaulayLibrary/289140501.wav
Total loop time: 15.741 sec
data/envCorp/MacaulayLibrary/289141801.wav
Total loop time: 6.119 sec
data/envCorp/MacaulayLibrary/289212.wav
Total loop time: 5.271 sec
data/envCorp/MacaulayLibrary/289280.wav
Total loop time: 0.913 sec
data/envCorp/MacaulayLibrary/289334401.wav
Total loop time: 26.172 sec
data/envCorp/MacaulayLibrary/289335051.wav
Total loop time: 12.078 sec
data/envCorp/MacaulayLibrary/289349421.wav
Total loop time: 15.449 sec
data/envCorp/MacaulayLibrary/289379251.wav
Total loop time: 5.333 sec
data/envCorp/MacaulayLibrary/289382291.wav
Total loop time: 7.886 sec
data/envCorp/MacaulayLibrary/289414.wav
Total loop time: 1.787 sec
data/envCorp/MacaulayLibrary/289438.wav
Total loop time: 1.901 sec
data/envCorp/MacaulayLibrary/289489.wav
Total loop time: 1.772 sec
data/envCorp/MacaulayLibrary/289591.wav
Total loop time: 1.857 sec
Successful STM!
Elapsed time is 825.634219 seconds.
