
                            < M A T L A B (R) >
                  Copyright 1984-2023 The MathWorks, Inc.
                  R2023b (23.2.0.2365128) 64-bit (glnxa64)
                              August 23, 2023

 
To get started, type doc.
For product information, visit www.mathworks.com.
 
data/envCorp/MacaulayLibrary/33744.wav
Total loop time: 12.666 sec
data/envCorp/MacaulayLibrary/33755251.mp3

(MATLAB:3769702): GStreamer-CRITICAL **: 13:29:01.719: gst_mini_object_unref: assertion 'mini_object != NULL' failed

(MATLAB:3769702): GStreamer-CRITICAL **: 13:29:01.993: gst_mini_object_unref: assertion 'mini_object != NULL' failed

(MATLAB:3769702): GStreamer-CRITICAL **: 13:29:03.140: gst_mini_object_unref: assertion 'mini_object != NULL' failed

(MATLAB:3769702): GStreamer-CRITICAL **: 13:29:04.296: gst_mini_object_unref: assertion 'mini_object != NULL' failed

(MATLAB:3769702): GStreamer-CRITICAL **: 13:29:05.387: gst_mini_object_unref: assertion 'mini_object != NULL' failed

(MATLAB:3769702): GStreamer-CRITICAL **: 13:29:05.644: gst_mini_object_unref: assertion 'mini_object != NULL' failed

(MATLAB:3769702): GStreamer-CRITICAL **: 13:29:06.806: gst_mini_object_unref: assertion 'mini_object != NULL' failed

(MATLAB:3769702): GStreamer-CRITICAL **: 13:29:07.904: gst_mini_object_unref: assertion 'mini_object != NULL' failed

(MATLAB:3769702): GStreamer-CRITICAL **: 13:29:08.985: gst_mini_object_unref: assertion 'mini_object != NULL' failed

(MATLAB:3769702): GStreamer-CRITICAL **: 13:29:10.100: gst_mini_object_unref: assertion 'mini_object != NULL' failed

(MATLAB:3769702): GStreamer-CRITICAL **: 13:29:11.225: gst_mini_object_unref: assertion 'mini_object != NULL' failed
Total loop time: 11.484 sec
data/envCorp/MacaulayLibrary/337563571.mp3

(MATLAB:3769702): GStreamer-CRITICAL **: 13:29:12.600: gst_mini_object_unref: assertion 'mini_object != NULL' failed

(MATLAB:3769702): GStreamer-CRITICAL **: 13:29:13.743: gst_mini_object_unref: assertion 'mini_object != NULL' failed

(MATLAB:3769702): GStreamer-CRITICAL **: 13:29:14.836: gst_mini_object_unref: assertion 'mini_object != NULL' failed

(MATLAB:3769702): GStreamer-CRITICAL **: 13:29:15.962: gst_mini_object_unref: assertion 'mini_object != NULL' failed

(MATLAB:3769702): GStreamer-CRITICAL **: 13:29:17.042: gst_mini_object_unref: assertion 'mini_object != NULL' failed

(MATLAB:3769702): GStreamer-CRITICAL **: 13:29:18.140: gst_mini_object_unref: assertion 'mini_object != NULL' failed

(MATLAB:3769702): GStreamer-CRITICAL **: 13:29:19.214: gst_mini_object_unref: assertion 'mini_object != NULL' failed
Total loop time: 8.934 sec
data/envCorp/MacaulayLibrary/337654091.wav
Total loop time: 7.939 sec
data/envCorp/MacaulayLibrary/337656591.wav
Total loop time: 3.651 sec
data/envCorp/MacaulayLibrary/337657761.mp3

(MATLAB:3769702): GStreamer-CRITICAL **: 13:29:33.148: gst_mini_object_unref: assertion 'mini_object != NULL' failed

(MATLAB:3769702): GStreamer-CRITICAL **: 13:29:34.242: gst_mini_object_unref: assertion 'mini_object != NULL' failed

(MATLAB:3769702): GStreamer-CRITICAL **: 13:29:35.357: gst_mini_object_unref: assertion 'mini_object != NULL' failed

(MATLAB:3769702): GStreamer-CRITICAL **: 13:29:36.463: gst_mini_object_unref: assertion 'mini_object != NULL' failed

(MATLAB:3769702): GStreamer-CRITICAL **: 13:29:37.530: gst_mini_object_unref: assertion 'mini_object != NULL' failed
Total loop time: 5.512 sec
data/envCorp/MacaulayLibrary/337664461.wav
Total loop time: 8.296 sec
data/envCorp/MacaulayLibrary/337665161.wav
Total loop time: 7.679 sec
data/envCorp/MacaulayLibrary/337665301.wav
Total loop time: 1.548 sec
data/envCorp/MacaulayLibrary/337673061.mp3

(MATLAB:3769702): GStreamer-CRITICAL **: 13:29:56.189: gst_mini_object_unref: assertion 'mini_object != NULL' failed

(MATLAB:3769702): GStreamer-CRITICAL **: 13:29:57.229: gst_mini_object_unref: assertion 'mini_object != NULL' failed

(MATLAB:3769702): GStreamer-CRITICAL **: 13:29:58.237: gst_mini_object_unref: assertion 'mini_object != NULL' failed

(MATLAB:3769702): GStreamer-CRITICAL **: 13:29:59.280: gst_mini_object_unref: assertion 'mini_object != NULL' failed

(MATLAB:3769702): GStreamer-CRITICAL **: 13:30:00.362: gst_mini_object_unref: assertion 'mini_object != NULL' failed

(MATLAB:3769702): GStreamer-CRITICAL **: 13:30:01.369: gst_mini_object_unref: assertion 'mini_object != NULL' failed

(MATLAB:3769702): GStreamer-CRITICAL **: 13:30:02.431: gst_mini_object_unref: assertion 'mini_object != NULL' failed

(MATLAB:3769702): GStreamer-CRITICAL **: 13:30:03.437: gst_mini_object_unref: assertion 'mini_object != NULL' failed
Total loop time: 8.308 sec
data/envCorp/MacaulayLibrary/337686971.wav
Total loop time: 5.380 sec
data/envCorp/MacaulayLibrary/337704141.wav
Total loop time: 5.554 sec
data/envCorp/MacaulayLibrary/337706761.mp3

(MATLAB:3769702): GStreamer-CRITICAL **: 13:30:15.409: gst_mini_object_unref: assertion 'mini_object != NULL' failed
Total loop time: 1.039 sec
data/envCorp/MacaulayLibrary/337732941.wav
Total loop time: 4.000 sec
data/envCorp/MacaulayLibrary/337749861.mp3

(MATLAB:3769702): GStreamer-CRITICAL **: 13:30:20.474: gst_mini_object_unref: assertion 'mini_object != NULL' failed

(MATLAB:3769702): GStreamer-CRITICAL **: 13:30:21.511: gst_mini_object_unref: assertion 'mini_object != NULL' failed

(MATLAB:3769702): GStreamer-CRITICAL **: 13:30:22.507: gst_mini_object_unref: assertion 'mini_object != NULL' failed

(MATLAB:3769702): GStreamer-CRITICAL **: 13:30:23.493: gst_mini_object_unref: assertion 'mini_object != NULL' failed

(MATLAB:3769702): GStreamer-CRITICAL **: 13:30:24.462: gst_mini_object_unref: assertion 'mini_object != NULL' failed

(MATLAB:3769702): GStreamer-CRITICAL **: 13:30:25.406: gst_mini_object_unref: assertion 'mini_object != NULL' failed
Total loop time: 5.927 sec
data/envCorp/MacaulayLibrary/337776961.wav
Total loop time: 3.053 sec
data/envCorp/MacaulayLibrary/337780541.wav
Total loop time: 3.386 sec
data/envCorp/MacaulayLibrary/337780701.wav
Total loop time: 16.656 sec
data/envCorp/MacaulayLibrary/337790871.wav
Total loop time: 2.405 sec
data/envCorp/MacaulayLibrary/337792511.wav
Total loop time: 4.754 sec
data/envCorp/MacaulayLibrary/337849351.wav
Total loop time: 3.869 sec
data/envCorp/MacaulayLibrary/337852261.wav
Total loop time: 7.181 sec
data/envCorp/MacaulayLibrary/337861411.wav
Total loop time: 0.908 sec
data/envCorp/MacaulayLibrary/338003541.mp3

(MATLAB:3769702): GStreamer-CRITICAL **: 13:31:08.650: gst_mini_object_unref: assertion 'mini_object != NULL' failed

(MATLAB:3769702): GStreamer-CRITICAL **: 13:31:09.721: gst_mini_object_unref: assertion 'mini_object != NULL' failed

(MATLAB:3769702): GStreamer-CRITICAL **: 13:31:09.979: gst_mini_object_unref: assertion 'mini_object != NULL' failed

(MATLAB:3769702): GStreamer-CRITICAL **: 13:31:11.058: gst_mini_object_unref: assertion 'mini_object != NULL' failed

(MATLAB:3769702): GStreamer-CRITICAL **: 13:31:12.132: gst_mini_object_unref: assertion 'mini_object != NULL' failed

(MATLAB:3769702): GStreamer-CRITICAL **: 13:31:13.235: gst_mini_object_unref: assertion 'mini_object != NULL' failed

(MATLAB:3769702): GStreamer-CRITICAL **: 13:31:14.368: gst_mini_object_unref: assertion 'mini_object != NULL' failed

(MATLAB:3769702): GStreamer-CRITICAL **: 13:31:15.478: gst_mini_object_unref: assertion 'mini_object != NULL' failed

(MATLAB:3769702): GStreamer-CRITICAL **: 13:31:16.630: gst_mini_object_unref: assertion 'mini_object != NULL' failed

(MATLAB:3769702): GStreamer-CRITICAL **: 13:31:17.734: gst_mini_object_unref: assertion 'mini_object != NULL' failed
Total loop time: 10.302 sec
data/envCorp/MacaulayLibrary/338025541.mp3

(MATLAB:3769702): GStreamer-CRITICAL **: 13:31:18.958: gst_mini_object_unref: assertion 'mini_object != NULL' failed

(MATLAB:3769702): GStreamer-CRITICAL **: 13:31:20.090: gst_mini_object_unref: assertion 'mini_object != NULL' failed

(MATLAB:3769702): GStreamer-CRITICAL **: 13:31:21.243: gst_mini_object_unref: assertion 'mini_object != NULL' failed

(MATLAB:3769702): GStreamer-CRITICAL **: 13:31:22.370: gst_mini_object_unref: assertion 'mini_object != NULL' failed

(MATLAB:3769702): GStreamer-CRITICAL **: 13:31:23.521: gst_mini_object_unref: assertion 'mini_object != NULL' failed

(MATLAB:3769702): GStreamer-CRITICAL **: 13:31:24.640: gst_mini_object_unref: assertion 'mini_object != NULL' failed

(MATLAB:3769702): GStreamer-CRITICAL **: 13:31:25.728: gst_mini_object_unref: assertion 'mini_object != NULL' failed

(MATLAB:3769702): GStreamer-CRITICAL **: 13:31:26.829: gst_mini_object_unref: assertion 'mini_object != NULL' failed

(MATLAB:3769702): GStreamer-CRITICAL **: 13:31:27.902: gst_mini_object_unref: assertion 'mini_object != NULL' failed

(MATLAB:3769702): GStreamer-CRITICAL **: 13:31:28.983: gst_mini_object_unref: assertion 'mini_object != NULL' failed
Total loop time: 12.295 sec
data/envCorp/MacaulayLibrary/338042331.mp3

(MATLAB:3769702): GStreamer-CRITICAL **: 13:31:31.219: gst_mini_object_unref: assertion 'mini_object != NULL' failed

(MATLAB:3769702): GStreamer-CRITICAL **: 13:31:32.343: gst_mini_object_unref: assertion 'mini_object != NULL' failed

(MATLAB:3769702): GStreamer-CRITICAL **: 13:31:33.431: gst_mini_object_unref: assertion 'mini_object != NULL' failed
Total loop time: 3.350 sec
data/envCorp/MacaulayLibrary/338071931.wav
Total loop time: 7.883 sec
data/envCorp/MacaulayLibrary/338071951.wav
Total loop time: 9.919 sec
data/envCorp/MacaulayLibrary/338072131.wav
Total loop time: 7.513 sec
data/envCorp/MacaulayLibrary/338081581.wav
Total loop time: 12.454 sec
data/envCorp/MacaulayLibrary/338084711.wav
Total loop time: 12.673 sec
data/envCorp/MacaulayLibrary/338122391.wav
Total loop time: 4.407 sec
data/envCorp/MacaulayLibrary/338122821.wav
Total loop time: 10.300 sec
data/envCorp/MacaulayLibrary/338184971.wav
Total loop time: 1.027 sec
data/envCorp/MacaulayLibrary/338213651.wav
Total loop time: 3.995 sec
data/envCorp/MacaulayLibrary/33837011.mp3

(MATLAB:3769702): GStreamer-CRITICAL **: 13:32:44.778: gst_mini_object_unref: assertion 'mini_object != NULL' failed

(MATLAB:3769702): GStreamer-CRITICAL **: 13:32:45.983: gst_mini_object_unref: assertion 'mini_object != NULL' failed

(MATLAB:3769702): GStreamer-CRITICAL **: 13:32:47.204: gst_mini_object_unref: assertion 'mini_object != NULL' failed

(MATLAB:3769702): GStreamer-CRITICAL **: 13:32:48.417: gst_mini_object_unref: assertion 'mini_object != NULL' failed

(MATLAB:3769702): GStreamer-CRITICAL **: 13:32:49.624: gst_mini_object_unref: assertion 'mini_object != NULL' failed

(MATLAB:3769702): GStreamer-CRITICAL **: 13:32:50.858: gst_mini_object_unref: assertion 'mini_object != NULL' failed

(MATLAB:3769702): GStreamer-CRITICAL **: 13:32:52.115: gst_mini_object_unref: assertion 'mini_object != NULL' failed

(MATLAB:3769702): GStreamer-CRITICAL **: 13:32:53.315: gst_mini_object_unref: assertion 'mini_object != NULL' failed
Total loop time: 11.004 sec
data/envCorp/MacaulayLibrary/338436921.wav
Total loop time: 19.358 sec
data/envCorp/MacaulayLibrary/338437111.wav
Total loop time: 1.903 sec
data/envCorp/MacaulayLibrary/338441411.wav
Total loop time: 8.234 sec
data/envCorp/MacaulayLibrary/338441431.wav
Total loop time: 15.218 sec
data/envCorp/MacaulayLibrary/338457361.wav
Total loop time: 6.598 sec
data/envCorp/MacaulayLibrary/338457501.wav
Total loop time: 8.337 sec
data/envCorp/MacaulayLibrary/338485301.wav
Total loop time: 16.366 sec
data/envCorp/MacaulayLibrary/3385.wav
Total loop time: 25.315 sec
data/envCorp/MacaulayLibrary/338527781.mp3

(MATLAB:3769702): GStreamer-CRITICAL **: 13:34:37.094: gst_mini_object_unref: assertion 'mini_object != NULL' failed
Total loop time: 2.153 sec
data/envCorp/MacaulayLibrary/338574991.wav
Total loop time: 3.588 sec
data/envCorp/MacaulayLibrary/3386.wav
Total loop time: 9.603 sec
data/envCorp/MacaulayLibrary/338643441.mp3

(MATLAB:3769702): GStreamer-CRITICAL **: 13:34:52.485: gst_mini_object_unref: assertion 'mini_object != NULL' failed

(MATLAB:3769702): GStreamer-CRITICAL **: 13:34:53.654: gst_mini_object_unref: assertion 'mini_object != NULL' failed

(MATLAB:3769702): GStreamer-CRITICAL **: 13:34:54.732: gst_mini_object_unref: assertion 'mini_object != NULL' failed

(MATLAB:3769702): GStreamer-CRITICAL **: 13:34:55.756: gst_mini_object_unref: assertion 'mini_object != NULL' failed

(MATLAB:3769702): GStreamer-CRITICAL **: 13:34:56.867: gst_mini_object_unref: assertion 'mini_object != NULL' failed

(MATLAB:3769702): GStreamer-CRITICAL **: 13:34:57.997: gst_mini_object_unref: assertion 'mini_object != NULL' failed

(MATLAB:3769702): GStreamer-CRITICAL **: 13:34:59.111: gst_mini_object_unref: assertion 'mini_object != NULL' failed

(MATLAB:3769702): GStreamer-CRITICAL **: 13:35:00.244: gst_mini_object_unref: assertion 'mini_object != NULL' failed

(MATLAB:3769702): GStreamer-CRITICAL **: 13:35:01.345: gst_mini_object_unref: assertion 'mini_object != NULL' failed

(MATLAB:3769702): GStreamer-CRITICAL **: 13:35:02.340: gst_mini_object_unref: assertion 'mini_object != NULL' failed
Total loop time: 12.126 sec
data/envCorp/MacaulayLibrary/33869.wav
Total loop time: 26.625 sec
data/envCorp/MacaulayLibrary/338749401.wav
Total loop time: 7.873 sec
data/envCorp/MacaulayLibrary/338765581.mp3

(MATLAB:3769702): GStreamer-CRITICAL **: 13:35:39.077: gst_mini_object_unref: assertion 'mini_object != NULL' failed

(MATLAB:3769702): GStreamer-CRITICAL **: 13:35:40.088: gst_mini_object_unref: assertion 'mini_object != NULL' failed
Total loop time: 3.040 sec
data/envCorp/MacaulayLibrary/338847221.wav
Total loop time: 10.927 sec
data/envCorp/MacaulayLibrary/338859051.wav
Total loop time: 10.602 sec
data/envCorp/MacaulayLibrary/338877151.wav
Total loop time: 2.344 sec
data/envCorp/MacaulayLibrary/338894241.wav
Total loop time: 5.461 sec
data/envCorp/MacaulayLibrary/338894251.wav
Total loop time: 4.836 sec
data/envCorp/MacaulayLibrary/338894381.wav
Total loop time: 6.191 sec
data/envCorp/MacaulayLibrary/338894511.wav
Total loop time: 15.029 sec
data/envCorp/MacaulayLibrary/338897161.wav
Total loop time: 4.724 sec
data/envCorp/MacaulayLibrary/338898701.wav
Total loop time: 7.566 sec
data/envCorp/MacaulayLibrary/338905451.wav
Total loop time: 1.579 sec
data/envCorp/MacaulayLibrary/339080941.wav
Total loop time: 4.167 sec
data/envCorp/MacaulayLibrary/339139841.wav
Total loop time: 22.599 sec
data/envCorp/MacaulayLibrary/339188721.wav
Total loop time: 25.115 sec
data/envCorp/MacaulayLibrary/33923.wav
Total loop time: 24.806 sec
data/envCorp/MacaulayLibrary/339253511.mp3

(MATLAB:3769702): GStreamer-CRITICAL **: 13:38:08.105: gst_mini_object_unref: assertion 'mini_object != NULL' failed

(MATLAB:3769702): GStreamer-CRITICAL **: 13:38:09.204: gst_mini_object_unref: assertion 'mini_object != NULL' failed

(MATLAB:3769702): GStreamer-CRITICAL **: 13:38:10.251: gst_mini_object_unref: assertion 'mini_object != NULL' failed

(MATLAB:3769702): GStreamer-CRITICAL **: 13:38:11.271: gst_mini_object_unref: assertion 'mini_object != NULL' failed

(MATLAB:3769702): GStreamer-CRITICAL **: 13:38:12.260: gst_mini_object_unref: assertion 'mini_object != NULL' failed
Total loop time: 5.206 sec
data/envCorp/MacaulayLibrary/339335061.wav
Total loop time: 10.151 sec
data/envCorp/MacaulayLibrary/339374431.mp3

(MATLAB:3769702): GStreamer-CRITICAL **: 13:38:23.436: gst_mini_object_unref: assertion 'mini_object != NULL' failed
Total loop time: 0.226 sec
data/envCorp/MacaulayLibrary/339481971.mp3

(MATLAB:3769702): GStreamer-CRITICAL **: 13:38:23.702: gst_mini_object_unref: assertion 'mini_object != NULL' failed

(MATLAB:3769702): GStreamer-CRITICAL **: 13:38:24.817: gst_mini_object_unref: assertion 'mini_object != NULL' failed

(MATLAB:3769702): GStreamer-CRITICAL **: 13:38:25.961: gst_mini_object_unref: assertion 'mini_object != NULL' failed

(MATLAB:3769702): GStreamer-CRITICAL **: 13:38:27.115: gst_mini_object_unref: assertion 'mini_object != NULL' failed

(MATLAB:3769702): GStreamer-CRITICAL **: 13:38:28.225: gst_mini_object_unref: assertion 'mini_object != NULL' failed

(MATLAB:3769702): GStreamer-CRITICAL **: 13:38:29.341: gst_mini_object_unref: assertion 'mini_object != NULL' failed

(MATLAB:3769702): GStreamer-CRITICAL **: 13:38:30.482: gst_mini_object_unref: assertion 'mini_object != NULL' failed

(MATLAB:3769702): GStreamer-CRITICAL **: 13:38:31.617: gst_mini_object_unref: assertion 'mini_object != NULL' failed

(MATLAB:3769702): GStreamer-CRITICAL **: 13:38:32.739: gst_mini_object_unref: assertion 'mini_object != NULL' failed
Total loop time: 10.258 sec
data/envCorp/MacaulayLibrary/33949491.wav
Total loop time: 28.190 sec
data/envCorp/MacaulayLibrary/33951.wav
Total loop time: 2.938 sec
data/envCorp/MacaulayLibrary/33951011.wav
Total loop time: 1.071 sec
data/envCorp/MacaulayLibrary/33951241.wav
Total loop time: 5.156 sec
data/envCorp/MacaulayLibrary/33952.wav
Total loop time: 26.767 sec
data/envCorp/MacaulayLibrary/339553031.mp3

(MATLAB:3769702): GStreamer-CRITICAL **: 13:39:38.106: gst_mini_object_unref: assertion 'mini_object != NULL' failed

(MATLAB:3769702): GStreamer-CRITICAL **: 13:39:39.201: gst_mini_object_unref: assertion 'mini_object != NULL' failed

(MATLAB:3769702): GStreamer-CRITICAL **: 13:39:40.259: gst_mini_object_unref: assertion 'mini_object != NULL' failed

(MATLAB:3769702): GStreamer-CRITICAL **: 13:39:41.331: gst_mini_object_unref: assertion 'mini_object != NULL' failed

(MATLAB:3769702): GStreamer-CRITICAL **: 13:39:42.487: gst_mini_object_unref: assertion 'mini_object != NULL' failed

(MATLAB:3769702): GStreamer-CRITICAL **: 13:39:43.639: gst_mini_object_unref: assertion 'mini_object != NULL' failed

(MATLAB:3769702): GStreamer-CRITICAL **: 13:39:44.683: gst_mini_object_unref: assertion 'mini_object != NULL' failed

(MATLAB:3769702): GStreamer-CRITICAL **: 13:39:45.770: gst_mini_object_unref: assertion 'mini_object != NULL' failed

(MATLAB:3769702): GStreamer-CRITICAL **: 13:39:46.828: gst_mini_object_unref: assertion 'mini_object != NULL' failed

(MATLAB:3769702): GStreamer-CRITICAL **: 13:39:47.836: gst_mini_object_unref: assertion 'mini_object != NULL' failed
Total loop time: 10.788 sec
data/envCorp/MacaulayLibrary/339580501.wav
Total loop time: 15.109 sec
data/envCorp/MacaulayLibrary/33959291.wav
Total loop time: 3.458 sec
data/envCorp/MacaulayLibrary/33959441.wav
Total loop time: 0.848 sec
data/envCorp/MacaulayLibrary/33959471.wav
Total loop time: 18.881 sec
data/envCorp/MacaulayLibrary/33959491.wav
Total loop time: 26.260 sec
data/envCorp/MacaulayLibrary/33959841.wav
Total loop time: 3.542 sec
data/envCorp/MacaulayLibrary/33959851.wav
Total loop time: 7.791 sec
data/envCorp/MacaulayLibrary/33959861.wav
Total loop time: 23.078 sec
data/envCorp/MacaulayLibrary/33960341.wav
Total loop time: 14.236 sec
data/envCorp/MacaulayLibrary/33960961.wav
Total loop time: 6.231 sec
data/envCorp/MacaulayLibrary/33962711.wav
Total loop time: 5.121 sec
data/envCorp/MacaulayLibrary/33963071.wav
Total loop time: 3.790 sec
data/envCorp/MacaulayLibrary/33963131.wav
Total loop time: 27.736 sec
data/envCorp/MacaulayLibrary/33963261.wav
Total loop time: 6.534 sec
data/envCorp/MacaulayLibrary/33963271.wav
Total loop time: 13.533 sec
data/envCorp/MacaulayLibrary/33963411.wav
Total loop time: 2.967 sec
data/envCorp/MacaulayLibrary/33963421.wav
Total loop time: 2.851 sec
data/envCorp/MacaulayLibrary/33963431.wav
Total loop time: 15.919 sec
data/envCorp/MacaulayLibrary/33963641.wav
Total loop time: 8.301 sec
data/envCorp/MacaulayLibrary/33963741.wav
Total loop time: 1.686 sec
data/envCorp/MacaulayLibrary/33963911.wav
Total loop time: 1.771 sec
data/envCorp/MacaulayLibrary/33963921.wav
Total loop time: 23.337 sec
data/envCorp/MacaulayLibrary/33964591.wav
Total loop time: 23.214 sec
data/envCorp/MacaulayLibrary/33964691.wav
Total loop time: 8.599 sec
data/envCorp/MacaulayLibrary/33964871.wav
Total loop time: 1.482 sec
Successful STM!
Elapsed time is 932.602587 seconds.
