
                            < M A T L A B (R) >
                  Copyright 1984-2023 The MathWorks, Inc.
                  R2023b (23.2.0.2365128) 64-bit (glnxa64)
                              August 23, 2023

[Warning: Unable to load Toolbox Path Cache
/home/ac8888/.matlab/R2023b/toolbox_cache-23.2.0-3137108227-glnxa64.xml. The
cache file is not in the correct format. It will be regenerated upon quitting
MATLAB.] 
 
To get started, type doc.
For product information, visit www.mathworks.com.
 
**skip** data/envCorp/MacaulayLibrary/62591.wav
**skip** data/envCorp/MacaulayLibrary/62652191.wav
**skip** data/envCorp/MacaulayLibrary/62691481.mp3
**skip** data/envCorp/MacaulayLibrary/62753.wav
**skip** data/envCorp/MacaulayLibrary/62771.wav
**skip** data/envCorp/MacaulayLibrary/62782891.wav
**skip** data/envCorp/MacaulayLibrary/62819.wav
**skip** data/envCorp/MacaulayLibrary/62820.wav
**skip** data/envCorp/MacaulayLibrary/62821681.wav
**skip** data/envCorp/MacaulayLibrary/62824011.wav
**skip** data/envCorp/MacaulayLibrary/62824811.wav
**skip** data/envCorp/MacaulayLibrary/62825071.wav
**skip** data/envCorp/MacaulayLibrary/62838.wav
**skip** data/envCorp/MacaulayLibrary/62839.wav
**skip** data/envCorp/MacaulayLibrary/62845.wav
**skip** data/envCorp/MacaulayLibrary/62879.wav
**skip** data/envCorp/MacaulayLibrary/62883.wav
**skip** data/envCorp/MacaulayLibrary/62892.wav
**skip** data/envCorp/MacaulayLibrary/62893.wav
**skip** data/envCorp/MacaulayLibrary/62949911.wav
**skip** data/envCorp/MacaulayLibrary/62954131.wav
**skip** data/envCorp/MacaulayLibrary/62954831.wav
**skip** data/envCorp/MacaulayLibrary/62956781.wav
**skip** data/envCorp/MacaulayLibrary/62957.wav
**skip** data/envCorp/MacaulayLibrary/62958.wav
**skip** data/envCorp/MacaulayLibrary/62959.wav
**skip** data/envCorp/MacaulayLibrary/62965.wav
**skip** data/envCorp/MacaulayLibrary/63014.wav
**skip** data/envCorp/MacaulayLibrary/63038941.mp3
**skip** data/envCorp/MacaulayLibrary/63053.wav
**skip** data/envCorp/MacaulayLibrary/63055.wav
**skip** data/envCorp/MacaulayLibrary/63070.wav
**skip** data/envCorp/MacaulayLibrary/63085.wav
**skip** data/envCorp/MacaulayLibrary/63108131.wav
**skip** data/envCorp/MacaulayLibrary/63119261.wav
**skip** data/envCorp/MacaulayLibrary/63130.wav
**skip** data/envCorp/MacaulayLibrary/63144351.wav
**skip** data/envCorp/MacaulayLibrary/63144421.wav
**skip** data/envCorp/MacaulayLibrary/63144941.wav
**skip** data/envCorp/MacaulayLibrary/63146751.wav
**skip** data/envCorp/MacaulayLibrary/63147.wav
**skip** data/envCorp/MacaulayLibrary/63154151.wav
**skip** data/envCorp/MacaulayLibrary/63186.wav
**skip** data/envCorp/MacaulayLibrary/63190.wav
**skip** data/envCorp/MacaulayLibrary/63209821.wav
**skip** data/envCorp/MacaulayLibrary/63267.wav
**skip** data/envCorp/MacaulayLibrary/63268.wav
**skip** data/envCorp/MacaulayLibrary/63270.wav
**skip** data/envCorp/MacaulayLibrary/63281511.wav
**skip** data/envCorp/MacaulayLibrary/63300171.wav
**skip** data/envCorp/MacaulayLibrary/63302591.wav
**skip** data/envCorp/MacaulayLibrary/63306.wav
**skip** data/envCorp/MacaulayLibrary/63317.wav
**skip** data/envCorp/MacaulayLibrary/63318.wav
**skip** data/envCorp/MacaulayLibrary/63327.wav
**skip** data/envCorp/MacaulayLibrary/63331541.wav
**skip** data/envCorp/MacaulayLibrary/63346.wav
**skip** data/envCorp/MacaulayLibrary/63347.wav
**skip** data/envCorp/MacaulayLibrary/63349.wav
**skip** data/envCorp/MacaulayLibrary/63350.wav
**skip** data/envCorp/MacaulayLibrary/63356.wav
**skip** data/envCorp/MacaulayLibrary/63357.wav
**skip** data/envCorp/MacaulayLibrary/63357991.wav
**skip** data/envCorp/MacaulayLibrary/63358.wav
**skip** data/envCorp/MacaulayLibrary/63365.wav
**skip** data/envCorp/MacaulayLibrary/63367561.mp3
**skip** data/envCorp/MacaulayLibrary/63371411.wav
**skip** data/envCorp/MacaulayLibrary/63375971.wav
**skip** data/envCorp/MacaulayLibrary/63376.wav
**skip** data/envCorp/MacaulayLibrary/63376271.wav
**skip** data/envCorp/MacaulayLibrary/63377551.wav
**skip** data/envCorp/MacaulayLibrary/63378.wav
**skip** data/envCorp/MacaulayLibrary/63383331.wav
**skip** data/envCorp/MacaulayLibrary/63387.wav
**skip** data/envCorp/MacaulayLibrary/63416131.wav
**skip** data/envCorp/MacaulayLibrary/63423961.mp3
**skip** data/envCorp/MacaulayLibrary/63423991.mp3
**skip** data/envCorp/MacaulayLibrary/63427591.mp3
**skip** data/envCorp/MacaulayLibrary/63433741.wav
**skip** data/envCorp/MacaulayLibrary/63466.wav
**skip** data/envCorp/MacaulayLibrary/63468521.m4a
**skip** data/envCorp/MacaulayLibrary/63476.wav
**skip** data/envCorp/MacaulayLibrary/63482.wav
**skip** data/envCorp/MacaulayLibrary/63484.wav
**skip** data/envCorp/MacaulayLibrary/63494531.wav
**skip** data/envCorp/MacaulayLibrary/63498971.wav
**skip** data/envCorp/MacaulayLibrary/63502641.wav
**skip** data/envCorp/MacaulayLibrary/63503151.wav
**skip** data/envCorp/MacaulayLibrary/63510.wav
**skip** data/envCorp/MacaulayLibrary/63511.wav
**skip** data/envCorp/MacaulayLibrary/63512.wav
**skip** data/envCorp/MacaulayLibrary/63542.wav
**skip** data/envCorp/MacaulayLibrary/63549.wav
**skip** data/envCorp/MacaulayLibrary/63563.wav
**skip** data/envCorp/MacaulayLibrary/63571.wav
**skip** data/envCorp/MacaulayLibrary/63589.wav
**skip** data/envCorp/MacaulayLibrary/63593.wav
**skip** data/envCorp/MacaulayLibrary/63596511.wav
**skip** data/envCorp/MacaulayLibrary/63596801.wav
**skip** data/envCorp/MacaulayLibrary/63596811.wav
Successful STM!
Elapsed time is 4.750527 seconds.
