
                            < M A T L A B (R) >
                  Copyright 1984-2023 The MathWorks, Inc.
                  R2023b (23.2.0.2365128) 64-bit (glnxa64)
                              August 23, 2023

 
To get started, type doc.
For product information, visit www.mathworks.com.
 
data/envCorp/MacaulayLibrary/246981.wav
Total loop time: 11.369 sec
data/envCorp/MacaulayLibrary/246982511.wav
Total loop time: 0.029 sec
data/envCorp/MacaulayLibrary/246985381.wav
Total loop time: 6.567 sec
data/envCorp/MacaulayLibrary/246986.wav
Total loop time: 16.171 sec
data/envCorp/MacaulayLibrary/246987.wav
Total loop time: 11.497 sec
data/envCorp/MacaulayLibrary/24699.wav
Total loop time: 22.027 sec
data/envCorp/MacaulayLibrary/246991.wav
Total loop time: 6.179 sec
data/envCorp/MacaulayLibrary/246995.wav
Total loop time: 0.823 sec
data/envCorp/MacaulayLibrary/246999.wav
Total loop time: 7.919 sec
data/envCorp/MacaulayLibrary/247000.wav
Total loop time: 9.444 sec
data/envCorp/MacaulayLibrary/247006.wav
Total loop time: 2.405 sec
data/envCorp/MacaulayLibrary/247020.wav
Total loop time: 0.827 sec
data/envCorp/MacaulayLibrary/247033.wav
Total loop time: 0.817 sec
data/envCorp/MacaulayLibrary/247042.wav
Total loop time: 2.408 sec
data/envCorp/MacaulayLibrary/247043091.wav
Total loop time: 19.589 sec
data/envCorp/MacaulayLibrary/247049.wav
Total loop time: 5.427 sec
data/envCorp/MacaulayLibrary/247050721.wav
Total loop time: 10.111 sec
data/envCorp/MacaulayLibrary/247056641.wav
Total loop time: 11.010 sec
data/envCorp/MacaulayLibrary/247058631.wav
Total loop time: 1.580 sec
data/envCorp/MacaulayLibrary/247060.wav
Total loop time: 22.964 sec
data/envCorp/MacaulayLibrary/247064461.wav
Total loop time: 4.590 sec
data/envCorp/MacaulayLibrary/247074.wav
Total loop time: 12.278 sec
data/envCorp/MacaulayLibrary/247075841.wav
Total loop time: 3.813 sec
data/envCorp/MacaulayLibrary/247076201.wav
Total loop time: 0.803 sec
data/envCorp/MacaulayLibrary/247077.wav
Total loop time: 5.329 sec
data/envCorp/MacaulayLibrary/247081.wav
Total loop time: 1.556 sec
data/envCorp/MacaulayLibrary/247083491.wav
Total loop time: 10.135 sec
data/envCorp/MacaulayLibrary/247083671.wav
Total loop time: 3.165 sec
data/envCorp/MacaulayLibrary/247086.wav
Total loop time: 3.913 sec
data/envCorp/MacaulayLibrary/247087.wav
Total loop time: 4.577 sec
data/envCorp/MacaulayLibrary/247088.wav
Total loop time: 10.788 sec
data/envCorp/MacaulayLibrary/247093551.wav
Total loop time: 18.020 sec
data/envCorp/MacaulayLibrary/247098.wav
Total loop time: 2.394 sec
data/envCorp/MacaulayLibrary/247100.wav
Total loop time: 12.313 sec
data/envCorp/MacaulayLibrary/247112.wav
Total loop time: 16.027 sec
data/envCorp/MacaulayLibrary/247124.wav
Total loop time: 3.104 sec
data/envCorp/MacaulayLibrary/247142.wav
Total loop time: 19.226 sec
data/envCorp/MacaulayLibrary/247160.wav
Total loop time: 2.324 sec
data/envCorp/MacaulayLibrary/247170721.wav
Total loop time: 6.204 sec
data/envCorp/MacaulayLibrary/247188571.mp3

(MATLAB:1447018): GStreamer-CRITICAL **: 10:12:10.579: gst_mini_object_unref: assertion 'mini_object != NULL' failed
Total loop time: 2.423 sec
data/envCorp/MacaulayLibrary/247191461.wav
Total loop time: 6.215 sec
data/envCorp/MacaulayLibrary/247195.wav
Total loop time: 3.176 sec
data/envCorp/MacaulayLibrary/247197.wav
Total loop time: 6.241 sec
data/envCorp/MacaulayLibrary/247204.wav
Total loop time: 0.802 sec
data/envCorp/MacaulayLibrary/247206.wav
Total loop time: 1.597 sec
data/envCorp/MacaulayLibrary/247210341.wav
Total loop time: 0.819 sec
data/envCorp/MacaulayLibrary/247228131.m4a

(MATLAB:1447018): GStreamer-CRITICAL **: 10:12:31.324: gst_mini_object_unref: assertion 'mini_object != NULL' failed

(MATLAB:1447018): GStreamer-CRITICAL **: 10:12:32.162: gst_mini_object_unref: assertion 'mini_object != NULL' failed

(MATLAB:1447018): GStreamer-CRITICAL **: 10:12:32.981: gst_mini_object_unref: assertion 'mini_object != NULL' failed
Total loop time: 2.582 sec
data/envCorp/MacaulayLibrary/247231.wav
Total loop time: 4.722 sec
data/envCorp/MacaulayLibrary/247271501.wav
Total loop time: 7.105 sec
data/envCorp/MacaulayLibrary/247304.wav
Total loop time: 1.612 sec
data/envCorp/MacaulayLibrary/247306.wav
Total loop time: 13.389 sec
data/envCorp/MacaulayLibrary/247308421.wav
Total loop time: 23.632 sec
data/envCorp/MacaulayLibrary/247312.wav
Total loop time: 6.324 sec
data/envCorp/MacaulayLibrary/247324.wav
Total loop time: 5.517 sec
data/envCorp/MacaulayLibrary/247327651.mp3

(MATLAB:1447018): GStreamer-CRITICAL **: 10:13:36.392: gst_mini_object_unref: assertion 'mini_object != NULL' failed

(MATLAB:1447018): GStreamer-CRITICAL **: 10:13:37.410: gst_mini_object_unref: assertion 'mini_object != NULL' failed

(MATLAB:1447018): GStreamer-CRITICAL **: 10:13:38.443: gst_mini_object_unref: assertion 'mini_object != NULL' failed

(MATLAB:1447018): GStreamer-CRITICAL **: 10:13:39.467: gst_mini_object_unref: assertion 'mini_object != NULL' failed

(MATLAB:1447018): GStreamer-CRITICAL **: 10:13:40.489: gst_mini_object_unref: assertion 'mini_object != NULL' failed

(MATLAB:1447018): GStreamer-CRITICAL **: 10:13:41.509: gst_mini_object_unref: assertion 'mini_object != NULL' failed

(MATLAB:1447018): GStreamer-CRITICAL **: 10:13:42.517: gst_mini_object_unref: assertion 'mini_object != NULL' failed

(MATLAB:1447018): GStreamer-CRITICAL **: 10:13:43.533: gst_mini_object_unref: assertion 'mini_object != NULL' failed

(MATLAB:1447018): GStreamer-CRITICAL **: 10:13:44.554: gst_mini_object_unref: assertion 'mini_object != NULL' failed

(MATLAB:1447018): GStreamer-CRITICAL **: 10:13:45.551: gst_mini_object_unref: assertion 'mini_object != NULL' failed

(MATLAB:1447018): GStreamer-CRITICAL **: 10:13:46.542: gst_mini_object_unref: assertion 'mini_object != NULL' failed

(MATLAB:1447018): GStreamer-CRITICAL **: 10:13:47.537: gst_mini_object_unref: assertion 'mini_object != NULL' failed

(MATLAB:1447018): GStreamer-CRITICAL **: 10:13:48.519: gst_mini_object_unref: assertion 'mini_object != NULL' failed
Total loop time: 13.202 sec
data/envCorp/MacaulayLibrary/247329621.wav
Total loop time: 3.348 sec
data/envCorp/MacaulayLibrary/247330371.wav
Total loop time: 0.832 sec
data/envCorp/MacaulayLibrary/247330531.wav
Total loop time: 0.815 sec
data/envCorp/MacaulayLibrary/247345.wav
Total loop time: 8.700 sec
data/envCorp/MacaulayLibrary/247354.wav
Total loop time: 15.345 sec
data/envCorp/MacaulayLibrary/247386.wav
Total loop time: 23.549 sec
data/envCorp/MacaulayLibrary/247388.wav
Total loop time: 3.155 sec
data/envCorp/MacaulayLibrary/247390.wav
Total loop time: 0.817 sec
data/envCorp/MacaulayLibrary/247400.wav
Total loop time: 0.804 sec
data/envCorp/MacaulayLibrary/247407121.wav
Total loop time: 8.465 sec
data/envCorp/MacaulayLibrary/247429.wav
Total loop time: 23.495 sec
data/envCorp/MacaulayLibrary/247433.wav
Total loop time: 5.499 sec
data/envCorp/MacaulayLibrary/24744.wav
Total loop time: 11.100 sec
data/envCorp/MacaulayLibrary/247444.wav
Total loop time: 0.860 sec
data/envCorp/MacaulayLibrary/247448.wav
Total loop time: 1.621 sec
data/envCorp/MacaulayLibrary/24745.wav
Total loop time: 13.457 sec
data/envCorp/MacaulayLibrary/247450.wav
Total loop time: 23.550 sec
data/envCorp/MacaulayLibrary/247454.wav
Total loop time: 3.172 sec
data/envCorp/MacaulayLibrary/247458.wav
Total loop time: 23.292 sec
data/envCorp/MacaulayLibrary/247469.wav
Total loop time: 8.662 sec
data/envCorp/MacaulayLibrary/247506801.wav
Total loop time: 1.634 sec
data/envCorp/MacaulayLibrary/247540261.m4a
Total loop time: 0.852 sec
data/envCorp/MacaulayLibrary/247555.wav
Total loop time: 17.622 sec
data/envCorp/MacaulayLibrary/247556.wav
Total loop time: 10.328 sec
data/envCorp/MacaulayLibrary/247570.wav
Total loop time: 0.825 sec
data/envCorp/MacaulayLibrary/247586161.mp3

(MATLAB:1447018): GStreamer-CRITICAL **: 10:17:21.491: gst_mini_object_unref: assertion 'mini_object != NULL' failed

(MATLAB:1447018): GStreamer-CRITICAL **: 10:17:22.541: gst_mini_object_unref: assertion 'mini_object != NULL' failed

(MATLAB:1447018): GStreamer-CRITICAL **: 10:17:23.582: gst_mini_object_unref: assertion 'mini_object != NULL' failed

(MATLAB:1447018): GStreamer-CRITICAL **: 10:17:24.639: gst_mini_object_unref: assertion 'mini_object != NULL' failed

(MATLAB:1447018): GStreamer-CRITICAL **: 10:17:25.696: gst_mini_object_unref: assertion 'mini_object != NULL' failed

(MATLAB:1447018): GStreamer-CRITICAL **: 10:17:26.726: gst_mini_object_unref: assertion 'mini_object != NULL' failed

(MATLAB:1447018): GStreamer-CRITICAL **: 10:17:27.782: gst_mini_object_unref: assertion 'mini_object != NULL' failed

(MATLAB:1447018): GStreamer-CRITICAL **: 10:17:28.835: gst_mini_object_unref: assertion 'mini_object != NULL' failed

(MATLAB:1447018): GStreamer-CRITICAL **: 10:17:29.867: gst_mini_object_unref: assertion 'mini_object != NULL' failed

(MATLAB:1447018): GStreamer-CRITICAL **: 10:17:30.902: gst_mini_object_unref: assertion 'mini_object != NULL' failed

(MATLAB:1447018): GStreamer-CRITICAL **: 10:17:31.939: gst_mini_object_unref: assertion 'mini_object != NULL' failed

(MATLAB:1447018): GStreamer-CRITICAL **: 10:17:32.944: gst_mini_object_unref: assertion 'mini_object != NULL' failed

(MATLAB:1447018): GStreamer-CRITICAL **: 10:17:33.953: gst_mini_object_unref: assertion 'mini_object != NULL' failed

(MATLAB:1447018): GStreamer-CRITICAL **: 10:17:34.975: gst_mini_object_unref: assertion 'mini_object != NULL' failed

(MATLAB:1447018): GStreamer-CRITICAL **: 10:17:35.955: gst_mini_object_unref: assertion 'mini_object != NULL' failed

(MATLAB:1447018): GStreamer-CRITICAL **: 10:17:36.933: gst_mini_object_unref: assertion 'mini_object != NULL' failed

(MATLAB:1447018): GStreamer-CRITICAL **: 10:17:37.949: gst_mini_object_unref: assertion 'mini_object != NULL' failed

(MATLAB:1447018): GStreamer-CRITICAL **: 10:17:38.982: gst_mini_object_unref: assertion 'mini_object != NULL' failed

(MATLAB:1447018): GStreamer-CRITICAL **: 10:17:39.948: gst_mini_object_unref: assertion 'mini_object != NULL' failed

(MATLAB:1447018): GStreamer-CRITICAL **: 10:17:40.925: gst_mini_object_unref: assertion 'mini_object != NULL' failed

(MATLAB:1447018): GStreamer-CRITICAL **: 10:17:41.896: gst_mini_object_unref: assertion 'mini_object != NULL' failed
Total loop time: 21.554 sec
data/envCorp/MacaulayLibrary/247602571.mp3

(MATLAB:1447018): GStreamer-CRITICAL **: 10:17:43.011: gst_mini_object_unref: assertion 'mini_object != NULL' failed

(MATLAB:1447018): GStreamer-CRITICAL **: 10:17:44.022: gst_mini_object_unref: assertion 'mini_object != NULL' failed

(MATLAB:1447018): GStreamer-CRITICAL **: 10:17:45.017: gst_mini_object_unref: assertion 'mini_object != NULL' failed

(MATLAB:1447018): GStreamer-CRITICAL **: 10:17:46.025: gst_mini_object_unref: assertion 'mini_object != NULL' failed

(MATLAB:1447018): GStreamer-CRITICAL **: 10:17:47.032: gst_mini_object_unref: assertion 'mini_object != NULL' failed

(MATLAB:1447018): GStreamer-CRITICAL **: 10:17:48.032: gst_mini_object_unref: assertion 'mini_object != NULL' failed

(MATLAB:1447018): GStreamer-CRITICAL **: 10:17:49.011: gst_mini_object_unref: assertion 'mini_object != NULL' failed

(MATLAB:1447018): GStreamer-CRITICAL **: 10:17:50.000: gst_mini_object_unref: assertion 'mini_object != NULL' failed
Total loop time: 8.078 sec
data/envCorp/MacaulayLibrary/247621.wav
Total loop time: 13.298 sec
data/envCorp/MacaulayLibrary/247647921.wav
Total loop time: 23.423 sec
data/envCorp/MacaulayLibrary/247721131.mp3

(MATLAB:1447018): GStreamer-CRITICAL **: 10:18:27.788: gst_mini_object_unref: assertion 'mini_object != NULL' failed

(MATLAB:1447018): GStreamer-CRITICAL **: 10:18:28.785: gst_mini_object_unref: assertion 'mini_object != NULL' failed

(MATLAB:1447018): GStreamer-CRITICAL **: 10:18:29.773: gst_mini_object_unref: assertion 'mini_object != NULL' failed

(MATLAB:1447018): GStreamer-CRITICAL **: 10:18:30.761: gst_mini_object_unref: assertion 'mini_object != NULL' failed

(MATLAB:1447018): GStreamer-CRITICAL **: 10:18:31.731: gst_mini_object_unref: assertion 'mini_object != NULL' failed
Total loop time: 4.967 sec
data/envCorp/MacaulayLibrary/247729.wav
Total loop time: 13.394 sec
data/envCorp/MacaulayLibrary/247733991.wav
Total loop time: 1.806 sec
data/envCorp/MacaulayLibrary/247785131.wav
Total loop time: 3.323 sec
data/envCorp/MacaulayLibrary/247803941.wav
Total loop time: 0.221 sec
data/envCorp/MacaulayLibrary/247806431.mp3

(MATLAB:1447018): GStreamer-CRITICAL **: 10:18:51.553: gst_mini_object_unref: assertion 'mini_object != NULL' failed

(MATLAB:1447018): GStreamer-CRITICAL **: 10:18:52.581: gst_mini_object_unref: assertion 'mini_object != NULL' failed

(MATLAB:1447018): GStreamer-CRITICAL **: 10:18:53.595: gst_mini_object_unref: assertion 'mini_object != NULL' failed

(MATLAB:1447018): GStreamer-CRITICAL **: 10:18:54.622: gst_mini_object_unref: assertion 'mini_object != NULL' failed

(MATLAB:1447018): GStreamer-CRITICAL **: 10:18:55.657: gst_mini_object_unref: assertion 'mini_object != NULL' failed

(MATLAB:1447018): GStreamer-CRITICAL **: 10:18:56.666: gst_mini_object_unref: assertion 'mini_object != NULL' failed

(MATLAB:1447018): GStreamer-CRITICAL **: 10:18:57.698: gst_mini_object_unref: assertion 'mini_object != NULL' failed

(MATLAB:1447018): GStreamer-CRITICAL **: 10:18:58.726: gst_mini_object_unref: assertion 'mini_object != NULL' failed

(MATLAB:1447018): GStreamer-CRITICAL **: 10:18:59.699: gst_mini_object_unref: assertion 'mini_object != NULL' failed

(MATLAB:1447018): GStreamer-CRITICAL **: 10:19:00.642: gst_mini_object_unref: assertion 'mini_object != NULL' failed
Total loop time: 11.195 sec
data/envCorp/MacaulayLibrary/247856941.mp3

(MATLAB:1447018): GStreamer-CRITICAL **: 10:19:02.642: gst_mini_object_unref: assertion 'mini_object != NULL' failed

(MATLAB:1447018): GStreamer-CRITICAL **: 10:19:04.528: gst_mini_object_unref: assertion 'mini_object != NULL' failed

(MATLAB:1447018): GStreamer-CRITICAL **: 10:19:05.429: gst_mini_object_unref: assertion 'mini_object != NULL' failed
Total loop time: 3.729 sec
data/envCorp/MacaulayLibrary/24787.wav
Total loop time: 21.760 sec
data/envCorp/MacaulayLibrary/247871.wav
Total loop time: 21.052 sec
data/envCorp/MacaulayLibrary/247887861.wav
Total loop time: 0.784 sec
data/envCorp/MacaulayLibrary/247888.wav
Total loop time: 10.697 sec
data/envCorp/MacaulayLibrary/247954.wav
Total loop time: 1.483 sec
data/envCorp/MacaulayLibrary/247961321.mp3

(MATLAB:1447018): GStreamer-CRITICAL **: 10:20:02.230: gst_mini_object_unref: assertion 'mini_object != NULL' failed

(MATLAB:1447018): GStreamer-CRITICAL **: 10:20:03.168: gst_mini_object_unref: assertion 'mini_object != NULL' failed

(MATLAB:1447018): GStreamer-CRITICAL **: 10:20:04.119: gst_mini_object_unref: assertion 'mini_object != NULL' failed

(MATLAB:1447018): GStreamer-CRITICAL **: 10:20:05.044: gst_mini_object_unref: assertion 'mini_object != NULL' failed

(MATLAB:1447018): GStreamer-CRITICAL **: 10:20:05.977: gst_mini_object_unref: assertion 'mini_object != NULL' failed

(MATLAB:1447018): GStreamer-CRITICAL **: 10:20:06.888: gst_mini_object_unref: assertion 'mini_object != NULL' failed

(MATLAB:1447018): GStreamer-CRITICAL **: 10:20:07.803: gst_mini_object_unref: assertion 'mini_object != NULL' failed

(MATLAB:1447018): GStreamer-CRITICAL **: 10:20:08.720: gst_mini_object_unref: assertion 'mini_object != NULL' failed

(MATLAB:1447018): GStreamer-CRITICAL **: 10:20:09.622: gst_mini_object_unref: assertion 'mini_object != NULL' failed
Total loop time: 8.473 sec
data/envCorp/MacaulayLibrary/247963.wav
Total loop time: 3.703 sec
data/envCorp/MacaulayLibrary/247976671.wav
Total loop time: 15.065 sec
data/envCorp/MacaulayLibrary/247983971.wav
Total loop time: 6.735 sec
Successful STM!
Elapsed time is 820.648556 seconds.
