
                            < M A T L A B (R) >
                  Copyright 1984-2023 The MathWorks, Inc.
                  R2023b (23.2.0.2365128) 64-bit (glnxa64)
                              August 23, 2023

[Warning: Unable to load Toolbox Path Cache
/home/ac8888/.matlab/R2023b/toolbox_cache-23.2.0-3137108227-glnxa64.xml. The
cache file is not in the correct format. It will be regenerated upon quitting
MATLAB.] 
 
To get started, type doc.
For product information, visit www.mathworks.com.
 
**skip** data/envCorp/MacaulayLibrary/94479.wav
data/envCorp/MacaulayLibrary/94509901.mp3

(MATLAB:1615482): GStreamer-CRITICAL **: 11:58:41.786: gst_mini_object_unref: assertion 'mini_object != NULL' failed
Total loop time: 2.351 sec
**skip** data/envCorp/MacaulayLibrary/94535.wav
**skip** data/envCorp/MacaulayLibrary/94564721.wav
**skip** data/envCorp/MacaulayLibrary/94606.wav
**skip** data/envCorp/MacaulayLibrary/94607.wav
**skip** data/envCorp/MacaulayLibrary/94627.wav
**skip** data/envCorp/MacaulayLibrary/94631.wav
**skip** data/envCorp/MacaulayLibrary/94633.wav
**skip** data/envCorp/MacaulayLibrary/94636.wav
**skip** data/envCorp/MacaulayLibrary/94640.wav
**skip** data/envCorp/MacaulayLibrary/94644.wav
**skip** data/envCorp/MacaulayLibrary/94648.wav
**skip** data/envCorp/MacaulayLibrary/94650.wav
**skip** data/envCorp/MacaulayLibrary/94660.wav
**skip** data/envCorp/MacaulayLibrary/94668.wav
**skip** data/envCorp/MacaulayLibrary/94684.wav
**skip** data/envCorp/MacaulayLibrary/94710.wav
**skip** data/envCorp/MacaulayLibrary/94712.wav
**skip** data/envCorp/MacaulayLibrary/94713.wav
**skip** data/envCorp/MacaulayLibrary/94727341.mp3
**skip** data/envCorp/MacaulayLibrary/94829.wav
**skip** data/envCorp/MacaulayLibrary/94834.wav
**skip** data/envCorp/MacaulayLibrary/94886.wav
**skip** data/envCorp/MacaulayLibrary/94888.wav
**skip** data/envCorp/MacaulayLibrary/94980.wav
**skip** data/envCorp/MacaulayLibrary/94983.wav
**skip** data/envCorp/MacaulayLibrary/94993.wav
**skip** data/envCorp/MacaulayLibrary/94994.wav
**skip** data/envCorp/MacaulayLibrary/95061.wav
**skip** data/envCorp/MacaulayLibrary/95062.wav
**skip** data/envCorp/MacaulayLibrary/95107.wav
**skip** data/envCorp/MacaulayLibrary/95111431.wav
**skip** data/envCorp/MacaulayLibrary/95116321.mp3
**skip** data/envCorp/MacaulayLibrary/95125.wav
**skip** data/envCorp/MacaulayLibrary/95130.wav
**skip** data/envCorp/MacaulayLibrary/95133151.wav
**skip** data/envCorp/MacaulayLibrary/95141101.wav
**skip** data/envCorp/MacaulayLibrary/95142351.wav
**skip** data/envCorp/MacaulayLibrary/95148.wav
**skip** data/envCorp/MacaulayLibrary/95148061.mp3
**skip** data/envCorp/MacaulayLibrary/95149.wav
**skip** data/envCorp/MacaulayLibrary/95167.wav
**skip** data/envCorp/MacaulayLibrary/95180.wav
**skip** data/envCorp/MacaulayLibrary/95182.wav
**skip** data/envCorp/MacaulayLibrary/95183.wav
**skip** data/envCorp/MacaulayLibrary/95200761.wav
**skip** data/envCorp/MacaulayLibrary/95204.wav
**skip** data/envCorp/MacaulayLibrary/95205.wav
**skip** data/envCorp/MacaulayLibrary/95207.wav
**skip** data/envCorp/MacaulayLibrary/95208.wav
**skip** data/envCorp/MacaulayLibrary/95209.wav
**skip** data/envCorp/MacaulayLibrary/95210.wav
**skip** data/envCorp/MacaulayLibrary/95211.wav
**skip** data/envCorp/MacaulayLibrary/95212.wav
**skip** data/envCorp/MacaulayLibrary/95216.wav
**skip** data/envCorp/MacaulayLibrary/95217.wav
**skip** data/envCorp/MacaulayLibrary/95219.wav
**skip** data/envCorp/MacaulayLibrary/95220.wav
**skip** data/envCorp/MacaulayLibrary/95224.wav
**skip** data/envCorp/MacaulayLibrary/95232.wav
**skip** data/envCorp/MacaulayLibrary/95261.wav
**skip** data/envCorp/MacaulayLibrary/95269.wav
**skip** data/envCorp/MacaulayLibrary/95283.wav
**skip** data/envCorp/MacaulayLibrary/95290.wav
**skip** data/envCorp/MacaulayLibrary/95294.wav
**skip** data/envCorp/MacaulayLibrary/95295.wav
**skip** data/envCorp/MacaulayLibrary/95312781.wav
**skip** data/envCorp/MacaulayLibrary/95314.wav
**skip** data/envCorp/MacaulayLibrary/95336.wav
**skip** data/envCorp/MacaulayLibrary/95341501.wav
**skip** data/envCorp/MacaulayLibrary/95349611.wav
**skip** data/envCorp/MacaulayLibrary/95355.wav
**skip** data/envCorp/MacaulayLibrary/95361.wav
**skip** data/envCorp/MacaulayLibrary/95364.wav
**skip** data/envCorp/MacaulayLibrary/95388.wav
**skip** data/envCorp/MacaulayLibrary/95408.wav
**skip** data/envCorp/MacaulayLibrary/95413.wav
**skip** data/envCorp/MacaulayLibrary/95415.wav
**skip** data/envCorp/MacaulayLibrary/95420.wav
**skip** data/envCorp/MacaulayLibrary/95421.wav
**skip** data/envCorp/MacaulayLibrary/95423.wav
**skip** data/envCorp/MacaulayLibrary/95439.wav
**skip** data/envCorp/MacaulayLibrary/95442021.wav
**skip** data/envCorp/MacaulayLibrary/95455.wav
**skip** data/envCorp/MacaulayLibrary/95462181.mp3
**skip** data/envCorp/MacaulayLibrary/95476.wav
**skip** data/envCorp/MacaulayLibrary/95489.wav
**skip** data/envCorp/MacaulayLibrary/95501.wav
**skip** data/envCorp/MacaulayLibrary/95570.wav
**skip** data/envCorp/MacaulayLibrary/95571.wav
**skip** data/envCorp/MacaulayLibrary/95586.wav
**skip** data/envCorp/MacaulayLibrary/95630431.mp3
**skip** data/envCorp/MacaulayLibrary/95690.wav
**skip** data/envCorp/MacaulayLibrary/95699.wav
**skip** data/envCorp/MacaulayLibrary/95701.wav
**skip** data/envCorp/MacaulayLibrary/95712.wav
**skip** data/envCorp/MacaulayLibrary/95724.wav
**skip** data/envCorp/MacaulayLibrary/95729.wav
**skip** data/envCorp/MacaulayLibrary/95730.wav
Successful STM!
Elapsed time is 7.110594 seconds.
