
                            < M A T L A B (R) >
                  Copyright 1984-2023 The MathWorks, Inc.
                  R2023b (23.2.0.2365128) 64-bit (glnxa64)
                              August 23, 2023

 
To get started, type doc.
For product information, visit www.mathworks.com.
 
**skip** data/envCorp/MacaulayLibrary/246208.wav
**skip** data/envCorp/MacaulayLibrary/246225.wav
**skip** data/envCorp/MacaulayLibrary/246246.wav
**skip** data/envCorp/MacaulayLibrary/24627951.wav
**skip** data/envCorp/MacaulayLibrary/246286.wav
**skip** data/envCorp/MacaulayLibrary/246292111.wav
**skip** data/envCorp/MacaulayLibrary/246295171.wav
**skip** data/envCorp/MacaulayLibrary/246298881.wav
**skip** data/envCorp/MacaulayLibrary/246304.wav
**skip** data/envCorp/MacaulayLibrary/246316521.wav
**skip** data/envCorp/MacaulayLibrary/246316901.wav
**skip** data/envCorp/MacaulayLibrary/246319081.mp3
**skip** data/envCorp/MacaulayLibrary/24632.wav
**skip** data/envCorp/MacaulayLibrary/246332.wav
**skip** data/envCorp/MacaulayLibrary/246338631.wav
**skip** data/envCorp/MacaulayLibrary/246347.wav
**skip** data/envCorp/MacaulayLibrary/246347561.wav
**skip** data/envCorp/MacaulayLibrary/246348091.wav
**skip** data/envCorp/MacaulayLibrary/246349231.wav
**skip** data/envCorp/MacaulayLibrary/246349931.wav
**skip** data/envCorp/MacaulayLibrary/246350021.wav
**skip** data/envCorp/MacaulayLibrary/246350051.wav
**skip** data/envCorp/MacaulayLibrary/246350831.wav
**skip** data/envCorp/MacaulayLibrary/246354391.wav
**skip** data/envCorp/MacaulayLibrary/246358891.wav
**skip** data/envCorp/MacaulayLibrary/246358911.wav
**skip** data/envCorp/MacaulayLibrary/246358931.wav
**skip** data/envCorp/MacaulayLibrary/246380751.wav
**skip** data/envCorp/MacaulayLibrary/246381.wav
**skip** data/envCorp/MacaulayLibrary/246383921.m4a
**skip** data/envCorp/MacaulayLibrary/246384.wav
**skip** data/envCorp/MacaulayLibrary/246408841.wav
**skip** data/envCorp/MacaulayLibrary/246433.wav
**skip** data/envCorp/MacaulayLibrary/246436.wav
**skip** data/envCorp/MacaulayLibrary/246436361.wav
**skip** data/envCorp/MacaulayLibrary/246444.wav
**skip** data/envCorp/MacaulayLibrary/246447311.wav
**skip** data/envCorp/MacaulayLibrary/246450871.wav
**skip** data/envCorp/MacaulayLibrary/246453.wav
**skip** data/envCorp/MacaulayLibrary/246461971.m4a
**skip** data/envCorp/MacaulayLibrary/246466751.m4a
**skip** data/envCorp/MacaulayLibrary/246466871.m4a
**skip** data/envCorp/MacaulayLibrary/24648.wav
**skip** data/envCorp/MacaulayLibrary/246484981.wav
**skip** data/envCorp/MacaulayLibrary/246520481.wav
**skip** data/envCorp/MacaulayLibrary/246525091.m4a
**skip** data/envCorp/MacaulayLibrary/246534571.mp3
**skip** data/envCorp/MacaulayLibrary/246546.wav
**skip** data/envCorp/MacaulayLibrary/246573071.mp3
**skip** data/envCorp/MacaulayLibrary/246577321.mp3
**skip** data/envCorp/MacaulayLibrary/246581981.mp3
**skip** data/envCorp/MacaulayLibrary/246585911.wav
**skip** data/envCorp/MacaulayLibrary/246591941.mp3
**skip** data/envCorp/MacaulayLibrary/246596181.wav
**skip** data/envCorp/MacaulayLibrary/246597951.wav
**skip** data/envCorp/MacaulayLibrary/246599761.wav
**skip** data/envCorp/MacaulayLibrary/246608681.wav
**skip** data/envCorp/MacaulayLibrary/246608741.wav
**skip** data/envCorp/MacaulayLibrary/246610.wav
**skip** data/envCorp/MacaulayLibrary/246610921.wav
**skip** data/envCorp/MacaulayLibrary/246612921.wav
**skip** data/envCorp/MacaulayLibrary/246613021.mp3
**skip** data/envCorp/MacaulayLibrary/246613641.m4a
**skip** data/envCorp/MacaulayLibrary/246615661.m4a
**skip** data/envCorp/MacaulayLibrary/246615671.m4a
**skip** data/envCorp/MacaulayLibrary/246615681.m4a
**skip** data/envCorp/MacaulayLibrary/246635.wav
**skip** data/envCorp/MacaulayLibrary/246648391.wav
**skip** data/envCorp/MacaulayLibrary/246654.wav
**skip** data/envCorp/MacaulayLibrary/246656441.wav
**skip** data/envCorp/MacaulayLibrary/246687.wav
**skip** data/envCorp/MacaulayLibrary/246703.wav
**skip** data/envCorp/MacaulayLibrary/246706001.wav
**skip** data/envCorp/MacaulayLibrary/246736761.mp3
**skip** data/envCorp/MacaulayLibrary/24674.wav
**skip** data/envCorp/MacaulayLibrary/246756371.wav
**skip** data/envCorp/MacaulayLibrary/246763.wav
**skip** data/envCorp/MacaulayLibrary/246772.wav
**skip** data/envCorp/MacaulayLibrary/246774.wav
**skip** data/envCorp/MacaulayLibrary/246778251.wav
**skip** data/envCorp/MacaulayLibrary/24678.wav
**skip** data/envCorp/MacaulayLibrary/246786.wav
**skip** data/envCorp/MacaulayLibrary/24679.wav
**skip** data/envCorp/MacaulayLibrary/246796.wav
**skip** data/envCorp/MacaulayLibrary/246797061.wav
**skip** data/envCorp/MacaulayLibrary/24682.wav
**skip** data/envCorp/MacaulayLibrary/246828301.wav
**skip** data/envCorp/MacaulayLibrary/246868.wav
**skip** data/envCorp/MacaulayLibrary/24689.wav
**skip** data/envCorp/MacaulayLibrary/246900711.wav
**skip** data/envCorp/MacaulayLibrary/246905421.mp3
**skip** data/envCorp/MacaulayLibrary/246917601.wav
**skip** data/envCorp/MacaulayLibrary/24692.wav
**skip** data/envCorp/MacaulayLibrary/24693.wav
**skip** data/envCorp/MacaulayLibrary/246931.wav
**skip** data/envCorp/MacaulayLibrary/246940.wav
**skip** data/envCorp/MacaulayLibrary/246945.wav
**skip** data/envCorp/MacaulayLibrary/246964.wav
**skip** data/envCorp/MacaulayLibrary/246974.wav
**skip** data/envCorp/MacaulayLibrary/246979641.wav
Successful STM!
Elapsed time is 5.175346 seconds.
