
                            < M A T L A B (R) >
                  Copyright 1984-2023 The MathWorks, Inc.
                  R2023b (23.2.0.2365128) 64-bit (glnxa64)
                              August 23, 2023

 
To get started, type doc.
For product information, visit www.mathworks.com.
 
**skip** data/envCorp/MacaulayLibrary/397977321.mp3
**skip** data/envCorp/MacaulayLibrary/397977331.mp3
**skip** data/envCorp/MacaulayLibrary/397977401.mp3
**skip** data/envCorp/MacaulayLibrary/397977421.mp3
**skip** data/envCorp/MacaulayLibrary/397977471.mp3
**skip** data/envCorp/MacaulayLibrary/397977481.mp3
**skip** data/envCorp/MacaulayLibrary/397977501.mp3
**skip** data/envCorp/MacaulayLibrary/397977851.mp3
**skip** data/envCorp/MacaulayLibrary/397978261.mp3
**skip** data/envCorp/MacaulayLibrary/397978381.mp3
**skip** data/envCorp/MacaulayLibrary/397979021.mp3
**skip** data/envCorp/MacaulayLibrary/397985941.wav
**skip** data/envCorp/MacaulayLibrary/397987851.mp3
**skip** data/envCorp/MacaulayLibrary/397987861.mp3
**skip** data/envCorp/MacaulayLibrary/397988151.mp3
**skip** data/envCorp/MacaulayLibrary/397988161.mp3
**skip** data/envCorp/MacaulayLibrary/397988251.mp3
**skip** data/envCorp/MacaulayLibrary/397988261.mp3
**skip** data/envCorp/MacaulayLibrary/397988331.mp3
**skip** data/envCorp/MacaulayLibrary/398001271.wav
**skip** data/envCorp/MacaulayLibrary/398001741.wav
**skip** data/envCorp/MacaulayLibrary/398102421.wav
**skip** data/envCorp/MacaulayLibrary/398135141.wav
**skip** data/envCorp/MacaulayLibrary/398165901.mp3
**skip** data/envCorp/MacaulayLibrary/39826.wav
**skip** data/envCorp/MacaulayLibrary/398275721.mp3
**skip** data/envCorp/MacaulayLibrary/39828.wav
**skip** data/envCorp/MacaulayLibrary/398287141.mp3
**skip** data/envCorp/MacaulayLibrary/398290161.mp3
**skip** data/envCorp/MacaulayLibrary/398294581.mp3
**skip** data/envCorp/MacaulayLibrary/398299811.mp3
**skip** data/envCorp/MacaulayLibrary/398299821.mp3
**skip** data/envCorp/MacaulayLibrary/398342121.mp3
**skip** data/envCorp/MacaulayLibrary/398440901.mp3
**skip** data/envCorp/MacaulayLibrary/398491981.wav
**skip** data/envCorp/MacaulayLibrary/398499131.wav
**skip** data/envCorp/MacaulayLibrary/398502371.wav
**skip** data/envCorp/MacaulayLibrary/398510201.m4a
**skip** data/envCorp/MacaulayLibrary/398519931.m4a
**skip** data/envCorp/MacaulayLibrary/398532151.mp3
**skip** data/envCorp/MacaulayLibrary/398532351.wav
**skip** data/envCorp/MacaulayLibrary/398555981.m4a
**skip** data/envCorp/MacaulayLibrary/398565231.wav
**skip** data/envCorp/MacaulayLibrary/398565271.wav
**skip** data/envCorp/MacaulayLibrary/398574881.wav
**skip** data/envCorp/MacaulayLibrary/398579851.wav
**skip** data/envCorp/MacaulayLibrary/398708201.wav
**skip** data/envCorp/MacaulayLibrary/398733561.wav
**skip** data/envCorp/MacaulayLibrary/398734311.wav
**skip** data/envCorp/MacaulayLibrary/3988.wav
**skip** data/envCorp/MacaulayLibrary/398842321.wav
**skip** data/envCorp/MacaulayLibrary/398911781.mp3
**skip** data/envCorp/MacaulayLibrary/398938181.wav
**skip** data/envCorp/MacaulayLibrary/398938191.wav
**skip** data/envCorp/MacaulayLibrary/398940871.wav
**skip** data/envCorp/MacaulayLibrary/398984261.mp3
**skip** data/envCorp/MacaulayLibrary/398992571.mp3
**skip** data/envCorp/MacaulayLibrary/398992601.mp3
**skip** data/envCorp/MacaulayLibrary/398992611.mp3
**skip** data/envCorp/MacaulayLibrary/398992841.mp3
**skip** data/envCorp/MacaulayLibrary/398992851.mp3
**skip** data/envCorp/MacaulayLibrary/398995951.mp3
**skip** data/envCorp/MacaulayLibrary/399012661.m4a
**skip** data/envCorp/MacaulayLibrary/399024291.mp3
**skip** data/envCorp/MacaulayLibrary/39905821.wav
**skip** data/envCorp/MacaulayLibrary/39906961.wav
**skip** data/envCorp/MacaulayLibrary/399138711.mp3
**skip** data/envCorp/MacaulayLibrary/399241991.wav
**skip** data/envCorp/MacaulayLibrary/399304841.wav
**skip** data/envCorp/MacaulayLibrary/399305171.mp3
**skip** data/envCorp/MacaulayLibrary/399305431.mp3
**skip** data/envCorp/MacaulayLibrary/399306451.wav
**skip** data/envCorp/MacaulayLibrary/399372901.wav
**skip** data/envCorp/MacaulayLibrary/39940441.wav
**skip** data/envCorp/MacaulayLibrary/399484751.wav
**skip** data/envCorp/MacaulayLibrary/399512441.m4a
**skip** data/envCorp/MacaulayLibrary/399535011.wav
**skip** data/envCorp/MacaulayLibrary/39963831.mp3
**skip** data/envCorp/MacaulayLibrary/39963931.mp3
**skip** data/envCorp/MacaulayLibrary/399655461.mp3
**skip** data/envCorp/MacaulayLibrary/399655471.mp3
**skip** data/envCorp/MacaulayLibrary/399655731.mp3
**skip** data/envCorp/MacaulayLibrary/399655781.mp3
**skip** data/envCorp/MacaulayLibrary/399655881.mp3
**skip** data/envCorp/MacaulayLibrary/399655911.mp3
**skip** data/envCorp/MacaulayLibrary/399658581.wav
**skip** data/envCorp/MacaulayLibrary/399673661.wav
**skip** data/envCorp/MacaulayLibrary/399693611.wav
**skip** data/envCorp/MacaulayLibrary/399694171.wav
**skip** data/envCorp/MacaulayLibrary/399817341.wav
**skip** data/envCorp/MacaulayLibrary/399817411.wav
**skip** data/envCorp/MacaulayLibrary/400000621.wav
**skip** data/envCorp/MacaulayLibrary/400016571.mp3
**skip** data/envCorp/MacaulayLibrary/400029261.wav
**skip** data/envCorp/MacaulayLibrary/400115271.m4a
**skip** data/envCorp/MacaulayLibrary/400177231.wav
**skip** data/envCorp/MacaulayLibrary/400308601.wav
**skip** data/envCorp/MacaulayLibrary/400352101.m4a
**skip** data/envCorp/MacaulayLibrary/400354111.wav
**skip** data/envCorp/MacaulayLibrary/400379251.mp3
Successful STM!
Elapsed time is 4.814291 seconds.
